0.20683000000013646 0.11868500000004831 0.027855000000003193 0.006694999999999811 0.02275500000000163 0.021925000000001377 0.020545000000000955 0.020290000000000877 0.020255000000000866 0.007929999999999762 0.0439749999999993 0.03667500000000213 0.061654999999992445 0.05844999999999369 0.06654999999999617 0.050869999999996626 0.06415999999999378 0.06262999999999225 0.04189000000000011 0.03938000000000108 
2024_0411_19:16:00 11 91.065 93.93
2024_0411_19:16:04 6 96.475 96.36
2024_0411_19:16:07 9 96.705 96.685
2024_0411_19:16:13 11 -0.625 -0.035
2024_0411_19:16:13 1 96.745 96.45
2024_0411_19:16:14 2 93.24 94.645
2024_0411_19:16:14 1 96.635 96.54
2024_0411_19:16:15 7 89.995 94.53
2024_0411_19:16:16 5 97.0 96.49
2024_0411_19:16:17 2 92.265 93.805
2024_0411_19:16:17 4 83.38 93.85
2024_0411_19:16:18 8 94.89 95.0
2024_0411_19:16:20 3 94.475 94.11
2024_0411_19:16:21 1 96.53 96.45
2024_0411_19:16:21 6 96.615 96.44
2024_0411_19:16:23 10 94.895 95.37
2024_0411_19:20:29 12 64.725 -2.89
2024_0411_19:20:31 13 70.44 61.86
2024_0411_19:20:35 13 -48.195 48.605
2024_0411_19:20:49 17 -0.51 -0.885
2024_0411_19:20:50 15 -0.19 -1.035
2024_0411_19:20:51 14 95.275 95.425
2024_0411_19:20:53 15 0.19 -1.15
2024_0411_19:20:56 16 0.22 0.94
2024_0411_19:21:00 18 -11.175 10.745
2024_0411_19:21:05 20 -0.87 -0.235
2024_0411_19:21:06 20 -1.94 -1.775
2024_0411_19:21:07 17 -0.48 -0.66
2024_0411_19:21:12 18 27.39 -24.17
2024_0411_19:22:09 19 16.24 12.445
2024_0411_19:26:39 2 95.2 93.96
2024_0411_19:26:40 12 -16.785 15.85
2024_0411_19:26:42 9 96.905 96.17
2024_0411_19:26:49 11 0.345 -0.075
2024_0411_19:26:50 1 96.415 96.665
2024_0411_19:26:50 7 95.63 95.5
2024_0411_19:26:50 6 96.66 96.25
2024_0411_19:26:50 11 -0.08 -0.49
2024_0411_19:26:51 3 94.845 94.075
2024_0411_19:26:52 8 95.2 95.16
2024_0411_19:26:54 5 96.53 96.16
2024_0411_19:26:54 11 95.235 95.115
2024_0411_19:26:54 11 49.99 -99.98
2024_0411_19:26:58 10 95.685 93.195
2024_0411_19:27:00 4 93.9 83.96
2024_0411_19:27:05 11 -0.695 -0.245
2024_0411_19:31:07 12 94.845 93.74
2024_0411_19:31:08 13 95.74 95.81
2024_0411_19:31:12 13 12.3 66.105
2024_0411_19:31:26 13 11.255 -11.59
2024_0411_19:31:27 15 3.305 37.67
2024_0411_19:31:28 16 -1.725 95.305
2024_0411_19:31:29 14 95.81 96.695
2024_0411_19:31:31 13 -44.13 46.95
2024_0411_19:31:33 19 45.945 -9.83
2024_0411_19:31:33 17 -1.225 -0.12
2024_0411_19:31:36 19 -0.905 0.225
2024_0411_19:31:38 13 95.1 90.395
2024_0411_19:31:38 18 96.15 95.82
2024_0411_19:31:43 20 97.345 96.64
2024_0411_19:31:45 20 49.99 -49.98
2024_0411_19:36:15 12 -1.22 -0.765
2024_0411_19:36:15 5 96.205 96.76
2024_0411_19:36:15 2 93.91 95.13
2024_0411_19:36:26 7 94.965 94.17
2024_0411_19:36:26 12 95.25 95.45
2024_0411_19:36:27 1 96.245 96.655
2024_0411_19:36:28 3 93.4 94.8
2024_0411_19:36:29 11 0.42 0.605
2024_0411_19:36:29 6 96.355 96.525
2024_0411_19:36:32 4 93.885 94.0
2024_0411_19:36:32 10 96.18 93.275
2024_0411_19:36:33 11 96.595 96.99
2024_0411_19:36:33 8 95.145 92.81
2024_0411_19:36:34 9 95.355 96.615
2024_0411_19:36:34 11 68.44 30.545
2024_0411_19:36:39 12 92.18 94.28
2024_0411_19:40:39 13 34.135 -1.34
2024_0411_19:40:43 12 1.115 -0.355
2024_0411_19:40:56 13 95.81 95.52
2024_0411_19:40:59 13 0.105 0.455
2024_0411_19:41:07 14 0.395 0.42
2024_0411_19:41:09 13 96.015 96.56
2024_0411_19:41:12 15 94.955 96.11
2024_0411_19:41:14 18 -72.16 72.275
2024_0411_19:41:15 16 41.75 21.485
2024_0411_19:41:17 15 93.655 94.325
2024_0411_19:41:18 16 64.59 84.57
2024_0411_19:41:18 16 -12.63 56.39
2024_0411_19:41:18 17 47.36 97.485
2024_0411_19:41:24 18 -11.435 11.225
2024_0411_19:41:30 18 -0.3 0.86
2024_0411_19:41:31 15 -45.21 46.77
2024_0411_19:45:03 18 -0.325 0.345
2024_0411_19:45:13 18 -0.04 -0.035
2024_0411_19:45:25 19 47.37 41.015
2024_0411_19:45:25 19 28.655 22.565
2024_0411_19:45:32 20 -0.735 -0.91
2024_0411_19:45:37 20 -2.455 2.595
2024_0411_19:45:40 20 -0.48 -0.365
2024_0411_19:45:41 20 12.655 -10.36
2024_0411_19:50:11 11 93.105 93.615
2024_0411_19:50:11 2 93.72 94.665
2024_0411_19:50:13 10 94.815 95.46
2024_0411_19:50:22 11 1.605 0.025
2024_0411_19:50:22 11 -0.76 0.95
2024_0411_19:50:22 5 96.43 96.52
2024_0411_19:50:27 3 94.995 94.91
2024_0411_19:50:27 7 94.27 95.425
2024_0411_19:50:27 11 -0.865 -0.395
2024_0411_19:50:28 6 96.49 96.405
2024_0411_19:50:28 8 94.9 46.155
2024_0411_19:50:28 1 96.64 96.515
2024_0411_19:50:30 9 96.755 96.76
2024_0411_19:50:31 11 94.515 94.27
2024_0411_19:50:33 11 -0.515 0.375
2024_0411_19:52:44 11 0.02 0.38
2024_0411_19:54:34 11 -49.985 -99.97
2024_0411_19:54:38 11 0.83 -0.215
2024_0411_19:54:43 12 96.135 96.335
2024_0411_19:55:03 12 93.28 90.885
2024_0411_19:55:07 12 95.745 95.06
2024_0411_19:55:07 12 -13.85 53.58
2024_0411_19:55:10 13 48.71 -48.34
2024_0411_19:55:10 13 6.77 -1.125
2024_0411_19:55:11 12 75.31 73.615
2024_0411_19:55:12 12 94.48 93.925
2024_0411_19:55:14 13 36.345 4.49
2024_0411_19:55:14 12 -0.54 0.04
2024_0411_19:55:14 13 91.48 93.29
2024_0411_19:55:15 13 95.915 92.415
2024_0411_19:55:23 13 0.13 0.805
2024_0411_19:57:31 13 30.24 32.19
2024_0411_19:58:57 13 -0.81 0.49
2024_0411_19:59:07 13 91.46 95.655
2024_0411_19:59:11 13 -0.165 -2.69
2024_0411_19:59:45 13 73.05 61.365
2024_0411_19:59:47 13 96.675 96.355
2024_0411_19:59:49 14 0.22 -1.075
2024_0411_19:59:50 14 0.425 1.43
2024_0411_19:59:51 14 -0.02 -0.655
2024_0411_19:59:53 14 -0.52 0.955
2024_0411_19:59:58 14 -12.095 11.9
2024_0411_20:00:02 14 95.655 94.83
2024_0411_20:00:03 14 93.46 89.75
2024_0411_20:00:04 14 96.24 95.8
2024_0411_20:00:08 14 85.965 94.9
2024_0411_20:00:17 14 1.85 -0.585
2024_0411_20:02:10 14 96.795 82.625
2024_0411_20:03:22 14 0.715 -0.595
2024_0411_20:03:37 14 0.325 0.105
2024_0411_20:04:33 15 -1.405 -0.185
2024_0411_20:04:33 15 -1.045 -0.36
2024_0411_20:04:33 15 43.99 21.13
2024_0411_20:04:35 15 0.85 3.135
2024_0411_20:04:37 15 91.895 93.335
2024_0411_20:04:39 15 -0.135 0.0
2024_0411_20:04:47 15 -1.125 -1.475
2024_0411_20:04:48 15 0.105 0.645
2024_0411_20:04:51 15 -0.815 0.655
2024_0411_20:04:52 15 96.245 95.085
2024_0411_20:04:52 15 96.185 96.505
2024_0411_20:05:08 15 0.33 0.78
2024_0411_20:06:57 16 0.94 1.65
2024_0411_20:07:35 16 29.955 70.985
2024_0411_20:07:52 16 94.255 93.945
2024_0411_20:08:06 16 8.25 -8.565
2024_0411_20:09:17 16 11.88 10.945
2024_0411_20:09:17 17 -0.975 0.51
2024_0411_20:09:18 17 -79.775 80.375
2024_0411_20:09:19 16 16.945 -15.64
2024_0411_20:09:24 16 -4.815 1.26
2024_0411_20:09:26 17 81.73 63.05
2024_0411_20:09:29 17 0.535 -0.35
2024_0411_20:09:31 17 49.99 49.99
2024_0411_20:09:38 17 -7.855 8.16
2024_0411_20:09:39 17 24.995 17.09
2024_0411_20:09:40 17 0.38 0.11
2024_0411_20:10:01 17 10.485 10.53
2024_0411_20:12:07 18 -10.16 35.085
2024_0411_20:12:33 18 -49.985 -100.0
2024_0411_20:12:38 18 99.94 -99.755
2024_0411_20:13:58 18 38.135 -0.5
2024_0411_20:14:03 18 40.24 -39.43
2024_0411_20:14:06 18 95.575 -51.175
2024_0411_20:14:07 18 -33.465 30.16
2024_0411_20:14:08 19 35.98 -7.15
2024_0411_20:14:10 19 -1.395 -0.665
2024_0411_20:14:17 20 -9.26 82.565
2024_0411_20:14:19 19 -3.59 45.17
2024_0411_20:14:23 20 0.76 -0.645
2024_0411_20:14:26 20 -0.85 -0.43
2024_0411_20:14:48 20 3.44 -1.23
2024_0411_20:14:55 20 -1.145 0.665
2024_0411_20:15:52 20 -12.885 12.995
2024_0411_20:16:35 4 93.55 87.51
2024_0411_20:17:05 15 -0.38 -0.95
2024_0411_20:17:07 18 94.025 94.945
2024_0411_20:18:28 18 95.665 94.75
2024_0411_20:18:29 17 23.76 -6.39
2024_0411_20:18:40 20 23.365 -7.21
2024_0411_20:23:24 8 94.875 94.57
2024_0411_20:23:24 11 1.04 0.7
2024_0411_20:23:24 7 95.11 95.32
2024_0411_20:23:24 11 93.765 95.07
2024_0411_20:23:25 6 96.38 96.875
2024_0411_20:23:26 8 93.82 95.315
2024_0411_20:23:27 1 96.62 96.5
2024_0411_20:23:28 10 95.745 95.45
2024_0411_20:23:29 9 97.01 97.275
2024_0411_20:23:29 5 96.64 96.735
2024_0411_20:23:29 11 -1.03 1.155
2024_0411_20:23:29 11 0.005 0.77
2024_0411_20:23:29 3 92.64 95.075
2024_0411_20:23:31 2 95.11 95.915
2024_0411_20:23:32 4 94.745 93.37
2024_0411_20:23:33 11 94.52 95.485
2024_0411_20:28:01 11 0.71 0.265
2024_0411_20:28:06 12 95.625 94.895
2024_0411_20:28:06 11 -0.595 0.185
2024_0411_20:28:06 12 0.375 1.38
2024_0411_20:28:06 12 -0.105 1.31
2024_0411_20:28:07 11 0.305 0.165
2024_0411_20:28:09 11 95.955 96.22
2024_0411_20:28:12 12 95.49 88.265
2024_0411_20:28:13 12 96.37 96.4
2024_0411_20:28:13 13 -0.66 -0.635
2024_0411_20:28:14 12 74.13 73.67
2024_0411_20:28:15 13 49.995 99.99
2024_0411_20:28:15 12 96.745 44.905
2024_0411_20:28:17 13 0.025 0.215
2024_0411_20:28:18 13 96.675 -90.23
2024_0411_20:28:23 13 95.33 95.285
2024_0411_20:32:42 13 97.1 96.625
2024_0411_20:32:47 13 0.385 -0.34
2024_0411_20:32:49 13 13.015 14.49
2024_0411_20:32:50 13 -0.515 -0.94
2024_0411_20:32:50 13 0.125 0.9
2024_0411_20:32:52 13 0.105 -1.425
2024_0411_20:32:53 13 -5.82 18.45
2024_0411_20:32:56 14 95.56 97.7
2024_0411_20:32:57 14 0.07 0.85
2024_0411_20:32:59 14 94.91 92.835
2024_0411_20:33:00 14 -49.98 49.99
2024_0411_20:33:00 14 -5.35 65.075
2024_0411_20:33:02 14 85.97 94.68
2024_0411_20:33:02 14 -1.175 0.345
2024_0411_20:33:05 14 93.565 93.06
2024_0411_20:33:16 14 73.68 73.68
2024_0411_20:37:29 14 -99.97 49.985
2024_0411_20:37:29 14 0.18 -0.515
2024_0411_20:37:31 14 95.24 87.73
2024_0411_20:37:35 15 0.215 -0.585
2024_0411_20:37:35 15 -77.41 78.05
2024_0411_20:37:38 15 8.26 -1.315
2024_0411_20:37:39 15 -0.27 0.49
2024_0411_20:37:39 15 -31.215 45.16
2024_0411_20:37:40 15 -2.175 0.23
2024_0411_20:37:40 15 95.26 92.025
2024_0411_20:37:44 15 1.21 -0.22
2024_0411_20:37:45 15 -0.575 1.14
2024_0411_20:37:47 15 93.93 94.98
2024_0411_20:37:48 15 95.23 94.855
2024_0411_20:37:49 15 1.155 0.865
2024_0411_20:37:58 16 -9.48 9.145
2024_0411_20:42:12 16 -1.08 -1.225
2024_0411_20:42:15 16 -0.25 0.055
2024_0411_20:42:16 16 0.615 -1.355
2024_0411_20:42:17 16 1.08 -0.82
2024_0411_20:42:20 16 -99.99 -49.995
2024_0411_20:42:20 17 17.115 70.65
2024_0411_20:42:21 16 8.685 9.775
2024_0411_20:42:22 16 1.72 -2.425
2024_0411_20:42:23 17 96.69 96.685
2024_0411_20:42:27 17 94.59 94.87
2024_0411_20:42:28 17 10.095 -10.25
2024_0411_20:42:29 17 2.625 -0.21
2024_0411_20:42:30 17 -1.05 0.125
2024_0411_20:42:36 17 96.365 96.17
2024_0411_20:42:39 18 0.125 -0.895
2024_0411_20:45:44 18 -0.005 0.34
2024_0411_20:46:58 18 -13.115 12.85
2024_0411_20:46:59 18 95.04 44.7
2024_0411_20:46:59 18 0.25 0.34
2024_0411_20:47:00 18 94.455 96.47
2024_0411_20:47:02 18 -50.0 99.995
2024_0411_20:47:07 19 -0.545 -0.74
2024_0411_20:47:09 18 94.345 95.025
2024_0411_20:47:11 18 -0.455 -0.455
2024_0411_20:47:11 18 -5.1 5.88
2024_0411_20:47:12 20 -17.98 69.205
2024_0411_20:47:12 19 3.04 75.585
2024_0411_20:47:14 19 96.715 -34.185
2024_0411_20:47:20 19 1.775 1.875
2024_0411_20:47:26 20 94.365 93.23
2024_0411_20:50:27 20 -0.91 48.49
2024_0411_20:50:41 20 0.0 0.0
2024_0411_20:51:22 17 1.205 0.265
2024_0411_20:51:23 20 95.44 94.37
2024_0411_20:51:35 20 27.555 25.645
2024_0411_20:51:35 18 -0.455 0.2
2024_0411_20:56:13 11 -0.935 0.915
2024_0411_20:56:14 8 95.635 95.26
2024_0411_20:56:16 8 94.23 95.37
2024_0411_20:56:17 5 96.425 96.995
2024_0411_20:56:17 1 96.575 96.39
2024_0411_20:56:18 11 -1.775 0.575
2024_0411_20:56:18 3 93.285 94.515
2024_0411_20:56:20 7 94.45 94.9
2024_0411_20:56:21 11 47.01 10.595
2024_0411_20:56:22 2 94.53 93.915
2024_0411_20:56:23 11 94.925 95.365
2024_0411_20:56:23 4 93.41 93.595
2024_0411_20:56:24 6 96.59 96.31
2024_0411_20:56:24 10 95.325 94.725
2024_0411_20:56:27 11 95.415 94.445
2024_0411_20:56:29 9 96.76 96.67
2024_0411_21:00:51 11 -0.28 -0.375
2024_0411_21:00:54 11 -0.52 -0.305
2024_0411_21:00:56 11 -0.14 -0.62
2024_0411_21:00:56 11 -50.0 99.995
2024_0411_21:00:57 11 -1.33 0.65
2024_0411_21:00:58 11 94.875 94.085
2024_0411_21:01:00 11 -49.995 99.99
2024_0411_21:01:01 11 1.03 0.31
2024_0411_21:01:01 11 -99.98 -49.99
2024_0411_21:01:03 11 93.93 94.915
2024_0411_21:01:03 11 96.46 96.025
2024_0411_21:01:08 11 94.31 -25.785
2024_0411_21:01:10 11 96.325 96.395
2024_0411_21:01:11 11 96.355 96.28
2024_0411_21:01:12 12 95.32 94.655
2024_0411_21:01:14 11 0.175 0.2
2024_0411_21:05:34 12 -0.01 -0.065
2024_0411_21:05:35 12 94.195 92.495
2024_0411_21:05:38 12 94.015 93.715
2024_0411_21:05:39 12 -0.58 0.005
2024_0411_21:05:39 12 93.74 95.655
2024_0411_21:05:42 12 -0.1 0.185
2024_0411_21:05:43 12 15.455 15.335
2024_0411_21:05:44 12 87.855 90.7
2024_0411_21:05:46 12 0.265 -0.645
2024_0411_21:05:46 12 93.875 93.2
2024_0411_21:05:47 12 -0.465 0.045
2024_0411_21:05:50 12 -0.37 -0.05
2024_0411_21:05:54 13 -0.205 0.64
2024_0411_21:05:57 13 0.195 -0.27
2024_0411_21:05:57 12 96.14 95.57
2024_0411_21:05:57 13 95.61 94.77
2024_0411_21:10:01 13 94.78 95.57
2024_0411_21:10:04 13 44.975 38.245
2024_0411_21:10:09 13 0.0 -0.56
2024_0411_21:10:10 13 97.145 95.755
2024_0411_21:10:10 13 95.68 93.475
2024_0411_21:10:12 13 94.515 95.56
2024_0411_21:10:13 13 92.895 95.095
2024_0411_21:10:16 13 0.82 0.205
2024_0411_21:10:17 13 1.14 1.12
2024_0411_21:10:17 13 93.535 87.955
2024_0411_21:10:17 13 92.63 45.675
2024_0411_21:10:19 13 96.09 96.01
2024_0411_21:10:20 13 0.985 3.69
2024_0411_21:10:20 13 1.115 -0.55
2024_0411_21:10:21 13 -99.98 99.98
2024_0411_21:10:24 13 -0.22 -0.37
2024_0411_21:14:22 13 94.425 94.64
2024_0411_21:14:27 13 1.405 -0.44
2024_0411_21:14:29 13 -0.02 -0.285
2024_0411_21:14:34 13 87.73 89.545
2024_0411_21:14:35 13 94.62 93.82
2024_0411_21:14:37 14 19.865 -20.03
2024_0411_21:14:37 14 95.93 95.625
2024_0411_21:14:38 14 0.07 2.11
2024_0411_21:14:40 14 25.165 26.265
2024_0411_21:14:43 14 94.95 92.05
2024_0411_21:14:45 14 76.005 76.15
2024_0411_21:14:45 14 6.145 6.365
2024_0411_21:14:47 14 95.335 96.1
2024_0411_21:14:48 14 -7.655 29.515
2024_0411_21:14:51 14 91.95 94.195
2024_0411_21:16:37 14 93.75 92.115
2024_0411_21:18:41 14 -49.995 49.995
2024_0411_21:18:52 14 96.43 96.29
2024_0411_21:18:52 14 66.205 15.46
2024_0411_21:18:56 14 -20.575 19.91
2024_0411_21:19:00 14 95.255 91.65
2024_0411_21:19:00 14 94.83 45.3
2024_0411_21:19:04 14 -49.995 -49.995
2024_0411_21:19:06 14 81.03 65.995
2024_0411_21:19:07 14 96.36 95.51
2024_0411_21:19:08 14 14.11 13.975
2024_0411_21:19:08 14 11.77 10.035
2024_0411_21:19:09 14 -1.04 0.2
2024_0411_21:19:09 14 0.26 0.025
2024_0411_21:19:17 15 78.6 78.845
2024_0411_21:19:20 15 91.865 91.495
2024_0411_21:21:03 15 12.055 9.0
2024_0411_21:23:03 15 27.05 -26.885
2024_0411_21:23:15 15 95.99 95.85
2024_0411_21:23:16 15 -94.45 98.58
2024_0411_21:23:26 15 2.445 -1.03
2024_0411_21:23:26 15 0.605 -0.405
2024_0411_21:23:27 15 94.0 94.185
2024_0411_21:23:30 15 -0.405 0.16
2024_0411_21:23:31 15 -0.24 0.405
2024_0411_21:23:33 15 -10.0 9.615
2024_0411_21:23:34 15 0.515 -0.18
2024_0411_21:23:35 15 0.395 -0.28
2024_0411_21:23:35 15 38.84 -2.125
2024_0411_21:23:40 15 76.065 76.665
2024_0411_21:23:41 15 0.955 -1.085
2024_0411_21:23:42 15 0.425 0.87
2024_0411_21:25:29 15 0.79 1.095
2024_0411_21:27:27 15 94.89 91.025
2024_0411_21:27:40 15 76.52 75.715
2024_0411_21:27:48 15 97.065 96.885
2024_0411_21:27:49 16 -9.855 10.785
2024_0411_21:27:49 16 1.02 -1.24
2024_0411_21:27:51 16 0.315 -0.315
2024_0411_21:27:51 15 13.96 66.94
2024_0411_21:27:58 16 -0.455 0.615
2024_0411_21:27:59 16 1.375 67.59
2024_0411_21:27:59 16 93.055 20.99
2024_0411_21:28:01 16 -1.655 0.56
2024_0411_21:28:02 16 96.305 96.305
2024_0411_21:28:04 16 97.065 95.825
2024_0411_21:28:04 16 92.83 94.36
2024_0411_21:28:11 16 60.915 43.495
2024_0411_21:29:55 16 25.675 30.46
2024_0411_21:31:50 16 -0.24 -0.535
2024_0411_21:32:01 16 -8.17 8.195
2024_0411_21:32:12 16 0.01 -1.62
2024_0411_21:32:15 16 0.745 0.765
2024_0411_21:32:21 17 -0.1 0.44
2024_0411_21:32:23 17 -2.395 -0.04
2024_0411_21:32:24 17 -29.775 50.59
2024_0411_21:32:24 17 71.25 70.61
2024_0411_21:32:25 17 74.435 82.815
2024_0411_21:32:26 17 96.2 96.595
2024_0411_21:32:30 17 0.155 0.975
2024_0411_21:32:33 17 70.635 93.495
2024_0411_21:32:34 17 39.01 15.08
2024_0411_21:32:56 17 -0.16 -0.955
2024_0411_21:34:03 17 97.34 -0.7
2024_0411_21:34:26 17 10.465 10.435
2024_0411_21:36:23 17 -1.48 -0.61
2024_0411_21:36:43 17 8.125 9.585
2024_0411_21:36:45 17 8.955 0.33
2024_0411_21:36:51 17 15.115 -14.93
2024_0411_21:36:52 18 95.11 93.735
2024_0411_21:36:55 18 -0.3 0.295
2024_0411_21:36:57 18 0.465 0.785
2024_0411_21:36:58 18 44.365 95.545
2024_0411_21:36:59 18 -1.26 -0.295
2024_0411_21:37:02 18 -0.925 0.22
2024_0411_21:37:15 18 -18.845 20.125
2024_0411_21:37:22 18 -0.275 0.04
2024_0411_21:38:16 18 11.34 -11.72
2024_0411_21:38:35 18 96.845 96.58
2024_0411_21:40:00 18 94.8 94.52
2024_0411_21:40:19 18 -0.145 0.245
2024_0411_21:40:49 18 4.29 -0.825
2024_0411_21:41:09 18 93.935 93.49
2024_0411_21:41:10 18 -49.725 49.75
2024_0411_21:41:14 18 27.62 -27.955
2024_0411_21:41:18 18 -0.34 -0.685
2024_0411_21:41:20 18 37.22 14.345
2024_0411_21:41:21 18 99.98 -49.995
2024_0411_21:41:27 18 96.73 96.99
2024_0411_21:41:30 18 -9.895 10.85
2024_0411_21:41:38 18 -0.25 0.9
2024_0411_21:41:43 19 18.5 -20.09
2024_0411_21:42:41 19 -31.695 48.015
2024_0411_21:43:02 19 92.58 91.535
2024_0411_21:44:25 19 44.045 44.595
2024_0411_21:44:46 19 93.81 93.995
2024_0411_21:45:18 19 47.605 46.625
2024_0411_21:45:38 20 79.645 57.96
2024_0411_21:45:39 20 9.37 -9.72
2024_0411_21:45:39 20 0.715 0.215
2024_0411_21:45:45 20 70.475 -0.07
2024_0411_21:45:50 20 -1.26 0.705
2024_0411_21:45:51 20 -14.99 15.9
2024_0411_21:45:52 20 94.085 94.935
2024_0411_21:45:59 20 74.485 73.01
2024_0411_21:46:00 20 2.005 1.005
2024_0411_21:46:08 20 -0.275 0.165
2024_0411_21:46:10 20 -1.25 1.44
2024_0411_21:47:07 20 -1.165 54.435
2024_0411_21:47:26 20 -49.995 -99.99
2024_0411_21:49:00 20 66.42 85.25
2024_0411_21:49:13 14 96.505 96.19
2024_0411_21:49:45 15 93.43 93.89
2024_0411_21:50:01 16 -8.75 47.24
2024_0411_21:50:09 17 -0.02 -0.86
2024_0411_21:50:09 17 15.465 -10.125
2024_0411_21:50:10 17 10.85 -9.63
2024_0411_21:50:16 17 14.285 -14.89
2024_0411_21:50:20 17 47.925 95.61
2024_0411_21:50:21 18 0.01 0.31
2024_0411_21:50:23 18 73.62 34.975
2024_0411_21:54:46 8 95.2 95.28
2024_0411_21:54:46 4 92.22 92.08
2024_0411_21:54:46 8 88.57 95.315
2024_0411_21:54:47 11 -0.225 0.655
2024_0411_21:54:48 6 96.42 96.385
2024_0411_21:54:48 11 0.04 0.01
2024_0411_21:54:48 3 94.22 92.985
2024_0411_21:54:48 1 96.68 96.485
2024_0411_21:54:49 11 -0.29 -1.07
2024_0411_21:54:50 5 96.315 96.355
2024_0411_21:54:50 11 94.665 93.945
2024_0411_21:54:51 7 94.78 95.31
2024_0411_21:54:51 9 97.07 96.175
2024_0411_21:54:52 11 -0.92 -0.1
2024_0411_21:54:53 2 94.365 95.205
2024_0411_21:54:55 10 95.26 95.58
2024_0411_21:59:04 11 -0.535 -1.01
2024_0411_21:59:06 11 93.345 94.235
2024_0411_21:59:07 11 0.68 1.34
2024_0411_21:59:08 11 -1.35 -1.085
2024_0411_21:59:09 11 0.34 0.405
2024_0411_21:59:10 11 95.03 95.115
2024_0411_21:59:10 11 94.695 90.325
2024_0411_21:59:11 11 -0.135 0.26
2024_0411_21:59:13 11 0.93 0.885
2024_0411_21:59:13 11 92.995 94.7
2024_0411_21:59:14 11 -2.87 33.26
2024_0411_21:59:15 11 -0.155 1.13
2024_0411_21:59:15 11 -49.995 -99.98
2024_0411_21:59:15 11 1.775 -0.945
2024_0411_21:59:19 12 93.61 93.48
2024_0411_21:59:23 12 96.615 96.3
2024_0411_22:03:27 12 88.99 94.045
2024_0411_22:03:28 12 -1.535 -0.06
2024_0411_22:03:29 12 -0.215 0.24
2024_0411_22:03:29 12 -22.265 22.16
2024_0411_22:03:34 12 42.69 42.52
2024_0411_22:03:34 12 0.45 -0.46
2024_0411_22:03:36 12 -0.245 0.0
2024_0411_22:03:38 12 39.705 40.62
2024_0411_22:03:38 12 0.885 0.33
2024_0411_22:03:39 12 -0.805 -0.275
2024_0411_22:03:39 13 -0.555 0.7
2024_0411_22:03:40 12 94.84 94.445
2024_0411_22:03:40 13 -1.48 1.06
2024_0411_22:03:41 12 95.305 94.29
2024_0411_22:03:46 13 75.415 75.555
2024_0411_22:03:49 13 -0.195 -1.195
2024_0411_22:07:50 13 25.265 -8.35
2024_0411_22:07:54 13 -1.26 -0.67
2024_0411_22:07:54 13 0.245 -0.18
2024_0411_22:07:55 13 -49.995 -99.99
2024_0411_22:07:56 13 91.88 94.265
2024_0411_22:07:56 13 1.03 0.265
2024_0411_22:08:00 13 1.745 1.87
2024_0411_22:08:00 13 -1.645 2.19
2024_0411_22:08:01 13 0.315 -0.915
2024_0411_22:08:02 13 99.97 49.985
2024_0411_22:08:02 13 0.08 0.95
2024_0411_22:08:05 13 42.89 44.08
2024_0411_22:08:05 13 1.75 -1.185
2024_0411_22:08:06 13 9.695 -9.82
2024_0411_22:08:10 13 89.12 91.235
2024_0411_22:08:14 13 0.095 -0.08
2024_0411_22:12:16 13 94.61 94.695
2024_0411_22:12:18 13 96.245 96.245
2024_0411_22:12:19 14 8.185 12.66
2024_0411_22:12:19 14 81.685 5.89
2024_0411_22:12:19 13 95.465 95.185
2024_0411_22:12:21 14 0.685 1.375
2024_0411_22:12:21 14 -0.61 0.31
2024_0411_22:12:24 13 0.46 -0.025
2024_0411_22:12:24 14 -11.065 49.93
2024_0411_22:12:28 14 24.645 27.115
2024_0411_22:12:29 14 27.295 26.16
2024_0411_22:12:29 14 -0.38 0.76
2024_0411_22:12:33 14 93.81 93.34
2024_0411_22:12:34 14 88.54 94.45
2024_0411_22:12:35 14 0.495 -0.31
2024_0411_22:12:45 14 93.655 94.145
2024_0411_22:16:34 14 99.99 49.995
2024_0411_22:16:39 14 0.59 0.945
2024_0411_22:16:41 14 38.9 39.695
2024_0411_22:16:41 14 -20.78 20.91
2024_0411_22:16:43 14 92.4 93.775
2024_0411_22:16:44 14 39.61 -34.015
2024_0411_22:16:49 14 -0.06 -0.29
2024_0411_22:16:49 14 -0.82 -0.805
2024_0411_22:16:52 14 -0.435 0.155
2024_0411_22:16:53 15 -0.115 -1.64
2024_0411_22:16:55 14 93.68 94.87
2024_0411_22:16:57 14 96.285 96.08
2024_0411_22:17:00 15 -0.12 0.555
2024_0411_22:17:00 15 79.105 92.63
2024_0411_22:17:12 15 -1.135 -0.075
2024_0411_22:20:02 15 1.72 -0.975
2024_0411_22:20:56 15 95.745 94.99
2024_0411_22:21:06 15 76.65 76.395
2024_0411_22:21:08 15 25.915 24.985
2024_0411_22:21:09 15 0.98 -0.655
2024_0411_22:21:09 15 66.355 67.935
2024_0411_22:21:12 15 -0.505 -0.375
2024_0411_22:21:13 15 47.88 -19.985
2024_0411_22:21:17 15 0.415 -0.635
2024_0411_22:21:19 15 94.59 94.305
2024_0411_22:21:22 15 0.315 -0.04
2024_0411_22:21:24 15 44.175 95.23
2024_0411_22:21:27 15 60.67 62.44
2024_0411_22:21:27 15 87.965 91.69
2024_0411_22:21:35 15 7.03 8.55
2024_0411_22:24:21 15 -99.99 -49.99
2024_0411_22:24:30 15 38.145 37.61
2024_0411_22:25:23 15 0.47 2.62
2024_0411_22:25:28 16 -0.26 -0.835
2024_0411_22:25:31 16 -2.51 -1.47
2024_0411_22:25:31 16 -9.54 25.695
2024_0411_22:25:40 16 49.99 -99.97
2024_0411_22:25:48 16 47.885 47.595
2024_0411_22:25:53 16 96.125 95.275
2024_0411_22:25:57 16 85.185 63.615
2024_0411_22:25:59 16 8.775 -14.95
2024_0411_22:25:59 16 -16.33 89.09
2024_0411_22:26:03 16 0.68 27.16
2024_0411_22:26:15 16 94.105 94.4
2024_0411_22:27:04 16 0.385 -1.385
2024_0411_22:28:45 16 93.69 93.51
2024_0411_22:28:56 16 95.49 95.335
2024_0411_22:29:32 17 -0.535 -1.165
2024_0411_22:29:48 17 95.23 95.15
2024_0411_22:29:52 17 0.645 0.495
2024_0411_22:29:54 17 -0.265 -0.815
2024_0411_22:29:58 17 69.695 70.25
2024_0411_22:30:06 17 12.64 13.305
2024_0411_22:30:11 17 0.005 1.76
2024_0411_22:30:20 17 39.33 52.69
2024_0411_22:30:24 17 0.005 0.61
2024_0411_22:30:28 17 31.23 32.19
2024_0411_22:30:43 17 16.725 29.01
2024_0411_22:31:23 17 -0.43 -0.6
2024_0411_22:33:08 17 -0.275 -0.25
2024_0411_22:33:17 17 65.2 -11.335
2024_0411_22:33:53 17 99.105 -4.965
2024_0411_22:33:56 17 1.51 -1.02
2024_0411_22:34:10 17 18.73 42.865
2024_0411_22:34:10 17 98.555 -38.035
2024_0411_22:34:16 17 8.815 -8.345
2024_0411_22:34:19 18 94.785 89.295
2024_0411_22:34:27 18 93.77 94.81
2024_0411_22:34:34 18 44.98 -43.52
2024_0411_22:34:38 18 -7.79 7.88
2024_0411_22:34:47 18 -1.08 0.1
2024_0411_22:34:56 18 -39.18 47.51
2024_0411_22:34:57 18 -21.36 22.89
2024_0411_22:35:10 18 10.06 10.3
2024_0411_22:35:52 18 -0.555 0.835
2024_0411_22:37:27 18 99.98 49.975
2024_0411_22:37:41 18 -0.655 0.875
2024_0411_22:38:21 18 -0.405 -0.725
2024_0411_22:38:27 18 74.095 74.19
2024_0411_22:38:31 18 -99.985 99.97
2024_0411_22:38:42 18 0.775 -0.14
2024_0411_22:38:44 18 0.05 -0.895
2024_0411_22:38:46 18 72.525 70.9
2024_0411_22:38:51 18 12.305 10.825
2024_0411_22:38:58 18 20.48 -20.955
2024_0411_22:39:01 18 -0.425 0.585
2024_0411_22:39:17 18 45.875 42.85
2024_0411_22:39:26 19 95.74 90.88
2024_0411_22:39:35 19 -16.725 31.065
2024_0411_22:40:28 19 -1.835 3.36
2024_0411_22:41:50 19 -0.225 -1.355
2024_0411_22:42:09 19 -0.09 0.88
2024_0411_22:42:47 19 24.62 -25.845
2024_0411_22:42:52 19 -6.84 25.89
2024_0411_22:42:56 19 98.48 -5.24
2024_0411_22:43:01 19 -0.19 -0.775
2024_0411_22:43:06 19 10.24 -8.81
2024_0411_22:43:12 20 -0.4 11.54
2024_0411_22:43:15 20 52.275 75.415
2024_0411_22:43:20 20 44.63 48.065
2024_0411_22:43:25 20 75.27 74.335
2024_0411_22:43:47 20 0.6 -1.085
2024_0411_22:43:51 20 0.085 0.8
2024_0411_22:43:59 20 11.325 9.86
2024_0411_22:45:02 20 94.655 92.455
2024_0411_22:46:16 20 10.89 -10.24
2024_0411_22:47:14 20 11.59 11.45
2024_0411_22:47:16 20 -56.97 72.77
2024_0411_22:47:17 15 34.895 37.675
2024_0411_22:47:24 15 -1.29 -0.35
2024_0411_22:47:27 16 42.39 -1.785
2024_0411_22:47:28 16 44.585 46.13
2024_0411_22:47:34 16 -1.15 2.375
2024_0411_22:47:41 17 94.445 93.675
2024_0411_22:47:45 17 0.3 -0.345
2024_0411_22:48:06 19 48.25 63.91
2024_0411_22:48:15 20 -0.46 0.0
2024_0411_22:48:16 20 94.17 43.67
2024_0411_22:48:25 18 -0.22 -0.215
2024_0411_22:48:38 20 -8.99 7.67
2024_0411_22:53:00 8 94.65 94.17
2024_0411_22:53:00 6 96.32 96.27
2024_0411_22:53:01 11 94.12 94.115
2024_0411_22:53:01 7 95.155 94.16
2024_0411_22:53:03 8 93.92 94.36
2024_0411_22:53:03 3 94.68 94.055
2024_0411_22:53:03 2 95.67 95.245
2024_0411_22:53:03 4 93.865 86.46
2024_0411_22:53:04 1 96.83 96.175
2024_0411_22:53:04 11 -26.72 93.86
2024_0411_22:53:04 8 94.315 94.69
2024_0411_22:53:05 11 96.455 96.365
2024_0411_22:53:05 11 0.49 1.345
2024_0411_22:53:07 5 96.49 96.75
2024_0411_22:53:08 9 96.855 96.37
2024_0411_22:53:13 10 95.115 94.19
2024_0411_22:57:19 11 92.43 94.665
2024_0411_22:57:21 11 -0.25 -0.655
2024_0411_22:57:22 11 0.36 -1.4
2024_0411_22:57:23 11 -1.195 1.005
2024_0411_22:57:23 11 -0.385 0.385
2024_0411_22:57:27 11 95.01 95.525
2024_0411_22:57:27 11 0.35 0.06
2024_0411_22:57:27 11 92.59 92.795
2024_0411_22:57:28 11 0.14 -0.64
2024_0411_22:57:28 11 94.985 81.65
2024_0411_22:57:30 11 0.655 0.53
2024_0411_22:57:30 11 96.885 96.8
2024_0411_22:57:32 11 -0.73 0.005
2024_0411_22:57:33 11 94.005 94.22
2024_0411_22:57:34 11 0.78 0.435
2024_0411_22:57:38 11 93.82 94.025
2024_0411_23:01:41 11 -0.235 -0.94
2024_0411_23:01:43 11 93.64 95.305
2024_0411_23:01:45 11 96.395 96.35
2024_0411_23:01:46 11 93.5 94.74
2024_0411_23:01:46 11 1.35 0.66
2024_0411_23:01:46 11 0.075 -1.005
2024_0411_23:01:48 11 15.77 14.895
2024_0411_23:01:48 11 -12.56 57.665
2024_0411_23:01:53 11 94.285 93.745
2024_0411_23:01:53 12 95.24 93.03
2024_0411_23:01:56 12 1.875 4.42
2024_0411_23:01:57 12 -0.61 0.645
2024_0411_23:01:58 12 94.07 95.11
2024_0411_23:01:58 12 96.13 96.06
2024_0411_23:01:59 12 -0.545 -0.17
2024_0411_23:02:01 12 -0.31 0.315
2024_0411_23:06:02 12 0.655 -0.83
2024_0411_23:06:07 12 0.095 -0.135
2024_0411_23:06:07 12 -1.1 1.335
2024_0411_23:06:07 12 -49.99 49.99
2024_0411_23:06:08 12 95.02 94.14
2024_0411_23:06:09 12 97.185 96.695
2024_0411_23:06:10 12 19.25 19.065
2024_0411_23:06:11 12 -0.255 0.35
2024_0411_23:06:14 12 94.39 95.045
2024_0411_23:06:15 12 0.7 1.095
2024_0411_23:06:23 12 0.455 1.375
2024_0411_23:06:24 12 0.74 -1.14
2024_0411_23:06:24 12 96.39 96.59
2024_0411_23:06:25 12 -0.34 0.315
2024_0411_23:06:25 13 91.96 93.66
2024_0411_23:06:27 12 94.32 94.505
2024_0411_23:10:20 13 1.015 1.755
2024_0411_23:10:28 13 -0.72 -0.345
2024_0411_23:10:30 13 -99.99 -99.97
2024_0411_23:10:31 13 95.855 95.07
2024_0411_23:10:31 13 96.42 96.24
2024_0411_23:10:32 13 95.9 96.285
2024_0411_23:10:32 13 0.06 -0.735
2024_0411_23:10:34 13 96.55 96.52
2024_0411_23:10:34 13 -0.43 -0.44
2024_0411_23:10:38 13 -99.975 49.995
2024_0411_23:10:45 13 94.45 47.945
2024_0411_23:10:50 13 -1.2 0.135
2024_0411_23:10:50 13 10.385 -9.36
2024_0411_23:10:51 13 76.145 75.475
2024_0411_23:10:51 13 96.785 96.615
2024_0411_23:10:53 13 94.555 94.81
2024_0411_23:14:44 13 93.95 75.35
2024_0411_23:14:50 13 -99.99 99.99
2024_0411_23:14:50 13 -0.82 -1.0
2024_0411_23:14:52 13 -11.21 47.255
2024_0411_23:14:53 13 -0.805 -0.645
2024_0411_23:14:56 13 8.35 -8.935
2024_0411_23:14:57 13 0.245 -0.18
2024_0411_23:14:57 13 38.0 39.18
2024_0411_23:14:58 13 93.985 94.855
2024_0411_23:15:06 13 75.83 75.98
2024_0411_23:15:06 13 0.8 0.595
2024_0411_23:15:15 13 -24.455 24.435
2024_0411_23:15:15 13 95.05 85.155
2024_0411_23:15:16 13 -0.02 0.605
2024_0411_23:15:18 13 -0.795 0.36
2024_0411_23:15:19 13 94.51 94.575
2024_0411_23:19:09 13 43.51 43.125
2024_0411_23:19:11 13 -2.67 4.01
2024_0411_23:19:13 13 10.025 -9.09
2024_0411_23:19:16 14 -22.065 21.075
2024_0411_23:19:16 13 96.44 96.195
2024_0411_23:19:17 14 0.5 0.165
2024_0411_23:19:21 14 1.835 -0.035
2024_0411_23:19:22 14 95.055 94.4
2024_0411_23:19:25 14 49.99 43.67
2024_0411_23:19:26 14 -10.715 9.55
2024_0411_23:19:29 14 99.97 99.93
2024_0411_23:19:40 14 94.875 95.4
2024_0411_23:19:40 14 75.57 76.725
2024_0411_23:19:40 14 -2.14 -2.22
2024_0411_23:19:44 14 0.205 -0.835
2024_0411_23:19:45 14 -13.95 15.205
2024_0411_23:23:29 14 0.88 -0.185
2024_0411_23:23:32 14 -0.37 1.655
2024_0411_23:23:36 14 92.725 94.57
2024_0411_23:23:40 14 94.63 94.645
2024_0411_23:23:40 14 96.15 95.91
2024_0411_23:23:41 14 8.755 7.8
2024_0411_23:23:44 14 95.185 95.135
2024_0411_23:23:44 14 0.3 0.645
2024_0411_23:23:45 14 -0.135 -0.045
2024_0411_23:23:54 14 95.005 92.88
2024_0411_23:24:04 14 -0.615 0.87
2024_0411_23:24:07 14 95.68 96.22
2024_0411_23:24:10 14 94.255 94.09
2024_0411_23:24:50 14 40.23 39.015
2024_0411_23:26:25 14 96.165 95.205
2024_0411_23:26:59 14 -0.65 -0.485
2024_0411_23:27:51 14 42.81 56.435
2024_0411_23:28:00 14 -1.065 0.57
2024_0411_23:28:01 14 96.38 96.28
2024_0411_23:28:02 15 0.45 -0.675
2024_0411_23:28:02 14 90.69 95.79
2024_0411_23:28:03 15 0.23 0.175
2024_0411_23:28:06 15 49.995 -49.985
2024_0411_23:28:07 15 1.025 -1.58
2024_0411_23:28:08 15 94.845 93.925
2024_0411_23:28:30 15 -9.325 10.49
2024_0411_23:28:32 15 -1.225 0.39
2024_0411_23:28:35 15 50.0 -49.99
2024_0411_23:29:13 15 -0.675 -0.29
2024_0411_23:30:52 15 0.825 -0.22
2024_0411_23:31:20 15 13.25 28.505
2024_0411_23:31:57 15 -1.165 2.475
2024_0411_23:32:12 15 71.615 65.995
2024_0411_23:32:21 15 -2.05 -0.295
2024_0411_23:32:22 15 0.07 0.21
2024_0411_23:32:23 15 -0.66 -0.915
2024_0411_23:32:25 15 1.735 -0.435
2024_0411_23:32:25 15 0.745 0.445
2024_0411_23:32:31 15 94.945 95.075
2024_0411_23:32:33 15 95.94 94.635
2024_0411_23:32:35 15 95.875 96.675
2024_0411_23:32:56 15 -0.745 -0.94
2024_0411_23:32:56 15 0.295 0.82
2024_0411_23:33:36 15 95.96 95.37
2024_0411_23:35:17 15 0.205 1.485
2024_0411_23:35:42 15 11.42 14.645
2024_0411_23:36:28 15 0.525 2.055
2024_0411_23:36:35 15 82.765 67.87
2024_0411_23:36:42 15 94.52 95.055
2024_0411_23:36:44 15 0.635 -0.95
2024_0411_23:36:50 15 94.1 92.2
2024_0411_23:36:52 15 95.675 96.47
2024_0411_23:36:53 15 -0.965 -0.14
2024_0411_23:36:59 16 77.6 91.25
2024_0411_23:37:08 15 9.89 7.855
2024_0411_23:37:17 16 93.5 82.47
2024_0411_23:37:23 16 10.8 1.285
2024_0411_23:37:24 16 94.53 93.695
2024_0411_23:37:59 16 -0.75 1.81
2024_0411_23:39:44 16 94.165 94.455
2024_0411_23:40:04 16 94.675 94.895
2024_0411_23:40:17 16 63.055 25.87
2024_0411_23:40:54 16 96.27 96.53
2024_0411_23:40:59 16 46.13 -42.95
2024_0411_23:41:04 16 95.3 93.435
2024_0411_23:41:09 16 0.25 -0.355
2024_0411_23:41:17 16 0.14 0.095
2024_0411_23:41:17 16 94.525 81.6
2024_0411_23:41:20 16 13.495 8.815
2024_0411_23:41:38 16 28.4 32.735
2024_0411_23:41:46 16 9.97 -10.765
2024_0411_23:41:49 16 -16.635 31.785
2024_0411_23:41:54 16 -1.125 9.73
2024_0411_23:42:27 16 90.51 87.775
2024_0411_23:44:08 16 -0.21 1.85
2024_0411_23:44:27 16 93.93 93.55
2024_0411_23:44:42 16 90.02 93.155
2024_0411_23:45:15 16 8.74 8.34
2024_0411_23:45:17 16 96.315 96.105
2024_0411_23:45:26 17 97.05 -0.99
2024_0411_23:45:26 16 0.385 -0.385
2024_0411_23:45:33 17 7.345 -6.58
2024_0411_23:45:38 17 12.57 10.88
2024_0411_23:45:38 17 91.91 94.26
2024_0411_23:45:41 17 31.955 0.015
2024_0411_23:46:04 17 16.14 -16.845
2024_0411_23:46:08 17 12.175 -7.935
2024_0411_23:46:13 17 63.865 8.9
2024_0411_23:46:17 17 0.88 -0.895
2024_0411_23:46:53 17 95.135 96.245
2024_0411_23:48:40 17 94.965 94.3
2024_0411_23:48:52 17 47.02 94.165
2024_0411_23:49:07 17 95.99 95.72
2024_0411_23:49:35 17 -0.63 -0.475
2024_0411_23:49:40 17 93.6 94.915
2024_0411_23:49:46 17 0.365 -0.705
2024_0411_23:49:49 17 94.5 94.895
2024_0411_23:49:57 17 0.165 -0.91
2024_0411_23:50:01 17 94.76 95.425
2024_0411_23:50:02 17 30.685 35.405
2024_0411_23:50:05 17 0.325 0.185
2024_0411_23:50:29 17 -0.715 0.555
2024_0411_23:50:31 17 93.075 92.07
2024_0411_23:50:34 17 -1.14 -0.67
2024_0411_23:50:43 17 -0.19 4.01
2024_0411_23:51:14 17 94.58 94.93
2024_0411_23:53:08 17 -1.5 -1.8
2024_0411_23:53:19 17 94.47 95.77
2024_0411_23:53:33 17 95.985 96.28
2024_0411_23:53:56 17 2.88 0.69
2024_0411_23:54:07 18 94.89 93.215
2024_0411_23:54:08 18 94.47 94.325
2024_0411_23:54:09 18 0.275 -0.44
2024_0411_23:54:22 18 96.445 96.595
2024_0411_23:54:23 18 -10.13 10.11
2024_0411_23:54:27 18 1.185 0.015
2024_0411_23:54:33 18 0.335 -0.565
2024_0411_23:54:52 18 0.335 0.255
2024_0411_23:54:57 18 45.775 94.755
2024_0411_23:54:59 18 1.565 -0.865
2024_0411_23:55:04 18 -0.305 1.515
2024_0411_23:55:36 18 -0.485 -0.085
2024_0411_23:57:33 18 93.835 93.21
2024_0411_23:57:45 18 -38.25 45.49
2024_0411_23:58:05 18 0.69 1.735
2024_0411_23:58:16 18 -33.77 33.675
2024_0411_23:58:31 18 80.425 11.555
2024_0411_23:58:32 18 4.81 2.505
2024_0411_23:58:38 18 0.38 0.485
2024_0411_23:58:46 18 93.945 93.355
2024_0411_23:58:47 18 96.08 96.945
2024_0411_23:58:49 18 0.06 0.74
2024_0411_23:58:57 18 -0.61 2.025
2024_0411_23:59:16 18 96.255 96.655
2024_0411_23:59:22 18 23.025 15.12
2024_0411_23:59:23 18 94.265 94.44
2024_0411_23:59:28 18 89.01 94.62
2024_0411_23:59:57 18 -0.645 2.49
2024_0412_00:01:56 18 91.62 94.165
2024_0412_00:02:11 18 -0.795 -0.13
2024_0412_00:02:37 18 95.275 87.565
2024_0412_00:02:42 18 96.59 96.205
2024_0412_00:02:53 18 -14.89 14.41
2024_0412_00:02:59 19 38.115 62.045
2024_0412_00:03:00 19 95.21 92.97
2024_0412_00:03:08 19 -50.005 -50.005
2024_0412_00:03:11 19 49.97 -49.95
2024_0412_00:03:13 19 39.4 -3.12
2024_0412_00:03:24 19 -0.89 0.83
2024_0412_00:03:34 19 -49.995 49.99
2024_0412_00:03:44 19 18.715 -18.12
2024_0412_00:03:50 19 -99.99 99.99
2024_0412_00:03:55 19 19.755 21.955
2024_0412_00:04:28 19 0.455 -1.18
2024_0412_00:06:20 19 -50.21 50.01
2024_0412_00:06:35 19 79.72 -79.92
2024_0412_00:07:03 19 95.42 94.68
2024_0412_00:07:04 19 -0.77 0.725
2024_0412_00:07:13 19 96.36 96.8
2024_0412_00:07:23 19 -0.725 -0.165
2024_0412_00:07:25 20 0.035 -0.295
2024_0412_00:07:33 20 95.135 94.63
2024_0412_00:07:38 20 96.31 96.32
2024_0412_00:07:40 20 7.42 6.04
2024_0412_00:07:48 20 91.575 92.79
2024_0412_00:08:25 20 1.035 0.53
2024_0412_00:08:56 20 1.13 -0.815
2024_0412_00:09:19 20 93.945 94.395
2024_0412_00:10:41 20 95.79 96.4
2024_0412_00:10:47 20 0.745 -0.565
2024_0412_00:10:51 20 11.32 -12.64
2024_0412_00:11:04 20 42.785 -1.795
2024_0412_00:11:23 20 -1.57 -0.41
2024_0412_00:11:25 20 0.22 -0.705
2024_0412_00:11:37 20 -1.06 1.815
2024_0412_00:11:53 20 44.53 96.945
2024_0412_00:12:01 14 94.9 95.265
2024_0412_00:12:01 14 0.04 0.425
2024_0412_00:12:15 14 11.77 5.42
2024_0412_00:12:51 15 19.705 7.72
2024_0412_00:13:22 15 21.15 20.07
2024_0412_00:13:46 15 -0.22 -0.125
2024_0412_00:14:25 16 20.085 -18.955
2024_0412_00:15:11 20 93.715 92.945
2024_0412_00:15:17 20 1.205 19.46
2024_0412_00:15:18 20 96.42 96.48
2024_0412_00:15:32 20 0.905 -0.255
2024_0412_00:19:20 20 93.455 83.67
2024_0412_00:23:43 8 94.06 93.105
2024_0412_00:23:44 8 94.285 95.145
2024_0412_00:23:44 2 92.71 93.385
2024_0412_00:23:45 1 96.575 96.215
2024_0412_00:23:45 8 94.275 95.12
2024_0412_00:23:46 6 96.365 96.605
2024_0412_00:23:47 8 94.715 92.905
2024_0412_00:23:47 8 93.825 92.605
2024_0412_00:23:49 8 94.48 93.99
2024_0412_00:23:49 7 94.645 95.305
2024_0412_00:23:50 8 94.26 95.42
2024_0412_00:23:50 3 94.825 94.095
2024_0412_00:23:51 4 93.475 91.97
2024_0412_00:23:51 3 95.245 94.665
2024_0412_00:23:53 8 94.62 93.22
2024_0412_00:26:58 8 94.37 94.17
2024_0412_00:28:04 8 94.06 94.78
2024_0412_00:28:06 11 -0.835 1.55
2024_0412_00:28:06 11 -0.675 -1.115
2024_0412_00:28:08 10 95.71 96.17
2024_0412_00:28:09 11 0.5 1.26
2024_0412_00:28:09 11 0.085 -1.26
2024_0412_00:28:10 9 96.715 96.68
2024_0412_00:28:10 11 -0.565 -0.8
2024_0412_00:28:11 11 96.575 96.445
2024_0412_00:28:12 11 49.99 -99.99
2024_0412_00:28:12 11 88.135 93.935
2024_0412_00:28:14 11 96.19 96.625
2024_0412_00:28:15 11 99.99 -99.97
2024_0412_00:28:16 11 96.32 95.93
2024_0412_00:28:23 11 96.43 96.535
2024_0412_00:31:17 11 -1.175 0.01
2024_0412_00:32:25 11 -99.99 -49.995
2024_0412_00:32:26 11 0.425 -0.955
2024_0412_00:32:29 11 -0.67 -1.02
2024_0412_00:32:30 11 94.545 91.065
2024_0412_00:32:32 11 0.71 0.23
2024_0412_00:32:32 11 94.505 94.3
2024_0412_00:32:33 11 1.05 0.48
2024_0412_00:32:34 11 94.695 93.655
2024_0412_00:32:34 11 -0.01 -0.76
2024_0412_00:32:34 11 95.075 94.105
2024_0412_00:32:36 11 0.205 -0.27
2024_0412_00:32:38 11 96.39 96.72
2024_0412_00:32:39 11 0.245 -0.455
2024_0412_00:32:41 11 -0.15 -0.325
2024_0412_00:32:50 11 -0.005 0.04
2024_0412_00:35:37 11 -0.735 -0.315
2024_0412_00:36:47 11 0.425 0.66
2024_0412_00:36:50 11 95.15 92.835
2024_0412_00:36:50 11 94.775 95.355
2024_0412_00:36:53 11 93.73 94.08
2024_0412_00:36:53 11 -0.715 -0.58
2024_0412_00:36:55 11 0.43 0.245
2024_0412_00:36:56 11 94.775 92.66
2024_0412_00:36:59 11 0.59 0.475
2024_0412_00:36:59 11 0.625 0.23
2024_0412_00:37:00 11 49.995 99.99
2024_0412_00:37:01 11 96.28 96.57
2024_0412_00:37:01 11 -0.685 -0.49
2024_0412_00:37:04 11 0.225 -0.33
2024_0412_00:37:05 11 39.1 41.405
2024_0412_00:37:14 11 0.325 -0.305
2024_0412_00:39:56 11 0.96 -0.27
2024_0412_00:41:10 11 -1.855 -1.295
2024_0412_00:41:10 11 1.755 -0.475
2024_0412_00:41:11 11 93.36 93.625
2024_0412_00:41:14 11 0.62 0.245
2024_0412_00:41:20 11 -0.63 0.69
2024_0412_00:41:20 11 -49.99 -49.99
2024_0412_00:41:21 11 0.26 -0.415
2024_0412_00:41:21 11 -0.76 -1.525
2024_0412_00:41:21 11 -0.965 1.095
2024_0412_00:41:24 11 1.145 -0.71
2024_0412_00:41:25 11 40.7 62.045
2024_0412_00:41:29 11 95.395 95.325
2024_0412_00:41:29 11 -0.715 -0.23
2024_0412_00:41:30 11 94.745 92.985
2024_0412_00:41:35 11 0.12 0.785
2024_0412_00:44:14 11 -0.665 -0.8
2024_0412_00:45:30 11 33.12 -2.005
2024_0412_00:45:32 11 92.185 95.075
2024_0412_00:45:35 11 96.295 96.575
2024_0412_00:45:37 11 94.64 95.105
2024_0412_00:45:40 11 99.99 100.0
2024_0412_00:45:42 11 95.33 94.65
2024_0412_00:45:43 11 -0.07 0.1
2024_0412_00:45:43 11 99.98 99.98
2024_0412_00:45:45 11 -1.74 0.95
2024_0412_00:45:47 11 92.91 93.75
2024_0412_00:45:49 11 0.11 -0.615
2024_0412_00:45:51 11 -0.885 0.395
2024_0412_00:45:53 11 -0.27 0.615
2024_0412_00:45:56 11 -0.085 0.395
2024_0412_00:46:00 11 -2.305 0.465
2024_0412_00:48:35 11 94.46 62.4
2024_0412_00:49:50 11 0.11 0.3
2024_0412_00:49:56 11 -49.995 99.99
2024_0412_00:49:57 11 40.065 6.52
2024_0412_00:49:58 11 0.06 0.445
2024_0412_00:50:01 11 96.475 96.525
2024_0412_00:50:05 11 -0.18 -0.76
2024_0412_00:50:06 11 0.705 1.365
2024_0412_00:50:08 11 -0.075 0.145
2024_0412_00:50:09 11 -1.37 -0.545
2024_0412_00:50:14 11 -1.885 1.125
2024_0412_00:50:15 11 93.89 93.74
2024_0412_00:50:15 11 0.825 -1.29
2024_0412_00:50:16 11 94.845 94.41
2024_0412_00:50:20 11 1.31 -0.47
2024_0412_00:50:28 11 96.065 96.43
2024_0412_00:52:58 11 96.31 96.935
2024_0412_00:54:11 11 96.385 96.725
2024_0412_00:54:16 11 -0.03 -0.79
2024_0412_00:54:20 11 96.225 96.26
2024_0412_00:54:21 11 88.18 89.0
2024_0412_00:54:27 11 -0.445 0.855
2024_0412_00:54:28 11 96.65 96.585
2024_0412_00:54:30 11 -0.545 0.085
2024_0412_00:54:32 11 1.145 0.73
2024_0412_00:54:32 11 95.065 94.655
2024_0412_00:54:35 11 0.535 0.25
2024_0412_00:54:36 11 96.78 96.1
2024_0412_00:54:40 11 93.245 94.9
2024_0412_00:54:45 11 94.665 94.2
2024_0412_00:54:47 11 94.335 93.64
2024_0412_00:54:54 11 0.935 0.545
2024_0412_00:57:16 11 -0.21 -0.73
2024_0412_00:58:33 11 44.815 9.48
2024_0412_00:58:35 11 -0.52 0.66
2024_0412_00:58:39 11 0.02 -0.28
2024_0412_00:58:49 11 -99.99 99.99
2024_0412_00:58:49 11 -0.38 0.03
2024_0412_00:58:51 11 49.98 -99.985
2024_0412_00:58:52 11 0.67 0.155
2024_0412_00:58:53 11 0.19 0.71
2024_0412_00:58:53 11 94.79 94.02
2024_0412_00:58:55 11 -0.67 0.23
2024_0412_00:59:02 11 2.095 2.635
2024_0412_00:59:05 11 93.1 94.335
2024_0412_00:59:12 11 0.6 0.76
2024_0412_00:59:12 11 0.51 -0.71
2024_0412_00:59:24 11 1.475 0.23
2024_0412_01:01:35 11 99.99 -99.98
2024_0412_01:02:53 11 -0.14 -0.065
2024_0412_01:02:55 11 -49.99 49.99
2024_0412_01:03:02 11 95.69 95.24
2024_0412_01:03:10 11 -0.415 0.95
2024_0412_01:03:11 11 -0.295 -0.475
2024_0412_01:03:12 11 0.835 -0.295
2024_0412_01:03:13 11 -0.38 0.475
2024_0412_01:03:16 11 -1.4 -0.15
2024_0412_01:03:16 11 94.635 93.895
2024_0412_01:03:17 11 -0.025 -0.385
2024_0412_01:03:22 11 0.72 -0.09
2024_0412_01:03:30 11 0.24 -1.355
2024_0412_01:03:37 11 -0.705 0.34
2024_0412_01:03:40 11 0.06 1.0
2024_0412_01:03:45 11 0.425 0.205
2024_0412_01:05:59 11 64.745 -6.795
2024_0412_01:07:15 11 -0.705 -0.295
2024_0412_01:07:22 12 96.11 96.43
2024_0412_01:07:23 12 8.48 13.095
2024_0412_01:07:33 12 99.99 99.98
2024_0412_01:07:34 12 0.665 -0.655
2024_0412_01:07:36 12 95.45 96.155
2024_0412_01:07:36 12 -99.99 -49.995
2024_0412_01:07:38 12 96.075 96.26
2024_0412_01:07:40 12 -49.995 49.995
2024_0412_01:07:44 12 95.29 92.955
2024_0412_01:07:52 12 96.725 97.08
2024_0412_01:07:53 12 0.3 0.48
2024_0412_01:08:04 12 94.065 94.685
2024_0412_01:08:08 12 -1.55 33.825
2024_0412_01:08:11 12 -0.325 -0.645
2024_0412_01:10:20 12 75.935 74.245
2024_0412_01:11:37 12 6.905 60.82
2024_0412_01:11:42 12 -0.235 -1.385
2024_0412_01:11:44 12 -49.995 100.0
2024_0412_01:11:58 12 95.025 93.49
2024_0412_01:11:58 12 95.775 95.77
2024_0412_01:11:58 12 0.725 -0.105
2024_0412_01:11:58 12 96.545 96.47
2024_0412_01:12:00 12 95.575 95.325
2024_0412_01:12:07 12 -0.28 -0.82
2024_0412_01:12:10 12 0.15 0.96
2024_0412_01:12:16 12 -1.28 2.335
2024_0412_01:12:17 12 93.045 94.69
2024_0412_01:12:28 12 -1.37 -1.445
2024_0412_01:12:32 12 95.775 96.865
2024_0412_01:12:42 12 95.55 95.26
2024_0412_01:14:44 12 95.62 96.09
2024_0412_01:16:01 12 -0.94 0.43
2024_0412_01:16:02 12 -0.28 0.025
2024_0412_01:16:07 12 1.24 0.15
2024_0412_01:16:19 12 62.815 69.18
2024_0412_01:16:20 12 0.92 -1.88
2024_0412_01:16:23 12 94.645 92.875
2024_0412_01:16:23 12 0.35 1.02
2024_0412_01:16:24 12 -1.62 0.035
2024_0412_01:16:30 12 0.97 0.85
2024_0412_01:16:31 12 93.845 95.265
2024_0412_01:16:40 12 77.09 75.37
2024_0412_01:16:40 12 -0.15 -0.33
2024_0412_01:16:49 12 -0.27 0.7
2024_0412_01:16:54 12 93.0 94.24
2024_0412_01:17:09 12 94.605 93.995
2024_0412_01:19:08 12 94.3 89.76
2024_0412_01:20:25 12 96.715 97.58
2024_0412_01:20:29 12 0.94 0.315
2024_0412_01:20:34 12 96.665 96.13
2024_0412_01:20:41 12 75.935 75.525
2024_0412_01:20:44 12 93.425 93.785
2024_0412_01:20:49 12 -1.505 0.215
2024_0412_01:20:49 12 95.75 53.535
2024_0412_01:20:50 12 96.585 96.485
2024_0412_01:20:51 12 -2.32 65.03
2024_0412_01:20:56 12 40.575 41.055
2024_0412_01:21:05 12 -0.43 0.93
2024_0412_01:21:06 12 94.46 93.42
2024_0412_01:21:12 12 0.16 1.32
2024_0412_01:21:21 12 95.295 94.91
2024_0412_01:21:34 12 0.67 -0.255
2024_0412_01:23:35 12 94.335 95.49
2024_0412_01:24:45 12 -0.82 1.295
2024_0412_01:24:58 12 -0.745 -0.2
2024_0412_01:24:59 12 94.09 95.295
2024_0412_01:25:03 12 0.765 1.88
2024_0412_01:25:06 12 96.415 96.665
2024_0412_01:25:10 12 2.07 -2.38
2024_0412_01:25:11 12 -0.245 0.445
2024_0412_01:25:12 12 16.75 21.39
2024_0412_01:25:16 12 96.535 96.345
2024_0412_01:25:26 12 95.065 94.255
2024_0412_01:25:28 12 4.11 -3.485
2024_0412_01:25:34 12 94.765 93.925
2024_0412_01:25:35 12 -0.11 -0.12
2024_0412_01:25:45 12 -0.56 0.215
2024_0412_01:26:03 12 94.285 94.53
2024_0412_01:27:58 12 96.585 96.42
2024_0412_01:29:07 12 0.615 0.59
2024_0412_01:29:24 12 94.98 94.375
2024_0412_01:29:25 12 -0.795 -0.82
2024_0412_01:29:25 12 91.455 95.665
2024_0412_01:29:28 12 -1.01 1.275
2024_0412_01:29:33 12 -99.98 49.99
2024_0412_01:29:34 12 96.485 96.68
2024_0412_01:29:35 12 94.56 92.275
2024_0412_01:29:43 12 2.14 0.935
2024_0412_01:29:49 12 -49.99 99.985
2024_0412_01:29:54 12 90.365 91.495
2024_0412_01:29:57 12 92.015 94.22
2024_0412_01:29:57 12 93.705 94.895
2024_0412_01:30:10 12 49.99 -49.99
2024_0412_01:30:30 12 96.455 96.595
2024_0412_01:32:24 12 91.2 95.04
2024_0412_01:33:32 12 96.81 96.71
2024_0412_01:33:50 12 95.825 97.82
2024_0412_01:33:50 12 96.885 96.785
2024_0412_01:33:53 12 95.81 95.955
2024_0412_01:33:54 12 -44.235 41.025
2024_0412_01:33:57 12 -56.875 58.27
2024_0412_01:33:59 12 33.945 -36.515
2024_0412_01:34:04 12 42.63 39.965
2024_0412_01:34:07 12 94.465 94.66
2024_0412_01:34:13 12 96.47 96.22
2024_0412_01:34:19 12 0.615 -0.585
2024_0412_01:34:22 12 -0.13 -0.675
2024_0412_01:34:22 12 71.115 87.375
2024_0412_01:34:41 12 96.475 96.95
2024_0412_01:34:53 12 50.0 49.99
2024_0412_01:36:49 12 -3.13 4.815
2024_0412_01:38:01 13 0.405 -0.205
2024_0412_01:38:07 13 0.71 -0.08
2024_0412_01:38:13 13 0.76 0.055
2024_0412_01:38:14 13 9.53 -10.385
2024_0412_01:38:16 13 9.5 94.495
2024_0412_01:38:17 13 0.0 -0.345
2024_0412_01:38:26 13 87.885 94.63
2024_0412_01:38:26 13 94.49 18.96
2024_0412_01:38:32 13 93.815 93.82
2024_0412_01:38:35 13 94.29 94.925
2024_0412_01:38:45 13 96.77 96.11
2024_0412_01:38:48 13 -0.325 0.51
2024_0412_01:38:48 13 10.135 9.795
2024_0412_01:39:08 13 0.055 1.515
2024_0412_01:39:14 13 -48.36 48.895
2024_0412_01:41:17 13 37.185 40.585
2024_0412_01:42:26 13 -0.34 -0.56
2024_0412_01:42:30 13 39.51 39.99
2024_0412_01:42:35 13 0.305 1.31
2024_0412_01:42:35 13 13.04 65.77
2024_0412_01:42:37 13 3.925 2.615
2024_0412_01:42:42 13 -0.18 -1.36
2024_0412_01:42:52 13 93.46 95.06
2024_0412_01:42:56 13 0.335 0.27
2024_0412_01:42:58 13 0.27 2.28
2024_0412_01:43:04 13 -0.98 0.93
2024_0412_01:43:07 13 -49.99 -49.995
2024_0412_01:43:10 13 -0.61 -1.215
2024_0412_01:43:14 13 39.03 39.68
2024_0412_01:43:35 13 -1.145 -0.24
2024_0412_01:43:39 13 -0.575 0.625
2024_0412_01:45:41 13 75.28 73.96
2024_0412_01:46:51 13 0.92 0.03
2024_0412_01:46:53 13 -3.77 95.745
2024_0412_01:46:58 13 0.605 -1.445
2024_0412_01:47:00 13 11.87 10.545
2024_0412_01:47:02 13 -0.705 1.43
2024_0412_01:47:03 13 90.815 94.835
2024_0412_01:47:18 13 0.78 1.57
2024_0412_01:47:20 13 0.75 -0.655
2024_0412_01:47:22 13 97.05 96.965
2024_0412_01:47:30 13 -49.985 99.97
2024_0412_01:47:33 13 96.41 96.745
2024_0412_01:47:34 13 93.685 93.955
2024_0412_01:47:41 13 93.38 94.185
2024_0412_01:47:58 13 4.39 0.77
2024_0412_01:48:12 13 -0.335 1.17
2024_0412_01:50:02 13 -1.685 41.275
2024_0412_01:51:10 13 0.27 -0.665
2024_0412_01:51:19 13 -7.905 8.655
2024_0412_01:51:20 13 -1.03 0.905
2024_0412_01:51:24 13 0.305 1.085
2024_0412_01:51:28 13 64.155 69.775
2024_0412_01:51:28 13 93.27 95.215
2024_0412_01:51:41 13 -49.995 99.98
2024_0412_01:51:42 13 -0.38 -0.48
2024_0412_01:51:45 13 40.24 38.28
2024_0412_01:51:53 13 1.305 0.22
2024_0412_01:52:01 13 45.315 -12.855
2024_0412_01:52:01 13 96.45 96.355
2024_0412_01:52:10 13 94.105 95.24
2024_0412_01:52:22 13 -0.08 -1.285
2024_0412_01:52:40 13 -0.38 0.255
2024_0412_01:54:23 13 -100.0 99.995
2024_0412_01:55:35 13 -10.635 45.035
2024_0412_01:55:37 13 -0.48 -0.41
2024_0412_01:55:44 13 -10.28 10.61
2024_0412_01:55:50 13 31.155 29.775
2024_0412_01:55:51 13 95.29 93.2
2024_0412_01:55:56 13 1.02 1.625
2024_0412_01:56:02 13 -0.645 -0.985
2024_0412_01:56:05 13 -9.78 11.03
2024_0412_01:56:07 13 0.005 0.55
2024_0412_01:56:14 13 0.63 -0.09
2024_0412_01:56:25 13 95.525 95.75
2024_0412_01:56:29 13 50.0 -50.0
2024_0412_01:56:34 13 36.97 39.315
2024_0412_01:56:46 13 93.44 94.965
2024_0412_01:57:08 13 89.665 90.15
2024_0412_01:58:45 13 96.585 95.62
2024_0412_01:59:59 13 0.94 -0.285
2024_0412_02:00:01 13 94.75 93.98
2024_0412_02:00:07 13 -0.715 0.405
2024_0412_02:00:17 13 0.395 0.335
2024_0412_02:00:19 13 -2.17 29.355
2024_0412_02:00:20 13 -9.435 21.61
2024_0412_02:00:25 13 0.815 1.775
2024_0412_02:00:26 13 95.585 94.445
2024_0412_02:00:31 13 -1.175 -0.1
2024_0412_02:00:40 13 94.855 94.185
2024_0412_02:00:49 13 -0.025 0.955
2024_0412_02:00:54 13 0.42 0.72
2024_0412_02:00:57 13 0.265 -1.885
2024_0412_02:01:09 13 99.98 -99.99
2024_0412_02:01:32 13 0.815 0.59
2024_0412_02:03:06 13 0.005 -0.34
2024_0412_02:04:20 13 -0.62 0.355
2024_0412_02:04:27 13 94.325 93.855
2024_0412_02:04:30 13 96.61 96.97
2024_0412_02:04:47 13 0.92 1.055
2024_0412_02:04:51 13 -0.345 0.995
2024_0412_02:04:59 13 57.34 96.575
2024_0412_02:05:12 13 9.425 10.86
2024_0412_02:05:20 13 97.71 47.275
2024_0412_02:05:22 13 93.99 96.175
2024_0412_02:05:31 13 -5.055 42.07
2024_0412_02:05:59 13 8.97 6.135
2024_0412_02:07:14 13 40.925 38.87
2024_0412_02:07:28 13 94.92 95.81
2024_0412_02:07:39 13 27.97 31.65
2024_0412_02:07:46 13 4.835 -0.765
2024_0412_02:08:34 13 93.985 93.065
2024_0412_02:08:44 13 92.995 87.935
2024_0412_02:08:55 13 11.445 10.975
2024_0412_02:09:10 13 -1.415 -0.67
2024_0412_02:09:16 13 94.9 94.88
2024_0412_02:09:23 13 39.385 40.045
2024_0412_02:09:36 13 -0.69 0.305
2024_0412_02:09:41 13 0.335 0.01
2024_0412_02:09:43 13 -0.455 -0.165
2024_0412_02:09:54 13 97.0 96.505
2024_0412_02:10:22 13 1.335 -0.835
2024_0412_02:11:43 13 95.005 93.845
2024_0412_02:11:54 13 0.91 -1.02
2024_0412_02:11:59 13 1.365 1.09
2024_0412_02:12:01 13 2.89 -2.05
2024_0412_02:12:08 13 0.22 -0.325
2024_0412_02:12:52 13 -0.085 -0.985
2024_0412_02:13:05 13 0.35 0.365
2024_0412_02:13:19 13 1.565 0.275
2024_0412_02:13:33 13 0.44 -0.545
2024_0412_02:13:45 13 -0.475 1.4
2024_0412_02:13:47 13 96.29 90.0
2024_0412_02:13:58 13 -8.73 33.835
2024_0412_02:14:05 13 0.165 0.565
2024_0412_02:14:09 13 -1.385 0.925
2024_0412_02:14:16 13 96.195 96.005
2024_0412_02:14:51 13 92.335 92.77
2024_0412_02:16:04 13 -0.65 -0.695
2024_0412_02:16:21 13 0.63 -0.25
2024_0412_02:16:22 13 94.095 89.26
2024_0412_02:16:23 13 1.97 -1.835
2024_0412_02:16:31 13 52.125 -52.2
2024_0412_02:17:17 13 96.195 96.085
2024_0412_02:17:32 13 34.915 92.205
2024_0412_02:17:45 13 2.8 22.77
2024_0412_02:17:57 13 92.16 92.065
2024_0412_02:18:07 13 0.785 -0.73
2024_0412_02:18:12 13 -1.055 1.32
2024_0412_02:18:23 13 97.215 96.72
2024_0412_02:18:30 13 84.19 94.955
2024_0412_02:18:30 13 -1.3 5.575
2024_0412_02:18:37 13 -34.065 34.095
2024_0412_02:19:15 13 94.86 94.11
2024_0412_02:20:27 13 0.325 0.99
2024_0412_02:20:44 13 0.035 0.025
2024_0412_02:20:48 13 39.515 40.555
2024_0412_02:20:48 13 19.895 45.825
2024_0412_02:20:55 13 95.07 95.145
2024_0412_02:21:41 13 74.785 75.29
2024_0412_02:22:01 13 8.985 5.41
2024_0412_02:22:15 13 94.4 94.07
2024_0412_02:22:18 13 10.575 12.425
2024_0412_02:22:31 13 0.76 1.29
2024_0412_02:22:44 13 93.805 95.085
2024_0412_02:22:45 13 -0.29 -0.805
2024_0412_02:22:53 13 0.87 0.87
2024_0412_02:23:00 13 2.58 21.205
2024_0412_02:23:03 13 14.09 13.13
2024_0412_02:23:40 13 97.435 96.715
2024_0412_02:24:53 13 93.55 92.395
2024_0412_02:25:05 13 19.945 -20.4
2024_0412_02:25:11 13 94.52 94.135
2024_0412_02:25:12 13 8.95 6.985
2024_0412_02:25:16 13 -0.13 -0.8
2024_0412_02:26:09 13 96.265 96.735
2024_0412_02:26:31 13 0.86 13.42
2024_0412_02:26:37 13 1.965 6.74
2024_0412_02:26:40 13 -1.065 0.82
2024_0412_02:26:54 13 0.085 0.235
2024_0412_02:27:09 13 -0.28 0.2
2024_0412_02:27:10 13 40.24 -21.685
2024_0412_02:27:17 13 95.355 93.7
2024_0412_02:27:24 13 0.745 0.54
2024_0412_02:27:27 13 91.87 94.655
2024_0412_02:28:05 13 95.405 94.585
2024_0412_02:29:23 14 -0.115 0.23
2024_0412_02:29:26 14 38.575 36.23
2024_0412_02:29:35 14 91.11 94.325
2024_0412_02:29:36 14 0.155 -0.05
2024_0412_02:29:39 14 93.735 95.025
2024_0412_02:30:41 14 0.305 -0.72
2024_0412_02:30:58 14 -5.135 79.23
2024_0412_02:30:58 14 0.54 -0.26
2024_0412_02:31:01 14 49.99 99.98
2024_0412_02:31:24 14 96.045 96.575
2024_0412_02:31:36 14 -0.4 -1.055
2024_0412_02:31:44 14 95.455 95.2
2024_0412_02:31:47 14 -0.465 -0.12
2024_0412_02:31:50 14 -0.395 0.31
2024_0412_02:32:37 14 -0.045 -0.145
2024_0412_02:32:42 14 15.14 24.15
2024_0412_02:33:44 14 -1.41 0.14
2024_0412_02:33:47 14 -0.355 1.38
2024_0412_02:34:00 14 93.63 94.07
2024_0412_02:34:01 14 77.495 76.135
2024_0412_02:34:04 14 90.865 63.575
2024_0412_02:35:14 14 94.435 45.925
2024_0412_02:35:21 14 1.065 -1.26
2024_0412_02:35:22 14 95.78 95.995
2024_0412_02:35:24 14 1.23 -0.9
2024_0412_02:35:48 14 -0.525 0.34
2024_0412_02:36:07 14 42.29 0.685
2024_0412_02:36:08 14 96.27 95.45
2024_0412_02:36:11 14 99.98 -49.99
2024_0412_02:36:19 14 1.555 -0.535
2024_0412_02:37:00 14 9.975 50.66
2024_0412_02:37:12 14 93.82 93.15
2024_0412_02:38:05 14 -0.825 40.7
2024_0412_02:38:08 14 0.36 -0.255
2024_0412_02:38:25 14 -1.335 -0.005
2024_0412_02:38:25 14 49.815 84.07
2024_0412_02:39:38 14 0.015 0.0
2024_0412_02:39:42 14 8.77 -7.475
2024_0412_02:39:43 14 -1.23 0.875
2024_0412_02:39:51 14 96.115 40.075
2024_0412_02:40:15 14 93.37 94.395
2024_0412_02:40:30 14 12.205 10.72
2024_0412_02:40:31 14 -0.22 0.385
2024_0412_02:40:37 14 9.815 -10.27
2024_0412_02:40:44 14 94.505 91.16
2024_0412_02:40:47 14 -0.19 0.02
2024_0412_02:41:23 14 1.255 0.29
2024_0412_02:41:44 14 -24.735 69.275
2024_0412_02:42:24 14 -0.84 -0.37
2024_0412_02:42:27 14 -99.98 -49.995
2024_0412_02:42:51 14 96.205 96.38
2024_0412_02:42:52 14 93.975 94.585
2024_0412_02:44:00 14 -15.865 16.86
2024_0412_02:44:06 14 1.185 0.905
2024_0412_02:44:11 14 -8.995 11.52
2024_0412_02:44:12 14 96.295 95.96
2024_0412_02:44:38 14 95.905 94.485
2024_0412_02:44:51 14 96.055 96.16
2024_0412_02:44:56 14 -9.785 9.94
2024_0412_02:45:02 14 94.085 38.22
2024_0412_02:45:09 14 95.795 95.035
2024_0412_02:45:15 14 31.945 31.085
2024_0412_02:45:47 14 96.28 96.235
2024_0412_02:46:17 14 95.675 95.75
2024_0412_02:46:49 14 0.86 0.15
2024_0412_02:46:59 14 28.86 33.325
2024_0412_02:47:14 14 -0.53 -0.66
2024_0412_02:47:19 14 -0.905 0.06
2024_0412_02:48:30 14 10.95 12.43
2024_0412_02:48:33 14 0.0 -0.19
2024_0412_02:48:33 14 0.215 -0.265
2024_0412_02:48:38 14 93.88 93.5
2024_0412_02:49:05 14 93.72 90.38
2024_0412_02:49:20 14 0.3 -0.97
2024_0412_02:49:21 14 0.32 0.08
2024_0412_02:49:29 14 0.35 -1.84
2024_0412_02:49:35 14 69.755 51.96
2024_0412_02:49:37 14 -0.35 0.84
2024_0412_02:50:14 14 5.94 5.195
2024_0412_02:50:42 14 93.075 92.395
2024_0412_02:51:14 14 93.455 95.795
2024_0412_02:51:21 14 -1.2 0.57
2024_0412_02:51:36 14 -19.99 21.005
2024_0412_02:51:45 14 -1.28 0.035
2024_0412_02:52:59 14 -0.58 -0.525
2024_0412_02:52:59 14 96.08 95.69
2024_0412_02:53:03 14 94.425 94.365
2024_0412_02:53:05 14 99.98 49.995
2024_0412_02:53:25 14 0.375 -0.435
2024_0412_02:53:42 14 -1.27 0.07
2024_0412_02:53:44 14 0.335 0.195
2024_0412_02:53:52 14 94.525 95.14
2024_0412_02:53:59 14 0.34 -0.185
2024_0412_02:54:38 14 9.795 29.35
2024_0412_02:55:09 14 93.29 93.95
2024_0412_02:55:35 14 95.91 96.505
2024_0412_02:55:47 14 0.255 -0.12
2024_0412_02:55:59 14 -0.13 -0.24
2024_0412_02:56:09 14 0.24 10.09
2024_0412_02:56:41 14 8.47 37.47
2024_0412_02:57:24 14 90.425 94.15
2024_0412_02:57:26 14 39.14 96.38
2024_0412_02:57:37 14 41.57 1.63
2024_0412_02:57:41 14 -13.12 47.0
2024_0412_02:57:48 14 -39.875 39.875
2024_0412_02:58:04 14 -0.615 4.72
2024_0412_02:58:08 14 0.11 0.63
2024_0412_02:58:21 14 -1.385 93.14
2024_0412_02:58:25 14 94.61 94.7
2024_0412_02:59:05 14 89.36 93.63
2024_0412_02:59:39 14 35.58 -1.305
2024_0412_02:59:53 14 -0.21 0.06
2024_0412_03:00:12 14 1.455 1.29
2024_0412_03:00:20 14 59.93 -60.4
2024_0412_03:00:36 14 95.635 94.395
2024_0412_03:01:04 14 0.14 -0.27
2024_0412_03:01:46 14 75.51 71.425
2024_0412_03:01:49 14 45.45 94.585
2024_0412_03:02:04 14 91.63 93.855
2024_0412_03:02:09 14 95.325 41.075
2024_0412_03:02:27 14 0.925 -0.005
2024_0412_03:02:27 14 0.07 -0.325
2024_0412_03:02:49 14 1.085 -0.695
2024_0412_03:02:54 14 93.39 93.415
2024_0412_03:03:24 14 95.845 95.58
2024_0412_03:03:46 14 1.425 -1.425
2024_0412_03:04:07 14 7.425 33.785
2024_0412_03:04:14 14 -0.71 -0.055
2024_0412_03:04:37 14 -0.175 -0.04
2024_0412_03:04:43 14 95.35 96.185
2024_0412_03:05:01 14 -1.405 49.66
2024_0412_03:05:31 14 93.625 91.75
2024_0412_03:06:08 14 91.31 93.615
2024_0412_03:06:12 14 31.415 -14.61
2024_0412_03:06:28 14 96.405 96.565
2024_0412_03:06:30 14 96.385 96.56
2024_0412_03:06:49 14 94.78 91.91
2024_0412_03:06:54 14 96.83 96.595
2024_0412_03:07:08 14 0.81 0.39
2024_0412_03:07:23 14 -10.905 49.195
2024_0412_03:07:44 14 -36.185 35.465
2024_0412_03:08:09 14 -0.225 -1.06
2024_0412_03:08:36 14 19.645 10.255
2024_0412_03:08:39 14 92.985 94.83
2024_0412_03:09:00 14 -0.98 0.485
2024_0412_03:09:08 14 40.54 40.77
2024_0412_03:09:31 14 37.87 36.915
2024_0412_03:09:53 14 -1.42 -0.605
2024_0412_03:10:33 14 94.845 94.215
2024_0412_03:10:35 14 94.88 94.675
2024_0412_03:10:50 14 93.905 93.23
2024_0412_03:10:52 14 35.97 -4.52
2024_0412_03:11:08 14 -32.995 33.715
2024_0412_03:11:21 14 -0.47 0.165
2024_0412_03:11:34 14 49.57 -2.58
2024_0412_03:11:51 14 -8.485 8.585
2024_0412_03:12:04 14 63.64 -12.01
2024_0412_03:12:29 14 49.995 49.99
2024_0412_03:12:59 14 92.015 94.585
2024_0412_03:13:04 14 -1.145 0.34
2024_0412_03:13:35 14 5.425 16.81
2024_0412_03:13:56 14 95.4 94.84
2024_0412_03:14:13 14 0.74 0.625
2024_0412_03:14:57 14 95.11 95.16
2024_0412_03:14:59 14 94.095 94.625
2024_0412_03:15:11 14 0.635 1.055
2024_0412_03:15:15 14 93.305 95.07
2024_0412_03:15:27 14 -0.23 -0.08
2024_0412_03:15:44 15 93.98 95.975
2024_0412_03:16:04 15 94.78 93.455
2024_0412_03:16:19 15 95.65 96.64
2024_0412_03:16:22 15 24.45 -3.195
2024_0412_03:16:23 15 -1.165 0.275
2024_0412_03:17:44 15 -1.035 0.115
2024_0412_03:18:03 15 10.23 -10.34
2024_0412_03:18:03 15 0.78 0.435
2024_0412_03:18:20 15 96.3 95.805
2024_0412_03:18:36 15 0.585 -1.69
2024_0412_03:19:20 15 94.69 95.325
2024_0412_03:19:22 15 95.375 74.075
2024_0412_03:19:31 15 -0.875 -0.3
2024_0412_03:19:38 15 15.315 9.105
2024_0412_03:19:46 15 45.95 -19.145
2024_0412_03:20:06 15 19.38 94.15
2024_0412_03:20:10 15 11.835 -12.465
2024_0412_03:20:34 15 30.3 -20.15
2024_0412_03:20:47 15 94.56 89.405
2024_0412_03:20:49 15 94.67 94.615
2024_0412_03:20:50 15 8.425 -8.1
2024_0412_03:22:09 15 -0.015 -0.02
2024_0412_03:22:25 15 -0.01 0.635
2024_0412_03:22:29 15 95.595 94.485
2024_0412_03:22:45 15 96.175 96.35
2024_0412_03:22:59 15 84.93 57.42
2024_0412_03:23:42 15 48.05 44.38
2024_0412_03:23:44 15 97.28 47.58
2024_0412_03:23:54 15 94.61 46.26
2024_0412_03:24:04 15 96.225 96.305
2024_0412_03:24:10 15 0.595 -1.48
2024_0412_03:24:26 15 7.59 -7.41
2024_0412_03:25:04 15 95.0 93.44
2024_0412_03:25:08 15 -7.62 7.755
2024_0412_03:25:13 15 -0.62 0.875
2024_0412_03:25:15 15 -0.085 -0.02
2024_0412_03:26:30 15 -0.915 1.035
2024_0412_03:26:47 15 92.19 94.405
2024_0412_03:26:53 15 94.905 94.82
2024_0412_03:27:09 15 94.685 94.51
2024_0412_03:27:28 15 93.96 94.555
2024_0412_03:27:50 15 92.26 95.045
2024_0412_03:28:03 15 96.815 97.37
2024_0412_03:28:07 15 94.675 94.095
2024_0412_03:28:15 15 97.08 96.355
2024_0412_03:28:27 15 0.15 -0.975
2024_0412_03:28:29 15 96.325 96.275
2024_0412_03:28:53 15 1.5 0.82
2024_0412_03:29:31 15 -2.55 2.51
2024_0412_03:29:33 15 27.2 26.585
2024_0412_03:29:38 15 11.065 11.935
2024_0412_03:29:45 15 74.49 73.59
2024_0412_03:30:53 15 2.825 -2.07
2024_0412_03:31:07 15 -1.73 -0.37
2024_0412_03:31:18 15 94.25 44.35
2024_0412_03:31:40 15 94.98 94.295
2024_0412_03:31:49 15 4.325 -0.905
2024_0412_03:32:23 15 50.44 54.4
2024_0412_03:32:30 15 -1.33 42.485
2024_0412_03:32:43 15 0.63 0.47
2024_0412_03:32:53 15 8.93 7.18
2024_0412_03:32:59 15 94.98 93.785
2024_0412_03:33:16 15 -10.715 10.045
2024_0412_03:33:52 15 94.955 93.98
2024_0412_03:34:00 15 0.01 0.115
2024_0412_03:34:02 15 -0.005 -0.23
2024_0412_03:34:14 15 20.735 13.92
2024_0412_03:34:48 15 99.99 -49.985
2024_0412_03:35:16 15 95.485 96.47
2024_0412_03:35:31 15 0.115 0.505
2024_0412_03:35:37 15 -0.01 0.005
2024_0412_03:36:04 15 -99.97 99.985
2024_0412_03:36:49 15 -0.045 -0.02
2024_0412_03:36:54 15 0.64 0.235
2024_0412_03:37:06 15 -2.18 49.56
2024_0412_03:37:18 15 94.21 93.24
2024_0412_03:37:20 15 92.89 84.615
2024_0412_03:37:42 15 38.55 40.115
2024_0412_03:38:13 15 45.4 94.775
2024_0412_03:38:27 15 96.665 96.475
2024_0412_03:38:30 15 43.28 43.79
2024_0412_03:38:46 15 -0.595 0.975
2024_0412_03:39:07 15 -0.51 -1.43
2024_0412_03:39:37 15 95.975 96.045
2024_0412_03:39:46 15 -9.9 10.125
2024_0412_03:39:49 15 -99.985 -99.99
2024_0412_03:40:00 15 95.235 92.9
2024_0412_03:40:36 15 0.39 -0.625
2024_0412_03:41:16 15 0.015 -0.07
2024_0412_03:41:17 15 93.62 94.72
2024_0412_03:41:25 15 -14.645 31.82
2024_0412_03:41:43 15 96.94 96.715
2024_0412_03:41:45 15 -0.455 -0.045
2024_0412_03:42:06 15 0.635 0.3
2024_0412_03:42:37 15 12.565 -10.63
2024_0412_03:42:47 15 0.27 -0.165
2024_0412_03:42:56 15 95.595 93.315
2024_0412_03:43:10 15 93.36 94.41
2024_0412_03:43:29 15 -2.245 -1.55
2024_0412_03:43:57 15 0.285 -0.4
2024_0412_03:44:07 15 -2.57 31.86
2024_0412_03:44:11 15 0.545 -0.035
2024_0412_03:44:25 15 74.67 74.93
2024_0412_03:44:56 15 -25.875 56.44
2024_0412_03:45:43 15 94.42 90.81
2024_0412_03:45:43 15 -100.0 50.0
2024_0412_03:45:48 15 0.985 0.45
2024_0412_03:46:07 15 40.675 37.81
2024_0412_03:46:21 15 77.755 82.39
2024_0412_03:46:31 15 -0.955 0.425
2024_0412_03:46:56 15 -1.265 0.355
2024_0412_03:47:05 15 99.99 -49.995
2024_0412_03:47:18 15 -0.275 -1.14
2024_0412_03:47:31 15 99.155 -40.32
2024_0412_03:47:58 15 1.24 -0.275
2024_0412_03:48:18 15 0.115 -0.15
2024_0412_03:48:30 15 85.445 94.55
2024_0412_03:48:36 15 94.595 84.185
2024_0412_03:48:46 15 -0.035 2.135
2024_0412_03:49:20 15 95.015 93.69
2024_0412_03:50:11 15 42.635 43.78
2024_0412_03:50:14 15 78.04 84.625
2024_0412_03:50:35 15 86.5 94.45
2024_0412_03:50:37 15 -0.305 -0.48
2024_0412_03:51:01 15 0.695 2.12
2024_0412_03:51:17 15 0.27 -0.09
2024_0412_03:51:26 15 0.015 -0.015
2024_0412_03:51:40 15 33.405 -32.85
2024_0412_03:51:53 15 26.645 -27.11
2024_0412_03:52:11 15 -16.46 16.7
2024_0412_03:52:27 15 92.035 93.26
2024_0412_03:52:49 15 0.125 0.495
2024_0412_03:52:59 15 95.54 93.93
2024_0412_03:53:05 15 0.64 -1.345
2024_0412_03:53:10 15 96.625 96.355
2024_0412_03:53:40 15 -12.25 10.295
2024_0412_03:54:39 15 0.225 -0.045
2024_0412_03:54:39 15 93.585 90.885
2024_0412_03:54:54 15 -0.2 -1.355
2024_0412_03:54:59 15 -1.15 0.3
2024_0412_03:55:25 15 -10.03 9.745
2024_0412_03:55:33 15 0.725 -0.63
2024_0412_03:55:47 15 43.49 95.46
2024_0412_03:56:20 15 94.31 94.14
2024_0412_03:56:54 15 45.34 -1.37
2024_0412_03:57:11 15 94.41 92.185
2024_0412_03:57:23 15 96.295 96.515
2024_0412_03:57:28 15 -0.015 -0.515
2024_0412_03:57:38 15 -0.595 1.12
2024_0412_03:58:02 15 16.97 19.55
2024_0412_03:59:00 15 -19.985 20.505
2024_0412_03:59:03 15 94.76 94.865
2024_0412_03:59:08 15 0.765 -1.505
2024_0412_03:59:13 15 12.335 13.125
2024_0412_03:59:28 15 -0.385 0.205
2024_0412_03:59:50 15 -0.395 -0.005
2024_0412_03:59:59 15 93.015 95.26
2024_0412_04:00:09 15 -1.585 -0.48
2024_0412_04:00:20 15 93.945 95.02
2024_0412_04:00:44 15 -0.72 -0.8
2024_0412_04:01:15 15 -0.32 -1.155
2024_0412_04:01:35 15 4.02 -4.19
2024_0412_04:01:47 15 95.535 95.575
2024_0412_04:01:50 15 0.665 -0.15
2024_0412_04:02:00 15 -99.99 49.995
2024_0412_04:02:22 15 2.385 -2.615
2024_0412_04:03:23 15 96.295 94.9
2024_0412_04:03:26 15 94.81 92.98
2024_0412_04:03:28 15 -0.225 -0.435
2024_0412_04:03:30 15 7.29 2.23
2024_0412_04:03:51 15 95.82 96.685
2024_0412_04:04:14 15 0.44 -0.775
2024_0412_04:04:20 16 0.15 0.56
2024_0412_04:04:29 16 -10.185 9.98
2024_0412_04:04:43 16 31.405 -2.31
2024_0412_04:05:10 16 96.145 96.645
2024_0412_04:05:35 16 18.13 -8.205
2024_0412_04:06:05 16 95.36 93.64
2024_0412_04:06:11 16 55.84 -16.77
2024_0412_04:06:25 16 16.26 -15.895
2024_0412_04:06:44 16 94.58 92.7
2024_0412_04:06:52 16 31.07 90.205
2024_0412_04:07:46 16 -1.055 0.68
2024_0412_04:07:47 16 16.59 -16.855
2024_0412_04:07:48 16 93.705 91.345
2024_0412_04:07:52 16 45.12 46.985
2024_0412_04:08:15 16 51.625 57.565
2024_0412_04:08:39 16 96.985 95.44
2024_0412_04:08:44 16 -0.27 0.775
2024_0412_04:08:49 16 0.01 -0.445
2024_0412_04:09:07 16 96.785 96.46
2024_0412_04:09:32 16 0.53 0.1
2024_0412_04:10:02 16 43.6 94.975
2024_0412_04:10:31 16 95.08 94.585
2024_0412_04:10:31 16 94.55 95.075
2024_0412_04:10:51 16 -0.935 -0.84
2024_0412_04:11:07 16 16.75 -16.4
2024_0412_04:11:18 16 95.95 96.31
2024_0412_04:12:05 16 16.665 -17.46
2024_0412_04:12:05 16 -37.115 57.675
2024_0412_04:12:09 16 93.125 94.27
2024_0412_04:12:16 16 -8.85 6.2
2024_0412_04:12:42 16 1.97 0.455
2024_0412_04:13:02 16 1.415 1.44
2024_0412_04:13:06 16 -0.195 -0.96
2024_0412_04:13:23 16 -0.835 0.2
2024_0412_04:13:27 16 -0.505 0.295
2024_0412_04:13:55 16 9.965 -9.965
2024_0412_04:14:24 16 94.52 95.215
2024_0412_04:14:52 16 0.65 -0.41
2024_0412_04:14:54 16 96.21 93.605
2024_0412_04:15:12 16 12.01 10.445
2024_0412_04:15:30 16 -0.905 -1.585
2024_0412_04:15:40 16 74.225 74.69
2024_0412_04:16:23 16 -1.59 26.715
2024_0412_04:16:27 16 96.45 96.475
2024_0412_04:16:35 16 94.66 94.26
2024_0412_04:16:38 16 0.6 1.685
2024_0412_04:17:06 16 0.94 -0.31
2024_0412_04:17:22 16 93.995 94.925
2024_0412_04:17:32 16 75.2 76.09
2024_0412_04:17:46 16 94.645 95.07
2024_0412_04:17:52 16 0.34 -0.665
2024_0412_04:18:17 16 1.36 0.55
2024_0412_04:18:44 16 96.745 96.285
2024_0412_04:19:17 16 -10.255 9.92
2024_0412_04:19:18 16 77.965 39.915
2024_0412_04:19:36 16 95.92 94.575
2024_0412_04:19:54 16 95.77 96.105
2024_0412_04:20:04 16 67.33 50.65
2024_0412_04:20:44 16 35.33 88.4
2024_0412_04:20:45 16 0.125 -0.16
2024_0412_04:20:57 16 0.165 0.31
2024_0412_04:20:59 16 32.32 6.295
2024_0412_04:21:29 16 44.845 94.335
2024_0412_04:21:41 16 96.975 96.94
2024_0412_04:21:54 16 30.86 -20.43
2024_0412_04:22:07 16 25.0 -24.96
2024_0412_04:22:18 16 31.29 32.255
2024_0412_04:22:41 16 95.71 95.7
2024_0412_04:23:41 16 95.595 96.355
2024_0412_04:23:41 16 95.265 92.21
2024_0412_04:24:00 16 45.88 96.35
2024_0412_04:24:23 16 -0.1 0.01
2024_0412_04:24:26 16 97.125 96.19
2024_0412_04:25:02 16 -0.145 -0.685
2024_0412_04:25:03 16 94.15 93.99
2024_0412_04:25:04 16 -2.015 19.555
2024_0412_04:25:20 16 95.325 95.87
2024_0412_04:25:23 16 97.335 96.465
2024_0412_04:25:58 16 96.445 96.6
2024_0412_04:26:04 16 9.87 -9.945
2024_0412_04:26:18 16 -0.325 0.275
2024_0412_04:26:26 16 -49.995 99.99
2024_0412_04:26:43 16 -0.185 -0.03
2024_0412_04:28:01 16 -0.84 -0.215
2024_0412_04:28:04 16 0.32 -0.6
2024_0412_04:28:47 16 94.86 91.87
2024_0412_04:29:22 16 99.99 -49.995
2024_0412_04:29:23 16 -8.22 8.925
2024_0412_04:29:23 16 -16.975 16.515
2024_0412_04:29:45 16 95.18 94.765
2024_0412_04:29:51 16 55.925 23.74
2024_0412_04:30:17 16 96.835 96.905
2024_0412_04:30:21 16 13.445 13.3
2024_0412_04:30:27 16 1.085 0.685
2024_0412_04:30:45 16 93.145 90.345
2024_0412_04:30:49 16 -0.22 -1.27
2024_0412_04:31:03 16 57.555 59.145
2024_0412_04:31:08 16 -0.005 0.22
2024_0412_04:32:22 16 4.855 8.36
2024_0412_04:32:24 16 10.825 -0.895
2024_0412_04:32:37 16 -49.99 -99.98
2024_0412_04:33:12 16 -0.34 0.785
2024_0412_04:33:40 16 11.84 10.555
2024_0412_04:33:46 16 84.715 95.74
2024_0412_04:34:11 16 -49.995 -99.99
2024_0412_04:34:16 16 1.765 2.31
2024_0412_04:34:36 16 95.37 93.96
2024_0412_04:34:41 16 -0.625 45.5
2024_0412_04:34:54 16 37.22 -24.46
2024_0412_04:35:11 16 96.2 96.325
2024_0412_04:35:11 16 76.39 76.085
2024_0412_04:35:25 16 40.2 -3.68
2024_0412_04:36:41 16 0.2 -0.05
2024_0412_04:36:42 16 -0.235 0.39
2024_0412_04:36:56 16 46.37 58.36
2024_0412_04:36:58 16 -0.71 -0.13
2024_0412_04:37:35 16 1.78 0.655
2024_0412_04:37:39 16 -0.5 -0.865
2024_0412_04:37:56 16 -0.24 -0.22
2024_0412_04:38:12 16 96.455 96.48
2024_0412_04:38:32 16 9.245 17.305
2024_0412_04:38:40 16 -0.505 -0.2
2024_0412_04:38:54 16 97.05 96.35
2024_0412_04:39:03 16 94.57 93.66
2024_0412_04:39:33 16 -9.525 9.095
2024_0412_04:39:36 16 75.615 74.935
2024_0412_04:39:46 16 -0.455 0.0
2024_0412_04:41:02 16 10.36 -9.18
2024_0412_04:41:04 16 -0.3 -0.085
2024_0412_04:41:17 16 -0.125 -0.155
2024_0412_04:41:20 16 94.185 92.275
2024_0412_04:41:33 16 -37.125 37.245
2024_0412_04:41:59 16 0.085 -0.12
2024_0412_04:42:01 17 -0.17 19.27
2024_0412_04:42:26 17 93.68 94.13
2024_0412_04:42:35 17 96.09 95.685
2024_0412_04:42:59 17 94.715 91.805
2024_0412_04:43:01 17 28.095 60.015
2024_0412_04:43:11 17 0.94 0.305
2024_0412_04:43:28 17 59.76 42.325
2024_0412_04:44:06 17 -0.02 0.425
2024_0412_04:44:07 17 9.055 8.305
2024_0412_04:44:12 17 0.255 -0.44
2024_0412_04:45:26 17 93.845 93.39
2024_0412_04:45:26 17 0.105 0.465
2024_0412_04:45:38 17 19.02 16.18
2024_0412_04:45:46 17 0.245 -0.085
2024_0412_04:45:59 17 39.67 -40.12
2024_0412_04:46:25 17 96.55 96.395
2024_0412_04:46:25 17 -0.54 0.335
2024_0412_04:46:47 17 -0.225 -0.43
2024_0412_04:46:59 17 1.805 3.63
2024_0412_04:47:22 17 -0.53 -0.205
2024_0412_04:47:23 17 95.055 94.375
2024_0412_04:47:32 17 45.155 44.445
2024_0412_04:47:50 17 13.535 58.725
2024_0412_04:48:26 17 1.605 -1.01
2024_0412_04:48:30 17 -5.645 5.525
2024_0412_04:48:33 17 -49.83 49.92
2024_0412_04:49:44 17 -17.46 51.96
2024_0412_04:49:48 17 14.44 5.38
2024_0412_04:50:00 17 11.73 9.195
2024_0412_04:50:07 17 39.91 -39.985
2024_0412_04:50:25 17 86.145 95.325
2024_0412_04:50:50 17 16.845 9.31
2024_0412_04:50:51 17 56.16 85.135
2024_0412_04:51:05 17 0.625 0.8
2024_0412_04:51:28 17 92.625 89.315
2024_0412_04:51:46 17 46.215 29.73
2024_0412_04:51:47 17 79.94 80.335
2024_0412_04:51:54 17 95.98 96.63
2024_0412_04:52:16 17 -7.305 6.81
2024_0412_04:52:49 17 94.325 93.38
2024_0412_04:52:54 17 72.455 72.49
2024_0412_04:53:08 17 94.11 66.065
2024_0412_04:54:05 17 0.19 0.22
2024_0412_04:54:05 17 96.565 96.44
2024_0412_04:54:21 17 94.83 92.77
2024_0412_04:54:26 17 -9.505 21.205
2024_0412_04:54:50 17 74.715 74.42
2024_0412_04:55:13 17 14.55 15.085
2024_0412_04:55:14 17 9.73 -6.3
2024_0412_04:55:22 17 -0.135 0.21
2024_0412_04:55:49 17 94.4 96.33
2024_0412_04:56:08 17 0.22 0.075
2024_0412_04:56:11 17 -9.3 24.7
2024_0412_04:56:30 17 71.06 93.835
2024_0412_04:56:42 17 91.765 95.08
2024_0412_04:57:14 17 9.81 -10.73
2024_0412_04:57:30 17 3.775 -1.875
2024_0412_04:58:21 17 -0.475 0.32
2024_0412_04:58:26 17 69.615 73.67
2024_0412_04:58:42 17 13.0 12.56
2024_0412_04:58:53 17 40.265 69.085
2024_0412_04:59:18 17 96.46 96.42
2024_0412_04:59:20 17 99.98 50.01
2024_0412_04:59:35 17 91.815 95.255
2024_0412_04:59:37 17 95.21 96.485
2024_0412_04:59:38 17 0.63 1.795
2024_0412_05:00:09 17 29.55 41.235
2024_0412_05:00:33 17 -0.13 0.42
2024_0412_05:00:35 17 22.55 0.07
2024_0412_05:00:48 17 9.195 5.375
2024_0412_05:01:39 17 94.49 88.62
2024_0412_05:02:46 17 77.085 76.955
2024_0412_05:02:47 17 26.775 11.455
2024_0412_05:03:03 17 0.005 -0.73
2024_0412_05:03:14 17 73.5 74.69
2024_0412_05:03:38 17 0.21 0.09
2024_0412_05:03:44 17 -0.715 -2.095
2024_0412_05:03:55 17 94.805 93.355
2024_0412_05:03:56 17 -18.955 20.795
2024_0412_05:03:59 17 -1.255 -0.215
2024_0412_05:04:18 17 0.76 -1.365
2024_0412_05:04:32 17 94.215 94.7
2024_0412_05:04:52 17 95.215 95.445
2024_0412_05:04:55 17 9.445 12.33
2024_0412_05:05:05 17 9.84 -9.92
2024_0412_05:05:33 17 -10.37 9.9
2024_0412_05:06:05 17 -1.755 -2.815
2024_0412_05:07:06 17 -8.36 8.975
2024_0412_05:07:08 17 11.075 -13.565
2024_0412_05:07:23 17 0.51 -0.48
2024_0412_05:07:35 17 96.41 96.37
2024_0412_05:07:59 17 -5.375 5.53
2024_0412_05:08:04 17 23.07 25.9
2024_0412_05:08:10 17 -0.885 0.4
2024_0412_05:08:17 17 -0.315 0.385
2024_0412_05:08:21 17 65.08 84.57
2024_0412_05:08:39 17 94.945 94.67
2024_0412_05:08:58 17 -9.435 20.665
2024_0412_05:09:11 17 -0.685 0.88
2024_0412_05:09:16 17 0.575 0.42
2024_0412_05:09:22 17 -25.77 24.145
2024_0412_05:10:00 17 93.69 95.065
2024_0412_05:11:25 17 0.11 -0.775
2024_0412_05:11:26 17 0.855 -0.23
2024_0412_05:11:42 17 -1.08 0.065
2024_0412_05:11:52 17 12.75 11.19
2024_0412_05:12:23 17 -10.385 9.255
2024_0412_05:12:28 17 -0.465 -1.19
2024_0412_05:12:40 17 29.45 50.725
2024_0412_05:12:44 17 -0.97 0.27
2024_0412_05:13:13 17 15.79 15.365
2024_0412_05:13:18 17 95.05 94.955
2024_0412_05:13:19 17 -12.415 17.06
2024_0412_05:13:32 17 0.535 -1.35
2024_0412_05:13:35 17 1.3 0.245
2024_0412_05:13:38 17 0.28 0.53
2024_0412_05:14:22 17 0.86 -0.05
2024_0412_05:15:47 17 -1.42 0.295
2024_0412_05:15:57 17 95.34 95.28
2024_0412_05:16:02 17 -0.705 0.0
2024_0412_05:16:09 17 12.45 12.33
2024_0412_05:16:39 17 0.135 -0.9
2024_0412_05:16:44 17 -0.51 -0.08
2024_0412_05:16:44 17 94.34 92.215
2024_0412_05:17:02 17 35.59 15.15
2024_0412_05:17:31 17 0.23 -0.035
2024_0412_05:17:36 17 -0.075 0.035
2024_0412_05:17:41 17 0.79 0.59
2024_0412_05:17:41 17 95.925 38.28
2024_0412_05:17:56 17 92.95 92.85
2024_0412_05:17:56 17 0.17 -0.755
2024_0412_05:18:43 17 18.1 -0.365
2024_0412_05:20:05 17 12.67 -12.59
2024_0412_05:20:17 17 49.405 -50.24
2024_0412_05:20:25 17 96.215 97.155
2024_0412_05:20:26 17 92.455 95.075
2024_0412_05:21:01 17 0.76 0.885
2024_0412_05:21:02 17 -3.555 9.93
2024_0412_05:21:06 17 46.485 -12.425
2024_0412_05:21:23 17 12.335 12.455
2024_0412_05:21:27 17 40.45 35.285
2024_0412_05:22:03 17 -0.25 -1.09
2024_0412_05:22:05 17 90.95 89.335
2024_0412_05:22:16 17 -0.5 0.495
2024_0412_05:23:08 17 40.91 39.645
2024_0412_05:23:17 17 -0.505 -0.455
2024_0412_05:23:46 17 58.0 82.63
2024_0412_05:24:28 17 94.91 45.095
2024_0412_05:24:41 17 2.25 3.2
2024_0412_05:24:43 18 49.99 -99.99
2024_0412_05:24:56 18 -16.985 43.49
2024_0412_05:25:24 18 -0.41 -0.645
2024_0412_05:25:28 18 47.875 -47.725
2024_0412_05:25:29 18 96.375 96.07
2024_0412_05:25:42 18 94.965 95.395
2024_0412_05:25:57 18 23.02 43.075
2024_0412_05:26:17 18 11.965 11.26
2024_0412_05:26:23 18 32.02 -4.6
2024_0412_05:26:25 18 95.795 45.61
2024_0412_05:26:43 18 88.865 87.855
2024_0412_05:27:29 18 49.65 -1.825
2024_0412_05:27:43 18 -1.125 19.33
2024_0412_05:28:08 18 0.255 -1.125
2024_0412_05:28:48 18 0.165 0.34
2024_0412_05:29:07 18 -0.155 0.145
2024_0412_05:29:08 18 0.675 -1.23
2024_0412_05:29:29 18 25.065 38.3
2024_0412_05:29:46 18 96.455 96.46
2024_0412_05:29:56 18 77.31 86.025
2024_0412_05:29:59 18 -7.165 32.07
2024_0412_05:30:04 18 8.385 -1.465
2024_0412_05:30:21 18 -0.29 -0.245
2024_0412_05:30:44 18 94.515 94.875
2024_0412_05:30:47 18 71.84 57.29
2024_0412_05:30:47 18 -1.69 -0.11
2024_0412_05:31:07 18 97.37 96.59
2024_0412_05:31:50 18 0.03 0.55
2024_0412_05:32:09 18 94.405 94.57
2024_0412_05:32:31 18 -20.495 16.76
2024_0412_05:33:12 18 0.255 0.775
2024_0412_05:33:28 18 -10.315 10.03
2024_0412_05:33:39 18 95.2 92.635
2024_0412_05:33:54 18 93.725 90.25
2024_0412_05:34:02 18 -0.545 -0.005
2024_0412_05:34:16 18 -1.375 0.575
2024_0412_05:34:20 18 14.9 -9.835
2024_0412_05:34:21 18 -0.51 -0.08
2024_0412_05:35:05 18 0.1 -0.325
2024_0412_05:35:08 18 -4.755 5.335
2024_0412_05:35:09 18 95.09 93.705
2024_0412_05:35:28 18 60.705 -1.01
2024_0412_05:36:27 18 95.13 94.24
2024_0412_05:36:55 18 6.5 11.395
2024_0412_05:37:03 18 -1.67 1.09
2024_0412_05:37:34 18 25.545 50.035
2024_0412_05:37:48 18 38.27 37.405
2024_0412_05:37:57 18 0.205 0.48
2024_0412_05:38:14 18 1.415 1.81
2024_0412_05:38:22 18 96.39 96.085
2024_0412_05:38:38 18 48.715 49.485
2024_0412_05:38:40 18 0.04 0.04
2024_0412_05:38:44 18 96.14 94.47
2024_0412_05:39:28 18 10.15 -2.125
2024_0412_05:39:32 18 -9.445 49.21
2024_0412_05:39:32 18 -0.66 0.91
2024_0412_05:39:52 18 26.865 20.415
2024_0412_05:40:03 18 4.125 30.325
2024_0412_05:40:50 18 -0.355 -0.09
2024_0412_05:41:20 18 86.94 61.885
2024_0412_05:41:24 18 -32.98 46.465
2024_0412_05:41:58 18 -2.82 27.42
2024_0412_05:42:13 18 39.215 41.21
2024_0412_05:42:17 18 99.995 -99.995
2024_0412_05:42:42 18 0.285 0.0
2024_0412_05:43:01 18 0.12 -0.34
2024_0412_05:43:10 18 95.475 94.67
2024_0412_05:43:13 18 -36.25 38.14
2024_0412_05:43:20 18 96.45 94.455
2024_0412_05:43:48 18 -1.54 0.65
2024_0412_05:43:55 18 85.37 63.29
2024_0412_05:43:57 18 25.3 33.31
2024_0412_05:44:15 18 95.175 92.205
2024_0412_05:44:32 18 80.42 50.335
2024_0412_05:45:18 18 27.805 69.42
2024_0412_05:45:48 18 -19.87 20.595
2024_0412_05:45:50 18 -12.295 11.795
2024_0412_05:46:18 18 -0.985 0.275
2024_0412_05:46:39 18 95.83 96.185
2024_0412_05:46:47 18 46.475 97.485
2024_0412_05:47:25 18 96.48 96.14
2024_0412_05:47:33 18 0.58 0.125
2024_0412_05:47:48 18 1.56 0.565
2024_0412_05:48:10 18 96.495 95.875
2024_0412_05:48:18 18 10.55 13.63
2024_0412_05:48:22 18 -10.835 12.305
2024_0412_05:48:41 18 94.975 92.86
2024_0412_05:49:11 18 17.84 16.865
2024_0412_05:49:49 18 -0.58 0.785
2024_0412_05:50:11 18 -1.95 1.91
2024_0412_05:50:11 18 0.355 0.18
2024_0412_05:50:14 18 94.49 91.845
2024_0412_05:50:41 18 -3.035 18.865
2024_0412_05:51:01 18 99.99 0.0
2024_0412_05:51:11 18 94.795 95.34
2024_0412_05:51:23 18 95.235 93.505
2024_0412_05:51:52 18 79.85 78.855
2024_0412_05:52:03 18 95.73 96.55
2024_0412_05:52:10 18 33.685 -3.1
2024_0412_05:52:32 18 0.385 -0.235
2024_0412_05:52:41 18 -8.465 47.965
2024_0412_05:53:00 18 1.415 5.25
2024_0412_05:53:10 18 9.94 9.76
2024_0412_05:53:36 18 -0.115 -0.245
2024_0412_05:54:12 18 0.125 0.055
2024_0412_05:54:36 18 93.52 90.085
2024_0412_05:54:36 18 9.87 -11.885
2024_0412_05:54:44 18 92.815 92.4
2024_0412_05:55:13 18 -0.41 0.92
2024_0412_05:55:29 18 95.195 93.835
2024_0412_05:55:30 18 0.215 -0.435
2024_0412_05:55:42 18 9.175 10.53
2024_0412_05:56:21 18 96.85 96.97
2024_0412_05:56:27 18 47.29 47.615
2024_0412_05:56:39 18 95.4 94.84
2024_0412_05:56:52 18 -49.99 49.99
2024_0412_05:57:06 18 28.755 18.135
2024_0412_05:57:25 18 5.64 4.355
2024_0412_05:57:34 18 99.95 -99.98
2024_0412_05:58:06 18 -0.24 1.085
2024_0412_05:58:43 18 87.055 86.215
2024_0412_05:58:57 18 95.725 95.12
2024_0412_05:58:59 18 9.675 -6.88
2024_0412_05:59:03 18 0.04 0.69
2024_0412_05:59:36 18 0.42 -0.515
2024_0412_05:59:47 18 -1.91 3.805
2024_0412_05:59:56 18 0.545 -0.57
2024_0412_06:00:05 18 18.34 -7.625
2024_0412_06:00:45 18 94.43 93.805
2024_0412_06:00:56 18 92.415 87.595
2024_0412_06:01:08 18 -1.55 -0.405
2024_0412_06:01:14 18 30.01 -1.0
2024_0412_06:01:31 18 -0.715 -0.42
2024_0412_06:01:46 18 -0.225 0.075
2024_0412_06:02:02 18 1.065 -0.855
2024_0412_06:02:29 18 1.765 1.34
2024_0412_06:03:09 18 53.21 50.14
2024_0412_06:03:19 18 0.025 -0.085
2024_0412_06:03:28 18 87.55 96.135
2024_0412_06:03:40 18 0.535 -1.37
2024_0412_06:04:06 18 91.875 94.345
2024_0412_06:04:14 18 97.165 96.8
2024_0412_06:04:18 18 96.24 96.1
2024_0412_06:04:26 18 -7.11 7.55
2024_0412_06:05:14 18 91.27 94.28
2024_0412_06:05:19 18 10.105 -10.135
2024_0412_06:05:35 18 12.135 10.46
2024_0412_06:05:36 18 96.545 95.905
2024_0412_06:05:53 18 0.26 -1.06
2024_0412_06:06:14 18 -14.02 34.22
2024_0412_06:06:28 18 -0.435 -0.545
2024_0412_06:06:51 18 16.01 42.31
2024_0412_06:07:35 18 13.525 13.745
2024_0412_06:07:41 18 47.215 -0.935
2024_0412_06:08:06 18 -10.32 9.78
2024_0412_06:08:29 18 -0.41 -0.165
2024_0412_06:08:36 18 -12.66 50.5
2024_0412_06:08:37 18 6.995 -8.175
2024_0412_06:08:50 18 95.07 93.815
2024_0412_06:09:34 18 7.695 8.285
2024_0412_06:09:41 18 99.99 -99.99
2024_0412_06:10:03 18 86.18 94.62
2024_0412_06:10:11 18 -0.26 1.455
2024_0412_06:10:15 18 0.415 0.24
2024_0412_06:10:54 19 -0.105 0.765
2024_0412_06:11:09 19 -0.47 1.21
2024_0412_06:11:21 19 0.315 0.295
2024_0412_06:12:00 19 10.14 -3.185
2024_0412_06:12:13 19 44.06 94.005
2024_0412_06:12:38 19 -12.8 14.03
2024_0412_06:12:57 19 97.005 47.375
2024_0412_06:12:58 19 0.975 0.22
2024_0412_06:12:59 19 94.85 95.085
2024_0412_06:13:01 19 95.375 94.465
2024_0412_06:13:17 19 94.035 43.775
2024_0412_06:14:00 19 -0.545 -0.345
2024_0412_06:14:26 19 95.845 94.26
2024_0412_06:14:34 19 0.94 0.575
2024_0412_06:14:37 19 0.9 0.855
2024_0412_06:15:19 19 0.6 0.355
2024_0412_06:15:31 19 69.5 24.4
2024_0412_06:15:43 19 -0.115 -0.065
2024_0412_06:16:25 19 -10.34 10.365
2024_0412_06:16:27 19 1.35 0.335
2024_0412_06:17:01 19 1.56 0.29
2024_0412_06:17:19 19 0.755 0.21
2024_0412_06:17:20 19 1.08 0.57
2024_0412_06:17:25 19 87.11 94.815
2024_0412_06:17:26 19 48.68 93.8
2024_0412_06:17:48 19 0.095 -0.555
2024_0412_06:18:27 19 48.28 48.92
2024_0412_06:18:49 19 0.21 -1.1
2024_0412_06:18:57 19 0.89 0.84
2024_0412_06:19:01 19 0.785 1.12
2024_0412_06:19:20 19 96.205 83.735
2024_0412_06:19:41 19 1.085 66.16
2024_0412_06:20:11 19 14.795 -13.785
2024_0412_06:20:57 19 30.335 2.435
2024_0412_06:21:29 19 2.58 2.525
2024_0412_06:21:30 19 49.4 59.8
2024_0412_06:21:42 19 -1.53 -0.86
2024_0412_06:21:50 19 -0.385 1.41
2024_0412_06:21:55 19 -0.575 -0.045
2024_0412_06:22:12 19 0.865 0.08
2024_0412_06:23:11 19 11.39 -11.695
2024_0412_06:23:13 19 0.52 -0.865
2024_0412_06:23:25 19 5.505 6.52
2024_0412_06:23:26 19 96.86 96.4
2024_0412_06:23:39 19 1.44 -1.57
2024_0412_06:24:19 19 17.825 -16.6
2024_0412_06:24:31 19 16.71 -16.8
2024_0412_06:24:49 19 43.02 41.765
2024_0412_06:25:20 19 -0.06 0.77
2024_0412_06:25:49 19 8.205 7.845
2024_0412_06:25:55 19 0.12 0.77
2024_0412_06:26:08 19 -6.05 17.845
2024_0412_06:26:16 19 93.9 94.52
2024_0412_06:26:18 19 0.245 -0.005
2024_0412_06:26:26 19 -1.455 40.125
2024_0412_06:26:39 19 93.95 93.9
2024_0412_06:27:31 19 86.495 42.45
2024_0412_06:27:46 19 0.8 0.45
2024_0412_06:27:57 19 92.67 93.1
2024_0412_06:27:57 19 0.675 0.16
2024_0412_06:28:47 19 19.485 -21.185
2024_0412_06:28:55 19 95.33 95.4
2024_0412_06:29:15 19 3.195 5.55
2024_0412_06:29:44 19 10.685 5.455
2024_0412_06:30:18 19 -12.12 13.87
2024_0412_06:30:23 19 39.805 40.625
2024_0412_06:30:36 19 95.335 94.86
2024_0412_06:30:43 19 -0.395 -1.475
2024_0412_06:30:45 19 -0.49 -0.26
2024_0412_06:30:52 19 94.3 93.93
2024_0412_06:31:06 19 -0.405 0.03
2024_0412_06:31:50 19 -49.98 49.985
2024_0412_06:32:08 19 -0.47 5.685
2024_0412_06:32:21 19 -1.045 -0.02
2024_0412_06:32:26 19 0.205 -0.615
2024_0412_06:33:08 19 -0.36 1.805
2024_0412_06:33:19 19 49.63 -49.56
2024_0412_06:33:43 19 0.26 -0.455
2024_0412_06:34:09 19 48.72 46.7
2024_0412_06:34:43 19 25.09 -24.845
2024_0412_06:34:43 19 10.455 -10.38
2024_0412_06:35:04 19 93.79 74.45
2024_0412_06:35:04 19 2.51 0.475
2024_0412_06:35:12 20 14.66 5.015
2024_0412_06:35:15 20 84.75 95.155
2024_0412_06:35:34 20 0.12 0.785
2024_0412_06:36:10 20 38.99 39.93
2024_0412_06:36:30 20 13.335 44.52
2024_0412_06:36:38 20 49.995 -49.995
2024_0412_06:36:44 20 71.775 74.12
2024_0412_06:36:47 20 -0.14 -1.185
2024_0412_06:37:36 20 12.765 46.615
2024_0412_06:37:41 20 -0.565 -0.57
2024_0412_06:38:07 20 99.99 -99.995
2024_0412_06:38:46 20 -7.76 36.4
2024_0412_06:39:05 20 10.235 7.085
2024_0412_06:39:06 20 -4.345 7.98
2024_0412_06:39:25 20 2.485 4.92
2024_0412_06:39:32 20 94.325 95.625
2024_0412_06:39:35 20 1.76 0.445
2024_0412_06:39:40 20 10.615 14.345
2024_0412_06:40:10 20 50.495 61.925
2024_0412_06:40:54 20 28.75 31.495
2024_0412_06:41:05 20 1.68 0.02
2024_0412_06:41:07 20 94.435 93.13
2024_0412_06:41:07 20 95.91 96.835
2024_0412_06:41:11 20 1.135 0.865
2024_0412_06:41:59 20 -1.155 -0.01
2024_0412_06:42:06 20 -12.52 12.42
2024_0412_06:42:39 20 2.185 -3.12
2024_0412_06:43:14 20 81.905 -4.165
2024_0412_06:43:28 20 9.725 -11.185
2024_0412_06:43:35 20 -0.545 -0.2
2024_0412_06:43:45 20 94.38 95.12
2024_0412_06:43:53 20 16.08 -17.785
2024_0412_06:43:56 20 0.005 0.01
2024_0412_06:44:37 20 83.465 88.59
2024_0412_06:45:14 20 94.505 94.77
2024_0412_06:45:27 20 -0.015 0.49
2024_0412_06:45:31 20 -11.675 13.59
2024_0412_06:45:36 20 1.09 -1.29
2024_0412_06:45:43 20 0.4 -1.195
2024_0412_06:46:22 20 94.62 95.085
2024_0412_06:46:33 20 93.23 94.645
2024_0412_06:46:56 20 -99.97 99.99
2024_0412_06:47:04 20 96.28 96.53
2024_0412_06:47:41 20 4.41 5.125
2024_0412_06:47:52 20 49.99 -49.925
2024_0412_06:47:59 20 -3.395 5.14
2024_0412_06:48:00 20 1.315 0.76
2024_0412_06:48:16 20 0.37 0.645
2024_0412_06:48:20 20 96.28 96.365
2024_0412_06:49:05 20 38.29 0.02
2024_0412_06:49:42 20 28.515 38.285
2024_0412_06:49:48 20 10.735 11.48
2024_0412_06:49:51 20 96.275 95.27
2024_0412_06:49:59 20 95.805 94.465
2024_0412_06:50:09 20 92.555 93.625
2024_0412_06:50:49 20 -10.31 67.66
2024_0412_06:51:00 20 9.67 9.735
2024_0412_06:51:19 20 -0.325 48.58
2024_0412_06:51:34 20 -0.085 -1.1
2024_0412_06:52:08 20 0.465 -0.585
2024_0412_06:52:23 20 94.595 94.8
2024_0412_06:52:29 20 37.23 38.14
2024_0412_06:52:38 20 10.0 11.03
2024_0412_06:52:40 20 49.995 -99.955
2024_0412_06:52:49 20 83.8 68.33
2024_0412_06:53:27 20 -19.585 19.025
2024_0412_06:54:07 20 47.81 34.94
2024_0412_06:54:10 20 -9.42 11.315
2024_0412_06:54:12 20 11.805 -12.65
2024_0412_06:54:22 20 29.61 14.325
2024_0412_06:55:15 20 65.37 85.38
2024_0412_06:55:18 20 -1.96 -1.16
2024_0412_06:55:43 20 -0.65 -0.395
2024_0412_06:55:45 20 94.885 94.57
2024_0412_06:56:00 20 96.07 94.9
2024_0412_06:56:38 20 96.595 96.74
2024_0412_06:56:52 20 -1.92 98.13
2024_0412_06:56:53 20 0.27 -0.555
2024_0412_06:57:07 20 0.765 -0.815
2024_0412_06:57:08 20 49.995 49.995
2024_0412_06:57:12 20 13.56 14.075
2024_0412_06:57:55 20 47.535 97.7
2024_0412_06:58:35 20 76.675 78.445
2024_0412_06:58:35 20 39.805 -40.2
2024_0412_06:58:40 20 59.46 53.065
2024_0412_06:58:43 20 0.08 -1.465
2024_0412_06:59:42 20 0.315 0.14
2024_0412_06:59:42 20 0.68 -0.495
2024_0412_07:00:07 20 45.82 97.495
2024_0412_07:00:11 20 25.44 -20.895
2024_0412_07:00:35 20 0.57 0.44
2024_0412_07:01:08 20 49.455 -8.685
2024_0412_07:01:18 20 7.46 -7.095
2024_0412_07:01:18 20 8.75 46.815
2024_0412_07:01:33 20 -12.49 23.66
2024_0412_07:01:40 20 48.675 49.3
2024_0412_07:02:17 20 -30.1 29.125
2024_0412_07:02:54 20 0.91 -0.535
2024_0412_07:02:59 20 95.68 95.08
2024_0412_07:03:04 20 0.255 0.52
2024_0412_07:03:07 20 -0.055 0.455
2024_0412_07:03:59 20 14.805 13.4
2024_0412_07:04:08 5 96.32 96.49
2024_0412_07:04:08 13 10.285 -10.025
2024_0412_07:04:27 13 -0.475 2.115
2024_0412_07:04:33 13 99.99 49.995
2024_0412_07:04:58 13 49.995 49.995
2024_0412_07:05:36 13 44.415 95.58
2024_0412_07:05:40 14 -0.49 0.655
2024_0412_07:05:40 14 0.935 -0.355
2024_0412_07:05:56 14 -0.58 -0.36
2024_0412_07:06:04 14 95.19 94.565
2024_0412_07:06:40 14 94.67 95.675
2024_0412_07:07:14 15 96.355 96.575
2024_0412_07:07:26 15 -0.33 0.275
2024_0412_07:07:29 15 8.79 72.58
2024_0412_07:07:44 15 30.505 40.33
2024_0412_07:08:20 15 75.46 56.44
2024_0412_07:08:32 15 -0.475 -1.495
2024_0412_07:08:37 15 -0.08 -0.17
2024_0412_07:08:50 15 -0.685 0.9
2024_0412_07:08:56 15 -13.215 12.48
2024_0412_07:09:24 15 39.92 -40.08
2024_0412_07:10:02 16 0.535 5.49
2024_0412_07:10:03 16 40.32 -39.94
2024_0412_07:10:23 16 1.57 -0.82
2024_0412_07:10:28 16 17.205 -17.535
2024_0412_07:11:00 16 -8.48 10.71
2024_0412_07:11:31 16 -12.09 13.825
2024_0412_07:11:52 16 -1.995 47.315
2024_0412_07:11:54 16 54.91 55.34
2024_0412_07:12:01 17 49.995 -49.995
2024_0412_07:12:41 17 97.07 96.05
2024_0412_07:13:00 17 92.595 45.32
2024_0412_07:13:03 17 -0.415 0.145
2024_0412_07:13:16 17 70.49 69.895
2024_0412_07:13:21 17 96.285 96.685
2024_0412_07:13:52 17 6.685 -5.31
2024_0412_07:14:12 17 -10.47 9.745
2024_0412_07:14:25 17 -0.055 1.575
2024_0412_07:14:26 17 76.01 74.625
2024_0412_07:14:48 17 96.485 96.14
2024_0412_07:14:55 17 0.85 -1.215
2024_0412_07:15:20 17 10.46 -10.185
2024_0412_07:15:55 17 32.885 22.875
2024_0412_07:16:14 18 16.965 -0.855
2024_0412_07:16:19 18 0.055 0.97
2024_0412_07:17:01 18 11.755 -11.365
2024_0412_07:17:23 18 0.905 0.055
2024_0412_07:17:29 18 94.61 93.975
2024_0412_07:17:37 18 17.865 -16.96
2024_0412_07:17:45 18 17.455 14.865
2024_0412_07:18:16 18 -5.23 94.2
2024_0412_07:18:35 19 15.775 -15.5
2024_0412_07:18:42 19 0.69 -0.325
2024_0412_07:18:52 19 -0.205 -0.44
2024_0412_07:18:52 19 95.98 94.49
2024_0412_07:19:13 19 14.0 9.635
2024_0412_07:19:18 19 0.28 -0.3
2024_0412_07:19:44 19 47.165 -38.565
2024_0412_07:20:13 19 0.105 -0.985
2024_0412_07:20:38 19 0.045 -0.525
2024_0412_07:20:44 19 97.055 96.305
2024_0412_07:21:15 19 -18.795 19.29
2024_0412_07:21:49 19 -24.955 24.155
2024_0412_07:21:58 19 0.245 0.375
2024_0412_07:22:18 20 49.54 -7.35
2024_0412_07:22:44 20 49.84 -49.96
2024_0412_07:23:04 20 0.21 1.12
2024_0412_07:23:09 20 49.995 -49.995
2024_0412_07:23:17 18 2.375 -2.0
2024_0412_07:23:26 16 96.58 96.105
2024_0412_07:25:07 20 39.04 -38.56
