0.20683000000013646 0.11868500000004831 0.027855000000003193 0.006694999999999811 0.02275500000000163 0.021925000000001377 0.020545000000000955 0.020290000000000877 0.020255000000000866 0.007929999999999762 0.0439749999999993 0.03667500000000213 0.061654999999992445 0.05844999999999369 0.06654999999999617 0.050869999999996626 0.06415999999999378 0.06262999999999225 0.04189000000000011 0.03938000000000108 
2024_0411_19:16:00 11 63.125 74.3
2024_0411_19:16:04 6 86.35 85.5
2024_0411_19:16:07 9 86.875 86.85
2024_0411_19:16:13 11 0.65 -2.1
2024_0411_19:16:13 1 87.175 86.275
2024_0411_19:16:14 2 70.525 77.9
2024_0411_19:16:14 1 87.025 86.425
2024_0411_19:16:15 7 58.325 77.65
2024_0411_19:16:16 5 87.7 85.35
2024_0411_19:16:17 2 67.525 73.5
2024_0411_19:16:17 4 30.05 76.025
2024_0411_19:16:18 8 79.525 78.7
2024_0411_19:16:20 3 76.725 75.65
2024_0411_19:16:21 1 86.6 86.6
2024_0411_19:16:21 6 86.575 86.15
2024_0411_19:16:23 10 77.575 81.45
2024_0411_19:20:29 12 57.325 -10.425
2024_0411_19:20:31 13 59.525 7.8
2024_0411_19:20:35 13 -47.225 48.15
2024_0411_19:20:49 17 -3.025 -2.475
2024_0411_19:20:50 15 1.5 1.075
2024_0411_19:20:51 14 81.25 80.9
2024_0411_19:20:53 15 3.425 1.175
2024_0411_19:20:56 16 -3.0 1.825
2024_0411_19:21:00 18 -11.075 9.45
2024_0411_19:21:05 20 -1.95 -2.25
2024_0411_19:21:06 20 -1.775 -0.95
2024_0411_19:21:07 17 -1.35 -0.475
2024_0411_19:21:12 18 25.6 -20.275
2024_0411_19:22:09 19 14.45 10.425
2024_0411_19:26:39 2 80.275 74.275
2024_0411_19:26:40 12 -16.4 17.175
2024_0411_19:26:42 9 88.1 85.5
2024_0411_19:26:49 11 -0.975 2.375
2024_0411_19:26:50 1 86.225 87.75
2024_0411_19:26:50 7 82.1 81.425
2024_0411_19:26:50 6 86.45 85.375
2024_0411_19:26:50 11 1.25 -3.05
2024_0411_19:26:51 3 78.325 73.8
2024_0411_19:26:52 8 80.4 80.35
2024_0411_19:26:54 5 86.35 84.7
2024_0411_19:26:54 11 80.025 79.8
2024_0411_19:26:54 11 49.95 -99.9
2024_0411_19:26:58 10 81.2 69.5
2024_0411_19:27:00 4 73.675 30.1
2024_0411_19:27:05 11 -1.275 -0.275
2024_0411_19:31:07 12 77.5 73.05
2024_0411_19:31:08 13 83.6 84.2
2024_0411_19:31:12 13 3.225 57.325
2024_0411_19:31:26 13 10.55 -11.3
2024_0411_19:31:27 15 -3.2 31.975
2024_0411_19:31:28 16 -3.625 81.725
2024_0411_19:31:29 14 83.775 87.6
2024_0411_19:31:31 13 -35.75 45.6
2024_0411_19:31:33 19 33.875 -11.15
2024_0411_19:31:33 17 -0.975 -2.375
2024_0411_19:31:36 19 -2.225 0.575
2024_0411_19:31:38 13 78.025 74.3
2024_0411_19:31:38 18 85.35 83.35
2024_0411_19:31:43 20 89.0 86.5
2024_0411_19:31:45 20 49.95 -49.9
2024_0411_19:36:15 12 -2.45 -2.225
2024_0411_19:36:15 5 86.025 86.45
2024_0411_19:36:15 2 73.35 81.575
2024_0411_19:36:26 7 79.6 74.5
2024_0411_19:36:26 12 79.85 82.175
2024_0411_19:36:27 1 85.175 86.825
2024_0411_19:36:28 3 73.075 77.025
2024_0411_19:36:29 11 -0.425 -0.025
2024_0411_19:36:29 6 86.75 86.7
2024_0411_19:36:32 4 74.225 76.55
2024_0411_19:36:32 10 83.45 79.775
2024_0411_19:36:33 11 87.025 88.3
2024_0411_19:36:33 8 79.4 67.775
2024_0411_19:36:34 9 86.575 85.95
2024_0411_19:36:34 11 58.475 20.85
2024_0411_19:36:39 12 73.725 74.475
2024_0411_19:40:39 13 28.975 -6.175
2024_0411_19:40:43 12 3.1 -3.275
2024_0411_19:40:56 13 83.45 82.825
2024_0411_19:40:59 13 -2.05 2.025
2024_0411_19:41:07 14 -0.45 0.225
2024_0411_19:41:09 13 84.6 86.875
2024_0411_19:41:12 15 79.675 83.95
2024_0411_19:41:14 18 -72.05 72.15
2024_0411_19:41:15 16 34.2 6.225
2024_0411_19:41:17 15 72.925 76.525
2024_0411_19:41:18 16 44.025 67.6
2024_0411_19:41:18 16 -20.1 52.125
2024_0411_19:41:18 17 39.575 90.0
2024_0411_19:41:24 18 -9.8 8.75
2024_0411_19:41:30 18 1.425 0.45
2024_0411_19:41:31 15 -37.925 46.175
2024_0411_19:45:03 18 -0.725 0.275
2024_0411_19:45:13 18 -0.125 -0.125
2024_0411_19:45:25 19 13.35 5.175
2024_0411_19:45:25 19 15.65 19.6
2024_0411_19:45:32 20 -0.7 2.9
2024_0411_19:45:37 20 -3.15 4.45
2024_0411_19:45:40 20 -0.375 0.475
2024_0411_19:45:41 20 13.825 -11.475
2024_0411_19:50:11 11 69.175 74.1
2024_0411_19:50:11 2 73.95 76.325
2024_0411_19:50:13 10 78.475 82.25
2024_0411_19:50:22 11 1.6 0.725
2024_0411_19:50:22 11 -1.2 0.175
2024_0411_19:50:22 5 85.825 86.575
2024_0411_19:50:27 3 78.55 78.4
2024_0411_19:50:27 7 75.975 80.975
2024_0411_19:50:27 11 1.425 -1.9
2024_0411_19:50:28 6 87.0 86.475
2024_0411_19:50:28 8 79.6 33.475
2024_0411_19:50:28 1 87.575 86.85
2024_0411_19:50:30 9 87.2 86.95
2024_0411_19:50:31 11 77.725 75.9
2024_0411_19:50:33 11 -1.425 2.725
2024_0411_19:52:44 11 -0.175 1.9
2024_0411_19:54:34 11 -49.925 -99.85
2024_0411_19:54:38 11 0.775 -1.225
2024_0411_19:54:43 12 85.0 86.4
2024_0411_19:55:03 12 71.425 66.75
2024_0411_19:55:07 12 82.875 79.15
2024_0411_19:55:07 12 -23.15 48.6
2024_0411_19:55:10 13 52.15 -48.35
2024_0411_19:55:10 13 -3.3 -3.025
2024_0411_19:55:11 12 60.175 55.075
2024_0411_19:55:12 12 76.15 75.8
2024_0411_19:55:14 13 30.675 -3.0
2024_0411_19:55:14 12 0.55 0.675
2024_0411_19:55:14 13 63.875 73.1
2024_0411_19:55:15 13 82.15 67.15
2024_0411_19:55:23 13 -1.475 1.025
2024_0411_19:57:31 13 28.975 32.125
2024_0411_19:58:57 13 2.05 -3.0
2024_0411_19:59:07 13 63.175 82.525
2024_0411_19:59:11 13 -3.65 -1.2
2024_0411_19:59:45 13 34.15 14.5
2024_0411_19:59:47 13 86.9 85.875
2024_0411_19:59:49 14 -0.05 1.25
2024_0411_19:59:50 14 1.225 2.25
2024_0411_19:59:51 14 0.05 0.45
2024_0411_19:59:53 14 -3.25 1.15
2024_0411_19:59:58 14 -11.95 12.05
2024_0411_20:00:02 14 79.375 78.325
2024_0411_20:00:03 14 73.95 56.75
2024_0411_20:00:04 14 85.85 85.225
2024_0411_20:00:08 14 73.075 78.45
2024_0411_20:00:17 14 4.9 -0.625
2024_0411_20:02:10 14 87.825 71.875
2024_0411_20:03:22 14 -1.45 -5.85
2024_0411_20:03:37 14 0.875 -0.1
2024_0411_20:04:33 15 0.0 0.95
2024_0411_20:04:33 15 -1.05 -0.9
2024_0411_20:04:33 15 33.875 13.325
2024_0411_20:04:35 15 1.65 6.875
2024_0411_20:04:37 15 65.175 74.45
2024_0411_20:04:39 15 -0.15 2.75
2024_0411_20:04:47 15 -1.525 -0.45
2024_0411_20:04:48 15 0.55 1.275
2024_0411_20:04:51 15 -1.425 -0.175
2024_0411_20:04:52 15 85.025 82.6
2024_0411_20:04:52 15 84.45 86.325
2024_0411_20:05:08 15 0.875 -0.975
2024_0411_20:06:57 16 1.3 -1.025
2024_0411_20:07:35 16 18.3 60.45
2024_0411_20:07:52 16 76.475 76.75
2024_0411_20:08:06 16 10.675 -6.925
2024_0411_20:09:17 16 5.275 9.3
2024_0411_20:09:17 17 0.35 2.175
2024_0411_20:09:18 17 -79.075 82.3
2024_0411_20:09:19 16 16.825 -15.525
2024_0411_20:09:24 16 -7.625 5.2
2024_0411_20:09:26 17 69.1 45.025
2024_0411_20:09:29 17 1.45 -2.075
2024_0411_20:09:31 17 49.95 49.95
2024_0411_20:09:38 17 -9.5 8.1
2024_0411_20:09:39 17 15.05 7.15
2024_0411_20:09:40 17 1.3 0.2
2024_0411_20:10:01 17 5.8 6.125
2024_0411_20:12:07 18 -7.95 19.05
2024_0411_20:12:33 18 -49.925 -100.0
2024_0411_20:12:38 18 99.7 -98.775
2024_0411_20:13:58 18 30.925 -5.65
2024_0411_20:14:03 18 39.725 -37.45
2024_0411_20:14:06 18 82.35 -51.525
2024_0411_20:14:07 18 -25.2 25.35
2024_0411_20:14:08 19 33.775 -16.8
2024_0411_20:14:10 19 1.025 -1.075
2024_0411_20:14:17 20 -13.225 68.025
2024_0411_20:14:19 19 -27.575 36.75
2024_0411_20:14:23 20 1.35 -1.675
2024_0411_20:14:26 20 -1.025 0.475
2024_0411_20:14:48 20 1.475 -2.075
2024_0411_20:14:55 20 0.45 0.55
2024_0411_20:15:52 20 -13.2 15.3
2024_0411_20:16:35 4 75.65 45.25
2024_0411_20:17:05 15 -0.575 -2.275
2024_0411_20:17:07 18 74.5 77.9
2024_0411_20:18:28 18 81.85 77.9
2024_0411_20:18:29 17 22.65 -9.225
2024_0411_20:18:40 20 19.0 -14.15
2024_0411_20:23:24 8 79.125 77.8
2024_0411_20:23:24 11 3.6 0.35
2024_0411_20:23:24 7 79.725 80.65
2024_0411_20:23:24 11 73.375 78.75
2024_0411_20:23:25 6 85.55 88.225
2024_0411_20:23:26 8 72.7 81.175
2024_0411_20:23:27 1 86.8 85.6
2024_0411_20:23:28 10 82.625 81.15
2024_0411_20:23:29 9 87.6 89.25
2024_0411_20:23:29 5 87.0 87.05
2024_0411_20:23:29 11 -1.75 0.75
2024_0411_20:23:29 11 0.225 1.325
2024_0411_20:23:29 3 67.225 78.75
2024_0411_20:23:31 2 80.3 83.05
2024_0411_20:23:32 4 77.35 72.9
2024_0411_20:23:33 11 75.875 80.6
2024_0411_20:28:01 11 -1.575 -1.275
2024_0411_20:28:06 12 81.85 78.65
2024_0411_20:28:06 11 0.975 0.95
2024_0411_20:28:06 12 1.275 1.325
2024_0411_20:28:06 12 -0.9 1.575
2024_0411_20:28:07 11 0.875 -2.55
2024_0411_20:28:09 11 83.825 85.875
2024_0411_20:28:12 12 80.8 49.95
2024_0411_20:28:13 12 86.875 85.375
2024_0411_20:28:13 13 -1.725 -1.475
2024_0411_20:28:14 12 56.95 55.5
2024_0411_20:28:15 13 49.975 99.95
2024_0411_20:28:15 12 86.225 28.85
2024_0411_20:28:17 13 1.05 1.4
2024_0411_20:28:18 13 90.05 -86.6
2024_0411_20:28:23 13 82.3 82.8
2024_0411_20:32:42 13 88.45 86.25
2024_0411_20:32:47 13 -0.3 -1.2
2024_0411_20:32:49 13 6.725 13.95
2024_0411_20:32:50 13 -0.475 -1.375
2024_0411_20:32:50 13 -1.875 0.725
2024_0411_20:32:52 13 0.4 -3.45
2024_0411_20:32:53 13 -6.7 13.325
2024_0411_20:32:56 14 87.625 90.725
2024_0411_20:32:57 14 0.925 1.325
2024_0411_20:32:59 14 78.525 73.775
2024_0411_20:33:00 14 -49.9 49.95
2024_0411_20:33:00 14 -11.025 51.625
2024_0411_20:33:02 14 38.725 78.5
2024_0411_20:33:02 14 0.425 0.925
2024_0411_20:33:05 14 73.075 72.25
2024_0411_20:33:16 14 57.0 54.4
2024_0411_20:37:29 14 -99.85 49.925
2024_0411_20:37:29 14 -2.575 0.875
2024_0411_20:37:31 14 80.2 76.95
2024_0411_20:37:35 15 1.875 -0.8
2024_0411_20:37:35 15 -77.65 78.3
2024_0411_20:37:38 15 -4.225 -2.2
2024_0411_20:37:39 15 -0.1 1.225
2024_0411_20:37:39 15 -25.325 32.275
2024_0411_20:37:40 15 -3.5 1.35
2024_0411_20:37:40 15 79.6 79.5
2024_0411_20:37:44 15 1.225 0.5
2024_0411_20:37:45 15 -1.025 2.325
2024_0411_20:37:47 15 73.05 80.325
2024_0411_20:37:48 15 79.475 77.325
2024_0411_20:37:49 15 1.275 0.825
2024_0411_20:37:58 16 -11.375 8.425
2024_0411_20:42:12 16 -1.675 -1.25
2024_0411_20:42:15 16 0.25 0.0
2024_0411_20:42:16 16 0.4 1.45
2024_0411_20:42:17 16 -1.4 -0.225
2024_0411_20:42:20 16 -99.95 -49.975
2024_0411_20:42:20 17 12.825 64.625
2024_0411_20:42:21 16 5.35 5.45
2024_0411_20:42:22 16 2.3 -1.75
2024_0411_20:42:23 17 86.85 86.625
2024_0411_20:42:27 17 78.275 79.45
2024_0411_20:42:28 17 10.075 -10.125
2024_0411_20:42:29 17 0.925 4.5
2024_0411_20:42:30 17 -1.325 0.85
2024_0411_20:42:36 17 85.575 85.025
2024_0411_20:42:39 18 1.475 -1.85
2024_0411_20:45:44 18 0.475 1.325
2024_0411_20:46:58 18 -8.9 12.425
2024_0411_20:46:59 18 79.4 28.875
2024_0411_20:46:59 18 0.9 0.225
2024_0411_20:47:00 18 79.4 86.375
2024_0411_20:47:02 18 -50.0 99.975
2024_0411_20:47:07 19 1.15 -1.2
2024_0411_20:47:09 18 75.925 79.3
2024_0411_20:47:11 18 -0.725 -3.0
2024_0411_20:47:11 18 -5.875 7.45
2024_0411_20:47:12 20 -23.525 58.725
2024_0411_20:47:12 19 -6.225 64.7
2024_0411_20:47:14 19 95.0 -37.025
2024_0411_20:47:20 19 3.0 -0.125
2024_0411_20:47:26 20 75.5 76.0
2024_0411_20:50:27 20 0.8 41.5
2024_0411_20:50:41 20 0.0 0.0
2024_0411_20:51:22 17 -1.025 -0.15
2024_0411_20:51:23 20 81.375 74.5
2024_0411_20:51:35 20 18.1 19.0
2024_0411_20:51:35 18 2.025 1.0
2024_0411_20:56:13 11 -0.125 -0.9
2024_0411_20:56:14 8 81.5 81.825
2024_0411_20:56:16 8 74.65 81.5
2024_0411_20:56:17 5 86.825 87.95
2024_0411_20:56:17 1 87.725 86.125
2024_0411_20:56:18 11 -1.9 1.1
2024_0411_20:56:18 3 70.7 78.45
2024_0411_20:56:20 7 76.525 78.275
2024_0411_20:56:21 11 9.025 3.2
2024_0411_20:56:22 2 76.125 75.3
2024_0411_20:56:23 11 78.4 80.85
2024_0411_20:56:23 4 74.125 74.725
2024_0411_20:56:24 6 86.45 86.025
2024_0411_20:56:24 10 81.975 77.5
2024_0411_20:56:27 11 81.2 76.5
2024_0411_20:56:29 9 87.05 86.125
2024_0411_21:00:51 11 -0.875 -2.0
2024_0411_21:00:54 11 1.375 -1.375
2024_0411_21:00:56 11 0.85 -3.0
2024_0411_21:00:56 11 -50.0 99.975
2024_0411_21:00:57 11 1.4 -1.55
2024_0411_21:00:58 11 79.625 75.725
2024_0411_21:01:00 11 -49.975 99.95
2024_0411_21:01:01 11 -1.075 0.65
2024_0411_21:01:01 11 -99.9 -49.95
2024_0411_21:01:03 11 75.45 77.55
2024_0411_21:01:03 11 86.425 84.65
2024_0411_21:01:08 11 83.625 -35.175
2024_0411_21:01:10 11 85.65 85.175
2024_0411_21:01:11 11 85.85 85.25
2024_0411_21:01:12 12 80.3 78.6
2024_0411_21:01:14 11 -1.675 -1.375
2024_0411_21:05:34 12 -0.675 -2.55
2024_0411_21:05:35 12 75.1 67.5
2024_0411_21:05:38 12 74.05 74.675
2024_0411_21:05:39 12 0.35 2.175
2024_0411_21:05:39 12 72.8 82.6
2024_0411_21:05:42 12 -1.175 -0.05
2024_0411_21:05:43 12 13.8 7.825
2024_0411_21:05:44 12 70.6 73.275
2024_0411_21:05:46 12 -0.8 -1.6
2024_0411_21:05:46 12 73.85 68.925
2024_0411_21:05:47 12 1.35 1.75
2024_0411_21:05:50 12 -1.95 3.325
2024_0411_21:05:54 13 -1.2 1.75
2024_0411_21:05:57 13 -1.125 1.275
2024_0411_21:05:57 12 84.875 83.65
2024_0411_21:05:57 13 81.65 77.6
2024_0411_21:10:01 13 78.55 81.675
2024_0411_21:10:04 13 24.975 25.475
2024_0411_21:10:09 13 1.425 -1.05
2024_0411_21:10:10 13 89.6 83.85
2024_0411_21:10:10 13 82.4 70.975
2024_0411_21:10:12 13 79.35 82.75
2024_0411_21:10:13 13 68.7 78.65
2024_0411_21:10:16 13 0.95 0.175
2024_0411_21:10:17 13 4.65 1.6
2024_0411_21:10:17 13 73.55 49.7
2024_0411_21:10:17 13 71.7 39.125
2024_0411_21:10:19 13 84.2 83.45
2024_0411_21:10:20 13 1.9 3.35
2024_0411_21:10:20 13 0.05 -1.9
2024_0411_21:10:21 13 -99.9 99.9
2024_0411_21:10:24 13 1.475 -0.9
2024_0411_21:14:22 13 76.45 76.425
2024_0411_21:14:27 13 2.35 -1.275
2024_0411_21:14:29 13 -2.125 0.575
2024_0411_21:14:34 13 45.475 55.9
2024_0411_21:14:35 13 77.65 76.55
2024_0411_21:14:37 14 17.6 -20.475
2024_0411_21:14:37 14 84.025 84.05
2024_0411_21:14:38 14 -2.575 5.675
2024_0411_21:14:40 14 15.325 16.925
2024_0411_21:14:43 14 79.1 65.5
2024_0411_21:14:45 14 65.9 67.25
2024_0411_21:14:45 14 2.625 1.775
2024_0411_21:14:47 14 81.975 85.325
2024_0411_21:14:48 14 -10.925 18.125
2024_0411_21:14:51 14 65.9 75.975
2024_0411_21:16:37 14 74.45 68.025
2024_0411_21:18:41 14 -49.975 49.975
2024_0411_21:18:52 14 86.55 85.5
2024_0411_21:18:52 14 57.25 5.5
2024_0411_21:18:56 14 -20.25 21.75
2024_0411_21:19:00 14 80.725 63.175
2024_0411_21:19:00 14 77.05 30.125
2024_0411_21:19:04 14 -49.975 -49.975
2024_0411_21:19:06 14 66.225 54.4
2024_0411_21:19:07 14 86.325 82.9
2024_0411_21:19:08 14 11.3 14.775
2024_0411_21:19:08 14 5.475 1.05
2024_0411_21:19:09 14 0.225 -0.275
2024_0411_21:19:09 14 -0.25 1.45
2024_0411_21:19:17 15 67.525 68.325
2024_0411_21:19:20 15 72.375 71.45
2024_0411_21:21:03 15 5.725 4.45
2024_0411_21:23:03 15 26.75 -26.875
2024_0411_21:23:15 15 84.85 85.55
2024_0411_21:23:16 15 -92.525 94.825
2024_0411_21:23:26 15 -0.975 -2.5
2024_0411_21:23:26 15 1.475 -1.75
2024_0411_21:23:27 15 74.575 74.775
2024_0411_21:23:30 15 0.5 -0.025
2024_0411_21:23:31 15 -3.45 1.0
2024_0411_21:23:33 15 -10.2 12.375
2024_0411_21:23:34 15 -0.675 1.35
2024_0411_21:23:35 15 -2.075 -0.975
2024_0411_21:23:35 15 29.225 -3.725
2024_0411_21:23:40 15 67.25 66.05
2024_0411_21:23:41 15 0.225 -0.575
2024_0411_21:23:42 15 0.575 -0.2
2024_0411_21:25:29 15 3.4 3.4
2024_0411_21:27:27 15 78.5 61.15
2024_0411_21:27:40 15 61.925 35.95
2024_0411_21:27:48 15 88.375 87.125
2024_0411_21:27:49 16 -10.425 10.725
2024_0411_21:27:49 16 -2.15 -2.0
2024_0411_21:27:51 16 -0.675 -1.6
2024_0411_21:27:51 15 4.825 53.4
2024_0411_21:27:58 16 -3.425 2.775
2024_0411_21:27:59 16 -7.425 13.7
2024_0411_21:27:59 16 81.075 14.6
2024_0411_21:28:01 16 -2.65 1.175
2024_0411_21:28:02 16 85.55 85.625
2024_0411_21:28:04 16 88.6 87.825
2024_0411_21:28:04 16 68.875 76.075
2024_0411_21:28:11 16 9.95 28.45
2024_0411_21:29:55 16 22.075 16.05
2024_0411_21:31:50 16 0.025 -1.0
2024_0411_21:32:01 16 -8.1 8.575
2024_0411_21:32:12 16 -0.275 -0.125
2024_0411_21:32:15 16 1.575 2.95
2024_0411_21:32:21 17 -2.025 -1.425
2024_0411_21:32:23 17 -2.5 0.325
2024_0411_21:32:24 17 -32.325 45.825
2024_0411_21:32:24 17 48.6 47.25
2024_0411_21:32:25 17 36.7 44.525
2024_0411_21:32:26 17 85.55 87.275
2024_0411_21:32:30 17 -1.775 1.725
2024_0411_21:32:33 17 62.325 75.875
2024_0411_21:32:34 17 20.575 10.8
2024_0411_21:32:56 17 -1.1 -0.8
2024_0411_21:34:03 17 89.7 -2.7
2024_0411_21:34:26 17 6.4 10.825
2024_0411_21:36:23 17 3.55 1.475
2024_0411_21:36:43 17 6.45 5.625
2024_0411_21:36:45 17 6.125 -4.875
2024_0411_21:36:51 17 14.5 -15.475
2024_0411_21:36:52 18 80.175 73.15
2024_0411_21:36:55 18 -0.025 -0.05
2024_0411_21:36:57 18 1.95 -0.325
2024_0411_21:36:58 18 28.75 80.725
2024_0411_21:36:59 18 -2.225 -1.25
2024_0411_21:37:02 18 1.975 1.65
2024_0411_21:37:15 18 -18.4 20.475
2024_0411_21:37:22 18 -0.225 -0.125
2024_0411_21:38:16 18 9.55 -9.3
2024_0411_21:38:35 18 87.675 85.825
2024_0411_21:40:00 18 78.25 77.7
2024_0411_21:40:19 18 -0.875 0.175
2024_0411_21:40:49 18 4.375 3.8
2024_0411_21:41:09 18 74.875 73.525
2024_0411_21:41:10 18 -49.35 49.55
2024_0411_21:41:14 18 28.275 -29.2
2024_0411_21:41:18 18 -2.05 -2.0
2024_0411_21:41:20 18 22.35 9.6
2024_0411_21:41:21 18 99.9 -49.975
2024_0411_21:41:27 18 86.75 88.125
2024_0411_21:41:30 18 -8.075 10.575
2024_0411_21:41:38 18 0.425 -0.05
2024_0411_21:41:43 19 21.475 -20.275
2024_0411_21:42:41 19 -34.7 46.3
2024_0411_21:43:02 19 68.275 62.55
2024_0411_21:44:25 19 37.55 40.4
2024_0411_21:44:46 19 75.2 75.475
2024_0411_21:45:18 19 36.1 34.675
2024_0411_21:45:38 20 64.05 41.625
2024_0411_21:45:39 20 12.75 -10.05
2024_0411_21:45:39 20 -1.175 0.175
2024_0411_21:45:45 20 61.825 0.025
2024_0411_21:45:50 20 -1.275 3.125
2024_0411_21:45:51 20 -14.9 17.225
2024_0411_21:45:52 20 75.45 78.925
2024_0411_21:45:59 20 58.05 53.8
2024_0411_21:46:00 20 0.9 -1.6
2024_0411_21:46:08 20 -0.7 0.925
2024_0411_21:46:10 20 -2.675 0.95
2024_0411_21:47:07 20 -1.45 46.075
2024_0411_21:47:26 20 -49.975 -99.95
2024_0411_21:49:00 20 57.575 76.5
2024_0411_21:49:13 14 85.825 85.025
2024_0411_21:49:45 15 74.5 75.925
2024_0411_21:50:01 16 -18.975 43.7
2024_0411_21:50:09 17 -2.8 -1.075
2024_0411_21:50:09 17 12.6 -7.725
2024_0411_21:50:10 17 9.75 -9.175
2024_0411_21:50:16 17 13.65 -12.2
2024_0411_21:50:20 17 35.175 81.65
2024_0411_21:50:21 18 -2.45 2.025
2024_0411_21:50:23 18 58.375 23.375
2024_0411_21:54:46 8 79.95 79.775
2024_0411_21:54:46 4 69.1 69.025
2024_0411_21:54:46 8 48.45 80.4
2024_0411_21:54:47 11 -1.775 0.6
2024_0411_21:54:48 6 86.225 86.275
2024_0411_21:54:48 11 2.475 0.075
2024_0411_21:54:48 3 75.4 67.825
2024_0411_21:54:48 1 87.45 86.8
2024_0411_21:54:49 11 1.625 -0.9
2024_0411_21:54:50 5 86.1 85.8
2024_0411_21:54:50 11 77.125 76.15
2024_0411_21:54:51 7 78.125 80.7
2024_0411_21:54:51 9 88.175 86.375
2024_0411_21:54:52 11 -2.825 -0.475
2024_0411_21:54:53 2 75.875 80.9
2024_0411_21:54:55 10 80.85 82.3
2024_0411_21:59:04 11 0.5 0.25
2024_0411_21:59:06 11 72.675 75.3
2024_0411_21:59:07 11 1.4 0.0
2024_0411_21:59:08 11 -0.525 -2.3
2024_0411_21:59:09 11 0.6 -0.875
2024_0411_21:59:10 11 79.325 80.025
2024_0411_21:59:10 11 79.1 57.825
2024_0411_21:59:11 11 0.45 0.5
2024_0411_21:59:13 11 1.45 -1.675
2024_0411_21:59:13 11 70.35 79.3
2024_0411_21:59:14 11 -8.175 31.3
2024_0411_21:59:15 11 2.3 0.925
2024_0411_21:59:15 11 -49.975 -99.9
2024_0411_21:59:15 11 2.35 -2.4
2024_0411_21:59:19 12 73.525 72.825
2024_0411_21:59:23 12 86.775 85.825
2024_0411_22:03:27 12 50.8 74.775
2024_0411_22:03:28 12 -1.875 1.8
2024_0411_22:03:29 12 0.825 1.0
2024_0411_22:03:29 12 -21.925 22.0
2024_0411_22:03:34 12 37.3 32.325
2024_0411_22:03:34 12 0.0 -1.45
2024_0411_22:03:36 12 1.075 0.775
2024_0411_22:03:38 12 29.8 29.5
2024_0411_22:03:38 12 -0.1 0.55
2024_0411_22:03:39 12 2.575 3.775
2024_0411_22:03:39 13 0.9 -1.525
2024_0411_22:03:40 12 77.75 76.55
2024_0411_22:03:40 13 0.4 3.8
2024_0411_22:03:41 12 83.275 75.75
2024_0411_22:03:46 13 64.625 65.025
2024_0411_22:03:49 13 -1.45 -1.4
2024_0411_22:07:50 13 22.05 -9.1
2024_0411_22:07:54 13 -2.425 -2.175
2024_0411_22:07:54 13 2.05 -0.375
2024_0411_22:07:55 13 -49.975 -99.95
2024_0411_22:07:56 13 65.075 74.65
2024_0411_22:07:56 13 2.775 0.2
2024_0411_22:08:00 13 4.925 6.75
2024_0411_22:08:00 13 -3.225 -1.375
2024_0411_22:08:01 13 4.8 -1.375
2024_0411_22:08:02 13 99.85 49.925
2024_0411_22:08:02 13 0.725 0.325
2024_0411_22:08:05 13 36.1 39.775
2024_0411_22:08:05 13 2.275 -0.175
2024_0411_22:08:06 13 7.6 -10.8
2024_0411_22:08:10 13 55.475 69.875
2024_0411_22:08:14 13 -0.15 -0.5
2024_0411_22:12:16 13 78.825 78.625
2024_0411_22:12:18 13 86.45 84.975
2024_0411_22:12:19 14 6.675 9.675
2024_0411_22:12:19 14 65.1 -9.4
2024_0411_22:12:19 13 81.425 79.4
2024_0411_22:12:21 14 1.8 4.65
2024_0411_22:12:21 14 -1.175 -0.825
2024_0411_22:12:24 13 -0.5 0.475
2024_0411_22:12:24 14 -18.625 45.025
2024_0411_22:12:28 14 15.625 21.8
2024_0411_22:12:29 14 15.7 15.225
2024_0411_22:12:29 14 0.1 -0.825
2024_0411_22:12:33 14 74.075 71.225
2024_0411_22:12:34 14 53.8 77.375
2024_0411_22:12:35 14 -0.975 -3.25
2024_0411_22:12:45 14 72.375 75.25
2024_0411_22:16:34 14 99.95 49.975
2024_0411_22:16:39 14 0.275 1.025
2024_0411_22:16:41 14 25.8 28.3
2024_0411_22:16:41 14 -21.05 20.725
2024_0411_22:16:43 14 67.275 75.475
2024_0411_22:16:44 14 44.75 -30.75
2024_0411_22:16:49 14 0.375 -1.425
2024_0411_22:16:49 14 1.275 -0.3
2024_0411_22:16:52 14 -0.925 1.3
2024_0411_22:16:53 15 0.3 3.025
2024_0411_22:16:55 14 74.425 77.475
2024_0411_22:16:57 14 85.2 85.125
2024_0411_22:17:00 15 -0.575 1.225
2024_0411_22:17:00 15 67.175 67.075
2024_0411_22:17:12 15 -1.5 -0.6
2024_0411_22:20:02 15 1.075 -2.4
2024_0411_22:20:56 15 81.3 79.45
2024_0411_22:21:06 15 67.825 65.525
2024_0411_22:21:08 15 21.15 21.425
2024_0411_22:21:09 15 -1.6 -0.675
2024_0411_22:21:09 15 38.175 44.75
2024_0411_22:21:12 15 0.425 -1.65
2024_0411_22:21:13 15 44.45 -14.175
2024_0411_22:21:17 15 -1.925 3.125
2024_0411_22:21:19 15 77.7 76.025
2024_0411_22:21:22 15 1.975 0.975
2024_0411_22:21:24 15 27.975 80.725
2024_0411_22:21:27 15 52.6 54.425
2024_0411_22:21:27 15 58.15 70.625
2024_0411_22:21:35 15 1.025 4.1
2024_0411_22:24:21 15 -99.95 -49.95
2024_0411_22:24:30 15 23.475 26.925
2024_0411_22:25:23 15 4.625 0.35
2024_0411_22:25:28 16 0.075 -1.125
2024_0411_22:25:31 16 -3.425 -3.4
2024_0411_22:25:31 16 -11.275 17.725
2024_0411_22:25:40 16 49.95 -99.85
2024_0411_22:25:48 16 43.525 41.8
2024_0411_22:25:53 16 86.225 82.2
2024_0411_22:25:57 16 68.075 51.325
2024_0411_22:25:59 16 9.075 -12.575
2024_0411_22:25:59 16 -18.65 65.075
2024_0411_22:26:03 16 -2.25 23.2
2024_0411_22:26:15 16 75.2 76.1
2024_0411_22:27:04 16 0.125 -3.05
2024_0411_22:28:45 16 73.525 71.55
2024_0411_22:28:56 16 84.825 82.8
2024_0411_22:29:32 17 -0.8 -4.15
2024_0411_22:29:48 17 80.525 78.925
2024_0411_22:29:52 17 1.9 2.45
2024_0411_22:29:54 17 0.65 1.425
2024_0411_22:29:58 17 47.35 52.35
2024_0411_22:30:06 17 10.925 10.6
2024_0411_22:30:11 17 2.475 1.175
2024_0411_22:30:20 17 24.875 41.05
2024_0411_22:30:24 17 1.175 0.35
2024_0411_22:30:28 17 29.325 27.025
2024_0411_22:30:43 17 8.85 18.175
2024_0411_22:31:23 17 -2.225 -0.525
2024_0411_22:33:08 17 0.475 0.0
2024_0411_22:33:17 17 56.875 -19.975
2024_0411_22:33:53 17 96.4 -15.975
2024_0411_22:33:56 17 0.45 -0.45
2024_0411_22:34:10 17 3.6 25.125
2024_0411_22:34:10 17 93.7 -61.75
2024_0411_22:34:16 17 7.275 -8.4
2024_0411_22:34:19 18 78.4 54.325
2024_0411_22:34:27 18 74.475 79.175
2024_0411_22:34:34 18 44.8 -43.875
2024_0411_22:34:38 18 -6.725 6.425
2024_0411_22:34:47 18 -1.675 3.8
2024_0411_22:34:56 18 -32.75 40.4
2024_0411_22:34:57 18 -21.325 21.75
2024_0411_22:35:10 18 9.025 9.125
2024_0411_22:35:52 18 0.225 2.4
2024_0411_22:37:27 18 99.9 49.875
2024_0411_22:37:41 18 -0.5 2.225
2024_0411_22:38:21 18 -0.1 -0.35
2024_0411_22:38:27 18 56.075 56.75
2024_0411_22:38:31 18 -99.925 99.85
2024_0411_22:38:42 18 2.875 0.625
2024_0411_22:38:44 18 0.2 -1.35
2024_0411_22:38:46 18 51.925 51.625
2024_0411_22:38:51 18 6.875 5.75
2024_0411_22:38:58 18 18.65 -21.625
2024_0411_22:39:01 18 -0.5 0.625
2024_0411_22:39:17 18 30.3 34.3
2024_0411_22:39:26 19 82.075 62.875
2024_0411_22:39:35 19 -20.95 28.25
2024_0411_22:40:28 19 -6.75 6.775
2024_0411_22:41:50 19 1.275 -2.25
2024_0411_22:42:09 19 0.25 0.825
2024_0411_22:42:47 19 25.85 -26.725
2024_0411_22:42:52 19 -8.925 8.55
2024_0411_22:42:56 19 94.25 -22.7
2024_0411_22:43:01 19 -2.4 -2.825
2024_0411_22:43:06 19 13.8 -9.225
2024_0411_22:43:12 20 2.275 16.075
2024_0411_22:43:15 20 44.875 64.125
2024_0411_22:43:20 20 28.25 43.875
2024_0411_22:43:25 20 64.7 64.35
2024_0411_22:43:47 20 3.375 -0.475
2024_0411_22:43:51 20 -0.5 0.525
2024_0411_22:43:59 20 5.55 4.25
2024_0411_22:45:02 20 77.5 66.7
2024_0411_22:46:16 20 11.125 -8.95
2024_0411_22:47:14 20 4.95 9.2
2024_0411_22:47:16 20 -60.7 72.125
2024_0411_22:47:17 15 24.7 27.35
2024_0411_22:47:24 15 0.025 -1.55
2024_0411_22:47:27 16 28.15 -0.95
2024_0411_22:47:28 16 32.35 34.85
2024_0411_22:47:34 16 1.575 0.825
2024_0411_22:47:41 17 76.125 74.25
2024_0411_22:47:45 17 0.475 -0.5
2024_0411_22:48:06 19 30.35 46.2
2024_0411_22:48:15 20 -0.45 -1.05
2024_0411_22:48:16 20 76.9 32.7
2024_0411_22:48:25 18 -0.7 0.025
2024_0411_22:48:38 20 -8.675 7.225
2024_0411_22:53:00 8 78.1 75.65
2024_0411_22:53:00 6 85.375 85.925
2024_0411_22:53:01 11 75.275 75.75
2024_0411_22:53:01 7 80.675 75.0
2024_0411_22:53:03 8 75.3 75.875
2024_0411_22:53:03 3 78.8 75.25
2024_0411_22:53:03 2 81.775 80.85
2024_0411_22:53:03 4 74.325 42.675
2024_0411_22:53:04 1 87.825 85.0
2024_0411_22:53:04 11 -37.2 83.75
2024_0411_22:53:04 8 76.825 77.575
2024_0411_22:53:05 11 86.45 86.25
2024_0411_22:53:05 11 2.45 1.85
2024_0411_22:53:07 5 86.325 86.95
2024_0411_22:53:08 9 87.875 86.075
2024_0411_22:53:13 10 78.9 80.175
2024_0411_22:57:19 11 69.275 77.95
2024_0411_22:57:21 11 -1.275 2.35
2024_0411_22:57:22 11 -0.525 -2.525
2024_0411_22:57:23 11 -0.85 1.6
2024_0411_22:57:23 11 0.05 2.975
2024_0411_22:57:27 11 81.45 83.225
2024_0411_22:57:27 11 1.325 -1.125
2024_0411_22:57:27 11 70.45 72.15
2024_0411_22:57:28 11 2.425 -1.85
2024_0411_22:57:28 11 78.75 34.075
2024_0411_22:57:30 11 2.8 -0.725
2024_0411_22:57:30 11 88.325 88.2
2024_0411_22:57:32 11 -2.05 -1.025
2024_0411_22:57:33 11 75.425 76.025
2024_0411_22:57:34 11 0.675 2.325
2024_0411_22:57:38 11 74.9 75.375
2024_0411_23:01:41 11 0.375 -2.175
2024_0411_23:01:43 11 72.1 80.225
2024_0411_23:01:45 11 86.825 85.75
2024_0411_23:01:46 11 71.4 77.35
2024_0411_23:01:46 11 1.625 0.275
2024_0411_23:01:46 11 -1.45 -1.55
2024_0411_23:01:48 11 15.225 14.35
2024_0411_23:01:48 11 -20.45 53.05
2024_0411_23:01:53 11 76.825 72.975
2024_0411_23:01:53 12 79.55 68.3
2024_0411_23:01:56 12 15.825 -3.1
2024_0411_23:01:57 12 -2.675 0.55
2024_0411_23:01:58 12 74.975 79.2
2024_0411_23:01:58 12 86.175 84.775
2024_0411_23:01:59 12 -1.2 0.15
2024_0411_23:02:01 12 -0.025 -1.725
2024_0411_23:06:02 12 0.5 -1.55
2024_0411_23:06:07 12 -0.725 0.925
2024_0411_23:06:07 12 -2.975 1.05
2024_0411_23:06:07 12 -49.95 49.95
2024_0411_23:06:08 12 78.85 75.575
2024_0411_23:06:09 12 89.675 87.175
2024_0411_23:06:10 12 17.075 16.325
2024_0411_23:06:11 12 0.425 2.05
2024_0411_23:06:14 12 76.475 79.125
2024_0411_23:06:15 12 0.775 2.45
2024_0411_23:06:23 12 0.6 1.6
2024_0411_23:06:24 12 0.2 -2.2
2024_0411_23:06:24 12 86.975 86.2
2024_0411_23:06:25 12 -1.775 -1.775
2024_0411_23:06:25 13 67.625 75.15
2024_0411_23:06:27 12 76.25 76.45
2024_0411_23:10:20 13 2.7 1.35
2024_0411_23:10:28 13 -1.85 0.325
2024_0411_23:10:30 13 -99.95 -99.85
2024_0411_23:10:31 13 83.25 79.35
2024_0411_23:10:31 13 85.825 85.15
2024_0411_23:10:32 13 84.875 85.3
2024_0411_23:10:32 13 1.15 -1.3
2024_0411_23:10:34 13 86.3 85.975
2024_0411_23:10:34 13 1.175 -0.7
2024_0411_23:10:38 13 -99.875 49.975
2024_0411_23:10:45 13 78.675 44.85
2024_0411_23:10:50 13 -4.475 0.775
2024_0411_23:10:50 13 10.35 -8.075
2024_0411_23:10:51 13 66.275 63.25
2024_0411_23:10:51 13 87.1 87.425
2024_0411_23:10:53 13 77.75 78.125
2024_0411_23:14:44 13 74.725 64.8
2024_0411_23:14:50 13 -99.95 99.95
2024_0411_23:14:50 13 -1.525 -1.425
2024_0411_23:14:52 13 -17.725 41.975
2024_0411_23:14:53 13 -1.125 0.05
2024_0411_23:14:56 13 10.6 -8.3
2024_0411_23:14:57 13 0.975 -0.2
2024_0411_23:14:57 13 25.55 24.3
2024_0411_23:14:58 13 74.875 77.6
2024_0411_23:15:06 13 66.425 67.375
2024_0411_23:15:06 13 1.65 0.7
2024_0411_23:15:15 13 -24.775 24.825
2024_0411_23:15:15 13 79.4 39.375
2024_0411_23:15:16 13 -1.025 -1.2
2024_0411_23:15:18 13 -3.3 0.475
2024_0411_23:15:19 13 75.85 77.075
2024_0411_23:19:09 13 38.2 36.375
2024_0411_23:19:11 13 -3.9 4.075
2024_0411_23:19:13 13 9.55 -7.75
2024_0411_23:19:16 14 -22.4 21.525
2024_0411_23:19:16 13 86.425 84.8
2024_0411_23:19:17 14 -2.45 -0.7
2024_0411_23:19:21 14 -0.05 9.1
2024_0411_23:19:22 14 80.275 76.65
2024_0411_23:19:25 14 49.95 28.5
2024_0411_23:19:26 14 -11.125 10.7
2024_0411_23:19:29 14 99.85 99.65
2024_0411_23:19:40 14 78.625 80.5
2024_0411_23:19:40 14 62.7 65.575
2024_0411_23:19:40 14 -2.05 6.475
2024_0411_23:19:44 14 -1.075 -5.15
2024_0411_23:19:45 14 -12.775 14.2
2024_0411_23:23:29 14 -0.175 -1.85
2024_0411_23:23:32 14 0.3 2.3
2024_0411_23:23:36 14 71.375 79.175
2024_0411_23:23:40 14 77.425 83.8
2024_0411_23:23:40 14 84.4 84.15
2024_0411_23:23:41 14 13.5 2.725
2024_0411_23:23:44 14 80.275 80.125
2024_0411_23:23:44 14 1.75 0.975
2024_0411_23:23:45 14 0.15 0.45
2024_0411_23:23:54 14 79.1 69.7
2024_0411_23:24:04 14 1.125 7.35
2024_0411_23:24:07 14 81.475 85.225
2024_0411_23:24:10 14 78.7 77.475
2024_0411_23:24:50 14 30.375 26.2
2024_0411_23:26:25 14 84.125 80.875
2024_0411_23:26:59 14 -0.075 1.85
2024_0411_23:27:51 14 25.375 22.45
2024_0411_23:28:00 14 -2.625 1.65
2024_0411_23:28:01 14 85.75 85.8
2024_0411_23:28:02 15 1.375 -1.625
2024_0411_23:28:02 14 80.05 83.025
2024_0411_23:28:03 15 -1.05 -0.4
2024_0411_23:28:06 15 49.95 -49.95
2024_0411_23:28:07 15 3.25 -3.05
2024_0411_23:28:08 15 79.55 76.675
2024_0411_23:28:30 15 -8.375 10.075
2024_0411_23:28:32 15 0.6 -0.9
2024_0411_23:28:35 15 50.0 -49.95
2024_0411_23:29:13 15 0.175 -6.05
2024_0411_23:30:52 15 0.05 1.3
2024_0411_23:31:20 15 3.075 32.125
2024_0411_23:31:57 15 -1.825 11.5
2024_0411_23:32:12 15 28.675 18.6
2024_0411_23:32:21 15 -2.225 8.525
2024_0411_23:32:22 15 -0.5 2.025
2024_0411_23:32:23 15 0.375 -3.425
2024_0411_23:32:25 15 3.775 -5.275
2024_0411_23:32:25 15 0.5 -1.575
2024_0411_23:32:31 15 78.325 79.65
2024_0411_23:32:33 15 84.55 80.55
2024_0411_23:32:35 15 83.85 86.5
2024_0411_23:32:56 15 -1.375 0.2
2024_0411_23:32:56 15 -0.15 0.55
2024_0411_23:33:36 15 84.6 81.75
2024_0411_23:35:17 15 1.475 -0.625
2024_0411_23:35:42 15 1.75 7.425
2024_0411_23:36:28 15 -0.85 6.65
2024_0411_23:36:35 15 74.875 60.2
2024_0411_23:36:42 15 77.6 80.225
2024_0411_23:36:44 15 -2.5 3.55
2024_0411_23:36:50 15 74.35 65.975
2024_0411_23:36:52 15 84.4 86.55
2024_0411_23:36:53 15 -0.1 -0.1
2024_0411_23:36:59 16 64.0 79.625
2024_0411_23:37:08 15 10.725 2.975
2024_0411_23:37:17 16 76.075 30.375
2024_0411_23:37:23 16 4.15 -5.175
2024_0411_23:37:24 16 77.475 72.925
2024_0411_23:37:59 16 -0.225 4.4
2024_0411_23:39:44 16 75.5 76.55
2024_0411_23:40:04 16 78.025 78.55
2024_0411_23:40:17 16 7.8 9.775
2024_0411_23:40:54 16 85.525 86.8
2024_0411_23:40:59 16 39.15 -35.4
2024_0411_23:41:04 16 80.575 74.075
2024_0411_23:41:09 16 -1.875 -1.375
2024_0411_23:41:17 16 0.3 0.325
2024_0411_23:41:17 16 77.825 39.45
2024_0411_23:41:20 16 6.6 5.225
2024_0411_23:41:38 16 10.325 23.8
2024_0411_23:41:46 16 10.025 -11.875
2024_0411_23:41:49 16 -27.625 32.75
2024_0411_23:41:54 16 -1.625 31.5
2024_0411_23:42:27 16 74.4 70.15
2024_0411_23:44:08 16 -2.1 6.275
2024_0411_23:44:27 16 74.05 73.0
2024_0411_23:44:42 16 68.725 70.225
2024_0411_23:45:15 16 4.875 8.8
2024_0411_23:45:17 16 85.2 85.15
2024_0411_23:45:26 17 87.8 -3.85
2024_0411_23:45:26 16 -0.525 -0.6
2024_0411_23:45:33 17 6.975 -4.575
2024_0411_23:45:38 17 7.175 4.15
2024_0411_23:45:38 17 64.825 74.525
2024_0411_23:45:41 17 10.7 2.075
2024_0411_23:46:04 17 16.85 -17.025
2024_0411_23:46:08 17 15.125 -8.875
2024_0411_23:46:13 17 55.075 -3.35
2024_0411_23:46:17 17 3.95 -2.1
2024_0411_23:46:53 17 80.725 84.325
2024_0411_23:48:40 17 79.425 77.05
2024_0411_23:48:52 17 39.7 74.8
2024_0411_23:49:07 17 83.95 82.175
2024_0411_23:49:35 17 -2.0 -1.125
2024_0411_23:49:40 17 77.1 79.675
2024_0411_23:49:46 17 0.35 -1.5
2024_0411_23:49:49 17 75.825 78.025
2024_0411_23:49:57 17 1.3 0.35
2024_0411_23:50:01 17 80.425 82.975
2024_0411_23:50:02 17 25.0 27.175
2024_0411_23:50:05 17 -0.4 -0.5
2024_0411_23:50:29 17 -1.6 2.65
2024_0411_23:50:31 17 70.55 64.325
2024_0411_23:50:34 17 -1.275 0.05
2024_0411_23:50:43 17 -0.85 1.125
2024_0411_23:51:14 17 81.9 77.25
2024_0411_23:53:08 17 -2.525 0.15
2024_0411_23:53:19 17 76.45 80.675
2024_0411_23:53:33 17 84.8 85.6
2024_0411_23:53:56 17 -1.375 0.15
2024_0411_23:54:07 18 78.825 69.325
2024_0411_23:54:08 18 76.525 77.775
2024_0411_23:54:09 18 -1.725 -0.7
2024_0411_23:54:22 18 86.375 87.575
2024_0411_23:54:23 18 -10.375 10.15
2024_0411_23:54:27 18 0.875 -3.225
2024_0411_23:54:33 18 1.025 -1.825
2024_0411_23:54:52 18 0.85 -2.325
2024_0411_23:54:57 18 31.15 84.275
2024_0411_23:54:59 18 3.075 -1.725
2024_0411_23:55:04 18 -2.6 1.175
2024_0411_23:55:36 18 -1.5 -1.6
2024_0411_23:57:33 18 73.825 70.925
2024_0411_23:57:45 18 -49.0 48.725
2024_0411_23:58:05 18 1.725 -1.2
2024_0411_23:58:16 18 -33.35 33.0
2024_0411_23:58:31 18 73.15 8.875
2024_0411_23:58:32 18 4.45 1.15
2024_0411_23:58:38 18 0.625 0.25
2024_0411_23:58:46 18 82.325 70.175
2024_0411_23:58:47 18 85.325 87.225
2024_0411_23:58:49 18 -0.35 -0.3
2024_0411_23:58:57 18 -0.1 2.25
2024_0411_23:59:16 18 85.575 86.175
2024_0411_23:59:22 18 17.8 12.025
2024_0411_23:59:23 18 75.475 76.825
2024_0411_23:59:28 18 52.275 80.25
2024_0411_23:59:57 18 -1.475 25.25
2024_0412_00:01:56 18 72.075 76.775
2024_0412_00:02:11 18 1.2 0.075
2024_0412_00:02:37 18 81.075 72.95
2024_0412_00:02:42 18 86.8 85.225
2024_0412_00:02:53 18 -13.625 15.475
2024_0412_00:02:59 19 33.725 44.75
2024_0412_00:03:00 19 79.85 70.25
2024_0412_00:03:08 19 -50.025 -50.025
2024_0412_00:03:11 19 49.85 -49.75
2024_0412_00:03:13 19 36.3 -8.0
2024_0412_00:03:24 19 -0.525 0.875
2024_0412_00:03:34 19 -49.975 49.95
2024_0412_00:03:44 19 17.9 -16.4
2024_0412_00:03:50 19 -99.95 99.95
2024_0412_00:03:55 19 12.625 12.0
2024_0412_00:04:28 19 -1.375 0.3
2024_0412_00:06:20 19 -49.225 50.175
2024_0412_00:06:35 19 80.8 -79.3
2024_0412_00:07:03 19 82.1 78.925
2024_0412_00:07:04 19 -0.95 -0.925
2024_0412_00:07:13 19 86.05 87.75
2024_0412_00:07:23 19 -0.675 -1.65
2024_0412_00:07:25 20 0.2 -0.375
2024_0412_00:07:33 20 79.675 77.5
2024_0412_00:07:38 20 86.5 85.875
2024_0412_00:07:40 20 1.15 0.3
2024_0412_00:07:48 20 63.075 69.975
2024_0412_00:08:25 20 1.15 0.375
2024_0412_00:08:56 20 -0.95 -1.325
2024_0412_00:09:19 20 75.45 75.875
2024_0412_00:10:41 20 85.25 86.725
2024_0412_00:10:47 20 1.525 2.125
2024_0412_00:10:51 20 8.775 -12.475
2024_0412_00:11:04 20 31.225 -3.85
2024_0412_00:11:23 20 0.725 -0.875
2024_0412_00:11:25 20 1.75 -1.975
2024_0412_00:11:37 20 -1.775 2.1
2024_0412_00:11:53 20 27.25 88.25
2024_0412_00:12:01 14 79.2 80.625
2024_0412_00:12:01 14 0.55 -1.25
2024_0412_00:12:15 14 7.8 0.55
2024_0412_00:12:51 15 11.425 5.125
2024_0412_00:13:22 15 14.95 12.275
2024_0412_00:13:46 15 -0.7 0.475
2024_0412_00:14:25 16 17.7 -17.925
2024_0412_00:15:11 20 72.75 72.45
2024_0412_00:15:17 20 -3.05 16.4
2024_0412_00:15:18 20 86.225 86.775
2024_0412_00:15:32 20 1.4 1.475
2024_0412_00:19:20 20 80.85 63.55
2024_0412_00:23:43 8 74.625 70.85
2024_0412_00:23:44 8 76.125 79.975
2024_0412_00:23:44 2 69.15 75.3
2024_0412_00:23:45 1 87.15 86.5
2024_0412_00:23:45 8 76.25 80.65
2024_0412_00:23:46 6 86.15 86.625
2024_0412_00:23:47 8 79.1 69.425
2024_0412_00:23:47 8 74.825 69.8
2024_0412_00:23:49 8 78.475 75.425
2024_0412_00:23:49 7 76.725 80.625
2024_0412_00:23:50 8 77.15 81.1
2024_0412_00:23:50 3 79.475 75.75
2024_0412_00:23:51 4 73.775 65.275
2024_0412_00:23:51 3 80.475 79.575
2024_0412_00:23:53 8 77.45 70.075
2024_0412_00:26:58 8 76.5 74.9
2024_0412_00:28:04 8 75.825 77.85
2024_0412_00:28:06 11 -0.35 1.125
2024_0412_00:28:06 11 0.2 -1.525
2024_0412_00:28:08 10 82.45 84.375
2024_0412_00:28:09 11 2.45 1.9
2024_0412_00:28:09 11 -0.525 0.1
2024_0412_00:28:10 9 88.625 87.675
2024_0412_00:28:10 11 -3.025 -0.225
2024_0412_00:28:11 11 87.275 86.525
2024_0412_00:28:12 11 49.95 -99.95
2024_0412_00:28:12 11 47.725 75.4
2024_0412_00:28:14 11 85.025 86.7
2024_0412_00:28:15 11 99.95 -99.85
2024_0412_00:28:16 11 85.4 83.7
2024_0412_00:28:23 11 85.275 86.65
2024_0412_00:31:17 11 -0.15 -0.3
2024_0412_00:32:25 11 -99.95 -49.975
2024_0412_00:32:26 11 -1.025 -3.475
2024_0412_00:32:29 11 -0.125 -1.85
2024_0412_00:32:30 11 77.025 62.8
2024_0412_00:32:32 11 2.35 -0.075
2024_0412_00:32:32 11 78.0 75.2
2024_0412_00:32:33 11 1.4 1.3
2024_0412_00:32:34 11 78.725 72.3
2024_0412_00:32:34 11 1.925 0.35
2024_0412_00:32:34 11 78.575 76.375
2024_0412_00:32:36 11 -0.875 -0.75
2024_0412_00:32:38 11 85.375 87.55
2024_0412_00:32:39 11 0.875 0.6
2024_0412_00:32:41 11 0.175 -3.5
2024_0412_00:32:50 11 2.75 0.975
2024_0412_00:35:37 11 -0.8 -1.25
2024_0412_00:36:47 11 1.6 0.175
2024_0412_00:36:50 11 80.45 70.125
2024_0412_00:36:50 11 77.3 80.825
2024_0412_00:36:53 11 73.625 76.175
2024_0412_00:36:53 11 -3.45 -3.325
2024_0412_00:36:55 11 -2.0 -1.25
2024_0412_00:36:56 11 77.35 68.075
2024_0412_00:36:59 11 -0.575 0.625
2024_0412_00:36:59 11 -0.725 1.05
2024_0412_00:37:00 11 49.975 99.95
2024_0412_00:37:01 11 85.2 86.65
2024_0412_00:37:01 11 -0.15 -0.575
2024_0412_00:37:04 11 -0.325 1.225
2024_0412_00:37:05 11 28.05 26.75
2024_0412_00:37:14 11 0.55 -0.85
2024_0412_00:39:56 11 2.625 1.3
2024_0412_00:41:10 11 -0.375 -3.325
2024_0412_00:41:10 11 1.425 0.3
2024_0412_00:41:11 11 71.4 73.125
2024_0412_00:41:14 11 0.075 0.675
2024_0412_00:41:20 11 -2.075 2.25
2024_0412_00:41:20 11 -49.95 -49.95
2024_0412_00:41:21 11 1.65 2.35
2024_0412_00:41:21 11 1.55 -2.775
2024_0412_00:41:21 11 -0.5 0.6
2024_0412_00:41:24 11 0.475 -1.45
2024_0412_00:41:25 11 13.675 40.2
2024_0412_00:41:29 11 81.75 82.0
2024_0412_00:41:29 11 1.275 -0.775
2024_0412_00:41:30 11 78.0 68.85
2024_0412_00:41:35 11 -0.825 -0.6
2024_0412_00:44:14 11 -2.05 -2.025
2024_0412_00:45:30 11 29.65 -4.775
2024_0412_00:45:32 11 80.9 79.475
2024_0412_00:45:35 11 86.925 85.65
2024_0412_00:45:37 11 77.8 80.625
2024_0412_00:45:40 11 99.95 100.0
2024_0412_00:45:42 11 81.0 77.05
2024_0412_00:45:43 11 0.75 1.95
2024_0412_00:45:43 11 99.9 99.9
2024_0412_00:45:45 11 1.45 1.725
2024_0412_00:45:47 11 70.875 72.975
2024_0412_00:45:49 11 1.0 1.475
2024_0412_00:45:51 11 -0.975 -1.4
2024_0412_00:45:53 11 -2.225 1.025
2024_0412_00:45:56 11 -0.725 0.75
2024_0412_00:46:00 11 -0.675 1.125
2024_0412_00:48:35 11 78.525 30.425
2024_0412_00:49:50 11 1.225 0.5
2024_0412_00:49:56 11 -49.975 99.95
2024_0412_00:49:57 11 4.975 2.7
2024_0412_00:49:58 11 -0.25 -0.425
2024_0412_00:50:01 11 86.975 86.075
2024_0412_00:50:05 11 0.825 -0.075
2024_0412_00:50:06 11 2.45 1.85
2024_0412_00:50:08 11 0.3 -1.15
2024_0412_00:50:09 11 -3.875 -0.6
2024_0412_00:50:14 11 -2.175 1.825
2024_0412_00:50:15 11 76.925 75.65
2024_0412_00:50:15 11 0.175 -1.825
2024_0412_00:50:16 11 77.825 75.925
2024_0412_00:50:20 11 2.875 2.15
2024_0412_00:50:28 11 84.35 85.975
2024_0412_00:52:58 11 85.65 87.375
2024_0412_00:54:11 11 86.8 86.975
2024_0412_00:54:16 11 -0.9 1.5
2024_0412_00:54:20 11 85.85 85.425
2024_0412_00:54:21 11 48.125 53.9
2024_0412_00:54:27 11 -1.95 0.625
2024_0412_00:54:28 11 87.25 87.5
2024_0412_00:54:30 11 0.525 -0.425
2024_0412_00:54:32 11 1.0 -0.05
2024_0412_00:54:32 11 79.075 77.175
2024_0412_00:54:35 11 -0.2 0.525
2024_0412_00:54:36 11 87.65 85.325
2024_0412_00:54:40 11 78.975 77.8
2024_0412_00:54:45 11 77.575 76.45
2024_0412_00:54:47 11 77.2 73.05
2024_0412_00:54:54 11 -0.5 -0.125
2024_0412_00:57:16 11 0.725 -1.7
2024_0412_00:58:33 11 38.5 6.275
2024_0412_00:58:35 11 1.45 -0.825
2024_0412_00:58:39 11 0.65 -0.475
2024_0412_00:58:49 11 -99.95 99.95
2024_0412_00:58:49 11 -1.75 2.675
2024_0412_00:58:51 11 49.9 -99.925
2024_0412_00:58:52 11 2.475 0.925
2024_0412_00:58:53 11 -0.875 -1.525
2024_0412_00:58:53 11 77.625 76.4
2024_0412_00:58:55 11 -0.275 -0.475
2024_0412_00:59:02 11 2.825 8.05
2024_0412_00:59:05 11 72.325 77.55
2024_0412_00:59:12 11 -0.525 -0.5
2024_0412_00:59:12 11 -0.225 1.575
2024_0412_00:59:24 11 0.6 0.425
2024_0412_01:01:35 11 99.95 -99.9
2024_0412_01:02:53 11 -0.35 0.575
2024_0412_01:02:55 11 -49.95 49.95
2024_0412_01:03:02 11 81.9 79.55
2024_0412_01:03:10 11 -1.8 -1.2
2024_0412_01:03:11 11 2.0 -0.3
2024_0412_01:03:12 11 2.8 0.375
2024_0412_01:03:13 11 -0.95 1.8
2024_0412_01:03:16 11 -1.25 -0.275
2024_0412_01:03:16 11 77.725 74.725
2024_0412_01:03:17 11 0.5 0.3
2024_0412_01:03:22 11 -0.325 -3.825
2024_0412_01:03:30 11 0.875 -0.6
2024_0412_01:03:37 11 -0.075 0.45
2024_0412_01:03:40 11 -0.325 0.65
2024_0412_01:03:45 11 1.3 -2.15
2024_0412_01:05:59 11 56.675 -19.0
2024_0412_01:07:15 11 -2.15 -0.875
2024_0412_01:07:22 12 84.95 86.125
2024_0412_01:07:23 12 3.55 11.1
2024_0412_01:07:33 12 99.95 99.9
2024_0412_01:07:34 12 0.275 0.825
2024_0412_01:07:36 12 82.0 84.425
2024_0412_01:07:36 12 -99.95 -49.975
2024_0412_01:07:38 12 82.425 85.825
2024_0412_01:07:40 12 -49.975 49.975
2024_0412_01:07:44 12 79.8 69.3
2024_0412_01:07:52 12 87.0 88.85
2024_0412_01:07:53 12 1.15 0.9
2024_0412_01:08:04 12 74.225 76.8
2024_0412_01:08:08 12 -7.425 29.075
2024_0412_01:08:11 12 0.1 0.0
2024_0412_01:10:20 12 64.875 38.625
2024_0412_01:11:37 12 -1.725 8.3
2024_0412_01:11:42 12 1.05 -1.1
2024_0412_01:11:44 12 -49.975 100.0
2024_0412_01:11:58 12 79.675 74.025
2024_0412_01:11:58 12 83.975 83.875
2024_0412_01:11:58 12 -0.475 -2.725
2024_0412_01:11:58 12 85.625 86.425
2024_0412_01:12:00 12 81.8 80.675
2024_0412_01:12:07 12 0.275 2.825
2024_0412_01:12:10 12 1.875 2.3
2024_0412_01:12:16 12 -1.45 3.0
2024_0412_01:12:17 12 70.025 79.7
2024_0412_01:12:28 12 0.175 -2.075
2024_0412_01:12:32 12 87.625 87.725
2024_0412_01:12:42 12 84.25 82.975
2024_0412_01:14:44 12 83.35 84.95
2024_0412_01:16:01 12 -1.175 0.7
2024_0412_01:16:02 12 -0.125 1.9
2024_0412_01:16:07 12 1.175 4.15
2024_0412_01:16:19 12 2.625 61.125
2024_0412_01:16:20 12 7.725 -5.35
2024_0412_01:16:23 12 77.975 70.225
2024_0412_01:16:23 12 0.625 -0.175
2024_0412_01:16:24 12 -3.525 1.125
2024_0412_01:16:30 12 -0.8 -0.4
2024_0412_01:16:31 12 69.975 77.125
2024_0412_01:16:40 12 67.6 65.525
2024_0412_01:16:40 12 -1.15 0.0
2024_0412_01:16:49 12 -2.825 1.4
2024_0412_01:16:54 12 69.0 74.625
2024_0412_01:17:09 12 77.325 74.6
2024_0412_01:19:08 12 75.6 67.9
2024_0412_01:20:25 12 85.75 90.425
2024_0412_01:20:29 12 3.05 1.8
2024_0412_01:20:34 12 87.275 85.5
2024_0412_01:20:41 12 63.875 63.825
2024_0412_01:20:44 12 72.275 73.125
2024_0412_01:20:49 12 -1.05 2.825
2024_0412_01:20:49 12 84.025 45.275
2024_0412_01:20:50 12 87.45 86.3
2024_0412_01:20:51 12 -10.4 56.5
2024_0412_01:20:56 12 29.95 31.95
2024_0412_01:21:05 12 -0.775 1.775
2024_0412_01:21:06 12 78.575 71.875
2024_0412_01:21:12 12 1.4 2.6
2024_0412_01:21:21 12 81.075 79.25
2024_0412_01:21:34 12 0.375 -2.55
2024_0412_01:23:35 12 75.9 81.75
2024_0412_01:24:45 12 -0.475 1.425
2024_0412_01:24:58 12 1.025 2.05
2024_0412_01:24:59 12 75.25 79.8
2024_0412_01:25:03 12 0.025 0.0
2024_0412_01:25:06 12 85.775 86.8
2024_0412_01:25:10 12 -3.225 -6.725
2024_0412_01:25:11 12 -0.8 -2.325
2024_0412_01:25:12 12 4.5 13.85
2024_0412_01:25:16 12 87.15 85.725
2024_0412_01:25:26 12 78.975 75.9
2024_0412_01:25:28 12 -0.95 4.6
2024_0412_01:25:34 12 77.375 73.625
2024_0412_01:25:35 12 -0.75 0.75
2024_0412_01:25:45 12 0.95 0.65
2024_0412_01:26:03 12 76.8 76.175
2024_0412_01:27:58 12 86.275 85.925
2024_0412_01:29:07 12 2.225 -2.0
2024_0412_01:29:24 12 78.275 76.7
2024_0412_01:29:25 12 -0.55 -1.1
2024_0412_01:29:25 12 62.325 81.875
2024_0412_01:29:28 12 2.05 1.925
2024_0412_01:29:33 12 -99.9 49.95
2024_0412_01:29:34 12 85.825 87.225
2024_0412_01:29:35 12 76.475 68.9
2024_0412_01:29:43 12 3.85 3.025
2024_0412_01:29:49 12 -49.95 99.925
2024_0412_01:29:54 12 68.475 68.375
2024_0412_01:29:57 12 71.65 77.3
2024_0412_01:29:57 12 73.4 79.7
2024_0412_01:30:10 12 49.95 -49.95
2024_0412_01:30:30 12 86.725 85.575
2024_0412_01:32:24 12 63.425 80.05
2024_0412_01:33:32 12 86.75 86.9
2024_0412_01:33:50 12 84.025 91.525
2024_0412_01:33:50 12 87.125 86.875
2024_0412_01:33:53 12 83.425 83.925
2024_0412_01:33:54 12 -37.875 33.225
2024_0412_01:33:57 12 -57.275 58.3
2024_0412_01:33:59 12 33.6 -37.05
2024_0412_01:34:04 12 34.1 38.3
2024_0412_01:34:07 12 76.7 78.7
2024_0412_01:34:13 12 86.35 85.175
2024_0412_01:34:19 12 3.825 0.675
2024_0412_01:34:22 12 0.55 -0.65
2024_0412_01:34:22 12 62.375 77.725
2024_0412_01:34:41 12 87.225 88.625
2024_0412_01:34:53 12 50.0 49.95
2024_0412_01:36:49 12 -3.225 0.05
2024_0412_01:38:01 13 2.05 2.475
2024_0412_01:38:07 13 -1.725 0.625
2024_0412_01:38:13 13 -1.925 0.925
2024_0412_01:38:14 13 9.975 -10.575
2024_0412_01:38:16 13 -4.2 78.125
2024_0412_01:38:17 13 -0.975 -1.5
2024_0412_01:38:26 13 48.15 76.6
2024_0412_01:38:26 13 84.8 7.6
2024_0412_01:38:32 13 74.15 74.825
2024_0412_01:38:35 13 76.85 78.85
2024_0412_01:38:45 13 87.35 84.55
2024_0412_01:38:48 13 1.35 -0.4
2024_0412_01:38:48 13 8.25 4.825
2024_0412_01:39:08 13 0.9 2.4
2024_0412_01:39:14 13 -49.85 48.95
2024_0412_01:41:17 13 16.975 29.25
2024_0412_01:42:26 13 -2.075 -2.1
2024_0412_01:42:30 13 28.825 28.325
2024_0412_01:42:35 13 -1.8 -1.375
2024_0412_01:42:35 13 1.6 56.3
2024_0412_01:42:37 13 0.85 0.8
2024_0412_01:42:42 13 1.3 -3.325
2024_0412_01:42:52 13 72.275 80.1
2024_0412_01:42:56 13 -0.45 -0.45
2024_0412_01:42:58 13 -4.2 6.4
2024_0412_01:43:04 13 -1.025 -1.375
2024_0412_01:43:07 13 -49.95 -49.975
2024_0412_01:43:10 13 -3.95 -3.725
2024_0412_01:43:14 13 28.7 25.9
2024_0412_01:43:35 13 -1.6 -1.6
2024_0412_01:43:39 13 -3.05 1.4
2024_0412_01:45:41 13 58.85 54.75
2024_0412_01:46:51 13 -0.45 -1.075
2024_0412_01:46:53 13 -10.25 83.55
2024_0412_01:46:58 13 0.175 -0.9
2024_0412_01:47:00 13 9.85 2.9
2024_0412_01:47:02 13 0.675 1.9
2024_0412_01:47:03 13 61.45 79.775
2024_0412_01:47:18 13 2.2 1.075
2024_0412_01:47:20 13 2.075 -0.1
2024_0412_01:47:22 13 87.75 88.525
2024_0412_01:47:30 13 -49.925 99.85
2024_0412_01:47:33 13 85.65 86.975
2024_0412_01:47:34 13 72.25 74.125
2024_0412_01:47:41 13 70.9 78.175
2024_0412_01:47:58 13 1.45 10.975
2024_0412_01:48:12 13 0.7 0.975
2024_0412_01:50:02 13 -7.525 37.625
2024_0412_01:51:10 13 1.725 0.1
2024_0412_01:51:19 13 -9.625 9.0
2024_0412_01:51:20 13 -1.25 0.0
2024_0412_01:51:24 13 0.125 2.55
2024_0412_01:51:28 13 45.025 62.1
2024_0412_01:51:28 13 71.15 80.45
2024_0412_01:51:41 13 -49.975 99.9
2024_0412_01:51:42 13 3.9 -2.9
2024_0412_01:51:45 13 28.4 26.075
2024_0412_01:51:53 13 1.875 -2.95
2024_0412_01:52:01 13 36.325 -24.925
2024_0412_01:52:01 13 86.225 85.05
2024_0412_01:52:10 13 74.8 80.2
2024_0412_01:52:22 13 -0.95 -2.9
2024_0412_01:52:40 13 0.5 0.925
2024_0412_01:54:23 13 -100.0 99.975
2024_0412_01:55:35 13 -12.95 30.15
2024_0412_01:55:37 13 -1.675 -1.0
2024_0412_01:55:44 13 -10.825 8.875
2024_0412_01:55:50 13 9.975 5.725
2024_0412_01:55:51 13 80.1 76.625
2024_0412_01:55:56 13 1.7 1.875
2024_0412_01:56:02 13 -1.8 -0.125
2024_0412_01:56:05 13 -10.325 7.975
2024_0412_01:56:07 13 0.725 -1.575
2024_0412_01:56:14 13 -2.25 1.45
2024_0412_01:56:25 13 83.425 84.05
2024_0412_01:56:29 13 50.0 -50.0
2024_0412_01:56:34 13 18.875 27.625
2024_0412_01:56:46 13 71.45 78.675
2024_0412_01:57:08 13 77.725 74.55
2024_0412_01:58:45 13 86.475 82.1
2024_0412_01:59:59 13 -0.175 -0.95
2024_0412_02:00:01 13 78.275 74.875
2024_0412_02:00:07 13 -1.575 2.7
2024_0412_02:00:17 13 1.45 -0.075
2024_0412_02:00:19 13 -9.05 29.95
2024_0412_02:00:20 13 -12.075 19.825
2024_0412_02:00:25 13 -0.5 3.2
2024_0412_02:00:26 13 81.475 76.95
2024_0412_02:00:31 13 -2.6 -0.275
2024_0412_02:00:40 13 78.75 76.05
2024_0412_02:00:49 13 -0.35 2.8
2024_0412_02:00:54 13 0.975 0.575
2024_0412_02:00:57 13 0.625 -0.35
2024_0412_02:01:09 13 99.9 -99.95
2024_0412_02:01:32 13 0.75 -1.725
2024_0412_02:03:06 13 -0.975 0.3
2024_0412_02:04:20 13 0.125 0.325
2024_0412_02:04:27 13 75.775 75.525
2024_0412_02:04:30 13 86.4 87.525
2024_0412_02:04:47 13 1.1 5.1
2024_0412_02:04:51 13 -0.925 -0.7
2024_0412_02:04:59 13 49.7 85.85
2024_0412_02:05:12 13 3.75 6.375
2024_0412_02:05:20 13 91.15 40.475
2024_0412_02:05:22 13 78.925 85.95
2024_0412_02:05:31 13 -10.95 35.95
2024_0412_02:05:59 13 9.35 4.125
2024_0412_02:07:14 13 24.525 26.575
2024_0412_02:07:28 13 80.05 83.125
2024_0412_02:07:39 13 15.05 19.725
2024_0412_02:07:46 13 13.5 -5.3
2024_0412_02:08:34 13 73.5 77.375
2024_0412_02:08:44 13 70.6 47.425
2024_0412_02:08:55 13 10.9 9.85
2024_0412_02:09:10 13 -1.325 -1.1
2024_0412_02:09:16 13 77.275 79.6
2024_0412_02:09:23 13 29.125 29.75
2024_0412_02:09:36 13 -0.875 -2.575
2024_0412_02:09:41 13 0.225 -0.5
2024_0412_02:09:43 13 1.925 1.75
2024_0412_02:09:54 13 88.075 86.8
2024_0412_02:10:22 13 -1.0 -2.3
2024_0412_02:11:43 13 79.85 78.45
2024_0412_02:11:54 13 0.7 -1.9
2024_0412_02:11:59 13 2.725 1.55
2024_0412_02:12:01 13 1.275 -2.9
2024_0412_02:12:08 13 2.5 0.0
2024_0412_02:12:52 13 2.05 0.05
2024_0412_02:13:05 13 1.275 0.05
2024_0412_02:13:19 13 2.075 1.7
2024_0412_02:13:33 13 -0.175 -0.525
2024_0412_02:13:45 13 0.625 0.925
2024_0412_02:13:47 13 84.025 63.475
2024_0412_02:13:58 13 -11.875 32.25
2024_0412_02:14:05 13 -1.1 0.825
2024_0412_02:14:09 13 -1.25 0.55
2024_0412_02:14:16 13 85.875 85.725
2024_0412_02:14:51 13 70.875 71.925
2024_0412_02:16:04 13 -0.175 -1.875
2024_0412_02:16:21 13 2.15 -0.15
2024_0412_02:16:22 13 75.075 55.225
2024_0412_02:16:23 13 6.8 -1.125
2024_0412_02:16:31 13 50.5 -52.825
2024_0412_02:17:17 13 84.775 84.45
2024_0412_02:17:32 13 37.925 68.825
2024_0412_02:17:45 13 1.775 19.325
2024_0412_02:17:57 13 67.525 71.85
2024_0412_02:18:07 13 1.65 0.175
2024_0412_02:18:12 13 -2.1 0.25
2024_0412_02:18:23 13 89.275 85.875
2024_0412_02:18:30 13 28.95 79.3
2024_0412_02:18:30 13 -2.175 3.175
2024_0412_02:18:37 13 -33.575 33.275
2024_0412_02:19:15 13 76.825 77.7
2024_0412_02:20:27 13 1.525 1.1
2024_0412_02:20:44 13 -0.1 0.35
2024_0412_02:20:48 13 29.325 33.25
2024_0412_02:20:48 13 1.75 35.075
2024_0412_02:20:55 13 79.65 82.3
2024_0412_02:21:41 13 57.2 61.675
2024_0412_02:22:01 13 7.375 5.525
2024_0412_02:22:15 13 76.0 73.5
2024_0412_02:22:18 13 9.3 8.075
2024_0412_02:22:31 13 -1.3 0.2
2024_0412_02:22:44 13 73.15 79.7
2024_0412_02:22:45 13 -0.175 0.975
2024_0412_02:22:53 13 -0.725 -0.35
2024_0412_02:23:00 13 -0.7 17.7
2024_0412_02:23:03 13 13.275 12.125
2024_0412_02:23:40 13 89.35 87.5
2024_0412_02:24:53 13 77.725 71.225
2024_0412_02:25:05 13 19.5 -21.35
2024_0412_02:25:11 13 78.2 75.4
2024_0412_02:25:12 13 4.4 2.6
2024_0412_02:25:16 13 -3.275 0.375
2024_0412_02:26:09 13 85.55 88.025
2024_0412_02:26:31 13 -0.3 3.775
2024_0412_02:26:37 13 4.425 17.775
2024_0412_02:26:40 13 -1.675 0.1
2024_0412_02:26:54 13 -0.175 -0.825
2024_0412_02:27:09 13 -0.975 1.9
2024_0412_02:27:10 13 36.725 -24.7
2024_0412_02:27:17 13 79.7 74.875
2024_0412_02:27:24 13 1.325 0.55
2024_0412_02:27:27 13 66.125 79.55
2024_0412_02:28:05 13 82.575 79.825
2024_0412_02:29:23 14 -0.05 -0.475
2024_0412_02:29:26 14 33.925 28.475
2024_0412_02:29:35 14 73.325 76.525
2024_0412_02:29:36 14 0.175 -0.225
2024_0412_02:29:39 14 75.975 78.825
2024_0412_02:30:41 14 1.325 -0.275
2024_0412_02:30:58 14 1.125 21.075
2024_0412_02:30:58 14 0.875 -2.525
2024_0412_02:31:01 14 49.95 99.9
2024_0412_02:31:24 14 84.725 86.7
2024_0412_02:31:36 14 1.025 -0.65
2024_0412_02:31:44 14 81.65 80.85
2024_0412_02:31:47 14 0.875 -1.125
2024_0412_02:31:50 14 -0.2 -0.35
2024_0412_02:32:37 14 -1.025 -2.15
2024_0412_02:32:42 14 10.475 12.175
2024_0412_02:33:44 14 -1.425 0.2
2024_0412_02:33:47 14 -1.175 -0.35
2024_0412_02:34:00 14 72.975 75.325
2024_0412_02:34:01 14 64.75 67.075
2024_0412_02:34:04 14 56.825 13.85
2024_0412_02:35:14 14 77.25 33.0
2024_0412_02:35:21 14 2.625 -1.675
2024_0412_02:35:22 14 82.575 84.65
2024_0412_02:35:24 14 3.0 0.975
2024_0412_02:35:48 14 -1.0 1.5
2024_0412_02:36:07 14 15.2 1.15
2024_0412_02:36:08 14 86.75 82.8
2024_0412_02:36:11 14 99.9 -49.95
2024_0412_02:36:19 14 0.9 1.475
2024_0412_02:37:00 14 5.65 4.4
2024_0412_02:37:12 14 74.125 70.8
2024_0412_02:38:05 14 -1.175 24.225
2024_0412_02:38:08 14 -1.775 0.05
2024_0412_02:38:25 14 0.05 1.1
2024_0412_02:38:25 14 33.6 69.525
2024_0412_02:39:38 14 0.075 0.0
2024_0412_02:39:42 14 8.025 -6.6
2024_0412_02:39:43 14 -1.625 -0.4
2024_0412_02:39:51 14 83.15 20.35
2024_0412_02:40:15 14 72.225 79.2
2024_0412_02:40:30 14 9.4 9.025
2024_0412_02:40:31 14 -1.3 -0.35
2024_0412_02:40:37 14 10.475 -13.825
2024_0412_02:40:44 14 77.85 62.5
2024_0412_02:40:47 14 -0.625 -1.2
2024_0412_02:41:23 14 -0.25 1.95
2024_0412_02:41:44 14 -25.425 65.2
2024_0412_02:42:24 14 0.375 0.375
2024_0412_02:42:27 14 -99.9 -49.975
2024_0412_02:42:51 14 85.95 86.375
2024_0412_02:42:52 14 74.4 77.275
2024_0412_02:44:00 14 -16.875 17.35
2024_0412_02:44:06 14 1.35 0.225
2024_0412_02:44:11 14 -11.25 9.85
2024_0412_02:44:12 14 84.725 84.6
2024_0412_02:44:38 14 82.15 77.275
2024_0412_02:44:51 14 86.15 86.125
2024_0412_02:44:56 14 -9.225 9.6
2024_0412_02:45:02 14 76.1 25.05
2024_0412_02:45:09 14 83.45 80.825
2024_0412_02:45:15 14 23.3 22.0
2024_0412_02:45:47 14 85.1 85.6
2024_0412_02:46:17 14 83.825 83.675
2024_0412_02:46:49 14 -1.925 4.825
2024_0412_02:46:59 14 13.4 6.525
2024_0412_02:47:14 14 1.175 -1.05
2024_0412_02:47:19 14 -1.175 -1.125
2024_0412_02:48:30 14 4.65 8.725
2024_0412_02:48:33 14 -0.575 0.975
2024_0412_02:48:33 14 0.725 -0.1
2024_0412_02:48:38 14 76.175 76.3
2024_0412_02:49:05 14 73.35 63.275
2024_0412_02:49:20 14 -0.15 0.075
2024_0412_02:49:21 14 -0.9 0.5
2024_0412_02:49:29 14 -0.225 -6.25
2024_0412_02:49:35 14 41.875 33.025
2024_0412_02:49:37 14 1.075 0.875
2024_0412_02:50:14 14 4.3 2.8
2024_0412_02:50:42 14 71.325 66.5
2024_0412_02:51:14 14 81.2 82.55
2024_0412_02:51:21 14 -0.9 1.4
2024_0412_02:51:36 14 -19.925 20.3
2024_0412_02:51:45 14 -0.55 0.35
2024_0412_02:52:59 14 0.475 -0.775
2024_0412_02:52:59 14 85.15 83.2
2024_0412_02:53:03 14 77.3 78.775
2024_0412_02:53:05 14 99.9 49.975
2024_0412_02:53:25 14 -0.275 0.775
2024_0412_02:53:42 14 -2.125 0.75
2024_0412_02:53:44 14 0.775 0.6
2024_0412_02:53:52 14 78.275 79.975
2024_0412_02:53:59 14 1.0 -0.75
2024_0412_02:54:38 14 0.3 23.575
2024_0412_02:55:09 14 74.75 72.975
2024_0412_02:55:35 14 84.3 87.125
2024_0412_02:55:47 14 0.475 -1.725
2024_0412_02:55:59 14 0.3 0.9
2024_0412_02:56:09 14 3.225 28.7
2024_0412_02:56:41 14 6.45 25.625
2024_0412_02:57:24 14 76.05 75.45
2024_0412_02:57:26 14 30.6 86.1
2024_0412_02:57:37 14 26.65 -0.375
2024_0412_02:57:41 14 -19.525 36.625
2024_0412_02:57:48 14 -39.725 40.075
2024_0412_02:58:04 14 4.05 14.325
2024_0412_02:58:08 14 -1.025 1.7
2024_0412_02:58:21 14 -4.175 73.8
2024_0412_02:58:25 14 78.025 77.5
2024_0412_02:59:05 14 70.425 73.55
2024_0412_02:59:39 14 29.375 -5.925
2024_0412_02:59:53 14 -0.85 4.225
2024_0412_03:00:12 14 -3.0 10.325
2024_0412_03:00:20 14 59.775 -59.675
2024_0412_03:00:36 14 81.975 77.775
2024_0412_03:01:04 14 1.175 -0.425
2024_0412_03:01:46 14 59.65 47.15
2024_0412_03:01:49 14 36.625 81.025
2024_0412_03:02:04 14 65.775 73.15
2024_0412_03:02:09 14 79.4 17.85
2024_0412_03:02:27 14 0.5 0.3
2024_0412_03:02:27 14 0.675 0.575
2024_0412_03:02:49 14 1.325 0.4
2024_0412_03:02:54 14 73.15 73.4
2024_0412_03:03:24 14 84.175 83.25
2024_0412_03:03:46 14 2.225 -0.95
2024_0412_03:04:07 14 3.4 8.0
2024_0412_03:04:14 14 -2.25 0.9
2024_0412_03:04:37 14 0.85 2.325
2024_0412_03:04:43 14 82.3 83.725
2024_0412_03:05:01 14 -5.525 48.575
2024_0412_03:05:31 14 73.6 67.375
2024_0412_03:06:08 14 70.375 73.475
2024_0412_03:06:12 14 35.8 -8.5
2024_0412_03:06:28 14 85.8 86.675
2024_0412_03:06:30 14 85.5 86.775
2024_0412_03:06:49 14 82.15 64.7
2024_0412_03:06:54 14 87.75 87.1
2024_0412_03:07:08 14 2.35 -1.025
2024_0412_03:07:23 14 -30.15 46.45
2024_0412_03:07:44 14 -36.675 35.625
2024_0412_03:08:09 14 -2.6 0.5
2024_0412_03:08:36 14 26.125 17.025
2024_0412_03:08:39 14 71.25 78.625
2024_0412_03:09:00 14 0.075 -0.325
2024_0412_03:09:08 14 27.425 27.35
2024_0412_03:09:31 14 28.725 23.65
2024_0412_03:09:53 14 -2.225 -1.85
2024_0412_03:10:33 14 79.275 75.75
2024_0412_03:10:35 14 78.875 78.625
2024_0412_03:10:50 14 73.625 72.825
2024_0412_03:10:52 14 29.475 -12.225
2024_0412_03:11:08 14 -31.625 34.425
2024_0412_03:11:21 14 -0.175 -1.125
2024_0412_03:11:34 14 48.2 -8.4
2024_0412_03:11:51 14 -5.65 9.55
2024_0412_03:12:04 14 50.175 -13.225
2024_0412_03:12:29 14 49.975 49.95
2024_0412_03:12:59 14 65.975 79.025
2024_0412_03:13:04 14 -3.1 -0.675
2024_0412_03:13:35 14 5.725 11.425
2024_0412_03:13:56 14 81.45 78.725
2024_0412_03:14:13 14 1.775 1.025
2024_0412_03:14:57 14 79.025 79.425
2024_0412_03:14:59 14 75.525 78.375
2024_0412_03:15:11 14 -1.05 4.25
2024_0412_03:15:15 14 72.325 78.65
2024_0412_03:15:27 14 1.375 -3.425
2024_0412_03:15:44 15 76.4 84.1
2024_0412_03:16:04 15 78.125 71.825
2024_0412_03:16:19 15 83.875 87.0
2024_0412_03:16:22 15 23.45 -9.85
2024_0412_03:16:23 15 -1.425 0.575
2024_0412_03:17:44 15 -2.5 -1.45
2024_0412_03:18:03 15 9.675 -11.775
2024_0412_03:18:03 15 -1.125 -0.425
2024_0412_03:18:20 15 85.65 83.2
2024_0412_03:18:36 15 0.85 -3.15
2024_0412_03:19:20 15 79.0 81.1
2024_0412_03:19:22 15 84.5 67.75
2024_0412_03:19:31 15 2.575 -3.475
2024_0412_03:19:38 15 5.475 3.775
2024_0412_03:19:46 15 41.775 -26.1
2024_0412_03:20:06 15 4.45 86.175
2024_0412_03:20:10 15 9.975 -13.075
2024_0412_03:20:34 15 31.175 -26.525
2024_0412_03:20:47 15 76.225 53.325
2024_0412_03:20:49 15 78.2 77.325
2024_0412_03:20:50 15 8.15 -7.825
2024_0412_03:22:09 15 2.625 -2.3
2024_0412_03:22:25 15 -1.175 1.425
2024_0412_03:22:29 15 81.05 79.775
2024_0412_03:22:45 15 84.375 85.525
2024_0412_03:22:59 15 65.45 43.425
2024_0412_03:23:42 15 22.85 26.925
2024_0412_03:23:44 15 88.925 40.6
2024_0412_03:23:54 15 78.375 35.0
2024_0412_03:24:04 15 85.2 85.85
2024_0412_03:24:10 15 1.925 -4.0
2024_0412_03:24:26 15 8.425 -8.875
2024_0412_03:25:04 15 79.225 72.95
2024_0412_03:25:08 15 -8.925 8.6
2024_0412_03:25:13 15 -1.3 -1.875
2024_0412_03:25:15 15 -0.4 -0.3
2024_0412_03:26:30 15 1.375 2.3
2024_0412_03:26:47 15 74.275 81.925
2024_0412_03:26:53 15 78.625 77.65
2024_0412_03:27:09 15 77.2 76.6
2024_0412_03:27:28 15 74.65 77.575
2024_0412_03:27:50 15 66.35 80.05
2024_0412_03:28:03 15 87.9 89.225
2024_0412_03:28:07 15 77.75 76.025
2024_0412_03:28:15 15 88.6 84.925
2024_0412_03:28:27 15 2.15 -2.15
2024_0412_03:28:29 15 85.725 85.8
2024_0412_03:28:53 15 -3.275 -1.5
2024_0412_03:29:31 15 -4.4 2.375
2024_0412_03:29:33 15 16.8 17.05
2024_0412_03:29:38 15 6.825 9.3
2024_0412_03:29:45 15 59.125 57.375
2024_0412_03:30:53 15 5.6 -3.225
2024_0412_03:31:07 15 0.025 -0.075
2024_0412_03:31:18 15 76.425 37.275
2024_0412_03:31:40 15 78.5 76.775
2024_0412_03:31:49 15 -0.8 1.2
2024_0412_03:32:23 15 42.35 49.525
2024_0412_03:32:30 15 -5.975 29.175
2024_0412_03:32:43 15 -0.4 2.275
2024_0412_03:32:53 15 6.15 -0.925
2024_0412_03:32:59 15 80.525 73.725
2024_0412_03:33:16 15 -9.775 9.875
2024_0412_03:33:52 15 79.475 76.225
2024_0412_03:34:00 15 0.1 2.2
2024_0412_03:34:02 15 2.3 -2.0
2024_0412_03:34:14 15 16.625 7.2
2024_0412_03:34:48 15 99.95 -49.925
2024_0412_03:35:16 15 83.5 87.025
2024_0412_03:35:31 15 0.825 1.475
2024_0412_03:35:37 15 -0.05 0.025
2024_0412_03:36:04 15 -99.85 99.925
2024_0412_03:36:49 15 -2.225 1.375
2024_0412_03:36:54 15 3.625 3.65
2024_0412_03:37:06 15 -5.125 48.15
2024_0412_03:37:18 15 76.55 71.325
2024_0412_03:37:20 15 70.4 64.775
2024_0412_03:37:42 15 32.375 34.75
2024_0412_03:38:13 15 30.825 85.55
2024_0412_03:38:27 15 86.825 86.075
2024_0412_03:38:30 15 36.05 35.575
2024_0412_03:38:46 15 -1.825 -0.275
2024_0412_03:39:07 15 0.0 -0.7
2024_0412_03:39:37 15 84.35 84.875
2024_0412_03:39:46 15 -9.975 9.95
2024_0412_03:39:49 15 -99.925 -99.95
2024_0412_03:40:00 15 79.45 70.225
2024_0412_03:40:36 15 0.45 -1.225
2024_0412_03:41:16 15 -0.775 -0.875
2024_0412_03:41:17 15 73.95 80.475
2024_0412_03:41:25 15 -19.3 25.65
2024_0412_03:41:43 15 88.375 87.025
2024_0412_03:41:45 15 0.25 0.4
2024_0412_03:42:06 15 0.925 2.45
2024_0412_03:42:37 15 14.2 -7.3
2024_0412_03:42:47 15 -0.3 0.55
2024_0412_03:42:56 15 81.775 72.35
2024_0412_03:43:10 15 71.175 76.25
2024_0412_03:43:29 15 -2.875 -1.5
2024_0412_03:43:57 15 -1.45 -0.55
2024_0412_03:44:07 15 -5.45 21.825
2024_0412_03:44:11 15 0.325 -1.025
2024_0412_03:44:25 15 60.825 61.25
2024_0412_03:44:56 15 -27.5 50.4
2024_0412_03:45:43 15 79.75 77.725
2024_0412_03:45:43 15 -100.0 50.0
2024_0412_03:45:48 15 1.05 0.2
2024_0412_03:46:07 15 36.325 35.425
2024_0412_03:46:21 15 52.95 57.75
2024_0412_03:46:31 15 0.975 -0.775
2024_0412_03:46:56 15 -1.525 -0.375
2024_0412_03:47:05 15 99.95 -49.975
2024_0412_03:47:18 15 -0.825 -2.55
2024_0412_03:47:31 15 96.675 -39.175
2024_0412_03:47:58 15 2.075 -2.8
2024_0412_03:48:18 15 -1.9 -2.2
2024_0412_03:48:30 15 66.475 77.225
2024_0412_03:48:36 15 77.675 38.8
2024_0412_03:48:46 15 -0.3 -1.625
2024_0412_03:49:20 15 79.8 72.125
2024_0412_03:50:11 15 33.675 34.475
2024_0412_03:50:14 15 59.7 68.725
2024_0412_03:50:35 15 64.825 72.25
2024_0412_03:50:37 15 -0.25 -1.25
2024_0412_03:51:01 15 1.9 5.525
2024_0412_03:51:17 15 0.4 0.2
2024_0412_03:51:26 15 0.075 -0.075
2024_0412_03:51:40 15 33.5 -32.275
2024_0412_03:51:53 15 27.2 -26.175
2024_0412_03:52:11 15 -16.125 17.225
2024_0412_03:52:27 15 70.3 75.05
2024_0412_03:52:49 15 2.7 0.5
2024_0412_03:52:59 15 81.2 79.0
2024_0412_03:53:05 15 -1.275 0.4
2024_0412_03:53:10 15 87.2 85.075
2024_0412_03:53:40 15 -10.925 10.4
2024_0412_03:54:39 15 1.05 3.675
2024_0412_03:54:39 15 75.4 60.75
2024_0412_03:54:54 15 -0.6 0.55
2024_0412_03:54:59 15 -0.75 1.65
2024_0412_03:55:25 15 -12.825 8.475
2024_0412_03:55:33 15 0.15 -2.45
2024_0412_03:55:47 15 34.9 83.525
2024_0412_03:56:20 15 77.15 74.4
2024_0412_03:56:54 15 34.275 -3.275
2024_0412_03:57:11 15 76.475 65.5
2024_0412_03:57:23 15 84.825 84.925
2024_0412_03:57:28 15 0.6 2.4
2024_0412_03:57:38 15 0.9 2.0
2024_0412_03:58:02 15 8.65 10.975
2024_0412_03:59:00 15 -18.05 20.625
2024_0412_03:59:03 15 78.4 77.75
2024_0412_03:59:08 15 4.1 -3.4
2024_0412_03:59:13 15 9.85 11.575
2024_0412_03:59:28 15 -0.875 -1.325
2024_0412_03:59:50 15 -1.875 1.725
2024_0412_03:59:59 15 69.9 81.775
2024_0412_04:00:09 15 -2.825 0.9
2024_0412_04:00:20 15 75.975 79.55
2024_0412_04:00:44 15 -0.775 0.5
2024_0412_04:01:15 15 -2.175 -2.25
2024_0412_04:01:35 15 3.7 -4.2
2024_0412_04:01:47 15 81.225 82.325
2024_0412_04:01:50 15 -0.275 2.9
2024_0412_04:02:00 15 -99.95 49.975
2024_0412_04:02:22 15 2.9 -3.425
2024_0412_04:03:23 15 84.05 82.55
2024_0412_04:03:26 15 79.15 69.95
2024_0412_04:03:28 15 -1.85 -1.3
2024_0412_04:03:30 15 11.7 1.15
2024_0412_04:03:51 15 83.9 86.65
2024_0412_04:04:14 15 -0.6 0.725
2024_0412_04:04:20 16 -1.25 1.05
2024_0412_04:04:29 16 -11.275 8.225
2024_0412_04:04:43 16 18.525 -3.55
2024_0412_04:05:10 16 85.175 87.05
2024_0412_04:05:35 16 18.95 -13.9
2024_0412_04:06:05 16 80.35 73.475
2024_0412_04:06:11 16 48.75 -19.025
2024_0412_04:06:25 16 18.625 -16.35
2024_0412_04:06:44 16 80.7 79.55
2024_0412_04:06:52 16 14.275 73.9
2024_0412_04:07:46 16 -3.525 1.425
2024_0412_04:07:47 16 15.85 -16.225
2024_0412_04:07:48 16 79.4 70.325
2024_0412_04:07:52 16 32.325 31.575
2024_0412_04:08:15 16 42.0 40.05
2024_0412_04:08:39 16 87.95 86.05
2024_0412_04:08:44 16 -0.275 -0.075
2024_0412_04:08:49 16 -0.325 -1.55
2024_0412_04:09:07 16 88.975 85.6
2024_0412_04:09:32 16 1.65 -0.975
2024_0412_04:10:02 16 28.15 78.55
2024_0412_04:10:31 16 78.175 77.675
2024_0412_04:10:31 16 77.175 79.125
2024_0412_04:10:51 16 -4.225 0.325
2024_0412_04:11:07 16 17.175 -16.65
2024_0412_04:11:18 16 83.725 86.075
2024_0412_04:12:05 16 15.525 -17.675
2024_0412_04:12:05 16 -38.9 51.7
2024_0412_04:12:09 16 71.925 76.25
2024_0412_04:12:16 16 -8.325 1.825
2024_0412_04:12:42 16 6.65 -1.025
2024_0412_04:13:02 16 0.6 3.85
2024_0412_04:13:06 16 1.525 -2.425
2024_0412_04:13:23 16 -2.15 1.4
2024_0412_04:13:27 16 0.075 0.375
2024_0412_04:13:55 16 10.025 -10.175
2024_0412_04:14:24 16 76.65 79.825
2024_0412_04:14:52 16 -2.825 1.025
2024_0412_04:14:54 16 86.1 72.175
2024_0412_04:15:12 16 6.7 4.325
2024_0412_04:15:30 16 -1.2 -0.425
2024_0412_04:15:40 16 58.525 60.175
2024_0412_04:16:23 16 -3.975 19.2
2024_0412_04:16:27 16 86.525 86.475
2024_0412_04:16:35 16 77.45 78.5
2024_0412_04:16:38 16 1.85 -1.85
2024_0412_04:17:06 16 3.0 -2.525
2024_0412_04:17:22 16 73.425 78.95
2024_0412_04:17:32 16 62.225 63.95
2024_0412_04:17:46 16 78.775 78.45
2024_0412_04:17:52 16 2.275 -1.0
2024_0412_04:18:17 16 2.425 1.2
2024_0412_04:18:44 16 87.4 85.35
2024_0412_04:19:17 16 -10.275 10.075
2024_0412_04:19:18 16 72.125 33.425
2024_0412_04:19:36 16 84.025 78.95
2024_0412_04:19:54 16 83.575 85.725
2024_0412_04:20:04 16 59.8 40.675
2024_0412_04:20:44 16 25.125 60.25
2024_0412_04:20:45 16 0.95 1.6
2024_0412_04:20:57 16 0.35 0.375
2024_0412_04:20:59 16 17.175 1.125
2024_0412_04:21:29 16 34.225 79.275
2024_0412_04:21:41 16 87.8 87.175
2024_0412_04:21:54 16 26.3 -23.025
2024_0412_04:22:07 16 25.0 -24.975
2024_0412_04:22:18 16 24.575 26.825
2024_0412_04:22:41 16 84.1 83.225
2024_0412_04:23:41 16 83.225 85.025
2024_0412_04:23:41 16 80.25 65.375
2024_0412_04:24:00 16 32.125 84.95
2024_0412_04:24:23 16 -1.275 -0.275
2024_0412_04:24:26 16 89.025 85.1
2024_0412_04:25:02 16 -0.15 -0.425
2024_0412_04:25:03 16 76.85 73.75
2024_0412_04:25:04 16 -4.9 16.05
2024_0412_04:25:20 16 82.65 83.475
2024_0412_04:25:23 16 89.125 85.125
2024_0412_04:25:58 16 86.075 86.375
2024_0412_04:26:04 16 10.125 -10.025
2024_0412_04:26:18 16 0.575 -4.025
2024_0412_04:26:26 16 -49.975 99.95
2024_0412_04:26:43 16 -0.575 0.95
2024_0412_04:28:01 16 -1.0 1.975
2024_0412_04:28:04 16 -1.825 0.425
2024_0412_04:28:47 16 77.9 67.15
2024_0412_04:29:22 16 99.95 -49.975
2024_0412_04:29:23 16 -8.975 8.8
2024_0412_04:29:23 16 -17.25 15.35
2024_0412_04:29:45 16 80.575 79.95
2024_0412_04:29:51 16 35.225 16.1
2024_0412_04:30:17 16 88.5 87.025
2024_0412_04:30:21 16 10.6 9.375
2024_0412_04:30:27 16 0.625 -1.45
2024_0412_04:30:45 16 78.65 76.2
2024_0412_04:30:49 16 -0.725 -0.75
2024_0412_04:31:03 16 45.675 46.7
2024_0412_04:31:08 16 -3.25 -4.35
2024_0412_04:32:22 16 2.95 5.875
2024_0412_04:32:24 16 11.675 -3.75
2024_0412_04:32:37 16 -49.95 -99.9
2024_0412_04:33:12 16 -0.85 -0.25
2024_0412_04:33:40 16 8.625 7.125
2024_0412_04:33:46 16 44.1 84.075
2024_0412_04:34:11 16 -49.975 -99.95
2024_0412_04:34:16 16 3.875 7.575
2024_0412_04:34:36 16 80.975 73.5
2024_0412_04:34:41 16 -1.25 35.175
2024_0412_04:34:54 16 34.05 17.45
2024_0412_04:35:11 16 86.125 85.6
2024_0412_04:35:11 16 54.9 58.225
2024_0412_04:35:25 16 36.45 -1.1
2024_0412_04:36:41 16 0.125 0.675
2024_0412_04:36:42 16 -1.475 0.9
2024_0412_04:36:56 16 -6.875 13.95
2024_0412_04:36:58 16 0.45 -3.6
2024_0412_04:37:35 16 1.075 -1.2
2024_0412_04:37:39 16 -2.125 -2.425
2024_0412_04:37:56 16 0.7 0.075
2024_0412_04:38:12 16 86.925 86.575
2024_0412_04:38:32 16 16.25 17.9
2024_0412_04:38:40 16 -0.225 1.475
2024_0412_04:38:54 16 88.725 85.55
2024_0412_04:39:03 16 76.325 70.825
2024_0412_04:39:33 16 -9.95 7.6
2024_0412_04:39:36 16 61.725 62.225
2024_0412_04:39:46 16 -0.475 2.975
2024_0412_04:41:02 16 8.95 -11.35
2024_0412_04:41:04 16 -0.525 -0.125
2024_0412_04:41:17 16 0.0 -0.075
2024_0412_04:41:20 16 77.775 75.925
2024_0412_04:41:33 16 -37.525 35.35
2024_0412_04:41:59 16 -1.225 -3.7
2024_0412_04:42:01 17 -4.7 14.425
2024_0412_04:42:26 17 71.725 73.3
2024_0412_04:42:35 17 84.975 84.425
2024_0412_04:42:59 17 77.8 65.55
2024_0412_04:43:01 17 21.825 51.725
2024_0412_04:43:11 17 1.05 2.85
2024_0412_04:43:28 17 50.325 33.575
2024_0412_04:44:06 17 0.275 0.925
2024_0412_04:44:07 17 5.4 10.05
2024_0412_04:44:12 17 -0.2 -0.725
2024_0412_04:45:26 17 74.35 71.325
2024_0412_04:45:26 17 -1.9 0.45
2024_0412_04:45:38 17 14.525 13.575
2024_0412_04:45:46 17 -0.15 0.575
2024_0412_04:45:59 17 39.5 -40.1
2024_0412_04:46:25 17 86.725 86.35
2024_0412_04:46:25 17 -2.85 0.8
2024_0412_04:46:47 17 -0.175 -0.725
2024_0412_04:46:59 17 -0.375 0.325
2024_0412_04:47:22 17 -1.175 0.25
2024_0412_04:47:23 17 77.125 77.525
2024_0412_04:47:32 17 32.9 35.775
2024_0412_04:47:50 17 3.35 50.125
2024_0412_04:48:26 17 2.375 0.575
2024_0412_04:48:30 17 -5.825 5.275
2024_0412_04:48:33 17 -52.7 48.9
2024_0412_04:49:44 17 -25.9 49.5
2024_0412_04:49:48 17 3.85 5.525
2024_0412_04:50:00 17 7.05 10.825
2024_0412_04:50:07 17 38.45 -40.425
2024_0412_04:50:25 17 54.0 80.625
2024_0412_04:50:50 17 12.075 4.225
2024_0412_04:50:51 17 45.25 71.175
2024_0412_04:51:05 17 1.5 0.275
2024_0412_04:51:28 17 71.0 52.825
2024_0412_04:51:46 17 35.475 17.6
2024_0412_04:51:47 17 71.275 71.25
2024_0412_04:51:54 17 83.625 85.85
2024_0412_04:52:16 17 -7.05 5.8
2024_0412_04:52:49 17 77.075 70.675
2024_0412_04:52:54 17 64.175 63.15
2024_0412_04:53:08 17 76.725 52.3
2024_0412_04:54:05 17 1.5 2.15
2024_0412_04:54:05 17 87.025 86.25
2024_0412_04:54:21 17 78.15 70.425
2024_0412_04:54:26 17 -10.575 19.65
2024_0412_04:54:50 17 59.2 59.9
2024_0412_04:55:13 17 11.925 13.175
2024_0412_04:55:14 17 8.725 -10.575
2024_0412_04:55:22 17 -0.925 2.175
2024_0412_04:55:49 17 77.425 84.825
2024_0412_04:56:08 17 1.125 -0.725
2024_0412_04:56:11 17 -7.95 16.825
2024_0412_04:56:30 17 60.425 72.8
2024_0412_04:56:42 17 69.725 79.3
2024_0412_04:57:14 17 11.2 -10.75
2024_0412_04:57:30 17 2.15 -1.925
2024_0412_04:58:21 17 -2.425 0.4
2024_0412_04:58:26 17 49.275 55.125
2024_0412_04:58:42 17 9.825 10.3
2024_0412_04:58:53 17 29.675 60.525
2024_0412_04:59:18 17 85.825 86.25
2024_0412_04:59:20 17 99.9 50.05
2024_0412_04:59:35 17 65.325 83.0
2024_0412_04:59:37 17 82.325 86.0
2024_0412_04:59:38 17 -1.55 0.9
2024_0412_05:00:09 17 -1.45 52.125
2024_0412_05:00:33 17 -2.05 0.075
2024_0412_05:00:35 17 17.05 -2.175
2024_0412_05:00:48 17 6.575 1.725
2024_0412_05:01:39 17 76.1 72.45
2024_0412_05:02:46 17 66.3 65.725
2024_0412_05:02:47 17 16.05 1.125
2024_0412_05:03:03 17 -0.075 -1.4
2024_0412_05:03:14 17 55.9 59.4
2024_0412_05:03:38 17 2.7 -0.4
2024_0412_05:03:44 17 -2.25 0.475
2024_0412_05:03:55 17 77.15 77.9
2024_0412_05:03:56 17 -20.1 20.15
2024_0412_05:03:59 17 0.325 0.3
2024_0412_05:04:18 17 0.075 -2.7
2024_0412_05:04:32 17 75.8 77.2
2024_0412_05:04:52 17 80.25 81.075
2024_0412_05:04:55 17 2.675 6.225
2024_0412_05:05:05 17 8.1 -10.325
2024_0412_05:05:33 17 -11.15 9.45
2024_0412_05:06:05 17 2.95 -2.1
2024_0412_05:07:06 17 -9.125 7.85
2024_0412_05:07:08 17 15.25 -12.425
2024_0412_05:07:23 17 0.275 -1.525
2024_0412_05:07:35 17 86.825 86.15
2024_0412_05:07:59 17 -4.925 5.475
2024_0412_05:08:04 17 2.125 18.5
2024_0412_05:08:10 17 0.4 1.025
2024_0412_05:08:17 17 -1.05 1.1
2024_0412_05:08:21 17 50.075 66.75
2024_0412_05:08:39 17 79.575 78.425
2024_0412_05:08:58 17 -8.75 18.95
2024_0412_05:09:11 17 -1.5 1.175
2024_0412_05:09:16 17 -0.125 0.925
2024_0412_05:09:22 17 -25.675 22.225
2024_0412_05:10:00 17 72.95 79.525
2024_0412_05:11:25 17 -1.625 -2.65
2024_0412_05:11:26 17 0.225 1.45
2024_0412_05:11:42 17 -1.875 1.475
2024_0412_05:11:52 17 -2.0 -5.675
2024_0412_05:12:23 17 -11.35 7.325
2024_0412_05:12:28 17 3.025 -2.125
2024_0412_05:12:40 17 25.875 43.475
2024_0412_05:12:44 17 0.225 8.525
2024_0412_05:13:13 17 15.475 16.15
2024_0412_05:13:18 17 79.7 78.325
2024_0412_05:13:19 17 -15.65 14.75
2024_0412_05:13:32 17 2.95 -3.1
2024_0412_05:13:35 17 -3.275 0.7
2024_0412_05:13:38 17 3.55 1.325
2024_0412_05:14:22 17 -0.375 2.4
2024_0412_05:15:47 17 10.95 -1.25
2024_0412_05:15:57 17 80.45 79.5
2024_0412_05:16:02 17 -1.125 -1.35
2024_0412_05:16:09 17 11.375 8.325
2024_0412_05:16:39 17 0.025 -1.425
2024_0412_05:16:44 17 -0.325 -0.525
2024_0412_05:16:44 17 77.675 66.3
2024_0412_05:17:02 17 15.25 8.3
2024_0412_05:17:31 17 -0.9 -0.05
2024_0412_05:17:36 17 -0.35 -0.225
2024_0412_05:17:41 17 -2.225 0.65
2024_0412_05:17:41 17 84.3 33.5
2024_0412_05:17:56 17 80.175 80.1
2024_0412_05:17:56 17 1.975 -3.175
2024_0412_05:18:43 17 14.925 -7.325
2024_0412_05:20:05 17 14.375 -10.325
2024_0412_05:20:17 17 48.875 -49.65
2024_0412_05:20:25 17 85.525 88.375
2024_0412_05:20:26 17 69.675 78.225
2024_0412_05:21:01 17 0.325 -0.725
2024_0412_05:21:02 17 -10.25 8.7
2024_0412_05:21:06 17 43.55 -22.075
2024_0412_05:21:23 17 8.95 9.65
2024_0412_05:21:27 17 36.0 29.2
2024_0412_05:22:03 17 0.05 -2.25
2024_0412_05:22:05 17 64.7 75.225
2024_0412_05:22:16 17 -1.4 -0.225
2024_0412_05:23:08 17 35.225 35.0
2024_0412_05:23:17 17 -1.925 0.55
2024_0412_05:23:46 17 43.775 64.325
2024_0412_05:24:28 17 78.95 31.125
2024_0412_05:24:41 17 0.325 2.35
2024_0412_05:24:43 18 49.95 -99.95
2024_0412_05:24:56 18 -15.7 32.0
2024_0412_05:25:24 18 0.625 -1.325
2024_0412_05:25:28 18 47.8 -47.725
2024_0412_05:25:29 18 86.2 84.25
2024_0412_05:25:42 18 82.7 79.9
2024_0412_05:25:57 18 16.4 34.5
2024_0412_05:26:17 18 5.4 3.875
2024_0412_05:26:23 18 30.875 -13.45
2024_0412_05:26:25 18 81.95 31.45
2024_0412_05:26:43 18 71.275 68.025
2024_0412_05:27:29 18 48.725 -6.875
2024_0412_05:27:43 18 -4.15 17.7
2024_0412_05:28:08 18 1.45 1.1
2024_0412_05:28:48 18 -1.25 2.375
2024_0412_05:29:07 18 -0.175 -0.05
2024_0412_05:29:08 18 6.15 -1.725
2024_0412_05:29:29 18 27.5 29.525
2024_0412_05:29:46 18 86.175 86.4
2024_0412_05:29:56 18 55.825 63.6
2024_0412_05:29:59 18 -6.875 12.775
2024_0412_05:30:04 18 6.8 -1.45
2024_0412_05:30:21 18 2.225 -2.55
2024_0412_05:30:44 18 77.575 79.3
2024_0412_05:30:47 18 46.45 42.875
2024_0412_05:30:47 18 -4.375 2.45
2024_0412_05:31:07 18 90.05 86.25
2024_0412_05:31:50 18 -1.2 1.825
2024_0412_05:32:09 18 76.15 78.075
2024_0412_05:32:31 18 -13.15 39.675
2024_0412_05:33:12 18 0.7 0.725
2024_0412_05:33:28 18 -8.925 7.725
2024_0412_05:33:39 18 80.275 76.7
2024_0412_05:33:54 18 74.05 58.975
2024_0412_05:34:02 18 -3.475 3.475
2024_0412_05:34:16 18 1.525 2.075
2024_0412_05:34:20 18 12.925 -10.2
2024_0412_05:34:21 18 1.2 0.15
2024_0412_05:35:05 18 1.925 -0.075
2024_0412_05:35:08 18 -4.625 5.525
2024_0412_05:35:09 18 78.6 74.225
2024_0412_05:35:28 18 53.6 -13.075
2024_0412_05:36:27 18 80.125 74.975
2024_0412_05:36:55 18 3.725 8.15
2024_0412_05:37:03 18 -3.875 1.875
2024_0412_05:37:34 18 34.275 51.825
2024_0412_05:37:48 18 31.5 31.625
2024_0412_05:37:57 18 -1.025 -1.025
2024_0412_05:38:14 18 0.225 0.975
2024_0412_05:38:22 18 85.425 84.55
2024_0412_05:38:38 18 36.925 37.05
2024_0412_05:38:40 18 -1.575 0.625
2024_0412_05:38:44 18 84.425 75.7
2024_0412_05:39:28 18 7.65 -2.75
2024_0412_05:39:32 18 -12.85 47.575
2024_0412_05:39:32 18 0.325 0.35
2024_0412_05:39:52 18 12.5 4.8
2024_0412_05:40:03 18 -3.25 27.675
2024_0412_05:40:50 18 -0.05 1.375
2024_0412_05:41:20 18 72.825 48.6
2024_0412_05:41:24 18 -37.2 46.25
2024_0412_05:41:58 18 -6.75 22.475
2024_0412_05:42:13 18 25.15 31.925
2024_0412_05:42:17 18 99.975 -99.975
2024_0412_05:42:42 18 1.425 0.0
2024_0412_05:43:01 18 -2.275 1.45
2024_0412_05:43:10 18 83.0 83.375
2024_0412_05:43:13 18 -36.125 35.925
2024_0412_05:43:20 18 87.55 78.875
2024_0412_05:43:48 18 -1.6 1.225
2024_0412_05:43:55 18 71.725 42.725
2024_0412_05:43:57 18 14.0 21.65
2024_0412_05:44:15 18 78.5 72.075
2024_0412_05:44:32 18 71.425 43.475
2024_0412_05:45:18 18 23.375 48.175
2024_0412_05:45:48 18 -19.275 22.2
2024_0412_05:45:50 18 -12.3 13.525
2024_0412_05:46:18 18 -0.875 0.95
2024_0412_05:46:39 18 83.375 85.95
2024_0412_05:46:47 18 38.8 90.5
2024_0412_05:47:25 18 86.975 85.125
2024_0412_05:47:33 18 0.95 -0.75
2024_0412_05:47:48 18 2.85 2.025
2024_0412_05:48:10 18 87.05 83.625
2024_0412_05:48:18 18 5.65 6.85
2024_0412_05:48:22 18 -9.65 15.825
2024_0412_05:48:41 18 79.125 75.875
2024_0412_05:49:11 18 14.125 9.15
2024_0412_05:49:49 18 -3.275 3.925
2024_0412_05:50:11 18 -1.4 1.75
2024_0412_05:50:11 18 -0.3 0.375
2024_0412_05:50:14 18 76.95 70.875
2024_0412_05:50:41 18 -7.725 19.025
2024_0412_05:51:01 18 99.95 0.0
2024_0412_05:51:11 18 78.875 80.8
2024_0412_05:51:23 18 78.275 76.675
2024_0412_05:51:52 18 67.225 66.975
2024_0412_05:52:03 18 82.45 88.1
2024_0412_05:52:10 18 17.1 -3.3
2024_0412_05:52:32 18 0.075 -0.55
2024_0412_05:52:41 18 -31.35 45.95
2024_0412_05:53:00 18 0.675 5.6
2024_0412_05:53:10 18 5.75 6.85
2024_0412_05:53:36 18 0.425 1.85
2024_0412_05:54:12 18 -1.575 1.625
2024_0412_05:54:36 18 75.95 68.325
2024_0412_05:54:36 18 12.1 -12.475
2024_0412_05:54:44 18 68.9 67.3
2024_0412_05:55:13 18 -0.125 -3.5
2024_0412_05:55:29 18 82.5 78.425
2024_0412_05:55:30 18 -0.55 -1.325
2024_0412_05:55:42 18 6.35 6.125
2024_0412_05:56:21 18 88.575 88.575
2024_0412_05:56:27 18 40.15 39.175
2024_0412_05:56:39 18 83.675 77.0
2024_0412_05:56:52 18 -49.95 49.95
2024_0412_05:57:06 18 20.475 3.225
2024_0412_05:57:25 18 3.15 3.525
2024_0412_05:57:34 18 99.75 -99.9
2024_0412_05:58:06 18 -2.95 3.0
2024_0412_05:58:43 18 62.9 53.0
2024_0412_05:58:57 18 82.475 79.125
2024_0412_05:58:59 18 9.15 -4.55
2024_0412_05:59:03 18 -0.125 1.2
2024_0412_05:59:36 18 -1.25 1.15
2024_0412_05:59:47 18 -4.15 3.25
2024_0412_05:59:56 18 -1.1 1.7
2024_0412_06:00:05 18 12.35 -11.125
2024_0412_06:00:45 18 75.225 73.875
2024_0412_06:00:56 18 72.425 54.775
2024_0412_06:01:08 18 -2.875 2.275
2024_0412_06:01:14 18 25.325 -5.3
2024_0412_06:01:31 18 -1.275 -3.175
2024_0412_06:01:46 18 0.375 -2.325
2024_0412_06:02:02 18 -1.0 1.775
2024_0412_06:02:29 18 3.125 0.75
2024_0412_06:03:09 18 46.85 42.125
2024_0412_06:03:19 18 0.65 -0.1
2024_0412_06:03:28 18 76.6 87.15
2024_0412_06:03:40 18 3.3 -1.925
2024_0412_06:04:06 18 68.75 77.275
2024_0412_06:04:14 18 88.625 87.125
2024_0412_06:04:18 18 85.875 85.1
2024_0412_06:04:26 18 -10.175 6.7
2024_0412_06:05:14 18 64.7 78.0
2024_0412_06:05:19 18 10.075 -10.3
2024_0412_06:05:35 18 9.5 2.1
2024_0412_06:05:36 18 86.725 83.9
2024_0412_06:05:53 18 1.975 -2.3
2024_0412_06:06:14 18 -15.3 27.25
2024_0412_06:06:28 18 -0.55 0.2
2024_0412_06:06:51 18 6.15 39.275
2024_0412_06:07:35 18 10.925 11.15
2024_0412_06:07:41 18 43.2 0.925
2024_0412_06:08:06 18 -9.175 10.2
2024_0412_06:08:29 18 0.575 -0.475
2024_0412_06:08:36 18 -16.775 46.2
2024_0412_06:08:37 18 6.975 -5.425
2024_0412_06:08:50 18 79.325 74.225
2024_0412_06:09:34 18 3.425 4.1
2024_0412_06:09:41 18 99.95 -99.95
2024_0412_06:10:03 18 72.525 76.775
2024_0412_06:10:11 18 -0.1 2.8
2024_0412_06:10:15 18 -2.525 -2.125
2024_0412_06:10:54 19 1.3 0.525
2024_0412_06:11:09 19 -1.95 2.675
2024_0412_06:11:21 19 2.75 -0.7
2024_0412_06:12:00 19 9.025 -3.85
2024_0412_06:12:13 19 24.2 78.55
2024_0412_06:12:38 19 -13.425 13.55
2024_0412_06:12:57 19 88.55 39.625
2024_0412_06:12:58 19 0.425 -0.8
2024_0412_06:12:59 19 77.9 78.9
2024_0412_06:13:01 19 79.975 76.4
2024_0412_06:13:17 19 79.6 38.75
2024_0412_06:14:00 19 -0.8 -0.175
2024_0412_06:14:26 19 81.95 76.475
2024_0412_06:14:34 19 -4.2 2.15
2024_0412_06:14:37 19 2.05 1.475
2024_0412_06:15:19 19 -1.2 1.525
2024_0412_06:15:31 19 0.275 1.2
2024_0412_06:15:43 19 -2.2 1.55
2024_0412_06:16:25 19 -12.125 10.725
2024_0412_06:16:27 19 -1.0 1.95
2024_0412_06:17:01 19 3.7 -2.375
2024_0412_06:17:19 19 2.725 2.075
2024_0412_06:17:20 19 0.2 -0.3
2024_0412_06:17:25 19 71.3 79.75
2024_0412_06:17:26 19 44.475 74.45
2024_0412_06:17:48 19 -0.3 -1.45
2024_0412_06:18:27 19 42.425 46.45
2024_0412_06:18:49 19 0.35 -0.4
2024_0412_06:18:57 19 0.475 0.45
2024_0412_06:19:01 19 -1.625 2.375
2024_0412_06:19:20 19 83.15 55.55
2024_0412_06:19:41 19 0.8 53.6
2024_0412_06:20:11 19 13.975 -12.3
2024_0412_06:20:57 19 28.45 -2.5
2024_0412_06:21:29 19 4.25 3.125
2024_0412_06:21:30 19 44.125 51.075
2024_0412_06:21:42 19 -1.925 2.1
2024_0412_06:21:50 19 1.75 2.625
2024_0412_06:21:55 19 -0.575 -0.275
2024_0412_06:22:12 19 0.5 -0.3
2024_0412_06:23:11 19 9.05 -10.7
2024_0412_06:23:13 19 -1.125 -0.125
2024_0412_06:23:25 19 5.075 2.875
2024_0412_06:23:26 19 87.475 86.075
2024_0412_06:23:39 19 3.8 -1.375
2024_0412_06:24:19 19 20.625 -19.25
2024_0412_06:24:31 19 16.2 -16.675
2024_0412_06:24:49 19 31.45 32.3
2024_0412_06:25:20 19 -1.95 -1.3
2024_0412_06:25:49 19 4.175 5.075
2024_0412_06:25:55 19 -0.075 -1.35
2024_0412_06:26:08 19 -7.925 11.525
2024_0412_06:26:16 19 73.875 78.35
2024_0412_06:26:18 19 1.275 0.125
2024_0412_06:26:26 19 -2.0 27.325
2024_0412_06:26:39 19 76.6 77.675
2024_0412_06:27:31 19 80.225 46.4
2024_0412_06:27:46 19 2.5 1.8
2024_0412_06:27:57 19 72.525 76.35
2024_0412_06:27:57 19 0.35 -0.35
2024_0412_06:28:47 19 21.625 -21.175
2024_0412_06:28:55 19 81.75 82.75
2024_0412_06:29:15 19 -2.65 2.225
2024_0412_06:29:44 19 5.25 2.4
2024_0412_06:30:18 19 -13.1 13.95
2024_0412_06:30:23 19 31.025 31.825
2024_0412_06:30:36 19 80.2 79.5
2024_0412_06:30:43 19 -2.775 -3.625
2024_0412_06:30:45 19 0.575 1.45
2024_0412_06:30:52 19 75.175 73.675
2024_0412_06:31:06 19 1.25 -2.875
2024_0412_06:31:50 19 -49.9 49.925
2024_0412_06:32:08 19 -2.525 4.75
2024_0412_06:32:21 19 -0.375 0.075
2024_0412_06:32:26 19 0.3 -3.425
2024_0412_06:33:08 19 -1.525 2.05
2024_0412_06:33:19 19 49.4 -49.25
2024_0412_06:33:43 19 1.6 -0.125
2024_0412_06:34:09 19 25.45 33.875
2024_0412_06:34:43 19 24.075 -21.4
2024_0412_06:34:43 19 9.85 -8.65
2024_0412_06:35:04 19 72.975 34.0
2024_0412_06:35:04 19 2.25 0.625
2024_0412_06:35:12 20 14.175 -1.125
2024_0412_06:35:15 20 41.925 80.175
2024_0412_06:35:34 20 -1.85 0.4
2024_0412_06:36:10 20 28.625 29.5
2024_0412_06:36:30 20 10.125 34.575
2024_0412_06:36:38 20 49.975 -49.975
2024_0412_06:36:44 20 56.35 59.275
2024_0412_06:36:47 20 1.2 -1.025
2024_0412_06:37:36 20 3.075 40.4
2024_0412_06:37:41 20 -3.75 0.375
2024_0412_06:38:07 20 99.95 -99.975
2024_0412_06:38:46 20 -7.075 32.65
2024_0412_06:39:05 20 6.075 2.8
2024_0412_06:39:06 20 -2.95 5.5
2024_0412_06:39:25 20 2.225 2.25
2024_0412_06:39:32 20 76.125 81.2
2024_0412_06:39:35 20 -0.4 2.85
2024_0412_06:39:40 20 4.725 9.45
2024_0412_06:40:10 20 22.0 43.4
2024_0412_06:40:54 20 22.925 22.125
2024_0412_06:41:05 20 3.575 -1.6
2024_0412_06:41:07 20 75.5 75.1
2024_0412_06:41:07 20 84.05 87.95
2024_0412_06:41:11 20 -0.25 0.7
2024_0412_06:41:59 20 -0.275 -0.55
2024_0412_06:42:06 20 -13.6 13.825
2024_0412_06:42:39 20 4.45 -2.15
2024_0412_06:43:14 20 69.9 -11.25
2024_0412_06:43:28 20 11.925 -11.225
2024_0412_06:43:35 20 -0.025 0.9
2024_0412_06:43:45 20 76.125 79.825
2024_0412_06:43:53 20 16.675 -16.25
2024_0412_06:43:56 20 0.025 0.05
2024_0412_06:44:37 20 71.9 79.45
2024_0412_06:45:14 20 76.375 77.4
2024_0412_06:45:27 20 1.175 2.65
2024_0412_06:45:31 20 -12.7 15.625
2024_0412_06:45:36 20 0.725 -1.525
2024_0412_06:45:43 20 2.375 -0.675
2024_0412_06:46:22 20 76.7 80.525
2024_0412_06:46:33 20 70.35 78.975
2024_0412_06:46:56 20 -99.85 99.95
2024_0412_06:47:04 20 85.9 86.075
2024_0412_06:47:41 20 4.25 3.675
2024_0412_06:47:52 20 49.5 -49.95
2024_0412_06:47:59 20 -2.225 2.95
2024_0412_06:48:00 20 4.1 1.175
2024_0412_06:48:16 20 -0.85 0.725
2024_0412_06:48:20 20 85.3 86.45
2024_0412_06:49:05 20 31.275 -3.425
2024_0412_06:49:42 20 10.35 20.95
2024_0412_06:49:48 20 5.625 4.675
2024_0412_06:49:51 20 86.25 81.7
2024_0412_06:49:59 20 82.7 76.775
2024_0412_06:50:09 20 66.875 75.0
2024_0412_06:50:49 20 -14.825 54.125
2024_0412_06:51:00 20 8.125 7.325
2024_0412_06:51:19 20 -1.225 44.425
2024_0412_06:51:34 20 1.325 -2.1
2024_0412_06:52:08 20 2.95 0.8
2024_0412_06:52:23 20 77.775 77.5
2024_0412_06:52:29 20 27.4 25.875
2024_0412_06:52:38 20 7.7 7.4
2024_0412_06:52:40 20 49.975 -99.775
2024_0412_06:52:49 20 65.975 54.225
2024_0412_06:53:27 20 -20.55 17.85
2024_0412_06:54:07 20 38.25 24.2
2024_0412_06:54:10 20 -7.825 12.025
2024_0412_06:54:12 20 10.2 -15.875
2024_0412_06:54:22 20 19.575 8.675
2024_0412_06:55:15 20 52.825 74.825
2024_0412_06:55:18 20 -3.5 -1.275
2024_0412_06:55:43 20 -1.25 -3.775
2024_0412_06:55:45 20 78.0 76.475
2024_0412_06:56:00 20 82.8 77.05
2024_0412_06:56:38 20 86.925 87.025
2024_0412_06:56:52 20 -7.275 93.875
2024_0412_06:56:53 20 1.3 0.7
2024_0412_06:57:07 20 1.65 1.3
2024_0412_06:57:08 20 49.975 49.975
2024_0412_06:57:12 20 5.6 12.95
2024_0412_06:57:55 20 40.55 90.525
2024_0412_06:58:35 20 61.375 64.25
2024_0412_06:58:35 20 39.275 -40.1
2024_0412_06:58:40 20 44.725 37.725
2024_0412_06:58:43 20 -2.625 -1.4
2024_0412_06:59:42 20 -0.575 0.8
2024_0412_06:59:42 20 1.025 1.275
2024_0412_07:00:07 20 38.675 90.325
2024_0412_07:00:11 20 23.525 -22.15
2024_0412_07:00:35 20 0.95 0.175
2024_0412_07:01:08 20 47.7 -14.4
2024_0412_07:01:18 20 8.25 -5.825
2024_0412_07:01:18 20 7.65 36.875
2024_0412_07:01:33 20 -17.65 23.075
2024_0412_07:01:40 20 34.175 37.725
2024_0412_07:02:17 20 -29.4 28.95
2024_0412_07:02:54 20 0.0 2.075
2024_0412_07:02:59 20 81.975 79.275
2024_0412_07:03:04 20 0.375 -0.55
2024_0412_07:03:07 20 0.175 1.2
2024_0412_07:03:59 20 9.2 7.525
2024_0412_07:04:08 5 85.425 86.9
2024_0412_07:04:08 13 10.1 -9.3
2024_0412_07:04:27 13 0.75 1.325
2024_0412_07:04:33 13 99.95 49.975
2024_0412_07:04:58 13 49.975 49.975
2024_0412_07:05:36 13 25.975 80.225
2024_0412_07:05:40 14 -0.475 1.775
2024_0412_07:05:40 14 -0.5 -0.875
2024_0412_07:05:56 14 -2.35 -0.825
2024_0412_07:06:04 14 81.25 76.375
2024_0412_07:06:40 14 77.3 82.675
2024_0412_07:07:14 15 89.25 86.275
2024_0412_07:07:26 15 0.3 0.775
2024_0412_07:07:29 15 2.45 38.075
2024_0412_07:07:44 15 16.3 40.025
2024_0412_07:08:20 15 68.025 11.3
2024_0412_07:08:32 15 0.45 -2.25
2024_0412_07:08:37 15 -0.45 1.4
2024_0412_07:08:50 15 -0.375 0.2
2024_0412_07:08:56 15 -16.625 14.525
2024_0412_07:09:24 15 39.9 -39.875
2024_0412_07:10:02 16 -4.025 6.7
2024_0412_07:10:03 16 40.175 -39.35
2024_0412_07:10:23 16 1.425 -2.65
2024_0412_07:10:28 16 16.6 -15.075
2024_0412_07:11:00 16 -8.275 10.575
2024_0412_07:11:31 16 -7.425 14.6
2024_0412_07:11:52 16 -2.4 10.525
2024_0412_07:11:54 16 35.85 38.325
2024_0412_07:12:01 17 49.975 -49.975
2024_0412_07:12:41 17 88.625 84.225
2024_0412_07:13:00 17 68.2 29.55
2024_0412_07:13:03 17 -1.125 -0.075
2024_0412_07:13:16 17 56.275 52.15
2024_0412_07:13:21 17 86.075 87.125
2024_0412_07:13:52 17 6.275 -1.975
2024_0412_07:14:12 17 -11.25 8.5
2024_0412_07:14:25 17 -0.775 2.9
2024_0412_07:14:26 17 66.125 67.125
2024_0412_07:14:48 17 85.65 85.125
2024_0412_07:14:55 17 1.75 -1.6
2024_0412_07:15:20 17 8.825 -8.325
2024_0412_07:15:55 17 25.675 6.125
2024_0412_07:16:14 18 -2.675 -0.625
2024_0412_07:16:19 18 1.025 -4.8
2024_0412_07:17:01 18 12.7 -10.975
2024_0412_07:17:23 18 3.275 -0.025
2024_0412_07:17:29 18 77.05 75.35
2024_0412_07:17:37 18 16.1 -17.525
2024_0412_07:17:45 18 14.675 6.85
2024_0412_07:18:16 18 -8.725 80.35
2024_0412_07:18:35 19 14.025 -17.4
2024_0412_07:18:42 19 1.125 -1.45
2024_0412_07:18:52 19 0.625 -1.975
2024_0412_07:18:52 19 86.3 81.45
2024_0412_07:19:13 19 12.2 0.95
2024_0412_07:19:18 19 1.175 -3.675
2024_0412_07:19:44 19 46.7 -42.675
2024_0412_07:20:13 19 0.9 -1.45
2024_0412_07:20:38 19 0.675 0.35
2024_0412_07:20:44 19 88.8 84.475
2024_0412_07:21:15 19 -19.475 22.725
2024_0412_07:21:49 19 -24.975 24.825
2024_0412_07:21:58 19 0.35 0.375
2024_0412_07:22:18 20 48.5 -16.15
2024_0412_07:22:44 20 49.2 -49.8
2024_0412_07:23:04 20 -1.1 1.65
2024_0412_07:23:09 20 49.975 -49.975
2024_0412_07:23:17 18 0.175 -2.425
2024_0412_07:23:26 16 87.25 85.125
2024_0412_07:25:07 20 40.0 -38.575
