0.20683000000013646 0.11868500000004831 0.027855000000003193 0.006694999999999811 0.02275500000000163 0.021925000000001377 0.020545000000000955 0.020290000000000877 0.020255000000000866 0.007929999999999762 0.0439749999999993 0.03667500000000213 0.061654999999992445 0.05844999999999369 0.06654999999999617 0.050869999999996626 0.06415999999999378 0.06262999999999225 0.04189000000000011 0.03938000000000108 
2024_0413_16:16:19 8 97.0335 98.4715
2024_0413_16:16:20 2 98.5595 98.4625
2024_0413_16:16:20 7 98.4295 98.3695
2024_0413_16:16:20 1 99.495 97.745
2024_0413_16:16:20 3 95.146 91.109
2024_0413_16:16:20 1 94.316 99.462
2024_0413_16:16:21 2 98.3565 98.501
2024_0413_16:16:21 11 96.783 98.9435
2024_0413_16:16:21 1 88.626 88.8625
2024_0413_16:16:21 10 96.994 99.315
2024_0413_16:16:21 4 91.4175 90.3455
2024_0413_16:16:21 6 97.743 99.5565
2024_0413_16:16:21 6 96.016 86.8215
2024_0413_16:16:22 11 -0.1835 0.118
2024_0413_16:16:23 9 99.4035 99.5525
2024_0413_16:16:41 13 95.1575 49.7625
2024_0413_16:16:42 15 -0.006 0.359
2024_0413_16:16:43 20 -0.143 0.2805
2024_0413_16:16:43 15 -10.084 9.9565
2024_0413_16:16:44 18 -10.051 10.521
2024_0413_16:16:46 17 -0.1135 0.017
2024_0413_16:16:46 13 -39.3775 50.032
2024_0413_16:16:47 14 99.154 44.072
2024_0413_16:16:47 16 0.0 -0.134
2024_0413_16:16:50 12 70.901 -0.1565
2024_0413_16:16:51 5 89.146 80.273
2024_0413_16:16:54 17 0.229 0.2375
2024_0413_16:17:03 19 17.4055 11.283
2024_0413_16:17:07 18 33.1235 6.283
2024_0413_16:17:08 20 0.1975 -0.3095
2024_0413_16:17:28 1 99.183 94.3615
2024_0413_16:17:29 1 98.535 99.512
2024_0413_16:17:29 3 95.309 92.928
2024_0413_16:17:29 6 99.471 99.4095
2024_0413_16:17:29 11 98.696 97.819
2024_0413_16:17:29 2 96.7135 98.681
2024_0413_16:17:30 7 96.6765 96.421
2024_0413_16:17:30 11 99.998 -99.998
2024_0413_16:17:30 5 99.4925 99.47
2024_0413_16:17:30 11 0.0565 0.0525
2024_0413_16:17:31 11 0.0485 0.0525
2024_0413_16:17:31 8 96.7025 93.955
2024_0413_16:17:32 10 47.946 99.027
2024_0413_16:17:34 9 91.013 96.634
2024_0413_16:17:34 4 76.0445 73.5755
2024_0413_16:17:38 11 -0.427 -0.0255
2024_0413_16:17:50 12 -16.62 16.72
2024_0413_16:17:51 13 92.341 98.528
2024_0413_16:17:52 13 11.2175 69.7775
2024_0413_16:17:52 13 11.134 -10.878
2024_0413_16:17:53 16 -0.7545 97.676
2024_0413_16:17:53 14 99.0795 99.2585
2024_0413_16:17:54 15 2.4495 35.9
2024_0413_16:17:54 18 97.374 98.921
2024_0413_16:17:56 19 -0.0095 0.0595
2024_0413_16:17:57 13 93.8655 93.4755
2024_0413_16:17:57 17 0.214 -0.4475
2024_0413_16:18:00 20 98.978 98.8595
2024_0413_16:18:01 18 -12.1405 13.026
2024_0413_16:18:02 20 49.997 -49.998
2024_0413_16:18:23 1 98.4595 98.143
2024_0413_16:18:23 8 93.086 99.0865
2024_0413_16:18:24 5 99.533 98.054
2024_0413_16:18:24 3 93.0875 92.3365
2024_0413_16:18:24 2 49.2 99.0165
2024_0413_16:18:24 10 99.265 95.2285
2024_0413_16:18:25 7 90.522 97.041
2024_0413_16:18:25 6 99.484 98.3525
2024_0413_16:18:25 11 99.352 94.307
2024_0413_16:18:25 1 97.927 96.705
2024_0413_16:18:25 11 -0.323 -0.08
2024_0413_16:18:25 12 99.001 96.8235
2024_0413_16:18:26 11 74.0135 33.0045
2024_0413_16:18:27 4 87.8 85.472
2024_0413_16:18:27 9 98.1515 99.628
2024_0413_16:18:28 10 98.585 94.715
2024_0413_16:18:45 12 0.236 0.1425
2024_0413_16:18:46 14 -0.0025 -0.227
2024_0413_16:18:46 13 90.7755 49.428
2024_0413_16:18:47 13 -0.0845 0.027
2024_0413_16:18:48 13 48.8905 -0.154
2024_0413_16:18:49 16 -10.195 65.668
2024_0413_16:18:49 15 95.766 88.488
2024_0413_16:18:52 17 49.697 99.7115
2024_0413_16:18:52 18 -72.2655 72.245
2024_0413_16:18:53 16 60.879 80.1195
2024_0413_16:18:53 16 46.417 18.027
2024_0413_16:18:54 15 81.159 -0.011
2024_0413_16:18:56 14 0.113 0.1175
2024_0413_16:18:56 18 -0.9985 1.026
2024_0413_16:18:57 13 -43.893 50.188
2024_0413_16:19:01 14 98.2345 98.329
2024_0413_16:19:08 18 -0.134 0.2305
2024_0413_16:19:09 19 44.6845 -0.0765
2024_0413_16:19:11 20 58.545 54.713
2024_0413_16:19:14 18 -7.308 48.1885
2024_0413_16:19:15 20 -0.266 0.1195
2024_0413_16:19:15 18 0.069 -0.479
2024_0413_16:19:18 20 14.039 -10.278
2024_0413_16:19:19 20 -1.784 2.3775
2024_0413_16:19:39 2 93.6705 98.397
2024_0413_16:19:40 2 96.03 98.875
2024_0413_16:19:40 1 99.4945 99.522
2024_0413_16:19:40 1 99.534 98.555
2024_0413_16:19:41 2 92.104 99.068
2024_0413_16:19:41 1 99.501 99.519
2024_0413_16:19:41 2 97.0055 96.659
2024_0413_16:19:41 5 98.149 99.4945
2024_0413_16:19:42 4 86.8685 84.143
2024_0413_16:19:42 7 98.2335 98.5115
2024_0413_16:19:42 6 99.536 99.4395
2024_0413_16:19:42 3 94.712 95.896
2024_0413_16:19:43 2 87.0505 88.026
2024_0413_16:19:43 2 96.995 98.6145
2024_0413_16:19:44 6 94.8165 96.479
2024_0413_16:19:54 8 49.4 89.883
2024_0413_16:20:01 11 96.443 96.2435
2024_0413_16:20:01 9 94.2705 49.643
2024_0413_16:20:01 11 0.0925 0.0175
2024_0413_16:20:02 11 0.204 0.0635
2024_0413_16:20:02 11 -0.0825 0.271
2024_0413_16:20:03 11 96.391 98.462
2024_0413_16:20:04 11 0.274 -0.1235
2024_0413_16:20:04 11 -0.078 0.164
2024_0413_16:20:04 11 -49.9995 -99.9995
2024_0413_16:20:04 11 -0.053 -0.1105
2024_0413_16:20:04 10 49.55 91.554
2024_0413_16:20:04 12 97.512 57.475
2024_0413_16:20:05 12 49.4905 94.1015
2024_0413_16:20:06 12 96.2145 98.0405
2024_0413_16:20:08 12 0.0215 0.0175
2024_0413_16:20:17 12 78.8855 84.627
2024_0413_16:20:23 12 -10.1775 62.191
2024_0413_16:20:24 12 97.4325 98.623
2024_0413_16:20:25 13 49.693 16.2685
2024_0413_16:20:25 13 91.998 91.3065
2024_0413_16:20:25 13 94.421 96.451
2024_0413_16:20:26 13 50.0965 -50.311
2024_0413_16:20:26 13 52.815 58.7995
2024_0413_16:20:27 13 0.1195 0.228
2024_0413_16:20:27 13 98.081 95.8235
2024_0413_16:20:28 13 49.1725 95.7065
2024_0413_16:20:28 14 0.0775 -0.319
2024_0413_16:20:29 14 -0.3105 -0.2245
2024_0413_16:20:29 13 0.5125 -0.053
2024_0413_16:20:31 14 81.0465 83.266
2024_0413_16:20:36 13 37.9695 38.363
2024_0413_16:20:40 14 -12.6705 12.598
2024_0413_16:20:46 14 -0.4935 0.2495
2024_0413_16:20:46 14 85.0715 98.3735
2024_0413_16:20:47 14 99.422 99.987
2024_0413_16:20:49 14 1.6265 -0.3815
2024_0413_16:20:50 14 -1.179 -1.8635
2024_0413_16:20:50 14 -0.2605 -0.2275
2024_0413_16:20:53 15 0.2675 0.3225
2024_0413_16:20:55 14 85.31 82.5935
2024_0413_16:20:56 15 -0.1405 -0.413
2024_0413_16:20:57 15 40.976 21.984
2024_0413_16:20:59 15 92.9115 94.1325
2024_0413_16:21:00 15 4.0645 8.541
2024_0413_16:21:02 15 -0.3145 -0.3095
2024_0413_16:21:04 15 96.721 95.2455
2024_0413_16:21:04 15 -0.198 -0.167
2024_0413_16:21:09 15 -0.017 0.0545
2024_0413_16:21:12 16 70.2605 78.11
2024_0413_16:21:12 16 95.6155 95.7925
2024_0413_16:21:13 16 8.3045 -8.364
2024_0413_16:21:15 16 6.8405 8.685
2024_0413_16:21:15 15 -33.549 49.64
2024_0413_16:21:16 16 16.2785 -16.91
2024_0413_16:21:20 17 0.644 -0.7005
2024_0413_16:21:21 17 -79.971 80.058
2024_0413_16:21:21 17 79.0965 60.7335
2024_0413_16:21:25 17 -8.653 9.0035
2024_0413_16:21:26 17 -0.2575 -0.252
2024_0413_16:21:26 17 38.67 34.849
2024_0413_16:21:28 17 -0.3675 0.1215
2024_0413_16:21:29 17 9.6375 9.0145
2024_0413_16:21:30 17 99.997 -49.999
2024_0413_16:21:36 18 49.9985 -49.9995
2024_0413_16:21:36 18 -49.996 99.9775
2024_0413_16:21:39 18 70.597 23.177
2024_0413_16:21:40 18 49.2765 -0.529
2024_0413_16:21:42 18 33.865 52.563
2024_0413_16:21:43 18 93.773 98.827
2024_0413_16:21:44 19 35.463 32.808
2024_0413_16:21:45 19 54.6335 91.9135
2024_0413_16:21:47 18 40.292 -39.4225
2024_0413_16:21:52 20 7.2445 86.371
2024_0413_16:21:53 20 42.7305 43.007
2024_0413_16:21:54 20 2.7045 1.9155
2024_0413_16:21:57 4 86.6135 89.5365
2024_0413_16:21:57 20 0.314 -0.2
2024_0413_16:21:59 19 30.0515 48.699
2024_0413_16:21:59 20 0.0115 0.0915
2024_0413_16:22:02 17 55.2545 -3.644
2024_0413_16:22:02 18 93.2035 91.212
2024_0413_16:22:03 15 93.6825 88.8955
2024_0413_16:22:09 20 -12.581 12.4885
2024_0413_16:22:16 20 47.1065 27.3685
2024_0413_16:22:37 1 99.5015 99.5145
2024_0413_16:22:38 1 94.4665 98.5325
2024_0413_16:22:38 2 96.73 96.6035
2024_0413_16:22:38 8 97.154 98.554
2024_0413_16:22:38 1 99.065 98.1095
2024_0413_16:22:39 5 96.905 99.485
2024_0413_16:22:39 2 98.46 98.69
2024_0413_16:22:39 3 92.7615 90.967
2024_0413_16:22:39 7 88.2745 98.504
2024_0413_16:22:39 2 49.5535 49.4755
2024_0413_16:22:40 5 89.031 92.9605
2024_0413_16:22:40 4 90.828 85.2855
2024_0413_16:22:40 2 98.473 98.8505
2024_0413_16:22:41 8 91.6295 85.3155
2024_0413_16:22:42 9 96.269 98.462
2024_0413_16:22:43 6 95.508 91.0545
2024_0413_16:23:00 11 -0.294 0.0905
2024_0413_16:23:00 10 83.7025 98.73
2024_0413_16:23:00 11 0.239 0.1825
2024_0413_16:23:01 10 98.4635 49.228
2024_0413_16:23:01 11 95.954 95.6855
2024_0413_16:23:01 11 -0.231 -0.281
2024_0413_16:23:02 11 -0.2185 -0.119
2024_0413_16:23:03 11 95.699 93.487
2024_0413_16:23:03 12 -0.015 -0.4895
2024_0413_16:23:03 12 38.711 71.8045
2024_0413_16:23:03 11 97.7545 98.145
2024_0413_16:23:03 11 -0.2645 -0.011
2024_0413_16:23:04 12 97.1985 95.335
2024_0413_16:23:07 11 0.1575 -0.275
2024_0413_16:23:09 12 91.0025 91.7375
2024_0413_16:23:15 9 90.5425 95.074
2024_0413_16:23:22 12 0.1785 -0.1415
2024_0413_16:23:22 13 54.0295 56.429
2024_0413_16:23:23 13 97.8645 95.7495
2024_0413_16:23:23 13 -49.9995 49.9995
2024_0413_16:23:23 12 -0.1145 0.1385
2024_0413_16:23:24 13 98.733 96.3305
2024_0413_16:23:25 13 -0.098 0.177
2024_0413_16:23:25 13 96.2505 93.818
2024_0413_16:23:26 13 -0.177 0.0515
2024_0413_16:23:27 13 98.318 81.8185
2024_0413_16:23:28 13 99.7065 -88.6895
2024_0413_16:23:29 13 0.0435 -0.0225
2024_0413_16:23:29 14 99.6135 92.968
2024_0413_16:23:33 14 80.105 77.0865
2024_0413_16:23:33 14 92.4975 96.3775
2024_0413_16:23:42 14 81.092 83.995
2024_0413_16:23:44 14 -99.9985 -99.9995
2024_0413_16:23:47 14 41.073 74.554
2024_0413_16:23:47 14 -0.1805 -0.3415
2024_0413_16:23:48 14 66.4195 70.977
2024_0413_16:23:50 14 96.0645 95.6295
2024_0413_16:23:50 15 0.081 -0.056
2024_0413_16:23:50 15 0.335 0.0095
2024_0413_16:23:51 15 -0.163 -0.0165
2024_0413_16:23:51 14 0.3015 0.63
2024_0413_16:23:51 15 98.484 95.215
2024_0413_16:23:53 14 -0.297 0.4375
2024_0413_16:23:58 15 -0.051 -0.021
2024_0413_16:23:58 15 -53.1695 58.357
2024_0413_16:23:58 15 -0.138 0.0735
2024_0413_16:24:00 15 -3.859 49.836
2024_0413_16:24:06 15 36.5655 43.4805
2024_0413_16:24:10 15 -1.5325 1.1295
2024_0413_16:24:11 16 -9.852 9.4355
2024_0413_16:24:12 16 46.0755 51.6775
2024_0413_16:24:12 16 -0.0955 0.2805
2024_0413_16:24:12 16 6.0875 6.931
2024_0413_16:24:14 16 11.7815 11.6755
2024_0413_16:24:15 17 19.4475 73.685
2024_0413_16:24:15 16 -0.059 0.335
2024_0413_16:24:15 16 -0.2445 0.142
2024_0413_16:24:20 16 -0.388 0.293
2024_0413_16:24:22 17 83.137 94.9685
2024_0413_16:24:23 17 15.5545 -1.663
2024_0413_16:24:26 17 20.228 11.7175
2024_0413_16:24:28 17 97.5735 99.3275
2024_0413_16:24:31 17 -0.3155 0.092
2024_0413_16:24:32 18 -0.0695 0.019
2024_0413_16:24:36 18 88.891 96.2145
2024_0413_16:24:37 18 -12.421 12.476
2024_0413_16:24:39 18 86.4015 44.2915
2024_0413_16:24:39 19 0.2615 0.0155
2024_0413_16:24:41 18 -99.9995 0.0005
2024_0413_16:24:41 18 0.6415 -0.394
2024_0413_16:24:42 19 -0.4095 0.051
2024_0413_16:24:42 18 0.0115 0.3135
2024_0413_16:24:45 19 41.335 -0.493
2024_0413_16:24:45 18 94.792 98.0645
2024_0413_16:24:50 20 -0.111 67.1165
2024_0413_16:24:51 19 -3.353 78.915
2024_0413_16:24:58 19 19.925 14.187
2024_0413_16:24:58 20 0.0 0.0
2024_0413_16:24:58 20 89.508 85.5995
2024_0413_16:25:02 17 80.7295 93.453
2024_0413_16:25:04 20 67.2055 69.878
2024_0413_16:25:06 18 -5.8235 5.786
2024_0413_16:25:09 20 13.2085 9.069
2024_0413_16:25:15 20 7.788 14.7645
2024_0413_16:25:36 2 98.4495 96.1755
2024_0413_16:25:37 2 96.7695 98.213
2024_0413_16:25:37 1 99.4505 99.489
2024_0413_16:25:37 2 98.74 97.5415
2024_0413_16:25:37 1 99.526 98.095
2024_0413_16:25:37 2 98.733 98.828
2024_0413_16:25:37 2 98.4015 98.4155
2024_0413_16:25:37 2 95.928 96.5915
2024_0413_16:25:38 1 91.5245 92.8985
2024_0413_16:25:38 2 96.737 96.088
2024_0413_16:25:38 2 95.7765 98.6285
2024_0413_16:25:38 1 88.282 86.475
2024_0413_16:25:39 1 95.5255 98.572
2024_0413_16:25:40 2 94.423 98.545
2024_0413_16:25:41 2 86.1275 95.5565
2024_0413_16:25:42 2 98.672 97.083
2024_0413_16:25:58 2 96.522 97.6895
2024_0413_16:25:58 2 96.775 95.014
2024_0413_16:25:58 7 96.4965 95.746
2024_0413_16:25:59 4 85.6905 87.0915
2024_0413_16:25:59 6 96.869 99.4615
2024_0413_16:25:59 5 98.7 97.3915
2024_0413_16:26:00 8 98.488 98.436
2024_0413_16:26:00 8 48.772 99.186
2024_0413_16:26:00 6 97.2855 99.532
2024_0413_16:26:00 3 95.7725 93.2335
2024_0413_16:26:02 9 95.6535 84.273
2024_0413_16:26:04 9 94.9765 93.9405
2024_0413_16:26:06 2 76.776 90.225
2024_0413_16:26:07 8 90.3195 90.1235
2024_0413_16:26:11 9 95.0525 97.6435
2024_0413_16:26:19 11 0.1805 -0.004
2024_0413_16:26:19 11 77.0385 75.478
2024_0413_16:26:20 11 -0.196 -0.4705
2024_0413_16:26:20 11 95.153 94.893
2024_0413_16:26:21 11 86.876 90.8395
2024_0413_16:26:21 11 -0.5245 -0.081
2024_0413_16:26:21 11 0.3875 -0.015
2024_0413_16:26:22 11 0.042 -0.1285
2024_0413_16:26:22 11 -50.0 -99.9985
2024_0413_16:26:23 11 92.442 99.1785
2024_0413_16:26:23 10 98.9925 93.88
2024_0413_16:26:24 11 0.0735 0.299
2024_0413_16:26:26 11 93.666 95.5865
2024_0413_16:26:27 11 99.999 -49.999
2024_0413_16:26:29 11 0.2595 0.2765
2024_0413_16:26:34 11 96.189 99.3975
2024_0413_16:26:42 11 96.3255 90.405
2024_0413_16:26:43 11 96.0695 93.163
2024_0413_16:26:43 12 93.008 96.847
2024_0413_16:26:44 12 99.541 47.708
2024_0413_16:26:45 12 98.938 96.7655
2024_0413_16:26:45 12 74.44 70.136
2024_0413_16:26:46 12 94.205 91.009
2024_0413_16:26:46 11 3.839 3.498
2024_0413_16:26:46 12 39.1785 66.443
2024_0413_16:26:47 12 94.498 93.655
2024_0413_16:26:49 12 0.0985 0.1375
2024_0413_16:26:50 12 0.2605 0.2665
2024_0413_16:26:50 12 94.7465 93.9805
2024_0413_16:26:50 12 -0.2435 0.0415
2024_0413_16:26:56 12 73.9355 82.487
2024_0413_16:26:57 12 -0.0665 0.0755
2024_0413_16:27:05 13 -0.03 -0.535
2024_0413_16:27:06 13 0.1205 0.0755
2024_0413_16:27:07 13 -0.46 0.026
2024_0413_16:27:08 13 1.47 19.926
2024_0413_16:27:08 13 0.011 0.075
2024_0413_16:27:08 13 87.3945 93.998
2024_0413_16:27:09 13 94.3075 89.8285
2024_0413_16:27:10 13 13.9295 13.3585
2024_0413_16:27:12 13 0.189 -0.0495
2024_0413_16:27:13 13 94.394 95.428
2024_0413_16:27:13 13 99.269 96.776
2024_0413_16:27:13 13 92.8235 95.88
2024_0413_16:27:16 13 93.5725 49.584
2024_0413_16:27:18 13 75.595 80.585
2024_0413_16:27:19 13 -0.049 -0.0825
2024_0413_16:27:20 13 87.742 96.121
2024_0413_16:27:30 13 83.084 99.493
2024_0413_16:27:30 14 -49.9985 -49.9985
2024_0413_16:27:31 14 90.4785 99.3735
2024_0413_16:27:31 13 95.053 96.052
2024_0413_16:27:31 13 8.069 7.41
2024_0413_16:27:34 14 35.807 26.008
2024_0413_16:27:35 14 19.656 -19.83
2024_0413_16:27:35 14 -0.0485 0.151
2024_0413_16:27:36 14 -8.127 40.4245
2024_0413_16:27:37 13 -0.1575 0.369
2024_0413_16:27:38 14 92.8505 95.0765
2024_0413_16:27:39 14 85.43 84.519
2024_0413_16:27:42 14 75.932 77.7625
2024_0413_16:27:43 14 12.9945 10.543
2024_0413_16:27:43 14 88.1285 97.958
2024_0413_16:27:51 14 88.239 80.91
2024_0413_16:27:52 14 49.9995 -49.9995
2024_0413_16:27:53 14 96.0935 47.4995
2024_0413_16:27:53 14 48.448 24.487
2024_0413_16:27:54 14 92.361 97.638
2024_0413_16:27:54 14 -19.9055 20.223
2024_0413_16:27:57 14 99.164 47.8185
2024_0413_16:27:58 14 95.929 96.473
2024_0413_16:27:59 14 49.9995 -49.999
2024_0413_16:28:01 14 66.4425 98.344
2024_0413_16:28:01 14 17.5185 17.3385
2024_0413_16:28:02 14 0.151 -0.3055
2024_0413_16:28:05 15 -0.1085 0.078
2024_0413_16:28:07 14 18.229 18.9605
2024_0413_16:28:10 15 94.939 94.3065
2024_0413_16:28:11 15 64.6345 54.983
2024_0413_16:28:13 15 52.3035 52.819
2024_0413_16:28:15 15 81.3145 77.4755
2024_0413_16:28:16 15 -0.21 0.1755
2024_0413_16:28:18 15 26.8535 -27.034
2024_0413_16:28:19 15 13.052 13.029
2024_0413_16:28:19 15 -1.584 99.6885
2024_0413_16:28:20 15 93.721 99.534
2024_0413_16:28:23 15 79.905 70.894
2024_0413_16:28:24 15 83.7365 87.4725
2024_0413_16:28:25 15 43.9945 58.093
2024_0413_16:28:29 15 -0.114 -0.1815
2024_0413_16:28:31 15 -0.1455 0.2675
2024_0413_16:28:32 15 -10.224 10.163
2024_0413_16:28:33 15 0.053 -0.154
2024_0413_16:28:33 15 49.221 -0.8725
2024_0413_16:28:34 15 -0.2645 -0.4375
2024_0413_16:28:37 16 49.9995 -99.999
2024_0413_16:28:37 16 0.303 0.3365
2024_0413_16:28:42 16 77.406 72.1755
2024_0413_16:28:43 16 -0.2345 0.3155
2024_0413_16:28:43 16 -0.031 -0.05
2024_0413_16:28:43 16 -10.214 10.7535
2024_0413_16:28:45 16 -0.8595 0.7635
2024_0413_16:28:47 16 99.0415 96.6375
2024_0413_16:28:48 16 99.1815 24.6955
2024_0413_16:28:48 16 96.147 93.703
2024_0413_16:28:51 16 25.8565 31.237
2024_0413_16:28:55 16 95.478 90.6405
2024_0413_16:28:58 17 0.1225 -0.2775
2024_0413_16:29:00 17 87.2965 73.1505
2024_0413_16:29:02 17 -0.2725 0.152
2024_0413_16:29:06 16 69.284 52.8585
2024_0413_16:29:07 17 -33.99 44.774
2024_0413_16:29:08 17 73.299 95.606
2024_0413_16:29:08 17 47.664 16.2945
2024_0413_16:29:08 17 0.001 -0.1505
2024_0413_16:29:08 17 -0.2245 0.414
2024_0413_16:29:09 17 58.176 66.4455
2024_0413_16:29:09 17 99.1005 99.053
2024_0413_16:29:11 17 99.59 -0.116
2024_0413_16:29:12 17 1.466 -1.156
2024_0413_16:29:17 17 8.156 7.633
2024_0413_16:29:17 17 26.008 25.1325
2024_0413_16:29:20 17 -0.001 0.0075
2024_0413_16:29:24 18 26.8895 -0.5465
2024_0413_16:29:30 18 -0.1185 0.017
2024_0413_16:29:30 18 95.832 97.7835
2024_0413_16:29:31 18 97.4535 98.291
2024_0413_16:29:34 18 -0.2065 -0.085
2024_0413_16:29:34 18 -0.042 0.224
2024_0413_16:29:34 18 -3.02 5.3725
2024_0413_16:29:35 18 -20.0055 20.035
2024_0413_16:29:37 18 0.472 0.6735
2024_0413_16:29:37 18 12.9365 -12.799
2024_0413_16:29:38 18 0.1705 0.021
2024_0413_16:29:41 18 91.0435 93.367
2024_0413_16:29:43 18 98.567 97.2435
2024_0413_16:29:45 18 98.7095 97.02
2024_0413_16:29:48 18 -47.111 34.3305
2024_0413_16:29:52 18 39.803 91.769
2024_0413_16:29:53 18 49.999 49.9995
2024_0413_16:29:55 18 27.796 -27.7445
2024_0413_16:29:56 18 0.864 1.015
2024_0413_16:29:57 18 0.786 -0.4225
2024_0413_16:29:58 19 19.7985 -20.4245
2024_0413_16:29:59 19 94.056 82.863
2024_0413_16:30:00 19 38.5535 -0.7835
2024_0413_16:30:01 19 48.516 45.5975
2024_0413_16:30:03 19 -22.852 49.3725
2024_0413_16:30:04 19 79.8255 92.6795
2024_0413_16:30:10 19 46.44 39.8195
2024_0413_16:30:12 20 42.505 61.2675
2024_0413_16:30:15 20 14.5135 15.862
2024_0413_16:30:15 19 94.1305 89.482
2024_0413_16:30:16 20 81.477 86.768
2024_0413_16:30:17 20 74.6185 24.5345
2024_0413_16:30:21 20 7.964 -8.452
2024_0413_16:30:23 20 96.007 93.827
2024_0413_16:30:24 5 89.057 98.7745
2024_0413_16:30:26 20 0.0865 0.124
2024_0413_16:30:26 20 -14.8175 15.8345
2024_0413_16:30:26 14 0.0115 -0.1175
2024_0413_16:30:26 15 -0.063 -0.12
2024_0413_16:30:29 20 56.276 58.369
2024_0413_16:30:34 20 0.233 0.0735
2024_0413_16:30:36 17 9.5625 7.6315
2024_0413_16:30:36 17 13.8835 13.9015
2024_0413_16:30:46 18 -10.1115 10.005
2024_0413_16:30:49 20 0.3295 -0.1065
2024_0413_16:31:05 17 15.778 -15.2545
2024_0413_16:31:26 1 97.968 96.9305
2024_0413_16:31:26 2 96.0235 98.8435
2024_0413_16:31:26 2 98.5945 98.78
2024_0413_16:31:26 1 99.5165 99.4685
2024_0413_16:31:27 1 95.597 99.0835
2024_0413_16:31:27 2 98.3315 95.6915
2024_0413_16:31:27 2 93.596 92.912
2024_0413_16:31:27 1 99.454 99.4765
2024_0413_16:31:27 1 99.5305 99.509
2024_0413_16:31:27 2 97.301 97.515
2024_0413_16:31:27 2 92.661 90.8495
2024_0413_16:31:28 2 98.486 96.78
2024_0413_16:31:28 2 96.1845 94.7825
2024_0413_16:31:28 2 96.724 96.004
2024_0413_16:31:28 2 96.189 96.7445
2024_0413_16:31:29 1 99.507 99.4765
2024_0413_16:31:47 5 96.1655 99.504
2024_0413_16:31:48 5 97.4205 99.482
2024_0413_16:31:48 2 99.2755 49.4465
2024_0413_16:31:48 3 96.8495 98.8055
2024_0413_16:31:49 8 98.562 99.2425
2024_0413_16:31:49 4 89.131 87.9895
2024_0413_16:31:49 8 98.58 98.8365
2024_0413_16:31:50 9 99.4385 91.5315
2024_0413_16:31:50 9 97.384 99.5195
2024_0413_16:31:50 6 99.4815 99.482
2024_0413_16:31:50 10 97.3575 98.486
2024_0413_16:31:50 11 99.998 -99.998
2024_0413_16:31:52 7 99.249 99.3055
2024_0413_16:31:52 7 97.3035 96.3495
2024_0413_16:31:55 11 98.386 -20.1745
2024_0413_16:32:04 11 0.173 0.772
2024_0413_16:32:08 11 -0.5145 0.5415
2024_0413_16:32:10 11 91.714 93.9255
2024_0413_16:32:10 11 0.0475 -0.3325
2024_0413_16:32:10 11 91.3335 95.849
2024_0413_16:32:10 11 -0.1335 -0.0235
2024_0413_16:32:10 11 0.204 0.1635
2024_0413_16:32:11 11 -0.1995 0.4485
2024_0413_16:32:11 11 96.9345 96.3075
2024_0413_16:32:12 11 95.51 98.432
2024_0413_16:32:12 11 -0.2985 -0.087
2024_0413_16:32:12 11 -0.3885 -0.341
2024_0413_16:32:12 11 0.154 -0.1765
2024_0413_16:32:13 11 -0.154 0.1975
2024_0413_16:32:14 11 93.317 94.4405
2024_0413_16:32:18 12 96.0415 93.188
2024_0413_16:32:27 12 -0.1125 -0.371
2024_0413_16:32:30 12 27.491 29.019
2024_0413_16:32:32 12 0.1625 -0.3175
2024_0413_16:32:32 12 84.4885 78.9255
2024_0413_16:32:33 12 98.3035 98.4085
2024_0413_16:32:33 12 -22.214 22.2025
2024_0413_16:32:34 12 97.3855 97.173
2024_0413_16:32:34 12 98.2905 98.944
2024_0413_16:32:34 13 -99.998 99.997
2024_0413_16:32:34 12 0.251 -0.3155
2024_0413_16:32:35 12 -0.1695 0.173
2024_0413_16:32:35 13 -0.036 -0.353
2024_0413_16:32:36 13 -0.2505 -0.4195
2024_0413_16:32:39 12 56.057 59.418
2024_0413_16:32:41 12 0.296 -0.2575
2024_0413_16:32:43 13 -0.6155 0.3485
2024_0413_16:32:50 13 95.4875 95.6245
2024_0413_16:32:52 13 0.1215 0.213
2024_0413_16:32:55 13 -0.1385 0.046
2024_0413_16:32:55 13 82.0995 92.839
2024_0413_16:32:56 13 -0.32 -0.0895
2024_0413_16:32:56 13 0.129 -0.0345
2024_0413_16:32:56 13 95.8765 95.4695
2024_0413_16:32:57 13 78.4105 78.1095
2024_0413_16:32:57 13 36.8945 -0.3085
2024_0413_16:32:58 13 -0.188 0.4045
2024_0413_16:33:01 13 96.2325 95.832
2024_0413_16:33:02 13 0.0145 -0.182
2024_0413_16:33:03 13 0.449 0.1295
2024_0413_16:33:05 13 2.192 4.755
2024_0413_16:33:06 13 0.4715 0.2105
2024_0413_16:33:06 13 99.999 -99.999
2024_0413_16:33:12 13 -99.998 -99.998
2024_0413_16:33:17 14 97.0615 96.567
2024_0413_16:33:18 14 69.2845 7.999
2024_0413_16:33:19 14 0.092 -0.0755
2024_0413_16:33:19 14 0.2715 0.043
2024_0413_16:33:21 14 -0.322 0.37
2024_0413_16:33:21 14 -4.8835 58.1285
2024_0413_16:33:22 14 24.4685 24.2445
2024_0413_16:33:22 14 11.5345 11.9895
2024_0413_16:33:22 14 21.2855 21.432
2024_0413_16:33:25 14 96.5305 97.889
2024_0413_16:33:25 14 95.166 93.3005
2024_0413_16:33:26 14 0.0075 -0.0555
2024_0413_16:33:28 14 -99.998 -99.999
2024_0413_16:33:29 14 98.478 99.24
2024_0413_16:33:30 14 0.2695 0.101
2024_0413_16:33:35 14 49.2975 48.384
2024_0413_16:33:40 14 -19.881 19.9255
2024_0413_16:33:42 14 49.9655 -26.8585
2024_0413_16:33:42 14 94.121 96.2225
2024_0413_16:33:43 14 -0.013 -0.125
2024_0413_16:33:45 15 71.4355 67.9195
2024_0413_16:33:46 15 0.106 0.3145
2024_0413_16:33:46 14 94.2465 84.7795
2024_0413_16:33:46 14 -0.193 -0.471
2024_0413_16:33:46 15 -0.28 -0.039
2024_0413_16:33:48 15 47.7865 98.0035
2024_0413_16:33:50 15 98.5055 98.0485
2024_0413_16:33:51 15 -0.194 -0.17
2024_0413_16:33:53 15 23.353 73.7195
2024_0413_16:33:56 15 77.604 83.4085
2024_0413_16:33:58 15 42.847 42.122
2024_0413_16:34:02 15 99.5945 99.5765
2024_0413_16:34:04 15 83.9105 94.084
2024_0413_16:34:05 15 -0.28 -0.142
2024_0413_16:34:09 15 99.281 99.0275
2024_0413_16:34:10 15 40.554 42.4525
2024_0413_16:34:11 15 66.095 63.8305
2024_0413_16:34:11 15 0.0685 -0.3615
2024_0413_16:34:13 16 -0.073 0.267
2024_0413_16:34:13 15 76.732 77.7095
2024_0413_16:34:15 16 36.357 44.23
2024_0413_16:34:17 15 3.568 -0.3255
2024_0413_16:34:18 16 -7.9795 8.033
2024_0413_16:34:20 16 -0.1895 -0.2995
2024_0413_16:34:24 16 0.159 -0.0495
2024_0413_16:34:26 16 -0.7425 49.923
2024_0413_16:34:28 16 97.9905 98.3205
2024_0413_16:34:29 16 0.336 -0.391
2024_0413_16:34:30 16 -8.4505 48.1585
2024_0413_16:34:32 16 61.969 55.4165
2024_0413_16:34:33 16 99.998 99.998
2024_0413_16:34:34 16 -17.116 96.9095
2024_0413_16:34:37 16 1.9685 13.7325
2024_0413_16:34:40 17 87.9975 95.0345
2024_0413_16:34:42 17 0.0365 -0.1325
2024_0413_16:34:42 17 14.973 -1.814
2024_0413_16:34:43 17 13.6595 -14.269
2024_0413_16:34:45 17 0.3005 -0.08
2024_0413_16:34:46 17 9.357 -10.1125
2024_0413_16:34:47 17 97.935 98.4885
2024_0413_16:34:51 17 -0.6555 0.227
2024_0413_16:34:52 17 -0.2265 0.1625
2024_0413_16:34:53 17 12.4385 18.384
2024_0413_16:34:53 17 67.5165 62.4035
2024_0413_16:34:55 17 -0.269 -0.408
2024_0413_16:34:56 17 39.9725 51.7205
2024_0413_16:35:04 17 33.0265 30.3625
2024_0413_16:35:05 17 -0.4555 0.1495
2024_0413_16:35:07 18 99.551 91.121
2024_0413_16:35:08 18 22.254 18.003
2024_0413_16:35:12 18 68.3195 26.153
2024_0413_16:35:13 18 -0.019 0.234
2024_0413_16:35:15 18 89.1275 93.718
2024_0413_16:35:16 18 98.4095 95.948
2024_0413_16:35:18 18 0.1175 -0.097
2024_0413_16:35:21 18 -20.9575 21.836
2024_0413_16:35:22 18 0.0175 0.352
2024_0413_16:35:23 18 -8.259 8.1375
2024_0413_16:35:24 18 42.8195 48.8165
2024_0413_16:35:24 18 48.6625 -36.8835
2024_0413_16:35:28 18 99.999 -99.997
2024_0413_16:35:31 18 -0.412 0.342
2024_0413_16:35:34 18 -24.302 50.546
2024_0413_16:35:36 18 65.466 72.092
2024_0413_16:35:37 18 -0.065 0.013
2024_0413_16:35:38 18 -0.058 0.038
2024_0413_16:35:40 19 -1.11 35.567
2024_0413_16:35:43 19 16.4455 21.8425
2024_0413_16:35:44 19 98.5805 96.935
2024_0413_16:35:44 19 -3.563 9.3985
2024_0413_16:35:49 19 24.8625 -25.129
2024_0413_16:35:49 19 0.235 0.005
2024_0413_16:35:51 19 -0.4395 9.8465
2024_0413_16:35:54 19 9.803 -9.956
2024_0413_16:35:54 19 36.215 -0.274
2024_0413_16:35:57 19 40.653 62.8735
2024_0413_16:36:00 18 15.0555 15.784
2024_0413_16:36:00 20 0.076 66.207
2024_0413_16:36:03 20 -49.998 99.999
2024_0413_16:36:08 20 57.978 60.6405
2024_0413_16:36:08 20 43.092 49.8275
2024_0413_16:36:10 20 58.7115 55.995
2024_0413_16:36:10 19 -0.3415 0.106
2024_0413_16:36:14 20 51.329 88.4985
2024_0413_16:36:15 20 9.761 7.704
2024_0413_16:36:16 20 45.3795 62.346
2024_0413_16:36:17 20 0.232 -0.01
2024_0413_16:36:17 9 99.46 99.2035
2024_0413_16:36:18 10 98.922 97.009
2024_0413_16:36:19 20 0.1885 -0.417
2024_0413_16:36:21 15 10.13 10.819
2024_0413_16:36:23 15 48.3915 -9.3655
2024_0413_16:36:24 16 49.2585 48.2155
2024_0413_16:36:31 17 -0.007 0.081
2024_0413_16:36:32 17 8.4855 -5.7715
2024_0413_16:36:33 17 53.1075 -11.4125
2024_0413_16:36:33 16 92.5765 87.405
2024_0413_16:36:35 18 -99.9985 99.9975
2024_0413_16:36:47 18 66.7145 61.7655
2024_0413_16:36:59 20 44.679 67.261
2024_0413_16:37:20 1 98.305 89.7585
2024_0413_16:37:20 1 99.513 99.4835
2024_0413_16:37:20 1 96.705 99.525
2024_0413_16:37:20 1 99.474 98.698
2024_0413_16:37:21 1 99.5355 99.454
2024_0413_16:37:21 2 85.5775 95.1195
2024_0413_16:37:21 1 97.781 96.4775
2024_0413_16:37:21 2 97.9865 97.4925
2024_0413_16:37:21 2 47.6085 89.8385
2024_0413_16:37:22 1 99.526 99.4425
2024_0413_16:37:22 2 98.6505 98.721
2024_0413_16:37:22 1 97.1725 99.4625
2024_0413_16:37:22 2 99.0485 93.5225
2024_0413_16:37:22 2 98.568 96.513
2024_0413_16:37:24 2 94.2165 99.3875
2024_0413_16:37:24 1 97.124 96.4705
2024_0413_16:37:41 2 91.8205 98.815
2024_0413_16:37:41 2 98.789 98.8005
2024_0413_16:37:42 2 95.915 98.523
2024_0413_16:37:42 2 92.7315 96.966
2024_0413_16:37:42 2 89.3125 90.284
2024_0413_16:37:43 3 94.718 95.535
2024_0413_16:37:43 2 97.6495 97.0845
2024_0413_16:37:43 5 99.4645 99.5375
2024_0413_16:37:43 3 95.8905 91.589
2024_0413_16:37:44 6 99.481 99.5145
2024_0413_16:37:44 6 99.0465 97.125
2024_0413_16:37:44 5 98.1285 97.982
2024_0413_16:37:47 7 97.5525 91.7385
2024_0413_16:37:47 7 97.3995 98.6725
2024_0413_16:37:48 4 77.712 79.69
2024_0413_16:37:52 8 98.5075 98.587
2024_0413_16:38:03 8 98.6855 97.1735
2024_0413_16:38:03 9 99.4195 99.432
2024_0413_16:38:03 8 98.4215 97.785
2024_0413_16:38:04 11 -0.2245 0.286
2024_0413_16:38:05 11 49.9985 99.998
2024_0413_16:38:05 11 0.0255 -0.619
2024_0413_16:38:06 11 -0.2035 49.6775
2024_0413_16:38:06 10 95.092 99.395
2024_0413_16:38:06 9 99.6045 99.567
2024_0413_16:38:06 10 98.8965 98.247
2024_0413_16:38:06 11 93.2355 93.8545
2024_0413_16:38:09 11 0.3205 -0.115
2024_0413_16:38:09 11 -20.156 99.3215
2024_0413_16:38:11 11 93.902 48.5525
2024_0413_16:38:11 9 92.821 91.079
2024_0413_16:38:13 11 94.792 95.7235
2024_0413_16:38:24 11 96.652 98.2375
2024_0413_16:38:24 11 99.485 98.007
2024_0413_16:38:25 11 0.346 -0.0515
2024_0413_16:38:25 11 -0.2445 0.023
2024_0413_16:38:27 11 -0.176 0.0665
2024_0413_16:38:27 11 -0.091 0.0035
2024_0413_16:38:28 11 82.4845 94.2655
2024_0413_16:38:28 11 -0.131 0.0205
2024_0413_16:38:28 11 91.646 84.5575
2024_0413_16:38:29 11 -0.33 0.3445
2024_0413_16:38:32 11 94.5305 94.2185
2024_0413_16:38:33 11 93.44 94.4325
2024_0413_16:38:36 11 0.1845 -0.1155
2024_0413_16:38:39 11 0.291 -0.0505
2024_0413_16:38:39 11 0.233 -0.1805
2024_0413_16:38:42 11 30.07 29.619
2024_0413_16:38:44 11 97.4295 97.333
2024_0413_16:38:46 12 -0.057 -0.2015
2024_0413_16:38:49 12 95.4165 94.387
2024_0413_16:38:49 12 0.087 -0.0125
2024_0413_16:38:50 12 84.214 85.0525
2024_0413_16:38:50 12 87.116 91.5375
2024_0413_16:38:51 12 0.3535 -0.1805
2024_0413_16:38:51 12 14.9465 32.2615
2024_0413_16:38:51 12 96.6345 97.907
2024_0413_16:38:53 12 49.4655 48.473
2024_0413_16:38:55 12 0.1385 0.0255
2024_0413_16:38:56 12 0.246 -0.0015
2024_0413_16:38:59 12 82.5385 99.026
2024_0413_16:39:01 12 0.247 -0.441
2024_0413_16:39:02 12 0.0245 -0.345
2024_0413_16:39:06 12 97.6145 99.4305
2024_0413_16:39:08 12 18.649 19.823
2024_0413_16:39:09 12 -0.326 0.0885
2024_0413_16:39:11 12 -0.402 -0.0705
2024_0413_16:39:11 12 98.3865 98.6675
2024_0413_16:39:12 13 -0.11 -0.072
2024_0413_16:39:14 12 -0.6805 0.007
2024_0413_16:39:14 13 15.651 48.987
2024_0413_16:39:14 13 22.9405 28.925
2024_0413_16:39:17 13 0.04 -0.0665
2024_0413_16:39:17 13 9.7765 -10.1775
2024_0413_16:39:18 13 19.8405 19.869
2024_0413_16:39:19 13 81.8475 82.925
2024_0413_16:39:22 13 -0.147 0.268
2024_0413_16:39:27 13 94.046 82.945
2024_0413_16:39:27 13 94.04 99.216
2024_0413_16:39:29 13 0.3125 0.182
2024_0413_16:39:31 13 96.413 93.8215
2024_0413_16:39:32 13 97.428 92.847
2024_0413_16:39:32 13 0.4505 -0.18
2024_0413_16:39:34 13 0.0205 -0.513
2024_0413_16:39:36 13 97.3925 94.9
2024_0413_16:39:37 13 89.9 94.425
2024_0413_16:39:37 13 95.412 97.1445
2024_0413_16:39:37 13 49.9995 -99.999
2024_0413_16:39:39 13 0.167 0.0905
2024_0413_16:39:40 13 99.558 99.4855
2024_0413_16:39:41 13 0.2075 0.2515
2024_0413_16:39:42 13 -99.997 -99.996
2024_0413_16:39:45 13 92.4205 87.4665
2024_0413_16:39:50 13 42.995 -0.1255
2024_0413_16:39:51 13 64.114 62.939
2024_0413_16:39:51 13 0.118 -0.309
2024_0413_16:39:54 13 98.063 94.926
2024_0413_16:39:54 13 93.646 49.554
2024_0413_16:39:55 13 96.7695 71.786
2024_0413_16:39:57 13 -0.352 0.2865
2024_0413_16:39:58 13 29.295 36.2335
2024_0413_16:39:59 13 -49.9995 99.998
2024_0413_16:39:59 14 0.0575 -0.1765
2024_0413_16:40:02 14 98.125 99.488
2024_0413_16:40:03 14 -0.0615 -0.286
2024_0413_16:40:04 14 49.9985 -49.997
2024_0413_16:40:05 14 -21.6885 21.3545
2024_0413_16:40:07 13 47.913 52.1985
2024_0413_16:40:10 14 85.1875 93.386
2024_0413_16:40:12 14 57.402 55.7445
2024_0413_16:40:13 14 99.997 -99.997
2024_0413_16:40:14 14 -10.0995 9.9235
2024_0413_16:40:17 14 85.478 84.84
2024_0413_16:40:18 14 43.4415 37.967
2024_0413_16:40:21 14 75.69 74.333
2024_0413_16:40:22 14 89.158 85.215
2024_0413_16:40:22 14 0.156 0.437
2024_0413_16:40:23 14 -13.633 13.623
2024_0413_16:40:24 14 -0.064 -0.167
2024_0413_16:40:25 14 49.434 97.3125
2024_0413_16:40:26 14 0.0255 -0.0645
2024_0413_16:40:26 14 98.7425 99.0645
2024_0413_16:40:30 14 90.366 90.3305
2024_0413_16:40:31 14 0.1325 0.026
2024_0413_16:40:33 14 29.8605 33.7745
2024_0413_16:40:36 14 75.655 80.3115
2024_0413_16:40:37 14 -0.0785 -0.0815
2024_0413_16:40:39 14 13.6735 46.4985
2024_0413_16:40:42 14 89.141 98.251
2024_0413_16:40:45 14 94.2395 93.6785
2024_0413_16:40:45 14 47.7635 49.18
2024_0413_16:40:46 14 -0.1075 -0.1475
2024_0413_16:40:47 14 80.6215 91.254
2024_0413_16:40:48 14 80.7255 81.1215
2024_0413_16:40:49 15 0.365 0.2605
2024_0413_16:40:53 15 91.502 61.2795
2024_0413_16:40:54 15 36.6495 18.212
2024_0413_16:40:57 15 40.546 78.0885
2024_0413_16:40:58 15 -0.3665 -0.1125
2024_0413_16:40:59 15 12.4735 12.5405
2024_0413_16:41:01 15 56.2875 61.0795
2024_0413_16:41:02 14 0.009 0.293
2024_0413_16:41:03 15 58.613 61.38
2024_0413_16:41:04 15 48.9425 48.7695
2024_0413_16:41:04 15 99.999 -49.999
2024_0413_16:41:08 15 37.48 39.465
2024_0413_16:41:10 15 -0.2465 0.162
2024_0413_16:41:11 15 0.4285 0.5225
2024_0413_16:41:12 15 -0.177 -0.2085
2024_0413_16:41:12 15 53.271 53.41
2024_0413_16:41:17 15 0.54 0.0195
2024_0413_16:41:18 15 49.9995 -49.9985
2024_0413_16:41:18 15 95.02 47.8295
2024_0413_16:41:23 15 -9.598 10.117
2024_0413_16:41:23 15 -0.221 0.57
2024_0413_16:41:24 15 0.0985 -0.1795
2024_0413_16:41:26 15 16.2665 48.8645
2024_0413_16:41:26 15 49.9995 -50.0
2024_0413_16:41:28 15 44.2505 55.4875
2024_0413_16:41:29 15 -0.191 0.0475
2024_0413_16:41:31 15 97.7655 97.9395
2024_0413_16:41:34 15 36.0045 44.951
2024_0413_16:41:35 15 0.053 -0.1085
2024_0413_16:41:36 15 -0.04 0.0755
2024_0413_16:41:37 15 -0.3535 0.552
2024_0413_16:41:42 16 13.981 -0.0595
2024_0413_16:41:43 16 82.132 59.247
2024_0413_16:41:46 16 0.1585 -0.0905
2024_0413_16:41:47 16 97.157 92.8735
2024_0413_16:41:47 16 48.59 -0.788
2024_0413_16:41:48 16 98.947 95.9975
2024_0413_16:41:48 16 42.5575 45.0305
2024_0413_16:41:49 16 42.859 45.571
2024_0413_16:41:52 16 70.761 92.211
2024_0413_16:41:58 16 16.137 51.598
2024_0413_16:41:58 16 76.4935 77.5545
2024_0413_16:41:59 16 98.6015 95.8865
2024_0413_16:41:59 16 44.624 88.8355
2024_0413_16:42:02 16 -0.2315 -0.0095
2024_0413_16:42:06 16 87.39 88.512
2024_0413_16:42:09 16 98.7195 98.8845
2024_0413_16:42:09 16 -0.075 0.3375
2024_0413_16:42:10 16 91.136 92.1485
2024_0413_16:42:10 17 0.2965 0.46
2024_0413_16:42:12 16 74.0335 77.2845
2024_0413_16:42:12 16 12.8025 6.371
2024_0413_16:42:13 16 -0.128 0.166
2024_0413_16:42:14 17 98.9385 -4.7255
2024_0413_16:42:16 17 61.212 65.3645
2024_0413_16:42:24 17 9.6605 27.1625
2024_0413_16:42:24 17 8.7475 -8.815
2024_0413_16:42:25 17 99.9395 -44.684
2024_0413_16:42:26 17 97.5445 95.5175
2024_0413_16:42:26 17 97.85 -0.388
2024_0413_16:42:32 17 15.614 15.918
2024_0413_16:42:32 17 16.6955 -16.5785
2024_0413_16:42:33 17 39.833 54.487
2024_0413_16:42:34 17 7.5365 -6.936
2024_0413_16:42:36 17 0.324 0.729
2024_0413_16:42:37 17 83.3265 89.7555
2024_0413_16:42:37 17 48.264 46.611
2024_0413_16:42:37 17 10.594 -10.555
2024_0413_16:42:38 17 72.807 55.5625
2024_0413_16:42:42 17 49.2105 98.263
2024_0413_16:42:44 17 70.02 78.755
2024_0413_16:42:46 17 94.6825 98.67
2024_0413_16:42:48 17 0.1805 0.282
2024_0413_16:42:48 17 -0.158 0.172
2024_0413_16:42:50 17 93.4935 94.342
2024_0413_16:42:52 17 98.399 98.157
2024_0413_16:42:57 18 -0.0065 -0.02
2024_0413_16:42:58 17 97.4665 0.1685
2024_0413_16:42:58 18 0.0155 -0.5715
2024_0413_16:43:01 17 0.2515 -0.0555
2024_0413_16:43:01 18 19.725 -20.3805
2024_0413_16:43:02 17 39.6055 40.6725
2024_0413_16:43:03 18 -0.1415 -0.2855
2024_0413_16:43:03 18 67.2355 50.2485
2024_0413_16:43:06 18 92.016 96.253
2024_0413_16:43:06 18 14.099 17.579
2024_0413_16:43:08 18 88.592 95.567
2024_0413_16:43:10 18 -0.2965 -0.342
2024_0413_16:43:14 18 97.1375 97.021
2024_0413_16:43:14 18 -10.0435 10.222
2024_0413_16:43:19 18 1.009 -2.636
2024_0413_16:43:20 18 -0.0545 -0.2285
2024_0413_16:43:24 18 49.58 93.854
2024_0413_16:43:24 18 -2.666 3.372
2024_0413_16:43:24 18 0.1595 1.854
2024_0413_16:43:25 18 91.5405 96.0195
2024_0413_16:43:25 18 0.3385 0.2645
2024_0413_16:43:25 18 78.7125 57.471
2024_0413_16:43:29 18 -33.3405 33.069
2024_0413_16:43:30 18 26.4955 71.409
2024_0413_16:43:30 18 83.0245 12.3715
2024_0413_16:43:33 18 0.0395 0.0335
2024_0413_16:43:34 18 29.4745 22.354
2024_0413_16:43:35 18 6.165 4.3605
2024_0413_16:43:39 18 92.224 94.4265
2024_0413_16:43:40 18 -0.2485 10.465
2024_0413_16:43:44 18 98.862 98.5135
2024_0413_16:43:46 18 2.942 1.4655
2024_0413_16:43:47 19 -49.9995 49.999
2024_0413_16:43:48 19 16.678 -33.3335
2024_0413_16:43:48 19 90.703 96.0595
2024_0413_16:43:53 19 41.7125 -3.44
2024_0413_16:43:54 19 -99.998 49.9985
2024_0413_16:43:54 19 17.2825 -16.8375
2024_0413_16:43:54 19 74.271 64.8075
2024_0413_16:43:54 19 0.1985 1.491
2024_0413_16:44:01 19 -24.504 23.9545
2024_0413_16:44:02 19 81.766 49.2925
2024_0413_16:44:03 19 -25.0025 25.007
2024_0413_16:44:04 19 43.8005 -44.12
2024_0413_16:44:08 19 0.0225 0.374
2024_0413_16:44:09 19 99.1445 91.5985
2024_0413_16:44:11 19 0.0095 0.822
2024_0413_16:44:13 20 10.396 -10.2685
2024_0413_16:44:16 19 -0.536 -0.3095
2024_0413_16:44:19 20 8.83 10.403
2024_0413_16:44:21 20 95.385 46.988
2024_0413_16:44:22 20 -74.15 49.264
2024_0413_16:44:25 20 99.4215 97.919
2024_0413_16:44:26 20 -0.1145 -0.1365
2024_0413_16:44:26 20 -8.5275 8.2185
2024_0413_16:44:31 20 -0.0175 -0.0555
2024_0413_16:44:31 20 77.7545 71.5005
2024_0413_16:44:31 20 5.6445 6.035
2024_0413_16:44:36 20 97.799 93.907
2024_0413_16:44:37 2 97.2605 98.3565
2024_0413_16:44:39 14 92.2965 94.349
2024_0413_16:44:42 14 86.5285 94.8665
2024_0413_16:44:42 14 99.4545 96.621
2024_0413_16:44:44 15 0.1935 0.2475
2024_0413_16:44:44 16 19.1755 13.77
2024_0413_16:44:45 16 90.334 65.367
2024_0413_16:44:46 16 44.413 58.641
2024_0413_16:44:50 18 89.8375 92.982
2024_0413_16:44:54 20 98.8865 98.6475
2024_0413_16:44:55 20 96.453 97.863
2024_0413_16:44:55 20 0.2395 0.471
2024_0413_16:44:58 20 0.185 0.078
2024_0413_16:45:01 20 0.5415 0.053
2024_0413_16:45:04 19 -0.0965 0.1555
2024_0413_16:45:25 1 95.782 99.4615
2024_0413_16:45:25 1 99.4965 99.498
2024_0413_16:45:25 1 99.5045 99.508
2024_0413_16:45:25 1 96.2795 97.069
2024_0413_16:45:25 1 99.5035 99.4935
2024_0413_16:45:26 1 99.5455 99.4925
2024_0413_16:45:26 1 98.0005 99.5245
2024_0413_16:45:26 1 99.463 99.5505
2024_0413_16:45:27 1 97.358 99.499
2024_0413_16:45:27 1 93.807 95.8155
2024_0413_16:45:28 1 96.588 96.1635
2024_0413_16:45:28 1 98.902 92.6055
2024_0413_16:45:28 1 98.283 99.5305
2024_0413_16:45:28 1 99.5185 99.533
2024_0413_16:45:29 1 99.451 97.3415
2024_0413_16:45:39 1 99.4905 99.529
2024_0413_16:45:46 1 99.415 99.4925
2024_0413_16:45:47 1 99.4545 95.554
2024_0413_16:45:48 1 95.3015 93.621
2024_0413_16:45:48 1 98.0175 98.223
2024_0413_16:45:48 1 92.4135 95.8135
2024_0413_16:45:48 1 99.5245 99.556
2024_0413_16:45:49 1 99.4685 99.501
2024_0413_16:45:49 1 92.6655 92.816
2024_0413_16:45:50 1 99.5135 99.5235
2024_0413_16:45:51 1 94.701 99.489
2024_0413_16:45:51 1 99.533 99.4965
2024_0413_16:45:53 1 96.6785 99.4805
2024_0413_16:45:56 1 98.3435 95.726
2024_0413_16:45:59 1 97.51 96.9665
2024_0413_16:46:00 1 95.967 94.9895
2024_0413_16:46:06 1 99.4975 99.5325
2024_0413_16:46:07 1 99.501 99.5085
2024_0413_16:46:10 1 97.7345 99.51
2024_0413_16:46:10 2 98.344 95.1575
2024_0413_16:46:10 1 95.4635 88.4065
2024_0413_16:46:11 2 97.062 86.2065
2024_0413_16:46:11 2 98.6385 97.3135
2024_0413_16:46:11 2 98.857 98.4775
2024_0413_16:46:12 2 49.4485 88.5215
2024_0413_16:46:14 1 99.481 99.504
2024_0413_16:46:14 2 49.4875 49.2405
2024_0413_16:46:17 2 96.6965 98.7215
2024_0413_16:46:17 1 99.528 96.9895
2024_0413_16:46:20 2 95.5235 99.3635
2024_0413_16:46:22 2 86.7865 95.565
2024_0413_16:46:22 2 96.3005 96.9845
2024_0413_16:46:28 2 98.7165 93.1545
2024_0413_16:46:29 2 93.4595 89.974
2024_0413_16:46:31 2 91.9335 96.415
2024_0413_16:46:32 2 98.3815 98.5045
2024_0413_16:46:32 2 98.3925 94.531
2024_0413_16:46:32 2 95.0355 98.625
2024_0413_16:46:32 2 96.793 98.114
2024_0413_16:46:35 2 97.176 96.8195
2024_0413_16:46:35 2 95.3 93.416
2024_0413_16:46:39 2 98.4315 98.4905
2024_0413_16:46:39 2 95.429 96.823
2024_0413_16:46:42 2 49.0005 88.18
2024_0413_16:46:44 2 49.571 98.9085
2024_0413_16:46:45 2 97.098 93.7655
2024_0413_16:46:49 2 98.761 97.8595
2024_0413_16:46:50 2 93.812 95.562
2024_0413_16:46:50 2 98.388 98.701
2024_0413_16:46:52 2 97.157 97.576
2024_0413_16:46:53 2 98.6095 98.77
2024_0413_16:46:53 2 98.308 96.951
2024_0413_16:46:53 2 87.971 95.2425
2024_0413_16:46:54 2 92.2045 95.508
2024_0413_16:46:55 2 97.9 94.6045
2024_0413_16:46:57 2 98.52 98.6955
2024_0413_16:46:57 2 97.291 94.8225
2024_0413_16:47:01 2 96.14 97.7615
2024_0413_16:47:03 2 97.174 98.603
2024_0413_16:47:05 2 90.975 94.706
2024_0413_16:47:06 2 98.5135 98.704
2024_0413_16:47:09 2 96.7305 98.739
2024_0413_16:47:11 2 91.4575 97.359
2024_0413_16:47:12 2 98.4145 96.068
2024_0413_16:47:14 2 98.7695 98.723
2024_0413_16:47:14 2 93.1175 94.5225
2024_0413_16:47:15 2 96.795 97.002
2024_0413_16:47:15 2 96.692 98.753
2024_0413_16:47:15 2 49.462 98.2545
2024_0413_16:47:16 2 98.783 97.1365
2024_0413_16:47:16 2 98.728 96.6355
2024_0413_16:47:18 2 97.3465 95.975
2024_0413_16:47:18 2 98.4615 98.7235
2024_0413_16:47:23 2 97.21 97.5445
2024_0413_16:47:27 2 98.48 98.6715
2024_0413_16:47:29 2 95.0245 91.557
2024_0413_16:47:33 2 96.268 96.3125
2024_0413_16:47:35 2 96.004 98.611
2024_0413_16:47:36 2 93.601 97.2205
2024_0413_16:47:36 2 98.4955 96.5915
2024_0413_16:47:36 2 98.5865 96.84
2024_0413_16:47:37 2 98.9155 93.6515
2024_0413_16:47:37 2 96.921 95.6975
2024_0413_16:47:39 2 92.217 96.2325
2024_0413_16:47:39 2 97.593 96.4755
2024_0413_16:47:39 2 93.924 99.059
2024_0413_16:47:40 2 98.5305 96.532
2024_0413_16:47:42 2 97.76 98.2905
2024_0413_16:47:42 2 80.245 81.8645
2024_0413_16:47:44 2 49.3795 88.081
2024_0413_16:47:49 3 94.359 92.863
2024_0413_16:47:51 3 92.5875 91.372
2024_0413_16:47:55 3 93.327 95.7065
2024_0413_16:47:58 3 88.345 94.0605
2024_0413_16:47:58 4 86.3735 90.6795
2024_0413_16:47:58 5 99.4915 97.4075
2024_0413_16:48:00 4 86.5975 87.906
2024_0413_16:48:00 4 73.8385 79.224
2024_0413_16:48:00 5 93.416 94.416
2024_0413_16:48:01 5 91.41 97.7035
2024_0413_16:48:01 5 99.197 95.383
2024_0413_16:48:01 5 95.124 93.3245
2024_0413_16:48:02 5 99.5025 98.2605
2024_0413_16:48:03 6 92.9975 93.7795
2024_0413_16:48:04 5 47.195 49.6545
2024_0413_16:48:05 6 99.49 99.5285
2024_0413_16:48:10 6 99.4595 99.4685
2024_0413_16:48:13 6 94.6015 99.2085
2024_0413_16:48:16 6 99.5135 99.497
2024_0413_16:48:19 7 98.4825 96.8245
2024_0413_16:48:21 7 94.6575 93.896
2024_0413_16:48:22 8 95.6145 99.1005
2024_0413_16:48:22 8 96.476 98.732
2024_0413_16:48:22 8 98.6195 98.717
2024_0413_16:48:23 8 98.482 95.951
2024_0413_16:48:25 8 95.6635 92.404
2024_0413_16:48:26 8 98.6795 96.2935
2024_0413_16:48:27 8 98.457 98.491
2024_0413_16:48:29 8 98.6245 97.707
2024_0413_16:48:29 7 95.006 98.2795
2024_0413_16:48:30 7 94.353 93.1605
2024_0413_16:48:32 8 98.7215 98.739
2024_0413_16:48:35 8 95.143 98.8285
2024_0413_16:48:37 8 97.436 98.0735
2024_0413_16:48:37 8 95.1705 98.6855
2024_0413_16:48:41 8 95.8585 93.67
2024_0413_16:48:44 9 96.612 99.487
2024_0413_16:48:45 9 99.0535 49.6625
2024_0413_16:48:47 9 91.782 91.19
2024_0413_16:48:49 9 99.4825 99.5285
2024_0413_16:48:49 9 99.574 99.6025
2024_0413_16:48:51 9 99.6395 97.564
2024_0413_16:48:52 10 93.0555 94.9145
2024_0413_16:48:58 10 94.7585 94.197
2024_0413_16:48:59 10 81.958 85.5015
2024_0413_16:49:00 9 99.372 99.5315
2024_0413_16:49:00 10 99.402 97.359
2024_0413_16:49:03 10 49.522 99.47
2024_0413_16:49:04 10 94.63 95.263
2024_0413_16:49:06 9 93.0985 94.1925
2024_0413_16:49:06 11 94.9685 99.477
2024_0413_16:49:07 11 96.603 96.5025
2024_0413_16:49:09 11 -0.1 -0.112
2024_0413_16:49:10 11 0.007 0.0155
2024_0413_16:49:11 11 -0.1795 0.1445
2024_0413_16:49:11 11 -10.184 65.0965
2024_0413_16:49:12 11 96.7535 96.511
2024_0413_16:49:13 11 -0.2015 -0.421
2024_0413_16:49:14 10 90.472 95.414
2024_0413_16:49:19 11 99.429 99.42
2024_0413_16:49:21 11 -0.14 0.342
2024_0413_16:49:24 11 0.102 -0.123
2024_0413_16:49:25 11 -49.9995 99.999
2024_0413_16:49:27 11 98.261 94.893
2024_0413_16:49:29 11 90.9445 95.0775
2024_0413_16:49:30 11 49.999 99.999
2024_0413_16:49:31 11 0.1055 -0.212
2024_0413_16:49:32 11 0.114 -0.187
2024_0413_16:49:32 11 -0.0385 -0.2085
2024_0413_16:49:32 11 98.433 97.6195
2024_0413_16:49:33 11 0.07 0.0745
2024_0413_16:49:35 11 99.999 49.9995
2024_0413_16:49:37 11 97.3615 95.0965
2024_0413_16:49:40 11 99.297 97.232
2024_0413_16:49:41 11 -0.048 0.0395
2024_0413_16:49:42 11 96.2375 94.392
2024_0413_16:49:44 11 95.785 94.361
2024_0413_16:49:46 11 93.5995 96.2955
2024_0413_16:49:47 11 0.0685 -0.207
2024_0413_16:49:49 11 -0.0635 -0.054
2024_0413_16:49:50 11 0.1025 0.024
2024_0413_16:49:52 11 0.141 -0.3925
2024_0413_16:49:53 11 98.8255 99.395
2024_0413_16:49:54 11 -0.1765 0.176
2024_0413_16:49:55 11 0.16 0.483
2024_0413_16:49:55 11 0.382 -0.095
2024_0413_16:49:56 11 0.106 0.164
2024_0413_16:49:58 11 -0.019 -0.0455
2024_0413_16:49:58 11 98.4575 97.044
2024_0413_16:50:03 11 97.5755 93.7895
2024_0413_16:50:05 11 0.1555 -0.4365
2024_0413_16:50:08 11 49.5115 92.848
2024_0413_16:50:12 11 0.057 0.04
2024_0413_16:50:12 11 -0.0875 -0.051
2024_0413_16:50:13 11 96.0505 95.1045
2024_0413_16:50:14 11 0.246 -0.332
2024_0413_16:50:14 11 0.129 -0.0685
2024_0413_16:50:16 11 0.0505 -0.156
2024_0413_16:50:17 11 0.075 0.0075
2024_0413_16:50:17 11 84.6415 96.754
2024_0413_16:50:19 11 0.124 0.274
2024_0413_16:50:19 11 55.182 52.2505
2024_0413_16:50:20 11 -0.006 -0.134
2024_0413_16:50:24 11 99.999 49.9995
2024_0413_16:50:25 11 0.3085 -0.0035
2024_0413_16:50:26 11 0.181 -0.194
2024_0413_16:50:29 11 96.689 92.762
2024_0413_16:50:34 11 -0.0335 -0.336
2024_0413_16:50:34 11 99.998 49.999
2024_0413_16:50:35 11 -0.014 0.0455
2024_0413_16:50:36 11 0.097 -0.031
2024_0413_16:50:36 11 45.893 49.3985
2024_0413_16:50:38 11 0.114 0.1835
2024_0413_16:50:38 11 99.3865 92.349
2024_0413_16:50:39 11 -0.2505 -0.023
2024_0413_16:50:40 11 99.2935 93.225
2024_0413_16:50:40 11 0.086 -0.121
2024_0413_16:50:41 11 0.1145 0.2675
2024_0413_16:50:42 11 0.085 -0.271
2024_0413_16:50:47 11 95.5535 96.5835
2024_0413_16:50:47 11 49.625 -0.1815
2024_0413_16:50:49 11 97.731 92.191
2024_0413_16:50:51 11 85.6375 96.745
2024_0413_16:50:56 11 94.7145 95.207
2024_0413_16:50:56 11 -0.148 0.0645
2024_0413_16:50:56 11 -100.0 100.0
2024_0413_16:50:58 11 -0.0055 -0.0805
2024_0413_16:50:58 11 99.999 99.999
2024_0413_16:51:00 11 93.9385 93.92
2024_0413_16:51:00 11 0.0705 -0.502
2024_0413_16:51:01 11 0.4335 0.094
2024_0413_16:51:02 11 -0.1345 -0.474
2024_0413_16:51:02 11 0.1145 -0.257
2024_0413_16:51:04 11 94.9365 95.814
2024_0413_16:51:08 11 63.5625 71.352
2024_0413_16:51:09 11 -0.0365 -0.37
2024_0413_16:51:09 11 0.528 -0.117
2024_0413_16:51:10 11 99.999 -49.9995
2024_0413_16:51:13 11 0.18 0.1585
2024_0413_16:51:17 11 97.71 99.516
2024_0413_16:51:18 11 -0.0595 0.1205
2024_0413_16:51:18 11 -0.001 -0.0805
2024_0413_16:51:20 11 0.12 0.258
2024_0413_16:51:21 11 0.152 0.0795
2024_0413_16:51:24 11 0.308 -0.5525
2024_0413_16:51:24 11 -0.097 0.4585
2024_0413_16:51:24 11 94.9575 92.483
2024_0413_16:51:27 11 99.2005 98.546
2024_0413_16:51:27 11 91.7025 90.632
2024_0413_16:51:30 11 99.4935 99.538
2024_0413_16:51:30 11 99.583 98.249
2024_0413_16:51:32 11 -0.078 -0.1885
2024_0413_16:51:32 11 95.0405 99.127
2024_0413_16:51:33 11 0.1905 0.023
2024_0413_16:51:35 11 99.481 99.494
2024_0413_16:51:38 11 95.559 95.615
2024_0413_16:51:40 11 0.143 -0.2445
2024_0413_16:51:40 11 0.35 0.12
2024_0413_16:51:41 11 0.0795 0.444
2024_0413_16:51:43 11 97.375 99.319
2024_0413_16:51:46 11 99.533 99.5335
2024_0413_16:51:46 11 0.186 0.118
2024_0413_16:51:47 11 96.0945 95.1835
2024_0413_16:51:49 11 98.4115 98.3365
2024_0413_16:51:49 11 94.6675 96.326
2024_0413_16:51:51 11 -0.153 -0.3415
2024_0413_16:51:52 11 0.1255 -0.053
2024_0413_16:51:54 11 -0.0065 0.2305
2024_0413_16:51:55 11 -0.2335 -0.1705
2024_0413_16:51:55 11 69.855 77.2795
2024_0413_16:52:00 11 49.9995 99.999
2024_0413_16:52:02 11 -0.069 0.317
2024_0413_16:52:03 11 -50.0 -99.997
2024_0413_16:52:04 11 95.707 95.47
2024_0413_16:52:05 11 -0.1055 -0.2665
2024_0413_16:52:06 11 -0.221 -0.1025
2024_0413_16:52:08 11 -0.074 0.014
2024_0413_16:52:09 11 95.484 94.8405
2024_0413_16:52:09 11 11.192 10.6225
2024_0413_16:52:10 11 0.4285 0.005
2024_0413_16:52:11 11 -0.217 -0.3895
2024_0413_16:52:13 12 -99.998 -49.998
2024_0413_16:52:15 12 -0.0665 -0.0695
2024_0413_16:52:17 12 94.4475 94.345
2024_0413_16:52:20 11 0.209 -0.162
2024_0413_16:52:23 12 97.808 97.104
2024_0413_16:52:24 12 -0.3 0.2525
2024_0413_16:52:25 12 -0.2785 0.035
2024_0413_16:52:28 12 95.307 95.9135
2024_0413_16:52:29 12 94.3635 96.2875
2024_0413_16:52:29 12 7.657 7.391
2024_0413_16:52:29 12 -0.0845 0.2705
2024_0413_16:52:30 12 0.067 -0.2555
2024_0413_16:52:32 12 99.999 -99.999
2024_0413_16:52:32 12 99.394 98.917
2024_0413_16:52:33 12 99.998 99.999
2024_0413_16:52:35 12 -49.9995 -99.999
2024_0413_16:52:39 12 97.5625 95.2115
2024_0413_16:52:44 12 14.003 10.19
2024_0413_16:52:45 12 99.217 99.1355
2024_0413_16:52:46 12 95.0275 84.192
2024_0413_16:52:47 12 -0.1585 47.6125
2024_0413_16:52:50 12 97.0615 96.518
2024_0413_16:52:51 12 68.935 71.369
2024_0413_16:52:51 12 96.4895 97.1905
2024_0413_16:52:51 12 -0.1335 0.0185
2024_0413_16:52:51 12 49.9995 -50.0
2024_0413_16:52:51 12 -0.0655 -0.151
2024_0413_16:52:52 12 99.328 98.589
2024_0413_16:52:54 12 95.156 90.876
2024_0413_16:52:55 12 0.175 -0.2095
2024_0413_16:52:56 12 93.982 95.0205
2024_0413_16:52:58 12 95.6635 97.338
2024_0413_16:53:02 12 0.0625 0.044
2024_0413_16:53:07 12 94.5315 96.031
2024_0413_16:53:09 12 28.8095 4.239
2024_0413_16:53:09 12 -0.246 0.2875
2024_0413_16:53:10 12 0.101 -0.1195
2024_0413_16:53:12 12 49.544 94.9015
2024_0413_16:53:13 12 93.124 97.564
2024_0413_16:53:13 12 -0.0275 0.021
2024_0413_16:53:13 12 85.318 98.5445
2024_0413_16:53:14 12 59.4 59.8665
2024_0413_16:53:15 12 0.0445 -0.3025
2024_0413_16:53:16 12 -0.2055 0.249
2024_0413_16:53:17 12 48.24 49.075
2024_0413_16:53:17 12 0.047 -0.252
2024_0413_16:53:18 12 98.6215 95.101
2024_0413_16:53:21 12 50.4205 50.2075
2024_0413_16:53:25 12 92.2965 93.6895
2024_0413_16:53:30 12 -0.205 0.155
2024_0413_16:53:31 12 -0.159 -0.1105
2024_0413_16:53:32 12 71.6455 73.7685
2024_0413_16:53:33 12 -0.091 0.054
2024_0413_16:53:35 12 -0.488 -0.3535
2024_0413_16:53:35 12 95.0675 93.541
2024_0413_16:53:36 12 95.141 93.6755
2024_0413_16:53:37 12 87.512 83.9675
2024_0413_16:53:37 12 99.61 99.7545
2024_0413_16:53:39 12 71.7205 75.133
2024_0413_16:53:39 12 92.3205 93.1695
2024_0413_16:53:40 12 95.247 95.938
2024_0413_16:53:40 12 99.5095 99.4715
2024_0413_16:53:41 12 96.4715 57.031
2024_0413_16:53:44 12 0.324 -0.213
2024_0413_16:53:48 12 -0.1415 74.1635
2024_0413_16:53:51 12 0.044 -0.1445
2024_0413_16:53:52 12 48.975 49.216
2024_0413_16:53:54 12 88.006 86.106
2024_0413_16:53:55 12 -0.2675 0.3505
2024_0413_16:53:57 12 94.096 94.652
2024_0413_16:53:58 12 0.101 -0.103
2024_0413_16:53:58 12 0.326 0.148
2024_0413_16:53:59 12 95.1155 95.7325
2024_0413_16:54:01 12 -0.0865 0.4595
2024_0413_16:54:01 12 91.526 89.814
2024_0413_16:54:02 12 -0.1155 0.0875
2024_0413_16:54:02 12 99.4915 99.506
2024_0413_16:54:04 12 96.3315 97.513
2024_0413_16:54:04 12 28.576 26.2065
2024_0413_16:54:05 12 0.006 -0.08
2024_0413_16:54:10 12 51.944 45.6785
2024_0413_16:54:14 12 94.9825 87.337
2024_0413_16:54:15 12 53.4885 53.3965
2024_0413_16:54:17 12 88.6685 93.583
2024_0413_16:54:18 12 -0.0855 0.3915
2024_0413_16:54:19 12 -0.0585 0.008
2024_0413_16:54:21 12 89.2975 85.732
2024_0413_16:54:21 12 98.444 99.523
2024_0413_16:54:23 12 97.4085 96.699
2024_0413_16:54:24 12 90.3695 99.1015
2024_0413_16:54:24 12 49.9985 99.998
2024_0413_16:54:25 12 0.1165 0.2865
2024_0413_16:54:25 12 0.246 -0.152
2024_0413_16:54:27 12 -0.167 0.0525
2024_0413_16:54:28 12 97.818 98.853
2024_0413_16:54:28 12 95.602 96.5945
2024_0413_16:54:36 12 -49.998 49.997
2024_0413_16:54:37 12 82.39 83.8705
2024_0413_16:54:39 12 0.105 -0.1365
2024_0413_16:54:39 12 94.6865 96.5035
2024_0413_16:54:40 12 49.999 -49.9985
2024_0413_16:54:40 12 77.956 81.1525
2024_0413_16:54:44 13 94.866 98.3465
2024_0413_16:54:45 13 -2.1285 49.7355
2024_0413_16:54:45 13 9.6845 -10.0615
2024_0413_16:54:47 13 -0.1895 0.3825
2024_0413_16:54:48 13 73.038 72.5055
2024_0413_16:54:48 13 95.3095 87.7175
2024_0413_16:54:49 13 -0.111 -0.3885
2024_0413_16:54:50 13 94.6305 98.71
2024_0413_16:54:51 13 -24.8835 25.1405
2024_0413_16:54:58 13 0.1475 0.504
2024_0413_16:55:02 13 0.1355 0.074
2024_0413_16:55:02 13 -1.3795 7.3605
2024_0413_16:55:03 13 9.943 -10.5345
2024_0413_16:55:04 13 57.868 59.4605
2024_0413_16:55:06 13 -0.1 -0.1185
2024_0413_16:55:07 13 96.55 99.2605
2024_0413_16:55:07 13 -0.6615 -0.7605
2024_0413_16:55:08 13 -0.3005 -0.136
2024_0413_16:55:10 13 23.255 -0.056
2024_0413_16:55:11 13 -0.01 -0.1545
2024_0413_16:55:12 13 0.1715 95.428
2024_0413_16:55:13 13 99.3715 23.754
2024_0413_16:55:13 13 95.216 93.1365
2024_0413_16:55:13 13 86.401 94.533
2024_0413_16:55:20 13 95.0525 49.433
2024_0413_16:55:21 13 98.3 95.916
2024_0413_16:55:24 13 0.4405 0.091
2024_0413_16:55:25 13 8.7375 9.5305
2024_0413_16:55:26 13 -0.1205 0.0895
2024_0413_16:55:27 13 -49.6525 49.871
2024_0413_16:55:29 13 43.007 46.3825
2024_0413_16:55:30 13 48.755 48.7715
2024_0413_16:55:30 13 0.0365 0.077
2024_0413_16:55:31 13 23.478 71.429
2024_0413_16:55:34 13 -11.57 11.4095
2024_0413_16:55:35 13 20.5735 20.3185
2024_0413_16:55:35 13 -0.223 0.2455
2024_0413_16:55:38 13 0.333 0.0885
2024_0413_16:55:38 13 87.771 88.1175
2024_0413_16:55:42 13 99.998 -49.9995
2024_0413_16:55:45 13 49.204 49.2315
2024_0413_16:55:46 13 5.0395 3.7315
2024_0413_16:55:49 13 0.5915 -0.047
2024_0413_16:55:50 13 4.895 33.4925
2024_0413_16:55:51 13 -0.0685 -0.2705
2024_0413_16:55:53 13 -0.285 -0.219
2024_0413_16:55:53 13 73.6465 75.555
2024_0413_16:55:54 13 0.3585 -0.325
2024_0413_16:55:54 13 -0.1345 85.905
2024_0413_16:55:54 13 0.1635 -0.3105
2024_0413_16:55:58 13 98.378 96.0645
2024_0413_16:56:00 13 -0.5065 0.168
2024_0413_16:56:02 13 13.99 14.551
2024_0413_16:56:03 13 -0.1885 0.1845
2024_0413_16:56:05 13 97.9445 99.3275
2024_0413_16:56:06 13 -0.197 0.029
2024_0413_16:56:09 13 95.6275 95.7455
2024_0413_16:56:09 13 94.612 95.2505
2024_0413_16:56:11 13 49.9985 49.998
2024_0413_16:56:14 13 86.078 93.571
2024_0413_16:56:14 13 57.259 6.9415
2024_0413_16:56:15 13 0.3095 -0.157
2024_0413_16:56:16 13 -0.859 48.7115
2024_0413_16:56:16 13 0.313 0.184
2024_0413_16:56:17 13 70.2245 73.9525
2024_0413_16:56:20 13 -8.483 8.4415
2024_0413_16:56:23 13 0.194 0.3115
2024_0413_16:56:24 13 0.104 -0.0615
2024_0413_16:56:25 13 96.8335 99.231
2024_0413_16:56:27 13 53.3255 63.4855
2024_0413_16:56:27 13 1.3155 2.12
2024_0413_16:56:28 13 -99.999 49.999
2024_0413_16:56:32 13 24.1615 2.75
2024_0413_16:56:32 13 96.4805 96.993
2024_0413_16:56:38 13 0.04 0.3945
2024_0413_16:56:38 13 99.1605 96.101
2024_0413_16:56:39 13 -49.998 -49.999
2024_0413_16:56:39 13 53.1295 44.044
2024_0413_16:56:39 13 -0.544 40.9205
2024_0413_16:56:40 13 -0.282 0.0315
2024_0413_16:56:40 13 0.108 -0.0965
2024_0413_16:56:43 13 -9.7555 9.8525
2024_0413_16:56:46 13 32.8405 31.776
2024_0413_16:56:49 13 -0.0505 0.1765
2024_0413_16:56:49 13 87.7605 92.9495
2024_0413_16:56:49 13 -0.015 0.2695
2024_0413_16:56:50 13 -0.282 0.026
2024_0413_16:56:52 13 -10.3045 10.017
2024_0413_16:56:54 13 0.281 0.3215
2024_0413_16:56:54 13 94.5655 93.799
2024_0413_16:57:00 13 99.999 99.997
2024_0413_16:57:01 13 51.8165 56.019
2024_0413_16:57:02 13 90.9335 97.829
2024_0413_16:57:02 13 95.2495 93.7155
2024_0413_16:57:03 13 0.676 0.0085
2024_0413_16:57:04 13 92.618 90.606
2024_0413_16:57:05 13 96.4795 98.3925
2024_0413_16:57:06 13 9.041 8.3155
2024_0413_16:57:09 13 -0.156 49.3665
2024_0413_16:57:10 13 -0.5705 37.196
2024_0413_16:57:11 13 -0.251 -0.0745
2024_0413_16:57:13 13 97.0225 95.4655
2024_0413_16:57:14 13 7.1635 7.839
2024_0413_16:57:14 13 0.297 -0.2065
2024_0413_16:57:17 13 83.1335 48.9915
2024_0413_16:57:18 13 -0.3235 -0.38
2024_0413_16:57:23 13 99.999 -99.999
2024_0413_16:57:24 13 38.167 50.641
2024_0413_16:57:24 13 0.0935 0.2205
2024_0413_16:57:25 13 46.4045 43.7765
2024_0413_16:57:27 13 96.091 95.3575
2024_0413_16:57:27 13 -0.2255 -0.333
2024_0413_16:57:28 13 0.373 -0.3355
2024_0413_16:57:29 13 99.4495 94.0735
2024_0413_16:57:34 13 14.6775 10.3885
2024_0413_16:57:37 13 63.572 96.818
2024_0413_16:57:38 13 -0.0045 -0.018
2024_0413_16:57:43 13 25.0615 27.0385
2024_0413_16:57:45 13 77.564 72.063
2024_0413_16:57:46 13 99.4495 49.601
2024_0413_16:57:47 13 92.7335 98.2705
2024_0413_16:57:47 13 49.082 48.7585
2024_0413_16:57:48 13 92.092 95.0615
2024_0413_16:57:48 13 -0.182 49.4105
2024_0413_16:57:51 13 2.778 1.554
2024_0413_16:57:53 13 95.364 46.6585
2024_0413_16:57:55 13 97.9895 97.6915
2024_0413_16:57:57 13 43.069 86.4305
2024_0413_16:57:59 13 12.2195 20.285
2024_0413_16:58:00 13 88.4605 98.2215
2024_0413_16:58:01 13 -0.284 0.0315
2024_0413_16:58:01 13 48.466 49.203
2024_0413_16:58:07 13 0.2425 0.0525
2024_0413_16:58:08 13 0.157 -0.0525
2024_0413_16:58:08 13 0.238 -0.076
2024_0413_16:58:09 13 99.656 99.5115
2024_0413_16:58:09 13 0.189 0.2165
2024_0413_16:58:11 13 0.03 0.251
2024_0413_16:58:12 13 95.447 98.596
2024_0413_16:58:13 13 -0.2165 -0.051
2024_0413_16:58:13 13 -0.4915 0.1275
2024_0413_16:58:16 13 -0.116 0.2275
2024_0413_16:58:17 13 0.162 0.158
2024_0413_16:58:20 13 -0.0985 24.393
2024_0413_16:58:24 13 0.1165 0.006
2024_0413_16:58:24 13 -0.37 0.2815
2024_0413_16:58:25 13 0.0005 0.028
2024_0413_16:58:27 13 95.258 63.8225
2024_0413_16:58:30 13 -4.3635 49.8385
2024_0413_16:58:31 13 0.0255 -0.1505
2024_0413_16:58:31 13 -0.2905 0.192
2024_0413_16:58:33 13 92.693 48.4455
2024_0413_16:58:34 13 82.473 84.196
2024_0413_16:58:35 13 -0.05 0.146
2024_0413_16:58:36 13 47.3385 49.0805
2024_0413_16:58:38 13 -0.1145 0.1225
2024_0413_16:58:39 13 96.086 97.8635
2024_0413_16:58:39 13 89.277 85.4835
2024_0413_16:58:40 13 52.449 -52.4985
2024_0413_16:58:43 13 80.237 90.3145
2024_0413_16:58:46 13 -0.8505 19.588
2024_0413_16:58:48 13 69.698 72.063
2024_0413_16:58:48 13 -0.0075 0.0
2024_0413_16:58:49 13 0.1205 0.077
2024_0413_16:58:52 13 99.248 99.4495
2024_0413_16:58:54 13 94.702 98.831
2024_0413_16:58:54 13 -0.0305 23.9395
2024_0413_16:58:56 13 -33.292 33.409
2024_0413_16:58:58 13 96.207 96.9575
2024_0413_16:58:59 13 21.7655 23.8475
2024_0413_16:59:00 13 0.314 -0.226
2024_0413_16:59:00 13 33.08 48.8425
2024_0413_16:59:01 13 49.175 49.215
2024_0413_16:59:03 13 99.0625 97.556
2024_0413_16:59:03 13 76.719 75.6355
2024_0413_16:59:07 13 7.8345 7.6695
2024_0413_16:59:08 14 0.154 -0.1335
2024_0413_16:59:11 14 49.319 48.7965
2024_0413_16:59:12 14 7.317 8.193
2024_0413_16:59:14 14 0.009 -0.017
2024_0413_16:59:15 14 93.189 93.77
2024_0413_16:59:17 14 0.011 0.033
2024_0413_16:59:19 14 0.0845 -0.022
2024_0413_16:59:19 14 81.2285 90.351
2024_0413_16:59:22 14 -99.998 -49.999
2024_0413_16:59:22 14 2.659 64.975
2024_0413_16:59:25 14 0.072 -0.32
2024_0413_16:59:26 14 95.5185 97.7025
2024_0413_16:59:26 14 0.1085 0.055
2024_0413_16:59:28 14 93.761 85.9045
2024_0413_16:59:29 14 0.015 0.034
2024_0413_16:59:30 14 0.085 -0.0045
2024_0413_16:59:34 14 28.306 47.4655
2024_0413_16:59:34 14 0.033 -0.0275
2024_0413_16:59:38 14 -0.0495 -0.0325
2024_0413_16:59:39 14 92.1695 94.233
2024_0413_16:59:40 14 98.2335 49.07
2024_0413_16:59:42 14 -0.2845 0.283
2024_0413_16:59:44 14 29.184 78.148
2024_0413_16:59:45 14 85.95 42.581
2024_0413_16:59:46 14 60.422 54.59
2024_0413_16:59:47 14 97.5335 98.982
2024_0413_16:59:48 14 2.001 2.6005
2024_0413_16:59:50 14 -0.177 -0.076
2024_0413_16:59:51 14 99.998 -99.998
2024_0413_16:59:52 14 93.695 90.0785
2024_0413_16:59:54 14 58.537 55.075
2024_0413_16:59:55 14 40.3005 51.0145
2024_0413_16:59:56 14 63.074 66.6115
2024_0413_16:59:58 14 90.2825 83.4055
2024_0413_17:00:01 14 0.2555 -0.121
2024_0413_17:00:02 14 27.7815 49.3785
2024_0413_17:00:03 14 64.524 82.9225
2024_0413_17:00:05 14 0.3655 0.215
2024_0413_17:00:08 14 0.001 -0.0015
2024_0413_17:00:09 14 8.4755 -8.0875
2024_0413_17:00:10 14 92.4575 48.0975
2024_0413_17:00:12 14 0.396 0.1
2024_0413_17:00:13 14 0.044 -0.23
2024_0413_17:00:13 14 98.8895 91.528
2024_0413_17:00:16 14 9.867 -10.3215
2024_0413_17:00:16 14 -0.2525 0.2155
2024_0413_17:00:16 14 13.2065 12.541
2024_0413_17:00:19 14 98.06 95.9865
2024_0413_17:00:19 14 -0.403 0.3105
2024_0413_17:00:22 14 10.83 74.753
2024_0413_17:00:24 14 0.0555 -0.1735
2024_0413_17:00:24 14 -99.9985 -100.0
2024_0413_17:00:29 14 64.0025 99.4665
2024_0413_17:00:29 14 82.9065 96.3895
2024_0413_17:00:31 14 -0.1345 -0.003
2024_0413_17:00:32 14 -17.0975 16.6545
2024_0413_17:00:34 14 90.275 90.1635
2024_0413_17:00:35 14 -10.195 9.864
2024_0413_17:00:35 14 99.54 99.2085
2024_0413_17:00:36 14 95.4135 99.267
2024_0413_17:00:40 14 93.6555 27.847
2024_0413_17:00:41 14 96.5705 68.8395
2024_0413_17:00:42 14 -10.0715 9.995
2024_0413_17:00:43 14 28.785 31.167
2024_0413_17:00:46 14 97.9805 98.4535
2024_0413_17:00:47 14 98.9865 93.682
2024_0413_17:00:48 14 3.1095 3.755
2024_0413_17:00:55 14 10.636 11.48
2024_0413_17:00:56 14 0.4465 -0.159
2024_0413_17:00:57 14 88.034 93.5305
2024_0413_17:00:57 14 0.056 0.2825
2024_0413_17:00:58 14 0.0775 0.007
2024_0413_17:00:59 14 -0.0005 -0.0135
2024_0413_17:01:00 14 79.6805 80.923
2024_0413_17:01:01 14 93.3755 70.695
2024_0413_17:01:03 14 45.982 47.4015
2024_0413_17:01:04 14 8.1405 22.9495
2024_0413_17:01:07 14 66.9995 73.525
2024_0413_17:01:07 14 -3.3905 3.1165
2024_0413_17:01:10 14 -0.002 0.2615
2024_0413_17:01:11 14 92.629 91.701
2024_0413_17:01:12 14 79.494 83.4285
2024_0413_17:01:12 14 7.5445 7.284
2024_0413_17:01:18 14 0.1985 -0.0535
2024_0413_17:01:20 14 0.3055 0.0185
2024_0413_17:01:21 14 -20.0725 19.971
2024_0413_17:01:22 14 97.1075 95.1505
2024_0413_17:01:22 14 99.998 -49.999
2024_0413_17:01:23 14 89.749 92.249
2024_0413_17:01:23 14 0.708 -0.07
2024_0413_17:01:23 14 0.136 0.2975
2024_0413_17:01:27 14 0.383 -0.196
2024_0413_17:01:28 14 0.0115 0.055
2024_0413_17:01:30 14 97.6435 97.4035
2024_0413_17:01:33 14 11.122 34.66
2024_0413_17:01:33 14 0.33 -0.239
2024_0413_17:01:37 14 95.9965 95.849
2024_0413_17:01:38 14 97.4475 91.748
2024_0413_17:01:42 14 0.288 -0.0115
2024_0413_17:01:44 14 47.891 42.154
2024_0413_17:01:45 14 24.6605 45.647
2024_0413_17:01:45 14 -0.096 0.1505
2024_0413_17:01:46 14 41.1195 97.658
2024_0413_17:01:47 14 89.6975 90.4995
2024_0413_17:01:50 14 -22.975 22.8395
2024_0413_17:01:51 14 0.719 0.8565
2024_0413_17:01:52 14 -0.087 -0.0625
2024_0413_17:01:55 14 -0.017 97.1715
2024_0413_17:01:59 14 83.362 77.391
2024_0413_17:02:00 14 47.0355 -6.6525
2024_0413_17:02:00 14 77.856 49.8545
2024_0413_17:02:00 14 -0.292 -0.112
2024_0413_17:02:02 14 38.306 2.5645
2024_0413_17:02:03 14 95.6905 98.6915
2024_0413_17:02:06 14 56.589 56.4405
2024_0413_17:02:08 14 59.9335 -59.931
2024_0413_17:02:08 14 99.471 98.4735
2024_0413_17:02:09 14 73.7835 68.075
2024_0413_17:02:10 14 0.181 0.1755
2024_0413_17:02:11 14 24.944 77.878
2024_0413_17:02:15 14 85.5255 87.041
2024_0413_17:02:21 14 97.5015 55.935
2024_0413_17:02:23 14 47.091 96.06
2024_0413_17:02:23 14 0.2585 -0.2455
2024_0413_17:02:23 14 1.971 2.288
2024_0413_17:02:24 14 68.3255 71.0415
2024_0413_17:02:24 14 -0.254 0.3035
2024_0413_17:02:26 14 46.3585 49.2035
2024_0413_17:02:26 14 0.245 0.521
2024_0413_17:02:27 14 -0.049 0.074
2024_0413_17:02:30 14 0.1555 -0.09
2024_0413_17:02:32 14 85.0635 99.5125
2024_0413_17:02:32 14 -0.206 16.498
2024_0413_17:02:33 14 81.233 91.4325
2024_0413_17:02:35 14 26.527 -0.0115
2024_0413_17:02:36 14 93.593 48.989
2024_0413_17:02:38 14 97.354 91.489
2024_0413_17:02:46 14 96.782 23.713
2024_0413_17:02:46 14 99.608 99.3615
2024_0413_17:02:47 14 -0.721 57.488
2024_0413_17:02:47 14 96.504 98.234
2024_0413_17:02:47 14 0.2275 -0.3795
2024_0413_17:02:48 14 -35.555 35.842
2024_0413_17:02:50 14 43.567 32.8905
2024_0413_17:02:51 14 0.215 0.09
2024_0413_17:02:51 14 95.9055 63.9355
2024_0413_17:02:54 14 55.016 52.591
2024_0413_17:02:57 14 0.169 -0.0035
2024_0413_17:02:57 14 48.1725 34.9805
2024_0413_17:02:58 14 96.2885 79.792
2024_0413_17:03:00 14 90.924 85.2625
2024_0413_17:03:01 14 44.866 -0.1385
2024_0413_17:03:09 14 88.286 87.0685
2024_0413_17:03:10 14 -8.515 8.707
2024_0413_17:03:11 14 72.622 -0.12
2024_0413_17:03:11 14 45.3335 45.7875
2024_0413_17:03:13 14 -33.338 33.466
2024_0413_17:03:13 14 -49.9995 99.997
2024_0413_17:03:14 14 95.294 92.792
2024_0413_17:03:15 14 27.9 11.4425
2024_0413_17:03:15 14 0.2355 -0.136
2024_0413_17:03:15 14 0.173 -0.0685
2024_0413_17:03:19 14 0.138 0.0235
2024_0413_17:03:20 14 91.4985 45.786
2024_0413_17:03:24 14 88.916 81.5175
2024_0413_17:03:26 14 86.913 87.936
2024_0413_17:03:28 14 2.778 39.6435
2024_0413_17:03:33 15 97.4515 94.631
2024_0413_17:03:34 15 93.2165 96.8965
2024_0413_17:03:34 14 -0.246 0.0295
2024_0413_17:03:36 15 97.141 99.105
2024_0413_17:03:36 15 87.7685 83.794
2024_0413_17:03:37 15 30.852 36.036
2024_0413_17:03:37 15 -0.3235 0.1485
2024_0413_17:03:38 15 0.2595 0.06
2024_0413_17:03:38 15 -0.0335 -0.1855
2024_0413_17:03:38 15 14.041 15.9265
2024_0413_17:03:42 15 97.318 98.5375
2024_0413_17:03:43 15 83.893 69.5455
2024_0413_17:03:43 15 7.8225 7.2305
2024_0413_17:03:50 15 33.302 28.0545
2024_0413_17:03:50 15 16.2355 14.185
2024_0413_17:03:55 15 82.8215 88.418
2024_0413_17:03:56 15 0.024 -0.007
2024_0413_17:03:57 15 93.5825 87.586
2024_0413_17:03:59 15 82.538 90.844
2024_0413_17:03:59 15 31.918 3.652
2024_0413_17:04:02 15 24.19 23.705
2024_0413_17:04:03 15 83.5835 80.497
2024_0413_17:04:03 15 41.259 0.0095
2024_0413_17:04:04 15 46.8815 43.433
2024_0413_17:04:04 15 94.517 85.881
2024_0413_17:04:04 15 8.8375 7.6635
2024_0413_17:04:05 15 0.0025 -0.162
2024_0413_17:04:17 15 -0.1055 -0.259
2024_0413_17:04:19 15 9.946 -10.0895
2024_0413_17:04:19 15 73.7405 74.8485
2024_0413_17:04:21 15 -0.0645 -0.192
2024_0413_17:04:22 15 0.0955 0.0005
2024_0413_17:04:22 15 92.0045 75.843
2024_0413_17:04:22 15 97.379 95.982
2024_0413_17:04:22 15 -0.0775 -0.1335
2024_0413_17:04:25 15 31.484 30.5055
2024_0413_17:04:25 15 23.9985 98.949
2024_0413_17:04:27 15 47.5805 -16.992
2024_0413_17:04:28 15 12.193 -12.2315
2024_0413_17:04:28 15 92.6085 95.9995
2024_0413_17:04:29 15 84.154 94.1975
2024_0413_17:04:33 15 33.846 -18.897
2024_0413_17:04:35 15 0.9475 -9.7765
2024_0413_17:04:43 15 -0.2035 -0.0845
2024_0413_17:04:43 15 86.5685 85.2395
2024_0413_17:04:45 15 7.835 68.0625
2024_0413_17:04:46 15 97.345 49.621
2024_0413_17:04:46 15 98.3235 93.0615
2024_0413_17:04:46 15 81.0925 57.287
2024_0413_17:04:47 15 95.6855 91.212
2024_0413_17:04:49 15 0.051 0.1775
2024_0413_17:04:49 15 8.314 -8.214
2024_0413_17:04:50 15 85.6805 95.6285
2024_0413_17:04:53 15 -8.049 8.324
2024_0413_17:04:54 15 98.0505 97.3835
2024_0413_17:04:55 15 0.1255 0.2495
2024_0413_17:04:58 15 0.1665 -0.3775
2024_0413_17:04:59 15 14.0205 3.279
2024_0413_17:05:07 15 -0.3605 -0.4515
2024_0413_17:05:07 15 24.2915 94.8385
2024_0413_17:05:08 15 97.2155 98.1005
2024_0413_17:05:09 15 87.6935 97.7835
2024_0413_17:05:10 15 99.4325 97.5465
2024_0413_17:05:10 15 79.7515 81.625
2024_0413_17:05:11 15 0.26 -0.2395
2024_0413_17:05:11 15 97.1445 85.302
2024_0413_17:05:12 15 91.0895 85.8595
2024_0413_17:05:14 15 93.576 97.8445
2024_0413_17:05:14 15 96.155 92.421
2024_0413_17:05:19 15 62.3455 61.72
2024_0413_17:05:19 15 27.79 32.0335
2024_0413_17:05:22 15 8.021 8.93
2024_0413_17:05:23 15 68.4955 66.8655
2024_0413_17:05:25 15 -4.646 4.048
2024_0413_17:05:32 15 84.5325 48.8105
2024_0413_17:05:32 15 -0.0195 0.482
2024_0413_17:05:33 15 58.7845 53.8975
2024_0413_17:05:33 15 2.035 -2.333
2024_0413_17:05:34 15 -0.6305 49.222
2024_0413_17:05:34 15 72.562 70.497
2024_0413_17:05:37 15 6.2325 6.9065
2024_0413_17:05:38 15 96.736 97.385
2024_0413_17:05:44 15 -10.0565 10.031
2024_0413_17:05:45 15 97.6785 92.531
2024_0413_17:05:45 15 -0.1325 -0.1685
2024_0413_17:05:46 15 -0.0805 -0.2105
2024_0413_17:05:48 15 23.9865 28.76
2024_0413_17:05:53 15 49.9995 -99.997
2024_0413_17:05:53 15 -0.2485 -0.195
2024_0413_17:05:54 15 96.5155 88.7185
2024_0413_17:05:55 15 -0.0555 -0.0875
2024_0413_17:05:55 15 99.187 98.4365
2024_0413_17:05:56 15 0.0995 0.004
2024_0413_17:05:56 15 -99.9965 99.9985
2024_0413_17:05:58 15 0.2665 0.1765
2024_0413_17:06:01 15 51.9945 57.207
2024_0413_17:06:05 15 -0.1545 49.9475
2024_0413_17:06:07 15 95.3635 85.65
2024_0413_17:06:08 15 92.001 95.9615
2024_0413_17:06:09 15 37.0615 22.3925
2024_0413_17:06:10 15 49.333 96.8895
2024_0413_17:06:13 15 46.41 47.496
2024_0413_17:06:17 15 99.306 91.9515
2024_0413_17:06:17 15 60.6755 95.683
2024_0413_17:06:17 15 -0.077 -0.057
2024_0413_17:06:17 15 -99.9985 49.999
2024_0413_17:06:20 15 -9.7545 11.6225
2024_0413_17:06:21 15 95.4395 94.308
2024_0413_17:06:21 15 -0.038 0.1245
2024_0413_17:06:21 15 3.1385 -0.332
2024_0413_17:06:24 15 93.96 89.0815
2024_0413_17:06:26 15 -0.0165 -0.0565
2024_0413_17:06:30 15 -12.5715 49.786
2024_0413_17:06:32 15 93.264 97.1235
2024_0413_17:06:33 15 -0.6815 0.174
2024_0413_17:06:36 15 12.702 -12.4115
2024_0413_17:06:38 15 -0.1925 0.347
2024_0413_17:06:39 15 48.689 96.4245
2024_0413_17:06:40 15 93.253 99.1805
2024_0413_17:06:41 15 -0.1035 -0.2955
2024_0413_17:06:41 15 0.214 -0.2125
2024_0413_17:06:43 15 26.511 42.968
2024_0413_17:06:44 15 -10.8865 54.159
2024_0413_17:06:45 15 -0.0245 -0.0935
2024_0413_17:06:46 15 69.469 73.757
2024_0413_17:06:47 15 -0.023 -0.017
2024_0413_17:06:51 15 37.804 31.664
2024_0413_17:06:52 15 76.991 88.141
2024_0413_17:06:53 15 100.0 -100.0
2024_0413_17:06:56 15 43.2915 46.838
2024_0413_17:07:01 15 45.458 49.4685
2024_0413_17:07:01 15 -99.999 -99.999
2024_0413_17:07:03 15 -0.0195 -0.0285
2024_0413_17:07:03 15 0.0365 0.2825
2024_0413_17:07:04 15 99.8335 8.1425
2024_0413_17:07:05 15 97.5 95.843
2024_0413_17:07:06 15 0.0725 0.032
2024_0413_17:07:09 15 95.701 99.363
2024_0413_17:07:10 15 1.3345 1.7225
2024_0413_17:07:13 15 90.047 89.8145
2024_0413_17:07:14 15 0.0145 0.0515
2024_0413_17:07:16 15 98.1235 72.83
2024_0413_17:07:18 15 77.573 82.604
2024_0413_17:07:21 15 78.365 77.805
2024_0413_17:07:21 15 75.693 77.203
2024_0413_17:07:25 16 9.8865 -10.115
2024_0413_17:07:25 16 -6.6625 53.3175
2024_0413_17:07:27 16 93.021 97.7175
2024_0413_17:07:28 16 33.051 33.822
2024_0413_17:07:28 16 -0.159 0.2695
2024_0413_17:07:29 16 86.65 85.9895
2024_0413_17:07:34 16 11.05 10.385
2024_0413_17:07:34 16 76.8485 78.066
2024_0413_17:07:38 16 20.217 -20.813
2024_0413_17:07:39 16 99.356 97.5365
2024_0413_17:07:40 16 -9.847 10.0515
2024_0413_17:07:41 16 47.7055 3.8775
2024_0413_17:07:41 16 -0.0205 -0.2135
2024_0413_17:07:45 16 97.7855 89.6365
2024_0413_17:07:45 16 -0.05 0.0
2024_0413_17:07:46 16 19.322 -15.0075
2024_0413_17:07:51 16 96.673 96.731
2024_0413_17:07:51 16 62.4885 -0.3075
2024_0413_17:07:52 16 52.2225 86.3505
2024_0413_17:07:53 16 20.1615 -20.9095
2024_0413_17:07:54 16 64.002 92.4495
2024_0413_17:07:58 16 61.6595 64.7565
2024_0413_17:07:59 16 94.227 93.621
2024_0413_17:07:59 16 -0.23 -0.029
2024_0413_17:08:01 16 16.7145 -16.73
2024_0413_17:08:03 16 99.2285 99.126
2024_0413_17:08:03 16 59.9015 66.4445
2024_0413_17:08:05 16 -0.487 0.087
2024_0413_17:08:07 16 95.348 99.421
2024_0413_17:08:10 16 0.2495 -0.0205
2024_0413_17:08:12 16 47.7535 93.549
2024_0413_17:08:12 16 0.2345 -0.0215
2024_0413_17:08:12 16 48.883 94.6025
2024_0413_17:08:16 16 16.7185 -16.658
2024_0413_17:08:21 16 48.351 95.768
2024_0413_17:08:22 16 16.6095 -16.887
2024_0413_17:08:22 16 98.9685 97.939
2024_0413_17:08:23 16 -28.195 65.507
2024_0413_17:08:25 16 -0.0695 -0.0235
2024_0413_17:08:25 16 87.7325 85.003
2024_0413_17:08:27 16 -6.7685 6.764
2024_0413_17:08:29 16 27.2685 18.558
2024_0413_17:08:29 16 0.26 0.1495
2024_0413_17:08:32 16 -0.297 -0.189
2024_0413_17:08:34 16 0.121 -0.2
2024_0413_17:08:35 16 91.242 97.8115
2024_0413_17:08:36 16 2.198 -5.294
2024_0413_17:08:37 16 0.2665 -0.4825
2024_0413_17:08:41 16 97.4565 91.8475
2024_0413_17:08:45 16 75.77 76.974
2024_0413_17:08:46 16 0.114 -0.1915
2024_0413_17:08:46 16 14.9715 15.413
2024_0413_17:08:49 16 0.363 -0.1395
2024_0413_17:08:49 16 -0.072 28.234
2024_0413_17:08:49 16 90.0405 86.906
2024_0413_17:08:50 16 89.8545 91.82
2024_0413_17:08:52 16 -1.009 1.722
2024_0413_17:08:54 16 89.064 91.6785
2024_0413_17:08:54 16 0.0715 0.12
2024_0413_17:08:58 16 65.206 65.8205
2024_0413_17:08:59 16 88.18 96.7345
2024_0413_17:09:00 16 -0.104 0.0835
2024_0413_17:09:01 16 0.3325 -0.412
2024_0413_17:09:01 16 97.5755 92.789
2024_0413_17:09:08 16 89.089 90.1085
2024_0413_17:09:09 16 99.1635 90.0875
2024_0413_17:09:10 16 47.712 29.789
2024_0413_17:09:12 16 -0.0425 -0.0105
2024_0413_17:09:12 16 41.4305 96.8945
2024_0413_17:09:12 16 -10.012 10.0015
2024_0413_17:09:14 16 64.679 45.534
2024_0413_17:09:15 16 38.6915 11.375
2024_0413_17:09:16 16 0.207 0.139
2024_0413_17:09:18 16 48.3055 93.299
2024_0413_17:09:18 16 99.0745 96.43
2024_0413_17:09:22 16 52.074 1.415
2024_0413_17:09:22 16 24.9995 -22.262
2024_0413_17:09:23 16 33.4535 32.935
2024_0413_17:09:25 16 93.173 59.136
2024_0413_17:09:32 16 64.897 97.0745
2024_0413_17:09:33 16 99.3695 99.345
2024_0413_17:09:34 16 48.422 49.798
2024_0413_17:09:36 16 95.97 95.111
2024_0413_17:09:37 16 -0.2775 0.447
2024_0413_17:09:37 16 -0.778 28.3945
2024_0413_17:09:38 16 0.1875 0.137
2024_0413_17:09:39 16 95.961 92.682
2024_0413_17:09:43 16 99.0305 98.912
2024_0413_17:09:45 16 -99.999 49.9995
2024_0413_17:09:46 16 0.1795 -0.4055
2024_0413_17:09:47 16 0.125 0.031
2024_0413_17:09:50 16 10.1015 -10.145
2024_0413_17:09:51 16 96.4115 94.0795
2024_0413_17:09:53 16 96.4005 99.315
2024_0413_17:09:57 16 0.4825 0.1535
2024_0413_17:09:59 16 0.001 -0.2045
2024_0413_17:09:59 16 96.1735 49.9865
2024_0413_17:10:01 16 -16.545 16.78
2024_0413_17:10:02 16 -8.5315 8.2505
2024_0413_17:10:06 16 -49.9995 -49.9995
2024_0413_17:10:06 16 92.337 41.6395
2024_0413_17:10:07 16 96.99 99.078
2024_0413_17:10:10 16 29.5405 29.6335
2024_0413_17:10:13 16 95.8535 98.735
2024_0413_17:10:15 16 53.908 53.7025
2024_0413_17:10:17 16 7.1955 6.5845
2024_0413_17:10:18 16 69.685 40.9145
2024_0413_17:10:20 16 0.439 0.155
2024_0413_17:10:20 16 58.206 60.066
2024_0413_17:10:21 16 1.3115 1.83
2024_0413_17:10:21 16 41.5565 -0.0465
2024_0413_17:10:22 16 -0.072 -0.095
2024_0413_17:10:23 16 99.997 99.999
2024_0413_17:10:24 16 14.955 18.1495
2024_0413_17:10:30 16 10.3345 11.698
2024_0413_17:10:31 16 80.666 98.974
2024_0413_17:10:31 17 6.254 11.526
2024_0413_17:10:35 17 -0.297 -0.108
2024_0413_17:10:38 17 93.929 93.6015
2024_0413_17:10:39 17 0.001 0.2095
2024_0413_17:10:42 17 98.7545 96.819
2024_0413_17:10:44 17 43.5395 47.636
2024_0413_17:10:45 17 0.232 40.8155
2024_0413_17:10:45 17 98.932 96.8465
2024_0413_17:10:45 17 36.1605 50.075
2024_0413_17:10:45 17 92.2595 93.307
2024_0413_17:10:46 17 10.4215 25.1175
2024_0413_17:10:51 17 95.3585 95.833
2024_0413_17:10:55 17 96.2775 96.6715
2024_0413_17:10:55 17 0.01 0.0005
2024_0413_17:10:58 17 30.0975 53.7935
2024_0413_17:10:58 17 86.6785 85.5935
2024_0413_17:11:01 17 -0.0225 0.013
2024_0413_17:11:03 17 70.8215 49.205
2024_0413_17:11:03 17 8.3135 5.703
2024_0413_17:11:04 17 -0.0315 -0.029
2024_0413_17:11:09 17 94.9325 97.3955
2024_0413_17:11:10 17 19.692 20.2165
2024_0413_17:11:11 17 0.115 -0.01
2024_0413_17:11:12 17 39.9055 -40.055
2024_0413_17:11:12 17 95.0705 95.282
2024_0413_17:11:13 17 8.6305 0.375
2024_0413_17:11:18 17 0.069 -0.1405
2024_0413_17:11:18 17 -0.031 0.0025
2024_0413_17:11:19 17 78.7315 90.257
2024_0413_17:11:20 17 0.614 2.751
2024_0413_17:11:24 17 17.659 79.368
2024_0413_17:11:26 17 -6.4065 6.1325
2024_0413_17:11:28 17 -10.35 63.768
2024_0413_17:11:28 17 0.02 -0.031
2024_0413_17:11:28 17 49.7785 41.4505
2024_0413_17:11:33 17 -49.953 50.0515
2024_0413_17:11:33 17 91.375 53.099
2024_0413_17:11:37 17 66.23 82.826
2024_0413_17:11:37 17 10.41 11.5865
2024_0413_17:11:39 17 58.206 83.9165
2024_0413_17:11:40 17 20.9805 9.3465
2024_0413_17:11:42 17 39.949 -39.7825
2024_0413_17:11:42 17 74.869 74.3885
2024_0413_17:11:46 17 0.0065 -0.034
2024_0413_17:11:48 17 48.957 44.2245
2024_0413_17:11:51 17 49.0755 92.51
2024_0413_17:11:51 17 81.5395 74.8785
2024_0413_17:11:55 17 0.1975 0.035
2024_0413_17:11:56 17 67.252 95.6735
2024_0413_17:11:57 17 65.7465 67.7665
2024_0413_17:11:59 17 95.7635 92.668
2024_0413_17:12:00 17 -0.9275 7.7765
2024_0413_17:12:00 17 -0.5225 31.973
2024_0413_17:12:01 17 67.5335 85.0895
2024_0413_17:12:03 17 66.7725 67.1845
2024_0413_17:12:05 17 32.4365 32.158
2024_0413_17:12:06 17 -0.177 -0.142
2024_0413_17:12:07 17 15.7305 -5.555
2024_0413_17:12:09 17 91.506 90.2275
2024_0413_17:12:09 17 82.072 63.453
2024_0413_17:12:15 17 -0.427 0.2515
2024_0413_17:12:19 17 -8.7845 21.785
2024_0413_17:12:21 17 88.954 88.825
2024_0413_17:12:21 17 48.9505 99.499
2024_0413_17:12:21 17 9.9155 -10.1515
2024_0413_17:12:21 17 -0.096 -0.087
2024_0413_17:12:24 17 76.6925 74.46
2024_0413_17:12:24 17 2.7865 -2.6505
2024_0413_17:12:27 17 33.219 28.1255
2024_0413_17:12:29 17 -100.0 -99.998
2024_0413_17:12:31 17 97.805 96.3335
2024_0413_17:12:32 17 99.1765 99.024
2024_0413_17:12:33 17 0.154 0.088
2024_0413_17:12:34 17 94.8875 98.592
2024_0413_17:12:34 17 94.717 94.5995
2024_0413_17:12:35 17 39.13 82.5975
2024_0413_17:12:44 17 90.841 95.554
2024_0413_17:12:46 17 -0.12 -0.134
2024_0413_17:12:47 17 12.694 10.7205
2024_0413_17:12:50 17 31.356 14.9255
2024_0413_17:12:52 17 69.5765 69.536
2024_0413_17:12:53 17 0.2055 0.155
2024_0413_17:12:53 17 23.174 3.307
2024_0413_17:12:54 17 71.1545 71.5435
2024_0413_17:12:56 17 0.3535 -0.1375
2024_0413_17:12:57 17 0.0965 -0.052
2024_0413_17:12:57 17 59.0815 57.287
2024_0413_17:12:58 17 -19.873 19.7095
2024_0413_17:12:58 17 95.179 87.361
2024_0413_17:13:07 17 99.064 94.3525
2024_0413_17:13:07 17 94.6045 97.0875
2024_0413_17:13:08 17 16.009 16.3715
2024_0413_17:13:09 17 9.964 -9.944
2024_0413_17:13:11 17 -4.9065 6.5465
2024_0413_17:13:16 17 -0.96 0.2545
2024_0413_17:13:18 17 -7.9845 7.8655
2024_0413_17:13:19 17 -0.031 -0.0015
2024_0413_17:13:20 17 12.229 -12.5
2024_0413_17:13:21 17 -3.8815 3.654
2024_0413_17:13:21 17 -0.13 0.1325
2024_0413_17:13:21 17 39.8605 44.922
2024_0413_17:13:21 17 0.092 -0.4365
2024_0413_17:13:21 17 50.461 99.3445
2024_0413_17:13:22 17 0.178 -0.09
2024_0413_17:13:25 17 65.256 85.0485
2024_0413_17:13:30 17 96.069 91.5695
2024_0413_17:13:33 17 0.1675 0.0285
2024_0413_17:13:33 17 -10.0785 14.4635
2024_0413_17:13:35 17 -24.947 25.0615
2024_0413_17:13:36 17 -0.0965 0.233
2024_0413_17:13:43 17 0.13 -0.05
2024_0413_17:13:43 17 0.286 -0.192
2024_0413_17:13:43 17 85.017 84.585
2024_0413_17:13:44 17 -0.056 0.228
2024_0413_17:13:45 17 15.1895 18.3095
2024_0413_17:13:45 17 -10.155 9.8395
2024_0413_17:13:46 17 0.1255 0.036
2024_0413_17:13:51 17 36.3495 49.2245
2024_0413_17:13:58 17 -11.5745 16.459
2024_0413_17:13:58 17 89.725 92.8965
2024_0413_17:13:59 17 -0.3035 0.236
2024_0413_17:14:00 17 9.249 8.8025
2024_0413_17:14:00 17 -0.158 0.061
2024_0413_17:14:06 17 96.1775 87.474
2024_0413_17:14:07 17 -0.1395 -0.351
2024_0413_17:14:07 17 -0.0385 -0.166
2024_0413_17:14:09 17 58.537 55.347
2024_0413_17:14:09 17 0.119 0.0775
2024_0413_17:14:09 17 0.163 -0.254
2024_0413_17:14:10 17 84.105 85.5565
2024_0413_17:14:10 17 8.2585 8.184
2024_0413_17:14:11 17 0.07 0.5435
2024_0413_17:14:13 18 98.006 98.4935
2024_0413_17:14:13 17 28.379 28.447
2024_0413_17:14:21 18 23.466 15.4145
2024_0413_17:14:21 18 86.6185 87.605
2024_0413_17:14:25 18 55.3545 44.973
2024_0413_17:14:26 18 87.0215 96.306
2024_0413_17:14:30 18 0.191 -0.287
2024_0413_17:14:33 18 87.185 91.236
2024_0413_17:14:33 18 -15.34 15.916
2024_0413_17:14:33 18 -49.999 49.9995
2024_0413_17:14:34 18 0.0445 0.013
2024_0413_17:14:37 18 96.1695 90.694
2024_0413_17:14:37 18 99.274 98.6055
2024_0413_17:14:37 18 29.255 -28.067
2024_0413_17:14:38 18 99.218 98.6625
2024_0413_17:14:40 18 8.861 9.3805
2024_0413_17:14:43 18 34.4275 37.2155
2024_0413_17:14:45 18 26.097 -17.936
2024_0413_17:14:45 18 73.515 49.8635
2024_0413_17:14:47 18 99.2445 49.321
2024_0413_17:14:50 18 48.3595 -0.2145
2024_0413_17:14:55 18 80.57 83.9955
2024_0413_17:14:57 18 -0.3675 0.3395
2024_0413_17:14:59 18 -1.2505 17.925
2024_0413_17:15:00 18 32.0925 39.772
2024_0413_17:15:01 18 0.4935 0.2035
2024_0413_17:15:02 18 86.07 91.4385
2024_0413_17:15:05 18 65.7475 82.203
2024_0413_17:15:06 18 20.5585 13.9135
2024_0413_17:15:06 18 9.2345 12.479
2024_0413_17:15:07 18 0.685 0.5455
2024_0413_17:15:08 18 64.888 93.2935
2024_0413_17:15:11 18 49.456 46.7225
2024_0413_17:15:11 18 64.5325 49.861
2024_0413_17:15:12 18 43.3175 49.243
2024_0413_17:15:12 18 -8.312 20.936
2024_0413_17:15:16 18 98.627 99.568
2024_0413_17:15:21 18 0.1955 -0.0435
2024_0413_17:15:21 18 94.038 94.067
2024_0413_17:15:27 18 -9.818 9.949
2024_0413_17:15:27 18 48.594 61.854
2024_0413_17:15:30 18 0.0325 0.0565
2024_0413_17:15:31 18 0.0965 -0.122
2024_0413_17:15:31 18 0.4225 0.3135
2024_0413_17:15:34 18 20.486 -12.1825
2024_0413_17:15:34 18 -0.2745 0.369
2024_0413_17:15:36 18 86.5545 82.475
2024_0413_17:15:37 18 0.0745 0.1265
2024_0413_17:15:39 18 -2.2655 11.8095
2024_0413_17:15:41 18 67.459 3.7485
2024_0413_17:15:42 18 84.767 87.5085
2024_0413_17:15:43 18 95.1 88.794
2024_0413_17:15:47 18 93.8715 94.2615
2024_0413_17:15:51 18 0.029 -0.013
2024_0413_17:15:51 18 77.4005 79.344
2024_0413_17:15:55 18 -0.1155 -0.2245
2024_0413_17:15:57 18 94.0845 95.23
2024_0413_17:15:58 18 42.806 43.349
2024_0413_17:15:58 18 0.115 0.3955
2024_0413_17:15:58 18 43.5485 41.9555
2024_0413_17:15:59 18 90.9565 99.3285
2024_0413_17:16:02 18 0.25 0.193
2024_0413_17:16:06 18 0.0245 0.5235
2024_0413_17:16:07 18 21.304 -0.385
2024_0413_17:16:08 18 -7.8095 31.634
2024_0413_17:16:08 18 25.9955 19.2815
2024_0413_17:16:10 18 0.0775 0.0605
2024_0413_17:16:12 18 -1.222 23.9945
2024_0413_17:16:16 18 87.8195 56.3895
2024_0413_17:16:16 18 -15.9745 49.2245
2024_0413_17:16:17 18 0.229 -0.032
2024_0413_17:16:20 18 -2.579 28.313
2024_0413_17:16:20 18 -49.998 -99.9995
2024_0413_17:16:21 18 4.915 6.2875
2024_0413_17:16:22 18 36.751 26.9695
2024_0413_17:16:29 18 0.1185 0.1505
2024_0413_17:16:31 18 95.7485 99.025
2024_0413_17:16:31 18 -0.0365 -0.104
2024_0413_17:16:33 18 25.323 36.2295
2024_0413_17:16:33 18 97.9245 96.7905
2024_0413_17:16:35 18 94.978 98.647
2024_0413_17:16:35 18 86.3475 62.8255
2024_0413_17:16:41 18 -33.1275 42.5125
2024_0413_17:16:41 18 0.209 -0.0825
2024_0413_17:16:42 18 52.819 58.843
2024_0413_17:16:42 18 89.0345 75.898
2024_0413_17:16:43 18 -12.549 12.3955
2024_0413_17:16:44 18 49.9585 50.1985
2024_0413_17:16:45 18 82.904 97.8805
2024_0413_17:16:46 18 -20.1595 20.244
2024_0413_17:16:49 18 0.405 0.0565
2024_0413_17:16:53 18 87.0355 92.1145
2024_0413_17:16:56 18 -0.139 0.069
2024_0413_17:16:58 18 96.3335 92.183
2024_0413_17:16:58 18 15.721 15.74
2024_0413_17:16:58 18 -12.1945 13.006
2024_0413_17:17:05 18 18.761 18.81
2024_0413_17:17:07 18 85.602 99.2905
2024_0413_17:17:08 18 -2.597 2.364
2024_0413_17:17:08 18 96.3125 48.9945
2024_0413_17:17:09 18 3.819 3.639
2024_0413_17:17:09 18 -99.995 0.0
2024_0413_17:17:10 18 25.34 30.5675
2024_0413_17:17:10 18 49.206 98.603
2024_0413_17:17:11 18 -0.682 19.016
2024_0413_17:17:15 18 0.3385 0.065
2024_0413_17:17:20 18 95.329 96.622
2024_0413_17:17:20 18 75.502 73.205
2024_0413_17:17:21 18 -0.0115 0.0125
2024_0413_17:17:23 18 41.216 40.517
2024_0413_17:17:25 18 -1.456 49.4335
2024_0413_17:17:29 18 99.384 99.3885
2024_0413_17:17:33 18 -0.909 -0.2405
2024_0413_17:17:33 18 0.156 0.2655
2024_0413_17:17:34 18 10.275 -10.1665
2024_0413_17:17:35 18 94.652 87.9355
2024_0413_17:17:36 18 -0.1265 0.252
2024_0413_17:17:38 18 11.2985 8.407
2024_0413_17:17:40 18 80.4575 89.1885
2024_0413_17:17:43 18 30.3995 14.786
2024_0413_17:17:44 18 93.3475 99.4195
2024_0413_17:17:44 18 13.0405 14.1985
2024_0413_17:17:46 18 55.336 52.771
2024_0413_17:17:47 18 2.6 6.388
2024_0413_17:17:49 18 -49.999 49.9985
2024_0413_17:17:53 18 98.7195 99.157
2024_0413_17:17:55 18 24.2685 25.735
2024_0413_17:17:56 18 99.998 -99.998
2024_0413_17:17:58 18 8.543 6.5525
2024_0413_17:18:01 18 0.027 0.09
2024_0413_17:18:01 18 94.014 93.5075
2024_0413_17:18:04 18 99.579 97.3495
2024_0413_17:18:05 18 10.825 -6.209
2024_0413_17:18:08 18 -0.4445 0.8795
2024_0413_17:18:10 18 -0.112 0.3425
2024_0413_17:18:10 18 64.8275 56.8495
2024_0413_17:18:10 18 3.4635 2.104
2024_0413_17:18:11 18 -0.013 -0.033
2024_0413_17:18:11 18 43.909 92.3935
2024_0413_17:18:13 18 22.8675 -5.687
2024_0413_17:18:21 18 87.778 85.1815
2024_0413_17:18:22 18 38.2005 -0.6875
2024_0413_17:18:23 18 0.474 -0.0265
2024_0413_17:18:25 18 0.256 -0.1065
2024_0413_17:18:25 18 0.2345 -0.24
2024_0413_17:18:28 18 0.604 0.289
2024_0413_17:18:30 18 0.1725 1.652
2024_0413_17:18:31 18 0.0615 0.281
2024_0413_17:18:31 18 48.0115 66.515
2024_0413_17:18:33 19 -0.455 -0.071
2024_0413_17:18:36 18 93.765 94.4785
2024_0413_17:18:37 19 15.0675 3.495
2024_0413_17:18:37 18 93.025 63.006
2024_0413_17:18:46 19 0.167 0.083
2024_0413_17:18:48 19 94.078 82.911
2024_0413_17:18:49 19 93.8775 87.8945
2024_0413_17:18:50 19 93.8875 95.7365
2024_0413_17:18:53 18 0.007 0.129
2024_0413_17:18:54 19 -0.9705 0.934
2024_0413_17:18:56 19 87.9715 48.836
2024_0413_17:18:58 19 94.446 46.342
2024_0413_17:18:58 19 53.4365 61.9335
2024_0413_17:18:58 19 23.7885 92.7925
2024_0413_17:18:59 19 -13.9915 13.9885
2024_0413_17:19:01 19 -0.356 -0.27
2024_0413_17:19:03 19 0.0275 0.0815
2024_0413_17:19:04 19 -0.004 0.0045
2024_0413_17:19:04 19 -0.2685 -0.399
2024_0413_17:19:06 19 -0.151 -0.5165
2024_0413_17:19:13 19 0.146 -0.125
2024_0413_17:19:13 19 0.331 -0.433
2024_0413_17:19:14 19 -9.494 9.983
2024_0413_17:19:16 19 -0.2665 -0.476
2024_0413_17:19:19 19 95.0205 49.379
2024_0413_17:19:23 19 -0.2515 0.488
2024_0413_17:19:25 19 -0.288 -0.3005
2024_0413_17:19:27 19 -0.232 -0.2475
2024_0413_17:19:27 19 92.8055 87.8415
2024_0413_17:19:29 19 20.1375 41.1415
2024_0413_17:19:29 19 75.5975 76.9725
2024_0413_17:19:31 19 50.038 47.294
2024_0413_17:19:32 19 -0.0245 -0.155
2024_0413_17:19:37 19 -0.065 -0.018
2024_0413_17:19:40 19 23.5245 -1.75
2024_0413_17:19:42 19 79.3205 73.6835
2024_0413_17:19:43 19 21.9245 -22.029
2024_0413_17:19:43 19 59.7195 54.163
2024_0413_17:19:47 19 2.7395 2.6805
2024_0413_17:19:49 19 0.0325 0.268
2024_0413_17:19:50 19 0.6685 -0.0315
2024_0413_17:19:52 19 5.354 3.443
2024_0413_17:19:53 19 0.032 0.0255
2024_0413_17:19:58 19 1.893 -2.1335
2024_0413_17:19:59 19 10.1085 -6.5675
2024_0413_17:20:03 19 16.683 -16.6095
2024_0413_17:20:04 19 5.919 5.5095
2024_0413_17:20:06 19 19.544 -20.2305
2024_0413_17:20:06 19 45.2015 44.8275
2024_0413_17:20:08 19 6.779 9.9585
2024_0413_17:20:09 19 0.128 0.183
2024_0413_17:20:12 19 2.0 -2.2855
2024_0413_17:20:13 19 -0.0015 78.664
2024_0413_17:20:14 19 90.7675 93.825
2024_0413_17:20:17 19 -0.1425 0.07
2024_0413_17:20:20 19 96.493 50.43
2024_0413_17:20:20 19 -1.2075 33.5525
2024_0413_17:20:21 19 -0.0665 0.183
2024_0413_17:20:23 19 11.4395 -0.0095
2024_0413_17:20:24 19 71.0425 58.1695
2024_0413_17:20:28 19 -0.012 0.1295
2024_0413_17:20:29 19 96.262 87.702
2024_0413_17:20:29 19 67.0275 36.2165
2024_0413_17:20:31 19 98.546 89.2465
2024_0413_17:20:35 19 7.1325 4.5965
2024_0413_17:20:37 19 11.456 7.68
2024_0413_17:20:40 19 19.92 -20.264
2024_0413_17:20:41 19 48.8085 16.254
2024_0413_17:20:44 19 -10.443 10.0065
2024_0413_17:20:48 19 0.102 -0.3995
2024_0413_17:20:48 19 77.114 83.0855
2024_0413_17:20:50 19 0.351 -0.2395
2024_0413_17:20:51 19 48.869 97.7045
2024_0413_17:20:51 19 -49.998 50.0
2024_0413_17:20:56 19 -0.047 -0.8045
2024_0413_17:20:57 19 -1.1555 4.8455
2024_0413_17:21:00 19 0.487 0.356
2024_0413_17:21:01 19 2.1715 -0.408
2024_0413_17:21:01 19 16.245 -24.774
2024_0413_17:21:06 19 -0.2575 5.585
2024_0413_17:21:07 19 -6.42 6.0125
2024_0413_17:21:08 20 44.656 9.6235
2024_0413_17:21:08 20 12.358 -12.2395
2024_0413_17:21:09 20 0.091 0.024
2024_0413_17:21:14 20 0.429 -0.056
2024_0413_17:21:16 20 -0.1515 0.289
2024_0413_17:21:16 20 49.51 94.3035
2024_0413_17:21:22 20 80.11 87.048
2024_0413_17:21:22 20 -0.051 -0.1715
2024_0413_17:21:32 20 83.1225 86.015
2024_0413_17:21:32 20 90.255 94.358
2024_0413_17:21:32 20 1.585 19.8875
2024_0413_17:21:34 20 99.524 95.83
2024_0413_17:21:35 20 99.998 -49.9995
2024_0413_17:21:36 20 48.6055 48.068
2024_0413_17:21:38 20 35.8265 48.7645
2024_0413_17:21:38 20 15.74 2.167
2024_0413_17:21:45 20 2.446 -2.1875
2024_0413_17:21:46 20 -0.1665 0.0005
2024_0413_17:21:48 20 -0.0145 -0.014
2024_0413_17:21:50 20 -99.999 49.999
2024_0413_17:21:50 20 21.5005 49.899
2024_0413_17:21:53 20 52.755 56.5555
2024_0413_17:21:55 20 -0.7735 13.0695
2024_0413_17:21:57 20 13.407 8.2685
2024_0413_17:21:58 20 0.817 5.228
2024_0413_17:22:00 20 -0.339 -0.1615
2024_0413_17:22:01 20 14.764 14.8825
2024_0413_17:22:05 20 97.2055 97.3375
2024_0413_17:22:06 20 13.237 29.2175
2024_0413_17:22:08 20 30.087 31.1785
2024_0413_17:22:12 20 -0.195 0.168
2024_0413_17:22:14 20 98.308 98.772
2024_0413_17:22:14 20 0.1555 0.384
2024_0413_17:22:15 20 54.3315 41.19
2024_0413_17:22:17 20 -13.067 12.5055
2024_0413_17:22:17 20 0.113 0.0645
2024_0413_17:22:22 20 83.044 90.9665
2024_0413_17:22:22 20 90.8735 84.4405
2024_0413_17:22:24 20 30.6125 15.563
2024_0413_17:22:24 20 4.702 -4.4475
2024_0413_17:22:29 20 16.7255 -16.944
2024_0413_17:22:30 20 0.0005 0.001
2024_0413_17:22:31 20 0.0015 0.063
2024_0413_17:22:36 20 95.8395 47.6785
2024_0413_17:22:39 20 84.186 86.857
2024_0413_17:22:43 20 -0.03 -0.267
2024_0413_17:22:43 20 85.779 95.33
2024_0413_17:22:43 20 -12.53 12.635
2024_0413_17:22:43 20 87.2035 91.39
2024_0413_17:22:44 20 -99.999 99.998
2024_0413_17:22:50 20 50.0375 -49.928
2024_0413_17:22:51 20 88.64 63.388
2024_0413_17:22:51 20 0.087 0.7345
2024_0413_17:22:51 20 -4.108 5.8835
2024_0413_17:22:52 20 -0.416 0.145
2024_0413_17:22:54 20 4.2655 5.0535
2024_0413_17:22:55 20 98.258 97.5455
2024_0413_17:22:56 20 2.2655 0.642
2024_0413_17:22:58 20 0.059 0.138
2024_0413_17:23:05 20 43.8555 48.443
2024_0413_17:23:07 20 16.972 16.8075
2024_0413_17:23:09 20 99.2585 97.067
2024_0413_17:23:12 20 96.679 98.575
2024_0413_17:23:13 20 31.026 42.5955
2024_0413_17:23:16 20 0.814 40.869
2024_0413_17:23:17 20 84.2515 76.036
2024_0413_17:23:17 20 26.9765 26.0615
2024_0413_17:23:19 20 -1.695 49.767
2024_0413_17:23:20 20 49.999 49.9975
2024_0413_17:23:21 20 11.397 11.2845
2024_0413_17:23:22 20 98.871 89.558
2024_0413_17:23:22 20 16.5175 16.5385
2024_0413_17:23:25 20 -5.305 27.646
2024_0413_17:23:29 20 0.0495 0.271
2024_0413_17:23:31 20 -20.1275 20.0075
2024_0413_17:23:33 20 76.9205 56.2125
2024_0413_17:23:34 20 45.5695 31.852
2024_0413_17:23:39 20 11.33 -10.618
2024_0413_17:23:41 1 95.3995 97.4655
2024_0413_17:23:42 1 99.4725 95.0425
2024_0413_17:23:44 20 27.944 27.2325
2024_0413_17:23:44 20 48.357 24.952
2024_0413_17:23:44 13 98.119 96.891
2024_0413_17:23:45 9 49.545 94.28
2024_0413_17:23:45 20 -6.2385 6.102
2024_0413_17:23:47 20 50.4645 89.153
2024_0413_17:23:48 13 7.4665 8.3025
2024_0413_17:23:49 9 99.5815 97.639
2024_0413_17:23:52 13 -0.093 0.271
2024_0413_17:23:56 13 0.155 -0.2735
2024_0413_17:23:57 14 93.3925 96.1555
2024_0413_17:23:59 14 0.4605 0.402
2024_0413_17:24:01 13 98.7435 94.439
2024_0413_17:24:04 14 0.0035 0.126
2024_0413_17:24:05 14 0.3825 0.0685
2024_0413_17:24:06 15 0.301 0.012
2024_0413_17:24:08 15 0.002 -0.007
2024_0413_17:24:10 15 33.4395 -33.3865
2024_0413_17:24:10 14 -0.4065 -0.065
2024_0413_17:24:11 15 -16.845 16.598
2024_0413_17:24:11 16 -49.9995 -49.9995
2024_0413_17:24:12 15 27.448 -27.1395
2024_0413_17:24:13 15 5.0035 -5.5575
2024_0413_17:24:13 15 3.1805 4.222
2024_0413_17:24:16 16 17.7975 45.704
2024_0413_17:24:18 16 99.197 96.2885
2024_0413_17:24:25 16 91.9605 90.5885
2024_0413_17:24:26 16 77.1475 77.812
2024_0413_17:24:27 16 43.9235 19.1805
2024_0413_17:24:28 17 47.0165 19.2085
2024_0413_17:24:29 16 52.957 55.045
2024_0413_17:24:30 17 -0.139 0.0025
2024_0413_17:24:34 17 1.3045 1.5495
2024_0413_17:24:34 17 94.2545 49.4135
2024_0413_17:24:36 17 1.404 5.965
2024_0413_17:24:36 17 91.1305 90.317
2024_0413_17:24:37 17 17.1045 -2.833
2024_0413_17:24:38 18 99.565 99.261
2024_0413_17:24:39 18 95.7365 61.6395
2024_0413_17:24:44 18 -7.7365 7.9685
2024_0413_17:24:45 17 -0.3375 0.0045
2024_0413_17:24:50 18 49.7865 98.8925
2024_0413_17:24:51 18 9.9855 -9.9055
2024_0413_17:24:52 18 83.625 88.44
2024_0413_17:24:53 18 12.986 12.894
2024_0413_17:24:53 19 96.065 98.2815
2024_0413_17:24:57 19 9.831 -10.226
2024_0413_17:25:00 19 24.9965 -24.704
2024_0413_17:25:01 19 15.498 -15.593
2024_0413_17:25:02 19 4.289 3.3425
2024_0413_17:25:03 19 96.8695 88.946
2024_0413_17:25:04 19 23.3625 22.402
2024_0413_17:25:05 19 42.668 33.987
2024_0413_17:25:06 19 -0.3565 -0.1535
2024_0413_17:25:08 19 71.2785 78.58
2024_0413_17:25:10 19 -0.0135 -0.006
2024_0413_17:25:14 20 0.571 0.485
2024_0413_17:25:15 20 49.008 92.0135
2024_0413_17:25:18 20 0.1725 0.0405
2024_0413_17:25:21 20 62.1475 77.219
2024_0413_17:25:25 20 57.6325 53.2235
2024_0413_17:25:26 17 11.5455 -11.767
2024_0413_17:25:27 17 37.296 -32.225
2024_0413_17:25:34 20 0.0005 0.3215
2024_0413_17:25:34 20 15.6445 15.323
2024_0413_17:25:42 20 94.422 94.754
