0.20683000000013646 0.11868500000004831 0.027855000000003193 0.006694999999999811 0.02275500000000163 0.021925000000001377 0.020545000000000955 0.020290000000000877 0.020255000000000866 0.007929999999999762 0.0439749999999993 0.03667500000000213 0.061654999999992445 0.05844999999999369 0.06654999999999617 0.050869999999996626 0.06415999999999378 0.06262999999999225 0.04189000000000011 0.03938000000000108 
2024_0413_16:16:19 8 86.115 98.285
2024_0413_16:16:20 2 99.09 98.84
2024_0413_16:16:20 7 97.61 98.555
2024_0413_16:16:20 1 99.56 81.88
2024_0413_16:16:20 3 87.39 77.89
2024_0413_16:16:20 1 49.73 99.415
2024_0413_16:16:21 2 98.85 99.03
2024_0413_16:16:21 11 82.495 99.375
2024_0413_16:16:21 1 76.03 55.665
2024_0413_16:16:21 10 74.435 99.215
2024_0413_16:16:21 4 92.1 95.085
2024_0413_16:16:21 6 81.645 99.54
2024_0413_16:16:21 6 77.04 49.55
2024_0413_16:16:22 11 1.35 0.49
2024_0413_16:16:23 9 97.9 99.53
2024_0413_16:16:41 13 90.87 49.57
2024_0413_16:16:42 15 1.01 -0.38
2024_0413_16:16:43 20 0.445 1.085
2024_0413_16:16:43 15 0.25 1.085
2024_0413_16:16:44 18 -9.875 10.64
2024_0413_16:16:46 17 0.36 -0.245
2024_0413_16:16:46 13 -39.97 49.96
2024_0413_16:16:47 14 98.215 24.525
2024_0413_16:16:47 16 0.26 -0.82
2024_0413_16:16:50 12 40.285 -0.32
2024_0413_16:16:51 5 99.38 99.545
2024_0413_16:16:54 17 1.385 -0.52
2024_0413_16:17:03 19 14.71 11.305
2024_0413_16:17:07 18 31.17 10.725
2024_0413_16:17:08 20 1.345 -0.725
2024_0413_16:17:28 1 99.295 51.97
2024_0413_16:17:29 1 90.14 99.375
2024_0413_16:17:29 3 88.165 72.385
2024_0413_16:17:29 6 99.39 99.54
2024_0413_16:17:29 11 99.485 90.11
2024_0413_16:17:29 2 79.7 99.1
2024_0413_16:17:30 7 73.69 74.475
2024_0413_16:17:30 11 99.98 -99.98
2024_0413_16:17:30 5 99.29 99.38
2024_0413_16:17:30 11 -0.62 1.325
2024_0413_16:17:31 11 0.405 -1.11
2024_0413_16:17:31 8 73.095 49.77
2024_0413_16:17:32 10 32.745 95.355
2024_0413_16:17:34 9 64.6 80.23
2024_0413_16:17:34 4 63.725 42.585
2024_0413_16:17:38 11 -0.04 -0.045
2024_0413_16:17:50 12 -16.26 16.47
2024_0413_16:17:51 13 43.95 98.08
2024_0413_16:17:52 13 11.735 49.965
2024_0413_16:17:52 13 11.22 -11.715
2024_0413_16:17:53 16 -0.515 96.215
2024_0413_16:17:53 14 99.195 99.465
2024_0413_16:17:54 15 1.475 40.48
2024_0413_16:17:54 18 82.98 95.28
2024_0413_16:17:56 19 0.245 0.015
2024_0413_16:17:57 13 58.525 57.435
2024_0413_16:17:57 17 -0.2 -1.31
2024_0413_16:18:00 20 94.73 98.835
2024_0413_16:18:01 18 -14.26 13.72
2024_0413_16:18:02 20 49.97 -49.98
2024_0413_16:18:23 1 89.195 86.4
2024_0413_16:18:23 8 45.955 99.36
2024_0413_16:18:24 5 99.415 85.04
2024_0413_16:18:24 3 77.71 73.795
2024_0413_16:18:24 2 46.115 98.905
2024_0413_16:18:24 10 98.925 58.685
2024_0413_16:18:25 7 50.83 95.83
2024_0413_16:18:25 6 99.37 87.805
2024_0413_16:18:25 11 99.295 57.56
2024_0413_16:18:25 1 86.56 75.23
2024_0413_16:18:25 11 -1.415 -0.1
2024_0413_16:18:25 12 99.1 98.395
2024_0413_16:18:26 11 74.415 33.02
2024_0413_16:18:27 4 67.195 83.955
2024_0413_16:18:27 9 99.46 99.635
2024_0413_16:18:28 10 92.58 59.755
2024_0413_16:18:45 12 0.315 0.005
2024_0413_16:18:46 14 -0.195 -0.895
2024_0413_16:18:46 13 38.325 49.27
2024_0413_16:18:47 13 -0.75 0.86
2024_0413_16:18:48 13 41.49 -0.17
2024_0413_16:18:49 16 -10.365 60.03
2024_0413_16:18:49 15 64.14 49.79
2024_0413_16:18:52 17 49.685 99.67
2024_0413_16:18:52 18 -72.43 72.42
2024_0413_16:18:52 16 58.18 55.25
2024_0413_16:18:53 16 42.3 12.065
2024_0413_16:18:54 15 49.405 -0.105
2024_0413_16:18:56 14 -0.295 -0.145
2024_0413_16:18:56 18 -0.63 1.35
2024_0413_16:18:57 13 -44.645 51.095
2024_0413_16:19:01 14 97.675 89.445
2024_0413_16:19:08 18 0.895 0.65
2024_0413_16:19:09 19 30.01 -0.125
2024_0413_16:19:11 20 61.44 54.255
2024_0413_16:19:14 18 -7.485 47.92
2024_0413_16:19:15 20 -0.27 0.665
2024_0413_16:19:15 18 -0.005 -0.01
2024_0413_16:19:18 20 12.225 -11.83
2024_0413_16:19:19 20 -1.385 1.94
2024_0413_16:19:39 2 50.995 98.375
2024_0413_16:19:40 2 72.445 99.085
2024_0413_16:19:40 1 99.38 99.47
2024_0413_16:19:40 1 99.37 90.125
2024_0413_16:19:41 2 48.705 99.02
2024_0413_16:19:41 1 99.485 99.405
2024_0413_16:19:41 2 82.885 82.93
2024_0413_16:19:41 5 85.655 99.515
2024_0413_16:19:42 4 59.57 70.695
2024_0413_16:19:42 7 98.335 98.83
2024_0413_16:19:42 6 99.48 99.49
2024_0413_16:19:42 3 95.06 93.685
2024_0413_16:19:43 2 33.055 30.92
2024_0413_16:19:43 2 80.34 98.13
2024_0413_16:19:44 6 52.395 68.915
2024_0413_16:19:54 8 49.33 49.645
2024_0413_16:20:01 11 96.795 96.055
2024_0413_16:20:01 9 62.45 49.69
2024_0413_16:20:01 11 -0.87 -0.055
2024_0413_16:20:02 11 1.45 0.57
2024_0413_16:20:02 11 0.435 0.12
2024_0413_16:20:03 11 77.625 98.755
2024_0413_16:20:04 11 -0.01 -0.3
2024_0413_16:20:04 11 0.23 0.355
2024_0413_16:20:04 11 -49.995 -99.995
2024_0413_16:20:04 11 -1.08 -0.43
2024_0413_16:20:04 10 49.55 56.745
2024_0413_16:20:04 12 92.0 -0.02
2024_0413_16:20:05 12 49.435 49.665
2024_0413_16:20:06 12 66.575 84.5
2024_0413_16:20:08 12 -0.075 -0.385
2024_0413_16:20:17 12 92.465 85.27
2024_0413_16:20:23 12 -10.245 26.34
2024_0413_16:20:24 12 87.635 99.03
2024_0413_16:20:25 13 49.625 16.47
2024_0413_16:20:25 13 99.435 67.245
2024_0413_16:20:25 13 72.07 83.085
2024_0413_16:20:26 13 49.275 -51.55
2024_0413_16:20:26 13 53.385 54.3
2024_0413_16:20:27 13 -0.405 0.455
2024_0413_16:20:27 13 96.97 86.295
2024_0413_16:20:28 13 49.12 64.775
2024_0413_16:20:28 14 0.06 0.43
2024_0413_16:20:29 14 -1.095 0.32
2024_0413_16:20:29 13 0.6 -0.51
2024_0413_16:20:31 14 84.55 79.0
2024_0413_16:20:36 13 36.945 35.39
2024_0413_16:20:40 14 -13.745 10.73
2024_0413_16:20:46 14 -0.17 1.47
2024_0413_16:20:46 14 45.43 98.14
2024_0413_16:20:47 14 99.41 99.99
2024_0413_16:20:49 14 1.41 -0.84
2024_0413_16:20:50 14 -0.035 -0.02
2024_0413_16:20:50 14 1.31 0.06
2024_0413_16:20:53 15 0.94 1.545
2024_0413_16:20:55 14 62.36 54.94
2024_0413_16:20:56 15 -0.04 0.11
2024_0413_16:20:57 15 43.715 21.415
2024_0413_16:20:59 15 78.4 90.055
2024_0413_16:21:00 15 7.12 3.515
2024_0413_16:21:02 15 0.315 -1.93
2024_0413_16:21:04 15 76.86 58.85
2024_0413_16:21:04 15 0.51 0.29
2024_0413_16:21:09 15 0.34 -0.275
2024_0413_16:21:12 16 31.38 61.8
2024_0413_16:21:12 16 80.35 89.75
2024_0413_16:21:13 16 7.89 -8.415
2024_0413_16:21:15 16 8.43 6.315
2024_0413_16:21:15 15 -37.095 49.05
2024_0413_16:21:16 16 17.185 -17.01
2024_0413_16:21:20 17 -0.21 -1.03
2024_0413_16:21:21 17 -80.365 79.585
2024_0413_16:21:21 17 40.225 56.19
2024_0413_16:21:25 17 -8.315 9.425
2024_0413_16:21:26 17 -0.03 0.22
2024_0413_16:21:26 17 37.42 40.655
2024_0413_16:21:28 17 -0.015 -0.055
2024_0413_16:21:29 17 7.68 8.84
2024_0413_16:21:30 17 99.97 -49.99
2024_0413_16:21:36 18 49.985 -49.995
2024_0413_16:21:36 18 -49.96 99.775
2024_0413_16:21:39 18 49.905 22.05
2024_0413_16:21:40 18 48.43 0.065
2024_0413_16:21:42 18 -18.5 58.745
2024_0413_16:21:43 18 44.755 98.84
2024_0413_16:21:44 19 20.04 38.32
2024_0413_16:21:45 19 56.22 77.005
2024_0413_16:21:47 18 39.85 -40.115
2024_0413_16:21:52 20 5.95 76.48
2024_0413_16:21:53 20 53.065 38.67
2024_0413_16:21:54 20 2.065 -0.51
2024_0413_16:21:57 4 72.92 94.945
2024_0413_16:21:57 20 0.73 -0.125
2024_0413_16:21:59 19 21.925 47.85
2024_0413_16:21:59 20 0.72 -1.045
2024_0413_16:22:02 17 24.98 -0.19
2024_0413_16:22:02 18 56.23 38.87
2024_0413_16:22:03 15 53.16 59.4
2024_0413_16:22:09 20 -12.225 13.035
2024_0413_16:22:16 20 27.485 -11.485
2024_0413_16:22:37 1 99.565 99.55
2024_0413_16:22:38 1 49.755 89.585
2024_0413_16:22:38 2 82.59 77.295
2024_0413_16:22:38 8 84.855 98.82
2024_0413_16:22:38 1 95.495 85.665
2024_0413_16:22:39 5 73.315 99.6
2024_0413_16:22:39 2 98.91 98.75
2024_0413_16:22:39 3 49.32 34.505
2024_0413_16:22:39 7 32.93 95.525
2024_0413_16:22:39 2 49.55 49.48
2024_0413_16:22:40 5 37.26 35.0
2024_0413_16:22:40 4 97.47 76.01
2024_0413_16:22:40 2 98.655 99.355
2024_0413_16:22:41 8 83.965 46.47
2024_0413_16:22:42 9 99.565 99.565
2024_0413_16:22:43 6 79.495 62.055
2024_0413_16:23:00 11 -0.395 -0.425
2024_0413_16:23:00 10 29.59 98.59
2024_0413_16:23:00 11 0.61 0.415
2024_0413_16:23:01 10 90.455 49.135
2024_0413_16:23:01 11 96.875 85.045
2024_0413_16:23:01 11 -0.155 -0.31
2024_0413_16:23:02 11 -0.07 0.165
2024_0413_16:23:03 11 77.545 91.61
2024_0413_16:23:03 12 -0.605 0.34
2024_0413_16:23:03 12 38.55 30.56
2024_0413_16:23:03 11 83.545 89.215
2024_0413_16:23:03 11 -0.305 0.52
2024_0413_16:23:04 12 88.215 67.855
2024_0413_16:23:07 11 0.695 0.55
2024_0413_16:23:09 12 30.62 28.085
2024_0413_16:23:15 9 99.45 99.52
2024_0413_16:23:22 12 -0.015 -0.09
2024_0413_16:23:22 13 30.825 58.58
2024_0413_16:23:23 13 97.53 79.135
2024_0413_16:23:23 13 -49.995 49.995
2024_0413_16:23:23 12 0.095 -0.59
2024_0413_16:23:24 13 92.44 73.795
2024_0413_16:23:25 13 -0.28 0.19
2024_0413_16:23:25 13 68.14 53.42
2024_0413_16:23:26 13 0.535 1.11
2024_0413_16:23:27 13 95.225 24.84
2024_0413_16:23:28 13 99.645 -86.235
2024_0413_16:23:29 13 0.27 0.01
2024_0413_16:23:29 14 99.5 53.015
2024_0413_16:23:33 14 88.99 70.62
2024_0413_16:23:33 14 63.505 80.28
2024_0413_16:23:42 14 73.095 63.645
2024_0413_16:23:44 14 -99.985 -99.995
2024_0413_16:23:47 14 41.505 74.78
2024_0413_16:23:47 14 0.405 -1.645
2024_0413_16:23:48 14 30.06 62.38
2024_0413_16:23:50 14 87.895 90.24
2024_0413_16:23:50 15 -0.04 -0.03
2024_0413_16:23:50 15 -0.58 -0.085
2024_0413_16:23:51 15 -0.405 1.735
2024_0413_16:23:51 14 1.27 -0.38
2024_0413_16:23:51 15 95.74 64.345
2024_0413_16:23:53 14 0.195 0.56
2024_0413_16:23:58 15 0.42 -0.515
2024_0413_16:23:58 15 -77.805 79.74
2024_0413_16:23:58 15 -0.965 -0.205
2024_0413_16:24:00 15 -3.905 49.85
2024_0413_16:24:06 15 51.23 55.525
2024_0413_16:24:10 15 -1.835 0.69
2024_0413_16:24:11 16 -9.515 9.04
2024_0413_16:24:12 16 53.14 63.1
2024_0413_16:24:12 16 0.17 0.515
2024_0413_16:24:12 16 1.7 6.145
2024_0413_16:24:14 16 10.505 13.68
2024_0413_16:24:15 17 15.485 63.97
2024_0413_16:24:15 16 0.245 0.305
2024_0413_16:24:15 16 -0.675 0.51
2024_0413_16:24:20 16 0.9 -1.01
2024_0413_16:24:22 17 43.08 91.885
2024_0413_16:24:23 17 10.025 -9.995
2024_0413_16:24:26 17 5.51 14.15
2024_0413_16:24:28 17 90.07 98.975
2024_0413_16:24:31 17 -0.35 0.09
2024_0413_16:24:32 18 -0.595 0.12
2024_0413_16:24:36 18 63.885 77.385
2024_0413_16:24:37 18 -12.48 10.585
2024_0413_16:24:39 18 61.495 34.435
2024_0413_16:24:39 19 -0.675 -1.315
2024_0413_16:24:41 18 -99.995 0.005
2024_0413_16:24:41 18 0.125 0.43
2024_0413_16:24:42 19 -0.86 -0.155
2024_0413_16:24:42 18 0.31 0.545
2024_0413_16:24:45 19 41.655 -0.675
2024_0413_16:24:45 18 59.725 91.81
2024_0413_16:24:50 20 -0.28 23.815
2024_0413_16:24:51 19 -7.61 69.25
2024_0413_16:24:58 19 5.045 11.935
2024_0413_16:24:58 20 0.0 0.0
2024_0413_16:24:58 20 49.51 29.05
2024_0413_16:25:02 17 39.54 63.305
2024_0413_16:25:04 20 37.54 66.99
2024_0413_16:25:06 18 -5.34 6.08
2024_0413_16:25:09 20 39.71 -5.1
2024_0413_16:25:15 20 3.4 17.26
2024_0413_16:25:36 2 98.645 75.66
2024_0413_16:25:37 2 80.02 95.595
2024_0413_16:25:37 1 99.485 99.515
2024_0413_16:25:37 2 99.155 92.45
2024_0413_16:25:37 1 99.315 85.62
2024_0413_16:25:37 2 99.02 99.245
2024_0413_16:25:37 2 95.205 98.525
2024_0413_16:25:37 2 71.045 81.555
2024_0413_16:25:38 1 53.91 63.93
2024_0413_16:25:38 2 94.515 88.575
2024_0413_16:25:38 2 68.985 99.11
2024_0413_16:25:38 1 61.125 74.875
2024_0413_16:25:39 1 79.505 90.19
2024_0413_16:25:40 2 57.035 99.045
2024_0413_16:25:41 2 67.775 94.575
2024_0413_16:25:42 2 98.02 85.315
2024_0413_16:25:58 2 78.745 87.355
2024_0413_16:25:58 2 80.265 63.8
2024_0413_16:25:58 7 79.385 67.62
2024_0413_16:25:59 4 78.975 83.115
2024_0413_16:25:59 6 73.24 99.46
2024_0413_16:25:59 5 91.34 77.9
2024_0413_16:26:00 8 98.705 99.05
2024_0413_16:26:00 8 40.905 99.195
2024_0413_16:26:00 6 77.105 99.58
2024_0413_16:26:00 3 96.29 73.51
2024_0413_16:26:02 9 62.565 24.725
2024_0413_16:26:04 9 92.68 68.66
2024_0413_16:26:06 2 42.37 84.865
2024_0413_16:26:07 8 37.89 33.0
2024_0413_16:26:11 9 98.24 98.62
2024_0413_16:26:19 11 -0.57 0.355
2024_0413_16:26:19 11 86.035 72.13
2024_0413_16:26:20 11 -0.2 -1.315
2024_0413_16:26:20 11 91.76 95.715
2024_0413_16:26:21 11 33.225 41.335
2024_0413_16:26:21 11 -0.235 -0.335
2024_0413_16:26:21 11 -0.775 0.305
2024_0413_16:26:22 11 0.76 -0.27
2024_0413_16:26:22 11 -50.0 -99.985
2024_0413_16:26:23 11 43.99 99.275
2024_0413_16:26:23 10 96.135 46.07
2024_0413_16:26:24 11 0.175 0.19
2024_0413_16:26:26 11 83.72 96.415
2024_0413_16:26:27 11 99.99 -49.99
2024_0413_16:26:29 11 -0.15 -0.15
2024_0413_16:26:34 11 67.795 99.525
2024_0413_16:26:42 11 69.6 52.71
2024_0413_16:26:43 11 97.13 80.46
2024_0413_16:26:43 12 47.69 83.89
2024_0413_16:26:44 12 99.58 34.125
2024_0413_16:26:45 12 98.91 77.025
2024_0413_16:26:45 12 63.48 49.045
2024_0413_16:26:46 12 47.54 33.69
2024_0413_16:26:46 11 5.485 6.71
2024_0413_16:26:46 12 99.185 99.11
2024_0413_16:26:47 12 53.28 74.265
2024_0413_16:26:49 12 -0.125 0.19
2024_0413_16:26:50 12 0.49 -0.755
2024_0413_16:26:50 12 90.63 86.79
2024_0413_16:26:50 12 -0.725 0.2
2024_0413_16:26:56 12 75.605 83.79
2024_0413_16:26:57 12 -0.39 0.78
2024_0413_16:27:05 13 0.55 -1.095
2024_0413_16:27:06 13 0.655 -0.31
2024_0413_16:27:07 13 -1.285 -0.64
2024_0413_16:27:08 13 4.35 18.8
2024_0413_16:27:08 13 0.48 -0.34
2024_0413_16:27:08 13 29.855 49.675
2024_0413_16:27:09 13 64.9 29.115
2024_0413_16:27:10 13 12.77 12.715
2024_0413_16:27:12 13 1.325 -0.445
2024_0413_16:27:12 13 57.565 63.17
2024_0413_16:27:13 13 98.775 76.12
2024_0413_16:27:13 13 41.7 68.475
2024_0413_16:27:16 13 80.35 49.585
2024_0413_16:27:18 13 86.99 96.13
2024_0413_16:27:19 13 -0.005 0.145
2024_0413_16:27:20 13 30.165 67.77
2024_0413_16:27:30 13 49.505 99.455
2024_0413_16:27:30 14 -49.985 -49.985
2024_0413_16:27:31 14 49.325 99.325
2024_0413_16:27:31 13 95.425 97.42
2024_0413_16:27:31 13 3.895 12.17
2024_0413_16:27:34 14 31.705 31.135
2024_0413_16:27:35 14 18.245 -20.51
2024_0413_16:27:35 14 0.26 -0.24
2024_0413_16:27:36 14 -7.775 42.845
2024_0413_16:27:37 13 -0.905 -0.16
2024_0413_16:27:38 14 69.95 77.335
2024_0413_16:27:39 14 63.91 63.22
2024_0413_16:27:42 14 49.625 58.85
2024_0413_16:27:43 14 10.395 9.075
2024_0413_16:27:43 14 30.57 97.91
2024_0413_16:27:51 14 91.4 80.04
2024_0413_16:27:52 14 49.995 -49.995
2024_0413_16:27:53 14 75.915 46.915
2024_0413_16:27:53 14 36.5 24.475
2024_0413_16:27:54 14 46.885 92.525
2024_0413_16:27:54 14 -19.41 20.69
2024_0413_16:27:57 14 99.37 33.34
2024_0413_16:27:58 14 74.505 79.435
2024_0413_16:27:59 14 49.995 -49.99
2024_0413_16:28:01 14 48.47 98.755
2024_0413_16:28:01 14 13.965 15.555
2024_0413_16:28:02 14 -0.31 -0.975
2024_0413_16:28:05 15 0.14 -0.265
2024_0413_16:28:07 14 14.55 19.62
2024_0413_16:28:10 15 92.035 61.585
2024_0413_16:28:11 15 72.225 60.725
2024_0413_16:28:13 15 38.905 58.5
2024_0413_16:28:15 15 76.425 33.005
2024_0413_16:28:16 15 0.32 1.065
2024_0413_16:28:18 15 26.86 -26.85
2024_0413_16:28:19 15 14.085 16.955
2024_0413_16:28:19 15 -3.63 97.425
2024_0413_16:28:20 15 49.835 99.65
2024_0413_16:28:23 15 65.95 56.305
2024_0413_16:28:24 15 84.01 76.315
2024_0413_16:28:25 15 45.735 58.525
2024_0413_16:28:29 15 -0.8 0.785
2024_0413_16:28:31 15 1.075 0.25
2024_0413_16:28:32 15 -10.025 9.605
2024_0413_16:28:33 15 -1.015 -0.71
2024_0413_16:28:33 15 48.01 -1.49
2024_0413_16:28:34 15 1.33 -0.165
2024_0413_16:28:37 16 49.995 -99.99
2024_0413_16:28:37 16 0.495 1.58
2024_0413_16:28:42 16 78.09 71.105
2024_0413_16:28:43 16 -0.29 0.705
2024_0413_16:28:43 16 0.48 0.86
2024_0413_16:28:43 16 -9.17 10.84
2024_0413_16:28:45 16 -0.48 -0.58
2024_0413_16:28:47 16 99.08 71.085
2024_0413_16:28:48 16 99.38 24.49
2024_0413_16:28:48 16 85.03 72.625
2024_0413_16:28:51 16 29.595 8.35
2024_0413_16:28:55 16 75.87 32.415
2024_0413_16:28:58 17 -0.955 -1.005
2024_0413_16:29:00 17 91.255 64.135
2024_0413_16:29:02 17 -1.525 0.7
2024_0413_16:29:06 16 80.29 51.62
2024_0413_16:29:07 17 -24.535 57.215
2024_0413_16:29:08 17 40.835 85.475
2024_0413_16:29:08 17 38.045 17.01
2024_0413_16:29:08 17 -1.655 0.125
2024_0413_16:29:08 17 -0.465 0.325
2024_0413_16:29:09 17 35.8 63.71
2024_0413_16:29:09 17 99.02 98.63
2024_0413_16:29:11 17 99.63 -0.1
2024_0413_16:29:12 17 1.28 -1.655
2024_0413_16:29:17 17 8.275 6.615
2024_0413_16:29:17 17 -0.17 -0.155
2024_0413_16:29:20 17 -0.005 0.08
2024_0413_16:29:24 18 -0.05 -0.185
2024_0413_16:29:30 18 -1.32 -0.055
2024_0413_16:29:30 18 74.68 90.02
2024_0413_16:29:31 18 85.245 95.42
2024_0413_16:29:34 18 0.795 -0.995
2024_0413_16:29:34 18 0.475 0.13
2024_0413_16:29:34 18 0.425 -0.305
2024_0413_16:29:35 18 -20.925 20.28
2024_0413_16:29:37 18 0.015 1.755
2024_0413_16:29:37 18 13.27 -14.125
2024_0413_16:29:38 18 0.43 -0.24
2024_0413_16:29:41 18 99.425 99.615
2024_0413_16:29:43 18 99.14 84.22
2024_0413_16:29:45 18 98.965 81.325
2024_0413_16:29:48 18 -36.125 51.78
2024_0413_16:29:52 18 36.61 81.285
2024_0413_16:29:53 18 49.99 49.995
2024_0413_16:29:55 18 27.965 -27.94
2024_0413_16:29:55 18 2.255 1.115
2024_0413_16:29:57 18 1.71 -0.245
2024_0413_16:29:58 19 19.52 -19.59
2024_0413_16:29:59 19 92.185 78.705
2024_0413_16:30:00 19 69.53 -0.775
2024_0413_16:30:01 19 49.65 38.19
2024_0413_16:30:03 19 -23.08 44.315
2024_0413_16:30:04 19 36.72 67.715
2024_0413_16:30:10 19 48.09 42.145
2024_0413_16:30:12 20 41.39 36.19
2024_0413_16:30:15 20 3.12 13.165
2024_0413_16:30:15 19 74.16 67.955
2024_0413_16:30:16 20 61.55 59.315
2024_0413_16:30:17 20 74.75 24.09
2024_0413_16:30:21 20 8.05 -7.16
2024_0413_16:30:23 20 74.165 57.305
2024_0413_16:30:24 5 57.04 99.56
2024_0413_16:30:26 20 0.695 0.48
2024_0413_16:30:26 20 -14.63 16.13
2024_0413_16:30:26 14 -1.335 0.14
2024_0413_16:30:26 15 -0.435 0.995
2024_0413_16:30:29 20 30.39 53.885
2024_0413_16:30:34 20 -0.755 0.35
2024_0413_16:30:36 17 7.9 3.045
2024_0413_16:30:36 17 13.245 15.17
2024_0413_16:30:46 18 -9.53 11.615
2024_0413_16:30:49 20 -1.41 0.79
2024_0413_16:31:05 17 16.45 -14.25
2024_0413_16:31:26 1 84.4 73.89
2024_0413_16:31:26 2 73.015 98.835
2024_0413_16:31:26 2 98.77 98.815
2024_0413_16:31:26 1 99.505 99.46
2024_0413_16:31:27 1 74.425 95.765
2024_0413_16:31:27 2 90.43 62.79
2024_0413_16:31:27 2 49.46 49.665
2024_0413_16:31:27 1 99.52 99.34
2024_0413_16:31:27 1 99.45 99.465
2024_0413_16:31:27 2 89.05 87.76
2024_0413_16:31:27 2 64.26 41.85
2024_0413_16:31:28 2 99.125 77.2
2024_0413_16:31:28 2 76.825 62.45
2024_0413_16:31:28 2 91.145 80.075
2024_0413_16:31:28 2 76.36 80.685
2024_0413_16:31:29 1 99.395 99.49
2024_0413_16:31:47 5 66.53 99.475
2024_0413_16:31:48 5 78.355 99.545
2024_0413_16:31:48 2 98.93 49.285
2024_0413_16:31:48 3 90.675 97.295
2024_0413_16:31:49 8 92.645 99.16
2024_0413_16:31:49 4 92.945 77.725
2024_0413_16:31:49 8 98.705 99.64
2024_0413_16:31:50 9 99.35 52.14
2024_0413_16:31:50 9 78.925 99.385
2024_0413_16:31:50 6 99.395 99.46
2024_0413_16:31:50 10 80.315 89.65
2024_0413_16:31:50 11 99.98 -99.98
2024_0413_16:31:52 7 98.94 99.3
2024_0413_16:31:52 7 83.495 74.37
2024_0413_16:31:55 11 89.695 -20.35
2024_0413_16:32:04 11 1.005 1.74
2024_0413_16:32:08 11 -0.33 0.765
2024_0413_16:32:10 11 61.31 74.7
2024_0413_16:32:10 11 1.925 -0.365
2024_0413_16:32:10 11 55.495 98.55
2024_0413_16:32:10 11 -0.21 1.93
2024_0413_16:32:10 11 0.525 0.345
2024_0413_16:32:11 11 0.1 0.98
2024_0413_16:32:11 11 84.005 77.54
2024_0413_16:32:12 11 68.44 98.875
2024_0413_16:32:12 11 0.325 -0.565
2024_0413_16:32:12 11 0.42 -0.025
2024_0413_16:32:12 11 0.94 -1.2
2024_0413_16:32:13 11 -0.86 1.43
2024_0413_16:32:14 11 73.915 98.465
2024_0413_16:32:18 12 96.51 52.085
2024_0413_16:32:27 12 -0.36 -1.05
2024_0413_16:32:30 12 31.695 47.975
2024_0413_16:32:32 12 0.585 0.31
2024_0413_16:32:32 12 79.73 72.245
2024_0413_16:32:33 12 91.16 90.74
2024_0413_16:32:33 12 -22.165 22.185
2024_0413_16:32:34 12 83.6 83.085
2024_0413_16:32:34 12 95.805 94.895
2024_0413_16:32:34 13 -99.98 99.97
2024_0413_16:32:34 12 0.37 0.29
2024_0413_16:32:35 12 -0.1 1.635
2024_0413_16:32:35 13 0.045 0.5
2024_0413_16:32:36 13 -1.625 -0.61
2024_0413_16:32:39 12 34.49 54.98
2024_0413_16:32:41 12 1.15 0.375
2024_0413_16:32:43 13 -1.12 -0.375
2024_0413_16:32:50 13 98.39 96.395
2024_0413_16:32:52 13 0.72 -0.335
2024_0413_16:32:55 13 -0.015 0.145
2024_0413_16:32:55 13 62.99 83.02
2024_0413_16:32:56 13 -0.225 0.05
2024_0413_16:32:56 13 -0.435 1.15
2024_0413_16:32:56 13 96.995 86.77
2024_0413_16:32:57 13 79.125 78.27
2024_0413_16:32:57 13 32.8 -0.605
2024_0413_16:32:58 13 0.075 1.755
2024_0413_16:33:01 13 85.125 75.225
2024_0413_16:33:02 13 0.155 0.03
2024_0413_16:33:03 13 0.23 -0.415
2024_0413_16:33:05 13 3.365 3.115
2024_0413_16:33:06 13 0.305 0.77
2024_0413_16:33:06 13 99.99 -99.99
2024_0413_16:33:12 13 -99.98 -99.98
2024_0413_16:33:17 14 78.59 70.665
2024_0413_16:33:18 14 49.63 5.66
2024_0413_16:33:19 14 -0.055 0.275
2024_0413_16:33:19 14 0.63 0.26
2024_0413_16:33:21 14 -0.75 0.49
2024_0413_16:33:21 14 -4.255 57.84
2024_0413_16:33:22 14 24.415 22.79
2024_0413_16:33:22 14 12.385 12.18
2024_0413_16:33:22 14 20.16 18.33
2024_0413_16:33:25 14 91.415 97.405
2024_0413_16:33:25 14 76.045 74.395
2024_0413_16:33:26 14 -1.255 0.045
2024_0413_16:33:28 14 -99.98 -99.99
2024_0413_16:33:29 14 98.915 98.995
2024_0413_16:33:30 14 0.54 0.88
2024_0413_16:33:35 14 49.465 41.23
2024_0413_16:33:40 14 -20.16 19.73
2024_0413_16:33:42 14 49.995 -10.715
2024_0413_16:33:42 14 78.935 98.515
2024_0413_16:33:43 14 0.445 -0.22
2024_0413_16:33:45 15 47.28 35.295
2024_0413_16:33:46 15 0.77 1.22
2024_0413_16:33:46 14 92.23 41.705
2024_0413_16:33:46 14 -0.62 -1.42
2024_0413_16:33:46 15 0.19 -0.48
2024_0413_16:33:48 15 36.88 97.215
2024_0413_16:33:50 15 99.105 98.775
2024_0413_16:33:51 15 -0.055 0.12
2024_0413_16:33:53 15 21.17 68.915
2024_0413_16:33:56 15 82.6 74.495
2024_0413_16:33:58 15 46.2 38.88
2024_0413_16:34:02 15 99.57 99.49
2024_0413_16:34:04 15 86.405 79.695
2024_0413_16:34:05 15 -0.31 0.865
2024_0413_16:34:09 15 98.74 98.73
2024_0413_16:34:10 15 32.075 43.015
2024_0413_16:34:11 15 61.81 44.84
2024_0413_16:34:11 15 0.55 -0.91
2024_0413_16:34:13 16 -1.52 0.075
2024_0413_16:34:13 15 77.335 78.58
2024_0413_16:34:15 16 28.305 47.055
2024_0413_16:34:17 15 4.545 1.16
2024_0413_16:34:18 16 -8.17 8.035
2024_0413_16:34:20 16 0.29 -0.66
2024_0413_16:34:24 16 0.52 -1.53
2024_0413_16:34:26 16 -0.75 49.925
2024_0413_16:34:28 16 97.68 90.735
2024_0413_16:34:29 16 2.045 1.015
2024_0413_16:34:30 16 -8.83 47.895
2024_0413_16:34:32 16 53.875 62.735
2024_0413_16:34:33 16 99.98 99.98
2024_0413_16:34:34 16 -16.77 97.32
2024_0413_16:34:37 16 -0.475 18.465
2024_0413_16:34:40 17 34.285 65.165
2024_0413_16:34:42 17 -0.96 0.265
2024_0413_16:34:42 17 16.975 -0.22
2024_0413_16:34:43 17 13.615 -13.215
2024_0413_16:34:45 17 -0.18 -0.315
2024_0413_16:34:46 17 9.535 -10.115
2024_0413_16:34:47 17 79.455 85.65
2024_0413_16:34:51 17 0.09 0.355
2024_0413_16:34:52 17 -1.17 0.79
2024_0413_16:34:53 17 12.675 15.87
2024_0413_16:34:53 17 43.165 55.445
2024_0413_16:34:55 17 -0.33 0.275
2024_0413_16:34:56 17 39.42 32.165
2024_0413_16:35:04 17 32.69 17.295
2024_0413_16:35:05 17 -0.1 -0.02
2024_0413_16:35:07 18 99.47 67.08
2024_0413_16:35:08 18 4.55 14.3
2024_0413_16:35:12 18 56.85 29.2
2024_0413_16:35:13 18 -0.175 0.265
2024_0413_16:35:15 18 46.44 78.39
2024_0413_16:35:16 18 99.12 72.995
2024_0413_16:35:18 18 0.055 0.745
2024_0413_16:35:21 18 -20.795 21.26
2024_0413_16:35:22 18 1.965 -0.655
2024_0413_16:35:23 18 -9.195 7.395
2024_0413_16:35:24 18 13.325 11.305
2024_0413_16:35:24 18 45.145 -42.53
2024_0413_16:35:28 18 99.99 -99.97
2024_0413_16:35:31 18 1.845 -0.12
2024_0413_16:35:34 18 -29.745 41.96
2024_0413_16:35:36 18 43.76 51.265
2024_0413_16:35:37 18 0.155 -0.74
2024_0413_16:35:38 18 1.205 1.14
2024_0413_16:35:40 19 -1.845 35.825
2024_0413_16:35:43 19 35.51 34.09
2024_0413_16:35:44 19 98.805 99.03
2024_0413_16:35:44 19 -0.325 2.045
2024_0413_16:35:49 19 24.595 -24.61
2024_0413_16:35:49 19 -0.13 -0.64
2024_0413_16:35:51 19 -0.13 9.935
2024_0413_16:35:54 19 9.765 -10.685
2024_0413_16:35:54 19 99.88 -1.02
2024_0413_16:35:57 19 45.35 55.21
2024_0413_16:36:00 18 14.95 17.17
2024_0413_16:36:00 20 0.015 62.155
2024_0413_16:36:03 20 -49.98 99.99
2024_0413_16:36:08 20 58.895 29.35
2024_0413_16:36:08 20 30.175 49.765
2024_0413_16:36:10 20 54.005 48.39
2024_0413_16:36:10 19 -0.61 0.36
2024_0413_16:36:14 20 42.31 82.285
2024_0413_16:36:15 20 10.76 6.575
2024_0413_16:36:16 20 42.07 51.44
2024_0413_16:36:17 20 0.175 0.4
2024_0413_16:36:17 9 99.04 99.145
2024_0413_16:36:18 10 98.36 79.29
2024_0413_16:36:19 20 0.425 -1.075
2024_0413_16:36:21 15 1.04 0.455
2024_0413_16:36:23 15 49.745 -9.485
2024_0413_16:36:24 16 49.52 36.215
2024_0413_16:36:31 17 -0.49 -0.26
2024_0413_16:36:32 17 0.18 -0.89
2024_0413_16:36:33 17 49.97 -11.885
2024_0413_16:36:33 16 80.375 75.635
2024_0413_16:36:35 18 -99.985 99.995
2024_0413_16:36:47 18 45.2 17.34
2024_0413_16:36:59 20 90.85 66.26
2024_0413_16:37:20 1 89.44 49.64
2024_0413_16:37:20 1 99.38 99.365
2024_0413_16:37:20 1 71.375 99.5
2024_0413_16:37:20 1 99.335 91.71
2024_0413_16:37:21 1 99.635 99.53
2024_0413_16:37:21 2 47.89 74.365
2024_0413_16:37:21 1 81.725 69.865
2024_0413_16:37:21 2 90.06 89.21
2024_0413_16:37:21 2 30.31 32.725
2024_0413_16:37:22 1 99.405 99.455
2024_0413_16:37:22 2 98.915 98.75
2024_0413_16:37:22 1 76.205 99.48
2024_0413_16:37:22 2 98.79 54.72
2024_0413_16:37:22 2 99.155 79.09
2024_0413_16:37:24 2 74.42 99.48
2024_0413_16:37:24 1 75.95 72.96
2024_0413_16:37:41 2 27.26 95.375
2024_0413_16:37:41 2 98.325 99.105
2024_0413_16:37:42 2 72.645 98.95
2024_0413_16:37:42 2 74.21 84.08
2024_0413_16:37:42 2 49.44 49.615
2024_0413_16:37:43 3 96.86 98.59
2024_0413_16:37:43 2 88.51 82.8
2024_0413_16:37:43 5 99.505 99.445
2024_0413_16:37:43 3 97.065 61.875
2024_0413_16:37:44 6 99.4 99.47
2024_0413_16:37:44 6 98.955 77.83
2024_0413_16:37:44 5 85.81 84.19
2024_0413_16:37:47 7 81.32 49.58
2024_0413_16:37:47 7 87.82 98.78
2024_0413_16:37:48 4 73.285 82.43
2024_0413_16:37:52 8 99.315 99.1
2024_0413_16:38:03 8 98.515 83.275
2024_0413_16:38:03 9 99.22 99.285
2024_0413_16:38:03 8 98.835 87.9
2024_0413_16:38:04 11 0.965 -0.21
2024_0413_16:38:05 11 49.985 99.98
2024_0413_16:38:05 11 -0.425 -1.085
2024_0413_16:38:06 11 -0.305 49.5
2024_0413_16:38:06 10 63.35 99.17
2024_0413_16:38:06 9 99.64 99.475
2024_0413_16:38:06 10 99.315 90.35
2024_0413_16:38:06 11 92.11 88.215
2024_0413_16:38:09 11 -0.425 -0.86
2024_0413_16:38:09 11 -20.26 99.205
2024_0413_16:38:11 11 68.355 48.415
2024_0413_16:38:11 9 70.345 49.94
2024_0413_16:38:13 11 91.825 87.485
2024_0413_16:38:24 11 82.71 98.355
2024_0413_16:38:24 11 99.46 83.915
2024_0413_16:38:25 11 0.19 -0.525
2024_0413_16:38:25 11 0.295 0.355
2024_0413_16:38:27 11 -0.895 0.6
2024_0413_16:38:27 11 -0.385 -0.24
2024_0413_16:38:28 11 24.835 55.99
2024_0413_16:38:28 11 -0.975 0.105
2024_0413_16:38:28 11 95.315 87.45
2024_0413_16:38:29 11 -1.855 1.06
2024_0413_16:38:32 11 93.49 94.925
2024_0413_16:38:33 11 76.34 98.525
2024_0413_16:38:36 11 -0.31 0.325
2024_0413_16:38:39 11 0.4 0.45
2024_0413_16:38:39 11 0.795 -0.31
2024_0413_16:38:42 11 30.44 27.185
2024_0413_16:38:44 11 88.98 83.83
2024_0413_16:38:46 12 -0.85 0.28
2024_0413_16:38:49 12 72.35 73.135
2024_0413_16:38:49 12 0.18 -0.015
2024_0413_16:38:50 12 74.045 95.0
2024_0413_16:38:50 12 81.325 80.375
2024_0413_16:38:51 12 0.305 1.41
2024_0413_16:38:51 12 12.65 45.245
2024_0413_16:38:51 12 72.185 85.945
2024_0413_16:38:53 12 49.73 40.495
2024_0413_16:38:55 12 -0.075 0.53
2024_0413_16:38:56 12 0.21 -0.32
2024_0413_16:38:59 12 24.735 99.08
2024_0413_16:39:01 12 -0.2 0.015
2024_0413_16:39:02 12 -0.565 -0.96
2024_0413_16:39:06 12 81.015 99.36
2024_0413_16:39:08 12 9.95 19.795
2024_0413_16:39:09 12 -0.99 0.085
2024_0413_16:39:11 12 -0.545 0.16
2024_0413_16:39:11 12 96.985 98.325
2024_0413_16:39:12 13 -0.98 -0.645
2024_0413_16:39:14 12 -0.34 -0.175
2024_0413_16:39:14 13 35.855 53.045
2024_0413_16:39:14 13 24.32 33.02
2024_0413_16:39:17 13 -0.01 0.08
2024_0413_16:39:17 13 8.825 -10.135
2024_0413_16:39:18 13 49.8 49.635
2024_0413_16:39:19 13 93.51 68.61
2024_0413_16:39:22 13 -0.43 -0.565
2024_0413_16:39:27 13 86.27 27.315
2024_0413_16:39:27 13 48.065 99.28
2024_0413_16:39:29 13 0.125 -0.53
2024_0413_16:39:31 13 87.67 63.405
2024_0413_16:39:32 13 98.7 53.27
2024_0413_16:39:32 13 -0.025 0.065
2024_0413_16:39:34 13 -1.88 -0.125
2024_0413_16:39:36 13 87.28 73.725
2024_0413_16:39:37 13 63.475 82.565
2024_0413_16:39:37 13 64.565 87.935
2024_0413_16:39:37 13 49.995 -99.99
2024_0413_16:39:39 13 -0.32 -0.155
2024_0413_16:39:40 13 99.53 99.495
2024_0413_16:39:41 13 -0.55 0.555
2024_0413_16:39:41 13 -99.97 -99.96
2024_0413_16:39:45 13 45.91 41.76
2024_0413_16:39:50 13 10.275 -0.17
2024_0413_16:39:51 13 53.33 65.43
2024_0413_16:39:51 13 -0.37 0.59
2024_0413_16:39:54 13 85.375 54.1
2024_0413_16:39:54 13 48.775 49.59
2024_0413_16:39:55 13 89.23 45.855
2024_0413_16:39:57 13 -0.33 -0.065
2024_0413_16:39:58 13 7.255 7.675
2024_0413_16:39:59 13 -49.995 99.98
2024_0413_16:39:59 14 0.76 -0.275
2024_0413_16:40:02 14 86.39 99.445
2024_0413_16:40:03 14 -0.96 0.35
2024_0413_16:40:04 14 49.985 -49.97
2024_0413_16:40:05 14 -21.6 21.44
2024_0413_16:40:07 13 45.43 56.965
2024_0413_16:40:10 14 66.02 81.735
2024_0413_16:40:12 14 58.315 63.89
2024_0413_16:40:13 14 99.97 -99.97
2024_0413_16:40:14 14 -10.935 9.625
2024_0413_16:40:17 14 68.82 57.46
2024_0413_16:40:18 14 28.02 15.54
2024_0413_16:40:21 14 55.845 52.22
2024_0413_16:40:22 14 37.575 31.035
2024_0413_16:40:22 14 0.55 0.605
2024_0413_16:40:23 14 -13.38 13.455
2024_0413_16:40:24 14 0.49 -0.3
2024_0413_16:40:25 14 49.365 79.67
2024_0413_16:40:26 14 -0.05 0.65
2024_0413_16:40:26 14 98.255 99.085
2024_0413_16:40:30 14 69.33 82.03
2024_0413_16:40:31 14 0.02 -0.815
2024_0413_16:40:33 14 30.7 36.32
2024_0413_16:40:36 14 66.205 72.865
2024_0413_16:40:36 14 0.21 -0.84
2024_0413_16:40:39 14 11.54 6.2
2024_0413_16:40:42 14 55.475 92.365
2024_0413_16:40:45 14 71.175 58.255
2024_0413_16:40:45 14 36.075 49.395
2024_0413_16:40:46 14 -0.18 -0.51
2024_0413_16:40:47 14 49.72 35.855
2024_0413_16:40:48 14 57.89 80.66
2024_0413_16:40:49 15 0.985 0.34
2024_0413_16:40:52 15 46.345 31.48
2024_0413_16:40:54 15 53.61 66.94
2024_0413_16:40:57 15 29.96 24.635
2024_0413_16:40:57 15 -1.09 0.125
2024_0413_16:40:59 15 11.665 14.785
2024_0413_16:41:01 15 63.125 29.885
2024_0413_16:41:02 14 -0.56 -0.37
2024_0413_16:41:03 15 35.35 37.015
2024_0413_16:41:04 15 48.905 48.03
2024_0413_16:41:04 15 99.99 -49.99
2024_0413_16:41:08 15 43.075 29.91
2024_0413_16:41:10 15 0.35 0.475
2024_0413_16:41:11 15 -0.045 0.27
2024_0413_16:41:12 15 0.03 1.69
2024_0413_16:41:12 15 42.265 52.67
2024_0413_16:41:17 15 1.305 0.695
2024_0413_16:41:18 15 49.995 -49.985
2024_0413_16:41:18 15 71.895 47.37
2024_0413_16:41:23 15 -9.25 9.515
2024_0413_16:41:23 15 0.175 0.35
2024_0413_16:41:24 15 -0.385 -0.865
2024_0413_16:41:26 15 16.285 41.265
2024_0413_16:41:26 15 49.995 -50.0
2024_0413_16:41:28 15 43.925 69.225
2024_0413_16:41:29 15 0.4 0.075
2024_0413_16:41:31 15 96.915 98.005
2024_0413_16:41:34 15 11.4 72.875
2024_0413_16:41:35 15 0.375 -0.24
2024_0413_16:41:36 15 0.24 -0.12
2024_0413_16:41:37 15 -0.51 -0.21
2024_0413_16:41:42 16 15.055 -0.085
2024_0413_16:41:43 16 59.735 34.98
2024_0413_16:41:46 16 0.02 0.265
2024_0413_16:41:47 16 92.645 55.82
2024_0413_16:41:47 16 49.08 0.15
2024_0413_16:41:48 16 95.53 64.825
2024_0413_16:41:48 16 40.38 46.71
2024_0413_16:41:49 16 42.64 38.13
2024_0413_16:41:52 16 77.0 82.385
2024_0413_16:41:58 16 13.675 29.62
2024_0413_16:41:58 16 53.725 89.185
2024_0413_16:41:59 16 97.425 71.285
2024_0413_16:41:59 16 26.73 49.345
2024_0413_16:42:02 16 0.92 -0.035
2024_0413_16:42:06 16 89.73 60.14
2024_0413_16:42:09 16 98.82 98.43
2024_0413_16:42:09 16 -0.11 0.445
2024_0413_16:42:10 16 27.735 47.395
2024_0413_16:42:10 17 0.795 0.91
2024_0413_16:42:12 16 84.505 79.115
2024_0413_16:42:12 16 44.215 -33.465
2024_0413_16:42:13 16 0.04 0.325
2024_0413_16:42:14 17 90.335 -4.25
2024_0413_16:42:16 17 59.99 60.505
2024_0413_16:42:24 17 3.0 0.015
2024_0413_16:42:24 17 8.515 -8.47
2024_0413_16:42:25 17 99.975 -46.68
2024_0413_16:42:26 17 97.515 85.24
2024_0413_16:42:26 17 97.43 -1.09
2024_0413_16:42:32 17 14.895 12.835
2024_0413_16:42:32 17 17.305 -16.45
2024_0413_16:42:33 17 40.01 47.555
2024_0413_16:42:34 17 7.315 -7.29
2024_0413_16:42:36 17 0.055 -0.06
2024_0413_16:42:37 17 42.155 57.33
2024_0413_16:42:37 17 39.465 29.555
2024_0413_16:42:37 17 9.975 -8.82
2024_0413_16:42:38 17 40.035 55.735
2024_0413_16:42:42 17 49.52 96.285
2024_0413_16:42:44 17 63.12 87.37
2024_0413_16:42:46 17 61.35 94.825
2024_0413_16:42:48 17 0.15 -0.535
2024_0413_16:42:48 17 -0.685 0.925
2024_0413_16:42:50 17 63.64 63.07
2024_0413_16:42:52 17 99.075 98.43
2024_0413_16:42:57 18 1.055 -0.475
2024_0413_16:42:58 17 89.07 1.695
2024_0413_16:42:58 18 -0.395 -0.455
2024_0413_16:43:01 17 1.13 0.185
2024_0413_16:43:01 18 19.535 -19.265
2024_0413_16:43:02 17 40.6 40.405
2024_0413_16:43:03 18 0.055 -0.05
2024_0413_16:43:03 18 9.85 49.605
2024_0413_16:43:06 18 49.135 68.38
2024_0413_16:43:06 18 10.085 12.645
2024_0413_16:43:08 18 31.375 87.275
2024_0413_16:43:10 18 -0.54 1.675
2024_0413_16:43:14 18 75.98 74.355
2024_0413_16:43:14 18 -9.885 12.125
2024_0413_16:43:19 18 0.965 -0.56
2024_0413_16:43:20 18 0.335 -0.765
2024_0413_16:43:24 18 49.545 43.87
2024_0413_16:43:24 18 -0.085 0.69
2024_0413_16:43:24 18 0.175 2.8
2024_0413_16:43:25 18 38.405 70.965
2024_0413_16:43:25 18 1.19 1.135
2024_0413_16:43:25 18 53.25 48.695
2024_0413_16:43:29 18 -33.55 32.645
2024_0413_16:43:30 18 -22.5 65.955
2024_0413_16:43:30 18 82.83 12.335
2024_0413_16:43:33 18 0.065 -0.045
2024_0413_16:43:34 18 29.18 45.725
2024_0413_16:43:35 18 6.525 2.105
2024_0413_16:43:39 18 63.755 56.99
2024_0413_16:43:40 18 -0.47 10.11
2024_0413_16:43:44 18 99.035 99.115
2024_0413_16:43:46 18 15.535 0.125
2024_0413_16:43:47 19 -49.995 49.99
2024_0413_16:43:48 19 49.96 -49.95
2024_0413_16:43:48 19 61.37 79.17
2024_0413_16:43:53 19 33.53 -3.3
2024_0413_16:43:54 19 -99.98 49.985
2024_0413_16:43:54 19 17.59 -18.09
2024_0413_16:43:54 19 76.56 43.045
2024_0413_16:43:54 19 -0.56 0.965
2024_0413_16:44:01 19 -50.61 50.31
2024_0413_16:44:02 19 25.99 49.09
2024_0413_16:44:03 19 -99.94 99.965
2024_0413_16:44:04 19 79.15 -81.22
2024_0413_16:44:08 19 0.44 1.26
2024_0413_16:44:09 19 98.975 56.7
2024_0413_16:44:11 19 0.75 0.2
2024_0413_16:44:13 20 10.34 -9.66
2024_0413_16:44:16 19 1.115 0.15
2024_0413_16:44:19 20 8.715 10.255
2024_0413_16:44:21 20 66.585 28.96
2024_0413_16:44:22 20 -50.72 74.975
2024_0413_16:44:25 20 99.345 87.255
2024_0413_16:44:26 20 -0.23 -0.035
2024_0413_16:44:26 20 -9.38 8.455
2024_0413_16:44:31 20 0.385 -0.125
2024_0413_16:44:31 20 77.49 49.02
2024_0413_16:44:31 20 9.43 5.15
2024_0413_16:44:36 20 87.86 64.215
2024_0413_16:44:37 2 81.96 97.01
2024_0413_16:44:39 14 53.95 60.955
2024_0413_16:44:42 14 34.855 55.565
2024_0413_16:44:42 14 99.385 72.295
2024_0413_16:44:44 15 -0.32 1.1
2024_0413_16:44:44 16 18.08 14.63
2024_0413_16:44:45 16 84.765 46.115
2024_0413_16:44:46 16 56.8 69.11
2024_0413_16:44:50 18 44.11 54.625
2024_0413_16:44:54 20 98.37 99.0
2024_0413_16:44:55 20 71.015 86.61
2024_0413_16:44:55 20 0.335 0.73
2024_0413_16:44:58 20 0.005 0.53
2024_0413_16:45:01 20 1.165 1.015
2024_0413_16:45:04 19 1.175 -0.34
2024_0413_16:45:25 1 62.8 99.365
2024_0413_16:45:25 1 99.615 99.535
2024_0413_16:45:25 1 99.565 99.47
2024_0413_16:45:25 1 67.03 75.245
2024_0413_16:45:25 1 99.53 99.555
2024_0413_16:45:26 1 99.575 99.56
2024_0413_16:45:26 1 84.98 99.53
2024_0413_16:45:26 1 99.605 99.475
2024_0413_16:45:27 1 77.68 99.48
2024_0413_16:45:27 1 79.535 99.44
2024_0413_16:45:28 1 97.54 77.145
2024_0413_16:45:28 1 98.885 49.685
2024_0413_16:45:28 1 87.335 99.47
2024_0413_16:45:28 1 99.52 99.415
2024_0413_16:45:29 1 99.32 77.6
2024_0413_16:45:39 1 99.56 99.415
2024_0413_16:45:46 1 99.4 99.405
2024_0413_16:45:47 1 99.375 60.23
2024_0413_16:45:48 1 79.655 60.275
2024_0413_16:45:48 1 84.49 86.685
2024_0413_16:45:48 1 99.415 99.325
2024_0413_16:45:48 1 99.475 99.44
2024_0413_16:45:49 1 99.4 99.515
2024_0413_16:45:49 1 99.495 86.025
2024_0413_16:45:50 1 99.405 99.61
2024_0413_16:45:51 1 51.285 99.54
2024_0413_16:45:51 1 99.445 99.46
2024_0413_16:45:53 1 71.33 99.495
2024_0413_16:45:56 1 88.145 61.34
2024_0413_16:45:59 1 79.76 74.42
2024_0413_16:46:00 1 66.305 56.89
2024_0413_16:46:06 1 99.345 99.65
2024_0413_16:46:07 1 99.43 99.425
2024_0413_16:46:10 1 81.49 99.54
2024_0413_16:46:10 2 97.425 65.785
2024_0413_16:46:10 1 75.155 50.735
2024_0413_16:46:11 2 86.73 88.33
2024_0413_16:46:11 2 99.3 86.43
2024_0413_16:46:11 2 99.135 98.77
2024_0413_16:46:12 2 49.425 36.48
2024_0413_16:46:14 1 99.535 99.455
2024_0413_16:46:14 2 99.49 98.895
2024_0413_16:46:17 2 80.03 99.2
2024_0413_16:46:17 1 99.455 74.135
2024_0413_16:46:20 2 64.015 99.45
2024_0413_16:46:22 2 40.965 76.785
2024_0413_16:46:22 2 73.675 82.58
2024_0413_16:46:28 2 98.715 43.08
2024_0413_16:46:29 2 68.795 66.165
2024_0413_16:46:31 2 49.655 70.01
2024_0413_16:46:32 2 98.58 98.615
2024_0413_16:46:32 2 98.065 58.555
2024_0413_16:46:32 2 62.55 99.415
2024_0413_16:46:32 2 79.49 91.195
2024_0413_16:46:35 2 84.465 82.34
2024_0413_16:46:35 2 74.425 48.1
2024_0413_16:46:39 2 98.91 99.2
2024_0413_16:46:39 2 63.075 79.825
2024_0413_16:46:42 2 43.98 27.33
2024_0413_16:46:44 2 49.47 94.56
2024_0413_16:46:45 2 83.625 63.205
2024_0413_16:46:49 2 99.29 89.41
2024_0413_16:46:50 2 46.245 64.035
2024_0413_16:46:50 2 98.415 98.845
2024_0413_16:46:52 2 96.76 88.84
2024_0413_16:46:53 2 99.07 98.83
2024_0413_16:46:53 2 99.285 85.665
2024_0413_16:46:53 2 49.64 58.345
2024_0413_16:46:54 2 89.825 93.27
2024_0413_16:46:55 2 95.725 55.73
2024_0413_16:46:57 2 98.255 99.065
2024_0413_16:46:57 2 85.105 62.335
2024_0413_16:47:01 2 74.375 89.25
2024_0413_16:47:03 2 83.68 99.175
2024_0413_16:47:05 2 83.65 86.72
2024_0413_16:47:06 2 99.23 98.765
2024_0413_16:47:09 2 79.265 99.29
2024_0413_16:47:11 2 31.185 86.34
2024_0413_16:47:12 2 98.985 73.085
2024_0413_16:47:14 2 99.4 99.32
2024_0413_16:47:14 2 72.69 63.935
2024_0413_16:47:15 2 79.445 81.64
2024_0413_16:47:15 2 78.435 98.15
2024_0413_16:47:15 2 49.48 90.27
2024_0413_16:47:16 2 99.23 87.47
2024_0413_16:47:16 2 99.18 79.5
2024_0413_16:47:18 2 87.245 72.345
2024_0413_16:47:18 2 98.94 98.595
2024_0413_16:47:23 2 84.145 84.99
2024_0413_16:47:27 2 98.18 99.2
2024_0413_16:47:29 2 84.29 52.095
2024_0413_16:47:33 2 97.16 76.165
2024_0413_16:47:35 2 71.725 99.225
2024_0413_16:47:36 2 55.76 96.72
2024_0413_16:47:36 2 98.035 82.215
2024_0413_16:47:36 2 98.975 79.73
2024_0413_16:47:37 2 98.76 44.52
2024_0413_16:47:37 2 79.975 67.55
2024_0413_16:47:39 2 49.715 70.805
2024_0413_16:47:39 2 86.86 76.2
2024_0413_16:47:39 2 49.435 98.985
2024_0413_16:47:40 2 98.805 79.03
2024_0413_16:47:42 2 88.67 94.625
2024_0413_16:47:42 2 31.88 49.725
2024_0413_16:47:44 2 49.18 24.78
2024_0413_16:47:49 3 85.96 84.78
2024_0413_16:47:51 3 43.38 36.3
2024_0413_16:47:55 3 73.345 97.93
2024_0413_16:47:58 3 82.935 62.315
2024_0413_16:47:58 4 78.035 95.365
2024_0413_16:47:58 5 99.62 78.93
2024_0413_16:48:00 4 74.81 84.27
2024_0413_16:48:00 4 46.88 72.185
2024_0413_16:48:00 5 99.255 86.005
2024_0413_16:48:01 5 42.98 84.125
2024_0413_16:48:01 5 98.905 61.45
2024_0413_16:48:01 5 60.745 59.07
2024_0413_16:48:02 5 99.62 87.05
2024_0413_16:48:03 6 49.635 49.645
2024_0413_16:48:04 5 28.845 49.535
2024_0413_16:48:05 6 99.44 99.415
2024_0413_16:48:10 6 99.49 99.45
2024_0413_16:48:13 6 74.43 98.865
2024_0413_16:48:16 6 99.55 99.39
2024_0413_16:48:19 7 99.265 80.62
2024_0413_16:48:21 7 83.885 57.52
2024_0413_16:48:22 8 64.385 99.005
2024_0413_16:48:22 8 80.48 98.715
2024_0413_16:48:22 8 98.835 98.92
2024_0413_16:48:23 8 99.18 70.385
2024_0413_16:48:25 8 76.91 37.04
2024_0413_16:48:26 8 98.96 75.79
2024_0413_16:48:27 8 98.565 96.12
2024_0413_16:48:29 8 99.175 89.805
2024_0413_16:48:29 7 60.38 96.77
2024_0413_16:48:30 7 88.0 52.04
2024_0413_16:48:32 8 98.625 99.13
2024_0413_16:48:35 8 63.61 99.09
2024_0413_16:48:37 8 85.6 98.77
2024_0413_16:48:37 8 65.055 98.13
2024_0413_16:48:41 8 63.035 49.68
2024_0413_16:48:44 9 74.64 99.41
2024_0413_16:48:45 9 96.085 49.655
2024_0413_16:48:47 9 58.425 49.71
2024_0413_16:48:49 9 99.53 99.39
2024_0413_16:48:49 9 99.58 99.43
2024_0413_16:48:51 9 99.575 79.715
2024_0413_16:48:52 10 39.05 67.555
2024_0413_16:48:58 10 89.25 75.245
2024_0413_16:48:59 10 99.215 99.425
2024_0413_16:49:00 9 99.38 99.42
2024_0413_16:49:00 10 99.55 84.35
2024_0413_16:49:03 10 49.255 98.905
2024_0413_16:49:04 10 63.375 70.845
2024_0413_16:49:06 9 65.5 76.37
2024_0413_16:49:06 11 53.985 99.455
2024_0413_16:49:07 11 82.82 74.5
2024_0413_16:49:09 11 -0.5 -0.785
2024_0413_16:49:10 11 1.015 0.535
2024_0413_16:49:11 11 0.505 1.37
2024_0413_16:49:11 11 -10.21 53.715
2024_0413_16:49:12 11 84.785 77.855
2024_0413_16:49:13 11 -0.595 -0.77
2024_0413_16:49:14 10 50.18 82.075
2024_0413_16:49:19 11 99.545 99.26
2024_0413_16:49:21 11 0.06 0.55
2024_0413_16:49:24 11 0.4 0.795
2024_0413_16:49:25 11 -49.995 99.99
2024_0413_16:49:27 11 88.635 70.215
2024_0413_16:49:29 11 58.005 85.19
2024_0413_16:49:30 11 49.99 99.99
2024_0413_16:49:31 11 0.225 1.185
2024_0413_16:49:32 11 0.135 0.535
2024_0413_16:49:32 11 0.03 -0.74
2024_0413_16:49:32 11 89.795 81.12
2024_0413_16:49:33 11 0.045 -0.85
2024_0413_16:49:35 11 99.99 49.995
2024_0413_16:49:37 11 91.83 92.16
2024_0413_16:49:40 11 98.835 78.8
2024_0413_16:49:41 11 -0.28 -0.79
2024_0413_16:49:42 11 97.085 97.825
2024_0413_16:49:44 11 98.595 98.75
2024_0413_16:49:46 11 80.63 96.775
2024_0413_16:49:47 11 -0.095 1.24
2024_0413_16:49:49 11 0.38 0.625
2024_0413_16:49:50 11 0.085 0.75
2024_0413_16:49:52 11 0.585 -0.7
2024_0413_16:49:53 11 96.97 99.175
2024_0413_16:49:54 11 0.035 0.725
2024_0413_16:49:55 11 -0.7 0.225
2024_0413_16:49:55 11 0.255 -0.91
2024_0413_16:49:56 11 0.28 0.07
2024_0413_16:49:58 11 0.645 -0.2
2024_0413_16:49:58 11 98.8 85.815
2024_0413_16:50:03 11 88.435 50.865
2024_0413_16:50:05 11 0.455 -0.175
2024_0413_16:50:08 11 49.47 40.855
2024_0413_16:50:12 11 -0.85 0.385
2024_0413_16:50:12 11 -0.015 0.74
2024_0413_16:50:13 11 96.44 97.985
2024_0413_16:50:14 11 0.385 -0.91
2024_0413_16:50:14 11 0.73 -0.16
2024_0413_16:50:16 11 -0.525 0.55
2024_0413_16:50:17 11 0.185 0.56
2024_0413_16:50:17 11 46.29 73.61
2024_0413_16:50:19 11 -0.475 -0.92
2024_0413_16:50:19 11 49.935 37.68
2024_0413_16:50:20 11 0.505 -1.065
2024_0413_16:50:24 11 99.99 49.995
2024_0413_16:50:25 11 0.805 0.185
2024_0413_16:50:26 11 -0.535 0.065
2024_0413_16:50:29 11 98.2 66.555
2024_0413_16:50:34 11 0.16 -0.315
2024_0413_16:50:34 11 99.98 49.99
2024_0413_16:50:35 11 -0.075 -0.72
2024_0413_16:50:36 11 0.285 -0.615
2024_0413_16:50:36 11 69.54 15.05
2024_0413_16:50:38 11 -0.19 0.105
2024_0413_16:50:38 11 99.07 56.66
2024_0413_16:50:39 11 -0.465 -0.09
2024_0413_16:50:40 11 99.26 41.18
2024_0413_16:50:40 11 -1.005 -1.01
2024_0413_16:50:41 11 0.05 0.44
2024_0413_16:50:42 11 0.67 0.855
2024_0413_16:50:47 11 65.9 76.145
2024_0413_16:50:47 11 49.695 -0.385
2024_0413_16:50:49 11 92.015 87.385
2024_0413_16:50:51 11 49.545 74.63
2024_0413_16:50:56 11 92.245 98.84
2024_0413_16:50:56 11 -0.665 -0.445
2024_0413_16:50:56 11 -100.0 100.0
2024_0413_16:50:58 11 0.645 -0.485
2024_0413_16:50:58 11 99.99 99.99
2024_0413_16:51:00 11 84.65 76.31
2024_0413_16:51:00 11 -0.44 -0.57
2024_0413_16:51:01 11 -0.3 1.265
2024_0413_16:51:02 11 0.225 -0.61
2024_0413_16:51:02 11 0.755 0.88
2024_0413_16:51:04 11 85.26 97.335
2024_0413_16:51:08 11 45.4 40.275
2024_0413_16:51:09 11 1.08 -0.305
2024_0413_16:51:09 11 0.38 0.525
2024_0413_16:51:10 11 99.99 -49.995
2024_0413_16:51:13 11 -0.525 0.165
2024_0413_16:51:17 11 81.875 99.33
2024_0413_16:51:18 11 0.565 -0.405
2024_0413_16:51:18 11 -0.57 0.03
2024_0413_16:51:20 11 0.205 1.625
2024_0413_16:51:21 11 -0.025 0.395
2024_0413_16:51:24 11 -0.61 -0.09
2024_0413_16:51:24 11 -0.785 1.54
2024_0413_16:51:24 11 75.66 45.085
2024_0413_16:51:27 11 98.045 98.825
2024_0413_16:51:27 11 87.585 76.2
2024_0413_16:51:30 11 99.475 99.39
2024_0413_16:51:30 11 99.435 85.545
2024_0413_16:51:32 11 -0.13 0.455
2024_0413_16:51:32 11 65.795 98.655
2024_0413_16:51:33 11 0.775 0.195
2024_0413_16:51:35 11 99.47 99.44
2024_0413_16:51:38 11 95.545 96.135
2024_0413_16:51:40 11 0.535 -0.375
2024_0413_16:51:40 11 0.66 0.175
2024_0413_16:51:41 11 -0.13 0.11
2024_0413_16:51:43 11 79.975 99.32
2024_0413_16:51:46 11 99.545 99.555
2024_0413_16:51:46 11 -0.275 0.585
2024_0413_16:51:47 11 69.03 64.135
2024_0413_16:51:49 11 99.18 98.125
2024_0413_16:51:49 11 94.44 96.975
2024_0413_16:51:51 11 0.395 0.28
2024_0413_16:51:52 11 -2.595 -0.6
2024_0413_16:51:54 11 -0.235 0.585
2024_0413_16:51:55 11 -1.06 0.94
2024_0413_16:51:55 11 36.385 82.55
2024_0413_16:52:00 11 49.995 99.99
2024_0413_16:52:02 11 0.985 0.635
2024_0413_16:52:03 11 -50.0 -99.97
2024_0413_16:52:04 11 66.125 64.33
2024_0413_16:52:05 11 -0.165 0.36
2024_0413_16:52:06 11 -0.49 0.085
2024_0413_16:52:08 11 -0.605 -0.64
2024_0413_16:52:09 11 93.915 98.5
2024_0413_16:52:09 11 11.07 5.985
2024_0413_16:52:10 11 -0.96 -0.015
2024_0413_16:52:11 11 -0.07 0.31
2024_0413_16:52:13 12 -99.98 -49.98
2024_0413_16:52:15 12 0.385 0.595
2024_0413_16:52:17 12 93.88 83.2
2024_0413_16:52:20 11 -0.525 -0.04
2024_0413_16:52:23 12 86.13 76.83
2024_0413_16:52:24 12 -0.845 -0.735
2024_0413_16:52:25 12 0.225 -0.775
2024_0413_16:52:28 12 76.97 78.54
2024_0413_16:52:29 12 99.515 72.14
2024_0413_16:52:29 12 5.965 6.26
2024_0413_16:52:29 12 0.255 0.115
2024_0413_16:52:30 12 -0.945 -0.975
2024_0413_16:52:32 12 99.99 -99.99
2024_0413_16:52:32 12 99.355 95.695
2024_0413_16:52:33 12 99.98 99.99
2024_0413_16:52:35 12 -49.995 -99.99
2024_0413_16:52:39 12 89.74 64.255
2024_0413_16:52:44 12 15.79 16.65
2024_0413_16:52:45 12 97.375 99.75
2024_0413_16:52:46 12 59.03 47.52
2024_0413_16:52:47 12 -0.29 29.09
2024_0413_16:52:50 12 86.085 85.13
2024_0413_16:52:51 12 72.28 41.305
2024_0413_16:52:51 12 68.845 75.68
2024_0413_16:52:51 12 -0.035 0.22
2024_0413_16:52:51 12 49.995 -50.0
2024_0413_16:52:51 12 -1.655 -0.04
2024_0413_16:52:52 12 99.23 94.9
2024_0413_16:52:54 12 91.235 51.09
2024_0413_16:52:55 12 0.22 0.81
2024_0413_16:52:56 12 83.445 94.765
2024_0413_16:52:58 12 61.305 77.88
2024_0413_16:53:02 12 0.135 -0.085
2024_0413_16:53:07 12 86.69 95.93
2024_0413_16:53:09 12 -0.285 4.405
2024_0413_16:53:09 12 -1.435 1.295
2024_0413_16:53:10 12 0.365 -0.975
2024_0413_16:53:12 12 49.395 62.65
2024_0413_16:53:13 12 43.665 90.36
2024_0413_16:53:13 12 -0.64 0.255
2024_0413_16:53:13 12 40.605 94.55
2024_0413_16:53:14 12 60.445 51.68
2024_0413_16:53:15 12 -0.105 -1.035
2024_0413_16:53:16 12 -0.495 0.21
2024_0413_16:53:17 12 41.285 48.755
2024_0413_16:53:17 12 0.23 -0.11
2024_0413_16:53:18 12 98.355 65.785
2024_0413_16:53:21 12 39.555 36.345
2024_0413_16:53:25 12 78.805 98.66
2024_0413_16:53:30 12 1.28 0.09
2024_0413_16:53:31 12 -0.415 0.02
2024_0413_16:53:32 12 54.065 62.695
2024_0413_16:53:33 12 1.25 0.365
2024_0413_16:53:35 12 -0.255 0.55
2024_0413_16:53:35 12 96.87 76.25
2024_0413_16:53:36 12 96.54 75.265
2024_0413_16:53:37 12 91.98 94.975
2024_0413_16:53:37 12 99.47 99.775
2024_0413_16:53:39 12 58.865 58.745
2024_0413_16:53:39 12 72.39 99.47
2024_0413_16:53:40 12 98.025 96.54
2024_0413_16:53:40 12 99.435 99.455
2024_0413_16:53:40 12 77.275 52.475
2024_0413_16:53:44 12 0.225 0.24
2024_0413_16:53:48 12 -0.07 72.845
2024_0413_16:53:51 12 0.87 -0.405
2024_0413_16:53:52 12 46.705 49.55
2024_0413_16:53:54 12 88.045 83.16
2024_0413_16:53:55 12 0.58 1.015
2024_0413_16:53:57 12 75.495 69.97
2024_0413_16:53:58 12 -0.96 0.39
2024_0413_16:53:58 12 0.325 0.675
2024_0413_16:53:59 12 76.125 74.765
2024_0413_16:54:01 12 -0.46 0.35
2024_0413_16:54:01 12 55.99 62.135
2024_0413_16:54:02 12 0.375 0.275
2024_0413_16:54:02 12 99.465 99.535
2024_0413_16:54:04 12 74.715 88.99
2024_0413_16:54:04 12 27.03 24.855
2024_0413_16:54:05 12 -1.415 0.305
2024_0413_16:54:10 12 65.9 48.795
2024_0413_16:54:14 12 85.77 70.195
2024_0413_16:54:15 12 67.105 53.225
2024_0413_16:54:17 12 45.565 67.29
2024_0413_16:54:18 12 -0.155 -0.76
2024_0413_16:54:19 12 -0.065 -0.255
2024_0413_16:54:21 12 93.905 62.835
2024_0413_16:54:21 12 89.095 99.41
2024_0413_16:54:23 12 90.52 88.935
2024_0413_16:54:24 12 32.975 98.625
2024_0413_16:54:24 12 49.985 99.98
2024_0413_16:54:25 12 -0.235 -0.595
2024_0413_16:54:25 12 0.875 0.39
2024_0413_16:54:27 12 -0.32 -0.8
2024_0413_16:54:28 12 92.825 99.365
2024_0413_16:54:28 12 61.08 71.38
2024_0413_16:54:36 12 -49.98 49.97
2024_0413_16:54:37 12 72.305 82.97
2024_0413_16:54:39 12 -0.3 -0.465
2024_0413_16:54:39 12 58.55 76.94
2024_0413_16:54:40 12 49.99 -49.985
2024_0413_16:54:40 12 55.92 67.29
2024_0413_16:54:44 13 63.73 94.25
2024_0413_16:54:45 13 -2.575 49.71
2024_0413_16:54:45 13 8.165 -9.915
2024_0413_16:54:47 13 0.65 0.65
2024_0413_16:54:48 13 54.65 35.555
2024_0413_16:54:48 13 66.395 42.44
2024_0413_16:54:49 13 -0.495 -0.115
2024_0413_16:54:50 13 61.405 97.12
2024_0413_16:54:51 13 -25.19 25.575
2024_0413_16:54:58 13 0.655 0.95
2024_0413_16:55:02 13 -0.105 0.42
2024_0413_16:55:02 13 -0.795 4.085
2024_0413_16:55:03 13 10.01 -10.76
2024_0413_16:55:04 13 49.575 55.575
2024_0413_16:55:06 13 -0.32 -1.06
2024_0413_16:55:07 13 71.635 99.18
2024_0413_16:55:07 13 -0.845 -0.055
2024_0413_16:55:08 13 -3.105 1.16
2024_0413_16:55:10 13 16.05 -0.275
2024_0413_16:55:11 13 -0.62 0.43
2024_0413_16:55:12 13 -0.34 64.7
2024_0413_16:55:13 13 99.265 20.465
2024_0413_16:55:13 13 87.765 83.17
2024_0413_16:55:13 13 64.51 78.87
2024_0413_16:55:20 13 60.44 49.45
2024_0413_16:55:21 13 90.865 68.59
2024_0413_16:55:24 13 1.175 0.43
2024_0413_16:55:25 13 6.515 8.205
2024_0413_16:55:26 13 0.83 0.22
2024_0413_16:55:27 13 -49.755 50.205
2024_0413_16:55:29 13 32.34 25.105
2024_0413_16:55:30 13 44.865 44.09
2024_0413_16:55:30 13 0.675 -0.82
2024_0413_16:55:31 13 21.115 47.925
2024_0413_16:55:34 13 -1.165 -1.255
2024_0413_16:55:35 13 -1.495 1.015
2024_0413_16:55:35 13 -0.5 -0.205
2024_0413_16:55:38 13 0.68 0.07
2024_0413_16:55:38 13 65.785 89.72
2024_0413_16:55:42 13 99.98 -49.995
2024_0413_16:55:45 13 49.455 49.455
2024_0413_16:55:46 13 5.23 1.13
2024_0413_16:55:49 13 0.29 -0.28
2024_0413_16:55:50 13 0.235 1.42
2024_0413_16:55:51 13 0.36 0.26
2024_0413_16:55:53 13 -0.02 -0.325
2024_0413_16:55:53 13 57.54 68.265
2024_0413_16:55:54 13 1.03 -0.11
2024_0413_16:55:54 13 -0.17 43.9
2024_0413_16:55:54 13 0.58 -0.41
2024_0413_16:55:58 13 97.61 72.835
2024_0413_16:56:00 13 -0.62 1.195
2024_0413_16:56:02 13 15.125 15.64
2024_0413_16:56:03 13 0.655 0.34
2024_0413_16:56:05 13 83.395 97.395
2024_0413_16:56:06 13 0.135 -0.035
2024_0413_16:56:09 13 67.415 75.48
2024_0413_16:56:09 13 89.255 91.525
2024_0413_16:56:11 13 49.985 49.98
2024_0413_16:56:14 13 96.14 87.835
2024_0413_16:56:14 13 56.305 0.915
2024_0413_16:56:15 13 -0.45 -1.16
2024_0413_16:56:16 13 -0.875 48.005
2024_0413_16:56:16 13 0.33 0.63
2024_0413_16:56:17 13 38.19 70.45
2024_0413_16:56:20 13 -8.215 8.61
2024_0413_16:56:23 13 -0.185 0.615
2024_0413_16:56:24 13 -0.83 -0.41
2024_0413_16:56:25 13 74.53 99.225
2024_0413_16:56:27 13 26.33 52.375
2024_0413_16:56:27 13 -1.16 2.025
2024_0413_16:56:28 13 -99.99 49.99
2024_0413_16:56:32 13 18.925 0.985
2024_0413_16:56:32 13 74.62 74.775
2024_0413_16:56:38 13 -0.08 1.165
2024_0413_16:56:38 13 99.135 74.325
2024_0413_16:56:39 13 -49.98 -49.99
2024_0413_16:56:39 13 51.4 23.875
2024_0413_16:56:39 13 -1.385 12.465
2024_0413_16:56:40 13 0.2 1.13
2024_0413_16:56:40 13 1.125 -0.04
2024_0413_16:56:43 13 -10.29 10.705
2024_0413_16:56:46 13 32.285 25.505
2024_0413_16:56:49 13 0.63 0.075
2024_0413_16:56:49 13 90.975 62.495
2024_0413_16:56:49 13 -0.795 -0.065
2024_0413_16:56:50 13 -0.24 0.245
2024_0413_16:56:52 13 -10.775 9.94
2024_0413_16:56:54 13 -0.095 -1.11
2024_0413_16:56:54 13 66.75 44.65
2024_0413_16:57:00 13 99.99 99.97
2024_0413_16:57:01 13 49.93 46.815
2024_0413_16:57:02 13 48.46 95.195
2024_0413_16:57:02 13 64.93 59.265
2024_0413_16:57:03 13 -0.095 0.465
2024_0413_16:57:04 13 61.325 52.545
2024_0413_16:57:05 13 83.525 98.4
2024_0413_16:57:06 13 7.25 8.81
2024_0413_16:57:09 13 -0.175 46.865
2024_0413_16:57:10 13 -0.41 37.355
2024_0413_16:57:11 13 0.285 0.995
2024_0413_16:57:13 13 74.805 67.76
2024_0413_16:57:14 13 -0.74 5.325
2024_0413_16:57:14 13 -0.59 -0.49
2024_0413_16:57:17 13 27.315 48.81
2024_0413_16:57:18 13 0.065 -1.05
2024_0413_16:57:23 13 99.99 -99.99
2024_0413_16:57:24 13 33.81 56.145
2024_0413_16:57:24 13 -0.18 -0.025
2024_0413_16:57:25 13 57.39 41.645
2024_0413_16:57:27 13 97.305 81.36
2024_0413_16:57:27 13 0.93 -1.23
2024_0413_16:57:28 13 -0.34 -0.015
2024_0413_16:57:29 13 99.48 61.05
2024_0413_16:57:34 13 5.24 6.045
2024_0413_16:57:37 13 47.075 76.415
2024_0413_16:57:38 13 -0.545 0.82
2024_0413_16:57:42 13 10.685 10.945
2024_0413_16:57:45 13 74.05 67.905
2024_0413_16:57:45 13 99.43 49.69
2024_0413_16:57:47 13 52.235 91.25
2024_0413_16:57:47 13 48.445 43.595
2024_0413_16:57:48 13 49.435 56.745
2024_0413_16:57:48 13 -0.185 48.38
2024_0413_16:57:51 13 5.385 -0.19
2024_0413_16:57:53 13 93.775 -0.055
2024_0413_16:57:55 13 98.31 95.955
2024_0413_16:57:57 13 35.455 66.79
2024_0413_16:57:59 13 16.56 14.115
2024_0413_16:58:00 13 36.945 92.415
2024_0413_16:58:01 13 -0.015 -0.005
2024_0413_16:58:01 13 40.645 49.425
2024_0413_16:58:07 13 -0.465 1.36
2024_0413_16:58:08 13 0.14 0.19
2024_0413_16:58:08 13 0.655 -0.4
2024_0413_16:58:09 13 99.52 99.415
2024_0413_16:58:09 13 -0.57 0.98
2024_0413_16:58:11 13 -0.92 -0.26
2024_0413_16:58:12 13 79.58 98.895
2024_0413_16:58:13 13 -0.915 -0.865
2024_0413_16:58:13 13 -0.23 -1.355
2024_0413_16:58:16 13 -0.415 -0.29
2024_0413_16:58:17 13 0.895 0.94
2024_0413_16:58:20 13 0.145 -0.13
2024_0413_16:58:24 13 -0.45 -0.465
2024_0413_16:58:24 13 -0.965 -1.09
2024_0413_16:58:25 13 0.25 -1.175
2024_0413_16:58:27 13 74.43 49.505
2024_0413_16:58:30 13 -1.8 49.81
2024_0413_16:58:31 13 0.115 -0.17
2024_0413_16:58:31 13 -0.54 2.005
2024_0413_16:58:33 13 36.07 41.555
2024_0413_16:58:34 13 48.815 48.19
2024_0413_16:58:35 13 1.04 -0.31
2024_0413_16:58:36 13 50.645 44.79
2024_0413_16:58:38 13 -0.935 1.165
2024_0413_16:58:39 13 81.28 85.99
2024_0413_16:58:39 13 94.705 84.715
2024_0413_16:58:40 13 52.66 -52.38
2024_0413_16:58:43 13 49.78 77.725
2024_0413_16:58:46 13 -2.69 16.72
2024_0413_16:58:48 13 53.575 87.5
2024_0413_16:58:48 13 0.01 0.015
2024_0413_16:58:49 13 0.515 0.37
2024_0413_16:58:52 13 99.235 99.63
2024_0413_16:58:54 13 62.94 96.65
2024_0413_16:58:54 13 -0.055 15.67
2024_0413_16:58:56 13 -33.91 33.135
2024_0413_16:58:58 13 73.18 77.645
2024_0413_16:58:59 13 7.73 10.77
2024_0413_16:59:00 13 0.465 -1.43
2024_0413_16:59:00 13 33.025 48.86
2024_0413_16:59:01 13 49.045 49.53
2024_0413_16:59:03 13 99.195 83.905
2024_0413_16:59:03 13 76.86 71.2
2024_0413_16:59:07 13 9.7 7.26
2024_0413_16:59:08 14 0.37 0.515
2024_0413_16:59:11 14 50.525 48.9
2024_0413_16:59:12 14 10.185 6.445
2024_0413_16:59:14 14 0.0 0.015
2024_0413_16:59:15 14 98.225 75.275
2024_0413_16:59:17 14 0.02 0.01
2024_0413_16:59:19 14 -0.085 -0.265
2024_0413_16:59:19 14 72.84 82.35
2024_0413_16:59:22 14 -99.98 -49.99
2024_0413_16:59:22 14 -0.175 42.155
2024_0413_16:59:25 14 -0.39 -1.465
2024_0413_16:59:26 14 64.74 83.28
2024_0413_16:59:26 14 -0.15 0.795
2024_0413_16:59:27 14 43.96 31.15
2024_0413_16:59:29 14 0.51 -1.255
2024_0413_16:59:30 14 -0.02 -0.095
2024_0413_16:59:34 14 31.15 33.835
2024_0413_16:59:34 14 0.09 0.05
2024_0413_16:59:38 14 0.135 -0.155
2024_0413_16:59:39 14 58.05 93.36
2024_0413_16:59:40 14 98.545 49.155
2024_0413_16:59:42 14 -0.51 -0.355
2024_0413_16:59:44 14 -0.08 43.16
2024_0413_16:59:45 14 75.655 18.85
2024_0413_16:59:46 14 67.74 53.94
2024_0413_16:59:47 14 80.54 98.995
2024_0413_16:59:48 14 2.73 1.855
2024_0413_16:59:50 14 -0.08 -0.36
2024_0413_16:59:51 14 99.98 -99.98
2024_0413_16:59:52 14 58.655 74.62
2024_0413_16:59:54 14 57.275 47.69
2024_0413_16:59:55 14 1.375 53.495
2024_0413_16:59:56 14 40.4 47.055
2024_0413_16:59:58 14 88.475 85.255
2024_0413_17:00:01 14 0.63 0.04
2024_0413_17:00:02 14 32.035 49.32
2024_0413_17:00:03 14 59.685 75.86
2024_0413_17:00:05 14 -0.12 0.185
2024_0413_17:00:08 14 0.01 -0.015
2024_0413_17:00:09 14 7.67 -9.115
2024_0413_17:00:10 14 40.97 36.01
2024_0413_17:00:12 14 -1.05 1.17
2024_0413_17:00:13 14 -0.135 0.185
2024_0413_17:00:13 14 98.41 64.515
2024_0413_17:00:16 14 8.27 -11.61
2024_0413_17:00:16 14 -0.28 1.02
2024_0413_17:00:16 14 12.875 9.32
2024_0413_17:00:19 14 98.3 86.235
2024_0413_17:00:19 14 0.09 -0.345
2024_0413_17:00:22 14 11.125 74.86
2024_0413_17:00:24 14 -1.045 0.265
2024_0413_17:00:24 14 -99.985 -100.0
2024_0413_17:00:29 14 49.86 99.455
2024_0413_17:00:29 14 39.395 77.925
2024_0413_17:00:31 14 -0.27 -0.76
2024_0413_17:00:32 14 -17.495 16.3
2024_0413_17:00:34 14 45.15 59.705
2024_0413_17:00:35 14 -9.43 9.665
2024_0413_17:00:35 14 99.575 99.255
2024_0413_17:00:36 14 59.79 99.24
2024_0413_17:00:40 14 82.46 36.81
2024_0413_17:00:41 14 75.775 16.54
2024_0413_17:00:42 14 -10.215 10.145
2024_0413_17:00:43 14 31.42 26.095
2024_0413_17:00:46 14 97.355 90.05
2024_0413_17:00:47 14 98.66 61.245
2024_0413_17:00:48 14 12.81 2.61
2024_0413_17:00:55 14 9.08 13.645
2024_0413_17:00:56 14 -0.745 0.55
2024_0413_17:00:57 14 80.51 92.45
2024_0413_17:00:57 14 -0.34 -0.15
2024_0413_17:00:58 14 0.13 -1.32
2024_0413_17:00:59 14 0.035 -0.025
2024_0413_17:01:00 14 84.37 60.5
2024_0413_17:01:01 14 95.94 61.37
2024_0413_17:01:03 14 42.275 57.59
2024_0413_17:01:04 14 17.29 31.935
2024_0413_17:01:07 14 60.86 69.05
2024_0413_17:01:07 14 0.52 -1.095
2024_0413_17:01:10 14 -0.025 0.22
2024_0413_17:01:11 14 64.71 74.015
2024_0413_17:01:12 14 62.105 68.945
2024_0413_17:01:12 14 7.555 7.745
2024_0413_17:01:18 14 0.27 0.79
2024_0413_17:01:20 14 -0.015 0.58
2024_0413_17:01:21 14 -19.32 19.69
2024_0413_17:01:22 14 98.65 74.5
2024_0413_17:01:22 14 99.98 -49.99
2024_0413_17:01:23 14 79.625 75.31
2024_0413_17:01:23 14 -0.55 1.16
2024_0413_17:01:23 14 -1.045 -0.475
2024_0413_17:01:27 14 0.36 0.285
2024_0413_17:01:28 14 -0.27 -0.39
2024_0413_17:01:30 14 97.26 88.15
2024_0413_17:01:33 14 9.265 24.935
2024_0413_17:01:33 14 0.0 0.285
2024_0413_17:01:37 14 76.105 82.67
2024_0413_17:01:38 14 94.4 57.7
2024_0413_17:01:42 14 -0.175 1.01
2024_0413_17:01:44 14 58.185 46.41
2024_0413_17:01:45 14 24.765 40.84
2024_0413_17:01:45 14 -0.62 -0.48
2024_0413_17:01:46 14 38.125 83.145
2024_0413_17:01:47 14 84.095 79.6
2024_0413_17:01:50 14 -40.245 39.7
2024_0413_17:01:51 14 -1.41 1.97
2024_0413_17:01:52 14 -0.52 0.445
2024_0413_17:01:55 14 -0.055 94.455
2024_0413_17:01:59 14 60.135 88.85
2024_0413_17:02:00 14 39.44 -4.84
2024_0413_17:02:00 14 79.52 49.535
2024_0413_17:02:00 14 -1.09 -0.59
2024_0413_17:02:02 14 43.345 1.195
2024_0413_17:02:03 14 84.92 98.86
2024_0413_17:02:06 14 44.225 53.29
2024_0413_17:02:08 14 59.775 -60.025
2024_0413_17:02:08 14 99.425 92.245
2024_0413_17:02:09 14 57.235 37.86
2024_0413_17:02:10 14 0.975 -0.675
2024_0413_17:02:11 14 87.395 99.37
2024_0413_17:02:15 14 84.455 83.785
2024_0413_17:02:21 14 88.725 48.54
2024_0413_17:02:23 14 32.045 72.77
2024_0413_17:02:23 14 1.045 -0.365
2024_0413_17:02:23 14 0.93 1.05
2024_0413_17:02:24 14 41.73 53.455
2024_0413_17:02:24 14 -1.635 1.3
2024_0413_17:02:26 14 50.74 51.66
2024_0413_17:02:26 14 0.48 0.085
2024_0413_17:02:27 14 -0.09 -0.82
2024_0413_17:02:30 14 0.95 -0.11
2024_0413_17:02:32 14 52.87 99.525
2024_0413_17:02:32 14 -0.19 49.93
2024_0413_17:02:33 14 48.0 62.955
2024_0413_17:02:35 14 49.95 -0.115
2024_0413_17:02:36 14 59.49 48.71
2024_0413_17:02:38 14 78.525 49.745
2024_0413_17:02:46 14 96.805 17.04
2024_0413_17:02:46 14 99.52 99.29
2024_0413_17:02:47 14 -1.475 53.765
2024_0413_17:02:47 14 95.61 97.6
2024_0413_17:02:47 14 -0.075 -0.69
2024_0413_17:02:48 14 -35.92 35.585
2024_0413_17:02:50 14 47.43 -0.01
2024_0413_17:02:51 14 -0.605 -0.955
2024_0413_17:02:51 14 66.34 49.47
2024_0413_17:02:54 14 50.535 62.525
2024_0413_17:02:57 14 -1.3 -0.59
2024_0413_17:02:57 14 46.605 -0.025
2024_0413_17:02:58 14 82.91 50.24
2024_0413_17:03:00 14 87.705 58.3
2024_0413_17:03:01 14 39.575 -0.25
2024_0413_17:03:09 14 79.57 72.25
2024_0413_17:03:10 14 -9.55 8.37
2024_0413_17:03:11 14 64.635 -0.02
2024_0413_17:03:11 14 41.375 38.755
2024_0413_17:03:13 14 -33.18 33.955
2024_0413_17:03:13 14 -49.995 99.97
2024_0413_17:03:14 14 96.7 79.475
2024_0413_17:03:15 14 49.905 9.475
2024_0413_17:03:15 14 0.585 -0.01
2024_0413_17:03:15 14 -0.635 1.09
2024_0413_17:03:19 14 -1.585 0.185
2024_0413_17:03:20 14 58.39 42.565
2024_0413_17:03:24 14 24.9 28.02
2024_0413_17:03:26 14 54.035 76.065
2024_0413_17:03:28 14 3.945 24.73
2024_0413_17:03:33 15 83.42 68.36
2024_0413_17:03:34 15 87.675 83.155
2024_0413_17:03:34 14 -0.08 -0.305
2024_0413_17:03:36 15 98.015 97.815
2024_0413_17:03:36 15 43.56 49.525
2024_0413_17:03:37 15 30.17 25.13
2024_0413_17:03:37 15 0.095 -0.135
2024_0413_17:03:38 15 -0.515 0.28
2024_0413_17:03:38 15 -0.29 -0.555
2024_0413_17:03:38 15 19.03 31.715
2024_0413_17:03:42 15 86.365 99.355
2024_0413_17:03:43 15 84.115 70.645
2024_0413_17:03:43 15 9.53 1.77
2024_0413_17:03:50 15 48.02 52.17
2024_0413_17:03:50 15 9.61 5.4
2024_0413_17:03:55 15 81.0 83.625
2024_0413_17:03:56 15 -0.12 -0.16
2024_0413_17:03:57 15 41.885 33.46
2024_0413_17:03:59 15 20.135 49.715
2024_0413_17:03:59 15 0.74 12.6
2024_0413_17:04:02 15 20.445 24.385
2024_0413_17:04:03 15 77.335 22.6
2024_0413_17:04:03 15 46.275 5.135
2024_0413_17:04:04 15 46.79 37.02
2024_0413_17:04:04 15 54.475 49.775
2024_0413_17:04:04 15 6.225 9.455
2024_0413_17:04:05 15 0.57 -0.49
2024_0413_17:04:17 15 0.355 -0.83
2024_0413_17:04:19 15 9.645 -11.375
2024_0413_17:04:19 15 67.135 69.095
2024_0413_17:04:21 15 0.005 -1.005
2024_0413_17:04:22 15 0.19 1.545
2024_0413_17:04:22 15 56.815 58.655
2024_0413_17:04:22 15 91.68 74.42
2024_0413_17:04:22 15 -0.345 1.435
2024_0413_17:04:25 15 43.09 49.365
2024_0413_17:04:25 15 24.155 94.865
2024_0413_17:04:27 15 35.905 -16.83
2024_0413_17:04:28 15 12.855 -12.07
2024_0413_17:04:28 15 45.045 74.15
2024_0413_17:04:29 15 27.745 59.68
2024_0413_17:04:33 15 31.475 -19.555
2024_0413_17:04:35 15 8.57 -8.345
2024_0413_17:04:43 15 -0.16 0.265
2024_0413_17:04:43 15 55.14 79.865
2024_0413_17:04:45 15 45.765 83.36
2024_0413_17:04:46 15 79.08 49.595
2024_0413_17:04:46 15 99.495 86.895
2024_0413_17:04:46 15 38.425 50.89
2024_0413_17:04:47 15 93.025 68.68
2024_0413_17:04:49 15 -0.055 0.965
2024_0413_17:04:49 15 8.545 -7.585
2024_0413_17:04:50 15 20.195 66.755
2024_0413_17:04:53 15 -8.715 8.335
2024_0413_17:04:54 15 88.045 81.59
2024_0413_17:04:55 15 -0.16 0.09
2024_0413_17:04:58 15 0.355 -0.085
2024_0413_17:04:59 15 0.0 -0.005
2024_0413_17:05:07 15 -0.505 -0.105
2024_0413_17:05:07 15 22.53 61.715
2024_0413_17:05:08 15 78.42 89.0
2024_0413_17:05:09 15 51.345 96.33
2024_0413_17:05:10 15 99.29 79.95
2024_0413_17:05:10 15 48.47 57.395
2024_0413_17:05:11 15 0.865 0.295
2024_0413_17:05:11 15 97.135 29.345
2024_0413_17:05:12 15 92.995 46.14
2024_0413_17:05:14 15 49.67 82.41
2024_0413_17:05:14 15 80.16 87.72
2024_0413_17:05:19 15 42.83 56.78
2024_0413_17:05:19 15 28.215 26.995
2024_0413_17:05:22 15 7.315 10.405
2024_0413_17:05:23 15 61.15 66.38
2024_0413_17:05:25 15 -2.98 2.22
2024_0413_17:05:32 15 50.23 49.505
2024_0413_17:05:32 15 0.67 0.435
2024_0413_17:05:33 15 46.965 72.495
2024_0413_17:05:33 15 1.465 -1.47
2024_0413_17:05:34 15 -1.88 48.96
2024_0413_17:05:34 15 59.3 49.74
2024_0413_17:05:37 15 4.47 8.815
2024_0413_17:05:38 15 78.92 86.225
2024_0413_17:05:44 15 -9.965 10.105
2024_0413_17:05:45 15 90.285 49.525
2024_0413_17:05:45 15 -0.355 -0.265
2024_0413_17:05:46 15 -0.33 -0.825
2024_0413_17:05:48 15 18.8 27.355
2024_0413_17:05:53 15 49.995 -99.97
2024_0413_17:05:53 15 -0.105 0.6
2024_0413_17:05:54 15 90.275 42.38
2024_0413_17:05:55 15 -0.26 -0.22
2024_0413_17:05:55 15 95.61 89.265
2024_0413_17:05:56 15 0.995 0.04
2024_0413_17:05:56 15 -99.965 99.985
2024_0413_17:05:58 15 0.085 -0.04
2024_0413_17:06:01 15 56.19 64.885
2024_0413_17:06:05 15 -0.15 49.925
2024_0413_17:06:07 15 95.79 54.205
2024_0413_17:06:08 15 98.54 96.5
2024_0413_17:06:09 15 40.805 39.015
2024_0413_17:06:10 15 48.995 72.395
2024_0413_17:06:13 15 46.82 42.035
2024_0413_17:06:17 15 99.105 56.095
2024_0413_17:06:17 15 43.14 67.89
2024_0413_17:06:17 15 0.48 1.14
2024_0413_17:06:17 15 -99.985 49.99
2024_0413_17:06:20 15 -9.885 9.96
2024_0413_17:06:21 15 81.41 94.57
2024_0413_17:06:21 15 -0.7 0.42
2024_0413_17:06:21 15 1.53 -0.345
2024_0413_17:06:24 15 63.92 40.71
2024_0413_17:06:26 15 0.18 -0.52
2024_0413_17:06:30 15 -12.045 49.915
2024_0413_17:06:32 15 59.34 93.14
2024_0413_17:06:33 15 -0.115 -0.68
2024_0413_17:06:36 15 11.18 -12.425
2024_0413_17:06:38 15 -1.265 0.865
2024_0413_17:06:39 15 47.82 72.41
2024_0413_17:06:40 15 39.18 99.025
2024_0413_17:06:41 15 2.57 1.77
2024_0413_17:06:41 15 -0.66 -0.815
2024_0413_17:06:43 15 11.68 18.97
2024_0413_17:06:44 15 -10.58 13.35
2024_0413_17:06:45 15 0.67 -0.185
2024_0413_17:06:46 15 34.135 60.165
2024_0413_17:06:47 15 0.275 -0.69
2024_0413_17:06:51 15 15.505 21.44
2024_0413_17:06:52 15 79.23 82.68
2024_0413_17:06:53 15 100.0 -100.0
2024_0413_17:06:56 15 24.38 40.06
2024_0413_17:07:01 15 0.625 0.06
2024_0413_17:07:01 15 -99.99 -99.99
2024_0413_17:07:03 15 -1.375 0.265
2024_0413_17:07:03 15 -0.115 0.31
2024_0413_17:07:04 15 99.805 5.065
2024_0413_17:07:05 15 97.415 72.29
2024_0413_17:07:06 15 0.68 0.27
2024_0413_17:07:09 15 81.38 94.915
2024_0413_17:07:10 15 1.51 2.55
2024_0413_17:07:13 15 95.87 97.985
2024_0413_17:07:14 15 -0.455 0.51
2024_0413_17:07:16 15 92.52 26.02
2024_0413_17:07:18 15 64.35 70.22
2024_0413_17:07:21 15 67.37 75.83
2024_0413_17:07:21 15 83.035 70.72
2024_0413_17:07:25 16 11.03 -11.63
2024_0413_17:07:25 16 -11.605 52.985
2024_0413_17:07:27 16 42.93 93.335
2024_0413_17:07:28 16 1.49 -0.17
2024_0413_17:07:28 16 -0.255 -0.86
2024_0413_17:07:29 16 60.19 73.32
2024_0413_17:07:34 16 9.6 7.765
2024_0413_17:07:34 16 72.44 71.665
2024_0413_17:07:38 16 20.285 -19.905
2024_0413_17:07:39 16 99.52 80.88
2024_0413_17:07:40 16 -9.715 11.13
2024_0413_17:07:41 16 46.27 6.735
2024_0413_17:07:41 16 0.69 -0.06
2024_0413_17:07:45 16 82.18 52.75
2024_0413_17:07:45 16 -0.23 0.185
2024_0413_17:07:46 16 18.415 -15.735
2024_0413_17:07:51 16 98.84 99.21
2024_0413_17:07:51 16 42.19 -0.595
2024_0413_17:07:52 16 60.905 33.79
2024_0413_17:07:53 16 16.175 -17.535
2024_0413_17:07:54 16 24.865 43.895
2024_0413_17:07:58 16 42.29 56.235
2024_0413_17:07:59 16 79.315 85.84
2024_0413_17:07:59 16 1.67 -2.07
2024_0413_17:08:01 16 16.6 -17.285
2024_0413_17:08:03 16 99.2 99.265
2024_0413_17:08:03 16 39.92 65.25
2024_0413_17:08:05 16 -1.17 -0.175
2024_0413_17:08:07 16 74.7 99.265
2024_0413_17:08:10 16 0.23 -0.48
2024_0413_17:08:12 16 34.545 41.505
2024_0413_17:08:12 16 0.795 0.655
2024_0413_17:08:12 16 49.11 61.4
2024_0413_17:08:16 16 16.675 -16.17
2024_0413_17:08:21 16 40.17 71.82
2024_0413_17:08:22 16 16.48 -16.87
2024_0413_17:08:22 16 99.105 99.19
2024_0413_17:08:23 16 -27.55 61.365
2024_0413_17:08:25 16 0.36 -0.145
2024_0413_17:08:25 16 80.895 73.26
2024_0413_17:08:27 16 -5.335 5.45
2024_0413_17:08:29 16 -0.415 24.88
2024_0413_17:08:29 16 1.58 -0.265
2024_0413_17:08:32 16 -1.265 0.08
2024_0413_17:08:34 16 -0.2 -0.12
2024_0413_17:08:35 16 49.78 85.91
2024_0413_17:08:36 16 9.805 -10.1
2024_0413_17:08:37 16 0.015 -0.875
2024_0413_17:08:41 16 92.025 54.335
2024_0413_17:08:45 16 60.955 69.65
2024_0413_17:08:46 16 -0.115 -1.06
2024_0413_17:08:46 16 17.265 15.58
2024_0413_17:08:49 16 0.58 -0.455
2024_0413_17:08:49 16 -0.095 9.72
2024_0413_17:08:49 16 50.34 44.35
2024_0413_17:08:50 16 55.52 50.17
2024_0413_17:08:52 16 0.145 2.45
2024_0413_17:08:54 16 43.9 81.355
2024_0413_17:08:54 16 0.15 0.62
2024_0413_17:08:58 16 50.35 48.55
2024_0413_17:08:59 16 31.335 96.045
2024_0413_17:09:00 16 -0.39 0.135
2024_0413_17:09:01 16 0.03 0.76
2024_0413_17:09:01 16 86.445 53.1
2024_0413_17:09:08 16 49.48 32.24
2024_0413_17:09:09 16 98.57 37.25
2024_0413_17:09:10 16 33.695 28.69
2024_0413_17:09:12 16 -0.165 -0.175
2024_0413_17:09:12 16 41.76 96.02
2024_0413_17:09:12 16 -9.885 9.95
2024_0413_17:09:14 16 51.67 29.825
2024_0413_17:09:15 16 28.565 7.33
2024_0413_17:09:16 16 0.43 -0.43
2024_0413_17:09:18 16 47.705 47.655
2024_0413_17:09:18 16 95.975 74.38
2024_0413_17:09:22 16 28.08 6.64
2024_0413_17:09:22 16 24.995 -22.41
2024_0413_17:09:23 16 33.34 33.65
2024_0413_17:09:25 16 61.95 48.475
2024_0413_17:09:32 16 99.95 71.37
2024_0413_17:09:33 16 99.525 99.405
2024_0413_17:09:34 16 38.075 49.905
2024_0413_17:09:36 16 91.385 86.75
2024_0413_17:09:37 16 -0.68 0.42
2024_0413_17:09:37 16 -0.345 16.64
2024_0413_17:09:38 16 0.975 1.165
2024_0413_17:09:39 16 67.61 50.885
2024_0413_17:09:43 16 99.685 99.51
2024_0413_17:09:45 16 -99.99 49.995
2024_0413_17:09:46 16 -0.435 0.44
2024_0413_17:09:47 16 1.1 1.07
2024_0413_17:09:50 16 9.825 -10.32
2024_0413_17:09:51 16 71.455 92.545
2024_0413_17:09:53 16 71.165 99.3
2024_0413_17:09:57 16 1.37 -0.08
2024_0413_17:09:59 16 0.785 0.115
2024_0413_17:09:59 16 93.315 49.915
2024_0413_17:10:01 16 -16.665 15.08
2024_0413_17:10:02 16 -8.47 7.31
2024_0413_17:10:06 16 -49.995 -49.995
2024_0413_17:10:06 16 86.06 -0.05
2024_0413_17:10:07 16 74.735 98.975
2024_0413_17:10:10 16 29.475 29.03
2024_0413_17:10:13 16 75.195 99.395
2024_0413_17:10:15 16 45.79 63.055
2024_0413_17:10:17 16 8.38 2.175
2024_0413_17:10:18 16 56.69 38.96
2024_0413_17:10:20 16 0.655 -1.16
2024_0413_17:10:20 16 52.575 58.135
2024_0413_17:10:21 16 1.8 0.63
2024_0413_17:10:21 16 41.67 -0.455
2024_0413_17:10:22 16 1.01 0.405
2024_0413_17:10:23 16 99.97 99.99
2024_0413_17:10:24 16 17.435 11.505
2024_0413_17:10:30 16 6.435 9.145
2024_0413_17:10:31 16 51.43 98.79
2024_0413_17:10:31 17 -0.01 0.02
2024_0413_17:10:35 17 0.445 0.02
2024_0413_17:10:38 17 72.07 88.375
2024_0413_17:10:39 17 1.145 1.795
2024_0413_17:10:42 17 98.195 75.85
2024_0413_17:10:44 17 57.075 37.85
2024_0413_17:10:45 17 -0.255 20.01
2024_0413_17:10:45 17 99.645 77.15
2024_0413_17:10:45 17 34.625 43.06
2024_0413_17:10:45 17 51.985 81.71
2024_0413_17:10:46 17 9.38 10.43
2024_0413_17:10:51 17 68.61 73.95
2024_0413_17:10:55 17 83.38 95.01
2024_0413_17:10:55 17 -0.005 -0.015
2024_0413_17:10:58 17 29.29 36.49
2024_0413_17:10:58 17 72.855 60.615
2024_0413_17:11:01 17 -0.125 0.05
2024_0413_17:11:03 17 68.405 38.775
2024_0413_17:11:03 17 7.495 5.81
2024_0413_17:11:04 17 0.015 -0.155
2024_0413_17:11:09 17 69.4 96.725
2024_0413_17:11:10 17 16.595 18.74
2024_0413_17:11:11 17 1.19 0.2
2024_0413_17:11:12 17 40.155 -40.425
2024_0413_17:11:12 17 59.835 74.29
2024_0413_17:11:13 17 -0.075 4.59
2024_0413_17:11:18 17 0.365 0.25
2024_0413_17:11:18 17 -0.055 0.165
2024_0413_17:11:19 17 51.49 73.96
2024_0413_17:11:20 17 -0.245 0.36
2024_0413_17:11:24 17 17.94 49.635
2024_0413_17:11:26 17 -7.415 5.565
2024_0413_17:11:28 17 -10.705 57.865
2024_0413_17:11:28 17 -0.055 -0.12
2024_0413_17:11:28 17 49.705 24.95
2024_0413_17:11:33 17 -50.19 49.81
2024_0413_17:11:33 17 89.175 31.68
2024_0413_17:11:37 17 48.57 81.15
2024_0413_17:11:37 17 13.25 13.32
2024_0413_17:11:39 17 53.64 57.9
2024_0413_17:11:40 17 18.825 18.285
2024_0413_17:11:42 17 39.495 -39.18
2024_0413_17:11:42 17 47.835 51.25
2024_0413_17:11:46 17 -0.045 0.0
2024_0413_17:11:48 17 48.425 44.41
2024_0413_17:11:51 17 48.7 45.705
2024_0413_17:11:51 17 58.095 73.55
2024_0413_17:11:55 17 1.565 -0.585
2024_0413_17:11:56 17 49.935 78.13
2024_0413_17:11:57 17 47.47 65.9
2024_0413_17:11:59 17 62.5 63.4
2024_0413_17:12:00 17 0.25 7.985
2024_0413_17:12:00 17 -0.455 10.005
2024_0413_17:12:01 17 37.145 67.475
2024_0413_17:12:03 17 39.63 56.985
2024_0413_17:12:05 17 32.35 24.33
2024_0413_17:12:06 17 0.51 0.83
2024_0413_17:12:07 17 9.94 -7.655
2024_0413_17:12:09 17 34.13 49.52
2024_0413_17:12:09 17 76.925 61.255
2024_0413_17:12:15 17 -0.165 -0.73
2024_0413_17:12:19 17 -9.01 28.805
2024_0413_17:12:21 17 96.535 47.8
2024_0413_17:12:21 17 42.07 99.48
2024_0413_17:12:21 17 9.24 -10.22
2024_0413_17:12:21 17 0.175 -0.505
2024_0413_17:12:24 17 76.995 53.75
2024_0413_17:12:24 17 2.565 -3.16
2024_0413_17:12:27 17 12.09 9.175
2024_0413_17:12:29 17 -100.0 -99.98
2024_0413_17:12:31 17 97.225 95.495
2024_0413_17:12:32 17 99.095 99.145
2024_0413_17:12:33 17 1.625 -0.305
2024_0413_17:12:34 17 59.11 98.875
2024_0413_17:12:34 17 94.945 95.12
2024_0413_17:12:35 17 47.915 50.91
2024_0413_17:12:44 17 78.78 89.75
2024_0413_17:12:46 17 -0.09 -0.45
2024_0413_17:12:47 17 8.465 9.71
2024_0413_17:12:50 17 28.62 10.53
2024_0413_17:12:52 17 69.87 47.49
2024_0413_17:12:53 17 -0.635 -0.07
2024_0413_17:12:53 17 24.085 3.015
2024_0413_17:12:54 17 58.37 58.885
2024_0413_17:12:56 17 0.555 -0.075
2024_0413_17:12:57 17 -0.99 -0.93
2024_0413_17:12:57 17 68.475 49.13
2024_0413_17:12:58 17 -19.745 19.32
2024_0413_17:12:58 17 94.57 78.07
2024_0413_17:13:07 17 99.015 52.29
2024_0413_17:13:07 17 86.9 92.365
2024_0413_17:13:08 17 13.89 15.925
2024_0413_17:13:09 17 10.855 -9.425
2024_0413_17:13:11 17 -9.855 10.265
2024_0413_17:13:16 17 -1.9 2.16
2024_0413_17:13:18 17 -7.705 7.515
2024_0413_17:13:19 17 -0.055 0.165
2024_0413_17:13:20 17 12.585 -11.8
2024_0413_17:13:21 17 -5.615 5.46
2024_0413_17:13:21 17 0.315 -0.935
2024_0413_17:13:21 17 17.465 43.835
2024_0413_17:13:21 17 -0.55 -0.665
2024_0413_17:13:21 17 47.93 98.85
2024_0413_17:13:22 17 1.455 -0.325
2024_0413_17:13:25 17 60.21 57.165
2024_0413_17:13:30 17 98.025 65.28
2024_0413_17:13:33 17 0.005 0.655
2024_0413_17:13:33 17 -9.915 16.26
2024_0413_17:13:35 17 -25.025 25.745
2024_0413_17:13:36 17 0.33 0.06
2024_0413_17:13:43 17 0.22 -0.215
2024_0413_17:13:43 17 -1.21 -1.4
2024_0413_17:13:43 17 60.83 45.725
2024_0413_17:13:44 17 0.16 0.995
2024_0413_17:13:45 17 6.595 25.86
2024_0413_17:13:45 17 -10.765 9.955
2024_0413_17:13:46 17 0.865 -1.54
2024_0413_17:13:51 17 28.11 45.95
2024_0413_17:13:58 17 -13.78 16.035
2024_0413_17:13:58 17 59.265 79.195
2024_0413_17:13:59 17 -1.615 0.28
2024_0413_17:14:00 17 4.465 -0.03
2024_0413_17:14:00 17 -1.05 -1.195
2024_0413_17:14:06 17 67.625 49.65
2024_0413_17:14:07 17 0.13 -0.56
2024_0413_17:14:07 17 -1.175 0.145
2024_0413_17:14:09 17 61.705 67.17
2024_0413_17:14:09 17 -0.485 1.775
2024_0413_17:14:09 17 0.97 0.08
2024_0413_17:14:10 17 79.355 80.81
2024_0413_17:14:10 17 5.465 8.57
2024_0413_17:14:11 17 0.04 0.855
2024_0413_17:14:13 18 98.305 98.285
2024_0413_17:14:13 17 21.405 23.125
2024_0413_17:14:21 18 24.955 16.52
2024_0413_17:14:21 18 78.81 76.77
2024_0413_17:14:25 18 63.755 41.085
2024_0413_17:14:26 18 32.945 74.455
2024_0413_17:14:30 18 -0.155 0.71
2024_0413_17:14:33 18 43.81 52.155
2024_0413_17:14:33 18 -15.31 15.455
2024_0413_17:14:33 18 -49.99 49.995
2024_0413_17:14:34 18 -0.965 0.235
2024_0413_17:14:37 18 73.235 67.565
2024_0413_17:14:37 18 98.94 95.15
2024_0413_17:14:37 18 47.815 -47.47
2024_0413_17:14:38 18 99.28 98.525
2024_0413_17:14:40 18 12.02 11.115
2024_0413_17:14:43 18 36.88 49.47
2024_0413_17:14:45 18 33.15 -3.69
2024_0413_17:14:45 18 59.925 49.88
2024_0413_17:14:47 18 99.405 49.565
2024_0413_17:14:50 18 49.915 -0.345
2024_0413_17:14:55 18 57.275 39.915
2024_0413_17:14:57 18 1.12 2.025
2024_0413_17:14:59 18 -0.32 16.51
2024_0413_17:15:00 18 4.275 4.77
2024_0413_17:15:01 18 3.71 0.79
2024_0413_17:15:02 18 45.55 50.745
2024_0413_17:15:05 18 58.82 87.41
2024_0413_17:15:06 18 13.185 11.61
2024_0413_17:15:06 18 9.115 10.25
2024_0413_17:15:07 18 1.455 -0.31
2024_0413_17:15:08 18 42.115 61.255
2024_0413_17:15:11 18 32.235 50.685
2024_0413_17:15:11 18 64.365 43.815
2024_0413_17:15:12 18 25.485 36.975
2024_0413_17:15:12 18 -7.095 32.3
2024_0413_17:15:16 18 94.095 99.39
2024_0413_17:15:21 18 0.26 0.705
2024_0413_17:15:21 18 46.695 57.35
2024_0413_17:15:27 18 -10.845 10.285
2024_0413_17:15:27 18 42.705 57.75
2024_0413_17:15:30 18 -0.765 -0.23
2024_0413_17:15:31 18 -0.395 -2.94
2024_0413_17:15:31 18 -0.005 0.885
2024_0413_17:15:34 18 20.46 -8.815
2024_0413_17:15:34 18 -1.105 0.475
2024_0413_17:15:36 18 67.12 71.85
2024_0413_17:15:37 18 0.29 -0.035
2024_0413_17:15:39 18 -0.715 5.645
2024_0413_17:15:41 18 55.385 -2.17
2024_0413_17:15:42 18 53.02 44.025
2024_0413_17:15:43 18 58.25 39.545
2024_0413_17:15:47 18 67.455 67.87
2024_0413_17:15:51 18 -0.02 0.085
2024_0413_17:15:51 18 56.085 85.86
2024_0413_17:15:55 18 0.43 -0.225
2024_0413_17:15:57 18 48.465 57.655
2024_0413_17:15:58 18 37.9 43.46
2024_0413_17:15:58 18 0.11 -0.17
2024_0413_17:15:58 18 29.72 34.62
2024_0413_17:15:59 18 33.135 99.44
2024_0413_17:16:02 18 0.235 0.215
2024_0413_17:16:06 18 -0.025 1.015
2024_0413_17:16:07 18 14.68 -0.255
2024_0413_17:16:08 18 -9.505 49.905
2024_0413_17:16:08 18 20.725 19.25
2024_0413_17:16:10 18 0.0 -0.125
2024_0413_17:16:12 18 -5.79 19.385
2024_0413_17:16:16 18 74.89 48.585
2024_0413_17:16:16 18 -17.18 42.875
2024_0413_17:16:17 18 0.13 0.345
2024_0413_17:16:20 18 -3.8 29.92
2024_0413_17:16:20 18 -49.98 -99.995
2024_0413_17:16:21 18 49.205 62.7
2024_0413_17:16:22 18 34.695 29.895
2024_0413_17:16:29 18 0.26 0.07
2024_0413_17:16:31 18 75.07 98.97
2024_0413_17:16:31 18 0.405 0.365
2024_0413_17:16:33 18 26.05 41.135
2024_0413_17:16:33 18 97.38 94.72
2024_0413_17:16:35 18 60.615 95.3
2024_0413_17:16:35 18 69.085 48.425
2024_0413_17:16:41 18 -31.51 46.57
2024_0413_17:16:41 18 -1.21 -0.305
2024_0413_17:16:42 18 53.93 52.135
2024_0413_17:16:42 18 84.525 57.34
2024_0413_17:16:43 18 -12.17 11.725
2024_0413_17:16:44 18 49.945 51.985
2024_0413_17:16:45 18 49.57 84.815
2024_0413_17:16:46 18 -20.45 20.455
2024_0413_17:16:49 18 0.825 0.045
2024_0413_17:16:53 18 48.615 47.03
2024_0413_17:16:56 18 -1.025 0.045
2024_0413_17:16:58 18 69.445 64.175
2024_0413_17:16:58 18 16.305 16.12
2024_0413_17:16:58 18 -13.905 13.86
2024_0413_17:17:05 18 17.17 19.015
2024_0413_17:17:07 18 76.2 99.22
2024_0413_17:17:08 18 -3.115 2.185
2024_0413_17:17:08 18 78.95 49.335
2024_0413_17:17:09 18 -0.19 0.135
2024_0413_17:17:09 18 -99.95 0.0
2024_0413_17:17:10 18 28.25 23.505
2024_0413_17:17:10 18 49.12 98.665
2024_0413_17:17:11 18 -0.59 21.965
2024_0413_17:17:15 18 0.095 0.375
2024_0413_17:17:20 18 94.895 94.985
2024_0413_17:17:20 18 49.15 47.16
2024_0413_17:17:21 18 -0.095 0.06
2024_0413_17:17:23 18 39.29 28.665
2024_0413_17:17:25 18 -2.615 48.97
2024_0413_17:17:29 18 99.52 99.52
2024_0413_17:17:33 18 -0.805 0.66
2024_0413_17:17:33 18 -1.795 1.495
2024_0413_17:17:34 18 10.885 -10.065
2024_0413_17:17:35 18 95.605 74.34
2024_0413_17:17:36 18 -0.94 0.965
2024_0413_17:17:38 18 31.365 15.19
2024_0413_17:17:40 18 89.085 91.22
2024_0413_17:17:43 18 15.88 12.56
2024_0413_17:17:44 18 49.235 98.995
2024_0413_17:17:44 18 12.24 14.22
2024_0413_17:17:46 18 54.105 46.59
2024_0413_17:17:47 18 0.745 7.585
2024_0413_17:17:49 18 -49.99 49.985
2024_0413_17:17:53 18 99.35 98.745
2024_0413_17:17:55 18 20.63 25.63
2024_0413_17:17:56 18 99.98 -99.98
2024_0413_17:17:58 18 9.41 7.895
2024_0413_17:18:01 18 0.46 0.725
2024_0413_17:18:01 18 66.96 63.855
2024_0413_17:18:04 18 99.405 76.92
2024_0413_17:18:05 18 10.405 -7.165
2024_0413_17:18:08 18 0.43 0.15
2024_0413_17:18:10 18 0.37 -0.955
2024_0413_17:18:10 18 49.855 71.245
2024_0413_17:18:10 18 6.79 2.265
2024_0413_17:18:11 18 0.005 -0.09
2024_0413_17:18:11 18 25.28 46.005
2024_0413_17:18:13 18 18.205 -6.58
2024_0413_17:18:21 18 79.13 97.255
2024_0413_17:18:22 18 38.655 -2.01
2024_0413_17:18:23 18 1.745 0.05
2024_0413_17:18:25 18 0.985 0.45
2024_0413_17:18:25 18 -0.09 0.47
2024_0413_17:18:28 18 -1.485 0.065
2024_0413_17:18:30 18 -0.41 0.23
2024_0413_17:18:31 18 0.365 0.825
2024_0413_17:18:31 18 33.855 44.97
2024_0413_17:18:33 19 -1.735 -1.015
2024_0413_17:18:36 18 54.575 54.525
2024_0413_17:18:37 19 14.835 5.0
2024_0413_17:18:37 18 98.78 99.395
2024_0413_17:18:46 19 -0.98 0.885
2024_0413_17:18:48 19 88.31 34.78
2024_0413_17:18:49 19 89.675 32.45
2024_0413_17:18:50 19 65.83 78.75
2024_0413_17:18:53 18 0.99 -1.655
2024_0413_17:18:54 19 -0.765 0.59
2024_0413_17:18:56 19 55.72 31.87
2024_0413_17:18:58 19 64.81 25.42
2024_0413_17:18:58 19 45.065 63.01
2024_0413_17:18:58 19 96.78 57.385
2024_0413_17:18:59 19 -14.595 13.575
2024_0413_17:19:01 19 -0.865 -0.44
2024_0413_17:19:03 19 -0.27 -0.445
2024_0413_17:19:04 19 -0.04 0.045
2024_0413_17:19:04 19 -1.485 0.145
2024_0413_17:19:06 19 0.355 -0.895
2024_0413_17:19:13 19 -0.35 -0.095
2024_0413_17:19:13 19 -0.63 1.115
2024_0413_17:19:14 19 -8.045 11.375
2024_0413_17:19:16 19 -0.275 -0.65
2024_0413_17:19:19 19 84.69 49.32
2024_0413_17:19:23 19 -0.19 0.375
2024_0413_17:19:24 19 -0.335 1.465
2024_0413_17:19:27 19 -0.785 -0.925
2024_0413_17:19:27 19 84.895 67.38
2024_0413_17:19:29 19 43.675 87.515
2024_0413_17:19:29 19 22.48 64.53
2024_0413_17:19:31 19 49.895 25.085
2024_0413_17:19:32 19 0.105 -0.88
2024_0413_17:19:37 19 -2.595 -0.18
2024_0413_17:19:40 19 22.135 -0.7
2024_0413_17:19:42 19 42.235 50.88
2024_0413_17:19:43 19 13.635 -14.065
2024_0413_17:19:43 19 49.3 51.82
2024_0413_17:19:47 19 4.525 3.4
2024_0413_17:19:49 19 -0.425 1.14
2024_0413_17:19:50 19 1.61 0.145
2024_0413_17:19:52 19 14.685 10.795
2024_0413_17:19:53 19 -0.065 -0.16
2024_0413_17:19:58 19 1.77 -1.6
2024_0413_17:19:59 19 9.915 -1.205
2024_0413_17:20:03 19 16.76 -17.19
2024_0413_17:20:04 19 8.495 5.305
2024_0413_17:20:06 19 15.7 -16.845
2024_0413_17:20:06 19 45.235 41.595
2024_0413_17:20:08 19 7.95 9.68
2024_0413_17:20:09 19 1.485 0.71
2024_0413_17:20:12 19 3.195 -2.505
2024_0413_17:20:13 19 -0.015 73.21
2024_0413_17:20:14 19 87.35 94.845
2024_0413_17:20:17 19 -0.505 0.015
2024_0413_17:20:20 19 98.045 50.005
2024_0413_17:20:20 19 -0.88 49.375
2024_0413_17:20:21 19 0.81 0.555
2024_0413_17:20:23 19 -8.37 22.09
2024_0413_17:20:24 19 72.205 55.83
2024_0413_17:20:28 19 -0.135 0.96
2024_0413_17:20:29 19 81.145 39.44
2024_0413_17:20:29 19 75.5 72.065
2024_0413_17:20:31 19 91.46 74.965
2024_0413_17:20:35 19 5.44 5.635
2024_0413_17:20:37 19 9.685 7.7
2024_0413_17:20:40 19 19.745 -21.925
2024_0413_17:20:41 19 42.035 48.735
2024_0413_17:20:44 19 -9.585 11.345
2024_0413_17:20:48 19 0.79 0.495
2024_0413_17:20:48 19 97.865 94.055
2024_0413_17:20:50 19 0.435 0.995
2024_0413_17:20:51 19 48.76 86.845
2024_0413_17:20:51 19 -49.98 50.0
2024_0413_17:20:56 19 1.32 -0.255
2024_0413_17:20:57 19 -1.435 3.17
2024_0413_17:21:00 19 0.44 1.2
2024_0413_17:21:01 19 0.085 0.555
2024_0413_17:21:01 19 49.97 -41.845
2024_0413_17:21:06 19 -0.265 11.165
2024_0413_17:21:07 19 -0.23 -0.635
2024_0413_17:21:08 20 6.065 5.295
2024_0413_17:21:08 20 13.17 -11.25
2024_0413_17:21:09 20 -0.98 -0.81
2024_0413_17:21:14 20 2.275 0.07
2024_0413_17:21:16 20 -0.91 -0.42
2024_0413_17:21:16 20 49.245 56.365
2024_0413_17:21:22 20 81.53 71.905
2024_0413_17:21:22 20 -0.49 -0.325
2024_0413_17:21:32 20 33.36 62.62
2024_0413_17:21:32 20 60.23 57.795
2024_0413_17:21:32 20 1.06 15.3
2024_0413_17:21:34 20 99.39 79.53
2024_0413_17:21:35 20 99.98 -49.995
2024_0413_17:21:36 20 42.855 38.42
2024_0413_17:21:38 20 20.945 47.875
2024_0413_17:21:38 20 12.295 0.575
2024_0413_17:21:45 20 0.43 -0.29
2024_0413_17:21:46 20 -0.44 1.555
2024_0413_17:21:48 20 0.035 0.22
2024_0413_17:21:50 20 -99.99 49.99
2024_0413_17:21:50 20 20.485 49.865
2024_0413_17:21:53 20 27.125 50.655
2024_0413_17:21:55 20 -1.57 11.7
2024_0413_17:21:57 20 11.16 9.605
2024_0413_17:21:58 20 -0.875 6.395
2024_0413_17:22:00 20 0.455 0.22
2024_0413_17:22:01 20 16.205 14.21
2024_0413_17:22:05 20 98.28 98.52
2024_0413_17:22:06 20 15.11 41.9
2024_0413_17:22:08 20 31.15 27.775
2024_0413_17:22:12 20 -0.485 1.12
2024_0413_17:22:14 20 99.235 99.56
2024_0413_17:22:14 20 0.8 0.975
2024_0413_17:22:15 20 34.73 39.285
2024_0413_17:22:17 20 -13.865 12.44
2024_0413_17:22:17 20 0.03 1.37
2024_0413_17:22:22 20 69.375 62.665
2024_0413_17:22:22 20 46.295 24.32
2024_0413_17:22:24 20 32.44 12.34
2024_0413_17:22:24 20 8.635 -10.16
2024_0413_17:22:29 20 15.865 -16.915
2024_0413_17:22:30 20 0.01 0.005
2024_0413_17:22:31 20 1.07 1.82
2024_0413_17:22:36 20 90.79 39.315
2024_0413_17:22:39 20 70.075 70.99
2024_0413_17:22:43 20 0.31 -0.175
2024_0413_17:22:43 20 46.585 75.455
2024_0413_17:22:43 20 -11.68 11.24
2024_0413_17:22:43 20 46.005 48.275
2024_0413_17:22:44 20 -99.99 99.98
2024_0413_17:22:50 20 50.0 -49.585
2024_0413_17:22:51 20 47.695 48.635
2024_0413_17:22:51 20 1.36 0.39
2024_0413_17:22:51 20 -5.04 6.39
2024_0413_17:22:52 20 -0.19 1.595
2024_0413_17:22:54 20 3.4 2.815
2024_0413_17:22:55 20 88.8 81.845
2024_0413_17:22:56 20 2.17 1.05
2024_0413_17:22:58 20 -0.65 0.81
2024_0413_17:23:05 20 42.33 54.775
2024_0413_17:23:07 20 17.185 17.525
2024_0413_17:23:09 20 99.275 77.575
2024_0413_17:23:12 20 88.985 98.645
2024_0413_17:23:13 20 20.24 38.195
2024_0413_17:23:16 20 -0.09 46.13
2024_0413_17:23:17 20 65.73 69.25
2024_0413_17:23:17 20 28.075 27.885
2024_0413_17:23:19 20 -1.335 61.01
2024_0413_17:23:20 20 49.99 49.975
2024_0413_17:23:21 20 8.055 10.19
2024_0413_17:23:22 20 95.69 71.815
2024_0413_17:23:22 20 15.425 13.01
2024_0413_17:23:25 20 27.755 26.565
2024_0413_17:23:29 20 0.545 0.605
2024_0413_17:23:31 20 -20.475 19.76
2024_0413_17:23:33 20 48.005 46.885
2024_0413_17:23:34 20 37.12 22.645
2024_0413_17:23:39 20 13.99 -11.47
2024_0413_17:23:41 1 58.64 79.285
2024_0413_17:23:42 1 99.52 55.255
2024_0413_17:23:44 20 39.735 27.59
2024_0413_17:23:44 20 44.155 18.995
2024_0413_17:23:44 13 97.64 79.385
2024_0413_17:23:45 9 49.48 56.56
2024_0413_17:23:45 20 -9.95 10.24
2024_0413_17:23:47 20 42.765 89.14
2024_0413_17:23:48 13 8.68 6.875
2024_0413_17:23:49 9 99.54 79.46
2024_0413_17:23:52 13 -1.545 0.345
2024_0413_17:23:56 13 0.45 -1.25
2024_0413_17:23:57 14 75.61 97.195
2024_0413_17:23:59 14 0.63 -0.15
2024_0413_17:24:01 13 98.81 57.775
2024_0413_17:24:04 14 0.145 0.215
2024_0413_17:24:05 14 -0.02 -0.64
2024_0413_17:24:06 15 -0.875 -1.005
2024_0413_17:24:08 15 0.005 -0.03
2024_0413_17:24:10 15 33.21 -33.37
2024_0413_17:24:10 14 -0.82 0.245
2024_0413_17:24:11 15 -17.135 16.27
2024_0413_17:24:11 16 -49.995 -49.995
2024_0413_17:24:12 15 26.885 -27.87
2024_0413_17:24:13 15 -0.08 -0.665
2024_0413_17:24:13 15 4.67 1.315
2024_0413_17:24:16 16 18.76 21.85
2024_0413_17:24:18 16 98.91 67.625
2024_0413_17:24:25 16 72.14 64.75
2024_0413_17:24:26 16 45.38 45.75
2024_0413_17:24:27 16 41.19 25.935
2024_0413_17:24:28 17 47.85 20.885
2024_0413_17:24:29 16 45.23 64.595
2024_0413_17:24:30 17 0.325 0.79
2024_0413_17:24:34 17 0.355 -0.06
2024_0413_17:24:34 17 48.445 47.2
2024_0413_17:24:36 17 -0.015 -0.015
2024_0413_17:24:36 17 83.27 66.19
2024_0413_17:24:37 17 18.535 -1.63
2024_0413_17:24:38 18 99.56 99.175
2024_0413_17:24:39 18 63.91 48.94
2024_0413_17:24:44 18 -7.305 8.47
2024_0413_17:24:45 17 -0.795 -0.17
2024_0413_17:24:50 18 49.835 98.865
2024_0413_17:24:51 18 10.02 -10.155
2024_0413_17:24:52 18 88.26 93.775
2024_0413_17:24:53 18 12.385 12.08
2024_0413_17:24:53 19 89.805 97.42
2024_0413_17:24:57 19 9.23 -10.01
2024_0413_17:25:00 19 24.8 -24.91
2024_0413_17:25:01 19 14.67 -15.765
2024_0413_17:25:02 19 3.32 4.165
2024_0413_17:25:03 19 78.205 39.955
2024_0413_17:25:04 19 1.48 -1.555
2024_0413_17:25:05 19 38.305 36.845
2024_0413_17:25:06 19 -0.32 1.09
2024_0413_17:25:08 19 46.31 38.55
2024_0413_17:25:10 19 -0.075 0.005
2024_0413_17:25:14 20 1.73 0.215
2024_0413_17:25:15 20 51.175 27.79
2024_0413_17:25:18 20 0.48 0.35
2024_0413_17:25:21 20 -0.205 99.58
2024_0413_17:25:25 20 72.52 99.61
2024_0413_17:25:26 17 12.96 -11.135
2024_0413_17:25:27 17 49.675 -49.715
2024_0413_17:25:34 20 -0.26 0.815
2024_0413_17:25:34 20 15.945 14.19
2024_0413_17:25:42 20 86.15 97.38
