0.20683000000013646 0.11868500000004831 0.027855000000003193 0.006694999999999811 0.02275500000000163 0.021925000000001377 0.020545000000000955 0.020290000000000877 0.020255000000000866 0.007929999999999762 0.0439749999999993 0.03667500000000213 0.061654999999992445 0.05844999999999369 0.06654999999999617 0.050869999999996626 0.06415999999999378 0.06262999999999225 0.04189000000000011 0.03938000000000108 
2024_0413_16:16:19 8 82.8625 98.28125
2024_0413_16:16:20 2 99.25 99.00625
2024_0413_16:16:20 7 99.0875 99.00625
2024_0413_16:16:20 1 99.6125 77.48125
2024_0413_16:16:20 3 85.66875 73.4875
2024_0413_16:16:20 1 49.6875 99.38125
2024_0413_16:16:21 2 98.65625 99.20625
2024_0413_16:16:21 11 78.33125 99.35625
2024_0413_16:16:21 1 76.13125 52.15
2024_0413_16:16:21 10 68.175 99.15
2024_0413_16:16:21 4 92.41875 95.85
2024_0413_16:16:21 6 77.1375 99.475
2024_0413_16:16:21 6 73.75 49.425
2024_0413_16:16:22 11 1.75 -0.10625
2024_0413_16:16:23 9 97.43125 99.425
2024_0413_16:16:41 13 93.30625 49.48125
2024_0413_16:16:42 15 0.6 -0.28125
2024_0413_16:16:43 20 0.1875 1.29375
2024_0413_16:16:43 15 -0.0125 0.6125
2024_0413_16:16:44 18 -10.01875 10.225
2024_0413_16:16:46 17 0.2875 -0.1
2024_0413_16:16:46 13 -40.35625 49.95
2024_0413_16:16:47 14 97.8875 24.45
2024_0413_16:16:47 16 0.55 -0.775
2024_0413_16:16:50 12 31.6125 -0.375
2024_0413_16:16:51 5 99.43125 99.53125
2024_0413_16:16:54 17 1.61875 -0.2625
2024_0413_16:17:03 19 14.325 10.5
2024_0413_16:17:07 18 29.46875 11.15625
2024_0413_16:17:08 20 1.29375 -1.0375
2024_0413_16:17:28 1 99.28125 49.33125
2024_0413_16:17:29 1 87.75 99.3875
2024_0413_16:17:29 3 87.93125 65.975
2024_0413_16:17:29 6 99.26875 99.60625
2024_0413_16:17:29 11 99.5625 87.825
2024_0413_16:17:29 2 74.9625 99.275
2024_0413_16:17:30 7 67.45625 74.50625
2024_0413_16:17:30 11 99.975 -99.975
2024_0413_16:17:30 5 99.33125 99.38125
2024_0413_16:17:30 11 -1.2 0.9
2024_0413_16:17:31 11 0.45 -0.83125
2024_0413_16:17:31 8 66.525 49.74375
2024_0413_16:17:32 10 28.55 94.25625
2024_0413_16:17:34 9 61.9625 77.5625
2024_0413_16:17:34 4 64.01875 40.54375
2024_0413_16:17:38 11 -0.1 -0.08125
2024_0413_16:17:50 12 -16.33125 16.58125
2024_0413_16:17:51 13 30.1 98.025
2024_0413_16:17:52 13 10.575 48.78125
2024_0413_16:17:52 13 11.4875 -11.56875
2024_0413_16:17:53 16 -0.8375 95.9
2024_0413_16:17:53 14 99.2375 99.50625
2024_0413_16:17:54 15 0.36875 41.40625
2024_0413_16:17:54 18 78.98125 94.3625
2024_0413_16:17:56 19 0.23125 0.025
2024_0413_16:17:57 13 50.70625 50.7
2024_0413_16:17:57 17 0.0125 -1.15
2024_0413_16:18:00 20 93.575 98.9125
2024_0413_16:18:01 18 -14.375 13.4125
2024_0413_16:18:02 20 49.9625 -49.975
2024_0413_16:18:23 1 86.6125 83.11875
2024_0413_16:18:23 8 38.8125 99.29375
2024_0413_16:18:24 5 99.44375 81.41875
2024_0413_16:18:24 3 72.89375 68.0
2024_0413_16:18:24 2 45.21875 98.975
2024_0413_16:18:24 10 98.8125 48.45625
2024_0413_16:18:25 7 44.96875 96.48125
2024_0413_16:18:25 6 99.40625 84.9
2024_0413_16:18:25 11 99.25625 53.25625
2024_0413_16:18:25 1 86.3 74.18125
2024_0413_16:18:25 11 -1.125 -0.1125
2024_0413_16:18:25 12 99.14375 98.31875
2024_0413_16:18:26 11 74.41875 32.975
2024_0413_16:18:27 4 59.55 86.1875
2024_0413_16:18:27 9 99.51875 99.575
2024_0413_16:18:28 10 90.74375 49.79375
2024_0413_16:18:45 12 0.10625 -0.38125
2024_0413_16:18:46 14 0.1125 -0.8
2024_0413_16:18:46 13 36.3875 49.25625
2024_0413_16:18:47 13 -0.25625 0.58125
2024_0413_16:18:48 13 39.45 -0.20625
2024_0413_16:18:49 16 -10.44375 58.375
2024_0413_16:18:49 15 55.31875 49.74375
2024_0413_16:18:52 17 49.66875 99.6625
2024_0413_16:18:52 18 -72.36875 72.49375
2024_0413_16:18:52 16 56.35 52.3
2024_0413_16:18:53 16 40.825 11.53125
2024_0413_16:18:54 15 41.7 -0.13125
2024_0413_16:18:56 14 -0.83125 0.175
2024_0413_16:18:56 18 0.0125 1.58125
2024_0413_16:18:57 13 -45.4375 51.19375
2024_0413_16:19:01 14 97.975 87.00625
2024_0413_16:19:08 18 1.2125 -0.13125
2024_0413_16:19:09 19 31.2625 -0.1375
2024_0413_16:19:11 20 63.08125 53.375
2024_0413_16:19:14 18 -7.55 48.2625
2024_0413_16:19:15 20 -0.53125 0.5375
2024_0413_16:19:15 18 -0.00625 -0.0125
2024_0413_16:19:18 20 11.90625 -12.1875
2024_0413_16:19:19 20 -0.775 2.05
2024_0413_16:19:39 2 48.325 98.28125
2024_0413_16:19:40 2 65.825 99.025
2024_0413_16:19:40 1 99.4125 99.53125
2024_0413_16:19:40 1 99.30625 87.8125
2024_0413_16:19:41 2 42.19375 98.98125
2024_0413_16:19:41 1 99.55625 99.425
2024_0413_16:19:41 2 78.69375 78.9375
2024_0413_16:19:41 5 82.1625 99.4625
2024_0413_16:19:42 4 52.625 63.48125
2024_0413_16:19:42 7 98.81875 98.625
2024_0413_16:19:42 6 99.45 99.5125
2024_0413_16:19:42 3 96.71875 92.9125
2024_0413_16:19:43 2 33.08125 30.3625
2024_0413_16:19:43 2 75.7125 98.59375
2024_0413_16:19:44 6 49.65 61.225
2024_0413_16:19:54 8 49.3375 49.56875
2024_0413_16:20:01 11 96.7125 96.69375
2024_0413_16:20:01 9 59.4375 49.68125
2024_0413_16:20:01 11 -1.3 -0.15
2024_0413_16:20:02 11 1.25 0.55
2024_0413_16:20:02 11 0.3 0.21875
2024_0413_16:20:03 11 72.1375 99.39375
2024_0413_16:20:04 11 -0.51875 -0.3625
2024_0413_16:20:04 11 0.825 0.175
2024_0413_16:20:04 11 -49.99375 -99.99375
2024_0413_16:20:04 11 -0.9 -0.4875
2024_0413_16:20:04 10 49.5 52.23125
2024_0413_16:20:04 12 90.2625 -0.025
2024_0413_16:20:05 12 49.43125 49.7125
2024_0413_16:20:06 12 58.41875 80.7125
2024_0413_16:20:08 12 -0.28125 -0.21875
2024_0413_16:20:17 12 92.4625 90.33125
2024_0413_16:20:23 12 -10.275 24.9625
2024_0413_16:20:24 12 84.8875 99.00625
2024_0413_16:20:25 13 49.575 16.50625
2024_0413_16:20:25 13 99.40625 59.18125
2024_0413_16:20:25 13 71.58125 79.575
2024_0413_16:20:26 13 49.55625 -51.2125
2024_0413_16:20:26 13 51.675 53.3375
2024_0413_16:20:27 13 -0.8625 0.65625
2024_0413_16:20:27 13 97.3125 83.5625
2024_0413_16:20:28 13 49.125 62.3125
2024_0413_16:20:28 14 0.70625 -0.03125
2024_0413_16:20:29 14 -0.8625 0.38125
2024_0413_16:20:29 13 1.1 -0.5375
2024_0413_16:20:31 14 82.425 74.6875
2024_0413_16:20:36 13 38.1375 34.96875
2024_0413_16:20:40 14 -13.70625 10.35625
2024_0413_16:20:46 14 -0.14375 1.49375
2024_0413_16:20:46 14 44.325 98.0
2024_0413_16:20:47 14 99.525 99.9875
2024_0413_16:20:49 14 1.88125 -0.45
2024_0413_16:20:50 14 -0.05 -0.00625
2024_0413_16:20:50 14 1.0625 -0.35625
2024_0413_16:20:53 15 0.925 2.0875
2024_0413_16:20:55 14 54.875 51.06875
2024_0413_16:20:56 15 -0.15 -0.1625
2024_0413_16:20:57 15 45.2875 22.025
2024_0413_16:20:59 15 75.14375 90.48125
2024_0413_16:21:00 15 7.275 3.5125
2024_0413_16:21:02 15 0.09375 -1.61875
2024_0413_16:21:04 15 71.35625 49.04375
2024_0413_16:21:04 15 0.35 0.2375
2024_0413_16:21:09 15 -0.03125 -0.59375
2024_0413_16:21:12 16 32.53125 57.79375
2024_0413_16:21:12 16 76.775 87.6
2024_0413_16:21:13 16 7.65625 -8.5
2024_0413_16:21:15 16 10.70625 5.85625
2024_0413_16:21:15 15 -37.48125 48.78125
2024_0413_16:21:16 16 16.19375 -16.08125
2024_0413_16:21:20 17 -0.3 -1.24375
2024_0413_16:21:21 17 -80.96875 79.325
2024_0413_16:21:21 17 37.6125 55.5
2024_0413_16:21:25 17 -8.35625 10.25
2024_0413_16:21:26 17 0.80625 0.1
2024_0413_16:21:26 17 39.5375 38.4375
2024_0413_16:21:28 17 -0.25 -0.125
2024_0413_16:21:29 17 7.725 8.8
2024_0413_16:21:30 17 99.9625 -49.9875
2024_0413_16:21:36 18 49.98125 -49.99375
2024_0413_16:21:36 18 -49.95 99.71875
2024_0413_16:21:39 18 49.9375 22.2375
2024_0413_16:21:40 18 48.2375 0.35
2024_0413_16:21:42 18 -16.7875 69.4
2024_0413_16:21:43 18 31.05625 98.825
2024_0413_16:21:44 19 19.25 38.66875
2024_0413_16:21:45 19 51.80625 72.6875
2024_0413_16:21:47 18 40.00625 -40.075
2024_0413_16:21:52 20 5.00625 74.075
2024_0413_16:21:53 20 52.3125 46.56875
2024_0413_16:21:54 20 1.3125 -0.6625
2024_0413_16:21:57 4 67.125 94.78125
2024_0413_16:21:57 20 1.35 0.03125
2024_0413_16:21:59 19 21.1625 47.6625
2024_0413_16:21:59 20 1.0625 -0.9625
2024_0413_16:22:02 17 24.98125 -0.2
2024_0413_16:22:02 18 51.58125 29.9875
2024_0413_16:22:03 15 47.73125 59.46875
2024_0413_16:22:09 20 -11.74375 12.6
2024_0413_16:22:16 20 27.91875 -11.21875
2024_0413_16:22:37 1 99.55625 99.51875
2024_0413_16:22:38 1 49.76875 87.1
2024_0413_16:22:38 2 78.64375 71.85
2024_0413_16:22:38 8 81.1625 98.80625
2024_0413_16:22:38 1 94.525 82.16875
2024_0413_16:22:39 5 66.725 99.6125
2024_0413_16:22:39 2 98.975 98.54375
2024_0413_16:22:39 3 49.24375 24.55
2024_0413_16:22:39 7 32.9125 94.68125
2024_0413_16:22:39 2 49.48125 49.4875
2024_0413_16:22:40 5 34.1375 33.19375
2024_0413_16:22:40 4 96.88125 71.73125
2024_0413_16:22:40 2 99.1625 99.48125
2024_0413_16:22:41 8 82.4625 45.38125
2024_0413_16:22:42 9 99.53125 99.55
2024_0413_16:22:43 6 79.54375 60.38125
2024_0413_16:23:00 11 -0.7625 0.1
2024_0413_16:23:00 10 28.675 98.35
2024_0413_16:23:00 11 0.275 0.26875
2024_0413_16:23:01 10 88.19375 49.16875
2024_0413_16:23:01 11 96.925 82.7375
2024_0413_16:23:01 11 0.35 0.26875
2024_0413_16:23:02 11 0.39375 0.76875
2024_0413_16:23:03 11 72.31875 91.79375
2024_0413_16:23:03 12 -0.96875 0.475
2024_0413_16:23:03 12 38.725 23.2625
2024_0413_16:23:03 11 79.55 86.6125
2024_0413_16:23:03 11 0.625 0.9
2024_0413_16:23:04 12 85.425 60.08125
2024_0413_16:23:07 11 1.075 0.46875
2024_0413_16:23:09 12 25.95 26.78125
2024_0413_16:23:15 9 99.3875 99.5125
2024_0413_16:23:22 12 0.50625 -0.1625
2024_0413_16:23:22 13 37.16875 56.7125
2024_0413_16:23:23 13 97.7125 74.3375
2024_0413_16:23:23 13 -49.99375 49.99375
2024_0413_16:23:23 12 0.46875 -0.225
2024_0413_16:23:24 13 90.8 67.6375
2024_0413_16:23:25 13 0.04375 -0.05625
2024_0413_16:23:25 13 60.35625 49.56875
2024_0413_16:23:26 13 0.8125 1.6375
2024_0413_16:23:27 13 94.33125 24.8
2024_0413_16:23:28 13 99.63125 -85.50625
2024_0413_16:23:29 13 0.2625 -0.275
2024_0413_16:23:29 14 99.49375 49.8125
2024_0413_16:23:33 14 87.90625 76.3625
2024_0413_16:23:33 14 57.275 75.8625
2024_0413_16:23:42 14 76.40625 56.29375
2024_0413_16:23:44 14 -99.98125 -99.99375
2024_0413_16:23:47 14 39.8125 74.75
2024_0413_16:23:47 14 0.59375 -1.69375
2024_0413_16:23:48 14 28.20625 57.9
2024_0413_16:23:50 14 85.325 88.65
2024_0413_16:23:50 15 0.0875 0.01875
2024_0413_16:23:50 15 -0.51875 0.4375
2024_0413_16:23:51 15 -0.5375 1.78125
2024_0413_16:23:51 14 1.225 -0.9125
2024_0413_16:23:51 15 94.89375 56.9625
2024_0413_16:23:53 14 0.71875 0.7875
2024_0413_16:23:58 15 0.54375 -0.5
2024_0413_16:23:58 15 -77.5875 80.2625
2024_0413_16:23:58 15 -1.3375 -0.60625
2024_0413_16:24:00 15 -3.925 49.83125
2024_0413_16:24:06 15 54.21875 59.0625
2024_0413_16:24:10 15 -2.6375 0.7375
2024_0413_16:24:11 16 -9.78125 8.5375
2024_0413_16:24:12 16 56.99375 60.85
2024_0413_16:24:12 16 -0.05 0.24375
2024_0413_16:24:12 16 2.0 5.99375
2024_0413_16:24:14 16 9.7125 14.38125
2024_0413_16:24:15 17 13.16875 61.25625
2024_0413_16:24:15 16 -0.01875 -0.375
2024_0413_16:24:15 16 -0.7 0.69375
2024_0413_16:24:20 16 0.68125 -0.58125
2024_0413_16:24:22 17 35.36875 90.96875
2024_0413_16:24:23 17 10.15625 -9.9125
2024_0413_16:24:26 17 7.0875 17.425
2024_0413_16:24:28 17 88.5375 98.98125
2024_0413_16:24:31 17 -0.64375 0.7625
2024_0413_16:24:32 18 -0.34375 -0.39375
2024_0413_16:24:36 18 61.9 76.14375
2024_0413_16:24:37 18 -12.20625 10.725
2024_0413_16:24:39 18 59.3125 33.94375
2024_0413_16:24:39 19 -0.6 -1.83125
2024_0413_16:24:41 18 -99.99375 0.00625
2024_0413_16:24:41 18 -0.075 0.6625
2024_0413_16:24:42 19 -0.80625 -0.4875
2024_0413_16:24:42 18 0.675 0.125
2024_0413_16:24:45 19 41.65625 -0.73125
2024_0413_16:24:45 18 51.19375 90.375
2024_0413_16:24:50 20 -0.3125 15.65625
2024_0413_16:24:51 19 -8.71875 67.7625
2024_0413_16:24:58 19 6.20625 9.225
2024_0413_16:24:58 20 0.0 0.0
2024_0413_16:24:58 20 49.51875 25.00625
2024_0413_16:25:02 17 39.2375 59.08125
2024_0413_16:25:04 20 32.28125 65.9875
2024_0413_16:25:06 18 -5.725 6.11875
2024_0413_16:25:09 20 39.81875 -5.1625
2024_0413_16:25:15 20 2.74375 17.575
2024_0413_16:25:36 2 98.4 69.9
2024_0413_16:25:37 2 75.40625 94.86875
2024_0413_16:25:37 1 99.575 99.53125
2024_0413_16:25:37 2 99.1 91.24375
2024_0413_16:25:37 1 99.34375 82.1375
2024_0413_16:25:37 2 98.9 99.175
2024_0413_16:25:37 2 94.35625 98.225
2024_0413_16:25:37 2 63.85625 76.9875
2024_0413_16:25:38 1 52.825 60.625
2024_0413_16:25:38 2 93.98125 86.35
2024_0413_16:25:38 2 61.425 98.99375
2024_0413_16:25:38 1 51.53125 68.7125
2024_0413_16:25:39 1 79.45 89.56875
2024_0413_16:25:40 2 48.91875 99.0875
2024_0413_16:25:41 2 64.50625 94.15625
2024_0413_16:25:42 2 98.00625 81.725
2024_0413_16:25:58 2 73.71875 84.56875
2024_0413_16:25:58 2 76.39375 54.86875
2024_0413_16:25:58 7 74.38125 59.6125
2024_0413_16:25:59 4 74.10625 79.6125
2024_0413_16:25:59 6 66.74375 99.4125
2024_0413_16:25:59 5 89.375 72.45625
2024_0413_16:26:00 8 98.60625 99.125
2024_0413_16:26:00 8 38.725 99.15625
2024_0413_16:26:00 6 71.49375 99.55625
2024_0413_16:26:00 3 96.6125 67.425
2024_0413_16:26:02 9 59.48125 24.69375
2024_0413_16:26:04 9 92.2125 67.1625
2024_0413_16:26:06 2 42.20625 84.99375
2024_0413_16:26:07 8 28.7625 28.79375
2024_0413_16:26:11 9 98.5375 98.60625
2024_0413_16:26:19 11 -0.375 0.69375
2024_0413_16:26:19 11 84.89375 74.73125
2024_0413_16:26:20 11 0.04375 -1.24375
2024_0413_16:26:20 11 90.45625 96.38125
2024_0413_16:26:21 11 33.2 33.05
2024_0413_16:26:21 11 0.08125 -0.8
2024_0413_16:26:21 11 -0.975 0.7
2024_0413_16:26:22 11 -0.28125 -0.3375
2024_0413_16:26:22 11 -50.0 -99.98125
2024_0413_16:26:23 11 39.05 99.2375
2024_0413_16:26:23 10 95.31875 38.825
2024_0413_16:26:24 11 -0.2 -0.0375
2024_0413_16:26:26 11 80.56875 97.1875
2024_0413_16:26:27 11 99.9875 -49.9875
2024_0413_16:26:29 11 -0.19375 -0.025
2024_0413_16:26:34 11 59.81875 99.5
2024_0413_16:26:42 11 62.10625 50.43125
2024_0413_16:26:43 11 96.54375 77.78125
2024_0413_16:26:43 12 40.58125 80.95
2024_0413_16:26:44 12 99.55 30.35
2024_0413_16:26:45 12 99.01875 71.66875
2024_0413_16:26:45 12 60.425 48.975
2024_0413_16:26:46 12 37.725 30.00625
2024_0413_16:26:46 11 5.46875 6.90625
2024_0413_16:26:46 12 99.46875 99.1625
2024_0413_16:26:47 12 41.79375 74.15625
2024_0413_16:26:49 12 0.2625 0.51875
2024_0413_16:26:50 12 0.14375 -0.70625
2024_0413_16:26:50 12 89.0875 85.475
2024_0413_16:26:50 12 -0.9375 0.91875
2024_0413_16:26:56 12 70.3875 88.91875
2024_0413_16:26:57 12 -0.35625 0.53125
2024_0413_16:27:05 13 0.7875 -1.45
2024_0413_16:27:06 13 0.4375 -0.4
2024_0413_16:27:07 13 -1.69375 -0.9125
2024_0413_16:27:08 13 6.2375 19.075
2024_0413_16:27:08 13 0.7625 -0.6375
2024_0413_16:27:08 13 18.6125 49.6625
2024_0413_16:27:09 13 64.35625 24.5875
2024_0413_16:27:10 13 13.45 12.24375
2024_0413_16:27:12 13 1.15 -0.225
2024_0413_16:27:12 13 53.3625 54.2875
2024_0413_16:27:13 13 98.79375 70.30625
2024_0413_16:27:13 13 45.0 66.875
2024_0413_16:27:16 13 78.38125 49.5625
2024_0413_16:27:18 13 93.175 95.48125
2024_0413_16:27:19 13 0.09375 0.19375
2024_0413_16:27:20 13 29.3625 62.25625
2024_0413_16:27:30 13 49.50625 99.50625
2024_0413_16:27:30 14 -49.98125 -49.98125
2024_0413_16:27:31 14 49.38125 99.30625
2024_0413_16:27:31 13 94.34375 97.3375
2024_0413_16:27:31 13 3.28125 10.7
2024_0413_16:27:34 14 32.1125 31.2625
2024_0413_16:27:35 14 18.14375 -21.16875
2024_0413_16:27:35 14 0.6875 -0.69375
2024_0413_16:27:36 14 -8.06875 41.8
2024_0413_16:27:37 13 -1.16875 -0.68125
2024_0413_16:27:38 14 67.15625 71.89375
2024_0413_16:27:39 14 62.25 55.9875
2024_0413_16:27:42 14 49.775 55.86875
2024_0413_16:27:43 14 9.84375 11.06875
2024_0413_16:27:43 14 30.575 97.70625
2024_0413_16:27:51 14 90.00625 77.15625
2024_0413_16:27:52 14 49.99375 -49.99375
2024_0413_16:27:53 14 70.29375 47.29375
2024_0413_16:27:53 14 34.44375 24.46875
2024_0413_16:27:54 14 34.0625 90.8625
2024_0413_16:27:54 14 -19.475 20.71875
2024_0413_16:27:57 14 99.2875 29.275
2024_0413_16:27:58 14 74.425 74.71875
2024_0413_16:27:59 14 49.99375 -49.9875
2024_0413_16:28:01 14 48.4 98.8125
2024_0413_16:28:01 14 13.46875 14.56875
2024_0413_16:28:02 14 0.55 -0.81875
2024_0413_16:28:05 15 0.5875 -0.74375
2024_0413_16:28:07 14 14.8125 19.36875
2024_0413_16:28:10 15 91.15625 58.4
2024_0413_16:28:11 15 67.55 53.66875
2024_0413_16:28:13 15 32.3625 58.95
2024_0413_16:28:15 15 79.88125 29.10625
2024_0413_16:28:16 15 -0.0625 0.75
2024_0413_16:28:18 15 27.04375 -26.875
2024_0413_16:28:19 15 13.43125 17.99375
2024_0413_16:28:19 15 -4.30625 96.78125
2024_0413_16:28:20 15 49.85625 99.65
2024_0413_16:28:23 15 59.4875 58.425
2024_0413_16:28:24 15 82.375 70.625
2024_0413_16:28:25 15 46.03125 59.05625
2024_0413_16:28:29 15 -0.7625 0.98125
2024_0413_16:28:31 15 1.2375 -0.0125
2024_0413_16:28:32 15 -10.0875 9.625
2024_0413_16:28:33 15 -0.2125 -0.6625
2024_0413_16:28:33 15 47.54375 -1.6875
2024_0413_16:28:34 15 1.19375 -0.10625
2024_0413_16:28:37 16 49.99375 -99.9875
2024_0413_16:28:37 16 0.91875 1.1
2024_0413_16:28:42 16 75.8125 71.2
2024_0413_16:28:43 16 -0.34375 -0.1875
2024_0413_16:28:43 16 0.61875 0.6625
2024_0413_16:28:43 16 -9.4 10.5625
2024_0413_16:28:45 16 -0.25 -0.7125
2024_0413_16:28:47 16 99.01875 65.29375
2024_0413_16:28:48 16 99.39375 24.425
2024_0413_16:28:48 16 81.80625 72.19375
2024_0413_16:28:51 16 36.9125 3.9125
2024_0413_16:28:55 16 70.00625 24.98125
2024_0413_16:28:58 17 -1.55625 -1.85
2024_0413_16:29:00 17 93.86875 61.0375
2024_0413_16:29:02 17 -1.30625 1.01875
2024_0413_16:29:06 16 81.9125 51.4875
2024_0413_16:29:07 17 -24.9625 56.83125
2024_0413_16:29:08 17 41.6875 83.26875
2024_0413_16:29:08 17 35.1875 17.325
2024_0413_16:29:08 17 -0.94375 -0.1375
2024_0413_16:29:08 17 -0.71875 0.1625
2024_0413_16:29:09 17 29.35625 62.325
2024_0413_16:29:09 17 99.01875 98.5125
2024_0413_16:29:11 17 99.6 -0.1125
2024_0413_16:29:12 17 1.30625 -1.9375
2024_0413_16:29:17 17 8.48125 5.9
2024_0413_16:29:17 17 0.26875 0.0
2024_0413_16:29:20 17 -0.00625 0.1
2024_0413_16:29:24 18 -0.04375 -0.2375
2024_0413_16:29:30 18 -1.44375 0.09375
2024_0413_16:29:30 18 69.225 87.85
2024_0413_16:29:31 18 81.86875 95.06875
2024_0413_16:29:34 18 0.53125 -1.19375
2024_0413_16:29:34 18 -0.05 -0.10625
2024_0413_16:29:34 18 0.15 -0.15625
2024_0413_16:29:35 18 -20.75 20.38125
2024_0413_16:29:37 18 0.60625 1.70625
2024_0413_16:29:37 18 12.925 -14.83125
2024_0413_16:29:38 18 0.35 -0.4125
2024_0413_16:29:41 18 99.40625 99.63125
2024_0413_16:29:43 18 99.075 80.3375
2024_0413_16:29:45 18 98.9125 77.11875
2024_0413_16:29:48 18 -32.65625 52.225
2024_0413_16:29:52 18 36.6875 77.73125
2024_0413_16:29:53 18 49.9875 49.99375
2024_0413_16:29:55 18 27.85625 -27.50625
2024_0413_16:29:55 18 2.16875 0.3875
2024_0413_16:29:57 18 1.05625 -0.3375
2024_0413_16:29:58 19 19.41875 -19.3875
2024_0413_16:29:59 19 92.6875 78.275
2024_0413_16:30:00 19 61.9125 -0.89375
2024_0413_16:30:01 19 49.7125 35.2625
2024_0413_16:30:03 19 -23.21875 42.9
2024_0413_16:30:04 19 36.43125 67.84375
2024_0413_16:30:10 19 47.78125 42.475
2024_0413_16:30:12 20 41.51875 34.58125
2024_0413_16:30:15 20 3.94375 12.8875
2024_0413_16:30:15 19 76.0875 71.1125
2024_0413_16:30:16 20 55.9 50.4875
2024_0413_16:30:17 20 74.74375 23.96875
2024_0413_16:30:21 20 7.51875 -6.775
2024_0413_16:30:23 20 74.01875 52.95625
2024_0413_16:30:24 5 49.65625 99.55
2024_0413_16:30:26 20 0.85625 0.3125
2024_0413_16:30:26 20 -14.89375 16.86875
2024_0413_16:30:26 14 -1.54375 -0.3625
2024_0413_16:30:26 15 -0.43125 1.59375
2024_0413_16:30:29 20 25.39375 51.8375
2024_0413_16:30:34 20 -1.24375 -0.13125
2024_0413_16:30:36 17 7.7875 4.1125
2024_0413_16:30:36 17 13.50625 15.3625
2024_0413_16:30:46 18 -9.28125 11.675
2024_0413_16:30:49 20 -1.40625 1.1875
2024_0413_16:31:05 17 15.5 -14.29375
2024_0413_16:31:26 1 80.66875 67.54375
2024_0413_16:31:26 2 66.3875 98.89375
2024_0413_16:31:26 2 98.875 99.21875
2024_0413_16:31:26 1 99.59375 99.45625
2024_0413_16:31:27 1 74.35625 94.9875
2024_0413_16:31:27 2 88.1125 53.68125
2024_0413_16:31:27 2 49.43125 49.6375
2024_0413_16:31:27 1 99.45 99.2875
2024_0413_16:31:27 1 99.38125 99.41875
2024_0413_16:31:27 2 86.58125 84.85
2024_0413_16:31:27 2 57.60625 39.89375
2024_0413_16:31:28 2 99.1125 71.63125
2024_0413_16:31:28 2 71.125 53.1625
2024_0413_16:31:28 2 89.3 75.35625
2024_0413_16:31:28 2 71.125 75.9875
2024_0413_16:31:29 1 99.30625 99.50625
2024_0413_16:31:47 5 58.29375 99.4875
2024_0413_16:31:48 5 73.11875 99.5
2024_0413_16:31:48 2 98.93125 49.25
2024_0413_16:31:48 3 89.44375 96.84375
2024_0413_16:31:49 8 90.94375 99.15
2024_0413_16:31:49 4 92.3625 74.0625
2024_0413_16:31:49 8 98.6875 99.60625
2024_0413_16:31:50 9 99.4 49.71875
2024_0413_16:31:50 9 74.5125 99.30625
2024_0413_16:31:50 6 99.325 99.5125
2024_0413_16:31:50 10 75.7 87.2625
2024_0413_16:31:50 11 99.975 -99.975
2024_0413_16:31:52 7 98.83125 99.33125
2024_0413_16:31:52 7 79.59375 68.075
2024_0413_16:31:55 11 87.225 -20.375
2024_0413_16:32:04 11 0.825 1.30625
2024_0413_16:32:08 11 -0.5375 0.6625
2024_0413_16:32:10 11 51.70625 69.38125
2024_0413_16:32:10 11 1.43125 -0.3875
2024_0413_16:32:10 11 49.11875 98.28125
2024_0413_16:32:10 11 0.14375 1.825
2024_0413_16:32:10 11 0.68125 0.09375
2024_0413_16:32:11 11 -0.475 0.74375
2024_0413_16:32:11 11 80.44375 72.7
2024_0413_16:32:12 11 60.8 98.61875
2024_0413_16:32:12 11 0.7375 -0.225
2024_0413_16:32:12 11 0.54375 -0.0625
2024_0413_16:32:12 11 0.70625 -1.40625
2024_0413_16:32:13 11 -0.95625 1.68125
2024_0413_16:32:14 11 68.33125 98.1625
2024_0413_16:32:18 12 96.775 46.45
2024_0413_16:32:27 12 -0.50625 -0.6125
2024_0413_16:32:30 12 35.6125 52.00625
2024_0413_16:32:32 12 0.34375 0.13125
2024_0413_16:32:32 12 76.41875 78.18125
2024_0413_16:32:33 12 89.34375 88.60625
2024_0413_16:32:33 12 -22.16875 22.14375
2024_0413_16:32:34 12 80.325 78.94375
2024_0413_16:32:34 12 95.39375 93.86875
2024_0413_16:32:34 13 -99.975 99.9625
2024_0413_16:32:34 12 0.76875 0.125
2024_0413_16:32:35 12 -0.53125 1.05
2024_0413_16:32:35 13 -0.21875 0.85625
2024_0413_16:32:36 13 -1.54375 -0.51875
2024_0413_16:32:39 12 30.5125 54.975
2024_0413_16:32:41 12 0.96875 0.2125
2024_0413_16:32:43 13 -2.10625 -0.4875
2024_0413_16:32:50 13 98.39375 97.575
2024_0413_16:32:52 13 0.78125 -0.875
2024_0413_16:32:55 13 -0.49375 0.58125
2024_0413_16:32:55 13 60.65 80.10625
2024_0413_16:32:56 13 -0.675 -0.53125
2024_0413_16:32:56 13 -0.78125 1.225
2024_0413_16:32:56 13 96.31875 83.75625
2024_0413_16:32:57 13 79.00625 77.89375
2024_0413_16:32:57 13 31.675 -0.51875
2024_0413_16:32:58 13 0.14375 1.4375
2024_0413_16:33:01 13 82.11875 70.4
2024_0413_16:33:02 13 -0.58125 -0.2375
2024_0413_16:33:03 13 -0.14375 -0.08125
2024_0413_16:33:05 13 4.20625 3.53125
2024_0413_16:33:06 13 0.0625 0.525
2024_0413_16:33:06 13 99.9875 -99.9875
2024_0413_16:33:12 13 -99.975 -99.975
2024_0413_16:33:17 14 73.78125 65.14375
2024_0413_16:33:18 14 49.5375 7.3875
2024_0413_16:33:19 14 0.24375 0.575
2024_0413_16:33:19 14 0.29375 0.075
2024_0413_16:33:21 14 -1.1375 0.5875
2024_0413_16:33:21 14 -5.43125 57.58125
2024_0413_16:33:22 14 26.65625 23.275
2024_0413_16:33:22 14 10.56875 10.69375
2024_0413_16:33:22 14 21.375 17.3625
2024_0413_16:33:25 14 89.825 97.00625
2024_0413_16:33:25 14 76.40625 69.4
2024_0413_16:33:26 14 -0.96875 0.325
2024_0413_16:33:28 14 -99.975 -99.9875
2024_0413_16:33:29 14 98.79375 98.9875
2024_0413_16:33:30 14 0.36875 0.84375
2024_0413_16:33:35 14 49.4625 39.425
2024_0413_16:33:40 14 -20.04375 19.875
2024_0413_16:33:42 14 49.9875 -9.4
2024_0413_16:33:42 14 73.975 98.16875
2024_0413_16:33:43 14 0.35 -0.46875
2024_0413_16:33:45 15 47.28125 34.2625
2024_0413_16:33:46 15 1.03125 1.9125
2024_0413_16:33:46 14 93.94375 40.06875
2024_0413_16:33:46 14 -1.28125 -1.3
2024_0413_16:33:46 15 0.7125 -0.05625
2024_0413_16:33:48 15 33.80625 97.475
2024_0413_16:33:50 15 99.45625 98.59375
2024_0413_16:33:51 15 0.05625 -0.48125
2024_0413_16:33:53 15 20.34375 67.50625
2024_0413_16:33:56 15 81.45 72.93125
2024_0413_16:33:58 15 49.625 36.64375
2024_0413_16:34:02 15 99.51875 99.43125
2024_0413_16:34:04 15 85.2125 77.71875
2024_0413_16:34:05 15 -1.18125 0.5
2024_0413_16:34:09 15 98.775 98.61875
2024_0413_16:34:10 15 30.4875 43.9
2024_0413_16:34:11 15 58.375 37.1
2024_0413_16:34:11 15 1.0125 -0.88125
2024_0413_16:34:13 16 -1.44375 0.0375
2024_0413_16:34:13 15 77.725 78.40625
2024_0413_16:34:15 16 27.8625 46.475
2024_0413_16:34:17 15 6.1375 1.43125
2024_0413_16:34:18 16 -8.24375 8.0375
2024_0413_16:34:20 16 0.3625 -1.09375
2024_0413_16:34:24 16 0.8125 -2.0125
2024_0413_16:34:26 16 -0.94375 49.91875
2024_0413_16:34:28 16 98.04375 88.5125
2024_0413_16:34:29 16 1.40625 0.7625
2024_0413_16:34:30 16 -9.05 47.925
2024_0413_16:34:32 16 53.1 62.36875
2024_0413_16:34:33 16 99.975 99.975
2024_0413_16:34:34 16 -17.9375 97.19375
2024_0413_16:34:37 16 -0.66875 18.34375
2024_0413_16:34:40 17 31.60625 56.99375
2024_0413_16:34:42 17 -0.86875 0.5125
2024_0413_16:34:42 17 17.3375 -0.00625
2024_0413_16:34:43 17 13.83125 -13.15
2024_0413_16:34:45 17 -1.11875 -0.39375
2024_0413_16:34:46 17 9.1875 -10.025
2024_0413_16:34:47 17 74.34375 82.0625
2024_0413_16:34:51 17 0.19375 -0.175
2024_0413_16:34:52 17 -0.6375 0.96875
2024_0413_16:34:53 17 11.36875 15.28125
2024_0413_16:34:53 17 40.9625 56.61875
2024_0413_16:34:55 17 0.19375 -0.1875
2024_0413_16:34:56 17 38.08125 30.16875
2024_0413_16:35:04 17 32.79375 16.8
2024_0413_16:35:05 17 0.25625 0.16875
2024_0413_16:35:07 18 99.4375 65.30625
2024_0413_16:35:08 18 4.43125 13.4375
2024_0413_16:35:12 18 51.33125 26.65625
2024_0413_16:35:13 18 0.40625 0.06875
2024_0413_16:35:15 18 41.70625 79.31875
2024_0413_16:35:16 18 98.9625 66.66875
2024_0413_16:35:18 18 0.05625 0.66875
2024_0413_16:35:21 18 -20.675 21.225
2024_0413_16:35:22 18 1.525 -1.11875
2024_0413_16:35:23 18 -9.5125 7.3375
2024_0413_16:35:24 18 12.93125 10.80625
2024_0413_16:35:24 18 44.90625 -42.6
2024_0413_16:35:28 18 99.9875 -99.9625
2024_0413_16:35:31 18 1.71875 -0.53125
2024_0413_16:35:34 18 -27.90625 45.31875
2024_0413_16:35:36 18 39.5 47.2875
2024_0413_16:35:37 18 0.23125 -0.7625
2024_0413_16:35:38 18 1.175 0.5125
2024_0413_16:35:40 19 -1.55 35.95625
2024_0413_16:35:43 19 43.00625 39.88125
2024_0413_16:35:44 19 99.13125 99.14375
2024_0413_16:35:44 19 0.16875 2.14375
2024_0413_16:35:49 19 24.275 -24.45
2024_0413_16:35:49 19 -0.16875 -0.475
2024_0413_16:35:51 19 -0.575 10.29375
2024_0413_16:35:54 19 10.0125 -10.9875
2024_0413_16:35:54 19 99.8625 -1.0375
2024_0413_16:35:57 19 44.84375 53.1
2024_0413_16:36:00 18 13.7 17.1625
2024_0413_16:36:00 20 0.05625 61.9625
2024_0413_16:36:03 20 -49.975 99.9875
2024_0413_16:36:08 20 59.15625 31.5
2024_0413_16:36:08 20 29.0875 49.7375
2024_0413_16:36:10 20 54.2125 49.0125
2024_0413_16:36:10 19 -0.75625 -0.4625
2024_0413_16:36:14 20 39.44375 80.4875
2024_0413_16:36:15 20 10.35 6.325
2024_0413_16:36:16 20 41.40625 49.39375
2024_0413_16:36:17 20 0.4625 0.31875
2024_0413_16:36:17 9 99.0625 99.11875
2024_0413_16:36:18 10 98.0 74.70625
2024_0413_16:36:19 20 0.06875 -1.39375
2024_0413_16:36:21 15 0.74375 -0.43125
2024_0413_16:36:23 15 49.63125 -10.425
2024_0413_16:36:24 16 49.64375 32.80625
2024_0413_16:36:31 17 -0.10625 -0.3125
2024_0413_16:36:32 17 0.89375 -1.15
2024_0413_16:36:33 17 49.98125 -14.75625
2024_0413_16:36:33 16 76.38125 75.25625
2024_0413_16:36:35 18 -99.98125 99.99375
2024_0413_16:36:47 18 39.29375 15.65
2024_0413_16:36:59 20 89.025 58.675
2024_0413_16:37:20 1 86.9375 49.6125
2024_0413_16:37:20 1 99.35625 99.35625
2024_0413_16:37:20 1 64.275 99.45
2024_0413_16:37:20 1 99.275 89.75625
2024_0413_16:37:21 1 99.6625 99.6
2024_0413_16:37:21 2 47.50625 73.2375
2024_0413_16:37:21 1 77.2875 62.5625
2024_0413_16:37:21 2 87.6 86.98125
2024_0413_16:37:21 2 25.51875 28.51875
2024_0413_16:37:22 1 99.40625 99.41875
2024_0413_16:37:22 2 98.9375 98.5375
2024_0413_16:37:22 1 70.425 99.48125
2024_0413_16:37:22 2 98.6375 49.74375
2024_0413_16:37:22 2 99.18125 74.43125
2024_0413_16:37:24 2 74.35 99.4375
2024_0413_16:37:24 1 70.05625 66.56875
2024_0413_16:37:41 2 25.7375 94.425
2024_0413_16:37:41 2 98.4 99.1375
2024_0413_16:37:42 2 66.2125 98.8375
2024_0413_16:37:42 2 69.88125 80.6375
2024_0413_16:37:42 2 49.35625 49.6
2024_0413_16:37:43 3 97.74375 98.925
2024_0413_16:37:43 2 85.71875 78.95
2024_0413_16:37:43 5 99.44375 99.525
2024_0413_16:37:43 3 97.40625 52.7875
2024_0413_16:37:44 6 99.43125 99.43125
2024_0413_16:37:44 6 98.875 74.4375
2024_0413_16:37:44 5 82.4375 80.36875
2024_0413_16:37:47 7 76.8625 49.59375
2024_0413_16:37:47 7 84.9375 98.93125
2024_0413_16:37:48 4 68.74375 79.7125
2024_0413_16:37:52 8 99.65 99.0125
2024_0413_16:38:03 8 98.525 79.18125
2024_0413_16:38:03 9 99.15 99.24375
2024_0413_16:38:03 8 98.7 85.1125
2024_0413_16:38:04 11 0.7 -0.38125
2024_0413_16:38:05 11 49.98125 99.975
2024_0413_16:38:05 11 -1.175 -1.16875
2024_0413_16:38:06 11 -0.375 49.525
2024_0413_16:38:06 10 60.475 99.1625
2024_0413_16:38:06 9 99.55 99.5
2024_0413_16:38:06 10 99.525 88.26875
2024_0413_16:38:06 11 90.375 85.39375
2024_0413_16:38:09 11 -0.43125 -1.71875
2024_0413_16:38:09 11 -20.3 99.1625
2024_0413_16:38:11 11 66.79375 48.91875
2024_0413_16:38:11 9 67.93125 46.70625
2024_0413_16:38:13 11 95.43125 84.40625
2024_0413_16:38:24 11 79.1375 98.11875
2024_0413_16:38:24 11 99.425 80.06875
2024_0413_16:38:25 11 -0.2 -0.33125
2024_0413_16:38:25 11 0.10625 0.40625
2024_0413_16:38:27 11 -1.075 0.60625
2024_0413_16:38:27 11 0.13125 -0.10625
2024_0413_16:38:28 11 24.8125 55.0375
2024_0413_16:38:28 11 -1.09375 -0.31875
2024_0413_16:38:28 11 94.63125 85.31875
2024_0413_16:38:29 11 -1.40625 0.68125
2024_0413_16:38:32 11 91.9375 94.9
2024_0413_16:38:33 11 70.9 98.24375
2024_0413_16:38:36 11 -0.59375 0.36875
2024_0413_16:38:39 11 0.2125 0.8125
2024_0413_16:38:39 11 0.49375 -0.68125
2024_0413_16:38:42 11 30.83125 27.9375
2024_0413_16:38:44 11 87.4 80.0
2024_0413_16:38:46 12 -1.09375 1.35
2024_0413_16:38:49 12 67.00625 67.21875
2024_0413_16:38:49 12 0.34375 0.05
2024_0413_16:38:50 12 80.49375 93.8
2024_0413_16:38:50 12 81.9 76.89375
2024_0413_16:38:51 12 0.0625 0.36875
2024_0413_16:38:51 12 7.8875 46.7
2024_0413_16:38:51 12 71.46875 82.6625
2024_0413_16:38:53 12 49.69375 38.13125
2024_0413_16:38:55 12 -0.3875 0.1625
2024_0413_16:38:56 12 0.5125 -0.60625
2024_0413_16:38:59 12 24.6625 99.025
2024_0413_16:39:01 12 0.29375 0.26875
2024_0413_16:39:02 12 -0.25625 -0.76875
2024_0413_16:39:06 12 76.49375 99.35
2024_0413_16:39:08 12 9.95 19.7625
2024_0413_16:39:09 12 -0.41875 0.13125
2024_0413_16:39:11 12 0.125 -0.1625
2024_0413_16:39:11 12 97.175 99.1875
2024_0413_16:39:12 13 -0.74375 -1.025
2024_0413_16:39:14 12 -0.8125 0.68125
2024_0413_16:39:14 13 36.0875 52.01875
2024_0413_16:39:14 13 20.10625 38.13125
2024_0413_16:39:17 13 0.29375 -0.4375
2024_0413_16:39:17 13 8.84375 -10.18125
2024_0413_16:39:18 13 49.7875 49.6125
2024_0413_16:39:19 13 93.84375 73.68125
2024_0413_16:39:22 13 -0.49375 -0.625
2024_0413_16:39:27 13 83.58125 24.875
2024_0413_16:39:27 13 47.625 99.23125
2024_0413_16:39:29 13 0.2125 -0.8625
2024_0413_16:39:31 13 85.0 60.71875
2024_0413_16:39:32 13 98.48125 49.6
2024_0413_16:39:32 13 0.2625 -0.1625
2024_0413_16:39:34 13 -1.75625 0.6
2024_0413_16:39:36 13 84.7125 73.38125
2024_0413_16:39:37 13 63.2875 78.30625
2024_0413_16:39:37 13 60.0125 85.3625
2024_0413_16:39:37 13 49.99375 -99.9875
2024_0413_16:39:39 13 -0.25625 -0.96875
2024_0413_16:39:40 13 99.625 99.4375
2024_0413_16:39:41 13 -0.75 0.39375
2024_0413_16:39:41 13 -99.9625 -99.95
2024_0413_16:39:45 13 32.5375 36.49375
2024_0413_16:39:50 13 10.59375 -0.2125
2024_0413_16:39:51 13 51.74375 65.38125
2024_0413_16:39:51 13 -0.23125 1.0625
2024_0413_16:39:54 13 81.84375 49.59375
2024_0413_16:39:54 13 36.75 49.64375
2024_0413_16:39:55 13 87.05625 44.8375
2024_0413_16:39:57 13 -0.20625 0.04375
2024_0413_16:39:58 13 7.5375 9.04375
2024_0413_16:39:59 13 -49.99375 99.975
2024_0413_16:39:59 14 0.56875 -0.40625
2024_0413_16:40:02 14 83.2 99.35
2024_0413_16:40:03 14 -0.56875 -0.41875
2024_0413_16:40:04 14 49.98125 -49.9625
2024_0413_16:40:05 14 -21.2625 21.525
2024_0413_16:40:07 13 47.46875 53.30625
2024_0413_16:40:10 14 60.6875 78.1375
2024_0413_16:40:12 14 56.24375 64.9
2024_0413_16:40:13 14 99.9625 -99.9625
2024_0413_16:40:14 14 -11.34375 9.8375
2024_0413_16:40:17 14 68.89375 53.43125
2024_0413_16:40:18 14 27.9625 18.99375
2024_0413_16:40:21 14 50.60625 47.45
2024_0413_16:40:22 14 29.84375 30.46875
2024_0413_16:40:22 14 0.60625 0.8375
2024_0413_16:40:23 14 -12.91875 13.55
2024_0413_16:40:24 14 1.03125 -1.3125
2024_0413_16:40:25 14 49.29375 74.9375
2024_0413_16:40:26 14 -0.4 0.49375
2024_0413_16:40:26 14 98.2625 99.01875
2024_0413_16:40:30 14 61.88125 78.13125
2024_0413_16:40:31 14 -0.275 -1.0625
2024_0413_16:40:33 14 30.0 36.975
2024_0413_16:40:36 14 65.5375 69.6125
2024_0413_16:40:36 14 -0.33125 -0.7125
2024_0413_16:40:39 14 14.925 4.20625
2024_0413_16:40:42 14 49.70625 92.44375
2024_0413_16:40:45 14 64.09375 48.14375
2024_0413_16:40:45 14 32.86875 49.34375
2024_0413_16:40:46 14 -0.13125 -1.05625
2024_0413_16:40:47 14 49.7125 32.375
2024_0413_16:40:48 14 48.68125 81.05625
2024_0413_16:40:49 15 0.7625 0.3625
2024_0413_16:40:52 15 34.38125 27.38125
2024_0413_16:40:54 15 48.5625 64.23125
2024_0413_16:40:57 15 25.28125 24.68125
2024_0413_16:40:57 15 -0.875 0.15
2024_0413_16:40:59 15 11.81875 16.4
2024_0413_16:41:01 15 64.88125 22.98125
2024_0413_16:41:02 14 -1.0375 0.65
2024_0413_16:41:03 15 33.74375 38.7
2024_0413_16:41:04 15 49.11875 48.2875
2024_0413_16:41:04 15 99.9875 -49.9875
2024_0413_16:41:08 15 47.625 27.59375
2024_0413_16:41:10 15 0.3 0.925
2024_0413_16:41:11 15 -0.05625 0.36875
2024_0413_16:41:12 15 0.875 1.4625
2024_0413_16:41:12 15 42.75625 52.49375
2024_0413_16:41:17 15 1.61875 0.975
2024_0413_16:41:18 15 49.9875 -49.975
2024_0413_16:41:18 15 65.13125 47.10625
2024_0413_16:41:23 15 -9.39375 9.6375
2024_0413_16:41:23 15 0.15625 0.8
2024_0413_16:41:24 15 -0.3625 -0.75
2024_0413_16:41:26 15 16.21875 39.13125
2024_0413_16:41:26 15 49.99375 -50.0
2024_0413_16:41:28 15 40.025 64.64375
2024_0413_16:41:29 15 0.3 0.325
2024_0413_16:41:31 15 96.66875 98.1625
2024_0413_16:41:34 15 11.04375 72.7375
2024_0413_16:41:35 15 0.9625 -0.25
2024_0413_16:41:36 15 0.4125 -0.20625
2024_0413_16:41:37 15 0.18125 -0.28125
2024_0413_16:41:42 16 14.95 -0.09375
2024_0413_16:41:43 16 57.2625 31.26875
2024_0413_16:41:46 16 -0.56875 0.55625
2024_0413_16:41:47 16 91.20625 45.0125
2024_0413_16:41:47 16 48.90625 0.1875
2024_0413_16:41:48 16 94.6125 59.53125
2024_0413_16:41:48 16 39.8 47.49375
2024_0413_16:41:49 16 45.7 32.6125
2024_0413_16:41:52 16 78.51875 82.14375
2024_0413_16:41:58 16 13.8625 16.09375
2024_0413_16:41:58 16 44.45625 90.4875
2024_0413_16:41:59 16 96.925 64.28125
2024_0413_16:41:59 16 24.425 49.30625
2024_0413_16:42:02 16 0.875 -0.125
2024_0413_16:42:06 16 87.74375 56.775
2024_0413_16:42:09 16 98.68125 98.9875
2024_0413_16:42:09 16 -0.21875 0.71875
2024_0413_16:42:10 16 24.725 40.66875
2024_0413_16:42:10 17 1.15625 1.275
2024_0413_16:42:12 16 90.2625 74.05625
2024_0413_16:42:12 16 41.9875 -30.86875
2024_0413_16:42:13 16 1.05 0.43125
2024_0413_16:42:14 17 87.9625 -5.28125
2024_0413_16:42:16 17 63.15 62.9
2024_0413_16:42:24 17 3.625 0.01875
2024_0413_16:42:24 17 8.43125 -8.84375
2024_0413_16:42:25 17 99.96875 -46.01875
2024_0413_16:42:26 17 97.575 81.70625
2024_0413_16:42:26 17 97.11875 -1.36875
2024_0413_16:42:32 17 15.54375 11.99375
2024_0413_16:42:32 17 17.35 -16.01875
2024_0413_16:42:33 17 39.01875 48.4125
2024_0413_16:42:34 17 7.24375 -7.71875
2024_0413_16:42:36 17 0.0375 -0.09375
2024_0413_16:42:37 17 40.15 49.5125
2024_0413_16:42:37 17 37.175 29.6375
2024_0413_16:42:37 17 9.98125 -9.75625
2024_0413_16:42:38 17 37.75625 51.8
2024_0413_16:42:42 17 49.525 95.925
2024_0413_16:42:44 17 54.64375 88.0375
2024_0413_16:42:46 17 52.01875 93.6125
2024_0413_16:42:48 17 0.3875 -0.63125
2024_0413_16:42:48 17 -0.35625 0.55625
2024_0413_16:42:50 17 61.6125 60.925
2024_0413_16:42:52 17 99.70625 98.2125
2024_0413_16:42:57 18 0.7 -0.525
2024_0413_16:42:58 17 86.93125 2.11875
2024_0413_16:42:58 18 -0.3 -0.46875
2024_0413_16:43:01 17 1.28125 -0.275
2024_0413_16:43:01 18 19.4125 -19.25625
2024_0413_16:43:02 17 39.56875 43.09375
2024_0413_16:43:03 18 0.0625 -0.0875
2024_0413_16:43:03 18 9.83125 49.54375
2024_0413_16:43:06 18 42.95625 60.54375
2024_0413_16:43:06 18 8.7 11.45625
2024_0413_16:43:08 18 29.475 85.825
2024_0413_16:43:10 18 -0.0875 1.6
2024_0413_16:43:14 18 70.14375 68.0875
2024_0413_16:43:14 18 -10.375 12.15
2024_0413_16:43:19 18 1.4625 -0.25625
2024_0413_16:43:20 18 -0.50625 -0.5875
2024_0413_16:43:24 18 49.525 42.36875
2024_0413_16:43:24 18 -0.09375 1.06875
2024_0413_16:43:24 18 -0.34375 2.15625
2024_0413_16:43:25 18 33.36875 64.4875
2024_0413_16:43:25 18 1.5125 1.25
2024_0413_16:43:25 18 54.0625 49.9625
2024_0413_16:43:29 18 -33.68125 32.5
2024_0413_16:43:30 18 -19.55625 67.10625
2024_0413_16:43:30 18 82.93125 12.29375
2024_0413_16:43:33 18 -0.00625 -0.09375
2024_0413_16:43:34 18 23.85625 54.90625
2024_0413_16:43:35 18 6.64375 2.625
2024_0413_16:43:39 18 62.2125 55.8375
2024_0413_16:43:40 18 -0.4875 9.71875
2024_0413_16:43:44 18 98.90625 99.03125
2024_0413_16:43:46 18 8.8 -0.4
2024_0413_16:43:47 19 -49.99375 49.9875
2024_0413_16:43:48 19 49.95 -49.9375
2024_0413_16:43:48 19 58.3 75.13125
2024_0413_16:43:53 19 33.8 -1.86875
2024_0413_16:43:54 19 -99.975 49.98125
2024_0413_16:43:54 19 17.49375 -18.18125
2024_0413_16:43:54 19 75.03125 42.14375
2024_0413_16:43:54 19 -0.675 1.14375
2024_0413_16:44:01 19 -50.55625 50.25625
2024_0413_16:44:02 19 24.74375 49.025
2024_0413_16:44:03 19 -99.925 99.95625
2024_0413_16:44:04 19 78.8375 -80.975
2024_0413_16:44:08 19 0.3125 0.925
2024_0413_16:44:09 19 98.95 56.65
2024_0413_16:44:11 19 1.05625 0.13125
2024_0413_16:44:13 20 10.74375 -9.64375
2024_0413_16:44:16 19 1.2875 -0.1625
2024_0413_16:44:19 20 9.875 11.33125
2024_0413_16:44:21 20 58.5875 23.9
2024_0413_16:44:22 20 -50.81875 74.96875
2024_0413_16:44:25 20 99.2875 84.125
2024_0413_16:44:26 20 -0.23125 -0.1125
2024_0413_16:44:26 20 -9.08125 8.9625
2024_0413_16:44:31 20 0.3125 -0.2125
2024_0413_16:44:31 20 75.49375 49.89375
2024_0413_16:44:31 20 9.61875 5.65
2024_0413_16:44:36 20 87.86875 61.28125
2024_0413_16:44:37 2 77.61875 99.19375
2024_0413_16:44:39 14 53.925 56.83125
2024_0413_16:44:42 14 32.15625 44.73125
2024_0413_16:44:42 14 99.3125 65.43125
2024_0413_16:44:44 15 -0.68125 1.05625
2024_0413_16:44:44 16 17.51875 14.725
2024_0413_16:44:45 16 81.75625 45.375
2024_0413_16:44:46 16 59.1125 75.13125
2024_0413_16:44:50 18 42.85625 49.7375
2024_0413_16:44:54 20 98.2625 98.98125
2024_0413_16:44:55 20 63.9875 83.39375
2024_0413_16:44:55 20 0.03125 0.5625
2024_0413_16:44:58 20 -0.24375 0.40625
2024_0413_16:45:01 20 1.4875 1.14375
2024_0413_16:45:04 19 0.53125 -0.68125
2024_0413_16:45:25 1 53.5375 99.4
2024_0413_16:45:25 1 99.61875 99.5625
2024_0413_16:45:25 1 99.58125 99.45
2024_0413_16:45:25 1 58.8875 69.15
2024_0413_16:45:25 1 99.525 99.54375
2024_0413_16:45:26 1 99.6125 99.56875
2024_0413_16:45:26 1 81.36875 99.4875
2024_0413_16:45:26 1 99.69375 99.4
2024_0413_16:45:27 1 72.2875 99.5125
2024_0413_16:45:27 1 74.5125 99.38125
2024_0413_16:45:28 1 97.53125 72.25
2024_0413_16:45:28 1 98.9375 49.69375
2024_0413_16:45:28 1 84.3625 99.49375
2024_0413_16:45:28 1 99.58125 99.40625
2024_0413_16:45:29 1 99.3125 72.1375
2024_0413_16:45:39 1 99.56875 99.4125
2024_0413_16:45:46 1 99.3625 99.38125
2024_0413_16:45:47 1 99.43125 50.45625
2024_0413_16:45:48 1 79.94375 55.375
2024_0413_16:45:48 1 80.775 83.48125
2024_0413_16:45:48 1 99.44375 99.29375
2024_0413_16:45:48 1 99.45 99.425
2024_0413_16:45:49 1 99.375 99.4875
2024_0413_16:45:49 1 99.54375 82.63125
2024_0413_16:45:50 1 99.49375 99.625
2024_0413_16:45:51 1 49.74375 99.51875
2024_0413_16:45:51 1 99.45625 99.40625
2024_0413_16:45:53 1 64.3 99.5125
2024_0413_16:45:56 1 85.3875 51.74375
2024_0413_16:45:59 1 74.85 68.08125
2024_0413_16:46:00 1 57.95625 49.84375
2024_0413_16:46:06 1 99.3375 99.675
2024_0413_16:46:07 1 99.41875 99.425
2024_0413_16:46:10 1 76.9875 99.58125
2024_0413_16:46:10 2 97.7375 57.3375
2024_0413_16:46:10 1 71.58125 48.575
2024_0413_16:46:11 2 83.81875 85.725
2024_0413_16:46:11 2 99.18125 83.225
2024_0413_16:46:11 2 98.98125 99.21875
2024_0413_16:46:12 2 49.4125 33.14375
2024_0413_16:46:14 1 99.4875 99.3375
2024_0413_16:46:14 2 99.61875 99.03125
2024_0413_16:46:17 2 75.14375 99.0875
2024_0413_16:46:17 1 99.45 67.75
2024_0413_16:46:20 2 55.23125 99.44375
2024_0413_16:46:22 2 38.89375 72.51875
2024_0413_16:46:22 2 67.70625 78.325
2024_0413_16:46:28 2 98.66875 41.44375
2024_0413_16:46:29 2 68.26875 61.75625
2024_0413_16:46:31 2 43.39375 62.64375
2024_0413_16:46:32 2 98.35 98.5375
2024_0413_16:46:32 2 98.6375 49.48125
2024_0413_16:46:32 2 53.35 99.3125
2024_0413_16:46:32 2 74.7875 89.29375
2024_0413_16:46:35 2 81.725 78.15
2024_0413_16:46:35 2 74.35625 35.3125
2024_0413_16:46:39 2 98.83125 99.24375
2024_0413_16:46:39 2 53.9125 74.95625
2024_0413_16:46:42 2 42.66875 24.74375
2024_0413_16:46:44 2 49.44375 93.40625
2024_0413_16:46:45 2 79.65 60.425
2024_0413_16:46:49 2 99.39375 87.08125
2024_0413_16:46:50 2 33.10625 55.2
2024_0413_16:46:50 2 98.5 98.63125
2024_0413_16:46:52 2 96.15625 86.7375
2024_0413_16:46:53 2 99.26875 98.76875
2024_0413_16:46:53 2 99.2125 82.225
2024_0413_16:46:53 2 49.6 49.75625
2024_0413_16:46:54 2 88.10625 92.075
2024_0413_16:46:55 2 94.89375 49.5625
2024_0413_16:46:57 2 98.20625 98.88125
2024_0413_16:46:57 2 81.44375 53.0875
2024_0413_16:47:01 2 68.175 87.1
2024_0413_16:47:03 2 79.85625 99.1
2024_0413_16:47:05 2 79.95 84.7375
2024_0413_16:47:06 2 99.21875 98.73125
2024_0413_16:47:09 2 74.13125 99.23125
2024_0413_16:47:11 2 30.675 83.5875
2024_0413_16:47:12 2 99.11875 66.46875
2024_0413_16:47:14 2 99.28125 99.325
2024_0413_16:47:14 2 67.10625 61.2625
2024_0413_16:47:15 2 74.625 77.2375
2024_0413_16:47:15 2 73.30625 97.84375
2024_0413_16:47:15 2 49.45 87.9375
2024_0413_16:47:16 2 99.3125 84.55625
2024_0413_16:47:16 2 99.0 74.69375
2024_0413_16:47:18 2 84.14375 65.50625
2024_0413_16:47:18 2 98.96875 98.58125
2024_0413_16:47:23 2 80.375 82.95
2024_0413_16:47:27 2 97.9 99.0875
2024_0413_16:47:29 2 80.95 40.75
2024_0413_16:47:33 2 96.64375 73.9375
2024_0413_16:47:35 2 64.725 99.14375
2024_0413_16:47:36 2 51.0625 96.99375
2024_0413_16:47:36 2 97.59375 77.8375
2024_0413_16:47:36 2 99.1875 75.0375
2024_0413_16:47:37 2 98.9125 36.1375
2024_0413_16:47:37 2 75.3 59.65625
2024_0413_16:47:39 2 49.7625 63.5625
2024_0413_16:47:39 2 85.1 70.475
2024_0413_16:47:39 2 37.1375 99.00625
2024_0413_16:47:40 2 99.09375 73.8875
2024_0413_16:47:42 2 86.10625 93.73125
2024_0413_16:47:42 2 29.8875 49.66875
2024_0413_16:47:44 2 49.13125 24.80625
2024_0413_16:47:49 3 82.60625 81.875
2024_0413_16:47:51 3 39.9125 24.7875
2024_0413_16:47:55 3 66.85 98.35
2024_0413_16:47:58 3 84.94375 53.2875
2024_0413_16:47:58 4 73.4875 94.34375
2024_0413_16:47:58 5 99.64375 73.84375
2024_0413_16:48:00 4 71.2125 85.3625
2024_0413_16:48:00 4 44.1375 70.39375
2024_0413_16:48:00 5 99.25 82.625
2024_0413_16:48:01 5 35.11875 80.3
2024_0413_16:48:01 5 98.83125 52.01875
2024_0413_16:48:01 5 51.225 55.2
2024_0413_16:48:02 5 99.5875 83.85
2024_0413_16:48:03 6 49.60625 49.575
2024_0413_16:48:04 5 24.325 49.5375
2024_0413_16:48:05 6 99.43125 99.425
2024_0413_16:48:10 6 99.56875 99.4625
2024_0413_16:48:13 6 74.5 98.875
2024_0413_16:48:16 6 99.5375 99.4
2024_0413_16:48:19 7 99.18125 76.10625
2024_0413_16:48:21 7 86.3625 53.21875
2024_0413_16:48:22 8 55.85625 99.14375
2024_0413_16:48:22 8 76.03125 98.69375
2024_0413_16:48:22 8 98.9875 99.0125
2024_0413_16:48:23 8 99.35 63.06875
2024_0413_16:48:25 8 71.79375 33.88125
2024_0413_16:48:26 8 98.88125 70.08125
2024_0413_16:48:27 8 99.34375 95.525
2024_0413_16:48:29 8 99.34375 87.58125
2024_0413_16:48:29 7 50.54375 96.33125
2024_0413_16:48:30 7 87.50625 46.4125
2024_0413_16:48:32 8 98.70625 99.3375
2024_0413_16:48:35 8 54.7125 99.2125
2024_0413_16:48:37 8 82.45 99.1625
2024_0413_16:48:37 8 56.4125 98.7125
2024_0413_16:48:41 8 53.94375 49.78125
2024_0413_16:48:44 9 74.65625 99.40625
2024_0413_16:48:45 9 95.2125 49.65625
2024_0413_16:48:47 9 54.40625 49.68125
2024_0413_16:48:49 9 99.53125 99.29375
2024_0413_16:48:49 9 99.61875 99.46875
2024_0413_16:48:51 9 99.55625 74.7
2024_0413_16:48:52 10 24.85 65.89375
2024_0413_16:48:58 10 87.36875 76.2375
2024_0413_16:48:59 10 99.2125 99.5125
2024_0413_16:49:00 9 99.31875 99.375
2024_0413_16:49:00 10 99.51875 80.84375
2024_0413_16:49:03 10 49.21875 98.7625
2024_0413_16:49:04 10 60.7 65.61875
2024_0413_16:49:06 9 61.25625 75.09375
2024_0413_16:49:06 11 49.71875 99.4
2024_0413_16:49:07 11 82.775 74.525
2024_0413_16:49:09 11 -0.65625 -0.85625
2024_0413_16:49:10 11 0.9375 0.31875
2024_0413_16:49:11 11 0.78125 1.3
2024_0413_16:49:11 11 -10.23125 50.74375
2024_0413_16:49:12 11 81.35 72.40625
2024_0413_16:49:13 11 -1.18125 -0.58125
2024_0413_16:49:14 10 50.25625 77.7
2024_0413_16:49:19 11 99.5375 99.175
2024_0413_16:49:21 11 -0.08125 0.225
2024_0413_16:49:24 11 0.225 1.0125
2024_0413_16:49:25 11 -49.99375 99.9875
2024_0413_16:49:27 11 86.24375 69.1875
2024_0413_16:49:29 11 47.6375 82.0625
2024_0413_16:49:30 11 49.9875 99.9875
2024_0413_16:49:31 11 0.0625 1.50625
2024_0413_16:49:32 11 -0.4 0.98125
2024_0413_16:49:32 11 -0.98125 -0.94375
2024_0413_16:49:32 11 87.4 76.775
2024_0413_16:49:33 11 0.11875 -0.99375
2024_0413_16:49:35 11 99.9875 49.99375
2024_0413_16:49:37 11 90.61875 91.275
2024_0413_16:49:40 11 98.7 74.45
2024_0413_16:49:41 11 -0.4375 -0.8375
2024_0413_16:49:42 11 96.825 98.18125
2024_0413_16:49:44 11 98.50625 98.66875
2024_0413_16:49:46 11 76.25625 96.4375
2024_0413_16:49:47 11 0.075 1.28125
2024_0413_16:49:49 11 0.8625 0.56875
2024_0413_16:49:50 11 -0.21875 0.4625
2024_0413_16:49:52 11 1.04375 -0.75
2024_0413_16:49:53 11 96.30625 99.075
2024_0413_16:49:54 11 0.04375 1.3125
2024_0413_16:49:55 11 -0.7 0.575
2024_0413_16:49:55 11 0.275 -0.85625
2024_0413_16:49:56 11 0.0875 -0.4125
2024_0413_16:49:58 11 0.6875 -0.96875
2024_0413_16:49:58 11 98.85 82.6625
2024_0413_16:50:03 11 86.0 49.4875
2024_0413_16:50:05 11 -0.4375 -0.25625
2024_0413_16:50:08 11 49.49375 38.6625
2024_0413_16:50:12 11 -0.6375 0.35
2024_0413_16:50:12 11 -0.4375 0.33125
2024_0413_16:50:13 11 98.9125 97.90625
2024_0413_16:50:14 11 -0.13125 -0.575
2024_0413_16:50:14 11 0.0625 -0.88125
2024_0413_16:50:16 11 -0.875 0.89375
2024_0413_16:50:17 11 -0.43125 0.7125
2024_0413_16:50:17 11 45.81875 73.33125
2024_0413_16:50:19 11 -0.81875 -0.74375
2024_0413_16:50:19 11 50.08125 32.3625
2024_0413_16:50:20 11 0.49375 -1.025
2024_0413_16:50:24 11 99.9875 49.99375
2024_0413_16:50:25 11 0.40625 0.09375
2024_0413_16:50:26 11 -0.3875 0.20625
2024_0413_16:50:29 11 99.18125 58.66875
2024_0413_16:50:34 11 -0.125 0.05625
2024_0413_16:50:34 11 99.975 49.9875
2024_0413_16:50:35 11 -0.4 -0.85
2024_0413_16:50:36 11 -0.0875 -0.1625
2024_0413_16:50:36 11 73.25625 14.5125
2024_0413_16:50:38 11 -0.33125 0.55
2024_0413_16:50:38 11 99.1375 52.2375
2024_0413_16:50:39 11 -0.41875 -0.24375
2024_0413_16:50:40 11 99.3125 33.025
2024_0413_16:50:40 11 -0.70625 -0.93125
2024_0413_16:50:41 11 -0.44375 0.2625
2024_0413_16:50:42 11 0.525 0.71875
2024_0413_16:50:47 11 57.55625 70.58125
2024_0413_16:50:47 11 49.65 -0.4
2024_0413_16:50:49 11 90.39375 85.31875
2024_0413_16:50:51 11 49.53125 74.7125
2024_0413_16:50:56 11 90.58125 98.63125
2024_0413_16:50:56 11 -0.5125 -0.04375
2024_0413_16:50:56 11 -100.0 100.0
2024_0413_16:50:58 11 0.71875 -0.46875
2024_0413_16:50:58 11 99.9875 99.9875
2024_0413_16:51:00 11 81.15625 71.50625
2024_0413_16:51:00 11 -0.6875 -0.4625
2024_0413_16:51:01 11 -0.21875 0.96875
2024_0413_16:51:02 11 0.61875 -0.43125
2024_0413_16:51:02 11 0.625 1.39375
2024_0413_16:51:04 11 81.6625 97.7375
2024_0413_16:51:08 11 45.59375 39.16875
2024_0413_16:51:09 11 1.66875 -0.3375
2024_0413_16:51:09 11 0.1375 1.15625
2024_0413_16:51:10 11 99.9875 -49.99375
2024_0413_16:51:13 11 -0.76875 0.44375
2024_0413_16:51:17 11 77.45 99.29375
2024_0413_16:51:18 11 0.64375 0.35
2024_0413_16:51:18 11 -1.0 0.075
2024_0413_16:51:20 11 0.51875 1.73125
2024_0413_16:51:21 11 -0.53125 0.125
2024_0413_16:51:24 11 -0.7875 -0.06875
2024_0413_16:51:24 11 -0.91875 1.73125
2024_0413_16:51:24 11 76.09375 36.175
2024_0413_16:51:27 11 97.83125 98.575
2024_0413_16:51:27 11 85.3375 77.475
2024_0413_16:51:30 11 99.46875 99.36875
2024_0413_16:51:30 11 99.39375 81.96875
2024_0413_16:51:32 11 -0.16875 0.65625
2024_0413_16:51:32 11 63.5875 98.675
2024_0413_16:51:33 11 0.8125 0.79375
2024_0413_16:51:35 11 99.48125 99.48125
2024_0413_16:51:38 11 95.44375 95.41875
2024_0413_16:51:40 11 1.34375 0.04375
2024_0413_16:51:40 11 0.8375 -0.4625
2024_0413_16:51:41 11 0.625 -0.44375
2024_0413_16:51:43 11 75.03125 99.3125
2024_0413_16:51:46 11 99.63125 99.5
2024_0413_16:51:46 11 -0.59375 0.55625
2024_0413_16:51:47 11 61.58125 55.45625
2024_0413_16:51:49 11 99.075 98.58125
2024_0413_16:51:49 11 94.0625 96.45
2024_0413_16:51:51 11 -0.1375 -0.15625
2024_0413_16:51:52 11 -2.53125 -0.9875
2024_0413_16:51:54 11 -0.1375 0.35
2024_0413_16:51:55 11 -0.83125 0.75625
2024_0413_16:51:55 11 27.0875 79.7625
2024_0413_16:52:00 11 49.99375 99.9875
2024_0413_16:52:02 11 0.81875 0.525
2024_0413_16:52:03 11 -50.0 -99.9625
2024_0413_16:52:04 11 57.79375 55.54375
2024_0413_16:52:05 11 0.55 1.2
2024_0413_16:52:06 11 -0.35 0.725
2024_0413_16:52:08 11 -0.95 -0.8625
2024_0413_16:52:09 11 92.93125 98.18125
2024_0413_16:52:09 11 11.09375 4.48125
2024_0413_16:52:10 11 -1.6875 0.00625
2024_0413_16:52:11 11 -0.05625 0.16875
2024_0413_16:52:13 12 -99.975 -49.975
2024_0413_16:52:15 12 0.49375 0.6
2024_0413_16:52:17 12 94.7625 79.8875
2024_0413_16:52:20 11 -0.58125 -0.275
2024_0413_16:52:23 12 82.9125 71.0875
2024_0413_16:52:24 12 -0.91875 -1.30625
2024_0413_16:52:25 12 0.33125 -0.91875
2024_0413_16:52:28 12 74.00625 73.98125
2024_0413_16:52:29 12 99.50625 65.325
2024_0413_16:52:29 12 6.15625 5.49375
2024_0413_16:52:29 12 0.025 -0.25625
2024_0413_16:52:30 12 -0.4875 -1.2125
2024_0413_16:52:32 12 99.9875 -99.9875
2024_0413_16:52:32 12 99.4125 94.79375
2024_0413_16:52:33 12 99.975 99.9875
2024_0413_16:52:35 12 -49.99375 -99.9875
2024_0413_16:52:39 12 87.48125 55.46875
2024_0413_16:52:44 12 15.35 15.2875
2024_0413_16:52:45 12 97.13125 99.6875
2024_0413_16:52:46 12 49.25 47.25
2024_0413_16:52:47 12 -0.2875 24.01875
2024_0413_16:52:50 12 86.9 81.91875
2024_0413_16:52:51 12 79.625 41.3375
2024_0413_16:52:51 12 61.09375 69.75
2024_0413_16:52:51 12 0.25625 -0.55
2024_0413_16:52:51 12 49.99375 -50.0
2024_0413_16:52:51 12 -2.16875 -0.1625
2024_0413_16:52:52 12 99.19375 93.8125
2024_0413_16:52:54 12 90.31875 45.70625
2024_0413_16:52:55 12 0.425 0.55625
2024_0413_16:52:56 12 80.81875 94.03125
2024_0413_16:52:58 12 51.75 72.5
2024_0413_16:53:02 12 -0.425 0.05
2024_0413_16:53:07 12 84.43125 95.625
2024_0413_16:53:09 12 -0.23125 5.7375
2024_0413_16:53:09 12 -1.76875 1.51875
2024_0413_16:53:10 12 0.5375 -1.09375
2024_0413_16:53:12 12 49.425 59.675
2024_0413_16:53:13 12 35.85625 88.3625
2024_0413_16:53:13 12 -0.925 0.8875
2024_0413_16:53:13 12 39.3875 93.51875
2024_0413_16:53:14 12 59.5625 55.08125
2024_0413_16:53:15 12 -0.275 -1.1625
2024_0413_16:53:16 12 -0.25 -0.1375
2024_0413_16:53:17 12 39.16875 48.5125
2024_0413_16:53:17 12 -0.35 0.25625
2024_0413_16:53:18 12 98.0125 57.375
2024_0413_16:53:21 12 41.69375 38.95625
2024_0413_16:53:25 12 73.51875 98.7125
2024_0413_16:53:30 12 1.55 -0.34375
2024_0413_16:53:31 12 -0.4 0.03125
2024_0413_16:53:32 12 52.49375 58.98125
2024_0413_16:53:33 12 0.8 0.2125
2024_0413_16:53:35 12 -0.84375 0.30625
2024_0413_16:53:35 12 96.24375 70.80625
2024_0413_16:53:36 12 97.65625 69.93125
2024_0413_16:53:37 12 90.05 94.86875
2024_0413_16:53:37 12 99.40625 99.75
2024_0413_16:53:39 12 58.66875 53.9625
2024_0413_16:53:39 12 65.61875 99.45
2024_0413_16:53:40 12 97.75625 95.71875
2024_0413_16:53:40 12 99.44375 99.4
2024_0413_16:53:40 12 72.8375 50.0625
2024_0413_16:53:44 12 0.1875 0.63125
2024_0413_16:53:48 12 -0.06875 72.75
2024_0413_16:53:51 12 0.875 -0.68125
2024_0413_16:53:52 12 45.975 49.60625
2024_0413_16:53:54 12 86.11875 79.6375
2024_0413_16:53:55 12 0.40625 1.05625
2024_0413_16:53:57 12 69.8125 64.46875
2024_0413_16:53:58 12 -1.075 0.75625
2024_0413_16:53:58 12 0.25 0.95
2024_0413_16:53:59 12 74.39375 74.7375
2024_0413_16:54:01 12 -0.38125 0.63125
2024_0413_16:54:01 12 48.25 62.06875
2024_0413_16:54:02 12 0.05625 0.16875
2024_0413_16:54:02 12 99.44375 99.53125
2024_0413_16:54:04 12 74.6875 86.55
2024_0413_16:54:04 12 29.09375 26.68125
2024_0413_16:54:05 12 -1.35 0.425
2024_0413_16:54:10 12 70.60625 57.95625
2024_0413_16:54:14 12 83.70625 69.38125
2024_0413_16:54:15 12 65.2375 50.54375
2024_0413_16:54:17 12 44.6 59.99375
2024_0413_16:54:18 12 -0.525 -0.79375
2024_0413_16:54:19 12 0.04375 -0.175
2024_0413_16:54:21 12 93.04375 67.7375
2024_0413_16:54:21 12 86.5375 99.4875
2024_0413_16:54:23 12 88.6 88.1
2024_0413_16:54:24 12 33.09375 98.5125
2024_0413_16:54:24 12 49.98125 99.975
2024_0413_16:54:25 12 -0.2375 -0.7875
2024_0413_16:54:25 12 0.66875 0.525
2024_0413_16:54:27 12 -0.225 -0.2375
2024_0413_16:54:28 12 91.075 99.49375
2024_0413_16:54:28 12 51.41875 64.36875
2024_0413_16:54:36 12 -49.975 49.9625
2024_0413_16:54:37 12 72.8 80.025
2024_0413_16:54:39 12 0.0625 -0.3625
2024_0413_16:54:39 12 49.61875 71.65625
2024_0413_16:54:40 12 49.9875 -49.98125
2024_0413_16:54:40 12 58.18125 71.23125
2024_0413_16:54:44 13 60.975 93.1
2024_0413_16:54:45 13 -2.5875 49.7125
2024_0413_16:54:45 13 8.45 -10.95
2024_0413_16:54:47 13 1.5125 0.35
2024_0413_16:54:48 13 51.91875 33.43125
2024_0413_16:54:48 13 59.45 40.6875
2024_0413_16:54:49 13 -0.875 -0.21875
2024_0413_16:54:50 13 51.9875 96.75625
2024_0413_16:54:51 13 -25.09375 25.31875
2024_0413_16:54:58 13 0.0875 1.2125
2024_0413_16:55:02 13 0.2625 -0.04375
2024_0413_16:55:02 13 -1.00625 -0.10625
2024_0413_16:55:03 13 9.46875 -10.1
2024_0413_16:55:04 13 46.66875 55.1
2024_0413_16:55:06 13 -0.05 -0.96875
2024_0413_16:55:07 13 64.825 99.0875
2024_0413_16:55:07 13 0.0875 0.525
2024_0413_16:55:08 13 -2.6625 1.4625
2024_0413_16:55:10 13 10.74375 -0.34375
2024_0413_16:55:11 13 -0.9 0.1125
2024_0413_16:55:12 13 -0.36875 56.16875
2024_0413_16:55:13 13 99.35 19.45
2024_0413_16:55:13 13 86.7125 80.775
2024_0413_16:55:13 13 63.5375 73.7125
2024_0413_16:55:20 13 50.7875 49.45
2024_0413_16:55:21 13 88.66875 67.05625
2024_0413_16:55:24 13 1.1375 0.56875
2024_0413_16:55:25 13 6.13125 8.04375
2024_0413_16:55:26 13 0.33125 0.46875
2024_0413_16:55:27 13 -49.83125 50.33125
2024_0413_16:55:29 13 31.26875 19.09375
2024_0413_16:55:30 13 43.74375 42.90625
2024_0413_16:55:30 13 1.03125 -0.85625
2024_0413_16:55:31 13 20.4625 41.19375
2024_0413_16:55:34 13 -0.8125 -1.0375
2024_0413_16:55:35 13 -1.1375 1.13125
2024_0413_16:55:35 13 -0.69375 -0.40625
2024_0413_16:55:38 13 0.65625 0.1875
2024_0413_16:55:38 13 63.68125 91.35
2024_0413_16:55:42 13 99.975 -49.99375
2024_0413_16:55:45 13 49.5 49.71875
2024_0413_16:55:46 13 4.4125 1.15
2024_0413_16:55:49 13 0.40625 0.0125
2024_0413_16:55:50 13 0.19375 1.625
2024_0413_16:55:51 13 0.4375 -0.15
2024_0413_16:55:53 13 0.30625 -0.26875
2024_0413_16:55:53 13 57.5625 66.11875
2024_0413_16:55:54 13 1.24375 -0.48125
2024_0413_16:55:54 13 -0.21875 42.44375
2024_0413_16:55:54 13 0.56875 -0.44375
2024_0413_16:55:58 13 97.51875 66.16875
2024_0413_16:56:00 13 -1.36875 1.61875
2024_0413_16:56:02 13 16.91875 16.6875
2024_0413_16:56:03 13 0.61875 0.36875
2024_0413_16:56:05 13 79.29375 96.85
2024_0413_16:56:06 13 -0.1 -0.66875
2024_0413_16:56:09 13 62.18125 71.825
2024_0413_16:56:09 13 87.79375 90.06875
2024_0413_16:56:11 13 49.98125 49.975
2024_0413_16:56:14 13 96.10625 90.63125
2024_0413_16:56:14 13 57.93125 0.9625
2024_0413_16:56:15 13 -0.08125 -0.60625
2024_0413_16:56:16 13 -0.80625 48.59375
2024_0413_16:56:16 13 0.8875 0.70625
2024_0413_16:56:17 13 29.95625 69.58125
2024_0413_16:56:20 13 -8.46875 8.78125
2024_0413_16:56:23 13 -0.01875 0.69375
2024_0413_16:56:24 13 -1.45625 -0.16875
2024_0413_16:56:25 13 74.5375 99.225
2024_0413_16:56:27 13 20.79375 48.93125
2024_0413_16:56:27 13 -1.36875 1.375
2024_0413_16:56:28 13 -99.9875 49.9875
2024_0413_16:56:32 13 17.9875 1.25625
2024_0413_16:56:32 13 74.54375 74.6
2024_0413_16:56:38 13 0.50625 0.45625
2024_0413_16:56:38 13 99.09375 74.39375
2024_0413_16:56:39 13 -49.975 -49.9875
2024_0413_16:56:39 13 51.3 20.10625
2024_0413_16:56:39 13 -1.7125 12.4875
2024_0413_16:56:40 13 -0.26875 1.20625
2024_0413_16:56:40 13 0.6 -0.14375
2024_0413_16:56:43 13 -10.0625 10.85625
2024_0413_16:56:46 13 32.125 25.275
2024_0413_16:56:49 13 0.69375 0.1375
2024_0413_16:56:49 13 89.83125 56.0375
2024_0413_16:56:49 13 -1.0375 -0.10625
2024_0413_16:56:50 13 -0.4875 0.0625
2024_0413_16:56:52 13 -10.55625 9.8375
2024_0413_16:56:54 13 -0.56875 -1.125
2024_0413_16:56:54 13 64.93125 33.18125
2024_0413_16:57:00 13 99.9875 99.9625
2024_0413_16:57:01 13 49.9375 46.04375
2024_0413_16:57:02 13 52.29375 94.44375
2024_0413_16:57:02 13 62.475 55.43125
2024_0413_16:57:03 13 -0.25 0.40625
2024_0413_16:57:04 13 56.66875 49.86875
2024_0413_16:57:05 13 79.975 98.41875
2024_0413_16:57:06 13 9.125 10.7
2024_0413_16:57:09 13 -0.21875 46.08125
2024_0413_16:57:10 13 -0.49375 37.31875
2024_0413_16:57:11 13 0.925 1.00625
2024_0413_16:57:13 13 69.09375 60.06875
2024_0413_16:57:14 13 -0.53125 6.15625
2024_0413_16:57:14 13 -0.85625 -0.6375
2024_0413_16:57:17 13 24.8625 48.75
2024_0413_16:57:18 13 -0.16875 -0.725
2024_0413_16:57:23 13 99.9875 -99.9875
2024_0413_16:57:24 13 34.7875 56.34375
2024_0413_16:57:24 13 -0.225 -0.275
2024_0413_16:57:25 13 57.6625 42.40625
2024_0413_16:57:27 13 96.90625 78.29375
2024_0413_16:57:27 13 0.3875 -0.9375
2024_0413_16:57:28 13 0.075 0.14375
2024_0413_16:57:29 13 99.6 57.6
2024_0413_16:57:34 13 1.55 4.84375
2024_0413_16:57:37 13 43.91875 70.69375
2024_0413_16:57:38 13 -0.61875 0.70625
2024_0413_16:57:42 13 9.7125 11.03125
2024_0413_16:57:45 13 73.5625 65.23125
2024_0413_16:57:45 13 99.475 49.65
2024_0413_16:57:47 13 40.7125 89.35625
2024_0413_16:57:47 13 47.73125 42.5875
2024_0413_16:57:48 13 49.3625 49.3875
2024_0413_16:57:48 13 -0.225 48.0625
2024_0413_16:57:51 13 4.8125 0.08125
2024_0413_16:57:53 13 93.95625 -0.06875
2024_0413_16:57:55 13 98.8875 95.3875
2024_0413_16:57:57 13 35.25 60.53125
2024_0413_16:57:59 13 16.4625 13.2875
2024_0413_16:58:00 13 33.7875 91.24375
2024_0413_16:58:01 13 -0.1875 -0.14375
2024_0413_16:58:01 13 38.575 49.49375
2024_0413_16:58:07 13 -0.8375 1.5375
2024_0413_16:58:08 13 -0.09375 -0.0375
2024_0413_16:58:08 13 0.75625 -0.16875
2024_0413_16:58:09 13 99.48125 99.34375
2024_0413_16:58:09 13 -0.2625 1.13125
2024_0413_16:58:11 13 -1.13125 0.08125
2024_0413_16:58:12 13 74.6125 98.85625
2024_0413_16:58:13 13 -1.4125 -0.49375
2024_0413_16:58:13 13 -0.34375 -1.44375
2024_0413_16:58:16 13 -0.46875 0.1625
2024_0413_16:58:17 13 1.1125 1.4
2024_0413_16:58:20 13 0.2125 -0.1625
2024_0413_16:58:24 13 -0.9 -0.48125
2024_0413_16:58:24 13 -0.95 -1.2
2024_0413_16:58:25 13 0.59375 -0.75625
2024_0413_16:58:27 13 74.3875 49.44375
2024_0413_16:58:30 13 -0.6875 49.775
2024_0413_16:58:31 13 0.23125 -0.36875
2024_0413_16:58:31 13 -0.40625 1.525
2024_0413_16:58:33 13 26.85625 39.575
2024_0413_16:58:34 13 48.81875 47.88125
2024_0413_16:58:35 13 0.66875 -0.26875
2024_0413_16:58:36 13 48.23125 46.15
2024_0413_16:58:38 13 -1.23125 0.7875
2024_0413_16:58:39 13 81.38125 85.075
2024_0413_16:58:39 13 95.025 82.7125
2024_0413_16:58:40 13 52.775 -52.56875
2024_0413_16:58:43 13 49.66875 72.38125
2024_0413_16:58:46 13 -2.44375 15.775
2024_0413_16:58:48 13 47.4875 86.675
2024_0413_16:58:48 13 0.03125 -0.025
2024_0413_16:58:49 13 0.7125 0.31875
2024_0413_16:58:52 13 99.2625 99.60625
2024_0413_16:58:54 13 61.725 95.98125
2024_0413_16:58:54 13 -0.0625 13.36875
2024_0413_16:58:56 13 -33.46875 32.91875
2024_0413_16:58:58 13 66.50625 72.2875
2024_0413_16:58:59 13 6.91875 10.7375
2024_0413_16:59:00 13 0.475 -1.6625
2024_0413_16:59:00 13 32.96875 48.8
2024_0413_16:59:01 13 49.00625 49.51875
2024_0413_16:59:03 13 99.20625 79.9625
2024_0413_16:59:03 13 77.24375 71.8
2024_0413_16:59:07 13 9.21875 6.8375
2024_0413_16:59:08 14 0.2875 0.8375
2024_0413_16:59:11 14 50.93125 48.63125
2024_0413_16:59:12 14 12.20625 6.89375
2024_0413_16:59:14 14 0.00625 0.05
2024_0413_16:59:15 14 98.3875 69.40625
2024_0413_16:59:17 14 0.025 0.0125
2024_0413_16:59:19 14 -0.125 -0.30625
2024_0413_16:59:19 14 73.23125 85.0
2024_0413_16:59:22 14 -99.975 -49.9875
2024_0413_16:59:22 14 -0.21875 30.63125
2024_0413_16:59:25 14 -0.51875 -1.1125
2024_0413_16:59:26 14 59.64375 79.3875
2024_0413_16:59:26 14 -0.0125 0.73125
2024_0413_16:59:27 14 30.09375 30.65
2024_0413_16:59:29 14 0.78125 -1.6
2024_0413_16:59:30 14 -0.04375 -0.1
2024_0413_16:59:34 14 31.91875 31.4875
2024_0413_16:59:34 14 0.1625 -0.15625
2024_0413_16:59:38 14 0.35625 -0.1875
2024_0413_16:59:39 14 51.5 92.58125
2024_0413_16:59:40 14 98.325 48.98125
2024_0413_16:59:42 14 -0.0875 0.4875
2024_0413_16:59:44 14 -0.1 41.45
2024_0413_16:59:45 14 74.64375 12.21875
2024_0413_16:59:46 14 67.93125 55.975
2024_0413_16:59:47 14 75.85625 98.825
2024_0413_16:59:48 14 2.36875 1.6
2024_0413_16:59:50 14 0.16875 -0.525
2024_0413_16:59:51 14 99.975 -99.975
2024_0413_16:59:52 14 54.6875 74.2
2024_0413_16:59:54 14 56.3875 46.10625
2024_0413_16:59:55 14 0.18125 53.675
2024_0413_16:59:56 14 39.64375 41.5375
2024_0413_16:59:58 14 90.01875 86.25625
2024_0413_17:00:01 14 0.19375 0.25625
2024_0413_17:00:02 14 32.41875 49.2125
2024_0413_17:00:03 14 59.6625 72.39375
2024_0413_17:00:05 14 -0.73125 0.7625
2024_0413_17:00:08 14 0.0125 -0.01875
2024_0413_17:00:09 14 8.11875 -9.01875
2024_0413_17:00:10 14 38.85 32.625
2024_0413_17:00:12 14 -0.5875 1.43125
2024_0413_17:00:13 14 -0.04375 1.0
2024_0413_17:00:13 14 98.35625 62.71875
2024_0413_17:00:16 14 7.725 -11.7875
2024_0413_17:00:16 14 -0.58125 0.76875
2024_0413_17:00:16 14 13.15 8.2625
2024_0413_17:00:19 14 98.26875 83.55625
2024_0413_17:00:19 14 0.25625 -0.4625
2024_0413_17:00:22 14 10.90625 74.85
2024_0413_17:00:24 14 -0.6875 0.625
2024_0413_17:00:24 14 -99.98125 -100.0
2024_0413_17:00:29 14 49.825 99.4625
2024_0413_17:00:29 14 37.50625 76.2875
2024_0413_17:00:31 14 -0.04375 -0.65625
2024_0413_17:00:32 14 -18.25 16.65625
2024_0413_17:00:34 14 41.53125 59.625
2024_0413_17:00:35 14 -9.01875 9.775
2024_0413_17:00:35 14 99.56875 99.2625
2024_0413_17:00:36 14 49.925 99.16875
2024_0413_17:00:40 14 78.14375 35.03125
2024_0413_17:00:41 14 74.24375 16.5375
2024_0413_17:00:42 14 -10.2 10.06875
2024_0413_17:00:43 14 30.975 23.30625
2024_0413_17:00:46 14 97.06875 88.05625
2024_0413_17:00:47 14 98.75625 57.95
2024_0413_17:00:48 14 16.1375 3.23125
2024_0413_17:00:55 14 6.9625 12.775
2024_0413_17:00:56 14 -0.33125 -0.16875
2024_0413_17:00:57 14 76.40625 92.275
2024_0413_17:00:57 14 0.0 0.4375
2024_0413_17:00:58 14 -0.01875 -0.6875
2024_0413_17:00:59 14 0.04375 -0.03125
2024_0413_17:01:00 14 84.05625 56.70625
2024_0413_17:01:01 14 94.9625 61.95
2024_0413_17:01:03 14 45.6375 58.20625
2024_0413_17:01:04 14 11.78125 27.71875
2024_0413_17:01:07 14 52.5625 63.15
2024_0413_17:01:07 14 1.23125 -1.39375
2024_0413_17:01:10 14 0.35625 1.09375
2024_0413_17:01:11 14 60.5125 73.1125
2024_0413_17:01:12 14 57.31875 66.2125
2024_0413_17:01:12 14 8.20625 7.95625
2024_0413_17:01:18 14 0.5625 0.89375
2024_0413_17:01:20 14 0.31875 0.775
2024_0413_17:01:21 14 -19.56875 19.825
2024_0413_17:01:22 14 98.8125 74.475
2024_0413_17:01:22 14 99.975 -49.9875
2024_0413_17:01:23 14 76.48125 70.65
2024_0413_17:01:23 14 -0.35 1.625
2024_0413_17:01:23 14 -1.15 -0.0125
2024_0413_17:01:27 14 0.3625 -0.125
2024_0413_17:01:28 14 -0.4875 -0.45625
2024_0413_17:01:30 14 97.3375 85.7
2024_0413_17:01:33 14 8.6 24.9375
2024_0413_17:01:33 14 0.5375 -0.4
2024_0413_17:01:37 14 77.7125 84.6875
2024_0413_17:01:38 14 93.3625 49.8125
2024_0413_17:01:42 14 0.35 0.56875
2024_0413_17:01:44 14 57.2125 45.38125
2024_0413_17:01:45 14 24.75625 39.03125
2024_0413_17:01:45 14 -1.01875 -0.28125
2024_0413_17:01:46 14 37.05625 79.0375
2024_0413_17:01:47 14 84.4 77.7
2024_0413_17:01:50 14 -40.25625 39.64375
2024_0413_17:01:51 14 -1.775 1.68125
2024_0413_17:01:52 14 -0.43125 0.39375
2024_0413_17:01:55 14 -0.06875 93.3625
2024_0413_17:01:59 14 55.56875 89.49375
2024_0413_17:02:00 14 37.65625 -5.65
2024_0413_17:02:00 14 76.53125 49.46875
2024_0413_17:02:00 14 -1.88125 -1.20625
2024_0413_17:02:02 14 41.79375 0.1125
2024_0413_17:02:03 14 85.45625 98.6375
2024_0413_17:02:06 14 44.71875 59.2125
2024_0413_17:02:08 14 59.74375 -60.075
2024_0413_17:02:08 14 99.40625 90.4375
2024_0413_17:02:09 14 56.76875 37.6625
2024_0413_17:02:10 14 1.19375 -0.71875
2024_0413_17:02:11 14 84.8625 99.54375
2024_0413_17:02:15 14 81.85625 79.78125
2024_0413_17:02:21 14 87.06875 48.3
2024_0413_17:02:23 14 30.0 66.95625
2024_0413_17:02:23 14 1.14375 0.26875
2024_0413_17:02:23 14 0.0625 1.8875
2024_0413_17:02:24 14 40.16875 49.26875
2024_0413_17:02:24 14 -2.20625 0.83125
2024_0413_17:02:26 14 57.75625 52.475
2024_0413_17:02:26 14 1.03125 0.125
2024_0413_17:02:27 14 0.2125 -1.7
2024_0413_17:02:30 14 0.4125 0.50625
2024_0413_17:02:32 14 52.3875 99.4375
2024_0413_17:02:32 14 -0.15625 49.925
2024_0413_17:02:33 14 47.50625 54.7875
2024_0413_17:02:35 14 49.95 -0.14375
2024_0413_17:02:36 14 54.2375 48.75625
2024_0413_17:02:38 14 74.5375 49.725
2024_0413_17:02:46 14 96.66875 15.19375
2024_0413_17:02:46 14 99.51875 99.19375
2024_0413_17:02:47 14 -1.5875 50.0125
2024_0413_17:02:47 14 95.39375 97.58125
2024_0413_17:02:47 14 -0.33125 -0.63125
2024_0413_17:02:48 14 -36.0625 35.73125
2024_0413_17:02:50 14 46.8125 -0.0125
2024_0413_17:02:51 14 -0.69375 -0.93125
2024_0413_17:02:51 14 58.1625 49.425
2024_0413_17:02:54 14 46.9 60.34375
2024_0413_17:02:57 14 -0.9125 -0.56875
2024_0413_17:02:57 14 47.0 -0.03125
2024_0413_17:02:58 14 81.625 50.4375
2024_0413_17:03:00 14 87.0 54.39375
2024_0413_17:03:01 14 37.04375 -0.30625
2024_0413_17:03:09 14 77.4125 66.06875
2024_0413_17:03:10 14 -9.59375 8.4375
2024_0413_17:03:11 14 62.575 -0.025
2024_0413_17:03:11 14 45.4125 42.175
2024_0413_17:03:13 14 -33.40625 34.0125
2024_0413_17:03:13 14 -49.99375 99.9625
2024_0413_17:03:14 14 96.60625 74.8375
2024_0413_17:03:15 14 49.9375 7.4375
2024_0413_17:03:15 14 1.1625 0.64375
2024_0413_17:03:15 14 -1.175 0.8125
2024_0413_17:03:19 14 -1.91875 0.3375
2024_0413_17:03:20 14 54.30625 41.85625
2024_0413_17:03:24 14 24.68125 26.675
2024_0413_17:03:26 14 48.9625 77.00625
2024_0413_17:03:28 14 3.83125 19.39375
2024_0413_17:03:33 15 79.55625 66.9125
2024_0413_17:03:34 15 85.0125 79.15
2024_0413_17:03:34 14 -0.21875 0.1
2024_0413_17:03:36 15 98.5 97.475
2024_0413_17:03:36 15 37.8875 49.6
2024_0413_17:03:37 15 21.0375 27.05
2024_0413_17:03:37 15 0.275 -0.7875
2024_0413_17:03:38 15 -0.6375 0.2
2024_0413_17:03:38 15 -0.9 -0.18125
2024_0413_17:03:38 15 24.20625 33.0875
2024_0413_17:03:42 15 83.35 99.29375
2024_0413_17:03:43 15 84.66875 70.4375
2024_0413_17:03:43 15 11.38125 -0.7
2024_0413_17:03:50 15 46.85 51.88125
2024_0413_17:03:50 15 0.29375 4.73125
2024_0413_17:03:55 15 76.525 85.86875
2024_0413_17:03:56 15 -0.20625 -0.1875
2024_0413_17:03:57 15 35.96875 33.5375
2024_0413_17:03:59 15 18.925 49.7
2024_0413_17:03:59 15 0.925 15.075
2024_0413_17:04:02 15 19.8375 24.4625
2024_0413_17:04:03 15 76.0375 17.43125
2024_0413_17:04:03 15 45.53125 2.75
2024_0413_17:04:04 15 47.775 34.7875
2024_0413_17:04:04 15 49.55 49.75
2024_0413_17:04:04 15 5.9125 11.3625
2024_0413_17:04:05 15 0.59375 -0.89375
2024_0413_17:04:17 15 0.35625 -1.2625
2024_0413_17:04:19 15 9.175 -11.03125
2024_0413_17:04:19 15 65.3 61.45
2024_0413_17:04:21 15 0.28125 -1.275
2024_0413_17:04:22 15 0.1375 1.1875
2024_0413_17:04:22 15 60.075 57.5
2024_0413_17:04:22 15 90.15 74.40625
2024_0413_17:04:22 15 -0.1875 1.25625
2024_0413_17:04:25 15 40.41875 46.9625
2024_0413_17:04:25 15 24.075 93.5875
2024_0413_17:04:27 15 34.55625 -16.98125
2024_0413_17:04:28 15 12.63125 -12.75625
2024_0413_17:04:28 15 37.70625 74.0625
2024_0413_17:04:29 15 22.19375 50.00625
2024_0413_17:04:33 15 32.0375 -19.9875
2024_0413_17:04:35 15 8.6125 -8.41875
2024_0413_17:04:43 15 0.0875 0.0
2024_0413_17:04:43 15 50.33125 75.35625
2024_0413_17:04:45 15 37.54375 81.51875
2024_0413_17:04:46 15 74.5875 49.5375
2024_0413_17:04:46 15 99.5 83.74375
2024_0413_17:04:46 15 38.525 49.70625
2024_0413_17:04:47 15 91.4875 62.0875
2024_0413_17:04:49 15 -0.01875 1.55
2024_0413_17:04:49 15 8.79375 -8.05625
2024_0413_17:04:50 15 19.8625 58.775
2024_0413_17:04:53 15 -7.9125 8.425
2024_0413_17:04:54 15 85.3875 77.1375
2024_0413_17:04:55 15 0.8375 -0.3
2024_0413_17:04:58 15 0.65 -0.09375
2024_0413_17:04:59 15 0.0 -0.00625
2024_0413_17:05:07 15 0.2625 -0.54375
2024_0413_17:05:07 15 22.09375 58.475
2024_0413_17:05:08 15 73.16875 86.45625
2024_0413_17:05:09 15 50.5 96.0875
2024_0413_17:05:10 15 99.25625 75.01875
2024_0413_17:05:10 15 46.53125 51.6875
2024_0413_17:05:11 15 1.29375 0.65625
2024_0413_17:05:11 15 96.6875 24.44375
2024_0413_17:05:12 15 92.25625 44.5375
2024_0413_17:05:14 15 49.625 78.06875
2024_0413_17:05:14 15 80.1625 90.49375
2024_0413_17:05:19 15 38.0375 57.08125
2024_0413_17:05:19 15 29.0625 25.375
2024_0413_17:05:22 15 7.075 10.84375
2024_0413_17:05:23 15 61.4875 67.35
2024_0413_17:05:25 15 -3.09375 2.20625
2024_0413_17:05:32 15 44.15625 49.5125
2024_0413_17:05:32 15 0.3625 0.50625
2024_0413_17:05:33 15 46.85625 70.75625
2024_0413_17:05:33 15 1.00625 -2.0
2024_0413_17:05:34 15 -1.7 48.9875
2024_0413_17:05:34 15 55.51875 49.7125
2024_0413_17:05:37 15 4.29375 7.20625
2024_0413_17:05:38 15 73.85625 82.85
2024_0413_17:05:44 15 -10.46875 9.8625
2024_0413_17:05:45 15 88.2125 49.56875
2024_0413_17:05:45 15 -0.2625 -0.18125
2024_0413_17:05:46 15 -0.6 -0.7875
2024_0413_17:05:48 15 17.93125 26.98125
2024_0413_17:05:53 15 49.99375 -99.9625
2024_0413_17:05:53 15 -0.21875 0.08125
2024_0413_17:05:54 15 88.34375 42.50625
2024_0413_17:05:55 15 -0.23125 -0.13125
2024_0413_17:05:55 15 94.525 86.63125
2024_0413_17:05:56 15 1.24375 0.05
2024_0413_17:05:56 15 -99.95625 99.98125
2024_0413_17:05:58 15 0.2 -0.26875
2024_0413_17:06:01 15 56.025 68.5875
2024_0413_17:06:05 15 -0.1875 49.93125
2024_0413_17:06:07 15 95.06875 53.625
2024_0413_17:06:08 15 98.6 97.45
2024_0413_17:06:09 15 42.45625 37.75625
2024_0413_17:06:10 15 48.8625 65.5375
2024_0413_17:06:13 15 46.05 42.775
2024_0413_17:06:17 15 99.075 51.55625
2024_0413_17:06:17 15 42.54375 60.29375
2024_0413_17:06:17 15 -0.2125 0.3875
2024_0413_17:06:17 15 -99.98125 49.9875
2024_0413_17:06:20 15 -9.86875 10.05
2024_0413_17:06:21 15 78.06875 94.25
2024_0413_17:06:21 15 -0.85 0.40625
2024_0413_17:06:21 15 0.8 -0.2375
2024_0413_17:06:24 15 55.725 38.5375
2024_0413_17:06:26 15 0.1875 -0.61875
2024_0413_17:06:30 15 -12.075 49.93125
2024_0413_17:06:32 15 61.69375 91.55
2024_0413_17:06:33 15 0.14375 -0.7
2024_0413_17:06:36 15 10.7375 -11.9375
2024_0413_17:06:38 15 -1.6375 1.1375
2024_0413_17:06:39 15 47.7 65.74375
2024_0413_17:06:40 15 33.1625 99.0375
2024_0413_17:06:41 15 1.6375 1.39375
2024_0413_17:06:41 15 -0.2875 -1.43125
2024_0413_17:06:43 15 10.5125 16.35
2024_0413_17:06:44 15 -10.7 11.1125
2024_0413_17:06:45 15 0.75 -0.10625
2024_0413_17:06:46 15 32.13125 55.63125
2024_0413_17:06:47 15 0.08125 -0.75625
2024_0413_17:06:51 15 7.5 15.65625
2024_0413_17:06:52 15 75.06875 79.3875
2024_0413_17:06:53 15 100.0 -100.0
2024_0413_17:06:56 15 22.65625 38.85625
2024_0413_17:07:01 15 0.175 0.15625
2024_0413_17:07:01 15 -99.9875 -99.9875
2024_0413_17:07:03 15 -1.1875 0.3875
2024_0413_17:07:03 15 0.35 0.10625
2024_0413_17:07:04 15 99.85625 4.64375
2024_0413_17:07:05 15 97.41875 65.625
2024_0413_17:07:06 15 0.90625 0.05
2024_0413_17:07:09 15 83.11875 93.64375
2024_0413_17:07:10 15 2.125 2.7625
2024_0413_17:07:13 15 95.6125 98.4875
2024_0413_17:07:14 15 -0.775 0.64375
2024_0413_17:07:16 15 90.9875 20.0875
2024_0413_17:07:18 15 63.68125 67.48125
2024_0413_17:07:21 15 61.56875 74.1125
2024_0413_17:07:21 15 80.66875 65.3375
2024_0413_17:07:25 16 10.89375 -11.84375
2024_0413_17:07:25 16 -11.825 53.475
2024_0413_17:07:27 16 38.6875 92.10625
2024_0413_17:07:28 16 1.8625 -0.2125
2024_0413_17:07:28 16 -0.875 -0.1625
2024_0413_17:07:29 16 55.98125 69.04375
2024_0413_17:07:34 16 9.11875 8.1875
2024_0413_17:07:34 16 69.6 68.64375
2024_0413_17:07:38 16 20.24375 -20.35625
2024_0413_17:07:39 16 99.625 76.4125
2024_0413_17:07:40 16 -9.9625 11.31875
2024_0413_17:07:41 16 47.24375 7.2125
2024_0413_17:07:41 16 1.0375 -0.50625
2024_0413_17:07:45 16 77.7625 50.875
2024_0413_17:07:45 16 -0.15 0.04375
2024_0413_17:07:46 16 17.95 -16.64375
2024_0413_17:07:51 16 98.7625 99.0125
2024_0413_17:07:51 16 38.275 -0.73125
2024_0413_17:07:52 16 59.55625 27.61875
2024_0413_17:07:53 16 15.95625 -18.26875
2024_0413_17:07:54 16 24.43125 36.2875
2024_0413_17:07:58 16 40.28125 53.84375
2024_0413_17:07:59 16 74.75 82.9875
2024_0413_17:07:59 16 2.63125 -2.2875
2024_0413_17:08:01 16 16.725 -16.99375
2024_0413_17:08:03 16 99.1 99.1875
2024_0413_17:08:03 16 40.51875 64.95625
2024_0413_17:08:05 16 -0.8875 0.15625
2024_0413_17:08:07 16 74.69375 99.19375
2024_0413_17:08:10 16 0.50625 -0.21875
2024_0413_17:08:12 16 30.8625 27.03125
2024_0413_17:08:12 16 0.4625 0.91875
2024_0413_17:08:12 16 48.93125 55.95625
2024_0413_17:08:16 16 16.7125 -16.46875
2024_0413_17:08:21 16 37.81875 69.7375
2024_0413_17:08:22 16 16.70625 -16.9375
2024_0413_17:08:22 16 99.175 99.3625
2024_0413_17:08:23 16 -28.1875 60.0875
2024_0413_17:08:25 16 0.46875 0.025
2024_0413_17:08:25 16 79.8 70.4
2024_0413_17:08:27 16 -4.775 4.525
2024_0413_17:08:29 16 -0.2 31.025
2024_0413_17:08:29 16 1.56875 0.4
2024_0413_17:08:32 16 -1.08125 0.7375
2024_0413_17:08:34 16 0.0375 0.3375
2024_0413_17:08:35 16 49.71875 82.66875
2024_0413_17:08:36 16 9.8875 -10.125
2024_0413_17:08:37 16 0.44375 -0.9125
2024_0413_17:08:41 16 90.3625 49.4125
2024_0413_17:08:45 16 56.66875 66.99375
2024_0413_17:08:46 16 0.2625 -0.94375
2024_0413_17:08:46 16 17.24375 14.93125
2024_0413_17:08:49 16 1.0625 -0.86875
2024_0413_17:08:49 16 -0.1 9.11875
2024_0413_17:08:49 16 49.4875 38.925
2024_0413_17:08:50 16 51.9625 44.49375
2024_0413_17:08:52 16 -0.2125 2.3
2024_0413_17:08:54 16 42.44375 84.625
2024_0413_17:08:54 16 0.14375 0.56875
2024_0413_17:08:58 16 50.85625 47.68125
2024_0413_17:08:59 16 26.74375 96.01875
2024_0413_17:09:00 16 -0.3375 0.28125
2024_0413_17:09:01 16 0.0625 0.3375
2024_0413_17:09:01 16 83.4625 51.1625
2024_0413_17:09:08 16 49.44375 27.81875
2024_0413_17:09:09 16 98.2125 37.2125
2024_0413_17:09:10 16 33.74375 31.89375
2024_0413_17:09:12 16 -0.16875 -0.20625
2024_0413_17:09:12 16 42.09375 95.3
2024_0413_17:09:12 16 -9.8375 9.98125
2024_0413_17:09:14 16 49.38125 29.6
2024_0413_17:09:15 16 27.1625 7.29375
2024_0413_17:09:16 16 0.3125 -0.15
2024_0413_17:09:18 16 47.8875 47.04375
2024_0413_17:09:18 16 95.15625 74.375
2024_0413_17:09:22 16 27.48125 1.13125
2024_0413_17:09:22 16 24.99375 -22.45
2024_0413_17:09:23 16 33.025 33.7375
2024_0413_17:09:25 16 60.225 48.38125
2024_0413_17:09:32 16 99.9375 64.2125
2024_0413_17:09:33 16 99.48125 99.31875
2024_0413_17:09:34 16 35.18125 49.91875
2024_0413_17:09:36 16 89.6 84.2375
2024_0413_17:09:37 16 -0.4 0.23125
2024_0413_17:09:37 16 -0.0875 16.6375
2024_0413_17:09:38 16 0.90625 1.2625
2024_0413_17:09:39 16 59.6 49.79375
2024_0413_17:09:43 16 99.68125 99.55625
2024_0413_17:09:45 16 -99.9875 49.99375
2024_0413_17:09:46 16 -0.6625 0.0875
2024_0413_17:09:47 16 1.0 1.35
2024_0413_17:09:50 16 9.7875 -10.3125
2024_0413_17:09:51 16 64.95 99.00625
2024_0413_17:09:53 16 65.45625 99.175
2024_0413_17:09:57 16 0.2625 0.10625
2024_0413_17:09:59 16 1.19375 0.1
2024_0413_17:09:59 16 92.61875 49.89375
2024_0413_17:10:01 16 -16.63125 15.225
2024_0413_17:10:02 16 -8.26875 7.29375
2024_0413_17:10:06 16 -49.99375 -49.99375
2024_0413_17:10:06 16 86.125 -0.0625
2024_0413_17:10:07 16 74.7125 99.1125
2024_0413_17:10:10 16 29.35 28.59375
2024_0413_17:10:13 16 69.0375 99.35625
2024_0413_17:10:15 16 42.3125 64.6
2024_0413_17:10:17 16 10.05625 3.01875
2024_0413_17:10:18 16 53.64375 41.1125
2024_0413_17:10:20 16 0.9125 -1.7
2024_0413_17:10:20 16 51.075 58.44375
2024_0413_17:10:21 16 1.7125 0.875
2024_0413_17:10:21 16 42.44375 -0.56875
2024_0413_17:10:22 16 0.98125 0.425
2024_0413_17:10:23 16 99.9625 99.9875
2024_0413_17:10:24 16 17.90625 10.08125
2024_0413_17:10:30 16 5.275 9.33125
2024_0413_17:10:31 16 46.875 98.825
2024_0413_17:10:31 17 -0.05625 -0.00625
2024_0413_17:10:35 17 0.55 0.325
2024_0413_17:10:38 17 65.9625 86.33125
2024_0413_17:10:39 17 0.61875 0.6
2024_0413_17:10:42 17 97.83125 69.925
2024_0413_17:10:44 17 58.74375 39.90625
2024_0413_17:10:45 17 -0.3 19.975
2024_0413_17:10:45 17 99.6125 71.5125
2024_0413_17:10:45 17 40.9 41.9125
2024_0413_17:10:45 17 51.3125 83.525
2024_0413_17:10:46 17 8.25 9.6625
2024_0413_17:10:51 17 69.10625 72.70625
2024_0413_17:10:55 17 79.8875 94.5
2024_0413_17:10:55 17 -0.0125 -0.1
2024_0413_17:10:58 17 29.5 34.325
2024_0413_17:10:58 17 72.0375 63.3875
2024_0413_17:11:01 17 -0.1625 0.06875
2024_0413_17:11:03 17 68.3875 36.575
2024_0413_17:11:03 17 7.55625 5.4125
2024_0413_17:11:04 17 -0.00625 -0.1625
2024_0413_17:11:09 17 68.0875 96.025
2024_0413_17:11:10 17 18.3 17.3
2024_0413_17:11:11 17 1.45625 0.34375
2024_0413_17:11:12 17 40.05625 -40.4875
2024_0413_17:11:12 17 56.2 74.325
2024_0413_17:11:13 17 -0.0625 4.6375
2024_0413_17:11:18 17 0.2125 0.71875
2024_0413_17:11:18 17 -0.14375 0.125
2024_0413_17:11:19 17 48.9375 74.41875
2024_0413_17:11:20 17 0.56875 0.05
2024_0413_17:11:24 17 17.70625 49.90625
2024_0413_17:11:26 17 -7.71875 5.3375
2024_0413_17:11:28 17 -10.825 57.075
2024_0413_17:11:28 17 -0.19375 -0.5625
2024_0413_17:11:28 17 49.63125 24.95
2024_0413_17:11:33 17 -50.04375 49.94375
2024_0413_17:11:33 17 88.6625 33.775
2024_0413_17:11:37 17 48.54375 77.90625
2024_0413_17:11:37 17 13.275 13.4375
2024_0413_17:11:39 17 51.94375 50.65
2024_0413_17:11:40 17 17.61875 18.85
2024_0413_17:11:42 17 39.75625 -39.34375
2024_0413_17:11:42 17 45.50625 47.36875
2024_0413_17:11:46 17 -0.05625 0.0
2024_0413_17:11:48 17 48.34375 43.0875
2024_0413_17:11:51 17 48.5875 44.15625
2024_0413_17:11:51 17 57.76875 70.6
2024_0413_17:11:55 17 1.10625 -0.48125
2024_0413_17:11:56 17 50.825 73.5125
2024_0413_17:11:57 17 44.9 63.88125
2024_0413_17:11:59 17 62.11875 63.24375
2024_0413_17:12:00 17 -0.04375 7.83125
2024_0413_17:12:00 17 -0.5375 10.00625
2024_0413_17:12:01 17 34.60625 65.05
2024_0413_17:12:03 17 39.36875 56.7125
2024_0413_17:12:05 17 32.36875 22.125
2024_0413_17:12:06 17 0.55 0.925
2024_0413_17:12:07 17 9.96875 -7.275
2024_0413_17:12:09 17 30.225 49.40625
2024_0413_17:12:09 17 73.5125 61.8125
2024_0413_17:12:15 17 -0.46875 -1.11875
2024_0413_17:12:19 17 -9.40625 24.30625
2024_0413_17:12:21 17 96.15625 36.125
2024_0413_17:12:21 17 40.175 99.43125
2024_0413_17:12:21 17 9.43125 -10.20625
2024_0413_17:12:21 17 0.0375 -0.1625
2024_0413_17:12:24 17 76.35625 48.05625
2024_0413_17:12:24 17 2.31875 -3.1
2024_0413_17:12:27 17 12.3 9.48125
2024_0413_17:12:29 17 -100.0 -99.975
2024_0413_17:12:31 17 97.15 94.60625
2024_0413_17:12:32 17 98.9875 99.49375
2024_0413_17:12:33 17 1.3875 -0.7
2024_0413_17:12:34 17 52.05625 99.0125
2024_0413_17:12:34 17 94.96875 95.6625
2024_0413_17:12:35 17 47.4625 38.9
2024_0413_17:12:44 17 74.8125 87.98125
2024_0413_17:12:46 17 0.4625 -0.5375
2024_0413_17:12:47 17 7.53125 9.68125
2024_0413_17:12:50 17 29.65 10.66875
2024_0413_17:12:52 17 68.75 41.3375
2024_0413_17:12:53 17 -0.5875 -0.11875
2024_0413_17:12:53 17 22.8625 3.25
2024_0413_17:12:54 17 53.44375 53.69375
2024_0413_17:12:56 17 0.5 -0.05
2024_0413_17:12:57 17 -1.58125 -0.6875
2024_0413_17:12:57 17 66.96875 45.9875
2024_0413_17:12:58 17 -19.68125 19.3375
2024_0413_17:12:58 17 94.9375 75.28125
2024_0413_17:13:07 17 98.9125 49.51875
2024_0413_17:13:07 17 84.55 90.74375
2024_0413_17:13:08 17 13.45625 16.85625
2024_0413_17:13:09 17 10.75 -9.29375
2024_0413_17:13:11 17 -9.89375 10.28125
2024_0413_17:13:16 17 -1.71875 0.19375
2024_0413_17:13:18 17 -7.825 7.4375
2024_0413_17:13:19 17 -0.04375 0.1375
2024_0413_17:13:20 17 12.66875 -11.425
2024_0413_17:13:21 17 -5.4875 5.39375
2024_0413_17:13:21 17 0.4 -1.14375
2024_0413_17:13:21 17 15.01875 43.75
2024_0413_17:13:21 17 -0.56875 -0.43125
2024_0413_17:13:21 17 47.45625 99.11875
2024_0413_17:13:22 17 1.58125 -0.8625
2024_0413_17:13:25 17 58.90625 49.35
2024_0413_17:13:30 17 98.2875 59.65
2024_0413_17:13:33 17 -0.125 0.90625
2024_0413_17:13:33 17 -10.30625 15.8375
2024_0413_17:13:35 17 -25.3875 25.9875
2024_0413_17:13:36 17 0.1 0.45625
2024_0413_17:13:43 17 -0.4 -0.38125
2024_0413_17:13:43 17 -1.33125 -2.23125
2024_0413_17:13:43 17 51.6125 40.6125
2024_0413_17:13:44 17 -0.3875 1.1
2024_0413_17:13:45 17 3.44375 32.40625
2024_0413_17:13:45 17 -10.23125 9.1875
2024_0413_17:13:46 17 0.25 -1.34375
2024_0413_17:13:51 17 28.21875 45.35
2024_0413_17:13:58 17 -12.94375 16.25625
2024_0413_17:13:58 17 58.86875 79.8125
2024_0413_17:13:59 17 -1.8375 0.2375
2024_0413_17:14:00 17 0.54375 -0.03125
2024_0413_17:14:00 17 -1.08125 -0.5
2024_0413_17:14:06 17 59.725 49.61875
2024_0413_17:14:07 17 -0.5 -0.90625
2024_0413_17:14:07 17 -1.275 0.2625
2024_0413_17:14:09 17 59.55625 67.5375
2024_0413_17:14:09 17 0.075 0.9
2024_0413_17:14:09 17 0.85625 0.325
2024_0413_17:14:10 17 80.5375 77.35
2024_0413_17:14:10 17 5.79375 8.51875
2024_0413_17:14:11 17 -0.11875 1.1125
2024_0413_17:14:13 18 98.0875 98.44375
2024_0413_17:14:13 17 21.80625 22.08125
2024_0413_17:14:21 18 24.63125 16.2625
2024_0413_17:14:21 18 73.55 72.5
2024_0413_17:14:25 18 63.2875 47.39375
2024_0413_17:14:26 18 32.88125 74.50625
2024_0413_17:14:30 18 -0.025 0.76875
2024_0413_17:14:33 18 43.49375 46.54375
2024_0413_17:14:33 18 -14.91875 15.13125
2024_0413_17:14:33 18 -49.9875 49.99375
2024_0413_17:14:34 18 -0.9625 -0.06875
2024_0413_17:14:37 18 67.275 65.53125
2024_0413_17:14:37 18 98.69375 94.1125
2024_0413_17:14:37 18 47.76875 -47.46875
2024_0413_17:14:38 18 99.75625 98.15625
2024_0413_17:14:40 18 12.2875 11.7375
2024_0413_17:14:43 18 37.79375 49.38125
2024_0413_17:14:45 18 33.1125 -4.475
2024_0413_17:14:45 18 57.30625 49.90625
2024_0413_17:14:47 18 99.43125 49.54375
2024_0413_17:14:50 18 49.91875 -0.34375
2024_0413_17:14:55 18 54.29375 34.66875
2024_0413_17:14:57 18 1.45 1.73125
2024_0413_17:14:59 18 -0.94375 16.55625
2024_0413_17:15:00 18 4.09375 4.50625
2024_0413_17:15:01 18 3.45625 0.04375
2024_0413_17:15:02 18 44.51875 48.96875
2024_0413_17:15:05 18 61.4375 88.43125
2024_0413_17:15:06 18 12.35625 11.21875
2024_0413_17:15:06 18 11.05625 11.46875
2024_0413_17:15:07 18 1.41875 -0.53125
2024_0413_17:15:08 18 40.4875 57.9125
2024_0413_17:15:11 18 27.1625 49.61875
2024_0413_17:15:11 18 64.4875 41.725
2024_0413_17:15:12 18 24.7625 34.35
2024_0413_17:15:12 18 -7.06875 30.31875
2024_0413_17:15:16 18 92.8125 99.3375
2024_0413_17:15:21 18 0.31875 0.46875
2024_0413_17:15:21 18 33.4625 53.05625
2024_0413_17:15:27 18 -11.0 10.675
2024_0413_17:15:27 18 46.15625 61.98125
2024_0413_17:15:30 18 -1.125 -0.08125
2024_0413_17:15:31 18 -0.01875 -4.08125
2024_0413_17:15:31 18 0.15 1.0
2024_0413_17:15:34 18 20.125 -8.975
2024_0413_17:15:34 18 -1.1875 0.025
2024_0413_17:15:36 18 61.90625 67.31875
2024_0413_17:15:37 18 -0.1875 -0.44375
2024_0413_17:15:39 18 -0.86875 5.75625
2024_0413_17:15:41 18 55.21875 -2.5625
2024_0413_17:15:42 18 54.2375 33.1625
2024_0413_17:15:43 18 47.91875 37.1125
2024_0413_17:15:47 18 66.49375 59.9125
2024_0413_17:15:51 18 0.00625 0.04375
2024_0413_17:15:51 18 57.125 82.325
2024_0413_17:15:55 18 0.8625 -0.01875
2024_0413_17:15:57 18 35.85625 49.75625
2024_0413_17:15:58 18 36.60625 43.59375
2024_0413_17:15:58 18 -0.0125 -0.2125
2024_0413_17:15:58 18 28.2875 32.35625
2024_0413_17:15:59 18 33.11875 99.375
2024_0413_17:16:02 18 0.325 0.21875
2024_0413_17:16:06 18 0.75 0.4125
2024_0413_17:16:07 18 12.81875 -0.3
2024_0413_17:16:08 18 -11.175 49.8875
2024_0413_17:16:08 18 22.9625 15.0
2024_0413_17:16:10 18 0.7375 -0.08125
2024_0413_17:16:12 18 -5.3625 20.95
2024_0413_17:16:16 18 72.5 46.3375
2024_0413_17:16:16 18 -17.25 41.10625
2024_0413_17:16:17 18 0.73125 0.18125
2024_0413_17:16:20 18 -4.11875 29.9
2024_0413_17:16:20 18 -49.975 -99.99375
2024_0413_17:16:21 18 61.50625 78.375
2024_0413_17:16:22 18 34.775 29.8625
2024_0413_17:16:29 18 0.25 0.1125
2024_0413_17:16:31 18 74.6375 99.0375
2024_0413_17:16:31 18 0.45625 -0.1
2024_0413_17:16:33 18 26.075 41.0625
2024_0413_17:16:33 18 97.225 94.8
2024_0413_17:16:35 18 50.81875 94.375
2024_0413_17:16:35 18 64.08125 42.38125
2024_0413_17:16:41 18 -31.61875 47.4875
2024_0413_17:16:41 18 -1.06875 -0.3625
2024_0413_17:16:42 18 53.24375 48.95
2024_0413_17:16:42 18 81.40625 58.11875
2024_0413_17:16:43 18 -12.30625 12.15
2024_0413_17:16:44 18 49.93125 52.48125
2024_0413_17:16:45 18 49.6875 83.36875
2024_0413_17:16:46 18 -20.78125 20.65625
2024_0413_17:16:49 18 0.96875 0.075
2024_0413_17:16:53 18 48.35 42.80625
2024_0413_17:16:56 18 -0.7125 -0.275
2024_0413_17:16:58 18 61.93125 61.61875
2024_0413_17:16:58 18 16.55 15.66875
2024_0413_17:16:58 18 -14.05 13.75
2024_0413_17:17:05 18 16.54375 19.55
2024_0413_17:17:07 18 71.66875 99.19375
2024_0413_17:17:08 18 -3.26875 2.25
2024_0413_17:17:08 18 73.775 49.2
2024_0413_17:17:09 18 -0.2375 0.16875
2024_0413_17:17:09 18 -99.9375 0.0
2024_0413_17:17:10 18 29.6625 24.075
2024_0413_17:17:10 18 48.99375 98.4625
2024_0413_17:17:11 18 -1.05 22.44375
2024_0413_17:17:15 18 0.28125 0.85
2024_0413_17:17:20 18 94.10625 94.3125
2024_0413_17:17:20 18 49.0125 46.04375
2024_0413_17:17:21 18 -0.075 0.075
2024_0413_17:17:23 18 40.54375 25.575
2024_0413_17:17:25 18 -3.26875 48.7125
2024_0413_17:17:29 18 99.51875 99.425
2024_0413_17:17:33 18 -1.34375 0.61875
2024_0413_17:17:33 18 -2.31875 1.0
2024_0413_17:17:34 18 10.875 -9.875
2024_0413_17:17:35 18 98.0375 73.69375
2024_0413_17:17:36 18 -0.5125 0.46875
2024_0413_17:17:38 18 31.375 11.9375
2024_0413_17:17:40 18 93.45625 90.175
2024_0413_17:17:43 18 15.69375 11.7875
2024_0413_17:17:44 18 49.23125 98.84375
2024_0413_17:17:44 18 13.35625 14.01875
2024_0413_17:17:46 18 54.74375 46.43125
2024_0413_17:17:47 18 0.69375 9.36875
2024_0413_17:17:49 18 -49.9875 49.98125
2024_0413_17:17:53 18 99.3125 98.55625
2024_0413_17:17:55 18 19.7 24.93125
2024_0413_17:17:56 18 99.975 -99.975
2024_0413_17:17:58 18 10.04375 7.0375
2024_0413_17:18:01 18 0.63125 0.33125
2024_0413_17:18:01 18 66.65625 61.20625
2024_0413_17:18:04 18 99.3875 71.19375
2024_0413_17:18:05 18 10.31875 -6.7125
2024_0413_17:18:08 18 -0.08125 -0.14375
2024_0413_17:18:10 18 0.2 -1.20625
2024_0413_17:18:10 18 49.9875 71.8375
2024_0413_17:18:10 18 7.51875 1.9125
2024_0413_17:18:11 18 -0.0125 -0.10625
2024_0413_17:18:11 18 24.7625 43.325
2024_0413_17:18:13 18 17.80625 -6.3875
2024_0413_17:18:21 18 77.0 98.4125
2024_0413_17:18:22 18 38.4875 -2.76875
2024_0413_17:18:23 18 2.61875 -0.0625
2024_0413_17:18:25 18 1.51875 0.825
2024_0413_17:18:25 18 0.24375 -0.03125
2024_0413_17:18:28 18 -1.66875 0.375
2024_0413_17:18:30 18 -0.46875 0.18125
2024_0413_17:18:31 18 0.26875 0.725
2024_0413_17:18:31 18 31.25625 42.39375
2024_0413_17:18:33 19 -1.90625 -0.55
2024_0413_17:18:36 18 49.7 49.41875
2024_0413_17:18:37 19 15.5875 5.4125
2024_0413_17:18:37 18 98.63125 99.30625
2024_0413_17:18:46 19 -1.0125 0.80625
2024_0413_17:18:48 19 86.29375 34.51875
2024_0413_17:18:49 19 88.725 30.6375
2024_0413_17:18:50 19 63.01875 78.8125
2024_0413_17:18:53 18 -0.2875 -1.075
2024_0413_17:18:54 19 -0.63125 0.35625
2024_0413_17:18:56 19 52.7125 31.61875
2024_0413_17:18:58 19 62.46875 25.9375
2024_0413_17:18:58 19 45.0875 63.79375
2024_0413_17:18:58 19 96.79375 54.375
2024_0413_17:18:59 19 -14.76875 13.46875
2024_0413_17:19:01 19 -1.06875 -0.48125
2024_0413_17:19:03 19 -0.64375 -0.79375
2024_0413_17:19:04 19 -0.05 0.05625
2024_0413_17:19:04 19 -2.175 0.775
2024_0413_17:19:06 19 0.125 -1.34375
2024_0413_17:19:13 19 0.2 0.01875
2024_0413_17:19:13 19 -0.85 1.325
2024_0413_17:19:14 19 -8.26875 10.975
2024_0413_17:19:16 19 -0.45 -0.14375
2024_0413_17:19:19 19 81.80625 49.26875
2024_0413_17:19:23 19 -0.2 0.8625
2024_0413_17:19:24 19 -0.725 1.09375
2024_0413_17:19:27 19 -0.675 -1.1625
2024_0413_17:19:27 19 82.00625 67.225
2024_0413_17:19:29 19 43.65625 94.98125
2024_0413_17:19:29 19 23.3125 64.70625
2024_0413_17:19:31 19 49.9 24.91875
2024_0413_17:19:32 19 0.0 -1.0875
2024_0413_17:19:37 19 -2.65 0.425
2024_0413_17:19:40 19 23.4125 -2.0125
2024_0413_17:19:42 19 44.9125 50.925
2024_0413_17:19:43 19 13.35 -14.09375
2024_0413_17:19:43 19 52.79375 51.15
2024_0413_17:19:47 19 3.96875 3.4
2024_0413_17:19:49 19 -0.74375 1.49375
2024_0413_17:19:50 19 1.975 -0.43125
2024_0413_17:19:52 19 17.75625 13.1125
2024_0413_17:19:53 19 -0.38125 0.1125
2024_0413_17:19:58 19 2.425 -1.35625
2024_0413_17:19:59 19 9.08125 0.5625
2024_0413_17:20:03 19 16.7875 -17.31875
2024_0413_17:20:04 19 8.13125 4.375
2024_0413_17:20:06 19 15.925 -16.375
2024_0413_17:20:06 19 45.6 40.6125
2024_0413_17:20:08 19 8.38125 8.43125
2024_0413_17:20:09 19 1.39375 1.075
2024_0413_17:20:12 19 3.16875 -2.8625
2024_0413_17:20:13 19 -0.01875 74.75625
2024_0413_17:20:14 19 86.33125 95.23125
2024_0413_17:20:17 19 -0.03125 -0.09375
2024_0413_17:20:20 19 97.7125 50.00625
2024_0413_17:20:20 19 -0.66875 49.3375
2024_0413_17:20:21 19 0.8 0.33125
2024_0413_17:20:23 19 -8.75625 22.96875
2024_0413_17:20:24 19 69.8 64.8625
2024_0413_17:20:28 19 -0.15 1.1
2024_0413_17:20:29 19 76.89375 36.81875
2024_0413_17:20:29 19 72.325 67.28125
2024_0413_17:20:31 19 89.4875 76.5125
2024_0413_17:20:35 19 6.96875 5.24375
2024_0413_17:20:37 19 9.31875 8.74375
2024_0413_17:20:40 19 20.2375 -21.89375
2024_0413_17:20:41 19 40.16875 48.8375
2024_0413_17:20:44 19 -9.73125 11.38125
2024_0413_17:20:48 19 -0.025 0.28125
2024_0413_17:20:48 19 98.18125 93.475
2024_0413_17:20:50 19 0.66875 0.75625
2024_0413_17:20:51 19 48.79375 83.7375
2024_0413_17:20:51 19 -49.975 50.0
2024_0413_17:20:56 19 1.025 -0.79375
2024_0413_17:20:57 19 -1.2875 3.54375
2024_0413_17:21:00 19 0.44375 0.76875
2024_0413_17:21:01 19 0.09375 0.01875
2024_0413_17:21:01 19 49.9625 -41.89375
2024_0413_17:21:06 19 0.1 14.19375
2024_0413_17:21:07 19 -0.41875 -0.525
2024_0413_17:21:08 20 5.08125 4.05
2024_0413_17:21:08 20 13.7625 -11.2625
2024_0413_17:21:09 20 -0.7875 -1.0625
2024_0413_17:21:14 20 2.475 -0.48125
2024_0413_17:21:16 20 -1.46875 -0.3875
2024_0413_17:21:16 20 49.19375 53.76875
2024_0413_17:21:22 20 78.65625 67.1625
2024_0413_17:21:22 20 -0.7 -0.06875
2024_0413_17:21:32 20 24.8625 57.15625
2024_0413_17:21:32 20 59.95 48.3
2024_0413_17:21:32 20 0.03125 13.60625
2024_0413_17:21:34 20 99.35625 77.7
2024_0413_17:21:35 20 99.975 -49.99375
2024_0413_17:21:36 20 41.2875 35.775
2024_0413_17:21:38 20 19.55625 47.425
2024_0413_17:21:38 20 11.55 -0.50625
2024_0413_17:21:45 20 0.45 -0.16875
2024_0413_17:21:46 20 -0.10625 0.9875
2024_0413_17:21:48 20 -0.03125 0.24375
2024_0413_17:21:50 20 -99.9875 49.9875
2024_0413_17:21:50 20 19.73125 49.8625
2024_0413_17:21:53 20 25.2 49.85625
2024_0413_17:21:55 20 -1.56875 11.1
2024_0413_17:21:57 20 11.11875 10.11875
2024_0413_17:21:58 20 -1.2 8.2
2024_0413_17:22:00 20 0.35625 0.875
2024_0413_17:22:01 20 16.2125 14.33125
2024_0413_17:22:05 20 98.0625 98.46875
2024_0413_17:22:06 20 16.69375 43.575
2024_0413_17:22:08 20 29.4875 28.25
2024_0413_17:22:12 20 -0.8875 0.7625
2024_0413_17:22:14 20 99.275 99.55625
2024_0413_17:22:14 20 0.38125 1.05
2024_0413_17:22:15 20 28.275 40.5
2024_0413_17:22:17 20 -13.1625 12.30625
2024_0413_17:22:17 20 -0.3125 1.29375
2024_0413_17:22:22 20 64.53125 61.3875
2024_0413_17:22:22 20 43.6875 24.275
2024_0413_17:22:24 20 34.35 12.34375
2024_0413_17:22:24 20 9.13125 -9.55625
2024_0413_17:22:29 20 16.40625 -16.94375
2024_0413_17:22:30 20 0.0125 0.00625
2024_0413_17:22:31 20 0.475 1.76875
2024_0413_17:22:36 20 88.64375 37.60625
2024_0413_17:22:39 20 66.38125 68.425
2024_0413_17:22:43 20 -0.20625 -0.56875
2024_0413_17:22:43 20 46.79375 69.61875
2024_0413_17:22:43 20 -11.1625 10.83125
2024_0413_17:22:43 20 45.05 46.35
2024_0413_17:22:44 20 -99.9875 99.975
2024_0413_17:22:50 20 50.0 -49.5
2024_0413_17:22:51 20 42.31875 48.8125
2024_0413_17:22:51 20 1.1375 0.61875
2024_0413_17:22:51 20 -4.56875 6.35625
2024_0413_17:22:52 20 -0.36875 2.2
2024_0413_17:22:54 20 3.1875 3.34375
2024_0413_17:22:55 20 86.14375 77.4875
2024_0413_17:22:56 20 1.35625 0.775
2024_0413_17:22:58 20 -0.825 0.88125
2024_0413_17:23:05 20 34.4125 56.50625
2024_0413_17:23:07 20 17.05625 17.9375
2024_0413_17:23:09 20 99.2625 74.53125
2024_0413_17:23:12 20 87.33125 98.5625
2024_0413_17:23:13 20 18.86875 38.35625
2024_0413_17:23:16 20 -0.09375 45.625
2024_0413_17:23:17 20 66.025 66.81875
2024_0413_17:23:17 20 27.99375 28.55625
2024_0413_17:23:19 20 -1.675 63.05625
2024_0413_17:23:20 20 49.9875 49.96875
2024_0413_17:23:21 20 7.91875 10.975
2024_0413_17:23:22 20 96.575 67.95625
2024_0413_17:23:22 20 14.8875 12.75625
2024_0413_17:23:25 20 23.2 26.61875
2024_0413_17:23:29 20 0.1125 0.5375
2024_0413_17:23:31 20 -20.15625 19.875
2024_0413_17:23:33 20 43.94375 45.55
2024_0413_17:23:34 20 35.8125 22.48125
2024_0413_17:23:39 20 13.80625 -10.51875
2024_0413_17:23:41 1 49.6875 74.2
2024_0413_17:23:42 1 99.46875 49.61875
2024_0413_17:23:44 20 49.15 33.4625
2024_0413_17:23:44 20 43.025 18.28125
2024_0413_17:23:44 13 97.625 74.65625
2024_0413_17:23:45 9 49.49375 52.025
2024_0413_17:23:45 20 -9.40625 11.04375
2024_0413_17:23:47 20 41.3 89.2875
2024_0413_17:23:48 13 8.8625 7.0625
2024_0413_17:23:49 9 99.51875 74.45
2024_0413_17:23:52 13 -1.5 0.3375
2024_0413_17:23:56 13 1.03125 -1.31875
2024_0413_17:23:57 14 70.85 97.23125
2024_0413_17:23:59 14 0.83125 -0.19375
2024_0413_17:24:01 13 98.93125 49.64375
2024_0413_17:24:04 14 0.225 0.15625
2024_0413_17:24:05 14 -1.7625 -0.29375
2024_0413_17:24:06 15 -0.98125 -1.4875
2024_0413_17:24:08 15 0.00625 -0.0375
2024_0413_17:24:10 15 33.4375 -33.0875
2024_0413_17:24:10 14 -1.3 -0.03125
2024_0413_17:24:11 15 -17.225 16.2375
2024_0413_17:24:11 16 -49.99375 -49.99375
2024_0413_17:24:12 15 26.5 -27.7375
2024_0413_17:24:13 15 0.04375 -1.0125
2024_0413_17:24:13 15 5.5125 1.60625
2024_0413_17:24:16 16 18.1625 15.0
2024_0413_17:24:18 16 99.0 59.81875
2024_0413_17:24:25 16 72.78125 61.1625
2024_0413_17:24:26 16 38.96875 41.9625
2024_0413_17:24:27 16 40.725 22.6
2024_0413_17:24:28 17 48.00625 20.48125
2024_0413_17:24:29 16 43.375 63.05625
2024_0413_17:24:30 17 0.55 0.8375
2024_0413_17:24:34 17 0.48125 -0.075
2024_0413_17:24:34 17 35.775 46.525
2024_0413_17:24:36 17 -0.01875 -0.01875
2024_0413_17:24:36 17 81.3625 61.4875
2024_0413_17:24:37 17 19.35 -1.84375
2024_0413_17:24:38 18 99.5875 99.15625
2024_0413_17:24:39 18 55.15 48.7375
2024_0413_17:24:44 18 -6.975 7.83125
2024_0413_17:24:45 17 -0.34375 0.19375
2024_0413_17:24:50 18 49.85 98.85625
2024_0413_17:24:51 18 10.09375 -10.09375
2024_0413_17:24:52 18 87.3375 94.5125
2024_0413_17:24:53 18 12.825 11.4
2024_0413_17:24:53 19 87.83125 97.28125
2024_0413_17:24:57 19 9.2125 -9.89375
2024_0413_17:25:00 19 25.20625 -24.69375
2024_0413_17:25:01 19 14.8375 -15.625
2024_0413_17:25:02 19 3.84375 4.6375
2024_0413_17:25:03 19 73.5125 38.675
2024_0413_17:25:04 19 1.1375 -1.775
2024_0413_17:25:05 19 38.2875 41.5
2024_0413_17:25:06 19 -0.46875 0.9625
2024_0413_17:25:08 19 43.375 38.925
2024_0413_17:25:10 19 -0.08125 -0.01875
2024_0413_17:25:14 20 2.025 0.00625
2024_0413_17:25:15 20 51.775 16.41875
2024_0413_17:25:18 20 0.6375 0.45
2024_0413_17:25:21 20 -0.25 99.65
2024_0413_17:25:25 20 65.83125 99.58125
2024_0413_17:25:26 17 13.125 -11.0375
2024_0413_17:25:27 17 49.71875 -49.475
2024_0413_17:25:34 20 -0.075 1.0
2024_0413_17:25:34 20 15.71875 13.6125
2024_0413_17:25:42 20 84.3 98.2875
