0.20683000000013646 0.11868500000004831 0.027855000000003193 0.006694999999999811 0.02275500000000163 0.021925000000001377 0.020545000000000955 0.020290000000000877 0.020255000000000866 0.007929999999999762 0.0439749999999993 0.03667500000000213 0.061654999999992445 0.05844999999999369 0.06654999999999617 0.050869999999996626 0.06415999999999378 0.06262999999999225 0.04189000000000011 0.03938000000000108 
2024_0413_16:16:19 8 95.561 98.304
2024_0413_16:16:20 2 98.602 98.534
2024_0413_16:16:20 7 98.385 98.538
2024_0413_16:16:20 1 99.496 95.974
2024_0413_16:16:20 3 94.055 89.287
2024_0413_16:16:20 1 89.096 99.466
2024_0413_16:16:21 2 98.504 98.38
2024_0413_16:16:21 11 95.114 98.949
2024_0413_16:16:21 1 84.531 83.484
2024_0413_16:16:21 10 94.518 99.232
2024_0413_16:16:21 4 91.295 88.294
2024_0413_16:16:21 6 95.953 99.572
2024_0413_16:16:21 6 92.461 74.18
2024_0413_16:16:22 11 -0.088 0.271
2024_0413_16:16:23 9 99.195 99.577
2024_0413_16:16:41 13 93.711 49.76
2024_0413_16:16:42 15 -0.216 0.393
2024_0413_16:16:43 20 0.181 0.084
2024_0413_16:16:43 15 -0.087 0.19
2024_0413_16:16:44 18 -10.268 9.993
2024_0413_16:16:46 17 -0.088 -0.063
2024_0413_16:16:46 13 -39.382 49.992
2024_0413_16:16:47 14 99.076 38.584
2024_0413_16:16:47 16 -0.262 -0.442
2024_0413_16:16:50 12 67.396 -0.16
2024_0413_16:16:51 5 82.976 79.628
2024_0413_16:16:54 17 0.044 0.099
2024_0413_16:17:03 19 15.809 11.277
2024_0413_16:17:07 18 32.769 8.125
2024_0413_16:17:08 20 0.425 -0.463
2024_0413_16:17:28 1 99.216 89.67
2024_0413_16:17:29 1 97.587 99.502
2024_0413_16:17:29 3 95.261 90.713
2024_0413_16:17:29 6 99.428 99.459
2024_0413_16:17:29 11 98.751 96.965
2024_0413_16:17:29 2 94.448 98.649
2024_0413_16:17:30 7 94.117 93.366
2024_0413_16:17:30 11 99.996 -99.996
2024_0413_16:17:30 5 99.458 99.473
2024_0413_16:17:30 11 -0.063 0.401
2024_0413_16:17:31 11 0.128 0.034
2024_0413_16:17:31 8 94.122 88.727
2024_0413_16:17:32 10 46.254 98.675
2024_0413_16:17:34 9 82.518 93.75
2024_0413_16:17:34 4 77.251 71.148
2024_0413_16:17:38 11 -0.193 0.057
2024_0413_16:17:50 12 -16.664 16.505
2024_0413_16:17:51 13 86.864 98.394
2024_0413_16:17:52 13 10.866 67.741
2024_0413_16:17:52 13 11.289 -10.903
2024_0413_16:17:53 16 -0.289 97.572
2024_0413_16:17:53 14 99.102 99.312
2024_0413_16:17:54 15 2.749 36.897
2024_0413_16:17:54 18 95.782 98.474
2024_0413_16:17:56 19 0.054 -0.039
2024_0413_16:17:57 13 90.165 89.841
2024_0413_16:17:57 17 -0.122 -0.162
2024_0413_16:18:00 20 98.523 98.888
2024_0413_16:18:01 18 -12.019 12.914
2024_0413_16:18:02 20 49.994 -49.996
2024_0413_16:18:23 1 97.49 96.847
2024_0413_16:18:23 8 86.884 99.163
2024_0413_16:18:24 5 99.533 96.592
2024_0413_16:18:24 3 91.615 91.333
2024_0413_16:18:24 2 48.836 99.039
2024_0413_16:18:24 10 99.273 91.175
2024_0413_16:18:25 7 83.403 96.708
2024_0413_16:18:25 6 99.49 97.188
2024_0413_16:18:25 11 99.326 88.965
2024_0413_16:18:25 1 96.331 93.897
2024_0413_16:18:25 11 -0.47 0.069
2024_0413_16:18:25 12 99.11 98.812
2024_0413_16:18:26 11 74.071 33.06
2024_0413_16:18:27 4 85.774 81.559
2024_0413_16:18:27 9 99.585 99.638
2024_0413_16:18:28 10 97.913 90.947
2024_0413_16:18:45 12 0.432 0.298
2024_0413_16:18:46 14 -0.03 -0.401
2024_0413_16:18:46 13 82.484 49.443
2024_0413_16:18:47 13 -0.108 0.044
2024_0413_16:18:48 13 48.056 -0.123
2024_0413_16:18:49 16 -10.262 65.033
2024_0413_16:18:49 15 92.255 77.462
2024_0413_16:18:52 17 49.703 99.69
2024_0413_16:18:52 18 -72.288 72.388
2024_0413_16:18:53 16 61.471 77.035
2024_0413_16:18:53 16 46.487 16.535
2024_0413_16:18:54 15 80.399 -0.021
2024_0413_16:18:56 14 0.352 -0.021
2024_0413_16:18:56 18 -0.86 1.128
2024_0413_16:18:57 13 -44.216 50.167
2024_0413_16:19:01 14 97.827 97.323
2024_0413_16:19:08 18 0.146 0.172
2024_0413_16:19:09 19 39.871 -0.076
2024_0413_16:19:11 20 60.735 58.588
2024_0413_16:19:14 18 -7.124 48.219
2024_0413_16:19:15 20 -0.083 -0.07
2024_0413_16:19:15 18 -0.033 -0.36
2024_0413_16:19:18 20 14.229 -10.612
2024_0413_16:19:19 20 -1.709 2.086
2024_0413_16:19:39 2 89.012 98.151
2024_0413_16:19:40 2 93.393 98.914
2024_0413_16:19:40 1 99.479 99.536
2024_0413_16:19:40 1 99.493 97.583
2024_0413_16:19:41 2 84.677 99.152
2024_0413_16:19:41 1 99.495 99.493
2024_0413_16:19:41 2 95.387 95.195
2024_0413_16:19:41 5 96.758 99.519
2024_0413_16:19:42 4 85.278 86.544
2024_0413_16:19:42 7 97.938 98.859
2024_0413_16:19:42 6 99.557 99.448
2024_0413_16:19:42 3 93.104 95.96
2024_0413_16:19:43 2 74.875 76.96
2024_0413_16:19:43 2 94.966 98.375
2024_0413_16:19:44 6 90.098 93.447
2024_0413_16:19:54 8 49.449 80.343
2024_0413_16:20:01 11 96.289 96.326
2024_0413_16:20:01 9 89.001 49.648
2024_0413_16:20:01 11 0.082 0.021
2024_0413_16:20:02 11 0.416 0.168
2024_0413_16:20:02 11 -0.221 -0.049
2024_0413_16:20:03 11 94.528 98.342
2024_0413_16:20:04 11 0.209 -0.112
2024_0413_16:20:04 11 -0.068 0.002
2024_0413_16:20:04 11 -49.999 -99.999
2024_0413_16:20:04 11 -0.068 -0.507
2024_0413_16:20:04 10 49.543 83.511
2024_0413_16:20:04 12 97.463 16.451
2024_0413_16:20:05 12 49.493 88.978
2024_0413_16:20:06 12 92.958 96.538
2024_0413_16:20:08 12 0.02 0.086
2024_0413_16:20:17 12 82.577 88.493
2024_0413_16:20:23 12 -10.166 58.114
2024_0413_16:20:24 12 96.53 98.55
2024_0413_16:20:25 13 49.684 16.342
2024_0413_16:20:25 13 99.112 92.588
2024_0413_16:20:25 13 89.48 94.105
2024_0413_16:20:26 13 50.102 -50.653
2024_0413_16:20:26 13 54.268 60.891
2024_0413_16:20:27 13 -0.25 0.33
2024_0413_16:20:27 13 97.968 95.388
2024_0413_16:20:28 13 49.241 92.062
2024_0413_16:20:28 14 -0.023 -0.019
2024_0413_16:20:29 14 -0.292 0.224
2024_0413_16:20:29 13 0.26 0.023
2024_0413_16:20:31 14 79.152 87.032
2024_0413_16:20:36 13 38.543 38.755
2024_0413_16:20:40 14 -12.387 11.947
2024_0413_16:20:46 14 -0.33 0.273
2024_0413_16:20:46 14 70.223 98.38
2024_0413_16:20:47 14 99.442 99.974
2024_0413_16:20:49 14 1.418 -0.503
2024_0413_16:20:50 14 -0.008 0.011
2024_0413_16:20:50 14 -0.238 -0.42
2024_0413_16:20:53 15 0.198 0.45
2024_0413_16:20:55 14 78.694 78.033
2024_0413_16:20:56 15 -0.29 -0.127
2024_0413_16:20:57 15 40.224 21.072
2024_0413_16:20:59 15 91.727 94.063
2024_0413_16:21:00 15 3.439 3.972
2024_0413_16:21:02 15 -0.121 -0.467
2024_0413_16:21:04 15 94.593 91.241
2024_0413_16:21:04 15 0.067 -0.183
2024_0413_16:21:09 15 0.021 -0.147
2024_0413_16:21:12 16 52.936 69.503
2024_0413_16:21:12 16 93.823 95.447
2024_0413_16:21:13 16 8.49 -8.15
2024_0413_16:21:15 16 4.817 6.333
2024_0413_16:21:15 15 -33.433 49.579
2024_0413_16:21:16 16 16.862 -16.846
2024_0413_16:21:20 17 0.487 -0.589
2024_0413_16:21:21 17 -80.036 80.019
2024_0413_16:21:21 17 73.866 60.664
2024_0413_16:21:25 17 -8.845 9.375
2024_0413_16:21:26 17 -0.496 -0.388
2024_0413_16:21:26 17 39.496 39.89
2024_0413_16:21:28 17 -0.137 -0.019
2024_0413_16:21:29 17 9.657 10.418
2024_0413_16:21:30 17 99.994 -49.998
2024_0413_16:21:36 18 49.997 -49.999
2024_0413_16:21:36 18 -49.992 99.955
2024_0413_16:21:39 18 49.852 22.641
2024_0413_16:21:40 18 49.184 -0.496
2024_0413_16:21:42 18 68.703 55.126
2024_0413_16:21:43 18 88.366 98.849
2024_0413_16:21:44 19 30.352 33.441
2024_0413_16:21:45 19 55.491 91.02
2024_0413_16:21:47 18 40.31 -39.298
2024_0413_16:21:52 20 7.051 85.506
2024_0413_16:21:53 20 45.748 41.465
2024_0413_16:21:54 20 2.748 1.654
2024_0413_16:21:57 4 83.823 91.76
2024_0413_16:21:57 20 0.317 -0.133
2024_0413_16:21:59 19 28.31 48.536
2024_0413_16:21:59 20 0.132 -0.242
2024_0413_16:22:02 17 52.393 -2.41
2024_0413_16:22:02 18 87.527 83.154
2024_0413_16:22:03 15 88.471 78.588
2024_0413_16:22:09 20 -12.848 12.678
2024_0413_16:22:16 20 37.359 15.471
2024_0413_16:22:37 1 99.503 99.541
2024_0413_16:22:38 1 89.394 97.552
2024_0413_16:22:38 2 95.456 94.472
2024_0413_16:22:38 8 95.677 98.681
2024_0413_16:22:38 1 98.708 96.776
2024_0413_16:22:39 5 94.286 99.462
2024_0413_16:22:39 2 98.883 98.465
2024_0413_16:22:39 3 86.737 84.055
2024_0413_16:22:39 7 77.59 98.159
2024_0413_16:22:39 2 49.526 49.458
2024_0413_16:22:40 5 78.826 86.524
2024_0413_16:22:40 4 90.12 84.113
2024_0413_16:22:40 2 98.567 99.022
2024_0413_16:22:41 8 91.359 75.599
2024_0413_16:22:42 9 99.626 99.557
2024_0413_16:22:43 6 91.484 82.599
2024_0413_16:23:00 11 -0.196 -0.076
2024_0413_16:23:00 10 68.242 98.704
2024_0413_16:23:00 11 0.492 0.098
2024_0413_16:23:01 10 97.635 49.232
2024_0413_16:23:01 11 94.997 94.817
2024_0413_16:23:01 11 -0.47 -0.346
2024_0413_16:23:02 11 -0.237 -0.127
2024_0413_16:23:03 11 93.565 93.679
2024_0413_16:23:03 12 0.131 -0.259
2024_0413_16:23:03 12 38.698 66.188
2024_0413_16:23:03 11 96.179 97.149
2024_0413_16:23:03 11 -0.447 -0.029
2024_0413_16:23:04 12 96.172 92.113
2024_0413_16:23:07 11 0.338 -0.463
2024_0413_16:23:09 12 82.713 84.386
2024_0413_16:23:15 9 82.096 90.591
2024_0413_16:23:22 12 -0.149 -0.22
2024_0413_16:23:22 13 51.524 54.822
2024_0413_16:23:23 13 97.815 93.745
2024_0413_16:23:23 13 -49.999 49.999
2024_0413_16:23:23 12 -0.175 -0.105
2024_0413_16:23:24 13 97.99 93.846
2024_0413_16:23:25 13 -0.147 0.43
2024_0413_16:23:25 13 93.064 88.199
2024_0413_16:23:26 13 0.292 -0.204
2024_0413_16:23:27 13 97.892 65.285
2024_0413_16:23:28 13 99.713 -88.653
2024_0413_16:23:29 13 0.312 0.021
2024_0413_16:23:29 14 99.628 86.168
2024_0413_16:23:33 14 82.215 73.194
2024_0413_16:23:33 14 88.571 94.878
2024_0413_16:23:42 14 88.079 83.866
2024_0413_16:23:44 14 -99.997 -99.999
2024_0413_16:23:47 14 41.598 74.536
2024_0413_16:23:47 14 -0.103 -0.423
2024_0413_16:23:48 14 59.523 69.415
2024_0413_16:23:50 14 96.017 94.579
2024_0413_16:23:50 15 0.168 -0.023
2024_0413_16:23:50 15 0.041 0.032
2024_0413_16:23:51 15 -0.323 -0.266
2024_0413_16:23:51 14 0.646 0.271
2024_0413_16:23:51 15 97.999 91.847
2024_0413_16:23:53 14 -0.331 0.531
2024_0413_16:23:58 15 0.246 -0.002
2024_0413_16:23:58 15 -77.131 79.12
2024_0413_16:23:58 15 0.256 -0.146
2024_0413_16:24:00 15 -3.884 49.804
2024_0413_16:24:06 15 38.221 48.603
2024_0413_16:24:10 15 -1.044 0.934
2024_0413_16:24:11 16 -9.92 9.593
2024_0413_16:24:12 16 44.111 52.367
2024_0413_16:24:12 16 -0.068 0.15
2024_0413_16:24:12 16 3.647 6.743
2024_0413_16:24:14 16 11.082 11.589
2024_0413_16:24:15 17 18.171 72.609
2024_0413_16:24:15 16 -0.264 0.522
2024_0413_16:24:15 16 -0.232 0.237
2024_0413_16:24:20 16 -0.847 0.111
2024_0413_16:24:22 17 79.627 94.814
2024_0413_16:24:23 17 9.981 -9.949
2024_0413_16:24:26 17 11.986 13.304
2024_0413_16:24:28 17 96.879 99.32
2024_0413_16:24:31 17 -0.204 -0.039
2024_0413_16:24:32 18 -0.279 0.278
2024_0413_16:24:36 18 81.919 92.986
2024_0413_16:24:37 18 -13.032 12.173
2024_0413_16:24:39 18 81.13 42.687
2024_0413_16:24:39 19 0.115 -0.237
2024_0413_16:24:41 18 -99.999 0.001
2024_0413_16:24:41 18 0.449 -0.041
2024_0413_16:24:42 19 -0.269 -0.112
2024_0413_16:24:42 18 -0.027 0.617
2024_0413_16:24:45 19 41.451 -0.36
2024_0413_16:24:45 18 91.061 97.477
2024_0413_16:24:50 20 -0.126 63.918
2024_0413_16:24:51 19 -5.264 78.458
2024_0413_16:24:58 19 17.147 12.058
2024_0413_16:24:58 20 0.0 0.0
2024_0413_16:24:58 20 80.052 71.789
2024_0413_16:25:02 17 70.154 87.386
2024_0413_16:25:04 20 57.174 70.809
2024_0413_16:25:06 18 -5.802 5.869
2024_0413_16:25:09 20 27.269 2.438
2024_0413_16:25:15 20 8.387 14.623
2024_0413_16:25:36 2 98.446 93.919
2024_0413_16:25:37 2 94.779 97.694
2024_0413_16:25:37 1 99.487 99.495
2024_0413_16:25:37 2 98.646 96.771
2024_0413_16:25:37 1 99.504 96.779
2024_0413_16:25:37 2 98.799 98.633
2024_0413_16:25:37 2 97.953 98.512
2024_0413_16:25:37 2 93.171 94.974
2024_0413_16:25:38 1 83.524 86.347
2024_0413_16:25:38 2 96.221 95.223
2024_0413_16:25:38 2 92.773 98.59
2024_0413_16:25:38 1 91.811 94.597
2024_0413_16:25:39 1 91.531 97.665
2024_0413_16:25:40 2 90.313 98.64
2024_0413_16:25:41 2 87.3 95.443
2024_0413_16:25:42 2 98.653 96.048
2024_0413_16:25:58 2 94.741 96.546
2024_0413_16:25:58 2 95.168 91.649
2024_0413_16:25:58 7 94.886 92.523
2024_0413_16:25:59 4 82.38 91.22
2024_0413_16:25:59 6 94.212 99.469
2024_0413_16:25:59 5 97.881 95.23
2024_0413_16:26:00 8 98.83 98.58
2024_0413_16:26:00 8 47.865 99.198
2024_0413_16:26:00 6 95.055 99.539
2024_0413_16:26:00 3 95.938 92.161
2024_0413_16:26:02 9 91.745 68.929
2024_0413_16:26:04 9 95.689 88.325
2024_0413_16:26:06 2 62.538 87.544
2024_0413_16:26:07 8 81.197 80.909
2024_0413_16:26:11 9 99.018 99.14
2024_0413_16:26:19 11 0.387 0.317
2024_0413_16:26:19 11 77.648 75.816
2024_0413_16:26:20 11 0.081 -0.293
2024_0413_16:26:20 11 95.398 95.683
2024_0413_16:26:21 11 74.376 82.794
2024_0413_16:26:21 11 -0.627 -0.225
2024_0413_16:26:21 11 -0.191 0.18
2024_0413_16:26:22 11 0.353 -0.155
2024_0413_16:26:22 11 -50.0 -99.997
2024_0413_16:26:23 11 85.523 99.153
2024_0413_16:26:23 10 98.75 88.523
2024_0413_16:26:24 11 0.03 0.546
2024_0413_16:26:26 11 91.403 95.437
2024_0413_16:26:27 11 99.998 -49.998
2024_0413_16:26:29 11 0.308 0.454
2024_0413_16:26:34 11 93.099 99.447
2024_0413_16:26:42 11 93.39 83.206
2024_0413_16:26:43 11 95.692 92.389
2024_0413_16:26:43 12 87.241 95.37
2024_0413_16:26:44 12 99.544 46.157
2024_0413_16:26:45 12 99.025 94.542
2024_0413_16:26:45 12 73.038 65.827
2024_0413_16:26:46 12 89.025 82.968
2024_0413_16:26:46 11 3.879 3.873
2024_0413_16:26:46 12 99.073 99.014
2024_0413_16:26:47 12 89.887 87.981
2024_0413_16:26:49 12 0.164 0.339
2024_0413_16:26:50 12 0.691 -0.061
2024_0413_16:26:50 12 94.913 93.134
2024_0413_16:26:50 12 -0.402 0.299
2024_0413_16:26:56 12 76.978 88.408
2024_0413_16:26:57 12 -0.256 0.257
2024_0413_16:27:05 13 0.122 -0.382
2024_0413_16:27:06 13 0.578 0.068
2024_0413_16:27:07 13 -0.69 -0.331
2024_0413_16:27:08 13 2.037 19.745
2024_0413_16:27:08 13 0.185 -0.03
2024_0413_16:27:08 13 75.302 88.757
2024_0413_16:27:09 13 89.132 80.913
2024_0413_16:27:10 13 14.11 12.964
2024_0413_16:27:12 13 0.348 0.042
2024_0413_16:27:12 13 89.687 91.85
2024_0413_16:27:13 13 99.198 94.44
2024_0413_16:27:13 13 86.974 92.788
2024_0413_16:27:16 13 91.692 49.606
2024_0413_16:27:18 13 84.545 82.826
2024_0413_16:27:19 13 -0.044 -0.093
2024_0413_16:27:20 13 76.521 93.001
2024_0413_16:27:30 13 66.791 99.492
2024_0413_16:27:30 14 -49.997 -49.997
2024_0413_16:27:31 14 82.098 99.387
2024_0413_16:27:31 13 93.265 95.68
2024_0413_16:27:31 13 8.559 8.066
2024_0413_16:27:34 14 32.078 29.501
2024_0413_16:27:35 14 19.618 -19.824
2024_0413_16:27:35 14 0.286 0.201
2024_0413_16:27:36 14 -7.879 40.503
2024_0413_16:27:37 13 -0.221 -0.112
2024_0413_16:27:38 14 88.707 93.027
2024_0413_16:27:39 14 79.275 82.691
2024_0413_16:27:42 14 71.448 74.913
2024_0413_16:27:43 14 13.084 9.915
2024_0413_16:27:43 14 77.385 97.907
2024_0413_16:27:51 14 95.192 92.412
2024_0413_16:27:52 14 49.999 -49.999
2024_0413_16:27:53 14 93.643 47.404
2024_0413_16:27:53 14 47.123 24.452
2024_0413_16:27:54 14 87.075 97.128
2024_0413_16:27:54 14 -19.857 20.102
2024_0413_16:27:57 14 99.154 46.229
2024_0413_16:27:58 14 92.727 94.558
2024_0413_16:27:59 14 49.999 -49.998
2024_0413_16:28:01 14 48.831 98.332
2024_0413_16:28:01 14 18.066 15.162
2024_0413_16:28:02 14 0.076 -0.38
2024_0413_16:28:05 15 -0.175 0.239
2024_0413_16:28:07 14 17.326 18.742
2024_0413_16:28:10 15 94.064 89.873
2024_0413_16:28:11 15 86.156 83.597
2024_0413_16:28:13 15 48.949 43.901
2024_0413_16:28:15 15 80.331 72.692
2024_0413_16:28:16 15 -0.425 0.284
2024_0413_16:28:18 15 26.867 -26.96
2024_0413_16:28:19 15 13.458 12.876
2024_0413_16:28:19 15 -1.763 99.44
2024_0413_16:28:20 15 87.894 99.514
2024_0413_16:28:23 15 79.645 65.977
2024_0413_16:28:24 15 83.58 86.974
2024_0413_16:28:25 15 45.378 54.15
2024_0413_16:28:29 15 -0.435 0.063
2024_0413_16:28:31 15 -0.07 0.093
2024_0413_16:28:32 15 -10.627 9.762
2024_0413_16:28:33 15 -0.113 -0.105
2024_0413_16:28:33 15 49.105 -0.548
2024_0413_16:28:34 15 -0.02 -0.455
2024_0413_16:28:37 16 49.999 -99.998
2024_0413_16:28:37 16 0.435 0.24
2024_0413_16:28:42 16 77.285 76.062
2024_0413_16:28:43 16 -0.319 -0.423
2024_0413_16:28:43 16 0.168 0.033
2024_0413_16:28:43 16 -9.826 10.49
2024_0413_16:28:45 16 -0.603 0.467
2024_0413_16:28:47 16 98.921 93.774
2024_0413_16:28:48 16 99.195 24.664
2024_0413_16:28:48 16 94.734 89.51
2024_0413_16:28:51 16 20.611 37.427
2024_0413_16:28:55 16 93.881 82.295
2024_0413_16:28:58 17 0.135 -0.461
2024_0413_16:29:00 17 83.223 58.268
2024_0413_16:29:02 17 -0.026 0.034
2024_0413_16:29:06 16 69.975 51.126
2024_0413_16:29:07 17 -30.045 57.382
2024_0413_16:29:08 17 65.045 94.916
2024_0413_16:29:08 17 46.519 16.478
2024_0413_16:29:08 17 -0.258 -0.106
2024_0413_16:29:08 17 -0.259 0.722
2024_0413_16:29:09 17 53.768 64.977
2024_0413_16:29:09 17 99.084 99.085
2024_0413_16:29:11 17 99.622 -0.096
2024_0413_16:29:12 17 1.413 -1.278
2024_0413_16:29:17 17 7.821 7.619
2024_0413_16:29:17 17 9.982 3.336
2024_0413_16:29:20 17 -0.001 0.015
2024_0413_16:29:24 18 12.43 -0.122
2024_0413_16:29:30 18 -0.186 0.032
2024_0413_16:29:30 18 93.49 96.925
2024_0413_16:29:31 18 96.087 97.948
2024_0413_16:29:34 18 0.191 -0.558
2024_0413_16:29:34 18 -0.222 0.136
2024_0413_16:29:34 18 -13.514 13.633
2024_0413_16:29:35 18 -19.943 20.044
2024_0413_16:29:37 18 0.382 0.812
2024_0413_16:29:37 18 13.179 -13.681
2024_0413_16:29:38 18 0.187 0.124
2024_0413_16:29:41 18 99.46 99.503
2024_0413_16:29:43 18 98.605 95.647
2024_0413_16:29:45 18 98.824 95.172
2024_0413_16:29:48 18 -47.225 50.318
2024_0413_16:29:52 18 39.578 90.736
2024_0413_16:29:53 18 49.998 49.999
2024_0413_16:29:55 18 28.034 -28.448
2024_0413_16:29:56 18 0.964 0.791
2024_0413_16:29:57 18 1.057 0.019
2024_0413_16:29:58 19 19.561 -20.401
2024_0413_16:29:59 19 93.726 76.9
2024_0413_16:30:00 19 78.878 -0.74
2024_0413_16:30:01 19 49.621 47.407
2024_0413_16:30:03 19 -22.481 48.819
2024_0413_16:30:04 19 63.728 87.891
2024_0413_16:30:10 19 46.112 40.735
2024_0413_16:30:12 20 38.484 54.756
2024_0413_16:30:15 20 9.469 14.719
2024_0413_16:30:15 19 90.712 87.889
2024_0413_16:30:16 20 79.351 83.401
2024_0413_16:30:17 20 74.635 24.535
2024_0413_16:30:21 20 8.106 -8.344
2024_0413_16:30:23 20 93.243 88.775
2024_0413_16:30:24 5 91.028 99.519
2024_0413_16:30:26 20 0.133 0.226
2024_0413_16:30:26 20 -14.497 15.576
2024_0413_16:30:26 14 -0.361 -0.063
2024_0413_16:30:26 15 -0.166 0.241
2024_0413_16:30:29 20 53.3 57.489
2024_0413_16:30:34 20 -0.225 0.222
2024_0413_16:30:36 17 9.148 5.532
2024_0413_16:30:36 17 12.775 14.627
2024_0413_16:30:46 18 -9.692 10.422
2024_0413_16:30:49 20 0.054 0.583
2024_0413_16:31:05 17 19.134 -16.59
2024_0413_16:31:26 1 96.469 94.332
2024_0413_16:31:26 2 93.498 98.953
2024_0413_16:31:26 2 98.62 98.771
2024_0413_16:31:26 1 99.509 99.483
2024_0413_16:31:27 1 91.993 98.696
2024_0413_16:31:27 2 97.428 92.043
2024_0413_16:31:27 2 88.308 86.786
2024_0413_16:31:27 1 99.534 99.445
2024_0413_16:31:27 1 99.547 99.528
2024_0413_16:31:27 2 96.339 96.477
2024_0413_16:31:27 2 89.565 83.387
2024_0413_16:31:28 2 98.194 94.596
2024_0413_16:31:28 2 94.006 91.182
2024_0413_16:31:28 2 96.123 94.577
2024_0413_16:31:28 2 93.953 94.826
2024_0413_16:31:29 1 99.461 99.51
2024_0413_16:31:47 5 92.867 99.489
2024_0413_16:31:48 5 95.333 99.516
2024_0413_16:31:48 2 99.211 49.445
2024_0413_16:31:48 3 96.655 98.644
2024_0413_16:31:49 8 97.93 99.238
2024_0413_16:31:49 4 89.908 84.913
2024_0413_16:31:49 8 98.318 98.833
2024_0413_16:31:50 9 99.426 83.692
2024_0413_16:31:50 9 95.371 99.495
2024_0413_16:31:50 6 99.47 99.474
2024_0413_16:31:50 10 95.473 97.505
2024_0413_16:31:50 11 99.996 -99.996
2024_0413_16:31:52 7 99.179 99.251
2024_0413_16:31:52 7 95.639 93.895
2024_0413_16:31:55 11 97.401 -20.178
2024_0413_16:32:04 11 0.13 0.788
2024_0413_16:32:08 11 -0.311 0.289
2024_0413_16:32:10 11 87.834 91.898
2024_0413_16:32:10 11 0.661 -0.374
2024_0413_16:32:10 11 86.961 96.568
2024_0413_16:32:10 11 -0.215 0.35
2024_0413_16:32:10 11 -0.216 0.32
2024_0413_16:32:11 11 -0.093 0.387
2024_0413_16:32:11 11 95.236 94.055
2024_0413_16:32:12 11 92.442 98.873
2024_0413_16:32:12 11 -0.55 0.083
2024_0413_16:32:12 11 -0.288 -0.357
2024_0413_16:32:12 11 0.633 -0.274
2024_0413_16:32:13 11 -0.896 0.588
2024_0413_16:32:14 11 91.366 93.727
2024_0413_16:32:18 12 96.29 88.706
2024_0413_16:32:27 12 0.11 -0.545
2024_0413_16:32:30 12 32.248 31.265
2024_0413_16:32:32 12 0.358 -0.077
2024_0413_16:32:32 12 86.387 79.138
2024_0413_16:32:33 12 97.346 97.48
2024_0413_16:32:33 12 -22.162 22.23
2024_0413_16:32:34 12 95.89 95.723
2024_0413_16:32:34 12 98.283 98.534
2024_0413_16:32:34 13 -99.996 99.994
2024_0413_16:32:34 12 0.302 -0.29
2024_0413_16:32:35 12 0.027 0.171
2024_0413_16:32:35 13 -0.231 -0.439
2024_0413_16:32:36 13 -0.296 -0.675
2024_0413_16:32:39 12 52.813 58.652
2024_0413_16:32:41 12 0.356 -0.142
2024_0413_16:32:43 13 -0.412 0.349
2024_0413_16:32:50 13 96.087 95.87
2024_0413_16:32:52 13 -0.071 0.085
2024_0413_16:32:55 13 -0.494 0.023
2024_0413_16:32:55 13 79.637 91.113
2024_0413_16:32:56 13 -0.206 -0.124
2024_0413_16:32:56 13 0.04 0.281
2024_0413_16:32:56 13 97.094 94.592
2024_0413_16:32:57 13 78.554 78.159
2024_0413_16:32:57 13 36.427 -0.317
2024_0413_16:32:58 13 -0.037 0.549
2024_0413_16:33:01 13 94.919 93.497
2024_0413_16:33:02 13 -0.141 -0.395
2024_0413_16:33:03 13 0.682 -0.1
2024_0413_16:33:05 13 2.189 4.327
2024_0413_16:33:06 13 0.732 0.354
2024_0413_16:33:06 13 99.998 -99.998
2024_0413_16:33:12 13 -99.996 -99.996
2024_0413_16:33:17 14 95.005 93.688
2024_0413_16:33:18 14 65.703 10.063
2024_0413_16:33:19 14 0.077 0.068
2024_0413_16:33:19 14 0.397 -0.275
2024_0413_16:33:21 14 -0.785 0.53
2024_0413_16:33:21 14 -4.926 57.85
2024_0413_16:33:22 14 23.662 24.462
2024_0413_16:33:22 14 10.732 11.413
2024_0413_16:33:22 14 20.585 21.078
2024_0413_16:33:25 14 95.726 97.735
2024_0413_16:33:25 14 92.733 90.868
2024_0413_16:33:26 14 0.066 -0.165
2024_0413_16:33:28 14 -99.996 -99.998
2024_0413_16:33:29 14 98.655 99.298
2024_0413_16:33:30 14 0.021 0.052
2024_0413_16:33:35 14 49.421 47.519
2024_0413_16:33:40 14 -19.861 19.792
2024_0413_16:33:42 14 49.985 -25.294
2024_0413_16:33:42 14 92.233 96.215
2024_0413_16:33:43 14 0.437 -0.52
2024_0413_16:33:45 15 66.569 60.231
2024_0413_16:33:46 15 0.372 0.735
2024_0413_16:33:46 14 92.174 77.982
2024_0413_16:33:46 14 0.097 -1.318
2024_0413_16:33:46 15 -0.388 -0.25
2024_0413_16:33:48 15 46.506 98.126
2024_0413_16:33:50 15 98.942 97.655
2024_0413_16:33:51 15 -0.286 -0.289
2024_0413_16:33:53 15 22.888 73.204
2024_0413_16:33:56 15 74.279 81.709
2024_0413_16:33:58 15 46.592 40.955
2024_0413_16:34:02 15 99.612 99.542
2024_0413_16:34:04 15 84.317 92.705
2024_0413_16:34:05 15 -0.44 0.228
2024_0413_16:34:09 15 99.192 98.993
2024_0413_16:34:10 15 38.128 42.992
2024_0413_16:34:11 15 61.155 60.377
2024_0413_16:34:11 15 -0.178 -0.374
2024_0413_16:34:13 16 -0.091 0.061
2024_0413_16:34:13 15 77.596 77.518
2024_0413_16:34:15 16 34.499 42.948
2024_0413_16:34:17 15 4.824 -0.214
2024_0413_16:34:18 16 -7.972 8.017
2024_0413_16:34:20 16 -0.087 -0.477
2024_0413_16:34:24 16 0.12 -0.029
2024_0413_16:34:26 16 -0.73 49.952
2024_0413_16:34:28 16 98.048 97.557
2024_0413_16:34:29 16 0.598 -0.476
2024_0413_16:34:30 16 -8.55 48.427
2024_0413_16:34:32 16 57.153 59.08
2024_0413_16:34:33 16 99.996 99.996
2024_0413_16:34:34 16 -17.155 96.926
2024_0413_16:34:37 16 -0.086 20.973
2024_0413_16:34:40 17 77.131 91.76
2024_0413_16:34:42 17 0.024 0.091
2024_0413_16:34:42 17 14.364 -2.55
2024_0413_16:34:43 17 14.064 -14.373
2024_0413_16:34:45 17 0.051 0.06
2024_0413_16:34:46 17 9.623 -10.204
2024_0413_16:34:47 17 95.891 97.09
2024_0413_16:34:51 17 -0.045 0.489
2024_0413_16:34:52 17 -0.868 0.235
2024_0413_16:34:53 17 16.249 16.316
2024_0413_16:34:53 17 64.243 59.766
2024_0413_16:34:55 17 -0.021 -0.535
2024_0413_16:34:56 17 40.526 50.724
2024_0413_16:35:04 17 32.862 27.936
2024_0413_16:35:05 17 -0.838 -0.149
2024_0413_16:35:07 18 99.491 84.144
2024_0413_16:35:08 18 18.672 17.694
2024_0413_16:35:12 18 73.765 33.598
2024_0413_16:35:13 18 -0.174 0.258
2024_0413_16:35:15 18 84.181 90.797
2024_0413_16:35:16 18 98.414 93.528
2024_0413_16:35:18 18 0.243 -0.182
2024_0413_16:35:21 18 -20.827 22.065
2024_0413_16:35:22 18 0.254 -0.136
2024_0413_16:35:23 18 -8.447 7.976
2024_0413_16:35:24 18 29.594 30.134
2024_0413_16:35:24 18 48.699 -42.628
2024_0413_16:35:28 18 99.998 -99.994
2024_0413_16:35:31 18 -0.052 0.231
2024_0413_16:35:34 18 -24.751 48.893
2024_0413_16:35:36 18 65.331 70.047
2024_0413_16:35:37 18 -0.089 0.104
2024_0413_16:35:38 18 0.497 -0.219
2024_0413_16:35:40 19 -1.17 35.62
2024_0413_16:35:43 19 16.302 24.119
2024_0413_16:35:44 19 98.529 98.679
2024_0413_16:35:44 19 -6.255 8.4
2024_0413_16:35:49 19 24.862 -25.108
2024_0413_16:35:49 19 0.246 -0.122
2024_0413_16:35:51 19 -0.182 9.879
2024_0413_16:35:54 19 9.662 -10.096
2024_0413_16:35:54 19 71.465 -0.598
2024_0413_16:35:57 19 40.556 61.15
2024_0413_16:36:00 18 14.999 15.533
2024_0413_16:36:00 20 0.081 64.121
2024_0413_16:36:03 20 -49.996 99.998
2024_0413_16:36:08 20 55.011 57.306
2024_0413_16:36:08 20 39.363 49.813
2024_0413_16:36:10 20 58.492 54.075
2024_0413_16:36:10 19 -0.748 -0.078
2024_0413_16:36:14 20 50.448 87.749
2024_0413_16:36:15 20 10.074 6.898
2024_0413_16:36:16 20 44.317 61.495
2024_0413_16:36:17 20 0.295 0.257
2024_0413_16:36:17 9 99.414 99.16
2024_0413_16:36:18 10 98.873 95.088
2024_0413_16:36:19 20 0.34 -0.208
2024_0413_16:36:21 15 3.477 4.595
2024_0413_16:36:23 15 50.103 -13.325
2024_0413_16:36:24 16 49.586 46.924
2024_0413_16:36:31 17 0.066 0.359
2024_0413_16:36:32 17 4.139 -1.968
2024_0413_16:36:33 17 69.428 -6.803
2024_0413_16:36:33 16 90.723 84.717
2024_0413_16:36:35 18 -99.997 99.999
2024_0413_16:36:47 18 65.542 55.579
2024_0413_16:36:59 20 80.845 84.617
2024_0413_16:37:20 1 97.212 80.232
2024_0413_16:37:20 1 99.53 99.477
2024_0413_16:37:20 1 93.904 99.539
2024_0413_16:37:20 1 99.426 97.937
2024_0413_16:37:21 1 99.557 99.464
2024_0413_16:37:21 2 72.377 92.849
2024_0413_16:37:21 1 95.966 93.552
2024_0413_16:37:21 2 97.145 96.343
2024_0413_16:37:21 2 45.673 80.547
2024_0413_16:37:22 1 99.525 99.412
2024_0413_16:37:22 2 98.615 98.657
2024_0413_16:37:22 1 94.856 99.49
2024_0413_16:37:22 2 99.011 87.814
2024_0413_16:37:22 2 98.886 94.55
2024_0413_16:37:24 2 89.147 99.448
2024_0413_16:37:24 1 94.806 93.872
2024_0413_16:37:41 2 84.414 98.41
2024_0413_16:37:41 2 98.686 99.028
2024_0413_16:37:42 2 93.43 98.424
2024_0413_16:37:42 2 92.52 95.675
2024_0413_16:37:42 2 79.73 81.372
2024_0413_16:37:43 3 95.717 96.18
2024_0413_16:37:43 2 96.709 95.226
2024_0413_16:37:43 5 99.482 99.501
2024_0413_16:37:43 3 96.155 86.904
2024_0413_16:37:44 6 99.436 99.518
2024_0413_16:37:44 6 99.01 94.991
2024_0413_16:37:44 5 96.776 96.449
2024_0413_16:37:47 7 95.783 84.463
2024_0413_16:37:47 7 96.194 98.56
2024_0413_16:37:48 4 78.235 82.219
2024_0413_16:37:52 8 98.745 98.618
2024_0413_16:38:03 8 98.536 95.562
2024_0413_16:38:03 9 99.368 99.402
2024_0413_16:38:03 8 98.216 96.621
2024_0413_16:38:04 11 0.019 0.049
2024_0413_16:38:05 11 49.997 99.996
2024_0413_16:38:05 11 -0.065 -0.964
2024_0413_16:38:06 11 -0.302 49.664
2024_0413_16:38:06 10 90.574 99.397
2024_0413_16:38:06 9 99.606 99.534
2024_0413_16:38:06 10 99.043 97.445
2024_0413_16:38:06 11 90.533 92.564
2024_0413_16:38:09 11 0.073 -0.156
2024_0413_16:38:09 11 -20.175 99.31
2024_0413_16:38:11 11 88.419 48.475
2024_0413_16:38:11 9 86.017 82.57
2024_0413_16:38:13 11 94.699 94.205
2024_0413_16:38:24 11 94.373 97.937
2024_0413_16:38:24 11 99.443 96.422
2024_0413_16:38:25 11 0.407 -0.222
2024_0413_16:38:25 11 -0.378 0.201
2024_0413_16:38:27 11 -0.238 0.113
2024_0413_16:38:27 11 -0.092 -0.438
2024_0413_16:38:28 11 66.071 89.489
2024_0413_16:38:28 11 -0.573 -0.311
2024_0413_16:38:28 11 92.498 82.668
2024_0413_16:38:29 11 -0.67 0.555
2024_0413_16:38:32 11 93.715 95.204
2024_0413_16:38:33 11 92.376 93.435
2024_0413_16:38:36 11 0.158 0.39
2024_0413_16:38:39 11 0.445 -0.397
2024_0413_16:38:39 11 0.274 -0.226
2024_0413_16:38:42 11 29.678 28.782
2024_0413_16:38:44 11 96.335 95.735
2024_0413_16:38:46 12 -0.402 -0.239
2024_0413_16:38:49 12 92.875 92.301
2024_0413_16:38:49 12 0.049 -0.043
2024_0413_16:38:50 12 87.883 84.36
2024_0413_16:38:50 12 87.21 91.485
2024_0413_16:38:51 12 0.671 0.193
2024_0413_16:38:51 12 19.344 28.67
2024_0413_16:38:51 12 93.882 96.609
2024_0413_16:38:53 12 49.539 47.609
2024_0413_16:38:55 12 -0.034 0.562
2024_0413_16:38:56 12 0.481 -0.056
2024_0413_16:38:59 12 65.933 99.058
2024_0413_16:39:01 12 0.286 -0.678
2024_0413_16:39:02 12 0.279 -0.627
2024_0413_16:39:06 12 95.743 99.409
2024_0413_16:39:08 12 17.44 19.769
2024_0413_16:39:09 12 -0.363 -0.382
2024_0413_16:39:11 12 -0.203 -0.212
2024_0413_16:39:11 12 98.171 98.661
2024_0413_16:39:12 13 -0.102 -0.196
2024_0413_16:39:14 12 -0.589 -0.273
2024_0413_16:39:14 13 23.961 48.168
2024_0413_16:39:14 13 25.029 35.659
2024_0413_16:39:17 13 -0.165 -0.073
2024_0413_16:39:17 13 9.855 -9.95
2024_0413_16:39:18 13 39.896 39.86
2024_0413_16:39:19 13 85.047 82.576
2024_0413_16:39:22 13 -0.224 0.27
2024_0413_16:39:27 13 93.395 76.562
2024_0413_16:39:27 13 88.653 99.25
2024_0413_16:39:29 13 0.063 -0.318
2024_0413_16:39:31 13 93.584 90.001
2024_0413_16:39:32 13 97.711 87.813
2024_0413_16:39:32 13 0.766 -0.056
2024_0413_16:39:34 13 -0.147 -0.346
2024_0413_16:39:36 13 96.086 92.192
2024_0413_16:39:37 13 81.069 89.913
2024_0413_16:39:37 13 91.931 96.104
2024_0413_16:39:37 13 49.999 -99.998
2024_0413_16:39:39 13 0.275 0.053
2024_0413_16:39:40 13 99.528 99.471
2024_0413_16:39:41 13 -0.265 0.489
2024_0413_16:39:42 13 -99.994 -99.992
2024_0413_16:39:45 13 87.542 78.435
2024_0413_16:39:50 13 38.31 -0.125
2024_0413_16:39:51 13 62.456 63.336
2024_0413_16:39:51 13 0.033 -0.01
2024_0413_16:39:54 13 96.677 90.43
2024_0413_16:39:54 13 88.581 49.534
2024_0413_16:39:55 13 95.831 66.065
2024_0413_16:39:57 13 -0.073 0.32
2024_0413_16:39:58 13 7.954 7.342
2024_0413_16:39:59 13 -49.999 99.996
2024_0413_16:39:59 14 0.135 -0.22
2024_0413_16:40:02 14 96.819 99.5
2024_0413_16:40:03 14 -0.189 -0.189
2024_0413_16:40:04 14 49.997 -49.994
2024_0413_16:40:05 14 -21.802 21.308
2024_0413_16:40:07 13 47.351 59.718
2024_0413_16:40:10 14 81.292 91.076
2024_0413_16:40:12 14 60.098 58.225
2024_0413_16:40:13 14 99.994 -99.994
2024_0413_16:40:14 14 -10.252 9.671
2024_0413_16:40:17 14 85.956 78.913
2024_0413_16:40:18 14 43.798 24.61
2024_0413_16:40:21 14 73.676 70.772
2024_0413_16:40:22 14 80.388 71.754
2024_0413_16:40:22 14 0.4 0.559
2024_0413_16:40:23 14 -13.126 13.612
2024_0413_16:40:24 14 0.105 -0.148
2024_0413_16:40:25 14 49.352 95.411
2024_0413_16:40:26 14 -0.27 -0.011
2024_0413_16:40:26 14 98.707 99.158
2024_0413_16:40:30 14 91.828 94.425
2024_0413_16:40:31 14 0.29 0.255
2024_0413_16:40:33 14 27.834 46.088
2024_0413_16:40:36 14 72.177 76.471
2024_0413_16:40:37 14 -0.089 -0.146
2024_0413_16:40:39 14 2.434 49.066
2024_0413_16:40:42 14 82.289 97.564
2024_0413_16:40:45 14 90.559 89.944
2024_0413_16:40:45 14 46.39 49.164
2024_0413_16:40:46 14 0.076 -0.481
2024_0413_16:40:47 14 61.927 83.185
2024_0413_16:40:48 14 78.499 82.936
2024_0413_16:40:49 15 0.743 0.198
2024_0413_16:40:53 15 86.403 40.746
2024_0413_16:40:54 15 49.468 36.084
2024_0413_16:40:57 15 39.28 63.468
2024_0413_16:40:58 15 -0.802 -0.077
2024_0413_16:40:59 15 12.529 12.837
2024_0413_16:41:01 15 56.366 57.835
2024_0413_16:41:02 14 -0.091 -0.146
2024_0413_16:41:03 15 51.103 57.987
2024_0413_16:41:04 15 48.979 48.717
2024_0413_16:41:04 15 99.998 -49.998
2024_0413_16:41:08 15 38.031 37.229
2024_0413_16:41:10 15 -0.359 0.036
2024_0413_16:41:11 15 0.857 0.323
2024_0413_16:41:12 15 -0.05 0.222
2024_0413_16:41:12 15 55.729 56.864
2024_0413_16:41:17 15 0.49 0.373
2024_0413_16:41:18 15 49.998 -49.996
2024_0413_16:41:18 15 92.591 47.806
2024_0413_16:41:23 15 -9.678 9.942
2024_0413_16:41:23 15 -0.302 0.442
2024_0413_16:41:24 15 0.555 -0.371
2024_0413_16:41:26 15 16.311 48.067
2024_0413_16:41:26 15 49.999 -50.0
2024_0413_16:41:28 15 45.187 59.604
2024_0413_16:41:29 15 0.059 0.325
2024_0413_16:41:31 15 97.719 97.888
2024_0413_16:41:34 15 21.06 47.436
2024_0413_16:41:35 15 0.038 -0.174
2024_0413_16:41:36 15 0.039 -0.005
2024_0413_16:41:37 15 0.028 -0.316
2024_0413_16:41:42 16 14.151 -0.064
2024_0413_16:41:43 16 77.391 57.312
2024_0413_16:41:46 16 -0.249 -0.236
2024_0413_16:41:47 16 96.935 89.843
2024_0413_16:41:47 16 48.354 -0.356
2024_0413_16:41:48 16 98.596 92.427
2024_0413_16:41:48 16 44.198 44.93
2024_0413_16:41:49 16 40.835 42.14
2024_0413_16:41:52 16 70.411 91.752
2024_0413_16:41:58 16 13.449 54.314
2024_0413_16:41:58 16 82.441 87.523
2024_0413_16:41:59 16 98.568 92.978
2024_0413_16:41:59 16 43.998 82.58
2024_0413_16:42:02 16 0.172 0.061
2024_0413_16:42:06 16 83.578 84.329
2024_0413_16:42:09 16 98.95 98.871
2024_0413_16:42:09 16 -0.084 0.285
2024_0413_16:42:10 16 84.011 85.9
2024_0413_16:42:10 17 0.591 0.695
2024_0413_16:42:12 16 74.371 74.507
2024_0413_16:42:12 16 24.003 4.073
2024_0413_16:42:13 16 -0.106 0.083
2024_0413_16:42:14 17 97.971 -3.47
2024_0413_16:42:16 17 61.219 70.041
2024_0413_16:42:24 17 5.392 33.149
2024_0413_16:42:24 17 8.803 -8.774
2024_0413_16:42:25 17 99.953 -44.448
2024_0413_16:42:26 17 97.096 94.215
2024_0413_16:42:26 17 97.838 -0.526
2024_0413_16:42:32 17 15.625 14.922
2024_0413_16:42:32 17 16.78 -16.391
2024_0413_16:42:33 17 39.457 48.713
2024_0413_16:42:34 17 7.396 -6.902
2024_0413_16:42:36 17 0.248 0.095
2024_0413_16:42:37 17 74.025 86.586
2024_0413_16:42:37 17 47.183 43.996
2024_0413_16:42:37 17 10.51 -11.446
2024_0413_16:42:38 17 71.291 57.599
2024_0413_16:42:42 17 49.24 98.039
2024_0413_16:42:44 17 73.068 81.534
2024_0413_16:42:46 17 90.959 98.21
2024_0413_16:42:48 17 0.354 0.076
2024_0413_16:42:48 17 -0.25 0.002
2024_0413_16:42:50 17 89.186 90.865
2024_0413_16:42:52 17 98.3 98.298
2024_0413_16:42:57 18 0.245 -0.087
2024_0413_16:42:58 17 96.661 0.339
2024_0413_16:42:58 18 -0.105 -0.546
2024_0413_16:43:01 17 0.818 0.062
2024_0413_16:43:01 18 19.545 -20.027
2024_0413_16:43:02 17 38.167 41.196
2024_0413_16:43:03 18 -0.009 -0.038
2024_0413_16:43:03 18 60.504 50.31
2024_0413_16:43:06 18 84.816 93.157
2024_0413_16:43:06 18 14.283 15.389
2024_0413_16:43:08 18 81.807 94.338
2024_0413_16:43:10 18 -0.468 -0.156
2024_0413_16:43:14 18 94.764 94.493
2024_0413_16:43:14 18 -10.255 10.052
2024_0413_16:43:19 18 0.378 0.224
2024_0413_16:43:20 18 0.174 -0.122
2024_0413_16:43:24 18 49.608 88.146
2024_0413_16:43:24 18 -0.437 1.98
2024_0413_16:43:24 18 -0.378 2.278
2024_0413_16:43:25 18 84.092 93.239
2024_0413_16:43:25 18 0.606 0.575
2024_0413_16:43:25 18 58.605 49.687
2024_0413_16:43:29 18 -33.239 33.13
2024_0413_16:43:30 18 12.368 68.738
2024_0413_16:43:30 18 82.953 12.351
2024_0413_16:43:33 18 0.081 -0.011
2024_0413_16:43:34 18 31.392 28.955
2024_0413_16:43:35 18 5.895 4.115
2024_0413_16:43:39 18 85.691 90.317
2024_0413_16:43:40 18 -0.144 11.042
2024_0413_16:43:44 18 99.005 98.067
2024_0413_16:43:46 18 5.425 1.521
2024_0413_16:43:47 19 -49.999 49.998
2024_0413_16:43:48 19 66.638 -66.629
2024_0413_16:43:48 19 87.502 94.395
2024_0413_16:43:53 19 40.697 -0.837
2024_0413_16:43:54 19 -99.996 49.997
2024_0413_16:43:54 19 16.949 -16.945
2024_0413_16:43:54 19 74.231 62.0
2024_0413_16:43:54 19 0.084 1.58
2024_0413_16:44:01 19 -47.963 47.693
2024_0413_16:44:02 19 64.49 49.229
2024_0413_16:44:03 19 -50.003 99.989
2024_0413_16:44:04 19 79.832 -80.078
2024_0413_16:44:08 19 0.253 0.411
2024_0413_16:44:09 19 99.144 83.872
2024_0413_16:44:11 19 -0.231 0.339
2024_0413_16:44:13 20 10.454 -10.118
2024_0413_16:44:16 19 -0.304 -0.078
2024_0413_16:44:19 20 9.184 10.399
2024_0413_16:44:21 20 92.235 44.913
2024_0413_16:44:22 20 -50.303 74.974
2024_0413_16:44:25 20 99.406 96.67
2024_0413_16:44:26 20 -0.093 0.342
2024_0413_16:44:26 20 -8.64 8.327
2024_0413_16:44:31 20 -0.06 -0.18
2024_0413_16:44:31 20 77.676 76.999
2024_0413_16:44:31 20 6.411 6.462
2024_0413_16:44:36 20 96.137 88.325
2024_0413_16:44:37 2 95.595 98.051
2024_0413_16:44:39 14 86.694 90.332
2024_0413_16:44:42 14 73.859 90.554
2024_0413_16:44:42 14 99.482 93.981
2024_0413_16:44:44 15 0.033 0.407
2024_0413_16:44:44 16 19.458 13.851
2024_0413_16:44:45 16 88.857 52.598
2024_0413_16:44:46 16 45.865 64.864
2024_0413_16:44:50 18 80.214 86.438
2024_0413_16:44:54 20 98.833 98.847
2024_0413_16:44:55 20 93.598 96.604
2024_0413_16:44:55 20 0.729 -0.093
2024_0413_16:44:58 20 0.098 0.183
2024_0413_16:45:01 20 0.705 0.514
2024_0413_16:45:04 19 0.014 0.118
2024_0413_16:45:25 1 92.092 99.468
2024_0413_16:45:25 1 99.563 99.509
2024_0413_16:45:25 1 99.527 99.546
2024_0413_16:45:25 1 93.012 94.648
2024_0413_16:45:25 1 99.517 99.519
2024_0413_16:45:26 1 99.517 99.486
2024_0413_16:45:26 1 96.58 99.527
2024_0413_16:45:26 1 99.488 99.566
2024_0413_16:45:27 1 95.173 99.505
2024_0413_16:45:27 1 91.722 94.253
2024_0413_16:45:28 1 96.864 94.184
2024_0413_16:45:28 1 98.877 85.9
2024_0413_16:45:28 1 97.027 99.52
2024_0413_16:45:28 1 99.49 99.533
2024_0413_16:45:29 1 99.42 95.121
2024_0413_16:45:39 1 99.479 99.522
2024_0413_16:45:46 1 99.399 99.476
2024_0413_16:45:47 1 99.433 91.606
2024_0413_16:45:48 1 91.081 87.763
2024_0413_16:45:48 1 96.532 96.984
2024_0413_16:45:48 1 99.497 99.475
2024_0413_16:45:48 1 99.523 99.54
2024_0413_16:45:49 1 99.477 99.462
2024_0413_16:45:49 1 98.576 93.892
2024_0413_16:45:50 1 99.48 99.523
2024_0413_16:45:51 1 89.87 99.463
2024_0413_16:45:51 1 99.563 99.488
2024_0413_16:45:53 1 93.846 99.501
2024_0413_16:45:56 1 97.201 91.939
2024_0413_16:45:59 1 95.48 94.509
2024_0413_16:46:00 1 92.664 90.743
2024_0413_16:46:06 1 99.453 99.564
2024_0413_16:46:07 1 99.48 99.509
2024_0413_16:46:10 1 95.932 99.45
2024_0413_16:46:10 2 98.076 91.477
2024_0413_16:46:10 1 91.448 77.401
2024_0413_16:46:11 2 95.846 86.221
2024_0413_16:46:11 2 98.804 96.201
2024_0413_16:46:11 2 98.94 98.854
2024_0413_16:46:12 2 49.459 77.641
2024_0413_16:46:14 1 99.49 99.46
2024_0413_16:46:14 2 98.684 98.648
2024_0413_16:46:17 2 94.72 98.816
2024_0413_16:46:17 1 99.514 94.45
2024_0413_16:46:20 2 92.069 99.45
2024_0413_16:46:22 2 75.458 93.231
2024_0413_16:46:22 2 93.68 95.269
2024_0413_16:46:28 2 98.637 87.113
2024_0413_16:46:29 2 88.608 85.55
2024_0413_16:46:31 2 84.702 93.444
2024_0413_16:46:32 2 98.321 98.741
2024_0413_16:46:32 2 98.256 90.661
2024_0413_16:46:32 2 91.536 98.741
2024_0413_16:46:32 2 95.005 97.359
2024_0413_16:46:35 2 95.723 95.425
2024_0413_16:46:35 2 92.125 88.307
2024_0413_16:46:39 2 98.504 98.551
2024_0413_16:46:39 2 91.872 95.053
2024_0413_16:46:42 2 48.463 77.158
2024_0413_16:46:44 2 49.582 98.393
2024_0413_16:46:45 2 95.691 89.211
2024_0413_16:46:49 2 98.947 96.895
2024_0413_16:46:50 2 88.524 92.056
2024_0413_16:46:50 2 98.434 98.587
2024_0413_16:46:52 2 96.906 96.575
2024_0413_16:46:53 2 98.591 98.577
2024_0413_16:46:53 2 98.904 95.961
2024_0413_16:46:53 2 76.739 91.139
2024_0413_16:46:54 2 91.7 94.5
2024_0413_16:46:55 2 97.605 90.27
2024_0413_16:46:57 2 98.556 98.686
2024_0413_16:46:57 2 96.018 91.457
2024_0413_16:47:01 2 93.829 96.791
2024_0413_16:47:03 2 95.708 98.344
2024_0413_16:47:05 2 92.739 94.569
2024_0413_16:47:06 2 98.649 98.504
2024_0413_16:47:09 2 94.569 98.746
2024_0413_16:47:11 2 84.43 96.127
2024_0413_16:47:12 2 98.6 93.616
2024_0413_16:47:14 2 98.669 98.875
2024_0413_16:47:14 2 89.353 90.76
2024_0413_16:47:15 2 94.905 95.429
2024_0413_16:47:15 2 94.726 98.518
2024_0413_16:47:15 2 49.447 97.395
2024_0413_16:47:16 2 98.801 96.309
2024_0413_16:47:16 2 98.712 94.977
2024_0413_16:47:18 2 96.209 93.235
2024_0413_16:47:18 2 98.504 98.635
2024_0413_16:47:23 2 95.624 96.168
2024_0413_16:47:27 2 98.388 98.735
2024_0413_16:47:29 2 94.629 85.855
2024_0413_16:47:33 2 96.16 94.161
2024_0413_16:47:35 2 93.317 98.595
2024_0413_16:47:36 2 88.974 97.171
2024_0413_16:47:36 2 98.598 94.992
2024_0413_16:47:36 2 98.483 95.045
2024_0413_16:47:37 2 98.888 88.164
2024_0413_16:47:37 2 94.924 92.653
2024_0413_16:47:39 2 85.218 93.354
2024_0413_16:47:39 2 96.47 94.189
2024_0413_16:47:39 2 88.997 98.98
2024_0413_16:47:40 2 98.543 94.265
2024_0413_16:47:42 2 96.604 97.961
2024_0413_16:47:42 2 76.572 74.587
2024_0413_16:47:44 2 49.347 76.764
2024_0413_16:47:49 3 94.657 93.308
2024_0413_16:47:51 3 87.087 85.361
2024_0413_16:47:55 3 91.475 96.027
2024_0413_16:47:58 3 89.95 90.681
2024_0413_16:47:58 4 86.378 92.296
2024_0413_16:47:58 5 99.479 95.371
2024_0413_16:48:00 4 88.523 85.567
2024_0413_16:48:00 4 67.089 79.214
2024_0413_16:48:00 5 99.432 96.725
2024_0413_16:48:01 5 83.568 96.132
2024_0413_16:48:01 5 99.098 91.636
2024_0413_16:48:01 5 91.227 87.285
2024_0413_16:48:02 5 99.498 97.034
2024_0413_16:48:03 6 86.885 88.34
2024_0413_16:48:04 5 45.128 49.627
2024_0413_16:48:05 6 99.502 99.477
2024_0413_16:48:10 6 99.443 99.448
2024_0413_16:48:13 6 89.972 99.157
2024_0413_16:48:16 6 99.527 99.504
2024_0413_16:48:19 7 98.72 95.081
2024_0413_16:48:21 7 91.526 89.023
2024_0413_16:48:22 8 92.114 99.112
2024_0413_16:48:22 8 94.939 98.863
2024_0413_16:48:22 8 98.568 98.735
2024_0413_16:48:23 8 98.601 93.096
2024_0413_16:48:25 8 93.838 86.173
2024_0413_16:48:26 8 98.709 94.241
2024_0413_16:48:27 8 98.361 98.152
2024_0413_16:48:29 8 98.622 96.901
2024_0413_16:48:29 7 91.234 97.918
2024_0413_16:48:30 7 92.518 88.453
2024_0413_16:48:32 8 98.55 98.663
2024_0413_16:48:35 8 91.566 98.925
2024_0413_16:48:37 8 96.201 97.934
2024_0413_16:48:37 8 92.105 98.513
2024_0413_16:48:41 8 92.242 88.011
2024_0413_16:48:44 9 93.854 99.523
2024_0413_16:48:45 9 98.783 49.622
2024_0413_16:48:47 9 84.275 82.931
2024_0413_16:48:49 9 99.533 99.501
2024_0413_16:48:49 9 99.573 99.566
2024_0413_16:48:51 9 99.643 95.577
2024_0413_16:48:52 10 86.977 91.449
2024_0413_16:48:58 10 93.767 91.383
2024_0413_16:48:59 10 98.993 99.103
2024_0413_16:49:00 9 99.386 99.508
2024_0413_16:49:00 10 99.404 95.841
2024_0413_16:49:03 10 49.485 99.441
2024_0413_16:49:04 10 91.091 92.718
2024_0413_16:49:06 9 86.626 88.798
2024_0413_16:49:06 11 90.363 99.487
2024_0413_16:49:07 11 93.927 93.782
2024_0413_16:49:09 11 -0.405 -0.41
2024_0413_16:49:10 11 0.436 0.068
2024_0413_16:49:11 11 -0.183 0.57
2024_0413_16:49:11 11 -10.195 63.82
2024_0413_16:49:12 11 95.282 94.037
2024_0413_16:49:13 11 -0.622 -0.365
2024_0413_16:49:14 10 82.086 91.646
2024_0413_16:49:19 11 99.47 99.421
2024_0413_16:49:21 11 -0.239 0.456
2024_0413_16:49:24 11 0.478 0.521
2024_0413_16:49:25 11 -49.999 99.998
2024_0413_16:49:27 11 97.101 90.215
2024_0413_16:49:29 11 87.179 94.014
2024_0413_16:49:30 11 49.998 99.998
2024_0413_16:49:31 11 -0.286 -0.031
2024_0413_16:49:32 11 0.248 -0.235
2024_0413_16:49:32 11 -0.028 -0.452
2024_0413_16:49:32 11 97.409 95.829
2024_0413_16:49:33 11 0.127 -0.52
2024_0413_16:49:35 11 99.998 49.999
2024_0413_16:49:37 11 96.705 94.266
2024_0413_16:49:40 11 99.276 95.245
2024_0413_16:49:41 11 0.245 -0.038
2024_0413_16:49:42 11 96.343 94.852
2024_0413_16:49:44 11 95.688 93.052
2024_0413_16:49:46 11 91.934 96.244
2024_0413_16:49:47 11 0.24 -0.037
2024_0413_16:49:49 11 -0.002 -0.103
2024_0413_16:49:50 11 0.267 0.124
2024_0413_16:49:52 11 -0.141 -0.234
2024_0413_16:49:53 11 98.584 99.392
2024_0413_16:49:54 11 -0.168 0.21
2024_0413_16:49:55 11 -0.218 0.38
2024_0413_16:49:55 11 0.545 -0.227
2024_0413_16:49:56 11 0.381 -0.066
2024_0413_16:49:58 11 -0.118 -0.28
2024_0413_16:49:58 11 98.321 95.688
2024_0413_16:50:03 11 96.36 89.315
2024_0413_16:50:05 11 0.685 -0.983
2024_0413_16:50:08 11 49.528 86.623
2024_0413_16:50:12 11 0.138 0.007
2024_0413_16:50:12 11 0.358 -0.165
2024_0413_16:50:13 11 95.846 93.266
2024_0413_16:50:14 11 0.497 -0.273
2024_0413_16:50:14 11 0.465 -0.259
2024_0413_16:50:16 11 0.062 0.235
2024_0413_16:50:17 11 -0.013 -0.1
2024_0413_16:50:17 11 70.29 94.197
2024_0413_16:50:19 11 0.324 -0.208
2024_0413_16:50:19 11 55.908 50.488
2024_0413_16:50:20 11 -0.114 -0.23
2024_0413_16:50:24 11 99.998 49.999
2024_0413_16:50:25 11 0.262 0.089
2024_0413_16:50:26 11 -0.16 -0.336
2024_0413_16:50:29 11 97.45 89.212
2024_0413_16:50:34 11 -0.274 -0.423
2024_0413_16:50:34 11 99.996 49.998
2024_0413_16:50:35 11 0.015 0.014
2024_0413_16:50:36 11 -0.14 0.123
2024_0413_16:50:36 11 44.206 42.533
2024_0413_16:50:38 11 -0.143 0.039
2024_0413_16:50:38 11 99.404 85.567
2024_0413_16:50:39 11 -0.233 -0.156
2024_0413_16:50:40 11 99.32 87.477
2024_0413_16:50:40 11 -0.486 -0.145
2024_0413_16:50:41 11 0.095 0.486
2024_0413_16:50:42 11 0.029 -0.234
2024_0413_16:50:47 11 92.357 94.175
2024_0413_16:50:47 11 49.617 -0.209
2024_0413_16:50:49 11 97.138 90.304
2024_0413_16:50:51 11 72.106 94.127
2024_0413_16:50:56 11 94.332 96.133
2024_0413_16:50:56 11 0.002 0.206
2024_0413_16:50:56 11 -100.0 100.0
2024_0413_16:50:58 11 0.346 0.03
2024_0413_16:50:58 11 99.998 99.998
2024_0413_16:51:00 11 92.223 91.508
2024_0413_16:51:00 11 0.134 -0.529
2024_0413_16:51:01 11 0.394 0.381
2024_0413_16:51:02 11 0.015 -0.486
2024_0413_16:51:02 11 0.02 -0.376
2024_0413_16:51:04 11 93.75 96.099
2024_0413_16:51:08 11 60.805 68.112
2024_0413_16:51:09 11 -0.121 -0.643
2024_0413_16:51:09 11 1.09 -0.091
2024_0413_16:51:10 11 99.998 -49.999
2024_0413_16:51:13 11 0.106 0.177
2024_0413_16:51:17 11 95.958 99.51
2024_0413_16:51:18 11 -0.153 0.043
2024_0413_16:51:18 11 -0.377 0.021
2024_0413_16:51:20 11 0.111 0.311
2024_0413_16:51:21 11 0.012 0.196
2024_0413_16:51:24 11 0.295 -0.611
2024_0413_16:51:24 11 -0.269 0.354
2024_0413_16:51:24 11 92.009 86.659
2024_0413_16:51:27 11 99.017 98.62
2024_0413_16:51:27 11 90.38 90.423
2024_0413_16:51:30 11 99.469 99.532
2024_0413_16:51:30 11 99.611 96.849
2024_0413_16:51:32 11 -0.166 -0.457
2024_0413_16:51:32 11 90.686 99.048
2024_0413_16:51:33 11 -0.213 -0.07
2024_0413_16:51:35 11 99.455 99.481
2024_0413_16:51:38 11 95.922 95.756
2024_0413_16:51:40 11 0.009 -0.573
2024_0413_16:51:40 11 0.381 -0.077
2024_0413_16:51:41 11 0.031 0.434
2024_0413_16:51:43 11 95.438 99.319
2024_0413_16:51:46 11 99.489 99.592
2024_0413_16:51:46 11 -0.209 0.142
2024_0413_16:51:47 11 93.026 91.626
2024_0413_16:51:49 11 98.56 97.9
2024_0413_16:51:49 11 95.396 96.468
2024_0413_16:51:51 11 0.198 0.27
2024_0413_16:51:52 11 0.243 0.066
2024_0413_16:51:54 11 0.16 0.329
2024_0413_16:51:55 11 -0.487 0.011
2024_0413_16:51:55 11 59.193 80.668
2024_0413_16:52:00 11 49.999 99.998
2024_0413_16:52:02 11 0.139 0.433
2024_0413_16:52:03 11 -50.0 -99.994
2024_0413_16:52:04 11 92.293 92.066
2024_0413_16:52:05 11 0.162 -0.164
2024_0413_16:52:06 11 -0.141 -0.125
2024_0413_16:52:08 11 -0.314 0.048
2024_0413_16:52:09 11 95.961 96.609
2024_0413_16:52:09 11 11.223 10.005
2024_0413_16:52:10 11 0.158 -0.182
2024_0413_16:52:11 11 -0.32 -0.289
2024_0413_16:52:13 12 -99.996 -49.996
2024_0413_16:52:15 12 -0.302 0.138
2024_0413_16:52:17 12 94.504 93.153
2024_0413_16:52:20 11 0.407 0.054
2024_0413_16:52:23 12 96.322 94.811
2024_0413_16:52:24 12 -0.316 0.484
2024_0413_16:52:25 12 -0.404 0.113
2024_0413_16:52:28 12 92.248 93.813
2024_0413_16:52:29 12 99.482 94.094
2024_0413_16:52:29 12 8.176 6.239
2024_0413_16:52:29 12 0.039 0.108
2024_0413_16:52:30 12 0.188 -0.394
2024_0413_16:52:32 12 99.998 -99.998
2024_0413_16:52:32 12 99.395 98.547
2024_0413_16:52:33 12 99.996 99.998
2024_0413_16:52:35 12 -49.999 -99.998
2024_0413_16:52:39 12 97.127 91.721
2024_0413_16:52:44 12 14.229 10.325
2024_0413_16:52:45 12 99.094 99.331
2024_0413_16:52:46 12 91.13 69.692
2024_0413_16:52:47 12 -0.157 45.559
2024_0413_16:52:50 12 95.929 95.268
2024_0413_16:52:51 12 67.271 68.166
2024_0413_16:52:51 12 93.445 94.771
2024_0413_16:52:51 12 -0.068 -0.25
2024_0413_16:52:51 12 49.999 -50.0
2024_0413_16:52:51 12 0.071 0.102
2024_0413_16:52:52 12 99.306 98.199
2024_0413_16:52:54 12 93.874 87.109
2024_0413_16:52:55 12 0.238 -0.152
2024_0413_16:52:56 12 92.171 95.415
2024_0413_16:52:58 12 91.867 95.172
2024_0413_16:53:02 12 0.1 0.112
2024_0413_16:53:07 12 93.733 96.371
2024_0413_16:53:09 12 37.441 8.587
2024_0413_16:53:09 12 -0.662 0.559
2024_0413_16:53:10 12 -0.306 -0.12
2024_0413_16:53:12 12 49.552 90.297
2024_0413_16:53:13 12 87.072 96.716
2024_0413_16:53:13 12 -0.395 0.227
2024_0413_16:53:13 12 71.744 98.073
2024_0413_16:53:14 12 57.784 58.275
2024_0413_16:53:15 12 0.298 -0.37
2024_0413_16:53:16 12 0.12 0.018
2024_0413_16:53:17 12 47.458 49.082
2024_0413_16:53:17 12 -0.022 -0.231
2024_0413_16:53:18 12 98.731 91.603
2024_0413_16:53:21 12 50.736 48.178
2024_0413_16:53:25 12 85.767 94.307
2024_0413_16:53:30 12 -0.378 0.364
2024_0413_16:53:31 12 -0.363 -0.102
2024_0413_16:53:32 12 67.616 72.014
2024_0413_16:53:33 12 0.361 0.31
2024_0413_16:53:35 12 -0.173 -0.587
2024_0413_16:53:35 12 95.462 91.485
2024_0413_16:53:36 12 94.91 90.912
2024_0413_16:53:37 12 90.039 83.969
2024_0413_16:53:37 12 99.598 99.766
2024_0413_16:53:39 12 70.527 73.297
2024_0413_16:53:39 12 93.912 99.329
2024_0413_16:53:40 12 95.557 96.037
2024_0413_16:53:40 12 99.513 99.483
2024_0413_16:53:41 12 94.415 57.224
2024_0413_16:53:44 12 -0.057 0.228
2024_0413_16:53:48 12 -0.12 74.039
2024_0413_16:53:51 12 0.182 -0.231
2024_0413_16:53:52 12 48.7 49.423
2024_0413_16:53:54 12 88.819 83.459
2024_0413_16:53:55 12 -0.541 0.495
2024_0413_16:53:57 12 92.999 91.144
2024_0413_16:53:58 12 0.286 -0.486
2024_0413_16:53:58 12 0.323 -0.075
2024_0413_16:53:59 12 92.247 93.193
2024_0413_16:54:01 12 -0.331 0.238
2024_0413_16:54:01 12 87.229 81.803
2024_0413_16:54:02 12 -0.183 -0.052
2024_0413_16:54:02 12 99.538 99.558
2024_0413_16:54:04 12 93.187 96.478
2024_0413_16:54:04 12 29.369 24.385
2024_0413_16:54:05 12 -0.129 0.137
2024_0413_16:54:10 12 56.091 48.249
2024_0413_16:54:14 12 93.75 85.527
2024_0413_16:54:15 12 56.939 53.646
2024_0413_16:54:17 12 79.418 90.174
2024_0413_16:54:18 12 -0.386 0.307
2024_0413_16:54:19 12 -0.068 -0.003
2024_0413_16:54:21 12 89.871 81.784
2024_0413_16:54:21 12 97.441 99.541
2024_0413_16:54:23 12 96.678 96.079
2024_0413_16:54:24 12 81.696 99.103
2024_0413_16:54:24 12 49.997 99.996
2024_0413_16:54:25 12 -0.191 0.456
2024_0413_16:54:25 12 0.392 0.163
2024_0413_16:54:27 12 -0.269 -0.125
2024_0413_16:54:28 12 97.097 98.999
2024_0413_16:54:28 12 91.708 93.894
2024_0413_16:54:36 12 -49.996 49.994
2024_0413_16:54:37 12 83.347 85.333
2024_0413_16:54:39 12 0.21 -0.077
2024_0413_16:54:39 12 90.712 94.408
2024_0413_16:54:40 12 49.998 -49.997
2024_0413_16:54:40 12 78.728 84.354
2024_0413_16:54:44 13 90.587 97.923
2024_0413_16:54:45 13 -2.609 49.702
2024_0413_16:54:45 13 9.565 -9.772
2024_0413_16:54:47 13 0.082 0.625
2024_0413_16:54:48 13 68.642 66.347
2024_0413_16:54:48 13 91.958 76.495
2024_0413_16:54:49 13 0.028 -0.171
2024_0413_16:54:50 13 90.957 98.458
2024_0413_16:54:51 13 -24.904 25.129
2024_0413_16:54:58 13 0.555 0.429
2024_0413_16:55:02 13 -0.067 0.008
2024_0413_16:55:02 13 -1.427 8.285
2024_0413_16:55:03 13 10.263 -10.534
2024_0413_16:55:04 13 58.318 58.164
2024_0413_16:55:06 13 -0.006 -0.417
2024_0413_16:55:07 13 93.808 99.221
2024_0413_16:55:07 13 -0.967 -0.667
2024_0413_16:55:08 13 -1.044 -0.193
2024_0413_16:55:10 13 22.119 -0.087
2024_0413_16:55:11 13 -0.01 -0.623
2024_0413_16:55:12 13 0.099 92.041
2024_0413_16:55:13 13 99.39 23.415
2024_0413_16:55:13 13 94.086 91.862
2024_0413_16:55:13 13 80.408 91.159
2024_0413_16:55:20 13 91.299 49.462
2024_0413_16:55:21 13 97.393 92.596
2024_0413_16:55:24 13 0.645 -0.246
2024_0413_16:55:25 13 8.83 9.939
2024_0413_16:55:26 13 -0.056 -0.201
2024_0413_16:55:27 13 -49.614 49.708
2024_0413_16:55:29 13 42.287 44.117
2024_0413_16:55:30 13 48.329 48.231
2024_0413_16:55:30 13 0.069 0.327
2024_0413_16:55:31 13 23.492 68.75
2024_0413_16:55:34 13 0.262 -0.325
2024_0413_16:55:35 13 0.448 5.194
2024_0413_16:55:35 13 -0.418 0.276
2024_0413_16:55:38 13 0.258 -0.211
2024_0413_16:55:38 13 86.755 87.644
2024_0413_16:55:42 13 99.996 -49.999
2024_0413_16:55:45 13 49.262 49.253
2024_0413_16:55:46 13 4.544 4.189
2024_0413_16:55:49 13 0.502 -0.116
2024_0413_16:55:50 13 6.274 19.358
2024_0413_16:55:51 13 0.204 -0.032
2024_0413_16:55:53 13 0.019 -0.326
2024_0413_16:55:53 13 71.212 75.055
2024_0413_16:55:54 13 0.315 0.029
2024_0413_16:55:54 13 -0.113 72.391
2024_0413_16:55:54 13 0.0 -0.312
2024_0413_16:55:58 13 98.467 93.72
2024_0413_16:56:00 13 -0.626 0.213
2024_0413_16:56:02 13 14.06 14.418
2024_0413_16:56:03 13 0.286 0.164
2024_0413_16:56:05 13 96.415 99.083
2024_0413_16:56:06 13 0.12 0.132
2024_0413_16:56:09 13 91.628 91.966
2024_0413_16:56:09 13 94.335 94.168
2024_0413_16:56:11 13 49.997 49.996
2024_0413_16:56:14 13 89.058 95.938
2024_0413_16:56:14 13 58.651 6.322
2024_0413_16:56:15 13 0.444 -0.328
2024_0413_16:56:16 13 -1.048 48.124
2024_0413_16:56:16 13 0.566 0.358
2024_0413_16:56:17 13 66.596 73.633
2024_0413_16:56:20 13 -8.256 8.486
2024_0413_16:56:23 13 -0.053 0.175
2024_0413_16:56:24 13 0.122 -0.071
2024_0413_16:56:25 13 94.403 99.265
2024_0413_16:56:27 13 50.533 62.155
2024_0413_16:56:27 13 0.249 3.252
2024_0413_16:56:28 13 -99.998 49.998
2024_0413_16:56:32 13 26.491 1.936
2024_0413_16:56:32 13 93.445 94.484
2024_0413_16:56:38 13 0.402 0.056
2024_0413_16:56:38 13 99.152 93.23
2024_0413_16:56:39 13 -49.996 -49.998
2024_0413_16:56:39 13 50.337 46.463
2024_0413_16:56:39 13 -0.542 32.829
2024_0413_16:56:40 13 -0.418 -0.104
2024_0413_16:56:40 13 0.509 0.113
2024_0413_16:56:43 13 -10.119 9.573
2024_0413_16:56:46 13 32.77 30.716
2024_0413_16:56:49 13 0.111 0.554
2024_0413_16:56:49 13 89.586 88.709
2024_0413_16:56:49 13 -0.003 0.162
2024_0413_16:56:50 13 0.093 -0.334
2024_0413_16:56:52 13 -10.182 10.072
2024_0413_16:56:54 13 0.059 0.258
2024_0413_16:56:54 13 90.104 88.36
2024_0413_16:57:00 13 99.998 99.994
2024_0413_16:57:01 13 52.141 46.113
2024_0413_16:57:02 13 84.292 97.437
2024_0413_16:57:02 13 91.792 88.934
2024_0413_16:57:03 13 0.538 -0.297
2024_0413_16:57:04 13 86.234 82.181
2024_0413_16:57:05 13 95.02 98.323
2024_0413_16:57:06 13 15.382 16.681
2024_0413_16:57:09 13 -0.207 49.063
2024_0413_16:57:10 13 -0.566 37.234
2024_0413_16:57:11 13 0.115 0.086
2024_0413_16:57:13 13 94.566 92.451
2024_0413_16:57:14 13 1.257 1.917
2024_0413_16:57:14 13 0.37 -0.23
2024_0413_16:57:17 13 67.575 48.991
2024_0413_16:57:18 13 -0.229 -0.326
2024_0413_16:57:23 13 99.998 -99.998
2024_0413_16:57:24 13 40.211 51.698
2024_0413_16:57:24 13 0.15 0.278
2024_0413_16:57:25 13 47.921 35.096
2024_0413_16:57:27 13 95.631 93.792
2024_0413_16:57:27 13 -0.227 -0.644
2024_0413_16:57:28 13 0.281 -0.282
2024_0413_16:57:29 13 99.468 88.581
2024_0413_16:57:34 13 13.591 9.783
2024_0413_16:57:37 13 60.817 94.537
2024_0413_16:57:38 13 0.278 0.127
2024_0413_16:57:43 13 14.777 15.742
2024_0413_16:57:45 13 78.499 79.724
2024_0413_16:57:45 13 99.412 49.643
2024_0413_16:57:47 13 88.499 97.449
2024_0413_16:57:47 13 48.862 48.044
2024_0413_16:57:48 13 85.03 90.764
2024_0413_16:57:48 13 -0.174 49.372
2024_0413_16:57:51 13 4.427 2.3
2024_0413_16:57:53 13 96.11 -0.011
2024_0413_16:57:55 13 97.916 97.226
2024_0413_16:57:57 13 36.686 83.451
2024_0413_16:57:59 13 16.879 16.445
2024_0413_16:58:00 13 77.936 97.588
2024_0413_16:58:01 13 -0.105 -0.386
2024_0413_16:58:01 13 47.67 49.403
2024_0413_16:58:07 13 0.009 -0.133
2024_0413_16:58:08 13 0.099 -0.075
2024_0413_16:58:08 13 0.25 -0.363
2024_0413_16:58:09 13 99.64 99.465
2024_0413_16:58:09 13 0.083 0.066
2024_0413_16:58:11 13 -0.206 0.437
2024_0413_16:58:12 13 95.08 98.704
2024_0413_16:58:13 13 -0.398 -0.343
2024_0413_16:58:13 13 -0.006 -0.409
2024_0413_16:58:16 13 -0.268 0.318
2024_0413_16:58:17 13 0.088 0.386
2024_0413_16:58:20 13 0.019 -0.034
2024_0413_16:58:24 13 0.467 -0.215
2024_0413_16:58:24 13 -0.53 0.52
2024_0413_16:58:25 13 0.107 -0.095
2024_0413_16:58:27 13 91.107 62.268
2024_0413_16:58:30 13 -3.544 49.815
2024_0413_16:58:31 13 0.036 0.307
2024_0413_16:58:31 13 -0.64 0.319
2024_0413_16:58:33 13 86.35 47.674
2024_0413_16:58:34 13 80.187 76.783
2024_0413_16:58:35 13 0.133 0.374
2024_0413_16:58:36 13 47.643 47.967
2024_0413_16:58:38 13 -0.234 0.521
2024_0413_16:58:39 13 92.721 96.281
2024_0413_16:58:39 13 90.745 85.681
2024_0413_16:58:40 13 52.295 -52.336
2024_0413_16:58:43 13 74.381 87.071
2024_0413_16:58:46 13 -0.827 18.798
2024_0413_16:58:48 13 67.925 68.827
2024_0413_16:58:48 13 -0.016 0.007
2024_0413_16:58:49 13 -0.051 -0.011
2024_0413_16:58:52 13 99.305 99.436
2024_0413_16:58:54 13 90.344 98.612
2024_0413_16:58:54 13 -0.037 23.02
2024_0413_16:58:56 13 -33.504 33.573
2024_0413_16:58:58 13 93.573 94.704
2024_0413_16:58:59 13 10.018 10.413
2024_0413_16:59:00 13 0.083 0.024
2024_0413_16:59:00 13 33.031 48.898
2024_0413_16:59:01 13 49.237 49.26
2024_0413_16:59:03 13 99.132 96.05
2024_0413_16:59:03 13 76.347 75.047
2024_0413_16:59:07 13 7.321 7.608
2024_0413_16:59:08 14 -0.164 -0.12
2024_0413_16:59:11 14 48.883 48.864
2024_0413_16:59:12 14 7.566 6.441
2024_0413_16:59:14 14 0.002 -0.018
2024_0413_16:59:15 14 98.705 93.888
2024_0413_16:59:17 14 -0.009 -0.002
2024_0413_16:59:19 14 0.027 -0.094
2024_0413_16:59:19 14 79.109 86.697
2024_0413_16:59:22 14 -99.996 -49.998
2024_0413_16:59:22 14 0.071 76.361
2024_0413_16:59:25 14 -0.04 -0.942
2024_0413_16:59:26 14 92.089 96.11
2024_0413_16:59:26 14 0.379 0.12
2024_0413_16:59:27 14 88.155 72.408
2024_0413_16:59:29 14 0.023 -0.377
2024_0413_16:59:30 14 -0.021 -0.062
2024_0413_16:59:34 14 31.47 45.708
2024_0413_16:59:34 14 -0.065 -0.234
2024_0413_16:59:38 14 -0.018 -0.034
2024_0413_16:59:39 14 88.481 93.419
2024_0413_16:59:40 14 98.189 48.97
2024_0413_16:59:42 14 -0.346 0.133
2024_0413_16:59:44 14 -0.019 72.016
2024_0413_16:59:45 14 81.809 38.663
2024_0413_16:59:46 14 60.527 56.073
2024_0413_16:59:47 14 95.546 98.93
2024_0413_16:59:48 14 1.802 2.798
2024_0413_16:59:50 14 -0.107 0.011
2024_0413_16:59:51 14 99.996 -99.996
2024_0413_16:59:52 14 88.215 94.275
2024_0413_16:59:54 14 63.835 52.136
2024_0413_16:59:55 14 34.155 53.742
2024_0413_16:59:56 14 45.859 62.689
2024_0413_16:59:58 14 88.978 83.363
2024_0413_17:00:01 14 0.13 -0.028
2024_0413_17:00:02 14 24.786 49.32
2024_0413_17:00:03 14 64.142 80.406
2024_0413_17:00:05 14 0.458 0.109
2024_0413_17:00:08 14 0.002 -0.003
2024_0413_17:00:09 14 8.201 -8.261
2024_0413_17:00:10 14 85.808 46.733
2024_0413_17:00:12 14 0.125 0.541
2024_0413_17:00:13 14 -0.161 0.066
2024_0413_17:00:13 14 98.889 84.155
2024_0413_17:00:16 14 9.969 -10.428
2024_0413_17:00:16 14 -0.59 0.495
2024_0413_17:00:16 14 13.093 11.031
2024_0413_17:00:19 14 97.925 95.672
2024_0413_17:00:19 14 -0.091 0.403
2024_0413_17:00:22 14 10.808 74.775
2024_0413_17:00:24 14 0.148 -0.072
2024_0413_17:00:24 14 -99.997 -100.0
2024_0413_17:00:29 14 49.969 99.449
2024_0413_17:00:29 14 72.816 93.636
2024_0413_17:00:31 14 0.03 -0.062
2024_0413_17:00:32 14 -17.177 16.866
2024_0413_17:00:34 14 81.09 80.848
2024_0413_17:00:35 14 -10.022 9.82
2024_0413_17:00:35 14 99.539 99.25
2024_0413_17:00:36 14 91.447 99.251
2024_0413_17:00:40 14 94.969 40.204
2024_0413_17:00:41 14 94.362 38.719
2024_0413_17:00:42 14 -10.08 10.053
2024_0413_17:00:43 14 27.816 29.353
2024_0413_17:00:46 14 98.055 97.442
2024_0413_17:00:47 14 98.909 88.201
2024_0413_17:00:48 14 4.205 3.394
2024_0413_17:00:55 14 11.481 12.314
2024_0413_17:00:56 14 -0.116 0.046
2024_0413_17:00:57 14 89.766 95.961
2024_0413_17:00:57 14 -0.172 0.016
2024_0413_17:00:58 14 -0.07 -0.346
2024_0413_17:00:59 14 0.002 -0.019
2024_0413_17:01:00 14 81.112 73.303
2024_0413_17:01:01 14 93.974 68.724
2024_0413_17:01:03 14 39.612 46.164
2024_0413_17:01:04 14 13.334 26.457
2024_0413_17:01:07 14 65.749 74.611
2024_0413_17:01:07 14 0.172 -0.301
2024_0413_17:01:10 14 -0.001 0.291
2024_0413_17:01:11 14 89.518 91.13
2024_0413_17:01:12 14 78.382 80.15
2024_0413_17:01:12 14 7.178 7.555
2024_0413_17:01:18 14 0.856 -0.164
2024_0413_17:01:20 14 0.385 0.421
2024_0413_17:01:21 14 -19.968 20.118
2024_0413_17:01:22 14 98.906 93.682
2024_0413_17:01:22 14 99.996 -49.998
2024_0413_17:01:23 14 89.344 90.135
2024_0413_17:01:23 14 0.575 -0.136
2024_0413_17:01:23 14 0.072 0.301
2024_0413_17:01:27 14 0.624 0.33
2024_0413_17:01:28 14 0.192 0.026
2024_0413_17:01:30 14 97.651 96.43
2024_0413_17:01:33 14 11.409 33.571
2024_0413_17:01:33 14 0.302 -0.107
2024_0413_17:01:37 14 93.628 93.027
2024_0413_17:01:38 14 97.076 88.336
2024_0413_17:01:42 14 0.293 -0.313
2024_0413_17:01:44 14 44.449 40.488
2024_0413_17:01:45 14 24.65 44.495
2024_0413_17:01:45 14 -0.272 0.256
2024_0413_17:01:46 14 38.747 96.084
2024_0413_17:01:47 14 87.333 87.423
2024_0413_17:01:50 14 -33.606 33.676
2024_0413_17:01:51 14 1.578 0.257
2024_0413_17:01:52 14 -0.519 -0.114
2024_0413_17:01:55 14 -0.034 96.98
2024_0413_17:01:59 14 80.25 76.068
2024_0413_17:02:00 14 45.987 -7.518
2024_0413_17:02:00 14 76.918 49.835
2024_0413_17:02:00 14 -0.136 -0.486
2024_0413_17:02:02 14 38.326 1.965
2024_0413_17:02:03 14 92.959 98.733
2024_0413_17:02:06 14 53.317 55.124
2024_0413_17:02:08 14 59.758 -59.905
2024_0413_17:02:08 14 99.473 97.829
2024_0413_17:02:09 14 71.222 59.231
2024_0413_17:02:10 14 0.528 -0.108
2024_0413_17:02:11 14 96.685 99.036
2024_0413_17:02:15 14 85.257 81.289
2024_0413_17:02:21 14 95.893 54.873
2024_0413_17:02:23 14 45.191 93.551
2024_0413_17:02:23 14 -0.014 -0.759
2024_0413_17:02:23 14 1.424 2.905
2024_0413_17:02:24 14 58.128 72.871
2024_0413_17:02:24 14 -0.751 0.653
2024_0413_17:02:26 14 46.978 47.601
2024_0413_17:02:26 14 0.323 0.585
2024_0413_17:02:27 14 -0.133 0.124
2024_0413_17:02:30 14 0.307 0.013
2024_0413_17:02:32 14 71.06 99.524
2024_0413_17:02:32 14 -0.211 33.212
2024_0413_17:02:33 14 79.153 88.374
2024_0413_17:02:35 14 32.496 -0.023
2024_0413_17:02:36 14 88.95 48.822
2024_0413_17:02:38 14 95.287 83.582
2024_0413_17:02:46 14 96.965 22.973
2024_0413_17:02:46 14 99.625 99.37
2024_0413_17:02:47 14 -0.798 58.053
2024_0413_17:02:47 14 96.341 98.219
2024_0413_17:02:47 14 0.196 -0.166
2024_0413_17:02:48 14 -35.362 36.051
2024_0413_17:02:50 14 44.924 16.471
2024_0413_17:02:51 14 0.869 0.059
2024_0413_17:02:51 14 92.626 49.556
2024_0413_17:02:54 14 56.34 58.298
2024_0413_17:02:57 14 -0.034 -0.478
2024_0413_17:02:57 14 46.838 18.753
2024_0413_17:02:58 14 94.774 61.175
2024_0413_17:03:00 14 91.183 80.939
2024_0413_17:03:01 14 44.538 -0.091
2024_0413_17:03:09 14 90.93 84.437
2024_0413_17:03:10 14 -8.748 8.44
2024_0413_17:03:11 14 71.792 -0.096
2024_0413_17:03:11 14 44.926 45.174
2024_0413_17:03:13 14 -33.549 33.612
2024_0413_17:03:13 14 -49.999 99.994
2024_0413_17:03:14 14 94.426 92.751
2024_0413_17:03:15 14 49.933 11.028
2024_0413_17:03:15 14 0.055 0.043
2024_0413_17:03:15 14 0.045 0.217
2024_0413_17:03:19 14 -0.115 0.142
2024_0413_17:03:20 14 84.285 45.935
2024_0413_17:03:24 14 78.717 63.593
2024_0413_17:03:26 14 78.497 88.549
2024_0413_17:03:28 14 2.74 38.676
2024_0413_17:03:33 15 95.841 90.24
2024_0413_17:03:34 15 93.288 95.322
2024_0413_17:03:34 14 -0.092 0.108
2024_0413_17:03:36 15 97.522 98.925
2024_0413_17:03:36 15 76.204 68.382
2024_0413_17:03:37 15 38.704 41.532
2024_0413_17:03:37 15 -0.327 -0.019
2024_0413_17:03:38 15 0.161 0.371
2024_0413_17:03:38 15 -0.305 -0.55
2024_0413_17:03:38 15 12.132 20.6
2024_0413_17:03:42 15 96.376 98.487
2024_0413_17:03:43 15 84.033 69.282
2024_0413_17:03:43 15 7.267 5.932
2024_0413_17:03:50 15 34.498 36.564
2024_0413_17:03:50 15 17.749 9.292
2024_0413_17:03:55 15 84.868 90.389
2024_0413_17:03:56 15 -0.064 0.019
2024_0413_17:03:57 15 87.836 76.031
2024_0413_17:03:59 15 65.694 82.272
2024_0413_17:03:59 15 21.673 7.304
2024_0413_17:04:02 15 23.479 22.959
2024_0413_17:04:03 15 84.083 76.722
2024_0413_17:04:03 15 41.197 -0.731
2024_0413_17:04:04 15 49.638 44.852
2024_0413_17:04:04 15 89.764 72.248
2024_0413_17:04:04 15 7.664 9.281
2024_0413_17:04:05 15 0.232 -0.184
2024_0413_17:04:17 15 0.252 -0.341
2024_0413_17:04:19 15 9.643 -10.118
2024_0413_17:04:19 15 86.09 87.963
2024_0413_17:04:21 15 0.221 -0.483
2024_0413_17:04:22 15 0.353 0.073
2024_0413_17:04:22 15 84.707 71.281
2024_0413_17:04:22 15 96.63 93.486
2024_0413_17:04:22 15 -0.582 0.168
2024_0413_17:04:25 15 39.708 29.869
2024_0413_17:04:25 15 24.089 98.439
2024_0413_17:04:27 15 45.297 -17.259
2024_0413_17:04:28 15 12.26 -12.1
2024_0413_17:04:28 15 86.563 93.165
2024_0413_17:04:29 15 69.938 90.311
2024_0413_17:04:33 15 33.679 -19.892
2024_0413_17:04:35 15 0.305 -6.813
2024_0413_17:04:43 15 -0.172 0.035
2024_0413_17:04:43 15 84.124 91.732
2024_0413_17:04:45 15 15.965 65.515
2024_0413_17:04:46 15 95.315 49.568
2024_0413_17:04:46 15 99.545 96.963
2024_0413_17:04:46 15 74.045 55.8
2024_0413_17:04:47 15 95.38 88.896
2024_0413_17:04:49 15 0.19 0.322
2024_0413_17:04:49 15 7.925 -7.938
2024_0413_17:04:50 15 72.691 92.358
2024_0413_17:04:53 15 -8.302 8.428
2024_0413_17:04:54 15 96.921 95.748
2024_0413_17:04:55 15 0.326 0.331
2024_0413_17:04:58 15 0.207 -0.497
2024_0413_17:04:59 15 26.326 0.451
2024_0413_17:05:07 15 -0.591 -0.277
2024_0413_17:05:07 15 24.152 89.969
2024_0413_17:05:08 15 95.113 97.089
2024_0413_17:05:09 15 77.448 97.881
2024_0413_17:05:10 15 99.437 95.6
2024_0413_17:05:10 15 73.76 75.254
2024_0413_17:05:11 15 0.601 -0.118
2024_0413_17:05:11 15 97.181 73.196
2024_0413_17:05:12 15 91.773 74.961
2024_0413_17:05:14 15 87.847 96.081
2024_0413_17:05:14 15 92.613 87.32
2024_0413_17:05:19 15 57.797 53.533
2024_0413_17:05:19 15 27.905 31.42
2024_0413_17:05:22 15 8.775 9.941
2024_0413_17:05:23 15 66.751 66.067
2024_0413_17:05:25 15 -3.532 2.443
2024_0413_17:05:32 15 79.995 48.583
2024_0413_17:05:32 15 -0.103 0.805
2024_0413_17:05:33 15 55.826 56.725
2024_0413_17:05:33 15 1.861 -2.475
2024_0413_17:05:34 15 -0.587 49.157
2024_0413_17:05:34 15 71.181 66.99
2024_0413_17:05:37 15 6.065 6.572
2024_0413_17:05:38 15 94.661 96.252
2024_0413_17:05:44 15 -9.789 9.894
2024_0413_17:05:45 15 96.783 86.677
2024_0413_17:05:45 15 -0.159 -0.233
2024_0413_17:05:46 15 0.264 -0.31
2024_0413_17:05:48 15 24.054 28.172
2024_0413_17:05:53 15 49.999 -99.994
2024_0413_17:05:53 15 -0.124 -0.202
2024_0413_17:05:54 15 96.169 78.138
2024_0413_17:05:55 15 -0.099 -0.068
2024_0413_17:05:55 15 98.793 97.42
2024_0413_17:05:56 15 0.199 0.008
2024_0413_17:05:56 15 -99.993 99.997
2024_0413_17:05:58 15 0.358 0.22
2024_0413_17:06:01 15 49.412 55.175
2024_0413_17:06:05 15 -0.16 49.942
2024_0413_17:06:07 15 95.463 75.818
2024_0413_17:06:08 15 96.65 95.755
2024_0413_17:06:09 15 38.07 39.048
2024_0413_17:06:10 15 49.212 94.15
2024_0413_17:06:13 15 45.836 47.21
2024_0413_17:06:17 15 99.254 84.747
2024_0413_17:06:17 15 47.852 92.609
2024_0413_17:06:17 15 0.004 0.045
2024_0413_17:06:17 15 -99.997 49.998
2024_0413_17:06:20 15 -9.914 10.346
2024_0413_17:06:21 15 93.43 94.512
2024_0413_17:06:21 15 -0.013 -0.102
2024_0413_17:06:21 15 3.216 -0.367
2024_0413_17:06:24 15 90.479 81.106
2024_0413_17:06:26 15 0.293 0.14
2024_0413_17:06:30 15 -12.545 49.782
2024_0413_17:06:32 15 86.902 94.602
2024_0413_17:06:33 15 -0.304 -0.328
2024_0413_17:06:36 15 12.787 -12.269
2024_0413_17:06:38 15 -0.108 0.349
2024_0413_17:06:39 15 48.72 93.814
2024_0413_17:06:40 15 87.234 99.205
2024_0413_17:06:41 15 0.24 -0.385
2024_0413_17:06:41 15 0.649 0.092
2024_0413_17:06:43 15 20.389 40.176
2024_0413_17:06:44 15 -10.811 42.847
2024_0413_17:06:45 15 -0.066 0.174
2024_0413_17:06:46 15 63.706 72.628
2024_0413_17:06:47 15 -0.093 -0.137
2024_0413_17:06:51 15 33.973 32.143
2024_0413_17:06:52 15 82.162 83.687
2024_0413_17:06:53 15 100.0 -100.0
2024_0413_17:06:56 15 34.835 39.3
2024_0413_17:07:01 15 -0.347 -0.074
2024_0413_17:07:01 15 -99.998 -99.998
2024_0413_17:07:03 15 -0.338 0.279
2024_0413_17:07:03 15 -0.484 0.201
2024_0413_17:07:04 15 99.837 8.254
2024_0413_17:07:05 15 98.416 93.371
2024_0413_17:07:06 15 0.354 0.084
2024_0413_17:07:09 15 93.023 98.913
2024_0413_17:07:10 15 1.519 1.972
2024_0413_17:07:13 15 96.697 97.841
2024_0413_17:07:14 15 0.224 -0.015
2024_0413_17:07:16 15 97.49 47.238
2024_0413_17:07:18 15 76.411 80.845
2024_0413_17:07:21 15 79.128 76.802
2024_0413_17:07:21 15 91.398 88.669
2024_0413_17:07:25 16 9.934 -9.751
2024_0413_17:07:25 16 -6.395 55.248
2024_0413_17:07:27 16 87.396 97.098
2024_0413_17:07:28 16 15.56 11.154
2024_0413_17:07:28 16 -0.212 0.13
2024_0413_17:07:29 16 83.865 81.362
2024_0413_17:07:34 16 10.782 10.123
2024_0413_17:07:34 16 76.551 74.113
2024_0413_17:07:38 16 20.033 -19.707
2024_0413_17:07:39 16 99.423 95.745
2024_0413_17:07:40 16 -9.943 10.032
2024_0413_17:07:41 16 47.61 4.707
2024_0413_17:07:41 16 0.079 -0.538
2024_0413_17:07:45 16 96.055 79.853
2024_0413_17:07:45 16 0.288 -0.1
2024_0413_17:07:46 16 18.748 -15.829
2024_0413_17:07:51 16 98.451 98.621
2024_0413_17:07:51 16 59.051 -0.352
2024_0413_17:07:52 16 50.14 77.21
2024_0413_17:07:53 16 15.551 -16.707
2024_0413_17:07:54 16 42.133 86.068
2024_0413_17:07:58 16 57.692 63.536
2024_0413_17:07:59 16 93.004 94.204
2024_0413_17:07:59 16 -0.146 -0.667
2024_0413_17:08:01 16 16.646 -16.994
2024_0413_17:08:03 16 99.219 99.096
2024_0413_17:08:03 16 55.922 66.44
2024_0413_17:08:05 16 -0.518 -0.329
2024_0413_17:08:07 16 91.148 99.454
2024_0413_17:08:10 16 0.492 -0.026
2024_0413_17:08:12 16 46.299 87.756
2024_0413_17:08:12 16 0.214 -0.112
2024_0413_17:08:12 16 48.845 90.807
2024_0413_17:08:16 16 16.746 -16.778
2024_0413_17:08:21 16 47.414 92.977
2024_0413_17:08:22 16 16.668 -16.736
2024_0413_17:08:22 16 99.053 98.367
2024_0413_17:08:23 16 -27.157 65.205
2024_0413_17:08:25 16 -0.146 -0.275
2024_0413_17:08:25 16 89.627 84.403
2024_0413_17:08:27 16 -6.506 6.629
2024_0413_17:08:29 16 37.679 16.137
2024_0413_17:08:29 16 0.665 0.139
2024_0413_17:08:32 16 -0.38 0.017
2024_0413_17:08:34 16 0.073 -0.661
2024_0413_17:08:35 16 83.216 96.478
2024_0413_17:08:36 16 7.307 -11.336
2024_0413_17:08:37 16 0.598 -0.538
2024_0413_17:08:41 16 96.904 84.205
2024_0413_17:08:45 16 74.079 76.435
2024_0413_17:08:46 16 -0.161 -0.213
2024_0413_17:08:46 16 17.053 16.757
2024_0413_17:08:49 16 0.089 0.142
2024_0413_17:08:49 16 -0.071 25.681
2024_0413_17:08:49 16 86.585 82.171
2024_0413_17:08:50 16 80.27 84.248
2024_0413_17:08:52 16 -0.926 1.7
2024_0413_17:08:54 16 81.297 88.331
2024_0413_17:08:54 16 -0.144 0.085
2024_0413_17:08:58 16 66.52 60.903
2024_0413_17:08:59 16 77.223 96.71
2024_0413_17:09:00 16 -0.1 -0.15
2024_0413_17:09:01 16 0.402 -0.723
2024_0413_17:09:01 16 96.385 86.587
2024_0413_17:09:08 16 78.99 80.95
2024_0413_17:09:09 16 99.112 81.282
2024_0413_17:09:10 16 45.851 29.745
2024_0413_17:09:12 16 -0.042 -0.021
2024_0413_17:09:12 16 41.713 96.838
2024_0413_17:09:12 16 -10.075 9.932
2024_0413_17:09:14 16 63.292 43.869
2024_0413_17:09:15 16 37.341 10.868
2024_0413_17:09:16 16 0.166 -0.046
2024_0413_17:09:18 16 48.205 87.563
2024_0413_17:09:18 16 98.741 93.531
2024_0413_17:09:22 16 42.408 -2.611
2024_0413_17:09:22 16 25.0 -22.279
2024_0413_17:09:23 16 33.31 33.067
2024_0413_17:09:25 16 87.245 49.224
2024_0413_17:09:32 16 79.794 94.274
2024_0413_17:09:33 16 99.401 99.307
2024_0413_17:09:34 16 47.262 49.823
2024_0413_17:09:36 16 95.197 94.239
2024_0413_17:09:37 16 -0.169 0.227
2024_0413_17:09:37 16 -0.203 26.978
2024_0413_17:09:38 16 -0.104 0.278
2024_0413_17:09:39 16 92.775 86.028
2024_0413_17:09:43 16 99.677 99.571
2024_0413_17:09:45 16 -99.998 49.999
2024_0413_17:09:46 16 -0.297 -0.466
2024_0413_17:09:47 16 0.598 0.06
2024_0413_17:09:50 16 10.094 -10.161
2024_0413_17:09:51 16 93.738 88.75
2024_0413_17:09:53 16 93.616 99.072
2024_0413_17:09:57 16 0.745 -0.014
2024_0413_17:09:59 16 0.225 -0.564
2024_0413_17:09:59 16 96.078 49.983
2024_0413_17:10:01 16 -16.638 16.572
2024_0413_17:10:02 16 -8.891 8.243
2024_0413_17:10:06 16 -49.999 -49.999
2024_0413_17:10:06 16 91.508 -0.012
2024_0413_17:10:07 16 94.422 99.081
2024_0413_17:10:10 16 29.557 29.531
2024_0413_17:10:13 16 93.22 98.626
2024_0413_17:10:15 16 53.806 56.652
2024_0413_17:10:17 16 7.658 5.348
2024_0413_17:10:18 16 67.286 39.709
2024_0413_17:10:20 16 0.379 0.024
2024_0413_17:10:20 16 57.644 60.212
2024_0413_17:10:21 16 1.409 1.79
2024_0413_17:10:21 16 43.786 -0.093
2024_0413_17:10:22 16 -0.16 0.101
2024_0413_17:10:23 16 99.994 99.998
2024_0413_17:10:24 16 16.377 15.675
2024_0413_17:10:30 16 9.993 10.791
2024_0413_17:10:31 16 72.343 98.958
2024_0413_17:10:31 17 0.013 0.007
2024_0413_17:10:35 17 -0.393 0.143
2024_0413_17:10:38 17 92.204 93.368
2024_0413_17:10:39 17 -0.013 0.428
2024_0413_17:10:42 17 98.775 94.454
2024_0413_17:10:44 17 47.83 43.705
2024_0413_17:10:45 17 0.444 36.3
2024_0413_17:10:45 17 98.815 94.861
2024_0413_17:10:45 17 38.918 41.471
2024_0413_17:10:45 17 87.003 87.946
2024_0413_17:10:46 17 19.435 14.667
2024_0413_17:10:51 17 91.267 92.315
2024_0413_17:10:55 17 94.5 96.415
2024_0413_17:10:55 17 0.016 0.006
2024_0413_17:10:58 17 30.789 52.321
2024_0413_17:10:58 17 85.644 85.002
2024_0413_17:11:01 17 -0.019 0.004
2024_0413_17:11:03 17 69.212 46.226
2024_0413_17:11:03 17 9.175 5.656
2024_0413_17:11:04 17 -0.021 -0.047
2024_0413_17:11:09 17 91.888 97.281
2024_0413_17:11:10 17 20.265 19.273
2024_0413_17:11:11 17 0.153 -0.223
2024_0413_17:11:12 17 39.904 -40.048
2024_0413_17:11:12 17 90.668 91.321
2024_0413_17:11:13 17 7.253 1.154
2024_0413_17:11:18 17 0.018 -0.055
2024_0413_17:11:18 17 -0.084 0.011
2024_0413_17:11:19 17 65.29 88.064
2024_0413_17:11:20 17 -0.247 0.383
2024_0413_17:11:24 17 17.823 72.023
2024_0413_17:11:26 17 -6.965 5.964
2024_0413_17:11:28 17 -10.628 63.245
2024_0413_17:11:28 17 -0.114 -0.307
2024_0413_17:11:28 17 49.788 33.147
2024_0413_17:11:33 17 -49.795 49.94
2024_0413_17:11:33 17 92.103 37.457
2024_0413_17:11:37 17 57.167 83.618
2024_0413_17:11:37 17 11.676 12.343
2024_0413_17:11:39 17 57.619 80.651
2024_0413_17:11:40 17 22.317 14.848
2024_0413_17:11:42 17 39.843 -39.513
2024_0413_17:11:42 17 67.373 66.495
2024_0413_17:11:46 17 -0.006 -0.047
2024_0413_17:11:48 17 48.897 44.958
2024_0413_17:11:51 17 49.056 85.805
2024_0413_17:11:51 17 77.967 75.505
2024_0413_17:11:55 17 0.006 0.309
2024_0413_17:11:56 17 47.717 93.919
2024_0413_17:11:57 17 60.151 66.336
2024_0413_17:11:59 17 92.092 85.814
2024_0413_17:12:00 17 -0.016 7.899
2024_0413_17:12:00 17 -0.545 26.755
2024_0413_17:12:01 17 48.284 84.615
2024_0413_17:12:03 17 63.142 64.715
2024_0413_17:12:05 17 32.427 31.322
2024_0413_17:12:06 17 -0.071 -0.203
2024_0413_17:12:07 17 13.991 -5.993
2024_0413_17:12:09 17 83.634 81.068
2024_0413_17:12:09 17 78.429 63.153
2024_0413_17:12:15 17 -0.301 0.198
2024_0413_17:12:19 17 -8.391 24.147
2024_0413_17:12:21 17 88.58 84.318
2024_0413_17:12:21 17 48.172 99.478
2024_0413_17:12:21 17 9.539 -10.213
2024_0413_17:12:21 17 -0.236 -0.19
2024_0413_17:12:24 17 76.283 71.585
2024_0413_17:12:24 17 2.823 -2.494
2024_0413_17:12:27 17 25.586 19.672
2024_0413_17:12:29 17 -100.0 -99.996
2024_0413_17:12:31 17 97.728 96.422
2024_0413_17:12:32 17 99.129 98.983
2024_0413_17:12:33 17 0.253 0.268
2024_0413_17:12:34 17 90.272 98.496
2024_0413_17:12:34 17 94.973 95.392
2024_0413_17:12:35 17 37.077 81.977
2024_0413_17:12:44 17 87.209 94.332
2024_0413_17:12:46 17 0.257 -0.219
2024_0413_17:12:47 17 12.451 10.847
2024_0413_17:12:50 17 30.619 12.327
2024_0413_17:12:52 17 71.376 66.946
2024_0413_17:12:53 17 -0.095 -0.168
2024_0413_17:12:53 17 22.616 1.946
2024_0413_17:12:54 17 72.498 71.628
2024_0413_17:12:56 17 0.387 -0.054
2024_0413_17:12:57 17 -0.039 0.13
2024_0413_17:12:57 17 59.641 59.216
2024_0413_17:12:58 17 -20.101 19.846
2024_0413_17:12:58 17 95.637 85.377
2024_0413_17:13:07 17 99.086 89.751
2024_0413_17:13:07 17 93.1 96.422
2024_0413_17:13:08 17 15.518 16.61
2024_0413_17:13:09 17 10.263 -9.595
2024_0413_17:13:11 17 -7.856 9.088
2024_0413_17:13:16 17 -1.365 0.176
2024_0413_17:13:18 17 -8.05 8.122
2024_0413_17:13:19 17 -0.044 -0.015
2024_0413_17:13:20 17 12.756 -12.172
2024_0413_17:13:21 17 -5.632 5.482
2024_0413_17:13:21 17 0.288 0.471
2024_0413_17:13:21 17 38.327 43.359
2024_0413_17:13:21 17 0.005 -0.519
2024_0413_17:13:21 17 49.321 99.225
2024_0413_17:13:22 17 0.36 -0.571
2024_0413_17:13:25 17 64.477 81.937
2024_0413_17:13:30 17 95.299 89.536
2024_0413_17:13:33 17 0.059 -0.036
2024_0413_17:13:33 17 -9.684 15.211
2024_0413_17:13:35 17 -24.966 25.25
2024_0413_17:13:36 17 0.033 0.083
2024_0413_17:13:43 17 -0.023 -0.402
2024_0413_17:13:43 17 0.164 -0.014
2024_0413_17:13:43 17 82.117 81.096
2024_0413_17:13:44 17 0.179 0.358
2024_0413_17:13:45 17 10.643 20.126
2024_0413_17:13:45 17 -10.149 9.833
2024_0413_17:13:46 17 0.279 -0.119
2024_0413_17:13:51 17 35.352 48.676
2024_0413_17:13:58 17 -12.318 16.428
2024_0413_17:13:58 17 80.937 90.843
2024_0413_17:13:59 17 -0.582 0.146
2024_0413_17:14:00 17 11.774 9.677
2024_0413_17:14:00 17 -0.325 -0.131
2024_0413_17:14:06 17 92.952 75.602
2024_0413_17:14:07 17 -0.115 -0.566
2024_0413_17:14:07 17 -0.415 0.214
2024_0413_17:14:09 17 60.435 57.408
2024_0413_17:14:09 17 0.382 0.941
2024_0413_17:14:09 17 0.225 -0.383
2024_0413_17:14:10 17 77.599 87.675
2024_0413_17:14:10 17 8.462 8.65
2024_0413_17:14:11 17 0.033 0.374
2024_0413_17:14:13 18 98.158 98.333
2024_0413_17:14:13 17 28.94 27.971
2024_0413_17:14:21 18 23.678 15.335
2024_0413_17:14:21 18 87.463 88.339
2024_0413_17:14:25 18 57.643 50.941
2024_0413_17:14:26 18 75.041 93.476
2024_0413_17:14:30 18 -0.12 -0.044
2024_0413_17:14:33 18 75.178 83.022
2024_0413_17:14:33 18 -15.147 15.852
2024_0413_17:14:33 18 -49.998 49.999
2024_0413_17:14:34 18 -0.199 -0.007
2024_0413_17:14:37 18 93.694 86.592
2024_0413_17:14:37 18 99.246 98.206
2024_0413_17:14:37 18 43.824 -43.133
2024_0413_17:14:38 18 99.477 98.89
2024_0413_17:14:40 18 8.805 10.384
2024_0413_17:14:43 18 33.832 49.643
2024_0413_17:14:45 18 33.278 -1.917
2024_0413_17:14:45 18 70.631 49.856
2024_0413_17:14:47 18 99.238 49.37
2024_0413_17:14:50 18 49.95 -0.224
2024_0413_17:14:55 18 75.258 80.039
2024_0413_17:14:57 18 0.072 0.697
2024_0413_17:14:59 18 -0.196 17.563
2024_0413_17:15:00 18 9.861 15.585
2024_0413_17:15:01 18 0.982 0.416
2024_0413_17:15:02 18 72.743 83.484
2024_0413_17:15:05 18 61.835 83.711
2024_0413_17:15:06 18 13.018 11.215
2024_0413_17:15:06 18 12.083 8.108
2024_0413_17:15:07 18 0.646 0.607
2024_0413_17:15:08 18 47.572 90.023
2024_0413_17:15:11 18 45.3 53.514
2024_0413_17:15:11 18 66.341 48.59
2024_0413_17:15:12 18 40.824 47.866
2024_0413_17:15:12 18 -7.902 27.818
2024_0413_17:15:16 18 98.018 99.535
2024_0413_17:15:21 18 0.302 -0.092
2024_0413_17:15:21 18 88.823 88.894
2024_0413_17:15:27 18 -9.911 10.024
2024_0413_17:15:27 18 50.691 66.18
2024_0413_17:15:30 18 -0.215 0.332
2024_0413_17:15:31 18 -0.223 0.006
2024_0413_17:15:31 18 0.171 -0.128
2024_0413_17:15:34 18 20.686 -8.472
2024_0413_17:15:34 18 -0.269 0.037
2024_0413_17:15:36 18 80.002 82.96
2024_0413_17:15:37 18 0.07 0.144
2024_0413_17:15:39 18 -0.482 9.524
2024_0413_17:15:41 18 65.15 0.778
2024_0413_17:15:42 18 80.785 80.591
2024_0413_17:15:43 18 90.962 78.301
2024_0413_17:15:47 18 91.209 91.948
2024_0413_17:15:51 18 -0.04 -0.04
2024_0413_17:15:51 18 78.176 85.134
2024_0413_17:15:55 18 -0.211 -0.249
2024_0413_17:15:57 18 89.034 91.015
2024_0413_17:15:58 18 42.322 43.384
2024_0413_17:15:58 18 0.34 0.617
2024_0413_17:15:58 18 42.795 40.769
2024_0413_17:15:59 18 82.431 99.32
2024_0413_17:16:02 18 0.154 0.13
2024_0413_17:16:06 18 0.278 0.486
2024_0413_17:16:07 18 20.573 -0.251
2024_0413_17:16:08 18 -7.152 49.909
2024_0413_17:16:08 18 26.634 19.641
2024_0413_17:16:10 18 -0.101 0.115
2024_0413_17:16:12 18 -1.707 22.537
2024_0413_17:16:16 18 86.225 55.363
2024_0413_17:16:16 18 -16.446 48.515
2024_0413_17:16:17 18 0.165 0.174
2024_0413_17:16:20 18 -2.566 27.033
2024_0413_17:16:20 18 -49.996 -99.999
2024_0413_17:16:21 18 9.841 12.54
2024_0413_17:16:22 18 44.471 38.571
2024_0413_17:16:29 18 0.422 0.403
2024_0413_17:16:31 18 91.973 99.006
2024_0413_17:16:31 18 -0.181 -0.26
2024_0413_17:16:33 18 27.105 41.105
2024_0413_17:16:33 18 97.876 95.371
2024_0413_17:16:35 18 91.231 98.269
2024_0413_17:16:35 18 84.581 60.714
2024_0413_17:16:41 18 -33.676 43.605
2024_0413_17:16:41 18 -0.101 0.057
2024_0413_17:16:42 18 52.196 60.441
2024_0413_17:16:42 18 89.416 63.001
2024_0413_17:16:43 18 -12.362 12.337
2024_0413_17:16:44 18 49.989 50.397
2024_0413_17:16:45 18 69.959 96.516
2024_0413_17:16:46 18 -20.427 20.061
2024_0413_17:16:49 18 0.423 0.032
2024_0413_17:16:53 18 74.528 84.694
2024_0413_17:16:56 18 -0.076 -0.421
2024_0413_17:16:58 18 93.341 85.255
2024_0413_17:16:58 18 15.94 15.739
2024_0413_17:16:58 18 -12.532 12.826
2024_0413_17:17:05 18 18.278 18.873
2024_0413_17:17:07 18 89.529 99.364
2024_0413_17:17:08 18 -2.629 2.457
2024_0413_17:17:08 18 94.362 49.099
2024_0413_17:17:09 18 2.783 3.695
2024_0413_17:17:09 18 -99.99 0.0
2024_0413_17:17:10 18 23.706 31.267
2024_0413_17:17:10 18 49.197 98.711
2024_0413_17:17:11 18 -0.128 18.35
2024_0413_17:17:15 18 0.682 -0.018
2024_0413_17:17:20 18 96.55 96.579
2024_0413_17:17:20 18 70.453 66.25
2024_0413_17:17:21 18 -0.049 0.042
2024_0413_17:17:23 18 39.498 36.734
2024_0413_17:17:25 18 -1.786 49.704
2024_0413_17:17:29 18 99.442 99.412
2024_0413_17:17:33 18 -0.961 -0.15
2024_0413_17:17:33 18 -0.459 0.457
2024_0413_17:17:34 18 10.297 -10.364
2024_0413_17:17:35 18 92.951 87.119
2024_0413_17:17:36 18 0.069 0.092
2024_0413_17:17:38 18 16.472 15.1
2024_0413_17:17:40 18 85.617 92.814
2024_0413_17:17:43 18 20.12 13.024
2024_0413_17:17:44 18 87.109 99.321
2024_0413_17:17:44 18 11.906 14.217
2024_0413_17:17:46 18 54.351 50.779
2024_0413_17:17:47 18 2.825 6.256
2024_0413_17:17:49 18 -49.998 49.997
2024_0413_17:17:53 18 98.568 99.146
2024_0413_17:17:55 18 23.795 27.076
2024_0413_17:17:56 18 99.996 -99.996
2024_0413_17:17:58 18 9.233 9.098
2024_0413_17:18:01 18 0.31 0.005
2024_0413_17:18:01 18 89.217 89.623
2024_0413_17:18:04 18 99.545 95.098
2024_0413_17:18:05 18 10.627 -5.989
2024_0413_17:18:08 18 0.204 0.373
2024_0413_17:18:10 18 -0.151 0.488
2024_0413_17:18:10 18 49.971 56.029
2024_0413_17:18:10 18 6.054 2.274
2024_0413_17:18:11 18 0.03 0.047
2024_0413_17:18:11 18 40.787 85.965
2024_0413_17:18:13 18 22.878 -7.313
2024_0413_17:18:21 18 90.554 88.648
2024_0413_17:18:22 18 38.141 -0.575
2024_0413_17:18:23 18 1.096 -0.091
2024_0413_17:18:25 18 -0.205 0.143
2024_0413_17:18:25 18 0.254 -0.083
2024_0413_17:18:28 18 0.271 0.378
2024_0413_17:18:30 18 -1.987 0.802
2024_0413_17:18:31 18 -0.146 0.611
2024_0413_17:18:31 18 42.421 62.975
2024_0413_17:18:33 19 -0.532 0.116
2024_0413_17:18:36 18 89.415 90.075
2024_0413_17:18:37 19 15.42 3.263
2024_0413_17:18:37 18 95.086 92.815
2024_0413_17:18:46 19 -0.033 0.522
2024_0413_17:18:48 19 94.615 77.353
2024_0413_17:18:49 19 91.837 79.624
2024_0413_17:18:50 19 90.557 94.142
2024_0413_17:18:53 18 0.091 -0.283
2024_0413_17:18:54 19 -0.923 1.152
2024_0413_17:18:56 19 76.461 48.107
2024_0413_17:18:58 19 89.607 42.969
2024_0413_17:18:58 19 51.651 63.958
2024_0413_17:18:58 19 96.958 87.275
2024_0413_17:18:59 19 -13.95 13.954
2024_0413_17:19:01 19 -0.08 -0.19
2024_0413_17:19:03 19 -0.014 0.232
2024_0413_17:19:04 19 -0.008 0.009
2024_0413_17:19:04 19 0.051 -0.356
2024_0413_17:19:06 19 -0.066 -0.649
2024_0413_17:19:13 19 0.787 -0.452
2024_0413_17:19:13 19 0.607 -0.32
2024_0413_17:19:14 19 -9.175 10.285
2024_0413_17:19:16 19 -0.222 -0.628
2024_0413_17:19:19 19 92.955 49.369
2024_0413_17:19:23 19 0.119 0.533
2024_0413_17:19:24 19 -0.682 -0.324
2024_0413_17:19:27 19 -0.201 -0.445
2024_0413_17:19:27 19 95.305 79.151
2024_0413_17:19:29 19 24.66 69.956
2024_0413_17:19:29 19 60.004 76.803
2024_0413_17:19:31 19 49.812 44.836
2024_0413_17:19:32 19 -0.126 -0.089
2024_0413_17:19:37 19 -0.193 0.122
2024_0413_17:19:40 19 25.289 -1.16
2024_0413_17:19:42 19 60.086 53.087
2024_0413_17:19:43 19 19.366 -19.474
2024_0413_17:19:43 19 59.062 51.983
2024_0413_17:19:47 19 2.255 2.67
2024_0413_17:19:49 19 0.086 0.337
2024_0413_17:19:50 19 0.939 0.136
2024_0413_17:19:52 19 6.711 4.322
2024_0413_17:19:53 19 0.082 0.06
2024_0413_17:19:58 19 2.018 -2.308
2024_0413_17:19:59 19 10.33 -6.548
2024_0413_17:20:03 19 16.678 -16.728
2024_0413_17:20:04 19 5.15 5.506
2024_0413_17:20:06 19 16.14 -16.802
2024_0413_17:20:06 19 45.697 45.168
2024_0413_17:20:08 19 6.982 7.852
2024_0413_17:20:09 19 0.201 0.207
2024_0413_17:20:12 19 2.378 -2.59
2024_0413_17:20:13 19 -0.003 77.536
2024_0413_17:20:14 19 92.17 94.019
2024_0413_17:20:17 19 -0.485 0.1
2024_0413_17:20:20 19 97.01 50.001
2024_0413_17:20:20 19 -1.168 49.95
2024_0413_17:20:21 19 -0.193 0.183
2024_0413_17:20:23 19 -0.543 6.712
2024_0413_17:20:24 19 71.96 50.519
2024_0413_17:20:28 19 0.251 0.462
2024_0413_17:20:29 19 94.768 77.822
2024_0413_17:20:29 19 79.267 72.257
2024_0413_17:20:31 19 97.839 79.021
2024_0413_17:20:35 19 8.974 7.357
2024_0413_17:20:37 19 11.688 7.411
2024_0413_17:20:40 19 20.182 -20.563
2024_0413_17:20:41 19 47.814 49.174
2024_0413_17:20:44 19 -9.649 9.672
2024_0413_17:20:48 19 0.421 -0.245
2024_0413_17:20:48 19 82.139 86.143
2024_0413_17:20:50 19 0.243 -0.152
2024_0413_17:20:51 19 48.895 96.535
2024_0413_17:20:51 19 -49.996 50.0
2024_0413_17:20:56 19 0.327 -0.85
2024_0413_17:20:57 19 -1.119 4.398
2024_0413_17:21:00 19 0.874 0.586
2024_0413_17:21:01 19 0.294 -0.084
2024_0413_17:21:01 19 49.979 -41.041
2024_0413_17:21:06 19 -0.54 5.693
2024_0413_17:21:07 19 -3.918 2.846
2024_0413_17:21:08 20 40.165 9.417
2024_0413_17:21:08 20 12.403 -11.394
2024_0413_17:21:09 20 0.33 -0.038
2024_0413_17:21:14 20 0.592 0.18
2024_0413_17:21:16 20 -0.234 0.127
2024_0413_17:21:16 20 49.543 89.162
2024_0413_17:21:22 20 80.933 88.858
2024_0413_17:21:22 20 -0.125 -0.399
2024_0413_17:21:32 20 67.09 83.636
2024_0413_17:21:32 20 81.844 90.305
2024_0413_17:21:32 20 -0.221 19.128
2024_0413_17:21:34 20 99.482 92.1
2024_0413_17:21:35 20 99.996 -49.999
2024_0413_17:21:36 20 47.934 46.835
2024_0413_17:21:38 20 37.466 48.892
2024_0413_17:21:38 20 16.663 1.721
2024_0413_17:21:45 20 0.733 -0.52
2024_0413_17:21:46 20 -0.203 0.041
2024_0413_17:21:48 20 -0.017 0.028
2024_0413_17:21:50 20 -99.998 49.998
2024_0413_17:21:50 20 21.603 49.873
2024_0413_17:21:53 20 49.045 57.39
2024_0413_17:21:55 20 -1.141 12.927
2024_0413_17:21:57 20 13.255 9.657
2024_0413_17:21:58 20 0.718 5.664
2024_0413_17:22:00 20 -0.148 0.154
2024_0413_17:22:01 20 14.54 14.724
2024_0413_17:22:05 20 96.125 97.413
2024_0413_17:22:06 20 21.335 39.621
2024_0413_17:22:08 20 29.334 32.079
2024_0413_17:22:12 20 -0.27 0.45
2024_0413_17:22:14 20 99.356 99.501
2024_0413_17:22:14 20 0.752 0.002
2024_0413_17:22:15 20 52.794 41.462
2024_0413_17:22:17 20 -12.968 12.666
2024_0413_17:22:17 20 0.21 0.422
2024_0413_17:22:22 20 83.597 88.495
2024_0413_17:22:22 20 83.12 71.022
2024_0413_17:22:24 20 31.501 12.664
2024_0413_17:22:24 20 9.837 -9.858
2024_0413_17:22:29 20 16.986 -17.522
2024_0413_17:22:30 20 0.002 0.001
2024_0413_17:22:31 20 0.149 0.35
2024_0413_17:22:36 20 95.589 46.656
2024_0413_17:22:39 20 82.924 83.077
2024_0413_17:22:43 20 0.07 0.006
2024_0413_17:22:43 20 76.544 92.947
2024_0413_17:22:43 20 -12.402 12.484
2024_0413_17:22:43 20 76.827 86.096
2024_0413_17:22:44 20 -99.998 99.996
2024_0413_17:22:50 20 50.075 -49.856
2024_0413_17:22:51 20 77.808 47.572
2024_0413_17:22:51 20 0.27 0.858
2024_0413_17:22:51 20 -4.539 6.048
2024_0413_17:22:52 20 -0.289 0.228
2024_0413_17:22:54 20 5.042 4.923
2024_0413_17:22:55 20 97.249 95.82
2024_0413_17:22:56 20 1.594 0.722
2024_0413_17:22:58 20 -0.118 0.119
2024_0413_17:23:05 20 42.484 45.574
2024_0413_17:23:07 20 17.34 16.977
2024_0413_17:23:09 20 99.256 94.9
2024_0413_17:23:12 20 95.22 98.577
2024_0413_17:23:13 20 30.76 43.666
2024_0413_17:23:16 20 -0.067 48.264
2024_0413_17:23:17 20 85.66 80.28
2024_0413_17:23:17 20 27.201 26.135
2024_0413_17:23:19 20 -1.918 53.245
2024_0413_17:23:20 20 49.998 49.995
2024_0413_17:23:21 20 10.311 10.96
2024_0413_17:23:22 20 98.577 92.478
2024_0413_17:23:22 20 16.651 16.515
2024_0413_17:23:25 20 3.41 31.929
2024_0413_17:23:29 20 0.013 0.094
2024_0413_17:23:31 20 -20.4 20.063
2024_0413_17:23:33 20 71.385 56.55
2024_0413_17:23:34 20 42.563 34.373
2024_0413_17:23:39 20 12.282 -12.194
2024_0413_17:23:41 1 91.268 95.451
2024_0413_17:23:42 1 99.491 90.639
2024_0413_17:23:44 20 36.931 29.635
2024_0413_17:23:44 20 51.732 24.355
2024_0413_17:23:44 13 98.263 95.037
2024_0413_17:23:45 9 49.505 89.114
2024_0413_17:23:45 20 -10.093 10.007
2024_0413_17:23:47 20 49.665 89.277
2024_0413_17:23:48 13 8.71 8.06
2024_0413_17:23:49 9 99.565 95.56
2024_0413_17:23:52 13 -0.526 0.343
2024_0413_17:23:56 13 0.234 -0.155
2024_0413_17:23:57 14 91.336 96.978
2024_0413_17:23:59 14 0.726 0.436
2024_0413_17:24:01 13 98.798 90.438
2024_0413_17:24:04 14 0.043 0.289
2024_0413_17:24:05 14 -0.22 0.193
2024_0413_17:24:06 15 0.153 0.161
2024_0413_17:24:08 15 0.004 -0.02
2024_0413_17:24:10 15 33.406 -33.408
2024_0413_17:24:10 14 -0.531 0.107
2024_0413_17:24:11 15 -16.819 16.879
2024_0413_17:24:11 16 -49.999 -49.999
2024_0413_17:24:12 15 27.333 -27.225
2024_0413_17:24:13 15 3.519 -4.143
2024_0413_17:24:13 15 3.19 3.189
2024_0413_17:24:16 16 18.936 42.145
2024_0413_17:24:18 16 99.128 93.11
2024_0413_17:24:25 16 85.592 84.476
2024_0413_17:24:26 16 73.273 74.336
2024_0413_17:24:27 16 43.954 20.734
2024_0413_17:24:28 17 46.76 19.744
2024_0413_17:24:29 16 53.882 61.319
2024_0413_17:24:30 17 -0.14 -0.08
2024_0413_17:24:34 17 0.93 0.987
2024_0413_17:24:34 17 89.189 49.153
2024_0413_17:24:36 17 0.316 -0.38
2024_0413_17:24:36 17 89.449 87.513
2024_0413_17:24:37 17 18.586 -3.549
2024_0413_17:24:38 18 99.586 99.328
2024_0413_17:24:39 18 92.149 48.438
2024_0413_17:24:44 18 -7.871 8.322
2024_0413_17:24:45 17 -0.347 0.126
2024_0413_17:24:50 18 49.785 98.901
2024_0413_17:24:51 18 9.866 -9.994
2024_0413_17:24:52 18 81.076 91.365
2024_0413_17:24:53 18 13.226 12.354
2024_0413_17:24:53 19 94.28 98.148
2024_0413_17:24:57 19 9.992 -10.228
2024_0413_17:25:00 19 24.969 -24.688
2024_0413_17:25:01 19 15.353 -15.478
2024_0413_17:25:02 19 4.528 3.78
2024_0413_17:25:03 19 94.692 78.919
2024_0413_17:25:04 19 0.477 -0.183
2024_0413_17:25:05 19 49.792 36.857
2024_0413_17:25:06 19 -0.128 -0.221
2024_0413_17:25:08 19 62.321 73.676
2024_0413_17:25:10 19 -0.021 -0.001
2024_0413_17:25:14 20 0.914 0.747
2024_0413_17:25:15 20 49.14 84.966
2024_0413_17:25:18 20 0.279 0.096
2024_0413_17:25:21 20 33.647 72.68
2024_0413_17:25:25 20 94.112 99.451
2024_0413_17:25:26 17 11.975 -12.185
2024_0413_17:25:27 17 49.838 -49.516
2024_0413_17:25:34 20 -0.383 0.422
2024_0413_17:25:34 20 16.26 15.373
2024_0413_17:25:42 20 94.722 94.56
