0.20683000000013646 0.11868500000004831 0.027855000000003193 0.006694999999999811 0.02275500000000163 0.021925000000001377 0.020545000000000955 0.020290000000000877 0.020255000000000866 0.007929999999999762 0.0439749999999993 0.03667500000000213 0.061654999999992445 0.05844999999999369 0.06654999999999617 0.050869999999996626 0.06415999999999378 0.06262999999999225 0.04189000000000011 0.03938000000000108 
2024_0412_09:52:17 11 1.675 -1.65
2024_0412_09:52:18 7 78.3 76.575
2024_0412_09:52:18 6 86.4 85.45
2024_0412_09:52:18 6 87.4 86.3
2024_0412_09:52:20 11 80.625 77.425
2024_0412_09:52:20 1 85.25 86.4
2024_0412_09:52:20 5 86.5 87.3
2024_0412_09:52:20 3 80.35 79.95
2024_0412_09:52:20 10 80.675 82.225
2024_0412_09:52:21 8 80.325 78.6
2024_0412_09:52:21 2 79.25 80.65
2024_0412_09:52:21 2 71.75 79.075
2024_0412_09:52:21 1 86.45 86.075
2024_0412_09:52:22 4 74.85 76.3
2024_0412_09:52:24 1 87.65 85.325
2024_0412_09:52:26 9 87.025 86.5
2024_0412_09:56:54 13 70.475 40.2
2024_0412_09:56:55 12 60.975 -15.425
2024_0412_09:56:57 13 -46.5 47.75
2024_0412_09:56:58 15 -0.95 2.2
2024_0412_09:56:59 16 -0.65 -0.35
2024_0412_09:56:59 15 0.7 0.725
2024_0412_09:57:00 20 -1.225 2.175
2024_0412_09:57:01 18 -8.975 10.925
2024_0412_09:57:02 14 82.575 81.925
2024_0412_09:57:04 17 -1.875 1.325
2024_0412_09:57:07 17 -0.6 0.15
2024_0412_09:57:09 20 -1.25 1.525
2024_0412_09:57:16 18 23.7 -20.0
2024_0412_09:58:25 19 14.775 11.75
2024_0412_10:03:15 11 0.15 2.55
2024_0412_10:03:16 11 84.35 79.9
2024_0412_10:03:17 6 87.975 87.225
2024_0412_10:03:17 8 78.1 73.275
2024_0412_10:03:17 1 87.875 86.925
2024_0412_10:03:17 2 78.75 82.075
2024_0412_10:03:19 7 80.7 80.775
2024_0412_10:03:19 3 75.125 81.825
2024_0412_10:03:19 11 2.775 -0.175
2024_0412_10:03:19 11 49.95 49.95
2024_0412_10:03:19 12 -16.35 15.75
2024_0412_10:03:20 10 82.15 73.95
2024_0412_10:03:21 5 85.975 86.85
2024_0412_10:03:22 9 86.8 87.725
2024_0412_10:03:24 4 78.1 78.85
2024_0412_10:03:25 11 0.7 1.05
2024_0412_10:08:03 12 77.75 82.05
2024_0412_10:08:04 13 10.475 -11.475
2024_0412_10:08:06 13 85.1 84.45
2024_0412_10:08:06 13 5.95 55.825
2024_0412_10:08:09 14 83.35 88.925
2024_0412_10:08:10 15 5.075 35.3
2024_0412_10:08:10 16 -7.225 74.725
2024_0412_10:08:10 18 84.25 86.025
2024_0412_10:08:11 19 1.125 0.15
2024_0412_10:08:11 17 -1.975 -0.1
2024_0412_10:08:12 13 -30.225 42.875
2024_0412_10:08:13 20 49.975 -49.9
2024_0412_10:08:13 20 87.6 85.8
2024_0412_10:08:13 13 74.8 70.075
2024_0412_10:13:11 8 77.0 29.475
2024_0412_10:13:11 7 78.6 79.125
2024_0412_10:13:12 6 86.0 87.225
2024_0412_10:13:12 11 2.65 0.675
2024_0412_10:13:12 11 86.675 89.275
2024_0412_10:13:13 2 76.125 79.1
2024_0412_10:13:13 12 0.1 -0.125
2024_0412_10:13:14 12 78.05 83.15
2024_0412_10:13:14 5 85.7 86.775
2024_0412_10:13:15 3 79.55 51.925
2024_0412_10:13:15 10 80.025 81.05
2024_0412_10:13:15 1 86.4 85.175
2024_0412_10:13:15 9 87.4 88.45
2024_0412_10:13:15 4 81.425 76.4
2024_0412_10:13:15 12 76.65 80.75
2024_0412_10:13:17 11 63.45 21.15
2024_0412_10:18:07 14 0.525 0.65
2024_0412_10:18:08 12 -2.1 -0.425
2024_0412_10:18:08 13 32.175 -8.1
2024_0412_10:18:10 13 1.675 -2.075
2024_0412_10:18:11 15 73.825 80.025
2024_0412_10:18:12 16 -24.875 48.525
2024_0412_10:18:12 13 85.825 85.5
2024_0412_10:18:13 18 -72.55 72.2
2024_0412_10:18:13 13 84.225 85.275
2024_0412_10:18:13 17 40.725 88.175
2024_0412_10:18:15 15 76.65 82.0
2024_0412_10:18:16 16 27.875 15.15
2024_0412_10:18:17 18 -2.875 0.4
2024_0412_10:18:17 16 45.7 58.975
2024_0412_10:18:18 18 -11.35 10.95
2024_0412_10:18:19 16 -2.85 3.025
2024_0412_10:22:48 18 -1.15 -2.125
2024_0412_10:22:51 19 40.425 -13.475
2024_0412_10:22:51 18 -0.125 0.25
2024_0412_10:22:51 20 7.45 -0.45
2024_0412_10:22:52 19 9.25 25.0
2024_0412_10:22:53 20 1.1 -0.225
2024_0412_10:22:56 20 -0.65 -0.1
2024_0412_10:22:56 20 14.2 -13.55
2024_0412_10:27:39 11 -3.325 -0.6
2024_0412_10:27:40 7 79.75 77.65
2024_0412_10:27:41 11 -3.25 0.65
2024_0412_10:27:41 1 85.35 84.775
2024_0412_10:27:41 11 82.725 76.05
2024_0412_10:27:41 11 -0.45 0.475
2024_0412_10:27:42 11 -1.3 -0.4
2024_0412_10:27:42 8 79.125 80.75
2024_0412_10:27:42 3 39.525 67.6
2024_0412_10:27:43 2 77.075 79.575
2024_0412_10:27:43 5 87.9 86.35
2024_0412_10:27:43 8 80.8 75.5
2024_0412_10:27:43 6 87.675 85.775
2024_0412_10:27:44 10 79.05 80.425
2024_0412_10:27:48 9 87.575 87.95
2024_0412_10:30:07 11 78.9 81.85
2024_0412_10:32:22 11 3.8 -0.025
2024_0412_10:32:25 11 -99.95 50.0
2024_0412_10:32:27 12 85.75 85.7
2024_0412_10:32:28 12 80.9 73.575
2024_0412_10:32:29 13 48.25 -51.375
2024_0412_10:32:29 12 74.625 76.05
2024_0412_10:32:29 12 80.85 75.425
2024_0412_10:32:29 12 -25.8 48.5
2024_0412_10:32:31 12 2.4 0.2
2024_0412_10:32:31 12 78.3 76.175
2024_0412_10:32:32 12 52.675 59.9
2024_0412_10:32:33 13 28.8 -0.975
2024_0412_10:32:33 13 80.8 74.075
2024_0412_10:32:39 13 -2.275 -4.8
2024_0412_10:34:53 13 -1.875 0.75
2024_0412_10:35:22 13 32.1 25.1
2024_0412_10:37:06 13 4.175 1.25
2024_0412_10:37:11 14 1.6 -0.125
2024_0412_10:37:11 13 -1.75 -0.45
2024_0412_10:37:12 13 66.825 78.675
2024_0412_10:37:13 14 1.225 0.2
2024_0412_10:37:13 14 -2.075 1.3
2024_0412_10:37:17 14 -14.325 9.2
2024_0412_10:37:18 13 85.275 87.525
2024_0412_10:37:18 14 38.175 75.6
2024_0412_10:37:18 14 -1.25 0.55
2024_0412_10:37:19 14 76.1 75.55
2024_0412_10:37:24 14 86.5 85.15
2024_0412_10:37:28 14 2.775 -0.7
2024_0412_10:37:28 14 77.425 74.825
2024_0412_10:39:39 14 86.825 59.5
2024_0412_10:40:10 14 -2.65 -1.275
2024_0412_10:41:52 14 -0.8 0.875
2024_0412_10:42:00 15 -1.775 1.0
2024_0412_10:42:04 14 79.275 74.25
2024_0412_10:42:05 15 -3.075 -1.475
2024_0412_10:42:05 15 3.075 -0.65
2024_0412_10:42:10 15 38.75 12.875
2024_0412_10:42:11 15 -1.725 -0.775
2024_0412_10:42:12 15 74.475 80.3
2024_0412_10:42:12 15 86.275 86.575
2024_0412_10:42:13 15 -1.975 -0.225
2024_0412_10:42:16 15 -42.7 38.675
2024_0412_10:42:18 15 0.05 -0.05
2024_0412_10:42:20 15 85.55 84.925
2024_0412_10:44:30 15 2.475 -0.15
2024_0412_10:45:06 16 25.4 62.075
2024_0412_10:45:56 16 78.975 78.25
2024_0412_10:46:39 16 7.2 -5.225
2024_0412_10:46:51 16 17.875 -11.7
2024_0412_10:46:56 16 12.2 9.4
2024_0412_10:46:56 16 -12.25 9.675
2024_0412_10:46:58 16 -7.475 8.575
2024_0412_10:47:02 17 -0.625 0.75
2024_0412_10:47:03 17 -83.0 81.125
2024_0412_10:47:04 17 -1.85 0.3
2024_0412_10:47:05 17 7.875 9.225
2024_0412_10:47:05 17 69.125 43.875
2024_0412_10:47:07 17 -9.475 9.075
2024_0412_10:47:09 17 -49.9 -49.95
2024_0412_10:47:11 17 0.35 0.625
2024_0412_10:49:17 17 9.3 10.2
2024_0412_10:49:55 18 -10.65 25.45
2024_0412_10:51:16 18 99.85 99.6
2024_0412_10:51:25 18 100.0 -99.9
2024_0412_10:51:34 18 31.25 -4.775
2024_0412_10:51:38 18 85.775 -53.4
2024_0412_10:51:40 18 41.4 -41.4
2024_0412_10:51:41 18 80.0 75.0
2024_0412_10:51:42 19 16.4 21.6
2024_0412_10:51:43 18 -32.675 21.475
2024_0412_10:51:44 20 -10.15 69.375
2024_0412_10:51:47 19 -31.625 40.475
2024_0412_10:51:48 20 7.625 -2.625
2024_0412_10:51:51 20 0.125 0.425
2024_0412_10:53:09 20 1.225 3.1
2024_0412_10:53:11 20 -0.05 1.225
2024_0412_10:53:55 20 -11.5 11.625
2024_0412_10:54:29 4 75.625 72.425
2024_0412_10:55:44 13 3.625 2.1
2024_0412_10:55:54 15 -1.775 -3.35
2024_0412_10:56:03 18 80.975 79.3
2024_0412_10:56:06 18 0.075 0.1
2024_0412_10:56:18 20 19.85 -19.6
2024_0412_11:00:50 5 85.65 86.425
2024_0412_11:00:50 11 0.275 -1.575
2024_0412_11:00:50 11 1.375 -0.025
2024_0412_11:00:50 11 2.325 -1.35
2024_0412_11:00:51 11 81.425 75.95
2024_0412_11:00:52 7 82.35 84.25
2024_0412_11:00:52 11 -2.95 -1.15
2024_0412_11:00:54 3 76.85 79.825
2024_0412_11:00:54 2 80.475 81.475
2024_0412_11:00:54 4 75.9 78.5
2024_0412_11:00:55 6 85.65 85.6
2024_0412_11:00:55 1 86.65 85.475
2024_0412_11:00:56 8 80.7 77.325
2024_0412_11:00:56 9 87.8 86.25
2024_0412_11:00:57 11 82.9 77.0
2024_0412_11:00:57 10 80.625 80.25
2024_0412_11:05:20 11 -0.05 0.325
2024_0412_11:05:21 11 0.025 2.925
2024_0412_11:05:22 12 0.8 -0.9
2024_0412_11:05:25 12 75.6 73.55
2024_0412_11:05:25 11 -2.725 2.6
2024_0412_11:05:26 12 -1.3 -1.35
2024_0412_11:05:26 13 49.925 49.975
2024_0412_11:05:30 12 86.5 87.25
2024_0412_11:05:30 13 -1.3 2.1
2024_0412_11:05:30 12 83.1 78.9
2024_0412_11:05:30 12 58.725 61.5
2024_0412_11:05:30 13 1.925 -0.5
2024_0412_11:05:31 12 88.475 22.225
2024_0412_11:05:31 12 -0.175 0.6
2024_0412_11:05:32 13 83.875 84.575
2024_0412_11:05:33 13 89.35 -82.95
2024_0412_11:09:52 13 -0.125 -0.45
2024_0412_11:09:52 13 85.55 87.15
2024_0412_11:09:54 13 0.425 1.425
2024_0412_11:09:58 13 1.525 -0.575
2024_0412_11:09:58 13 0.875 0.525
2024_0412_11:09:59 14 88.325 90.3
2024_0412_11:10:01 14 99.925 49.95
2024_0412_11:10:03 14 -0.9 1.7
2024_0412_11:10:03 13 11.35 11.6
2024_0412_11:10:04 14 78.125 53.025
2024_0412_11:10:06 14 -11.05 54.05
2024_0412_11:10:06 14 2.65 -2.625
2024_0412_11:10:06 14 -1.525 -0.05
2024_0412_11:10:07 14 71.0 67.975
2024_0412_11:10:08 14 60.9 60.075
2024_0412_11:10:10 14 81.125 72.45
2024_0412_11:14:23 14 -49.925 -49.925
2024_0412_11:14:26 14 84.825 83.9
2024_0412_11:14:31 15 -0.45 -0.325
2024_0412_11:14:32 15 -1.325 2.3
2024_0412_11:14:34 15 -0.325 0.1
2024_0412_11:14:38 15 -77.1 75.2
2024_0412_11:14:38 15 -1.85 1.175
2024_0412_11:14:39 15 -22.525 36.7
2024_0412_11:14:40 15 71.175 80.9
2024_0412_11:14:40 15 2.475 1.275
2024_0412_11:14:41 15 18.225 13.275
2024_0412_11:14:42 15 0.2 -0.125
2024_0412_11:14:42 15 0.1 2.85
2024_0412_11:14:42 15 72.35 33.775
2024_0412_11:14:43 16 1.7 1.675
2024_0412_11:14:49 15 77.6 76.075
2024_0412_11:18:59 16 -0.6 3.475
2024_0412_11:19:01 16 -0.175 -1.775
2024_0412_11:19:05 16 6.475 3.75
2024_0412_11:19:05 16 0.775 0.35
2024_0412_11:19:06 16 2.225 3.575
2024_0412_11:19:10 16 -99.95 99.9
2024_0412_11:19:12 16 -0.775 -2.525
2024_0412_11:19:13 17 23.0 -9.775
2024_0412_11:19:16 17 9.9 -10.325
2024_0412_11:19:18 17 14.65 68.625
2024_0412_11:19:19 17 5.25 -2.525
2024_0412_11:19:20 17 66.9 65.925
2024_0412_11:19:20 17 87.275 86.375
2024_0412_11:19:25 17 2.2 -1.125
2024_0412_11:20:15 18 0.1 2.425
2024_0412_11:22:29 18 82.7 35.175
2024_0412_11:23:35 18 -10.125 11.6
2024_0412_11:23:36 18 82.275 84.55
2024_0412_11:23:39 18 -0.575 -1.825
2024_0412_11:23:41 18 -50.0 -0.025
2024_0412_11:23:44 18 77.55 73.875
2024_0412_11:23:45 18 -1.225 -1.7
2024_0412_11:23:47 18 -5.325 5.3
2024_0412_11:23:50 18 -2.075 0.125
2024_0412_11:23:51 19 36.875 -10.15
2024_0412_11:23:52 19 -1.15 -1.5
2024_0412_11:23:53 19 1.575 0.05
2024_0412_11:23:57 20 -24.35 63.675
2024_0412_11:24:09 20 63.225 75.175
2024_0412_11:24:56 20 0.4 38.4
2024_0412_11:26:59 20 -99.95 0.0
2024_0412_11:27:00 20 81.8 79.3
2024_0412_11:28:03 17 1.825 0.275
2024_0412_11:28:05 17 86.05 87.4
2024_0412_11:28:13 18 78.25 76.725
2024_0412_11:28:16 20 25.475 20.275
2024_0412_11:32:51 8 75.125 76.675
2024_0412_11:32:52 11 0.375 -0.85
2024_0412_11:32:54 5 86.3 87.275
2024_0412_11:32:54 2 72.175 78.575
2024_0412_11:32:55 7 83.175 83.35
2024_0412_11:32:55 11 80.775 79.9
2024_0412_11:32:55 11 5.85 10.575
2024_0412_11:32:56 6 84.675 87.1
2024_0412_11:32:56 3 78.75 75.425
2024_0412_11:32:56 9 86.225 86.45
2024_0412_11:32:57 1 85.275 86.925
2024_0412_11:32:57 8 72.875 71.65
2024_0412_11:32:57 11 86.2 84.375
2024_0412_11:33:03 10 81.975 80.2
2024_0412_11:33:04 4 77.3 79.2
2024_0412_11:33:06 9 87.475 85.1
2024_0412_11:37:23 11 -2.425 -0.7
2024_0412_11:37:23 11 75.65 76.775
2024_0412_11:37:24 11 -0.575 -0.325
2024_0412_11:37:25 11 0.975 0.15
2024_0412_11:37:26 11 49.95 99.975
2024_0412_11:37:28 11 -1.3 -1.925
2024_0412_11:37:28 11 -99.9 49.975
2024_0412_11:37:28 11 -0.15 -1.9
2024_0412_11:37:31 11 -3.0 1.85
2024_0412_11:37:32 11 75.075 75.425
2024_0412_11:37:33 11 87.175 85.0
2024_0412_11:37:35 11 86.9 86.45
2024_0412_11:37:36 11 87.25 86.875
2024_0412_11:37:40 12 72.95 80.725
2024_0412_11:37:42 12 -1.7 -1.05
2024_0412_11:37:43 12 77.825 79.7
2024_0412_11:41:58 12 -0.45 2.65
2024_0412_11:41:58 12 80.225 79.825
2024_0412_11:42:00 12 78.5 78.175
2024_0412_11:42:03 12 0.075 -3.2
2024_0412_11:42:03 12 -0.975 0.475
2024_0412_11:42:03 12 10.75 9.875
2024_0412_11:42:04 12 -4.025 2.875
2024_0412_11:42:06 12 70.45 77.35
2024_0412_11:42:11 12 74.25 74.525
2024_0412_11:42:12 12 -22.2 22.35
2024_0412_11:42:13 12 86.875 86.075
2024_0412_11:42:14 13 1.0 -4.175
2024_0412_11:42:14 12 86.325 86.95
2024_0412_11:42:15 13 -4.725 18.975
2024_0412_11:42:18 13 -0.225 -1.075
2024_0412_11:42:25 13 79.125 71.825
2024_0412_11:46:30 13 77.3 79.95
2024_0412_11:46:36 13 82.025 71.725
2024_0412_11:46:37 13 89.525 83.3
2024_0412_11:46:38 13 0.05 2.75
2024_0412_11:46:39 13 -15.775 0.05
2024_0412_11:46:40 13 75.5 40.975
2024_0412_11:46:41 13 82.5 74.075
2024_0412_11:46:41 13 75.75 71.475
2024_0412_11:46:47 13 72.525 77.075
2024_0412_11:46:47 13 0.5 -0.35
2024_0412_11:46:48 13 0.9 0.875
2024_0412_11:46:48 13 1.45 2.65
2024_0412_11:46:49 13 0.575 -8.35
2024_0412_11:46:50 13 -49.925 -99.9
2024_0412_11:46:51 13 86.775 86.875
2024_0412_11:47:02 13 2.15 0.0
2024_0412_11:51:04 13 80.1 80.05
2024_0412_11:51:08 13 -0.525 0.75
2024_0412_11:51:12 13 75.975 72.925
2024_0412_11:51:12 14 17.725 -21.85
2024_0412_11:51:13 14 -0.525 2.2
2024_0412_11:51:13 14 -8.7 26.525
2024_0412_11:51:15 14 18.825 17.55
2024_0412_11:51:20 14 81.65 81.175
2024_0412_11:51:21 14 5.625 6.575
2024_0412_11:51:21 14 68.5 68.875
2024_0412_11:51:25 14 99.95 49.975
2024_0412_11:51:25 14 86.0 84.925
2024_0412_11:51:27 14 76.7 34.85
2024_0412_11:51:30 14 78.025 79.475
2024_0412_11:51:38 14 86.125 86.775
2024_0412_11:53:19 14 63.325 9.175
2024_0412_11:55:36 14 -20.65 20.6
2024_0412_11:55:39 14 79.425 77.775
2024_0412_11:55:46 14 85.825 84.675
2024_0412_11:55:47 14 -99.85 99.9
2024_0412_11:55:49 14 5.95 7.05
2024_0412_11:55:51 14 0.8 0.525
2024_0412_11:55:51 14 80.75 32.05
2024_0412_11:55:52 14 -1.15 0.4
2024_0412_11:55:54 14 16.875 15.025
2024_0412_11:55:55 14 1.05 36.95
2024_0412_11:55:59 14 67.525 -11.075
2024_0412_11:56:01 14 84.025 85.975
2024_0412_11:56:04 15 69.375 70.2
2024_0412_11:56:14 15 81.65 76.55
2024_0412_11:56:14 15 4.35 10.6
2024_0412_11:57:53 15 27.05 -27.5
2024_0412_12:00:09 15 -91.8 94.975
2024_0412_12:00:12 15 87.1 84.75
2024_0412_12:00:22 15 -1.275 -1.875
2024_0412_12:00:23 15 -1.2 1.825
2024_0412_12:00:24 15 83.025 76.675
2024_0412_12:00:27 15 1.175 1.325
2024_0412_12:00:29 15 33.1 -7.5
2024_0412_12:00:30 15 2.825 -0.625
2024_0412_12:00:30 15 0.7 0.4
2024_0412_12:00:31 15 -11.125 9.225
2024_0412_12:00:33 15 -1.175 -1.425
2024_0412_12:00:38 15 0.7 -1.2
2024_0412_12:00:41 15 68.075 70.5
2024_0412_12:00:49 15 1.775 -1.05
2024_0412_12:00:49 15 -0.275 2.4
2024_0412_12:02:32 15 81.95 71.95
2024_0412_12:04:43 15 57.825 46.375
2024_0412_12:04:51 15 88.475 87.175
2024_0412_12:04:55 15 7.925 58.45
2024_0412_12:04:57 16 -10.05 8.725
2024_0412_12:05:02 15 76.4 77.75
2024_0412_12:05:03 16 0.675 -0.325
2024_0412_12:05:03 16 -3.15 4.85
2024_0412_12:05:03 16 52.425 4.275
2024_0412_12:05:05 16 79.7 9.675
2024_0412_12:05:07 16 88.9 86.7
2024_0412_12:05:09 16 -2.975 0.125
2024_0412_12:05:10 16 88.75 86.475
2024_0412_12:05:19 16 79.75 78.875
2024_0412_12:05:26 16 22.675 15.225
2024_0412_12:05:29 16 17.75 39.8
2024_0412_12:07:07 16 -3.525 3.075
2024_0412_12:09:18 16 -7.825 7.925
2024_0412_12:09:23 16 1.6 3.125
2024_0412_12:09:32 17 -1.125 -0.85
2024_0412_12:09:36 17 31.275 71.9
2024_0412_12:09:36 17 -0.275 -0.4
2024_0412_12:09:38 17 -36.925 45.975
2024_0412_12:09:39 17 0.05 3.175
2024_0412_12:09:39 17 59.325 60.6
2024_0412_12:09:42 17 87.575 86.325
2024_0412_12:09:43 17 65.725 74.725
2024_0412_12:09:47 17 18.95 10.75
2024_0412_12:09:55 17 0.625 -2.925
2024_0412_12:10:03 17 89.1 -2.95
2024_0412_12:10:10 17 6.6 2.375
2024_0412_12:11:41 17 7.075 -2.85
2024_0412_12:13:53 17 5.925 6.775
2024_0412_12:13:56 17 3.6 3.8
2024_0412_12:14:12 17 17.475 -6.925
2024_0412_12:14:14 17 0.625 -0.975
2024_0412_12:14:15 18 -2.625 0.275
2024_0412_12:14:15 17 15.0 -14.575
2024_0412_12:14:16 18 78.625 76.975
2024_0412_12:14:17 17 9.925 -12.05
2024_0412_12:14:18 18 1.775 -1.75
2024_0412_12:14:18 18 0.975 -0.275
2024_0412_12:14:24 18 1.25 1.375
2024_0412_12:14:31 18 -19.3 18.6
2024_0412_12:14:42 18 -1.625 1.325
2024_0412_12:14:46 18 12.0 -10.325
2024_0412_12:15:34 18 86.825 88.8
2024_0412_12:17:42 18 76.15 75.375
2024_0412_12:18:32 18 -1.35 -0.85
2024_0412_12:18:32 18 0.225 -0.025
2024_0412_12:18:46 18 73.325 80.1
2024_0412_12:18:48 18 27.7 -27.3
2024_0412_12:18:49 18 99.9 -99.95
2024_0412_12:18:49 18 -49.325 49.35
2024_0412_12:18:51 18 -7.25 -0.55
2024_0412_12:18:52 18 1.5 -3.15
2024_0412_12:18:52 18 87.125 87.025
2024_0412_12:18:58 18 -10.8 10.4
2024_0412_12:19:07 18 -0.225 1.475
2024_0412_12:19:20 18 -1.125 0.65
2024_0412_12:19:26 19 -3.95 64.225
2024_0412_12:20:15 19 4.025 -1.725
2024_0412_12:22:18 19 94.7 -36.95
2024_0412_12:23:07 19 18.65 -20.85
2024_0412_12:23:09 19 -33.425 46.325
2024_0412_12:23:24 20 4.7 -6.975
2024_0412_12:23:26 20 -1.975 -1.825
2024_0412_12:23:26 20 -14.8 15.7
2024_0412_12:23:27 20 60.55 48.3
2024_0412_12:23:27 20 64.2 1.9
2024_0412_12:23:31 20 80.35 80.425
2024_0412_12:23:33 20 57.925 59.75
2024_0412_12:23:34 20 -1.525 2.525
2024_0412_12:23:45 20 0.125 0.15
2024_0412_12:24:03 20 -2.3 3.175
2024_0412_12:24:03 20 -2.375 48.625
2024_0412_12:24:46 20 99.95 99.95
2024_0412_12:26:13 20 56.525 80.05
2024_0412_12:26:59 20 48.525 68.275
2024_0412_12:27:38 15 1.575 -1.975
2024_0412_12:27:41 14 4.95 13.125
2024_0412_12:27:56 17 3.45 0.65
2024_0412_12:27:58 17 17.6 -18.425
2024_0412_12:27:58 17 79.025 78.825
2024_0412_12:27:59 17 73.125 75.25
2024_0412_12:28:00 17 59.725 57.4
2024_0412_12:28:06 18 62.1 25.1
2024_0412_12:28:08 18 76.375 80.875
2024_0412_12:32:05 20 31.75 41.55
2024_0412_12:36:36 8 75.4 78.3
2024_0412_12:36:36 11 -49.95 -49.95
2024_0412_12:36:37 11 81.05 -38.7
2024_0412_12:36:37 5 85.975 87.875
2024_0412_12:36:38 6 85.55 87.125
2024_0412_12:36:39 4 69.475 78.425
2024_0412_12:36:39 11 -2.875 -2.075
2024_0412_12:36:40 7 81.5 53.675
2024_0412_12:36:40 1 86.725 86.775
2024_0412_12:36:40 2 67.45 75.45
2024_0412_12:36:40 10 75.5 79.95
2024_0412_12:36:41 11 76.925 32.65
2024_0412_12:36:41 8 78.3 70.7
2024_0412_12:36:42 9 87.0 84.85
2024_0412_12:36:43 3 75.1 80.625
2024_0412_12:36:45 11 6.5 -0.025
2024_0412_12:41:06 11 0.6 0.125
2024_0412_12:41:07 11 2.05 0.975
2024_0412_12:41:08 11 0.65 1.2
2024_0412_12:41:09 11 2.325 0.625
2024_0412_12:41:10 11 72.975 73.4
2024_0412_12:41:12 11 -1.025 1.85
2024_0412_12:41:12 11 -1.6 -1.95
2024_0412_12:41:12 11 -0.3 -1.075
2024_0412_12:41:12 11 74.025 79.025
2024_0412_12:41:13 11 78.45 76.0
2024_0412_12:41:13 11 80.65 75.425
2024_0412_12:41:13 11 -0.4 0.6
2024_0412_12:41:14 11 -1.8 -2.925
2024_0412_12:41:17 12 78.725 79.8
2024_0412_12:41:17 12 -1.175 0.25
2024_0412_12:41:18 12 0.325 -0.9
2024_0412_12:45:39 12 1.325 -0.2
2024_0412_12:45:41 12 41.85 42.7
2024_0412_12:45:42 12 1.4 3.075
2024_0412_12:45:44 12 -2.2 -0.4
2024_0412_12:45:44 12 -3.225 4.2
2024_0412_12:45:45 13 -3.0 2.725
2024_0412_12:45:45 12 81.85 72.2
2024_0412_12:45:45 12 0.7 -1.2
2024_0412_12:45:46 12 30.075 78.25
2024_0412_12:45:47 12 82.375 72.7
2024_0412_12:45:47 12 30.925 29.525
2024_0412_12:45:48 12 86.425 85.5
2024_0412_12:45:49 12 12.8 2.125
2024_0412_12:45:51 13 80.6 62.25
2024_0412_12:45:51 13 0.25 -0.95
2024_0412_12:45:54 13 -0.55 1.475
2024_0412_12:50:08 13 0.875 0.2
2024_0412_12:50:14 13 68.55 70.2
2024_0412_12:50:15 13 22.675 -8.85
2024_0412_12:50:16 13 1.85 0.6
2024_0412_12:50:16 13 -99.95 99.95
2024_0412_12:50:18 13 0.7 1.2
2024_0412_12:50:18 13 79.275 73.525
2024_0412_12:50:18 13 -1.075 1.3
2024_0412_12:50:19 13 -1.9 1.8
2024_0412_12:50:19 13 49.95 -99.9
2024_0412_12:50:20 13 -1.925 1.825
2024_0412_12:50:23 13 3.7 2.3
2024_0412_12:50:25 13 0.275 0.325
2024_0412_12:50:25 13 -2.175 1.125
2024_0412_12:50:26 13 10.175 -8.775
2024_0412_12:50:29 13 40.525 41.675
2024_0412_12:54:39 13 73.275 79.6
2024_0412_12:54:44 13 0.725 1.6
2024_0412_12:54:49 13 0.825 1.8
2024_0412_12:54:49 13 70.65 78.8
2024_0412_12:54:50 14 -0.1 2.85
2024_0412_12:54:51 14 -1.0 1.35
2024_0412_12:54:52 14 -15.425 41.95
2024_0412_12:54:52 13 82.5 83.3
2024_0412_12:54:54 13 86.0 86.125
2024_0412_12:54:55 14 16.65 7.55
2024_0412_12:54:57 14 18.5 26.275
2024_0412_12:54:58 14 0.7 0.05
2024_0412_12:55:01 14 0.975 1.575
2024_0412_12:55:03 14 79.45 76.475
2024_0412_12:55:03 14 76.2 75.15
2024_0412_12:55:05 14 72.075 80.6
2024_0412_12:59:11 14 49.975 -49.975
2024_0412_12:59:17 14 -0.85 2.775
2024_0412_12:59:19 14 -20.3 18.4
2024_0412_12:59:21 14 31.275 33.45
2024_0412_12:59:24 14 -0.925 -0.175
2024_0412_12:59:24 14 -1.45 -1.0
2024_0412_12:59:24 14 0.625 0.4
2024_0412_12:59:25 14 43.65 -42.25
2024_0412_12:59:26 14 75.125 78.95
2024_0412_12:59:30 14 81.55 80.725
2024_0412_12:59:31 14 -23.3 19.75
2024_0412_12:59:34 14 -0.075 -1.975
2024_0412_12:59:36 14 87.1 88.05
2024_0412_12:59:40 15 -3.925 -1.225
2024_0412_12:59:43 15 65.25 78.1
2024_0412_13:02:43 15 2.925 1.175
2024_0412_13:03:49 15 3.725 -2.05
2024_0412_13:03:50 15 79.05 77.1
2024_0412_13:03:54 15 67.525 67.275
2024_0412_13:03:58 15 -1.45 1.0
2024_0412_13:03:59 15 21.3 21.675
2024_0412_13:03:59 15 -2.75 -2.85
2024_0412_13:03:59 15 43.75 -17.3
2024_0412_13:03:59 15 54.85 41.775
2024_0412_13:04:04 15 -0.625 2.225
2024_0412_13:04:06 15 78.825 77.125
2024_0412_13:04:14 15 23.95 66.775
2024_0412_13:04:15 15 -1.8 0.425
2024_0412_13:04:17 15 64.375 56.85
2024_0412_13:04:19 15 53.95 55.0
2024_0412_13:07:20 15 6.0 8.625
2024_0412_13:07:36 15 33.025 32.2
2024_0412_13:08:21 15 99.8 99.95
2024_0412_13:08:24 15 7.775 -0.9
2024_0412_13:08:24 15 27.525 20.2
2024_0412_13:08:31 16 -0.85 -2.075
2024_0412_13:08:32 16 1.625 1.925
2024_0412_13:08:32 16 -13.825 45.375
2024_0412_13:08:35 16 86.875 86.85
2024_0412_13:08:38 16 -10.625 18.15
2024_0412_13:08:42 16 -4.275 -0.5
2024_0412_13:08:50 16 -99.9 49.95
2024_0412_13:08:52 16 -16.875 66.075
2024_0412_13:08:52 16 -6.175 16.625
2024_0412_13:09:20 16 42.575 42.275
2024_0412_13:10:32 16 79.4 79.3
2024_0412_13:12:12 16 71.025 52.375
2024_0412_13:12:45 16 11.9 -13.425
2024_0412_13:12:56 17 2.725 0.25
2024_0412_13:12:58 17 -4.5 -1.725
2024_0412_13:13:06 17 13.15 12.95
2024_0412_13:13:06 17 -3.575 -1.275
2024_0412_13:13:09 17 21.725 40.025
2024_0412_13:13:20 17 -2.0 2.075
2024_0412_13:13:25 17 1.8 1.175
2024_0412_13:13:26 17 21.45 25.975
2024_0412_13:13:29 17 16.675 20.625
2024_0412_13:13:55 17 -1.1 2.0
2024_0412_13:15:08 17 59.425 -15.875
2024_0412_13:15:49 17 97.325 -8.975
2024_0412_13:16:35 17 -2.725 -2.3
2024_0412_13:16:46 17 9.7 14.175
2024_0412_13:17:16 17 93.0 -47.575
2024_0412_13:17:22 17 9.825 -9.825
2024_0412_13:17:32 17 0.3 -0.7
2024_0412_13:17:32 17 76.25 75.35
2024_0412_13:17:39 17 88.425 -0.625
2024_0412_13:17:44 17 6.275 -8.225
2024_0412_13:17:47 18 76.25 76.5
2024_0412_13:17:58 18 -8.475 7.35
2024_0412_13:18:04 18 43.275 -42.175
2024_0412_13:18:05 18 3.775 -0.475
2024_0412_13:18:11 18 -34.775 36.025
2024_0412_13:18:31 18 -20.775 21.425
2024_0412_13:19:48 18 11.375 11.35
2024_0412_13:20:23 18 -3.225 -0.4
2024_0412_13:21:10 18 99.925 -49.975
2024_0412_13:21:23 18 2.2 0.025
2024_0412_13:21:56 18 61.2 61.075
2024_0412_13:21:56 18 2.5 -1.625
2024_0412_13:22:04 18 -99.975 99.9
2024_0412_13:22:16 18 -0.15 -0.925
2024_0412_13:22:17 18 11.075 6.425
2024_0412_13:22:17 18 2.6 -0.35
2024_0412_13:22:21 18 61.3 62.45
2024_0412_13:22:34 18 18.9 -16.3
2024_0412_13:22:41 18 -1.0 0.025
2024_0412_13:22:42 18 31.5 30.65
2024_0412_13:23:03 18 -0.425 -1.025
2024_0412_13:23:17 19 63.825 77.35
2024_0412_13:24:24 19 41.85 41.375
2024_0412_13:25:01 19 79.3 77.575
2024_0412_13:25:54 19 43.575 30.2
2024_0412_13:26:05 19 87.875 76.375
2024_0412_13:26:34 20 67.575 67.45
2024_0412_13:26:34 19 76.4 78.9
2024_0412_13:26:50 20 7.375 0.45
2024_0412_13:26:53 20 0.775 -0.275
2024_0412_13:26:53 20 1.9 3.025
2024_0412_13:26:59 20 82.3 76.05
2024_0412_13:27:16 20 9.8 -10.625
2024_0412_13:27:40 20 -66.05 71.825
2024_0412_13:27:53 20 13.175 6.75
2024_0412_13:28:48 20 0.3 -0.425
2024_0412_13:29:03 20 76.7 34.85
2024_0412_13:29:06 20 -8.5 8.375
2024_0412_13:29:33 20 -0.4 1.725
2024_0412_13:29:38 15 -0.875 2.625
2024_0412_13:30:24 15 -0.725 0.525
2024_0412_13:30:36 16 0.675 -1.225
2024_0412_13:31:10 16 84.15 83.8
2024_0412_13:31:10 16 67.875 78.4
2024_0412_13:31:21 16 30.675 -3.625
2024_0412_13:31:24 17 9.25 -3.15
2024_0412_13:31:24 17 6.775 2.8
2024_0412_13:31:32 18 78.075 75.725
2024_0412_13:31:48 18 73.075 23.1
2024_0412_13:32:19 20 86.05 85.825
2024_0412_13:32:23 20 79.5 71.15
2024_0412_13:33:16 20 7.2 5.65
2024_0412_13:37:46 11 0.525 -5.2
2024_0412_13:37:47 8 82.075 80.475
2024_0412_13:37:48 7 78.0 81.825
2024_0412_13:37:49 11 -6.85 22.575
2024_0412_13:37:50 1 87.3 85.275
2024_0412_13:37:50 2 82.95 65.15
2024_0412_13:37:50 8 77.6 79.575
2024_0412_13:37:50 4 71.35 74.4
2024_0412_13:37:51 11 70.725 78.125
2024_0412_13:37:51 8 77.05 81.825
2024_0412_13:37:51 6 86.625 86.3
2024_0412_13:37:51 11 -99.9 49.975
2024_0412_13:37:52 3 77.825 79.075
2024_0412_13:37:52 5 86.1 85.175
2024_0412_13:37:52 9 86.725 86.55
2024_0412_13:37:55 10 81.925 80.125
2024_0412_13:42:17 11 76.025 71.825
2024_0412_13:42:19 11 1.2 -0.3
2024_0412_13:42:19 11 -3.225 -2.375
2024_0412_13:42:20 11 79.55 77.55
2024_0412_13:42:20 11 -2.225 -5.65
2024_0412_13:42:21 11 70.775 79.3
2024_0412_13:42:21 11 -1.3 -0.3
2024_0412_13:42:21 11 -37.975 77.35
2024_0412_13:42:22 11 1.85 0.4
2024_0412_13:42:23 11 87.625 87.575
2024_0412_13:42:24 11 -2.05 0.175
2024_0412_13:42:24 11 86.75 85.075
2024_0412_13:42:24 11 -1.975 0.4
2024_0412_13:42:27 11 85.525 85.1
2024_0412_13:42:29 11 -0.125 -1.75
2024_0412_13:42:31 11 0.1 -1.225
2024_0412_13:46:49 11 70.925 79.825
2024_0412_13:46:52 12 0.45 -2.65
2024_0412_13:46:53 11 74.35 77.15
2024_0412_13:46:54 11 78.65 74.075
2024_0412_13:46:54 11 -3.475 -1.05
2024_0412_13:46:55 12 1.325 1.75
2024_0412_13:46:55 11 -1.85 -0.475
2024_0412_13:46:56 12 30.25 85.475
2024_0412_13:46:57 11 76.75 81.5
2024_0412_13:46:58 12 0.875 0.675
2024_0412_13:47:01 11 21.3 18.35
2024_0412_13:47:02 12 86.3 86.9
2024_0412_13:47:02 12 16.975 16.775
2024_0412_13:47:04 12 0.55 2.4
2024_0412_13:47:05 12 78.1 80.825
2024_0412_13:47:07 12 -1.325 2.15
2024_0412_13:51:19 12 -1.225 -2.375
2024_0412_13:51:25 12 -3.625 0.95
2024_0412_13:51:25 12 49.95 99.9
2024_0412_13:51:26 12 77.05 74.925
2024_0412_13:51:29 12 0.325 -1.325
2024_0412_13:51:30 12 0.15 -3.275
2024_0412_13:51:30 12 85.375 85.325
2024_0412_13:51:32 12 -0.2 -1.9
2024_0412_13:51:34 12 9.4 10.425
2024_0412_13:51:35 12 85.625 85.925
2024_0412_13:51:37 12 77.9 73.275
2024_0412_13:51:40 12 86.15 88.35
2024_0412_13:51:41 13 2.85 -1.725
2024_0412_13:51:43 13 -3.975 -3.225
2024_0412_13:51:43 13 70.1 72.675
2024_0412_13:51:46 12 79.65 76.425
2024_0412_13:55:53 13 78.85 75.4
2024_0412_13:55:56 13 99.95 -99.95
2024_0412_13:56:02 13 -0.5 1.9
2024_0412_13:56:02 13 86.35 84.65
2024_0412_13:56:03 13 85.925 85.825
2024_0412_13:56:03 13 84.775 85.45
2024_0412_13:56:04 13 99.9 -99.85
2024_0412_13:56:06 13 0.625 -1.725
2024_0412_13:56:09 13 10.625 -9.525
2024_0412_13:56:11 13 77.25 82.425
2024_0412_13:56:14 13 -1.5 -0.75
2024_0412_13:56:16 13 67.3 68.775
2024_0412_13:56:20 13 77.925 79.6
2024_0412_13:56:20 13 87.125 86.825
2024_0412_13:56:20 13 35.65 63.9
2024_0412_13:56:23 13 3.975 1.3
2024_0412_14:00:22 13 -0.65 0.275
2024_0412_14:00:26 13 -49.95 49.975
2024_0412_14:00:36 13 -12.0 40.675
2024_0412_14:00:38 13 10.15 -11.15
2024_0412_14:00:39 13 81.05 80.275
2024_0412_14:00:39 13 27.575 28.375
2024_0412_14:00:40 13 2.5 -1.175
2024_0412_14:00:42 13 66.5 68.6
2024_0412_14:00:43 13 1.275 0.775
2024_0412_14:00:47 13 69.875 73.25
2024_0412_14:00:51 13 80.35 75.325
2024_0412_14:00:52 13 -25.425 24.025
2024_0412_14:00:56 13 1.1 -0.4
2024_0412_14:00:57 13 40.65 41.35
2024_0412_14:00:57 13 2.15 1.575
2024_0412_14:01:00 13 -2.9 3.8
2024_0412_14:04:58 13 9.425 -12.775
2024_0412_14:04:59 13 86.975 87.425
2024_0412_14:05:10 13 0.825 0.875
2024_0412_14:05:11 14 99.85 49.925
2024_0412_14:05:13 14 8.8 -2.225
2024_0412_14:05:14 14 49.85 -49.925
2024_0412_14:05:15 14 80.625 74.6
2024_0412_14:05:19 14 -8.325 8.575
2024_0412_14:05:21 14 -8.225 4.45
2024_0412_14:05:23 14 -0.425 1.55
2024_0412_14:05:27 14 73.275 54.125
2024_0412_14:05:30 14 1.125 0.825
2024_0412_14:05:30 14 69.525 69.35
2024_0412_14:05:32 14 77.825 78.8
2024_0412_14:05:32 14 -13.375 13.725
2024_0412_14:05:35 14 -1.075 2.95
2024_0412_14:09:31 14 79.675 83.95
2024_0412_14:09:33 14 86.1 86.9
2024_0412_14:09:43 14 -1.3 -1.425
2024_0412_14:09:46 14 79.975 75.025
2024_0412_14:09:47 14 1.75 6.525
2024_0412_14:09:49 14 2.625 0.825
2024_0412_14:09:51 14 76.8 75.8
2024_0412_14:09:53 14 -0.375 -2.0
2024_0412_14:10:04 14 85.9 85.15
2024_0412_14:10:05 14 64.25 74.6
2024_0412_14:10:08 14 35.175 34.0
2024_0412_14:10:09 14 -1.125 -1.6
2024_0412_14:10:11 14 83.075 70.375
2024_0412_14:11:07 14 33.475 8.65
2024_0412_14:12:33 14 -0.425 -0.6
2024_0412_14:13:16 14 87.15 84.825
2024_0412_14:14:08 14 66.125 80.675
2024_0412_14:14:10 14 74.05 36.75
2024_0412_14:14:19 15 -1.175 0.125
2024_0412_14:14:23 15 3.425 -1.95
2024_0412_14:14:24 15 50.0 -49.9
2024_0412_14:14:27 15 76.775 80.45
2024_0412_14:14:30 15 49.975 -49.975
2024_0412_14:14:37 15 -9.525 10.4
2024_0412_14:14:38 15 -0.3 0.25
2024_0412_14:14:44 15 -2.625 -5.2
2024_0412_14:14:47 15 -1.275 31.525
2024_0412_14:14:48 15 0.375 -0.05
2024_0412_14:15:43 15 -1.175 3.275
2024_0412_14:17:08 15 58.8 0.35
2024_0412_14:17:53 15 0.425 0.95
2024_0412_14:18:02 15 -2.1 -3.25
2024_0412_14:18:42 15 0.925 -1.7
2024_0412_14:18:45 15 0.175 -0.875
2024_0412_14:18:52 15 0.825 0.0
2024_0412_14:19:01 15 85.75 82.9
2024_0412_14:19:03 15 33.3 76.575
2024_0412_14:19:05 15 86.925 87.45
2024_0412_14:19:07 15 2.425 0.75
2024_0412_14:19:11 15 -2.575 0.025
2024_0412_14:19:22 15 -0.2 3.4
2024_0412_14:19:24 15 87.525 84.95
2024_0412_14:19:24 15 4.05 7.675
2024_0412_14:20:25 15 3.2 -3.0
2024_0412_14:21:45 15 75.825 58.975
2024_0412_14:22:31 15 76.25 77.35
2024_0412_14:22:37 15 -0.925 -1.875
2024_0412_14:23:20 15 70.5 78.6
2024_0412_14:23:23 15 -0.175 -1.0
2024_0412_14:23:29 15 84.1 85.65
2024_0412_14:23:36 16 35.0 36.7
2024_0412_14:23:39 15 3.5 8.075
2024_0412_14:23:42 16 -1.925 7.05
2024_0412_14:23:47 16 66.675 80.275
2024_0412_14:23:54 16 81.0 81.875
2024_0412_14:24:02 16 0.0 2.15
2024_0412_14:24:03 16 5.125 5.4
2024_0412_14:24:05 16 73.675 77.175
2024_0412_14:25:04 16 76.9 65.025
2024_0412_14:26:11 16 74.225 83.3
2024_0412_14:26:29 16 74.15 -8.725
2024_0412_14:27:12 16 87.175 87.2
2024_0412_14:27:15 16 45.05 -37.1
2024_0412_14:27:56 16 79.05 68.525
2024_0412_14:28:03 16 1.1 -0.625
2024_0412_14:28:09 16 -0.95 1.85
2024_0412_14:28:15 16 68.075 76.775
2024_0412_14:28:21 16 12.15 4.075
2024_0412_14:28:25 16 35.625 25.725
2024_0412_14:28:35 16 -20.575 38.025
2024_0412_14:28:36 16 9.6 -11.2
2024_0412_14:28:47 16 -5.55 4.625
2024_0412_14:28:51 16 76.45 81.025
2024_0412_14:29:38 16 -2.25 2.65
2024_0412_14:30:47 16 77.525 78.95
2024_0412_14:31:09 16 72.2 77.125
2024_0412_14:31:48 17 16.075 -17.025
2024_0412_14:31:49 17 77.075 72.85
2024_0412_14:32:21 17 52.775 3.2
2024_0412_14:32:31 17 11.425 -9.85
2024_0412_14:32:39 17 -0.15 -0.375
2024_0412_14:32:45 17 81.475 77.775
2024_0412_14:32:56 17 80.675 74.2
2024_0412_14:33:00 17 84.825 85.025
2024_0412_14:33:01 17 39.075 74.375
2024_0412_14:33:10 17 77.175 81.9
2024_0412_14:33:11 17 -0.85 0.9
2024_0412_14:33:26 17 28.8 71.7
2024_0412_14:33:26 17 1.525 1.425
2024_0412_14:34:14 17 -1.575 -1.05
2024_0412_14:35:26 17 27.75 27.625
2024_0412_14:35:50 17 84.6 83.825
2024_0412_14:36:23 17 -0.325 2.2
2024_0412_14:36:23 17 2.375 0.275
2024_0412_14:37:00 17 24.225 77.75
2024_0412_14:37:03 17 0.975 1.5
2024_0412_14:37:19 17 -0.875 1.7
2024_0412_14:37:20 17 76.75 78.3
2024_0412_14:37:30 17 -1.975 2.55
2024_0412_14:37:35 17 70.575 86.05
2024_0412_14:37:36 17 85.85 84.325
2024_0412_14:37:45 17 -0.175 -0.4
2024_0412_14:37:49 17 -8.825 25.725
2024_0412_14:38:06 17 84.775 85.975
2024_0412_14:38:14 17 64.225 76.225
2024_0412_14:38:55 17 80.675 74.375
2024_0412_14:40:03 18 1.1 0.0
2024_0412_14:40:31 18 86.55 87.425
2024_0412_14:41:00 18 -9.55 10.4
2024_0412_14:41:02 18 0.0 -0.45
2024_0412_14:41:38 18 -2.2 1.925
2024_0412_14:41:41 18 32.85 80.625
2024_0412_14:41:57 18 1.375 -0.1
2024_0412_14:41:57 18 2.55 0.15
2024_0412_14:42:03 18 -3.325 6.6
2024_0412_14:42:11 18 -1.775 -0.025
2024_0412_14:42:12 18 78.55 75.275
2024_0412_14:42:26 18 -48.725 48.175
2024_0412_14:42:30 18 1.225 -0.95
2024_0412_14:42:40 18 -34.275 32.7
2024_0412_14:42:48 18 73.025 8.075
2024_0412_14:43:32 18 3.95 1.55
2024_0412_14:44:48 18 -1.95 0.85
2024_0412_14:45:12 18 78.775 77.9
2024_0412_14:45:37 18 85.7 87.6
2024_0412_14:45:38 18 2.775 1.375
2024_0412_14:46:13 18 3.225 0.45
2024_0412_14:46:20 18 87.85 86.725
2024_0412_14:46:33 18 19.175 8.1
2024_0412_14:46:35 18 73.85 52.075
2024_0412_14:46:40 18 75.375 75.525
2024_0412_14:46:45 18 -0.125 8.6
2024_0412_14:46:45 18 73.625 73.1
2024_0412_14:47:05 18 -0.05 -0.775
2024_0412_14:47:12 18 79.875 78.475
2024_0412_14:47:18 18 85.925 85.625
2024_0412_14:47:22 18 -14.2 14.05
2024_0412_14:48:13 18 9.6 25.675
2024_0412_14:49:24 18 -99.95 -99.9
2024_0412_14:49:51 18 47.325 -47.825
2024_0412_14:50:11 19 -18.2 26.875
2024_0412_14:50:20 19 -4.325 4.125
2024_0412_14:50:47 19 -3.025 -3.725
2024_0412_14:50:57 19 -0.75 -0.425
2024_0412_14:51:08 19 25.325 -26.825
2024_0412_14:51:16 19 -8.575 9.375
2024_0412_14:51:19 19 6.625 -10.575
2024_0412_14:51:22 19 94.7 -20.25
2024_0412_14:51:27 19 -1.6 -1.225
2024_0412_14:51:43 19 39.45 55.925
2024_0412_14:51:53 19 30.55 52.075
2024_0412_14:51:56 19 73.4 70.675
2024_0412_14:52:00 19 35.025 -12.45
2024_0412_14:52:43 19 -49.925 49.95
2024_0412_14:53:58 19 49.95 -49.45
2024_0412_14:54:32 19 -1.825 2.3
2024_0412_14:54:46 19 -99.95 99.95
2024_0412_14:54:56 19 17.475 -16.3
2024_0412_14:55:34 19 -99.875 99.85
2024_0412_14:55:46 20 66.6 68.7
2024_0412_14:56:06 20 -0.75 -2.3
2024_0412_14:56:17 20 1.675 -0.225
2024_0412_14:56:22 20 71.225 81.925
2024_0412_14:56:29 20 84.75 86.025
2024_0412_14:56:35 20 9.325 -11.35
2024_0412_14:56:36 20 1.8 -3.55
2024_0412_14:57:06 20 32.75 -2.35
2024_0412_14:57:16 20 -1.775 -0.725
2024_0412_14:58:34 20 2.125 1.55
2024_0412_14:58:58 20 -5.125 -5.0
2024_0412_14:59:11 20 27.675 84.9
2024_0412_15:00:00 20 74.7 77.75
2024_0412_15:00:17 20 -3.175 17.425
2024_0412_15:00:30 20 86.125 86.475
2024_0412_15:00:48 14 0.825 -0.075
2024_0412_15:00:56 14 6.95 3.15
2024_0412_15:01:05 14 1.225 -0.525
2024_0412_15:01:09 15 13.95 7.95
2024_0412_15:01:13 15 13.375 13.525
2024_0412_15:01:44 15 2.9 1.575
2024_0412_15:01:56 16 85.1 88.775
2024_0412_15:02:09 20 -0.85 -0.55
2024_0412_15:03:13 20 16.55 0.35
2024_0412_15:03:14 20 70.075 66.15
2024_0412_15:03:41 19 -0.075 -0.925
2024_0412_15:03:49 20 73.6 78.3
2024_0412_15:04:37 20 0.25 2.05
2024_0412_15:04:42 20 31.225 34.525
2024_0412_15:09:15 7 73.825 79.35
2024_0412_15:09:15 8 79.1 76.075
2024_0412_15:09:17 3 80.975 80.525
2024_0412_15:09:17 1 87.225 87.05
2024_0412_15:09:17 2 77.65 75.875
2024_0412_15:09:17 8 78.5 77.35
2024_0412_15:09:17 8 79.45 75.875
2024_0412_15:09:17 8 57.325 81.05
2024_0412_15:09:18 2 73.825 77.7
2024_0412_15:09:18 8 79.325 77.9
2024_0412_15:09:18 8 69.35 78.85
2024_0412_15:09:18 6 86.4 87.4
2024_0412_15:09:19 8 79.425 76.875
2024_0412_15:09:20 4 67.25 75.975
2024_0412_15:09:20 8 79.475 76.675
2024_0412_15:12:41 8 77.325 79.15
2024_0412_15:13:47 11 1.35 0.85
2024_0412_15:13:48 11 85.7 85.225
2024_0412_15:13:49 8 79.525 76.45
2024_0412_15:13:49 11 -0.675 -0.875
2024_0412_15:13:49 11 -0.4 -0.525
2024_0412_15:13:50 11 -24.2 52.15
2024_0412_15:13:51 11 1.575 0.05
2024_0412_15:13:51 11 79.4 82.3
2024_0412_15:13:52 9 87.025 86.925
2024_0412_15:13:52 11 -1.625 3.8
2024_0412_15:13:54 11 77.125 80.775
2024_0412_15:13:54 11 85.15 87.125
2024_0412_15:13:54 11 1.225 0.1
2024_0412_15:13:55 10 80.775 83.175
2024_0412_15:14:55 11 84.5 86.325
2024_0412_15:17:11 11 -49.9 99.95
2024_0412_15:18:19 11 -99.95 -99.9
2024_0412_15:18:21 11 87.6 85.075
2024_0412_15:18:21 11 0.45 1.15
2024_0412_15:18:22 11 -0.125 3.45
2024_0412_15:18:22 11 79.025 79.65
2024_0412_15:18:23 11 -0.35 -0.85
2024_0412_15:18:23 11 85.975 85.65
2024_0412_15:18:24 11 -0.6 -1.275
2024_0412_15:18:24 11 49.975 99.95
2024_0412_15:18:24 11 -1.875 -1.025
2024_0412_15:18:27 11 0.575 -0.675
2024_0412_15:18:30 11 66.35 80.8
2024_0412_15:18:30 11 76.55 80.725
2024_0412_15:18:31 11 76.875 71.875
2024_0412_15:19:27 11 76.725 69.625
2024_0412_15:21:42 11 -1.125 1.525
2024_0412_15:22:52 11 0.25 -0.025
2024_0412_15:22:52 11 -1.15 -0.825
2024_0412_15:22:53 11 -1.9 5.225
2024_0412_15:22:53 11 -2.05 2.6
2024_0412_15:22:54 11 -0.675 0.95
2024_0412_15:22:54 11 0.725 3.375
2024_0412_15:22:56 11 -2.225 -3.1
2024_0412_15:22:56 11 -3.85 -1.55
2024_0412_15:22:57 11 86.025 85.25
2024_0412_15:22:59 11 73.075 80.6
2024_0412_15:23:01 11 73.15 73.6
2024_0412_15:23:05 11 77.325 74.0
2024_0412_15:23:06 11 75.525 79.4
2024_0412_15:23:06 11 -0.425 0.7
2024_0412_15:24:02 11 86.8 86.85
2024_0412_15:26:19 11 36.275 37.875
2024_0412_15:27:23 11 -0.075 -1.75
2024_0412_15:27:24 11 -2.075 -0.225
2024_0412_15:27:24 11 -0.1 1.575
2024_0412_15:27:24 11 0.1 -0.925
2024_0412_15:27:25 11 -0.675 -3.575
2024_0412_15:27:27 11 2.425 -5.0
2024_0412_15:27:27 11 99.95 -49.975
2024_0412_15:27:30 11 78.05 81.45
2024_0412_15:27:30 11 2.2 2.625
2024_0412_15:27:32 11 0.125 3.55
2024_0412_15:27:35 11 0.9 -0.7
2024_0412_15:27:38 11 1.55 1.325
2024_0412_15:27:41 11 49.95 49.9
2024_0412_15:27:44 11 -0.225 0.275
2024_0412_15:28:33 11 -2.95 -0.175
2024_0412_15:30:51 11 6.65 3.5
2024_0412_15:31:53 11 -0.95 1.175
2024_0412_15:31:55 11 2.625 0.2
2024_0412_15:31:56 11 0.75 0.025
2024_0412_15:31:57 11 0.525 1.55
2024_0412_15:31:59 11 31.175 80.1
2024_0412_15:32:01 11 75.95 80.55
2024_0412_15:32:02 11 -0.975 1.525
2024_0412_15:32:07 11 30.95 -11.275
2024_0412_15:32:07 11 80.725 75.5
2024_0412_15:32:07 11 78.5 77.2
2024_0412_15:32:09 11 -50.0 -50.0
2024_0412_15:32:11 11 86.8 87.9
2024_0412_15:32:15 11 1.3 0.825
2024_0412_15:32:19 11 79.825 77.3
2024_0412_15:33:04 11 2.125 1.25
2024_0412_15:35:21 11 99.95 49.975
2024_0412_15:36:25 11 76.625 80.75
2024_0412_15:36:25 11 -1.1 0.7
2024_0412_15:36:28 11 0.825 -0.55
2024_0412_15:36:28 11 -2.15 -1.0
2024_0412_15:36:32 11 0.325 1.375
2024_0412_15:36:35 11 -1.7 -0.975
2024_0412_15:36:37 11 76.675 78.1
2024_0412_15:36:37 11 -99.95 49.975
2024_0412_15:36:41 11 11.1 5.025
2024_0412_15:36:41 11 2.65 -2.3
2024_0412_15:36:44 11 -0.075 1.275
2024_0412_15:36:46 11 86.0 84.475
2024_0412_15:36:50 11 2.9 -2.475
2024_0412_15:36:51 11 -0.975 0.65
2024_0412_15:37:35 11 -0.85 3.7
2024_0412_15:39:51 11 0.725 3.05
2024_0412_15:40:59 11 -1.6 1.475
2024_0412_15:41:02 11 -0.025 -1.25
2024_0412_15:41:02 11 76.325 74.675
2024_0412_15:41:03 11 0.55 0.2
2024_0412_15:41:04 11 79.05 78.9
2024_0412_15:41:08 11 86.75 87.55
2024_0412_15:41:10 11 86.8 86.55
2024_0412_15:41:13 11 86.675 88.35
2024_0412_15:41:15 11 -0.975 3.325
2024_0412_15:41:18 11 86.9 88.2
2024_0412_15:41:20 11 86.475 86.35
2024_0412_15:41:22 11 79.7 75.025
2024_0412_15:41:24 11 0.3 -2.75
2024_0412_15:41:25 11 -0.925 0.275
2024_0412_15:42:07 11 0.325 -0.1
2024_0412_15:44:25 11 71.35 68.675
2024_0412_15:45:30 11 0.45 -2.15
2024_0412_15:45:34 11 86.375 86.075
2024_0412_15:45:34 11 81.45 74.625
2024_0412_15:45:37 11 81.7 72.025
2024_0412_15:45:37 11 81.325 78.325
2024_0412_15:45:38 11 -2.175 0.275
2024_0412_15:45:41 11 1.5 -1.725
2024_0412_15:45:47 11 3.475 26.65
2024_0412_15:45:48 11 -0.1 -0.475
2024_0412_15:45:51 11 -0.625 -2.875
2024_0412_15:45:56 11 -99.95 -99.95
2024_0412_15:45:58 11 0.2 1.15
2024_0412_15:45:59 11 -99.975 -99.925
2024_0412_15:45:59 11 -1.8 1.825
2024_0412_15:46:40 11 81.375 79.425
2024_0412_15:48:54 11 0.775 1.375
2024_0412_15:50:01 11 -1.425 2.25
2024_0412_15:50:07 11 77.425 80.2
2024_0412_15:50:08 11 0.8 1.775
2024_0412_15:50:10 11 -1.85 0.35
2024_0412_15:50:11 11 1.925 -0.25
2024_0412_15:50:12 11 -49.975 49.925
2024_0412_15:50:15 11 1.8 -0.825
2024_0412_15:50:20 11 -49.95 -49.95
2024_0412_15:50:20 11 1.025 -3.425
2024_0412_15:50:28 11 76.325 74.95
2024_0412_15:50:29 11 -1.375 -2.65
2024_0412_15:50:31 12 -1.6 0.825
2024_0412_15:50:32 11 1.3 2.525
2024_0412_15:50:33 12 49.975 49.975
2024_0412_15:51:10 12 49.975 99.95
2024_0412_15:53:24 12 -99.95 -99.95
2024_0412_15:54:39 12 80.875 69.675
2024_0412_15:54:42 12 76.925 70.85
2024_0412_15:54:43 12 86.175 86.15
2024_0412_15:54:44 12 -0.8 5.7
2024_0412_15:54:44 12 -1.025 -0.15
2024_0412_15:54:45 12 -5.875 27.675
2024_0412_15:54:48 12 51.75 64.725
2024_0412_15:54:54 12 50.0 100.0
2024_0412_15:54:56 12 29.6 -0.725
2024_0412_15:55:00 12 -0.325 0.25
2024_0412_15:55:05 12 85.325 86.525
2024_0412_15:55:06 12 74.775 76.375
2024_0412_15:55:06 12 1.125 -0.25
2024_0412_15:55:08 12 79.1 74.65
2024_0412_15:55:43 12 87.1 86.25
2024_0412_15:57:54 12 0.35 -5.05
2024_0412_15:59:11 12 0.225 -0.8
2024_0412_15:59:13 12 78.45 80.85
2024_0412_15:59:16 12 -4.3 3.8
2024_0412_15:59:17 12 87.95 86.975
2024_0412_15:59:19 12 1.725 1.45
2024_0412_15:59:22 12 84.825 83.4
2024_0412_15:59:24 12 85.75 83.7
2024_0412_15:59:24 12 0.425 1.125
2024_0412_15:59:30 12 -1.925 0.7
2024_0412_15:59:35 12 -3.3 0.95
2024_0412_15:59:37 12 43.15 48.075
2024_0412_15:59:39 12 -3.35 19.225
2024_0412_15:59:40 12 0.7 2.05
2024_0412_15:59:44 12 82.6 78.275
2024_0412_16:00:16 12 -1.575 -2.925
2024_0412_16:02:28 12 41.5 76.825
2024_0412_16:03:42 12 1.225 -2.25
2024_0412_16:03:47 12 67.075 71.3
2024_0412_16:03:48 12 0.15 4.075
2024_0412_16:03:49 12 2.025 -1.3
2024_0412_16:03:56 12 71.125 70.8
2024_0412_16:03:57 12 79.225 75.025
2024_0412_16:03:58 12 84.975 90.175
2024_0412_16:04:01 12 75.425 74.725
2024_0412_16:04:02 12 1.175 0.1
2024_0412_16:04:09 12 86.1 86.425
2024_0412_16:04:14 12 67.425 68.6
2024_0412_16:04:15 12 75.125 77.6
2024_0412_16:04:18 12 86.0 45.9
2024_0412_16:04:20 12 86.95 87.425
2024_0412_16:04:48 12 -0.575 2.675
2024_0412_16:07:01 12 -15.95 59.275
2024_0412_16:08:14 12 28.675 32.85
2024_0412_16:08:16 12 2.65 -1.55
2024_0412_16:08:20 12 79.625 78.45
2024_0412_16:08:23 12 -1.35 -1.375
2024_0412_16:08:29 12 3.725 0.975
2024_0412_16:08:30 12 1.35 0.75
2024_0412_16:08:33 12 78.1 75.025
2024_0412_16:08:34 12 80.425 79.075
2024_0412_16:08:40 12 75.075 79.85
2024_0412_16:08:40 12 -1.325 0.225
2024_0412_16:08:49 12 1.325 1.05
2024_0412_16:08:49 12 86.9 86.625
2024_0412_16:08:56 12 85.225 86.6
2024_0412_16:08:57 12 5.725 16.5
2024_0412_16:09:19 12 0.175 -0.45
2024_0412_16:11:33 12 4.9 -1.675
2024_0412_16:12:49 12 4.45 -1.975
2024_0412_16:12:49 12 80.4 66.775
2024_0412_16:12:54 12 71.575 79.375
2024_0412_16:12:57 12 0.725 0.25
2024_0412_16:13:04 12 0.675 -0.475
2024_0412_16:13:07 12 86.925 87.05
2024_0412_16:13:08 12 71.975 79.6
2024_0412_16:13:10 12 1.225 -1.35
2024_0412_16:13:13 12 30.775 74.4
2024_0412_16:13:18 12 67.9 77.95
2024_0412_16:13:23 12 99.9 -49.9
2024_0412_16:13:25 12 2.45 1.45
2024_0412_16:13:28 12 0.2 -2.4
2024_0412_16:13:36 12 78.65 75.425
2024_0412_16:13:56 12 87.6 85.8
2024_0412_16:16:08 12 1.775 2.55
2024_0412_16:17:22 12 99.95 -99.975
2024_0412_16:17:23 12 73.075 75.475
2024_0412_16:17:27 12 80.725 78.925
2024_0412_16:17:32 12 74.325 71.775
2024_0412_16:17:35 12 -49.95 49.95
2024_0412_16:17:43 12 85.15 88.3
2024_0412_16:17:45 12 72.95 75.825
2024_0412_16:17:47 12 86.875 86.675
2024_0412_16:17:47 12 85.175 86.15
2024_0412_16:17:57 12 84.525 90.9
2024_0412_16:18:02 12 85.425 84.775
2024_0412_16:18:04 12 -29.375 39.0
2024_0412_16:18:06 12 -55.7 56.575
2024_0412_16:18:22 12 42.825 42.8
2024_0412_16:18:31 12 35.95 -35.425
2024_0412_16:20:41 12 77.375 73.6
2024_0412_16:21:56 12 87.25 84.725
2024_0412_16:21:57 12 62.475 80.325
2024_0412_16:21:57 12 1.0 -0.4
2024_0412_16:22:06 12 -1.425 0.075
2024_0412_16:22:10 12 87.85 85.5
2024_0412_16:22:15 12 50.0 -50.0
2024_0412_16:22:21 12 -6.375 -0.45
2024_0412_16:22:22 12 -38.125 87.35
2024_0412_16:22:23 12 32.725 -11.3
2024_0412_16:22:33 12 76.875 71.1
2024_0412_16:22:36 12 2.25 -0.15
2024_0412_16:22:36 12 -3.55 -1.225
2024_0412_16:22:43 13 -0.6 0.7
2024_0412_16:22:57 13 0.6 0.6
2024_0412_16:23:05 13 -18.325 73.625
2024_0412_16:25:14 13 11.175 -9.975
2024_0412_16:26:29 13 1.45 -0.975
2024_0412_16:26:31 13 83.95 4.425
2024_0412_16:26:32 13 74.65 71.725
2024_0412_16:26:43 13 77.825 78.25
2024_0412_16:26:47 13 80.95 75.225
2024_0412_16:26:52 13 87.15 87.075
2024_0412_16:26:55 13 13.725 10.2
2024_0412_16:26:55 13 -2.575 -0.35
2024_0412_16:26:58 13 -0.2 -0.4
2024_0412_16:27:08 13 -49.275 50.825
2024_0412_16:27:10 13 30.875 31.8
2024_0412_16:27:11 13 -0.325 1.2
2024_0412_16:27:20 13 32.7 33.4
2024_0412_16:27:32 13 6.975 59.775
2024_0412_16:27:39 13 -4.75 -1.25
2024_0412_16:29:46 13 0.775 1.3
2024_0412_16:31:05 13 0.875 0.55
2024_0412_16:31:10 13 76.8 76.35
2024_0412_16:31:12 13 6.925 0.475
2024_0412_16:31:17 13 -0.125 3.125
2024_0412_16:31:23 13 49.975 -49.95
2024_0412_16:31:26 13 0.775 -0.2
2024_0412_16:31:31 13 3.0 1.35
2024_0412_16:31:31 13 34.125 33.65
2024_0412_16:31:35 13 -3.025 0.275
2024_0412_16:31:44 13 -0.925 -5.475
2024_0412_16:31:45 13 -8.275 79.125
2024_0412_16:31:45 13 56.675 61.8
2024_0412_16:31:53 13 -0.1 1.475
2024_0412_16:32:05 13 0.975 -0.375
2024_0412_16:32:21 13 1.8 2.85
2024_0412_16:34:21 13 7.425 9.025
2024_0412_16:35:38 13 76.45 77.2
2024_0412_16:35:43 13 -0.75 -0.775
2024_0412_16:35:46 13 -3.075 0.025
2024_0412_16:35:51 13 86.425 87.925
2024_0412_16:35:59 13 87.65 86.875
2024_0412_16:36:04 13 81.475 75.05
2024_0412_16:36:04 13 49.925 -99.85
2024_0412_16:36:08 13 78.05 75.55
2024_0412_16:36:10 13 -0.1 -0.9
2024_0412_16:36:17 13 -13.25 32.9
2024_0412_16:36:18 13 0.15 -1.225
2024_0412_16:36:24 13 -0.5 -0.275
2024_0412_16:36:24 13 -0.5 0.525
2024_0412_16:36:41 13 52.4 62.425
2024_0412_16:36:53 13 -9.5 11.425
2024_0412_16:38:52 13 2.825 -1.725
2024_0412_16:40:16 13 74.875 76.75
2024_0412_16:40:18 13 -2.05 -6.525
2024_0412_16:40:23 13 35.5 0.6
2024_0412_16:40:25 13 99.95 49.975
2024_0412_16:40:31 13 3.65 -3.075
2024_0412_16:40:37 13 86.025 86.275
2024_0412_16:40:39 13 43.675 -39.9
2024_0412_16:40:44 13 -0.075 1.725
2024_0412_16:40:48 13 78.225 77.55
2024_0412_16:40:50 13 -0.175 1.35
2024_0412_16:40:52 13 -99.925 49.925
2024_0412_16:40:59 13 1.175 -0.975
2024_0412_16:41:00 13 -13.625 23.9
2024_0412_16:41:14 13 -9.275 10.875
2024_0412_16:41:25 13 13.35 13.0
2024_0412_16:43:25 13 -0.8 -0.9
2024_0412_16:44:49 13 0.5 -2.2
2024_0412_16:44:52 13 82.7 81.475
2024_0412_16:44:57 13 -7.9 13.825
2024_0412_16:44:58 13 0.35 0.275
2024_0412_16:45:06 13 1.0 -0.325
2024_0412_16:45:10 13 -99.85 99.85
2024_0412_16:45:14 13 85.55 84.6
2024_0412_16:45:21 13 39.875 26.025
2024_0412_16:45:25 13 80.3 80.175
2024_0412_16:45:25 13 34.925 77.625
2024_0412_16:45:29 13 85.9 87.575
2024_0412_16:45:35 13 -0.675 -1.225
2024_0412_16:45:36 13 80.775 80.275
2024_0412_16:45:48 13 -5.1 -0.925
2024_0412_16:46:00 13 -7.15 25.85
2024_0412_16:47:56 13 0.875 -1.75
2024_0412_16:49:21 13 -9.45 20.725
2024_0412_16:49:27 13 -0.075 -4.75
2024_0412_16:49:31 13 75.175 72.875
2024_0412_16:49:31 13 -0.15 1.775
2024_0412_16:49:40 13 79.85 75.75
2024_0412_16:49:43 13 3.45 -0.275
2024_0412_16:49:48 13 1.65 2.6
2024_0412_16:49:56 13 -49.975 49.975
2024_0412_16:49:56 13 -4.6 4.5
2024_0412_16:49:58 13 0.075 -2.1
2024_0412_16:50:04 13 0.75 1.675
2024_0412_16:50:08 13 0.15 -0.55
2024_0412_16:50:12 13 79.125 76.85
2024_0412_16:50:23 13 87.125 87.35
2024_0412_16:52:34 13 8.5 4.775
2024_0412_16:53:56 13 2.1 2.925
2024_0412_16:54:10 13 51.075 86.15
2024_0412_16:54:14 13 8.15 6.275
2024_0412_16:54:17 13 84.425 84.95
2024_0412_16:54:24 13 90.55 39.925
2024_0412_16:54:30 13 -11.7 38.525
2024_0412_16:54:31 13 3.425 5.1
2024_0412_16:54:33 13 30.125 30.025
2024_0412_16:54:39 13 77.1 83.175
2024_0412_16:54:48 13 -0.25 -2.8
2024_0412_16:54:49 13 26.15 -0.15
2024_0412_16:55:00 13 75.95 78.45
2024_0412_16:56:13 13 80.2 78.875
2024_0412_16:57:09 13 12.85 9.925
2024_0412_16:57:46 13 -0.325 3.525
2024_0412_16:58:28 13 62.8 80.525
2024_0412_16:58:47 13 34.375 32.975
2024_0412_16:58:48 13 -1.85 1.15
2024_0412_16:58:48 13 -0.775 2.275
2024_0412_16:58:56 13 -0.15 0.275
2024_0412_16:59:02 13 86.6 85.625
2024_0412_16:59:06 13 1.375 -1.0
2024_0412_16:59:08 13 78.9 80.925
2024_0412_16:59:10 13 0.275 -2.25
2024_0412_16:59:24 13 1.4 -1.65
2024_0412_16:59:25 13 -0.425 0.55
2024_0412_16:59:32 13 0.75 1.05
2024_0412_17:00:00 13 -1.2 -0.875
2024_0412_17:00:45 13 0.825 -1.2
2024_0412_17:01:43 13 -3.275 0.75
2024_0412_17:02:21 13 1.25 -0.125
2024_0412_17:03:04 13 78.2 41.85
2024_0412_17:03:20 13 0.625 0.275
2024_0412_17:03:21 13 -15.125 31.225
2024_0412_17:03:22 13 -1.0 -0.075
2024_0412_17:03:31 13 0.275 1.15
2024_0412_17:03:36 13 84.7 85.425
2024_0412_17:03:40 13 0.575 0.55
2024_0412_17:03:44 13 79.175 78.075
2024_0412_17:03:48 13 72.95 69.625
2024_0412_17:03:58 13 2.125 0.675
2024_0412_17:04:01 13 -0.65 -1.5
2024_0412_17:04:06 13 52.9 -52.2
2024_0412_17:04:36 13 87.675 86.4
2024_0412_17:05:22 13 -12.375 61.8
2024_0412_17:06:18 13 -4.825 14.875
2024_0412_17:06:54 13 70.5 76.05
2024_0412_17:07:36 13 0.05 1.725
2024_0412_17:07:52 13 -0.65 0.35
2024_0412_17:07:57 13 89.225 86.825
2024_0412_17:08:00 13 77.05 73.25
2024_0412_17:08:04 13 -2.55 3.05
2024_0412_17:08:09 13 -33.6 33.65
2024_0412_17:08:17 13 1.4 -0.725
2024_0412_17:08:18 13 79.1 79.925
2024_0412_17:08:24 13 0.0 -0.6
2024_0412_17:08:32 13 5.425 33.225
2024_0412_17:08:35 13 30.175 27.6
2024_0412_17:08:41 13 83.625 83.675
2024_0412_17:09:12 13 55.425 63.75
2024_0412_17:09:56 13 4.175 5.875
2024_0412_17:10:54 13 76.25 79.775
2024_0412_17:11:28 13 11.725 8.95
2024_0412_17:12:09 13 -2.05 0.625
2024_0412_17:12:29 13 68.5 78.575
2024_0412_17:12:29 13 -0.125 0.5
2024_0412_17:12:35 13 0.75 -1.075
2024_0412_17:12:41 13 -0.5 16.2
2024_0412_17:12:50 13 14.825 15.925
2024_0412_17:12:52 13 89.05 85.4
2024_0412_17:12:57 13 81.05 78.5
2024_0412_17:12:58 13 19.875 -18.275
2024_0412_17:13:05 13 5.05 6.65
2024_0412_17:13:12 13 72.25 78.85
2024_0412_17:13:16 13 2.125 9.925
2024_0412_17:13:44 13 85.3 88.05
2024_0412_17:14:30 13 3.875 -3.025
2024_0412_17:15:26 13 0.15 -1.725
2024_0412_17:16:02 13 0.375 2.8
2024_0412_17:16:40 13 1.375 -1.875
2024_0412_17:17:02 13 37.3 -23.225
2024_0412_17:17:07 13 -4.3 -0.725
2024_0412_17:17:12 13 72.725 79.825
2024_0412_17:17:14 14 22.875 24.625
2024_0412_17:17:26 14 61.525 70.275
2024_0412_17:17:27 14 0.125 0.275
2024_0412_17:17:34 14 -1.175 -0.375
2024_0412_17:17:35 14 72.575 78.05
2024_0412_17:17:41 14 -0.525 1.325
2024_0412_17:17:47 14 -3.925 36.425
2024_0412_17:17:47 14 99.9 99.9
2024_0412_17:18:20 14 85.625 86.625
2024_0412_17:19:03 14 -2.325 2.025
2024_0412_17:20:38 14 80.775 80.275
2024_0412_17:21:05 14 0.0 -1.95
2024_0412_17:21:15 14 3.425 2.025
2024_0412_17:21:38 14 0.25 -1.25
2024_0412_17:21:42 14 -10.975 21.875
2024_0412_17:21:46 14 1.75 -1.475
2024_0412_17:21:46 14 -2.15 0.9
2024_0412_17:22:01 14 50.3 54.45
2024_0412_17:22:01 14 79.475 81.475
2024_0412_17:22:11 14 83.15 78.95
2024_0412_17:22:13 14 33.65 25.325
2024_0412_17:22:19 14 86.525 85.55
2024_0412_17:22:21 14 -0.3 1.025
2024_0412_17:22:23 14 -0.925 -0.8
2024_0412_17:22:52 14 -1.825 -1.05
2024_0412_17:23:45 14 -1.25 -0.575
2024_0412_17:25:15 14 86.7 83.825
2024_0412_17:25:35 14 99.9 49.95
2024_0412_17:25:56 14 -1.3 -0.8
2024_0412_17:26:12 14 37.3 7.4
2024_0412_17:26:18 14 76.375 73.15
2024_0412_17:26:18 14 0.975 -1.15
2024_0412_17:26:22 14 -4.875 33.4
2024_0412_17:26:33 14 2.075 2.3
2024_0412_17:26:37 14 41.75 67.725
2024_0412_17:26:48 14 0.0 -0.05
2024_0412_17:26:51 14 8.825 -6.85
2024_0412_17:26:52 14 83.4 83.85
2024_0412_17:26:54 14 0.35 0.925
2024_0412_17:26:58 14 84.25 30.3
2024_0412_17:27:28 14 75.175 73.925
2024_0412_17:28:19 14 0.15 1.35
2024_0412_17:29:50 14 9.075 6.45
2024_0412_17:30:06 14 7.85 -10.375
2024_0412_17:30:27 14 0.45 -2.4
2024_0412_17:30:47 14 77.925 76.95
2024_0412_17:30:51 14 0.4 1.05
2024_0412_17:30:54 14 -2.0 0.1
2024_0412_17:30:54 14 -20.375 66.0
2024_0412_17:31:04 14 99.925 99.9
2024_0412_17:31:14 14 87.225 87.35
2024_0412_17:31:24 14 -14.35 16.675
2024_0412_17:31:25 14 -0.5 0.0
2024_0412_17:31:26 14 77.4 77.725
2024_0412_17:31:33 14 -10.15 11.3
2024_0412_17:31:34 14 86.175 85.45
2024_0412_17:32:03 14 80.4 72.0
2024_0412_17:32:54 14 85.575 84.9
2024_0412_17:34:24 14 -10.025 9.425
2024_0412_17:34:40 14 79.25 30.9
2024_0412_17:35:03 14 75.025 84.475
2024_0412_17:35:20 14 26.2 27.3
2024_0412_17:35:24 14 87.225 85.55
2024_0412_17:35:28 14 83.25 83.95
2024_0412_17:35:31 14 0.775 1.35
2024_0412_17:35:47 14 69.3 76.95
2024_0412_17:35:48 14 1.825 -0.65
2024_0412_17:35:58 14 1.1 -2.05
2024_0412_17:36:01 14 9.6 8.575
2024_0412_17:36:04 14 69.375 77.9
2024_0412_17:36:07 14 -0.65 -0.225
2024_0412_17:36:09 14 2.75 0.975
2024_0412_17:36:40 14 64.225 77.55
2024_0412_17:37:35 14 -3.05 0.45
2024_0412_17:38:58 14 0.0 1.075
2024_0412_17:39:14 14 1.275 5.9
2024_0412_17:39:38 14 34.925 28.125
2024_0412_17:39:52 14 1.525 -0.25
2024_0412_17:39:59 14 5.8 4.725
2024_0412_17:40:03 14 79.0 67.275
2024_0412_17:40:05 14 76.75 79.45
2024_0412_17:40:20 14 -2.275 -2.425
2024_0412_17:40:23 14 -21.875 18.3
2024_0412_17:40:32 14 -1.475 2.5
2024_0412_17:40:39 14 84.45 85.2
2024_0412_17:40:40 14 82.575 77.925
2024_0412_17:40:41 14 3.575 0.175
2024_0412_17:40:41 14 -99.95 99.95
2024_0412_17:41:13 14 -2.35 1.25
2024_0412_17:42:11 14 2.0 -0.8
2024_0412_17:43:30 14 0.975 -1.3
2024_0412_17:43:50 14 71.975 78.9
2024_0412_17:44:25 14 0.175 0.4
2024_0412_17:44:32 14 1.925 19.125
2024_0412_17:44:39 14 84.425 87.0
2024_0412_17:44:41 14 74.9 80.225
2024_0412_17:44:55 14 0.925 0.075
2024_0412_17:44:58 14 -2.575 -0.15
2024_0412_17:45:06 14 -0.25 -0.575
2024_0412_17:45:17 14 29.925 87.275
2024_0412_17:45:17 14 6.45 26.85
2024_0412_17:45:20 14 79.575 77.75
2024_0412_17:45:25 14 27.25 8.95
2024_0412_17:45:54 14 -3.975 46.35
2024_0412_17:46:44 14 -40.525 40.35
2024_0412_17:47:00 14 -1.4 5.1
2024_0412_17:48:02 14 -0.525 1.325
2024_0412_17:48:32 14 76.6 81.95
2024_0412_17:49:00 14 -4.25 75.45
2024_0412_17:49:08 14 77.825 50.775
2024_0412_17:49:11 14 25.7 -1.825
2024_0412_17:49:12 14 -0.15 1.575
2024_0412_17:49:31 14 -7.525 -2.45
2024_0412_17:49:31 14 59.55 -59.775
2024_0412_17:49:41 14 81.275 74.975
2024_0412_17:49:52 14 -0.225 -1.675
2024_0412_17:49:54 14 81.05 80.675
2024_0412_17:49:54 14 63.25 39.275
2024_0412_17:50:04 14 72.625 76.45
2024_0412_17:51:20 14 79.65 29.4
2024_0412_17:51:32 14 -0.35 -1.025
2024_0412_17:52:15 14 -2.775 0.425
2024_0412_17:52:37 14 -0.1 -0.325
2024_0412_17:53:08 14 77.2 80.75
2024_0412_17:53:35 14 83.55 84.275
2024_0412_17:53:41 14 -1.4 2.825
2024_0412_17:53:43 14 0.525 0.075
2024_0412_17:53:46 14 3.9 42.175
2024_0412_17:54:05 14 -2.875 1.975
2024_0412_17:54:07 14 78.0 77.275
2024_0412_17:54:16 14 -5.575 48.75
2024_0412_17:54:27 14 75.55 70.775
2024_0412_17:54:32 14 77.25 68.6
2024_0412_17:54:33 14 40.175 -7.525
2024_0412_17:54:42 14 84.225 85.45
2024_0412_17:55:55 14 86.325 85.85
2024_0412_17:56:06 14 77.775 76.875
2024_0412_17:56:50 14 89.825 84.7
2024_0412_17:57:10 14 -0.125 0.9
2024_0412_17:57:41 14 -12.575 50.35
2024_0412_17:58:07 14 -36.15 37.225
2024_0412_17:58:14 14 3.075 -0.075
2024_0412_17:58:16 14 9.95 33.075
2024_0412_17:58:22 14 79.45 75.0
2024_0412_17:58:40 14 5.275 8.25
2024_0412_17:58:42 14 33.875 27.1
2024_0412_17:58:58 14 32.35 31.125
2024_0412_17:59:01 14 -1.625 1.9
2024_0412_17:59:08 14 76.475 75.975
2024_0412_17:59:09 14 52.175 77.0
2024_0412_17:59:20 14 29.5 -11.825
2024_0412_18:00:27 14 75.325 74.525
2024_0412_18:00:37 14 -32.575 34.225
2024_0412_18:01:27 14 0.025 -1.975
2024_0412_18:01:45 14 47.625 -5.675
2024_0412_18:02:14 14 -8.375 5.175
2024_0412_18:02:45 14 50.65 -13.3
2024_0412_18:02:45 14 99.95 49.975
2024_0412_18:02:49 14 72.7 78.575
2024_0412_18:02:55 14 -0.9 0.125
2024_0412_18:03:25 14 5.3 3.575
2024_0412_18:03:34 14 3.075 -1.675
2024_0412_18:03:35 14 78.55 77.95
2024_0412_18:03:44 14 79.1 75.075
2024_0412_18:03:48 14 78.5 71.4
2024_0412_18:03:55 14 2.975 0.95
2024_0412_18:05:01 14 79.2 78.15
2024_0412_18:05:09 14 -1.6 -3.225
2024_0412_18:06:03 14 0.05 2.05
2024_0412_18:06:06 15 63.425 79.6
2024_0412_18:06:22 15 67.3 72.3
2024_0412_18:06:53 15 83.875 86.675
2024_0412_18:07:17 15 -2.15 1.55
2024_0412_18:07:22 15 21.975 -7.25
2024_0412_18:08:07 15 -1.375 -2.45
2024_0412_18:08:07 15 7.75 -13.975
2024_0412_18:08:09 15 0.325 1.925
2024_0412_18:08:19 15 86.15 84.9
2024_0412_18:08:24 15 0.6 -1.625
2024_0412_18:08:29 15 79.675 80.6
2024_0412_18:08:53 15 84.425 68.3
2024_0412_18:09:32 15 -0.85 -0.45
2024_0412_18:09:41 15 1.85 5.425
2024_0412_18:10:25 15 42.675 -29.675
2024_0412_18:10:37 15 0.7 80.375
2024_0412_18:10:37 15 16.75 -12.925
2024_0412_18:10:59 15 30.45 -23.675
2024_0412_18:11:35 15 8.225 -8.5
2024_0412_18:11:52 15 77.95 78.075
2024_0412_18:11:59 15 77.05 72.625
2024_0412_18:12:40 15 0.7 -0.025
2024_0412_18:12:45 15 0.25 0.125
2024_0412_18:12:46 15 78.7 76.3
2024_0412_18:12:55 15 87.1 87.675
2024_0412_18:13:03 15 35.45 -8.425
2024_0412_18:13:03 15 69.85 45.4
2024_0412_18:13:27 15 89.475 41.325
2024_0412_18:14:08 15 66.3 69.275
2024_0412_18:14:18 15 85.5 86.7
2024_0412_18:15:06 15 0.925 1.175
2024_0412_18:15:10 15 9.25 -8.675
2024_0412_18:15:36 15 78.625 78.0
2024_0412_18:16:09 15 -7.25 9.95
2024_0412_18:16:25 15 0.175 -0.025
2024_0412_18:16:34 15 -1.125 -2.25
2024_0412_18:17:13 15 0.2 -0.625
2024_0412_18:17:20 15 64.45 85.2
2024_0412_18:17:23 15 73.6 75.925
2024_0412_18:17:28 15 75.0 77.85
2024_0412_18:17:39 15 64.075 75.45
2024_0412_18:17:42 15 76.95 79.25
2024_0412_18:18:01 15 84.4 89.35
2024_0412_18:18:20 15 71.375 77.125
2024_0412_18:18:42 15 89.225 85.2
2024_0412_18:18:53 15 85.775 85.95
2024_0412_18:19:39 15 -1.35 0.275
2024_0412_18:19:50 15 -4.75 5.0
2024_0412_18:20:12 15 14.65 21.725
2024_0412_18:20:46 15 -1.65 3.975
2024_0412_18:21:00 15 10.65 8.45
2024_0412_18:21:08 15 53.2 61.95
2024_0412_18:21:49 15 4.35 -4.15
2024_0412_18:21:54 15 0.575 0.1
2024_0412_18:22:01 15 75.975 35.025
2024_0412_18:22:09 15 78.75 71.4
2024_0412_18:22:12 15 -4.725 -1.65
2024_0412_18:22:18 15 49.725 51.875
2024_0412_18:22:34 15 -5.35 34.425
2024_0412_18:23:25 15 -0.075 -0.55
2024_0412_18:23:39 15 71.7 85.675
2024_0412_18:24:14 15 6.6 9.075
2024_0412_18:24:26 15 -10.175 9.9
2024_0412_18:24:47 15 77.725 78.075
2024_0412_18:25:19 15 0.775 0.85
2024_0412_18:25:20 15 -1.3 -2.525
2024_0412_18:25:33 15 11.525 16.55
2024_0412_18:25:41 15 49.975 -49.95
2024_0412_18:26:26 15 84.75 84.825
2024_0412_18:26:30 15 -2.275 -1.325
2024_0412_18:26:34 15 -0.275 -0.05
2024_0412_18:26:40 15 -99.85 99.9
2024_0412_18:26:52 15 -5.35 1.4
2024_0412_18:27:08 15 5.3 -1.225
2024_0412_18:28:01 15 -4.825 48.175
2024_0412_18:28:14 15 72.425 81.55
2024_0412_18:28:51 15 70.825 79.725
2024_0412_18:29:02 15 32.725 33.925
2024_0412_18:29:23 15 34.575 80.375
2024_0412_18:29:53 15 39.725 42.575
2024_0412_18:29:56 15 86.425 85.575
2024_0412_18:30:09 15 -0.875 0.225
2024_0412_18:30:16 15 1.8 -1.05
2024_0412_18:30:29 15 85.625 85.85
2024_0412_18:31:02 15 -10.5 10.2
2024_0412_18:31:04 15 -50.025 -49.975
2024_0412_18:31:13 15 75.625 78.075
2024_0412_18:31:15 15 -3.15 -2.775
2024_0412_18:31:25 15 0.325 0.475
2024_0412_18:31:43 15 73.425 78.6
2024_0412_18:32:37 15 -15.475 30.775
2024_0412_18:32:54 15 -0.775 1.375
2024_0412_18:33:28 15 86.975 89.35
2024_0412_18:33:33 15 -1.075 0.55
2024_0412_18:33:59 15 10.8 -14.35
2024_0412_18:34:25 15 2.4 -1.25
2024_0412_18:34:32 15 85.225 79.075
2024_0412_18:34:40 15 81.975 67.7
2024_0412_18:34:51 15 2.175 0.35
2024_0412_18:35:02 15 -1.55 0.975
2024_0412_18:35:39 15 1.0 3.1
2024_0412_18:35:48 15 -27.8 47.375
2024_0412_18:35:51 15 62.875 60.725
2024_0412_18:36:03 15 -0.15 -2.75
2024_0412_18:36:19 15 31.15 78.55
2024_0412_18:37:11 15 -100.0 100.0
2024_0412_18:37:27 15 33.25 34.625
2024_0412_18:38:06 15 2.5 -1.275
2024_0412_18:38:20 15 52.25 54.25
2024_0412_18:38:32 15 -0.05 2.65
2024_0412_18:38:58 15 99.95 -49.975
2024_0412_18:39:06 15 -1.0 1.2
2024_0412_18:39:12 15 95.025 -32.55
2024_0412_18:39:22 15 0.0 -0.7
2024_0412_18:39:23 15 -1.65 0.8
2024_0412_18:39:38 15 79.175 81.425
2024_0412_18:40:16 15 72.875 37.825
2024_0412_18:40:23 15 0.95 3.175
2024_0412_18:40:29 15 75.625 70.825
2024_0412_18:40:42 15 40.3 43.425
2024_0412_18:40:56 15 65.8 70.175
2024_0412_18:41:49 15 77.725 51.825
2024_0412_18:41:58 15 -1.75 3.2
2024_0412_18:42:43 15 -1.8 5.275
2024_0412_18:42:57 15 0.2 -0.125
2024_0412_18:43:02 15 -0.075 0.05
2024_0412_18:43:33 15 33.025 -32.275
2024_0412_18:43:41 15 26.725 -28.075
2024_0412_18:43:43 15 -18.0 15.9
2024_0412_18:43:59 15 74.625 76.225
2024_0412_18:44:11 15 0.125 -3.075
2024_0412_18:44:44 15 74.45 80.525
2024_0412_18:44:54 15 88.125 85.325
2024_0412_18:44:57 15 -1.2 0.35
2024_0412_18:45:04 15 -10.5 9.5
2024_0412_18:45:21 15 -1.225 -1.2
2024_0412_18:45:33 15 77.125 75.625
2024_0412_18:46:23 15 1.9 -1.075
2024_0412_18:46:29 15 2.025 -1.375
2024_0412_18:47:14 15 -9.8 12.575
2024_0412_18:47:29 15 1.725 -2.05
2024_0412_18:47:33 15 30.575 78.875
2024_0412_18:48:10 15 35.85 6.725
2024_0412_18:48:17 15 77.5 80.175
2024_0412_18:48:33 15 36.825 -3.775
2024_0412_18:48:46 15 73.7 79.625
2024_0412_18:49:21 15 86.075 86.45
2024_0412_18:49:28 15 -0.725 0.625
2024_0412_18:49:39 15 11.55 9.925
2024_0412_18:49:40 15 -2.325 1.1
2024_0412_18:49:55 15 70.95 77.6
2024_0412_18:50:04 15 -19.15 20.825
2024_0412_18:51:01 15 -2.5 -1.625
2024_0412_18:51:02 15 14.625 12.675
2024_0412_18:51:10 15 0.575 1.25
2024_0412_18:51:49 15 -0.275 -0.175
2024_0412_18:52:08 15 -1.675 3.525
2024_0412_18:52:12 15 77.975 78.125
2024_0412_18:52:50 15 78.175 73.8
2024_0412_18:52:51 15 1.075 3.675
2024_0412_18:53:06 15 4.525 -2.125
2024_0412_18:53:21 15 3.5 -4.35
2024_0412_18:54:00 15 81.675 81.525
2024_0412_18:54:02 15 2.0 2.775
2024_0412_18:54:13 15 49.975 -49.975
2024_0412_18:54:15 15 3.5 -3.0
2024_0412_18:54:32 15 77.85 74.1
2024_0412_18:54:38 15 73.475 79.0
2024_0412_18:55:33 15 1.425 5.5
2024_0412_18:55:34 15 -0.75 2.425
2024_0412_18:55:43 15 85.375 88.125
2024_0412_18:56:25 16 4.3 10.3
2024_0412_18:56:45 16 0.775 -0.35
2024_0412_18:56:47 16 20.975 -19.25
2024_0412_18:57:22 16 -12.5 8.8
2024_0412_18:57:26 16 0.225 1.525
2024_0412_18:57:38 16 25.375 -3.15
2024_0412_18:57:58 16 87.775 86.8
2024_0412_18:58:35 16 19.175 -15.025
2024_0412_18:58:46 16 65.975 79.25
2024_0412_18:58:50 16 50.95 -17.8
2024_0412_18:59:08 16 15.825 -16.5
2024_0412_18:59:16 16 79.125 81.175
2024_0412_18:59:25 16 -3.825 32.25
2024_0412_19:00:08 16 75.925 75.3
2024_0412_19:00:12 16 3.125 30.3
2024_0412_19:00:16 16 -0.975 -1.35
2024_0412_19:00:58 16 17.15 -16.1
2024_0412_19:01:21 16 41.75 44.575
2024_0412_19:01:22 16 87.75 83.75
2024_0412_19:01:59 16 -0.9 0.25
2024_0412_19:02:00 16 0.075 -1.125
2024_0412_19:02:12 16 89.8 85.15
2024_0412_19:02:31 16 3.55 2.45
2024_0412_19:03:14 16 32.1 84.775
2024_0412_19:03:23 16 78.9 75.825
2024_0412_19:03:28 16 75.975 78.35
2024_0412_19:03:47 16 -1.9 -0.25
2024_0412_19:03:50 16 16.525 -15.55
2024_0412_19:04:02 16 85.025 86.075
2024_0412_19:04:41 16 16.35 -16.0
2024_0412_19:04:45 16 -39.7 56.55
2024_0412_19:04:51 16 84.05 77.3
2024_0412_19:05:32 16 -5.4 3.25
2024_0412_19:05:57 16 0.05 3.5
2024_0412_19:06:01 16 20.35 -1.65
2024_0412_19:06:33 16 1.125 0.4
2024_0412_19:06:42 16 -1.95 1.45
2024_0412_19:06:48 16 -1.825 -0.35
2024_0412_19:07:06 16 10.425 -9.175
2024_0412_19:07:49 16 38.575 67.55
2024_0412_19:07:57 16 -0.725 -3.175
2024_0412_19:08:06 16 85.65 78.85
2024_0412_19:08:20 16 7.125 8.7
2024_0412_19:08:27 16 2.7 1.875
2024_0412_19:08:38 16 58.475 67.9
2024_0412_19:09:15 16 86.625 85.5
2024_0412_19:09:19 16 -4.025 21.75
2024_0412_19:09:25 16 65.175 79.15
2024_0412_19:10:04 16 -2.95 2.575
2024_0412_19:10:30 16 -0.075 0.525
2024_0412_19:10:37 16 84.525 74.125
2024_0412_19:11:07 16 68.0 67.325
2024_0412_19:11:20 16 0.6 0.575
2024_0412_19:11:21 16 79.875 77.85
2024_0412_19:11:42 16 -2.1 -1.825
2024_0412_19:12:27 16 87.875 85.225
2024_0412_19:12:34 16 -10.025 10.075
2024_0412_19:12:43 16 72.675 34.0
2024_0412_19:12:53 16 77.25 78.425
2024_0412_19:13:04 16 85.6 85.525
2024_0412_19:13:14 16 63.525 46.375
2024_0412_19:13:47 16 23.25 67.4
2024_0412_19:13:50 16 -0.075 -1.35
2024_0412_19:13:58 16 1.275 3.125
2024_0412_19:14:41 16 28.0 4.925
2024_0412_19:15:06 16 33.225 82.525
2024_0412_19:15:12 16 86.125 87.95
2024_0412_19:15:38 16 30.25 -18.95
2024_0412_19:15:53 16 24.925 -24.95
2024_0412_19:15:56 16 28.65 29.3
2024_0412_19:16:20 16 85.925 87.725
2024_0412_19:17:08 16 85.85 87.15
2024_0412_19:17:21 16 76.15 78.125
2024_0412_19:17:30 16 33.975 82.125
2024_0412_19:17:49 16 0.8 -0.525
2024_0412_19:17:50 16 87.625 83.6
2024_0412_19:18:21 16 82.55 76.375
2024_0412_19:18:25 16 -6.35 16.525
2024_0412_19:18:30 16 -1.625 0.425
2024_0412_19:19:12 16 67.925 79.975
2024_0412_19:19:12 16 88.45 84.825
2024_0412_19:19:48 16 87.8 87.6
2024_0412_19:19:50 16 9.625 -10.625
2024_0412_19:20:10 16 0.55 -1.375
2024_0412_19:20:23 16 99.95 -49.95
2024_0412_19:20:30 16 2.175 -2.1
2024_0412_19:21:43 16 0.275 1.025
2024_0412_19:21:57 16 -1.3 3.0
2024_0412_19:22:27 16 77.45 80.425
2024_0412_19:22:56 16 -10.2 6.625
2024_0412_19:22:58 16 -18.875 12.375
2024_0412_19:23:03 16 -99.95 -99.95
2024_0412_19:23:46 16 78.3 77.575
2024_0412_19:23:55 16 52.325 20.4
2024_0412_19:24:20 16 88.65 87.7
2024_0412_19:24:24 16 13.425 8.4
2024_0412_19:24:30 16 7.175 -1.775
2024_0412_19:24:44 16 58.45 72.675
2024_0412_19:24:47 16 -2.5 0.15
2024_0412_19:25:01 16 51.375 46.95
2024_0412_19:25:08 16 0.275 4.825
2024_0412_19:26:15 16 3.675 -0.2
2024_0412_19:26:30 16 3.65 -0.375
2024_0412_19:26:31 16 49.95 99.95
2024_0412_19:27:03 16 1.95 -2.225
2024_0412_19:27:30 16 11.45 9.475
2024_0412_19:27:36 16 74.025 83.8
2024_0412_19:28:23 16 0.875 -3.725
2024_0412_19:28:28 16 -99.9 -49.975
2024_0412_19:28:56 16 0.2 27.45
2024_0412_19:28:57 16 80.8 72.625
2024_0412_19:29:12 16 28.45 -36.7
2024_0412_19:29:21 16 62.075 63.325
2024_0412_19:29:23 16 83.825 84.45
2024_0412_19:29:35 16 36.55 -7.125
2024_0412_19:30:45 16 1.2 0.325
2024_0412_19:30:59 16 0.4 0.95
2024_0412_19:31:02 16 0.25 -1.375
2024_0412_19:31:03 16 -11.6 37.075
2024_0412_19:31:41 16 -1.825 -1.15
2024_0412_19:31:58 16 3.8 -0.65
2024_0412_19:32:02 16 -0.95 0.1
2024_0412_19:32:12 16 84.65 84.675
2024_0412_19:32:56 16 25.975 20.825
2024_0412_19:33:06 16 1.075 -0.575
2024_0412_19:33:29 16 72.7 81.35
2024_0412_19:33:31 16 89.775 86.575
2024_0412_19:33:54 16 63.625 64.2
2024_0412_19:34:00 16 -9.625 12.65
2024_0412_19:34:09 16 1.25 -1.575
2024_0412_19:35:20 16 13.15 -9.625
2024_0412_19:35:36 17 1.775 1.425
2024_0412_19:35:37 17 26.9 48.65
2024_0412_19:35:38 16 2.25 -0.25
2024_0412_19:36:11 17 53.825 31.875
2024_0412_19:36:35 17 -1.25 -1.4
2024_0412_19:36:36 17 2.125 1.7
2024_0412_19:36:36 17 3.675 4.225
2024_0412_19:36:49 17 -0.2 2.1
2024_0412_19:37:33 17 79.85 79.775
2024_0412_19:37:43 17 10.45 14.35
2024_0412_19:38:06 17 39.925 -39.75
2024_0412_19:38:07 17 -0.85 1.35
2024_0412_19:38:30 17 87.075 86.125
2024_0412_19:38:34 17 3.1 -2.5
2024_0412_19:38:45 17 2.1 -1.95
2024_0412_19:39:55 17 1.025 -1.125
2024_0412_19:40:10 17 -0.2 -2.0
2024_0412_19:40:12 17 79.425 64.875
2024_0412_19:40:17 17 28.925 31.525
2024_0412_19:40:47 17 7.6 53.225
2024_0412_19:41:10 17 -4.6 6.8
2024_0412_19:41:12 17 1.025 -0.375
2024_0412_19:41:13 17 -51.225 47.925
2024_0412_19:41:21 17 -26.15 50.45
2024_0412_19:42:07 17 13.45 8.9
2024_0412_19:42:21 17 9.0 7.425
2024_0412_19:42:41 17 67.675 72.125
2024_0412_19:42:43 17 39.4 -39.575
2024_0412_19:43:06 17 49.9 69.725
2024_0412_19:43:10 17 8.875 0.4
2024_0412_19:43:18 17 1.05 0.15
2024_0412_19:44:34 17 78.175 77.35
2024_0412_19:44:47 17 30.975 34.575
2024_0412_19:44:48 17 70.7 71.4
2024_0412_19:44:56 17 86.15 85.15
2024_0412_19:45:28 17 -3.925 3.525
2024_0412_19:45:50 17 76.6 78.075
2024_0412_19:45:53 17 66.7 64.725
2024_0412_19:45:57 17 86.25 87.55
2024_0412_19:46:01 17 74.425 57.55
2024_0412_19:46:38 17 2.075 1.075
2024_0412_19:47:00 17 77.3 76.35
2024_0412_19:47:11 17 -8.975 19.775
2024_0412_19:47:18 17 62.525 61.25
2024_0412_19:47:41 17 16.075 -13.25
2024_0412_19:47:42 17 13.525 15.475
2024_0412_19:47:51 17 -0.225 -0.95
2024_0412_19:49:07 17 77.15 76.375
2024_0412_19:49:23 17 -1.55 0.275
2024_0412_19:49:28 17 -10.3 20.875
2024_0412_19:49:56 17 62.6 74.75
2024_0412_19:50:07 17 79.825 80.175
2024_0412_19:50:25 17 11.475 -10.775
2024_0412_19:50:30 17 2.625 -4.325
2024_0412_19:50:33 17 -1.775 -0.8
2024_0412_19:51:14 17 54.175 57.725
2024_0412_19:51:39 17 12.225 11.8
2024_0412_19:51:51 17 13.55 13.825
2024_0412_19:51:55 17 86.35 85.9
2024_0412_19:52:13 17 49.925 50.05
2024_0412_19:52:19 17 47.375 82.725
2024_0412_19:52:27 17 83.95 83.75
2024_0412_19:52:44 17 0.375 -1.375
2024_0412_19:53:40 17 11.4 24.575
2024_0412_19:54:02 17 18.4 -10.675
2024_0412_19:54:03 17 2.3 -0.5
2024_0412_19:54:33 17 4.2 3.45
2024_0412_19:55:01 17 79.2 76.5
2024_0412_19:55:12 17 67.375 68.9
2024_0412_19:55:51 17 26.175 12.625
2024_0412_19:56:18 17 0.45 0.4
2024_0412_19:56:26 17 58.65 61.475
2024_0412_19:56:29 17 0.325 -2.175
2024_0412_19:56:53 17 -5.825 8.8
2024_0412_19:56:57 17 -19.875 20.175
2024_0412_19:57:00 17 2.425 -0.4
2024_0412_19:57:23 17 77.4 73.4
2024_0412_19:57:51 17 -3.275 -0.75
2024_0412_19:58:17 17 75.35 71.1
2024_0412_19:58:36 17 70.4 73.6
2024_0412_19:58:37 17 5.9 7.875
2024_0412_19:59:09 17 12.5 -7.8
2024_0412_19:59:11 17 -10.225 10.625
2024_0412_19:59:37 17 -9.475 1.1
2024_0412_19:59:47 17 -8.975 6.45
2024_0412_20:00:28 17 10.95 -9.675
2024_0412_20:00:54 17 -2.7 -0.725
2024_0412_20:01:04 17 -5.825 6.0
2024_0412_20:01:06 17 86.05 85.55
2024_0412_20:01:29 17 11.825 14.2
2024_0412_20:01:30 17 0.425 -0.9
2024_0412_20:01:34 17 0.55 -3.1
2024_0412_20:02:01 17 47.275 65.2
2024_0412_20:02:25 17 79.625 68.275
2024_0412_20:02:56 17 -10.0 11.95
2024_0412_20:03:11 17 -1.45 -0.05
2024_0412_20:03:15 17 -0.275 -1.575
2024_0412_20:03:42 17 -25.675 26.75
2024_0412_20:03:52 17 79.1 74.4
2024_0412_20:04:22 17 2.0 0.5
2024_0412_20:05:02 17 -1.1 -1.425
2024_0412_20:05:26 17 1.85 -0.475
2024_0412_20:05:38 17 -3.75 -4.075
2024_0412_20:06:04 17 -11.125 11.3
2024_0412_20:06:04 17 -0.825 4.0
2024_0412_20:06:12 17 31.7 48.5
2024_0412_20:06:40 17 1.425 1.35
2024_0412_20:07:16 17 17.675 16.525
2024_0412_20:07:34 17 78.725 77.5
2024_0412_20:07:34 17 -13.15 15.6
2024_0412_20:07:43 17 1.8 1.675
2024_0412_20:07:53 17 -0.525 -3.075
2024_0412_20:08:15 17 0.7 -1.025
2024_0412_20:08:40 17 1.925 0.25
2024_0412_20:09:11 17 2.225 -0.625
2024_0412_20:09:36 17 84.525 79.6
2024_0412_20:10:00 17 -0.875 2.85
2024_0412_20:10:13 17 12.1 15.6
2024_0412_20:10:16 17 -1.075 2.225
2024_0412_20:10:38 17 -1.15 -1.65
2024_0412_20:10:42 17 75.35 78.825
2024_0412_20:10:47 17 25.225 9.075
2024_0412_20:11:43 17 -0.675 1.075
2024_0412_20:11:53 17 0.025 0.325
2024_0412_20:12:09 17 -3.25 -4.475
2024_0412_20:12:11 17 85.45 32.95
2024_0412_20:12:22 17 -1.675 0.775
2024_0412_20:12:32 17 82.5 83.7
2024_0412_20:13:14 17 15.1 -4.875
2024_0412_20:13:44 17 16.25 -12.4
2024_0412_20:14:12 17 50.425 -49.85
2024_0412_20:14:36 17 85.15 88.9
2024_0412_20:14:49 17 75.825 81.4
2024_0412_20:14:53 17 -12.85 5.525
2024_0412_20:15:15 17 0.6 -0.675
2024_0412_20:15:18 17 44.825 -21.9
2024_0412_20:15:24 17 48.55 -47.8
2024_0412_20:16:20 17 14.05 13.325
2024_0412_20:16:45 17 2.65 -0.025
2024_0412_20:16:50 17 62.275 72.575
2024_0412_20:16:53 17 1.0 -1.675
2024_0412_20:17:50 17 38.75 35.75
2024_0412_20:17:52 17 4.175 0.025
2024_0412_20:18:21 17 42.325 66.35
2024_0412_20:18:29 17 79.35 30.825
2024_0412_20:18:49 17 1.95 -0.075
2024_0412_20:19:08 17 -99.95 49.975
2024_0412_20:19:28 17 89.525 85.625
2024_0412_20:19:33 17 75.65 76.775
2024_0412_20:19:54 17 -1.55 1.25
2024_0412_20:19:58 17 57.35 55.75
2024_0412_20:20:04 17 86.925 86.55
2024_0412_20:20:56 17 1.025 -2.5
2024_0412_20:21:13 17 -14.05 10.05
2024_0412_20:21:22 17 66.95 68.65
2024_0412_20:21:25 17 0.925 -0.95
2024_0412_20:21:30 17 86.85 86.2
2024_0412_20:22:27 18 85.475 86.25
2024_0412_20:22:27 18 3.475 -0.35
2024_0412_20:22:55 18 84.05 75.175
2024_0412_20:23:10 18 13.45 32.25
2024_0412_20:23:24 18 3.925 8.075
2024_0412_20:23:44 18 30.2 -15.05
2024_0412_20:24:06 18 83.625 34.05
2024_0412_20:24:12 18 77.475 64.3
2024_0412_20:24:28 18 48.525 -5.8
2024_0412_20:24:38 18 -4.375 16.175
2024_0412_20:24:41 18 0.825 5.325
2024_0412_20:25:29 18 0.525 -1.225
2024_0412_20:25:50 18 -0.325 -0.925
2024_0412_20:26:01 18 -2.75 -2.35
2024_0412_20:26:06 18 86.725 85.025
2024_0412_20:26:13 18 25.15 28.525
2024_0412_20:27:04 18 61.15 68.675
2024_0412_20:27:05 18 -7.05 16.25
2024_0412_20:27:32 18 7.75 -1.6
2024_0412_20:27:44 18 -0.3 -0.85
2024_0412_20:27:58 18 75.575 77.925
2024_0412_20:28:21 18 46.425 46.7
2024_0412_20:28:45 18 -3.5 0.825
2024_0412_20:28:50 18 88.15 84.825
2024_0412_20:29:02 18 -1.55 -0.85
2024_0412_20:29:14 18 77.9 80.05
2024_0412_20:29:16 18 -33.6 5.075
2024_0412_20:30:05 18 0.4 0.175
2024_0412_20:30:24 18 -10.85 15.0
2024_0412_20:30:47 18 62.9 71.675
2024_0412_20:30:49 18 -1.9 -0.4
2024_0412_20:30:51 18 79.35 74.975
2024_0412_20:31:37 18 0.3 -1.05
2024_0412_20:31:40 18 13.95 -11.45
2024_0412_20:32:08 18 -0.35 0.0
2024_0412_20:32:21 18 0.275 -0.825
2024_0412_20:32:36 18 74.0 45.25
2024_0412_20:32:57 18 -6.1 4.8
2024_0412_20:33:22 18 1.975 0.375
2024_0412_20:33:27 18 51.225 -7.2
2024_0412_20:33:49 18 76.075 75.575
2024_0412_20:33:55 18 3.825 4.625
2024_0412_20:34:48 18 -1.775 -1.375
2024_0412_20:34:57 18 -12.85 -22.05
2024_0412_20:35:23 18 36.25 34.8
2024_0412_20:35:26 18 -0.125 2.8
2024_0412_20:35:26 18 1.325 1.975
2024_0412_20:36:14 18 86.9 85.85
2024_0412_20:36:16 18 25.425 37.175
2024_0412_20:36:46 18 81.4 65.725
2024_0412_20:36:56 18 0.125 -0.85
2024_0412_20:37:12 18 8.5 -3.325
2024_0412_20:37:33 18 -11.75 46.725
2024_0412_20:37:35 18 2.475 -1.8
2024_0412_20:38:01 18 3.7 7.125
2024_0412_20:38:04 18 4.575 30.4
2024_0412_20:38:27 18 1.325 2.675
2024_0412_20:38:34 18 67.675 47.85
2024_0412_20:39:22 18 -35.35 45.4
2024_0412_20:39:31 18 -7.425 25.25
2024_0412_20:39:58 18 31.875 25.975
2024_0412_20:40:00 18 49.95 99.925
2024_0412_20:40:41 18 -0.05 -0.05
2024_0412_20:40:51 18 2.425 -0.75
2024_0412_20:41:03 18 -37.125 38.35
2024_0412_20:41:26 18 82.95 83.475
2024_0412_20:41:31 18 88.325 80.325
2024_0412_20:41:47 18 -0.45 -1.025
2024_0412_20:42:10 18 13.625 23.05
2024_0412_20:42:10 18 69.55 43.825
2024_0412_20:42:42 18 80.75 80.6
2024_0412_20:42:48 18 66.4 49.85
2024_0412_20:43:08 18 24.825 47.5
2024_0412_20:43:16 18 -20.575 18.85
2024_0412_20:44:02 18 -13.25 13.05
2024_0412_20:44:02 18 0.25 -0.675
2024_0412_20:44:35 18 86.925 88.75
2024_0412_20:44:48 18 38.1 91.925
2024_0412_20:45:28 18 85.225 85.625
2024_0412_20:45:49 18 -1.675 3.225
2024_0412_20:46:02 18 0.575 -0.8
2024_0412_20:46:25 18 86.325 85.875
2024_0412_20:46:43 18 -9.875 13.85
2024_0412_20:46:44 18 7.6 8.525
2024_0412_20:47:25 18 79.425 80.5
2024_0412_20:47:41 18 12.7 13.525
2024_0412_20:47:58 18 1.45 -2.725
2024_0412_20:47:59 18 -0.25 3.15
2024_0412_20:48:34 18 75.15 79.95
2024_0412_20:48:38 18 -12.35 12.825
2024_0412_20:48:39 18 -2.2 2.8
2024_0412_20:49:08 18 -99.9 99.85
2024_0412_20:49:23 18 80.7 78.575
2024_0412_20:49:59 18 69.65 80.15
2024_0412_20:50:08 18 72.4 72.25
2024_0412_20:50:31 18 86.075 87.125
2024_0412_20:50:39 18 28.925 -4.65
2024_0412_20:51:01 18 -0.625 -0.3
2024_0412_20:51:21 18 -22.225 45.075
2024_0412_20:51:40 18 -0.275 1.0
2024_0412_20:52:11 18 8.075 7.525
2024_0412_20:52:16 18 0.825 0.925
2024_0412_20:52:34 18 12.275 -10.8
2024_0412_20:52:36 18 -0.975 -1.4
2024_0412_20:53:14 18 25.125 71.575
2024_0412_20:53:20 18 78.4 78.625
2024_0412_20:53:20 18 -0.3 -1.475
2024_0412_20:53:53 18 82.8 71.8
2024_0412_20:53:56 18 -1.375 1.425
2024_0412_20:54:36 18 9.175 4.425
2024_0412_20:54:57 18 86.625 87.85
2024_0412_20:55:09 18 41.3 36.5
2024_0412_20:55:23 18 77.3 71.275
2024_0412_20:55:37 18 -99.9 99.9
2024_0412_20:55:57 18 14.875 19.625
2024_0412_20:56:17 18 5.225 1.625
2024_0412_20:56:47 18 99.9 -50.025
2024_0412_20:56:58 18 -0.8 2.0
2024_0412_20:57:13 18 79.55 74.425
2024_0412_20:57:22 18 79.825 62.975
2024_0412_20:57:53 18 11.475 -6.35
2024_0412_20:57:55 18 0.0 -1.15
2024_0412_20:57:55 18 1.9 1.9
2024_0412_20:58:29 18 -1.1 1.25
2024_0412_20:58:30 18 -1.675 -1.0
2024_0412_20:59:13 18 11.2 -7.725
2024_0412_20:59:35 18 78.3 71.5
2024_0412_20:59:53 18 78.275 73.225
2024_0412_21:00:01 18 0.0 2.175
2024_0412_21:00:15 18 28.075 -0.375
2024_0412_21:00:32 18 2.025 -0.075
2024_0412_21:00:54 18 0.625 -2.0
2024_0412_21:01:23 18 4.5 -2.05
2024_0412_21:01:38 18 -0.5 0.225
2024_0412_21:01:49 18 48.725 47.15
2024_0412_21:01:59 18 -0.15 -0.35
2024_0412_21:02:33 18 80.05 86.775
2024_0412_21:02:39 18 77.125 78.3
2024_0412_21:02:42 18 0.075 4.15
2024_0412_21:03:04 18 87.6 86.275
2024_0412_21:03:06 18 86.775 85.075
2024_0412_21:03:48 18 -7.55 6.75
2024_0412_21:04:13 18 71.075 71.65
2024_0412_21:04:29 18 9.525 -10.825
2024_0412_21:04:36 18 86.225 84.775
2024_0412_21:04:50 18 9.25 5.35
2024_0412_21:05:05 18 -0.375 0.525
2024_0412_21:05:32 18 -19.35 33.9
2024_0412_21:05:58 18 -3.05 -1.975
2024_0412_21:06:11 18 -16.0 42.525
2024_0412_21:06:22 18 12.625 12.35
2024_0412_21:06:39 18 40.4 1.075
2024_0412_21:07:16 18 0.3 0.675
2024_0412_21:07:16 18 -8.975 10.325
2024_0412_21:07:38 18 6.825 -8.75
2024_0412_21:07:40 18 -13.475 42.6
2024_0412_21:08:25 18 78.8 77.1
2024_0412_21:08:47 18 3.125 5.425
2024_0412_21:09:00 18 -49.975 -49.975
2024_0412_21:09:26 18 -3.125 0.125
2024_0412_21:09:30 18 73.6 72.0
2024_0412_21:09:39 18 2.875 -1.75
2024_0412_21:10:09 18 1.975 0.175
2024_0412_21:10:34 18 -3.55 3.225
2024_0412_21:10:46 18 11.5 -10.9
2024_0412_21:10:59 18 -1.8 1.25
2024_0412_21:11:15 18 79.625 74.25
2024_0412_21:11:53 18 10.45 14.05
2024_0412_21:11:53 18 19.45 -17.025
2024_0412_21:12:15 19 -50.925 50.375
2024_0412_21:12:15 18 -7.825 72.825
2024_0412_21:13:00 19 79.15 -80.2
2024_0412_21:13:21 19 80.2 59.975
2024_0412_21:13:34 19 0.675 -1.7
2024_0412_21:14:02 19 84.55 88.975
2024_0412_21:14:05 19 -0.925 -0.075
2024_0412_21:14:20 19 0.05 -0.975
2024_0412_21:14:43 19 -0.2 -1.45
2024_0412_21:14:50 19 -0.75 0.625
2024_0412_21:15:08 19 8.8 -1.325
2024_0412_21:15:33 19 75.125 79.0
2024_0412_21:15:44 19 -17.35 14.05
2024_0412_21:15:55 19 87.875 38.325
2024_0412_21:16:31 19 77.2 79.425
2024_0412_21:16:33 19 -1.375 1.55
2024_0412_21:16:50 19 74.575 75.75
2024_0412_21:16:57 19 83.9 41.825
2024_0412_21:17:53 19 -2.5 0.925
2024_0412_21:18:10 19 78.775 73.7
2024_0412_21:18:40 19 -1.7 -4.1
2024_0412_21:18:41 19 -0.925 2.4
2024_0412_21:18:57 19 -1.075 0.0
2024_0412_21:19:21 19 12.05 66.025
2024_0412_21:19:23 19 2.85 -0.675
2024_0412_21:19:44 19 0.3 1.35
2024_0412_21:20:06 19 -9.05 10.275
2024_0412_21:20:20 19 4.15 -3.3
2024_0412_21:20:26 19 1.525 1.475
2024_0412_21:21:08 19 0.25 -1.1
2024_0412_21:21:13 19 78.35 72.725
2024_0412_21:21:28 19 41.675 80.225
2024_0412_21:21:47 19 1.975 2.5
2024_0412_21:22:32 19 44.75 41.775
2024_0412_21:22:47 19 1.15 -1.775
2024_0412_21:23:07 19 -0.8 -0.45
2024_0412_21:23:18 19 -1.65 -2.375
2024_0412_21:23:19 19 76.525 79.725
2024_0412_21:23:32 19 4.75 41.225
2024_0412_21:24:03 19 12.75 -14.125
2024_0412_21:24:44 19 29.775 -0.275
2024_0412_21:24:58 19 45.675 50.375
2024_0412_21:25:04 19 3.95 -1.125
2024_0412_21:25:31 19 4.6 3.475
2024_0412_21:25:52 19 -4.75 -1.4
2024_0412_21:26:01 19 -1.525 -0.85
2024_0412_21:26:22 19 0.925 -1.875
2024_0412_21:27:07 19 -1.25 -2.15
2024_0412_21:27:27 19 10.125 -9.125
2024_0412_21:27:49 19 7.975 1.375
2024_0412_21:27:54 19 -0.125 0.25
2024_0412_21:27:56 19 87.75 84.925
2024_0412_21:28:09 19 18.025 -20.15
2024_0412_21:28:37 19 16.725 -16.925
2024_0412_21:28:56 19 29.575 28.75
2024_0412_21:29:21 19 -3.35 -0.225
2024_0412_21:29:33 19 -4.625 3.425
2024_0412_21:29:39 19 4.7 -6.675
2024_0412_21:30:13 19 -10.375 22.675
2024_0412_21:30:25 19 77.0 75.025
2024_0412_21:30:30 19 0.5 -1.475
2024_0412_21:30:38 19 -5.375 27.875
2024_0412_21:31:03 19 70.95 43.375
2024_0412_21:31:42 19 73.425 -0.625
2024_0412_21:32:11 19 67.225 48.25
2024_0412_21:32:20 19 -0.575 -1.475
2024_0412_21:32:30 19 0.2 -1.45
2024_0412_21:32:34 19 77.9 81.425
2024_0412_21:32:50 19 18.65 -19.9
2024_0412_21:33:14 19 87.85 83.85
2024_0412_21:33:34 19 3.125 1.975
2024_0412_21:33:56 19 10.05 -0.3
2024_0412_21:34:16 19 -11.475 14.525
2024_0412_21:34:49 19 30.575 32.725
2024_0412_21:35:09 19 79.075 79.675
2024_0412_21:35:10 19 0.15 2.725
2024_0412_21:35:15 19 0.075 -1.5
2024_0412_21:35:42 19 75.05 61.025
2024_0412_21:36:21 19 3.35 -0.225
2024_0412_21:36:47 19 -49.9 49.85
2024_0412_21:36:54 19 0.35 7.55
2024_0412_21:37:09 20 11.425 36.775
2024_0412_21:37:21 20 57.725 52.025
2024_0412_21:37:23 20 49.975 -49.975
2024_0412_21:37:28 20 -0.425 4.075
2024_0412_21:37:54 20 4.275 40.775
2024_0412_21:38:10 20 4.275 -2.55
2024_0412_21:38:31 20 -49.975 -50.025
2024_0412_21:39:04 20 8.4 25.975
2024_0412_21:39:25 20 -7.725 4.45
2024_0412_21:39:45 20 6.7 -2.95
2024_0412_21:39:48 20 -3.95 -3.35
2024_0412_21:39:57 20 66.775 78.05
2024_0412_21:40:17 20 0.775 0.025
2024_0412_21:40:56 20 8.7 3.55
2024_0412_21:41:35 20 30.7 41.4
2024_0412_21:41:47 20 23.025 21.05
2024_0412_21:42:00 20 -0.175 0.175
2024_0412_21:42:02 20 85.05 88.15
2024_0412_21:42:04 20 0.6 1.425
2024_0412_21:42:10 20 77.725 77.275
2024_0412_21:42:30 20 -0.425 -0.275
2024_0412_21:42:46 20 -12.375 15.525
2024_0412_21:43:43 20 53.2 -7.45
2024_0412_21:44:05 20 0.925 0.8
2024_0412_21:44:20 20 10.25 -9.8
2024_0412_21:44:27 20 71.85 75.1
2024_0412_21:44:32 20 18.5 -16.3
2024_0412_21:44:51 20 -0.05 0.025
2024_0412_21:46:16 20 71.05 79.85
2024_0412_21:46:23 20 76.9 77.1
2024_0412_21:46:37 20 2.625 0.075
2024_0412_21:46:42 20 -14.0 14.0
2024_0412_21:46:47 20 0.05 -2.3
2024_0412_21:46:52 20 3.7 -1.55
2024_0412_21:47:06 20 78.45 70.775
2024_0412_21:47:22 20 71.7 76.6
2024_0412_21:47:29 20 86.75 85.05
2024_0412_21:48:14 20 -49.975 49.975
2024_0412_21:48:38 20 7.1 8.5
2024_0412_21:48:40 20 49.925 -49.75
2024_0412_21:48:56 20 -2.025 5.7
2024_0412_21:49:01 20 -1.225 -2.4
2024_0412_21:49:07 20 1.475 3.175
2024_0412_21:49:27 20 84.025 85.125
2024_0412_21:50:55 20 28.1 -3.875
2024_0412_21:51:08 20 18.5 21.575
2024_0412_21:51:14 20 85.3 83.35
2024_0412_21:51:17 20 8.075 6.575
2024_0412_21:51:26 20 76.7 73.175
2024_0412_21:51:35 20 72.9 78.125
2024_0412_21:51:49 20 -12.8 35.475
2024_0412_21:52:00 20 6.4 9.025
2024_0412_21:52:07 20 -1.0 44.95
2024_0412_21:52:58 20 -1.375 -1.1
2024_0412_21:53:16 20 -0.025 -1.425
2024_0412_21:53:25 20 76.025 74.025
2024_0412_21:53:37 20 26.85 31.35
2024_0412_21:53:43 20 11.2 13.375
2024_0412_21:53:57 20 99.775 49.925
2024_0412_21:54:09 20 69.475 51.55
2024_0412_21:55:33 20 -22.3 20.0
2024_0412_21:55:49 20 40.875 19.625
2024_0412_21:55:51 20 -11.175 10.025
2024_0412_21:55:54 20 13.225 -13.65
2024_0412_21:56:06 20 22.325 2.95
2024_0412_21:56:32 20 58.6 79.35
2024_0412_21:56:38 20 -0.45 3.05
2024_0412_21:56:46 20 0.1 0.025
2024_0412_21:57:02 20 78.725 74.95
2024_0412_21:57:32 20 79.1 76.725
2024_0412_21:57:59 20 87.15 86.75
2024_0412_21:58:05 20 -5.8 93.825
2024_0412_21:58:16 20 0.8 -2.175
2024_0412_21:58:25 20 -0.875 -0.15
2024_0412_21:58:38 20 13.05 12.575
2024_0412_21:58:43 20 -99.95 -49.975
2024_0412_22:00:12 20 40.925 89.75
2024_0412_22:00:26 20 39.425 -40.35
2024_0412_22:00:30 20 51.6 62.425
2024_0412_22:00:30 20 40.275 46.6
2024_0412_22:00:42 20 -1.475 2.075
2024_0412_22:01:14 20 2.25 -0.1
2024_0412_22:01:15 20 -0.35 0.15
2024_0412_22:01:25 20 38.825 87.875
2024_0412_22:01:41 20 31.1 -25.55
2024_0412_22:02:16 20 1.25 -1.7
2024_0412_22:02:41 20 47.05 -5.625
2024_0412_22:02:44 20 5.725 34.2
2024_0412_22:02:55 20 8.35 -5.225
2024_0412_22:03:01 20 -15.45 23.825
2024_0412_22:03:20 20 35.4 24.65
2024_0412_22:04:48 20 -30.425 29.325
2024_0412_22:05:02 20 81.3 62.15
2024_0412_22:05:04 20 -1.25 -1.725
2024_0412_22:05:08 20 2.025 0.575
2024_0412_22:05:22 20 1.325 -0.85
2024_0412_22:05:53 20 5.825 5.375
2024_0412_22:05:53 20 46.825 -6.875
2024_0412_22:06:01 20 48.525 -49.325
2024_0412_22:06:18 20 0.3 -0.45
2024_0412_22:06:50 20 49.975 -49.975
2024_0412_22:07:17 5 86.475 85.7
2024_0412_22:07:20 9 86.875 87.4
2024_0412_22:07:29 13 1.775 0.85
2024_0412_22:07:37 13 72.55 79.475
2024_0412_22:07:53 13 77.625 73.15
2024_0412_22:09:10 13 9.875 -9.125
2024_0412_22:09:23 13 0.15 1.425
2024_0412_22:09:37 14 2.25 2.125
2024_0412_22:09:43 14 81.575 78.675
2024_0412_22:09:43 14 -1.375 1.875
2024_0412_22:09:57 14 79.875 82.4
2024_0412_22:10:27 15 88.65 86.075
2024_0412_22:10:29 15 -2.65 1.225
2024_0412_22:10:52 15 39.375 23.75
2024_0412_22:10:58 15 59.45 75.6
2024_0412_22:11:22 15 -0.025 0.0
2024_0412_22:11:52 15 -2.475 0.65
2024_0412_22:11:57 15 63.8 43.525
2024_0412_22:12:09 15 -0.425 -3.775
2024_0412_22:12:12 15 0.35 0.475
2024_0412_22:12:27 15 -13.525 13.85
2024_0412_22:13:47 16 -0.575 0.125
2024_0412_22:14:02 16 79.8 77.975
2024_0412_22:14:14 16 -37.4 37.95
2024_0412_22:14:16 16 -0.55 0.15
2024_0412_22:14:21 16 3.7 6.0
2024_0412_22:14:36 16 1.575 0.875
2024_0412_22:15:00 16 40.275 -39.425
2024_0412_22:15:09 16 1.35 0.475
2024_0412_22:15:25 16 22.8 -17.325
2024_0412_22:15:31 17 3.775 -1.2
2024_0412_22:15:57 17 9.525 -8.35
2024_0412_22:16:32 17 34.2 1.6
2024_0412_22:16:34 17 1.225 0.625
2024_0412_22:16:45 17 -1.025 -1.575
2024_0412_22:16:46 17 71.075 69.775
2024_0412_22:17:00 17 3.775 6.525
2024_0412_22:18:30 17 55.675 51.6
2024_0412_22:18:38 17 46.775 39.05
2024_0412_22:18:51 17 76.1 -75.35
2024_0412_22:18:51 17 52.525 32.425
2024_0412_22:19:04 17 45.775 68.9
2024_0412_22:19:11 17 1.8 8.55
2024_0412_22:19:36 18 2.325 -0.725
2024_0412_22:19:52 18 74.925 68.125
2024_0412_22:19:57 18 0.575 -0.875
2024_0412_22:20:13 18 0.425 -2.425
2024_0412_22:20:37 18 23.65 42.95
2024_0412_22:21:08 18 30.525 -10.2
2024_0412_22:21:12 18 13.35 -12.35
2024_0412_22:21:22 18 28.425 60.225
2024_0412_22:21:26 19 -1.4 1.025
2024_0412_22:21:38 18 1.35 2.7
2024_0412_22:23:14 19 0.525 1.35
2024_0412_22:23:16 19 -1.575 2.325
2024_0412_22:23:27 19 49.275 -49.225
2024_0412_22:23:41 19 0.875 -0.375
2024_0412_22:23:48 19 30.375 27.525
2024_0412_22:24:11 19 10.125 -8.125
2024_0412_22:24:28 19 23.725 -24.625
2024_0412_22:24:41 19 77.825 77.525
2024_0412_22:24:47 19 1.15 2.875
2024_0412_22:25:14 20 38.875 -39.225
2024_0412_22:25:44 20 -0.4 0.85
2024_0412_22:25:50 20 1.65 0.975
2024_0412_22:25:56 20 -0.7 -1.55
2024_0412_22:25:57 20 24.1 -25.125
2024_0412_22:26:11 20 1.975 2.95
2024_0412_22:26:53 20 0.5 0.15
2024_0412_22:27:46 17 47.45 -34.475
2024_0412_22:27:46 19 15.7 -16.0
