0.20683000000013646 0.11868500000004831 0.027855000000003193 0.006694999999999811 0.02275500000000163 0.021925000000001377 0.020545000000000955 0.020290000000000877 0.020255000000000866 0.007929999999999762 0.0439749999999993 0.03667500000000213 0.061654999999992445 0.05844999999999369 0.06654999999999617 0.050869999999996626 0.06415999999999378 0.06262999999999225 0.04189000000000011 0.03938000000000108 
2024_0412_09:52:17 11 -0.2 -2.65
2024_0412_09:52:18 7 57.45 54.2
2024_0412_09:52:18 6 73.6 71.6
2024_0412_09:52:18 6 75.35 74.2
2024_0412_09:52:20 11 62.15 56.15
2024_0412_09:52:20 1 71.75 74.15
2024_0412_09:52:20 5 73.3 75.85
2024_0412_09:52:20 3 61.75 60.1
2024_0412_09:52:20 10 61.75 65.0
2024_0412_09:52:21 8 62.1 57.95
2024_0412_09:52:21 2 59.25 62.15
2024_0412_09:52:21 2 44.7 59.2
2024_0412_09:52:21 1 73.3 73.1
2024_0412_09:52:22 4 52.1 53.75
2024_0412_09:52:24 1 76.3 71.75
2024_0412_09:52:26 9 74.95 76.0
2024_0412_09:56:54 13 46.95 30.4
2024_0412_09:56:55 12 50.85 -23.4
2024_0412_09:56:57 13 -46.25 47.5
2024_0412_09:56:58 15 -0.6 -0.9
2024_0412_09:56:59 16 -0.15 1.65
2024_0412_09:56:59 15 2.05 0.0
2024_0412_09:57:00 20 -1.5 1.95
2024_0412_09:57:01 18 -9.15 11.15
2024_0412_09:57:02 14 65.35 65.05
2024_0412_09:57:04 17 0.0 2.0
2024_0412_09:57:07 17 1.7 1.0
2024_0412_09:57:09 20 -1.95 1.2
2024_0412_09:57:16 18 23.65 -14.8
2024_0412_09:58:25 19 10.25 10.3
2024_0412_10:03:15 11 1.55 3.9
2024_0412_10:03:16 11 69.5 60.4
2024_0412_10:03:17 6 77.15 75.55
2024_0412_10:03:17 8 56.75 47.1
2024_0412_10:03:17 1 76.05 75.15
2024_0412_10:03:17 2 59.6 65.4
2024_0412_10:03:19 7 63.05 63.0
2024_0412_10:03:19 3 51.25 64.55
2024_0412_10:03:19 11 2.05 1.85
2024_0412_10:03:19 11 49.9 49.9
2024_0412_10:03:19 12 -16.35 16.7
2024_0412_10:03:20 10 64.9 48.35
2024_0412_10:03:21 5 73.7 74.75
2024_0412_10:03:22 9 74.35 75.95
2024_0412_10:03:24 4 57.15 58.65
2024_0412_10:03:25 11 1.15 2.75
2024_0412_10:08:03 12 56.0 65.0
2024_0412_10:08:04 13 11.5 -10.2
2024_0412_10:08:06 13 70.8 69.75
2024_0412_10:08:06 13 -4.4 39.4
2024_0412_10:08:09 14 68.05 78.75
2024_0412_10:08:10 15 1.95 30.0
2024_0412_10:08:10 16 -9.6 50.0
2024_0412_10:08:10 18 70.2 72.75
2024_0412_10:08:11 19 2.05 -1.85
2024_0412_10:08:11 17 0.0 1.7
2024_0412_10:08:12 13 -16.8 38.55
2024_0412_10:08:13 20 49.95 -49.8
2024_0412_10:08:13 20 76.25 72.85
2024_0412_10:08:13 13 49.7 40.65
2024_0412_10:13:11 8 55.25 9.75
2024_0412_10:13:11 7 58.7 58.95
2024_0412_10:13:12 6 72.8 75.8
2024_0412_10:13:12 11 1.4 4.15
2024_0412_10:13:12 11 74.3 79.3
2024_0412_10:13:13 2 53.4 59.0
2024_0412_10:13:13 12 4.0 4.2
2024_0412_10:13:14 12 57.3 66.75
2024_0412_10:13:14 5 72.55 74.75
2024_0412_10:13:15 3 59.95 24.8
2024_0412_10:13:15 10 60.75 62.55
2024_0412_10:13:15 1 73.15 71.5
2024_0412_10:13:15 9 75.0 77.8
2024_0412_10:13:15 4 64.25 54.55
2024_0412_10:13:15 12 53.75 62.8
2024_0412_10:13:17 11 52.55 13.4
2024_0412_10:18:07 14 1.2 -1.55
2024_0412_10:18:08 12 -3.3 -1.0
2024_0412_10:18:08 13 25.75 -11.65
2024_0412_10:18:10 13 1.8 -1.0
2024_0412_10:18:11 15 48.2 60.4
2024_0412_10:18:12 16 -30.85 44.25
2024_0412_10:18:12 13 74.1 71.5
2024_0412_10:18:13 18 -73.55 72.55
2024_0412_10:18:13 13 69.1 71.4
2024_0412_10:18:13 17 31.8 79.55
2024_0412_10:18:15 15 54.05 64.85
2024_0412_10:18:16 16 14.15 8.7
2024_0412_10:18:17 18 -2.55 0.15
2024_0412_10:18:17 16 24.05 36.35
2024_0412_10:18:18 18 -10.1 7.35
2024_0412_10:18:19 16 -2.3 -1.05
2024_0412_10:22:48 18 -2.9 -3.05
2024_0412_10:22:51 19 33.1 -14.05
2024_0412_10:22:51 18 -0.2 0.25
2024_0412_10:22:51 20 -1.45 -2.5
2024_0412_10:22:52 19 9.5 -5.05
2024_0412_10:22:53 20 2.75 1.15
2024_0412_10:22:56 20 -0.85 -1.15
2024_0412_10:22:56 20 10.45 -10.3
2024_0412_10:27:39 11 -5.1 -0.6
2024_0412_10:27:40 7 61.2 56.3
2024_0412_10:27:41 11 -1.6 -0.5
2024_0412_10:27:41 1 72.6 70.55
2024_0412_10:27:41 11 66.3 53.2
2024_0412_10:27:41 11 1.15 1.95
2024_0412_10:27:42 11 0.2 0.2
2024_0412_10:27:42 8 59.15 62.05
2024_0412_10:27:42 3 19.65 36.4
2024_0412_10:27:43 2 54.85 60.0
2024_0412_10:27:43 5 76.85 73.5
2024_0412_10:27:43 8 62.55 51.95
2024_0412_10:27:43 6 76.05 72.5
2024_0412_10:27:44 10 59.4 61.4
2024_0412_10:27:48 9 76.25 76.5
2024_0412_10:30:07 11 59.0 64.9
2024_0412_10:32:22 11 6.25 1.65
2024_0412_10:32:25 11 -99.9 50.0
2024_0412_10:32:27 12 73.3 72.5
2024_0412_10:32:28 12 62.5 49.35
2024_0412_10:32:29 13 46.5 -51.2
2024_0412_10:32:29 12 50.65 53.15
2024_0412_10:32:29 12 62.5 51.75
2024_0412_10:32:29 12 -33.7 41.2
2024_0412_10:32:31 12 2.05 2.6
2024_0412_10:32:31 12 58.25 53.3
2024_0412_10:32:32 12 27.05 42.05
2024_0412_10:32:33 13 23.55 -5.6
2024_0412_10:32:33 13 62.4 50.1
2024_0412_10:32:39 13 -4.25 0.6
2024_0412_10:34:53 13 -2.95 -0.25
2024_0412_10:35:22 13 29.3 19.05
2024_0412_10:37:06 13 5.85 1.5
2024_0412_10:37:11 14 2.15 -2.3
2024_0412_10:37:11 13 0.25 4.75
2024_0412_10:37:12 13 35.0 58.05
2024_0412_10:37:13 14 3.55 -0.6
2024_0412_10:37:13 14 -2.55 2.05
2024_0412_10:37:17 14 -16.05 8.55
2024_0412_10:37:18 13 71.05 76.4
2024_0412_10:37:18 14 24.55 52.35
2024_0412_10:37:18 14 -3.45 0.05
2024_0412_10:37:19 14 53.3 59.5
2024_0412_10:37:24 14 74.1 71.25
2024_0412_10:37:28 14 1.2 -0.55
2024_0412_10:37:28 14 56.9 50.6
2024_0412_10:39:39 14 75.45 46.0
2024_0412_10:40:10 14 -1.8 -1.65
2024_0412_10:41:52 14 1.0 0.55
2024_0412_10:42:00 15 -6.4 2.1
2024_0412_10:42:04 14 61.45 49.65
2024_0412_10:42:05 15 -2.1 -0.05
2024_0412_10:42:05 15 5.05 -2.05
2024_0412_10:42:10 15 31.65 6.45
2024_0412_10:42:11 15 -1.9 -0.2
2024_0412_10:42:12 15 50.2 62.95
2024_0412_10:42:12 15 73.45 74.1
2024_0412_10:42:13 15 -3.75 -0.2
2024_0412_10:42:16 15 -38.3 28.4
2024_0412_10:42:18 15 0.4 -3.55
2024_0412_10:42:20 15 72.6 70.85
2024_0412_10:44:30 15 3.05 2.45
2024_0412_10:45:06 16 12.65 46.65
2024_0412_10:45:56 16 59.7 57.35
2024_0412_10:46:39 16 7.5 -6.2
2024_0412_10:46:51 16 12.7 -11.05
2024_0412_10:46:56 16 11.15 7.95
2024_0412_10:46:56 16 -14.25 7.2
2024_0412_10:46:58 16 -17.3 15.35
2024_0412_10:47:02 17 -2.25 1.8
2024_0412_10:47:03 17 -83.05 81.5
2024_0412_10:47:04 17 -0.7 1.7
2024_0412_10:47:05 17 1.25 -1.1
2024_0412_10:47:05 17 49.2 23.2
2024_0412_10:47:07 17 -9.65 8.95
2024_0412_10:47:09 17 -49.8 -49.9
2024_0412_10:47:11 17 1.55 0.65
2024_0412_10:49:17 17 2.75 11.25
2024_0412_10:49:55 18 -12.1 16.6
2024_0412_10:51:16 18 99.7 99.2
2024_0412_10:51:25 18 100.0 -99.8
2024_0412_10:51:34 18 19.8 -7.5
2024_0412_10:51:38 18 73.4 -53.2
2024_0412_10:51:40 18 42.15 -41.45
2024_0412_10:51:41 18 60.5 51.35
2024_0412_10:51:42 19 7.35 14.95
2024_0412_10:51:43 18 -33.4 13.0
2024_0412_10:51:44 20 -18.35 48.9
2024_0412_10:51:47 19 -21.85 34.05
2024_0412_10:51:48 20 4.7 -2.45
2024_0412_10:51:51 20 -0.2 -2.15
2024_0412_10:53:09 20 3.25 3.0
2024_0412_10:53:11 20 0.35 0.65
2024_0412_10:53:55 20 -11.6 10.85
2024_0412_10:54:29 4 52.7 46.45
2024_0412_10:55:44 13 7.1 4.6
2024_0412_10:55:54 15 -0.05 -4.8
2024_0412_10:56:03 18 62.7 59.05
2024_0412_10:56:06 18 2.6 0.2
2024_0412_10:56:18 20 15.3 -17.15
2024_0412_11:00:50 5 72.85 73.4
2024_0412_11:00:50 11 -2.55 0.35
2024_0412_11:00:50 11 0.5 -0.85
2024_0412_11:00:50 11 4.55 -2.3
2024_0412_11:00:51 11 63.6 53.4
2024_0412_11:00:52 7 66.25 69.15
2024_0412_11:00:52 11 -2.0 -1.05
2024_0412_11:00:54 3 54.2 61.35
2024_0412_11:00:54 2 61.6 64.05
2024_0412_11:00:54 4 52.2 58.95
2024_0412_11:00:55 6 72.75 72.85
2024_0412_11:00:55 1 73.75 72.0
2024_0412_11:00:56 8 62.3 56.55
2024_0412_11:00:56 9 76.85 74.25
2024_0412_11:00:57 11 67.05 55.45
2024_0412_11:00:57 10 62.05 61.9
2024_0412_11:05:20 11 1.35 1.5
2024_0412_11:05:21 11 1.8 2.35
2024_0412_11:05:22 12 1.05 0.85
2024_0412_11:05:25 12 52.55 51.0
2024_0412_11:05:25 11 -2.95 2.9
2024_0412_11:05:26 12 -3.45 2.75
2024_0412_11:05:26 13 49.85 49.95
2024_0412_11:05:30 12 73.5 74.9
2024_0412_11:05:30 13 -1.95 5.2
2024_0412_11:05:30 12 68.0 58.95
2024_0412_11:05:30 12 37.05 44.85
2024_0412_11:05:30 13 4.75 -2.4
2024_0412_11:05:31 12 77.7 -0.4
2024_0412_11:05:31 12 -0.6 -0.7
2024_0412_11:05:32 13 68.8 71.05
2024_0412_11:05:33 13 80.55 -74.75
2024_0412_11:09:52 13 2.25 0.25
2024_0412_11:09:52 13 71.5 75.85
2024_0412_11:09:54 13 -1.55 2.75
2024_0412_11:09:58 13 2.5 2.05
2024_0412_11:09:58 13 1.45 -2.3
2024_0412_11:09:59 14 77.15 81.85
2024_0412_11:10:01 14 99.85 49.9
2024_0412_11:10:03 14 1.65 3.95
2024_0412_11:10:03 13 10.25 10.25
2024_0412_11:10:04 14 56.9 10.9
2024_0412_11:10:06 14 -19.1 46.2
2024_0412_11:10:06 14 3.45 -1.25
2024_0412_11:10:06 14 -2.0 -3.1
2024_0412_11:10:07 14 42.65 36.75
2024_0412_11:10:08 14 42.15 41.65
2024_0412_11:10:10 14 63.65 46.2
2024_0412_11:14:23 14 -49.85 -49.85
2024_0412_11:14:26 14 70.45 69.1
2024_0412_11:14:31 15 -0.25 -0.9
2024_0412_11:14:32 15 -1.45 3.4
2024_0412_11:14:34 15 0.75 0.7
2024_0412_11:14:38 15 -79.2 76.65
2024_0412_11:14:38 15 -2.65 4.15
2024_0412_11:14:39 15 -20.75 24.9
2024_0412_11:14:40 15 44.75 62.85
2024_0412_11:14:40 15 5.6 1.8
2024_0412_11:14:41 15 17.0 7.55
2024_0412_11:14:42 15 -1.85 2.05
2024_0412_11:14:42 15 3.65 0.25
2024_0412_11:14:42 15 45.1 19.9
2024_0412_11:14:43 16 5.65 3.1
2024_0412_11:14:49 15 56.6 52.95
2024_0412_11:18:59 16 -1.35 4.0
2024_0412_11:19:01 16 2.8 -1.75
2024_0412_11:19:05 16 2.0 3.2
2024_0412_11:19:05 16 0.75 -1.8
2024_0412_11:19:06 16 2.45 4.25
2024_0412_11:19:10 16 -99.9 99.8
2024_0412_11:19:12 16 -3.1 -1.55
2024_0412_11:19:13 17 22.15 -16.1
2024_0412_11:19:16 17 9.8 -10.8
2024_0412_11:19:18 17 8.1 62.5
2024_0412_11:19:19 17 9.4 -2.4
2024_0412_11:19:20 17 34.75 33.85
2024_0412_11:19:20 17 74.8 75.35
2024_0412_11:19:25 17 0.7 -1.6
2024_0412_11:20:15 18 0.2 2.8
2024_0412_11:22:29 18 66.2 20.85
2024_0412_11:23:35 18 -9.4 12.55
2024_0412_11:23:36 18 66.15 71.45
2024_0412_11:23:39 18 0.25 -3.35
2024_0412_11:23:41 18 -50.0 -0.05
2024_0412_11:23:44 18 57.2 50.5
2024_0412_11:23:45 18 -1.85 -1.15
2024_0412_11:23:47 18 -4.6 5.4
2024_0412_11:23:50 18 -4.3 2.75
2024_0412_11:23:51 19 34.2 -17.2
2024_0412_11:23:52 19 -2.3 -0.65
2024_0412_11:23:53 19 -1.0 1.25
2024_0412_11:23:57 20 -24.55 53.0
2024_0412_11:24:09 20 32.5 53.3
2024_0412_11:24:56 20 -1.05 32.25
2024_0412_11:26:59 20 -99.9 0.0
2024_0412_11:27:00 20 64.3 59.45
2024_0412_11:28:03 17 1.3 1.25
2024_0412_11:28:05 17 73.45 75.9
2024_0412_11:28:13 18 57.8 54.2
2024_0412_11:28:16 20 14.75 7.5
2024_0412_11:32:51 8 50.8 54.55
2024_0412_11:32:52 11 -2.45 -0.8
2024_0412_11:32:54 5 73.15 75.6
2024_0412_11:32:54 2 45.3 58.55
2024_0412_11:32:55 7 67.1 68.5
2024_0412_11:32:55 11 62.25 60.75
2024_0412_11:32:55 11 2.5 6.35
2024_0412_11:32:56 6 70.3 75.6
2024_0412_11:32:56 3 58.3 51.95
2024_0412_11:32:56 9 73.15 73.15
2024_0412_11:32:57 1 72.0 74.45
2024_0412_11:32:57 8 46.7 44.75
2024_0412_11:32:57 11 73.55 70.15
2024_0412_11:33:03 10 64.25 60.95
2024_0412_11:33:04 4 55.35 59.85
2024_0412_11:33:06 9 75.3 71.65
2024_0412_11:37:23 11 -2.45 -1.4
2024_0412_11:37:23 11 52.15 54.75
2024_0412_11:37:24 11 -3.35 -3.8
2024_0412_11:37:25 11 -0.45 0.85
2024_0412_11:37:26 11 49.9 99.95
2024_0412_11:37:28 11 -2.35 -1.3
2024_0412_11:37:28 11 -99.8 49.95
2024_0412_11:37:28 11 0.75 -4.35
2024_0412_11:37:31 11 -2.7 1.15
2024_0412_11:37:32 11 50.65 52.3
2024_0412_11:37:33 11 75.6 71.0
2024_0412_11:37:35 11 74.9 73.95
2024_0412_11:37:36 11 76.1 74.35
2024_0412_11:37:40 12 47.3 62.35
2024_0412_11:37:42 12 -5.65 0.25
2024_0412_11:37:43 12 57.85 61.5
2024_0412_11:41:58 12 0.5 3.25
2024_0412_11:41:58 12 61.55 60.6
2024_0412_11:42:00 12 57.7 57.35
2024_0412_11:42:03 12 -0.85 -5.9
2024_0412_11:42:03 12 -3.55 2.35
2024_0412_11:42:03 12 5.7 7.9
2024_0412_11:42:04 12 -2.5 2.45
2024_0412_11:42:06 12 41.55 55.45
2024_0412_11:42:11 12 49.7 50.55
2024_0412_11:42:12 12 -22.1 22.45
2024_0412_11:42:13 12 74.6 72.55
2024_0412_11:42:14 13 -2.75 -5.55
2024_0412_11:42:14 12 73.2 73.9
2024_0412_11:42:15 13 -6.85 14.75
2024_0412_11:42:18 13 -2.05 -0.85
2024_0412_11:42:25 13 58.55 45.05
2024_0412_11:46:30 13 55.4 60.8
2024_0412_11:46:36 13 65.2 45.2
2024_0412_11:46:37 13 79.1 68.0
2024_0412_11:46:38 13 1.65 0.2
2024_0412_11:46:39 13 -9.85 -23.75
2024_0412_11:46:40 13 53.6 32.5
2024_0412_11:46:41 13 65.55 48.95
2024_0412_11:46:41 13 52.35 44.1
2024_0412_11:46:47 13 46.0 54.7
2024_0412_11:46:47 13 1.95 1.8
2024_0412_11:46:48 13 -0.7 -0.95
2024_0412_11:46:48 13 2.9 2.85
2024_0412_11:46:49 13 0.6 -13.0
2024_0412_11:46:50 13 -49.85 -99.8
2024_0412_11:46:51 13 73.8 74.75
2024_0412_11:47:02 13 2.0 -4.8
2024_0412_11:51:04 13 61.1 60.7
2024_0412_11:51:08 13 1.05 -0.3
2024_0412_11:51:12 13 53.6 46.75
2024_0412_11:51:12 14 20.45 -19.6
2024_0412_11:51:13 14 0.85 0.3
2024_0412_11:51:13 14 -9.7 18.55
2024_0412_11:51:15 14 9.2 9.75
2024_0412_11:51:20 14 63.7 63.2
2024_0412_11:51:21 14 4.85 2.05
2024_0412_11:51:21 14 58.0 61.3
2024_0412_11:51:25 14 99.9 49.95
2024_0412_11:51:25 14 73.55 72.0
2024_0412_11:51:27 14 55.5 20.3
2024_0412_11:51:30 14 57.85 60.95
2024_0412_11:51:38 14 73.7 74.85
2024_0412_11:53:19 14 52.95 0.45
2024_0412_11:55:36 14 -23.75 20.1
2024_0412_11:55:39 14 60.0 56.8
2024_0412_11:55:46 14 72.05 70.45
2024_0412_11:55:47 14 -99.7 99.8
2024_0412_11:55:49 14 2.75 5.45
2024_0412_11:55:51 14 -0.05 -0.75
2024_0412_11:55:51 14 62.1 15.35
2024_0412_11:55:52 14 -0.05 0.75
2024_0412_11:55:54 14 19.05 13.05
2024_0412_11:55:55 14 0.75 6.95
2024_0412_11:55:59 14 50.4 -16.35
2024_0412_11:56:01 14 69.75 73.25
2024_0412_11:56:04 15 57.6 57.05
2024_0412_11:56:14 15 65.3 56.8
2024_0412_11:56:14 15 3.85 7.9
2024_0412_11:57:53 15 26.85 -27.5
2024_0412_12:00:09 15 -88.9 90.9
2024_0412_12:00:12 15 75.4 69.9
2024_0412_12:00:22 15 -4.4 -1.55
2024_0412_12:00:23 15 0.8 4.5
2024_0412_12:00:24 15 66.65 57.45
2024_0412_12:00:27 15 2.3 1.9
2024_0412_12:00:29 15 26.6 -13.05
2024_0412_12:00:30 15 1.75 -1.05
2024_0412_12:00:30 15 -2.1 -1.0
2024_0412_12:00:31 15 -9.0 9.8
2024_0412_12:00:33 15 -2.9 -1.35
2024_0412_12:00:38 15 2.45 -4.15
2024_0412_12:00:41 15 57.5 62.5
2024_0412_12:00:49 15 4.7 -1.25
2024_0412_12:00:49 15 2.5 -1.3
2024_0412_12:02:32 15 64.5 45.45
2024_0412_12:04:43 15 36.0 8.85
2024_0412_12:04:51 15 77.55 75.3
2024_0412_12:04:55 15 -5.8 44.25
2024_0412_12:04:57 16 -11.85 12.15
2024_0412_12:05:02 15 53.7 56.6
2024_0412_12:05:03 16 0.8 2.1
2024_0412_12:05:03 16 -4.85 5.6
2024_0412_12:05:03 16 38.05 2.4
2024_0412_12:05:05 16 67.0 -2.8
2024_0412_12:05:07 16 81.0 74.15
2024_0412_12:05:09 16 -2.9 -3.5
2024_0412_12:05:10 16 78.4 73.5
2024_0412_12:05:19 16 60.6 58.1
2024_0412_12:05:26 16 18.7 6.25
2024_0412_12:05:29 16 5.3 32.05
2024_0412_12:07:07 16 -2.3 4.8
2024_0412_12:09:18 16 -7.4 7.8
2024_0412_12:09:23 16 1.25 1.75
2024_0412_12:09:32 17 -1.8 -2.65
2024_0412_12:09:36 17 17.25 46.45
2024_0412_12:09:36 17 1.2 -2.4
2024_0412_12:09:38 17 -40.05 41.5
2024_0412_12:09:39 17 0.85 1.4
2024_0412_12:09:39 17 39.1 44.9
2024_0412_12:09:42 17 75.45 73.05
2024_0412_12:09:43 17 44.75 51.7
2024_0412_12:09:47 17 14.5 7.05
2024_0412_12:09:55 17 2.35 -5.9
2024_0412_12:10:03 17 79.4 -5.5
2024_0412_12:10:10 17 6.65 -0.25
2024_0412_12:11:41 17 14.8 -2.35
2024_0412_12:13:53 17 3.05 4.05
2024_0412_12:13:56 17 6.3 5.3
2024_0412_12:14:12 17 13.4 -3.55
2024_0412_12:14:14 17 1.45 -0.55
2024_0412_12:14:15 18 -1.8 2.1
2024_0412_12:14:15 17 15.05 -13.75
2024_0412_12:14:16 18 57.6 55.75
2024_0412_12:14:17 17 8.55 -12.9
2024_0412_12:14:18 18 -1.7 -2.65
2024_0412_12:14:18 18 0.5 -0.5
2024_0412_12:14:24 18 2.7 3.25
2024_0412_12:14:31 18 -20.15 20.1
2024_0412_12:14:42 18 -1.95 0.7
2024_0412_12:14:46 18 12.75 -10.6
2024_0412_12:15:34 18 74.05 80.35
2024_0412_12:17:42 18 53.75 52.55
2024_0412_12:18:32 18 -0.65 -1.7
2024_0412_12:18:32 18 0.65 -0.6
2024_0412_12:18:46 18 48.55 61.3
2024_0412_12:18:48 18 28.3 -27.7
2024_0412_12:18:49 18 99.8 -99.9
2024_0412_12:18:49 18 -49.35 49.0
2024_0412_12:18:51 18 -3.0 -4.05
2024_0412_12:18:52 18 1.45 2.0
2024_0412_12:18:52 18 74.45 75.3
2024_0412_12:18:58 18 -11.7 9.0
2024_0412_12:19:07 18 0.75 0.95
2024_0412_12:19:20 18 3.1 -1.6
2024_0412_12:19:26 19 -9.9 51.45
2024_0412_12:20:15 19 1.9 -3.55
2024_0412_12:22:18 19 89.55 -40.5
2024_0412_12:23:07 19 15.95 -20.8
2024_0412_12:23:09 19 -35.75 43.4
2024_0412_12:23:24 20 3.9 -7.2
2024_0412_12:23:26 20 -2.55 -1.0
2024_0412_12:23:26 20 -12.65 13.4
2024_0412_12:23:27 20 38.4 28.8
2024_0412_12:23:27 20 56.65 0.1
2024_0412_12:23:31 20 63.2 61.25
2024_0412_12:23:33 20 40.05 43.2
2024_0412_12:23:34 20 -1.55 2.6
2024_0412_12:23:45 20 -0.3 -0.05
2024_0412_12:24:03 20 -5.45 6.9
2024_0412_12:24:03 20 -4.45 39.9
2024_0412_12:24:46 20 99.9 99.9
2024_0412_12:26:13 20 47.45 70.15
2024_0412_12:26:59 20 38.55 55.45
2024_0412_12:27:38 15 3.5 -1.6
2024_0412_12:27:41 14 -1.65 9.55
2024_0412_12:27:56 17 5.4 2.0
2024_0412_12:27:58 17 19.2 -19.75
2024_0412_12:27:58 17 58.45 58.8
2024_0412_12:27:59 17 47.2 50.85
2024_0412_12:28:00 17 44.55 42.15
2024_0412_12:28:06 18 43.05 9.5
2024_0412_12:28:08 18 53.7 63.3
2024_0412_12:32:05 20 14.8 33.6
2024_0412_12:36:36 8 52.75 58.05
2024_0412_12:36:36 11 -49.9 -49.9
2024_0412_12:36:37 11 65.1 -45.95
2024_0412_12:36:37 5 73.5 77.2
2024_0412_12:36:38 6 72.1 75.7
2024_0412_12:36:39 4 40.95 57.9
2024_0412_12:36:39 11 -5.75 -2.7
2024_0412_12:36:40 7 64.25 24.5
2024_0412_12:36:40 1 74.75 74.25
2024_0412_12:36:40 2 35.6 52.2
2024_0412_12:36:40 10 52.15 60.55
2024_0412_12:36:41 11 55.35 15.95
2024_0412_12:36:41 8 58.15 42.5
2024_0412_12:36:42 9 74.5 70.55
2024_0412_12:36:43 3 53.35 62.7
2024_0412_12:36:45 11 8.6 -1.6
2024_0412_12:41:06 11 1.3 -2.3
2024_0412_12:41:07 11 0.9 -0.15
2024_0412_12:41:08 11 2.95 -0.9
2024_0412_12:41:09 11 0.6 -0.5
2024_0412_12:41:10 11 46.7 47.45
2024_0412_12:41:12 11 -5.25 -0.1
2024_0412_12:41:12 11 -2.3 -4.45
2024_0412_12:41:12 11 -2.35 -0.55
2024_0412_12:41:12 11 49.2 59.05
2024_0412_12:41:13 11 58.0 53.7
2024_0412_12:41:13 11 62.6 51.8
2024_0412_12:41:13 11 0.2 2.35
2024_0412_12:41:14 11 -1.55 -4.1
2024_0412_12:41:17 12 58.5 61.45
2024_0412_12:41:17 12 -1.4 -0.2
2024_0412_12:41:18 12 -1.05 -4.1
2024_0412_12:45:39 12 -0.2 -0.15
2024_0412_12:45:41 12 35.75 37.85
2024_0412_12:45:42 12 0.25 4.2
2024_0412_12:45:44 12 -1.45 2.85
2024_0412_12:45:44 12 -4.25 5.65
2024_0412_12:45:45 13 -3.4 2.6
2024_0412_12:45:45 12 64.85 45.8
2024_0412_12:45:45 12 0.55 -1.55
2024_0412_12:45:46 12 11.95 57.35
2024_0412_12:45:47 12 65.6 50.0
2024_0412_12:45:47 12 15.65 13.25
2024_0412_12:45:48 12 73.25 71.75
2024_0412_12:45:49 12 8.7 -0.95
2024_0412_12:45:51 13 62.75 25.65
2024_0412_12:45:51 13 1.1 -1.8
2024_0412_12:45:54 13 0.25 2.9
2024_0412_12:50:08 13 1.65 -0.4
2024_0412_12:50:14 13 58.6 58.9
2024_0412_12:50:15 13 18.45 -9.4
2024_0412_12:50:16 13 -0.25 0.0
2024_0412_12:50:16 13 -99.9 99.9
2024_0412_12:50:18 13 0.85 -0.05
2024_0412_12:50:18 13 59.6 47.2
2024_0412_12:50:18 13 -1.15 1.5
2024_0412_12:50:19 13 -1.9 1.4
2024_0412_12:50:19 13 49.9 -99.8
2024_0412_12:50:20 13 -0.9 1.05
2024_0412_12:50:23 13 4.85 0.8
2024_0412_12:50:25 13 0.75 1.55
2024_0412_12:50:25 13 -0.45 4.3
2024_0412_12:50:26 13 7.7 -7.35
2024_0412_12:50:29 13 33.7 36.35
2024_0412_12:54:39 13 47.1 60.8
2024_0412_12:54:44 13 0.4 0.75
2024_0412_12:54:49 13 2.55 3.95
2024_0412_12:54:49 13 42.85 58.65
2024_0412_12:54:50 14 1.85 3.5
2024_0412_12:54:51 14 1.0 2.55
2024_0412_12:54:52 14 -25.9 32.85
2024_0412_12:54:52 13 66.2 67.3
2024_0412_12:54:54 13 72.95 73.8
2024_0412_12:54:55 14 7.8 -1.5
2024_0412_12:54:57 14 13.15 24.45
2024_0412_12:54:58 14 2.75 -1.45
2024_0412_12:55:01 14 -0.9 1.05
2024_0412_12:55:03 14 59.05 54.95
2024_0412_12:55:03 14 53.55 51.3
2024_0412_12:55:05 14 45.2 61.8
2024_0412_12:59:11 14 49.95 -49.95
2024_0412_12:59:17 14 1.65 1.75
2024_0412_12:59:19 14 -20.45 19.7
2024_0412_12:59:21 14 19.8 20.8
2024_0412_12:59:24 14 1.35 1.65
2024_0412_12:59:24 14 0.45 0.85
2024_0412_12:59:24 14 0.8 -2.1
2024_0412_12:59:25 14 40.3 -41.25
2024_0412_12:59:26 14 51.65 58.55
2024_0412_12:59:30 14 64.1 63.0
2024_0412_12:59:31 14 -23.2 17.1
2024_0412_12:59:34 14 1.85 -0.8
2024_0412_12:59:36 14 75.0 77.45
2024_0412_12:59:40 15 -2.8 -1.05
2024_0412_12:59:43 15 34.25 57.95
2024_0412_13:02:43 15 3.55 0.7
2024_0412_13:03:49 15 1.2 0.95
2024_0412_13:03:50 15 59.4 55.8
2024_0412_13:03:54 15 56.8 56.1
2024_0412_13:03:58 15 -2.9 0.45
2024_0412_13:03:59 15 20.1 15.6
2024_0412_13:03:59 15 -4.3 -4.9
2024_0412_13:03:59 15 39.45 -9.55
2024_0412_13:03:59 15 31.7 19.45
2024_0412_13:04:04 15 -2.15 2.85
2024_0412_13:04:06 15 59.35 55.35
2024_0412_13:04:14 15 4.15 36.8
2024_0412_13:04:15 15 0.05 1.2
2024_0412_13:04:17 15 32.55 25.2
2024_0412_13:04:19 15 44.0 44.4
2024_0412_13:07:20 15 1.65 7.45
2024_0412_13:07:36 15 18.75 22.95
2024_0412_13:08:21 15 99.6 99.9
2024_0412_13:08:24 15 6.5 0.45
2024_0412_13:08:24 15 20.0 4.35
2024_0412_13:08:31 16 -2.3 -4.1
2024_0412_13:08:32 16 5.9 0.15
2024_0412_13:08:32 16 -23.6 42.75
2024_0412_13:08:35 16 73.85 74.05
2024_0412_13:08:38 16 -11.15 13.9
2024_0412_13:08:42 16 -5.0 -2.6
2024_0412_13:08:50 16 -99.8 49.9
2024_0412_13:08:52 16 -17.7 38.55
2024_0412_13:08:52 16 -11.3 13.7
2024_0412_13:09:20 16 36.35 35.2
2024_0412_13:10:32 16 60.55 59.45
2024_0412_13:12:12 16 50.85 34.8
2024_0412_13:12:45 16 12.65 -11.75
2024_0412_13:12:56 17 -0.25 -0.6
2024_0412_13:12:58 17 -7.55 -2.65
2024_0412_13:13:06 17 9.0 10.4
2024_0412_13:13:06 17 -3.25 2.2
2024_0412_13:13:09 17 3.9 23.0
2024_0412_13:13:20 17 -2.3 -1.0
2024_0412_13:13:25 17 0.45 1.55
2024_0412_13:13:26 17 13.55 15.4
2024_0412_13:13:29 17 11.7 15.4
2024_0412_13:13:55 17 -0.85 1.15
2024_0412_13:15:08 17 52.65 -24.65
2024_0412_13:15:49 17 94.65 -19.9
2024_0412_13:16:35 17 -2.0 -0.95
2024_0412_13:16:46 17 15.95 4.0
2024_0412_13:17:16 17 88.9 -65.4
2024_0412_13:17:22 17 8.15 -11.1
2024_0412_13:17:32 17 0.25 -0.75
2024_0412_13:17:32 17 54.05 52.55
2024_0412_13:17:39 17 77.8 -5.4
2024_0412_13:17:44 17 5.6 -5.55
2024_0412_13:17:47 18 53.5 53.8
2024_0412_13:17:58 18 -9.8 4.65
2024_0412_13:18:04 18 44.0 -42.7
2024_0412_13:18:05 18 5.65 1.4
2024_0412_13:18:11 18 -27.05 31.55
2024_0412_13:18:31 18 -21.75 21.05
2024_0412_13:19:48 18 8.6 10.05
2024_0412_13:20:23 18 -2.0 -0.55
2024_0412_13:21:10 18 99.85 -49.95
2024_0412_13:21:23 18 2.75 3.5
2024_0412_13:21:56 18 42.4 42.45
2024_0412_13:21:56 18 3.0 -3.35
2024_0412_13:22:04 18 -99.95 99.8
2024_0412_13:22:16 18 0.4 -1.3
2024_0412_13:22:17 18 8.75 6.75
2024_0412_13:22:17 18 2.15 -0.5
2024_0412_13:22:21 18 47.55 46.25
2024_0412_13:22:34 18 18.45 -18.05
2024_0412_13:22:41 18 -0.45 0.65
2024_0412_13:22:42 18 15.35 23.8
2024_0412_13:23:03 18 -0.9 -1.0
2024_0412_13:23:17 19 28.5 56.85
2024_0412_13:24:24 19 35.7 36.6
2024_0412_13:25:01 19 60.35 57.0
2024_0412_13:25:54 19 33.9 16.45
2024_0412_13:26:05 19 75.75 53.35
2024_0412_13:26:34 20 60.25 56.75
2024_0412_13:26:34 19 53.9 58.25
2024_0412_13:26:50 20 7.1 -1.1
2024_0412_13:26:53 20 1.15 -1.5
2024_0412_13:26:53 20 1.4 3.2
2024_0412_13:26:59 20 65.35 53.4
2024_0412_13:27:16 20 9.0 -9.5
2024_0412_13:27:40 20 -69.8 71.25
2024_0412_13:27:53 20 9.75 1.0
2024_0412_13:28:48 20 0.4 -4.1
2024_0412_13:29:03 20 54.6 20.55
2024_0412_13:29:06 20 -8.95 9.05
2024_0412_13:29:33 20 0.4 2.15
2024_0412_13:29:38 15 -0.1 4.25
2024_0412_13:30:24 15 1.1 -0.45
2024_0412_13:30:36 16 1.2 -1.0
2024_0412_13:31:10 16 68.6 68.3
2024_0412_13:31:10 16 37.3 58.1
2024_0412_13:31:21 16 13.2 -3.9
2024_0412_13:31:24 17 9.15 0.2
2024_0412_13:31:24 17 3.8 -0.2
2024_0412_13:31:32 18 57.65 54.3
2024_0412_13:31:48 18 48.05 2.45
2024_0412_13:32:19 20 72.9 72.0
2024_0412_13:32:23 20 60.0 43.15
2024_0412_13:33:16 20 5.75 3.45
2024_0412_13:37:46 11 1.6 -6.55
2024_0412_13:37:47 8 65.65 61.5
2024_0412_13:37:48 7 56.7 64.8
2024_0412_13:37:49 11 -12.55 14.3
2024_0412_13:37:50 1 75.85 71.8
2024_0412_13:37:50 2 66.8 31.25
2024_0412_13:37:50 8 56.15 59.7
2024_0412_13:37:50 4 43.7 51.05
2024_0412_13:37:51 11 42.2 57.6
2024_0412_13:37:51 8 55.4 64.8
2024_0412_13:37:51 6 73.95 74.0
2024_0412_13:37:51 11 -99.8 49.95
2024_0412_13:37:52 3 56.45 59.35
2024_0412_13:37:52 5 73.5 71.75
2024_0412_13:37:52 9 74.4 73.5
2024_0412_13:37:55 10 64.75 61.7
2024_0412_13:42:17 11 53.25 44.6
2024_0412_13:42:19 11 1.25 -1.4
2024_0412_13:42:19 11 -0.8 -1.95
2024_0412_13:42:20 11 60.85 55.85
2024_0412_13:42:20 11 -2.9 -6.2
2024_0412_13:42:21 11 44.35 59.55
2024_0412_13:42:21 11 0.65 0.05
2024_0412_13:42:21 11 -45.8 58.55
2024_0412_13:42:22 11 2.45 1.5
2024_0412_13:42:23 11 76.1 76.05
2024_0412_13:42:24 11 1.5 1.8
2024_0412_13:42:24 11 74.65 72.25
2024_0412_13:42:24 11 -1.3 -0.6
2024_0412_13:42:27 11 72.3 70.5
2024_0412_13:42:29 11 -1.0 -4.75
2024_0412_13:42:31 11 0.45 -0.45
2024_0412_13:46:49 11 42.2 61.45
2024_0412_13:46:52 12 1.0 -5.2
2024_0412_13:46:53 11 49.55 55.55
2024_0412_13:46:54 11 58.85 49.05
2024_0412_13:46:54 11 -4.0 -2.2
2024_0412_13:46:55 12 2.55 0.6
2024_0412_13:46:55 11 1.5 0.6
2024_0412_13:46:56 12 11.2 72.1
2024_0412_13:46:57 11 55.5 63.4
2024_0412_13:46:58 12 -0.9 2.8
2024_0412_13:47:01 11 23.15 17.75
2024_0412_13:47:02 12 74.25 74.6
2024_0412_13:47:02 12 14.3 14.2
2024_0412_13:47:04 12 2.85 3.0
2024_0412_13:47:05 12 57.45 62.65
2024_0412_13:47:07 12 -0.75 0.75
2024_0412_13:51:19 12 -1.8 -1.05
2024_0412_13:51:25 12 -3.5 1.5
2024_0412_13:51:25 12 49.9 99.8
2024_0412_13:51:26 12 56.35 51.4
2024_0412_13:51:29 12 0.25 -2.8
2024_0412_13:51:30 12 -1.85 -5.7
2024_0412_13:51:30 12 72.05 72.1
2024_0412_13:51:32 12 4.9 0.25
2024_0412_13:51:34 12 4.2 6.8
2024_0412_13:51:35 12 72.05 72.75
2024_0412_13:51:37 12 56.9 48.25
2024_0412_13:51:40 12 73.2 76.9
2024_0412_13:51:41 13 -1.05 -2.4
2024_0412_13:51:43 13 -4.25 -2.4
2024_0412_13:51:43 13 42.05 45.8
2024_0412_13:51:46 12 60.75 52.85
2024_0412_13:55:53 13 58.65 51.45
2024_0412_13:55:56 13 99.9 -99.9
2024_0412_13:56:02 13 2.8 0.85
2024_0412_13:56:02 13 73.2 70.6
2024_0412_13:56:03 13 73.05 72.3
2024_0412_13:56:03 13 71.15 71.85
2024_0412_13:56:04 13 99.8 -99.7
2024_0412_13:56:06 13 -3.7 0.55
2024_0412_13:56:09 13 10.1 -8.6
2024_0412_13:56:11 13 55.55 66.65
2024_0412_13:56:14 13 -0.9 -1.5
2024_0412_13:56:16 13 56.6 59.35
2024_0412_13:56:20 13 57.85 60.7
2024_0412_13:56:20 13 75.9 75.15
2024_0412_13:56:20 13 21.95 49.55
2024_0412_13:56:23 13 8.05 2.45
2024_0412_14:00:22 13 -3.2 -0.4
2024_0412_14:00:26 13 -49.9 49.95
2024_0412_14:00:36 13 -15.0 32.1
2024_0412_14:00:38 13 10.5 -12.4
2024_0412_14:00:39 13 62.9 61.9
2024_0412_14:00:39 13 9.25 15.55
2024_0412_14:00:40 13 0.45 0.3
2024_0412_14:00:42 13 53.9 56.75
2024_0412_14:00:43 13 2.5 1.9
2024_0412_14:00:47 13 40.75 49.2
2024_0412_14:00:51 13 61.35 52.35
2024_0412_14:00:52 13 -26.1 24.2
2024_0412_14:00:56 13 1.65 0.1
2024_0412_14:00:57 13 34.3 37.6
2024_0412_14:00:57 13 4.15 -0.7
2024_0412_14:01:00 13 -0.65 3.35
2024_0412_14:04:58 13 9.05 -12.5
2024_0412_14:04:59 13 75.15 76.15
2024_0412_14:05:10 13 3.95 2.0
2024_0412_14:05:11 14 99.7 49.85
2024_0412_14:05:13 14 34.8 -5.55
2024_0412_14:05:14 14 49.7 -49.85
2024_0412_14:05:15 14 62.25 50.3
2024_0412_14:05:19 14 -9.55 5.75
2024_0412_14:05:21 14 -1.85 13.05
2024_0412_14:05:23 14 0.2 3.4
2024_0412_14:05:27 14 47.1 19.45
2024_0412_14:05:30 14 2.25 1.7
2024_0412_14:05:30 14 59.25 59.25
2024_0412_14:05:32 14 57.75 58.5
2024_0412_14:05:32 14 -11.75 13.5
2024_0412_14:05:35 14 -1.4 3.05
2024_0412_14:09:31 14 60.9 68.85
2024_0412_14:09:33 14 73.1 75.25
2024_0412_14:09:43 14 0.75 -4.0
2024_0412_14:09:46 14 60.95 51.8
2024_0412_14:09:47 14 -1.7 3.25
2024_0412_14:09:49 14 4.0 -0.55
2024_0412_14:09:51 14 54.5 53.3
2024_0412_14:09:53 14 -1.4 -6.15
2024_0412_14:10:04 14 73.1 70.95
2024_0412_14:10:05 14 35.3 51.3
2024_0412_14:10:08 14 23.65 23.85
2024_0412_14:10:09 14 1.1 0.2
2024_0412_14:10:11 14 67.2 41.85
2024_0412_14:11:07 14 26.4 0.8
2024_0412_14:12:33 14 -4.6 3.7
2024_0412_14:13:16 14 74.5 71.1
2024_0412_14:14:08 14 35.1 64.1
2024_0412_14:14:10 14 50.1 24.35
2024_0412_14:14:19 15 0.1 1.45
2024_0412_14:14:23 15 2.55 1.05
2024_0412_14:14:24 15 49.95 -49.85
2024_0412_14:14:27 15 55.05 62.05
2024_0412_14:14:30 15 49.95 -49.95
2024_0412_14:14:37 15 -12.6 12.4
2024_0412_14:14:38 15 -0.45 2.0
2024_0412_14:14:44 15 1.5 -6.4
2024_0412_14:14:47 15 -10.45 29.15
2024_0412_14:14:48 15 1.15 -0.8
2024_0412_14:15:43 15 -2.2 2.65
2024_0412_14:17:08 15 28.7 0.6
2024_0412_14:17:53 15 0.3 -0.55
2024_0412_14:18:02 15 -4.35 1.45
2024_0412_14:18:42 15 -0.65 -4.7
2024_0412_14:18:45 15 0.65 0.35
2024_0412_14:18:52 15 0.75 3.15
2024_0412_14:19:01 15 73.2 68.5
2024_0412_14:19:03 15 23.4 56.1
2024_0412_14:19:05 15 74.55 75.45
2024_0412_14:19:07 15 2.15 0.35
2024_0412_14:19:11 15 -2.85 -2.5
2024_0412_14:19:22 15 -0.5 4.6
2024_0412_14:19:24 15 76.0 70.8
2024_0412_14:19:24 15 0.8 5.4
2024_0412_14:20:25 15 2.5 -3.55
2024_0412_14:21:45 15 66.45 45.85
2024_0412_14:22:31 15 53.6 55.2
2024_0412_14:22:37 15 -0.95 1.85
2024_0412_14:23:20 15 42.3 58.7
2024_0412_14:23:23 15 1.25 -1.3
2024_0412_14:23:29 15 70.55 72.25
2024_0412_14:23:36 16 21.7 24.9
2024_0412_14:23:39 15 0.05 2.2
2024_0412_14:23:42 16 -0.1 5.2
2024_0412_14:23:47 16 53.85 65.3
2024_0412_14:23:54 16 63.1 65.35
2024_0412_14:24:02 16 -0.65 2.4
2024_0412_14:24:03 16 -1.15 5.8
2024_0412_14:24:05 16 48.5 55.9
2024_0412_14:25:04 16 54.6 32.6
2024_0412_14:26:11 16 49.05 67.25
2024_0412_14:26:29 16 49.25 -7.55
2024_0412_14:27:12 16 74.9 75.85
2024_0412_14:27:15 16 34.3 -25.85
2024_0412_14:27:56 16 59.5 38.55
2024_0412_14:28:03 16 0.45 0.6
2024_0412_14:28:09 16 0.15 -0.65
2024_0412_14:28:15 16 38.9 53.6
2024_0412_14:28:21 16 8.2 2.15
2024_0412_14:28:25 16 23.6 24.65
2024_0412_14:28:35 16 -22.45 42.55
2024_0412_14:28:36 16 10.95 -9.95
2024_0412_14:28:47 16 -16.15 2.85
2024_0412_14:28:51 16 60.5 65.4
2024_0412_14:29:38 16 -6.2 0.75
2024_0412_14:30:47 16 55.65 58.65
2024_0412_14:31:09 16 45.15 55.35
2024_0412_14:31:48 17 14.9 -16.2
2024_0412_14:31:49 17 55.0 47.35
2024_0412_14:32:21 17 39.85 -1.9
2024_0412_14:32:31 17 11.0 -14.95
2024_0412_14:32:39 17 0.1 -1.9
2024_0412_14:32:45 17 64.1 56.15
2024_0412_14:32:56 17 61.95 49.25
2024_0412_14:33:00 17 70.45 70.85
2024_0412_14:33:01 17 30.1 49.3
2024_0412_14:33:10 17 55.25 65.0
2024_0412_14:33:11 17 0.1 1.0
2024_0412_14:33:26 17 11.25 44.5
2024_0412_14:33:26 17 2.8 0.75
2024_0412_14:34:14 17 -5.05 -1.6
2024_0412_14:35:26 17 16.95 17.7
2024_0412_14:35:50 17 70.6 68.7
2024_0412_14:36:23 17 -1.65 4.5
2024_0412_14:36:23 17 3.4 -2.3
2024_0412_14:37:00 17 17.8 57.35
2024_0412_14:37:03 17 2.15 2.85
2024_0412_14:37:19 17 -5.1 0.7
2024_0412_14:37:20 17 54.0 58.1
2024_0412_14:37:30 17 -4.5 2.05
2024_0412_14:37:35 17 49.9 72.2
2024_0412_14:37:36 17 73.2 69.85
2024_0412_14:37:45 17 0.05 -1.9
2024_0412_14:37:49 17 -12.9 20.3
2024_0412_14:38:06 17 70.6 72.45
2024_0412_14:38:14 17 33.15 54.65
2024_0412_14:38:55 17 62.85 49.75
2024_0412_14:40:03 18 5.5 -0.8
2024_0412_14:40:31 18 74.1 75.65
2024_0412_14:41:00 18 -8.5 10.0
2024_0412_14:41:02 18 -0.5 -1.6
2024_0412_14:41:38 18 -1.2 2.2
2024_0412_14:41:41 18 16.35 64.95
2024_0412_14:41:57 18 3.15 -1.3
2024_0412_14:41:57 18 3.25 -0.95
2024_0412_14:42:03 18 2.2 9.45
2024_0412_14:42:11 18 1.65 -0.6
2024_0412_14:42:12 18 59.5 51.55
2024_0412_14:42:26 18 -48.05 47.6
2024_0412_14:42:30 18 -2.15 -0.5
2024_0412_14:42:40 18 -33.35 32.75
2024_0412_14:42:48 18 63.1 3.75
2024_0412_14:43:32 18 0.75 -0.35
2024_0412_14:44:48 18 -5.4 2.1
2024_0412_14:45:12 18 57.95 56.85
2024_0412_14:45:37 18 71.95 76.0
2024_0412_14:45:38 18 2.9 1.75
2024_0412_14:46:13 18 -0.6 0.8
2024_0412_14:46:20 18 75.8 74.0
2024_0412_14:46:33 18 13.85 3.35
2024_0412_14:46:35 18 56.4 29.35
2024_0412_14:46:40 18 51.75 52.35
2024_0412_14:46:45 18 5.4 11.3
2024_0412_14:46:45 18 47.85 46.55
2024_0412_14:47:05 18 -0.25 0.35
2024_0412_14:47:12 18 60.6 58.1
2024_0412_14:47:18 18 72.9 72.6
2024_0412_14:47:22 18 -16.6 12.85
2024_0412_14:48:13 18 -9.4 12.0
2024_0412_14:49:24 18 -99.9 -99.8
2024_0412_14:49:51 18 48.0 -48.1
2024_0412_14:50:11 19 -19.55 25.25
2024_0412_14:50:20 19 -4.3 2.95
2024_0412_14:50:47 19 -6.8 -3.9
2024_0412_14:50:57 19 -2.95 -0.85
2024_0412_14:51:08 19 24.6 -27.75
2024_0412_14:51:16 19 -8.4 7.6
2024_0412_14:51:19 19 7.9 -10.45
2024_0412_14:51:22 19 89.6 -39.7
2024_0412_14:51:27 19 -0.4 1.15
2024_0412_14:51:43 19 24.15 42.85
2024_0412_14:51:53 19 17.85 35.9
2024_0412_14:51:56 19 50.45 42.65
2024_0412_14:52:00 19 26.55 -19.9
2024_0412_14:52:43 19 -49.85 49.9
2024_0412_14:53:58 19 49.9 -48.9
2024_0412_14:54:32 19 -1.1 1.95
2024_0412_14:54:46 19 -99.9 99.9
2024_0412_14:54:56 19 12.35 -16.05
2024_0412_14:55:34 19 -99.75 99.7
2024_0412_14:55:46 20 35.0 38.2
2024_0412_14:56:06 20 -0.2 -3.3
2024_0412_14:56:17 20 -0.9 0.55
2024_0412_14:56:22 20 43.4 64.55
2024_0412_14:56:29 20 70.35 72.8
2024_0412_14:56:35 20 7.1 -14.0
2024_0412_14:56:36 20 3.4 -4.3
2024_0412_14:57:06 20 20.85 -3.65
2024_0412_14:57:16 20 -3.05 -2.45
2024_0412_14:58:34 20 2.95 4.2
2024_0412_14:58:58 20 -6.0 -3.3
2024_0412_14:59:11 20 6.3 71.35
2024_0412_15:00:00 20 49.7 56.55
2024_0412_15:00:17 20 -12.05 15.2
2024_0412_15:00:30 20 72.65 73.9
2024_0412_15:00:48 14 2.9 -1.85
2024_0412_15:00:56 14 1.7 -0.25
2024_0412_15:01:05 14 0.1 0.05
2024_0412_15:01:09 15 5.15 7.0
2024_0412_15:01:13 15 5.75 9.05
2024_0412_15:01:44 15 3.0 3.35
2024_0412_15:01:56 16 70.95 77.85
2024_0412_15:02:09 20 1.15 0.45
2024_0412_15:03:13 20 12.65 -4.2
2024_0412_15:03:14 20 52.5 43.7
2024_0412_15:03:41 19 0.85 -3.1
2024_0412_15:03:49 20 54.15 58.75
2024_0412_15:04:37 20 -1.15 3.95
2024_0412_15:04:42 20 16.5 25.05
2024_0412_15:09:15 7 48.3 59.65
2024_0412_15:09:15 8 58.9 53.5
2024_0412_15:09:17 3 62.6 61.95
2024_0412_15:09:17 1 75.65 74.75
2024_0412_15:09:17 2 55.75 52.55
2024_0412_15:09:17 8 57.5 56.0
2024_0412_15:09:17 8 60.0 52.45
2024_0412_15:09:17 8 22.95 62.95
2024_0412_15:09:18 2 49.65 56.55
2024_0412_15:09:18 8 59.65 56.15
2024_0412_15:09:18 8 39.2 59.5
2024_0412_15:09:18 6 73.55 76.25
2024_0412_15:09:19 8 60.65 54.65
2024_0412_15:09:20 4 35.75 52.85
2024_0412_15:09:20 8 59.5 54.85
2024_0412_15:12:41 8 55.35 59.15
2024_0412_15:13:47 11 3.0 -0.5
2024_0412_15:13:48 11 72.9 71.7
2024_0412_15:13:49 8 59.7 54.15
2024_0412_15:13:49 11 -0.5 -0.8
2024_0412_15:13:49 11 -1.3 -0.2
2024_0412_15:13:50 11 -30.05 45.45
2024_0412_15:13:51 11 2.45 0.15
2024_0412_15:13:51 11 60.45 65.4
2024_0412_15:13:52 9 74.5 74.1
2024_0412_15:13:52 11 -0.7 6.05
2024_0412_15:13:54 11 59.0 62.65
2024_0412_15:13:54 11 72.0 74.8
2024_0412_15:13:54 11 1.05 2.45
2024_0412_15:13:55 10 62.35 66.6
2024_0412_15:14:55 11 69.35 73.25
2024_0412_15:17:11 11 -49.8 99.9
2024_0412_15:18:19 11 -99.9 -99.8
2024_0412_15:18:21 11 76.4 71.95
2024_0412_15:18:21 11 -0.4 2.45
2024_0412_15:18:22 11 0.45 1.55
2024_0412_15:18:22 11 58.85 61.2
2024_0412_15:18:23 11 -0.25 -3.55
2024_0412_15:18:23 11 72.85 72.15
2024_0412_15:18:24 11 0.15 -2.3
2024_0412_15:18:24 11 49.95 99.9
2024_0412_15:18:24 11 -2.6 -2.2
2024_0412_15:18:27 11 -2.0 -2.0
2024_0412_15:18:30 11 34.3 62.45
2024_0412_15:18:30 11 54.6 63.1
2024_0412_15:18:31 11 54.8 46.9
2024_0412_15:19:27 11 54.5 40.4
2024_0412_15:21:42 11 -3.65 2.0
2024_0412_15:22:52 11 1.0 0.3
2024_0412_15:22:52 11 0.55 -3.6
2024_0412_15:22:53 11 -2.5 6.6
2024_0412_15:22:53 11 -3.8 2.3
2024_0412_15:22:54 11 -1.7 0.2
2024_0412_15:22:54 11 -1.5 5.6
2024_0412_15:22:56 11 -1.55 -4.8
2024_0412_15:22:56 11 -1.0 -1.2
2024_0412_15:22:57 11 73.3 71.05
2024_0412_15:22:59 11 47.1 61.5
2024_0412_15:23:01 11 47.55 48.3
2024_0412_15:23:05 11 55.95 48.45
2024_0412_15:23:06 11 52.85 59.6
2024_0412_15:23:06 11 0.8 -2.1
2024_0412_15:24:02 11 74.25 74.25
2024_0412_15:26:19 11 19.9 24.75
2024_0412_15:27:23 11 -0.8 -4.15
2024_0412_15:27:24 11 -6.3 -1.9
2024_0412_15:27:24 11 1.3 2.05
2024_0412_15:27:24 11 -0.2 -0.95
2024_0412_15:27:25 11 1.0 -2.1
2024_0412_15:27:27 11 1.6 -3.65
2024_0412_15:27:27 11 99.9 -49.95
2024_0412_15:27:30 11 57.8 63.9
2024_0412_15:27:30 11 3.1 -0.7
2024_0412_15:27:32 11 3.95 3.65
2024_0412_15:27:35 11 0.6 -1.25
2024_0412_15:27:38 11 2.55 -0.5
2024_0412_15:27:41 11 49.9 49.8
2024_0412_15:27:44 11 -1.6 0.15
2024_0412_15:28:33 11 -0.4 -1.55
2024_0412_15:30:51 11 5.15 7.25
2024_0412_15:31:53 11 0.25 -1.05
2024_0412_15:31:55 11 2.65 -1.65
2024_0412_15:31:56 11 2.85 1.55
2024_0412_15:31:57 11 0.15 3.4
2024_0412_15:31:59 11 14.6 61.25
2024_0412_15:32:01 11 53.35 62.6
2024_0412_15:32:02 11 1.5 2.9
2024_0412_15:32:07 11 25.7 -12.75
2024_0412_15:32:07 11 61.7 52.0
2024_0412_15:32:07 11 57.45 55.4
2024_0412_15:32:09 11 -50.0 -50.0
2024_0412_15:32:11 11 74.4 76.6
2024_0412_15:32:15 11 2.0 2.1
2024_0412_15:32:19 11 60.6 56.6
2024_0412_15:33:04 11 1.4 1.85
2024_0412_15:35:21 11 99.9 49.95
2024_0412_15:36:25 11 54.5 62.3
2024_0412_15:36:25 11 1.55 -2.7
2024_0412_15:36:28 11 0.1 0.6
2024_0412_15:36:28 11 -1.8 2.4
2024_0412_15:36:32 11 0.3 4.45
2024_0412_15:36:35 11 -0.55 -2.5
2024_0412_15:36:37 11 54.6 57.55
2024_0412_15:36:37 11 -99.9 49.95
2024_0412_15:36:41 11 6.6 4.4
2024_0412_15:36:41 11 3.85 -0.65
2024_0412_15:36:44 11 0.6 -1.55
2024_0412_15:36:46 11 73.15 70.25
2024_0412_15:36:50 11 2.55 -1.95
2024_0412_15:36:51 11 -0.9 1.2
2024_0412_15:37:35 11 -2.0 2.3
2024_0412_15:39:51 11 1.45 3.55
2024_0412_15:40:59 11 -1.1 -1.35
2024_0412_15:41:02 11 2.75 -1.15
2024_0412_15:41:02 11 57.4 52.3
2024_0412_15:41:03 11 -0.1 -1.3
2024_0412_15:41:04 11 58.8 60.95
2024_0412_15:41:08 11 74.0 75.6
2024_0412_15:41:10 11 74.9 73.3
2024_0412_15:41:13 11 73.65 77.4
2024_0412_15:41:15 11 -0.6 3.3
2024_0412_15:41:18 11 74.55 77.55
2024_0412_15:41:20 11 74.5 73.95
2024_0412_15:41:22 11 61.2 51.45
2024_0412_15:41:24 11 2.65 -4.8
2024_0412_15:41:25 11 -3.0 1.45
2024_0412_15:42:07 11 -1.8 -3.75
2024_0412_15:44:25 11 43.55 38.7
2024_0412_15:45:30 11 -2.35 -1.5
2024_0412_15:45:34 11 73.9 72.95
2024_0412_15:45:34 11 63.5 50.15
2024_0412_15:45:37 11 64.15 45.7
2024_0412_15:45:37 11 63.4 57.45
2024_0412_15:45:38 11 -3.6 0.4
2024_0412_15:45:41 11 1.4 -2.4
2024_0412_15:45:47 11 -0.05 19.1
2024_0412_15:45:48 11 0.95 -0.8
2024_0412_15:45:51 11 -0.85 0.4
2024_0412_15:45:56 11 -99.9 -99.9
2024_0412_15:45:58 11 1.65 0.15
2024_0412_15:45:59 11 -99.95 -99.85
2024_0412_15:45:59 11 -2.5 0.75
2024_0412_15:46:40 11 63.75 59.9
2024_0412_15:48:54 11 -0.15 2.0
2024_0412_15:50:01 11 -1.2 2.35
2024_0412_15:50:07 11 56.05 62.05
2024_0412_15:50:08 11 -2.05 3.35
2024_0412_15:50:10 11 -1.05 0.5
2024_0412_15:50:11 11 3.6 0.0
2024_0412_15:50:12 11 -49.95 49.85
2024_0412_15:50:15 11 1.5 -0.45
2024_0412_15:50:20 11 -49.9 -49.9
2024_0412_15:50:20 11 1.3 -4.2
2024_0412_15:50:28 11 54.0 51.1
2024_0412_15:50:29 11 -0.8 -6.3
2024_0412_15:50:31 12 -1.7 1.85
2024_0412_15:50:32 11 0.5 2.35
2024_0412_15:50:33 12 49.95 49.95
2024_0412_15:51:10 12 49.95 99.9
2024_0412_15:53:24 12 -99.9 -99.9
2024_0412_15:54:39 12 62.7 41.1
2024_0412_15:54:42 12 54.5 42.5
2024_0412_15:54:43 12 73.3 73.0
2024_0412_15:54:44 12 0.0 8.95
2024_0412_15:54:44 12 -1.35 2.4
2024_0412_15:54:45 12 -10.25 25.1
2024_0412_15:54:48 12 29.95 29.95
2024_0412_15:54:54 12 50.0 100.0
2024_0412_15:54:56 12 -3.65 -2.8
2024_0412_15:55:00 12 3.15 0.8
2024_0412_15:55:05 12 71.75 73.45
2024_0412_15:55:06 12 51.4 54.25
2024_0412_15:55:06 12 -0.25 -0.15
2024_0412_15:55:08 12 58.95 49.95
2024_0412_15:55:43 12 74.9 72.95
2024_0412_15:57:54 12 0.55 -2.9
2024_0412_15:59:11 12 0.6 0.15
2024_0412_15:59:13 12 57.4 62.2
2024_0412_15:59:16 12 1.65 3.35
2024_0412_15:59:17 12 76.5 75.1
2024_0412_15:59:19 12 1.65 2.7
2024_0412_15:59:22 12 71.25 68.9
2024_0412_15:59:24 12 71.9 68.3
2024_0412_15:59:24 12 -0.25 2.8
2024_0412_15:59:30 12 -3.3 1.35
2024_0412_15:59:35 12 -2.4 -0.3
2024_0412_15:59:37 12 16.7 12.5
2024_0412_15:59:39 12 -1.35 6.4
2024_0412_15:59:40 12 0.05 1.3
2024_0412_15:59:44 12 66.5 57.65
2024_0412_16:00:16 12 0.9 -0.8
2024_0412_16:02:28 12 33.0 53.65
2024_0412_16:03:42 12 1.45 -3.0
2024_0412_16:03:47 12 55.5 60.3
2024_0412_16:03:48 12 2.95 4.8
2024_0412_16:03:49 12 0.35 -2.65
2024_0412_16:03:56 12 43.5 42.75
2024_0412_16:03:57 12 59.7 51.05
2024_0412_16:03:58 12 70.65 80.85
2024_0412_16:04:01 12 51.65 54.15
2024_0412_16:04:02 12 0.7 0.6
2024_0412_16:04:09 12 73.75 74.25
2024_0412_16:04:14 12 56.1 59.45
2024_0412_16:04:15 12 52.25 55.75
2024_0412_16:04:18 12 73.2 39.15
2024_0412_16:04:20 12 74.5 75.95
2024_0412_16:04:48 12 -2.55 1.7
2024_0412_16:07:01 12 -22.3 48.45
2024_0412_16:08:14 12 13.05 20.85
2024_0412_16:08:16 12 2.05 -2.3
2024_0412_16:08:20 12 60.05 58.3
2024_0412_16:08:23 12 -2.15 -2.35
2024_0412_16:08:29 12 6.0 -0.25
2024_0412_16:08:30 12 2.6 1.35
2024_0412_16:08:33 12 56.65 51.2
2024_0412_16:08:34 12 61.7 59.8
2024_0412_16:08:40 12 50.75 61.15
2024_0412_16:08:40 12 -0.2 -0.8
2024_0412_16:08:49 12 -1.05 -0.4
2024_0412_16:08:49 12 74.3 74.3
2024_0412_16:08:56 12 71.25 74.2
2024_0412_16:08:57 12 -0.9 4.55
2024_0412_16:09:19 12 -0.5 -2.15
2024_0412_16:11:33 12 3.6 0.55
2024_0412_16:12:49 12 2.3 -4.1
2024_0412_16:12:49 12 61.4 35.35
2024_0412_16:12:54 12 44.4 59.7
2024_0412_16:12:57 12 3.25 -0.2
2024_0412_16:13:04 12 0.35 0.25
2024_0412_16:13:07 12 74.55 74.8
2024_0412_16:13:08 12 45.9 60.75
2024_0412_16:13:10 12 1.15 -1.0
2024_0412_16:13:13 12 12.1 49.95
2024_0412_16:13:18 12 37.2 56.85
2024_0412_16:13:23 12 99.8 -49.8
2024_0412_16:13:25 12 1.55 2.05
2024_0412_16:13:28 12 2.7 -4.9
2024_0412_16:13:36 12 58.1 52.65
2024_0412_16:13:56 12 75.8 72.6
2024_0412_16:16:08 12 3.95 1.35
2024_0412_16:17:22 12 99.9 -99.95
2024_0412_16:17:23 12 46.45 51.8
2024_0412_16:17:27 12 62.25 58.6
2024_0412_16:17:32 12 49.2 44.3
2024_0412_16:17:35 12 -49.9 49.9
2024_0412_16:17:43 12 70.95 77.45
2024_0412_16:17:45 12 47.55 52.85
2024_0412_16:17:47 12 74.65 74.4
2024_0412_16:17:47 12 72.65 73.95
2024_0412_16:17:57 12 70.5 83.0
2024_0412_16:18:02 12 72.0 70.35
2024_0412_16:18:04 12 -14.9 26.85
2024_0412_16:18:06 12 -57.55 53.15
2024_0412_16:18:22 12 42.8 40.5
2024_0412_16:18:31 12 34.35 -31.8
2024_0412_16:20:41 12 56.5 59.55
2024_0412_16:21:56 12 76.1 70.3
2024_0412_16:21:57 12 50.7 69.05
2024_0412_16:21:57 12 0.3 0.1
2024_0412_16:22:06 12 -2.5 0.9
2024_0412_16:22:10 12 77.35 72.3
2024_0412_16:22:15 12 50.0 -50.0
2024_0412_16:22:21 12 -4.5 2.3
2024_0412_16:22:22 12 -48.35 76.2
2024_0412_16:22:23 12 25.75 -13.8
2024_0412_16:22:33 12 54.5 42.85
2024_0412_16:22:36 12 0.3 -1.05
2024_0412_16:22:36 12 -0.4 3.5
2024_0412_16:22:43 13 0.35 1.45
2024_0412_16:22:57 13 1.8 -1.1
2024_0412_16:23:05 13 -29.7 60.75
2024_0412_16:25:14 13 11.5 -10.1
2024_0412_16:26:29 13 -0.9 -1.65
2024_0412_16:26:31 13 69.8 -13.85
2024_0412_16:26:32 13 53.65 48.85
2024_0412_16:26:43 13 57.5 57.45
2024_0412_16:26:47 13 62.5 50.9
2024_0412_16:26:52 13 75.05 74.6
2024_0412_16:26:55 13 10.65 4.75
2024_0412_16:26:55 13 -1.6 -1.05
2024_0412_16:26:58 13 -3.05 0.8
2024_0412_16:27:08 13 -50.1 50.35
2024_0412_16:27:10 13 15.3 17.6
2024_0412_16:27:11 13 -2.6 1.85
2024_0412_16:27:20 13 18.8 17.95
2024_0412_16:27:32 13 -6.75 46.1
2024_0412_16:27:39 13 -1.9 -0.25
2024_0412_16:29:46 13 -1.65 2.2
2024_0412_16:31:05 13 5.95 -3.45
2024_0412_16:31:10 13 55.15 53.75
2024_0412_16:31:12 13 12.95 1.1
2024_0412_16:31:17 13 2.85 3.3
2024_0412_16:31:23 13 49.95 -49.9
2024_0412_16:31:26 13 2.65 0.65
2024_0412_16:31:31 13 3.85 2.6
2024_0412_16:31:31 13 22.8 23.15
2024_0412_16:31:35 13 -1.95 1.85
2024_0412_16:31:44 13 4.05 -4.05
2024_0412_16:31:45 13 -13.0 63.1
2024_0412_16:31:45 13 32.9 43.45
2024_0412_16:31:53 13 -2.9 1.4
2024_0412_16:32:05 13 -2.3 -1.7
2024_0412_16:32:21 13 1.75 4.6
2024_0412_16:34:21 13 1.2 3.35
2024_0412_16:35:38 13 54.35 55.25
2024_0412_16:35:43 13 -2.05 0.1
2024_0412_16:35:46 13 -5.3 -5.5
2024_0412_16:35:51 13 73.65 76.55
2024_0412_16:35:59 13 75.75 74.75
2024_0412_16:36:04 13 63.7 51.6
2024_0412_16:36:04 13 49.85 -99.7
2024_0412_16:36:08 13 56.85 53.65
2024_0412_16:36:10 13 0.05 -4.25
2024_0412_16:36:17 13 -24.1 28.65
2024_0412_16:36:18 13 -1.65 -0.35
2024_0412_16:36:24 13 -2.15 2.1
2024_0412_16:36:24 13 0.3 2.15
2024_0412_16:36:41 13 35.7 51.65
2024_0412_16:36:53 13 -8.75 14.3
2024_0412_16:38:52 13 2.25 -4.3
2024_0412_16:40:16 13 50.55 54.4
2024_0412_16:40:18 13 -1.85 -7.3
2024_0412_16:40:23 13 27.15 -4.85
2024_0412_16:40:25 13 99.9 49.95
2024_0412_16:40:31 13 11.55 -5.4
2024_0412_16:40:37 13 73.0 73.35
2024_0412_16:40:39 13 38.65 -34.1
2024_0412_16:40:44 13 0.35 0.55
2024_0412_16:40:48 13 57.0 56.7
2024_0412_16:40:50 13 0.4 0.6
2024_0412_16:40:52 13 -99.85 49.85
2024_0412_16:40:59 13 3.3 -0.1
2024_0412_16:41:00 13 -17.15 19.7
2024_0412_16:41:14 13 -11.45 10.4
2024_0412_16:41:25 13 5.15 3.1
2024_0412_16:43:25 13 -1.8 2.05
2024_0412_16:44:49 13 -0.15 -4.1
2024_0412_16:44:52 13 65.85 64.0
2024_0412_16:44:57 13 -9.1 16.65
2024_0412_16:44:58 13 -1.45 0.55
2024_0412_16:45:06 13 1.4 1.15
2024_0412_16:45:10 13 -99.7 99.7
2024_0412_16:45:14 13 73.4 69.85
2024_0412_16:45:21 13 28.7 21.85
2024_0412_16:45:25 13 63.1 61.65
2024_0412_16:45:25 13 20.75 56.9
2024_0412_16:45:29 13 72.6 75.6
2024_0412_16:45:35 13 -1.5 1.9
2024_0412_16:45:36 13 63.1 61.0
2024_0412_16:45:48 13 -5.75 1.75
2024_0412_16:46:00 13 -12.05 22.7
2024_0412_16:47:56 13 0.55 -2.25
2024_0412_16:49:21 13 -11.5 17.85
2024_0412_16:49:27 13 0.8 -5.15
2024_0412_16:49:31 13 51.05 46.85
2024_0412_16:49:31 13 -1.3 1.9
2024_0412_16:49:40 13 60.8 52.75
2024_0412_16:49:43 13 3.65 -1.25
2024_0412_16:49:48 13 -0.7 4.6
2024_0412_16:49:56 13 -49.95 49.95
2024_0412_16:49:56 13 -1.55 1.15
2024_0412_16:49:58 13 0.45 -7.15
2024_0412_16:50:04 13 0.45 0.8
2024_0412_16:50:08 13 1.15 1.55
2024_0412_16:50:12 13 58.55 54.6
2024_0412_16:50:23 13 74.9 76.0
2024_0412_16:52:34 13 14.85 7.05
2024_0412_16:53:56 13 3.1 2.35
2024_0412_16:54:10 13 43.55 73.9
2024_0412_16:54:14 13 4.2 2.25
2024_0412_16:54:17 13 70.15 70.9
2024_0412_16:54:24 13 81.6 30.15
2024_0412_16:54:30 13 -17.2 31.1
2024_0412_16:54:31 13 1.3 1.95
2024_0412_16:54:33 13 17.25 20.75
2024_0412_16:54:39 13 56.0 67.05
2024_0412_16:54:48 13 5.15 -2.85
2024_0412_16:54:49 13 15.95 -6.05
2024_0412_16:55:00 13 52.25 57.8
2024_0412_16:56:13 13 61.15 58.6
2024_0412_16:57:09 13 11.05 7.25
2024_0412_16:57:46 13 0.2 2.05
2024_0412_16:58:28 13 28.55 61.9
2024_0412_16:58:47 13 22.6 21.05
2024_0412_16:58:48 13 -5.45 3.2
2024_0412_16:58:48 13 -3.45 3.45
2024_0412_16:58:56 13 -1.75 3.65
2024_0412_16:59:02 13 73.95 72.55
2024_0412_16:59:06 13 -0.4 1.25
2024_0412_16:59:08 13 59.5 64.75
2024_0412_16:59:10 13 1.3 -1.35
2024_0412_16:59:24 13 -0.85 1.45
2024_0412_16:59:25 13 -0.75 1.15
2024_0412_16:59:32 13 1.25 -0.4
2024_0412_17:00:00 13 0.1 2.9
2024_0412_17:00:45 13 -0.4 -1.45
2024_0412_17:01:43 13 -2.0 0.3
2024_0412_17:02:21 13 0.3 1.4
2024_0412_17:03:04 13 57.75 31.1
2024_0412_17:03:20 13 -1.3 2.4
2024_0412_17:03:21 13 -18.1 29.85
2024_0412_17:03:22 13 -1.7 1.95
2024_0412_17:03:31 13 2.8 1.65
2024_0412_17:03:36 13 70.3 72.1
2024_0412_17:03:40 13 0.05 3.35
2024_0412_17:03:44 13 60.05 57.1
2024_0412_17:03:48 13 48.4 41.0
2024_0412_17:03:58 13 5.3 6.35
2024_0412_17:04:01 13 0.45 0.05
2024_0412_17:04:06 13 53.15 -52.55
2024_0412_17:04:36 13 75.75 74.15
2024_0412_17:05:22 13 -18.1 24.3
2024_0412_17:06:18 13 -7.85 10.9
2024_0412_17:06:54 13 42.55 52.6
2024_0412_17:07:36 13 -0.45 2.05
2024_0412_17:07:52 13 -2.4 1.05
2024_0412_17:07:57 13 79.45 74.75
2024_0412_17:08:00 13 60.4 48.05
2024_0412_17:08:04 13 -4.15 3.95
2024_0412_17:08:09 13 -33.95 32.4
2024_0412_17:08:17 13 3.1 -0.65
2024_0412_17:08:18 13 58.2 60.65
2024_0412_17:08:24 13 -0.6 0.55
2024_0412_17:08:32 13 2.3 20.5
2024_0412_17:08:35 13 18.15 15.5
2024_0412_17:08:41 13 68.8 67.8
2024_0412_17:09:12 13 34.35 48.45
2024_0412_17:09:56 13 1.55 4.25
2024_0412_17:10:54 13 53.4 60.15
2024_0412_17:11:28 13 9.2 7.45
2024_0412_17:12:09 13 -2.35 2.35
2024_0412_17:12:29 13 38.25 58.25
2024_0412_17:12:29 13 4.0 1.65
2024_0412_17:12:35 13 3.1 -3.4
2024_0412_17:12:41 13 -2.05 9.7
2024_0412_17:12:50 13 16.6 13.35
2024_0412_17:12:52 13 79.05 74.05
2024_0412_17:12:57 13 63.3 57.8
2024_0412_17:12:58 13 18.6 -20.8
2024_0412_17:13:05 13 5.05 5.5
2024_0412_17:13:12 13 45.25 58.85
2024_0412_17:13:16 13 -0.55 4.15
2024_0412_17:13:44 13 71.05 76.9
2024_0412_17:14:30 13 12.15 -0.95
2024_0412_17:15:26 13 1.0 -2.95
2024_0412_17:16:02 13 -0.8 5.2
2024_0412_17:16:40 13 2.55 -0.55
2024_0412_17:17:02 13 31.75 -26.5
2024_0412_17:17:07 13 -4.75 -0.35
2024_0412_17:17:12 13 46.05 60.2
2024_0412_17:17:14 14 13.45 19.65
2024_0412_17:17:26 14 23.85 42.3
2024_0412_17:17:27 14 0.35 -0.45
2024_0412_17:17:34 14 -0.4 -0.5
2024_0412_17:17:35 14 46.35 56.75
2024_0412_17:17:41 14 -1.8 0.7
2024_0412_17:17:47 14 -11.55 16.9
2024_0412_17:17:47 14 99.8 99.8
2024_0412_17:18:20 14 71.85 74.35
2024_0412_17:19:03 14 -3.3 4.4
2024_0412_17:20:38 14 62.4 62.35
2024_0412_17:21:05 14 -0.7 -0.75
2024_0412_17:21:15 14 3.2 1.65
2024_0412_17:21:38 14 -2.2 -4.4
2024_0412_17:21:42 14 -16.75 17.05
2024_0412_17:21:46 14 2.4 -0.75
2024_0412_17:21:46 14 -0.5 0.85
2024_0412_17:22:01 14 10.05 27.45
2024_0412_17:22:01 14 60.25 63.9
2024_0412_17:22:11 14 66.3 58.3
2024_0412_17:22:13 14 16.75 6.4
2024_0412_17:22:19 14 73.6 72.45
2024_0412_17:22:21 14 -1.4 -1.1
2024_0412_17:22:23 14 -3.4 0.0
2024_0412_17:22:52 14 -4.35 -2.5
2024_0412_17:23:45 14 3.05 3.3
2024_0412_17:25:15 14 74.05 69.1
2024_0412_17:25:35 14 99.8 49.9
2024_0412_17:25:56 14 -1.55 3.1
2024_0412_17:26:12 14 12.5 5.35
2024_0412_17:26:18 14 54.05 47.4
2024_0412_17:26:18 14 1.5 2.0
2024_0412_17:26:22 14 -6.7 19.65
2024_0412_17:26:33 14 1.4 3.0
2024_0412_17:26:37 14 29.4 47.75
2024_0412_17:26:48 14 0.0 -0.1
2024_0412_17:26:51 14 9.3 -5.9
2024_0412_17:26:52 14 68.0 68.25
2024_0412_17:26:54 14 0.85 -0.1
2024_0412_17:26:58 14 69.6 19.6
2024_0412_17:27:28 14 51.75 49.95
2024_0412_17:28:19 14 -0.05 3.25
2024_0412_17:29:50 14 6.7 3.55
2024_0412_17:30:06 14 10.3 -10.95
2024_0412_17:30:27 14 1.45 -2.45
2024_0412_17:30:47 14 58.1 54.5
2024_0412_17:30:51 14 -2.05 0.25
2024_0412_17:30:54 14 -2.5 1.55
2024_0412_17:30:54 14 -21.5 59.45
2024_0412_17:31:04 14 99.85 99.8
2024_0412_17:31:14 14 75.6 75.3
2024_0412_17:31:24 14 -18.25 14.7
2024_0412_17:31:25 14 -3.95 1.05
2024_0412_17:31:26 14 62.9 56.75
2024_0412_17:31:33 14 -15.05 9.95
2024_0412_17:31:34 14 73.2 72.75
2024_0412_17:32:03 14 61.5 45.6
2024_0412_17:32:54 14 71.55 70.55
2024_0412_17:34:24 14 -10.75 9.1
2024_0412_17:34:40 14 60.05 16.9
2024_0412_17:35:03 14 50.85 76.85
2024_0412_17:35:20 14 16.45 16.9
2024_0412_17:35:24 14 75.2 72.5
2024_0412_17:35:28 14 68.1 69.65
2024_0412_17:35:31 14 -1.65 -2.45
2024_0412_17:35:47 14 39.65 55.2
2024_0412_17:35:48 14 -1.35 0.25
2024_0412_17:35:58 14 2.55 -4.15
2024_0412_17:36:01 14 3.3 6.1
2024_0412_17:36:04 14 40.05 56.75
2024_0412_17:36:07 14 -0.8 -0.7
2024_0412_17:36:09 14 0.95 1.65
2024_0412_17:36:40 14 29.5 58.9
2024_0412_17:37:35 14 -2.9 -1.6
2024_0412_17:38:58 14 -0.65 1.25
2024_0412_17:39:14 14 0.25 -1.05
2024_0412_17:39:38 14 24.45 21.6
2024_0412_17:39:52 14 -0.05 -0.6
2024_0412_17:39:59 14 2.75 5.75
2024_0412_17:40:03 14 59.8 35.0
2024_0412_17:40:05 14 53.8 59.55
2024_0412_17:40:20 14 -2.4 -2.85
2024_0412_17:40:23 14 -22.15 18.4
2024_0412_17:40:32 14 -1.5 0.9
2024_0412_17:40:39 14 70.2 71.3
2024_0412_17:40:40 14 66.3 57.25
2024_0412_17:40:41 14 4.45 1.7
2024_0412_17:40:41 14 -99.9 99.9
2024_0412_17:41:13 14 -2.1 2.65
2024_0412_17:42:11 14 1.8 0.0
2024_0412_17:43:30 14 1.1 -1.55
2024_0412_17:43:50 14 47.0 61.7
2024_0412_17:44:25 14 1.75 1.0
2024_0412_17:44:32 14 -7.4 13.0
2024_0412_17:44:39 14 69.6 74.65
2024_0412_17:44:41 14 51.1 62.3
2024_0412_17:44:55 14 -0.35 -0.25
2024_0412_17:44:58 14 -2.15 -0.15
2024_0412_17:45:06 14 0.1 1.05
2024_0412_17:45:17 14 24.2 75.55
2024_0412_17:45:17 14 4.5 14.15
2024_0412_17:45:20 14 60.45 55.95
2024_0412_17:45:25 14 17.1 18.95
2024_0412_17:45:54 14 -21.65 35.85
2024_0412_17:46:44 14 -40.8 39.95
2024_0412_17:47:00 14 -3.95 -3.65
2024_0412_17:48:02 14 -1.9 -0.1
2024_0412_17:48:32 14 54.0 65.15
2024_0412_17:49:00 14 -6.0 51.7
2024_0412_17:49:08 14 56.75 9.25
2024_0412_17:49:11 14 18.1 -2.85
2024_0412_17:49:12 14 0.05 0.0
2024_0412_17:49:31 14 -7.8 -3.95
2024_0412_17:49:31 14 60.55 -59.6
2024_0412_17:49:41 14 63.3 51.05
2024_0412_17:49:52 14 3.55 -1.35
2024_0412_17:49:54 14 63.05 61.7
2024_0412_17:49:54 14 46.85 11.15
2024_0412_17:50:04 14 45.55 54.3
2024_0412_17:51:20 14 59.8 18.15
2024_0412_17:51:32 14 -0.45 -0.65
2024_0412_17:52:15 14 -0.55 -3.15
2024_0412_17:52:37 14 -0.1 -0.65
2024_0412_17:53:08 14 55.15 61.8
2024_0412_17:53:35 14 69.3 69.85
2024_0412_17:53:41 14 -1.5 3.15
2024_0412_17:53:43 14 0.9 1.0
2024_0412_17:53:46 14 3.15 15.75
2024_0412_17:54:05 14 -4.35 0.15
2024_0412_17:54:07 14 57.35 55.55
2024_0412_17:54:16 14 -10.95 47.6
2024_0412_17:54:27 14 52.9 42.55
2024_0412_17:54:32 14 55.15 41.95
2024_0412_17:54:33 14 41.2 -15.05
2024_0412_17:54:42 14 69.65 72.35
2024_0412_17:55:55 14 74.0 72.6
2024_0412_17:56:06 14 56.5 54.75
2024_0412_17:56:50 14 80.2 70.35
2024_0412_17:57:10 14 -0.4 0.7
2024_0412_17:57:41 14 -24.0 49.65
2024_0412_17:58:07 14 -36.2 36.7
2024_0412_17:58:14 14 0.45 1.0
2024_0412_17:58:16 14 6.95 16.15
2024_0412_17:58:22 14 59.3 57.25
2024_0412_17:58:40 14 10.75 3.25
2024_0412_17:58:42 14 20.1 9.65
2024_0412_17:58:58 14 17.8 19.7
2024_0412_17:59:01 14 -5.85 -0.35
2024_0412_17:59:08 14 56.9 52.65
2024_0412_17:59:09 14 15.25 55.1
2024_0412_17:59:20 14 23.95 -15.1
2024_0412_18:00:27 14 52.05 50.05
2024_0412_18:00:37 14 -32.55 35.6
2024_0412_18:01:27 14 0.6 -2.3
2024_0412_18:01:45 14 46.35 -11.3
2024_0412_18:02:14 14 -9.05 6.75
2024_0412_18:02:45 14 35.15 -14.8
2024_0412_18:02:45 14 99.9 49.95
2024_0412_18:02:49 14 46.45 58.1
2024_0412_18:02:55 14 -2.1 -2.3
2024_0412_18:03:25 14 -0.2 -8.95
2024_0412_18:03:34 14 4.5 -0.55
2024_0412_18:03:35 14 64.75 58.4
2024_0412_18:03:44 14 59.35 50.95
2024_0412_18:03:48 14 59.1 44.3
2024_0412_18:03:55 14 1.1 4.15
2024_0412_18:05:01 14 59.4 57.0
2024_0412_18:05:09 14 0.2 -5.35
2024_0412_18:06:03 14 1.3 0.3
2024_0412_18:06:06 15 28.65 60.35
2024_0412_18:06:22 15 37.7 46.6
2024_0412_18:06:53 15 68.25 74.4
2024_0412_18:07:17 15 -0.5 2.3
2024_0412_18:07:22 15 19.95 -10.75
2024_0412_18:08:07 15 -4.85 -1.8
2024_0412_18:08:07 15 10.35 -15.65
2024_0412_18:08:09 15 -0.35 3.65
2024_0412_18:08:19 15 74.0 71.05
2024_0412_18:08:24 15 0.45 -1.4
2024_0412_18:08:29 15 60.3 62.25
2024_0412_18:08:53 15 71.5 59.15
2024_0412_18:09:32 15 2.8 -1.3
2024_0412_18:09:41 15 1.25 3.15
2024_0412_18:10:25 15 39.7 -33.85
2024_0412_18:10:37 15 -22.1 66.9
2024_0412_18:10:37 15 16.2 -15.1
2024_0412_18:10:59 15 27.35 -25.85
2024_0412_18:11:35 15 8.6 -8.85
2024_0412_18:11:52 15 57.35 56.8
2024_0412_18:11:59 15 54.55 46.85
2024_0412_18:12:40 15 2.85 -0.2
2024_0412_18:12:45 15 -0.45 0.65
2024_0412_18:12:46 15 58.3 57.75
2024_0412_18:12:55 15 75.2 76.3
2024_0412_18:13:03 15 7.3 -5.1
2024_0412_18:13:03 15 50.6 29.95
2024_0412_18:13:27 15 79.65 33.3
2024_0412_18:14:08 15 34.9 44.45
2024_0412_18:14:18 15 71.7 74.2
2024_0412_18:15:06 15 -1.9 1.2
2024_0412_18:15:10 15 8.8 -7.3
2024_0412_18:15:36 15 58.05 57.9
2024_0412_18:16:09 15 -7.15 9.65
2024_0412_18:16:25 15 0.2 0.2
2024_0412_18:16:34 15 0.95 -2.45
2024_0412_18:17:13 15 1.4 -0.2
2024_0412_18:17:20 15 30.95 70.8
2024_0412_18:17:23 15 48.95 52.25
2024_0412_18:17:28 15 50.9 57.05
2024_0412_18:17:39 15 30.25 60.25
2024_0412_18:17:42 15 55.45 59.55
2024_0412_18:18:01 15 71.0 80.15
2024_0412_18:18:20 15 43.7 55.45
2024_0412_18:18:42 15 79.25 71.4
2024_0412_18:18:53 15 72.0 72.9
2024_0412_18:19:39 15 -3.95 0.05
2024_0412_18:19:50 15 -2.95 -5.25
2024_0412_18:20:12 15 3.55 14.6
2024_0412_18:20:46 15 -3.6 3.1
2024_0412_18:21:00 15 8.2 6.4
2024_0412_18:21:08 15 32.7 43.25
2024_0412_18:21:49 15 0.45 -2.4
2024_0412_18:21:54 15 3.05 -0.25
2024_0412_18:22:01 15 54.45 22.2
2024_0412_18:22:09 15 58.35 44.0
2024_0412_18:22:12 15 -4.55 -0.7
2024_0412_18:22:18 15 45.45 42.95
2024_0412_18:22:34 15 -5.0 22.55
2024_0412_18:23:25 15 -0.85 0.3
2024_0412_18:23:39 15 54.55 71.65
2024_0412_18:24:14 15 -0.05 7.25
2024_0412_18:24:26 15 -12.4 10.95
2024_0412_18:24:47 15 56.45 57.2
2024_0412_18:25:19 15 0.3 -0.45
2024_0412_18:25:20 15 -0.9 1.2
2024_0412_18:25:33 15 4.9 13.15
2024_0412_18:25:41 15 49.95 -49.9
2024_0412_18:26:26 15 70.8 71.95
2024_0412_18:26:30 15 -0.75 -4.55
2024_0412_18:26:34 15 -0.55 -0.1
2024_0412_18:26:40 15 -99.7 99.8
2024_0412_18:26:52 15 -6.2 0.55
2024_0412_18:27:08 15 -1.0 4.7
2024_0412_18:28:01 15 -9.4 46.45
2024_0412_18:28:14 15 45.95 64.95
2024_0412_18:28:51 15 43.45 59.65
2024_0412_18:29:02 15 25.75 26.9
2024_0412_18:29:23 15 19.55 61.75
2024_0412_18:29:53 15 32.85 36.4
2024_0412_18:29:56 15 74.25 72.5
2024_0412_18:30:09 15 -1.8 2.1
2024_0412_18:30:16 15 3.8 -2.0
2024_0412_18:30:29 15 72.55 72.7
2024_0412_18:31:02 15 -10.6 9.85
2024_0412_18:31:04 15 -50.05 -49.95
2024_0412_18:31:13 15 51.85 57.8
2024_0412_18:31:15 15 -1.0 -2.25
2024_0412_18:31:25 15 0.45 -0.5
2024_0412_18:31:43 15 48.45 58.6
2024_0412_18:32:37 15 -18.05 25.9
2024_0412_18:32:54 15 0.95 -2.75
2024_0412_18:33:28 15 75.15 79.55
2024_0412_18:33:33 15 0.25 -1.1
2024_0412_18:33:59 15 10.1 -13.75
2024_0412_18:34:25 15 0.7 -1.8
2024_0412_18:34:32 15 71.95 59.25
2024_0412_18:34:40 15 65.3 36.45
2024_0412_18:34:51 15 6.4 -1.05
2024_0412_18:35:02 15 -3.65 -1.95
2024_0412_18:35:39 15 -1.5 3.15
2024_0412_18:35:48 15 -29.3 42.65
2024_0412_18:35:51 15 48.7 42.65
2024_0412_18:36:03 15 -0.85 -4.7
2024_0412_18:36:19 15 17.3 57.7
2024_0412_18:37:11 15 -100.0 100.0
2024_0412_18:37:27 15 26.15 29.0
2024_0412_18:38:06 15 3.4 -2.95
2024_0412_18:38:20 15 29.55 34.05
2024_0412_18:38:32 15 -0.5 1.15
2024_0412_18:38:58 15 99.9 -49.95
2024_0412_18:39:06 15 -0.5 -0.05
2024_0412_18:39:12 15 90.75 -31.6
2024_0412_18:39:22 15 0.3 1.0
2024_0412_18:39:23 15 -2.85 0.85
2024_0412_18:39:38 15 60.5 63.55
2024_0412_18:40:16 15 47.0 24.25
2024_0412_18:40:23 15 2.6 -0.35
2024_0412_18:40:29 15 53.75 43.65
2024_0412_18:40:42 15 31.55 41.65
2024_0412_18:40:56 15 47.3 49.8
2024_0412_18:41:49 15 56.3 13.95
2024_0412_18:41:58 15 -0.85 5.0
2024_0412_18:42:43 15 -2.45 8.7
2024_0412_18:42:57 15 -0.05 -0.35
2024_0412_18:43:02 15 -0.15 0.1
2024_0412_18:43:33 15 31.65 -32.55
2024_0412_18:43:41 15 26.25 -29.0
2024_0412_18:43:43 15 -17.7 15.5
2024_0412_18:43:59 15 51.7 54.1
2024_0412_18:44:11 15 0.35 -4.55
2024_0412_18:44:44 15 49.7 62.1
2024_0412_18:44:54 15 77.15 72.2
2024_0412_18:44:57 15 3.35 4.45
2024_0412_18:45:04 15 -9.95 9.2
2024_0412_18:45:21 15 -0.6 -3.65
2024_0412_18:45:33 15 55.0 52.6
2024_0412_18:46:23 15 1.0 -1.1
2024_0412_18:46:29 15 2.6 -0.6
2024_0412_18:47:14 15 -13.4 13.55
2024_0412_18:47:29 15 0.75 -1.0
2024_0412_18:47:33 15 17.7 59.65
2024_0412_18:48:10 15 29.05 4.9
2024_0412_18:48:17 15 56.05 61.25
2024_0412_18:48:33 15 24.6 -4.3
2024_0412_18:48:46 15 48.25 59.95
2024_0412_18:49:21 15 72.85 73.3
2024_0412_18:49:28 15 -3.15 3.3
2024_0412_18:49:39 15 8.4 4.8
2024_0412_18:49:40 15 -1.5 -3.95
2024_0412_18:49:55 15 42.85 56.0
2024_0412_18:50:04 15 -14.55 21.35
2024_0412_18:51:01 15 -3.5 1.0
2024_0412_18:51:02 15 12.75 10.15
2024_0412_18:51:10 15 0.1 2.15
2024_0412_18:51:49 15 0.55 -0.9
2024_0412_18:52:08 15 -1.25 6.55
2024_0412_18:52:12 15 56.85 57.25
2024_0412_18:52:50 15 57.8 49.5
2024_0412_18:52:51 15 1.7 4.95
2024_0412_18:53:06 15 5.4 -3.2
2024_0412_18:53:21 15 4.2 -4.5
2024_0412_18:54:00 15 64.45 64.35
2024_0412_18:54:02 15 3.15 1.3
2024_0412_18:54:13 15 49.95 -49.95
2024_0412_18:54:15 15 0.9 -2.95
2024_0412_18:54:32 15 56.45 52.05
2024_0412_18:54:38 15 48.5 59.4
2024_0412_18:55:33 15 0.2 5.45
2024_0412_18:55:34 15 -2.6 0.9
2024_0412_18:55:43 15 72.05 77.1
2024_0412_18:56:25 16 -1.85 6.55
2024_0412_18:56:45 16 2.6 -1.0
2024_0412_18:56:47 16 22.4 -19.95
2024_0412_18:57:22 16 -11.35 6.1
2024_0412_18:57:26 16 -1.1 0.25
2024_0412_18:57:38 16 20.95 -4.65
2024_0412_18:57:58 16 77.25 74.25
2024_0412_18:58:35 16 19.25 -18.25
2024_0412_18:58:46 16 33.4 59.95
2024_0412_18:58:50 16 45.15 -22.05
2024_0412_18:59:08 16 15.3 -18.0
2024_0412_18:59:16 16 58.25 63.25
2024_0412_18:59:25 16 -4.2 14.25
2024_0412_19:00:08 16 52.95 55.15
2024_0412_19:00:12 16 -20.25 21.25
2024_0412_19:00:16 16 -1.0 -4.25
2024_0412_19:00:58 16 16.75 -16.4
2024_0412_19:01:21 16 30.3 28.9
2024_0412_19:01:22 16 76.6 68.55
2024_0412_19:01:59 16 -1.5 0.8
2024_0412_19:02:00 16 -1.15 -0.95
2024_0412_19:02:12 16 80.55 72.0
2024_0412_19:02:31 16 3.95 2.2
2024_0412_19:03:14 16 15.1 70.2
2024_0412_19:03:23 16 58.7 52.6
2024_0412_19:03:28 16 54.0 57.1
2024_0412_19:03:47 16 -0.35 1.65
2024_0412_19:03:50 16 16.6 -16.95
2024_0412_19:04:02 16 71.15 72.95
2024_0412_19:04:41 16 16.9 -16.75
2024_0412_19:04:45 16 -43.8 52.55
2024_0412_19:04:51 16 68.95 55.65
2024_0412_19:05:32 16 -8.65 5.8
2024_0412_19:05:57 16 2.05 2.2
2024_0412_19:06:01 16 19.95 -0.4
2024_0412_19:06:33 16 0.35 1.05
2024_0412_19:06:42 16 1.2 1.4
2024_0412_19:06:48 16 -3.4 0.15
2024_0412_19:07:06 16 11.3 -9.5
2024_0412_19:07:49 16 22.85 37.95
2024_0412_19:07:57 16 -2.9 -3.4
2024_0412_19:08:06 16 72.2 59.75
2024_0412_19:08:20 16 2.75 4.55
2024_0412_19:08:27 16 5.7 3.1
2024_0412_19:08:38 16 39.35 54.1
2024_0412_19:09:15 16 74.15 71.45
2024_0412_19:09:19 16 -6.8 14.8
2024_0412_19:09:25 16 32.55 58.9
2024_0412_19:10:04 16 -0.4 0.9
2024_0412_19:10:30 16 1.0 3.75
2024_0412_19:10:37 16 70.05 49.65
2024_0412_19:11:07 16 57.45 55.55
2024_0412_19:11:20 16 0.15 1.45
2024_0412_19:11:21 16 60.9 56.65
2024_0412_19:11:42 16 -1.9 0.6
2024_0412_19:12:27 16 76.4 71.4
2024_0412_19:12:34 16 -10.15 9.8
2024_0412_19:12:43 16 64.8 26.8
2024_0412_19:12:53 16 56.15 58.9
2024_0412_19:13:04 16 72.75 71.85
2024_0412_19:13:14 16 55.45 38.65
2024_0412_19:13:47 16 24.0 39.7
2024_0412_19:13:50 16 1.2 0.7
2024_0412_19:13:58 16 3.25 2.1
2024_0412_19:14:41 16 15.7 2.9
2024_0412_19:15:06 16 16.7 65.4
2024_0412_19:15:12 16 73.7 78.25
2024_0412_19:15:38 16 27.25 -23.45
2024_0412_19:15:53 16 25.0 -24.95
2024_0412_19:15:56 16 22.5 26.1
2024_0412_19:16:20 16 72.3 75.65
2024_0412_19:17:08 16 72.4 75.5
2024_0412_19:17:21 16 53.1 57.4
2024_0412_19:17:30 16 18.95 65.25
2024_0412_19:17:49 16 2.35 -1.85
2024_0412_19:17:50 16 75.75 68.35
2024_0412_19:18:21 16 66.45 54.55
2024_0412_19:18:25 16 -7.9 14.3
2024_0412_19:18:30 16 -0.45 -0.8
2024_0412_19:19:12 16 36.95 60.55
2024_0412_19:19:12 16 78.85 70.25
2024_0412_19:19:48 16 76.4 76.2
2024_0412_19:19:50 16 10.25 -10.7
2024_0412_19:20:10 16 -0.95 -2.5
2024_0412_19:20:23 16 99.9 -49.9
2024_0412_19:20:30 16 2.55 -0.15
2024_0412_19:21:43 16 -0.6 4.25
2024_0412_19:21:57 16 -1.4 4.65
2024_0412_19:22:27 16 55.45 61.55
2024_0412_19:22:56 16 -7.8 6.65
2024_0412_19:22:58 16 -18.1 14.5
2024_0412_19:23:03 16 -99.9 -99.9
2024_0412_19:23:46 16 58.5 56.05
2024_0412_19:23:55 16 34.25 9.2
2024_0412_19:24:20 16 78.9 75.8
2024_0412_19:24:24 16 9.9 3.85
2024_0412_19:24:30 16 8.45 -2.45
2024_0412_19:24:44 16 19.85 45.85
2024_0412_19:24:47 16 -2.1 0.1
2024_0412_19:25:01 16 40.75 35.5
2024_0412_19:25:08 16 -7.1 10.9
2024_0412_19:26:15 16 -0.85 -1.3
2024_0412_19:26:30 16 3.1 -6.7
2024_0412_19:26:31 16 49.9 99.9
2024_0412_19:27:03 16 1.9 0.05
2024_0412_19:27:30 16 9.55 7.3
2024_0412_19:27:36 16 50.9 69.55
2024_0412_19:28:23 16 2.1 -8.25
2024_0412_19:28:28 16 -99.8 -49.95
2024_0412_19:28:56 16 -0.05 20.0
2024_0412_19:28:57 16 62.5 46.55
2024_0412_19:29:12 16 23.45 -31.7
2024_0412_19:29:21 16 47.0 46.2
2024_0412_19:29:23 16 69.0 70.35
2024_0412_19:29:35 16 31.85 -9.85
2024_0412_19:30:45 16 1.7 0.35
2024_0412_19:30:59 16 0.65 -0.7
2024_0412_19:31:02 16 -2.8 -0.55
2024_0412_19:31:03 16 -12.1 26.7
2024_0412_19:31:41 16 -4.3 1.35
2024_0412_19:31:58 16 2.3 -1.35
2024_0412_19:32:02 16 -1.95 0.15
2024_0412_19:32:12 16 71.0 70.75
2024_0412_19:32:56 16 4.55 7.8
2024_0412_19:33:06 16 0.45 -0.1
2024_0412_19:33:29 16 51.5 65.65
2024_0412_19:33:31 16 79.8 74.45
2024_0412_19:33:54 16 49.55 49.3
2024_0412_19:34:00 16 -9.7 12.5
2024_0412_19:34:09 16 6.6 -1.4
2024_0412_19:35:20 16 12.0 -9.65
2024_0412_19:35:36 17 2.0 2.3
2024_0412_19:35:37 17 26.25 42.65
2024_0412_19:35:38 16 4.35 -0.4
2024_0412_19:36:11 17 44.75 25.95
2024_0412_19:36:35 17 0.25 -0.5
2024_0412_19:36:36 17 2.05 -1.0
2024_0412_19:36:36 17 0.3 2.8
2024_0412_19:36:49 17 1.7 1.55
2024_0412_19:37:33 17 60.55 60.55
2024_0412_19:37:43 17 1.35 7.4
2024_0412_19:38:06 17 39.95 -39.2
2024_0412_19:38:07 17 0.65 1.0
2024_0412_19:38:30 17 74.8 72.9
2024_0412_19:38:34 17 5.75 -1.65
2024_0412_19:38:45 17 -0.2 -1.3
2024_0412_19:39:55 17 4.0 -2.3
2024_0412_19:40:10 17 1.65 0.95
2024_0412_19:40:12 17 59.05 39.5
2024_0412_19:40:17 17 13.5 17.05
2024_0412_19:40:47 17 0.7 44.25
2024_0412_19:41:10 17 -4.05 6.65
2024_0412_19:41:12 17 0.4 1.1
2024_0412_19:41:13 17 -50.35 47.3
2024_0412_19:41:21 17 -30.85 43.85
2024_0412_19:42:07 17 3.95 4.15
2024_0412_19:42:21 17 4.1 2.25
2024_0412_19:42:41 17 41.2 45.25
2024_0412_19:42:43 17 39.7 -41.05
2024_0412_19:43:06 17 36.9 49.3
2024_0412_19:43:10 17 8.0 -4.2
2024_0412_19:43:18 17 2.05 1.25
2024_0412_19:44:34 17 56.95 55.9
2024_0412_19:44:47 17 13.35 24.9
2024_0412_19:44:48 17 58.8 60.0
2024_0412_19:44:56 17 74.05 71.6
2024_0412_19:45:28 17 -1.35 -0.5
2024_0412_19:45:50 17 54.25 57.35
2024_0412_19:45:53 17 55.85 55.3
2024_0412_19:45:57 17 73.75 76.65
2024_0412_19:46:01 17 49.85 42.8
2024_0412_19:46:38 17 1.1 2.0
2024_0412_19:47:00 17 56.45 54.1
2024_0412_19:47:11 17 -10.9 19.9
2024_0412_19:47:18 17 44.65 42.1
2024_0412_19:47:41 17 13.15 -9.1
2024_0412_19:47:42 17 9.7 13.65
2024_0412_19:47:51 17 -2.35 -2.0
2024_0412_19:49:07 17 55.95 53.45
2024_0412_19:49:23 17 -1.85 1.8
2024_0412_19:49:28 17 -10.7 17.1
2024_0412_19:49:56 17 50.9 50.4
2024_0412_19:50:07 17 60.65 61.1
2024_0412_19:50:25 17 13.45 -12.3
2024_0412_19:50:30 17 2.15 -5.15
2024_0412_19:50:33 17 -3.05 -0.2
2024_0412_19:51:14 17 43.05 37.65
2024_0412_19:51:39 17 9.2 8.7
2024_0412_19:51:51 17 -8.75 8.95
2024_0412_19:51:55 17 73.4 73.3
2024_0412_19:52:13 17 49.85 50.1
2024_0412_19:52:19 17 27.85 66.85
2024_0412_19:52:27 17 69.3 68.85
2024_0412_19:52:44 17 0.9 -2.9
2024_0412_19:53:40 17 -1.25 13.7
2024_0412_19:54:02 17 14.55 -12.8
2024_0412_19:54:03 17 4.15 -0.5
2024_0412_19:54:33 17 2.35 2.35
2024_0412_19:55:01 17 60.1 58.5
2024_0412_19:55:12 17 55.15 58.0
2024_0412_19:55:51 17 24.05 6.15
2024_0412_19:56:18 17 0.0 -0.3
2024_0412_19:56:26 17 37.25 43.35
2024_0412_19:56:29 17 -1.75 -2.3
2024_0412_19:56:53 17 -9.15 10.8
2024_0412_19:56:57 17 -22.2 18.7
2024_0412_19:57:00 17 2.0 -2.55
2024_0412_19:57:23 17 55.85 51.55
2024_0412_19:57:51 17 -3.5 2.55
2024_0412_19:58:17 17 52.7 43.65
2024_0412_19:58:36 17 44.1 59.9
2024_0412_19:58:37 17 2.4 4.0
2024_0412_19:59:09 17 9.75 -5.35
2024_0412_19:59:11 17 -10.15 10.95
2024_0412_19:59:37 17 -0.65 11.1
2024_0412_19:59:47 17 -4.3 4.8
2024_0412_20:00:28 17 12.5 -8.55
2024_0412_20:00:54 17 0.5 -2.8
2024_0412_20:01:04 17 -5.9 5.6
2024_0412_20:01:06 17 72.95 71.6
2024_0412_20:01:29 17 5.3 5.25
2024_0412_20:01:30 17 -2.2 -1.7
2024_0412_20:01:34 17 0.45 -5.1
2024_0412_20:02:01 17 27.0 41.95
2024_0412_20:02:25 17 60.75 37.45
2024_0412_20:02:56 17 -9.7 14.8
2024_0412_20:03:11 17 -3.55 0.0
2024_0412_20:03:15 17 1.75 -1.3
2024_0412_20:03:42 17 -25.85 29.05
2024_0412_20:03:52 17 61.5 50.85
2024_0412_20:04:22 17 3.2 -0.25
2024_0412_20:05:02 17 -3.2 -0.7
2024_0412_20:05:26 17 1.7 -0.3
2024_0412_20:05:38 17 -4.95 -2.25
2024_0412_20:06:04 17 -12.7 10.5
2024_0412_20:06:04 17 -0.6 -1.25
2024_0412_20:06:12 17 22.7 41.3
2024_0412_20:06:40 17 5.65 -0.55
2024_0412_20:07:16 17 18.9 17.2
2024_0412_20:07:34 17 58.4 56.0
2024_0412_20:07:34 17 -14.2 14.3
2024_0412_20:07:43 17 1.5 2.75
2024_0412_20:07:53 17 -2.2 -0.5
2024_0412_20:08:15 17 -1.6 -0.6
2024_0412_20:08:40 17 1.05 -0.1
2024_0412_20:09:11 17 1.9 0.2
2024_0412_20:09:36 17 69.8 60.25
2024_0412_20:10:00 17 -3.85 1.6
2024_0412_20:10:13 17 11.05 9.8
2024_0412_20:10:16 17 -2.6 1.15
2024_0412_20:10:38 17 -2.55 -0.9
2024_0412_20:10:42 17 51.65 59.0
2024_0412_20:10:47 17 15.6 4.65
2024_0412_20:11:43 17 -1.15 -0.65
2024_0412_20:11:53 17 0.25 -0.4
2024_0412_20:12:09 17 -6.9 -3.75
2024_0412_20:12:11 17 72.4 29.0
2024_0412_20:12:22 17 -2.25 0.7
2024_0412_20:12:32 17 69.95 71.75
2024_0412_20:13:14 17 9.65 -5.05
2024_0412_20:13:44 17 17.55 -13.9
2024_0412_20:14:12 17 50.75 -49.1
2024_0412_20:14:36 17 70.95 78.9
2024_0412_20:14:49 17 52.65 64.3
2024_0412_20:14:53 17 -16.3 4.45
2024_0412_20:15:15 17 -0.8 -1.1
2024_0412_20:15:18 17 42.8 -31.15
2024_0412_20:15:24 17 41.3 -44.85
2024_0412_20:16:20 17 11.35 10.8
2024_0412_20:16:45 17 1.65 -2.6
2024_0412_20:16:50 17 33.95 45.9
2024_0412_20:16:53 17 0.2 -1.95
2024_0412_20:17:50 17 31.25 26.65
2024_0412_20:17:52 17 4.75 0.85
2024_0412_20:18:21 17 28.7 46.75
2024_0412_20:18:29 17 59.35 12.7
2024_0412_20:18:49 17 3.35 0.1
2024_0412_20:19:08 17 -99.9 49.95
2024_0412_20:19:28 17 79.4 72.5
2024_0412_20:19:33 17 52.4 54.65
2024_0412_20:19:54 17 -1.65 0.6
2024_0412_20:19:58 17 40.5 39.1
2024_0412_20:20:04 17 74.5 74.15
2024_0412_20:20:56 17 3.3 -1.05
2024_0412_20:21:13 17 -16.85 8.15
2024_0412_20:21:22 17 56.9 58.65
2024_0412_20:21:25 17 2.5 -0.95
2024_0412_20:21:30 17 74.3 73.0
2024_0412_20:22:27 18 72.05 74.1
2024_0412_20:22:27 18 0.2 2.0
2024_0412_20:22:55 18 68.65 52.35
2024_0412_20:23:10 18 8.45 26.65
2024_0412_20:23:24 18 4.3 4.25
2024_0412_20:23:44 18 29.5 -22.2
2024_0412_20:24:06 18 68.0 19.65
2024_0412_20:24:12 18 60.05 35.9
2024_0412_20:24:28 18 47.1 -11.3
2024_0412_20:24:38 18 -4.35 16.15
2024_0412_20:24:41 18 -0.75 3.85
2024_0412_20:25:29 18 -0.55 -1.45
2024_0412_20:25:50 18 -0.3 -1.1
2024_0412_20:26:01 18 -1.8 4.3
2024_0412_20:26:06 18 74.1 71.05
2024_0412_20:26:13 18 21.7 27.65
2024_0412_20:27:04 18 39.2 46.35
2024_0412_20:27:05 18 -6.75 10.95
2024_0412_20:27:32 18 5.3 -0.45
2024_0412_20:27:44 18 2.75 -3.2
2024_0412_20:27:58 18 53.5 57.65
2024_0412_20:28:21 18 21.9 35.85
2024_0412_20:28:45 18 -1.85 1.85
2024_0412_20:28:50 18 76.85 70.95
2024_0412_20:29:02 18 -2.05 -0.75
2024_0412_20:29:14 18 57.1 60.75
2024_0412_20:29:16 18 -33.3 11.75
2024_0412_20:30:05 18 -1.95 -1.45
2024_0412_20:30:24 18 -10.15 14.5
2024_0412_20:30:47 18 34.7 45.7
2024_0412_20:30:49 18 -0.95 -2.25
2024_0412_20:30:51 18 61.85 50.9
2024_0412_20:31:37 18 -1.45 -0.4
2024_0412_20:31:40 18 13.85 -11.75
2024_0412_20:32:08 18 -2.3 -2.25
2024_0412_20:32:21 18 0.2 -1.3
2024_0412_20:32:36 18 51.0 -4.3
2024_0412_20:32:57 18 -6.35 4.4
2024_0412_20:33:22 18 0.6 -2.8
2024_0412_20:33:27 18 39.05 -16.1
2024_0412_20:33:49 18 53.5 52.5
2024_0412_20:33:55 18 0.4 4.05
2024_0412_20:34:48 18 -2.95 -2.55
2024_0412_20:34:57 18 -30.65 -25.2
2024_0412_20:35:23 18 30.95 27.2
2024_0412_20:35:26 18 -3.4 5.3
2024_0412_20:35:26 18 -1.8 1.45
2024_0412_20:36:14 18 74.55 73.2
2024_0412_20:36:16 18 0.25 27.35
2024_0412_20:36:46 18 63.6 32.4
2024_0412_20:36:56 18 -0.4 -1.5
2024_0412_20:37:12 18 7.75 -4.55
2024_0412_20:37:33 18 -13.75 43.6
2024_0412_20:37:35 18 0.65 -0.9
2024_0412_20:38:01 18 -2.25 -1.6
2024_0412_20:38:04 18 5.15 27.05
2024_0412_20:38:27 18 0.0 2.45
2024_0412_20:38:34 18 45.9 36.55
2024_0412_20:39:22 18 -37.8 42.55
2024_0412_20:39:31 18 -9.15 21.8
2024_0412_20:39:58 18 19.1 11.1
2024_0412_20:40:00 18 49.9 99.85
2024_0412_20:40:41 18 -0.1 -0.1
2024_0412_20:40:51 18 4.25 -1.2
2024_0412_20:41:03 18 -37.25 38.5
2024_0412_20:41:26 18 67.65 69.4
2024_0412_20:41:31 18 77.55 62.15
2024_0412_20:41:47 18 0.9 0.15
2024_0412_20:42:10 18 3.0 11.2
2024_0412_20:42:10 18 49.85 22.9
2024_0412_20:42:42 18 61.9 61.5
2024_0412_20:42:48 18 41.65 36.85
2024_0412_20:43:08 18 9.75 33.4
2024_0412_20:43:16 18 -21.4 18.4
2024_0412_20:44:02 18 -14.2 14.55
2024_0412_20:44:02 18 -1.3 -2.75
2024_0412_20:44:35 18 74.9 77.75
2024_0412_20:44:48 18 26.4 85.15
2024_0412_20:45:28 18 71.95 72.4
2024_0412_20:45:49 18 -1.9 6.55
2024_0412_20:46:02 18 -0.25 -1.4
2024_0412_20:46:25 18 73.55 73.05
2024_0412_20:46:43 18 -7.3 12.35
2024_0412_20:46:44 18 3.05 4.05
2024_0412_20:47:25 18 60.0 61.55
2024_0412_20:47:41 18 10.9 8.85
2024_0412_20:47:58 18 2.4 -2.05
2024_0412_20:47:59 18 -2.85 6.2
2024_0412_20:48:34 18 55.4 62.9
2024_0412_20:48:38 18 -12.35 10.25
2024_0412_20:48:39 18 -2.15 2.35
2024_0412_20:49:08 18 -99.8 99.7
2024_0412_20:49:23 18 62.55 58.15
2024_0412_20:49:59 18 40.45 61.2
2024_0412_20:50:08 18 61.7 59.1
2024_0412_20:50:31 18 72.9 75.3
2024_0412_20:50:39 18 11.7 -6.05
2024_0412_20:51:01 18 -1.3 -0.25
2024_0412_20:51:21 18 -34.35 43.9
2024_0412_20:51:40 18 0.65 1.6
2024_0412_20:52:11 18 7.75 1.4
2024_0412_20:52:16 18 0.15 2.55
2024_0412_20:52:34 18 9.95 -10.15
2024_0412_20:52:36 18 -1.0 -0.2
2024_0412_20:53:14 18 8.1 44.35
2024_0412_20:53:20 18 58.6 57.8
2024_0412_20:53:20 18 -2.25 -1.75
2024_0412_20:53:53 18 66.5 43.8
2024_0412_20:53:56 18 -1.3 -0.55
2024_0412_20:54:36 18 6.4 2.5
2024_0412_20:54:57 18 74.35 76.2
2024_0412_20:55:09 18 25.6 15.7
2024_0412_20:55:23 18 55.4 43.15
2024_0412_20:55:37 18 -99.8 99.8
2024_0412_20:55:57 18 6.85 15.15
2024_0412_20:56:17 18 4.85 1.15
2024_0412_20:56:47 18 99.8 -50.05
2024_0412_20:56:58 18 1.1 2.75
2024_0412_20:57:13 18 60.6 49.55
2024_0412_20:57:22 18 65.05 30.5
2024_0412_20:57:53 18 10.1 -6.9
2024_0412_20:57:55 18 0.45 -2.0
2024_0412_20:57:55 18 4.8 1.95
2024_0412_20:58:29 18 -1.65 1.75
2024_0412_20:58:30 18 0.5 -1.6
2024_0412_20:59:13 18 6.8 -11.6
2024_0412_20:59:35 18 58.35 47.25
2024_0412_20:59:53 18 58.2 47.75
2024_0412_21:00:01 18 -0.7 2.8
2024_0412_21:00:15 18 23.95 -1.7
2024_0412_21:00:32 18 3.7 0.85
2024_0412_21:00:54 18 1.8 1.25
2024_0412_21:01:23 18 3.8 -1.6
2024_0412_21:01:38 18 -0.8 -1.35
2024_0412_21:01:49 18 41.2 41.15
2024_0412_21:01:59 18 0.6 0.95
2024_0412_21:02:33 18 67.35 74.3
2024_0412_21:02:39 18 55.0 58.3
2024_0412_21:02:42 18 1.45 5.5
2024_0412_21:03:04 18 75.55 73.85
2024_0412_21:03:06 18 75.0 71.95
2024_0412_21:03:48 18 -7.6 8.5
2024_0412_21:04:13 18 43.55 45.1
2024_0412_21:04:29 18 9.85 -11.5
2024_0412_21:04:36 18 73.25 71.15
2024_0412_21:04:50 18 8.9 -0.2
2024_0412_21:05:05 18 -1.4 0.4
2024_0412_21:05:32 18 -23.25 24.3
2024_0412_21:05:58 18 -3.7 -0.7
2024_0412_21:06:11 18 -41.05 40.9
2024_0412_21:06:22 18 9.7 9.65
2024_0412_21:06:39 18 34.35 -2.25
2024_0412_21:07:16 18 -1.4 -1.95
2024_0412_21:07:16 18 -9.4 10.35
2024_0412_21:07:38 18 7.7 -10.1
2024_0412_21:07:40 18 -17.1 32.15
2024_0412_21:08:25 18 58.7 55.65
2024_0412_21:08:47 18 -0.45 3.75
2024_0412_21:09:00 18 -49.95 -49.95
2024_0412_21:09:26 18 -4.9 0.25
2024_0412_21:09:30 18 47.55 44.8
2024_0412_21:09:39 18 4.55 1.3
2024_0412_21:10:09 18 -0.65 0.25
2024_0412_21:10:34 18 -4.1 2.5
2024_0412_21:10:46 18 11.65 -10.45
2024_0412_21:10:59 18 -2.55 -0.2
2024_0412_21:11:15 18 60.2 49.65
2024_0412_21:11:53 18 9.15 12.9
2024_0412_21:11:53 18 22.0 -17.35
2024_0412_21:12:15 19 -51.25 50.65
2024_0412_21:12:15 18 -13.7 47.3
2024_0412_21:13:00 19 79.1 -79.9
2024_0412_21:13:21 19 62.2 23.55
2024_0412_21:13:34 19 0.5 -5.0
2024_0412_21:14:02 19 70.65 78.75
2024_0412_21:14:05 19 -1.05 2.6
2024_0412_21:14:20 19 0.8 -2.1
2024_0412_21:14:43 19 1.4 -3.45
2024_0412_21:14:50 19 -0.95 0.1
2024_0412_21:15:08 19 5.25 -3.5
2024_0412_21:15:33 19 52.3 58.8
2024_0412_21:15:44 19 -17.0 17.2
2024_0412_21:15:55 19 76.95 28.3
2024_0412_21:16:31 19 55.05 59.8
2024_0412_21:16:33 19 -3.8 0.85
2024_0412_21:16:50 19 50.3 52.4
2024_0412_21:16:57 19 68.7 36.6
2024_0412_21:17:53 19 -0.6 -0.35
2024_0412_21:18:10 19 59.2 47.75
2024_0412_21:18:40 19 4.4 2.85
2024_0412_21:18:41 19 -0.65 3.75
2024_0412_21:18:57 19 -1.05 3.2
2024_0412_21:19:21 19 -2.6 32.05
2024_0412_21:19:23 19 4.75 -2.0
2024_0412_21:19:44 19 -2.45 1.25
2024_0412_21:20:06 19 -9.9 8.05
2024_0412_21:20:20 19 3.75 -2.9
2024_0412_21:20:26 19 2.2 0.45
2024_0412_21:21:08 19 0.3 -1.4
2024_0412_21:21:13 19 58.1 54.55
2024_0412_21:21:28 19 33.55 61.2
2024_0412_21:21:47 19 3.7 3.2
2024_0412_21:22:32 19 40.2 34.6
2024_0412_21:22:47 19 1.35 -2.65
2024_0412_21:23:07 19 -1.2 -2.15
2024_0412_21:23:18 19 -1.7 -1.65
2024_0412_21:23:19 19 54.8 60.0
2024_0412_21:23:32 19 4.2 19.0
2024_0412_21:24:03 19 13.4 -14.25
2024_0412_21:24:44 19 26.7 -1.55
2024_0412_21:24:58 19 37.2 45.75
2024_0412_21:25:04 19 5.1 -1.1
2024_0412_21:25:31 19 8.95 7.45
2024_0412_21:25:52 19 -8.9 -1.05
2024_0412_21:26:01 19 -1.7 -3.4
2024_0412_21:26:22 19 1.15 -1.9
2024_0412_21:27:07 19 0.15 1.0
2024_0412_21:27:27 19 9.8 -6.35
2024_0412_21:27:49 19 6.95 -2.55
2024_0412_21:27:54 19 -4.0 -0.35
2024_0412_21:27:56 19 77.05 71.45
2024_0412_21:28:09 19 18.85 -15.9
2024_0412_21:28:37 19 16.95 -16.8
2024_0412_21:28:56 19 20.4 13.7
2024_0412_21:29:21 19 -3.2 -1.1
2024_0412_21:29:33 19 -5.55 2.6
2024_0412_21:29:39 19 1.2 -9.6
2024_0412_21:30:13 19 -13.2 21.5
2024_0412_21:30:25 19 55.25 51.3
2024_0412_21:30:30 19 1.2 0.6
2024_0412_21:30:38 19 -7.05 18.0
2024_0412_21:31:03 19 44.0 36.95
2024_0412_21:31:42 19 51.45 -6.75
2024_0412_21:32:11 19 48.5 9.8
2024_0412_21:32:20 19 -2.15 -0.4
2024_0412_21:32:30 19 0.9 0.8
2024_0412_21:32:34 19 58.4 63.8
2024_0412_21:32:50 19 21.35 -14.15
2024_0412_21:33:14 19 76.4 69.0
2024_0412_21:33:34 19 2.3 -1.35
2024_0412_21:33:56 19 5.25 -6.3
2024_0412_21:34:16 19 -11.3 16.1
2024_0412_21:34:49 19 19.15 19.85
2024_0412_21:35:09 19 58.95 63.1
2024_0412_21:35:10 19 -0.75 4.3
2024_0412_21:35:15 19 -2.5 -5.45
2024_0412_21:35:42 19 50.65 23.85
2024_0412_21:36:21 19 3.05 -0.6
2024_0412_21:36:47 19 -49.8 49.7
2024_0412_21:36:54 19 0.45 9.45
2024_0412_21:37:09 20 8.85 24.6
2024_0412_21:37:21 20 42.2 25.7
2024_0412_21:37:23 20 49.95 -49.95
2024_0412_21:37:28 20 0.0 6.55
2024_0412_21:37:54 20 -13.8 40.15
2024_0412_21:38:10 20 0.0 -2.35
2024_0412_21:38:31 20 -49.95 -50.05
2024_0412_21:39:04 20 -9.55 26.3
2024_0412_21:39:25 20 -8.0 5.45
2024_0412_21:39:45 20 3.55 -3.8
2024_0412_21:39:48 20 -4.25 -4.25
2024_0412_21:39:57 20 34.65 58.75
2024_0412_21:40:17 20 1.75 -1.2
2024_0412_21:40:56 20 7.8 1.55
2024_0412_21:41:35 20 10.65 24.95
2024_0412_21:41:47 20 17.9 11.9
2024_0412_21:42:00 20 1.25 0.6
2024_0412_21:42:02 20 71.8 77.25
2024_0412_21:42:04 20 2.25 0.5
2024_0412_21:42:10 20 57.2 56.45
2024_0412_21:42:30 20 1.1 -2.0
2024_0412_21:42:46 20 -12.35 12.4
2024_0412_21:43:43 20 17.15 -7.05
2024_0412_21:44:05 20 2.9 1.1
2024_0412_21:44:20 20 9.95 -11.6
2024_0412_21:44:27 20 46.45 51.05
2024_0412_21:44:32 20 21.1 -17.8
2024_0412_21:44:51 20 -0.1 0.05
2024_0412_21:46:16 20 58.6 67.7
2024_0412_21:46:23 20 54.85 55.5
2024_0412_21:46:37 20 1.15 0.4
2024_0412_21:46:42 20 -16.4 13.8
2024_0412_21:46:47 20 -1.6 -2.55
2024_0412_21:46:52 20 5.2 -4.2
2024_0412_21:47:06 20 58.5 42.35
2024_0412_21:47:22 20 45.3 55.45
2024_0412_21:47:29 20 74.15 71.3
2024_0412_21:48:14 20 -49.95 49.95
2024_0412_21:48:38 20 6.9 8.1
2024_0412_21:48:40 20 49.55 -49.8
2024_0412_21:48:56 20 -2.0 6.6
2024_0412_21:49:01 20 -2.8 -2.7
2024_0412_21:49:07 20 -0.05 3.9
2024_0412_21:49:27 20 69.8 71.15
2024_0412_21:50:55 20 21.6 -3.95
2024_0412_21:51:08 20 1.1 10.25
2024_0412_21:51:14 20 72.1 68.5
2024_0412_21:51:17 20 6.05 4.75
2024_0412_21:51:26 20 55.75 54.6
2024_0412_21:51:35 20 46.95 57.5
2024_0412_21:51:49 20 -14.6 29.25
2024_0412_21:52:00 20 -0.4 4.85
2024_0412_21:52:07 20 -2.0 40.05
2024_0412_21:52:58 20 -1.8 -2.1
2024_0412_21:53:16 20 -2.3 -2.15
2024_0412_21:53:25 20 53.0 49.65
2024_0412_21:53:37 20 16.7 23.3
2024_0412_21:53:43 20 8.4 11.9
2024_0412_21:53:57 20 99.55 49.85
2024_0412_21:54:09 20 54.85 27.45
2024_0412_21:55:33 20 -22.3 18.0
2024_0412_21:55:49 20 31.9 8.6
2024_0412_21:55:51 20 -11.95 10.5
2024_0412_21:55:54 20 12.95 -10.6
2024_0412_21:56:06 20 18.5 -5.9
2024_0412_21:56:32 20 49.2 69.0
2024_0412_21:56:38 20 -5.25 2.05
2024_0412_21:56:46 20 0.7 -0.65
2024_0412_21:57:02 20 58.75 50.4
2024_0412_21:57:32 20 58.9 54.6
2024_0412_21:57:59 20 75.75 74.2
2024_0412_21:58:05 20 -10.95 87.95
2024_0412_21:58:16 20 1.15 -0.6
2024_0412_21:58:25 20 -1.75 0.35
2024_0412_21:58:38 20 9.05 9.8
2024_0412_21:58:43 20 -99.9 -49.95
2024_0412_22:00:12 20 32.6 79.85
2024_0412_22:00:26 20 39.55 -41.35
2024_0412_22:00:30 20 27.45 48.4
2024_0412_22:00:30 20 12.85 34.6
2024_0412_22:00:42 20 -1.95 4.25
2024_0412_22:01:14 20 0.55 2.05
2024_0412_22:01:15 20 1.05 0.65
2024_0412_22:01:25 20 28.85 76.85
2024_0412_22:01:41 20 28.85 -29.35
2024_0412_22:02:16 20 -0.8 -1.25
2024_0412_22:02:41 20 44.55 -11.95
2024_0412_22:02:44 20 3.0 20.9
2024_0412_22:02:55 20 9.65 -4.55
2024_0412_22:03:01 20 -18.9 23.1
2024_0412_22:03:20 20 25.0 2.55
2024_0412_22:04:48 20 -30.8 28.55
2024_0412_22:05:02 20 63.35 28.95
2024_0412_22:05:04 20 -0.15 -0.65
2024_0412_22:05:08 20 2.85 1.35
2024_0412_22:05:22 20 2.7 1.2
2024_0412_22:05:53 20 1.55 4.4
2024_0412_22:05:53 20 45.1 -14.25
2024_0412_22:06:01 20 47.05 -48.65
2024_0412_22:06:18 20 2.25 1.9
2024_0412_22:06:50 20 49.95 -49.95
2024_0412_22:07:17 5 73.3 71.75
2024_0412_22:07:20 9 74.45 75.8
2024_0412_22:07:29 13 4.5 -1.55
2024_0412_22:07:37 13 46.55 60.15
2024_0412_22:07:53 13 56.55 47.45
2024_0412_22:09:10 13 9.85 -9.15
2024_0412_22:09:23 13 -0.4 4.45
2024_0412_22:09:37 14 3.95 0.85
2024_0412_22:09:43 14 64.35 58.8
2024_0412_22:09:43 14 -0.15 1.05
2024_0412_22:09:57 14 60.55 65.8
2024_0412_22:10:27 15 78.3 73.45
2024_0412_22:10:29 15 -1.05 1.1
2024_0412_22:10:52 15 4.85 14.45
2024_0412_22:10:58 15 32.1 57.85
2024_0412_22:11:22 15 0.65 -1.7
2024_0412_22:11:52 15 -0.85 2.0
2024_0412_22:11:57 15 29.4 26.8
2024_0412_22:12:09 15 -0.1 -2.15
2024_0412_22:12:12 15 -1.2 0.45
2024_0412_22:12:27 15 -11.7 14.15
2024_0412_22:13:47 16 -0.4 1.0
2024_0412_22:14:02 16 60.6 56.6
2024_0412_22:14:14 16 -36.6 37.4
2024_0412_22:14:16 16 -0.65 2.1
2024_0412_22:14:21 16 1.25 5.2
2024_0412_22:14:36 16 6.75 -4.9
2024_0412_22:15:00 16 39.45 -39.3
2024_0412_22:15:09 16 1.9 0.85
2024_0412_22:15:25 16 21.95 -18.95
2024_0412_22:15:31 17 4.1 -3.5
2024_0412_22:15:57 17 11.25 -9.6
2024_0412_22:16:32 17 28.05 -13.05
2024_0412_22:16:34 17 2.6 -0.25
2024_0412_22:16:45 17 2.4 -0.35
2024_0412_22:16:46 17 44.55 46.3
2024_0412_22:17:00 17 -3.2 5.45
2024_0412_22:18:30 17 33.4 25.05
2024_0412_22:18:38 17 12.35 6.55
2024_0412_22:18:51 17 77.6 -73.5
2024_0412_22:18:51 17 34.85 13.75
2024_0412_22:19:04 17 24.5 50.95
2024_0412_22:19:11 17 2.15 4.0
2024_0412_22:19:36 18 2.95 0.15
2024_0412_22:19:52 18 51.0 38.7
2024_0412_22:19:57 18 -0.35 1.1
2024_0412_22:20:13 18 0.75 -3.15
2024_0412_22:20:37 18 15.65 24.5
2024_0412_22:21:08 18 16.25 -11.05
2024_0412_22:21:12 18 15.4 -11.05
2024_0412_22:21:22 18 18.55 41.6
2024_0412_22:21:26 19 -3.95 -2.25
2024_0412_22:21:38 18 0.6 -0.45
2024_0412_22:23:14 19 4.1 -1.85
2024_0412_22:23:16 19 -4.9 -0.2
2024_0412_22:23:27 19 48.8 -48.8
2024_0412_22:23:41 19 0.9 -0.55
2024_0412_22:23:48 19 28.65 5.05
2024_0412_22:24:11 19 9.15 -9.75
2024_0412_22:24:28 19 22.7 -21.85
2024_0412_22:24:41 19 57.1 55.9
2024_0412_22:24:47 19 4.4 2.7
2024_0412_22:25:14 20 39.85 -40.05
2024_0412_22:25:44 20 -0.55 0.7
2024_0412_22:25:50 20 2.1 2.35
2024_0412_22:25:56 20 0.35 0.35
2024_0412_22:25:57 20 24.65 -27.0
2024_0412_22:26:11 20 3.95 3.8
2024_0412_22:26:53 20 1.25 2.65
2024_0412_22:27:46 17 43.55 -37.05
2024_0412_22:27:46 19 15.15 -15.15
