0.20683000000013646 0.11868500000004831 0.027855000000003193 0.006694999999999811 0.02275500000000163 0.021925000000001377 0.020545000000000955 0.020290000000000877 0.020255000000000866 0.007929999999999762 0.0439749999999993 0.03667500000000213 0.061654999999992445 0.05844999999999369 0.06654999999999617 0.050869999999996626 0.06415999999999378 0.06262999999999225 0.04189000000000011 0.03938000000000108 
2024_0412_09:36:05 6 91.45 90.975
2024_0412_09:36:05 1 91.4 92.475
2024_0412_09:36:06 10 70.725 88.875
2024_0412_09:36:07 11 2.075 0.075
2024_0412_09:36:07 11 86.775 88.425
2024_0412_09:36:07 5 90.075 90.925
2024_0412_09:36:08 6 91.575 90.725
2024_0412_09:36:08 8 80.075 86.65
2024_0412_09:36:08 3 84.85 83.5
2024_0412_09:36:08 2 86.35 85.75
2024_0412_09:36:09 2 85.55 83.925
2024_0412_09:36:10 7 86.325 88.625
2024_0412_09:36:10 4 87.1 84.9
2024_0412_09:36:11 1 92.25 91.5
2024_0412_09:36:12 1 91.3 91.525
2024_0412_09:36:15 9 91.975 90.15
2024_0412_09:40:46 12 56.925 -12.775
2024_0412_09:40:46 13 -3.65 40.425
2024_0412_09:40:48 14 77.825 88.625
2024_0412_09:40:50 15 1.275 0.95
2024_0412_09:40:50 13 -47.8 48.6
2024_0412_09:40:51 15 -0.675 1.35
2024_0412_09:40:52 20 -0.375 0.125
2024_0412_09:40:53 16 0.275 -0.1
2024_0412_09:40:53 18 -8.6 11.65
2024_0412_09:40:55 17 0.525 1.275
2024_0412_09:40:59 17 -1.325 -4.525
2024_0412_09:41:03 20 -0.675 0.95
2024_0412_09:41:07 18 26.4 -27.9
2024_0412_09:42:18 19 19.175 9.95
2024_0412_09:46:58 11 0.4 -1.6
2024_0412_09:46:59 2 87.2 84.4
2024_0412_09:46:59 7 85.85 88.375
2024_0412_09:47:00 1 92.35 91.725
2024_0412_09:47:01 3 40.8 86.825
2024_0412_09:47:01 11 -2.75 -0.475
2024_0412_09:47:02 11 49.95 -49.925
2024_0412_09:47:02 11 0.35 -0.65
2024_0412_09:47:03 11 82.775 84.925
2024_0412_09:47:03 8 84.025 83.0
2024_0412_09:47:03 6 91.65 91.975
2024_0412_09:47:04 5 91.85 90.5
2024_0412_09:47:07 4 80.225 41.0
2024_0412_09:47:08 10 82.675 87.35
2024_0412_09:47:09 9 91.15 91.2
2024_0412_09:47:09 11 0.8 0.825
2024_0412_09:51:36 11 88.675 83.55
2024_0412_09:51:39 11 66.225 23.975
2024_0412_09:51:39 12 -16.3 16.2
2024_0412_09:51:42 11 91.55 93.25
2024_0412_09:51:44 13 4.85 62.6
2024_0412_09:51:45 13 89.925 91.0
2024_0412_09:51:46 16 -5.875 84.575
2024_0412_09:51:47 15 -6.1 28.775
2024_0412_09:51:48 17 -0.45 0.425
2024_0412_09:51:48 14 89.3 93.55
2024_0412_09:51:49 19 -1.65 0.875
2024_0412_09:51:50 18 90.6 91.275
2024_0412_09:51:54 20 49.825 -49.825
2024_0412_09:51:55 20 92.125 91.05
2024_0412_09:56:32 7 38.75 87.05
2024_0412_09:56:36 12 -2.15 0.2
2024_0412_09:56:37 11 1.6 0.875
2024_0412_09:56:39 3 86.175 86.65
2024_0412_09:56:39 11 0.425 1.725
2024_0412_09:56:39 11 -3.0 1.55
2024_0412_09:56:39 2 39.525 83.575
2024_0412_09:56:40 12 74.9 79.25
2024_0412_09:56:40 5 91.55 91.225
2024_0412_09:56:40 8 85.7 86.35
2024_0412_09:56:41 1 91.625 92.325
2024_0412_09:56:43 6 90.725 91.4
2024_0412_09:56:44 12 87.65 85.75
2024_0412_09:56:44 4 83.575 78.375
2024_0412_09:56:45 10 86.275 77.625
2024_0412_09:56:46 9 89.6 91.825
2024_0412_10:01:12 13 83.85 78.8
2024_0412_10:01:18 13 11.4 -12.2
2024_0412_10:01:20 13 36.1 -5.3
2024_0412_10:01:22 15 84.525 87.375
2024_0412_10:01:22 14 1.775 1.075
2024_0412_10:01:22 15 82.075 87.75
2024_0412_10:01:25 13 -38.25 44.0
2024_0412_10:01:27 16 -21.225 51.75
2024_0412_10:01:27 16 27.875 3.925
2024_0412_10:01:29 16 56.9 77.575
2024_0412_10:01:30 18 -0.1 -1.85
2024_0412_10:01:32 17 44.675 94.225
2024_0412_10:01:32 18 -3.375 3.0
2024_0412_10:01:32 18 -72.825 71.55
2024_0412_10:01:33 18 -11.275 13.1
2024_0412_10:01:35 14 91.8 89.1
2024_0412_10:05:57 18 0.025 0.025
2024_0412_10:06:00 19 33.6 -10.175
2024_0412_10:06:02 20 0.825 -0.15
2024_0412_10:06:04 20 14.125 -6.375
2024_0412_10:06:07 19 26.15 2.275
2024_0412_10:06:07 20 -2.4 2.6
2024_0412_10:06:08 18 -9.025 15.725
2024_0412_10:06:08 20 -1.15 2.575
2024_0412_10:10:46 11 0.95 1.8
2024_0412_10:10:49 7 85.9 84.2
2024_0412_10:10:50 11 0.975 3.2
2024_0412_10:10:52 2 83.95 77.575
2024_0412_10:10:53 1 91.4 91.225
2024_0412_10:10:53 11 49.975 -50.0
2024_0412_10:10:53 11 1.975 1.45
2024_0412_10:10:53 3 37.075 36.325
2024_0412_10:10:53 5 91.1 91.5
2024_0412_10:10:55 6 91.825 90.75
2024_0412_10:10:56 11 85.275 78.975
2024_0412_10:10:56 10 87.525 88.275
2024_0412_10:10:56 9 90.525 92.25
2024_0412_10:10:56 8 77.4 84.125
2024_0412_10:10:58 3 83.75 82.475
2024_0412_10:13:15 11 0.175 1.025
2024_0412_10:15:25 11 1.525 -0.65
2024_0412_10:15:29 11 -0.975 1.175
2024_0412_10:15:35 12 86.8 87.075
2024_0412_10:15:35 11 85.025 88.7
2024_0412_10:15:37 12 2.05 0.15
2024_0412_10:15:38 12 81.0 37.9
2024_0412_10:15:39 12 92.35 90.55
2024_0412_10:15:39 12 0.825 4.15
2024_0412_10:15:39 12 -22.975 53.525
2024_0412_10:15:40 13 1.225 -0.275
2024_0412_10:15:42 12 60.425 61.125
2024_0412_10:15:42 13 90.9 90.725
2024_0412_10:15:43 12 71.7 81.675
2024_0412_10:15:45 13 50.0 -50.175
2024_0412_10:15:47 13 91.05 92.275
2024_0412_10:18:01 13 83.675 85.35
2024_0412_10:20:07 13 36.15 -3.325
2024_0412_10:20:13 13 87.65 83.475
2024_0412_10:20:14 13 0.95 1.325
2024_0412_10:20:16 13 28.475 0.875
2024_0412_10:20:19 13 3.4 0.525
2024_0412_10:20:22 14 2.0 -2.65
2024_0412_10:20:24 14 -1.2 -2.625
2024_0412_10:20:24 14 0.95 -1.575
2024_0412_10:20:25 14 82.4 86.1
2024_0412_10:20:27 14 0.45 -1.375
2024_0412_10:20:28 14 -12.225 11.825
2024_0412_10:20:28 13 32.35 35.7
2024_0412_10:20:30 14 37.9 87.025
2024_0412_10:20:36 14 -0.2 -4.275
2024_0412_10:20:39 14 84.625 84.925
2024_0412_10:22:48 14 90.2 81.475
2024_0412_10:24:51 14 1.575 0.875
2024_0412_10:24:56 14 0.925 -0.875
2024_0412_10:25:04 15 -1.4 0.525
2024_0412_10:25:09 15 -40.9 43.35
2024_0412_10:25:11 15 2.1 1.45
2024_0412_10:25:13 15 35.9 24.025
2024_0412_10:25:14 15 0.875 0.65
2024_0412_10:25:15 15 -1.425 1.575
2024_0412_10:25:16 15 0.25 -0.15
2024_0412_10:25:16 15 82.525 82.275
2024_0412_10:25:17 15 -3.375 -1.9
2024_0412_10:25:20 15 90.975 91.9
2024_0412_10:25:25 15 -3.575 -2.25
2024_0412_10:25:26 15 91.55 90.9
2024_0412_10:27:34 15 -0.45 -2.0
2024_0412_10:29:03 16 -1.925 -1.775
2024_0412_10:29:34 16 21.675 65.325
2024_0412_10:29:37 16 75.5 85.025
2024_0412_10:29:44 16 8.85 -7.225
2024_0412_10:29:53 16 20.25 -20.35
2024_0412_10:29:58 17 0.45 -1.125
2024_0412_10:29:59 17 0.3 1.975
2024_0412_10:30:00 16 7.55 7.75
2024_0412_10:30:01 17 -77.075 80.4
2024_0412_10:30:02 17 -8.075 10.125
2024_0412_10:30:02 17 72.95 44.45
2024_0412_10:30:05 17 23.4 20.175
2024_0412_10:30:06 17 99.9 -49.95
2024_0412_10:30:12 17 8.575 6.05
2024_0412_10:30:12 17 0.025 -1.35
2024_0412_10:33:43 18 -99.75 49.675
2024_0412_10:34:13 18 -50.0 50.0
2024_0412_10:34:20 18 89.925 -50.6
2024_0412_10:34:27 18 33.175 -2.7
2024_0412_10:34:41 18 40.125 -38.375
2024_0412_10:34:45 18 81.15 85.875
2024_0412_10:34:46 19 13.2 27.425
2024_0412_10:34:48 18 85.1 82.55
2024_0412_10:34:48 18 -27.7 36.1
2024_0412_10:34:49 19 36.475 -8.225
2024_0412_10:34:56 20 -6.675 81.0
2024_0412_10:34:57 19 -41.125 42.125
2024_0412_10:35:02 20 -0.4 -0.975
2024_0412_10:35:03 20 6.65 -0.175
2024_0412_10:35:59 20 0.5 -0.575
2024_0412_10:36:27 20 -0.625 0.925
2024_0412_10:38:32 20 -14.15 9.325
2024_0412_10:38:57 4 85.3 85.1
2024_0412_10:39:01 15 -1.25 -0.175
2024_0412_10:39:09 17 23.8 -10.0
2024_0412_10:39:21 18 -2.025 -0.85
2024_0412_10:39:31 20 20.5 -10.9
2024_0412_10:44:11 11 0.85 0.05
2024_0412_10:44:13 11 -3.7 -0.675
2024_0412_10:44:15 4 85.225 87.8
2024_0412_10:44:15 7 82.875 83.375
2024_0412_10:44:15 7 82.25 84.55
2024_0412_10:44:16 5 90.7 91.625
2024_0412_10:44:17 8 85.375 87.875
2024_0412_10:44:17 3 87.125 84.05
2024_0412_10:44:18 6 90.975 91.425
2024_0412_10:44:19 11 2.125 -1.325
2024_0412_10:44:19 9 90.925 89.825
2024_0412_10:44:20 3 88.575 81.525
2024_0412_10:44:20 11 86.5 85.3
2024_0412_10:44:21 1 91.275 91.55
2024_0412_10:44:22 10 81.65 86.2
2024_0412_10:44:22 2 85.2 86.825
2024_0412_10:48:50 11 0.925 -2.525
2024_0412_10:48:54 11 11.7 8.075
2024_0412_10:48:55 11 57.9 81.8
2024_0412_10:48:56 11 91.95 91.325
2024_0412_10:48:57 12 0.275 -0.125
2024_0412_10:48:59 12 87.775 86.0
2024_0412_10:48:59 12 58.45 81.925
2024_0412_10:49:00 12 2.15 1.05
2024_0412_10:49:04 12 90.225 36.125
2024_0412_10:49:05 12 83.0 80.075
2024_0412_10:49:05 12 67.475 64.875
2024_0412_10:49:06 13 2.325 2.4
2024_0412_10:49:07 12 90.725 90.85
2024_0412_10:49:08 13 77.575 62.1
2024_0412_10:49:09 13 91.075 92.325
2024_0412_10:49:11 13 0.65 4.9
2024_0412_10:53:27 13 -49.975 99.95
2024_0412_10:53:34 13 0.45 0.65
2024_0412_10:53:35 13 -0.375 -2.525
2024_0412_10:53:41 13 91.3 -83.05
2024_0412_10:53:41 13 89.8 90.7
2024_0412_10:53:42 13 0.125 -2.475
2024_0412_10:53:44 13 91.05 91.925
2024_0412_10:53:48 14 -49.95 -50.0
2024_0412_10:53:49 14 82.775 83.575
2024_0412_10:53:50 14 90.475 94.0
2024_0412_10:53:51 14 84.4 77.375
2024_0412_10:53:51 14 76.15 84.5
2024_0412_10:53:53 14 3.075 -0.775
2024_0412_10:53:54 14 -0.625 0.325
2024_0412_10:53:56 14 -13.65 61.7
2024_0412_10:54:00 14 69.0 62.5
2024_0412_10:58:08 14 83.375 77.0
2024_0412_10:58:16 14 0.05 -0.925
2024_0412_10:58:18 14 49.925 -99.85
2024_0412_10:58:23 15 0.35 -0.25
2024_0412_10:58:25 14 90.725 90.55
2024_0412_10:58:29 15 -0.1 -0.275
2024_0412_10:58:29 15 57.55 87.225
2024_0412_10:58:34 15 -33.675 34.05
2024_0412_10:58:34 15 4.125 -3.125
2024_0412_10:58:35 15 -1.675 0.9
2024_0412_10:58:35 15 -78.425 77.575
2024_0412_10:58:37 15 -0.7 1.425
2024_0412_10:58:40 15 2.125 -3.425
2024_0412_10:58:41 15 88.375 77.15
2024_0412_10:58:42 15 69.925 86.425
2024_0412_10:58:46 15 -0.05 -4.275
2024_0412_11:02:48 16 1.825 6.15
2024_0412_11:02:58 16 -10.05 7.8
2024_0412_11:03:00 16 -1.275 0.6
2024_0412_11:03:08 16 -0.7 1.325
2024_0412_11:03:11 16 5.125 -2.875
2024_0412_11:03:12 16 7.025 3.125
2024_0412_11:03:14 16 1.125 3.175
2024_0412_11:03:18 16 1.025 1.2
2024_0412_11:03:18 17 15.8 70.65
2024_0412_11:03:23 17 91.925 91.9
2024_0412_11:03:26 17 10.45 -9.45
2024_0412_11:03:27 17 -2.575 -0.45
2024_0412_11:03:28 17 84.3 81.4
2024_0412_11:03:29 17 -3.4 16.175
2024_0412_11:03:33 17 90.875 90.825
2024_0412_11:06:30 17 -0.6 2.075
2024_0412_11:07:38 18 0.2 1.775
2024_0412_11:07:46 18 79.375 41.575
2024_0412_11:07:50 18 -14.125 9.2
2024_0412_11:07:51 18 -50.0 99.95
2024_0412_11:07:51 18 90.9 91.25
2024_0412_11:07:59 18 0.65 -0.175
2024_0412_11:08:03 18 -2.675 -1.425
2024_0412_11:08:05 18 84.775 86.075
2024_0412_11:08:08 19 -0.95 0.05
2024_0412_11:08:08 18 -6.975 5.3
2024_0412_11:08:09 19 1.45 0.325
2024_0412_11:08:12 18 0.625 0.775
2024_0412_11:08:16 20 -13.5 59.375
2024_0412_11:08:16 19 -3.225 71.225
2024_0412_11:08:30 20 82.825 80.975
2024_0412_11:12:27 20 0.0 -99.95
2024_0412_11:12:32 20 87.025 87.45
2024_0412_11:12:34 18 86.65 88.05
2024_0412_11:12:35 20 -1.9 46.95
2024_0412_11:12:40 17 1.7 0.95
2024_0412_11:12:43 20 31.4 29.525
2024_0412_11:17:25 3 86.625 88.125
2024_0412_11:17:28 2 85.25 83.4
2024_0412_11:17:28 3 77.275 84.675
2024_0412_11:17:29 2 66.725 71.175
2024_0412_11:17:29 3 84.15 84.025
2024_0412_11:17:30 11 0.15 0.325
2024_0412_11:17:31 5 91.4 90.425
2024_0412_11:17:31 11 86.625 87.9
2024_0412_11:17:32 7 86.45 86.9
2024_0412_11:17:32 7 82.8 85.7
2024_0412_11:17:33 8 81.3 86.525
2024_0412_11:17:33 4 47.375 88.675
2024_0412_11:17:34 1 91.15 90.075
2024_0412_11:17:35 6 90.9 91.25
2024_0412_11:17:37 10 88.375 79.4
2024_0412_11:17:45 9 90.85 91.625
2024_0412_11:22:06 11 -0.675 -1.875
2024_0412_11:22:07 11 0.25 0.825
2024_0412_11:22:08 11 99.925 -99.925
2024_0412_11:22:08 11 -0.425 0.525
2024_0412_11:22:12 11 -99.95 -49.95
2024_0412_11:22:12 11 2.325 -1.55
2024_0412_11:22:14 11 -3.025 0.25
2024_0412_11:22:15 11 91.2 91.075
2024_0412_11:22:16 11 84.525 88.125
2024_0412_11:22:17 11 79.825 84.075
2024_0412_11:22:17 11 -49.95 -49.95
2024_0412_11:22:18 11 90.575 89.825
2024_0412_11:22:19 11 90.0 90.85
2024_0412_11:22:20 11 88.275 -33.225
2024_0412_11:22:22 11 -0.7 5.15
2024_0412_11:22:31 12 87.925 88.25
2024_0412_11:26:46 12 0.175 -4.2
2024_0412_11:26:50 12 82.45 87.45
2024_0412_11:26:51 12 0.55 -0.85
2024_0412_11:26:53 12 86.9 83.2
2024_0412_11:26:55 12 -1.2 -1.475
2024_0412_11:26:58 12 87.175 86.95
2024_0412_11:26:59 12 84.75 84.5
2024_0412_11:26:59 12 0.025 0.125
2024_0412_11:26:59 12 0.85 -1.2
2024_0412_11:27:01 12 40.375 82.175
2024_0412_11:27:01 12 3.5 5.575
2024_0412_11:27:03 12 -0.7 1.625
2024_0412_11:27:04 13 2.675 -2.8
2024_0412_11:27:06 12 90.575 91.775
2024_0412_11:27:07 12 90.875 90.525
2024_0412_11:27:17 13 -1.25 0.4
2024_0412_11:31:31 13 12.5 5.125
2024_0412_11:31:34 13 0.375 0.175
2024_0412_11:31:34 13 -0.2 0.9
2024_0412_11:31:35 13 3.325 13.9
2024_0412_11:31:39 13 84.1 84.175
2024_0412_11:31:41 13 -0.55 0.275
2024_0412_11:31:48 13 85.425 84.425
2024_0412_11:31:48 13 87.725 86.9
2024_0412_11:31:48 13 92.45 89.15
2024_0412_11:31:50 13 -0.275 1.35
2024_0412_11:31:51 13 87.875 42.95
2024_0412_11:31:52 13 88.325 88.025
2024_0412_11:31:53 13 -11.3 83.775
2024_0412_11:31:54 13 68.175 40.975
2024_0412_11:31:55 13 3.175 1.9
2024_0412_11:32:07 13 1.725 -0.1
2024_0412_11:36:15 13 49.95 99.9
2024_0412_11:36:17 13 0.275 1.975
2024_0412_11:36:17 13 -0.35 -0.675
2024_0412_11:36:17 13 90.9 91.675
2024_0412_11:36:18 13 85.6 83.625
2024_0412_11:36:24 13 0.825 0.475
2024_0412_11:36:32 14 -2.425 1.975
2024_0412_11:36:33 14 18.325 -22.05
2024_0412_11:36:34 14 25.15 24.5
2024_0412_11:36:37 14 -7.6 25.875
2024_0412_11:36:39 14 52.575 84.475
2024_0412_11:36:40 14 72.55 71.525
2024_0412_11:36:42 14 87.25 87.3
2024_0412_11:36:43 14 6.2 6.825
2024_0412_11:36:58 14 91.625 89.975
2024_0412_11:38:42 14 83.325 86.25
2024_0412_11:40:54 14 49.975 -99.95
2024_0412_11:40:58 14 -21.9 18.3
2024_0412_11:41:00 14 63.75 12.575
2024_0412_11:41:00 14 91.4 91.975
2024_0412_11:41:03 14 84.125 84.85
2024_0412_11:41:11 14 86.975 39.075
2024_0412_11:41:19 14 91.95 90.25
2024_0412_11:41:20 14 49.975 99.95
2024_0412_11:41:20 14 8.825 0.05
2024_0412_11:41:22 14 0.55 -1.575
2024_0412_11:41:25 14 12.7 15.3
2024_0412_11:41:25 14 0.275 2.7
2024_0412_11:41:26 14 -1.175 0.3
2024_0412_11:41:32 14 90.875 91.925
2024_0412_11:41:44 14 78.75 -1.85
2024_0412_11:43:28 15 76.35 75.8
2024_0412_11:45:40 15 85.5 85.45
2024_0412_11:45:42 15 27.0 -27.425
2024_0412_11:45:43 15 -95.25 94.5
2024_0412_11:45:44 15 5.925 10.6
2024_0412_11:45:47 15 88.6 90.65
2024_0412_11:46:06 15 81.55 88.55
2024_0412_11:46:07 15 2.6 27.35
2024_0412_11:46:07 15 1.3 0.1
2024_0412_11:46:10 15 0.325 0.875
2024_0412_11:46:10 15 -7.325 9.125
2024_0412_11:46:12 15 -0.725 0.725
2024_0412_11:46:12 15 38.825 -2.675
2024_0412_11:46:16 15 0.5 1.525
2024_0412_11:46:16 15 3.925 -0.75
2024_0412_11:46:30 15 74.275 73.7
2024_0412_11:48:13 15 -0.275 0.6
2024_0412_11:50:22 15 -0.825 -0.4
2024_0412_11:50:25 15 -0.2 0.5
2024_0412_11:50:28 15 -4.675 1.325
2024_0412_11:50:30 15 88.625 64.3
2024_0412_11:50:41 15 90.95 92.5
2024_0412_11:50:52 15 8.775 63.925
2024_0412_11:50:53 16 99.95 49.975
2024_0412_11:50:55 16 2.125 -2.275
2024_0412_11:50:57 16 -10.1 9.4
2024_0412_11:50:58 15 81.825 83.0
2024_0412_11:50:58 16 -2.75 2.75
2024_0412_11:50:58 16 1.0 3.025
2024_0412_11:51:02 16 -5.175 28.5
2024_0412_11:51:05 16 86.225 -9.125
2024_0412_11:51:18 16 90.75 91.6
2024_0412_11:52:59 16 91.0 91.375
2024_0412_11:55:02 16 3.6 0.05
2024_0412_11:55:13 16 86.575 73.025
2024_0412_11:55:16 16 22.8 37.575
2024_0412_11:55:18 16 -31.95 38.6
2024_0412_11:55:24 16 -3.575 1.225
2024_0412_11:55:40 17 1.975 1.35
2024_0412_11:55:41 17 37.275 21.125
2024_0412_11:55:44 17 -30.675 51.425
2024_0412_11:55:45 17 -3.0 2.925
2024_0412_11:55:47 17 91.375 90.75
2024_0412_11:55:47 17 76.95 81.725
2024_0412_11:55:47 17 66.15 59.05
2024_0412_11:55:50 17 30.425 13.925
2024_0412_11:56:04 17 0.425 -4.575
2024_0412_11:57:29 17 93.05 -2.3
2024_0412_11:57:50 17 4.275 6.9
2024_0412_11:59:55 17 3.725 2.0
2024_0412_12:00:09 17 10.175 8.8
2024_0412_12:00:18 17 8.05 -1.575
2024_0412_12:00:31 17 15.0 -15.075
2024_0412_12:00:33 18 -1.425 -1.35
2024_0412_12:00:34 18 87.1 88.275
2024_0412_12:00:35 17 14.55 -12.725
2024_0412_12:00:36 18 -0.4 0.125
2024_0412_12:00:37 18 -1.4 0.375
2024_0412_12:00:38 18 0.45 1.7
2024_0412_12:00:43 18 -20.525 20.25
2024_0412_12:00:53 18 0.9 -1.55
2024_0412_12:01:47 18 14.5 -10.675
2024_0412_12:02:04 18 90.5 90.375
2024_0412_12:02:38 18 84.575 86.7
2024_0412_12:03:49 18 0.65 0.2
2024_0412_12:04:42 18 0.325 -1.775
2024_0412_12:04:52 18 81.775 86.9
2024_0412_12:05:03 18 -49.325 49.4
2024_0412_12:05:19 18 26.0 -27.25
2024_0412_12:05:19 18 99.95 -99.9
2024_0412_12:05:19 18 -1.4 4.525
2024_0412_12:05:21 18 8.35 18.675
2024_0412_12:05:21 18 92.625 91.2
2024_0412_12:05:26 18 -9.525 9.55
2024_0412_12:05:33 18 1.15 -1.225
2024_0412_12:05:48 19 5.4 3.25
2024_0412_12:06:31 19 93.725 -17.475
2024_0412_12:06:49 19 18.475 -18.275
2024_0412_12:07:27 19 -31.975 47.45
2024_0412_12:08:38 19 71.675 84.725
2024_0412_12:09:29 19 43.3 43.125
2024_0412_12:09:37 20 3.4 0.025
2024_0412_12:09:53 20 72.475 49.95
2024_0412_12:09:54 20 11.5 -8.45
2024_0412_12:10:05 20 68.55 16.2
2024_0412_12:10:09 20 84.55 87.9
2024_0412_12:10:10 20 -15.8 17.225
2024_0412_12:10:13 20 -3.475 -2.075
2024_0412_12:10:13 20 66.25 66.2
2024_0412_12:10:20 20 -0.85 -0.3
2024_0412_12:10:40 20 -2.475 0.775
2024_0412_12:11:17 20 -0.825 41.525
2024_0412_12:11:35 20 99.9 -49.975
2024_0412_12:12:22 20 59.975 83.8
2024_0412_12:13:19 20 48.0 69.8
2024_0412_12:13:24 14 14.025 14.525
2024_0412_12:14:07 15 0.05 3.75
2024_0412_12:14:27 17 9.25 -9.6
2024_0412_12:14:38 17 2.275 -0.925
2024_0412_12:14:40 17 13.825 -14.375
2024_0412_12:14:48 17 85.35 84.425
2024_0412_12:14:54 17 2.275 0.7
2024_0412_12:14:57 18 2.725 -1.25
2024_0412_12:15:01 18 70.5 31.175
2024_0412_12:19:34 20 38.45 44.65
2024_0412_12:24:13 11 0.175 -1.225
2024_0412_12:24:17 4 37.5 85.15
2024_0412_12:24:19 6 92.175 91.3
2024_0412_12:24:19 1 91.725 91.05
2024_0412_12:24:19 8 81.675 86.625
2024_0412_12:24:19 2 87.775 86.075
2024_0412_12:24:20 5 91.8 90.7
2024_0412_12:24:20 11 85.825 87.05
2024_0412_12:24:20 11 -0.4 -3.175
2024_0412_12:24:20 3 82.425 41.525
2024_0412_12:24:20 3 75.875 68.85
2024_0412_12:24:21 3 87.275 85.775
2024_0412_12:24:21 2 84.05 87.4
2024_0412_12:24:21 7 85.2 84.625
2024_0412_12:24:22 9 93.0 91.25
2024_0412_12:24:23 10 81.7 87.075
2024_0412_12:28:56 11 -0.925 -0.975
2024_0412_12:28:58 11 82.2 83.925
2024_0412_12:29:00 11 -2.075 -1.8
2024_0412_12:29:00 11 2.7 0.15
2024_0412_12:29:01 11 85.375 85.375
2024_0412_12:29:02 11 -0.975 0.425
2024_0412_12:29:02 11 -1.725 -0.725
2024_0412_12:29:03 11 0.875 2.1
2024_0412_12:29:03 11 83.45 82.05
2024_0412_12:29:04 11 0.825 -1.525
2024_0412_12:29:05 11 -2.725 1.975
2024_0412_12:29:05 11 1.125 -0.425
2024_0412_12:29:05 11 84.55 86.45
2024_0412_12:29:06 11 -49.975 -99.95
2024_0412_12:29:07 11 -0.725 1.95
2024_0412_12:29:07 11 -7.2 35.325
2024_0412_12:33:38 12 1.45 0.3
2024_0412_12:33:40 12 -22.175 21.8
2024_0412_12:33:40 12 86.625 84.65
2024_0412_12:33:42 12 0.2 -2.225
2024_0412_12:33:44 12 86.2 39.925
2024_0412_12:33:46 12 0.525 -1.025
2024_0412_12:33:48 12 -1.85 1.4
2024_0412_12:33:49 12 0.325 0.45
2024_0412_12:33:50 12 84.875 82.8
2024_0412_12:33:51 12 45.2 42.675
2024_0412_12:33:51 12 0.75 0.95
2024_0412_12:33:52 12 74.4 82.575
2024_0412_12:33:52 12 88.325 85.875
2024_0412_12:33:52 12 37.125 36.85
2024_0412_12:33:53 13 -1.4 -0.4
2024_0412_12:33:53 13 86.6 82.3
2024_0412_12:38:21 13 -0.475 -0.275
2024_0412_12:38:21 13 0.075 3.925
2024_0412_12:38:22 13 81.95 85.7
2024_0412_12:38:24 13 83.35 82.075
2024_0412_12:38:28 13 0.425 2.125
2024_0412_12:38:28 13 -1.15 1.75
2024_0412_12:38:33 13 73.825 73.225
2024_0412_12:38:35 13 -1.375 -2.0
2024_0412_12:38:35 13 49.975 99.95
2024_0412_12:38:35 13 -99.9 49.95
2024_0412_12:38:37 13 24.275 -7.15
2024_0412_12:38:38 13 -4.075 -2.475
2024_0412_12:38:38 13 75.3 85.125
2024_0412_12:38:38 13 -1.4 1.625
2024_0412_12:38:39 13 0.75 -1.95
2024_0412_12:38:41 13 2.45 7.875
2024_0412_12:42:59 13 -0.75 -1.475
2024_0412_12:43:06 13 0.875 0.95
2024_0412_12:43:06 13 15.025 8.1
2024_0412_12:43:06 13 11.15 -10.925
2024_0412_12:43:11 13 43.675 43.75
2024_0412_12:43:13 13 82.05 86.075
2024_0412_12:43:15 14 -1.225 -0.6
2024_0412_12:43:18 14 -0.575 -0.825
2024_0412_12:43:20 14 -10.725 48.3
2024_0412_12:43:21 14 23.825 18.425
2024_0412_12:43:23 14 0.25 1.55
2024_0412_12:43:24 14 18.0 21.1
2024_0412_12:43:25 14 -0.575 -0.35
2024_0412_12:43:26 14 82.325 83.075
2024_0412_12:43:29 14 83.325 77.5
2024_0412_12:43:29 14 84.575 88.075
2024_0412_12:47:41 14 99.9 49.975
2024_0412_12:47:45 14 -16.075 20.225
2024_0412_12:47:46 14 -0.675 0.25
2024_0412_12:47:50 14 37.55 37.275
2024_0412_12:47:55 14 44.025 -25.8
2024_0412_12:48:01 14 86.35 84.9
2024_0412_12:48:02 14 -2.625 2.65
2024_0412_12:48:06 14 0.225 -1.175
2024_0412_12:48:10 14 -0.275 -2.275
2024_0412_12:48:12 14 86.2 84.625
2024_0412_12:48:13 14 49.925 -49.925
2024_0412_12:48:13 14 0.3 2.225
2024_0412_12:48:15 14 -24.975 24.375
2024_0412_12:48:16 14 92.0 90.175
2024_0412_12:48:25 15 86.775 85.95
2024_0412_12:51:37 15 -2.125 -0.975
2024_0412_12:52:26 15 0.0 1.7
2024_0412_12:52:30 15 0.175 -2.35
2024_0412_12:52:31 15 80.625 85.725
2024_0412_12:52:34 15 73.925 71.9
2024_0412_12:53:05 15 34.525 33.0
2024_0412_12:53:06 15 65.025 69.2
2024_0412_12:53:09 15 -2.275 -3.375
2024_0412_12:53:15 15 -0.325 3.8
2024_0412_12:53:15 15 -0.675 0.7
2024_0412_12:53:17 15 45.275 -10.2
2024_0412_12:53:18 15 83.0 87.875
2024_0412_12:53:20 15 37.95 86.575
2024_0412_12:53:27 15 82.15 81.825
2024_0412_12:53:29 15 1.05 -0.2
2024_0412_12:55:40 15 60.575 60.5
2024_0412_12:56:40 15 10.825 12.7
2024_0412_12:57:08 15 -49.975 -49.975
2024_0412_12:57:08 15 35.45 38.775
2024_0412_12:57:17 15 -1.3 0.0
2024_0412_12:57:18 15 36.9 37.0
2024_0412_12:58:06 16 -7.75 7.875
2024_0412_12:58:09 16 2.1 0.5
2024_0412_12:58:15 16 -1.475 -1.95
2024_0412_12:58:18 16 -11.4 46.375
2024_0412_12:58:19 16 -1.5 -0.75
2024_0412_12:58:22 16 -9.975 23.575
2024_0412_12:58:24 16 90.125 92.475
2024_0412_12:58:31 16 -0.7 5.65
2024_0412_12:59:00 16 99.8 99.8
2024_0412_13:00:23 16 -19.475 85.65
2024_0412_13:00:37 16 -3.65 22.45
2024_0412_13:01:43 16 44.7 43.275
2024_0412_13:01:57 16 87.55 82.075
2024_0412_13:02:01 17 87.175 88.075
2024_0412_13:02:06 17 24.25 61.55
2024_0412_13:02:40 17 0.825 0.25
2024_0412_13:03:04 17 0.175 0.725
2024_0412_13:03:10 17 15.5 14.6
2024_0412_13:03:15 17 -1.9 -1.1
2024_0412_13:03:18 17 31.975 48.7
2024_0412_13:03:25 17 4.725 -4.275
2024_0412_13:03:28 17 1.725 -1.775
2024_0412_13:03:33 17 25.725 24.225
2024_0412_13:04:01 17 7.5 23.0
2024_0412_13:05:06 17 0.4 -1.025
2024_0412_13:05:40 17 1.8 3.55
2024_0412_13:05:55 17 65.0 -10.95
2024_0412_13:06:39 17 0.425 -1.85
2024_0412_13:06:42 17 10.975 30.425
2024_0412_13:06:46 17 98.25 -7.525
2024_0412_13:06:52 17 95.475 -39.85
2024_0412_13:07:23 17 8.05 -9.1
2024_0412_13:08:08 18 85.55 85.025
2024_0412_13:08:13 18 88.025 88.15
2024_0412_13:08:23 18 45.3 -43.125
2024_0412_13:08:25 18 -8.575 10.075
2024_0412_13:08:30 18 -1.725 -0.7
2024_0412_13:08:38 18 -20.925 21.625
2024_0412_13:08:41 18 -34.15 49.55
2024_0412_13:09:07 18 13.525 10.85
2024_0412_13:09:49 18 -0.1 1.625
2024_0412_13:10:41 18 -100.0 99.925
2024_0412_13:10:59 18 0.125 -1.175
2024_0412_13:11:28 18 62.8 66.15
2024_0412_13:11:29 18 1.25 0.175
2024_0412_13:11:37 18 -99.975 99.925
2024_0412_13:12:04 18 16.15 9.575
2024_0412_13:12:17 18 68.15 65.975
2024_0412_13:13:07 18 -1.775 0.075
2024_0412_13:13:10 18 -0.75 0.95
2024_0412_13:13:25 18 22.7 -23.1
2024_0412_13:13:28 18 -0.4 0.275
2024_0412_13:13:32 18 35.725 35.9
2024_0412_13:13:42 19 84.9 86.05
2024_0412_13:13:50 19 39.6 41.975
2024_0412_13:14:14 19 90.875 60.825
2024_0412_13:14:40 19 88.6 86.35
2024_0412_13:15:44 19 -14.575 25.675
2024_0412_13:16:02 19 7.55 5.1
2024_0412_13:16:21 19 1.625 3.3
2024_0412_13:16:22 19 -0.8 0.7
2024_0412_13:16:31 19 25.45 -23.225
2024_0412_13:17:09 19 -9.25 13.2
2024_0412_13:17:12 20 70.85 70.975
2024_0412_13:18:13 20 -1.125 -1.0
2024_0412_13:18:30 20 9.475 10.05
2024_0412_13:18:30 20 -0.425 1.225
2024_0412_13:18:38 20 82.775 80.45
2024_0412_13:18:53 20 10.725 -9.975
2024_0412_13:19:27 20 -62.1 72.3
2024_0412_13:20:31 20 7.05 7.3
2024_0412_13:20:50 20 0.2 -0.2
2024_0412_13:20:52 20 85.325 37.125
2024_0412_13:21:05 20 -8.75 8.8
2024_0412_13:21:10 15 -1.2 1.6
2024_0412_13:21:13 15 -0.35 0.55
2024_0412_13:21:24 16 74.825 61.425
2024_0412_13:21:50 16 7.05 -12.6
2024_0412_13:22:03 17 80.275 83.75
2024_0412_13:23:20 20 86.7 86.725
2024_0412_13:23:20 20 0.225 -0.2
2024_0412_13:23:28 20 91.05 91.7
2024_0412_13:23:32 18 0.25 -0.775
2024_0412_13:25:10 16 1.25 -1.4
2024_0412_13:29:58 3 88.725 86.0
2024_0412_13:29:59 6 91.975 91.525
2024_0412_13:30:00 7 89.975 40.425
2024_0412_13:30:00 10 90.55 85.35
2024_0412_13:30:04 9 92.8 90.625
2024_0412_13:30:11 2 87.775 87.025
2024_0412_13:30:11 11 87.175 84.1
2024_0412_13:30:12 8 87.225 79.675
2024_0412_13:30:12 5 91.275 91.575
2024_0412_13:30:12 1 91.7 91.65
2024_0412_13:30:13 2 85.95 84.625
2024_0412_13:30:13 3 87.225 86.325
2024_0412_13:30:14 4 86.1 85.5
2024_0412_13:30:15 2 83.1 84.925
2024_0412_13:30:15 3 87.875 83.025
2024_0412_13:30:17 4 87.85 85.025
2024_0412_13:34:45 11 81.8 86.85
2024_0412_13:34:47 11 -1.95 -0.275
2024_0412_13:34:50 11 -37.175 89.375
2024_0412_13:34:54 11 90.825 90.8
2024_0412_13:34:55 11 91.4 92.25
2024_0412_13:35:10 11 -0.425 -1.2
2024_0412_13:35:11 11 -0.025 -2.35
2024_0412_13:35:12 11 -0.9 -1.6
2024_0412_13:35:12 11 83.775 85.475
2024_0412_13:35:12 11 2.4 3.025
2024_0412_13:35:13 11 -0.45 2.375
2024_0412_13:35:15 11 85.15 86.075
2024_0412_13:35:17 11 0.0 -0.675
2024_0412_13:35:17 11 91.2 90.95
2024_0412_13:35:24 11 -0.925 -0.425
2024_0412_13:35:33 11 -1.45 1.35
2024_0412_13:39:32 11 2.45 -0.25
2024_0412_13:39:35 11 82.375 87.2
2024_0412_13:39:40 11 88.3 88.825
2024_0412_13:39:44 11 85.0 69.15
2024_0412_13:39:48 11 17.325 15.225
2024_0412_13:40:09 11 0.025 1.675
2024_0412_13:40:09 11 0.25 -2.125
2024_0412_13:40:11 11 86.55 87.375
2024_0412_13:40:11 11 89.95 91.45
2024_0412_13:40:13 11 -17.15 53.6
2024_0412_13:40:13 11 88.275 87.85
2024_0412_13:40:15 11 1.525 -0.1
2024_0412_13:40:18 12 13.75 2.825
2024_0412_13:40:20 12 91.1 92.025
2024_0412_13:40:25 12 1.325 -2.275
2024_0412_13:40:32 12 -1.6 -0.825
2024_0412_13:44:14 12 77.525 92.4
2024_0412_13:44:21 12 -2.85 -1.325
2024_0412_13:44:24 12 -0.25 -0.175
2024_0412_13:44:34 12 91.55 91.925
2024_0412_13:44:35 12 0.15 1.075
2024_0412_13:45:10 12 10.55 13.2
2024_0412_13:45:10 12 82.075 82.95
2024_0412_13:45:10 12 -49.925 -49.95
2024_0412_13:45:11 12 -1.725 1.65
2024_0412_13:45:13 12 -0.05 -0.45
2024_0412_13:45:14 12 -3.2 -2.15
2024_0412_13:45:17 12 82.25 88.525
2024_0412_13:45:22 12 1.675 2.9
2024_0412_13:45:24 12 90.55 91.225
2024_0412_13:45:29 12 -1.35 2.475
2024_0412_13:45:32 12 2.45 -0.2
2024_0412_13:49:09 12 85.625 86.3
2024_0412_13:49:21 13 -0.9 0.825
2024_0412_13:49:23 12 91.925 91.525
2024_0412_13:49:35 13 87.35 88.375
2024_0412_13:49:37 13 85.45 86.425
2024_0412_13:50:09 13 0.075 1.45
2024_0412_13:50:09 13 -0.825 2.55
2024_0412_13:50:10 13 90.5 91.75
2024_0412_13:50:11 13 0.725 -2.7
2024_0412_13:50:13 13 73.3 83.1
2024_0412_13:50:13 13 86.725 84.35
2024_0412_13:50:19 13 90.3 90.7
2024_0412_13:50:21 13 -49.975 -49.95
2024_0412_13:50:22 13 91.375 91.125
2024_0412_13:50:31 13 90.65 91.45
2024_0412_13:50:46 13 2.15 -0.5
2024_0412_13:53:58 13 -0.65 1.775
2024_0412_13:54:20 13 -99.85 49.875
2024_0412_13:54:22 13 85.45 85.725
2024_0412_13:54:31 13 9.75 -11.25
2024_0412_13:54:37 13 73.35 73.5
2024_0412_13:55:07 13 -1.2 -2.6
2024_0412_13:55:09 13 90.475 90.775
2024_0412_13:55:10 13 -2.575 -0.4
2024_0412_13:55:11 13 86.275 80.5
2024_0412_13:55:14 13 -0.725 3.9
2024_0412_13:55:16 13 83.975 81.15
2024_0412_13:55:17 13 49.975 -99.95
2024_0412_13:55:23 13 86.525 74.25
2024_0412_13:55:26 13 35.325 42.725
2024_0412_13:55:32 13 -10.175 45.3
2024_0412_13:55:45 13 7.725 -10.4
2024_0412_13:58:49 13 -3.375 1.525
2024_0412_13:59:19 13 1.625 -0.7
2024_0412_13:59:23 13 74.0 73.375
2024_0412_13:59:29 13 82.55 83.875
2024_0412_13:59:38 13 84.625 88.025
2024_0412_13:59:56 13 -24.45 24.0
2024_0412_13:59:59 14 -99.8 -99.85
2024_0412_14:00:01 14 37.375 86.425
2024_0412_14:00:04 14 -3.575 23.95
2024_0412_14:00:06 14 -8.925 11.4
2024_0412_14:00:10 14 0.65 1.4
2024_0412_14:00:11 14 -1.075 -0.8
2024_0412_14:00:13 14 83.025 85.725
2024_0412_14:00:19 14 69.9 73.55
2024_0412_14:00:23 14 -13.875 12.025
2024_0412_14:00:35 14 4.4 0.75
2024_0412_14:03:46 14 83.675 86.275
2024_0412_14:04:13 14 -0.85 0.225
2024_0412_14:04:19 14 90.75 90.725
2024_0412_14:04:22 14 37.2 86.35
2024_0412_14:04:37 14 84.1 81.625
2024_0412_14:04:46 14 0.225 -0.225
2024_0412_14:04:49 14 10.725 9.45
2024_0412_14:04:54 14 40.075 85.7
2024_0412_14:04:59 14 -1.275 -1.45
2024_0412_14:05:04 14 -0.55 -3.225
2024_0412_14:05:06 14 90.25 92.075
2024_0412_14:05:12 14 73.625 82.675
2024_0412_14:05:21 14 38.325 39.5
2024_0412_14:05:30 14 86.225 85.4
2024_0412_14:07:42 14 2.825 0.675
2024_0412_14:08:22 14 40.1 11.25
2024_0412_14:08:52 14 0.7 0.175
2024_0412_14:09:07 14 91.325 91.25
2024_0412_14:09:17 14 85.225 85.075
2024_0412_14:09:24 14 86.975 83.25
2024_0412_14:09:30 14 3.375 -2.575
2024_0412_14:09:37 14 8.625 14.175
2024_0412_14:09:41 15 -0.575 -2.025
2024_0412_14:09:45 15 4.775 -4.625
2024_0412_14:09:48 15 49.975 -49.95
2024_0412_14:10:02 15 87.125 89.25
2024_0412_14:10:05 15 49.975 -49.975
2024_0412_14:10:11 15 -7.55 6.375
2024_0412_14:10:19 15 0.375 0.85
2024_0412_14:12:33 15 1.5 0.975
2024_0412_14:13:15 15 -1.075 -1.9
2024_0412_14:13:44 15 2.625 38.25
2024_0412_14:13:50 15 1.075 4.6
2024_0412_14:13:51 15 0.075 -1.25
2024_0412_14:14:06 15 0.9 -1.975
2024_0412_14:14:17 15 -0.95 2.3
2024_0412_14:14:19 15 0.275 -0.025
2024_0412_14:14:33 15 -0.85 -0.4
2024_0412_14:14:34 15 -0.625 0.35
2024_0412_14:14:43 15 90.5 63.225
2024_0412_14:14:50 15 90.625 90.575
2024_0412_14:15:02 15 0.0 2.05
2024_0412_14:15:06 15 86.375 84.7
2024_0412_14:15:07 15 1.9 -0.425
2024_0412_14:17:33 15 91.875 90.85
2024_0412_14:18:11 15 3.2 -0.15
2024_0412_14:18:38 15 11.425 5.075
2024_0412_14:18:40 15 77.7 64.925
2024_0412_14:18:53 15 -2.2 3.325
2024_0412_14:18:59 15 79.275 89.75
2024_0412_14:19:15 15 7.15 2.4
2024_0412_14:19:33 15 82.875 88.075
2024_0412_14:19:34 15 0.325 -0.4
2024_0412_14:19:42 15 91.775 90.75
2024_0412_14:19:54 15 7.1 10.1
2024_0412_14:20:02 16 76.075 75.225
2024_0412_14:20:04 16 33.575 40.4
2024_0412_14:20:05 16 35.55 -1.95
2024_0412_14:20:06 16 91.2 91.65
2024_0412_14:22:30 16 -1.975 -5.8
2024_0412_14:22:35 16 71.4 85.925
2024_0412_14:23:17 16 39.275 90.125
2024_0412_14:23:25 16 8.525 -1.35
2024_0412_14:23:34 16 79.825 78.125
2024_0412_14:23:50 16 -0.575 -0.425
2024_0412_14:23:51 16 86.975 83.425
2024_0412_14:24:06 16 83.725 88.275
2024_0412_14:24:33 16 91.5 91.35
2024_0412_14:24:37 16 25.475 71.025
2024_0412_14:24:43 16 41.025 -39.275
2024_0412_14:24:50 16 81.65 85.05
2024_0412_14:24:57 16 -0.725 -0.675
2024_0412_14:25:02 16 -0.975 -0.275
2024_0412_14:25:05 16 52.6 86.8
2024_0412_14:27:28 16 11.3 7.85
2024_0412_14:27:33 16 25.8 33.3
2024_0412_14:28:12 16 11.325 -9.975
2024_0412_14:28:23 16 -18.475 34.125
2024_0412_14:28:38 16 -0.8 5.925
2024_0412_14:28:47 17 0.275 -0.6
2024_0412_14:28:53 16 85.7 82.9
2024_0412_14:29:01 17 93.475 -1.85
2024_0412_14:29:32 17 7.225 2.625
2024_0412_14:29:33 17 9.05 -7.925
2024_0412_14:29:33 17 8.175 5.225
2024_0412_14:29:38 17 83.925 83.1
2024_0412_14:29:46 17 16.3 -16.45
2024_0412_14:29:57 17 7.875 -6.725
2024_0412_14:29:59 17 54.575 -17.475
2024_0412_14:30:01 17 -1.425 -0.025
2024_0412_14:32:29 17 87.75 83.15
2024_0412_14:32:35 17 79.225 88.9
2024_0412_14:33:01 17 42.875 83.95
2024_0412_14:33:20 17 91.275 91.175
2024_0412_14:33:32 17 85.625 38.0
2024_0412_14:33:40 17 0.0 -0.225
2024_0412_14:33:51 17 40.05 79.275
2024_0412_14:33:54 17 4.15 -0.9
2024_0412_14:34:32 17 -0.1 0.825
2024_0412_14:34:34 17 3.45 -0.175
2024_0412_14:34:35 17 89.975 91.4
2024_0412_14:34:36 17 30.55 32.3
2024_0412_14:34:45 17 2.25 0.275
2024_0412_14:34:56 17 85.55 86.55
2024_0412_14:34:58 17 4.45 3.05
2024_0412_14:35:08 17 -4.85 0.45
2024_0412_14:37:27 17 83.975 77.925
2024_0412_14:37:30 17 -1.275 6.025
2024_0412_14:37:49 17 89.6 88.0
2024_0412_14:38:19 18 85.6 85.525
2024_0412_14:38:26 18 83.45 84.85
2024_0412_14:38:33 18 1.575 1.625
2024_0412_14:38:48 18 -9.85 11.975
2024_0412_14:38:50 18 91.825 90.8
2024_0412_14:39:31 18 -0.125 -2.95
2024_0412_14:39:32 18 -0.425 1.575
2024_0412_14:39:34 18 -2.25 -1.8
2024_0412_14:39:34 18 37.65 89.825
2024_0412_14:39:44 18 -1.625 2.0
2024_0412_14:39:53 18 -0.3 4.6
2024_0412_14:39:57 18 -4.95 -0.1
2024_0412_14:40:08 18 87.15 85.05
2024_0412_14:42:29 18 -49.4 48.325
2024_0412_14:42:32 18 -1.575 -3.65
2024_0412_14:42:32 18 -33.325 33.625
2024_0412_14:43:19 18 75.75 7.525
2024_0412_14:43:21 18 7.05 2.825
2024_0412_14:43:33 18 0.475 0.975
2024_0412_14:43:45 18 88.325 74.425
2024_0412_14:43:48 18 -0.4 -0.425
2024_0412_14:44:31 18 -1.925 -0.45
2024_0412_14:44:32 18 90.225 90.55
2024_0412_14:44:34 18 41.45 81.275
2024_0412_14:44:36 18 90.5 90.15
2024_0412_14:44:42 18 19.425 11.475
2024_0412_14:44:53 18 84.725 82.375
2024_0412_14:44:57 18 29.85 -1.025
2024_0412_14:45:04 18 84.925 81.075
2024_0412_14:47:20 18 91.675 91.55
2024_0412_14:47:28 18 -1.55 -1.85
2024_0412_14:47:31 18 83.65 88.725
2024_0412_14:48:16 19 96.65 -11.3
2024_0412_14:48:25 19 0.15 2.9
2024_0412_14:48:27 19 7.25 -7.925
2024_0412_14:48:39 19 45.35 62.275
2024_0412_14:48:49 19 47.85 56.25
2024_0412_14:49:27 19 62.525 79.675
2024_0412_14:49:30 19 49.725 -49.875
2024_0412_14:49:30 19 -50.025 50.025
2024_0412_14:49:32 19 42.0 -9.525
2024_0412_14:49:39 19 -1.15 0.125
2024_0412_14:49:47 19 -49.975 49.975
2024_0412_14:49:53 19 19.4 -18.2
2024_0412_14:50:11 19 -2.075 -3.35
2024_0412_14:52:05 19 -99.95 99.95
2024_0412_14:52:22 19 -50.575 50.5
2024_0412_14:52:36 19 -2.325 0.1
2024_0412_14:53:04 19 81.05 -78.2
2024_0412_14:53:16 19 2.9 1.5
2024_0412_14:53:21 19 87.45 86.575
2024_0412_14:53:32 20 10.85 7.375
2024_0412_14:53:47 20 83.075 84.925
2024_0412_14:54:29 20 -3.475 -1.575
2024_0412_14:54:37 20 0.9 0.55
2024_0412_14:54:45 20 83.95 84.925
2024_0412_14:54:51 20 91.6 89.975
2024_0412_14:55:13 20 -1.7 -2.025
2024_0412_14:55:55 20 6.725 -16.625
2024_0412_14:56:31 20 41.125 -2.175
2024_0412_14:56:50 20 2.55 3.225
2024_0412_14:57:17 20 -2.075 0.9
2024_0412_14:57:36 20 1.55 3.7
2024_0412_14:57:45 20 35.3 92.3
2024_0412_14:58:20 20 71.95 74.9
2024_0412_14:58:34 20 2.75 19.0
2024_0412_14:58:50 20 91.95 90.95
2024_0412_14:59:22 14 0.525 -1.3
2024_0412_14:59:30 14 37.35 30.925
2024_0412_14:59:41 14 78.25 85.85
2024_0412_14:59:51 15 19.95 3.375
2024_0412_15:00:07 15 16.8 15.475
2024_0412_15:00:50 15 0.45 2.8
2024_0412_15:01:03 16 -1.05 1.775
2024_0412_15:01:30 20 -0.075 0.775
2024_0412_15:02:05 20 86.75 34.35
2024_0412_15:02:13 20 14.975 -5.75
2024_0412_15:02:23 20 83.55 81.3
2024_0412_15:05:23 20 0.125 0.575
2024_0412_15:10:13 2 86.2 83.075
2024_0412_15:10:15 2 87.9 84.1
2024_0412_15:10:16 3 86.175 88.275
2024_0412_15:10:18 3 86.625 84.725
2024_0412_15:10:19 3 75.2 83.675
2024_0412_15:10:19 2 52.825 39.2
2024_0412_15:10:19 2 43.7 81.025
2024_0412_15:10:20 1 92.225 92.075
2024_0412_15:10:21 2 86.175 83.225
2024_0412_15:10:21 3 86.975 84.575
2024_0412_15:10:22 2 87.1 67.85
2024_0412_15:10:22 2 87.65 86.55
2024_0412_15:10:23 2 37.425 86.225
2024_0412_15:10:24 2 89.175 87.025
2024_0412_15:10:25 2 83.025 85.55
2024_0412_15:10:25 3 52.525 87.35
2024_0412_15:14:58 3 84.625 89.225
2024_0412_15:15:06 3 81.6 87.15
2024_0412_15:15:11 3 78.575 85.575
2024_0412_15:15:15 3 40.175 84.0
2024_0412_15:15:15 3 86.1 85.325
2024_0412_15:15:17 4 39.875 86.3
2024_0412_15:15:18 4 87.525 86.575
2024_0412_15:15:18 3 79.775 86.475
2024_0412_15:15:18 4 85.175 34.8
2024_0412_15:15:19 6 91.475 91.325
2024_0412_15:15:19 4 85.7 86.95
2024_0412_15:15:20 7 85.6 81.15
2024_0412_15:15:24 7 87.625 86.05
2024_0412_15:15:25 7 85.875 87.375
2024_0412_15:18:00 7 89.025 87.375
2024_0412_15:19:03 8 87.1 86.35
2024_0412_15:19:46 9 92.35 91.2
2024_0412_15:20:04 10 81.825 87.425
2024_0412_15:20:09 11 -0.9 3.85
2024_0412_15:20:11 11 -1.45 2.725
2024_0412_15:20:12 11 91.975 91.05
2024_0412_15:20:12 11 -0.6 2.825
2024_0412_15:20:13 11 49.95 -99.95
2024_0412_15:20:14 11 92.075 91.05
2024_0412_15:20:15 11 99.95 -99.95
2024_0412_15:20:16 11 -0.25 -2.375
2024_0412_15:20:16 11 91.975 92.025
2024_0412_15:20:22 11 4.675 -1.8
2024_0412_15:20:22 11 83.75 87.4
2024_0412_15:22:54 11 -0.35 4.35
2024_0412_15:22:57 11 91.225 89.975
2024_0412_15:23:57 11 5.15 2.475
2024_0412_15:24:31 11 -99.85 99.95
2024_0412_15:24:55 11 0.25 -1.45
2024_0412_15:25:04 11 0.7 0.825
2024_0412_15:25:04 11 -0.225 3.2
2024_0412_15:25:06 11 85.225 86.4
2024_0412_15:25:06 11 80.6 77.5
2024_0412_15:25:06 11 85.325 83.675
2024_0412_15:25:08 11 86.5 88.3
2024_0412_15:25:08 11 -2.125 0.425
2024_0412_15:25:10 11 -0.925 -0.05
2024_0412_15:25:16 11 -0.2 -0.825
2024_0412_15:25:17 11 -1.65 2.75
2024_0412_15:25:18 11 91.5 89.575
2024_0412_15:27:46 11 -0.05 -1.725
2024_0412_15:27:50 11 0.025 -3.2
2024_0412_15:28:52 11 -0.9 1.7
2024_0412_15:29:16 11 39.85 79.7
2024_0412_15:29:46 11 2.2 0.625
2024_0412_15:30:00 11 1.675 -0.125
2024_0412_15:30:00 11 87.225 84.05
2024_0412_15:30:01 11 39.6 84.05
2024_0412_15:30:03 11 -1.2 -0.05
2024_0412_15:30:04 11 77.325 88.3
2024_0412_15:30:04 11 -1.075 0.8
2024_0412_15:30:07 11 91.475 91.125
2024_0412_15:30:10 11 40.325 39.35
2024_0412_15:30:12 11 2.45 0.9
2024_0412_15:30:13 11 -0.925 -0.775
2024_0412_15:30:13 11 -49.975 -49.975
2024_0412_15:32:35 11 -3.2 -0.775
2024_0412_15:32:43 11 -1.4 -2.2
2024_0412_15:33:46 11 86.575 85.125
2024_0412_15:33:58 11 1.675 1.4
2024_0412_15:34:36 11 -1.525 2.475
2024_0412_15:34:49 11 -0.475 -2.45
2024_0412_15:34:54 11 0.9 0.4
2024_0412_15:34:55 11 -99.9 -99.9
2024_0412_15:34:57 11 3.5 -1.8
2024_0412_15:34:58 11 -1.3 -0.15
2024_0412_15:34:58 11 1.8 1.95
2024_0412_15:35:01 11 0.775 0.45
2024_0412_15:35:07 11 86.525 87.75
2024_0412_15:35:08 11 -0.9 0.375
2024_0412_15:35:08 11 0.45 -1.725
2024_0412_15:35:09 11 84.925 77.475
2024_0412_15:37:25 11 -0.975 -0.3
2024_0412_15:37:36 11 0.525 -0.55
2024_0412_15:38:45 11 86.75 84.15
2024_0412_15:38:46 11 34.15 -7.575
2024_0412_15:39:30 11 87.325 39.15
2024_0412_15:39:40 11 90.725 91.1
2024_0412_15:39:47 11 100.0 100.0
2024_0412_15:39:48 11 -0.2 0.85
2024_0412_15:39:51 11 85.075 83.025
2024_0412_15:39:51 11 0.65 -1.375
2024_0412_15:39:51 11 99.9 -49.95
2024_0412_15:39:57 11 76.125 86.325
2024_0412_15:40:01 11 -1.125 -1.45
2024_0412_15:40:02 11 2.875 -0.5
2024_0412_15:40:05 11 -0.325 1.5
2024_0412_15:40:09 11 -1.325 1.375
2024_0412_15:42:14 11 -1.85 -1.525
2024_0412_15:42:30 11 82.6 87.575
2024_0412_15:43:30 11 -0.1 -1.3
2024_0412_15:43:42 11 10.675 5.2
2024_0412_15:44:21 11 -49.975 -99.95
2024_0412_15:44:30 11 -0.225 -3.0
2024_0412_15:44:41 11 90.95 91.575
2024_0412_15:44:42 11 0.275 0.175
2024_0412_15:44:44 11 -1.0 1.0
2024_0412_15:44:45 11 0.375 -3.775
2024_0412_15:44:45 11 -3.225 -3.075
2024_0412_15:44:58 11 1.825 0.9
2024_0412_15:45:00 11 82.65 78.775
2024_0412_15:45:00 11 75.175 82.325
2024_0412_15:45:01 11 -1.075 0.0
2024_0412_15:45:04 11 1.625 2.775
2024_0412_15:47:05 11 92.15 90.975
2024_0412_15:47:24 11 90.55 92.725
2024_0412_15:48:13 11 91.875 90.95
2024_0412_15:48:38 11 91.4 91.75
2024_0412_15:49:11 11 0.225 -2.75
2024_0412_15:49:20 11 91.45 90.525
2024_0412_15:49:35 11 0.7 2.7
2024_0412_15:49:35 11 85.7 85.55
2024_0412_15:49:39 11 2.05 -0.5
2024_0412_15:49:40 11 -0.925 1.4
2024_0412_15:49:44 11 87.65 83.5
2024_0412_15:49:52 11 -0.025 -0.425
2024_0412_15:49:55 11 91.375 91.7
2024_0412_15:49:55 11 88.825 87.975
2024_0412_15:49:56 11 84.125 84.55
2024_0412_15:49:59 11 84.65 87.25
2024_0412_15:51:54 11 1.175 0.1
2024_0412_15:52:17 11 -0.425 1.2
2024_0412_15:52:59 11 8.075 9.45
2024_0412_15:53:30 11 -0.075 0.9
2024_0412_15:54:03 11 0.2 0.55
2024_0412_15:54:15 11 0.25 0.6
2024_0412_15:54:27 11 -0.45 -0.875
2024_0412_15:54:27 11 49.975 -99.95
2024_0412_15:54:34 11 -50.0 99.975
2024_0412_15:54:35 11 80.175 86.725
2024_0412_15:54:37 11 0.05 -0.85
2024_0412_15:54:46 11 -0.8 -1.35
2024_0412_15:54:49 11 -0.1 3.1
2024_0412_15:54:49 11 85.8 75.05
2024_0412_15:54:54 11 1.85 2.85
2024_0412_15:54:55 11 5.7 4.3
2024_0412_15:56:47 11 -1.375 2.125
2024_0412_15:57:08 11 99.95 -99.95
2024_0412_15:57:42 11 0.35 -0.6
2024_0412_15:58:24 11 49.9 99.9
2024_0412_15:58:56 11 88.825 87.325
2024_0412_15:59:04 11 1.575 2.6
2024_0412_15:59:21 11 0.425 1.025
2024_0412_15:59:25 11 -1.65 0.675
2024_0412_15:59:28 11 2.8 0.775
2024_0412_15:59:29 11 -1.1 -1.1
2024_0412_15:59:35 11 -0.925 -0.175
2024_0412_15:59:41 11 87.25 82.95
2024_0412_15:59:43 11 -2.2 -0.25
2024_0412_15:59:44 11 -2.525 -0.15
2024_0412_15:59:49 11 0.475 1.1
2024_0412_15:59:52 11 -1.475 -1.675
2024_0412_16:01:37 11 -1.4 -0.55
2024_0412_16:02:05 11 62.225 -8.75
2024_0412_16:02:28 12 11.25 13.575
2024_0412_16:03:26 12 90.575 89.7
2024_0412_16:03:51 12 90.8 90.7
2024_0412_16:03:53 12 1.0 2.3
2024_0412_16:04:14 12 -49.975 -49.95
2024_0412_16:04:19 12 -49.975 -99.95
2024_0412_16:04:21 12 -99.95 -49.975
2024_0412_16:04:33 12 92.55 92.775
2024_0412_16:04:33 12 79.075 78.45
2024_0412_16:04:37 12 -3.175 -4.725
2024_0412_16:04:39 12 68.0 86.475
2024_0412_16:04:41 12 3.35 -0.225
2024_0412_16:04:45 12 -5.225 35.225
2024_0412_16:04:50 12 -2.575 51.175
2024_0412_16:06:29 12 8.575 14.7
2024_0412_16:06:57 12 100.0 -50.0
2024_0412_16:07:12 12 -1.575 -1.85
2024_0412_16:08:24 12 91.1 91.275
2024_0412_16:08:45 12 -1.025 0.575
2024_0412_16:08:45 12 85.525 83.95
2024_0412_16:09:12 12 82.925 87.25
2024_0412_16:09:14 12 3.375 0.325
2024_0412_16:09:15 12 91.25 91.175
2024_0412_16:09:32 12 82.25 86.325
2024_0412_16:09:32 12 -0.55 0.125
2024_0412_16:09:33 12 -0.55 1.875
2024_0412_16:09:35 12 0.4 1.775
2024_0412_16:09:37 12 91.05 91.325
2024_0412_16:09:44 12 87.575 89.45
2024_0412_16:09:47 12 92.0 91.85
2024_0412_16:11:20 12 -1.25 -1.525
2024_0412_16:11:51 12 -2.05 0.45
2024_0412_16:11:57 12 -0.55 0.1
2024_0412_16:13:19 12 17.1 2.7
2024_0412_16:13:35 12 3.575 -0.275
2024_0412_16:13:37 12 -1.275 -1.15
2024_0412_16:14:07 12 86.6 85.775
2024_0412_16:14:08 12 13.475 2.7
2024_0412_16:14:12 12 10.925 36.8
2024_0412_16:14:27 12 -0.55 -0.9
2024_0412_16:14:28 12 -0.375 1.525
2024_0412_16:14:28 12 1.55 -1.575
2024_0412_16:14:30 12 72.025 74.45
2024_0412_16:14:31 12 80.475 87.925
2024_0412_16:14:39 12 88.6 88.05
2024_0412_16:14:44 12 67.525 85.9
2024_0412_16:16:12 12 87.275 93.325
2024_0412_16:16:42 12 -0.875 0.075
2024_0412_16:16:44 12 92.6 91.275
2024_0412_16:18:16 12 72.65 72.3
2024_0412_16:18:26 12 87.175 86.7
2024_0412_16:18:31 12 90.95 46.675
2024_0412_16:19:00 12 1.65 1.925
2024_0412_16:19:00 12 91.45 91.65
2024_0412_16:19:08 12 -10.25 63.6
2024_0412_16:19:22 12 -0.95 1.875
2024_0412_16:19:22 12 34.275 39.875
2024_0412_16:19:23 12 40.475 86.0
2024_0412_16:19:24 12 1.0 0.275
2024_0412_16:19:26 12 80.15 86.75
2024_0412_16:19:32 12 0.425 0.35
2024_0412_16:19:40 12 82.9 87.475
2024_0412_16:21:00 12 -0.525 -2.65
2024_0412_16:21:29 12 1.425 -1.55
2024_0412_16:21:39 12 85.1 88.65
2024_0412_16:23:11 12 91.4 91.75
2024_0412_16:23:14 12 -1.625 0.9
2024_0412_16:23:26 12 91.525 92.125
2024_0412_16:23:52 12 -2.1 0.2
2024_0412_16:23:53 12 17.425 12.95
2024_0412_16:24:01 12 2.8 -3.125
2024_0412_16:24:16 12 4.45 4.3
2024_0412_16:24:18 12 -1.525 0.4
2024_0412_16:24:19 12 84.375 84.375
2024_0412_16:24:19 12 -0.125 0.875
2024_0412_16:24:19 12 74.95 83.675
2024_0412_16:24:27 12 88.275 81.0
2024_0412_16:24:37 12 90.175 92.45
2024_0412_16:25:51 12 -1.375 -1.775
2024_0412_16:26:16 12 85.775 77.75
2024_0412_16:26:32 12 55.525 88.25
2024_0412_16:28:03 12 49.95 49.925
2024_0412_16:28:06 12 -1.05 0.275
2024_0412_16:28:18 12 -3.0 -0.075
2024_0412_16:28:50 12 89.65 90.825
2024_0412_16:28:51 12 85.55 42.825
2024_0412_16:29:00 12 -0.95 -3.7
2024_0412_16:29:14 12 99.95 -99.975
2024_0412_16:29:16 12 -99.9 -99.85
2024_0412_16:29:17 12 73.85 58.95
2024_0412_16:29:17 12 75.75 79.675
2024_0412_16:29:19 12 85.575 89.0
2024_0412_16:29:28 12 90.5 92.575
2024_0412_16:29:35 12 86.825 86.625
2024_0412_16:30:38 12 91.75 91.225
2024_0412_16:31:08 12 91.5 89.35
2024_0412_16:31:26 12 88.75 94.65
2024_0412_16:32:57 12 90.475 89.8
2024_0412_16:33:09 12 -39.15 36.075
2024_0412_16:33:10 12 -57.1 59.475
2024_0412_16:33:47 12 36.775 -36.3
2024_0412_16:33:53 12 43.875 45.375
2024_0412_16:33:54 12 86.725 85.35
2024_0412_16:34:08 12 1.45 -2.075
2024_0412_16:34:09 12 -0.025 -2.15
2024_0412_16:34:10 12 91.2 91.675
2024_0412_16:34:12 12 69.55 83.95
2024_0412_16:34:16 12 92.9 91.15
2024_0412_16:34:19 12 50.0 49.975
2024_0412_16:34:27 12 -0.3 57.25
2024_0412_16:35:26 12 -36.5 87.0
2024_0412_16:35:52 12 37.05 -10.45
2024_0412_16:36:17 12 85.75 82.25
2024_0412_16:37:54 13 -0.525 0.225
2024_0412_16:38:03 13 -2.675 0.2
2024_0412_16:38:05 13 42.625 44.6
2024_0412_16:38:42 13 -2.125 1.85
2024_0412_16:38:50 13 11.0 -12.2
2024_0412_16:38:51 13 91.45 90.3
2024_0412_16:39:05 13 1.4 3.025
2024_0412_16:39:05 13 -2.9 -0.825
2024_0412_16:39:06 13 -2.05 -0.025
2024_0412_16:39:10 13 -12.8 85.8
2024_0412_16:39:13 13 11.175 -9.275
2024_0412_16:39:15 13 -0.325 -0.375
2024_0412_16:39:26 13 85.025 83.025
2024_0412_16:40:18 13 90.65 10.875
2024_0412_16:40:37 13 83.325 89.625
2024_0412_16:41:08 13 86.4 85.7
2024_0412_16:42:51 13 91.875 91.5
2024_0412_16:42:58 13 -0.675 2.225
2024_0412_16:42:59 13 13.025 7.8
2024_0412_16:43:32 13 1.85 0.475
2024_0412_16:43:41 13 -49.05 49.3
2024_0412_16:43:43 13 38.075 37.925
2024_0412_16:43:57 13 -0.4 -0.275
2024_0412_16:43:58 13 11.8 63.8
2024_0412_16:43:58 13 38.0 34.4
2024_0412_16:44:05 13 1.275 0.675
2024_0412_16:44:07 13 -1.875 -2.65
2024_0412_16:44:09 13 22.025 -2.85
2024_0412_16:44:32 13 1.85 -0.725
2024_0412_16:45:11 13 86.95 89.875
2024_0412_16:45:22 13 0.15 -0.725
2024_0412_16:46:04 13 -1.45 0.25
2024_0412_16:47:40 13 49.975 -99.95
2024_0412_16:47:51 13 38.05 38.35
2024_0412_16:47:55 13 -0.275 1.25
2024_0412_16:48:30 13 2.075 0.775
2024_0412_16:48:36 13 4.825 8.625
2024_0412_16:48:40 13 67.875 66.55
2024_0412_16:48:52 13 -0.775 1.75
2024_0412_16:48:53 13 -0.1 0.8
2024_0412_16:48:56 13 -5.825 89.2
2024_0412_16:49:05 13 88.9 88.875
2024_0412_16:49:05 13 7.25 11.975
2024_0412_16:49:09 13 -0.85 -0.35
2024_0412_16:49:30 13 -0.025 -2.225
2024_0412_16:50:01 13 -2.775 0.15
2024_0412_16:50:09 13 91.1 92.4
2024_0412_16:51:01 13 91.4 92.1
2024_0412_16:52:36 13 39.925 84.5
2024_0412_16:52:43 13 -49.925 99.85
2024_0412_16:52:51 13 86.6 84.825
2024_0412_16:53:24 13 16.825 -1.775
2024_0412_16:53:36 13 -1.5 -2.625
2024_0412_16:53:38 13 -9.1 40.025
2024_0412_16:53:46 13 0.4 -1.35
2024_0412_16:53:47 13 -0.35 0.525
2024_0412_16:53:50 13 59.175 67.275
2024_0412_16:54:01 13 -10.45 7.5
2024_0412_16:54:03 13 -0.2 -1.75
2024_0412_16:54:11 13 85.675 85.175
2024_0412_16:54:26 13 -0.075 1.275
2024_0412_16:54:52 13 99.95 -49.975
2024_0412_16:54:58 13 32.775 26.875
2024_0412_16:55:52 13 1.025 -2.45
2024_0412_16:57:30 13 90.975 91.9
2024_0412_16:57:38 13 43.35 -43.325
2024_0412_16:57:49 13 89.05 88.0
2024_0412_16:58:16 13 -0.05 0.975
2024_0412_16:58:29 13 -3.2 1.45
2024_0412_16:58:29 13 -49.95 -49.925
2024_0412_16:58:37 13 -2.125 1.575
2024_0412_16:58:38 13 -8.075 33.2
2024_0412_16:58:43 13 -11.5 9.775
2024_0412_16:58:53 13 1.075 1.025
2024_0412_16:58:57 13 -1.2 -0.2
2024_0412_16:59:07 13 87.475 83.225
2024_0412_16:59:20 13 -0.375 -1.5
2024_0412_16:59:35 13 -0.275 -1.0
2024_0412_16:59:51 13 -4.35 13.7
2024_0412_17:00:42 13 0.7 -2.875
2024_0412_17:02:21 13 91.25 90.85
2024_0412_17:02:28 13 50.0 49.85
2024_0412_17:02:43 13 51.55 39.2
2024_0412_17:03:12 13 77.7 83.8
2024_0412_17:03:25 13 91.2 92.025
2024_0412_17:03:26 13 89.025 81.9
2024_0412_17:03:31 13 1.6 -0.65
2024_0412_17:03:36 13 0.8 3.8
2024_0412_17:03:37 13 89.65 86.95
2024_0412_17:03:51 13 -7.225 36.775
2024_0412_17:03:51 13 -3.225 -2.225
2024_0412_17:04:04 13 -6.65 24.775
2024_0412_17:04:18 13 -2.325 -1.725
2024_0412_17:04:19 13 88.15 57.825
2024_0412_17:04:48 13 1.525 -0.65
2024_0412_17:05:34 13 85.125 83.075
2024_0412_17:07:14 13 1.8 -0.525
2024_0412_17:07:20 13 -2.4 0.625
2024_0412_17:07:39 13 -2.95 0.925
2024_0412_17:08:05 13 99.95 99.95
2024_0412_17:08:20 13 61.5 4.675
2024_0412_17:08:22 13 0.425 0.75
2024_0412_17:08:26 13 -0.85 -0.95
2024_0412_17:08:29 13 83.875 89.1
2024_0412_17:08:33 13 92.1 90.75
2024_0412_17:08:55 13 5.55 6.425
2024_0412_17:09:17 13 2.05 2.35
2024_0412_17:09:47 13 47.875 90.425
2024_0412_17:11:50 13 10.775 8.875
2024_0412_17:12:03 13 -6.05 42.1
2024_0412_17:12:07 13 87.725 91.275
2024_0412_17:12:08 13 92.65 43.45
2024_0412_17:12:11 13 8.525 4.55
2024_0412_17:12:34 13 36.0 36.875
2024_0412_17:12:59 13 85.875 85.675
2024_0412_17:13:16 13 -0.925 -1.0
2024_0412_17:13:21 13 2.1 2.025
2024_0412_17:13:22 13 86.35 73.375
2024_0412_17:13:28 13 88.65 84.375
2024_0412_17:13:50 13 13.45 14.625
2024_0412_17:14:13 13 -1.325 0.275
2024_0412_17:14:18 13 88.25 88.025
2024_0412_17:14:39 13 40.875 37.725
2024_0412_17:16:46 13 -1.525 -0.45
2024_0412_17:16:47 13 0.75 -0.575
2024_0412_17:16:52 13 3.275 1.1
2024_0412_17:17:00 13 0.375 -1.55
2024_0412_17:17:01 13 91.55 90.975
2024_0412_17:17:06 13 90.45 87.325
2024_0412_17:17:28 13 1.8 -1.975
2024_0412_17:17:55 13 -1.65 1.625
2024_0412_17:18:10 13 -0.1 0.05
2024_0412_17:18:13 13 -0.65 -0.8
2024_0412_17:18:13 13 -0.775 1.55
2024_0412_17:18:22 13 0.775 -1.4
2024_0412_17:18:46 13 1.35 -0.375
2024_0412_17:19:10 13 1.05 -1.25
2024_0412_17:19:17 13 87.925 44.75
2024_0412_17:19:32 13 -1.075 0.45
2024_0412_17:21:32 13 -0.55 0.825
2024_0412_17:21:41 13 -10.875 37.625
2024_0412_17:21:47 13 -1.625 0.875
2024_0412_17:21:52 13 90.175 91.775
2024_0412_17:21:57 13 -0.375 -0.475
2024_0412_17:22:01 13 81.85 68.25
2024_0412_17:22:22 13 86.175 85.225
2024_0412_17:22:48 13 -0.225 -0.75
2024_0412_17:23:03 13 1.575 -0.15
2024_0412_17:23:07 13 52.375 -53.375
2024_0412_17:23:10 13 91.975 91.6
2024_0412_17:23:18 13 55.875 85.275
2024_0412_17:23:39 13 -0.225 19.925
2024_0412_17:24:05 13 76.6 82.675
2024_0412_17:24:10 13 -0.35 -0.7
2024_0412_17:24:24 13 0.225 -1.025
2024_0412_17:26:18 13 92.75 89.65
2024_0412_17:26:38 13 84.825 86.1
2024_0412_17:26:40 13 -1.55 2.05
2024_0412_17:26:42 13 -33.0 33.6
2024_0412_17:26:49 13 75.475 86.075
2024_0412_17:26:56 13 0.025 2.1
2024_0412_17:27:16 13 0.075 -1.3
2024_0412_17:27:42 13 -0.725 38.875
2024_0412_17:27:58 13 39.325 38.95
2024_0412_17:28:02 13 83.15 87.2
2024_0412_17:28:06 13 66.125 59.7
2024_0412_17:28:11 13 7.125 9.275
2024_0412_17:28:34 13 87.475 86.625
2024_0412_17:28:59 13 13.2 9.6
2024_0412_17:29:05 13 -2.2 0.85
2024_0412_17:29:23 13 85.6 85.825
2024_0412_17:31:03 13 0.6 1.5
2024_0412_17:31:33 13 5.075 22.025
2024_0412_17:31:34 13 1.05 -0.8
2024_0412_17:31:42 13 92.9 91.0
2024_0412_17:31:47 13 9.075 17.05
2024_0412_17:31:52 13 86.3 87.525
2024_0412_17:32:09 13 20.1 -19.425
2024_0412_17:32:35 13 0.675 1.375
2024_0412_17:32:53 13 86.975 84.1
2024_0412_17:32:54 13 -1.625 -2.15
2024_0412_17:33:02 14 -0.425 0.45
2024_0412_17:33:07 14 85.55 86.75
2024_0412_17:33:28 14 -1.275 0.025
2024_0412_17:33:56 14 1.2 0.425
2024_0412_17:33:58 14 -9.75 13.05
2024_0412_17:34:12 14 -99.85 -49.95
2024_0412_17:35:51 14 92.175 92.075
2024_0412_17:36:22 14 1.875 0.475
2024_0412_17:36:32 14 84.95 85.575
2024_0412_17:36:40 14 0.475 -0.375
2024_0412_17:36:47 14 -1.7 1.55
2024_0412_17:37:09 14 -0.9 -0.925
2024_0412_17:37:31 14 18.925 29.125
2024_0412_17:37:44 14 0.1 -1.55
2024_0412_17:37:48 14 84.375 83.475
2024_0412_17:37:50 14 2.3 -0.5
2024_0412_17:37:59 14 -0.05 -2.9
2024_0412_17:38:05 14 33.175 71.375
2024_0412_17:38:26 14 76.5 35.525
2024_0412_17:38:49 14 -1.55 0.225
2024_0412_17:38:58 14 90.15 91.05
2024_0412_17:39:08 14 0.575 2.175
2024_0412_17:40:33 14 1.675 -3.175
2024_0412_17:41:17 14 -0.3 1.8
2024_0412_17:41:23 14 92.625 90.925
2024_0412_17:41:36 14 -99.9 -99.85
2024_0412_17:41:51 14 -0.675 0.475
2024_0412_17:42:09 14 8.7 8.575
2024_0412_17:42:28 14 74.375 84.05
2024_0412_17:42:38 14 1.425 0.625
2024_0412_17:42:43 14 -4.175 34.975
2024_0412_17:42:51 14 57.65 79.175
2024_0412_17:42:55 14 1.1 -3.125
2024_0412_17:43:12 14 0.0 -0.05
2024_0412_17:43:22 14 9.0 -10.175
2024_0412_17:43:39 14 -3.8 -0.275
2024_0412_17:43:57 14 88.15 31.475
2024_0412_17:44:08 14 84.825 86.0
2024_0412_17:45:14 14 1.7 -0.875
2024_0412_17:46:07 14 5.725 5.0
2024_0412_17:46:12 14 7.325 -6.8
2024_0412_17:46:34 14 1.275 0.025
2024_0412_17:46:52 14 84.3 66.775
2024_0412_17:47:05 14 -3.1 1.275
2024_0412_17:47:26 14 -21.625 69.05
2024_0412_17:47:27 14 0.475 -0.75
2024_0412_17:47:41 14 -99.9 99.925
2024_0412_17:47:52 14 83.725 84.3
2024_0412_17:47:56 14 91.225 90.35
2024_0412_17:48:07 14 -17.475 15.4
2024_0412_17:48:16 14 0.575 -0.1
2024_0412_17:48:31 14 91.75 91.45
2024_0412_17:48:53 14 -7.625 9.325
2024_0412_17:49:05 14 88.1 86.05
2024_0412_17:50:03 14 90.225 90.075
2024_0412_17:50:56 14 86.125 38.425
2024_0412_17:50:59 14 -9.95 9.225
2024_0412_17:51:36 14 77.15 89.15
2024_0412_17:51:51 14 33.925 32.175
2024_0412_17:52:02 14 90.3 90.2
2024_0412_17:52:21 14 0.65 -2.925
2024_0412_17:52:26 14 91.675 89.525
2024_0412_17:52:48 14 70.525 66.35
2024_0412_17:52:50 14 -1.5 -0.175
2024_0412_17:52:54 14 -1.05 2.5
2024_0412_17:53:03 14 8.875 2.55
2024_0412_17:53:15 14 86.575 86.875
2024_0412_17:53:22 14 -0.05 0.1
2024_0412_17:53:49 14 2.925 -1.4
2024_0412_17:54:05 14 85.325 88.375
2024_0412_17:54:57 14 -0.75 1.2
2024_0412_17:55:39 14 2.6 0.0
2024_0412_17:55:49 14 2.275 6.225
2024_0412_17:56:34 14 54.075 44.2
2024_0412_17:56:45 14 0.175 0.95
2024_0412_17:56:58 14 7.45 2.3
2024_0412_17:57:12 14 85.35 85.725
2024_0412_17:57:22 14 86.2 86.575
2024_0412_17:57:39 14 0.625 -0.175
2024_0412_17:57:41 14 -20.8 18.975
2024_0412_17:57:49 14 1.2 1.525
2024_0412_17:57:57 14 85.375 46.65
2024_0412_17:58:08 14 90.7 91.45
2024_0412_17:58:10 14 1.3 -2.85
2024_0412_17:58:40 14 99.95 49.975
2024_0412_17:58:53 14 -1.6 2.35
2024_0412_17:59:49 14 1.95 1.925
2024_0412_18:00:22 14 0.525 1.15
2024_0412_18:00:39 14 84.275 87.225
2024_0412_18:01:30 14 -1.65 -2.0
2024_0412_18:01:43 14 -1.225 24.475
2024_0412_18:02:04 14 72.45 72.05
2024_0412_18:02:12 14 91.125 90.65
2024_0412_18:02:26 14 1.375 0.95
2024_0412_18:02:28 14 -0.175 -0.275
2024_0412_18:02:36 14 5.375 0.2
2024_0412_18:02:45 14 10.4 29.325
2024_0412_18:02:57 14 33.225 90.6
2024_0412_18:03:05 14 85.575 85.15
2024_0412_18:03:32 14 27.55 7.0
2024_0412_18:03:44 14 -43.475 43.825
2024_0412_18:04:40 14 -40.25 40.25
2024_0412_18:04:52 14 -1.425 11.925
2024_0412_18:05:08 14 0.25 0.075
2024_0412_18:05:36 14 82.675 86.2
2024_0412_18:06:21 14 -1.975 85.8
2024_0412_18:06:33 14 81.575 65.75
2024_0412_18:06:49 14 32.05 -0.325
2024_0412_18:06:56 14 3.525 1.275
2024_0412_18:07:14 14 60.025 -60.125
2024_0412_18:07:14 14 -1.775 2.125
2024_0412_18:07:27 14 89.775 87.725
2024_0412_18:07:31 14 1.0 -2.625
2024_0412_18:07:44 14 68.65 67.525
2024_0412_18:07:57 14 87.25 87.7
2024_0412_18:08:23 14 86.05 87.9
2024_0412_18:09:30 14 85.625 39.85
2024_0412_18:09:40 14 2.625 -0.175
2024_0412_18:09:50 14 4.325 0.575
2024_0412_18:10:23 14 0.525 1.875
2024_0412_18:10:25 14 85.7 78.825
2024_0412_18:11:13 14 89.925 89.075
2024_0412_18:11:18 14 -1.425 -0.775
2024_0412_18:11:36 14 5.975 12.075
2024_0412_18:11:40 14 2.225 0.9
2024_0412_18:12:01 14 1.325 2.775
2024_0412_18:12:06 14 82.825 87.7
2024_0412_18:12:13 14 -3.4 49.175
2024_0412_18:12:19 14 86.825 85.475
2024_0412_18:12:30 14 79.275 77.375
2024_0412_18:12:49 14 46.6 -37.375
2024_0412_18:13:08 14 91.2 91.325
2024_0412_18:14:18 14 91.625 90.6
2024_0412_18:14:25 14 87.025 85.975
2024_0412_18:14:35 14 92.85 89.65
2024_0412_18:15:05 14 -0.3 -0.575
2024_0412_18:15:09 14 -14.25 47.15
2024_0412_18:15:57 14 -38.425 35.675
2024_0412_18:16:01 14 -1.3 -1.475
2024_0412_18:16:20 14 15.375 21.075
2024_0412_18:16:26 14 86.375 83.5
2024_0412_18:16:46 14 9.35 3.2
2024_0412_18:16:56 14 37.425 37.025
2024_0412_18:17:02 14 1.775 3.025
2024_0412_18:17:06 14 41.0 36.225
2024_0412_18:17:14 14 87.2 84.175
2024_0412_18:17:34 14 70.75 81.025
2024_0412_18:17:54 14 36.775 -7.025
2024_0412_18:18:59 14 85.65 87.325
2024_0412_18:19:07 14 -33.175 33.3
2024_0412_18:19:24 14 0.025 3.075
2024_0412_18:19:51 14 -8.375 9.9
2024_0412_18:19:52 14 47.8 -3.65
2024_0412_18:20:41 14 59.05 -6.025
2024_0412_18:20:42 14 99.95 49.975
2024_0412_18:21:03 14 84.15 73.375
2024_0412_18:21:09 14 1.55 1.625
2024_0412_18:21:42 14 2.975 15.875
2024_0412_18:21:48 14 85.575 87.625
2024_0412_18:21:48 14 0.475 0.7
2024_0412_18:22:01 14 85.5 89.225
2024_0412_18:22:23 14 84.4 82.45
2024_0412_18:22:39 14 1.95 -1.075
2024_0412_18:23:45 14 88.4 82.15
2024_0412_18:23:52 14 -0.85 -2.05
2024_0412_18:24:13 14 1.225 1.8
2024_0412_18:24:27 14 3.025 0.475
2024_0412_18:24:40 14 -1.875 -0.75
2024_0412_18:24:46 14 84.125 84.15
2024_0412_18:25:24 14 83.9 88.575
2024_0412_18:25:27 14 -9.65 9.625
2024_0412_18:25:48 14 37.275 83.225
2024_0412_18:25:56 14 74.625 72.1
2024_0412_18:26:27 14 -0.325 -1.4
2024_0412_18:26:32 14 -0.25 -2.725
2024_0412_18:26:34 15 85.875 58.1
2024_0412_18:26:50 15 89.775 87.375
2024_0412_18:27:12 15 91.25 91.2
2024_0412_18:27:27 15 22.55 -7.75
2024_0412_18:28:30 15 1.675 2.225
2024_0412_18:29:13 15 3.775 0.925
2024_0412_18:29:25 15 -1.35 1.175
2024_0412_18:29:32 15 6.925 -11.525
2024_0412_18:30:01 15 91.075 91.125
2024_0412_18:30:07 15 0.95 -2.075
2024_0412_18:30:12 15 86.525 85.225
2024_0412_18:30:34 15 89.4 70.5
2024_0412_18:30:39 15 2.4 2.975
2024_0412_18:31:13 15 22.55 5.775
2024_0412_18:31:16 15 42.725 -26.7
2024_0412_18:31:18 15 8.175 90.85
2024_0412_18:31:34 15 14.3 -14.475
2024_0412_18:31:51 15 26.9 -23.225
2024_0412_18:32:06 15 8.5 -8.225
2024_0412_18:32:11 15 85.05 86.55
2024_0412_18:33:18 15 84.475 87.7
2024_0412_18:34:01 15 -1.075 -0.45
2024_0412_18:34:08 15 -1.075 0.475
2024_0412_18:34:16 15 85.65 39.275
2024_0412_18:34:48 15 92.225 90.65
2024_0412_18:34:51 15 76.4 47.475
2024_0412_18:34:54 15 1.5 12.0
2024_0412_18:35:19 15 92.3 43.875
2024_0412_18:35:24 15 89.625 84.225
2024_0412_18:35:59 15 91.9 90.95
2024_0412_18:36:00 15 6.55 -6.5
2024_0412_18:36:03 15 3.875 1.625
2024_0412_18:36:29 15 88.075 84.85
2024_0412_18:36:48 15 -10.45 8.25
2024_0412_18:36:56 15 0.15 0.075
2024_0412_18:38:03 15 -0.175 -0.65
2024_0412_18:38:45 15 -2.45 -1.25
2024_0412_18:38:52 15 81.5 87.925
2024_0412_18:39:03 15 78.975 85.325
2024_0412_18:39:34 15 82.475 84.875
2024_0412_18:39:36 15 78.175 82.25
2024_0412_18:39:38 15 90.775 91.875
2024_0412_18:39:42 15 85.775 86.425
2024_0412_18:40:05 15 84.525 85.7
2024_0412_18:40:09 15 91.65 90.975
2024_0412_18:40:41 15 3.85 -0.4
2024_0412_18:40:46 15 90.625 91.45
2024_0412_18:40:50 15 3.75 11.625
2024_0412_18:41:10 15 23.1 25.775
2024_0412_18:41:35 15 -1.4 2.95
2024_0412_18:41:39 15 10.85 13.625
2024_0412_18:42:44 15 67.625 65.85
2024_0412_18:43:31 15 0.325 -1.35
2024_0412_18:43:34 15 -0.975 -2.65
2024_0412_18:43:55 15 76.375 41.1
2024_0412_18:44:22 15 8.375 -1.95
2024_0412_18:44:25 15 86.025 86.775
2024_0412_18:44:25 15 43.05 45.125
2024_0412_18:44:25 15 1.1 37.375
2024_0412_18:45:02 15 -1.325 -0.925
2024_0412_18:45:30 15 8.75 5.5
2024_0412_18:45:33 15 -8.275 8.525
2024_0412_18:45:34 15 90.7 89.15
2024_0412_18:45:57 15 82.65 82.25
2024_0412_18:46:18 15 1.825 -1.125
2024_0412_18:46:22 15 0.75 -0.9
2024_0412_18:47:18 15 -99.95 -49.975
2024_0412_18:47:20 15 12.925 9.7
2024_0412_18:48:18 15 90.4 90.4
2024_0412_18:48:20 15 2.25 -0.025
2024_0412_18:48:42 15 -0.25 0.025
2024_0412_18:49:06 15 -99.875 99.8
2024_0412_18:49:11 15 -1.45 0.8
2024_0412_18:49:16 15 -2.0 20.15
2024_0412_18:49:56 15 -3.35 47.05
2024_0412_18:50:20 15 87.5 83.65
2024_0412_18:50:21 15 61.475 82.35
2024_0412_18:50:22 15 37.85 38.4
2024_0412_18:50:46 15 37.625 92.175
2024_0412_18:51:03 15 43.55 44.225
2024_0412_18:51:11 15 90.25 92.625
2024_0412_18:51:58 15 1.025 -1.225
2024_0412_18:52:07 15 0.1 1.1
2024_0412_18:53:03 15 90.625 89.85
2024_0412_18:53:05 15 99.9 -49.925
2024_0412_18:53:08 15 -10.5 10.3
2024_0412_18:53:29 15 85.95 80.925
2024_0412_18:53:52 15 3.9 0.5
2024_0412_18:53:55 15 0.95 0.85
2024_0412_18:54:01 15 86.05 88.175
2024_0412_18:54:42 15 -17.5 28.55
2024_0412_18:55:04 15 90.525 90.525
2024_0412_18:55:06 15 0.875 -0.8
2024_0412_18:55:12 15 -0.4 1.725
2024_0412_18:55:32 15 8.625 -16.45
2024_0412_18:55:45 15 -1.325 -0.2
2024_0412_18:55:57 15 87.4 82.9
2024_0412_18:56:34 15 86.95 87.125
2024_0412_18:56:51 15 -0.275 -2.7
2024_0412_18:57:48 15 0.025 -1.05
2024_0412_18:57:51 15 -3.1 36.85
2024_0412_18:57:54 15 0.75 -0.675
2024_0412_18:58:17 15 65.225 69.275
2024_0412_18:58:35 15 -25.3 55.65
2024_0412_18:58:45 15 1.625 5.0
2024_0412_18:58:53 15 79.95 83.725
2024_0412_18:59:26 15 100.0 100.0
2024_0412_18:59:49 15 33.35 36.825
2024_0412_18:59:58 15 1.65 0.15
2024_0412_19:00:07 15 74.975 64.15
2024_0412_19:00:16 15 0.775 -1.675
2024_0412_19:00:29 15 49.95 -99.9
2024_0412_19:00:40 15 -1.275 0.725
2024_0412_19:01:11 15 97.675 -37.625
2024_0412_19:01:40 15 0.75 0.975
2024_0412_19:02:31 15 2.15 1.475
2024_0412_19:02:38 15 84.825 68.35
2024_0412_19:02:40 15 82.55 44.475
2024_0412_19:03:01 15 3.725 0.45
2024_0412_19:03:21 15 84.05 82.675
2024_0412_19:03:33 15 41.3 39.875
2024_0412_19:04:14 15 75.95 76.475
2024_0412_19:04:39 15 85.45 40.075
2024_0412_19:04:43 15 -0.6 -0.25
2024_0412_19:04:59 15 1.825 -3.425
2024_0412_19:05:05 15 0.75 -0.075
2024_0412_19:05:16 15 0.0 0.05
2024_0412_19:05:27 15 33.1 -32.95
2024_0412_19:05:48 15 26.525 -26.65
2024_0412_19:06:06 15 -16.725 16.675
2024_0412_19:06:31 15 86.3 82.35
2024_0412_19:07:27 15 -2.4 1.725
2024_0412_19:07:33 15 89.4 75.25
2024_0412_19:07:46 15 91.0 91.575
2024_0412_19:08:03 15 -0.85 -3.325
2024_0412_19:08:22 15 -12.3 8.625
2024_0412_19:09:14 15 -1.125 1.125
2024_0412_19:09:32 15 85.875 87.15
2024_0412_19:09:34 15 -1.425 0.475
2024_0412_19:09:48 15 -0.15 0.925
2024_0412_19:09:56 15 -9.9 12.85
2024_0412_19:09:59 15 0.225 -1.45
2024_0412_19:10:00 15 37.775 85.3
2024_0412_19:10:22 15 36.4 5.875
2024_0412_19:10:29 15 87.05 39.975
2024_0412_19:11:25 15 43.725 -4.125
2024_0412_19:12:18 15 84.8 85.075
2024_0412_19:12:27 15 89.625 91.125
2024_0412_19:12:37 15 0.825 3.325
2024_0412_19:12:42 15 -3.5 -0.725
2024_0412_19:13:11 15 3.65 8.4
2024_0412_19:13:51 15 82.725 87.8
2024_0412_19:13:57 15 -19.125 19.0
2024_0412_19:14:20 15 15.05 14.65
2024_0412_19:14:24 15 2.55 -1.075
2024_0412_19:14:37 15 -1.1 -0.75
2024_0412_19:14:42 15 0.85 -0.875
2024_0412_19:14:49 15 1.05 0.025
2024_0412_19:14:52 15 88.425 77.3
2024_0412_19:15:11 15 85.975 83.05
2024_0412_19:15:12 15 -1.725 -0.25
2024_0412_19:16:09 15 0.025 -1.925
2024_0412_19:17:03 15 4.15 -3.65
2024_0412_19:17:15 15 86.05 68.55
2024_0412_19:17:17 15 1.375 1.375
2024_0412_19:17:22 15 99.95 -49.95
2024_0412_19:17:56 15 2.8 -1.65
2024_0412_19:18:40 15 83.35 84.75
2024_0412_19:18:41 15 85.825 83.0
2024_0412_19:19:05 15 3.1 0.6
2024_0412_19:19:11 15 1.05 6.35
2024_0412_19:19:22 16 84.875 86.475
2024_0412_19:19:27 16 86.4 37.9
2024_0412_19:19:38 16 6.275 13.4
2024_0412_19:19:42 16 91.275 90.65
2024_0412_19:19:50 16 21.325 -22.25
2024_0412_19:20:03 16 0.05 0.95
2024_0412_19:20:54 16 -1.075 -2.525
2024_0412_19:21:46 16 -9.5 10.35
2024_0412_19:21:59 16 27.575 -3.15
2024_0412_19:22:03 16 91.775 91.325
2024_0412_19:22:06 16 19.75 -15.3
2024_0412_19:22:46 16 84.95 82.875
2024_0412_19:23:25 16 51.075 -14.65
2024_0412_19:23:49 16 16.9 -19.5
2024_0412_19:23:57 16 87.175 88.15
2024_0412_19:24:03 16 10.925 83.575
2024_0412_19:24:08 16 82.525 88.05
2024_0412_19:24:16 16 38.475 18.2
2024_0412_19:24:22 16 -0.375 3.6
2024_0412_19:24:26 16 17.075 -16.95
2024_0412_19:24:28 16 19.175 55.425
2024_0412_19:24:50 16 93.95 90.65
2024_0412_19:25:40 16 1.125 1.275
2024_0412_19:26:28 16 -0.65 -1.125
2024_0412_19:26:43 16 92.95 91.55
2024_0412_19:26:45 16 -0.95 -0.1
2024_0412_19:26:53 16 39.35 83.725
2024_0412_19:27:36 16 77.975 82.525
2024_0412_19:28:06 16 88.05 86.5
2024_0412_19:28:38 16 14.875 -14.875
2024_0412_19:28:40 16 1.45 -1.75
2024_0412_19:28:51 16 17.2 -16.75
2024_0412_19:28:53 16 92.775 89.625
2024_0412_19:29:00 16 -40.125 54.375
2024_0412_19:29:03 16 -10.05 8.7
2024_0412_19:29:07 16 83.425 82.85
2024_0412_19:29:17 16 -1.3 5.15
2024_0412_19:29:38 16 -0.9 0.075
2024_0412_19:30:22 16 -6.225 -0.9
2024_0412_19:31:22 16 2.175 0.525
2024_0412_19:31:23 16 -0.55 -0.4
2024_0412_19:31:29 16 10.575 -10.975
2024_0412_19:31:38 16 77.15 86.025
2024_0412_19:32:19 16 1.15 1.55
2024_0412_19:32:52 16 90.05 45.45
2024_0412_19:33:21 16 11.075 9.35
2024_0412_19:33:26 16 0.175 -2.25
2024_0412_19:33:38 16 69.175 71.05
2024_0412_19:33:39 16 91.325 90.425
2024_0412_19:33:45 16 -1.95 21.375
2024_0412_19:33:45 16 85.5 84.175
2024_0412_19:33:46 16 0.05 0.85
2024_0412_19:34:02 16 -1.025 0.5
2024_0412_19:34:24 16 89.15 77.025
2024_0412_19:35:08 16 72.85 70.725
2024_0412_19:36:09 16 -3.4 -1.325
2024_0412_19:36:09 16 82.0 39.125
2024_0412_19:36:11 16 -2.05 -0.05
2024_0412_19:36:23 16 91.7 90.425
2024_0412_19:37:09 16 -10.35 10.075
2024_0412_19:37:42 16 76.05 37.075
2024_0412_19:38:08 16 70.3 85.0
2024_0412_19:38:13 16 90.525 91.95
2024_0412_19:38:27 16 31.75 76.65
2024_0412_19:38:28 16 66.1 49.825
2024_0412_19:38:29 16 29.525 5.9
2024_0412_19:38:31 16 1.05 1.475
2024_0412_19:38:32 16 -3.35 -2.65
2024_0412_19:38:47 16 36.65 85.125
2024_0412_19:39:12 16 92.5 91.675
2024_0412_19:39:54 16 30.075 -17.725
2024_0412_19:40:46 16 25.0 -24.975
2024_0412_19:40:56 16 22.0 23.375
2024_0412_19:41:03 16 91.475 90.575
2024_0412_19:41:58 16 90.95 90.175
2024_0412_19:42:33 16 38.25 79.725
2024_0412_19:42:58 16 34.325 87.55
2024_0412_19:43:11 16 1.1 1.6
2024_0412_19:43:12 16 -4.9 18.825
2024_0412_19:43:13 16 91.6 90.525
2024_0412_19:43:15 16 -0.625 -2.075
2024_0412_19:43:19 16 86.75 79.525
2024_0412_19:43:20 16 92.7 88.625
2024_0412_19:43:22 16 85.75 88.775
2024_0412_19:43:40 16 90.925 89.825
2024_0412_19:44:06 16 9.825 -10.225
2024_0412_19:44:40 16 0.975 0.35
2024_0412_19:45:20 16 49.975 49.95
2024_0412_19:45:44 16 0.125 0.425
2024_0412_19:46:44 16 1.65 0.725
2024_0412_19:47:20 16 -0.7 -1.4
2024_0412_19:47:55 16 -13.475 7.75
2024_0412_19:47:56 16 84.35 89.125
2024_0412_19:47:58 16 -15.1 19.825
2024_0412_19:48:03 16 -49.975 -99.95
2024_0412_19:48:09 16 84.725 86.125
2024_0412_19:48:13 16 51.825 24.55
2024_0412_19:48:25 16 92.4 92.575
2024_0412_19:48:57 16 0.2 2.4
2024_0412_19:49:22 16 15.575 15.55
2024_0412_19:49:28 16 84.525 87.325
2024_0412_19:50:02 16 2.4 -1.825
2024_0412_19:50:23 16 54.575 53.85
2024_0412_19:50:30 16 -4.875 26.15
2024_0412_19:51:27 16 6.275 7.3
2024_0412_19:52:07 16 13.325 -0.8
2024_0412_19:52:24 16 -49.975 49.975
2024_0412_19:52:38 16 12.025 13.125
2024_0412_19:52:39 16 1.275 2.225
2024_0412_19:52:49 16 46.275 90.225
2024_0412_19:52:50 16 -4.45 -3.3
2024_0412_19:52:57 16 99.95 49.975
2024_0412_19:53:10 16 0.475 40.15
2024_0412_19:53:45 16 88.675 87.625
2024_0412_19:54:17 16 35.225 -34.675
2024_0412_19:54:18 16 90.7 91.95
2024_0412_19:54:45 16 70.975 70.0
2024_0412_19:55:10 16 43.1 -8.2
2024_0412_19:56:13 16 -0.125 -1.55
2024_0412_19:56:23 16 0.35 -0.075
2024_0412_19:56:58 16 -8.175 11.075
2024_0412_19:57:13 16 1.675 2.825
2024_0412_19:57:23 16 -1.425 1.475
2024_0412_19:57:28 16 -4.025 -0.775
2024_0412_19:57:31 16 91.075 91.95
2024_0412_19:57:38 16 2.8 -0.3
2024_0412_19:57:47 16 5.225 0.425
2024_0412_19:57:49 17 92.35 90.95
2024_0412_19:57:55 17 -2.15 9.15
2024_0412_19:58:35 17 -1.775 25.325
2024_0412_19:59:10 17 91.175 90.925
2024_0412_19:59:16 17 85.7 86.575
2024_0412_19:59:32 17 85.8 84.875
2024_0412_19:59:57 17 18.725 56.05
2024_0412_20:01:00 17 -1.375 -2.5
2024_0412_20:01:14 17 57.9 39.975
2024_0412_20:02:01 17 0.625 -0.05
2024_0412_20:02:01 17 0.725 -0.075
2024_0412_20:02:05 17 9.075 2.475
2024_0412_20:02:11 17 86.05 71.6
2024_0412_20:02:14 17 -0.4 -0.425
2024_0412_20:02:23 17 11.725 8.225
2024_0412_20:02:34 17 39.3 -39.925
2024_0412_20:02:39 17 0.925 -0.5
2024_0412_20:02:43 17 91.5 91.55
2024_0412_20:03:19 17 -2.3 0.55
2024_0412_20:03:58 17 1.425 0.825
2024_0412_20:04:00 17 -1.65 0.025
2024_0412_20:04:19 17 85.925 82.275
2024_0412_20:04:41 17 2.325 1.4
2024_0412_20:05:46 17 38.025 37.225
2024_0412_20:06:01 17 9.9 56.25
2024_0412_20:06:43 17 -48.625 49.7
2024_0412_20:06:43 17 -5.475 7.325
2024_0412_20:06:44 17 0.65 0.9
2024_0412_20:06:54 17 -21.2 53.2
2024_0412_20:06:58 17 2.45 9.225
2024_0412_20:07:09 17 10.725 9.3
2024_0412_20:07:21 17 39.3 -39.525
2024_0412_20:07:25 17 84.9 85.0
2024_0412_20:07:30 17 46.375 72.2
2024_0412_20:08:06 17 15.725 4.975
2024_0412_20:08:45 17 -0.5 1.6
2024_0412_20:08:50 17 84.75 77.2
2024_0412_20:09:05 17 77.575 77.0
2024_0412_20:09:29 17 27.925 32.925
2024_0412_20:10:33 17 90.775 90.45
2024_0412_20:10:52 17 -6.9 7.425
2024_0412_20:11:23 17 84.5 81.8
2024_0412_20:11:30 17 67.775 70.825
2024_0412_20:11:38 17 -0.325 1.825
2024_0412_20:11:40 17 76.825 64.325
2024_0412_20:11:45 17 92.05 92.125
2024_0412_20:11:55 17 83.4 66.475
2024_0412_20:12:10 17 64.275 67.35
2024_0412_20:12:11 17 -8.35 25.3
2024_0412_20:12:16 17 6.325 -2.225
2024_0412_20:12:48 17 23.4 20.125
2024_0412_20:13:29 17 -0.475 -1.675
2024_0412_20:13:34 17 83.6 88.5
2024_0412_20:13:51 17 1.65 -1.775
2024_0412_20:14:18 17 -10.15 25.575
2024_0412_20:15:38 17 82.0 84.325
2024_0412_20:15:42 17 65.6 82.55
2024_0412_20:16:11 17 10.05 -10.5
2024_0412_20:16:20 17 4.6 -2.3
2024_0412_20:16:20 17 -2.025 -0.2
2024_0412_20:16:29 17 68.075 65.95
2024_0412_20:16:40 17 15.225 15.225
2024_0412_20:16:56 17 -50.05 -49.925
2024_0412_20:16:59 17 92.0 91.775
2024_0412_20:17:03 17 7.5 41.625
2024_0412_20:17:32 17 53.35 85.9
2024_0412_20:18:15 17 0.425 -1.75
2024_0412_20:18:17 17 89.125 90.025
2024_0412_20:18:21 17 -19.25 7.875
2024_0412_20:18:41 17 17.275 -2.55
2024_0412_20:19:04 17 -0.025 3.675
2024_0412_20:20:23 17 8.0 6.05
2024_0412_20:20:55 17 71.275 86.95
2024_0412_20:21:07 17 71.125 72.925
2024_0412_20:21:14 17 34.75 14.075
2024_0412_20:21:26 17 1.35 -1.35
2024_0412_20:21:40 17 66.45 71.75
2024_0412_20:21:42 17 1.275 1.15
2024_0412_20:21:50 17 -3.325 0.325
2024_0412_20:22:17 17 -19.225 19.0
2024_0412_20:22:59 17 1.375 -0.3
2024_0412_20:23:03 17 85.45 85.425
2024_0412_20:23:18 17 0.2 2.75
2024_0412_20:23:46 17 86.35 82.75
2024_0412_20:23:48 17 6.0 8.325
2024_0412_20:23:51 17 85.325 87.85
2024_0412_20:24:38 17 9.1 -8.975
2024_0412_20:25:07 17 -10.0 9.725
2024_0412_20:25:38 17 4.425 -0.75
2024_0412_20:25:52 17 -8.925 9.0
2024_0412_20:26:01 17 14.825 -11.175
2024_0412_20:26:12 17 -0.2 0.075
2024_0412_20:26:29 17 91.075 91.925
2024_0412_20:26:33 17 -5.925 6.15
2024_0412_20:26:33 17 1.675 1.825
2024_0412_20:27:03 17 0.8 -3.325
2024_0412_20:27:46 17 0.675 0.025
2024_0412_20:27:52 17 53.35 79.775
2024_0412_20:28:01 17 85.025 87.5
2024_0412_20:28:34 17 0.125 0.0
2024_0412_20:28:36 17 -11.275 10.1
2024_0412_20:28:40 17 0.15 -3.575
2024_0412_20:29:18 17 -24.825 22.6
2024_0412_20:30:01 17 75.375 87.05
2024_0412_20:30:37 17 -0.225 1.325
2024_0412_20:30:39 17 -2.25 1.8
2024_0412_20:30:57 17 0.925 -0.7
2024_0412_20:31:12 17 5.775 -1.0
2024_0412_20:31:22 17 -11.95 9.725
2024_0412_20:31:49 17 2.625 -0.05
2024_0412_20:32:36 17 24.25 43.075
2024_0412_20:32:39 17 2.625 -3.575
2024_0412_20:32:58 17 14.825 16.075
2024_0412_20:33:20 17 -11.125 15.6
2024_0412_20:33:21 17 39.475 84.925
2024_0412_20:33:27 17 -1.35 0.15
2024_0412_20:33:53 17 -2.3 2.475
2024_0412_20:33:59 17 0.775 1.525
2024_0412_20:34:49 17 1.875 -0.475
2024_0412_20:35:24 17 -1.9 1.1
2024_0412_20:35:39 17 88.1 40.8
2024_0412_20:35:57 17 0.875 1.9
2024_0412_20:36:04 17 -0.925 -0.85
2024_0412_20:36:05 17 10.875 9.875
2024_0412_20:36:34 17 66.95 84.5
2024_0412_20:37:18 17 -1.825 -1.9
2024_0412_20:37:25 17 36.475 12.45
2024_0412_20:37:35 17 -0.575 0.4
2024_0412_20:38:04 17 -0.2 -0.675
2024_0412_20:38:06 17 -2.9 6.15
2024_0412_20:38:09 17 90.3 38.225
2024_0412_20:38:19 17 2.25 0.25
2024_0412_20:38:41 17 87.325 88.425
2024_0412_20:39:37 17 18.95 -3.85
2024_0412_20:40:14 17 14.375 -8.25
2024_0412_20:40:31 17 50.7 -51.475
2024_0412_20:40:44 17 90.425 91.65
2024_0412_20:40:54 17 84.15 86.775
2024_0412_20:40:56 17 -10.3 2.85
2024_0412_20:41:29 17 46.5 -16.125
2024_0412_20:42:06 17 -0.625 -0.125
2024_0412_20:42:23 17 37.425 77.875
2024_0412_20:42:25 17 16.2 14.25
2024_0412_20:42:50 17 0.625 0.925
2024_0412_20:42:53 17 51.15 77.275
2024_0412_20:43:12 17 0.325 0.575
2024_0412_20:43:34 18 -16.1 17.6
2024_0412_20:44:28 18 49.975 49.975
2024_0412_20:44:33 18 -39.575 41.2
2024_0412_20:44:42 18 47.45 -47.625
2024_0412_20:45:10 18 91.95 91.85
2024_0412_20:45:25 18 -2.1 5.275
2024_0412_20:45:27 18 86.35 61.8
2024_0412_20:45:52 18 3.95 11.35
2024_0412_20:45:53 18 19.95 37.925
2024_0412_20:46:22 18 32.2 -13.925
2024_0412_20:47:00 18 86.225 38.725
2024_0412_20:47:09 18 49.05 -3.3
2024_0412_20:47:18 18 80.625 81.525
2024_0412_20:47:30 18 2.725 18.2
2024_0412_20:47:37 18 1.725 -1.075
2024_0412_20:48:02 18 1.475 0.975
2024_0412_20:48:24 18 0.125 0.575
2024_0412_20:49:20 18 4.025 5.325
2024_0412_20:49:30 18 20.9 7.8
2024_0412_20:49:31 18 92.5 91.225
2024_0412_20:49:59 18 71.275 83.5
2024_0412_20:50:13 18 7.525 -1.35
2024_0412_20:50:16 18 -8.025 27.275
2024_0412_20:50:36 18 2.875 -0.125
2024_0412_20:50:38 18 84.95 87.35
2024_0412_20:51:09 18 65.15 47.15
2024_0412_20:51:45 18 -3.25 -1.525
2024_0412_20:51:52 18 93.8 89.875
2024_0412_20:52:02 18 -0.425 0.6
2024_0412_20:52:15 18 87.25 86.225
2024_0412_20:52:19 18 -7.1 26.3
2024_0412_20:52:51 18 -0.375 1.325
2024_0412_20:53:09 18 -11.0 9.75
2024_0412_20:54:07 18 1.4 -3.825
2024_0412_20:54:20 18 80.025 87.0
2024_0412_20:54:20 18 82.35 78.875
2024_0412_20:54:43 18 0.9 2.475
2024_0412_20:55:01 18 12.75 -9.8
2024_0412_20:55:03 18 -0.95 0.725
2024_0412_20:55:27 18 88.2 66.525
2024_0412_20:55:58 18 -4.75 4.95
2024_0412_20:56:30 18 -0.7 2.85
2024_0412_20:56:38 18 52.3 -3.65
2024_0412_20:56:57 18 87.1 86.675
2024_0412_20:57:04 18 -1.0 10.7
2024_0412_20:57:46 18 -0.4 3.15
2024_0412_20:57:54 18 61.6 -0.825
2024_0412_20:58:46 18 37.125 38.5
2024_0412_20:59:05 18 -1.15 -1.775
2024_0412_20:59:09 18 1.825 0.4
2024_0412_20:59:29 18 92.7 92.0
2024_0412_20:59:47 18 39.9 37.725
2024_0412_20:59:51 18 86.55 38.725
2024_0412_21:00:09 18 -1.4 0.35
2024_0412_21:00:15 18 9.025 -3.625
2024_0412_21:00:44 18 -4.55 46.675
2024_0412_21:00:57 18 2.725 -1.45
2024_0412_21:01:16 18 24.4 12.55
2024_0412_21:01:25 18 1.5 27.45
2024_0412_21:01:42 18 -1.225 1.1
2024_0412_21:01:50 18 32.325 52.075
2024_0412_21:02:31 18 -33.225 46.1
2024_0412_21:02:38 18 -4.5 20.35
2024_0412_21:03:29 18 39.975 37.875
2024_0412_21:03:48 18 99.975 49.9
2024_0412_21:04:13 18 -0.2 0.025
2024_0412_21:04:33 18 0.375 -0.325
2024_0412_21:04:40 18 89.45 88.4
2024_0412_21:04:42 18 -37.225 38.025
2024_0412_21:04:48 18 93.4 88.85
2024_0412_21:04:57 18 -0.025 1.3
2024_0412_21:05:29 18 19.0 27.05
2024_0412_21:05:41 18 79.425 52.7
2024_0412_21:06:01 18 86.975 87.65
2024_0412_21:06:17 18 87.8 52.125
2024_0412_21:06:31 18 22.875 56.9
2024_0412_21:06:36 18 -18.8 20.625
2024_0412_21:07:15 18 -13.05 11.675
2024_0412_21:07:17 18 -1.95 1.625
2024_0412_21:08:09 18 91.275 91.7
2024_0412_21:08:44 18 43.3 93.3
2024_0412_21:09:19 18 90.725 91.725
2024_0412_21:09:25 18 0.05 1.4
2024_0412_21:09:33 18 -0.4 2.225
2024_0412_21:09:41 18 91.05 90.35
2024_0412_21:10:14 18 3.7 10.325
2024_0412_21:10:22 18 -11.775 14.7
2024_0412_21:10:49 18 86.525 83.025
2024_0412_21:11:16 18 11.35 14.375
2024_0412_21:11:24 18 -1.55 1.55
2024_0412_21:11:25 18 1.125 1.35
2024_0412_21:12:00 18 -1.425 2.85
2024_0412_21:12:02 18 39.075 51.475
2024_0412_21:12:20 18 -1.75 18.075
2024_0412_21:12:50 18 99.85 0.0
2024_0412_21:13:31 18 80.725 82.5
2024_0412_21:13:43 18 85.925 83.1
2024_0412_21:14:04 18 75.65 75.925
2024_0412_21:14:16 18 90.75 90.875
2024_0412_21:14:19 18 25.2 -4.975
2024_0412_21:14:27 18 0.075 -0.4
2024_0412_21:15:00 18 -23.35 47.75
2024_0412_21:15:26 18 -0.075 5.65
2024_0412_21:15:44 18 10.4 8.575
2024_0412_21:16:02 18 3.6 -1.1
2024_0412_21:16:02 18 -0.6 -3.05
2024_0412_21:16:08 18 10.375 -8.35
2024_0412_21:16:47 18 83.55 84.45
2024_0412_21:16:52 18 82.55 87.95
2024_0412_21:17:07 18 -0.1 5.425
2024_0412_21:17:41 18 88.85 82.425
2024_0412_21:18:14 18 -0.85 3.525
2024_0412_21:18:28 18 11.1 7.25
2024_0412_21:18:57 18 91.975 92.3
2024_0412_21:19:01 18 52.075 53.925
2024_0412_21:19:09 18 78.8 87.45
2024_0412_21:19:11 18 49.9 -99.9
2024_0412_21:19:45 18 17.125 23.4
2024_0412_21:20:11 18 4.25 6.1
2024_0412_21:20:27 18 50.025 -49.95
2024_0412_21:20:46 18 84.675 84.5
2024_0412_21:20:53 18 -3.425 2.325
2024_0412_21:20:57 18 80.825 70.425
2024_0412_21:21:31 18 10.0 -7.525
2024_0412_21:21:33 18 -0.3 -1.35
2024_0412_21:21:53 18 0.25 -2.6
2024_0412_21:22:28 18 0.9 0.65
2024_0412_21:22:58 18 -0.525 1.675
2024_0412_21:23:14 18 15.5 -5.75
2024_0412_21:23:42 18 84.85 83.2
2024_0412_21:23:52 18 68.875 82.85
2024_0412_21:23:54 18 -4.25 -1.25
2024_0412_21:24:00 18 28.15 -2.1
2024_0412_21:24:30 18 -1.125 -0.725
2024_0412_21:24:56 18 -1.675 0.7
2024_0412_21:25:12 18 3.75 5.75
2024_0412_21:25:25 18 -1.95 2.0
2024_0412_21:25:40 18 54.525 51.45
2024_0412_21:25:44 18 0.175 -0.625
2024_0412_21:26:20 18 83.05 88.775
2024_0412_21:26:32 18 -0.5 1.525
2024_0412_21:26:41 18 87.825 87.9
2024_0412_21:27:11 18 92.025 90.3
2024_0412_21:27:45 18 91.275 90.475
2024_0412_21:27:59 18 -6.875 6.575
2024_0412_21:28:29 18 85.45 85.325
2024_0412_21:28:35 18 10.35 -10.95
2024_0412_21:28:37 18 92.3 89.525
2024_0412_21:28:45 18 6.95 3.775
2024_0412_21:29:14 18 2.4 -0.025
2024_0412_21:29:55 18 0.225 -0.55
2024_0412_21:30:02 18 -7.05 40.175
2024_0412_21:30:26 18 16.025 16.75
2024_0412_21:30:33 18 41.75 1.75
2024_0412_21:31:16 18 -12.175 8.55
2024_0412_21:31:27 18 -0.825 2.7
2024_0412_21:31:56 18 -4.725 45.5
2024_0412_21:32:29 18 10.425 -9.05
2024_0412_21:32:46 18 89.025 82.15
2024_0412_21:33:12 18 2.625 5.925
2024_0412_21:33:19 19 90.35 92.075
2024_0412_21:33:21 19 0.675 0.35
2024_0412_21:33:35 19 86.9 84.025
2024_0412_21:33:56 19 -3.65 1.2
2024_0412_21:33:58 19 -1.925 -0.9
2024_0412_21:34:39 19 11.4 -4.525
2024_0412_21:34:48 19 1.025 -0.975
2024_0412_21:34:52 19 73.95 86.775
2024_0412_21:35:20 19 -14.275 12.75
2024_0412_21:35:23 19 93.6 41.875
2024_0412_21:36:05 19 -1.675 -3.325
2024_0412_21:36:13 19 88.6 40.475
2024_0412_21:36:44 19 87.325 81.3
2024_0412_21:37:20 19 89.375 39.95
2024_0412_21:37:53 19 -2.425 1.3
2024_0412_21:38:05 19 85.85 88.4
2024_0412_21:38:08 19 1.375 16.175
2024_0412_21:38:19 19 0.1 1.075
2024_0412_21:38:40 19 0.375 3.0
2024_0412_21:38:43 19 -0.925 0.325
2024_0412_21:39:23 19 3.875 0.95
2024_0412_21:39:29 19 -11.55 9.325
2024_0412_21:39:36 19 3.5 2.55
2024_0412_21:40:05 19 -1.05 1.55
2024_0412_21:40:10 19 -0.15 -1.2
2024_0412_21:40:53 19 84.05 71.05
2024_0412_21:40:59 19 1.275 0.35
2024_0412_21:41:36 19 44.9 84.825
2024_0412_21:42:16 19 -0.575 -0.775
2024_0412_21:42:44 19 46.05 42.8
2024_0412_21:42:49 19 -0.85 1.925
2024_0412_21:42:52 19 -0.15 0.15
2024_0412_21:43:08 19 0.175 -1.15
2024_0412_21:43:09 19 89.075 -2.25
2024_0412_21:43:27 19 8.825 4.35
2024_0412_21:44:14 19 13.475 -14.55
2024_0412_21:44:24 19 31.6 5.075
2024_0412_21:44:55 19 47.825 56.325
2024_0412_21:45:00 19 2.475 -0.75
2024_0412_21:45:08 19 4.1 -0.325
2024_0412_21:45:46 19 -0.975 -0.975
2024_0412_21:46:13 19 -3.95 -2.825
2024_0412_21:46:48 19 -0.175 -0.725
2024_0412_21:47:34 19 0.425 -1.075
2024_0412_21:47:38 19 9.8 -7.425
2024_0412_21:47:44 19 0.925 3.95
2024_0412_21:47:54 19 4.325 -1.675
2024_0412_21:48:00 19 92.8 90.9
2024_0412_21:48:22 19 17.775 -12.1
2024_0412_21:48:57 19 15.525 -17.4
2024_0412_21:48:58 19 32.725 32.275
2024_0412_21:49:09 19 -0.6 -2.15
2024_0412_21:49:40 19 4.1 13.025
2024_0412_21:49:46 19 2.5 -0.1
2024_0412_21:50:00 19 -14.575 22.525
2024_0412_21:50:34 19 82.875 68.75
2024_0412_21:50:46 19 -2.75 -3.0
2024_0412_21:50:52 19 -0.25 32.4
2024_0412_21:51:39 19 85.825 87.5
2024_0412_21:52:18 19 72.825 49.75
2024_0412_21:52:24 19 0.275 -0.225
2024_0412_21:52:41 19 -2.075 1.0
2024_0412_21:52:44 19 39.925 85.2
2024_0412_21:53:00 19 20.675 -16.65
2024_0412_21:53:09 19 90.025 87.3
2024_0412_21:53:43 19 4.675 9.725
2024_0412_21:53:44 19 4.625 0.775
2024_0412_21:54:27 19 -12.125 13.9
2024_0412_21:54:31 19 38.2 39.25
2024_0412_21:54:51 19 89.75 86.625
2024_0412_21:55:23 19 0.05 -1.2
2024_0412_21:55:30 19 -0.675 -0.625
2024_0412_21:55:32 19 87.3 36.725
2024_0412_21:56:29 19 0.475 0.175
2024_0412_21:57:03 19 -49.975 49.9
2024_0412_21:57:10 19 -3.7 8.375
2024_0412_21:57:24 19 0.8 -0.6
2024_0412_21:57:31 19 1.675 0.85
2024_0412_21:57:36 19 -1.925 -1.675
2024_0412_21:57:54 19 49.65 -49.025
2024_0412_21:58:28 19 0.675 1.375
2024_0412_21:58:30 20 40.15 39.25
2024_0412_21:59:15 20 12.8 39.725
2024_0412_21:59:27 20 60.15 68.025
2024_0412_21:59:34 20 49.975 -49.975
2024_0412_22:00:09 20 0.25 1.875
2024_0412_22:00:12 20 -0.6 1.125
2024_0412_22:00:20 20 11.625 42.0
2024_0412_22:01:12 20 99.9 -99.975
2024_0412_22:01:37 20 -9.375 23.05
2024_0412_22:01:51 20 -5.125 10.375
2024_0412_22:01:55 20 11.625 2.225
2024_0412_22:02:13 20 0.175 5.325
2024_0412_22:02:23 20 86.425 88.625
2024_0412_22:02:23 20 -1.1 -0.85
2024_0412_22:02:39 20 8.125 5.575
2024_0412_22:03:26 20 42.875 62.575
2024_0412_22:03:52 20 26.225 31.575
2024_0412_22:04:14 20 85.825 86.875
2024_0412_22:04:20 20 1.75 -2.3
2024_0412_22:04:27 20 89.775 93.6
2024_0412_22:04:55 20 -0.725 -2.3
2024_0412_22:04:58 20 2.8 1.575
2024_0412_22:05:05 20 -10.575 11.75
2024_0412_22:06:28 20 78.775 1.275
2024_0412_22:06:39 20 1.125 -0.65
2024_0412_22:06:40 20 9.1 -9.775
2024_0412_22:07:00 20 85.95 87.525
2024_0412_22:07:10 20 0.05 0.05
2024_0412_22:07:12 20 9.825 -19.075
2024_0412_22:08:15 20 78.15 84.65
2024_0412_22:08:35 20 88.15 86.4
2024_0412_22:09:01 20 1.475 -1.025
2024_0412_22:09:14 20 -14.05 14.725
2024_0412_22:09:15 20 2.175 -2.875
2024_0412_22:09:44 20 79.25 86.25
2024_0412_22:09:50 20 0.65 0.725
2024_0412_22:09:51 20 87.5 86.95
2024_0412_22:10:15 20 91.425 91.525
2024_0412_22:10:33 20 -49.975 99.95
2024_0412_22:11:18 20 2.8 -3.5
2024_0412_22:11:23 20 50.35 -49.55
2024_0412_22:11:26 20 -3.275 4.825
2024_0412_22:11:44 20 -2.1 0.9
2024_0412_22:11:57 20 -4.0 -1.1
2024_0412_22:11:59 20 89.775 90.075
2024_0412_22:13:04 20 33.3 22.025
2024_0412_22:13:29 20 23.45 35.975
2024_0412_22:13:49 20 92.4 89.55
2024_0412_22:13:52 20 11.45 11.975
2024_0412_22:14:02 20 85.45 85.725
2024_0412_22:14:35 20 82.275 85.825
2024_0412_22:14:40 20 11.15 11.5
2024_0412_22:14:41 20 -10.475 51.15
2024_0412_22:15:02 20 -0.8 46.75
2024_0412_22:15:23 20 -1.325 1.0
2024_0412_22:16:07 20 -1.25 -1.7
2024_0412_22:16:14 20 86.45 72.2
2024_0412_22:16:15 20 35.25 31.125
2024_0412_22:16:39 20 99.775 49.9
2024_0412_22:16:44 20 11.3 9.875
2024_0412_22:16:57 20 75.675 60.25
2024_0412_22:17:48 20 -20.45 18.975
2024_0412_22:18:15 20 47.225 27.725
2024_0412_22:18:34 20 12.925 -16.15
2024_0412_22:18:39 20 -9.15 8.75
2024_0412_22:18:51 20 21.425 -8.65
2024_0412_22:19:29 20 -1.25 -2.675
2024_0412_22:19:29 20 60.025 83.45
2024_0412_22:20:00 20 0.175 -0.05
2024_0412_22:20:09 20 85.9 86.225
2024_0412_22:20:12 20 88.925 87.1
2024_0412_22:20:59 20 91.45 90.85
2024_0412_22:21:03 20 -0.325 0.4
2024_0412_22:21:05 20 -11.95 94.2
2024_0412_22:21:29 20 82.375 16.85
2024_0412_22:21:32 20 -0.5 -0.6
2024_0412_22:21:43 20 49.975 -49.975
2024_0412_22:22:37 20 42.8 93.425
2024_0412_22:23:02 20 40.2 -39.7
2024_0412_22:23:26 20 66.725 76.15
2024_0412_22:23:27 20 50.325 42.2
2024_0412_22:23:36 20 2.475 0.15
2024_0412_22:24:12 20 -0.075 1.975
2024_0412_22:24:17 20 0.5 0.225
2024_0412_22:24:48 20 42.1 92.8
2024_0412_22:24:57 20 26.5 -21.05
2024_0412_22:25:07 20 0.6 -0.675
2024_0412_22:25:48 20 8.325 36.075
2024_0412_22:25:51 20 48.025 -3.375
2024_0412_22:25:52 20 8.475 -8.225
2024_0412_22:26:10 20 -16.675 24.075
2024_0412_22:26:32 20 45.425 24.275
2024_0412_22:27:19 20 -28.55 34.15
2024_0412_22:27:47 20 0.825 -0.55
2024_0412_22:28:11 20 85.625 79.175
2024_0412_22:28:16 20 -0.1 -0.55
2024_0412_22:28:24 20 -0.125 1.175
2024_0412_22:29:01 20 5.0 10.65
2024_0412_22:29:03 20 46.975 -5.25
2024_0412_22:29:31 3 87.225 87.45
2024_0412_22:29:42 5 91.25 91.425
2024_0412_22:29:53 9 89.55 89.0
2024_0412_22:30:33 13 -0.75 -5.35
2024_0412_22:30:34 13 90.825 91.1
2024_0412_22:30:35 13 -1.825 5.875
2024_0412_22:30:47 13 -1.525 0.925
2024_0412_22:31:13 13 0.95 2.825
2024_0412_22:32:02 14 87.55 86.75
2024_0412_22:32:32 14 80.925 81.7
2024_0412_22:32:54 14 0.875 -0.7
2024_0412_22:33:00 14 37.325 84.175
2024_0412_22:33:08 14 83.225 85.825
2024_0412_22:33:45 15 90.45 92.45
2024_0412_22:33:47 15 -0.65 1.55
2024_0412_22:33:50 15 91.075 91.65
2024_0412_22:34:26 15 9.25 7.825
2024_0412_22:34:38 15 84.0 54.7
2024_0412_22:34:39 15 -0.925 0.95
2024_0412_22:35:20 15 1.675 2.575
2024_0412_22:35:20 15 27.325 31.35
2024_0412_22:35:21 15 -1.175 1.775
2024_0412_22:35:26 16 1.075 0.3
2024_0412_22:35:59 16 93.175 90.375
2024_0412_22:36:46 16 81.35 83.475
2024_0412_22:37:39 16 69.85 68.6
2024_0412_22:37:44 16 -8.65 7.45
2024_0412_22:37:55 16 -0.95 0.075
2024_0412_22:38:31 16 12.95 -8.925
2024_0412_22:38:37 17 40.925 39.125
2024_0412_22:39:11 17 -3.975 0.5
2024_0412_22:39:27 17 47.25 78.625
2024_0412_22:39:30 17 89.15 39.8
2024_0412_22:39:40 17 -0.275 3.15
2024_0412_22:40:01 17 -49.975 49.975
2024_0412_22:40:06 17 93.4 88.625
2024_0412_22:40:08 17 -0.7 0.025
2024_0412_22:40:11 17 87.825 75.35
2024_0412_22:40:48 17 58.075 65.75
2024_0412_22:41:32 17 91.375 91.5
2024_0412_22:42:24 17 5.85 -4.6
2024_0412_22:42:25 18 -49.975 49.975
2024_0412_22:42:50 18 78.75 83.5
2024_0412_22:42:54 18 0.625 -0.175
2024_0412_22:43:18 18 0.2 -0.9
2024_0412_22:43:25 18 0.55 1.75
2024_0412_22:43:56 18 2.0 1.85
2024_0412_22:44:11 18 48.8 -4.375
2024_0412_22:44:17 18 12.7 -11.8
2024_0412_22:44:25 18 -0.625 2.4
2024_0412_22:44:47 19 10.5 -10.175
2024_0412_22:44:48 18 86.625 86.45
2024_0412_22:44:54 19 23.05 -26.625
2024_0412_22:44:59 19 22.575 -4.1
2024_0412_22:45:42 19 86.6 87.425
2024_0412_22:46:16 19 -1.375 1.4
2024_0412_22:47:08 19 16.325 -13.65
2024_0412_22:47:13 19 0.45 0.85
2024_0412_22:47:37 19 -2.525 -0.875
2024_0412_22:47:42 19 88.35 88.125
2024_0412_22:48:05 19 -1.55 -1.25
2024_0412_22:48:05 19 21.225 8.325
2024_0412_22:48:39 19 46.45 -39.35
2024_0412_22:48:58 20 49.9 -49.925
2024_0412_22:49:05 20 2.15 -1.65
2024_0412_22:49:07 20 -99.95 -49.975
2024_0412_22:49:31 20 38.025 -37.85
2024_0412_22:49:35 20 0.575 1.5
2024_0412_22:49:40 20 -0.65 -1.025
2024_0412_22:49:40 20 0.55 -2.1
2024_0412_22:50:27 16 -0.15 -0.7
2024_0412_22:50:55 17 -10.5 10.2
