0.20683000000013646 0.11868500000004831 0.027855000000003193 0.006694999999999811 0.02275500000000163 0.021925000000001377 0.020545000000000955 0.020290000000000877 0.020255000000000866 0.007929999999999762 0.0439749999999993 0.03667500000000213 0.061654999999992445 0.05844999999999369 0.06654999999999617 0.050869999999996626 0.06415999999999378 0.06262999999999225 0.04189000000000011 0.03938000000000108 
2024_0412_09:36:05 6 98.644 98.717
2024_0412_09:36:05 1 98.583 98.683
2024_0412_09:36:06 10 97.904 98.938
2024_0412_09:36:07 11 -0.015 0.096
2024_0412_09:36:07 11 98.466 98.485
2024_0412_09:36:07 5 98.656 98.686
2024_0412_09:36:08 6 98.667 98.591
2024_0412_09:36:08 8 98.181 98.446
2024_0412_09:36:08 3 98.483 98.357
2024_0412_09:36:08 2 98.423 98.528
2024_0412_09:36:09 2 98.386 98.373
2024_0412_09:36:10 7 98.587 98.511
2024_0412_09:36:10 4 98.593 98.512
2024_0412_09:36:11 1 98.711 98.641
2024_0412_09:36:12 1 98.656 98.646
2024_0412_09:36:15 9 98.854 98.843
2024_0412_09:40:46 12 73.194 -3.807
2024_0412_09:40:46 13 10.49 9.443
2024_0412_09:40:48 14 98.109 98.464
2024_0412_09:40:50 15 -0.061 -0.122
2024_0412_09:40:50 13 -48.873 49.387
2024_0412_09:40:51 15 -0.218 0.645
2024_0412_09:40:52 20 0.051 -0.087
2024_0412_09:40:53 16 0.073 -0.189
2024_0412_09:40:53 18 -10.449 9.959
2024_0412_09:40:55 17 0.116 -0.182
2024_0412_09:40:59 17 -0.038 0.216
2024_0412_09:41:03 20 -0.26 -0.575
2024_0412_09:41:07 18 28.369 -24.896
2024_0412_09:42:18 19 23.33 17.26
2024_0412_09:46:58 11 0.021 -0.183
2024_0412_09:46:59 2 98.612 98.341
2024_0412_09:46:59 7 98.454 98.675
2024_0412_09:47:00 1 98.663 98.623
2024_0412_09:47:01 3 96.611 98.522
2024_0412_09:47:01 11 -0.314 -0.419
2024_0412_09:47:02 11 49.998 -49.997
2024_0412_09:47:02 11 0.154 0.239
2024_0412_09:47:03 11 98.356 98.493
2024_0412_09:47:03 8 98.392 98.363
2024_0412_09:47:03 6 98.668 98.57
2024_0412_09:47:04 5 98.61 98.727
2024_0412_09:47:07 4 98.233 95.965
2024_0412_09:47:08 10 98.556 98.711
2024_0412_09:47:09 9 98.659 98.713
2024_0412_09:47:09 11 -0.349 0.102
2024_0412_09:51:36 11 98.578 98.425
2024_0412_09:51:39 11 73.867 31.954
2024_0412_09:51:39 12 -17.001 16.739
2024_0412_09:51:42 11 97.032 98.995
2024_0412_09:51:44 13 21.379 73.702
2024_0412_09:51:45 13 98.459 98.516
2024_0412_09:51:46 16 -0.134 98.689
2024_0412_09:51:47 15 10.837 35.58
2024_0412_09:51:48 17 0.349 0.074
2024_0412_09:51:48 14 98.321 98.951
2024_0412_09:51:49 19 -0.264 -0.292
2024_0412_09:51:50 18 98.513 98.473
2024_0412_09:51:54 20 49.993 -49.993
2024_0412_09:51:55 20 98.998 98.777
2024_0412_09:56:32 7 70.96 98.608
2024_0412_09:56:36 12 -0.512 0.362
2024_0412_09:56:37 11 0.498 0.134
2024_0412_09:56:39 3 98.482 98.513
2024_0412_09:56:39 11 -0.313 -0.097
2024_0412_09:56:39 11 -0.123 0.114
2024_0412_09:56:39 2 81.219 98.456
2024_0412_09:56:40 12 97.974 98.193
2024_0412_09:56:40 5 98.677 98.643
2024_0412_09:56:40 8 98.476 98.502
2024_0412_09:56:41 1 98.623 98.717
2024_0412_09:56:43 6 98.613 98.689
2024_0412_09:56:44 12 98.667 98.592
2024_0412_09:56:44 4 98.354 98.175
2024_0412_09:56:45 10 98.818 98.342
2024_0412_09:56:46 9 98.778 98.902
2024_0412_10:01:12 13 96.253 98.448
2024_0412_10:01:18 13 10.629 -11.544
2024_0412_10:01:20 13 46.968 -2.753
2024_0412_10:01:22 15 98.33 98.743
2024_0412_10:01:22 14 0.249 -0.206
2024_0412_10:01:22 15 98.104 98.42
2024_0412_10:01:25 13 -45.931 50.625
2024_0412_10:01:27 16 -13.696 64.822
2024_0412_10:01:27 16 37.591 6.615
2024_0412_10:01:29 16 66.573 88.391
2024_0412_10:01:30 18 0.159 -0.227
2024_0412_10:01:32 17 48.194 98.053
2024_0412_10:01:32 18 -1.093 0.645
2024_0412_10:01:32 18 -72.417 72.224
2024_0412_10:01:33 18 -12.465 11.814
2024_0412_10:01:35 14 98.465 98.213
2024_0412_10:05:57 18 4.362 -2.899
2024_0412_10:06:00 19 45.873 -2.878
2024_0412_10:06:02 20 0.639 2.316
2024_0412_10:06:04 20 12.346 -10.776
2024_0412_10:06:07 19 11.675 -9.805
2024_0412_10:06:07 20 -2.165 2.57
2024_0412_10:06:08 18 -7.572 45.554
2024_0412_10:06:08 20 0.081 0.71
2024_0412_10:10:46 11 -0.151 -0.391
2024_0412_10:10:49 7 98.489 98.41
2024_0412_10:10:50 11 -0.052 0.464
2024_0412_10:10:52 2 98.422 98.176
2024_0412_10:10:53 1 98.762 98.605
2024_0412_10:10:53 11 49.999 -50.0
2024_0412_10:10:53 11 -0.019 -0.026
2024_0412_10:10:53 3 48.625 90.113
2024_0412_10:10:53 5 98.781 98.698
2024_0412_10:10:55 6 98.627 98.63
2024_0412_10:10:56 11 98.512 98.163
2024_0412_10:10:56 10 98.703 98.822
2024_0412_10:10:56 9 96.891 98.913
2024_0412_10:10:56 8 98.161 98.39
2024_0412_10:10:58 3 98.397 98.343
2024_0412_10:13:15 11 -0.097 0.242
2024_0412_10:15:25 11 0.095 0.157
2024_0412_10:15:29 11 0.442 -0.215
2024_0412_10:15:35 12 98.584 98.563
2024_0412_10:15:35 11 98.463 98.6
2024_0412_10:15:37 12 -0.022 0.058
2024_0412_10:15:38 12 98.284 75.545
2024_0412_10:15:39 12 98.724 98.601
2024_0412_10:15:39 12 -0.027 -0.084
2024_0412_10:15:39 12 -13.61 65.104
2024_0412_10:15:40 13 -0.201 0.362
2024_0412_10:15:42 12 77.984 78.182
2024_0412_10:15:42 13 98.368 98.501
2024_0412_10:15:43 12 97.851 98.241
2024_0412_10:15:45 13 49.628 -49.603
2024_0412_10:15:47 13 98.722 98.818
2024_0412_10:18:01 13 98.602 98.643
2024_0412_10:20:07 13 46.997 12.89
2024_0412_10:20:13 13 98.562 97.702
2024_0412_10:20:14 13 0.301 -0.064
2024_0412_10:20:16 13 0.888 -0.042
2024_0412_10:20:19 13 0.562 0.374
2024_0412_10:20:22 14 -0.5 0.158
2024_0412_10:20:24 14 -0.131 -0.445
2024_0412_10:20:24 14 0.08 -0.019
2024_0412_10:20:25 14 98.402 98.578
2024_0412_10:20:27 14 0.538 0.238
2024_0412_10:20:28 14 -12.199 11.832
2024_0412_10:20:28 13 37.391 37.647
2024_0412_10:20:30 14 83.332 98.504
2024_0412_10:20:36 14 3.579 -2.4
2024_0412_10:20:39 14 98.225 98.37
2024_0412_10:22:48 14 98.718 99.157
2024_0412_10:24:51 14 0.175 1.082
2024_0412_10:24:56 14 0.576 0.141
2024_0412_10:25:04 15 0.245 0.589
2024_0412_10:25:09 15 -46.868 47.363
2024_0412_10:25:11 15 0.095 0.357
2024_0412_10:25:13 15 48.355 26.75
2024_0412_10:25:14 15 0.5 0.092
2024_0412_10:25:15 15 -0.048 0.201
2024_0412_10:25:16 15 1.687 2.021
2024_0412_10:25:16 15 98.27 97.636
2024_0412_10:25:17 15 -0.731 -0.424
2024_0412_10:25:20 15 98.756 98.627
2024_0412_10:25:25 15 -0.178 -0.615
2024_0412_10:25:26 15 98.559 98.387
2024_0412_10:27:34 15 -0.028 -0.97
2024_0412_10:29:03 16 0.932 0.327
2024_0412_10:29:35 16 62.383 77.588
2024_0412_10:29:37 16 90.881 98.441
2024_0412_10:29:44 16 8.394 -8.011
2024_0412_10:29:53 16 16.175 -17.141
2024_0412_10:29:58 17 0.091 -0.179
2024_0412_10:29:59 17 0.093 -0.161
2024_0412_10:30:00 16 15.306 15.683
2024_0412_10:30:01 17 -79.52 79.975
2024_0412_10:30:02 17 -9.15 8.034
2024_0412_10:30:02 17 88.446 67.258
2024_0412_10:30:05 17 41.867 43.248
2024_0412_10:30:06 17 99.996 -49.998
2024_0412_10:30:12 17 15.801 15.659
2024_0412_10:30:12 17 0.104 0.185
2024_0412_10:33:43 18 -99.99 49.987
2024_0412_10:34:13 18 -50.0 50.0
2024_0412_10:34:20 18 98.37 -50.413
2024_0412_10:34:27 18 47.63 -0.873
2024_0412_10:34:41 18 40.761 -39.036
2024_0412_10:34:45 18 98.291 98.443
2024_0412_10:34:46 19 22.758 37.462
2024_0412_10:34:48 18 98.423 98.462
2024_0412_10:34:48 18 -4.824 68.394
2024_0412_10:34:49 19 39.697 -2.547
2024_0412_10:34:56 20 6.238 88.342
2024_0412_10:34:57 19 -43.263 48.268
2024_0412_10:35:02 20 -0.332 -0.027
2024_0412_10:35:03 20 0.202 1.321
2024_0412_10:35:59 20 0.721 1.395
2024_0412_10:36:27 20 0.69 -0.134
2024_0412_10:38:32 20 -11.947 12.461
2024_0412_10:38:57 4 98.505 98.447
2024_0412_10:39:01 15 -0.026 -0.371
2024_0412_10:39:09 17 25.788 -3.974
2024_0412_10:39:21 18 -0.495 -0.528
2024_0412_10:39:31 20 53.026 41.983
2024_0412_10:44:11 11 0.177 -0.031
2024_0412_10:44:13 11 0.417 0.134
2024_0412_10:44:15 4 98.389 98.497
2024_0412_10:44:15 7 98.305 98.345
2024_0412_10:44:15 7 98.373 98.513
2024_0412_10:44:16 5 98.652 98.766
2024_0412_10:44:17 8 98.476 98.574
2024_0412_10:44:17 3 98.591 98.303
2024_0412_10:44:18 6 98.609 98.721
2024_0412_10:44:19 11 -0.221 -0.215
2024_0412_10:44:19 9 97.349 97.192
2024_0412_10:44:20 3 98.555 98.358
2024_0412_10:44:20 11 98.361 98.395
2024_0412_10:44:21 1 98.751 98.588
2024_0412_10:44:22 10 98.347 98.559
2024_0412_10:44:22 2 98.396 98.407
2024_0412_10:48:50 11 -0.112 -0.778
2024_0412_10:48:54 11 15.922 16.975
2024_0412_10:48:55 11 97.304 98.25
2024_0412_10:48:56 11 98.822 98.628
2024_0412_10:48:57 12 -0.203 0.028
2024_0412_10:48:59 12 98.565 98.464
2024_0412_10:48:59 12 97.35 98.425
2024_0412_10:49:00 12 -0.295 -0.172
2024_0412_10:49:04 12 99.089 48.423
2024_0412_10:49:05 12 98.379 98.217
2024_0412_10:49:05 12 77.878 78.361
2024_0412_10:49:06 13 1.982 1.48
2024_0412_10:49:07 12 98.648 98.75
2024_0412_10:49:08 13 97.987 97.71
2024_0412_10:49:09 13 98.606 98.759
2024_0412_10:49:11 13 -0.202 0.767
2024_0412_10:53:27 13 -49.999 99.998
2024_0412_10:53:34 13 -0.576 -0.045
2024_0412_10:53:35 13 0.135 0.194
2024_0412_10:53:41 13 93.438 -85.412
2024_0412_10:53:41 13 98.262 98.255
2024_0412_10:53:42 13 -0.398 -0.723
2024_0412_10:53:44 13 97.32 97.582
2024_0412_10:53:48 14 -49.998 -50.0
2024_0412_10:53:49 14 98.496 98.418
2024_0412_10:53:50 14 98.97 98.023
2024_0412_10:53:51 14 98.408 98.077
2024_0412_10:53:51 14 98.054 98.507
2024_0412_10:53:53 14 0.417 -0.251
2024_0412_10:53:54 14 0.255 0.149
2024_0412_10:53:56 14 -2.057 71.297
2024_0412_10:54:00 14 77.849 77.875
2024_0412_10:58:08 14 95.293 98.058
2024_0412_10:58:16 14 -0.044 -0.518
2024_0412_10:58:18 14 49.997 -99.994
2024_0412_10:58:23 15 0.187 0.152
2024_0412_10:58:25 14 98.483 98.469
2024_0412_10:58:29 15 -0.097 -0.177
2024_0412_10:58:29 15 97.491 98.674
2024_0412_10:58:34 15 -41.284 47.995
2024_0412_10:58:34 15 0.143 0.537
2024_0412_10:58:35 15 0.166 0.086
2024_0412_10:58:35 15 -77.104 77.678
2024_0412_10:58:37 15 -1.641 1.428
2024_0412_10:58:40 15 -1.513 -0.09
2024_0412_10:58:41 15 98.548 98.111
2024_0412_10:58:42 15 97.79 98.461
2024_0412_10:58:46 15 0.726 -0.424
2024_0412_11:02:48 16 0.275 1.592
2024_0412_11:02:58 16 -10.171 9.725
2024_0412_11:03:00 16 0.153 0.24
2024_0412_11:03:08 16 -0.337 0.136
2024_0412_11:03:11 16 0.401 -0.163
2024_0412_11:03:12 16 14.179 14.664
2024_0412_11:03:14 16 -0.215 0.15
2024_0412_11:03:18 16 -0.315 -0.097
2024_0412_11:03:18 17 23.472 74.28
2024_0412_11:03:23 17 98.875 98.886
2024_0412_11:03:26 17 10.007 -9.98
2024_0412_11:03:27 17 -0.511 -0.029
2024_0412_11:03:28 17 98.125 98.09
2024_0412_11:03:29 17 4.102 1.164
2024_0412_11:03:33 17 98.661 98.631
2024_0412_11:06:30 17 -0.289 0.22
2024_0412_11:07:38 18 0.118 -0.56
2024_0412_11:07:46 18 98.392 48.875
2024_0412_11:07:50 18 -12.573 12.451
2024_0412_11:07:51 18 -50.0 99.998
2024_0412_11:07:51 18 98.296 98.59
2024_0412_11:07:59 18 0.019 0.068
2024_0412_11:08:03 18 -0.175 -0.124
2024_0412_11:08:05 18 98.453 98.482
2024_0412_11:08:08 19 0.507 -0.038
2024_0412_11:08:08 18 -6.098 5.887
2024_0412_11:08:09 19 0.506 0.183
2024_0412_11:08:12 18 0.095 -0.311
2024_0412_11:08:16 20 -3.735 70.586
2024_0412_11:08:16 19 9.467 82.784
2024_0412_11:08:30 20 98.167 98.098
2024_0412_11:12:27 20 0.0 -99.998
2024_0412_11:12:32 20 98.395 98.594
2024_0412_11:12:34 18 98.532 98.437
2024_0412_11:12:35 20 -0.958 50.215
2024_0412_11:12:40 17 -0.534 0.577
2024_0412_11:12:43 20 44.131 58.6
2024_0412_11:17:25 3 98.515 98.563
2024_0412_11:17:28 2 98.396 98.466
2024_0412_11:17:28 3 98.205 98.471
2024_0412_11:17:29 2 97.665 97.898
2024_0412_11:17:29 3 98.402 98.451
2024_0412_11:17:30 11 0.501 0.053
2024_0412_11:17:31 5 98.746 98.689
2024_0412_11:17:31 11 98.499 98.534
2024_0412_11:17:32 7 98.536 98.537
2024_0412_11:17:32 7 98.333 98.442
2024_0412_11:17:33 8 98.375 98.479
2024_0412_11:17:33 4 96.947 98.585
2024_0412_11:17:34 1 98.711 98.577
2024_0412_11:17:35 6 98.737 98.714
2024_0412_11:17:37 10 98.663 98.077
2024_0412_11:17:45 9 97.24 98.725
2024_0412_11:22:06 11 -0.296 0.456
2024_0412_11:22:07 11 -0.397 -0.055
2024_0412_11:22:08 11 99.997 -99.997
2024_0412_11:22:08 11 -0.122 -0.169
2024_0412_11:22:12 11 -99.998 -49.998
2024_0412_11:22:12 11 0.193 -0.328
2024_0412_11:22:14 11 0.137 -0.477
2024_0412_11:22:15 11 98.676 98.636
2024_0412_11:22:16 11 98.342 98.632
2024_0412_11:22:17 11 98.119 98.462
2024_0412_11:22:17 11 -49.998 -49.998
2024_0412_11:22:18 11 98.617 98.557
2024_0412_11:22:19 11 98.704 98.664
2024_0412_11:22:20 11 98.491 -25.629
2024_0412_11:22:22 11 1.415 2.595
2024_0412_11:22:31 12 98.506 98.552
2024_0412_11:26:46 12 0.113 -0.402
2024_0412_11:26:50 12 98.492 98.788
2024_0412_11:26:51 12 0.015 -0.448
2024_0412_11:26:53 12 98.521 98.399
2024_0412_11:26:55 12 0.035 0.112
2024_0412_11:26:58 12 98.563 98.463
2024_0412_11:26:59 12 98.412 98.412
2024_0412_11:26:59 12 -0.422 0.069
2024_0412_11:26:59 12 0.12 -0.011
2024_0412_11:27:01 12 94.583 98.502
2024_0412_11:27:01 12 15.953 14.999
2024_0412_11:27:03 12 0.205 0.477
2024_0412_11:27:04 13 -0.234 -0.031
2024_0412_11:27:06 12 98.744 98.798
2024_0412_11:27:07 12 98.407 98.44
2024_0412_11:27:17 13 -0.198 -0.215
2024_0412_11:31:31 13 15.764 16.663
2024_0412_11:31:34 13 -0.305 0.191
2024_0412_11:31:34 13 -0.144 -0.261
2024_0412_11:31:35 13 4.859 24.756
2024_0412_11:31:39 13 98.458 98.344
2024_0412_11:31:41 13 0.552 0.311
2024_0412_11:31:48 13 98.313 98.166
2024_0412_11:31:48 13 98.554 98.563
2024_0412_11:31:48 13 97.833 98.472
2024_0412_11:31:50 13 0.115 0.052
2024_0412_11:31:51 13 98.335 49.115
2024_0412_11:31:52 13 96.922 98.754
2024_0412_11:31:53 13 89.186 68.108
2024_0412_11:31:54 13 97.315 96.417
2024_0412_11:31:55 13 2.744 1.977
2024_0412_11:32:07 13 0.635 0.335
2024_0412_11:36:15 13 49.998 99.996
2024_0412_11:36:17 13 -0.208 0.422
2024_0412_11:36:17 13 98.646 98.744
2024_0412_11:36:17 13 -0.65 0.142
2024_0412_11:36:18 13 98.533 98.394
2024_0412_11:36:24 13 0.413 0.372
2024_0412_11:36:32 14 0.161 0.733
2024_0412_11:36:33 14 19.977 -20.067
2024_0412_11:36:34 14 36.615 32.661
2024_0412_11:36:37 14 -7.601 44.961
2024_0412_11:36:39 14 97.093 98.407
2024_0412_11:36:40 14 79.119 79.399
2024_0412_11:36:42 14 98.269 98.381
2024_0412_11:36:43 14 14.402 12.63
2024_0412_11:36:58 14 98.679 98.465
2024_0412_11:38:42 14 98.238 98.265
2024_0412_11:40:54 14 49.999 -99.998
2024_0412_11:40:58 14 -19.884 20.29
2024_0412_11:41:00 14 73.685 21.461
2024_0412_11:41:00 14 98.696 98.637
2024_0412_11:41:03 14 98.355 98.378
2024_0412_11:41:11 14 98.781 48.703
2024_0412_11:41:19 14 98.665 98.215
2024_0412_11:41:20 14 49.999 99.998
2024_0412_11:41:20 14 14.539 17.567
2024_0412_11:41:22 14 0.052 0.104
2024_0412_11:41:25 14 19.401 19.268
2024_0412_11:41:25 14 -0.268 0.486
2024_0412_11:41:26 14 -0.011 -0.137
2024_0412_11:41:32 14 98.762 98.672
2024_0412_11:41:44 14 95.803 13.718
2024_0412_11:43:28 15 82.045 82.037
2024_0412_11:45:40 15 96.66 96.159
2024_0412_11:45:42 15 27.09 -26.835
2024_0412_11:45:43 15 -96.067 99.31
2024_0412_11:45:44 15 16.322 15.139
2024_0412_11:45:47 15 98.698 98.798
2024_0412_11:46:06 15 98.533 98.72
2024_0412_11:46:07 15 1.601 1.117
2024_0412_11:46:07 15 -0.622 -0.13
2024_0412_11:46:10 15 -0.304 0.333
2024_0412_11:46:10 15 -9.917 10.021
2024_0412_11:46:12 15 0.13 0.037
2024_0412_11:46:12 15 48.442 -0.181
2024_0412_11:46:16 15 0.16 0.72
2024_0412_11:46:16 15 0.073 -0.147
2024_0412_11:46:30 15 79.034 79.097
2024_0412_11:48:13 15 0.222 0.097
2024_0412_11:50:22 15 -0.488 -0.464
2024_0412_11:50:25 15 -1.071 -0.876
2024_0412_11:50:28 15 0.468 -0.244
2024_0412_11:50:30 15 98.564 97.304
2024_0412_11:50:41 15 98.888 98.892
2024_0412_11:50:52 15 21.829 73.554
2024_0412_11:50:53 16 99.998 49.999
2024_0412_11:50:55 16 -0.071 0.37
2024_0412_11:50:57 16 -10.417 10.016
2024_0412_11:50:58 15 98.412 98.331
2024_0412_11:50:58 16 -0.873 0.639
2024_0412_11:50:58 16 0.252 0.144
2024_0412_11:51:02 16 0.278 2.183
2024_0412_11:51:05 16 86.972 -14.939
2024_0412_11:51:18 16 98.715 98.774
2024_0412_11:52:59 16 98.894 98.863
2024_0412_11:55:02 16 -0.432 -0.458
2024_0412_11:55:13 16 98.351 97.818
2024_0412_11:55:16 16 35.817 46.634
2024_0412_11:55:18 16 -45.92 50.061
2024_0412_11:55:24 16 0.095 -0.176
2024_0412_11:55:40 17 0.204 0.133
2024_0412_11:55:41 17 46.947 35.592
2024_0412_11:55:44 17 -30.992 57.541
2024_0412_11:55:45 17 -0.428 0.172
2024_0412_11:55:47 17 98.682 98.706
2024_0412_11:55:47 17 86.546 97.892
2024_0412_11:55:47 17 78.012 77.541
2024_0412_11:55:50 17 44.714 13.138
2024_0412_11:56:04 17 1.561 -1.415
2024_0412_11:57:29 17 98.964 -0.292
2024_0412_11:57:50 17 14.701 15.443
2024_0412_11:59:55 17 -0.58 0.378
2024_0412_12:00:09 17 14.717 16.004
2024_0412_12:00:18 17 9.869 2.992
2024_0412_12:00:31 17 12.771 -14.58
2024_0412_12:00:33 18 0.258 -0.068
2024_0412_12:00:34 18 98.412 98.482
2024_0412_12:00:35 17 16.527 -10.074
2024_0412_12:00:36 18 -0.108 -0.214
2024_0412_12:00:37 18 0.241 -0.67
2024_0412_12:00:38 18 -0.435 0.17
2024_0412_12:00:43 18 -19.897 19.797
2024_0412_12:00:53 18 -10.278 10.162
2024_0412_12:01:47 18 12.325 -13.096
2024_0412_12:02:04 18 98.863 98.805
2024_0412_12:02:38 18 98.163 98.144
2024_0412_12:03:49 18 0.415 0.064
2024_0412_12:04:42 18 -0.021 0.515
2024_0412_12:04:52 18 98.148 98.242
2024_0412_12:05:03 18 -49.688 49.874
2024_0412_12:05:19 18 27.982 -28.142
2024_0412_12:05:19 18 99.998 -99.996
2024_0412_12:05:19 18 0.224 -0.203
2024_0412_12:05:21 18 47.712 36.356
2024_0412_12:05:21 18 97.374 98.916
2024_0412_12:05:26 18 -9.794 10.327
2024_0412_12:05:33 18 0.15 -0.107
2024_0412_12:05:48 19 9.156 11.394
2024_0412_12:06:31 19 85.07 -3.922
2024_0412_12:06:49 19 20.424 -19.668
2024_0412_12:07:27 19 -25.276 49.732
2024_0412_12:08:38 19 97.398 98.441
2024_0412_12:09:29 19 49.096 49.194
2024_0412_12:09:37 20 0.236 -0.205
2024_0412_12:09:53 20 82.818 66.729
2024_0412_12:09:54 20 9.159 -7.61
2024_0412_12:10:05 20 74.243 22.774
2024_0412_12:10:09 20 98.228 98.279
2024_0412_12:10:10 20 -13.867 15.547
2024_0412_12:10:13 20 -0.37 -0.469
2024_0412_12:10:13 20 78.07 77.812
2024_0412_12:10:20 20 -0.024 0.056
2024_0412_12:10:40 20 0.883 0.188
2024_0412_12:11:17 20 -0.14 49.344
2024_0412_12:11:35 20 99.996 -49.999
2024_0412_12:12:22 20 68.403 88.936
2024_0412_12:13:19 20 53.555 78.378
2024_0412_12:13:24 14 16.033 16.35
2024_0412_12:14:07 15 -0.85 -0.431
2024_0412_12:14:27 17 10.313 -9.586
2024_0412_12:14:38 17 0.821 0.499
2024_0412_12:14:40 17 13.744 -13.915
2024_0412_12:14:48 17 98.38 98.39
2024_0412_12:14:54 17 0.3 0.306
2024_0412_12:14:57 18 0.428 -0.005
2024_0412_12:15:01 18 80.805 43.653
2024_0412_12:19:34 20 48.75 49.458
2024_0412_12:24:13 11 0.318 0.346
2024_0412_12:24:17 4 48.978 98.472
2024_0412_12:24:19 6 98.606 98.734
2024_0412_12:24:19 1 98.563 98.624
2024_0412_12:24:19 8 98.354 98.514
2024_0412_12:24:19 2 98.647 98.411
2024_0412_12:24:20 5 98.664 98.567
2024_0412_12:24:20 11 98.516 98.476
2024_0412_12:24:20 11 0.153 -0.2
2024_0412_12:24:20 3 98.384 49.365
2024_0412_12:24:20 3 98.05 97.842
2024_0412_12:24:21 3 98.522 98.436
2024_0412_12:24:21 2 98.454 98.456
2024_0412_12:24:21 7 98.457 98.326
2024_0412_12:24:22 9 98.909 98.919
2024_0412_12:24:23 10 98.333 98.43
2024_0412_12:28:56 11 -0.046 -0.379
2024_0412_12:28:58 11 98.352 98.36
2024_0412_12:29:00 11 -0.092 -0.253
2024_0412_12:29:00 11 0.028 0.025
2024_0412_12:29:01 11 98.436 98.47
2024_0412_12:29:02 11 -0.239 0.168
2024_0412_12:29:02 11 -0.023 -0.416
2024_0412_12:29:03 11 0.361 -0.105
2024_0412_12:29:03 11 98.371 98.339
2024_0412_12:29:04 11 0.656 -0.421
2024_0412_12:29:05 11 -0.593 -0.152
2024_0412_12:29:05 11 0.3 0.033
2024_0412_12:29:05 11 98.419 98.502
2024_0412_12:29:06 11 -49.999 -99.998
2024_0412_12:29:07 11 -0.333 -0.054
2024_0412_12:29:07 11 -2.477 47.581
2024_0412_12:33:38 12 0.116 0.008
2024_0412_12:33:40 12 -22.188 22.183
2024_0412_12:33:40 12 98.455 98.394
2024_0412_12:33:42 12 -0.402 -0.168
2024_0412_12:33:44 12 98.499 61.41
2024_0412_12:33:46 12 -0.182 -0.01
2024_0412_12:33:48 12 0.251 0.031
2024_0412_12:33:49 12 -0.318 -0.008
2024_0412_12:33:50 12 98.434 98.425
2024_0412_12:33:51 12 49.598 49.919
2024_0412_12:33:51 12 0.17 -0.091
2024_0412_12:33:52 12 97.979 98.335
2024_0412_12:33:52 12 98.831 98.47
2024_0412_12:33:52 12 47.955 47.682
2024_0412_12:33:53 13 -0.343 -0.483
2024_0412_12:33:53 13 98.485 98.356
2024_0412_12:38:21 13 0.207 0.244
2024_0412_12:38:21 13 0.164 0.5
2024_0412_12:38:22 13 98.45 98.413
2024_0412_12:38:24 13 98.007 98.116
2024_0412_12:38:28 13 -0.016 -0.434
2024_0412_12:38:28 13 0.188 -0.283
2024_0412_12:38:33 13 79.135 78.754
2024_0412_12:38:35 13 -0.123 -0.088
2024_0412_12:38:35 13 49.999 99.998
2024_0412_12:38:35 13 -99.996 49.998
2024_0412_12:38:37 13 35.053 -3.067
2024_0412_12:38:38 13 -0.693 -0.496
2024_0412_12:38:38 13 98.154 98.655
2024_0412_12:38:38 13 0.775 0.565
2024_0412_12:38:39 13 -0.1 0.138
2024_0412_12:38:41 13 1.536 2.762
2024_0412_12:42:59 13 -0.284 0.331
2024_0412_12:43:06 13 0.075 0.305
2024_0412_12:43:06 13 0.326 0.156
2024_0412_12:43:06 13 10.265 -10.742
2024_0412_12:43:11 13 39.236 39.218
2024_0412_12:43:13 13 98.372 98.587
2024_0412_12:43:15 14 -0.055 0.419
2024_0412_12:43:18 14 0.086 -0.249
2024_0412_12:43:20 14 -3.468 58.499
2024_0412_12:43:21 14 32.797 32.412
2024_0412_12:43:23 14 -0.324 -0.565
2024_0412_12:43:24 14 26.063 23.531
2024_0412_12:43:25 14 0.357 0.171
2024_0412_12:43:26 14 98.363 98.363
2024_0412_12:43:29 14 98.111 97.931
2024_0412_12:43:29 14 98.615 98.852
2024_0412_12:47:41 14 99.996 49.999
2024_0412_12:47:45 14 -20.077 19.807
2024_0412_12:47:46 14 -0.536 0.533
2024_0412_12:47:50 14 47.572 47.683
2024_0412_12:47:55 14 40.311 -42.339
2024_0412_12:48:02 14 98.41 98.475
2024_0412_12:48:02 14 0.138 0.274
2024_0412_12:48:06 14 -0.297 0.069
2024_0412_12:48:10 14 0.228 0.439
2024_0412_12:48:12 14 98.474 98.438
2024_0412_12:48:13 14 49.997 -49.997
2024_0412_12:48:13 14 -0.093 0.033
2024_0412_12:48:15 14 -21.704 21.167
2024_0412_12:48:16 14 98.782 98.788
2024_0412_12:48:25 15 98.528 98.398
2024_0412_12:51:37 15 -0.375 0.073
2024_0412_12:52:26 15 -0.125 -0.386
2024_0412_12:52:30 15 3.821 -0.576
2024_0412_12:52:31 15 96.225 98.431
2024_0412_12:52:34 15 79.08 79.042
2024_0412_12:53:05 15 42.15 41.927
2024_0412_12:53:06 15 77.719 77.712
2024_0412_12:53:09 15 3.712 4.791
2024_0412_12:53:15 15 0.646 0.328
2024_0412_12:53:15 15 -0.027 0.234
2024_0412_12:53:17 15 49.431 -25.231
2024_0412_12:53:18 15 98.2 98.434
2024_0412_12:53:20 15 48.823 98.408
2024_0412_12:53:27 15 96.525 96.678
2024_0412_12:53:29 15 0.007 0.22
2024_0412_12:55:40 15 65.77 65.95
2024_0412_12:56:40 15 15.787 15.785
2024_0412_12:57:08 15 -49.999 -49.999
2024_0412_12:57:08 15 47.352 46.049
2024_0412_12:57:17 15 -0.306 0.617
2024_0412_12:57:18 15 46.562 46.297
2024_0412_12:58:06 16 -7.937 8.099
2024_0412_12:58:09 16 0.427 -0.007
2024_0412_12:58:15 16 -0.131 -0.378
2024_0412_12:58:18 16 -2.334 49.741
2024_0412_12:58:19 16 -0.633 -0.161
2024_0412_12:58:22 16 -8.385 35.471
2024_0412_12:58:24 16 98.655 98.623
2024_0412_12:58:31 16 0.02 1.788
2024_0412_12:59:00 16 99.992 99.992
2024_0412_13:00:23 16 -16.849 96.132
2024_0412_13:00:37 16 6.19 34.1
2024_0412_13:01:43 16 49.28 49.18
2024_0412_13:01:57 16 98.5 98.117
2024_0412_13:02:01 17 98.649 98.637
2024_0412_13:02:06 17 62.866 74.52
2024_0412_13:02:40 17 -0.087 0.101
2024_0412_13:03:04 17 0.508 -0.051
2024_0412_13:03:10 17 18.144 17.834
2024_0412_13:03:15 17 -0.314 -0.775
2024_0412_13:03:18 17 44.517 55.519
2024_0412_13:03:25 17 9.41 6.118
2024_0412_13:03:28 17 0.245 0.408
2024_0412_13:03:33 17 30.67 30.69
2024_0412_13:04:01 17 34.128 43.63
2024_0412_13:05:06 17 0.693 -0.539
2024_0412_13:05:40 17 4.43 -3.371
2024_0412_13:05:55 17 73.402 -3.088
2024_0412_13:06:39 17 0.188 -0.463
2024_0412_13:06:42 17 25.402 45.765
2024_0412_13:06:46 17 99.633 -0.971
2024_0412_13:06:52 17 99.627 -30.606
2024_0412_13:07:23 17 9.284 -9.178
2024_0412_13:08:08 18 98.394 98.398
2024_0412_13:08:13 18 98.378 98.35
2024_0412_13:08:23 18 47.254 -42.984
2024_0412_13:08:25 18 -8.414 8.083
2024_0412_13:08:30 18 0.28 0.073
2024_0412_13:08:38 18 -21.401 22.742
2024_0412_13:08:41 18 -41.417 55.1
2024_0412_13:09:07 18 40.734 44.963
2024_0412_13:09:49 18 0.278 -0.096
2024_0412_13:10:41 18 -100.0 99.997
2024_0412_13:10:59 18 0.06 0.018
2024_0412_13:11:28 18 78.358 78.117
2024_0412_13:11:29 18 -0.016 0.157
2024_0412_13:11:37 18 -99.999 99.997
2024_0412_13:12:04 18 17.744 16.916
2024_0412_13:12:17 18 77.887 77.695
2024_0412_13:13:07 18 -0.107 -0.682
2024_0412_13:13:10 18 0.268 0.359
2024_0412_13:13:25 18 20.193 -19.517
2024_0412_13:13:28 18 0.078 0.144
2024_0412_13:13:32 18 48.804 46.918
2024_0412_13:13:42 19 98.193 98.311
2024_0412_13:13:50 19 54.408 52.498
2024_0412_13:14:14 19 97.661 97.748
2024_0412_13:14:40 19 98.551 98.441
2024_0412_13:15:44 19 -5.975 30.678
2024_0412_13:16:02 19 0.993 6.853
2024_0412_13:16:21 19 -4.332 9.331
2024_0412_13:16:22 19 0.028 0.032
2024_0412_13:16:31 19 24.709 -24.628
2024_0412_13:17:09 19 -10.307 43.762
2024_0412_13:17:12 20 76.925 76.982
2024_0412_13:18:13 20 -0.02 0.696
2024_0412_13:18:30 20 15.02 15.279
2024_0412_13:18:30 20 0.514 0.219
2024_0412_13:18:38 20 96.666 94.491
2024_0412_13:18:53 20 9.98 -10.189
2024_0412_13:19:27 20 -53.067 74.224
2024_0412_13:20:31 20 15.377 14.469
2024_0412_13:20:50 20 0.072 0.343
2024_0412_13:20:52 20 98.369 48.375
2024_0412_13:21:05 20 -8.233 8.549
2024_0412_13:21:10 15 0.249 -0.173
2024_0412_13:21:13 15 0.009 0.28
2024_0412_13:21:24 16 90.063 73.08
2024_0412_13:21:50 16 9.587 -14.871
2024_0412_13:22:03 17 88.955 98.407
2024_0412_13:23:20 20 98.502 98.091
2024_0412_13:23:20 20 0.216 0.023
2024_0412_13:23:28 20 98.662 98.72
2024_0412_13:23:32 18 -3.951 6.064
2024_0412_13:25:10 16 -0.247 -0.543
2024_0412_13:29:58 3 98.431 98.555
2024_0412_13:29:59 6 98.78 98.658
2024_0412_13:30:00 7 98.626 81.762
2024_0412_13:30:00 10 98.775 98.582
2024_0412_13:30:04 9 98.884 98.449
2024_0412_13:30:11 2 98.565 98.523
2024_0412_13:30:11 11 98.481 98.407
2024_0412_13:30:12 8 98.412 98.293
2024_0412_13:30:12 5 98.721 98.725
2024_0412_13:30:12 1 98.738 98.722
2024_0412_13:30:13 2 98.412 98.367
2024_0412_13:30:13 3 98.583 98.432
2024_0412_13:30:14 4 98.496 98.511
2024_0412_13:30:15 2 98.366 98.444
2024_0412_13:30:15 3 98.622 98.219
2024_0412_13:30:17 4 98.2 98.278
2024_0412_13:34:45 11 98.267 98.53
2024_0412_13:34:47 11 0.088 -0.009
2024_0412_13:34:50 11 -26.035 98.539
2024_0412_13:34:54 11 98.743 98.553
2024_0412_13:34:55 11 98.907 98.853
2024_0412_13:35:10 11 0.037 0.437
2024_0412_13:35:11 11 0.12 -0.067
2024_0412_13:35:12 11 0.175 -0.173
2024_0412_13:35:12 11 98.429 98.486
2024_0412_13:35:12 11 0.304 0.441
2024_0412_13:35:13 11 -0.051 -0.223
2024_0412_13:35:15 11 98.464 98.404
2024_0412_13:35:17 11 -0.531 -0.288
2024_0412_13:35:17 11 98.525 98.633
2024_0412_13:35:24 11 -0.522 -0.224
2024_0412_13:35:33 11 0.385 0.066
2024_0412_13:39:32 11 0.463 -0.026
2024_0412_13:39:35 11 98.342 98.498
2024_0412_13:39:40 11 98.576 98.555
2024_0412_13:39:44 11 98.388 97.823
2024_0412_13:39:48 11 20.427 21.217
2024_0412_13:40:09 11 0.291 0.155
2024_0412_13:40:09 11 0.747 -0.409
2024_0412_13:40:11 11 98.631 98.54
2024_0412_13:40:11 11 98.754 98.696
2024_0412_13:40:13 11 98.617 98.472
2024_0412_13:40:13 11 -13.656 64.306
2024_0412_13:40:15 11 -0.295 -0.356
2024_0412_13:40:18 12 -0.46 -0.542
2024_0412_13:40:20 12 98.558 98.638
2024_0412_13:40:25 12 -0.373 0.073
2024_0412_13:40:32 12 0.241 -0.478
2024_0412_13:44:14 12 97.943 98.883
2024_0412_13:44:21 12 -0.485 0.261
2024_0412_13:44:24 12 0.025 -0.127
2024_0412_13:44:34 12 98.883 98.88
2024_0412_13:44:35 12 0.407 0.146
2024_0412_13:45:10 12 16.354 15.875
2024_0412_13:45:10 12 98.368 98.336
2024_0412_13:45:10 12 -49.997 -49.998
2024_0412_13:45:11 12 0.055 -0.094
2024_0412_13:45:13 12 -0.366 -0.003
2024_0412_13:45:14 12 -0.432 -0.328
2024_0412_13:45:17 12 98.293 98.562
2024_0412_13:45:22 12 0.335 0.349
2024_0412_13:45:24 12 98.641 98.662
2024_0412_13:45:29 12 0.011 -0.692
2024_0412_13:45:32 12 -0.325 0.345
2024_0412_13:49:09 12 98.485 98.507
2024_0412_13:49:21 13 -0.242 0.406
2024_0412_13:49:23 12 98.762 98.75
2024_0412_13:49:35 13 97.971 98.234
2024_0412_13:49:37 13 98.453 98.588
2024_0412_13:50:09 13 -0.002 0.289
2024_0412_13:50:09 13 0.079 0.765
2024_0412_13:50:10 13 98.585 98.765
2024_0412_13:50:11 13 -0.62 0.231
2024_0412_13:50:13 13 97.961 98.381
2024_0412_13:50:13 13 98.551 98.328
2024_0412_13:50:19 13 98.431 98.439
2024_0412_13:50:21 13 -49.999 -49.998
2024_0412_13:50:22 13 98.636 98.685
2024_0412_13:50:31 13 98.715 98.637
2024_0412_13:50:46 13 0.132 -0.639
2024_0412_13:53:58 13 -0.191 0.732
2024_0412_13:54:20 13 -99.994 49.995
2024_0412_13:54:22 13 98.207 98.207
2024_0412_13:54:31 13 10.43 -10.199
2024_0412_13:54:37 13 78.724 78.887
2024_0412_13:55:07 13 0.602 -0.607
2024_0412_13:55:09 13 98.626 98.598
2024_0412_13:55:10 13 -0.184 -0.077
2024_0412_13:55:11 13 98.324 98.198
2024_0412_13:55:14 13 2.042 0.835
2024_0412_13:55:16 13 97.768 88.985
2024_0412_13:55:17 13 49.999 -99.998
2024_0412_13:55:23 13 98.578 97.999
2024_0412_13:55:26 13 49.402 49.814
2024_0412_13:55:32 13 -2.275 49.218
2024_0412_13:55:45 13 9.991 -10.298
2024_0412_13:58:49 13 -0.404 -0.158
2024_0412_13:59:19 13 0.26 0.41
2024_0412_13:59:23 13 78.852 79.048
2024_0412_13:59:29 13 98.224 97.884
2024_0412_13:59:38 13 98.391 98.504
2024_0412_13:59:56 13 -25.159 25.289
2024_0412_13:59:59 14 -99.992 -99.994
2024_0412_14:00:01 14 96.444 98.34
2024_0412_14:00:04 14 2.944 -0.378
2024_0412_14:00:06 14 -9.927 10.148
2024_0412_14:00:10 14 0.4 0.106
2024_0412_14:00:11 14 -0.039 0.132
2024_0412_14:00:13 14 98.336 98.421
2024_0412_14:00:19 14 78.637 78.95
2024_0412_14:00:23 14 -13.458 13.687
2024_0412_14:00:35 14 0.174 0.821
2024_0412_14:03:46 14 98.186 98.243
2024_0412_14:04:13 14 -0.209 -0.269
2024_0412_14:04:19 14 98.494 98.446
2024_0412_14:04:22 14 69.833 96.572
2024_0412_14:04:37 14 98.347 98.342
2024_0412_14:04:46 14 -0.298 0.78
2024_0412_14:04:49 14 14.761 15.364
2024_0412_14:04:54 14 49.006 98.355
2024_0412_14:04:59 14 0.276 0.042
2024_0412_14:05:04 14 0.151 -1.333
2024_0412_14:05:06 14 98.514 98.791
2024_0412_14:05:12 14 97.612 97.843
2024_0412_14:05:21 14 48.077 47.823
2024_0412_14:05:30 14 98.642 98.431
2024_0412_14:07:42 14 -0.154 0.267
2024_0412_14:08:22 14 46.12 25.669
2024_0412_14:08:52 14 0.46 -0.253
2024_0412_14:09:07 14 98.614 98.595
2024_0412_14:09:17 14 98.452 98.427
2024_0412_14:09:24 14 98.31 98.093
2024_0412_14:09:30 14 0.317 -0.605
2024_0412_14:09:37 14 15.457 15.244
2024_0412_14:09:41 15 0.788 0.88
2024_0412_14:09:45 15 0.627 -0.442
2024_0412_14:09:48 15 49.999 -49.998
2024_0412_14:10:02 15 98.077 98.048
2024_0412_14:10:05 15 49.999 -49.999
2024_0412_14:10:11 15 -9.959 9.852
2024_0412_14:10:19 15 0.191 0.39
2024_0412_14:12:33 15 0.107 0.495
2024_0412_14:13:15 15 -0.297 0.226
2024_0412_14:13:44 15 11.394 47.541
2024_0412_14:13:50 15 -0.623 -0.253
2024_0412_14:13:51 15 1.049 -0.567
2024_0412_14:14:06 15 0.261 -0.872
2024_0412_14:14:17 15 2.244 1.304
2024_0412_14:14:19 15 0.078 -0.159
2024_0412_14:14:33 15 -0.051 0.092
2024_0412_14:14:34 15 -0.544 0.059
2024_0412_14:14:43 15 98.582 75.635
2024_0412_14:14:50 15 98.595 98.784
2024_0412_14:15:02 15 0.116 0.377
2024_0412_14:15:06 15 98.576 98.426
2024_0412_14:15:07 15 0.416 0.081
2024_0412_14:17:33 15 98.686 98.47
2024_0412_14:18:11 15 -0.007 0.084
2024_0412_14:18:38 15 14.672 14.821
2024_0412_14:18:40 15 84.866 71.047
2024_0412_14:18:53 15 1.19 2.722
2024_0412_14:18:59 15 98.188 98.6
2024_0412_14:19:15 15 0.71 -0.933
2024_0412_14:19:33 15 98.436 98.519
2024_0412_14:19:34 15 0.161 -0.19
2024_0412_14:19:42 15 98.466 98.577
2024_0412_14:19:54 15 15.081 14.929
2024_0412_14:20:02 16 97.781 97.851
2024_0412_14:20:04 16 47.306 47.111
2024_0412_14:20:05 16 48.37 -0.238
2024_0412_14:20:06 16 98.926 98.73
2024_0412_14:22:30 16 -0.927 0.327
2024_0412_14:22:35 16 80.643 93.902
2024_0412_14:23:17 16 92.096 98.409
2024_0412_14:23:25 16 16.487 6.713
2024_0412_14:23:34 16 98.157 98.207
2024_0412_14:23:50 16 0.124 0.397
2024_0412_14:23:51 16 98.313 98.199
2024_0412_14:24:06 16 98.402 98.61
2024_0412_14:24:33 16 98.792 98.642
2024_0412_14:24:37 16 96.09 97.875
2024_0412_14:24:43 16 30.613 -0.768
2024_0412_14:24:50 16 98.265 98.24
2024_0412_14:24:57 16 0.383 -0.228
2024_0412_14:25:02 16 0.375 0.098
2024_0412_14:25:05 16 96.873 98.28
2024_0412_14:27:28 16 21.813 13.981
2024_0412_14:27:33 16 38.147 36.74
2024_0412_14:28:12 16 10.5 -9.696
2024_0412_14:28:23 16 -8.408 61.36
2024_0412_14:28:38 16 5.398 3.164
2024_0412_14:28:47 17 3.81 -1.081
2024_0412_14:28:53 16 97.051 96.595
2024_0412_14:29:01 17 98.91 -0.508
2024_0412_14:29:32 17 29.04 0.491
2024_0412_14:29:33 17 7.61 -7.136
2024_0412_14:29:33 17 12.216 11.429
2024_0412_14:29:38 17 98.393 98.326
2024_0412_14:29:46 17 16.856 -16.746
2024_0412_14:29:57 17 10.629 -9.505
2024_0412_14:29:59 17 60.567 -19.088
2024_0412_14:30:01 17 0.037 0.138
2024_0412_14:32:29 17 98.301 98.465
2024_0412_14:32:35 17 81.616 87.32
2024_0412_14:33:01 17 49.25 98.33
2024_0412_14:33:20 17 98.52 98.54
2024_0412_14:33:32 17 98.601 95.362
2024_0412_14:33:40 17 -0.032 -0.002
2024_0412_14:33:51 17 49.196 98.39
2024_0412_14:33:54 17 0.157 0.044
2024_0412_14:34:32 17 0.234 -0.663
2024_0412_14:34:34 17 0.734 0.252
2024_0412_14:34:35 17 98.214 98.481
2024_0412_14:34:36 17 43.169 43.989
2024_0412_14:34:45 17 0.06 0.144
2024_0412_14:34:56 17 98.427 98.471
2024_0412_14:34:58 17 0.323 -0.718
2024_0412_14:35:08 17 15.435 18.398
2024_0412_14:37:27 17 98.689 98.467
2024_0412_14:37:30 17 -0.056 0.693
2024_0412_14:37:49 17 98.915 99.035
2024_0412_14:38:19 18 98.169 98.292
2024_0412_14:38:26 18 98.39 98.516
2024_0412_14:38:33 18 0.936 0.063
2024_0412_14:38:48 18 -9.753 10.017
2024_0412_14:38:50 18 98.788 98.663
2024_0412_14:39:31 18 0.155 0.132
2024_0412_14:39:32 18 0.117 0.34
2024_0412_14:39:34 18 0.202 0.235
2024_0412_14:39:34 18 48.919 98.858
2024_0412_14:39:44 18 0.076 3.772
2024_0412_14:39:53 18 0.707 3.347
2024_0412_14:39:57 18 14.322 -3.208
2024_0412_14:40:08 18 98.492 98.39
2024_0412_14:42:29 18 -0.758 16.936
2024_0412_14:42:32 18 -0.66 -1.503
2024_0412_14:42:32 18 -33.321 33.43
2024_0412_14:43:19 18 82.289 10.609
2024_0412_14:43:21 18 7.439 6.927
2024_0412_14:43:33 18 0.133 0.026
2024_0412_14:43:45 18 98.879 98.012
2024_0412_14:43:48 18 -0.299 0.163
2024_0412_14:44:31 18 -1.033 -0.711
2024_0412_14:44:32 18 98.631 98.765
2024_0412_14:44:34 18 96.28 95.016
2024_0412_14:44:36 18 98.658 98.647
2024_0412_14:44:42 18 21.066 11.708
2024_0412_14:44:53 18 97.545 97.572
2024_0412_14:44:57 18 3.372 0.643
2024_0412_14:45:04 18 98.448 98.328
2024_0412_14:47:20 18 98.702 98.645
2024_0412_14:47:28 18 0.249 -0.063
2024_0412_14:47:31 18 96.104 98.601
2024_0412_14:48:16 19 70.671 -4.435
2024_0412_14:48:25 19 0.888 -0.335
2024_0412_14:48:27 19 9.816 -10.257
2024_0412_14:48:39 19 53.673 69.926
2024_0412_14:48:49 19 57.031 70.161
2024_0412_14:49:27 19 97.14 97.421
2024_0412_14:49:30 19 66.61 -66.647
2024_0412_14:49:30 19 -50.001 50.001
2024_0412_14:49:32 19 47.066 4.62
2024_0412_14:49:39 19 -1.021 0.806
2024_0412_14:49:47 19 -49.999 49.999
2024_0412_14:49:53 19 16.47 -16.711
2024_0412_14:50:11 19 1.483 1.091
2024_0412_14:52:05 19 -99.998 99.998
2024_0412_14:52:22 19 -47.38 47.549
2024_0412_14:52:36 19 -0.452 -0.799
2024_0412_14:53:04 19 80.152 -79.606
2024_0412_14:53:16 19 0.186 0.04
2024_0412_14:53:21 19 98.239 98.189
2024_0412_14:53:32 20 12.39 11.367
2024_0412_14:53:47 20 98.155 98.277
2024_0412_14:54:29 20 -0.695 0.294
2024_0412_14:54:37 20 -0.403 -0.235
2024_0412_14:54:45 20 98.426 98.451
2024_0412_14:54:51 20 98.696 98.692
2024_0412_14:55:13 20 -1.244 -0.003
2024_0412_14:55:55 20 12.369 -12.604
2024_0412_14:56:31 20 48.666 -0.338
2024_0412_14:56:50 20 0.364 -0.382
2024_0412_14:57:17 20 0.374 -0.264
2024_0412_14:57:36 20 0.087 -0.258
2024_0412_14:57:45 20 48.534 99.131
2024_0412_14:58:20 20 97.84 97.961
2024_0412_14:58:34 20 4.456 24.429
2024_0412_14:58:50 20 98.771 98.609
2024_0412_14:59:22 14 0.222 0.197
2024_0412_14:59:30 14 47.135 47.928
2024_0412_14:59:41 14 98.207 98.456
2024_0412_14:59:51 15 38.659 11.019
2024_0412_15:00:07 15 27.71 27.14
2024_0412_15:00:50 15 0.67 1.458
2024_0412_15:01:03 16 -0.417 1.063
2024_0412_15:01:30 20 0.054 -0.447
2024_0412_15:02:05 20 98.741 86.408
2024_0412_15:02:13 20 21.853 8.267
2024_0412_15:02:23 20 98.24 98.413
2024_0412_15:05:23 20 0.709 -0.634
2024_0412_15:10:13 2 98.49 98.42
2024_0412_15:10:15 2 98.524 98.409
2024_0412_15:10:16 3 98.438 98.571
2024_0412_15:10:18 3 98.508 98.44
2024_0412_15:10:19 3 97.947 98.44
2024_0412_15:10:19 2 97.107 49.089
2024_0412_15:10:19 2 96.81 98.284
2024_0412_15:10:20 1 98.83 98.578
2024_0412_15:10:21 2 98.479 98.362
2024_0412_15:10:21 3 98.547 98.368
2024_0412_15:10:22 2 98.501 97.757
2024_0412_15:10:22 2 98.559 98.446
2024_0412_15:10:23 2 54.157 98.546
2024_0412_15:10:24 2 98.546 98.473
2024_0412_15:10:25 2 98.347 98.503
2024_0412_15:10:25 3 97.178 98.413
2024_0412_15:14:58 3 98.5 98.569
2024_0412_15:15:06 3 98.16 98.568
2024_0412_15:15:11 3 98.273 98.461
2024_0412_15:15:15 3 49.103 98.338
2024_0412_15:15:15 3 98.458 98.347
2024_0412_15:15:17 4 94.829 98.553
2024_0412_15:15:18 4 98.606 98.412
2024_0412_15:15:18 3 98.219 98.532
2024_0412_15:15:18 4 98.392 49.218
2024_0412_15:15:19 6 98.768 98.632
2024_0412_15:15:19 4 98.522 98.518
2024_0412_15:15:20 7 98.479 98.243
2024_0412_15:15:24 7 98.498 98.499
2024_0412_15:15:25 7 98.498 98.502
2024_0412_15:18:00 7 98.661 98.471
2024_0412_15:19:03 8 98.43 98.424
2024_0412_15:19:46 9 97.057 98.847
2024_0412_15:20:04 10 98.588 98.755
2024_0412_15:20:09 11 -0.103 0.274
2024_0412_15:20:11 11 0.245 -0.228
2024_0412_15:20:12 11 98.748 98.624
2024_0412_15:20:12 11 -0.008 0.19
2024_0412_15:20:13 11 49.998 -99.998
2024_0412_15:20:14 11 98.756 98.729
2024_0412_15:20:15 11 99.998 -99.998
2024_0412_15:20:16 11 -0.285 -0.075
2024_0412_15:20:16 11 98.716 98.7
2024_0412_15:20:22 11 -0.344 -0.505
2024_0412_15:20:22 11 98.473 98.551
2024_0412_15:22:54 11 -0.003 0.445
2024_0412_15:22:57 11 98.698 98.656
2024_0412_15:23:57 11 0.228 -0.035
2024_0412_15:24:31 11 -99.994 99.998
2024_0412_15:24:55 11 0.207 -0.036
2024_0412_15:25:04 11 -0.268 0.234
2024_0412_15:25:04 11 0.328 0.52
2024_0412_15:25:06 11 98.464 98.495
2024_0412_15:25:06 11 98.281 98.161
2024_0412_15:25:06 11 98.407 98.39
2024_0412_15:25:08 11 98.519 98.571
2024_0412_15:25:08 11 0.049 0.301
2024_0412_15:25:10 11 0.345 0.135
2024_0412_15:25:16 11 0.148 -0.853
2024_0412_15:25:17 11 -0.099 0.163
2024_0412_15:25:18 11 98.638 98.585
2024_0412_15:27:46 11 -0.012 -0.239
2024_0412_15:27:50 11 0.202 0.035
2024_0412_15:28:52 11 -0.459 -0.257
2024_0412_15:29:16 11 61.104 98.147
2024_0412_15:29:46 11 0.27 0.428
2024_0412_15:30:00 11 -0.557 0.085
2024_0412_15:30:00 11 98.547 98.388
2024_0412_15:30:01 11 96.401 98.452
2024_0412_15:30:03 11 0.444 -0.66
2024_0412_15:30:04 11 98.102 98.602
2024_0412_15:30:04 11 0.733 -0.401
2024_0412_15:30:07 11 98.617 98.551
2024_0412_15:30:10 11 49.733 49.893
2024_0412_15:30:12 11 -0.245 0.273
2024_0412_15:30:13 11 0.095 0.55
2024_0412_15:30:13 11 -49.999 -49.999
2024_0412_15:32:35 11 -0.102 -0.001
2024_0412_15:32:43 11 -0.247 0.159
2024_0412_15:33:46 11 98.453 98.488
2024_0412_15:33:58 11 -0.186 -0.262
2024_0412_15:34:36 11 -0.046 -0.309
2024_0412_15:34:49 11 -0.008 -0.017
2024_0412_15:34:54 11 -0.351 -0.103
2024_0412_15:34:55 11 -99.996 -99.996
2024_0412_15:34:57 11 0.283 -0.185
2024_0412_15:34:58 11 0.192 0.649
2024_0412_15:34:58 11 14.927 15.178
2024_0412_15:35:01 11 -0.52 0.232
2024_0412_15:35:07 11 98.521 98.525
2024_0412_15:35:08 11 -0.008 0.07
2024_0412_15:35:08 11 -0.202 -0.043
2024_0412_15:35:09 11 98.386 98.151
2024_0412_15:37:25 11 -0.45 -0.27
2024_0412_15:37:36 11 0.095 -0.264
2024_0412_15:38:45 11 98.524 98.437
2024_0412_15:38:46 11 47.584 -2.579
2024_0412_15:39:30 11 98.563 94.375
2024_0412_15:39:40 11 98.687 98.619
2024_0412_15:39:47 11 100.0 100.0
2024_0412_15:39:48 11 -0.441 0.003
2024_0412_15:39:51 11 98.5 98.443
2024_0412_15:39:51 11 -0.313 0.348
2024_0412_15:39:51 11 99.996 -49.998
2024_0412_15:39:57 11 98.013 98.424
2024_0412_15:40:01 11 -0.32 0.006
2024_0412_15:40:02 11 -0.44 0.182
2024_0412_15:40:05 11 0.032 0.039
2024_0412_15:40:09 11 -0.275 -0.402
2024_0412_15:42:14 11 -0.108 -0.112
2024_0412_15:42:30 11 98.428 98.607
2024_0412_15:43:30 11 0.686 0.11
2024_0412_15:43:42 11 16.238 15.466
2024_0412_15:44:21 11 -49.999 -99.998
2024_0412_15:44:30 11 -0.16 -0.288
2024_0412_15:44:41 11 98.7 98.659
2024_0412_15:44:42 11 0.14 -0.177
2024_0412_15:44:44 11 -0.165 -0.241
2024_0412_15:44:45 11 -0.048 -0.615
2024_0412_15:44:45 11 -0.119 -0.16
2024_0412_15:44:58 11 0.053 -0.157
2024_0412_15:45:00 11 97.763 97.643
2024_0412_15:45:00 11 97.895 98.389
2024_0412_15:45:01 11 0.473 -0.249
2024_0412_15:45:04 11 0.228 0.128
2024_0412_15:47:05 11 98.541 98.621
2024_0412_15:47:24 11 96.886 97.578
2024_0412_15:48:13 11 98.662 98.57
2024_0412_15:48:38 11 98.658 98.737
2024_0412_15:49:11 11 0.365 -0.262
2024_0412_15:49:20 11 98.638 98.692
2024_0412_15:49:35 11 -0.065 -0.029
2024_0412_15:49:35 11 98.47 98.407
2024_0412_15:49:39 11 0.376 0.323
2024_0412_15:49:40 11 -0.09 -0.178
2024_0412_15:49:44 11 98.597 98.465
2024_0412_15:49:52 11 0.213 -0.207
2024_0412_15:49:55 11 98.705 98.61
2024_0412_15:49:55 11 98.819 98.624
2024_0412_15:49:56 11 98.401 98.333
2024_0412_15:49:59 11 98.558 98.547
2024_0412_15:51:54 11 0.335 0.025
2024_0412_15:52:17 11 0.156 0.097
2024_0412_15:52:59 11 16.512 16.205
2024_0412_15:53:30 11 0.153 -0.258
2024_0412_15:54:03 11 0.456 -0.35
2024_0412_15:54:15 11 0.008 0.394
2024_0412_15:54:27 11 -0.088 -0.222
2024_0412_15:54:27 11 49.999 -99.998
2024_0412_15:54:34 11 -50.0 99.999
2024_0412_15:54:35 11 98.395 98.629
2024_0412_15:54:37 11 0.166 -0.185
2024_0412_15:54:46 11 -0.132 0.237
2024_0412_15:54:49 11 0.198 0.863
2024_0412_15:54:49 11 98.442 98.027
2024_0412_15:54:54 11 -0.025 0.213
2024_0412_15:54:55 11 2.896 2.737
2024_0412_15:56:47 11 -0.068 0.26
2024_0412_15:57:08 11 99.998 -99.998
2024_0412_15:57:42 11 -0.453 -0.083
2024_0412_15:58:24 11 49.996 99.996
2024_0412_15:58:56 11 98.519 98.469
2024_0412_15:59:04 11 0.011 0.503
2024_0412_15:59:21 11 0.184 -0.25
2024_0412_15:59:25 11 -0.388 -0.317
2024_0412_15:59:28 11 0.551 0.969
2024_0412_15:59:29 11 0.068 0.131
2024_0412_15:59:35 11 -0.302 -0.005
2024_0412_15:59:41 11 98.566 98.433
2024_0412_15:59:43 11 0.063 -0.305
2024_0412_15:59:44 11 -0.63 -1.068
2024_0412_15:59:49 11 -0.178 0.152
2024_0412_15:59:52 11 -0.292 -0.213
2024_0412_16:01:37 11 0.251 -0.062
2024_0412_16:02:05 11 72.933 -3.078
2024_0412_16:02:28 12 15.536 16.394
2024_0412_16:03:26 12 95.797 98.436
2024_0412_16:03:51 12 98.558 98.67
2024_0412_16:03:53 12 -0.295 0.455
2024_0412_16:04:14 12 -49.999 -49.998
2024_0412_16:04:19 12 -49.999 -99.998
2024_0412_16:04:21 12 -99.998 -49.999
2024_0412_16:04:33 12 97.217 96.86
2024_0412_16:04:33 12 98.194 98.269
2024_0412_16:04:37 12 -0.007 1.033
2024_0412_16:04:39 12 97.718 98.453
2024_0412_16:04:41 12 1.064 -0.382
2024_0412_16:04:45 12 -2.292 46.786
2024_0412_16:04:50 12 -0.379 1.675
2024_0412_16:06:29 12 14.924 15.348
2024_0412_16:06:57 12 100.0 -50.0
2024_0412_16:07:12 12 -0.214 -0.416
2024_0412_16:08:24 12 98.426 98.389
2024_0412_16:08:45 12 0.04 0.076
2024_0412_16:08:45 12 98.506 98.448
2024_0412_16:09:12 12 98.492 98.491
2024_0412_16:09:14 12 0.118 -0.65
2024_0412_16:09:15 12 98.572 98.646
2024_0412_16:09:32 12 98.291 98.564
2024_0412_16:09:32 12 -0.192 0.084
2024_0412_16:09:33 12 -0.394 0.248
2024_0412_16:09:35 12 -0.146 0.09
2024_0412_16:09:37 12 97.163 98.622
2024_0412_16:09:44 12 98.041 98.232
2024_0412_16:09:47 12 98.836 98.812
2024_0412_16:11:20 12 -0.528 0.146
2024_0412_16:11:51 12 -0.516 0.331
2024_0412_16:11:57 12 -0.172 -0.368
2024_0412_16:13:19 12 0.538 0.381
2024_0412_16:13:35 12 1.05 1.666
2024_0412_16:13:37 12 -0.454 -0.328
2024_0412_16:14:07 12 98.517 98.425
2024_0412_16:14:08 12 4.504 2.511
2024_0412_16:14:12 12 48.344 72.362
2024_0412_16:14:27 12 0.213 -0.626
2024_0412_16:14:28 12 -0.144 0.761
2024_0412_16:14:28 12 0.223 0.412
2024_0412_16:14:30 12 78.825 79.164
2024_0412_16:14:31 12 98.248 98.497
2024_0412_16:14:39 12 98.624 98.61
2024_0412_16:14:44 12 97.777 98.478
2024_0412_16:16:12 12 97.104 98.165
2024_0412_16:16:42 12 0.512 -0.128
2024_0412_16:16:44 12 98.705 98.714
2024_0412_16:18:16 12 79.365 78.708
2024_0412_16:18:26 12 98.557 98.571
2024_0412_16:18:31 12 98.452 49.959
2024_0412_16:19:00 12 0.365 0.338
2024_0412_16:19:00 12 98.676 98.722
2024_0412_16:19:08 12 -3.356 73.521
2024_0412_16:19:22 12 -0.443 0.364
2024_0412_16:19:22 12 47.623 47.549
2024_0412_16:19:23 12 94.624 98.537
2024_0412_16:19:24 12 -0.424 -0.464
2024_0412_16:19:26 12 98.302 98.622
2024_0412_16:19:32 12 0.489 0.0
2024_0412_16:19:40 12 98.367 98.537
2024_0412_16:21:00 12 -0.143 0.708
2024_0412_16:21:29 12 0.068 -0.209
2024_0412_16:21:39 12 98.412 98.688
2024_0412_16:23:11 12 98.653 98.613
2024_0412_16:23:14 12 -0.05 -0.013
2024_0412_16:23:26 12 98.71 98.744
2024_0412_16:23:52 12 -0.863 -0.335
2024_0412_16:23:53 12 24.552 24.047
2024_0412_16:24:01 12 4.142 0.783
2024_0412_16:24:16 12 -0.402 5.218
2024_0412_16:24:18 12 -1.09 0.051
2024_0412_16:24:19 12 98.413 98.453
2024_0412_16:24:19 12 -0.271 0.165
2024_0412_16:24:19 12 98.004 98.455
2024_0412_16:24:27 12 98.577 98.312
2024_0412_16:24:37 12 98.667 98.762
2024_0412_16:25:51 12 0.022 0.662
2024_0412_16:26:16 12 98.644 98.337
2024_0412_16:26:32 12 97.286 98.481
2024_0412_16:28:03 12 49.998 49.997
2024_0412_16:28:06 12 -0.421 -0.205
2024_0412_16:28:18 12 -0.008 -0.169
2024_0412_16:28:50 12 98.661 98.757
2024_0412_16:28:51 12 98.48 96.636
2024_0412_16:29:00 12 0.215 0.151
2024_0412_16:29:14 12 99.998 -99.999
2024_0412_16:29:16 12 -99.996 -99.994
2024_0412_16:29:17 12 97.894 97.305
2024_0412_16:29:17 12 98.025 98.324
2024_0412_16:29:19 12 98.556 98.518
2024_0412_16:29:28 12 98.576 98.62
2024_0412_16:29:35 12 98.496 98.539
2024_0412_16:30:38 12 98.7 98.734
2024_0412_16:31:08 12 98.905 97.112
2024_0412_16:31:26 12 98.305 99.302
2024_0412_16:32:57 12 98.415 98.344
2024_0412_16:33:09 12 -44.474 47.663
2024_0412_16:33:10 12 -53.85 59.998
2024_0412_16:33:47 12 34.069 -34.998
2024_0412_16:33:53 12 50.679 50.95
2024_0412_16:33:54 12 98.533 98.554
2024_0412_16:34:08 12 0.337 -0.386
2024_0412_16:34:09 12 -0.101 -0.524
2024_0412_16:34:10 12 98.626 98.628
2024_0412_16:34:12 12 73.689 90.406
2024_0412_16:34:16 12 98.816 98.662
2024_0412_16:34:19 12 50.0 49.999
2024_0412_16:34:27 12 -0.586 0.756
2024_0412_16:35:26 12 -25.399 98.47
2024_0412_16:35:52 12 45.712 -3.169
2024_0412_16:36:17 12 98.522 98.341
2024_0412_16:37:54 13 0.077 -0.154
2024_0412_16:38:03 13 0.039 0.581
2024_0412_16:38:05 13 49.774 49.885
2024_0412_16:38:42 13 -1.017 2.117
2024_0412_16:38:50 13 9.765 -9.984
2024_0412_16:38:51 13 98.679 98.747
2024_0412_16:39:05 13 -0.592 0.107
2024_0412_16:39:05 13 -0.649 -0.064
2024_0412_16:39:06 13 0.133 -0.241
2024_0412_16:39:10 13 -5.029 98.207
2024_0412_16:39:13 13 10.182 -9.19
2024_0412_16:39:15 13 -0.571 -0.04
2024_0412_16:39:26 13 98.421 98.474
2024_0412_16:40:18 13 97.821 22.938
2024_0412_16:40:37 13 98.317 98.582
2024_0412_16:41:08 13 98.381 98.517
2024_0412_16:42:51 13 98.644 98.701
2024_0412_16:42:58 13 0.167 0.275
2024_0412_16:42:59 13 15.922 16.597
2024_0412_16:43:32 13 -0.308 -0.429
2024_0412_16:43:41 13 -50.021 49.921
2024_0412_16:43:43 13 47.751 47.736
2024_0412_16:43:57 13 -0.572 0.268
2024_0412_16:43:58 13 21.614 73.711
2024_0412_16:43:58 13 47.925 47.91
2024_0412_16:44:05 13 -0.344 1.03
2024_0412_16:44:07 13 0.339 -0.311
2024_0412_16:44:09 13 1.417 0.453
2024_0412_16:44:32 13 2.352 2.283
2024_0412_16:45:11 13 98.237 98.531
2024_0412_16:45:22 13 0.361 0.053
2024_0412_16:46:04 13 0.174 -0.662
2024_0412_16:47:40 13 49.999 -99.998
2024_0412_16:47:51 13 47.835 47.738
2024_0412_16:47:55 13 0.326 -0.648
2024_0412_16:48:30 13 0.084 -0.135
2024_0412_16:48:36 13 -0.419 1.116
2024_0412_16:48:40 13 77.692 77.466
2024_0412_16:48:52 13 -0.242 0.506
2024_0412_16:48:53 13 0.358 -0.115
2024_0412_16:48:56 13 -1.344 97.889
2024_0412_16:49:05 13 98.676 98.529
2024_0412_16:49:05 13 15.453 16.025
2024_0412_16:49:09 13 -0.237 0.407
2024_0412_16:49:30 13 -0.094 -0.784
2024_0412_16:50:01 13 0.266 0.264
2024_0412_16:50:09 13 97.037 97.066
2024_0412_16:51:01 13 97.443 97.297
2024_0412_16:52:36 13 90.827 98.396
2024_0412_16:52:43 13 -49.997 99.994
2024_0412_16:52:51 13 98.39 98.236
2024_0412_16:53:24 13 24.067 -0.565
2024_0412_16:53:36 13 -0.693 -0.14
2024_0412_16:53:38 13 -2.148 48.208
2024_0412_16:53:46 13 -0.504 -0.255
2024_0412_16:53:47 13 -0.607 0.119
2024_0412_16:53:50 13 72.962 74.117
2024_0412_16:54:01 13 -8.603 8.225
2024_0412_16:54:03 13 0.241 -0.075
2024_0412_16:54:11 13 98.314 98.559
2024_0412_16:54:26 13 -0.311 -0.888
2024_0412_16:54:52 13 99.998 -49.999
2024_0412_16:54:58 13 46.084 47.397
2024_0412_16:55:52 13 1.366 -0.47
2024_0412_16:57:30 13 98.657 98.545
2024_0412_16:57:38 13 48.178 -46.133
2024_0412_16:57:49 13 98.616 98.533
2024_0412_16:58:16 13 -0.064 0.405
2024_0412_16:58:29 13 0.22 -0.314
2024_0412_16:58:29 13 -49.998 -49.997
2024_0412_16:58:37 13 -0.189 -0.237
2024_0412_16:58:38 13 -2.862 45.62
2024_0412_16:58:43 13 -9.83 10.244
2024_0412_16:58:53 13 0.83 0.94
2024_0412_16:58:57 13 0.001 -0.687
2024_0412_16:59:07 13 98.709 98.561
2024_0412_16:59:20 13 0.747 0.075
2024_0412_16:59:35 13 -0.2 -0.043
2024_0412_16:59:51 13 -9.911 10.025
2024_0412_17:00:42 13 -0.191 0.165
2024_0412_17:02:21 13 98.448 98.268
2024_0412_17:02:28 13 50.0 49.994
2024_0412_17:02:43 13 24.659 30.218
2024_0412_17:03:12 13 98.081 98.539
2024_0412_17:03:25 13 98.619 98.79
2024_0412_17:03:26 13 98.866 98.491
2024_0412_17:03:31 13 -0.247 0.276
2024_0412_17:03:36 13 1.598 0.083
2024_0412_17:03:37 13 98.663 98.507
2024_0412_17:03:51 13 -2.491 46.997
2024_0412_17:03:51 13 -0.38 -0.091
2024_0412_17:04:04 13 -3.227 33.736
2024_0412_17:04:18 13 1.7 0.623
2024_0412_17:04:19 13 98.76 97.15
2024_0412_17:04:48 13 -0.343 0.488
2024_0412_17:05:34 13 98.308 98.189
2024_0412_17:07:14 13 0.019 0.38
2024_0412_17:07:20 13 0.219 -0.226
2024_0412_17:07:39 13 0.42 2.778
2024_0412_17:08:05 13 99.998 99.998
2024_0412_17:08:20 13 3.461 -0.459
2024_0412_17:08:22 13 -0.175 0.27
2024_0412_17:08:26 13 -0.057 0.278
2024_0412_17:08:29 13 98.386 98.594
2024_0412_17:08:33 13 98.881 98.943
2024_0412_17:08:55 13 1.845 1.986
2024_0412_17:09:17 13 0.005 0.409
2024_0412_17:09:47 13 49.977 98.462
2024_0412_17:11:50 13 15.907 15.572
2024_0412_17:12:03 13 -1.812 48.837
2024_0412_17:12:07 13 97.498 98.502
2024_0412_17:12:08 13 97.736 49.07
2024_0412_17:12:11 13 14.746 15.385
2024_0412_17:12:34 13 46.875 46.921
2024_0412_17:12:59 13 98.524 98.443
2024_0412_17:13:16 13 2.042 -0.836
2024_0412_17:13:21 13 2.102 2.282
2024_0412_17:13:22 13 98.736 98.207
2024_0412_17:13:28 13 98.552 98.391
2024_0412_17:13:50 13 16.789 16.604
2024_0412_17:14:13 13 0.03 0.043
2024_0412_17:14:18 13 98.669 98.675
2024_0412_17:14:39 13 47.832 47.412
2024_0412_17:16:46 13 -0.077 0.107
2024_0412_17:16:47 13 -0.09 -0.213
2024_0412_17:16:52 13 0.481 -0.424
2024_0412_17:17:00 13 -0.364 -0.105
2024_0412_17:17:01 13 98.953 96.87
2024_0412_17:17:06 13 98.657 97.514
2024_0412_17:17:28 13 0.22 -0.32
2024_0412_17:17:55 13 -0.431 0.394
2024_0412_17:18:10 13 0.085 0.024
2024_0412_17:18:13 13 -0.222 0.167
2024_0412_17:18:13 13 -0.091 0.238
2024_0412_17:18:22 13 -0.837 -0.115
2024_0412_17:18:46 13 -0.254 0.311
2024_0412_17:19:10 13 0.249 0.024
2024_0412_17:19:17 13 98.642 50.58
2024_0412_17:19:32 13 -0.285 -0.058
2024_0412_17:21:32 13 -0.355 -0.421
2024_0412_17:21:41 13 -3.108 48.062
2024_0412_17:21:47 13 0.054 0.14
2024_0412_17:21:52 13 98.455 98.483
2024_0412_17:21:57 13 -0.374 0.0
2024_0412_17:22:01 13 97.655 97.182
2024_0412_17:22:22 13 98.468 98.551
2024_0412_17:22:48 13 0.513 -0.685
2024_0412_17:23:03 13 -0.024 0.512
2024_0412_17:23:07 13 52.388 -52.667
2024_0412_17:23:10 13 98.687 98.776
2024_0412_17:23:18 13 50.118 68.314
2024_0412_17:23:39 13 5.07 25.821
2024_0412_17:24:05 13 98.134 98.195
2024_0412_17:24:10 13 0.301 -0.295
2024_0412_17:24:24 13 0.059 0.099
2024_0412_17:26:18 13 99.087 98.751
2024_0412_17:26:38 13 98.494 98.506
2024_0412_17:26:40 13 -0.838 0.976
2024_0412_17:26:42 13 -33.334 33.266
2024_0412_17:26:49 13 98.345 98.614
2024_0412_17:26:56 13 0.41 0.002
2024_0412_17:27:16 13 0.258 -0.719
2024_0412_17:27:42 13 -0.065 47.748
2024_0412_17:27:58 13 47.509 47.846
2024_0412_17:28:02 13 98.403 98.43
2024_0412_17:28:06 13 78.07 77.89
2024_0412_17:28:11 13 11.606 11.79
2024_0412_17:28:34 13 96.519 97.627
2024_0412_17:28:59 13 16.602 16.204
2024_0412_17:29:05 13 -0.324 -0.32
2024_0412_17:29:23 13 98.427 98.489
2024_0412_17:31:03 13 0.546 0.395
2024_0412_17:31:33 13 13.243 30.012
2024_0412_17:31:34 13 0.697 -0.23
2024_0412_17:31:42 13 99.089 96.49
2024_0412_17:31:47 13 19.737 20.427
2024_0412_17:31:52 13 98.73 98.865
2024_0412_17:32:09 13 19.945 -19.898
2024_0412_17:32:35 13 11.246 11.316
2024_0412_17:32:53 13 98.667 98.546
2024_0412_17:32:54 13 2.057 -0.307
2024_0412_17:33:02 14 -0.02 -0.083
2024_0412_17:33:07 14 98.114 98.299
2024_0412_17:33:28 14 -0.201 -0.119
2024_0412_17:33:56 14 -0.34 0.084
2024_0412_17:33:58 14 -11.611 12.591
2024_0412_17:34:12 14 -99.994 -49.998
2024_0412_17:35:51 14 98.714 98.716
2024_0412_17:36:22 14 -0.434 0.532
2024_0412_17:36:32 14 98.411 98.459
2024_0412_17:36:40 14 -0.215 -0.133
2024_0412_17:36:47 14 0.225 0.447
2024_0412_17:37:09 14 0.075 0.147
2024_0412_17:37:31 14 28.46 37.87
2024_0412_17:37:44 14 0.364 -0.865
2024_0412_17:37:48 14 98.497 98.382
2024_0412_17:37:50 14 0.136 0.137
2024_0412_17:37:59 14 -0.063 0.858
2024_0412_17:38:05 14 49.143 98.481
2024_0412_17:38:26 14 97.96 48.478
2024_0412_17:38:49 14 -0.228 1.013
2024_0412_17:38:58 14 98.51 98.706
2024_0412_17:39:08 14 -0.567 -0.496
2024_0412_17:40:33 14 -0.249 -0.249
2024_0412_17:41:17 14 1.911 0.812
2024_0412_17:41:23 14 98.68 98.41
2024_0412_17:41:36 14 -99.996 -99.994
2024_0412_17:41:51 14 -0.189 2.359
2024_0412_17:42:09 14 15.769 15.764
2024_0412_17:42:28 14 97.994 98.28
2024_0412_17:42:38 14 0.22 0.06
2024_0412_17:42:43 14 -0.269 48.159
2024_0412_17:42:51 14 68.004 88.364
2024_0412_17:42:55 14 -0.092 -0.085
2024_0412_17:43:12 14 0.0 -0.002
2024_0412_17:43:22 14 8.755 -8.882
2024_0412_17:43:39 14 0.148 -0.503
2024_0412_17:43:57 14 98.414 46.884
2024_0412_17:44:08 14 98.042 98.201
2024_0412_17:45:14 14 0.377 -0.196
2024_0412_17:46:07 14 9.254 9.882
2024_0412_17:46:12 14 9.894 -10.698
2024_0412_17:46:34 14 -0.083 -0.099
2024_0412_17:46:52 14 98.537 97.931
2024_0412_17:47:05 14 -0.029 0.092
2024_0412_17:47:26 14 -20.547 72.109
2024_0412_17:47:27 14 0.187 -0.547
2024_0412_17:47:41 14 -99.996 99.997
2024_0412_17:47:52 14 98.396 98.408
2024_0412_17:47:56 14 98.665 98.665
2024_0412_17:48:07 14 -16.363 17.34
2024_0412_17:48:16 14 0.072 -0.089
2024_0412_17:48:31 14 98.731 98.679
2024_0412_17:48:53 14 -9.94 9.834
2024_0412_17:49:05 14 98.706 98.215
2024_0412_17:50:03 14 98.422 98.453
2024_0412_17:50:56 14 98.738 47.459
2024_0412_17:50:59 14 -10.016 10.02
2024_0412_17:51:36 14 98.412 99.115
2024_0412_17:51:51 14 41.605 41.46
2024_0412_17:52:02 14 98.438 98.427
2024_0412_17:52:21 14 3.24 2.028
2024_0412_17:52:26 14 98.476 98.323
2024_0412_17:52:48 14 97.756 97.544
2024_0412_17:52:50 14 0.524 0.143
2024_0412_17:52:54 14 -0.057 -0.163
2024_0412_17:53:03 14 15.112 14.764
2024_0412_17:53:15 14 98.424 98.594
2024_0412_17:53:22 14 0.127 -0.111
2024_0412_17:53:49 14 0.0 0.074
2024_0412_17:54:05 14 98.509 98.581
2024_0412_17:54:57 14 -0.276 -0.119
2024_0412_17:55:39 14 1.374 -0.211
2024_0412_17:55:49 14 1.887 13.751
2024_0412_17:56:34 14 66.524 58.833
2024_0412_17:56:45 14 0.103 -0.328
2024_0412_17:56:58 14 10.248 9.831
2024_0412_17:57:12 14 98.542 98.382
2024_0412_17:57:22 14 98.749 98.602
2024_0412_17:57:39 14 -0.032 -0.07
2024_0412_17:57:41 14 -19.683 19.894
2024_0412_17:57:49 14 -0.143 -0.435
2024_0412_17:57:57 14 98.412 96.909
2024_0412_17:58:08 14 98.726 98.828
2024_0412_17:58:10 14 0.344 0.148
2024_0412_17:58:40 14 99.998 49.999
2024_0412_17:58:53 14 -0.51 0.252
2024_0412_17:59:49 14 -0.027 -0.224
2024_0412_18:00:22 14 0.147 -0.097
2024_0412_18:00:39 14 98.116 98.214
2024_0412_18:01:30 14 -0.516 -0.167
2024_0412_18:01:43 14 6.569 32.253
2024_0412_18:02:04 14 98.144 98.004
2024_0412_18:02:12 14 98.658 98.519
2024_0412_18:02:26 14 -0.095 0.329
2024_0412_18:02:28 14 -0.164 -0.285
2024_0412_18:02:36 14 1.975 -1.084
2024_0412_18:02:45 14 21.14 46.996
2024_0412_18:02:57 14 45.947 98.51
2024_0412_18:03:05 14 98.482 98.411
2024_0412_18:03:32 14 48.181 1.072
2024_0412_18:03:44 14 -45.453 47.63
2024_0412_18:04:40 14 -33.695 33.633
2024_0412_18:04:52 14 -0.159 3.686
2024_0412_18:05:08 14 -0.076 -0.418
2024_0412_18:05:36 14 98.335 98.447
2024_0412_18:06:21 14 -0.299 97.8
2024_0412_18:06:33 14 97.645 97.244
2024_0412_18:06:49 14 45.655 5.025
2024_0412_18:06:56 14 0.554 -0.07
2024_0412_18:07:14 14 60.07 -60.099
2024_0412_18:07:14 14 1.472 4.622
2024_0412_18:07:27 14 98.621 98.172
2024_0412_18:07:31 14 -0.093 -0.78
2024_0412_18:07:44 14 77.17 77.991
2024_0412_18:07:57 14 98.801 98.696
2024_0412_18:08:23 14 98.526 98.514
2024_0412_18:09:30 14 99.023 41.329
2024_0412_18:09:40 14 0.017 0.132
2024_0412_18:09:50 14 0.07 -0.115
2024_0412_18:10:23 14 -0.024 -0.054
2024_0412_18:10:25 14 98.443 98.209
2024_0412_18:11:13 14 98.118 98.307
2024_0412_18:11:18 14 -0.188 0.164
2024_0412_18:11:36 14 14.688 15.184
2024_0412_18:11:40 14 0.152 0.064
2024_0412_18:12:01 14 0.27 -0.108
2024_0412_18:12:06 14 98.161 98.715
2024_0412_18:12:13 14 -0.51 32.352
2024_0412_18:12:19 14 98.311 98.426
2024_0412_18:12:30 14 98.09 97.916
2024_0412_18:12:49 14 35.596 -3.545
2024_0412_18:13:08 14 98.688 98.622
2024_0412_18:14:18 14 98.754 98.644
2024_0412_18:14:25 14 98.233 98.309
2024_0412_18:14:35 14 98.931 98.768
2024_0412_18:15:05 14 -0.205 0.063
2024_0412_18:15:09 14 -2.025 49.875
2024_0412_18:15:57 14 -36.061 35.962
2024_0412_18:16:01 14 -0.719 -0.197
2024_0412_18:16:20 14 27.14 35.736
2024_0412_18:16:26 14 98.414 98.257
2024_0412_18:16:46 14 0.501 -0.553
2024_0412_18:16:56 14 49.164 48.003
2024_0412_18:17:02 14 -0.147 -0.113
2024_0412_18:17:06 14 47.377 47.409
2024_0412_18:17:14 14 98.526 98.39
2024_0412_18:17:34 14 97.856 98.298
2024_0412_18:17:54 14 46.189 -2.906
2024_0412_18:18:59 14 98.562 98.477
2024_0412_18:19:07 14 -33.333 33.166
2024_0412_18:19:24 14 0.346 -0.273
2024_0412_18:19:51 14 -8.14 7.845
2024_0412_18:19:52 14 49.812 -0.502
2024_0412_18:20:41 14 72.745 -2.242
2024_0412_18:20:42 14 99.998 49.999
2024_0412_18:21:03 14 98.445 97.979
2024_0412_18:21:09 14 -0.012 0.339
2024_0412_18:21:42 14 3.43 19.791
2024_0412_18:21:48 14 98.0 98.557
2024_0412_18:21:48 14 0.013 0.078
2024_0412_18:22:01 14 98.478 98.572
2024_0412_18:22:23 14 98.185 98.177
2024_0412_18:22:39 14 -0.115 -0.547
2024_0412_18:23:45 14 98.54 98.327
2024_0412_18:23:52 14 0.275 -0.225
2024_0412_18:24:13 14 -0.047 0.824
2024_0412_18:24:27 14 -0.087 0.564
2024_0412_18:24:40 14 -0.606 -0.412
2024_0412_18:24:46 14 98.511 98.25
2024_0412_18:25:24 14 98.358 98.735
2024_0412_18:25:27 14 -9.936 10.121
2024_0412_18:25:48 14 93.458 98.134
2024_0412_18:25:56 14 82.205 82.094
2024_0412_18:26:27 14 -1.238 -0.417
2024_0412_18:26:32 14 0.028 -0.213
2024_0412_18:26:34 15 98.138 97.322
2024_0412_18:26:50 15 98.497 98.311
2024_0412_18:27:12 15 98.342 98.678
2024_0412_18:27:27 15 29.667 -3.491
2024_0412_18:28:30 15 -0.143 0.062
2024_0412_18:29:13 15 -0.153 -0.372
2024_0412_18:29:25 15 0.059 -0.292
2024_0412_18:29:32 15 9.828 -10.427
2024_0412_18:30:01 15 95.92 95.905
2024_0412_18:30:07 15 -0.489 -0.046
2024_0412_18:30:12 15 98.401 98.189
2024_0412_18:30:34 15 97.945 74.353
2024_0412_18:30:39 15 0.588 0.367
2024_0412_18:31:13 15 16.489 14.883
2024_0412_18:31:16 15 47.161 -22.106
2024_0412_18:31:18 15 22.302 98.501
2024_0412_18:31:34 15 11.943 -12.946
2024_0412_18:31:51 15 34.814 -17.854
2024_0412_18:32:06 15 7.523 -7.87
2024_0412_18:32:11 15 98.324 98.499
2024_0412_18:33:18 15 98.39 98.499
2024_0412_18:34:01 15 0.326 0.013
2024_0412_18:34:08 15 0.024 -0.241
2024_0412_18:34:16 15 97.935 55.275
2024_0412_18:34:48 15 98.751 98.583
2024_0412_18:34:51 15 88.703 58.077
2024_0412_18:34:54 15 6.338 -1.684
2024_0412_18:35:19 15 98.958 49.019
2024_0412_18:35:24 15 98.824 98.219
2024_0412_18:35:59 15 98.766 98.774
2024_0412_18:36:00 15 8.056 -8.54
2024_0412_18:36:03 15 -0.273 0.204
2024_0412_18:36:29 15 98.255 98.181
2024_0412_18:36:48 15 -7.671 8.349
2024_0412_18:36:56 15 24.549 -5.949
2024_0412_18:38:03 15 0.042 -0.08
2024_0412_18:38:45 15 0.501 -0.384
2024_0412_18:38:52 15 97.462 98.29
2024_0412_18:39:03 15 98.026 98.362
2024_0412_18:39:34 15 98.254 98.399
2024_0412_18:39:36 15 98.095 97.866
2024_0412_18:39:38 15 98.783 98.894
2024_0412_18:39:42 15 98.451 98.468
2024_0412_18:40:05 15 98.427 98.441
2024_0412_18:40:09 15 97.459 96.925
2024_0412_18:40:41 15 -0.001 -0.167
2024_0412_18:40:46 15 98.701 98.684
2024_0412_18:40:50 15 1.029 -0.618
2024_0412_18:41:10 15 35.46 36.031
2024_0412_18:41:35 15 -2.678 2.789
2024_0412_18:41:39 15 16.588 14.684
2024_0412_18:42:44 15 78.049 78.251
2024_0412_18:43:31 15 2.375 -2.302
2024_0412_18:43:34 15 0.068 0.208
2024_0412_18:43:55 15 97.984 48.545
2024_0412_18:44:22 15 0.2 0.195
2024_0412_18:44:25 15 98.413 98.532
2024_0412_18:44:25 15 49.336 49.404
2024_0412_18:44:25 15 0.169 48.144
2024_0412_18:45:02 15 0.298 0.216
2024_0412_18:45:30 15 15.166 14.754
2024_0412_18:45:33 15 -10.007 10.052
2024_0412_18:45:34 15 98.922 97.017
2024_0412_18:45:57 15 98.215 97.707
2024_0412_18:46:18 15 0.278 -0.05
2024_0412_18:46:22 15 -0.088 -0.049
2024_0412_18:47:18 15 -99.998 -49.999
2024_0412_18:47:20 15 22.766 21.393
2024_0412_18:48:18 15 98.35 98.348
2024_0412_18:48:20 15 0.151 0.011
2024_0412_18:48:42 15 -0.01 0.001
2024_0412_18:49:06 15 -99.995 99.992
2024_0412_18:49:11 15 -0.367 -0.04
2024_0412_18:49:16 15 2.164 1.617
2024_0412_18:49:56 15 -1.384 48.803
2024_0412_18:50:20 15 98.298 98.33
2024_0412_18:50:21 15 97.409 98.38
2024_0412_18:50:22 15 43.644 43.418
2024_0412_18:50:46 15 48.111 96.922
2024_0412_18:51:03 15 49.048 49.231
2024_0412_18:51:11 15 98.731 98.818
2024_0412_18:51:58 15 0.309 -0.158
2024_0412_18:52:07 15 -0.164 0.192
2024_0412_18:53:03 15 98.538 98.5
2024_0412_18:53:05 15 99.996 -49.997
2024_0412_18:53:08 15 -10.272 10.333
2024_0412_18:53:29 15 98.503 98.36
2024_0412_18:53:52 15 0.602 0.123
2024_0412_18:53:55 15 -0.03 0.016
2024_0412_18:54:01 15 98.306 98.398
2024_0412_18:54:42 15 -12.717 45.25
2024_0412_18:55:04 15 96.85 96.89
2024_0412_18:55:06 15 0.249 0.075
2024_0412_18:55:12 15 -0.013 0.111
2024_0412_18:55:32 15 12.569 -12.947
2024_0412_18:55:45 15 -0.178 -0.009
2024_0412_18:55:57 15 98.732 98.215
2024_0412_18:56:34 15 98.665 98.543
2024_0412_18:56:51 15 -0.397 -0.432
2024_0412_18:57:48 15 0.279 0.041
2024_0412_18:57:51 15 -0.689 43.002
2024_0412_18:57:54 15 -0.116 0.529
2024_0412_18:58:17 15 77.912 78.559
2024_0412_18:58:35 15 -14.572 63.81
2024_0412_18:58:45 15 -0.365 1.035
2024_0412_18:58:53 15 98.089 98.316
2024_0412_18:59:26 15 100.0 100.0
2024_0412_18:59:49 15 42.871 43.565
2024_0412_18:59:58 15 -0.318 0.327
2024_0412_19:00:07 15 87.697 87.807
2024_0412_19:00:16 15 -0.275 -0.178
2024_0412_19:00:29 15 49.998 -99.996
2024_0412_19:00:40 15 -0.734 -0.595
2024_0412_19:01:11 15 99.633 -34.6
2024_0412_19:01:40 15 -0.526 0.211
2024_0412_19:02:31 15 0.092 0.729
2024_0412_19:02:38 15 98.283 97.844
2024_0412_19:02:40 15 98.282 90.102
2024_0412_19:03:01 15 1.699 1.392
2024_0412_19:03:21 15 98.24 98.442
2024_0412_19:03:33 15 51.235 50.516
2024_0412_19:04:14 15 84.497 88.445
2024_0412_19:04:39 15 98.532 53.104
2024_0412_19:04:43 15 -0.458 0.239
2024_0412_19:04:59 15 1.302 1.159
2024_0412_19:05:05 15 3.693 -4.015
2024_0412_19:05:16 15 0.002 0.004
2024_0412_19:05:27 15 33.454 -33.156
2024_0412_19:05:48 15 27.114 -27.672
2024_0412_19:06:06 15 -16.228 16.886
2024_0412_19:06:31 15 98.334 97.83
2024_0412_19:07:27 15 3.172 -3.132
2024_0412_19:07:33 15 98.741 97.869
2024_0412_19:07:46 15 98.75 98.564
2024_0412_19:08:03 15 0.178 -0.045
2024_0412_19:08:22 15 -9.961 9.845
2024_0412_19:09:14 15 0.277 0.029
2024_0412_19:09:32 15 98.561 98.575
2024_0412_19:09:34 15 -0.536 -0.121
2024_0412_19:09:48 15 -0.205 0.683
2024_0412_19:09:56 15 -10.052 9.444
2024_0412_19:09:59 15 0.323 -0.371
2024_0412_19:10:00 15 45.391 98.188
2024_0412_19:10:22 15 43.174 13.8
2024_0412_19:10:29 15 98.537 96.281
2024_0412_19:11:25 15 48.855 -0.396
2024_0412_19:12:18 15 98.491 98.374
2024_0412_19:12:27 15 98.755 98.85
2024_0412_19:12:37 15 -0.047 -0.41
2024_0412_19:12:42 15 -0.896 0.036
2024_0412_19:13:11 15 13.983 12.483
2024_0412_19:13:51 15 98.372 98.563
2024_0412_19:13:57 15 -19.022 20.064
2024_0412_19:14:20 15 18.274 18.382
2024_0412_19:14:24 15 0.134 -0.185
2024_0412_19:14:37 15 -0.109 -0.22
2024_0412_19:14:42 15 -0.03 -0.069
2024_0412_19:14:49 15 -0.097 -0.047
2024_0412_19:14:52 15 98.623 98.119
2024_0412_19:15:11 15 98.331 98.508
2024_0412_19:15:12 15 -0.538 -0.06
2024_0412_19:16:09 15 2.111 -0.055
2024_0412_19:17:03 15 4.16 -3.846
2024_0412_19:17:15 15 98.411 97.782
2024_0412_19:17:17 15 0.537 0.136
2024_0412_19:17:22 15 99.998 -49.998
2024_0412_19:17:56 15 3.243 -2.722
2024_0412_19:18:40 15 98.783 98.314
2024_0412_19:18:41 15 98.465 98.444
2024_0412_19:19:05 15 0.332 -0.754
2024_0412_19:19:11 15 0.447 0.494
2024_0412_19:19:22 16 98.497 98.532
2024_0412_19:19:27 16 98.694 91.971
2024_0412_19:19:38 16 14.951 15.512
2024_0412_19:19:42 16 98.627 98.685
2024_0412_19:19:50 16 19.864 -20.03
2024_0412_19:20:03 16 0.337 -0.459
2024_0412_19:20:54 16 0.474 0.183
2024_0412_19:21:46 16 -10.294 9.898
2024_0412_19:21:59 16 47.129 0.253
2024_0412_19:22:03 16 98.913 97.931
2024_0412_19:22:06 16 19.71 -6.597
2024_0412_19:22:46 16 98.363 98.436
2024_0412_19:23:25 16 65.227 -5.383
2024_0412_19:23:49 16 16.5 -16.57
2024_0412_19:23:57 16 98.86 98.714
2024_0412_19:24:03 16 62.07 97.719
2024_0412_19:24:08 16 97.825 97.997
2024_0412_19:24:16 16 49.357 49.394
2024_0412_19:24:22 16 -0.247 0.124
2024_0412_19:24:26 16 16.721 -16.953
2024_0412_19:24:28 16 57.46 64.571
2024_0412_19:24:50 16 97.273 98.698
2024_0412_19:25:40 16 -0.089 0.168
2024_0412_19:26:28 16 -0.505 -0.108
2024_0412_19:26:43 16 99.047 96.729
2024_0412_19:26:45 16 -0.242 -0.167
2024_0412_19:26:53 16 47.255 98.448
2024_0412_19:27:36 16 98.157 98.369
2024_0412_19:28:06 16 98.695 98.469
2024_0412_19:28:38 16 16.736 -16.603
2024_0412_19:28:40 16 0.391 -0.226
2024_0412_19:28:51 16 16.575 -17.131
2024_0412_19:28:53 16 98.736 98.595
2024_0412_19:29:00 16 -31.252 63.151
2024_0412_19:29:03 16 -6.694 6.364
2024_0412_19:29:07 16 98.383 98.27
2024_0412_19:29:17 16 1.249 0.441
2024_0412_19:29:38 16 0.635 0.627
2024_0412_19:30:22 16 0.47 0.385
2024_0412_19:31:22 16 0.568 -0.132
2024_0412_19:31:23 16 0.138 -0.65
2024_0412_19:31:29 16 6.74 -8.791
2024_0412_19:31:38 16 98.146 98.042
2024_0412_19:32:19 16 -0.409 -0.084
2024_0412_19:32:52 16 98.506 57.997
2024_0412_19:33:21 16 16.629 16.822
2024_0412_19:33:26 16 0.133 -0.156
2024_0412_19:33:38 16 78.263 77.916
2024_0412_19:33:39 16 98.692 98.658
2024_0412_19:33:45 16 -0.271 29.21
2024_0412_19:33:45 16 98.283 98.316
2024_0412_19:33:46 16 0.812 1.674
2024_0412_19:34:02 16 0.139 -0.329
2024_0412_19:34:24 16 98.791 97.841
2024_0412_19:35:08 16 78.961 79.07
2024_0412_19:36:09 16 -0.334 0.159
2024_0412_19:36:09 16 98.266 67.956
2024_0412_19:36:11 16 0.19 0.638
2024_0412_19:36:23 16 98.841 98.409
2024_0412_19:37:09 16 -9.907 10.037
2024_0412_19:37:42 16 81.279 44.461
2024_0412_19:38:08 16 97.794 98.01
2024_0412_19:38:13 16 98.433 98.507
2024_0412_19:38:27 16 38.147 94.139
2024_0412_19:38:28 16 71.097 54.645
2024_0412_19:38:29 16 45.529 13.388
2024_0412_19:38:31 16 -0.09 0.272
2024_0412_19:38:32 16 -0.038 0.131
2024_0412_19:38:47 16 48.85 98.805
2024_0412_19:39:12 16 99.0 98.903
2024_0412_19:39:54 16 34.928 -16.207
2024_0412_19:40:46 16 25.0 -23.092
2024_0412_19:40:56 16 29.819 30.767
2024_0412_19:41:03 16 98.701 98.672
2024_0412_19:41:58 16 98.66 98.665
2024_0412_19:42:33 16 95.316 95.553
2024_0412_19:42:58 16 48.394 98.768
2024_0412_19:43:11 16 0.559 0.083
2024_0412_19:43:12 16 -2.538 25.395
2024_0412_19:43:13 16 99.027 98.856
2024_0412_19:43:15 16 0.291 0.324
2024_0412_19:43:19 16 98.535 98.117
2024_0412_19:43:20 16 97.704 98.786
2024_0412_19:43:22 16 98.318 98.704
2024_0412_19:43:40 16 98.761 98.645
2024_0412_19:44:06 16 10.047 -9.984
2024_0412_19:44:40 16 -0.106 -0.195
2024_0412_19:45:20 16 49.999 49.998
2024_0412_19:45:44 16 -0.16 0.195
2024_0412_19:46:44 16 -0.447 -0.165
2024_0412_19:47:20 16 0.207 0.172
2024_0412_19:47:55 16 -8.39 8.824
2024_0412_19:47:56 16 98.017 98.532
2024_0412_19:47:58 16 -16.701 16.877
2024_0412_19:48:03 16 -49.999 -99.998
2024_0412_19:48:09 16 98.287 98.272
2024_0412_19:48:13 16 77.599 40.491
2024_0412_19:48:25 16 97.298 98.956
2024_0412_19:48:57 16 1.368 1.957
2024_0412_19:49:22 16 27.159 26.867
2024_0412_19:49:28 16 98.358 98.499
2024_0412_19:50:02 16 0.358 0.573
2024_0412_19:50:23 16 62.17 62.942
2024_0412_19:50:30 16 -0.09 0.577
2024_0412_19:51:27 16 11.47 12.431
2024_0412_19:52:07 16 17.78 -0.228
2024_0412_19:52:24 16 -49.999 49.999
2024_0412_19:52:38 16 17.633 17.285
2024_0412_19:52:39 16 -0.044 -0.044
2024_0412_19:52:49 16 49.001 98.002
2024_0412_19:52:50 16 1.645 0.463
2024_0412_19:52:57 16 99.998 49.999
2024_0412_19:53:10 16 -0.019 47.713
2024_0412_19:53:45 16 98.546 98.465
2024_0412_19:54:17 16 39.919 -38.642
2024_0412_19:54:18 16 98.656 98.613
2024_0412_19:54:45 16 81.333 81.67
2024_0412_19:55:10 16 47.42 -3.965
2024_0412_19:56:13 16 -0.326 -0.387
2024_0412_19:56:23 16 0.323 -0.131
2024_0412_19:56:58 16 -9.536 21.102
2024_0412_19:57:13 16 0.78 -0.173
2024_0412_19:57:23 16 -0.96 0.687
2024_0412_19:57:28 16 -0.239 0.11
2024_0412_19:57:31 16 98.788 98.751
2024_0412_19:57:38 16 -0.282 0.043
2024_0412_19:57:47 16 0.436 1.454
2024_0412_19:57:49 17 98.678 98.804
2024_0412_19:57:55 17 0.458 -0.208
2024_0412_19:58:35 17 3.566 41.003
2024_0412_19:59:10 17 98.472 98.403
2024_0412_19:59:16 17 98.625 98.874
2024_0412_19:59:32 17 98.71 98.586
2024_0412_19:59:57 17 27.504 61.81
2024_0412_20:01:00 17 -0.792 -0.304
2024_0412_20:01:14 17 61.417 48.242
2024_0412_20:02:01 17 0.145 -0.238
2024_0412_20:02:01 17 -0.186 -0.232
2024_0412_20:02:05 17 11.875 12.116
2024_0412_20:02:11 17 98.48 97.895
2024_0412_20:02:14 17 0.086 -0.373
2024_0412_20:02:23 17 22.877 23.616
2024_0412_20:02:34 17 40.09 -39.764
2024_0412_20:02:39 17 -0.126 -0.189
2024_0412_20:02:43 17 98.651 98.736
2024_0412_20:03:19 17 -0.418 0.657
2024_0412_20:03:58 17 6.643 -2.607
2024_0412_20:04:00 17 -0.47 -0.312
2024_0412_20:04:19 17 98.713 98.489
2024_0412_20:04:41 17 0.947 0.005
2024_0412_20:05:46 17 48.053 47.809
2024_0412_20:06:01 17 17.01 88.869
2024_0412_20:06:43 17 -49.921 50.144
2024_0412_20:06:43 17 -6.153 6.247
2024_0412_20:06:44 17 0.472 -0.047
2024_0412_20:06:54 17 -14.124 63.77
2024_0412_20:06:58 17 2.713 20.124
2024_0412_20:07:09 17 19.526 18.297
2024_0412_20:07:21 17 40.098 -40.008
2024_0412_20:07:25 17 98.062 98.405
2024_0412_20:07:30 17 59.446 88.227
2024_0412_20:08:06 17 25.332 19.562
2024_0412_20:08:45 17 -0.448 -0.061
2024_0412_20:08:50 17 98.31 98.027
2024_0412_20:09:05 17 82.524 82.244
2024_0412_20:09:29 17 43.941 47.054
2024_0412_20:10:33 17 98.65 98.529
2024_0412_20:10:52 17 -7.367 7.642
2024_0412_20:11:23 17 98.22 93.876
2024_0412_20:11:30 17 76.479 76.966
2024_0412_20:11:38 17 0.123 0.159
2024_0412_20:11:40 17 97.693 72.605
2024_0412_20:11:45 17 98.642 98.789
2024_0412_20:11:55 17 98.257 97.569
2024_0412_20:12:10 17 78.428 77.864
2024_0412_20:12:11 17 -3.09 33.827
2024_0412_20:12:16 17 20.276 1.139
2024_0412_20:12:48 17 29.778 29.926
2024_0412_20:13:29 17 0.291 -0.419
2024_0412_20:13:34 17 98.212 98.738
2024_0412_20:13:51 17 0.096 -0.346
2024_0412_20:14:18 17 -9.15 44.648
2024_0412_20:15:38 17 98.468 98.62
2024_0412_20:15:42 17 73.893 98.005
2024_0412_20:16:11 17 10.102 -10.176
2024_0412_20:16:20 17 3.006 -2.654
2024_0412_20:16:20 17 0.309 -0.284
2024_0412_20:16:29 17 78.11 77.912
2024_0412_20:16:40 17 30.992 30.914
2024_0412_20:16:56 17 -50.002 -49.997
2024_0412_20:16:59 17 98.712 98.62
2024_0412_20:17:03 17 44.381 71.558
2024_0412_20:17:32 17 96.42 98.785
2024_0412_20:18:15 17 0.199 -0.228
2024_0412_20:18:17 17 98.605 98.402
2024_0412_20:18:21 17 -12.205 12.168
2024_0412_20:18:41 17 26.277 6.569
2024_0412_20:19:04 17 -0.069 -0.13
2024_0412_20:20:23 17 13.132 8.607
2024_0412_20:20:55 17 97.809 98.566
2024_0412_20:21:07 17 78.897 79.125
2024_0412_20:21:14 17 40.443 23.23
2024_0412_20:21:26 17 0.276 -0.051
2024_0412_20:21:40 17 78.502 78.326
2024_0412_20:21:42 17 0.242 0.228
2024_0412_20:21:50 17 -1.214 -0.963
2024_0412_20:22:17 17 -20.188 20.439
2024_0412_20:22:59 17 -0.039 -0.571
2024_0412_20:23:03 17 98.232 76.097
2024_0412_20:23:18 17 -0.04 -0.063
2024_0412_20:23:46 17 98.364 98.234
2024_0412_20:23:48 17 11.617 12.616
2024_0412_20:23:51 17 98.434 98.56
2024_0412_20:24:38 17 10.144 -9.962
2024_0412_20:25:07 17 -8.299 7.899
2024_0412_20:25:38 17 -0.09 -0.444
2024_0412_20:25:52 17 -8.676 8.245
2024_0412_20:26:01 17 12.799 -12.517
2024_0412_20:26:12 17 -0.183 -0.234
2024_0412_20:26:29 17 98.708 98.694
2024_0412_20:26:33 17 -5.596 5.821
2024_0412_20:26:33 17 0.326 1.107
2024_0412_20:27:03 17 0.074 -0.306
2024_0412_20:27:46 17 -0.137 -0.581
2024_0412_20:27:52 17 68.0 88.752
2024_0412_20:28:01 17 98.535 98.557
2024_0412_20:28:34 17 -0.909 0.535
2024_0412_20:28:36 17 -11.393 34.129
2024_0412_20:28:40 17 -0.193 -0.098
2024_0412_20:29:18 17 -25.143 24.749
2024_0412_20:30:01 17 97.752 98.289
2024_0412_20:30:37 17 0.005 0.04
2024_0412_20:30:39 17 0.739 -0.122
2024_0412_20:30:57 17 0.097 -0.024
2024_0412_20:31:12 17 -0.158 0.739
2024_0412_20:31:22 17 -10.276 9.359
2024_0412_20:31:49 17 0.899 -0.434
2024_0412_20:32:36 17 24.535 47.289
2024_0412_20:32:39 17 5.482 0.148
2024_0412_20:32:58 17 20.458 20.316
2024_0412_20:33:20 17 -10.507 16.872
2024_0412_20:33:21 17 95.036 98.457
2024_0412_20:33:27 17 -0.03 -0.267
2024_0412_20:33:53 17 -0.288 0.62
2024_0412_20:33:59 17 0.258 0.078
2024_0412_20:34:49 17 0.814 -0.416
2024_0412_20:35:24 17 0.616 1.788
2024_0412_20:35:39 17 98.604 49.165
2024_0412_20:35:57 17 -0.136 0.168
2024_0412_20:36:04 17 -0.706 0.134
2024_0412_20:36:05 17 15.488 16.039
2024_0412_20:36:34 17 97.365 98.397
2024_0412_20:37:18 17 0.088 -0.12
2024_0412_20:37:25 17 45.717 19.426
2024_0412_20:37:35 17 0.088 -0.363
2024_0412_20:38:04 17 5.647 -3.313
2024_0412_20:38:06 17 -0.289 1.481
2024_0412_20:38:09 17 98.421 44.522
2024_0412_20:38:19 17 -0.325 -0.221
2024_0412_20:38:41 17 95.872 95.661
2024_0412_20:39:37 17 24.996 4.438
2024_0412_20:40:14 17 13.449 -10.104
2024_0412_20:40:31 17 49.77 -49.732
2024_0412_20:40:44 17 98.625 98.778
2024_0412_20:40:54 17 98.514 98.707
2024_0412_20:40:56 17 -1.152 1.845
2024_0412_20:41:29 17 31.934 -2.606
2024_0412_20:42:06 17 -0.332 0.347
2024_0412_20:42:23 17 39.178 79.56
2024_0412_20:42:25 17 4.309 18.534
2024_0412_20:42:50 17 -0.339 0.532
2024_0412_20:42:53 17 97.024 98.134
2024_0412_20:43:12 17 0.106 0.031
2024_0412_20:43:34 18 -15.737 15.935
2024_0412_20:44:28 18 49.999 49.999
2024_0412_20:44:33 18 -44.041 46.697
2024_0412_20:44:42 18 42.767 -42.398
2024_0412_20:45:10 18 98.684 98.764
2024_0412_20:45:25 18 -0.252 0.195
2024_0412_20:45:27 18 98.142 97.685
2024_0412_20:45:52 18 17.214 17.172
2024_0412_20:45:53 18 30.458 47.545
2024_0412_20:46:22 18 33.141 -2.45
2024_0412_20:47:00 18 98.854 48.73
2024_0412_20:47:09 18 49.861 -0.539
2024_0412_20:47:18 18 93.498 93.603
2024_0412_20:47:30 18 4.544 24.529
2024_0412_20:47:37 18 0.295 0.628
2024_0412_20:48:02 18 0.469 0.775
2024_0412_20:48:24 18 10.769 9.695
2024_0412_20:49:20 18 2.131 1.003
2024_0412_20:49:30 18 28.454 31.534
2024_0412_20:49:31 18 98.786 98.683
2024_0412_20:49:59 18 82.51 91.972
2024_0412_20:50:13 18 14.609 -1.883
2024_0412_20:50:16 18 -6.834 44.096
2024_0412_20:50:36 18 0.389 -0.368
2024_0412_20:50:38 18 98.041 98.199
2024_0412_20:51:09 18 77.676 62.656
2024_0412_20:51:45 18 -0.475 -0.717
2024_0412_20:51:52 18 97.511 96.913
2024_0412_20:52:02 18 0.124 -0.037
2024_0412_20:52:15 18 98.308 98.343
2024_0412_20:52:19 18 -10.316 42.498
2024_0412_20:52:51 18 0.27 -0.109
2024_0412_20:53:09 18 -10.232 9.927
2024_0412_20:54:07 18 -0.004 -0.029
2024_0412_20:54:20 18 98.178 98.537
2024_0412_20:54:20 18 98.113 97.904
2024_0412_20:54:43 18 0.254 0.041
2024_0412_20:55:01 18 18.535 -9.183
2024_0412_20:55:03 18 0.049 0.068
2024_0412_20:55:27 18 98.571 97.243
2024_0412_20:55:58 18 -6.968 9.751
2024_0412_20:56:30 18 -0.433 0.366
2024_0412_20:56:38 18 67.065 5.714
2024_0412_20:56:57 18 98.536 98.525
2024_0412_20:57:04 18 15.456 15.447
2024_0412_20:57:46 18 -0.001 -0.61
2024_0412_20:57:54 18 3.788 11.454
2024_0412_20:58:46 18 43.724 43.559
2024_0412_20:59:05 18 -0.237 0.086
2024_0412_20:59:09 18 -0.219 -0.126
2024_0412_20:59:29 18 98.698 98.731
2024_0412_20:59:47 18 53.633 52.636
2024_0412_20:59:51 18 98.656 96.102
2024_0412_21:00:09 18 -0.001 0.171
2024_0412_21:00:15 18 16.871 -0.616
2024_0412_21:00:44 18 -0.567 49.638
2024_0412_21:00:57 18 0.618 -0.844
2024_0412_21:01:16 18 44.048 37.711
2024_0412_21:01:25 18 8.541 35.274
2024_0412_21:01:42 18 0.194 -0.21
2024_0412_21:01:50 18 88.347 63.543
2024_0412_21:02:31 18 -25.309 49.125
2024_0412_21:02:38 18 -4.46 27.716
2024_0412_21:03:29 18 47.826 47.86
2024_0412_21:03:48 18 99.999 49.996
2024_0412_21:04:13 18 -0.008 0.001
2024_0412_21:04:33 18 -0.002 -0.6
2024_0412_21:04:40 18 97.938 97.955
2024_0412_21:04:42 18 -36.596 38.539
2024_0412_21:04:48 18 98.856 97.803
2024_0412_21:04:57 18 -0.144 0.216
2024_0412_21:05:29 18 28.273 41.243
2024_0412_21:05:41 18 88.389 67.623
2024_0412_21:06:01 18 98.648 98.664
2024_0412_21:06:17 18 99.502 79.116
2024_0412_21:06:31 18 35.596 75.727
2024_0412_21:06:36 18 -20.259 19.689
2024_0412_21:07:15 18 -12.386 12.287
2024_0412_21:07:17 18 0.248 -0.051
2024_0412_21:08:09 18 98.739 98.681
2024_0412_21:08:44 18 49.285 98.569
2024_0412_21:09:19 18 98.681 98.722
2024_0412_21:09:25 18 0.447 0.362
2024_0412_21:09:33 18 0.866 0.753
2024_0412_21:09:41 18 98.778 98.71
2024_0412_21:10:14 18 12.118 11.776
2024_0412_21:10:22 18 -12.279 13.064
2024_0412_21:10:49 18 98.539 98.361
2024_0412_21:11:16 18 14.594 15.947
2024_0412_21:11:24 18 0.329 0.226
2024_0412_21:11:25 18 1.41 0.819
2024_0412_21:12:00 18 -1.916 2.567
2024_0412_21:12:02 18 94.718 97.079
2024_0412_21:12:20 18 4.562 25.019
2024_0412_21:12:50 18 99.994 0.0
2024_0412_21:13:31 18 98.058 98.26
2024_0412_21:13:43 18 98.62 98.664
2024_0412_21:14:04 18 82.772 82.9
2024_0412_21:14:16 18 98.729 98.65
2024_0412_21:14:19 18 47.185 -0.647
2024_0412_21:14:27 18 -0.023 0.053
2024_0412_21:15:00 18 -4.784 49.788
2024_0412_21:15:26 18 6.456 9.809
2024_0412_21:15:44 18 22.532 13.716
2024_0412_21:16:02 18 -0.297 -0.201
2024_0412_21:16:02 18 0.19 -0.414
2024_0412_21:16:08 18 10.065 -9.777
2024_0412_21:16:47 18 98.34 97.486
2024_0412_21:16:52 18 98.299 98.641
2024_0412_21:17:07 18 0.589 1.174
2024_0412_21:17:41 18 98.762 98.509
2024_0412_21:18:14 18 0.383 0.194
2024_0412_21:18:28 18 16.062 14.982
2024_0412_21:18:57 18 97.356 98.929
2024_0412_21:19:01 18 62.785 62.591
2024_0412_21:19:09 18 98.242 98.387
2024_0412_21:19:11 18 49.996 -99.996
2024_0412_21:19:45 18 24.36 23.942
2024_0412_21:20:11 18 9.975 8.488
2024_0412_21:20:27 18 50.001 -49.998
2024_0412_21:20:46 18 98.524 98.363
2024_0412_21:20:53 18 0.19 0.412
2024_0412_21:20:57 18 96.092 90.815
2024_0412_21:21:31 18 11.828 -5.404
2024_0412_21:21:33 18 -0.375 0.236
2024_0412_21:21:53 18 -0.556 0.619
2024_0412_21:22:28 18 1.01 -0.854
2024_0412_21:22:58 18 2.816 2.771
2024_0412_21:23:14 18 24.752 -3.13
2024_0412_21:23:42 18 98.383 98.198
2024_0412_21:23:52 18 97.027 97.725
2024_0412_21:23:54 18 0.494 0.098
2024_0412_21:24:00 18 36.566 5.936
2024_0412_21:24:30 18 0.357 0.151
2024_0412_21:24:56 18 -0.086 0.094
2024_0412_21:25:12 18 0.289 0.222
2024_0412_21:25:25 18 -0.49 -0.296
2024_0412_21:25:40 18 57.281 58.038
2024_0412_21:25:44 18 -1.602 1.601
2024_0412_21:26:20 18 97.41 70.517
2024_0412_21:26:32 18 0.14 0.124
2024_0412_21:26:41 18 98.575 98.645
2024_0412_21:27:11 18 98.894 97.212
2024_0412_21:27:45 18 98.553 98.366
2024_0412_21:27:59 18 -7.392 7.375
2024_0412_21:28:29 18 98.208 98.182
2024_0412_21:28:35 18 10.064 -10.015
2024_0412_21:28:37 18 98.582 98.292
2024_0412_21:28:45 18 15.411 14.605
2024_0412_21:29:14 18 -0.263 0.248
2024_0412_21:29:55 18 -0.123 0.169
2024_0412_21:30:02 18 -37.229 44.694
2024_0412_21:30:26 18 18.633 18.723
2024_0412_21:30:33 18 48.885 -0.097
2024_0412_21:31:16 18 -9.254 9.847
2024_0412_21:31:27 18 0.234 0.696
2024_0412_21:31:56 18 16.761 69.772
2024_0412_21:32:29 18 8.631 -8.57
2024_0412_21:32:46 18 98.517 98.088
2024_0412_21:33:12 18 9.804 9.266
2024_0412_21:33:19 19 98.512 98.842
2024_0412_21:33:21 19 -0.559 -0.179
2024_0412_21:33:35 19 98.54 98.339
2024_0412_21:33:56 19 -0.04 -0.312
2024_0412_21:33:58 19 -0.169 -0.552
2024_0412_21:34:39 19 11.082 -4.781
2024_0412_21:34:48 19 0.183 0.277
2024_0412_21:34:52 19 97.729 98.332
2024_0412_21:35:20 19 -13.854 14.135
2024_0412_21:35:23 19 98.81 48.971
2024_0412_21:36:05 19 0.096 -0.026
2024_0412_21:36:13 19 98.599 95.942
2024_0412_21:36:44 19 98.513 98.352
2024_0412_21:37:20 19 97.782 48.618
2024_0412_21:37:53 19 -0.888 1.118
2024_0412_21:38:05 19 98.281 98.494
2024_0412_21:38:08 19 0.18 0.04
2024_0412_21:38:19 19 0.705 0.592
2024_0412_21:38:40 19 0.143 0.396
2024_0412_21:38:43 19 34.664 1.119
2024_0412_21:39:23 19 -0.406 -0.114
2024_0412_21:39:29 19 -10.241 10.184
2024_0412_21:39:36 19 1.762 1.044
2024_0412_21:40:05 19 -0.065 0.688
2024_0412_21:40:10 19 -0.236 0.037
2024_0412_21:40:53 19 98.372 91.797
2024_0412_21:40:59 19 0.312 0.12
2024_0412_21:41:36 19 49.473 98.359
2024_0412_21:42:16 19 0.333 -0.192
2024_0412_21:42:44 19 49.133 49.246
2024_0412_21:42:49 19 0.139 0.57
2024_0412_21:42:52 19 0.336 -0.076
2024_0412_21:43:08 19 0.072 0.09
2024_0412_21:43:09 19 98.809 82.042
2024_0412_21:43:27 19 1.177 10.648
2024_0412_21:44:14 19 18.945 -19.486
2024_0412_21:44:24 19 33.943 9.655
2024_0412_21:44:55 19 55.309 62.765
2024_0412_21:45:00 19 4.131 4.647
2024_0412_21:45:08 19 0.12 -0.313
2024_0412_21:45:46 19 -0.507 -1.036
2024_0412_21:46:13 19 -0.477 -0.681
2024_0412_21:46:48 19 0.387 -0.148
2024_0412_21:47:34 19 0.376 0.128
2024_0412_21:47:38 19 11.825 -10.301
2024_0412_21:47:44 19 10.375 10.621
2024_0412_21:47:54 19 1.543 -2.08
2024_0412_21:48:00 19 98.878 98.622
2024_0412_21:48:22 19 17.433 -15.364
2024_0412_21:48:57 19 16.803 -16.667
2024_0412_21:48:58 19 47.355 47.001
2024_0412_21:49:09 19 -0.662 0.368
2024_0412_21:49:40 19 11.101 22.64
2024_0412_21:49:46 19 1.809 -1.932
2024_0412_21:50:00 19 3.39 5.315
2024_0412_21:50:34 19 98.069 97.56
2024_0412_21:50:46 19 0.235 -0.467
2024_0412_21:50:52 19 -0.436 35.57
2024_0412_21:51:39 19 98.165 98.55
2024_0412_21:52:18 19 95.855 34.156
2024_0412_21:52:24 19 0.255 -0.582
2024_0412_21:52:41 19 -0.055 0.042
2024_0412_21:52:44 19 48.144 96.192
2024_0412_21:53:00 19 19.943 -20.105
2024_0412_21:53:09 19 98.617 98.619
2024_0412_21:53:43 19 14.882 11.478
2024_0412_21:53:44 19 8.646 8.357
2024_0412_21:54:27 19 -10.39 10.811
2024_0412_21:54:31 19 47.985 47.864
2024_0412_21:54:51 19 98.417 98.492
2024_0412_21:55:23 19 0.192 0.537
2024_0412_21:55:30 19 -0.269 -0.119
2024_0412_21:55:32 19 98.761 64.248
2024_0412_21:56:29 19 0.848 0.199
2024_0412_21:57:03 19 -49.999 49.996
2024_0412_21:57:10 19 -0.72 7.154
2024_0412_21:57:24 19 -0.343 0.749
2024_0412_21:57:31 19 0.075 0.497
2024_0412_21:57:36 19 0.285 -0.224
2024_0412_21:57:54 19 49.498 -49.68
2024_0412_21:58:28 19 -3.149 3.862
2024_0412_21:58:30 20 47.862 48.034
2024_0412_21:59:15 20 10.303 48.776
2024_0412_21:59:27 20 75.729 76.435
2024_0412_21:59:34 20 49.999 -49.999
2024_0412_22:00:09 20 -0.152 0.038
2024_0412_22:00:12 20 -0.28 0.581
2024_0412_22:00:20 20 20.832 49.366
2024_0412_22:01:12 20 99.996 -99.999
2024_0412_22:01:37 20 -6.538 22.746
2024_0412_22:01:51 20 -2.902 10.697
2024_0412_22:01:55 20 16.271 12.521
2024_0412_22:02:13 20 8.89 9.523
2024_0412_22:02:23 20 98.378 98.527
2024_0412_22:02:23 20 -0.502 -0.149
2024_0412_22:02:39 20 8.324 8.552
2024_0412_22:03:26 20 59.0 66.675
2024_0412_22:03:52 20 41.436 42.24
2024_0412_22:04:14 20 98.585 98.494
2024_0412_22:04:20 20 1.137 0.356
2024_0412_22:04:27 20 98.474 98.792
2024_0412_22:04:55 20 -0.326 -0.351
2024_0412_22:04:58 20 0.284 -0.068
2024_0412_22:05:05 20 -13.612 11.768
2024_0412_22:06:28 20 97.099 7.993
2024_0412_22:06:39 20 -0.134 -0.003
2024_0412_22:06:40 20 10.041 -9.626
2024_0412_22:07:00 20 98.568 98.514
2024_0412_22:07:10 20 0.002 0.002
2024_0412_22:07:12 20 16.376 -16.936
2024_0412_22:08:15 20 84.052 91.388
2024_0412_22:08:35 20 98.462 98.445
2024_0412_22:09:01 20 -0.021 0.299
2024_0412_22:09:14 20 -12.525 12.812
2024_0412_22:09:15 20 1.64 -1.085
2024_0412_22:09:44 20 98.174 98.625
2024_0412_22:09:50 20 -0.373 0.086
2024_0412_22:09:51 20 98.396 98.282
2024_0412_22:10:15 20 98.662 98.649
2024_0412_22:10:33 20 -49.999 99.998
2024_0412_22:11:18 20 9.345 9.218
2024_0412_22:11:23 20 50.107 -50.085
2024_0412_22:11:26 20 -2.693 5.344
2024_0412_22:11:44 20 -0.375 0.024
2024_0412_22:11:57 20 -0.458 -0.325
2024_0412_22:11:59 20 98.515 98.495
2024_0412_22:13:04 20 48.306 2.028
2024_0412_22:13:29 20 39.631 48.332
2024_0412_22:13:49 20 98.517 98.341
2024_0412_22:13:52 20 17.137 17.0
2024_0412_22:14:02 20 98.434 97.898
2024_0412_22:14:35 20 98.073 98.309
2024_0412_22:14:40 20 16.309 16.933
2024_0412_22:14:41 20 -6.211 70.332
2024_0412_22:15:02 20 -0.119 49.505
2024_0412_22:15:23 20 0.139 0.069
2024_0412_22:16:07 20 -0.441 -0.14
2024_0412_22:16:14 20 95.844 94.366
2024_0412_22:16:15 20 4.192 32.178
2024_0412_22:16:39 20 99.991 49.996
2024_0412_22:16:44 20 15.554 16.653
2024_0412_22:16:57 20 88.121 72.319
2024_0412_22:17:48 20 -20.221 20.155
2024_0412_22:18:15 20 61.389 40.134
2024_0412_22:18:34 20 12.621 -13.138
2024_0412_22:18:39 20 -9.842 10.304
2024_0412_22:18:51 20 24.24 5.444
2024_0412_22:19:29 20 0.218 0.436
2024_0412_22:19:29 20 69.495 88.913
2024_0412_22:20:00 20 0.638 0.548
2024_0412_22:20:09 20 98.707 98.718
2024_0412_22:20:12 20 98.524 98.561
2024_0412_22:20:59 20 98.687 98.755
2024_0412_22:21:03 20 -0.197 -0.031
2024_0412_22:21:05 20 41.723 92.61
2024_0412_22:21:29 20 27.048 21.966
2024_0412_22:21:32 20 0.536 -0.137
2024_0412_22:21:43 20 49.999 -49.999
2024_0412_22:22:37 20 49.2 98.165
2024_0412_22:23:02 20 40.157 -39.911
2024_0412_22:23:26 20 79.567 83.875
2024_0412_22:23:27 20 61.524 61.593
2024_0412_22:23:36 20 0.036 0.225
2024_0412_22:24:12 20 -0.018 -0.354
2024_0412_22:24:17 20 0.096 0.195
2024_0412_22:24:48 20 48.953 98.951
2024_0412_22:24:57 20 29.648 -12.683
2024_0412_22:25:07 20 -0.113 -0.304
2024_0412_22:25:48 20 9.103 48.992
2024_0412_22:25:51 20 49.792 -0.798
2024_0412_22:25:52 20 8.202 -7.274
2024_0412_22:26:10 20 -9.341 17.612
2024_0412_22:26:32 20 53.008 52.915
2024_0412_22:27:19 20 -29.991 30.389
2024_0412_22:27:47 20 -0.532 0.11
2024_0412_22:28:11 20 98.37 98.163
2024_0412_22:28:16 20 -0.282 -0.274
2024_0412_22:28:24 20 0.185 -0.171
2024_0412_22:29:01 20 15.371 15.51
2024_0412_22:29:03 20 49.779 -0.848
2024_0412_22:29:31 3 98.55 98.591
2024_0412_22:29:42 5 98.635 98.778
2024_0412_22:29:53 9 96.862 96.844
2024_0412_22:30:33 13 0.741 1.756
2024_0412_22:30:34 13 98.592 98.742
2024_0412_22:30:35 13 -0.572 0.083
2024_0412_22:30:47 13 -0.063 0.047
2024_0412_22:31:13 13 0.522 0.156
2024_0412_22:32:02 14 98.585 98.442
2024_0412_22:32:32 14 98.283 98.29
2024_0412_22:32:54 14 0.06 0.218
2024_0412_22:33:00 14 77.032 98.417
2024_0412_22:33:08 14 98.376 98.507
2024_0412_22:33:45 15 98.593 98.781
2024_0412_22:33:47 15 0.385 -0.195
2024_0412_22:33:50 15 97.271 98.809
2024_0412_22:34:26 15 14.639 16.078
2024_0412_22:34:38 15 98.323 66.492
2024_0412_22:34:40 15 -0.405 0.139
2024_0412_22:35:20 15 0.101 0.45
2024_0412_22:35:20 15 67.721 70.289
2024_0412_22:35:21 15 -0.162 -0.363
2024_0412_22:35:26 16 0.177 -0.481
2024_0412_22:35:59 16 99.099 96.697
2024_0412_22:36:46 16 98.432 98.576
2024_0412_22:37:39 16 78.153 78.156
2024_0412_22:37:44 16 -10.015 9.898
2024_0412_22:37:55 16 -0.203 -0.397
2024_0412_22:38:31 16 14.236 -9.21
2024_0412_22:38:37 17 47.206 45.505
2024_0412_22:39:11 17 0.088 -0.041
2024_0412_22:39:27 17 60.599 86.562
2024_0412_22:39:30 17 98.982 47.463
2024_0412_22:39:40 17 3.759 3.016
2024_0412_22:40:01 17 -49.999 49.999
2024_0412_22:40:06 17 97.566 98.602
2024_0412_22:40:08 17 -0.408 0.894
2024_0412_22:40:11 17 98.65 98.044
2024_0412_22:40:48 17 73.892 73.869
2024_0412_22:41:32 17 98.703 98.68
2024_0412_22:42:24 17 5.701 -7.015
2024_0412_22:42:25 18 -49.999 49.999
2024_0412_22:42:50 18 96.231 98.651
2024_0412_22:42:54 18 0.14 0.416
2024_0412_22:43:18 18 -0.389 -0.128
2024_0412_22:43:25 18 1.557 0.317
2024_0412_22:43:56 18 -0.163 0.209
2024_0412_22:44:11 18 49.18 -0.947
2024_0412_22:44:17 18 11.383 -11.509
2024_0412_22:44:25 18 -0.203 -0.591
2024_0412_22:44:47 19 9.941 -10.49
2024_0412_22:44:48 18 98.459 98.497
2024_0412_22:44:54 19 25.145 -25.297
2024_0412_22:44:59 19 16.266 21.891
2024_0412_22:45:42 19 98.577 98.506
2024_0412_22:46:16 19 3.368 3.878
2024_0412_22:47:08 19 15.343 -15.52
2024_0412_22:47:13 19 0.084 0.069
2024_0412_22:47:37 19 -0.263 0.246
2024_0412_22:47:42 19 97.833 97.831
2024_0412_22:48:05 19 0.531 0.06
2024_0412_22:48:05 19 15.776 14.342
2024_0412_22:48:39 19 48.384 -36.939
2024_0412_22:48:58 20 49.996 -49.997
2024_0412_22:49:05 20 0.333 0.026
2024_0412_22:49:07 20 -99.998 -49.999
2024_0412_22:49:31 20 37.821 -37.762
2024_0412_22:49:35 20 0.357 0.395
2024_0412_22:49:40 20 0.075 0.206
2024_0412_22:49:40 20 -0.096 -0.231
2024_0412_22:50:27 16 0.474 -0.114
2024_0412_22:50:55 17 -9.765 9.631
