0.20683000000013646 0.11868500000004831 0.027855000000003193 0.006694999999999811 0.02275500000000163 0.021925000000001377 0.020545000000000955 0.020290000000000877 0.020255000000000866 0.007929999999999762 0.0439749999999993 0.03667500000000213 0.061654999999992445 0.05844999999999369 0.06654999999999617 0.050869999999996626 0.06415999999999378 0.06262999999999225 0.04189000000000011 0.03938000000000108 
2024_0412_09:36:05 6 95.375 94.7875
2024_0412_09:36:05 1 95.1625 95.925
2024_0412_09:36:06 10 84.9625 94.025
2024_0412_09:36:07 11 1.6 -0.825
2024_0412_09:36:07 11 92.5625 93.8375
2024_0412_09:36:07 5 94.675 95.05
2024_0412_09:36:08 6 95.25 94.7125
2024_0412_09:36:08 8 89.65 92.5125
2024_0412_09:36:08 3 92.075 91.2375
2024_0412_09:36:08 2 92.625 92.15
2024_0412_09:36:09 2 92.225 91.4125
2024_0412_09:36:10 7 92.65 93.75
2024_0412_09:36:10 4 93.125 92.125
2024_0412_09:36:11 1 95.5125 95.1
2024_0412_09:36:12 1 94.95 95.275
2024_0412_09:36:15 9 95.4 94.6
2024_0412_09:40:46 12 64.1125 -8.375
2024_0412_09:40:46 13 -1.9875 16.9125
2024_0412_09:40:48 14 88.55 94.0125
2024_0412_09:40:50 15 0.7375 0.9375
2024_0412_09:40:50 13 -48.4375 49.0625
2024_0412_09:40:51 15 -1.375 1.4625
2024_0412_09:40:52 20 0.35 -1.3
2024_0412_09:40:53 16 -0.1 0.4125
2024_0412_09:40:53 18 -9.3625 11.05
2024_0412_09:40:55 17 0.4375 0.8875
2024_0412_09:40:59 17 0.0375 -1.525
2024_0412_09:41:03 20 0.175 0.525
2024_0412_09:41:07 18 26.8875 -26.9625
2024_0412_09:42:18 19 19.7375 13.5375
2024_0412_09:46:58 11 0.8375 -1.0625
2024_0412_09:46:59 2 93.1125 91.7625
2024_0412_09:46:59 7 92.675 93.5
2024_0412_09:47:00 1 95.9 95.1625
2024_0412_09:47:01 3 69.275 92.6875
2024_0412_09:47:01 11 -1.95 -0.5875
2024_0412_09:47:02 11 49.975 -49.9625
2024_0412_09:47:02 11 1.625 0.625
2024_0412_09:47:03 11 90.975 92.1375
2024_0412_09:47:03 8 91.675 91.1125
2024_0412_09:47:03 6 95.25 95.5875
2024_0412_09:47:04 5 95.5125 94.5875
2024_0412_09:47:07 4 89.6125 61.0625
2024_0412_09:47:08 10 90.6 93.1125
2024_0412_09:47:09 9 95.2375 94.825
2024_0412_09:47:09 11 -0.25 0.6875
2024_0412_09:51:36 11 93.5125 91.3625
2024_0412_09:51:39 11 70.25 27.7875
2024_0412_09:51:39 12 -17.45 16.925
2024_0412_09:51:42 11 94.7375 96.325
2024_0412_09:51:44 13 12.575 68.6
2024_0412_09:51:45 13 93.85 95.0625
2024_0412_09:51:46 16 -2.9375 92.0375
2024_0412_09:51:47 15 0.575 31.4
2024_0412_09:51:48 17 0.05 -0.6875
2024_0412_09:51:48 14 94.1 96.3375
2024_0412_09:51:49 19 -1.2875 1.325
2024_0412_09:51:50 18 94.65 94.9
2024_0412_09:51:54 20 49.9125 -49.9125
2024_0412_09:51:55 20 95.7125 95.1375
2024_0412_09:56:32 7 43.9 93.0
2024_0412_09:56:36 12 -2.25 0.6625
2024_0412_09:56:37 11 2.3375 -0.4125
2024_0412_09:56:39 3 92.6125 92.7375
2024_0412_09:56:39 11 -0.35 -0.2875
2024_0412_09:56:39 11 -1.2625 1.75
2024_0412_09:56:39 2 44.6 91.075
2024_0412_09:56:40 12 86.975 88.95
2024_0412_09:56:40 5 95.175 95.1375
2024_0412_09:56:40 8 92.225 92.65
2024_0412_09:56:41 1 95.3125 95.85
2024_0412_09:56:43 6 94.65 95.35
2024_0412_09:56:44 12 93.2125 92.6375
2024_0412_09:56:44 4 91.1 88.5625
2024_0412_09:56:45 10 92.65 88.35
2024_0412_09:56:46 9 94.4625 95.475
2024_0412_10:01:12 13 91.4875 89.125
2024_0412_10:01:18 13 10.7125 -11.1
2024_0412_10:01:20 13 40.075 -3.825
2024_0412_10:01:22 15 91.425 93.3125
2024_0412_10:01:22 14 1.175 0.2
2024_0412_10:01:22 15 90.6 93.4625
2024_0412_10:01:25 13 -42.9625 47.375
2024_0412_10:01:27 16 -18.825 57.9125
2024_0412_10:01:27 16 36.4875 4.5375
2024_0412_10:01:29 16 62.325 83.0375
2024_0412_10:01:30 18 -1.3125 -1.5375
2024_0412_10:01:32 17 45.9625 96.1625
2024_0412_10:01:32 18 -2.55 2.35
2024_0412_10:01:32 18 -72.3375 72.1875
2024_0412_10:01:33 18 -13.1625 10.825
2024_0412_10:01:35 14 95.3125 93.9375
2024_0412_10:05:57 18 0.025 -0.0125
2024_0412_10:06:00 19 39.425 -7.475
2024_0412_10:06:02 20 -4.1 0.0875
2024_0412_10:06:04 20 11.625 -8.9
2024_0412_10:06:07 19 29.0625 -7.3875
2024_0412_10:06:07 20 -2.4875 1.9375
2024_0412_10:06:08 18 -8.4875 28.9
2024_0412_10:06:08 20 -1.075 0.8125
2024_0412_10:10:46 11 -0.375 0.2
2024_0412_10:10:49 7 92.575 91.425
2024_0412_10:10:50 11 -0.2375 1.875
2024_0412_10:10:52 2 91.5625 88.45
2024_0412_10:10:53 1 95.1625 95.2125
2024_0412_10:10:53 11 49.9875 -50.0
2024_0412_10:10:53 11 1.6125 0.45
2024_0412_10:10:53 3 43.2 42.825
2024_0412_10:10:53 5 95.0625 95.075
2024_0412_10:10:55 6 95.4375 94.8
2024_0412_10:10:56 11 92.2375 88.8
2024_0412_10:10:56 10 93.25 93.775
2024_0412_10:10:56 9 93.9125 95.4625
2024_0412_10:10:56 8 88.075 91.725
2024_0412_10:10:58 3 91.375 90.7
2024_0412_10:13:15 11 0.6375 0.875
2024_0412_10:15:25 11 0.675 -0.9
2024_0412_10:15:29 11 -0.525 1.775
2024_0412_10:15:35 12 92.9375 92.9
2024_0412_10:15:35 11 92.175 93.775
2024_0412_10:15:37 12 0.0125 1.025
2024_0412_10:15:38 12 90.075 43.6375
2024_0412_10:15:39 12 95.4625 94.7625
2024_0412_10:15:39 12 0.7875 3.8375
2024_0412_10:15:39 12 -18.9875 58.4375
2024_0412_10:15:40 13 0.5375 -0.2
2024_0412_10:15:42 12 69.925 69.9
2024_0412_10:15:42 13 94.5125 94.825
2024_0412_10:15:43 12 85.3375 90.4625
2024_0412_10:15:45 13 49.6375 -51.3375
2024_0412_10:15:47 13 95.2875 95.675
2024_0412_10:18:01 13 91.175 92.1375
2024_0412_10:20:07 13 41.3125 4.4625
2024_0412_10:20:13 13 93.0625 90.9875
2024_0412_10:20:14 13 0.725 -0.5125
2024_0412_10:20:16 13 12.8125 -2.2
2024_0412_10:20:19 13 2.625 0.075
2024_0412_10:20:22 14 0.3 -1.025
2024_0412_10:20:24 14 0.175 -1.45
2024_0412_10:20:24 14 0.5625 -1.1875
2024_0412_10:20:25 14 90.675 92.4
2024_0412_10:20:27 14 0.475 -1.3375
2024_0412_10:20:28 14 -13.25 11.925
2024_0412_10:20:28 13 33.225 35.9875
2024_0412_10:20:30 14 43.6375 92.775
2024_0412_10:20:36 14 2.6375 -3.5
2024_0412_10:20:39 14 91.8125 91.875
2024_0412_10:22:48 14 94.725 89.5375
2024_0412_10:24:51 14 2.65 0.575
2024_0412_10:24:56 14 0.225 -0.45
2024_0412_10:25:04 15 -0.8875 0.3125
2024_0412_10:25:09 15 -44.0625 43.925
2024_0412_10:25:11 15 1.05 0.4125
2024_0412_10:25:13 15 42.0125 25.875
2024_0412_10:25:14 15 -0.95 0.0375
2024_0412_10:25:15 15 -1.0625 1.8125
2024_0412_10:25:16 15 1.5875 -0.8375
2024_0412_10:25:16 15 90.7375 90.375
2024_0412_10:25:17 15 -1.875 -0.525
2024_0412_10:25:20 15 94.65 95.25
2024_0412_10:25:25 15 -2.675 -0.875
2024_0412_10:25:26 15 95.1875 94.9125
2024_0412_10:27:34 15 0.3875 -0.5875
2024_0412_10:29:03 16 -1.675 0.6
2024_0412_10:29:34 16 29.325 71.05
2024_0412_10:29:37 16 83.8125 92.0375
2024_0412_10:29:44 16 8.1375 -7.7125
2024_0412_10:29:53 16 15.525 -17.6125
2024_0412_10:29:58 17 1.1125 -1.2375
2024_0412_10:29:59 17 -0.5625 0.3
2024_0412_10:30:00 16 10.8125 11.0
2024_0412_10:30:01 17 -79.3625 79.4125
2024_0412_10:30:02 17 -8.075 9.1125
2024_0412_10:30:02 17 80.85 56.475
2024_0412_10:30:05 17 28.95 27.975
2024_0412_10:30:06 17 99.95 -49.975
2024_0412_10:30:12 17 12.45 8.6875
2024_0412_10:30:12 17 0.025 -0.5
2024_0412_10:33:43 18 -99.875 49.8375
2024_0412_10:34:13 18 -50.0 50.0
2024_0412_10:34:20 18 94.425 -50.5625
2024_0412_10:34:27 18 38.5875 -0.9875
2024_0412_10:34:41 18 40.3625 -38.9
2024_0412_10:34:45 18 90.0 92.6625
2024_0412_10:34:46 19 16.7875 32.425
2024_0412_10:34:48 18 91.8625 90.95
2024_0412_10:34:48 18 -30.5875 34.1125
2024_0412_10:34:49 19 37.7625 -5.0625
2024_0412_10:34:56 20 -1.1125 84.525
2024_0412_10:34:57 19 -42.6 43.7375
2024_0412_10:35:02 20 -1.175 0.225
2024_0412_10:35:03 20 0.45 2.675
2024_0412_10:35:59 20 1.0125 -0.9625
2024_0412_10:36:27 20 0.2625 1.7125
2024_0412_10:38:32 20 -14.6 10.6
2024_0412_10:38:57 4 92.1 92.1
2024_0412_10:39:01 15 -0.65 -0.15
2024_0412_10:39:09 17 24.3125 -5.775
2024_0412_10:39:21 18 -1.375 -0.8375
2024_0412_10:39:31 20 23.2 -11.05
2024_0412_10:44:11 11 0.575 0.5625
2024_0412_10:44:13 11 -1.4 -0.6
2024_0412_10:44:15 4 92.0375 93.4375
2024_0412_10:44:15 7 90.8875 90.6875
2024_0412_10:44:15 7 90.625 91.925
2024_0412_10:44:16 5 94.7125 95.5875
2024_0412_10:44:17 8 92.15 93.4875
2024_0412_10:44:17 3 93.1 91.6125
2024_0412_10:44:18 6 94.9375 95.175
2024_0412_10:44:19 11 -0.7125 -0.7
2024_0412_10:44:19 9 94.3875 93.6875
2024_0412_10:44:20 3 93.6625 90.3625
2024_0412_10:44:20 11 92.5875 92.2875
2024_0412_10:44:21 1 95.225 95.275
2024_0412_10:44:22 10 90.3375 92.8125
2024_0412_10:44:22 2 92.125 92.6875
2024_0412_10:48:50 11 1.1875 -2.5125
2024_0412_10:48:54 11 11.3 12.8875
2024_0412_10:48:55 11 78.2875 90.35
2024_0412_10:48:56 11 95.525 95.25
2024_0412_10:48:57 12 -0.3875 0.325
2024_0412_10:48:59 12 93.5375 92.5375
2024_0412_10:48:59 12 78.7375 90.3375
2024_0412_10:49:00 12 0.4375 0.1375
2024_0412_10:49:04 12 94.9375 42.6625
2024_0412_10:49:05 12 90.7125 89.475
2024_0412_10:49:05 12 73.275 72.6375
2024_0412_10:49:06 13 3.075 20.7875
2024_0412_10:49:07 12 94.825 95.0
2024_0412_10:49:08 13 88.0875 80.6875
2024_0412_10:49:09 13 94.9625 95.5875
2024_0412_10:49:11 13 -0.9875 3.2875
2024_0412_10:53:27 13 -49.9875 99.975
2024_0412_10:53:34 13 -1.0 0.7
2024_0412_10:53:35 13 -0.3875 -1.5875
2024_0412_10:53:41 13 93.05 -83.9
2024_0412_10:53:41 13 94.4 94.3625
2024_0412_10:53:42 13 -0.1375 -1.6875
2024_0412_10:53:44 13 94.7875 94.2375
2024_0412_10:53:48 14 -49.975 -50.0
2024_0412_10:53:49 14 91.1 91.475
2024_0412_10:53:50 14 94.8625 96.25
2024_0412_10:53:51 14 91.8 87.8
2024_0412_10:53:51 14 87.5875 91.775
2024_0412_10:53:53 14 1.65 -0.4625
2024_0412_10:53:54 14 -0.075 -0.9125
2024_0412_10:53:56 14 -8.55 66.8125
2024_0412_10:54:00 14 73.8125 70.3875
2024_0412_10:58:08 14 88.5875 88.0375
2024_0412_10:58:16 14 -0.0125 -1.6625
2024_0412_10:58:18 14 49.9625 -99.925
2024_0412_10:58:23 15 0.6375 0.2125
2024_0412_10:58:25 14 94.5875 94.775
2024_0412_10:58:29 15 -0.9875 -0.3
2024_0412_10:58:29 15 78.525 92.8
2024_0412_10:58:34 15 -36.725 41.1625
2024_0412_10:58:34 15 1.325 -2.7875
2024_0412_10:58:35 15 -1.0375 2.1
2024_0412_10:58:35 15 -77.225 77.6625
2024_0412_10:58:37 15 -0.1375 0.8625
2024_0412_10:58:40 15 -2.875 -1.475
2024_0412_10:58:41 15 93.6875 88.2125
2024_0412_10:58:42 15 84.3 92.625
2024_0412_10:58:46 15 0.5125 -2.4375
2024_0412_11:02:48 16 4.1125 2.2375
2024_0412_11:02:58 16 -9.3625 9.8375
2024_0412_11:03:00 16 -1.3625 -1.2
2024_0412_11:03:08 16 -2.8875 -0.8125
2024_0412_11:03:11 16 2.3125 -1.3625
2024_0412_11:03:12 16 10.75 7.325
2024_0412_11:03:14 16 1.7375 1.5625
2024_0412_11:03:18 16 -0.475 -0.0625
2024_0412_11:03:18 17 18.85 72.575
2024_0412_11:03:23 17 95.5625 95.55
2024_0412_11:03:26 17 10.0625 -9.6625
2024_0412_11:03:27 17 -2.1 0.0125
2024_0412_11:03:28 17 91.675 90.05
2024_0412_11:03:29 17 0.7375 11.4125
2024_0412_11:03:33 17 94.9375 94.925
2024_0412_11:06:30 17 -1.05 1.8375
2024_0412_11:07:38 18 -0.4 -0.175
2024_0412_11:07:46 18 89.1875 45.4625
2024_0412_11:07:50 18 -10.8375 10.3125
2024_0412_11:07:51 18 -50.0 99.975
2024_0412_11:07:51 18 94.7375 95.15
2024_0412_11:07:59 18 0.0875 -0.4625
2024_0412_11:08:03 18 -1.6875 -1.2625
2024_0412_11:08:05 18 91.7875 92.6375
2024_0412_11:08:08 19 -0.5625 0.3875
2024_0412_11:08:08 18 -5.8875 6.0125
2024_0412_11:08:09 19 0.625 0.1375
2024_0412_11:08:12 18 1.175 -0.2625
2024_0412_11:08:16 20 -10.1625 64.4125
2024_0412_11:08:16 19 3.1875 77.1375
2024_0412_11:08:30 20 90.5 89.875
2024_0412_11:12:27 20 0.0 -99.975
2024_0412_11:12:32 20 92.7625 93.4125
2024_0412_11:12:34 18 92.825 93.2375
2024_0412_11:12:35 20 -1.5375 48.3625
2024_0412_11:12:40 17 2.15 1.3375
2024_0412_11:12:43 20 37.05 35.925
2024_0412_11:17:25 3 92.6875 93.55
2024_0412_11:17:28 2 91.975 91.2625
2024_0412_11:17:28 3 88.2125 91.5625
2024_0412_11:17:29 2 82.95 85.225
2024_0412_11:17:29 3 91.5875 91.575
2024_0412_11:17:30 11 0.0875 0.425
2024_0412_11:17:31 5 95.0625 94.8625
2024_0412_11:17:31 11 92.8625 93.425
2024_0412_11:17:32 7 92.5625 93.0875
2024_0412_11:17:32 7 90.9125 92.525
2024_0412_11:17:33 8 90.2375 92.5875
2024_0412_11:17:33 4 73.0875 93.8
2024_0412_11:17:34 1 95.1625 94.725
2024_0412_11:17:35 6 94.8375 95.125
2024_0412_11:17:37 10 93.8625 89.225
2024_0412_11:17:45 9 94.8125 95.325
2024_0412_11:22:06 11 -0.575 -0.75
2024_0412_11:22:07 11 0.2125 0.225
2024_0412_11:22:08 11 99.9625 -99.9625
2024_0412_11:22:08 11 -1.1125 0.975
2024_0412_11:22:12 11 -99.975 -49.975
2024_0412_11:22:12 11 0.95 -0.7625
2024_0412_11:22:14 11 -1.8 -1.2875
2024_0412_11:22:15 11 95.2375 95.15
2024_0412_11:22:16 11 91.6625 93.5
2024_0412_11:22:17 11 89.4 91.5125
2024_0412_11:22:17 11 -49.975 -49.975
2024_0412_11:22:18 11 94.85 94.675
2024_0412_11:22:19 11 94.325 94.8875
2024_0412_11:22:20 11 93.625 -29.5625
2024_0412_11:22:22 11 0.825 4.2125
2024_0412_11:22:31 12 93.2625 93.5
2024_0412_11:26:46 12 0.075 -0.8875
2024_0412_11:26:50 12 91.1125 93.3375
2024_0412_11:26:51 12 0.4125 -1.5625
2024_0412_11:26:53 12 93.2375 90.9375
2024_0412_11:26:55 12 -1.4125 0.0625
2024_0412_11:26:58 12 93.0 93.05
2024_0412_11:26:59 12 91.9875 91.6875
2024_0412_11:26:59 12 0.5125 -0.1125
2024_0412_11:26:59 12 0.5875 -0.4125
2024_0412_11:27:01 12 42.725 90.7625
2024_0412_11:27:01 12 9.45 11.7125
2024_0412_11:27:03 12 -0.35 1.225
2024_0412_11:27:04 13 0.7625 -1.1875
2024_0412_11:27:06 12 94.8875 95.0375
2024_0412_11:27:07 12 94.7625 94.8125
2024_0412_11:27:17 13 -1.1625 -0.325
2024_0412_11:31:31 13 13.0625 9.475
2024_0412_11:31:34 13 -0.1375 0.0625
2024_0412_11:31:34 13 0.3125 0.3125
2024_0412_11:31:35 13 3.95 19.5
2024_0412_11:31:39 13 91.575 91.5
2024_0412_11:31:41 13 -0.3125 1.3625
2024_0412_11:31:48 13 92.275 91.6125
2024_0412_11:31:48 13 93.275 93.075
2024_0412_11:31:48 13 94.9375 94.0875
2024_0412_11:31:50 13 0.9125 0.4875
2024_0412_11:31:51 13 93.45 46.275
2024_0412_11:31:52 13 92.725 93.6625
2024_0412_11:31:53 13 -17.3375 82.6125
2024_0412_11:31:54 13 82.75 67.375
2024_0412_11:31:55 13 3.5875 0.625
2024_0412_11:32:07 13 0.3625 -1.175
2024_0412_11:36:15 13 49.975 99.95
2024_0412_11:36:17 13 1.15 1.8875
2024_0412_11:36:17 13 -0.7375 0.625
2024_0412_11:36:17 13 95.0 95.35
2024_0412_11:36:18 13 92.1375 91.5125
2024_0412_11:36:24 13 0.825 -0.0125
2024_0412_11:36:32 14 -1.9625 1.5625
2024_0412_11:36:33 14 20.0125 -20.025
2024_0412_11:36:34 14 30.35 28.3
2024_0412_11:36:37 14 -8.2375 31.75
2024_0412_11:36:39 14 75.525 91.8875
2024_0412_11:36:40 14 74.775 75.0875
2024_0412_11:36:42 14 93.0 93.0625
2024_0412_11:36:43 14 7.975 8.2375
2024_0412_11:36:58 14 94.95 94.3625
2024_0412_11:38:42 14 91.1375 92.25
2024_0412_11:40:54 14 49.9875 -99.975
2024_0412_11:40:58 14 -21.525 19.5125
2024_0412_11:41:00 14 69.15 17.9125
2024_0412_11:41:00 14 95.025 95.5375
2024_0412_11:41:03 14 91.4375 91.625
2024_0412_11:41:11 14 93.1375 44.35
2024_0412_11:41:19 14 95.175 94.325
2024_0412_11:41:20 14 49.9875 99.975
2024_0412_11:41:20 14 11.5375 9.375
2024_0412_11:41:22 14 1.1125 0.375
2024_0412_11:41:25 14 15.5 17.1875
2024_0412_11:41:25 14 1.95 9.775
2024_0412_11:41:26 14 -1.9625 2.6375
2024_0412_11:41:32 14 95.1375 95.525
2024_0412_11:41:44 14 86.45 7.475
2024_0412_11:43:28 15 79.0 78.5125
2024_0412_11:45:40 15 90.7 90.9375
2024_0412_11:45:42 15 27.1875 -27.3125
2024_0412_11:45:43 15 -95.6375 96.85
2024_0412_11:45:44 15 8.175 12.0625
2024_0412_11:45:47 15 93.625 95.075
2024_0412_11:46:06 15 90.3 93.825
2024_0412_11:46:07 15 1.325 12.7625
2024_0412_11:46:07 15 1.425 -0.8625
2024_0412_11:46:10 15 -0.1 0.275
2024_0412_11:46:10 15 -7.525 10.2875
2024_0412_11:46:12 15 0.7875 0.075
2024_0412_11:46:12 15 41.5875 -1.2625
2024_0412_11:46:16 15 0.35 2.425
2024_0412_11:46:16 15 2.8625 -0.3
2024_0412_11:46:30 15 77.4125 76.6625
2024_0412_11:48:13 15 -0.3 -0.2375
2024_0412_11:50:22 15 -0.2625 -0.7125
2024_0412_11:50:25 15 -2.175 -1.3875
2024_0412_11:50:28 15 0.45 7.7125
2024_0412_11:50:30 15 93.5 81.45
2024_0412_11:50:41 15 95.15 95.7125
2024_0412_11:50:52 15 15.4625 68.4625
2024_0412_11:50:53 16 99.975 49.9875
2024_0412_11:50:55 16 0.3375 -0.425
2024_0412_11:50:57 16 -10.5375 9.0625
2024_0412_11:50:58 15 90.4875 90.9375
2024_0412_11:50:58 16 -1.85 1.775
2024_0412_11:50:58 16 0.9875 1.2
2024_0412_11:51:02 16 -2.525 19.8
2024_0412_11:51:05 16 92.125 -11.9625
2024_0412_11:51:18 16 94.775 95.05
2024_0412_11:52:59 16 95.3 95.35
2024_0412_11:55:02 16 0.3125 0.1125
2024_0412_11:55:13 16 92.7 86.075
2024_0412_11:55:16 16 29.7 41.1
2024_0412_11:55:18 16 -38.15 43.8875
2024_0412_11:55:24 16 -1.125 -0.1875
2024_0412_11:55:40 17 1.0 0.5
2024_0412_11:55:41 17 41.5375 27.6125
2024_0412_11:55:44 17 -28.6375 53.525
2024_0412_11:55:45 17 -1.275 1.425
2024_0412_11:55:47 17 95.25 95.05
2024_0412_11:55:47 17 86.3625 90.25
2024_0412_11:55:47 17 72.3 69.0125
2024_0412_11:55:50 17 35.6375 11.0125
2024_0412_11:56:04 17 2.0625 -3.5875
2024_0412_11:57:29 17 96.15 -1.275
2024_0412_11:57:50 17 7.2875 11.2
2024_0412_11:59:55 17 1.4375 4.7375
2024_0412_12:00:09 17 11.4125 11.85
2024_0412_12:00:18 17 9.7 -2.0375
2024_0412_12:00:31 17 15.7 -14.9
2024_0412_12:00:33 18 0.0375 -0.225
2024_0412_12:00:34 18 93.1125 93.6125
2024_0412_12:00:35 17 15.5 -11.9375
2024_0412_12:00:36 18 -0.0125 0.0625
2024_0412_12:00:37 18 0.2 1.775
2024_0412_12:00:38 18 1.4375 0.9
2024_0412_12:00:43 18 -19.9625 21.2375
2024_0412_12:00:53 18 0.425 -1.15
2024_0412_12:01:47 18 12.45 -12.0875
2024_0412_12:02:04 18 94.85 94.825
2024_0412_12:02:38 18 91.2375 92.4375
2024_0412_12:03:49 18 0.4125 0.15
2024_0412_12:04:42 18 5.3 0.55
2024_0412_12:04:52 18 90.125 92.675
2024_0412_12:05:03 18 -49.4625 49.6375
2024_0412_12:05:19 18 27.475 -27.3625
2024_0412_12:05:19 18 99.975 -99.95
2024_0412_12:05:19 18 -1.3125 1.325
2024_0412_12:05:21 18 25.3875 29.2375
2024_0412_12:05:21 18 95.525 95.3375
2024_0412_12:05:26 18 -8.075 9.6375
2024_0412_12:05:33 18 1.4 -0.15
2024_0412_12:05:48 19 1.9375 7.1875
2024_0412_12:06:31 19 96.275 -11.45
2024_0412_12:06:49 19 21.0375 -18.2125
2024_0412_12:07:27 19 -29.2875 48.2625
2024_0412_12:08:38 19 84.9625 91.775
2024_0412_12:09:29 19 45.7625 45.825
2024_0412_12:09:37 20 3.4125 0.65
2024_0412_12:09:53 20 77.65 58.3625
2024_0412_12:09:54 20 10.625 -8.425
2024_0412_12:10:05 20 71.55 18.7875
2024_0412_12:10:09 20 91.725 93.05
2024_0412_12:10:10 20 -15.7 16.15
2024_0412_12:10:13 20 -0.775 -0.7375
2024_0412_12:10:13 20 71.8375 73.2375
2024_0412_12:10:20 20 -0.35 -0.0375
2024_0412_12:10:40 20 -1.35 2.275
2024_0412_12:11:17 20 -0.5 44.425
2024_0412_12:11:35 20 99.95 -49.9875
2024_0412_12:12:22 20 64.9125 86.7
2024_0412_12:13:19 20 50.65 73.45
2024_0412_12:13:24 14 13.6375 18.125
2024_0412_12:14:07 15 -0.1125 15.875
2024_0412_12:14:27 17 9.5375 -8.725
2024_0412_12:14:38 17 0.625 -0.05
2024_0412_12:14:40 17 13.6125 -14.0125
2024_0412_12:14:48 17 92.05 91.7625
2024_0412_12:14:54 17 0.0125 0.8375
2024_0412_12:14:57 18 2.4 -1.8625
2024_0412_12:15:01 18 76.0375 38.1125
2024_0412_12:19:34 20 43.85 47.325
2024_0412_12:24:13 11 0.875 0.1375
2024_0412_12:24:17 4 43.2875 92.1
2024_0412_12:24:19 6 95.6875 95.0625
2024_0412_12:24:19 1 95.3625 95.0625
2024_0412_12:24:19 8 90.3375 92.875
2024_0412_12:24:19 2 93.3125 92.6
2024_0412_12:24:20 5 95.2875 94.675
2024_0412_12:24:20 11 92.4625 92.95
2024_0412_12:24:20 11 -0.5125 -0.9875
2024_0412_12:24:20 3 90.75 44.375
2024_0412_12:24:20 3 87.55 83.875
2024_0412_12:24:21 3 92.9375 92.225
2024_0412_12:24:21 2 91.625 93.075
2024_0412_12:24:21 7 92.2625 91.45
2024_0412_12:24:22 9 96.0125 95.2875
2024_0412_12:24:23 10 90.425 92.9875
2024_0412_12:28:56 11 0.775 -1.3625
2024_0412_12:28:58 11 90.625 91.25
2024_0412_12:29:00 11 -1.2125 0.225
2024_0412_12:29:00 11 3.7875 0.0875
2024_0412_12:29:01 11 92.175 91.9875
2024_0412_12:29:02 11 0.025 -0.1
2024_0412_12:29:02 11 -0.1 -0.65
2024_0412_12:29:03 11 1.3125 1.0875
2024_0412_12:29:03 11 91.2875 90.3625
2024_0412_12:29:04 11 1.15 -1.825
2024_0412_12:29:05 11 -1.5625 2.4625
2024_0412_12:29:05 11 0.4125 -0.1125
2024_0412_12:29:05 11 91.8875 92.725
2024_0412_12:29:06 11 -49.9875 -99.975
2024_0412_12:29:07 11 0.5125 1.1375
2024_0412_12:29:07 11 -5.6 39.325
2024_0412_12:33:38 12 1.65 0.8375
2024_0412_12:33:40 12 -22.175 22.0375
2024_0412_12:33:40 12 92.85 91.575
2024_0412_12:33:42 12 -0.35 -0.7125
2024_0412_12:33:44 12 92.5625 44.65
2024_0412_12:33:46 12 -0.3625 0.0
2024_0412_12:33:48 12 -0.25 1.4375
2024_0412_12:33:49 12 -0.45 0.175
2024_0412_12:33:50 12 91.4625 90.7125
2024_0412_12:33:51 12 47.55 46.075
2024_0412_12:33:51 12 0.0625 1.0375
2024_0412_12:33:52 12 86.5625 90.8625
2024_0412_12:33:52 12 93.75 92.525
2024_0412_12:33:52 12 42.2375 42.95
2024_0412_12:33:53 13 -1.65 -0.625
2024_0412_12:33:53 13 92.6875 90.35
2024_0412_12:38:21 13 -0.7 -0.5875
2024_0412_12:38:21 13 1.1625 2.65
2024_0412_12:38:22 13 90.5 92.175
2024_0412_12:38:24 13 90.7375 90.7
2024_0412_12:38:28 13 -0.2 0.425
2024_0412_12:38:28 13 -0.125 0.225
2024_0412_12:38:33 13 77.3375 76.7375
2024_0412_12:38:35 13 -0.9 -2.325
2024_0412_12:38:35 13 49.9875 99.975
2024_0412_12:38:35 13 -99.95 49.975
2024_0412_12:38:37 13 27.575 -5.35
2024_0412_12:38:38 13 -2.5375 -1.1125
2024_0412_12:38:38 13 86.825 91.9625
2024_0412_12:38:38 13 -0.125 0.225
2024_0412_12:38:39 13 0.3375 -1.55
2024_0412_12:38:41 13 1.0375 4.9625
2024_0412_12:42:59 13 -0.2 -1.7625
2024_0412_12:43:06 13 0.85 0.4625
2024_0412_12:43:06 13 4.525 5.875
2024_0412_12:43:06 13 9.925 -10.8125
2024_0412_12:43:11 13 46.1875 46.15
2024_0412_12:43:13 13 90.375 92.6625
2024_0412_12:43:15 14 -0.3375 -0.4125
2024_0412_12:43:18 14 -0.225 -0.85
2024_0412_12:43:20 14 -7.525 53.5625
2024_0412_12:43:21 14 28.3375 23.925
2024_0412_12:43:23 14 0.15 -0.375
2024_0412_12:43:24 14 21.775 25.175
2024_0412_12:43:25 14 0.9875 0.4875
2024_0412_12:43:26 14 90.825 91.05
2024_0412_12:43:29 14 91.1625 88.15
2024_0412_12:43:29 14 92.0 93.5
2024_0412_12:47:41 14 99.95 49.9875
2024_0412_12:47:45 14 -18.5875 20.1
2024_0412_12:47:46 14 -0.3 0.575
2024_0412_12:47:50 14 43.325 42.725
2024_0412_12:47:55 14 43.9875 -27.075
2024_0412_12:48:01 14 92.5625 92.0125
2024_0412_12:48:02 14 -0.6875 3.3875
2024_0412_12:48:06 14 0.3875 -1.2875
2024_0412_12:48:10 14 0.55 -1.5375
2024_0412_12:48:12 14 92.3875 91.875
2024_0412_12:48:13 14 49.9625 -49.9625
2024_0412_12:48:13 14 -0.1 0.9
2024_0412_12:48:15 14 -22.7125 23.325
2024_0412_12:48:16 14 95.675 94.9625
2024_0412_12:48:25 15 93.025 92.3875
2024_0412_12:51:37 15 -1.2 -1.3375
2024_0412_12:52:26 15 0.8125 0.8875
2024_0412_12:52:30 15 -0.1375 -3.3875
2024_0412_12:52:31 15 90.0875 92.4875
2024_0412_12:52:34 15 77.125 75.4
2024_0412_12:53:05 15 38.9125 36.8375
2024_0412_12:53:06 15 71.625 73.5
2024_0412_12:53:09 15 -2.925 0.0875
2024_0412_12:53:15 15 -1.0 0.375
2024_0412_12:53:15 15 0.225 1.4625
2024_0412_12:53:17 15 47.075 -29.0125
2024_0412_12:53:18 15 91.075 93.525
2024_0412_12:53:20 15 42.4 92.725
2024_0412_12:53:27 15 89.6625 89.5125
2024_0412_12:53:29 15 -0.525 1.1375
2024_0412_12:55:40 15 63.4375 63.4125
2024_0412_12:56:40 15 13.8125 15.6
2024_0412_12:57:08 15 -49.9875 -49.9875
2024_0412_12:57:08 15 41.425 44.0625
2024_0412_12:57:17 15 -0.375 1.3375
2024_0412_12:57:18 15 41.6375 42.2
2024_0412_12:58:06 16 -7.9625 7.7375
2024_0412_12:58:09 16 0.0875 1.2
2024_0412_12:58:15 16 -1.6125 -0.5
2024_0412_12:58:18 16 -6.1 48.0625
2024_0412_12:58:19 16 -0.0125 -0.05
2024_0412_12:58:22 16 -10.5375 27.0625
2024_0412_12:58:24 16 94.525 95.6625
2024_0412_12:58:31 16 1.6 16.65
2024_0412_12:59:00 16 99.9 99.9
2024_0412_13:00:23 16 -18.2125 89.45
2024_0412_13:00:37 16 -0.575 25.4
2024_0412_13:01:43 16 46.8 46.1125
2024_0412_13:01:57 16 93.1875 90.5
2024_0412_13:02:01 17 93.4 93.575
2024_0412_13:02:06 17 20.6 68.925
2024_0412_13:02:40 17 -0.375 0.2125
2024_0412_13:03:04 17 0.675 -1.1375
2024_0412_13:03:10 17 17.35 15.925
2024_0412_13:03:15 17 -1.875 -1.15
2024_0412_13:03:18 17 37.25 52.1125
2024_0412_13:03:25 17 3.8375 -2.375
2024_0412_13:03:28 17 0.775 -0.7875
2024_0412_13:03:33 17 27.6625 26.6375
2024_0412_13:04:01 17 14.25 32.25
2024_0412_13:05:06 17 -0.075 -0.375
2024_0412_13:05:40 17 0.5125 0.9625
2024_0412_13:05:55 17 69.1875 -7.25
2024_0412_13:06:39 17 2.15 -0.175
2024_0412_13:06:42 17 16.625 38.0
2024_0412_13:06:46 17 99.075 -4.175
2024_0412_13:06:52 17 96.95 -34.5875
2024_0412_13:07:23 17 8.325 -7.175
2024_0412_13:08:08 18 92.0875 92.125
2024_0412_13:08:13 18 93.4 93.4375
2024_0412_13:08:23 18 46.175 -43.05
2024_0412_13:08:25 18 -8.3375 7.55
2024_0412_13:08:30 18 -0.5875 0.1375
2024_0412_13:08:38 18 -20.55 22.1875
2024_0412_13:08:41 18 -36.7875 51.7625
2024_0412_13:09:07 18 14.0375 13.075
2024_0412_13:09:49 18 1.575 -0.05
2024_0412_13:10:41 18 -100.0 99.9625
2024_0412_13:10:59 18 -0.9125 -0.225
2024_0412_13:11:28 18 70.6375 72.775
2024_0412_13:11:29 18 0.225 -0.4375
2024_0412_13:11:37 18 -99.9875 99.9625
2024_0412_13:12:04 18 16.7 13.2125
2024_0412_13:12:17 18 73.1125 71.8375
2024_0412_13:13:07 18 -1.9375 -1.25
2024_0412_13:13:10 18 0.175 0.325
2024_0412_13:13:25 18 21.6125 -20.7875
2024_0412_13:13:28 18 -0.5125 0.025
2024_0412_13:13:32 18 42.45 40.7375
2024_0412_13:13:42 19 91.825 92.275
2024_0412_13:13:50 19 47.1 46.675
2024_0412_13:14:14 19 94.475 80.15
2024_0412_13:14:40 19 93.85 92.925
2024_0412_13:15:44 19 -12.125 27.3375
2024_0412_13:16:02 19 3.2125 4.325
2024_0412_13:16:21 19 -0.5375 0.525
2024_0412_13:16:22 19 -1.1625 0.3
2024_0412_13:16:31 19 25.55 -24.375
2024_0412_13:17:09 19 -10.0875 25.7875
2024_0412_13:17:12 20 73.7 73.975
2024_0412_13:18:13 20 -1.3875 -0.6375
2024_0412_13:18:30 20 11.325 10.6375
2024_0412_13:18:30 20 1.75 -0.8375
2024_0412_13:18:38 20 90.85 89.5875
2024_0412_13:18:53 20 11.1375 -10.425
2024_0412_13:19:27 20 -58.0375 72.975
2024_0412_13:20:31 20 10.65 10.325
2024_0412_13:20:50 20 1.1375 -0.2375
2024_0412_13:20:52 20 92.1875 42.7625
2024_0412_13:21:05 20 -7.775 9.2625
2024_0412_13:21:10 15 -0.0875 -0.125
2024_0412_13:21:13 15 -0.8125 1.2625
2024_0412_13:21:24 16 82.7625 66.75
2024_0412_13:21:50 16 6.4 -13.7125
2024_0412_13:22:03 17 83.4625 91.4625
2024_0412_13:23:20 20 92.8 92.9
2024_0412_13:23:20 20 0.775 -0.1
2024_0412_13:23:28 20 94.725 95.325
2024_0412_13:23:32 18 0.3 -0.6375
2024_0412_13:25:10 16 0.9 0.1
2024_0412_13:29:58 3 93.8625 92.4625
2024_0412_13:29:59 6 95.525 95.15
2024_0412_13:30:00 7 94.4 44.9875
2024_0412_13:30:00 10 94.6375 92.2125
2024_0412_13:30:04 9 96.075 94.6
2024_0412_13:30:11 2 93.3375 93.15
2024_0412_13:30:11 11 92.8875 91.5375
2024_0412_13:30:12 8 93.2 89.3875
2024_0412_13:30:12 5 95.2625 95.3125
2024_0412_13:30:12 1 95.4125 95.2875
2024_0412_13:30:13 2 92.525 91.5625
2024_0412_13:30:13 3 93.225 92.6375
2024_0412_13:30:14 4 92.65 92.2875
2024_0412_13:30:15 2 90.8875 92.0625
2024_0412_13:30:15 3 93.4875 91.0125
2024_0412_13:30:17 4 93.6 91.9875
2024_0412_13:34:45 11 90.5875 93.0
2024_0412_13:34:47 11 0.45 0.45
2024_0412_13:34:50 11 -32.7625 93.8125
2024_0412_13:34:54 11 94.9 94.775
2024_0412_13:34:55 11 95.1 95.825
2024_0412_13:35:10 11 -0.2375 -0.9875
2024_0412_13:35:11 11 -0.3125 -1.15
2024_0412_13:35:12 11 0.4875 0.2625
2024_0412_13:35:12 11 91.1875 92.35
2024_0412_13:35:12 11 1.1625 0.9375
2024_0412_13:35:13 11 0.15 1.9375
2024_0412_13:35:15 11 92.0125 92.575
2024_0412_13:35:17 11 -1.375 -2.4125
2024_0412_13:35:17 11 94.8 95.2
2024_0412_13:35:24 11 0.1 -1.05
2024_0412_13:35:33 11 -0.1125 0.3875
2024_0412_13:39:32 11 2.0625 -0.3375
2024_0412_13:39:35 11 90.575 93.2625
2024_0412_13:39:40 11 93.625 93.675
2024_0412_13:39:44 11 92.0625 84.0
2024_0412_13:39:48 11 18.15 17.075
2024_0412_13:40:09 11 0.6375 1.8
2024_0412_13:40:09 11 1.1375 -1.7
2024_0412_13:40:11 11 92.725 93.0125
2024_0412_13:40:11 11 94.5125 95.15
2024_0412_13:40:13 11 -16.25 58.4125
2024_0412_13:40:13 11 93.6375 93.4625
2024_0412_13:40:15 11 0.625 0.8375
2024_0412_13:40:18 12 0.6 -0.625
2024_0412_13:40:20 12 94.8 95.4
2024_0412_13:40:25 12 1.6875 -2.7625
2024_0412_13:40:32 12 -1.15 -0.1625
2024_0412_13:44:14 12 88.3375 95.725
2024_0412_13:44:21 12 -1.3375 -0.6
2024_0412_13:44:24 12 -1.05 -1.1375
2024_0412_13:44:34 12 95.1875 95.7
2024_0412_13:44:35 12 0.1625 -0.7375
2024_0412_13:45:10 12 13.275 14.2375
2024_0412_13:45:10 12 90.7875 91.1875
2024_0412_13:45:10 12 -49.9625 -49.975
2024_0412_13:45:11 12 -0.4375 0.575
2024_0412_13:45:13 12 -0.3 -0.7
2024_0412_13:45:14 12 -0.6 -0.4125
2024_0412_13:45:17 12 90.7625 93.7
2024_0412_13:45:22 12 0.325 2.275
2024_0412_13:45:24 12 94.8125 95.275
2024_0412_13:45:29 12 0.2125 0.925
2024_0412_13:45:32 12 1.4375 0.2
2024_0412_13:49:09 12 92.3 92.9
2024_0412_13:49:21 13 -0.5875 1.125
2024_0412_13:49:23 12 95.35 95.3125
2024_0412_13:49:35 13 92.8 93.4375
2024_0412_13:49:37 13 92.15 92.85
2024_0412_13:50:09 13 -0.0625 0.1
2024_0412_13:50:09 13 -2.1625 2.7375
2024_0412_13:50:10 13 94.775 95.4
2024_0412_13:50:11 13 -1.6125 -1.1
2024_0412_13:50:13 13 86.15 91.075
2024_0412_13:50:13 13 92.7625 91.75
2024_0412_13:50:19 13 94.675 94.8375
2024_0412_13:50:21 13 -49.9875 -49.975
2024_0412_13:50:22 13 95.45 94.675
2024_0412_13:50:31 13 94.8 95.1625
2024_0412_13:50:46 13 0.8875 -2.2125
2024_0412_13:53:58 13 0.6625 2.225
2024_0412_13:54:20 13 -99.925 49.9375
2024_0412_13:54:22 13 92.2375 92.0875
2024_0412_13:54:31 13 10.1875 -10.175
2024_0412_13:54:37 13 75.8875 75.9625
2024_0412_13:55:07 13 -1.575 -2.125
2024_0412_13:55:09 13 94.5125 94.7875
2024_0412_13:55:10 13 -1.625 -1.2125
2024_0412_13:55:11 13 92.8 89.6125
2024_0412_13:55:14 13 0.2125 4.9125
2024_0412_13:55:16 13 91.075 78.575
2024_0412_13:55:17 13 49.9875 -99.975
2024_0412_13:55:23 13 92.8875 86.6625
2024_0412_13:55:26 13 42.3125 45.2
2024_0412_13:55:32 13 -5.225 46.75
2024_0412_13:55:45 13 9.25 -10.2125
2024_0412_13:58:49 13 -1.9875 0.0375
2024_0412_13:59:19 13 0.425 -0.825
2024_0412_13:59:23 13 76.65 75.7125
2024_0412_13:59:29 13 90.5 90.825
2024_0412_13:59:38 13 91.65 93.775
2024_0412_13:59:56 13 -24.8875 24.6875
2024_0412_13:59:59 14 -99.9 -99.925
2024_0412_14:00:01 14 68.15 92.8625
2024_0412_14:00:04 14 -2.25 0.2625
2024_0412_14:00:06 14 -10.1375 11.1625
2024_0412_14:00:10 14 1.8625 13.775
2024_0412_14:00:11 14 0.5875 -1.5625
2024_0412_14:00:13 14 91.0 92.2875
2024_0412_14:00:19 14 74.075 76.2
2024_0412_14:00:23 14 -13.725 13.6125
2024_0412_14:00:35 14 1.775 -0.025
2024_0412_14:03:46 14 91.4 92.5
2024_0412_14:04:13 14 -0.625 -0.6125
2024_0412_14:04:19 14 94.65 94.75
2024_0412_14:04:22 14 43.4125 92.475
2024_0412_14:04:37 14 91.6125 90.225
2024_0412_14:04:46 14 -0.225 -0.5625
2024_0412_14:04:49 14 12.5625 11.3125
2024_0412_14:04:54 14 44.7625 92.1375
2024_0412_14:04:59 14 -2.4875 -0.775
2024_0412_14:05:04 14 -0.875 -1.1125
2024_0412_14:05:06 14 94.5 95.55
2024_0412_14:05:12 14 85.9375 90.4375
2024_0412_14:05:21 14 42.7875 43.0
2024_0412_14:05:30 14 92.675 92.35
2024_0412_14:07:42 14 0.45 1.4
2024_0412_14:08:22 14 41.975 16.475
2024_0412_14:08:52 14 -1.5 0.275
2024_0412_14:09:07 14 95.1 95.2125
2024_0412_14:09:17 14 92.2125 91.9125
2024_0412_14:09:24 14 93.175 91.0875
2024_0412_14:09:30 14 3.1125 -1.825
2024_0412_14:09:37 14 10.8875 13.9625
2024_0412_14:09:41 15 0.75 -1.2625
2024_0412_14:09:45 15 3.0625 -5.05
2024_0412_14:09:48 15 49.9875 -49.9875
2024_0412_14:10:02 15 92.65 93.7
2024_0412_14:10:05 15 49.9875 -49.9875
2024_0412_14:10:11 15 -8.8875 7.6
2024_0412_14:10:19 15 0.85 0.3125
2024_0412_14:12:33 15 -0.6625 1.35
2024_0412_14:13:15 15 -1.075 -1.7
2024_0412_14:13:44 15 7.2625 42.3375
2024_0412_14:13:50 15 -0.1 3.25
2024_0412_14:13:51 15 -0.3 -0.9125
2024_0412_14:14:06 15 1.3625 -0.825
2024_0412_14:14:17 15 2.6125 11.25
2024_0412_14:14:19 15 0.375 -1.3625
2024_0412_14:14:33 15 -0.125 0.4
2024_0412_14:14:34 15 0.05 0.3
2024_0412_14:14:43 15 94.5875 71.0375
2024_0412_14:14:50 15 94.725 94.875
2024_0412_14:15:02 15 0.4375 0.1375
2024_0412_14:15:06 15 92.525 91.85
2024_0412_14:15:07 15 0.7625 0.3375
2024_0412_14:17:33 15 95.45 95.0375
2024_0412_14:18:11 15 1.025 -1.7625
2024_0412_14:18:38 15 11.5 5.3625
2024_0412_14:18:40 15 81.9 67.95
2024_0412_14:18:53 15 -1.95 2.4875
2024_0412_14:18:59 15 89.05 94.4625
2024_0412_14:19:15 15 4.7625 -0.325
2024_0412_14:19:33 15 91.1875 93.5875
2024_0412_14:19:34 15 1.1375 -0.9875
2024_0412_14:19:42 15 95.3375 95.025
2024_0412_14:19:54 15 10.1 11.4625
2024_0412_14:20:02 16 87.2125 87.1
2024_0412_14:20:04 16 40.4 43.7625
2024_0412_14:20:05 16 39.925 -0.7
2024_0412_14:20:06 16 95.225 94.975
2024_0412_14:22:30 16 -1.0625 -2.1625
2024_0412_14:22:35 16 75.3625 90.125
2024_0412_14:23:17 16 44.2375 94.4875
2024_0412_14:23:25 16 11.925 1.05
2024_0412_14:23:34 16 89.7 88.7375
2024_0412_14:23:50 16 -0.5625 0.4375
2024_0412_14:23:51 16 92.8625 91.1125
2024_0412_14:24:06 16 91.3875 93.6625
2024_0412_14:24:33 16 95.275 95.0
2024_0412_14:24:37 16 62.0 84.9875
2024_0412_14:24:43 16 44.1375 -42.3375
2024_0412_14:24:50 16 90.375 91.95
2024_0412_14:24:57 16 0.3375 0.55
2024_0412_14:25:02 16 1.125 -0.6375
2024_0412_14:25:05 16 75.9 92.9
2024_0412_14:27:28 16 16.4875 9.2375
2024_0412_14:27:33 16 29.5125 35.9
2024_0412_14:28:12 16 11.2375 -10.075
2024_0412_14:28:23 16 -14.4625 40.975
2024_0412_14:28:38 16 1.775 8.2125
2024_0412_14:28:47 17 0.475 -0.5875
2024_0412_14:28:53 16 91.7625 89.8125
2024_0412_14:29:01 17 96.35 -2.1
2024_0412_14:29:32 17 11.2375 2.125
2024_0412_14:29:33 17 8.7625 -7.5375
2024_0412_14:29:33 17 9.6625 7.2875
2024_0412_14:29:38 17 91.35 91.0
2024_0412_14:29:46 17 16.725 -17.025
2024_0412_14:29:57 17 11.8125 -12.025
2024_0412_14:29:59 17 55.45 -21.6
2024_0412_14:30:01 17 -0.4375 0.4125
2024_0412_14:32:29 17 92.9625 91.1375
2024_0412_14:32:35 17 89.025 93.775
2024_0412_14:33:01 17 46.2375 91.4375
2024_0412_14:33:20 17 95.0875 95.075
2024_0412_14:33:32 17 92.2875 52.75
2024_0412_14:33:40 17 0.1375 -0.3875
2024_0412_14:33:51 17 44.85 89.2375
2024_0412_14:33:54 17 1.3875 -0.55
2024_0412_14:34:32 17 0.2625 -0.125
2024_0412_14:34:34 17 3.25 -0.175
2024_0412_14:34:35 17 94.4375 94.95
2024_0412_14:34:36 17 35.625 36.95
2024_0412_14:34:45 17 1.1375 -0.0125
2024_0412_14:34:56 17 92.45 92.7875
2024_0412_14:34:58 17 4.35 1.5375
2024_0412_14:35:08 17 -3.4 3.0
2024_0412_14:37:27 17 91.7625 88.8625
2024_0412_14:37:30 17 -1.425 1.675
2024_0412_14:37:49 17 94.6 93.6375
2024_0412_14:38:19 18 92.1875 92.2125
2024_0412_14:38:26 18 91.325 92.1125
2024_0412_14:38:33 18 2.025 0.75
2024_0412_14:38:48 18 -9.825 11.6375
2024_0412_14:38:50 18 95.325 94.9375
2024_0412_14:39:31 18 -0.3625 -1.625
2024_0412_14:39:32 18 -0.0375 2.2625
2024_0412_14:39:34 18 -1.4 1.125
2024_0412_14:39:34 18 43.65 94.6125
2024_0412_14:39:44 18 -1.4375 0.3
2024_0412_14:39:53 18 0.55 3.65
2024_0412_14:39:57 18 -2.2375 -0.1125
2024_0412_14:40:08 18 93.075 92.0375
2024_0412_14:42:29 18 -49.525 48.8875
2024_0412_14:42:32 18 1.05 2.1625
2024_0412_14:42:32 18 -32.95 33.4875
2024_0412_14:43:19 18 79.4125 9.5875
2024_0412_14:43:21 18 6.0625 3.4125
2024_0412_14:43:33 18 1.8625 -0.5625
2024_0412_14:43:45 18 93.8625 86.8
2024_0412_14:43:48 18 0.075 -0.05
2024_0412_14:44:31 18 -2.7 -1.275
2024_0412_14:44:32 18 94.7625 94.8125
2024_0412_14:44:34 18 66.2 87.5125
2024_0412_14:44:36 18 94.5 94.675
2024_0412_14:44:42 18 19.7375 12.5875
2024_0412_14:44:53 18 91.25 90.3125
2024_0412_14:44:57 18 9.8875 2.025
2024_0412_14:45:04 18 91.9375 90.1125
2024_0412_14:47:20 18 95.3375 95.25
2024_0412_14:47:28 18 -0.45 -1.1375
2024_0412_14:47:31 18 91.1 93.9125
2024_0412_14:48:16 19 98.325 -6.0
2024_0412_14:48:25 19 2.6375 0.6375
2024_0412_14:48:27 19 8.3 -8.8125
2024_0412_14:48:39 19 49.45 66.075
2024_0412_14:48:49 19 52.6875 63.2625
2024_0412_14:49:27 19 79.875 88.8125
2024_0412_14:49:30 19 49.8625 -49.9375
2024_0412_14:49:30 19 -50.0125 50.0125
2024_0412_14:49:32 19 43.6 -3.175
2024_0412_14:49:39 19 -0.6125 0.1125
2024_0412_14:49:47 19 -49.9875 49.9875
2024_0412_14:49:53 19 18.5 -17.975
2024_0412_14:50:11 19 -0.4125 -0.6375
2024_0412_14:52:05 19 -99.975 99.975
2024_0412_14:52:22 19 -50.2375 50.6875
2024_0412_14:52:36 19 -2.1375 0.5125
2024_0412_14:53:04 19 80.3 -78.875
2024_0412_14:53:16 19 1.3125 0.0875
2024_0412_14:53:21 19 93.2625 92.375
2024_0412_14:53:32 20 10.3125 8.6875
2024_0412_14:53:47 20 91.1625 91.525
2024_0412_14:54:29 20 -2.4125 -1.0625
2024_0412_14:54:37 20 -0.0375 0.8125
2024_0412_14:54:45 20 91.65 91.9625
2024_0412_14:54:51 20 95.5125 94.3375
2024_0412_14:55:13 20 -2.75 -1.7
2024_0412_14:55:55 20 9.85 -15.7
2024_0412_14:56:31 20 45.2375 -1.1125
2024_0412_14:56:50 20 1.8375 2.7375
2024_0412_14:57:17 20 -1.35 -0.4125
2024_0412_14:57:36 20 1.5875 1.6625
2024_0412_14:57:45 20 42.125 95.675
2024_0412_14:58:20 20 85.4125 86.9625
2024_0412_14:58:34 20 2.3875 21.3
2024_0412_14:58:50 20 95.5 95.0125
2024_0412_14:59:22 14 -0.4625 -0.5875
2024_0412_14:59:30 14 41.7625 40.075
2024_0412_14:59:41 14 88.6625 92.3625
2024_0412_14:59:51 15 26.75 7.4375
2024_0412_15:00:07 15 21.4625 20.75
2024_0412_15:00:50 15 -0.6625 1.1125
2024_0412_15:01:03 16 -2.5125 1.225
2024_0412_15:01:30 20 -1.35 0.775
2024_0412_15:02:05 20 93.2375 61.5625
2024_0412_15:02:13 20 20.2125 0.3875
2024_0412_15:02:23 20 91.15 90.0875
2024_0412_15:05:23 20 -0.4 0.175
2024_0412_15:10:13 2 92.6125 91.225
2024_0412_15:10:15 2 93.1875 91.6875
2024_0412_15:10:16 3 92.475 93.5625
2024_0412_15:10:18 3 92.7875 91.775
2024_0412_15:10:19 3 86.8625 91.5
2024_0412_15:10:19 2 75.8875 44.3875
2024_0412_15:10:19 2 71.35 89.8625
2024_0412_15:10:20 1 95.65 95.4
2024_0412_15:10:21 2 92.7 91.05
2024_0412_15:10:21 3 93.025 91.7375
2024_0412_15:10:22 2 92.9625 83.25
2024_0412_15:10:22 2 93.3875 92.8
2024_0412_15:10:23 2 43.4 92.7375
2024_0412_15:10:24 2 93.95 93.2375
2024_0412_15:10:25 2 91.1875 92.2
2024_0412_15:10:25 3 75.4875 93.05
2024_0412_15:14:58 3 92.05 94.05
2024_0412_15:15:06 3 90.475 93.125
2024_0412_15:15:11 3 88.9125 92.4
2024_0412_15:15:15 3 44.4375 91.45
2024_0412_15:15:15 3 92.2875 92.225
2024_0412_15:15:17 4 47.8875 92.525
2024_0412_15:15:18 4 93.475 92.7
2024_0412_15:15:18 3 89.3125 92.725
2024_0412_15:15:18 4 91.9625 42.1
2024_0412_15:15:19 6 95.275 95.2875
2024_0412_15:15:19 4 92.4625 93.175
2024_0412_15:15:20 7 92.1 89.925
2024_0412_15:15:24 7 93.3875 92.6625
2024_0412_15:15:25 7 92.65 93.275
2024_0412_15:18:00 7 94.05 93.2625
2024_0412_15:19:03 8 92.8 92.5875
2024_0412_15:19:46 9 94.1375 95.125
2024_0412_15:20:04 10 90.4875 93.325
2024_0412_15:20:09 11 0.2875 3.0
2024_0412_15:20:11 11 -1.225 3.1125
2024_0412_15:20:12 11 95.3875 95.05
2024_0412_15:20:12 11 0.525 2.75
2024_0412_15:20:13 11 49.975 -99.975
2024_0412_15:20:14 11 95.575 95.1125
2024_0412_15:20:15 11 99.975 -99.975
2024_0412_15:20:16 11 1.5875 -0.9125
2024_0412_15:20:16 11 95.6 95.6625
2024_0412_15:20:22 11 3.3375 -2.05
2024_0412_15:20:22 11 91.375 93.2875
2024_0412_15:22:54 11 0.275 2.9125
2024_0412_15:22:57 11 95.35 94.525
2024_0412_15:23:57 11 2.8 1.0625
2024_0412_15:24:31 11 -99.925 99.975
2024_0412_15:24:55 11 -0.4625 -0.7375
2024_0412_15:25:04 11 0.7625 -1.1875
2024_0412_15:25:04 11 0.35 2.025
2024_0412_15:25:06 11 91.9875 92.4
2024_0412_15:25:06 11 89.7125 88.15
2024_0412_15:25:06 11 92.375 91.2125
2024_0412_15:25:08 11 92.7125 93.7
2024_0412_15:25:08 11 -1.1 0.1875
2024_0412_15:25:10 11 -0.25 -0.175
2024_0412_15:25:16 11 -1.025 -1.9375
2024_0412_15:25:17 11 -0.575 1.75
2024_0412_15:25:18 11 95.1125 94.425
2024_0412_15:27:46 11 0.025 -0.3125
2024_0412_15:27:50 11 -2.475 -1.475
2024_0412_15:28:52 11 -0.4875 0.7875
2024_0412_15:29:16 11 44.15 89.2875
2024_0412_15:29:46 11 1.9125 0.725
2024_0412_15:30:00 11 1.475 1.9375
2024_0412_15:30:00 11 93.1625 91.35
2024_0412_15:30:01 11 67.0875 91.5375
2024_0412_15:30:03 11 -1.3 0.6875
2024_0412_15:30:04 11 88.2375 93.775
2024_0412_15:30:04 11 0.4875 0.1
2024_0412_15:30:07 11 95.2625 94.9
2024_0412_15:30:10 11 44.0125 45.4375
2024_0412_15:30:12 11 0.9625 1.1875
2024_0412_15:30:13 11 -0.2625 1.2875
2024_0412_15:30:13 11 -49.9875 -49.9875
2024_0412_15:32:35 11 -1.775 -0.6875
2024_0412_15:32:43 11 -1.3125 -1.325
2024_0412_15:33:46 11 92.8125 92.1375
2024_0412_15:33:58 11 0.0 0.4875
2024_0412_15:34:36 11 0.2875 0.8625
2024_0412_15:34:49 11 0.0875 -1.0875
2024_0412_15:34:54 11 1.3375 -0.225
2024_0412_15:34:55 11 -99.95 -99.95
2024_0412_15:34:57 11 1.7 -0.5375
2024_0412_15:34:58 11 0.5625 -0.9625
2024_0412_15:34:58 11 4.35 9.05
2024_0412_15:35:01 11 0.2375 1.05
2024_0412_15:35:07 11 92.6375 93.3875
2024_0412_15:35:08 11 -0.4875 1.15
2024_0412_15:35:08 11 0.1 -0.6125
2024_0412_15:35:09 11 92.2 88.2625
2024_0412_15:37:25 11 0.45 -0.7375
2024_0412_15:37:36 11 -0.3 0.5
2024_0412_15:38:45 11 92.9375 91.6125
2024_0412_15:38:46 11 39.75 -5.275
2024_0412_15:39:30 11 93.2375 44.325
2024_0412_15:39:40 11 94.975 95.0375
2024_0412_15:39:47 11 100.0 100.0
2024_0412_15:39:48 11 -0.525 -0.5625
2024_0412_15:39:51 11 92.1375 91.0875
2024_0412_15:39:51 11 -0.55 -0.9625
2024_0412_15:39:51 11 99.95 -49.975
2024_0412_15:39:57 11 87.4875 92.5875
2024_0412_15:40:01 11 -0.2625 -0.425
2024_0412_15:40:02 11 2.5625 0.2125
2024_0412_15:40:05 11 -1.35 0.0
2024_0412_15:40:09 11 -2.0 1.425
2024_0412_15:42:14 11 -0.525 -0.875
2024_0412_15:42:30 11 90.825 93.3125
2024_0412_15:43:30 11 -0.05 0.525
2024_0412_15:43:42 11 12.925 8.775
2024_0412_15:44:21 11 -49.9875 -99.975
2024_0412_15:44:30 11 1.1375 -1.95
2024_0412_15:44:41 11 94.975 95.45
2024_0412_15:44:42 11 0.6 0.5
2024_0412_15:44:44 11 -0.2625 1.325
2024_0412_15:44:45 11 0.1125 -1.85
2024_0412_15:44:45 11 -2.2625 -0.725
2024_0412_15:44:58 11 1.475 0.275
2024_0412_15:45:00 11 90.675 88.875
2024_0412_15:45:00 11 87.0 90.9375
2024_0412_15:45:01 11 0.0375 -0.3
2024_0412_15:45:04 11 1.2875 1.7
2024_0412_15:47:05 11 95.5625 94.9
2024_0412_15:47:24 11 94.0125 95.75
2024_0412_15:48:13 11 95.55 95.025
2024_0412_15:48:38 11 95.3375 95.4375
2024_0412_15:49:11 11 0.5125 -1.35
2024_0412_15:49:20 11 95.2875 94.925
2024_0412_15:49:35 11 0.3375 0.05
2024_0412_15:49:35 11 92.425 92.175
2024_0412_15:49:39 11 0.4875 -0.5625
2024_0412_15:49:40 11 0.9625 1.3375
2024_0412_15:49:44 11 93.35 90.925
2024_0412_15:49:52 11 0.0375 0.85
2024_0412_15:49:55 11 95.225 95.625
2024_0412_15:49:55 11 94.1375 93.5125
2024_0412_15:49:56 11 91.3 91.9
2024_0412_15:49:59 11 91.7625 92.95
2024_0412_15:51:54 11 1.4375 -0.1
2024_0412_15:52:17 11 -0.3125 0.55
2024_0412_15:52:59 11 12.3625 13.1875
2024_0412_15:53:30 11 0.2125 0.7875
2024_0412_15:54:03 11 -0.4375 0.1125
2024_0412_15:54:15 11 0.125 1.4375
2024_0412_15:54:27 11 -0.275 -1.2375
2024_0412_15:54:27 11 49.9875 -99.975
2024_0412_15:54:34 11 -50.0 99.9875
2024_0412_15:54:35 11 89.5375 93.0625
2024_0412_15:54:37 11 0.0 -0.9
2024_0412_15:54:46 11 0.0625 0.275
2024_0412_15:54:49 11 -0.4375 3.1375
2024_0412_15:54:49 11 92.1625 86.825
2024_0412_15:54:54 11 0.125 1.1875
2024_0412_15:54:55 11 5.3125 2.675
2024_0412_15:56:47 11 0.1625 0.225
2024_0412_15:57:08 11 99.975 -99.975
2024_0412_15:57:42 11 -0.1625 1.15
2024_0412_15:58:24 11 49.95 99.95
2024_0412_15:58:56 11 93.85 93.075
2024_0412_15:59:04 11 0.7375 1.4375
2024_0412_15:59:21 11 0.475 -0.225
2024_0412_15:59:25 11 -1.0625 -0.0125
2024_0412_15:59:28 11 2.0 -0.3375
2024_0412_15:59:29 11 -0.9875 -0.85
2024_0412_15:59:35 11 -1.825 -0.4
2024_0412_15:59:41 11 93.125 91.15
2024_0412_15:59:43 11 -1.4875 0.65
2024_0412_15:59:44 11 -0.3375 -0.4
2024_0412_15:59:49 11 -0.125 0.8
2024_0412_15:59:52 11 -1.5375 -1.1375
2024_0412_16:01:37 11 -1.1375 -0.8375
2024_0412_16:02:05 11 67.0 -6.475
2024_0412_16:02:28 12 14.8625 16.225
2024_0412_16:03:26 12 94.8875 94.4
2024_0412_16:03:51 12 95.0125 94.6125
2024_0412_16:03:53 12 -0.2875 2.175
2024_0412_16:04:14 12 -49.9875 -49.975
2024_0412_16:04:19 12 -49.9875 -99.975
2024_0412_16:04:21 12 -99.975 -49.9875
2024_0412_16:04:33 12 94.55 94.575
2024_0412_16:04:33 12 89.25 88.9375
2024_0412_16:04:37 12 -3.3 -2.7875
2024_0412_16:04:39 12 83.1 92.6125
2024_0412_16:04:41 12 3.8625 0.0125
2024_0412_16:04:45 12 -4.2 40.2
2024_0412_16:04:50 12 -1.5625 30.5
2024_0412_16:06:29 12 14.475 13.7
2024_0412_16:06:57 12 100.0 -50.0
2024_0412_16:07:12 12 -1.1375 -1.2125
2024_0412_16:08:24 12 95.25 94.825
2024_0412_16:08:45 12 1.0625 -0.1125
2024_0412_16:08:45 12 92.3875 91.2
2024_0412_16:09:12 12 91.1625 93.125
2024_0412_16:09:14 12 0.5 -2.175
2024_0412_16:09:15 12 95.0625 95.1625
2024_0412_16:09:32 12 90.5125 92.5625
2024_0412_16:09:32 12 -0.0625 0.3
2024_0412_16:09:33 12 -2.0 0.025
2024_0412_16:09:35 12 2.9375 1.4375
2024_0412_16:09:37 12 94.65 94.0875
2024_0412_16:09:44 12 93.225 93.525
2024_0412_16:09:47 12 95.45 95.575
2024_0412_16:11:20 12 -2.65 -0.1
2024_0412_16:11:51 12 -1.2 0.7875
2024_0412_16:11:57 12 -0.4125 0.9125
2024_0412_16:13:19 12 10.075 5.725
2024_0412_16:13:35 12 4.1 -1.6125
2024_0412_16:13:37 12 -0.85 -0.7
2024_0412_16:14:07 12 92.4875 92.125
2024_0412_16:14:08 12 -1.7625 13.05
2024_0412_16:14:12 12 30.425 38.775
2024_0412_16:14:27 12 -2.1875 -1.175
2024_0412_16:14:28 12 1.1125 2.3375
2024_0412_16:14:28 12 2.0125 -1.1375
2024_0412_16:14:30 12 76.1875 76.6875
2024_0412_16:14:31 12 89.725 93.125
2024_0412_16:14:39 12 93.75 93.4875
2024_0412_16:14:44 12 83.1875 92.4625
2024_0412_16:16:12 12 91.3125 96.4125
2024_0412_16:16:42 12 -0.55 0.1875
2024_0412_16:16:44 12 96.0875 95.25
2024_0412_16:18:16 12 75.875 74.925
2024_0412_16:18:26 12 92.825 93.0125
2024_0412_16:18:31 12 94.9 48.5125
2024_0412_16:19:00 12 1.325 0.7625
2024_0412_16:19:00 12 95.0625 95.275
2024_0412_16:19:08 12 -8.6125 68.0
2024_0412_16:19:22 12 -1.5875 0.425
2024_0412_16:19:22 12 41.5875 43.7375
2024_0412_16:19:23 12 45.6 92.25
2024_0412_16:19:24 12 1.125 -1.4625
2024_0412_16:19:26 12 89.7 92.95
2024_0412_16:19:32 12 2.4 0.85
2024_0412_16:19:40 12 90.9375 93.3875
2024_0412_16:21:00 12 0.9125 -0.2
2024_0412_16:21:29 12 1.2375 -0.3875
2024_0412_16:21:39 12 91.9375 93.5875
2024_0412_16:23:11 12 95.1625 95.2875
2024_0412_16:23:14 12 -0.575 1.6375
2024_0412_16:23:26 12 95.425 95.6875
2024_0412_16:23:52 12 0.3125 -0.2
2024_0412_16:23:53 12 19.825 19.4
2024_0412_16:24:01 12 -2.0375 -1.6125
2024_0412_16:24:16 12 3.5625 7.9375
2024_0412_16:24:18 12 -1.4625 -0.1125
2024_0412_16:24:19 12 91.7875 91.4875
2024_0412_16:24:19 12 0.475 0.45
2024_0412_16:24:19 12 86.8875 91.4125
2024_0412_16:24:27 12 93.6125 89.775
2024_0412_16:24:37 12 94.625 95.8625
2024_0412_16:25:51 12 -1.0375 1.0875
2024_0412_16:26:16 12 92.5125 88.5625
2024_0412_16:26:32 12 77.3875 93.55
2024_0412_16:28:03 12 49.975 49.9625
2024_0412_16:28:06 12 -0.4625 0.15
2024_0412_16:28:18 12 -0.6375 -2.425
2024_0412_16:28:50 12 94.45 94.9625
2024_0412_16:28:51 12 92.3375 69.3625
2024_0412_16:29:00 12 0.1375 -2.0125
2024_0412_16:29:14 12 99.975 -99.9875
2024_0412_16:29:16 12 -99.95 -99.925
2024_0412_16:29:17 12 86.4375 79.0625
2024_0412_16:29:17 12 87.2 89.3625
2024_0412_16:29:19 12 92.2625 93.8875
2024_0412_16:29:28 12 94.8 95.7375
2024_0412_16:29:35 12 92.925 92.9
2024_0412_16:30:38 12 95.675 95.05
2024_0412_16:31:08 12 95.1 92.6625
2024_0412_16:31:26 12 93.75 97.0875
2024_0412_16:32:57 12 94.1875 94.2875
2024_0412_16:33:09 12 -42.25 39.3
2024_0412_16:33:10 12 -55.4 58.1875
2024_0412_16:33:47 12 35.675 -34.8375
2024_0412_16:33:53 12 46.325 48.1875
2024_0412_16:33:54 12 92.625 92.0875
2024_0412_16:34:08 12 1.1 -1.8625
2024_0412_16:34:09 12 0.8375 -0.6125
2024_0412_16:34:10 12 94.9 95.45
2024_0412_16:34:12 12 72.125 86.9375
2024_0412_16:34:16 12 95.925 95.05
2024_0412_16:34:19 12 50.0 49.9875
2024_0412_16:34:27 12 -1.0875 21.3625
2024_0412_16:35:26 12 -32.6375 92.075
2024_0412_16:35:52 12 40.475 -7.2625
2024_0412_16:36:17 12 92.4875 90.7375
2024_0412_16:37:54 13 0.5625 1.0125
2024_0412_16:38:03 13 -0.7375 0.9625
2024_0412_16:38:05 13 46.0 47.0875
2024_0412_16:38:42 13 -2.3125 1.825
2024_0412_16:38:50 13 11.0125 -10.15
2024_0412_16:38:51 13 95.15 94.725
2024_0412_16:39:05 13 -0.0625 0.4
2024_0412_16:39:05 13 -3.2875 1.675
2024_0412_16:39:06 13 -1.35 -0.05
2024_0412_16:39:10 13 -9.35 92.525
2024_0412_16:39:13 13 10.6875 -7.0
2024_0412_16:39:15 13 0.0 0.6375
2024_0412_16:39:26 13 91.975 91.1875
2024_0412_16:40:18 13 93.9625 17.475
2024_0412_16:40:37 13 91.1375 94.1625
2024_0412_16:41:08 13 92.325 92.5125
2024_0412_16:42:51 13 95.5 95.2625
2024_0412_16:42:58 13 0.3 2.2
2024_0412_16:42:59 13 14.725 11.05
2024_0412_16:43:32 13 1.2375 -0.3125
2024_0412_16:43:41 13 -49.2875 49.9
2024_0412_16:43:43 13 42.225 42.85
2024_0412_16:43:57 13 -0.0875 0.025
2024_0412_16:43:58 13 16.8125 68.6375
2024_0412_16:43:58 13 43.1125 40.8875
2024_0412_16:44:05 13 0.2625 -1.475
2024_0412_16:44:07 13 -1.475 -2.625
2024_0412_16:44:09 13 19.975 0.2
2024_0412_16:44:32 13 0.95 -0.2875
2024_0412_16:45:11 13 92.7375 94.475
2024_0412_16:45:22 13 0.1125 -2.0375
2024_0412_16:46:04 13 -0.3375 -0.4125
2024_0412_16:47:40 13 49.9875 -99.975
2024_0412_16:47:51 13 43.55 42.8
2024_0412_16:47:55 13 1.825 1.6375
2024_0412_16:48:30 13 2.425 0.2375
2024_0412_16:48:36 13 2.2 4.7375
2024_0412_16:48:40 13 73.0 73.4375
2024_0412_16:48:52 13 0.8875 1.6125
2024_0412_16:48:53 13 0.3 -0.3625
2024_0412_16:48:56 13 -4.175 94.025
2024_0412_16:49:05 13 94.0875 94.075
2024_0412_16:49:05 13 11.2875 15.85
2024_0412_16:49:09 13 -1.1625 0.9625
2024_0412_16:49:30 13 -0.6875 -1.6875
2024_0412_16:50:01 13 0.2375 -1.4625
2024_0412_16:50:09 13 95.0625 94.3875
2024_0412_16:51:01 13 95.3875 95.15
2024_0412_16:52:36 13 42.7125 91.775
2024_0412_16:52:43 13 -49.9625 99.925
2024_0412_16:52:51 13 92.55 91.9375
2024_0412_16:53:24 13 11.0 -1.45
2024_0412_16:53:36 13 -0.5625 -0.2375
2024_0412_16:53:38 13 -5.325 44.1
2024_0412_16:53:46 13 -0.15 0.0
2024_0412_16:53:47 13 -0.3375 0.0375
2024_0412_16:53:50 13 65.525 70.875
2024_0412_16:54:01 13 -9.6375 7.55
2024_0412_16:54:03 13 -0.175 -2.5
2024_0412_16:54:11 13 92.4375 92.175
2024_0412_16:54:26 13 0.5875 0.15
2024_0412_16:54:52 13 99.975 -49.9875
2024_0412_16:54:58 13 38.65 37.6375
2024_0412_16:55:52 13 1.175 -1.6125
2024_0412_16:57:30 13 94.8625 95.3875
2024_0412_16:57:38 13 45.6375 -44.8125
2024_0412_16:57:49 13 94.0125 93.35
2024_0412_16:58:16 13 -0.0875 -0.0375
2024_0412_16:58:29 13 -1.825 0.175
2024_0412_16:58:29 13 -49.975 -49.9625
2024_0412_16:58:37 13 -0.3 0.45
2024_0412_16:58:38 13 -6.6375 36.8625
2024_0412_16:58:43 13 -10.575 10.575
2024_0412_16:58:53 13 1.425 0.8125
2024_0412_16:58:57 13 -0.475 -1.4875
2024_0412_16:59:07 13 93.3 91.475
2024_0412_16:59:20 13 -0.875 -0.575
2024_0412_16:59:35 13 0.7 -0.075
2024_0412_16:59:51 13 -6.4875 12.55
2024_0412_17:00:42 13 0.0125 -1.4
2024_0412_17:02:21 13 94.8625 94.975
2024_0412_17:02:28 13 50.0 49.925
2024_0412_17:02:43 13 54.8625 26.225
2024_0412_17:03:12 13 88.2 91.425
2024_0412_17:03:25 13 95.1625 95.2375
2024_0412_17:03:26 13 94.05 90.4875
2024_0412_17:03:31 13 -1.025 -0.6375
2024_0412_17:03:36 13 5.175 5.4
2024_0412_17:03:37 13 94.225 93.0125
2024_0412_17:03:51 13 -4.55 41.2
2024_0412_17:03:51 13 -1.7625 -1.175
2024_0412_17:04:04 13 -5.5625 28.0625
2024_0412_17:04:18 13 -1.375 -0.7375
2024_0412_17:04:19 13 93.6 78.4375
2024_0412_17:04:48 13 1.825 -0.1625
2024_0412_17:05:34 13 91.875 90.85
2024_0412_17:07:14 13 1.2 -0.1625
2024_0412_17:07:20 13 -1.025 0.3625
2024_0412_17:07:39 13 1.375 8.9375
2024_0412_17:08:05 13 99.975 99.975
2024_0412_17:08:20 13 31.575 1.2625
2024_0412_17:08:22 13 0.675 -0.3875
2024_0412_17:08:26 13 -1.3875 0.5625
2024_0412_17:08:29 13 91.6125 94.0875
2024_0412_17:08:33 13 95.2 95.05
2024_0412_17:08:55 13 3.425 3.575
2024_0412_17:09:17 13 1.775 -0.025
2024_0412_17:09:47 13 49.0375 94.6375
2024_0412_17:11:50 13 11.625 11.5625
2024_0412_17:12:03 13 -4.7 45.4125
2024_0412_17:12:07 13 92.6375 94.7625
2024_0412_17:12:08 13 95.5 46.2875
2024_0412_17:12:11 13 10.75 8.8875
2024_0412_17:12:34 13 39.925 41.4625
2024_0412_17:12:59 13 92.7 92.4875
2024_0412_17:13:16 13 3.1 -1.875
2024_0412_17:13:21 13 0.6375 1.2
2024_0412_17:13:22 13 92.725 86.25
2024_0412_17:13:28 13 94.05 91.7875
2024_0412_17:13:50 13 14.4375 15.875
2024_0412_17:14:13 13 -0.4125 0.4375
2024_0412_17:14:18 13 93.625 93.6
2024_0412_17:14:39 13 44.95 43.1125
2024_0412_17:16:46 13 -1.3625 0.5
2024_0412_17:16:47 13 0.1875 -0.4875
2024_0412_17:16:52 13 1.2875 0.225
2024_0412_17:17:00 13 0.125 1.125
2024_0412_17:17:01 13 95.325 93.1625
2024_0412_17:17:06 13 94.8875 92.4125
2024_0412_17:17:28 13 2.3 -0.3625
2024_0412_17:17:55 13 -0.5125 0.45
2024_0412_17:18:10 13 1.0875 -1.2375
2024_0412_17:18:13 13 1.05 -0.65
2024_0412_17:18:13 13 -0.425 1.7125
2024_0412_17:18:22 13 0.225 -1.175
2024_0412_17:18:46 13 1.3375 -0.35
2024_0412_17:19:10 13 0.1875 0.4375
2024_0412_17:19:17 13 93.475 47.875
2024_0412_17:19:32 13 -0.7625 1.275
2024_0412_17:21:32 13 0.0625 -0.0125
2024_0412_17:21:41 13 -8.25 42.1375
2024_0412_17:21:47 13 -0.7875 -0.2375
2024_0412_17:21:52 13 94.2625 95.25
2024_0412_17:21:57 13 -0.4125 -0.75
2024_0412_17:22:01 13 90.0125 83.1625
2024_0412_17:22:22 13 92.4 92.2
2024_0412_17:22:48 13 -0.4 -1.0125
2024_0412_17:23:03 13 0.2875 -0.25
2024_0412_17:23:07 13 52.4125 -52.9625
2024_0412_17:23:10 13 95.3 95.2625
2024_0412_17:23:18 13 52.9125 62.2625
2024_0412_17:23:39 13 1.525 21.7
2024_0412_17:24:05 13 87.8125 89.6125
2024_0412_17:24:10 13 0.0 0.2125
2024_0412_17:24:24 13 -0.525 -0.725
2024_0412_17:26:18 13 96.15 94.275
2024_0412_17:26:38 13 91.85 92.4625
2024_0412_17:26:40 13 -1.1375 1.5125
2024_0412_17:26:42 13 -32.65 33.025
2024_0412_17:26:49 13 87.1625 92.525
2024_0412_17:26:56 13 0.55 0.525
2024_0412_17:27:16 13 -0.0875 -0.6125
2024_0412_17:27:42 13 -0.4375 43.35
2024_0412_17:27:58 13 44.0625 43.725
2024_0412_17:28:02 13 91.15 92.8375
2024_0412_17:28:06 13 73.1125 70.0
2024_0412_17:28:11 13 7.1 8.925
2024_0412_17:28:34 13 92.3375 92.9875
2024_0412_17:28:59 13 13.5125 12.175
2024_0412_17:29:05 13 -1.075 -0.5
2024_0412_17:29:23 13 92.4375 92.3
2024_0412_17:31:03 13 0.1 1.7875
2024_0412_17:31:33 13 9.0125 25.775
2024_0412_17:31:34 13 0.925 -1.5375
2024_0412_17:31:42 13 95.8875 94.4375
2024_0412_17:31:47 13 14.275 18.875
2024_0412_17:31:52 13 93.0 93.2375
2024_0412_17:32:09 13 20.55 -18.9875
2024_0412_17:32:35 13 3.625 6.025
2024_0412_17:32:53 13 92.9625 91.525
2024_0412_17:32:54 13 -0.1125 0.4625
2024_0412_17:33:02 14 -0.25 0.275
2024_0412_17:33:07 14 91.9875 92.7875
2024_0412_17:33:28 14 -1.1375 0.2625
2024_0412_17:33:56 14 0.825 -0.8375
2024_0412_17:33:58 14 -9.025 12.175
2024_0412_17:34:12 14 -99.925 -49.975
2024_0412_17:35:51 14 95.6875 95.275
2024_0412_17:36:22 14 0.7625 0.4625
2024_0412_17:36:32 14 92.075 92.4875
2024_0412_17:36:40 14 -1.55 0.075
2024_0412_17:36:47 14 -0.05 0.55
2024_0412_17:37:09 14 -0.2625 -1.4125
2024_0412_17:37:31 14 23.7625 34.0375
2024_0412_17:37:44 14 0.2 -1.0625
2024_0412_17:37:48 14 91.9875 91.2375
2024_0412_17:37:50 14 1.0375 -0.5875
2024_0412_17:37:59 14 0.975 -3.55
2024_0412_17:38:05 14 41.3625 85.5875
2024_0412_17:38:26 14 86.975 42.4875
2024_0412_17:38:49 14 -0.0125 0.2625
2024_0412_17:38:58 14 94.6375 94.925
2024_0412_17:39:08 14 -0.1125 1.15
2024_0412_17:40:33 14 1.475 -1.0125
2024_0412_17:41:17 14 0.1875 0.4125
2024_0412_17:41:23 14 95.875 94.9375
2024_0412_17:41:36 14 -99.95 -99.925
2024_0412_17:41:51 14 -1.4125 1.275
2024_0412_17:42:09 14 12.6 7.525
2024_0412_17:42:28 14 86.75 91.45
2024_0412_17:42:38 14 1.8125 0.8625
2024_0412_17:42:43 14 -1.8375 41.1
2024_0412_17:42:51 14 63.2875 84.1625
2024_0412_17:42:55 14 -1.45 -1.5375
2024_0412_17:43:12 14 0.0 -0.025
2024_0412_17:43:22 14 9.4 -10.15
2024_0412_17:43:39 14 -1.45 -0.35
2024_0412_17:43:57 14 93.225 39.35
2024_0412_17:44:08 14 91.75 91.95
2024_0412_17:45:14 14 1.8625 -0.5125
2024_0412_17:46:07 14 5.575 5.1375
2024_0412_17:46:12 14 9.8125 -9.0
2024_0412_17:46:34 14 1.975 0.175
2024_0412_17:46:52 14 91.7375 82.9625
2024_0412_17:47:05 14 -1.125 0.9
2024_0412_17:47:26 14 -20.575 70.2875
2024_0412_17:47:27 14 0.05 -1.7875
2024_0412_17:47:41 14 -99.95 99.9625
2024_0412_17:47:52 14 91.4125 91.875
2024_0412_17:47:56 14 94.9625 94.625
2024_0412_17:48:07 14 -16.8375 16.0875
2024_0412_17:48:16 14 -0.25 1.1625
2024_0412_17:48:31 14 95.4875 95.2375
2024_0412_17:48:53 14 -8.075 9.8375
2024_0412_17:49:05 14 93.5875 92.275
2024_0412_17:50:03 14 94.325 94.725
2024_0412_17:50:56 14 92.8125 43.0375
2024_0412_17:50:59 14 -9.8 9.475
2024_0412_17:51:36 14 87.9625 94.4375
2024_0412_17:51:51 14 37.7125 35.525
2024_0412_17:52:02 14 94.675 94.125
2024_0412_17:52:21 14 -0.375 1.2125
2024_0412_17:52:26 14 95.425 94.2
2024_0412_17:52:48 14 84.9625 82.6
2024_0412_17:52:50 14 0.325 0.05
2024_0412_17:52:54 14 -1.05 1.9375
2024_0412_17:53:03 14 12.475 9.0125
2024_0412_17:53:15 14 92.6625 93.1375
2024_0412_17:53:22 14 0.1125 0.5625
2024_0412_17:53:49 14 1.125 -0.5375
2024_0412_17:54:05 14 92.1375 93.65
2024_0412_17:54:57 14 -1.7 0.2125
2024_0412_17:55:39 14 0.2875 -0.375
2024_0412_17:55:49 14 3.4375 4.9625
2024_0412_17:56:34 14 47.4 46.2875
2024_0412_17:56:45 14 0.1875 2.025
2024_0412_17:56:58 14 7.4125 4.075
2024_0412_17:57:12 14 92.4625 92.2125
2024_0412_17:57:22 14 92.8625 92.8125
2024_0412_17:57:39 14 0.825 -0.6375
2024_0412_17:57:41 14 -21.9625 18.425
2024_0412_17:57:49 14 0.775 0.65
2024_0412_17:57:57 14 92.1875 72.875
2024_0412_17:58:08 14 95.1 95.225
2024_0412_17:58:10 14 0.25 -2.9875
2024_0412_17:58:40 14 99.975 49.9875
2024_0412_17:58:53 14 -0.9 0.5625
2024_0412_17:59:49 14 1.425 0.9
2024_0412_18:00:22 14 0.275 1.475
2024_0412_18:00:39 14 91.4375 93.3375
2024_0412_18:01:30 14 0.575 -2.5625
2024_0412_18:01:43 14 -0.225 26.2125
2024_0412_18:02:04 14 85.85 85.55
2024_0412_18:02:12 14 95.1125 94.475
2024_0412_18:02:26 14 0.65 0.0
2024_0412_18:02:28 14 -0.5375 -0.075
2024_0412_18:02:36 14 15.8875 -0.3
2024_0412_18:02:45 14 14.9125 36.825
2024_0412_18:02:57 14 37.05 94.7375
2024_0412_18:03:05 14 92.4375 92.0875
2024_0412_18:03:32 14 38.4 4.325
2024_0412_18:03:44 14 -45.15 47.425
2024_0412_18:04:40 14 -40.425 40.35
2024_0412_18:04:52 14 -0.5125 7.125
2024_0412_18:05:08 14 0.4 0.125
2024_0412_18:05:36 14 90.9875 92.5625
2024_0412_18:06:21 14 -0.9875 92.2625
2024_0412_18:06:33 14 89.85 82.1125
2024_0412_18:06:49 14 36.925 0.4
2024_0412_18:06:56 14 0.9875 0.0125
2024_0412_18:07:14 14 60.125 -59.8625
2024_0412_18:07:14 14 0.3 -3.3
2024_0412_18:07:27 14 94.425 93.2125
2024_0412_18:07:31 14 -1.4875 -1.225
2024_0412_18:07:44 14 72.975 72.8875
2024_0412_18:07:57 14 93.35 93.45
2024_0412_18:08:23 14 92.5625 93.3875
2024_0412_18:09:30 14 92.575 46.3125
2024_0412_18:09:40 14 1.9375 0.35
2024_0412_18:09:50 14 2.3875 1.325
2024_0412_18:10:23 14 0.3375 0.35
2024_0412_18:10:25 14 92.425 88.9125
2024_0412_18:11:13 14 94.4625 93.8375
2024_0412_18:11:18 14 0.1625 0.4125
2024_0412_18:11:36 14 13.35 16.175
2024_0412_18:11:40 14 1.55 0.0625
2024_0412_18:12:01 14 -0.2 1.2875
2024_0412_18:12:06 14 90.775 93.65
2024_0412_18:12:13 14 -1.875 49.575
2024_0412_18:12:19 14 92.85 92.325
2024_0412_18:12:30 14 89.3375 88.2
2024_0412_18:12:49 14 45.275 -38.4875
2024_0412_18:13:08 14 94.925 95.175
2024_0412_18:14:18 14 95.25 94.575
2024_0412_18:14:25 14 92.925 92.4375
2024_0412_18:14:35 14 95.9 94.3875
2024_0412_18:15:05 14 -1.5625 -0.2125
2024_0412_18:15:09 14 -7.4125 48.75
2024_0412_18:15:57 14 -37.725 35.275
2024_0412_18:16:01 14 -0.05 -1.575
2024_0412_18:16:20 14 27.7875 35.4875
2024_0412_18:16:26 14 92.7 91.325
2024_0412_18:16:46 14 12.95 0.8125
2024_0412_18:16:56 14 42.0125 42.575
2024_0412_18:17:02 14 0.2375 1.4375
2024_0412_18:17:06 14 45.3 41.6
2024_0412_18:17:14 14 93.0875 91.5625
2024_0412_18:17:34 14 84.875 89.9625
2024_0412_18:17:54 14 40.875 -5.85
2024_0412_18:18:59 14 92.275 93.1125
2024_0412_18:19:07 14 -33.05 33.7875
2024_0412_18:19:24 14 0.9 0.1625
2024_0412_18:19:51 14 -7.3625 10.1875
2024_0412_18:19:52 14 48.7875 -1.9875
2024_0412_18:20:41 14 64.05 -5.2125
2024_0412_18:20:42 14 99.975 49.9875
2024_0412_18:21:03 14 91.625 86.1875
2024_0412_18:21:09 14 0.6375 1.5375
2024_0412_18:21:42 14 3.0875 17.975
2024_0412_18:21:48 14 91.475 93.3
2024_0412_18:21:48 14 0.0 0.45
2024_0412_18:22:01 14 92.0375 94.025
2024_0412_18:22:23 14 91.45 90.7375
2024_0412_18:22:39 14 0.425 -1.6125
2024_0412_18:23:45 14 93.6375 90.4625
2024_0412_18:23:52 14 -0.075 -1.975
2024_0412_18:24:13 14 -0.2875 2.0875
2024_0412_18:24:27 14 2.875 -0.7
2024_0412_18:24:40 14 -1.6875 -1.55
2024_0412_18:24:46 14 91.6625 91.475
2024_0412_18:25:24 14 91.5 93.875
2024_0412_18:25:27 14 -10.9375 11.1
2024_0412_18:25:48 14 42.575 90.9125
2024_0412_18:25:56 14 78.2875 77.45
2024_0412_18:26:27 14 -1.4625 -1.0125
2024_0412_18:26:32 14 -0.75 -1.525
2024_0412_18:26:34 15 92.175 78.8125
2024_0412_18:26:50 15 94.0625 92.7
2024_0412_18:27:12 15 95.075 95.2125
2024_0412_18:27:27 15 23.95 -7.15
2024_0412_18:28:30 15 2.3625 0.8
2024_0412_18:29:13 15 0.9125 -0.65
2024_0412_18:29:25 15 -0.825 0.9375
2024_0412_18:29:32 15 8.0875 -10.35
2024_0412_18:30:01 15 94.95 95.15
2024_0412_18:30:07 15 -0.0875 -0.425
2024_0412_18:30:12 15 92.375 91.7
2024_0412_18:30:34 15 94.15 71.175
2024_0412_18:30:39 15 1.675 2.0875
2024_0412_18:31:13 15 14.0625 9.275
2024_0412_18:31:16 15 43.4625 -26.375
2024_0412_18:31:18 15 16.0375 95.0875
2024_0412_18:31:34 15 13.2875 -14.5625
2024_0412_18:31:51 15 29.4375 -22.4125
2024_0412_18:32:06 15 8.475 -8.0875
2024_0412_18:32:11 15 92.0125 92.725
2024_0412_18:33:18 15 91.4375 93.375
2024_0412_18:34:01 15 -0.025 0.3
2024_0412_18:34:08 15 -1.3375 0.225
2024_0412_18:34:16 15 92.25 42.8875
2024_0412_18:34:48 15 95.5125 94.3875
2024_0412_18:34:51 15 82.95 53.4625
2024_0412_18:34:54 15 6.575 11.05
2024_0412_18:35:19 15 95.7625 46.725
2024_0412_18:35:24 15 94.4125 91.5
2024_0412_18:35:59 15 95.3125 95.2375
2024_0412_18:36:00 15 6.975 -8.0
2024_0412_18:36:03 15 0.4875 0.025
2024_0412_18:36:29 15 93.4125 91.7125
2024_0412_18:36:48 15 -8.6 8.6125
2024_0412_18:36:56 15 0.0375 0.1
2024_0412_18:38:03 15 0.025 0.825
2024_0412_18:38:45 15 -1.0625 -0.9
2024_0412_18:38:52 15 89.325 93.4875
2024_0412_18:39:03 15 88.7375 92.2375
2024_0412_18:39:34 15 90.575 91.7625
2024_0412_18:39:36 15 88.6625 89.45
2024_0412_18:39:38 15 94.9375 95.3875
2024_0412_18:39:42 15 92.575 92.9
2024_0412_18:40:05 15 91.6 92.325
2024_0412_18:40:09 15 93.9375 94.825
2024_0412_18:40:41 15 1.15 -0.7
2024_0412_18:40:46 15 95.0625 95.275
2024_0412_18:40:50 15 0.5 2.5375
2024_0412_18:41:10 15 29.15 30.5
2024_0412_18:41:35 15 -1.0875 2.8875
2024_0412_18:41:39 15 12.4125 13.975
2024_0412_18:42:44 15 73.25 72.5375
2024_0412_18:43:31 15 2.075 -2.8875
2024_0412_18:43:34 15 -0.3375 -1.2375
2024_0412_18:43:55 15 87.75 45.1875
2024_0412_18:44:22 15 6.9125 -2.875
2024_0412_18:44:25 15 92.4625 92.8125
2024_0412_18:44:25 15 45.8 46.8875
2024_0412_18:44:25 15 1.2625 43.45
2024_0412_18:45:02 15 -1.0 -0.625
2024_0412_18:45:30 15 12.35 6.1875
2024_0412_18:45:33 15 -8.175 9.7875
2024_0412_18:45:34 15 94.875 92.8625
2024_0412_18:45:57 15 90.7875 90.6
2024_0412_18:46:18 15 0.575 -0.3625
2024_0412_18:46:22 15 -0.6875 -1.025
2024_0412_18:47:18 15 -99.975 -49.9875
2024_0412_18:47:20 15 16.975 15.7125
2024_0412_18:48:18 15 94.55 94.675
2024_0412_18:48:20 15 3.7625 0.3
2024_0412_18:48:42 15 -0.125 0.0125
2024_0412_18:49:06 15 -99.9375 99.9
2024_0412_18:49:11 15 -0.7125 0.525
2024_0412_18:49:16 15 -2.325 13.675
2024_0412_18:49:56 15 -2.7 47.875
2024_0412_18:50:20 15 92.95 91.425
2024_0412_18:50:21 15 80.4625 90.7125
2024_0412_18:50:22 15 40.3 40.7875
2024_0412_18:50:46 15 43.475 95.3625
2024_0412_18:51:03 15 46.2875 46.8375
2024_0412_18:51:11 15 94.7375 96.025
2024_0412_18:51:58 15 0.425 -0.7875
2024_0412_18:52:07 15 1.6 1.0
2024_0412_18:53:03 15 94.575 94.425
2024_0412_18:53:05 15 99.95 -49.9625
2024_0412_18:53:08 15 -10.3375 9.925
2024_0412_18:53:29 15 92.2375 90.2625
2024_0412_18:53:52 15 2.4125 -0.8
2024_0412_18:53:55 15 -0.3375 0.0875
2024_0412_18:54:01 15 92.3125 93.6375
2024_0412_18:54:42 15 -15.4875 36.65
2024_0412_18:55:04 15 95.0125 94.1875
2024_0412_18:55:06 15 0.65 -1.0
2024_0412_18:55:12 15 1.2875 0.7875
2024_0412_18:55:32 15 10.725 -15.5375
2024_0412_18:55:45 15 -1.0625 -0.375
2024_0412_18:55:57 15 92.775 90.775
2024_0412_18:56:34 15 93.0 92.7625
2024_0412_18:56:51 15 -1.95 -3.5625
2024_0412_18:57:48 15 0.4125 0.0125
2024_0412_18:57:51 15 -2.2625 41.9375
2024_0412_18:57:54 15 -0.525 0.325
2024_0412_18:58:17 15 72.1625 74.0875
2024_0412_18:58:35 15 -21.5875 57.9625
2024_0412_18:58:45 15 2.175 1.95
2024_0412_18:58:53 15 89.4 91.225
2024_0412_18:59:26 15 100.0 100.0
2024_0412_18:59:49 15 37.175 40.0875
2024_0412_18:59:58 15 -0.325 1.4875
2024_0412_19:00:07 15 82.25 74.7875
2024_0412_19:00:16 15 -0.275 -1.5
2024_0412_19:00:29 15 49.975 -99.95
2024_0412_19:00:40 15 0.65 -0.175
2024_0412_19:01:11 15 98.675 -36.0125
2024_0412_19:01:40 15 -0.7 1.0625
2024_0412_19:02:31 15 1.0875 1.1375
2024_0412_19:02:38 15 91.55 82.9125
2024_0412_19:02:40 15 90.8 51.0375
2024_0412_19:03:01 15 3.5625 0.7625
2024_0412_19:03:21 15 91.75 90.85
2024_0412_19:03:33 15 46.475 45.2375
2024_0412_19:04:14 15 80.1 82.9875
2024_0412_19:04:39 15 92.1625 46.1125
2024_0412_19:04:43 15 -0.9625 -0.8625
2024_0412_19:04:59 15 -0.525 -1.8625
2024_0412_19:05:05 15 0.375 -0.5125
2024_0412_19:05:16 15 0.0 0.025
2024_0412_19:05:27 15 33.6875 -33.2125
2024_0412_19:05:48 15 26.6875 -26.8625
2024_0412_19:06:06 15 -17.1375 17.4
2024_0412_19:06:31 15 92.4125 89.9125
2024_0412_19:07:27 15 -0.275 0.525
2024_0412_19:07:33 15 94.2625 87.05
2024_0412_19:07:46 15 95.1625 95.425
2024_0412_19:08:03 15 0.45 -0.9125
2024_0412_19:08:22 15 -11.475 8.1875
2024_0412_19:09:14 15 -0.15 0.075
2024_0412_19:09:32 15 92.425 93.1375
2024_0412_19:09:34 15 -1.0125 -0.85
2024_0412_19:09:48 15 0.775 0.1
2024_0412_19:09:56 15 -9.05 11.3625
2024_0412_19:09:59 15 0.7625 -0.6125
2024_0412_19:10:00 15 42.325 91.8875
2024_0412_19:10:22 15 39.9875 9.0875
2024_0412_19:10:29 15 93.0 66.0
2024_0412_19:11:25 15 46.1875 -2.65
2024_0412_19:12:18 15 91.675 91.9875
2024_0412_19:12:27 15 94.2125 95.1875
2024_0412_19:12:37 15 0.2375 2.175
2024_0412_19:12:42 15 -1.7625 0.8875
2024_0412_19:13:11 15 7.7875 8.2375
2024_0412_19:13:51 15 90.875 93.5875
2024_0412_19:13:57 15 -18.5875 19.475
2024_0412_19:14:20 15 16.2875 16.9375
2024_0412_19:14:24 15 -0.2125 -0.575
2024_0412_19:14:37 15 -1.3125 1.0
2024_0412_19:14:42 15 0.9 -0.075
2024_0412_19:14:49 15 -0.4875 -0.2625
2024_0412_19:14:52 15 93.7375 87.9875
2024_0412_19:15:11 15 92.35 91.225
2024_0412_19:15:12 15 -0.5625 0.3375
2024_0412_19:16:09 15 -0.65 -1.6625
2024_0412_19:17:03 15 4.15 -3.575
2024_0412_19:17:15 15 92.625 83.75
2024_0412_19:17:17 15 1.275 1.5625
2024_0412_19:17:22 15 99.975 -49.975
2024_0412_19:17:56 15 3.4375 -2.5625
2024_0412_19:18:40 15 91.3875 91.8625
2024_0412_19:18:41 15 92.5625 90.95
2024_0412_19:19:05 15 1.225 0.9875
2024_0412_19:19:11 15 0.1 3.2875
2024_0412_19:19:22 16 91.7375 92.7125
2024_0412_19:19:27 16 92.7875 41.9375
2024_0412_19:19:38 16 8.1625 15.4
2024_0412_19:19:42 16 94.9875 94.55
2024_0412_19:19:50 16 21.65 -22.175
2024_0412_19:20:03 16 -0.8625 -0.625
2024_0412_19:20:54 16 0.025 -1.6125
2024_0412_19:21:46 16 -9.8125 10.275
2024_0412_19:21:59 16 33.4125 -2.2875
2024_0412_19:22:03 16 95.625 94.8375
2024_0412_19:22:06 16 19.15 -12.45
2024_0412_19:22:46 16 92.0375 90.95
2024_0412_19:23:25 16 58.0375 -10.2
2024_0412_19:23:49 16 17.75 -17.5375
2024_0412_19:23:57 16 93.3875 93.75
2024_0412_19:24:03 16 9.7 90.8375
2024_0412_19:24:08 16 90.4375 93.1
2024_0412_19:24:16 16 43.3625 33.375
2024_0412_19:24:22 16 0.05 0.825
2024_0412_19:24:26 16 17.0125 -15.975
2024_0412_19:24:28 16 25.95 60.2625
2024_0412_19:24:50 16 96.4375 94.9875
2024_0412_19:25:40 16 1.1125 1.25
2024_0412_19:26:28 16 -1.9125 -0.05
2024_0412_19:26:43 16 96.1 94.2625
2024_0412_19:26:45 16 -0.9125 0.2125
2024_0412_19:26:53 16 43.975 91.4875
2024_0412_19:27:36 16 88.5375 90.9875
2024_0412_19:28:06 16 93.5375 92.6375
2024_0412_19:28:38 16 15.7875 -15.5875
2024_0412_19:28:40 16 0.6375 -1.2625
2024_0412_19:28:51 16 16.8 -17.575
2024_0412_19:28:53 16 96.0875 94.2625
2024_0412_19:29:00 16 -37.0 57.5375
2024_0412_19:29:03 16 -8.5 6.25
2024_0412_19:29:07 16 91.1875 90.7375
2024_0412_19:29:17 16 0.2125 -0.875
2024_0412_19:29:38 16 0.425 0.5625
2024_0412_19:30:22 16 -3.4 0.375
2024_0412_19:31:22 16 -0.2375 -0.125
2024_0412_19:31:23 16 -0.725 0.1125
2024_0412_19:31:29 16 10.475 -10.55
2024_0412_19:31:38 16 88.05 92.4625
2024_0412_19:32:19 16 -1.625 -0.7875
2024_0412_19:32:52 16 94.7125 50.25
2024_0412_19:33:21 16 13.7125 12.85
2024_0412_19:33:26 16 0.575 -1.525
2024_0412_19:33:38 16 74.2625 74.2
2024_0412_19:33:39 16 95.325 94.8
2024_0412_19:33:45 16 -1.175 25.875
2024_0412_19:33:45 16 91.9625 91.0875
2024_0412_19:33:46 16 -1.275 0.4375
2024_0412_19:34:02 16 0.0 -0.8
2024_0412_19:34:24 16 94.3 87.4625
2024_0412_19:35:08 16 75.925 75.2625
2024_0412_19:36:09 16 -0.675 -0.15
2024_0412_19:36:09 16 90.5625 44.0375
2024_0412_19:36:11 16 0.675 -0.2625
2024_0412_19:36:23 16 95.5375 94.6
2024_0412_19:37:09 16 -10.5 9.7375
2024_0412_19:37:42 16 79.325 39.5375
2024_0412_19:38:08 16 84.6375 91.9875
2024_0412_19:38:13 16 94.3875 95.5375
2024_0412_19:38:27 16 33.5375 86.975
2024_0412_19:38:28 16 69.0 53.2875
2024_0412_19:38:29 16 37.0125 8.7625
2024_0412_19:38:31 16 0.5375 0.6625
2024_0412_19:38:32 16 -0.575 -1.325
2024_0412_19:38:47 16 42.9375 92.25
2024_0412_19:39:12 16 96.0375 95.4125
2024_0412_19:39:54 16 31.9 -17.5
2024_0412_19:40:46 16 25.0 -24.6125
2024_0412_19:40:56 16 25.4375 25.5125
2024_0412_19:41:03 16 95.45 95.0375
2024_0412_19:41:58 16 94.95 94.75
2024_0412_19:42:33 16 52.65 77.85
2024_0412_19:42:58 16 41.7375 93.3625
2024_0412_19:43:11 16 1.025 0.375
2024_0412_19:43:12 16 -4.6125 21.45
2024_0412_19:43:13 16 95.725 94.8875
2024_0412_19:43:15 16 -0.15 -0.1
2024_0412_19:43:19 16 92.875 89.0375
2024_0412_19:43:20 16 95.875 93.925
2024_0412_19:43:22 16 92.475 94.1125
2024_0412_19:43:40 16 94.8 94.475
2024_0412_19:44:06 16 10.225 -10.05
2024_0412_19:44:40 16 -0.275 0.95
2024_0412_19:45:20 16 49.9875 49.975
2024_0412_19:45:44 16 -0.5625 0.7375
2024_0412_19:46:44 16 0.7125 0.575
2024_0412_19:47:20 16 -1.1875 -0.1875
2024_0412_19:47:55 16 -10.1375 8.5625
2024_0412_19:47:56 16 91.3625 94.0125
2024_0412_19:47:58 16 -16.5625 18.2125
2024_0412_19:48:03 16 -49.9875 -99.975
2024_0412_19:48:09 16 91.6875 92.4875
2024_0412_19:48:13 16 65.2125 29.6375
2024_0412_19:48:25 16 95.2375 96.1125
2024_0412_19:48:57 16 0.25 1.325
2024_0412_19:49:22 16 20.725 21.2125
2024_0412_19:49:28 16 91.675 93.3
2024_0412_19:50:02 16 1.175 -0.25
2024_0412_19:50:23 16 56.5875 58.4
2024_0412_19:50:30 16 -2.4125 8.05
2024_0412_19:51:27 16 6.9125 9.9
2024_0412_19:52:07 16 18.7875 -0.1
2024_0412_19:52:24 16 -49.9875 49.9875
2024_0412_19:52:38 16 13.875 15.65
2024_0412_19:52:39 16 0.3 0.6125
2024_0412_19:52:49 16 47.9 94.5
2024_0412_19:52:50 16 -2.825 -2.7375
2024_0412_19:52:57 16 99.975 49.9875
2024_0412_19:53:10 16 0.0875 44.1875
2024_0412_19:53:45 16 93.7375 93.2125
2024_0412_19:54:17 16 37.575 -38.2
2024_0412_19:54:18 16 94.675 95.2625
2024_0412_19:54:45 16 76.5875 76.0875
2024_0412_19:55:10 16 43.2 -6.55
2024_0412_19:56:13 16 0.225 -1.1125
2024_0412_19:56:23 16 0.3125 -0.3125
2024_0412_19:56:58 16 -11.2 11.0625
2024_0412_19:57:13 16 0.4625 -0.325
2024_0412_19:57:23 16 -2.1875 1.7125
2024_0412_19:57:28 16 -2.2875 -0.1375
2024_0412_19:57:31 16 95.1625 95.675
2024_0412_19:57:38 16 0.5625 -0.0375
2024_0412_19:57:47 16 2.175 1.725
2024_0412_19:57:49 17 95.625 94.85
2024_0412_19:57:55 17 -1.4375 2.55
2024_0412_19:58:35 17 0.075 31.6
2024_0412_19:59:10 17 94.975 94.725
2024_0412_19:59:16 17 92.35 93.1375
2024_0412_19:59:32 17 92.525 92.2125
2024_0412_19:59:57 17 24.8875 61.275
2024_0412_20:01:00 17 -1.3 -1.6
2024_0412_20:01:14 17 59.8125 43.325
2024_0412_20:02:01 17 -0.0875 -0.075
2024_0412_20:02:01 17 0.45 1.275
2024_0412_20:02:05 17 9.0625 6.025
2024_0412_20:02:11 17 92.5 85.3375
2024_0412_20:02:14 17 1.1375 -0.3
2024_0412_20:02:23 17 17.1875 17.125
2024_0412_20:02:34 17 39.9875 -39.775
2024_0412_20:02:39 17 0.3375 -0.825
2024_0412_20:02:43 17 95.225 95.2875
2024_0412_20:03:19 17 -1.35 0.9375
2024_0412_20:03:58 17 -0.275 1.225
2024_0412_20:04:00 17 -0.8375 0.5375
2024_0412_20:04:19 17 92.525 90.8125
2024_0412_20:04:41 17 1.5625 1.6125
2024_0412_20:05:46 17 42.8625 42.8625
2024_0412_20:06:01 17 13.6125 59.6
2024_0412_20:06:43 17 -49.1125 50.4125
2024_0412_20:06:43 17 -5.3125 7.0875
2024_0412_20:06:44 17 0.75 0.1625
2024_0412_20:06:54 17 -17.65 56.8125
2024_0412_20:06:58 17 4.5125 13.2
2024_0412_20:07:09 17 13.55 12.6875
2024_0412_20:07:21 17 39.1375 -38.9875
2024_0412_20:07:25 17 91.6375 91.9125
2024_0412_20:07:30 17 51.9625 80.4
2024_0412_20:08:06 17 17.475 8.9125
2024_0412_20:08:45 17 -0.2125 1.1625
2024_0412_20:08:50 17 91.7375 88.2125
2024_0412_20:09:05 17 80.6875 79.7125
2024_0412_20:09:29 17 35.7875 38.625
2024_0412_20:10:33 17 94.95 94.6875
2024_0412_20:10:52 17 -7.05 7.475
2024_0412_20:11:23 17 91.7375 87.4875
2024_0412_20:11:30 17 71.475 72.8125
2024_0412_20:11:38 17 0.4375 1.2625
2024_0412_20:11:40 17 88.0125 68.7125
2024_0412_20:11:45 17 95.3125 95.4125
2024_0412_20:11:55 17 91.025 82.625
2024_0412_20:12:10 17 72.05 73.3
2024_0412_20:12:11 17 -6.1375 28.425
2024_0412_20:12:16 17 10.0625 -4.125
2024_0412_20:12:48 17 27.0125 24.4625
2024_0412_20:13:29 17 0.2375 -1.35
2024_0412_20:13:34 17 91.15 93.8625
2024_0412_20:13:51 17 1.0875 -1.175
2024_0412_20:14:18 17 -9.8 31.7
2024_0412_20:15:38 17 90.5375 91.5375
2024_0412_20:15:42 17 69.9125 90.6375
2024_0412_20:16:11 17 9.975 -10.9125
2024_0412_20:16:20 17 4.025 -3.7625
2024_0412_20:16:20 17 -1.9 -0.5125
2024_0412_20:16:29 17 74.075 72.5
2024_0412_20:16:40 17 16.5875 16.8625
2024_0412_20:16:56 17 -50.025 -49.9625
2024_0412_20:16:59 17 95.375 95.1375
2024_0412_20:17:03 17 8.2125 50.425
2024_0412_20:17:32 17 75.4625 92.6375
2024_0412_20:18:15 17 -0.1875 -0.35
2024_0412_20:18:17 17 94.325 93.875
2024_0412_20:18:21 17 -15.5875 10.3625
2024_0412_20:18:41 17 20.0 3.8125
2024_0412_20:19:04 17 -0.3625 2.5125
2024_0412_20:20:23 17 10.4125 7.7
2024_0412_20:20:55 17 85.3375 93.0375
2024_0412_20:21:07 17 74.9 75.8
2024_0412_20:21:14 17 36.825 17.8875
2024_0412_20:21:26 17 1.1875 -0.1875
2024_0412_20:21:40 17 71.6625 75.375
2024_0412_20:21:42 17 0.9375 1.1125
2024_0412_20:21:50 17 -2.5875 -0.0375
2024_0412_20:22:17 17 -20.0625 20.0125
2024_0412_20:22:59 17 0.1625 -0.1375
2024_0412_20:23:03 17 92.175 91.1125
2024_0412_20:23:18 17 1.1125 2.125
2024_0412_20:23:46 17 92.8625 90.5
2024_0412_20:23:48 17 7.6625 10.2
2024_0412_20:23:51 17 92.1 93.175
2024_0412_20:24:38 17 9.125 -8.5
2024_0412_20:25:07 17 -10.05 9.45
2024_0412_20:25:38 17 -1.825 3.4375
2024_0412_20:25:52 17 -9.15 9.025
2024_0412_20:26:01 17 13.9375 -12.3
2024_0412_20:26:12 17 -0.025 -1.575
2024_0412_20:26:29 17 95.0875 95.3375
2024_0412_20:26:33 17 -5.6125 5.7125
2024_0412_20:26:33 17 1.1125 1.9375
2024_0412_20:27:03 17 -1.3 -1.775
2024_0412_20:27:46 17 -2.4125 2.2875
2024_0412_20:27:52 17 62.05 84.0625
2024_0412_20:28:01 17 92.0875 93.2125
2024_0412_20:28:34 17 0.7625 1.7375
2024_0412_20:28:36 17 -12.6125 16.4125
2024_0412_20:28:40 17 0.45 -2.4625
2024_0412_20:29:18 17 -25.4875 23.2
2024_0412_20:30:01 17 87.1875 92.8125
2024_0412_20:30:37 17 0.8 1.55
2024_0412_20:30:39 17 -0.325 1.7375
2024_0412_20:30:57 17 0.925 -1.5
2024_0412_20:31:12 17 5.1 -3.225
2024_0412_20:31:22 17 -10.675 8.6
2024_0412_20:31:49 17 2.7875 -1.1
2024_0412_20:32:36 17 24.8125 44.3125
2024_0412_20:32:39 17 0.7125 -1.125
2024_0412_20:32:58 17 15.925 16.625
2024_0412_20:33:20 17 -11.1625 14.1
2024_0412_20:33:21 17 49.65 92.1375
2024_0412_20:33:27 17 0.1375 -0.775
2024_0412_20:33:53 17 -1.475 0.2625
2024_0412_20:33:59 17 1.4375 0.825
2024_0412_20:34:49 17 1.3 -1.3125
2024_0412_20:35:24 17 1.3875 1.7625
2024_0412_20:35:39 17 93.475 45.2625
2024_0412_20:35:57 17 1.2 1.1125
2024_0412_20:36:04 17 -0.85 0.7875
2024_0412_20:36:05 17 13.9625 12.7875
2024_0412_20:36:34 17 82.9125 91.825
2024_0412_20:37:18 17 -0.5875 -1.65
2024_0412_20:37:25 17 40.6 15.5375
2024_0412_20:37:35 17 -0.3625 1.0125
2024_0412_20:38:04 17 -0.3375 -0.35
2024_0412_20:38:06 17 -5.675 4.6875
2024_0412_20:38:09 17 94.35 41.125
2024_0412_20:38:19 17 0.575 0.4
2024_0412_20:38:41 17 91.5125 92.1875
2024_0412_20:39:37 17 19.0375 -1.3625
2024_0412_20:40:14 17 14.15 -8.45
2024_0412_20:40:31 17 50.4 -50.9375
2024_0412_20:40:44 17 94.65 95.075
2024_0412_20:40:54 17 91.75 93.0125
2024_0412_20:40:56 17 -5.65 2.425
2024_0412_20:41:29 17 47.9375 -8.8875
2024_0412_20:42:06 17 -1.5875 1.4625
2024_0412_20:42:23 17 33.925 78.1875
2024_0412_20:42:25 17 16.6625 16.4375
2024_0412_20:42:50 17 0.4375 0.2
2024_0412_20:42:53 17 74.8875 88.2
2024_0412_20:43:12 17 -0.0875 0.6125
2024_0412_20:43:34 18 -15.35 16.225
2024_0412_20:44:28 18 49.9875 49.9875
2024_0412_20:44:33 18 -42.8 42.525
2024_0412_20:44:42 18 47.3125 -47.4
2024_0412_20:45:10 18 95.7125 95.25
2024_0412_20:45:25 18 -0.875 2.2875
2024_0412_20:45:27 18 91.5 80.575
2024_0412_20:45:52 18 11.3875 13.45
2024_0412_20:45:53 18 25.2375 42.4125
2024_0412_20:46:22 18 32.6375 -7.85
2024_0412_20:47:00 18 92.7125 44.0
2024_0412_20:47:09 18 49.5 -1.8875
2024_0412_20:47:18 18 87.0875 88.175
2024_0412_20:47:30 18 4.575 18.6375
2024_0412_20:47:37 18 1.45 -1.1
2024_0412_20:48:02 18 1.1125 -0.1125
2024_0412_20:48:24 18 -0.2375 0.475
2024_0412_20:49:20 18 6.05 14.8875
2024_0412_20:49:30 18 21.775 11.7
2024_0412_20:49:31 18 95.525 95.2
2024_0412_20:49:59 18 76.3375 88.325
2024_0412_20:50:13 18 11.075 -1.7625
2024_0412_20:50:16 18 -7.4 36.925
2024_0412_20:50:36 18 1.7625 -0.925
2024_0412_20:50:38 18 91.6625 93.1625
2024_0412_20:51:09 18 72.05 55.3375
2024_0412_20:51:45 18 2.9875 -1.175
2024_0412_20:51:52 18 94.5125 93.2625
2024_0412_20:52:02 18 -0.2625 0.375
2024_0412_20:52:15 18 92.9375 92.675
2024_0412_20:52:19 18 -23.0125 37.9125
2024_0412_20:52:51 18 -0.3625 0.275
2024_0412_20:53:09 18 -10.5625 10.5375
2024_0412_20:54:07 18 -0.3375 -2.6625
2024_0412_20:54:20 18 89.35 93.05
2024_0412_20:54:20 18 90.65 88.7875
2024_0412_20:54:43 18 0.9375 2.2
2024_0412_20:55:01 18 15.25 -10.175
2024_0412_20:55:03 18 -0.6875 0.675
2024_0412_20:55:27 18 93.4875 82.725
2024_0412_20:55:58 18 -4.0625 4.875
2024_0412_20:56:30 18 -0.8 2.125
2024_0412_20:56:38 18 59.275 0.4875
2024_0412_20:56:57 18 92.9 92.775
2024_0412_20:57:04 18 4.1 12.25
2024_0412_20:57:46 18 -0.45 0.3125
2024_0412_20:57:54 18 8.3375 37.2375
2024_0412_20:58:46 18 40.075 41.0
2024_0412_20:59:05 18 -0.4 0.1125
2024_0412_20:59:09 18 0.8375 -0.35
2024_0412_20:59:29 18 95.7625 95.5875
2024_0412_20:59:47 18 46.875 46.2625
2024_0412_20:59:51 18 92.7375 60.05
2024_0412_21:00:09 18 -1.4625 -0.2625
2024_0412_21:00:15 18 11.5125 -2.075
2024_0412_21:00:44 18 -3.45 48.275
2024_0412_21:00:57 18 2.1125 -0.125
2024_0412_21:01:16 18 31.875 23.3125
2024_0412_21:01:25 18 4.1625 30.925
2024_0412_21:01:42 18 -0.45 -0.1875
2024_0412_21:01:50 18 61.5875 57.9375
2024_0412_21:02:31 18 -30.7375 47.2625
2024_0412_21:02:38 18 -3.675 23.55
2024_0412_21:03:29 18 44.0875 43.475
2024_0412_21:03:48 18 99.9875 49.95
2024_0412_21:04:13 18 -0.1 0.0125
2024_0412_21:04:33 18 -0.1625 -0.3375
2024_0412_21:04:40 18 93.6 93.3875
2024_0412_21:04:42 18 -36.3375 38.4875
2024_0412_21:04:48 18 96.425 93.1125
2024_0412_21:04:57 18 0.4375 0.9
2024_0412_21:05:29 18 24.35 33.6375
2024_0412_21:05:41 18 84.0625 61.125
2024_0412_21:06:01 18 93.0375 93.5875
2024_0412_21:06:17 18 93.9 56.5125
2024_0412_21:06:31 18 31.5375 66.5375
2024_0412_21:06:36 18 -19.475 20.2625
2024_0412_21:07:15 18 -12.5125 12.175
2024_0412_21:07:17 18 -1.6875 0.0375
2024_0412_21:08:09 18 95.3625 95.475
2024_0412_21:08:44 18 46.6 96.5375
2024_0412_21:09:19 18 94.5875 95.425
2024_0412_21:09:25 18 0.3625 -0.0375
2024_0412_21:09:33 18 -0.3875 0.3
2024_0412_21:09:41 18 95.0625 94.5875
2024_0412_21:10:14 18 7.8 9.1375
2024_0412_21:10:22 18 -12.375 13.4
2024_0412_21:10:49 18 92.525 91.0875
2024_0412_21:11:16 18 12.525 15.7125
2024_0412_21:11:24 18 0.775 1.8875
2024_0412_21:11:25 18 1.55 1.7625
2024_0412_21:12:00 18 -1.3125 3.3125
2024_0412_21:12:02 18 48.25 75.15
2024_0412_21:12:20 18 1.6125 20.4625
2024_0412_21:12:50 18 99.925 0.0
2024_0412_21:13:31 18 89.55 90.7875
2024_0412_21:13:43 18 92.5 91.2625
2024_0412_21:14:04 18 79.5875 80.4375
2024_0412_21:14:16 18 94.9375 94.9
2024_0412_21:14:19 18 36.45 -3.075
2024_0412_21:14:27 18 -0.3875 -0.5
2024_0412_21:15:00 18 -15.325 48.425
2024_0412_21:15:26 18 1.0375 5.5875
2024_0412_21:15:44 18 12.875 11.1875
2024_0412_21:16:02 18 1.6875 0.0375
2024_0412_21:16:02 18 0.475 -4.0
2024_0412_21:16:08 18 8.8 -8.225
2024_0412_21:16:47 18 91.45 90.45
2024_0412_21:16:52 18 90.675 93.45
2024_0412_21:17:07 18 -0.3 3.5375
2024_0412_21:17:41 18 94.1 90.7875
2024_0412_21:18:14 18 0.6875 2.8125
2024_0412_21:18:28 18 11.925 9.375
2024_0412_21:18:57 18 93.8125 95.325
2024_0412_21:19:01 18 60.0375 59.4
2024_0412_21:19:09 18 89.075 93.1
2024_0412_21:19:11 18 49.95 -99.95
2024_0412_21:19:45 18 21.8375 24.6625
2024_0412_21:20:11 18 4.825 6.3625
2024_0412_21:20:27 18 50.0125 -49.975
2024_0412_21:20:46 18 91.9625 91.75
2024_0412_21:20:53 18 -2.175 1.1875
2024_0412_21:20:57 18 89.1875 78.9875
2024_0412_21:21:31 18 9.9125 -7.325
2024_0412_21:21:33 18 0.725 -1.025
2024_0412_21:21:53 18 0.225 -1.9625
2024_0412_21:22:28 18 -0.025 0.7375
2024_0412_21:22:58 18 2.025 2.6625
2024_0412_21:23:14 18 18.125 -4.4125
2024_0412_21:23:42 18 91.9 90.9
2024_0412_21:23:52 18 83.2875 90.5375
2024_0412_21:23:54 18 -1.3375 -0.525
2024_0412_21:24:00 18 31.0625 0.4
2024_0412_21:24:30 18 -3.125 -0.7875
2024_0412_21:24:56 18 -0.4 0.2
2024_0412_21:25:12 18 1.7625 3.125
2024_0412_21:25:25 18 1.225 1.15
2024_0412_21:25:40 18 56.225 54.75
2024_0412_21:25:44 18 0.1 -1.0875
2024_0412_21:26:20 18 90.0875 93.925
2024_0412_21:26:32 18 -1.275 0.7875
2024_0412_21:26:41 18 93.4875 93.4875
2024_0412_21:27:11 18 95.7 93.8625
2024_0412_21:27:45 18 95.0625 94.6375
2024_0412_21:27:59 18 -6.9625 8.4875
2024_0412_21:28:29 18 92.1375 91.8
2024_0412_21:28:35 18 10.3375 -10.4
2024_0412_21:28:37 18 95.625 94.375
2024_0412_21:28:45 18 9.3875 7.325
2024_0412_21:29:14 18 1.5375 0.4
2024_0412_21:29:55 18 0.2875 -0.775
2024_0412_21:30:02 18 -37.4875 41.625
2024_0412_21:30:26 18 16.9625 17.6125
2024_0412_21:30:33 18 45.025 1.7875
2024_0412_21:31:16 18 -10.425 9.8125
2024_0412_21:31:27 18 -0.475 1.6875
2024_0412_21:31:56 18 5.2375 57.95
2024_0412_21:32:29 18 9.825 -8.0375
2024_0412_21:32:46 18 94.175 90.35
2024_0412_21:33:12 18 5.7625 5.5375
2024_0412_21:33:19 19 94.475 95.5625
2024_0412_21:33:21 19 0.25 0.275
2024_0412_21:33:35 19 93.125 91.7375
2024_0412_21:33:56 19 -1.7375 0.3875
2024_0412_21:33:58 19 -0.2875 0.4625
2024_0412_21:34:39 19 12.0875 -6.1625
2024_0412_21:34:48 19 -0.35 -0.8375
2024_0412_21:34:52 19 86.45 92.85
2024_0412_21:35:20 19 -13.7375 12.0
2024_0412_21:35:23 19 96.175 45.5
2024_0412_21:36:05 19 1.1875 -1.825
2024_0412_21:36:13 19 93.875 60.6125
2024_0412_21:36:44 19 92.9625 90.1
2024_0412_21:37:20 19 93.7875 43.8875
2024_0412_21:37:53 19 -2.725 0.125
2024_0412_21:38:05 19 92.65 93.6625
2024_0412_21:38:08 19 0.0875 10.9375
2024_0412_21:38:19 19 0.3 0.7375
2024_0412_21:38:40 19 -0.2875 2.2375
2024_0412_21:38:43 19 -0.7125 1.3875
2024_0412_21:39:23 19 3.3875 0.225
2024_0412_21:39:29 19 -10.1 9.425
2024_0412_21:39:36 19 4.0875 1.325
2024_0412_21:40:05 19 -0.4 -0.1625
2024_0412_21:40:10 19 0.3875 1.0125
2024_0412_21:40:53 19 91.625 80.9
2024_0412_21:40:59 19 1.0125 -1.3875
2024_0412_21:41:36 19 47.15 91.825
2024_0412_21:42:16 19 -0.275 0.8625
2024_0412_21:42:44 19 45.8375 45.5625
2024_0412_21:42:49 19 -0.825 3.3
2024_0412_21:42:52 19 0.475 0.3875
2024_0412_21:43:08 19 -1.4125 0.425
2024_0412_21:43:09 19 94.225 2.7
2024_0412_21:43:27 19 2.2 21.75
2024_0412_21:44:14 19 13.975 -13.2625
2024_0412_21:44:24 19 29.0125 9.0625
2024_0412_21:44:55 19 51.6875 58.725
2024_0412_21:45:00 19 1.6 1.2125
2024_0412_21:45:08 19 2.65 -0.1375
2024_0412_21:45:46 19 -1.45 -1.6625
2024_0412_21:46:13 19 -2.025 -2.0375
2024_0412_21:46:48 19 -0.1125 0.325
2024_0412_21:47:34 19 0.45 0.4125
2024_0412_21:47:38 19 9.85 -9.5375
2024_0412_21:47:44 19 4.55 7.125
2024_0412_21:47:54 19 3.0875 -2.625
2024_0412_21:48:00 19 95.7625 94.9375
2024_0412_21:48:22 19 15.45 -13.55
2024_0412_21:48:57 19 15.9125 -17.5
2024_0412_21:48:58 19 40.3 38.75
2024_0412_21:49:09 19 -0.0125 0.0
2024_0412_21:49:40 19 5.9375 19.8625
2024_0412_21:49:46 19 2.8625 -0.0375
2024_0412_21:50:00 19 -12.425 22.8875
2024_0412_21:50:34 19 91.0125 83.85
2024_0412_21:50:46 19 -0.375 -2.2125
2024_0412_21:50:52 19 -0.15 39.1
2024_0412_21:51:39 19 92.1875 93.3125
2024_0412_21:52:18 19 85.45 32.0
2024_0412_21:52:24 19 -0.125 -0.85
2024_0412_21:52:41 19 -0.875 0.8
2024_0412_21:52:44 19 42.7 91.8375
2024_0412_21:53:00 19 20.3875 -18.375
2024_0412_21:53:09 19 94.3875 93.375
2024_0412_21:53:43 19 7.4125 9.025
2024_0412_21:53:44 19 5.05 2.5625
2024_0412_21:54:27 19 -12.0375 13.2875
2024_0412_21:54:31 19 42.95 43.7125
2024_0412_21:54:51 19 94.425 93.175
2024_0412_21:55:23 19 -0.3875 -1.5375
2024_0412_21:55:30 19 -0.7625 1.1875
2024_0412_21:55:32 19 93.025 43.075
2024_0412_21:56:29 19 -0.1375 0.65
2024_0412_21:57:03 19 -49.9875 49.95
2024_0412_21:57:10 19 -3.15 7.525
2024_0412_21:57:24 19 -0.3375 0.8125
2024_0412_21:57:31 19 0.725 -0.2875
2024_0412_21:57:36 19 -0.5375 -1.225
2024_0412_21:57:54 19 49.825 -49.275
2024_0412_21:58:28 19 0.65 1.025
2024_0412_21:58:30 20 44.3375 44.4125
2024_0412_21:59:15 20 14.15 44.0375
2024_0412_21:59:27 20 68.6625 72.85
2024_0412_21:59:34 20 49.9875 -49.9875
2024_0412_22:00:09 20 0.4125 0.0125
2024_0412_22:00:12 20 -0.525 1.025
2024_0412_22:00:20 20 14.125 45.1625
2024_0412_22:01:12 20 99.95 -99.9875
2024_0412_22:01:37 20 -6.35 21.3625
2024_0412_22:01:51 20 -4.6625 9.2125
2024_0412_22:01:55 20 13.55 5.675
2024_0412_22:02:13 20 3.9375 5.925
2024_0412_22:02:23 20 92.9 93.925
2024_0412_22:02:23 20 1.0375 1.7
2024_0412_22:02:39 20 6.1875 6.7875
2024_0412_22:03:26 20 51.45 65.1
2024_0412_22:03:52 20 35.9875 37.2
2024_0412_22:04:14 20 92.2 92.95
2024_0412_22:04:20 20 -0.3125 -1.6875
2024_0412_22:04:27 20 94.3125 96.2375
2024_0412_22:04:55 20 -0.2375 -2.275
2024_0412_22:04:58 20 2.5125 1.0125
2024_0412_22:05:05 20 -10.8375 11.275
2024_0412_22:06:28 20 88.3625 4.4125
2024_0412_22:06:39 20 0.4375 0.3625
2024_0412_22:06:40 20 11.15 -10.6
2024_0412_22:07:00 20 92.6375 93.3875
2024_0412_22:07:10 20 0.025 0.025
2024_0412_22:07:12 20 11.3125 -17.55
2024_0412_22:08:15 20 81.0625 87.475
2024_0412_22:08:35 20 93.325 92.725
2024_0412_22:09:01 20 0.675 -0.25
2024_0412_22:09:14 20 -12.6375 12.55
2024_0412_22:09:15 20 2.6375 -0.95
2024_0412_22:09:44 20 89.125 92.55
2024_0412_22:09:50 20 0.3625 0.15
2024_0412_22:09:51 20 93.125 93.0875
2024_0412_22:10:15 20 95.3 95.4125
2024_0412_22:10:33 20 -49.9875 99.975
2024_0412_22:11:18 20 5.2 -1.95
2024_0412_22:11:23 20 50.375 -49.6875
2024_0412_22:11:26 20 -2.825 5.2625
2024_0412_22:11:44 20 -2.7875 1.2625
2024_0412_22:11:57 20 -2.2 -1.775
2024_0412_22:11:59 20 94.475 94.4625
2024_0412_22:13:04 20 39.6 14.7125
2024_0412_22:13:29 20 27.9625 41.5375
2024_0412_22:13:49 20 95.5875 94.175
2024_0412_22:13:52 20 14.85 15.7875
2024_0412_22:14:02 20 92.475 92.1
2024_0412_22:14:35 20 90.75 92.3375
2024_0412_22:14:40 20 13.025 13.3625
2024_0412_22:14:41 20 -8.7 57.5
2024_0412_22:15:02 20 -0.4375 48.1875
2024_0412_22:15:23 20 -0.6125 -0.2875
2024_0412_22:16:07 20 -0.45 -0.75
2024_0412_22:16:14 20 92.5875 80.9875
2024_0412_22:16:15 20 41.3625 40.0625
2024_0412_22:16:39 20 99.8875 49.95
2024_0412_22:16:44 20 13.425 13.3625
2024_0412_22:16:57 20 81.7875 66.0375
2024_0412_22:17:48 20 -20.625 20.275
2024_0412_22:18:15 20 54.1625 31.9375
2024_0412_22:18:34 20 14.075 -13.45
2024_0412_22:18:39 20 -9.1875 9.25
2024_0412_22:18:51 20 21.4375 -4.025
2024_0412_22:19:29 20 -1.65 0.0625
2024_0412_22:19:29 20 64.9625 86.3625
2024_0412_22:20:00 20 0.875 0.7125
2024_0412_22:20:09 20 92.4125 92.9125
2024_0412_22:20:12 20 93.75 93.0
2024_0412_22:20:59 20 95.2625 94.9625
2024_0412_22:21:03 20 -0.6 -0.05
2024_0412_22:21:05 20 -8.1375 96.6375
2024_0412_22:21:29 20 90.6875 17.875
2024_0412_22:21:32 20 -0.525 -1.25
2024_0412_22:21:43 20 49.9875 -49.9875
2024_0412_22:22:37 20 46.275 95.625
2024_0412_22:23:02 20 40.225 -39.975
2024_0412_22:23:26 20 73.4875 80.0625
2024_0412_22:23:27 20 55.7125 51.55
2024_0412_22:23:36 20 -0.1375 -0.1125
2024_0412_22:24:12 20 -0.2375 1.9875
2024_0412_22:24:17 20 0.275 0.2
2024_0412_22:24:48 20 45.1 95.9125
2024_0412_22:24:57 20 26.9125 -18.6375
2024_0412_22:25:07 20 -1.0125 -0.55
2024_0412_22:25:48 20 8.3625 42.1375
2024_0412_22:25:51 20 48.45 -2.675
2024_0412_22:25:52 20 8.4625 -9.3
2024_0412_22:26:10 20 -15.425 24.475
2024_0412_22:26:32 20 51.0875 38.1375
2024_0412_22:27:19 20 -30.6 32.0375
2024_0412_22:27:47 20 0.3125 0.5625
2024_0412_22:28:11 20 92.1875 89.15
2024_0412_22:28:16 20 -1.0875 0.8875
2024_0412_22:28:24 20 -0.575 0.2
2024_0412_22:29:01 20 10.2125 11.675
2024_0412_22:29:03 20 48.425 -2.6
2024_0412_22:29:31 3 93.275 93.425
2024_0412_22:29:42 5 95.0 95.2125
2024_0412_22:29:53 9 93.65 93.4625
2024_0412_22:30:33 13 -1.0 -2.675
2024_0412_22:30:34 13 95.05 94.975
2024_0412_22:30:35 13 -0.3875 0.4125
2024_0412_22:30:47 13 -1.3125 -0.575
2024_0412_22:31:13 13 0.85 3.625
2024_0412_22:32:02 14 93.35 92.95
2024_0412_22:32:32 14 89.975 90.1875
2024_0412_22:32:54 14 -0.25 0.025
2024_0412_22:33:00 14 43.4875 91.0875
2024_0412_22:33:08 14 91.3125 92.3625
2024_0412_22:33:45 15 94.8375 95.7125
2024_0412_22:33:47 15 -0.275 0.575
2024_0412_22:33:50 15 95.1125 95.3375
2024_0412_22:34:26 15 12.55 8.975
2024_0412_22:34:38 15 91.475 63.3375
2024_0412_22:34:39 15 -0.675 0.7375
2024_0412_22:35:20 15 0.5 0.275
2024_0412_22:35:20 15 63.025 64.1375
2024_0412_22:35:21 15 -0.325 0.4375
2024_0412_22:35:26 16 0.3875 -0.025
2024_0412_22:35:59 16 96.1625 93.5625
2024_0412_22:36:46 16 90.1875 91.4
2024_0412_22:37:39 16 74.5375 73.05
2024_0412_22:37:44 16 -11.1875 8.9375
2024_0412_22:37:55 16 -0.8625 -0.3625
2024_0412_22:38:31 16 13.1875 -11.2375
2024_0412_22:38:37 17 43.5125 42.0625
2024_0412_22:39:11 17 -2.5875 -1.0875
2024_0412_22:39:27 17 53.675 83.15
2024_0412_22:39:30 17 94.4375 44.6125
2024_0412_22:39:40 17 1.6125 3.1375
2024_0412_22:40:01 17 -49.9875 49.9875
2024_0412_22:40:06 17 96.275 93.7875
2024_0412_22:40:08 17 -0.7625 0.1625
2024_0412_22:40:11 17 93.55 87.0875
2024_0412_22:40:48 17 66.45 71.625
2024_0412_22:41:32 17 95.325 95.25
2024_0412_22:42:24 17 10.6625 -3.9875
2024_0412_22:42:25 18 -49.9875 49.9875
2024_0412_22:42:50 18 88.425 91.4625
2024_0412_22:42:54 18 1.525 0.7875
2024_0412_22:43:18 18 -0.4875 0.125
2024_0412_22:43:25 18 3.85 0.1625
2024_0412_22:43:56 18 0.55 0.1
2024_0412_22:44:11 18 49.2625 -2.4125
2024_0412_22:44:17 18 12.1 -11.5375
2024_0412_22:44:25 18 -0.975 1.225
2024_0412_22:44:47 19 9.9125 -10.4125
2024_0412_22:44:48 18 92.575 92.65
2024_0412_22:44:54 19 25.3 -26.175
2024_0412_22:44:59 19 19.65 11.0875
2024_0412_22:45:42 19 92.9 93.2125
2024_0412_22:46:16 19 1.925 2.0875
2024_0412_22:47:08 19 15.3875 -14.5875
2024_0412_22:47:13 19 0.5125 1.425
2024_0412_22:47:37 19 -1.5875 0.5
2024_0412_22:47:42 19 92.9875 92.9375
2024_0412_22:48:05 19 -0.1875 -0.1625
2024_0412_22:48:05 19 21.4625 8.6375
2024_0412_22:48:39 19 47.275 -39.2125
2024_0412_22:48:58 20 49.95 -49.9625
2024_0412_22:49:05 20 -0.025 -0.9875
2024_0412_22:49:07 20 -99.975 -49.9875
2024_0412_22:49:31 20 37.9375 -38.1375
2024_0412_22:49:35 20 -0.55 1.925
2024_0412_22:49:40 20 0.4125 0.1
2024_0412_22:49:40 20 2.0375 -1.3625
2024_0412_22:50:27 16 -0.025 1.05
2024_0412_22:50:55 17 -10.2125 9.0875
