0.20683000000013646 0.11868500000004831 0.027855000000003193 0.006694999999999811 0.02275500000000163 0.021925000000001377 0.020545000000000955 0.020290000000000877 0.020255000000000866 0.007929999999999762 0.0439749999999993 0.03667500000000213 0.061654999999992445 0.05844999999999369 0.06654999999999617 0.050869999999996626 0.06415999999999378 0.06262999999999225 0.04189000000000011 0.03938000000000108 
2024_0412_09:36:05 6 98.803 98.865
2024_0412_09:36:05 1 98.7955 98.84
2024_0412_09:36:06 10 98.5375 99.126
2024_0412_09:36:07 11 -0.093 0.0455
2024_0412_09:36:07 11 98.7845 98.7555
2024_0412_09:36:07 5 98.8395 98.82
2024_0412_09:36:08 6 98.786 98.78
2024_0412_09:36:08 8 98.6075 98.7545
2024_0412_09:36:08 3 98.7445 98.7145
2024_0412_09:36:08 2 98.682 98.7835
2024_0412_09:36:09 2 98.7525 98.657
2024_0412_09:36:10 7 98.724 98.739
2024_0412_09:36:10 4 98.8045 98.8085
2024_0412_09:36:11 1 98.7795 98.851
2024_0412_09:36:12 1 98.792 98.753
2024_0412_09:36:15 9 99.0135 98.961
2024_0412_09:40:46 12 73.6465 -3.6055
2024_0412_09:40:46 13 6.558 7.7815
2024_0412_09:40:48 14 98.5335 98.7035
2024_0412_09:40:50 15 -0.067 -0.1475
2024_0412_09:40:50 13 -48.795 49.37
2024_0412_09:40:51 15 -10.433 10.5545
2024_0412_09:40:52 20 0.2135 -0.1885
2024_0412_09:40:53 16 0.0795 -0.125
2024_0412_09:40:53 18 -10.479 9.7325
2024_0412_09:40:55 17 -0.0575 0.332
2024_0412_09:40:59 17 0.031 0.0435
2024_0412_09:41:03 20 -0.2025 -0.336
2024_0412_09:41:07 18 28.687 -24.9205
2024_0412_09:42:18 19 23.385 17.2545
2024_0412_09:46:58 11 -0.021 -0.1815
2024_0412_09:46:59 2 98.7965 98.656
2024_0412_09:46:59 7 98.716 98.797
2024_0412_09:47:00 1 98.807 98.81
2024_0412_09:47:01 3 97.807 98.75
2024_0412_09:47:01 11 -0.288 -0.338
2024_0412_09:47:02 11 49.999 -49.9985
2024_0412_09:47:02 11 0.1315 0.271
2024_0412_09:47:03 11 98.687 98.7595
2024_0412_09:47:03 8 98.7555 98.7025
2024_0412_09:47:03 6 98.839 98.7675
2024_0412_09:47:04 5 98.81 98.8765
2024_0412_09:47:07 4 98.58 97.4725
2024_0412_09:47:08 10 98.875 98.9495
2024_0412_09:47:09 9 98.8095 98.8635
2024_0412_09:47:09 11 -0.2865 0.075
2024_0412_09:51:36 11 98.777 98.645
2024_0412_09:51:39 11 74.1075 31.911
2024_0412_09:51:39 12 -17.0475 16.6285
2024_0412_09:51:42 11 97.2635 99.091
2024_0412_09:51:44 13 21.7205 73.795
2024_0412_09:51:45 13 98.6195 98.6435
2024_0412_09:51:46 16 -0.235 98.931
2024_0412_09:51:47 15 10.3695 37.0065
2024_0412_09:51:48 17 0.0875 0.2275
2024_0412_09:51:48 14 98.5045 99.0715
2024_0412_09:51:49 19 -0.0265 -0.187
2024_0412_09:51:50 18 98.6655 98.649
2024_0412_09:51:54 20 49.9965 -49.9965
2024_0412_09:51:55 20 99.1025 98.9515
2024_0412_09:56:32 7 85.007 98.8315
2024_0412_09:56:36 12 -0.11 -0.014
2024_0412_09:56:37 11 0.2125 0.128
2024_0412_09:56:39 3 98.717 98.808
2024_0412_09:56:39 11 -0.291 -0.1085
2024_0412_09:56:39 11 -0.061 -0.126
2024_0412_09:56:39 2 90.112 98.7605
2024_0412_09:56:40 12 98.499 98.5915
2024_0412_09:56:40 5 98.84 98.8705
2024_0412_09:56:40 8 98.798 98.7795
2024_0412_09:56:41 1 98.8055 98.825
2024_0412_09:56:43 6 98.802 98.853
2024_0412_09:56:44 12 98.9325 98.908
2024_0412_09:56:44 4 98.662 98.6265
2024_0412_09:56:45 10 99.0005 98.781
2024_0412_09:56:46 9 98.985 99.064
2024_0412_10:01:12 13 96.7865 98.814
2024_0412_10:01:18 13 10.831 -11.2045
2024_0412_10:01:20 13 47.2865 -2.6045
2024_0412_10:01:22 15 98.593 98.9395
2024_0412_10:01:22 14 0.119 -0.04
2024_0412_10:01:22 15 98.425 98.6175
2024_0412_10:01:25 13 -46.1695 49.3585
2024_0412_10:01:27 16 -13.3365 65.38
2024_0412_10:01:27 16 37.4125 6.4775
2024_0412_10:01:29 16 66.979 88.277
2024_0412_10:01:30 18 -0.0615 0.049
2024_0412_10:01:32 17 48.221 98.0915
2024_0412_10:01:32 18 -1.235 0.8675
2024_0412_10:01:32 18 -72.3575 72.1755
2024_0412_10:01:33 18 -12.663 12.22
2024_0412_10:01:35 14 98.7155 98.361
2024_0412_10:05:57 18 9.115 -4.965
2024_0412_10:06:00 19 46.414 -2.728
2024_0412_10:06:02 20 0.4275 1.1825
2024_0412_10:06:04 20 12.435 -10.16
2024_0412_10:06:07 19 10.448 -9.7705
2024_0412_10:06:07 20 -1.928 2.5155
2024_0412_10:06:08 18 -7.2465 46.441
2024_0412_10:06:08 20 0.233 0.3335
2024_0412_10:10:46 11 -0.269 -0.303
2024_0412_10:10:49 7 98.748 98.7355
2024_0412_10:10:50 11 0.305 -0.0485
2024_0412_10:10:52 2 98.716 98.593
2024_0412_10:10:53 1 98.923 98.7745
2024_0412_10:10:53 11 49.9995 -50.0
2024_0412_10:10:53 11 -0.052 -0.1005
2024_0412_10:10:53 3 59.049 94.4925
2024_0412_10:10:53 5 98.9085 98.8315
2024_0412_10:10:55 6 98.8125 98.7945
2024_0412_10:10:56 11 98.7715 98.6115
2024_0412_10:10:56 10 98.934 99.0075
2024_0412_10:10:56 9 97.19 99.009
2024_0412_10:10:56 8 98.5925 98.697
2024_0412_10:10:58 3 98.7325 98.6715
2024_0412_10:13:15 11 0.0045 0.305
2024_0412_10:15:25 11 -0.091 0.188
2024_0412_10:15:29 11 0.5945 -0.014
2024_0412_10:15:35 12 98.783 98.7505
2024_0412_10:15:35 11 98.6955 98.7305
2024_0412_10:15:37 12 0.1025 0.011
2024_0412_10:15:38 12 98.626 87.247
2024_0412_10:15:39 12 98.8555 98.727
2024_0412_10:15:39 12 -0.0135 0.301
2024_0412_10:15:39 12 -13.2685 64.898
2024_0412_10:15:40 13 -0.049 0.008
2024_0412_10:15:42 12 78.1065 78.4905
2024_0412_10:15:42 13 98.548 98.5775
2024_0412_10:15:43 12 98.4825 98.712
2024_0412_10:15:45 13 49.904 -49.6995
2024_0412_10:15:47 13 98.898 98.9025
2024_0412_10:18:01 13 98.5135 98.769
2024_0412_10:20:07 13 47.2785 13.256
2024_0412_10:20:13 13 98.799 98.0195
2024_0412_10:20:14 13 0.103 -0.222
2024_0412_10:20:16 13 0.645 0.268
2024_0412_10:20:19 13 0.4115 0.2595
2024_0412_10:20:22 14 0.078 -0.059
2024_0412_10:20:24 14 0.1235 -0.135
2024_0412_10:20:24 14 0.279 -0.1645
2024_0412_10:20:25 14 98.734 98.842
2024_0412_10:20:27 14 0.2475 0.1625
2024_0412_10:20:28 14 -12.287 12.2055
2024_0412_10:20:28 13 37.662 37.8445
2024_0412_10:20:30 14 89.5155 98.7415
2024_0412_10:20:36 14 4.323 -2.313
2024_0412_10:20:39 14 98.5645 98.557
2024_0412_10:22:48 14 98.888 99.1475
2024_0412_10:24:51 14 0.152 0.694
2024_0412_10:24:56 14 -0.882 2.003
2024_0412_10:25:04 15 -0.13 0.369
2024_0412_10:25:09 15 -46.895 47.8415
2024_0412_10:25:11 15 0.4715 0.148
2024_0412_10:25:13 15 48.212 26.9035
2024_0412_10:25:14 15 0.261 0.257
2024_0412_10:25:15 15 -0.1975 0.227
2024_0412_10:25:16 15 4.0505 6.309
2024_0412_10:25:16 15 98.559 98.0635
2024_0412_10:25:17 15 -0.4575 -0.298
2024_0412_10:25:20 15 98.8415 98.83
2024_0412_10:25:25 15 -0.6075 -0.4195
2024_0412_10:25:26 15 98.6975 98.484
2024_0412_10:27:34 15 0.157 -0.4445
2024_0412_10:29:03 16 0.3675 0.045
2024_0412_10:29:35 16 76.2605 83.5675
2024_0412_10:29:37 16 91.451 98.6785
2024_0412_10:29:44 16 8.451 -8.041
2024_0412_10:29:53 16 16.658 -16.385
2024_0412_10:29:58 17 -0.0305 0.103
2024_0412_10:29:59 17 0.1585 -0.011
2024_0412_10:30:00 16 16.1855 16.063
2024_0412_10:30:01 17 -79.7825 79.889
2024_0412_10:30:02 17 -8.8295 8.264
2024_0412_10:30:02 17 88.854 68.1575
2024_0412_10:30:05 17 43.2455 44.679
2024_0412_10:30:06 17 99.998 -49.999
2024_0412_10:30:12 17 16.0465 16.0795
2024_0412_10:30:12 17 -0.121 0.142
2024_0412_10:33:43 18 -99.995 49.9935
2024_0412_10:34:13 18 -50.0 50.0
2024_0412_10:34:20 18 98.6075 -8.642
2024_0412_10:34:27 18 48.2495 -0.6145
2024_0412_10:34:41 18 41.0795 -39.194
2024_0412_10:34:45 18 98.548 98.6885
2024_0412_10:34:46 19 23.044 38.0225
2024_0412_10:34:48 18 98.688 98.768
2024_0412_10:34:48 18 -0.369 70.2065
2024_0412_10:34:49 19 39.7915 -3.4175
2024_0412_10:34:56 20 6.2175 88.5405
2024_0412_10:34:57 19 -42.95 48.3565
2024_0412_10:35:02 20 -0.1505 -0.078
2024_0412_10:35:03 20 -0.2385 1.6785
2024_0412_10:35:59 20 1.196 0.9575
2024_0412_10:36:27 20 -0.0925 0.0075
2024_0412_10:38:32 20 -12.411 12.474
2024_0412_10:38:57 4 98.78 98.7445
2024_0412_10:39:01 15 -0.125 -0.247
2024_0412_10:39:09 17 15.826 -12.4445
2024_0412_10:39:21 18 -0.0085 -0.222
2024_0412_10:39:31 20 60.3845 51.325
2024_0412_10:44:11 11 -0.158 0.0085
2024_0412_10:44:13 11 0.1725 -0.025
2024_0412_10:44:15 4 98.7365 98.752
2024_0412_10:44:15 7 98.645 98.6735
2024_0412_10:44:15 7 98.693 98.7485
2024_0412_10:44:16 5 98.8565 98.8875
2024_0412_10:44:17 8 98.769 98.7875
2024_0412_10:44:17 3 98.8275 98.641
2024_0412_10:44:18 6 98.772 98.898
2024_0412_10:44:19 11 -0.1095 0.015
2024_0412_10:44:19 9 97.512 97.2505
2024_0412_10:44:20 3 98.7915 98.664
2024_0412_10:44:20 11 98.6365 98.667
2024_0412_10:44:21 1 98.9045 98.783
2024_0412_10:44:22 10 98.6895 98.823
2024_0412_10:44:22 2 98.726 98.6685
2024_0412_10:48:50 11 0.222 -0.365
2024_0412_10:48:54 11 16.2775 16.2525
2024_0412_10:48:55 11 98.146 98.597
2024_0412_10:48:56 11 98.899 98.8145
2024_0412_10:48:57 12 -0.0675 0.074
2024_0412_10:48:59 12 98.7475 98.7155
2024_0412_10:48:59 12 98.1675 98.6385
2024_0412_10:49:00 12 -0.0415 -0.098
2024_0412_10:49:04 12 99.298 48.623
2024_0412_10:49:05 12 98.686 98.681
2024_0412_10:49:05 12 78.2775 78.4025
2024_0412_10:49:06 13 2.706 0.691
2024_0412_10:49:07 12 98.888 98.9085
2024_0412_10:49:08 13 98.4435 98.3955
2024_0412_10:49:09 13 98.7655 98.8895
2024_0412_10:49:11 13 -0.165 0.3535
2024_0412_10:53:27 13 -49.9995 99.999
2024_0412_10:53:34 13 -0.2225 0.03
2024_0412_10:53:35 13 -0.109 -0.107
2024_0412_10:53:41 13 95.638 -86.3885
2024_0412_10:53:41 13 98.4105 98.3845
2024_0412_10:53:42 13 -0.147 -0.3725
2024_0412_10:53:44 13 97.3495 97.5975
2024_0412_10:53:48 14 -49.999 -50.0
2024_0412_10:53:49 14 98.763 98.6995
2024_0412_10:53:50 14 99.1965 98.235
2024_0412_10:53:51 14 98.6845 98.5495
2024_0412_10:53:51 14 98.511 98.776
2024_0412_10:53:53 14 0.2225 -0.1355
2024_0412_10:53:54 14 0.1035 -0.1815
2024_0412_10:53:56 14 -2.0665 71.523
2024_0412_10:54:00 14 78.2235 78.306
2024_0412_10:58:08 14 95.628 98.5595
2024_0412_10:58:16 14 -0.241 -0.1535
2024_0412_10:58:18 14 49.9985 -99.997
2024_0412_10:58:23 15 0.0985 0.1435
2024_0412_10:58:25 14 98.653 98.6565
2024_0412_10:58:29 15 -0.0535 0.0335
2024_0412_10:58:29 15 98.3455 98.9535
2024_0412_10:58:34 15 -41.3945 48.2745
2024_0412_10:58:34 15 -0.252 0.325
2024_0412_10:58:35 15 0.139 0.274
2024_0412_10:58:35 15 -53.5755 57.3255
2024_0412_10:58:37 15 -1.3775 1.133
2024_0412_10:58:40 15 -0.966 -0.3725
2024_0412_10:58:41 15 98.8325 98.547
2024_0412_10:58:42 15 72.976 62.565
2024_0412_10:58:46 15 0.391 0.0965
2024_0412_11:02:48 16 -0.971 1.5285
2024_0412_11:02:58 16 -10.334 9.759
2024_0412_11:03:00 16 -0.0875 -0.041
2024_0412_11:03:08 16 -0.372 -0.321
2024_0412_11:03:11 16 -0.0205 -0.365
2024_0412_11:03:12 16 14.963 15.0075
2024_0412_11:03:14 16 -0.018 -0.096
2024_0412_11:03:18 16 -0.0735 -0.095
2024_0412_11:03:18 17 23.8515 74.3625
2024_0412_11:03:23 17 99.017 99.0685
2024_0412_11:03:26 17 17.923 1.027
2024_0412_11:03:27 17 -0.36 -0.1655
2024_0412_11:03:28 17 98.458 98.4635
2024_0412_11:03:29 17 1.9175 0.1345
2024_0412_11:03:33 17 98.822 98.772
2024_0412_11:06:30 17 -0.1315 0.182
2024_0412_11:07:38 18 -0.015 -0.29
2024_0412_11:07:46 18 98.806 49.0425
2024_0412_11:07:50 18 -12.656 12.438
2024_0412_11:07:51 18 -50.0 99.999
2024_0412_11:07:51 18 98.3885 98.792
2024_0412_11:07:59 18 0.1885 -0.4875
2024_0412_11:08:03 18 -0.093 0.0865
2024_0412_11:08:05 18 98.6205 98.7085
2024_0412_11:08:08 19 0.194 -0.0715
2024_0412_11:08:08 18 -5.9285 5.9705
2024_0412_11:08:09 19 0.349 0.002
2024_0412_11:08:12 18 -0.1055 -0.111
2024_0412_11:08:16 20 -3.444 71.0325
2024_0412_11:08:16 19 9.9715 83.0835
2024_0412_11:08:30 20 98.513 98.5155
2024_0412_11:12:27 20 0.0 -99.999
2024_0412_11:12:32 20 98.679 98.7715
2024_0412_11:12:34 18 98.737 98.718
2024_0412_11:12:35 20 -0.5165 58.896
2024_0412_11:12:40 17 -0.447 0.417
2024_0412_11:12:43 20 47.076 67.105
2024_0412_11:17:25 3 98.7485 98.61
2024_0412_11:17:28 2 98.7135 98.757
2024_0412_11:17:28 3 98.5575 98.7145
2024_0412_11:17:29 2 98.327 98.473
2024_0412_11:17:29 3 98.719 98.701
2024_0412_11:17:30 11 0.0745 -0.083
2024_0412_11:17:31 5 98.856 98.844
2024_0412_11:17:31 11 98.7995 98.7445
2024_0412_11:17:32 7 98.778 98.7765
2024_0412_11:17:32 7 98.711 98.6815
2024_0412_11:17:33 8 98.7075 98.777
2024_0412_11:17:33 4 98.001 98.703
2024_0412_11:17:34 1 98.846 98.779
2024_0412_11:17:35 6 98.8745 98.803
2024_0412_11:17:37 10 98.9235 98.4615
2024_0412_11:17:45 9 97.559 98.9685
2024_0412_11:22:06 11 0.066 0.1525
2024_0412_11:22:07 11 -0.158 0.084
2024_0412_11:22:08 11 99.9985 -99.9985
2024_0412_11:22:08 11 -0.016 -0.0995
2024_0412_11:22:12 11 -99.999 -49.999
2024_0412_11:22:12 11 0.017 -0.4765
2024_0412_11:22:14 11 -0.124 -0.105
2024_0412_11:22:15 11 98.857 98.801
2024_0412_11:22:16 11 98.6375 98.8145
2024_0412_11:22:17 11 98.591 98.7315
2024_0412_11:22:17 11 -49.999 -49.999
2024_0412_11:22:18 11 98.817 98.7435
2024_0412_11:22:19 11 98.868 98.8175
2024_0412_11:22:20 11 98.82 -25.3745
2024_0412_11:22:22 11 1.3575 2.1945
2024_0412_11:22:31 12 98.7545 98.784
2024_0412_11:26:46 12 0.0515 -0.12
2024_0412_11:26:50 12 36.731 50.6265
2024_0412_11:26:51 12 -0.1555 -0.2255
2024_0412_11:26:53 12 98.759 98.711
2024_0412_11:26:55 12 0.1135 0.0565
2024_0412_11:26:58 12 98.7485 98.7215
2024_0412_11:26:59 12 98.724 98.707
2024_0412_11:26:59 12 -0.05 0.029
2024_0412_11:26:59 12 0.117 0.1155
2024_0412_11:27:01 12 96.8425 98.84
2024_0412_11:27:01 12 16.3895 15.2475
2024_0412_11:27:03 12 -0.0455 0.156
2024_0412_11:27:04 13 -0.005 0.05
2024_0412_11:27:06 12 98.9505 98.918
2024_0412_11:27:07 12 98.579 98.624
2024_0412_11:27:17 13 0.1435 -0.1365
2024_0412_11:31:31 13 15.893 16.9125
2024_0412_11:31:34 13 -0.0255 0.008
2024_0412_11:31:34 13 -0.1415 0.162
2024_0412_11:31:35 13 4.6365 25.3665
2024_0412_11:31:39 13 98.7445 98.697
2024_0412_11:31:41 13 0.0925 0.271
2024_0412_11:31:48 13 98.5975 98.4255
2024_0412_11:31:48 13 98.78 98.802
2024_0412_11:31:48 13 98.123 98.621
2024_0412_11:31:50 13 0.0255 -0.0785
2024_0412_11:31:51 13 98.563 49.1205
2024_0412_11:31:52 13 97.1985 99.0235
2024_0412_11:31:53 13 94.099 70.861
2024_0412_11:31:54 13 97.9895 97.723
2024_0412_11:31:55 13 3.856 2.415
2024_0412_11:32:07 13 0.388 0.271
2024_0412_11:36:15 13 49.999 99.998
2024_0412_11:36:17 13 -0.0955 0.535
2024_0412_11:36:17 13 98.8085 98.893
2024_0412_11:36:17 13 -0.385 -0.006
2024_0412_11:36:18 13 98.7205 98.7115
2024_0412_11:36:24 13 0.1135 0.287
2024_0412_11:36:32 14 0.219 0.397
2024_0412_11:36:33 14 20.184 -20.212
2024_0412_11:36:34 14 41.642 31.7335
2024_0412_11:36:37 14 -7.718 45.11
2024_0412_11:36:39 14 98.054 98.7
2024_0412_11:36:40 14 80.273 80.3655
2024_0412_11:36:42 14 98.614 98.725
2024_0412_11:36:43 14 14.7535 12.6695
2024_0412_11:36:58 14 98.7825 98.609
2024_0412_11:38:42 14 98.5265 98.4965
2024_0412_11:40:54 14 49.9995 -99.999
2024_0412_11:40:58 14 -19.744 20.1355
2024_0412_11:41:00 14 73.8905 21.523
2024_0412_11:41:00 14 98.863 98.859
2024_0412_11:41:03 14 98.6735 98.73
2024_0412_11:41:11 14 99.03 48.902
2024_0412_11:41:19 14 98.774 98.4195
2024_0412_11:41:20 14 49.9995 99.999
2024_0412_11:41:20 14 15.5935 18.308
2024_0412_11:41:22 14 0.014 0.1815
2024_0412_11:41:25 14 19.7885 19.819
2024_0412_11:41:25 14 -0.4645 -0.0345
2024_0412_11:41:26 14 -0.0645 -0.0375
2024_0412_11:41:32 14 98.869 98.855
2024_0412_11:41:44 14 96.4835 14.296
2024_0412_11:43:28 15 82.146 82.1795
2024_0412_11:45:40 15 96.592 96.306
2024_0412_11:45:42 15 27.1155 -26.8275
2024_0412_11:45:43 15 -96.141 99.4875
2024_0412_11:45:44 15 16.327 15.8765
2024_0412_11:45:47 15 98.972 98.976
2024_0412_11:46:06 15 98.8055 98.989
2024_0412_11:46:07 15 0.521 0.4785
2024_0412_11:46:07 15 -0.239 -0.126
2024_0412_11:46:10 15 -0.115 0.2335
2024_0412_11:46:10 15 -9.7385 10.048
2024_0412_11:46:12 15 -0.165 -0.055
2024_0412_11:46:12 15 48.939 -0.069
2024_0412_11:46:16 15 0.0505 0.3985
2024_0412_11:46:16 15 0.2675 -0.028
2024_0412_11:46:30 15 79.2145 79.1765
2024_0412_11:48:13 15 0.2525 0.154
2024_0412_11:50:22 15 -0.328 0.0045
2024_0412_11:50:25 15 -0.5675 -0.546
2024_0412_11:50:28 15 0.1085 -0.272
2024_0412_11:50:30 15 98.7395 97.995
2024_0412_11:50:41 15 99.0245 99.036
2024_0412_11:50:52 15 22.1655 73.774
2024_0412_11:50:53 16 99.999 49.9995
2024_0412_11:50:55 16 -0.089 0.0265
2024_0412_11:50:57 16 -10.044 10.3775
2024_0412_11:50:58 15 98.7375 98.698
2024_0412_11:50:58 16 -0.812 0.9905
2024_0412_11:50:58 16 0.516 0.033
2024_0412_11:51:02 16 0.51 1.154
2024_0412_11:51:05 16 86.209 -15.6195
2024_0412_11:51:18 16 98.8565 98.904
2024_0412_11:52:59 16 99.0155 99.007
2024_0412_11:55:02 16 -0.0375 -0.4645
2024_0412_11:55:13 16 98.5255 98.253
2024_0412_11:55:16 16 36.1485 46.9995
2024_0412_11:55:18 16 -45.691 50.3855
2024_0412_11:55:24 16 -0.1205 0.078
2024_0412_11:55:40 17 -0.0275 -0.2255
2024_0412_11:55:41 17 47.0835 37.4885
2024_0412_11:55:44 17 -34.612 44.498
2024_0412_11:55:45 17 0.109 -0.198
2024_0412_11:55:47 17 98.827 98.899
2024_0412_11:55:47 17 87.4565 98.225
2024_0412_11:55:47 17 78.108 77.844
2024_0412_11:55:50 17 44.6175 13.167
2024_0412_11:56:04 17 1.68 -1.6085
2024_0412_11:57:29 17 99.065 -0.259
2024_0412_11:57:50 17 15.2375 15.31
2024_0412_11:59:55 17 0.24 -0.0775
2024_0412_12:00:09 17 15.4155 15.9655
2024_0412_12:00:18 17 10.472 2.126
2024_0412_12:00:31 17 14.751 -11.367
2024_0412_12:00:33 18 0.394 0.1555
2024_0412_12:00:34 18 98.598 98.6355
2024_0412_12:00:35 17 17.43 -10.0595
2024_0412_12:00:36 18 -0.091 0.002
2024_0412_12:00:37 18 0.3595 -0.3145
2024_0412_12:00:38 18 -0.483 0.076
2024_0412_12:00:43 18 -19.9745 19.8795
2024_0412_12:00:53 18 -3.7745 3.646
2024_0412_12:01:47 18 12.41 -12.963
2024_0412_12:02:04 18 93.6925 93.7735
2024_0412_12:02:38 18 98.5155 98.4535
2024_0412_12:03:49 18 0.497 0.271
2024_0412_12:04:42 18 0.5185 -0.164
2024_0412_12:04:52 18 98.46 98.48
2024_0412_12:05:03 18 -28.565 25.1455
2024_0412_12:05:19 18 27.8365 -27.8745
2024_0412_12:05:19 18 99.999 -99.998
2024_0412_12:05:19 18 0.248 -0.042
2024_0412_12:05:21 18 47.1075 37.18
2024_0412_12:05:21 18 97.434 99.061
2024_0412_12:05:26 18 -10.0485 10.333
2024_0412_12:05:33 18 -0.053 -0.189
2024_0412_12:05:48 19 12.675 15.8275
2024_0412_12:06:31 19 39.802 -3.935
2024_0412_12:06:49 19 20.0195 -20.109
2024_0412_12:07:27 19 -25.157 49.8055
2024_0412_12:08:38 19 98.083 98.7325
2024_0412_12:09:29 19 49.3545 49.1985
2024_0412_12:09:37 20 1.352 1.1705
2024_0412_12:09:53 20 83.1735 67.66
2024_0412_12:09:54 20 8.838 -8.088
2024_0412_12:10:05 20 74.289 22.9505
2024_0412_12:10:09 20 98.52 98.5285
2024_0412_12:10:10 20 -14.2 15.5515
2024_0412_12:10:13 20 -0.0385 -0.1575
2024_0412_12:10:13 20 78.298 78.042
2024_0412_12:10:20 20 0.015 0.051
2024_0412_12:10:40 20 1.402 -0.0515
2024_0412_12:11:17 20 -0.1155 49.6365
2024_0412_12:11:35 20 99.998 -49.9995
2024_0412_12:12:22 20 68.835 89.0725
2024_0412_12:13:19 20 53.8095 78.6185
2024_0412_12:13:24 14 16.7285 15.857
2024_0412_12:14:07 15 -0.737 0.2845
2024_0412_12:14:27 17 10.304 -9.622
2024_0412_12:14:38 17 0.436 0.127
2024_0412_12:14:40 17 13.901 -13.8375
2024_0412_12:14:48 17 98.648 98.6605
2024_0412_12:14:54 17 0.0355 0.178
2024_0412_12:14:57 18 0.2155 -0.012
2024_0412_12:15:01 18 72.642 34.546
2024_0412_12:19:34 20 48.878 49.5765
2024_0412_12:24:13 11 0.356 0.247
2024_0412_12:24:17 4 51.135 98.7095
2024_0412_12:24:19 6 98.804 98.8805
2024_0412_12:24:19 1 98.77 98.8115
2024_0412_12:24:19 8 98.7105 98.738
2024_0412_12:24:19 2 98.8055 98.714
2024_0412_12:24:20 5 98.823 98.8005
2024_0412_12:24:20 11 98.733 98.7385
2024_0412_12:24:20 11 -0.156 -0.061
2024_0412_12:24:20 3 98.6565 74.2235
2024_0412_12:24:20 3 98.4985 98.4165
2024_0412_12:24:21 3 98.801 98.697
2024_0412_12:24:21 2 98.755 98.7565
2024_0412_12:24:21 7 98.717 98.6895
2024_0412_12:24:22 9 99.1175 99.034
2024_0412_12:24:23 10 98.6865 98.671
2024_0412_12:28:56 11 -0.162 -0.011
2024_0412_12:28:58 11 98.7055 98.656
2024_0412_12:29:00 11 -0.1675 -0.353
2024_0412_12:29:00 11 -0.062 0.072
2024_0412_12:29:01 11 98.7255 98.7305
2024_0412_12:29:02 11 -0.0085 0.1225
2024_0412_12:29:02 11 0.1135 -0.5205
2024_0412_12:29:03 11 0.1405 -0.0595
2024_0412_12:29:03 11 98.67 98.677
2024_0412_12:29:04 11 0.099 -0.1045
2024_0412_12:29:05 11 -0.412 0.104
2024_0412_12:29:05 11 0.081 0.0905
2024_0412_12:29:05 11 98.6545 98.748
2024_0412_12:29:06 11 -49.9995 -99.999
2024_0412_12:29:07 11 -0.1895 0.343
2024_0412_12:29:07 11 -2.5015 48.056
2024_0412_12:33:38 12 0.103 0.069
2024_0412_12:33:40 12 -22.2245 22.2055
2024_0412_12:33:40 12 98.729 98.6715
2024_0412_12:33:42 12 -0.3435 -0.286
2024_0412_12:33:44 12 98.7515 80.2595
2024_0412_12:33:46 12 -0.0995 -0.0175
2024_0412_12:33:48 12 0.2995 0.0575
2024_0412_12:33:49 12 0.01 0.038
2024_0412_12:33:50 12 98.747 98.7235
2024_0412_12:33:51 12 49.9185 50.0985
2024_0412_12:33:51 12 0.383 0.294
2024_0412_12:33:52 12 98.4775 98.6965
2024_0412_12:33:52 12 99.0785 98.7915
2024_0412_12:33:52 12 48.1415 47.9365
2024_0412_12:33:53 13 -0.2985 -0.3185
2024_0412_12:33:53 13 98.7305 98.6785
2024_0412_12:38:21 13 0.063 0.07
2024_0412_12:38:21 13 0.179 0.0495
2024_0412_12:38:22 13 98.7535 98.674
2024_0412_12:38:24 13 98.3385 98.2435
2024_0412_12:38:28 13 0.003 -0.0375
2024_0412_12:38:28 13 0.1855 -0.1955
2024_0412_12:38:33 13 79.153 78.9
2024_0412_12:38:35 13 -0.188 -0.045
2024_0412_12:38:35 13 49.9995 99.999
2024_0412_12:38:35 13 -99.998 49.999
2024_0412_12:38:37 13 35.142 -2.8745
2024_0412_12:38:38 13 -0.754 0.556
2024_0412_12:38:38 13 98.6615 98.8735
2024_0412_12:38:38 13 0.475 0.5275
2024_0412_12:38:39 13 0.2935 0.189
2024_0412_12:38:41 13 1.463 2.5595
2024_0412_12:42:59 13 0.241 0.404
2024_0412_12:43:06 13 0.1585 0.486
2024_0412_12:43:06 13 -0.134 0.028
2024_0412_12:43:06 13 10.2765 -10.408
2024_0412_12:43:11 13 19.385 19.489
2024_0412_12:43:13 13 98.6865 98.743
2024_0412_12:43:15 14 0.0665 0.321
2024_0412_12:43:18 14 0.2645 -0.23
2024_0412_12:43:20 14 -2.75 58.7
2024_0412_12:43:21 14 33.113 32.947
2024_0412_12:43:23 14 -0.1515 -0.26
2024_0412_12:43:24 14 25.537 24.637
2024_0412_12:43:25 14 0.3765 0.213
2024_0412_12:43:26 14 98.6525 98.667
2024_0412_12:43:29 14 98.3985 98.313
2024_0412_12:43:29 14 98.869 99.057
2024_0412_12:47:41 14 99.998 49.9995
2024_0412_12:47:45 14 -20.0795 20.1635
2024_0412_12:47:46 14 -0.4205 0.073
2024_0412_12:47:50 14 47.8225 47.8125
2024_0412_12:47:55 14 40.6075 -33.4365
2024_0412_12:48:02 14 98.67 98.717
2024_0412_12:48:02 14 0.2485 -0.015
2024_0412_12:48:06 14 -0.354 -0.021
2024_0412_12:48:10 14 0.289 -0.171
2024_0412_12:48:12 14 98.788 98.7315
2024_0412_12:48:13 14 49.9985 -49.9985
2024_0412_12:48:13 14 -0.1635 0.0
2024_0412_12:48:15 14 -21.6565 21.1165
2024_0412_12:48:16 14 98.871 98.902
2024_0412_12:48:25 15 98.8045 98.7415
2024_0412_12:51:37 15 -0.1825 0.2445
2024_0412_12:52:26 15 -0.011 -0.2605
2024_0412_12:52:30 15 3.663 -0.4125
2024_0412_12:52:31 15 96.2795 98.666
2024_0412_12:52:34 15 79.0005 79.097
2024_0412_12:53:05 15 42.0145 42.2435
2024_0412_12:53:06 15 77.9315 77.883
2024_0412_12:53:09 15 15.5825 15.762
2024_0412_12:53:15 15 0.1655 1.0425
2024_0412_12:53:15 15 -0.2115 0.0925
2024_0412_12:53:17 15 34.3515 -40.2175
2024_0412_12:53:18 15 98.5225 98.6345
2024_0412_12:53:20 15 49.056 98.6425
2024_0412_12:53:27 15 96.8325 96.917
2024_0412_12:53:29 15 -0.021 0.1175
2024_0412_12:55:40 15 66.1455 65.858
2024_0412_12:56:40 15 15.5525 15.384
2024_0412_12:57:08 15 -49.9995 -49.9995
2024_0412_12:57:08 15 47.7135 45.7335
2024_0412_12:57:17 15 -0.0735 -0.107
2024_0412_12:57:18 15 46.831 46.9965
2024_0412_12:58:06 16 -7.956 7.99
2024_0412_12:58:09 16 0.2455 -0.063
2024_0412_12:58:15 16 -0.1275 -0.0675
2024_0412_12:58:18 16 -2.195 49.7065
2024_0412_12:58:19 16 -0.0755 -0.2165
2024_0412_12:58:22 16 -8.393 35.444
2024_0412_12:58:24 16 98.878 98.769
2024_0412_12:58:31 16 0.843 0.8825
2024_0412_12:59:00 16 99.996 99.996
2024_0412_13:00:23 16 -17.15 96.055
2024_0412_13:00:37 16 6.8225 22.888
2024_0412_13:01:43 16 49.419 49.3915
2024_0412_13:01:57 16 98.6725 98.4425
2024_0412_13:02:01 17 98.8195 98.946
2024_0412_13:02:06 17 69.2225 74.9125
2024_0412_13:02:40 17 -0.036 0.0125
2024_0412_13:03:04 17 0.117 -0.247
2024_0412_13:03:10 17 6.4495 23.487
2024_0412_13:03:15 17 0.151 -0.1165
2024_0412_13:03:18 17 44.484 55.3825
2024_0412_13:03:25 17 10.832 6.2575
2024_0412_13:03:28 17 -0.198 0.395
2024_0412_13:03:33 17 31.1495 31.4135
2024_0412_13:04:01 17 34.98 44.5485
2024_0412_13:05:06 17 0.246 -0.267
2024_0412_13:05:40 17 7.1665 -7.5865
2024_0412_13:05:55 17 59.727 -8.03
2024_0412_13:06:39 17 0.252 -0.1385
2024_0412_13:06:42 17 26.376 46.558
2024_0412_13:06:46 17 99.6775 -1.088
2024_0412_13:06:52 17 99.743 -30.8615
2024_0412_13:07:23 17 9.269 -8.982
2024_0412_13:08:08 18 98.6855 98.693
2024_0412_13:08:13 18 98.6315 98.514
2024_0412_13:08:23 18 47.35 -36.874
2024_0412_13:08:25 18 -8.284 8.2565
2024_0412_13:08:30 18 0.0855 0.328
2024_0412_13:08:38 18 -21.4035 22.862
2024_0412_13:08:41 18 -41.78 53.7765
2024_0412_13:09:07 18 61.9145 65.699
2024_0412_13:09:49 18 0.1785 -0.37
2024_0412_13:10:41 18 -100.0 99.9985
2024_0412_13:10:59 18 0.126 -0.02
2024_0412_13:11:28 18 78.728 77.979
2024_0412_13:11:29 18 -0.039 -0.067
2024_0412_13:11:37 18 -99.998 99.9985
2024_0412_13:12:04 18 17.406 17.022
2024_0412_13:12:17 18 78.3285 77.9835
2024_0412_13:13:07 18 -0.237 -0.101
2024_0412_13:13:10 18 0.018 0.158
2024_0412_13:13:25 18 20.102 -19.3105
2024_0412_13:13:28 18 0.0585 0.1575
2024_0412_13:13:32 18 48.9485 47.284
2024_0412_13:13:42 19 98.448 98.558
2024_0412_13:13:50 19 52.5085 51.3295
2024_0412_13:14:14 19 98.1065 98.494
2024_0412_13:14:40 19 98.808 98.7595
2024_0412_13:15:44 19 -5.4345 30.815
2024_0412_13:16:02 19 1.083 6.817
2024_0412_13:16:21 19 -2.4475 9.939
2024_0412_13:16:22 19 -0.014 0.04
2024_0412_13:16:31 19 24.675 -24.746
2024_0412_13:17:09 19 -10.2965 44.6825
2024_0412_13:17:12 20 76.9235 76.967
2024_0412_13:18:13 20 0.2025 0.3165
2024_0412_13:18:30 20 15.0505 15.508
2024_0412_13:18:30 20 0.29 0.1825
2024_0412_13:18:38 20 93.9395 85.5045
2024_0412_13:18:53 20 9.883 -10.0835
2024_0412_13:19:27 20 -67.835 47.0215
2024_0412_13:20:31 20 15.492 15.515
2024_0412_13:20:50 20 -0.182 0.345
2024_0412_13:20:52 20 98.5485 48.5915
2024_0412_13:21:05 20 -8.4925 8.534
2024_0412_13:21:10 15 0.4265 -0.038
2024_0412_13:21:13 15 0.038 0.408
2024_0412_13:21:24 16 90.416 73.069
2024_0412_13:21:50 16 7.587 -11.79
2024_0412_13:22:03 17 89.4895 98.711
2024_0412_13:23:20 20 98.7555 98.3775
2024_0412_13:23:20 20 -0.0365 0.152
2024_0412_13:23:28 20 98.8405 98.857
2024_0412_13:23:32 18 -4.189 1.1155
2024_0412_13:25:10 16 0.094 -0.3315
2024_0412_13:29:58 3 98.678 98.746
2024_0412_13:29:59 6 98.8785 98.7875
2024_0412_13:30:00 7 98.766 90.389
2024_0412_13:30:00 10 98.9715 98.9065
2024_0412_13:30:04 9 98.792 98.7145
2024_0412_13:30:11 2 98.7685 98.7955
2024_0412_13:30:11 11 98.7555 98.7095
2024_0412_13:30:12 8 98.689 98.641
2024_0412_13:30:12 5 98.8305 98.8935
2024_0412_13:30:12 1 98.8715 98.782
2024_0412_13:30:13 2 98.7075 98.7295
2024_0412_13:30:13 3 98.803 98.7395
2024_0412_13:30:14 4 98.7225 98.709
2024_0412_13:30:15 2 98.6555 98.699
2024_0412_13:30:15 3 98.8005 98.6065
2024_0412_13:30:17 4 97.8145 98.3905
2024_0412_13:34:45 11 98.6235 98.7905
2024_0412_13:34:47 11 -0.0605 -0.131
2024_0412_13:34:50 11 -25.266 98.765
2024_0412_13:34:54 11 98.8355 98.7635
2024_0412_13:34:55 11 99.0775 98.966
2024_0412_13:35:10 11 0.1055 0.1285
2024_0412_13:35:11 11 0.2255 -0.217
2024_0412_13:35:12 11 0.165 -0.0925
2024_0412_13:35:12 11 98.714 98.702
2024_0412_13:35:12 11 0.18 0.4815
2024_0412_13:35:13 11 0.091 -0.1155
2024_0412_13:35:15 11 98.7005 98.677
2024_0412_13:35:17 11 -0.0185 -0.1315
2024_0412_13:35:18 11 98.6715 98.728
2024_0412_13:35:24 11 -0.507 -0.124
2024_0412_13:35:33 11 0.4735 0.1535
2024_0412_13:39:32 11 0.124 -0.0845
2024_0412_13:39:35 11 98.708 98.7735
2024_0412_13:39:40 11 98.7825 98.706
2024_0412_13:39:44 11 98.6975 98.426
2024_0412_13:39:48 11 20.6515 21.165
2024_0412_13:40:09 11 0.4235 0.193
2024_0412_13:40:09 11 0.247 -0.245
2024_0412_13:40:11 11 98.9 98.7545
2024_0412_13:40:11 11 98.9035 98.844
2024_0412_13:40:13 11 98.8505 98.697
2024_0412_13:40:13 11 -13.5115 64.9495
2024_0412_13:40:15 11 -0.397 -0.156
2024_0412_13:40:18 12 -0.313 1.8945
2024_0412_13:40:20 12 98.779 98.8
2024_0412_13:40:25 12 -0.163 0.158
2024_0412_13:40:32 12 0.254 -0.0815
2024_0412_13:44:14 12 98.4365 99.0535
2024_0412_13:44:21 12 -0.447 0.083
2024_0412_13:44:24 12 -0.084 -0.237
2024_0412_13:44:34 12 99.009 99.0405
2024_0412_13:44:35 12 0.138 0.088
2024_0412_13:45:10 12 16.5205 16.1415
2024_0412_13:45:10 12 98.716 98.659
2024_0412_13:45:11 12 -49.9985 -49.999
2024_0412_13:45:11 12 -0.238 -0.052
2024_0412_13:45:13 12 -0.5975 -0.004
2024_0412_13:45:14 12 -0.242 0.055
2024_0412_13:45:17 12 98.58 98.795
2024_0412_13:45:22 12 0.17 0.3265
2024_0412_13:45:24 12 98.766 98.783
2024_0412_13:45:29 12 0.268 -0.2795
2024_0412_13:45:32 12 -0.143 0.2155
2024_0412_13:49:09 12 98.7625 98.7455
2024_0412_13:49:21 13 -0.1185 0.14
2024_0412_13:49:23 12 98.894 98.8885
2024_0412_13:49:35 13 98.1765 98.5265
2024_0412_13:49:37 13 98.6615 98.859
2024_0412_13:50:09 13 0.165 0.2805
2024_0412_13:50:09 13 0.266 0.578
2024_0412_13:50:10 13 98.7615 98.8875
2024_0412_13:50:11 13 0.069 0.188
2024_0412_13:50:13 13 98.477 98.632
2024_0412_13:50:13 13 98.794 98.627
2024_0412_13:50:19 13 98.587 98.6395
2024_0412_13:50:21 13 -49.9995 -49.999
2024_0412_13:50:22 13 98.8075 98.868
2024_0412_13:50:31 13 98.898 98.8285
2024_0412_13:50:46 13 0.175 -0.3135
2024_0412_13:53:58 13 0.0775 0.329
2024_0412_13:54:20 13 -99.997 49.9975
2024_0412_13:54:22 13 98.4675 98.495
2024_0412_13:54:31 13 10.3385 -10.5525
2024_0412_13:54:37 13 78.918 79.165
2024_0412_13:55:07 13 0.491 -0.269
2024_0412_13:55:09 13 98.8435 98.776
2024_0412_13:55:10 13 0.1405 -0.2075
2024_0412_13:55:11 13 98.533 98.512
2024_0412_13:55:14 13 -0.358 19.579
2024_0412_13:55:16 13 98.0895 89.5355
2024_0412_13:55:17 13 49.9995 -99.999
2024_0412_13:55:23 13 98.7925 98.5075
2024_0412_13:55:26 13 49.6455 49.728
2024_0412_13:55:32 13 -2.2085 49.2355
2024_0412_13:55:45 13 9.754 -9.99
2024_0412_13:58:49 13 -0.272 -0.1475
2024_0412_13:59:19 13 -0.0525 0.3265
2024_0412_13:59:23 13 79.142 79.2275
2024_0412_13:59:29 13 98.572 98.278
2024_0412_13:59:38 13 98.706 98.6755
2024_0412_13:59:56 13 -24.965 25.188
2024_0412_13:59:59 14 -99.996 -99.997
2024_0412_14:00:01 14 97.6165 98.499
2024_0412_14:00:04 14 1.3695 0.234
2024_0412_14:00:06 14 -9.948 9.997
2024_0412_14:00:10 14 2.0745 0.004
2024_0412_14:00:11 14 0.0895 0.1005
2024_0412_14:00:13 14 98.643 98.6775
2024_0412_14:00:19 14 79.007 79.1595
2024_0412_14:00:23 14 -13.4145 13.7815
2024_0412_14:00:35 14 0.097 0.575
2024_0412_14:03:46 14 98.4265 98.482
2024_0412_14:04:13 14 -0.418 -0.4405
2024_0412_14:04:19 14 98.6025 98.5955
2024_0412_14:04:22 14 84.328 96.418
2024_0412_14:04:37 14 98.6405 98.7165
2024_0412_14:04:46 14 -0.1055 0.5615
2024_0412_14:04:49 14 15.9385 15.4165
2024_0412_14:04:54 14 52.1435 98.6455
2024_0412_14:04:59 14 -0.0405 0.2475
2024_0412_14:05:04 14 -0.263 -0.7525
2024_0412_14:05:06 14 98.7815 98.912
2024_0412_14:05:12 14 98.068 98.1255
2024_0412_14:05:21 14 48.107 47.9955
2024_0412_14:05:30 14 98.833 98.6165
2024_0412_14:07:42 14 -0.0385 -0.2145
2024_0412_14:08:22 14 46.401 26.5905
2024_0412_14:08:52 14 0.532 -0.191
2024_0412_14:09:07 14 98.8225 98.7995
2024_0412_14:09:17 14 98.731 98.6975
2024_0412_14:09:24 14 98.54 98.462
2024_0412_14:09:30 14 -0.166 -0.259
2024_0412_14:09:37 14 15.4245 15.4785
2024_0412_14:09:41 15 4.194 1.7165
2024_0412_14:09:45 15 0.263 -0.08
2024_0412_14:09:48 15 49.9995 -49.9995
2024_0412_14:10:02 15 98.3645 98.3405
2024_0412_14:10:05 15 49.9995 -49.9995
2024_0412_14:10:11 15 -10.0845 9.8425
2024_0412_14:10:19 15 0.064 0.1645
2024_0412_14:12:33 15 -0.003 0.221
2024_0412_14:13:15 15 0.1275 -0.0095
2024_0412_14:13:44 15 11.209 47.7675
2024_0412_14:13:50 15 -0.6325 -0.2535
2024_0412_14:13:51 15 1.399 -0.299
2024_0412_14:14:06 15 0.0925 -0.616
2024_0412_14:14:17 15 2.306 0.618
2024_0412_14:14:19 15 -0.4745 -0.263
2024_0412_14:14:33 15 -0.3455 0.3135
2024_0412_14:14:34 15 -0.181 0.1745
2024_0412_14:14:43 15 98.723 76.037
2024_0412_14:14:50 15 98.6995 98.988
2024_0412_14:15:02 15 0.1005 0.381
2024_0412_14:15:06 15 98.804 98.7285
2024_0412_14:15:07 15 0.391 0.1585
2024_0412_14:17:33 15 98.8265 98.593
2024_0412_14:18:11 15 -0.296 -0.1185
2024_0412_14:18:38 15 15.41 15.3705
2024_0412_14:18:40 15 84.905 71.132
2024_0412_14:18:53 15 1.755 2.976
2024_0412_14:18:59 15 98.5785 98.7975
2024_0412_14:19:15 15 -0.111 1.111
2024_0412_14:19:33 15 98.687 98.8255
2024_0412_14:19:34 15 0.3835 -0.203
2024_0412_14:19:42 15 98.626 98.7735
2024_0412_14:19:54 15 16.678 13.015
2024_0412_14:20:02 16 98.2315 98.3275
2024_0412_14:20:04 16 47.379 47.135
2024_0412_14:20:05 16 48.96 -0.034
2024_0412_14:20:06 16 99.137 98.932
2024_0412_14:22:30 16 -0.7685 -0.411
2024_0412_14:22:35 16 81.014 94.06
2024_0412_14:23:17 16 95.2395 98.5505
2024_0412_14:23:25 16 16.111 7.7595
2024_0412_14:23:34 16 90.2225 90.084
2024_0412_14:23:50 16 -0.058 0.286
2024_0412_14:23:51 16 98.26 97.914
2024_0412_14:24:06 16 98.6685 98.7905
2024_0412_14:24:33 16 98.8695 98.855
2024_0412_14:24:37 16 97.552 98.4765
2024_0412_14:24:43 16 19.838 -4.429
2024_0412_14:24:50 16 98.571 98.3885
2024_0412_14:24:57 16 0.5095 -0.022
2024_0412_14:25:02 16 0.135 0.2335
2024_0412_14:25:05 16 97.798 98.5025
2024_0412_14:27:28 16 22.2705 14.0455
2024_0412_14:27:33 16 38.917 37.1085
2024_0412_14:28:12 16 10.131 -9.975
2024_0412_14:28:23 16 -8.637 64.3525
2024_0412_14:28:38 16 10.8495 7.939
2024_0412_14:28:47 17 1.9685 2.495
2024_0412_14:28:53 16 96.4705 96.5015
2024_0412_14:29:01 17 99.0315 -0.7665
2024_0412_14:29:32 17 30.952 0.3685
2024_0412_14:29:33 17 7.432 -7.1965
2024_0412_14:29:33 17 12.3535 12.4285
2024_0412_14:29:38 17 98.705 98.642
2024_0412_14:29:46 17 16.7845 -16.6765
2024_0412_14:29:57 17 10.7995 -9.7075
2024_0412_14:29:59 17 60.8485 -18.799
2024_0412_14:30:01 17 -0.2065 -0.235
2024_0412_14:32:29 17 98.58 98.7675
2024_0412_14:32:35 17 78.4705 84.4865
2024_0412_14:33:01 17 49.4045 98.639
2024_0412_14:33:20 17 98.6415 98.681
2024_0412_14:33:32 17 98.9455 97.272
2024_0412_14:33:40 17 -0.0255 0.0485
2024_0412_14:33:51 17 71.811 98.8105
2024_0412_14:33:54 17 0.279 -0.175
2024_0412_14:34:32 17 0.06 -0.367
2024_0412_14:34:34 17 -1.0295 -1.141
2024_0412_14:34:35 17 98.451 98.594
2024_0412_14:34:36 17 43.5905 44.416
2024_0412_14:34:45 17 -0.1755 -0.0925
2024_0412_14:34:56 17 98.7225 98.747
2024_0412_14:34:58 17 0.214 -0.5475
2024_0412_14:35:08 17 22.916 24.749
2024_0412_14:37:27 17 98.9225 98.7905
2024_0412_14:37:30 17 -0.664 0.16
2024_0412_14:37:49 17 99.1265 99.2605
2024_0412_14:38:19 18 98.484 98.508
2024_0412_14:38:26 18 98.75 98.7985
2024_0412_14:38:33 18 0.628 0.114
2024_0412_14:38:48 18 -9.97 10.011
2024_0412_14:38:50 18 98.973 98.869
2024_0412_14:39:31 18 -0.0365 -0.0255
2024_0412_14:39:32 18 1.4635 0.3275
2024_0412_14:39:34 18 0.0585 -0.0285
2024_0412_14:39:34 18 49.1675 99.117
2024_0412_14:39:44 18 -0.184 7.735
2024_0412_14:39:53 18 0.7465 2.464
2024_0412_14:39:57 18 26.051 -3.2165
2024_0412_14:40:08 18 98.7165 98.617
2024_0412_14:42:29 18 -3.8605 11.993
2024_0412_14:42:32 18 0.2025 -0.8415
2024_0412_14:42:32 18 -33.3075 33.3955
2024_0412_14:43:19 18 82.507 10.8625
2024_0412_14:43:21 18 7.9575 6.9675
2024_0412_14:43:33 18 -0.06 -0.0415
2024_0412_14:43:45 18 99.067 98.5685
2024_0412_14:43:48 18 -0.702 -0.529
2024_0412_14:44:31 18 -0.8055 0.1825
2024_0412_14:44:32 18 98.8115 98.948
2024_0412_14:44:34 18 97.5975 95.2385
2024_0412_14:44:36 18 98.788 98.835
2024_0412_14:44:42 18 20.6135 11.712
2024_0412_14:44:53 18 97.7095 97.921
2024_0412_14:44:57 18 1.4055 1.34
2024_0412_14:45:04 18 98.7385 98.653
2024_0412_14:47:20 18 98.823 98.808
2024_0412_14:47:28 18 0.012 -0.134
2024_0412_14:47:31 18 96.3855 98.7925
2024_0412_14:48:16 19 34.7065 -1.927
2024_0412_14:48:25 19 0.6935 -0.3035
2024_0412_14:48:27 19 10.168 -9.788
2024_0412_14:48:39 19 53.447 70.3245
2024_0412_14:48:49 19 57.0365 70.6455
2024_0412_14:49:27 19 97.929 97.8415
2024_0412_14:49:30 19 16.6925 -16.6815
2024_0412_14:49:30 19 -50.0005 50.0005
2024_0412_14:49:32 19 47.377 5.805
2024_0412_14:49:39 19 -1.0895 0.865
2024_0412_14:49:47 19 -49.9995 49.9995
2024_0412_14:49:53 19 16.3265 -16.276
2024_0412_14:50:11 19 0.179 1.2935
2024_0412_14:52:05 19 -25.0005 25.002
2024_0412_14:52:22 19 -23.858 23.9545
2024_0412_14:52:36 19 -0.3225 -0.563
2024_0412_14:53:04 19 43.894 -43.958
2024_0412_14:53:16 19 -0.1525 -0.1535
2024_0412_14:53:21 19 98.5155 98.441
2024_0412_14:53:32 20 11.8245 11.8045
2024_0412_14:53:47 20 98.379 98.55
2024_0412_14:54:29 20 -0.5485 0.5995
2024_0412_14:54:37 20 0.049 0.1495
2024_0412_14:54:45 20 98.7035 98.75
2024_0412_14:54:51 20 98.9095 98.8395
2024_0412_14:55:13 20 -0.737 -0.3665
2024_0412_14:55:55 20 12.198 -12.475
2024_0412_14:56:31 20 48.69 -0.292
2024_0412_14:56:50 20 0.508 -0.4495
2024_0412_14:57:17 20 0.1425 0.1235
2024_0412_14:57:36 20 -0.4415 -0.2665
2024_0412_14:57:45 20 48.7485 99.2835
2024_0412_14:58:20 20 98.339 98.393
2024_0412_14:58:34 20 5.123 25.1255
2024_0412_14:58:50 20 98.936 98.8385
2024_0412_14:59:22 14 -0.061 -0.063
2024_0412_14:59:30 14 47.7365 48.2885
2024_0412_14:59:41 14 98.6615 98.704
2024_0412_14:59:51 15 39.796 10.368
2024_0412_15:00:07 15 27.663 27.727
2024_0412_15:00:50 15 0.771 1.251
2024_0412_15:01:03 16 -0.055 0.3695
2024_0412_15:01:30 20 -0.399 -0.333
2024_0412_15:02:05 20 99.009 87.498
2024_0412_15:02:13 20 21.831 8.5345
2024_0412_15:02:23 20 98.4825 98.752
2024_0412_15:05:23 20 2.652 -2.5815
2024_0412_15:10:13 2 98.7885 98.68
2024_0412_15:10:15 2 98.768 98.6585
2024_0412_15:10:16 3 98.7835 98.809
2024_0412_15:10:18 3 98.7315 98.7445
2024_0412_15:10:19 3 98.441 98.7285
2024_0412_15:10:19 2 98.0485 49.2995
2024_0412_15:10:19 2 97.914 98.641
2024_0412_15:10:20 1 98.9185 98.8135
2024_0412_15:10:21 2 98.761 98.6695
2024_0412_15:10:21 3 98.7385 98.737
2024_0412_15:10:22 2 98.725 98.3915
2024_0412_15:10:22 2 98.742 98.7165
2024_0412_15:10:23 2 76.553 98.745
2024_0412_15:10:24 2 98.792 98.7255
2024_0412_15:10:25 2 98.6865 98.748
2024_0412_15:10:25 3 98.1015 98.709
2024_0412_15:14:58 3 98.743 98.732
2024_0412_15:15:06 3 98.5875 98.787
2024_0412_15:15:11 3 98.6345 98.6885
2024_0412_15:15:15 3 53.3185 98.688
2024_0412_15:15:15 3 98.731 98.685
2024_0412_15:15:17 4 96.9245 98.7815
2024_0412_15:15:18 4 98.828 98.6585
2024_0412_15:15:18 3 98.521 98.774
2024_0412_15:15:18 4 98.6685 74.0485
2024_0412_15:15:19 6 98.886 98.8015
2024_0412_15:15:19 4 98.771 98.775
2024_0412_15:15:20 7 98.7175 98.619
2024_0412_15:15:24 7 98.7685 98.7225
2024_0412_15:15:25 7 98.7315 98.7975
2024_0412_15:18:00 7 98.7575 98.7305
2024_0412_15:19:03 8 98.7435 98.6805
2024_0412_15:19:46 9 97.3045 99.002
2024_0412_15:20:04 10 98.8855 98.976
2024_0412_15:20:09 11 0.1425 0.3105
2024_0412_15:20:11 11 0.074 -0.0395
2024_0412_15:20:12 11 98.907 98.8425
2024_0412_15:20:12 11 0.1245 -0.137
2024_0412_15:20:13 11 49.999 -99.999
2024_0412_15:20:14 11 98.885 98.8395
2024_0412_15:20:15 11 99.999 -99.999
2024_0412_15:20:16 11 -0.295 -0.172
2024_0412_15:20:16 11 98.887 98.855
2024_0412_15:20:22 11 -0.013 -0.4085
2024_0412_15:20:22 11 98.7435 98.7565
2024_0412_15:22:54 11 0.0475 0.2725
2024_0412_15:22:57 11 98.8465 98.7925
2024_0412_15:23:57 11 -0.1495 -0.1385
2024_0412_15:24:31 11 -99.997 99.999
2024_0412_15:24:55 11 0.227 -0.0855
2024_0412_15:25:04 11 -0.0615 0.087
2024_0412_15:25:04 11 0.302 0.5375
2024_0412_15:25:06 11 98.7345 98.7605
2024_0412_15:25:06 11 98.656 98.5695
2024_0412_15:25:06 11 98.715 98.673
2024_0412_15:25:08 11 98.7585 98.7765
2024_0412_15:25:08 11 -0.114 0.007
2024_0412_15:25:10 11 0.3685 -0.2435
2024_0412_15:25:16 11 -0.068 -0.369
2024_0412_15:25:17 11 0.1455 0.0865
2024_0412_15:25:18 11 98.8065 98.744
2024_0412_15:27:46 11 -0.239 -0.137
2024_0412_15:27:50 11 0.118 -0.0255
2024_0412_15:28:52 11 -0.1515 -0.1335
2024_0412_15:29:16 11 80.082 98.575
2024_0412_15:29:46 11 0.203 0.1985
2024_0412_15:30:00 11 -0.294 0.037
2024_0412_15:30:00 11 98.8285 98.782
2024_0412_15:30:01 11 97.7335 98.7485
2024_0412_15:30:03 11 0.256 -0.1015
2024_0412_15:30:04 11 98.5415 98.838
2024_0412_15:30:04 11 0.34 -0.1505
2024_0412_15:30:07 11 98.806 98.776
2024_0412_15:30:10 11 49.9425 50.2885
2024_0412_15:30:12 11 -0.0935 -0.0145
2024_0412_15:30:13 11 -0.1905 0.369
2024_0412_15:30:13 11 -49.9995 -49.9995
2024_0412_15:32:35 11 -0.203 -0.1815
2024_0412_15:32:43 11 -0.3175 0.307
2024_0412_15:33:46 11 98.662 98.788
2024_0412_15:33:58 11 -0.0495 -0.262
2024_0412_15:34:36 11 0.0435 -0.113
2024_0412_15:34:49 11 0.1885 0.226
2024_0412_15:34:54 11 -0.3435 0.148
2024_0412_15:34:55 11 -99.998 -99.998
2024_0412_15:34:57 11 -0.012 0.014
2024_0412_15:34:58 11 0.161 0.3375
2024_0412_15:34:58 11 15.508 15.366
2024_0412_15:35:01 11 -0.2245 0.032
2024_0412_15:35:07 11 98.7625 98.7655
2024_0412_15:35:08 11 -0.255 -0.074
2024_0412_15:35:08 11 -0.1575 0.0485
2024_0412_15:35:09 11 98.707 98.574
2024_0412_15:37:25 11 -0.0875 -0.333
2024_0412_15:37:36 11 0.0005 0.005
2024_0412_15:38:45 11 98.725 98.7365
2024_0412_15:38:46 11 47.823 -2.3745
2024_0412_15:39:30 11 98.74 96.6675
2024_0412_15:39:40 11 98.823 98.8385
2024_0412_15:39:47 11 100.0 100.0
2024_0412_15:39:48 11 -0.034 -0.1145
2024_0412_15:39:51 11 98.74 98.705
2024_0412_15:39:51 11 -0.115 -0.0495
2024_0412_15:39:51 11 99.998 -49.999
2024_0412_15:39:57 11 98.503 98.721
2024_0412_15:40:01 11 -0.0385 -0.199
2024_0412_15:40:02 11 -0.4 -0.0345
2024_0412_15:40:05 11 0.1025 0.171
2024_0412_15:40:09 11 -0.2155 -0.0455
2024_0412_15:42:14 11 0.0955 -0.135
2024_0412_15:42:30 11 98.714 98.813
2024_0412_15:43:30 11 0.1405 0.1585
2024_0412_15:43:42 11 15.968 15.593
2024_0412_15:44:21 11 -49.9995 -99.999
2024_0412_15:44:30 11 -0.063 -0.072
2024_0412_15:44:41 11 98.864 98.7765
2024_0412_15:44:42 11 -0.0035 0.1515
2024_0412_15:44:44 11 -0.095 0.04
2024_0412_15:44:45 11 0.0015 -0.473
2024_0412_15:44:45 11 0.076 0.004
2024_0412_15:44:58 11 -0.012 0.1985
2024_0412_15:45:00 11 98.1395 98.0085
2024_0412_15:45:00 11 98.4595 98.665
2024_0412_15:45:01 11 -0.004 -0.0755
2024_0412_15:45:04 11 -0.071 -0.2125
2024_0412_15:47:05 11 98.7455 98.7975
2024_0412_15:47:24 11 96.974 97.747
2024_0412_15:48:13 11 98.829 98.7475
2024_0412_15:48:38 11 98.776 98.86
2024_0412_15:49:11 11 -0.0645 -0.1475
2024_0412_15:49:20 11 98.8535 98.814
2024_0412_15:49:35 11 -0.114 -0.137
2024_0412_15:49:35 11 98.719 98.701
2024_0412_15:49:39 11 0.2045 0.301
2024_0412_15:49:40 11 0.0565 -0.1945
2024_0412_15:49:44 11 98.767 98.6935
2024_0412_15:49:52 11 0.247 -0.037
2024_0412_15:49:55 11 98.86 98.826
2024_0412_15:49:55 11 99.0575 98.8885
2024_0412_15:49:56 11 98.6855 98.671
2024_0412_15:49:59 11 98.782 98.7675
2024_0412_15:51:54 11 0.2425 -0.0795
2024_0412_15:52:17 11 -0.052 0.1505
2024_0412_15:52:59 11 16.707 16.5275
2024_0412_15:53:30 11 -0.1445 -0.2935
2024_0412_15:54:03 11 0.229 0.0695
2024_0412_15:54:15 11 0.0435 0.4695
2024_0412_15:54:27 11 0.196 -0.3095
2024_0412_15:54:27 11 49.9995 -99.999
2024_0412_15:54:34 11 -50.0 99.9995
2024_0412_15:54:35 11 98.826 98.9365
2024_0412_15:54:37 11 -0.1515 -0.144
2024_0412_15:54:46 11 -0.107 0.234
2024_0412_15:54:49 11 0.281 0.4475
2024_0412_15:54:49 11 98.7095 98.553
2024_0412_15:54:54 11 -0.0105 -0.3185
2024_0412_15:54:55 11 2.2915 2.4855
2024_0412_15:56:47 11 -0.027 0.065
2024_0412_15:57:08 11 99.999 -99.999
2024_0412_15:57:42 11 0.0155 -0.292
2024_0412_15:58:24 11 49.998 99.998
2024_0412_15:58:56 11 98.691 98.6665
2024_0412_15:59:04 11 0.1245 0.4855
2024_0412_15:59:21 11 0.3075 -0.1635
2024_0412_15:59:25 11 -0.442 -0.1495
2024_0412_15:59:28 11 0.295 0.416
2024_0412_15:59:29 11 0.261 -0.225
2024_0412_15:59:35 11 0.0185 0.263
2024_0412_15:59:41 11 98.7055 98.7535
2024_0412_15:59:43 11 -0.169 -0.234
2024_0412_15:59:44 11 -0.8965 -1.131
2024_0412_15:59:49 11 -0.3615 -0.041
2024_0412_15:59:52 11 -0.103 -0.2015
2024_0412_16:01:37 11 0.418 -0.3145
2024_0412_16:02:05 11 73.494 -3.0945
2024_0412_16:02:28 12 15.846 15.8915
2024_0412_16:03:26 12 96.086 98.7455
2024_0412_16:03:51 12 98.7595 98.8145
2024_0412_16:03:53 12 0.003 0.239
2024_0412_16:04:14 12 -49.9995 -49.999
2024_0412_16:04:19 12 -49.9995 -99.999
2024_0412_16:04:21 12 -99.999 -49.9995
2024_0412_16:04:33 12 97.3625 97.2615
2024_0412_16:04:33 12 98.588 98.644
2024_0412_16:04:37 12 0.7905 0.4485
2024_0412_16:04:39 12 98.297 98.6775
2024_0412_16:04:41 12 0.447 -0.144
2024_0412_16:04:45 12 -2.334 47.246
2024_0412_16:04:50 12 -0.6325 1.0345
2024_0412_16:06:29 12 15.582 15.8805
2024_0412_16:06:57 12 100.0 -50.0
2024_0412_16:07:12 12 0.1695 -0.236
2024_0412_16:08:24 12 98.5805 98.5635
2024_0412_16:08:45 12 0.1605 0.0335
2024_0412_16:08:45 12 98.744 98.727
2024_0412_16:09:12 12 98.737 98.753
2024_0412_16:09:14 12 0.1355 -0.441
2024_0412_16:09:15 12 98.7035 98.776
2024_0412_16:09:32 12 98.59 98.7695
2024_0412_16:09:32 12 -0.1085 -0.0005
2024_0412_16:09:33 12 0.096 -0.18
2024_0412_16:09:35 12 0.151 0.113
2024_0412_16:09:37 12 97.1525 98.9105
2024_0412_16:09:44 12 98.3105 98.36
2024_0412_16:09:47 12 98.911 98.978
2024_0412_16:11:20 12 -0.155 0.0565
2024_0412_16:11:51 12 0.105 0.2155
2024_0412_16:11:57 12 0.049 -0.266
2024_0412_16:13:19 12 0.2845 0.245
2024_0412_16:13:35 12 1.8255 1.4855
2024_0412_16:13:37 12 -0.07 -0.392
2024_0412_16:14:07 12 98.749 98.717
2024_0412_16:14:08 12 2.4325 1.147
2024_0412_16:14:12 12 49.1165 71.203
2024_0412_16:14:27 12 0.1715 0.0405
2024_0412_16:14:28 12 0.0335 0.3495
2024_0412_16:14:28 12 0.0315 0.2335
2024_0412_16:14:30 12 79.172 79.073
2024_0412_16:14:31 12 98.589 98.7495
2024_0412_16:14:39 12 98.772 98.8595
2024_0412_16:14:44 12 98.3285 98.7585
2024_0412_16:16:12 12 97.356 98.181
2024_0412_16:16:42 12 0.5265 -0.0705
2024_0412_16:16:44 12 98.861 98.8265
2024_0412_16:18:16 12 79.18 79.089
2024_0412_16:18:26 12 98.8055 98.821
2024_0412_16:18:31 12 98.642 50.0205
2024_0412_16:19:00 12 0.212 0.264
2024_0412_16:19:00 12 98.794 98.856
2024_0412_16:19:08 12 -3.204 73.7395
2024_0412_16:19:22 12 -0.0295 0.019
2024_0412_16:19:22 12 48.014 47.7385
2024_0412_16:19:23 12 96.7695 98.738
2024_0412_16:19:24 12 -0.125 -0.4395
2024_0412_16:19:26 12 98.6835 98.8335
2024_0412_16:19:32 12 0.31 0.001
2024_0412_16:19:40 12 98.666 98.765
2024_0412_16:21:00 12 -0.073 0.4075
2024_0412_16:21:29 12 0.232 -0.2345
2024_0412_16:21:39 12 98.6565 98.934
2024_0412_16:23:11 12 98.799 98.741
2024_0412_16:23:14 12 -0.0385 -0.005
2024_0412_16:23:26 12 98.8425 98.8885
2024_0412_16:23:52 12 -0.5235 -0.2835
2024_0412_16:23:53 12 24.764 24.536
2024_0412_16:24:01 12 1.76 0.2885
2024_0412_16:24:16 12 0.139 2.3925
2024_0412_16:24:18 12 -0.243 0.1335
2024_0412_16:24:19 12 98.7175 98.7305
2024_0412_16:24:19 12 -0.3975 0.3975
2024_0412_16:24:19 12 98.5135 98.7475
2024_0412_16:24:27 12 98.816 98.642
2024_0412_16:24:37 12 98.839 98.9225
2024_0412_16:25:51 12 0.221 0.124
2024_0412_16:26:16 12 98.93 98.804
2024_0412_16:26:32 12 98.1 98.7155
2024_0412_16:28:03 12 49.999 49.9985
2024_0412_16:28:06 12 -0.213 -0.187
2024_0412_16:28:18 12 -0.069 -0.177
2024_0412_16:28:50 12 98.834 98.901
2024_0412_16:28:51 12 98.779 97.7795
2024_0412_16:29:00 12 -0.1225 0.287
2024_0412_16:29:14 12 99.999 -99.9995
2024_0412_16:29:16 12 -99.998 -99.997
2024_0412_16:29:17 12 98.4905 98.138
2024_0412_16:29:17 12 98.4875 98.655
2024_0412_16:29:19 12 98.769 98.7825
2024_0412_16:29:28 12 98.8245 98.844
2024_0412_16:29:35 12 98.773 98.7475
2024_0412_16:30:38 12 98.91 98.8625
2024_0412_16:31:08 12 99.065 97.269
2024_0412_16:31:26 12 98.4605 99.3955
2024_0412_16:32:57 12 98.599 98.578
2024_0412_16:33:09 12 -45.1875 48.8475
2024_0412_16:33:10 12 -53.708 59.75
2024_0412_16:33:47 12 34.5015 -34.8555
2024_0412_16:33:53 12 50.969 51.3675
2024_0412_16:33:54 12 98.7535 98.764
2024_0412_16:34:08 12 -0.152 0.045
2024_0412_16:34:09 12 -0.212 -0.4735
2024_0412_16:34:10 12 98.7985 98.77
2024_0412_16:34:12 12 73.9915 90.6
2024_0412_16:34:16 12 98.9735 98.815
2024_0412_16:34:19 12 50.0 49.9995
2024_0412_16:34:27 12 -0.3545 1.252
2024_0412_16:35:26 12 -24.942 98.7595
2024_0412_16:35:52 12 46.008 -2.876
2024_0412_16:36:17 12 98.735 98.655
2024_0412_16:37:54 13 0.059 0.0895
2024_0412_16:38:03 13 0.2885 0.273
2024_0412_16:38:05 13 49.9575 50.0805
2024_0412_16:38:42 13 -0.3865 2.1875
2024_0412_16:38:50 13 9.807 -10.154
2024_0412_16:38:51 13 98.778 98.8865
2024_0412_16:39:05 13 -0.084 -0.1655
2024_0412_16:39:05 13 -0.272 0.0045
2024_0412_16:39:06 13 0.1825 -0.012
2024_0412_16:39:10 13 -4.59 98.4995
2024_0412_16:39:13 13 10.221 -9.214
2024_0412_16:39:15 13 -0.27 -0.136
2024_0412_16:39:26 13 98.769 98.6985
2024_0412_16:40:18 13 98.1435 23.2965
2024_0412_16:40:37 13 98.6525 98.7345
2024_0412_16:41:08 13 98.599 98.7845
2024_0412_16:42:51 13 98.8205 98.856
2024_0412_16:42:58 13 0.2895 0.3615
2024_0412_16:42:59 13 16.1355 16.873
2024_0412_16:43:32 13 0.099 -0.0725
2024_0412_16:43:41 13 -50.1025 49.8735
2024_0412_16:43:43 13 47.979 47.8115
2024_0412_16:43:57 13 -0.3325 0.185
2024_0412_16:43:58 13 22.109 73.8035
2024_0412_16:43:58 13 48.236 48.0275
2024_0412_16:44:05 13 -11.855 12.0035
2024_0412_16:44:07 13 0.2315 -0.413
2024_0412_16:44:09 13 0.9425 0.3095
2024_0412_16:44:32 13 2.0215 1.8035
2024_0412_16:45:11 13 98.476 98.682
2024_0412_16:45:22 13 0.0875 0.3395
2024_0412_16:46:04 13 -0.0675 -0.479
2024_0412_16:47:40 13 49.9995 -99.999
2024_0412_16:47:51 13 48.1765 48.0205
2024_0412_16:47:55 13 0.2265 -0.234
2024_0412_16:48:30 13 0.034 -0.124
2024_0412_16:48:36 13 -0.197 0.3105
2024_0412_16:48:40 13 77.7915 77.588
2024_0412_16:48:52 13 -0.1505 0.6165
2024_0412_16:48:53 13 0.2735 -0.306
2024_0412_16:48:56 13 -1.132 98.2405
2024_0412_16:49:05 13 98.845 98.7595
2024_0412_16:49:05 13 16.054 16.2095
2024_0412_16:49:09 13 -0.206 0.2705
2024_0412_16:49:30 13 -0.2275 -0.584
2024_0412_16:50:01 13 0.364 0.1445
2024_0412_16:50:09 13 97.2305 97.054
2024_0412_16:51:01 13 97.4475 97.2575
2024_0412_16:52:36 13 94.9585 98.6915
2024_0412_16:52:43 13 -49.9985 99.997
2024_0412_16:52:51 13 98.532 98.5285
2024_0412_16:53:24 13 33.752 -0.4185
2024_0412_16:53:36 13 -0.357 -0.0225
2024_0412_16:53:38 13 -1.81 48.4665
2024_0412_16:53:46 13 -0.347 -0.2165
2024_0412_16:53:47 13 -0.2665 0.0305
2024_0412_16:53:50 13 73.413 74.194
2024_0412_16:54:01 13 -8.389 8.21
2024_0412_16:54:03 13 0.0955 0.1335
2024_0412_16:54:11 13 98.57 98.8355
2024_0412_16:54:26 13 -0.292 -0.5565
2024_0412_16:54:52 13 99.999 -49.9995
2024_0412_16:54:58 13 46.595 47.7995
2024_0412_16:55:52 13 2.0315 -0.5135
2024_0412_16:57:30 13 98.8185 98.788
2024_0412_16:57:38 13 48.226 -46.2975
2024_0412_16:57:49 13 98.79 98.779
2024_0412_16:58:16 13 0.138 0.376
2024_0412_16:58:29 13 0.321 -0.0965
2024_0412_16:58:29 13 -49.999 -49.9985
2024_0412_16:58:37 13 -0.0025 -0.2615
2024_0412_16:58:38 13 -2.81 46.27
2024_0412_16:58:43 13 -9.9705 10.091
2024_0412_16:58:53 13 0.8755 0.9155
2024_0412_16:58:57 13 0.155 -0.347
2024_0412_16:59:07 13 98.978 98.885
2024_0412_16:59:20 13 0.1815 -0.016
2024_0412_16:59:35 13 -0.218 -0.2155
2024_0412_16:59:51 13 -9.95 9.9235
2024_0412_17:00:42 13 -0.165 -0.1095
2024_0412_17:02:21 13 98.6235 98.557
2024_0412_17:02:28 13 50.0 49.997
2024_0412_17:02:43 13 27.2345 30.8225
2024_0412_17:03:12 13 98.517 98.788
2024_0412_17:03:25 13 98.8035 98.95
2024_0412_17:03:26 13 99.057 98.846
2024_0412_17:03:31 13 -0.1005 0.0475
2024_0412_17:03:36 13 0.7095 -0.374
2024_0412_17:03:37 13 98.8955 98.763
2024_0412_17:03:51 13 -2.3515 47.321
2024_0412_17:03:51 13 -0.0375 0.0945
2024_0412_17:04:04 13 -3.0585 34.0335
2024_0412_17:04:18 13 1.6615 1.8285
2024_0412_17:04:19 13 98.987 97.9915
2024_0412_17:04:48 13 -0.0185 0.5065
2024_0412_17:05:34 13 98.57 98.404
2024_0412_17:07:14 13 0.1715 0.09
2024_0412_17:07:20 13 0.2275 0.025
2024_0412_17:07:39 13 1.3025 1.2685
2024_0412_17:08:05 13 99.999 99.999
2024_0412_17:08:20 13 1.7415 0.1535
2024_0412_17:08:22 13 -0.169 0.0925
2024_0412_17:08:26 13 0.015 0.3305
2024_0412_17:08:29 13 98.646 98.7665
2024_0412_17:08:33 13 99.0155 99.0675
2024_0412_17:08:55 13 1.2765 1.8875
2024_0412_17:09:17 13 -0.1265 0.304
2024_0412_17:09:47 13 49.998 98.6585
2024_0412_17:11:50 13 27.3875 28.1835
2024_0412_17:12:03 13 -1.5565 48.953
2024_0412_17:12:07 13 97.756 98.6345
2024_0412_17:12:08 13 97.969 49.235
2024_0412_17:12:11 13 16.021 16.049
2024_0412_17:12:34 13 47.284 47.325
2024_0412_17:12:59 13 98.7295 98.727
2024_0412_17:13:16 13 0.5465 0.4155
2024_0412_17:13:21 13 1.934 1.784
2024_0412_17:13:22 13 98.9625 98.7
2024_0412_17:13:28 13 98.756 98.7045
2024_0412_17:13:50 13 11.998 20.5925
2024_0412_17:14:13 13 -0.179 0.03
2024_0412_17:14:18 13 98.7745 98.861
2024_0412_17:14:39 13 47.9685 47.766
2024_0412_17:16:46 13 -0.135 -0.007
2024_0412_17:16:47 13 0.033 -0.21
2024_0412_17:16:52 13 0.127 -0.1905
2024_0412_17:17:00 13 -0.064 0.051
2024_0412_17:17:01 13 99.14 97.0195
2024_0412_17:17:06 13 98.535 97.747
2024_0412_17:17:28 13 -0.0675 -0.1325
2024_0412_17:17:55 13 -0.3415 0.0555
2024_0412_17:18:10 13 0.1055 0.1065
2024_0412_17:18:13 13 0.227 -0.0735
2024_0412_17:18:13 13 -0.0305 0.529
2024_0412_17:18:22 13 -0.617 -0.216
2024_0412_17:18:46 13 -0.123 0.421
2024_0412_17:19:10 13 0.0745 0.0605
2024_0412_17:19:17 13 98.842 50.685
2024_0412_17:19:32 13 0.063 -0.075
2024_0412_17:21:32 13 -0.076 -0.3295
2024_0412_17:21:41 13 -2.7455 48.0475
2024_0412_17:21:47 13 0.041 -0.0755
2024_0412_17:21:52 13 98.627 98.645
2024_0412_17:21:57 13 -0.1505 0.171
2024_0412_17:22:01 13 97.9375 97.709
2024_0412_17:22:22 13 98.7365 98.7965
2024_0412_17:22:48 13 0.9195 0.2095
2024_0412_17:23:03 13 0.0725 0.2695
2024_0412_17:23:07 13 52.3065 -52.534
2024_0412_17:23:10 13 98.813 98.9145
2024_0412_17:23:18 13 42.5235 83.5095
2024_0412_17:23:39 13 5.262 26.071
2024_0412_17:24:05 13 98.562 98.5645
2024_0412_17:24:10 13 0.0875 -0.305
2024_0412_17:24:25 13 -0.021 -0.01
2024_0412_17:26:18 13 99.2045 98.9245
2024_0412_17:26:38 13 98.7425 98.7155
2024_0412_17:26:40 13 -0.82 0.958
2024_0412_17:26:42 13 -33.522 33.315
2024_0412_17:26:49 13 98.7925 98.909
2024_0412_17:26:56 13 0.4095 0.1275
2024_0412_17:27:16 13 -1.5375 -2.426
2024_0412_17:27:42 13 -0.0405 47.8885
2024_0412_17:27:58 13 47.7365 47.859
2024_0412_17:28:02 13 98.661 98.6975
2024_0412_17:28:06 13 78.2285 78.3395
2024_0412_17:28:11 13 12.167 11.878
2024_0412_17:28:34 13 96.5685 97.5615
2024_0412_17:28:59 13 16.2135 17.1475
2024_0412_17:29:05 13 -0.2645 0.173
2024_0412_17:29:23 13 98.7585 98.77
2024_0412_17:31:03 13 0.446 0.147
2024_0412_17:31:33 13 13.43 30.119
2024_0412_17:31:34 13 0.7035 -0.086
2024_0412_17:31:42 13 99.219 96.839
2024_0412_17:31:47 13 20.345 20.784
2024_0412_17:31:52 13 98.9655 99.0105
2024_0412_17:32:09 13 19.9565 -19.76
2024_0412_17:32:35 13 11.5365 11.944
2024_0412_17:32:53 13 98.924 98.9255
2024_0412_17:32:54 13 0.8015 -0.103
2024_0412_17:33:02 14 0.239 0.066
2024_0412_17:33:07 14 98.4405 98.3595
2024_0412_17:33:28 14 -0.042 -0.082
2024_0412_17:33:56 14 -0.0025 0.0095
2024_0412_17:33:58 14 -12.1985 12.4915
2024_0412_17:34:12 14 -99.997 -49.999
2024_0412_17:35:51 14 98.9315 98.8855
2024_0412_17:36:22 14 -0.11 0.131
2024_0412_17:36:32 14 98.651 98.724
2024_0412_17:36:40 14 0.0315 0.137
2024_0412_17:36:47 14 0.1175 0.2595
2024_0412_17:37:09 14 -0.126 0.2305
2024_0412_17:37:31 14 28.9875 38.3735
2024_0412_17:37:44 14 0.0465 -0.603
2024_0412_17:37:48 14 98.7535 98.6775
2024_0412_17:37:50 14 0.115 0.063
2024_0412_17:37:59 14 -0.296 -0.0655
2024_0412_17:38:05 14 61.8465 99.0145
2024_0412_17:38:26 14 98.4485 48.6825
2024_0412_17:38:49 14 -0.3285 1.317
2024_0412_17:38:58 14 98.746 98.8455
2024_0412_17:39:08 14 -0.605 -0.36
2024_0412_17:40:33 14 -0.003 0.0805
2024_0412_17:41:17 14 2.3655 1.356
2024_0412_17:41:23 14 98.6165 89.1455
2024_0412_17:41:36 14 -99.998 -99.997
2024_0412_17:41:51 14 0.03 1.179
2024_0412_17:42:09 14 15.8725 16.005
2024_0412_17:42:28 14 98.511 98.637
2024_0412_17:42:38 14 0.31 -0.0355
2024_0412_17:42:43 14 -0.179 48.4915
2024_0412_17:42:51 14 68.2375 88.7245
2024_0412_17:42:55 14 0.112 0.1225
2024_0412_17:43:12 14 0.0 -0.001
2024_0412_17:43:22 14 8.4 -8.598
2024_0412_17:43:39 14 0.3965 -0.116
2024_0412_17:43:57 14 98.6605 47.054
2024_0412_17:44:08 14 98.2705 98.3685
2024_0412_17:45:14 14 0.3705 -0.163
2024_0412_17:46:07 14 9.6435 10.0185
2024_0412_17:46:12 14 9.9895 -10.286
2024_0412_17:46:34 14 -0.2875 0.0335
2024_0412_17:46:52 14 98.812 98.516
2024_0412_17:47:05 14 0.2625 -0.094
2024_0412_17:47:26 14 -20.3795 72.1515
2024_0412_17:47:27 14 -0.017 -0.3965
2024_0412_17:47:41 14 -99.998 99.9985
2024_0412_17:47:52 14 98.703 98.7545
2024_0412_17:47:56 14 98.8035 98.85
2024_0412_17:48:07 14 -16.551 16.8995
2024_0412_17:48:16 14 0.1065 0.32
2024_0412_17:48:31 14 98.869 98.849
2024_0412_17:48:53 14 -9.7815 9.9145
2024_0412_17:49:05 14 98.909 98.554
2024_0412_17:50:03 14 98.6085 98.5815
2024_0412_17:50:56 14 98.9655 35.797
2024_0412_17:50:59 14 -9.903 10.0565
2024_0412_17:51:36 14 98.884 99.318
2024_0412_17:51:51 14 41.747 41.9155
2024_0412_17:52:02 14 98.616 98.6395
2024_0412_17:52:21 14 3.6285 3.028
2024_0412_17:52:26 14 98.632 98.565
2024_0412_17:52:48 14 98.2695 98.1335
2024_0412_17:52:50 14 0.3405 0.373
2024_0412_17:52:54 14 -0.097 -0.42
2024_0412_17:53:03 14 15.558 15.58
2024_0412_17:53:15 14 98.7445 98.752
2024_0412_17:53:22 14 0.0605 -0.1155
2024_0412_17:53:49 14 0.0605 -0.227
2024_0412_17:54:05 14 98.749 98.8645
2024_0412_17:54:57 14 -0.065 0.3865
2024_0412_17:55:39 14 1.015 3.7895
2024_0412_17:55:49 14 1.7635 11.5955
2024_0412_17:56:34 14 60.6135 50.7985
2024_0412_17:56:45 14 -3.269 3.1285
2024_0412_17:56:58 14 10.069 9.943
2024_0412_17:57:12 14 98.761 98.7
2024_0412_17:57:22 14 99.034 98.927
2024_0412_17:57:39 14 0.1075 -0.147
2024_0412_17:57:41 14 -19.87 20.041
2024_0412_17:57:49 14 -0.0745 -0.1675
2024_0412_17:57:57 14 98.7255 98.0065
2024_0412_17:58:08 14 98.831 98.953
2024_0412_17:58:10 14 0.1965 0.337
2024_0412_17:58:40 14 99.999 49.9995
2024_0412_17:58:53 14 -0.2125 0.52
2024_0412_17:59:49 14 -0.1835 -0.0825
2024_0412_18:00:22 14 0.1435 0.0095
2024_0412_18:00:39 14 98.42 98.44
2024_0412_18:01:30 14 -0.2035 -0.0795
2024_0412_18:01:43 14 6.9625 32.6495
2024_0412_18:02:04 14 98.636 98.6225
2024_0412_18:02:12 14 98.8455 98.661
2024_0412_18:02:26 14 -0.263 0.345
2024_0412_18:02:28 14 -0.2695 -0.034
2024_0412_18:02:36 14 0.915 -0.987
2024_0412_18:02:45 14 21.3885 47.41
2024_0412_18:02:57 14 46.5905 98.6775
2024_0412_18:03:05 14 98.7395 98.684
2024_0412_18:03:32 14 48.57 2.147
2024_0412_18:03:44 14 -45.419 47.9195
2024_0412_18:04:40 14 -22.994 22.8535
2024_0412_18:04:52 14 -0.0885 2.539
2024_0412_18:05:08 14 -0.072 -0.314
2024_0412_18:05:36 14 98.6945 98.761
2024_0412_18:06:21 14 -0.1725 98.044
2024_0412_18:06:33 14 98.0005 97.9395
2024_0412_18:06:49 14 46.127 5.532
2024_0412_18:06:56 14 0.4355 0.1935
2024_0412_18:07:14 14 60.097 -60.061
2024_0412_18:07:14 14 0.2595 3.573
2024_0412_18:07:27 14 98.8255 98.4235
2024_0412_18:07:31 14 -0.348 -0.1785
2024_0412_18:07:44 14 77.96 78.183
2024_0412_18:07:57 14 0.282 74.314
2024_0412_18:08:23 14 98.7205 98.808
2024_0412_18:09:30 14 99.286 40.287
2024_0412_18:09:40 14 0.1505 -0.045
2024_0412_18:09:50 14 -0.024 -0.076
2024_0412_18:10:23 14 -0.015 0.177
2024_0412_18:10:25 14 98.709 98.623
2024_0412_18:11:13 14 98.3875 98.5365
2024_0412_18:11:18 14 -0.3165 -0.202
2024_0412_18:11:36 14 14.7455 15.559
2024_0412_18:11:40 14 0.1455 0.332
2024_0412_18:12:01 14 0.289 0.001
2024_0412_18:12:06 14 98.458 98.912
2024_0412_18:12:13 14 -0.471 14.9405
2024_0412_18:12:19 14 98.464 98.651
2024_0412_18:12:30 14 98.46 98.2705
2024_0412_18:12:49 14 42.6665 -1.7725
2024_0412_18:13:08 14 98.862 98.82
2024_0412_18:14:18 14 98.87 98.79
2024_0412_18:14:25 14 98.5235 98.5055
2024_0412_18:14:35 14 99.056 98.9055
2024_0412_18:15:05 14 -0.0865 -0.175
2024_0412_18:15:09 14 -1.782 49.931
2024_0412_18:15:57 14 -35.937 35.8185
2024_0412_18:16:01 14 -0.5145 -0.005
2024_0412_18:16:20 14 26.2865 36.7015
2024_0412_18:16:26 14 98.6335 98.505
2024_0412_18:16:47 14 0.1415 -0.1485
2024_0412_18:16:56 14 50.643 50.209
2024_0412_18:17:02 14 -0.4395 -0.0225
2024_0412_18:17:06 14 47.46 47.693
2024_0412_18:17:14 14 98.7745 98.7085
2024_0412_18:17:34 14 98.427 98.624
2024_0412_18:17:54 14 46.7485 -2.6395
2024_0412_18:18:59 14 98.819 98.797
2024_0412_18:19:07 14 -33.2845 33.3035
2024_0412_18:19:24 14 0.298 -0.149
2024_0412_18:19:51 14 -8.5695 8.172
2024_0412_18:19:52 14 26.1325 -0.502
2024_0412_18:20:41 14 72.99 -2.225
2024_0412_18:20:42 14 99.999 49.9995
2024_0412_18:21:03 14 98.745 98.484
2024_0412_18:21:09 14 0.226 0.192
2024_0412_18:21:42 14 3.413 20.1605
2024_0412_18:21:48 14 98.373 98.763
2024_0412_18:21:48 14 -0.152 -0.154
2024_0412_18:22:01 14 98.7095 98.7785
2024_0412_18:22:23 14 98.4725 98.5265
2024_0412_18:22:39 14 -0.3525 -0.3225
2024_0412_18:23:45 14 98.7415 98.61
2024_0412_18:23:52 14 0.1175 -0.2455
2024_0412_18:24:13 14 -0.155 0.3045
2024_0412_18:24:27 14 0.269 0.581
2024_0412_18:24:40 14 -0.4415 -0.2765
2024_0412_18:24:46 14 98.8895 98.7115
2024_0412_18:25:24 14 98.62 98.981
2024_0412_18:25:27 14 -9.7025 10.042
2024_0412_18:25:48 14 96.1235 98.4105
2024_0412_18:25:56 14 82.3725 82.264
2024_0412_18:26:27 14 -0.8025 -0.796
2024_0412_18:26:32 14 0.0675 -0.3355
2024_0412_18:26:34 15 98.417 98.1375
2024_0412_18:26:50 15 98.6535 98.5035
2024_0412_18:27:12 15 98.5015 98.785
2024_0412_18:27:27 15 29.796 -3.527
2024_0412_18:28:30 15 0.166 0.202
2024_0412_18:29:13 15 -0.071 -0.0855
2024_0412_18:29:25 15 0.085 0.0235
2024_0412_18:29:32 15 10.261 -10.377
2024_0412_18:30:01 15 88.947 89.0615
2024_0412_18:30:07 15 -0.4185 -0.0585
2024_0412_18:30:12 15 98.654 98.456
2024_0412_18:30:34 15 98.1615 74.036
2024_0412_18:30:39 15 0.5255 0.283
2024_0412_18:31:13 15 16.2625 16.0225
2024_0412_18:31:16 15 47.5745 -21.6485
2024_0412_18:31:18 15 22.7935 98.749
2024_0412_18:31:34 15 12.297 -12.497
2024_0412_18:31:51 15 34.7125 -16.864
2024_0412_18:32:06 15 -5.0985 -7.733
2024_0412_18:32:11 15 98.6265 98.7655
2024_0412_18:33:18 15 98.6775 98.764
2024_0412_18:34:01 15 0.2295 -0.045
2024_0412_18:34:08 15 0.0145 0.08
2024_0412_18:34:16 15 97.548 65.649
2024_0412_18:34:48 15 98.894 98.7735
2024_0412_18:34:51 15 88.6455 58.335
2024_0412_18:34:54 15 4.9655 -2.999
2024_0412_18:35:19 15 99.0945 49.166
2024_0412_18:35:24 15 99.0855 98.609
2024_0412_18:35:59 15 98.903 98.939
2024_0412_18:36:00 15 8.205 -8.529
2024_0412_18:36:03 15 -0.176 0.009
2024_0412_18:36:29 15 98.4945 98.5055
2024_0412_18:36:48 15 -7.7545 8.242
2024_0412_18:36:56 15 11.3955 -8.118
2024_0412_18:38:03 15 -0.1865 -0.248
2024_0412_18:38:45 15 0.1935 -0.203
2024_0412_18:38:52 15 97.7935 98.559
2024_0412_18:39:03 15 98.4225 98.604
2024_0412_18:39:34 15 98.592 98.685
2024_0412_18:39:36 15 98.4945 98.2275
2024_0412_18:39:38 15 98.963 99.096
2024_0412_18:39:42 15 98.741 98.716
2024_0412_18:40:05 15 98.7385 98.7115
2024_0412_18:40:09 15 97.416 96.9225
2024_0412_18:40:41 15 0.117 0.0985
2024_0412_18:40:46 15 98.8835 98.8395
2024_0412_18:40:50 15 0.613 0.5535
2024_0412_18:41:10 15 35.7295 35.972
2024_0412_18:41:35 15 -4.5865 4.069
2024_0412_18:41:39 15 16.7015 15.7655
2024_0412_18:42:44 15 78.082 78.4795
2024_0412_18:43:31 15 2.433 -2.2375
2024_0412_18:43:34 15 -0.0195 0.2075
2024_0412_18:43:55 15 98.4655 48.666
2024_0412_18:44:22 15 0.189 0.0255
2024_0412_18:44:25 15 98.7095 98.782
2024_0412_18:44:25 15 49.5225 49.571
2024_0412_18:44:25 15 0.27 48.6235
2024_0412_18:45:02 15 0.393 0.132
2024_0412_18:45:30 15 15.26 14.9735
2024_0412_18:45:33 15 -10.2005 10.3125
2024_0412_18:45:34 15 99.0445 97.4185
2024_0412_18:45:57 15 98.5855 98.063
2024_0412_18:46:18 15 0.092 -0.0005
2024_0412_18:46:22 15 0.301 0.086
2024_0412_18:47:18 15 -99.999 -49.9995
2024_0412_18:47:20 15 22.47 21.4875
2024_0412_18:48:18 15 98.534 98.5485
2024_0412_18:48:20 15 0.234 0.1115
2024_0412_18:48:42 15 -0.005 0.0005
2024_0412_18:49:06 15 -99.9975 99.996
2024_0412_18:49:11 15 -0.2065 0.0995
2024_0412_18:49:16 15 0.9715 0.37
2024_0412_18:49:56 15 -1.353 48.994
2024_0412_18:50:20 15 98.463 98.617
2024_0412_18:50:21 15 98.2245 98.645
2024_0412_18:50:22 15 40.195 23.068
2024_0412_18:50:46 15 48.07 97.309
2024_0412_18:51:03 15 49.255 49.3325
2024_0412_18:51:11 15 98.86 98.9555
2024_0412_18:51:58 15 0.168 -0.0545
2024_0412_18:52:07 15 -0.1535 -0.2995
2024_0412_18:53:03 15 98.674 98.573
2024_0412_18:53:05 15 99.998 -49.9985
2024_0412_18:53:08 15 -10.292 10.6225
2024_0412_18:53:29 15 98.7605 98.707
2024_0412_18:53:52 15 0.454 -0.0115
2024_0412_18:53:55 15 -0.2785 -0.0995
2024_0412_18:54:01 15 98.4995 98.5645
2024_0412_18:54:42 15 -12.6315 46.2965
2024_0412_18:55:04 15 97.4115 97.1655
2024_0412_18:55:06 15 -0.327 0.683
2024_0412_18:55:12 15 0.0095 0.142
2024_0412_18:55:32 15 12.3325 -12.853
2024_0412_18:55:45 15 -0.128 -0.0475
2024_0412_18:55:57 15 98.9045 98.525
2024_0412_18:56:34 15 98.8715 98.751
2024_0412_18:56:51 15 -0.316 0.0075
2024_0412_18:57:48 15 -0.1615 -0.228
2024_0412_18:57:51 15 -0.611 43.0495
2024_0412_18:57:54 15 -0.059 0.354
2024_0412_18:58:17 15 78.1535 78.6265
2024_0412_18:58:35 15 -14.1825 63.8945
2024_0412_18:58:45 15 0.728 0.9365
2024_0412_18:58:53 15 98.561 98.66
2024_0412_18:59:26 15 100.0 100.0
2024_0412_18:59:49 15 55.0245 57.3255
2024_0412_18:59:58 15 48.6725 48.974
2024_0412_19:00:07 15 88.022 88.9515
2024_0412_19:00:16 15 -0.126 -0.2435
2024_0412_19:00:29 15 49.999 -99.998
2024_0412_19:00:40 15 -0.3045 -0.3105
2024_0412_19:01:11 15 99.6815 -34.4645
2024_0412_19:01:40 15 -0.364 0.216
2024_0412_19:02:31 15 -0.0585 0.269
2024_0412_19:02:38 15 98.633 98.3985
2024_0412_19:02:40 15 98.621 93.4885
2024_0412_19:03:01 15 1.165 1.2455
2024_0412_19:03:21 15 98.6185 98.738
2024_0412_19:03:33 15 28.181 49.9
2024_0412_19:04:14 15 84.6785 88.65
2024_0412_19:04:39 15 98.811 64.501
2024_0412_19:04:43 15 -0.3365 0.3645
2024_0412_19:04:59 15 1.3175 1.5005
2024_0412_19:05:05 15 5.258 -5.617
2024_0412_19:05:16 15 0.0005 0.004
2024_0412_19:05:27 15 33.464 -33.363
2024_0412_19:05:48 15 27.254 -27.5075
2024_0412_19:06:06 15 -16.497 16.719
2024_0412_19:06:31 15 98.642 98.2635
2024_0412_19:07:27 15 6.541 -6.503
2024_0412_19:07:33 15 98.9225 98.325
2024_0412_19:07:46 15 98.9485 98.6945
2024_0412_19:08:03 15 -0.118 -0.008
2024_0412_19:08:22 15 -10.1145 10.0545
2024_0412_19:09:14 15 0.272 0.242
2024_0412_19:09:32 15 98.7815 98.7615
2024_0412_19:09:34 15 -0.6585 -0.017
2024_0412_19:09:48 15 -0.0325 0.0855
2024_0412_19:09:56 15 -10.052 9.8805
2024_0412_19:09:59 15 -0.0285 -0.0555
2024_0412_19:10:00 15 45.5035 98.4905
2024_0412_19:10:22 15 43.374 13.9325
2024_0412_19:10:29 15 98.738 97.6545
2024_0412_19:11:25 15 49.014 -0.333
2024_0412_19:12:18 15 98.728 98.7705
2024_0412_19:12:27 15 98.8335 98.9485
2024_0412_19:12:37 15 -0.054 -0.1735
2024_0412_19:12:42 15 -0.6255 0.1055
2024_0412_19:13:11 15 14.0925 12.8775
2024_0412_19:13:51 15 98.7085 98.802
2024_0412_19:13:57 15 -19.317 20.111
2024_0412_19:14:20 15 18.472 18.533
2024_0412_19:14:24 15 -0.096 -0.2305
2024_0412_19:14:37 15 -0.195 -0.3825
2024_0412_19:14:42 15 -0.538 0.178
2024_0412_19:14:49 15 0.108 0.043
2024_0412_19:14:52 15 98.805 98.562
2024_0412_19:15:11 15 98.524 98.7875
2024_0412_19:15:12 15 -0.2905 0.051
2024_0412_19:16:09 15 0.6885 -0.235
2024_0412_19:17:03 15 9.059 -9.207
2024_0412_19:17:15 15 98.7045 98.3945
2024_0412_19:17:17 15 0.325 -0.0055
2024_0412_19:17:22 15 99.999 -49.999
2024_0412_19:17:56 15 3.005 -2.912
2024_0412_19:18:40 15 99.0815 98.649
2024_0412_19:18:41 15 98.777 98.728
2024_0412_19:19:05 15 -0.2785 -0.3125
2024_0412_19:19:11 15 -0.093 0.3685
2024_0412_19:19:22 16 98.7695 98.7775
2024_0412_19:19:27 16 98.931 95.5675
2024_0412_19:19:38 16 14.848 15.661
2024_0412_19:19:42 16 98.811 98.822
2024_0412_19:19:50 16 21.115 -20.61
2024_0412_19:20:03 16 0.4765 -0.29
2024_0412_19:20:54 16 0.4695 -0.385
2024_0412_19:21:46 16 -10.1705 10.0545
2024_0412_19:21:59 16 47.9245 0.803
2024_0412_19:22:03 16 99.068 97.8095
2024_0412_19:22:06 16 19.673 -6.7015
2024_0412_19:22:46 16 98.6925 98.7945
2024_0412_19:23:25 16 65.5605 -4.8605
2024_0412_19:23:49 16 21.0295 -20.8265
2024_0412_19:23:57 16 99.064 98.919
2024_0412_19:24:03 16 80.102 97.8695
2024_0412_19:24:08 16 98.106 98.238
2024_0412_19:24:16 16 49.859 50.0105
2024_0412_19:24:22 16 0.275 -0.226
2024_0412_19:24:26 16 16.5905 -16.8865
2024_0412_19:24:28 16 61.3255 64.731
2024_0412_19:24:50 16 97.382 98.908
2024_0412_19:25:40 16 -0.088 0.118
2024_0412_19:26:28 16 -0.4425 -0.088
2024_0412_19:26:43 16 99.16 96.755
2024_0412_19:26:45 16 -0.209 -0.009
2024_0412_19:26:53 16 47.061 98.781
2024_0412_19:27:36 16 98.6095 98.745
2024_0412_19:28:06 16 98.8495 98.7095
2024_0412_19:28:38 16 16.7155 -16.661
2024_0412_19:28:40 16 0.5805 0.0635
2024_0412_19:28:51 16 16.577 -16.8615
2024_0412_19:28:53 16 98.8465 98.8075
2024_0412_19:29:00 16 -30.981 63.746
2024_0412_19:29:03 16 -7.076 6.7005
2024_0412_19:29:07 16 98.735 98.567
2024_0412_19:29:17 16 0.2065 0.3935
2024_0412_19:29:38 16 0.361 0.6615
2024_0412_19:30:22 16 -0.004 0.222
2024_0412_19:31:22 16 0.3055 -0.3725
2024_0412_19:31:23 16 -0.016 -0.5955
2024_0412_19:31:29 16 2.5185 -8.486
2024_0412_19:31:38 16 98.5535 98.326
2024_0412_19:32:19 16 -0.3325 -0.2325
2024_0412_19:32:52 16 98.6915 58.4345
2024_0412_19:33:21 16 15.932 16.0295
2024_0412_19:33:26 16 0.086 0.066
2024_0412_19:33:38 16 78.036 78.033
2024_0412_19:33:39 16 98.88 98.867
2024_0412_19:33:45 16 -0.255 29.507
2024_0412_19:33:45 16 98.56 98.57
2024_0412_19:33:46 16 0.134 1.8335
2024_0412_19:34:02 16 -0.007 0.0325
2024_0412_19:34:24 16 99.0205 98.2885
2024_0412_19:35:08 16 63.7425 74.126
2024_0412_19:36:09 16 -0.197 0.0715
2024_0412_19:36:09 16 98.597 83.49
2024_0412_19:36:11 16 0.083 0.2015
2024_0412_19:36:23 16 98.924 98.63
2024_0412_19:37:09 16 -9.9665 9.928
2024_0412_19:37:42 16 81.238 44.847
2024_0412_19:38:08 16 98.3055 98.3375
2024_0412_19:38:13 16 98.6 98.662
2024_0412_19:38:27 16 38.026 94.098
2024_0412_19:38:28 16 71.182 55.221
2024_0412_19:38:29 16 45.488 13.532
2024_0412_19:38:31 16 -0.0955 0.1535
2024_0412_19:38:32 16 -0.2575 0.366
2024_0412_19:38:47 16 49.094 99.0965
2024_0412_19:39:12 16 99.099 99.0495
2024_0412_19:39:54 16 35.547 -15.7075
2024_0412_19:40:46 16 25.0 -22.993
2024_0412_19:40:56 16 30.5925 30.914
2024_0412_19:41:03 16 98.854 98.796
2024_0412_19:41:58 16 98.861 98.8925
2024_0412_19:42:33 16 97.144 96.3885
2024_0412_19:42:58 16 48.733 99.0485
2024_0412_19:43:11 16 0.4795 0.0935
2024_0412_19:43:12 16 -2.4985 25.636
2024_0412_19:43:13 16 99.1865 98.9505
2024_0412_19:43:15 16 0.1675 0.378
2024_0412_19:43:19 16 98.8155 98.484
2024_0412_19:43:20 16 97.7685 98.987
2024_0412_19:43:22 16 98.5535 98.895
2024_0412_19:43:40 16 98.8345 98.8555
2024_0412_19:44:06 16 10.0195 -9.994
2024_0412_19:44:40 16 -0.287 -0.1315
2024_0412_19:45:20 16 49.9995 49.999
2024_0412_19:45:44 16 0.11 0.2345
2024_0412_19:46:44 16 -0.22 -0.092
2024_0412_19:47:20 16 0.1445 0.223
2024_0412_19:47:55 16 -8.5805 8.6665
2024_0412_19:47:56 16 98.3005 98.7
2024_0412_19:47:58 16 -16.938 16.768
2024_0412_19:48:03 16 -49.9995 -99.999
2024_0412_19:48:09 16 98.507 98.532
2024_0412_19:48:13 16 78.5045 42.8125
2024_0412_19:48:25 16 97.189 99.0815
2024_0412_19:48:57 16 1.798 2.4965
2024_0412_19:49:22 16 27.6485 27.089
2024_0412_19:49:28 16 98.6865 98.765
2024_0412_19:50:02 16 0.1115 0.489
2024_0412_19:50:23 16 62.233 62.7945
2024_0412_19:50:30 16 2.808 0.1695
2024_0412_19:51:27 16 11.816 12.566
2024_0412_19:52:07 16 18.038 0.0375
2024_0412_19:52:24 16 -49.9995 49.9995
2024_0412_19:52:38 16 17.0025 20.322
2024_0412_19:52:39 16 0.0285 -0.0335
2024_0412_19:52:49 16 49.07 98.199
2024_0412_19:52:50 16 1.916 1.479
2024_0412_19:52:57 16 99.999 49.9995
2024_0412_19:53:10 16 -0.025 47.823
2024_0412_19:53:45 16 98.7375 98.7045
2024_0412_19:54:17 16 40.295 -38.234
2024_0412_19:54:18 16 98.7915 98.8495
2024_0412_19:54:46 16 81.5165 81.793
2024_0412_19:55:10 16 47.9475 -4.7355
2024_0412_19:56:13 16 -0.215 -0.217
2024_0412_19:56:23 16 0.238 0.0755
2024_0412_19:56:58 16 -9.2105 23.8485
2024_0412_19:57:13 16 0.5295 0.1975
2024_0412_19:57:23 16 -0.622 0.3415
2024_0412_19:57:28 16 0.064 0.364
2024_0412_19:57:31 16 98.828 98.897
2024_0412_19:57:38 16 -0.1745 0.1665
2024_0412_19:57:47 16 1.114 0.3285
2024_0412_19:57:49 17 98.8245 98.895
2024_0412_19:57:55 17 -0.098 0.7295
2024_0412_19:58:35 17 4.0045 41.025
2024_0412_19:59:10 17 98.6555 98.562
2024_0412_19:59:16 17 98.7625 98.9815
2024_0412_19:59:32 17 98.9475 98.919
2024_0412_19:59:57 17 26.0155 58.412
2024_0412_20:01:00 17 -0.2555 -0.0675
2024_0412_20:01:14 17 63.0015 48.507
2024_0412_20:02:01 17 0.202 -0.1075
2024_0412_20:02:01 17 -0.2725 -0.0405
2024_0412_20:02:05 17 12.0255 12.06
2024_0412_20:02:11 17 98.691 98.4235
2024_0412_20:02:14 17 -0.202 -0.175
2024_0412_20:02:23 17 23.648 23.9495
2024_0412_20:02:34 17 40.144 -39.9275
2024_0412_20:02:39 17 -0.1235 0.039
2024_0412_20:02:43 17 98.813 98.8675
2024_0412_20:03:19 17 -0.264 0.131
2024_0412_20:03:58 17 5.6425 -3.7665
2024_0412_20:04:00 17 -0.3005 -0.0245
2024_0412_20:04:19 17 98.9775 98.8135
2024_0412_20:04:41 17 -0.5505 -0.204
2024_0412_20:05:46 17 48.2445 48.171
2024_0412_20:06:01 17 17.0315 92.1205
2024_0412_20:06:43 17 -50.0795 50.0425
2024_0412_20:06:43 17 -5.944 6.098
2024_0412_20:06:44 17 0.5745 -0.006
2024_0412_20:06:54 17 -13.731 64.2845
2024_0412_20:06:58 17 6.2755 24.524
2024_0412_20:07:09 17 19.5165 18.7
2024_0412_20:07:21 17 40.1685 -40.178
2024_0412_20:07:25 17 98.3355 98.631
2024_0412_20:07:30 17 59.1565 88.4955
2024_0412_20:08:06 17 25.8695 16.0675
2024_0412_20:08:45 17 -0.291 -0.0285
2024_0412_20:08:50 17 98.5645 98.361
2024_0412_20:09:05 17 82.4495 82.2765
2024_0412_20:09:29 17 43.978 47.3595
2024_0412_20:10:33 17 98.8705 98.754
2024_0412_20:10:52 17 -7.4445 7.607
2024_0412_20:11:23 17 98.549 94.1
2024_0412_20:11:30 17 77.661 77.8305
2024_0412_20:11:38 17 0.1685 -0.069
2024_0412_20:11:40 17 98.089 72.7995
2024_0412_20:11:45 17 98.857 98.9035
2024_0412_20:11:55 17 98.521 98.1955
2024_0412_20:12:10 17 78.5155 78.369
2024_0412_20:12:11 17 -2.8975 33.9395
2024_0412_20:12:16 17 22.683 2.947
2024_0412_20:12:48 17 29.9505 30.193
2024_0412_20:13:29 17 0.0485 0.1695
2024_0412_20:13:34 17 98.4835 98.924
2024_0412_20:13:51 17 0.071 -0.1645
2024_0412_20:14:18 17 -9.145 45.4625
2024_0412_20:15:38 17 98.864 98.8535
2024_0412_20:15:42 17 74.025 98.286
2024_0412_20:16:11 17 9.9195 -10.0115
2024_0412_20:16:20 17 3.076 -3.081
2024_0412_20:16:20 17 0.104 0.026
2024_0412_20:16:29 17 78.191 78.045
2024_0412_20:16:40 17 40.5035 40.901
2024_0412_20:16:56 17 -50.001 -49.9985
2024_0412_20:16:59 17 98.878 98.7965
2024_0412_20:17:03 17 46.28 84.3075
2024_0412_20:17:32 17 97.4225 99.065
2024_0412_20:18:15 17 -0.01 -0.1815
2024_0412_20:18:17 17 98.7605 98.594
2024_0412_20:18:21 17 -12.7485 12.0905
2024_0412_20:18:41 17 26.5345 6.04
2024_0412_20:19:04 17 -0.368 -0.1035
2024_0412_20:20:23 17 13.3025 8.928
2024_0412_20:20:55 17 98.4535 98.761
2024_0412_20:21:07 17 79.1465 79.1515
2024_0412_20:21:14 17 40.2485 23.7515
2024_0412_20:21:26 17 0.2695 -0.108
2024_0412_20:21:40 17 78.466 78.545
2024_0412_20:21:42 17 0.2165 0.1395
2024_0412_20:21:50 17 -1.1455 0.21
2024_0412_20:22:17 17 -20.085 20.2055
2024_0412_20:22:59 17 0.039 -0.1715
2024_0412_20:23:03 17 98.5255 75.0915
2024_0412_20:23:18 17 -0.282 0.2395
2024_0412_20:23:46 17 98.6115 98.558
2024_0412_20:23:48 17 12.2165 12.526
2024_0412_20:23:51 17 98.6665 98.859
2024_0412_20:24:38 17 10.04 -10.056
2024_0412_20:25:07 17 -5.692 5.2835
2024_0412_20:25:38 17 0.3815 -0.231
2024_0412_20:25:52 17 -8.6135 8.498
2024_0412_20:26:01 17 12.5125 -12.682
2024_0412_20:26:12 17 -0.107 0.055
2024_0412_20:26:29 17 98.8145 98.873
2024_0412_20:26:33 17 -3.662 3.513
2024_0412_20:26:33 17 1.6275 3.4975
2024_0412_20:27:03 17 0.117 -0.2705
2024_0412_20:27:46 17 -0.1855 -0.401
2024_0412_20:27:52 17 67.847 88.9435
2024_0412_20:28:01 17 98.805 98.7585
2024_0412_20:28:34 17 -0.454 0.2025
2024_0412_20:28:36 17 -10.9015 35.1475
2024_0412_20:28:40 17 -0.156 0.1835
2024_0412_20:29:18 17 -24.9965 24.7465
2024_0412_20:30:01 17 98.2365 98.57
2024_0412_20:30:37 17 0.2735 -0.4215
2024_0412_20:30:39 17 0.306 -0.1175
2024_0412_20:30:57 17 0.0745 0.195
2024_0412_20:31:12 17 0.211 0.472
2024_0412_20:31:22 17 -10.0205 9.546
2024_0412_20:31:49 17 0.4145 -0.574
2024_0412_20:32:36 17 25.1615 47.503
2024_0412_20:32:39 17 4.381 -0.091
2024_0412_20:32:58 17 20.8715 21.104
2024_0412_20:33:20 17 -11.203 16.93
2024_0412_20:33:21 17 97.0235 98.7395
2024_0412_20:33:27 17 0.1605 -0.1195
2024_0412_20:33:53 17 -0.056 0.4555
2024_0412_20:33:59 17 0.2535 0.0465
2024_0412_20:34:49 17 0.3095 -0.223
2024_0412_20:35:24 17 0.6915 1.4665
2024_0412_20:35:39 17 98.82 55.7735
2024_0412_20:35:57 17 0.061 0.357
2024_0412_20:36:04 17 0.0495 -0.213
2024_0412_20:36:05 17 16.0595 16.239
2024_0412_20:36:34 17 97.9905 98.5725
2024_0412_20:37:18 17 -0.0895 0.127
2024_0412_20:37:25 17 45.7515 19.544
2024_0412_20:37:35 17 -0.1475 -0.1155
2024_0412_20:38:04 17 2.6615 -0.7545
2024_0412_20:38:06 17 -1.5725 1.8655
2024_0412_20:38:09 17 98.6765 44.991
2024_0412_20:38:19 17 0.198 -0.177
2024_0412_20:38:41 17 95.974 95.8005
2024_0412_20:39:37 17 24.86 5.09
2024_0412_20:40:14 17 13.224 -9.633
2024_0412_20:40:31 17 32.526 -32.268
2024_0412_20:40:44 17 98.722 98.9115
2024_0412_20:40:54 17 98.837 98.9585
2024_0412_20:40:56 17 -0.999 1.8535
2024_0412_20:41:29 17 16.6295 -2.6275
2024_0412_20:42:06 17 -0.0985 0.4075
2024_0412_20:42:23 17 42.058 77.365
2024_0412_20:42:25 17 -12.808 18.5165
2024_0412_20:42:50 17 -0.234 0.0525
2024_0412_20:42:53 17 97.9935 98.5975
2024_0412_20:43:12 17 0.2525 -0.176
2024_0412_20:43:34 18 -15.7115 15.6335
2024_0412_20:44:28 18 49.9995 49.9995
2024_0412_20:44:33 18 -44.5755 47.4285
2024_0412_20:44:42 18 27.4235 -27.1565
2024_0412_20:45:10 18 98.8405 98.916
2024_0412_20:45:25 18 0.169 0.0835
2024_0412_20:45:27 18 96.8735 98.425
2024_0412_20:45:52 18 16.2685 16.537
2024_0412_20:45:53 18 30.8565 29.8425
2024_0412_20:46:22 18 25.7635 -18.396
2024_0412_20:47:00 18 99.107 48.7815
2024_0412_20:47:09 18 33.624 -0.47
2024_0412_20:47:18 18 93.887 93.7425
2024_0412_20:47:30 18 4.5775 25.0865
2024_0412_20:47:37 18 0.1705 0.3115
2024_0412_20:48:02 18 -0.1495 0.673
2024_0412_20:48:24 18 45.4315 47.7575
2024_0412_20:49:20 18 0.2825 0.8925
2024_0412_20:49:30 18 29.0945 32.756
2024_0412_20:49:31 18 98.9025 98.839
2024_0412_20:49:59 18 82.6225 92.1975
2024_0412_20:50:13 18 21.206 0.6705
2024_0412_20:50:16 18 -7.5885 44.132
2024_0412_20:50:36 18 0.6395 -0.0155
2024_0412_20:50:38 18 98.2925 98.3885
2024_0412_20:51:10 18 78.116 62.883
2024_0412_20:51:45 18 -0.72 0.117
2024_0412_20:51:52 18 97.5605 96.9895
2024_0412_20:52:02 18 0.1685 0.015
2024_0412_20:52:15 18 98.58 98.552
2024_0412_20:52:19 18 -13.585 43.627
2024_0412_20:52:51 18 0.0065 -0.158
2024_0412_20:53:09 18 -10.12 10.159
2024_0412_20:54:07 18 0.0415 -0.3985
2024_0412_20:54:20 18 98.571 98.7965
2024_0412_20:54:20 18 98.435 98.3275
2024_0412_20:54:43 18 1.111 1.1555
2024_0412_20:55:01 18 18.738 -9.2975
2024_0412_20:55:03 18 0.1215 0.227
2024_0412_20:55:27 18 98.764 97.9265
2024_0412_20:55:58 18 -8.897 12.32
2024_0412_20:56:30 18 0.039 0.3755
2024_0412_20:56:38 18 67.349 6.747
2024_0412_20:56:57 18 98.776 98.803
2024_0412_20:57:04 18 16.14 15.041
2024_0412_20:57:46 18 -0.1435 -0.568
2024_0412_20:57:54 18 12.307 18.5265
2024_0412_20:58:46 18 43.8575 43.682
2024_0412_20:59:05 18 -0.258 0.24
2024_0412_20:59:09 18 -0.0245 0.151
2024_0412_20:59:29 18 98.839 98.7995
2024_0412_20:59:47 18 53.638 53.313
2024_0412_20:59:51 18 98.933 97.602
2024_0412_21:00:09 18 0.0285 0.068
2024_0412_21:00:15 18 17.0875 -0.468
2024_0412_21:00:44 18 -0.691 29.4695
2024_0412_21:00:57 18 0.129 -0.473
2024_0412_21:01:16 18 44.809 38.7805
2024_0412_21:01:25 18 8.371 34.93
2024_0412_21:01:42 18 0.023 -0.4215
2024_0412_21:01:50 18 89.3605 64.0145
2024_0412_21:02:31 18 -24.8455 49.465
2024_0412_21:02:38 18 -4.597 28.23
2024_0412_21:03:29 18 38.3095 30.782
2024_0412_21:03:48 18 99.9995 49.998
2024_0412_21:04:13 18 -0.0065 -0.0055
2024_0412_21:04:33 18 0.13 -0.33
2024_0412_21:04:40 18 98.1725 98.1025
2024_0412_21:04:42 18 -36.384 38.667
2024_0412_21:04:48 18 98.871 98.0475
2024_0412_21:04:57 18 -0.1125 0.033
2024_0412_21:05:29 18 22.9475 33.8365
2024_0412_21:05:41 18 88.7695 68.0315
2024_0412_21:06:01 18 98.9545 98.9085
2024_0412_21:06:17 18 99.4 77.194
2024_0412_21:06:31 18 36.4905 71.062
2024_0412_21:06:36 18 -20.14 19.8275
2024_0412_21:07:15 18 -12.202 12.2415
2024_0412_21:07:17 18 0.0915 -0.299
2024_0412_21:08:09 18 98.85 98.84
2024_0412_21:08:44 18 49.192 98.711
2024_0412_21:09:19 18 98.8635 98.854
2024_0412_21:09:25 18 0.0915 -0.1
2024_0412_21:09:33 18 0.935 0.7285
2024_0412_21:09:41 18 98.8765 98.862
2024_0412_21:10:14 18 12.4755 12.373
2024_0412_21:10:22 18 -12.263 12.6345
2024_0412_21:10:49 18 98.555 98.6795
2024_0412_21:11:16 18 15.2515 15.5145
2024_0412_21:11:24 18 0.213 0.074
2024_0412_21:11:25 18 1.5145 0.8375
2024_0412_21:12:00 18 -2.234 2.3115
2024_0412_21:12:02 18 96.6885 97.9785
2024_0412_21:12:20 18 4.9465 25.2435
2024_0412_21:12:50 18 99.997 0.0
2024_0412_21:13:31 18 98.3845 98.4645
2024_0412_21:13:43 18 98.871 98.999
2024_0412_21:14:04 18 82.966 83.0075
2024_0412_21:14:16 18 98.862 98.8185
2024_0412_21:14:19 18 47.561 -0.249
2024_0412_21:14:27 18 -0.0665 -0.0365
2024_0412_21:15:00 18 -4.013 48.507
2024_0412_21:15:26 18 6.744 10.164
2024_0412_21:15:44 18 31.9485 15.3805
2024_0412_21:16:02 18 -0.152 0.2365
2024_0412_21:16:02 18 -0.1885 -0.1125
2024_0412_21:16:08 18 9.979 -9.8285
2024_0412_21:16:47 18 98.652 97.8555
2024_0412_21:16:52 18 95.3085 97.576
2024_0412_21:17:07 18 0.5615 0.8845
2024_0412_21:17:41 18 98.956 98.8065
2024_0412_21:18:14 18 0.249 -0.19
2024_0412_21:18:28 18 15.9965 15.6265
2024_0412_21:18:57 18 97.233 99.0405
2024_0412_21:19:01 18 62.7075 62.957
2024_0412_21:19:09 18 98.663 98.7125
2024_0412_21:19:11 18 49.998 -99.998
2024_0412_21:19:45 18 24.5975 23.8275
2024_0412_21:20:11 18 10.2105 7.24
2024_0412_21:20:27 18 50.0005 -49.999
2024_0412_21:20:46 18 98.734 98.6905
2024_0412_21:20:53 18 -0.1545 0.3185
2024_0412_21:20:57 18 96.2975 92.956
2024_0412_21:21:31 18 11.9045 -5.3745
2024_0412_21:21:33 18 -0.247 -0.133
2024_0412_21:21:53 18 -0.497 0.143
2024_0412_21:22:28 18 -0.847 1.2385
2024_0412_21:22:58 18 2.732 3.106
2024_0412_21:23:14 18 25.2205 -2.1
2024_0412_21:23:42 18 98.6625 98.508
2024_0412_21:23:52 18 97.647 97.9605
2024_0412_21:23:54 18 0.342 0.1415
2024_0412_21:24:00 18 37.976 5.8135
2024_0412_21:24:30 18 0.3085 -0.0075
2024_0412_21:24:56 18 -0.07 0.217
2024_0412_21:25:12 18 0.473 0.2765
2024_0412_21:25:25 18 -0.1035 -0.032
2024_0412_21:25:40 18 57.103 58.2745
2024_0412_21:25:44 18 -2.0155 1.922
2024_0412_21:26:20 18 94.4205 62.06
2024_0412_21:26:32 18 0.2065 0.189
2024_0412_21:26:41 18 98.8205 98.828
2024_0412_21:27:11 18 98.997 97.4265
2024_0412_21:27:45 18 98.713 98.583
2024_0412_21:27:59 18 -7.7025 7.4765
2024_0412_21:28:29 18 98.512 98.481
2024_0412_21:28:35 18 9.957 -10.0065
2024_0412_21:28:37 18 98.7375 98.4965
2024_0412_21:28:45 18 15.5825 15.385
2024_0412_21:29:14 18 -0.086 0.022
2024_0412_21:29:55 18 -0.026 0.064
2024_0412_21:30:02 18 -38.315 37.7585
2024_0412_21:30:26 18 18.367 18.5485
2024_0412_21:30:33 18 48.799 -0.134
2024_0412_21:31:16 18 -9.2385 9.6055
2024_0412_21:31:27 18 0.14 0.1925
2024_0412_21:31:56 18 24.8855 1.8495
2024_0412_21:32:29 18 8.575 -8.3955
2024_0412_21:32:46 18 98.7035 98.3765
2024_0412_21:33:12 18 9.598 9.7415
2024_0412_21:33:19 19 98.7215 98.997
2024_0412_21:33:21 19 -0.254 -0.0195
2024_0412_21:33:35 19 98.708 98.484
2024_0412_21:33:56 19 0.134 -0.0495
2024_0412_21:33:58 19 0.0225 -0.4405
2024_0412_21:34:39 19 11.221 -5.1645
2024_0412_21:34:48 19 0.025 0.2655
2024_0412_21:34:52 19 98.249 98.587
2024_0412_21:35:20 19 -14.0415 14.2815
2024_0412_21:35:23 19 98.9815 49.1345
2024_0412_21:36:05 19 -0.1635 -0.0825
2024_0412_21:36:13 19 98.798 97.443
2024_0412_21:36:44 19 98.813 98.668
2024_0412_21:37:20 19 97.971 49.1105
2024_0412_21:37:53 19 -0.7865 1.0335
2024_0412_21:38:05 19 24.093 98.6825
2024_0412_21:38:08 19 -0.198 -0.203
2024_0412_21:38:19 19 0.522 0.118
2024_0412_21:38:40 19 0.077 0.6575
2024_0412_21:38:43 19 16.0545 0.5445
2024_0412_21:39:23 19 -0.353 -0.0085
2024_0412_21:39:29 19 -9.9075 10.2065
2024_0412_21:39:36 19 1.2065 0.8995
2024_0412_21:40:05 19 -0.2705 0.866
2024_0412_21:40:10 19 -0.339 0.042
2024_0412_21:40:53 19 98.6665 92.2125
2024_0412_21:40:59 19 0.407 -0.008
2024_0412_21:41:36 19 49.574 98.5865
2024_0412_21:42:16 19 0.1255 0.109
2024_0412_21:42:44 19 49.3505 49.4255
2024_0412_21:42:49 19 0.1125 0.154
2024_0412_21:42:52 19 -0.0225 -0.0365
2024_0412_21:43:08 19 0.037 0.234
2024_0412_21:43:09 19 99.023 90.5675
2024_0412_21:43:27 19 0.8895 7.9325
2024_0412_21:44:14 19 21.613 -21.9675
2024_0412_21:44:24 19 34.9 9.732
2024_0412_21:44:55 19 77.1075 80.836
2024_0412_21:45:00 19 4.3605 4.7475
2024_0412_21:45:08 19 -0.229 -0.561
2024_0412_21:45:46 19 -0.3295 -0.3925
2024_0412_21:46:13 19 -0.3005 -0.481
2024_0412_21:46:48 19 0.625 -0.237
2024_0412_21:47:34 19 0.1435 0.0415
2024_0412_21:47:38 19 11.8795 -10.472
2024_0412_21:47:44 19 10.9895 10.9485
2024_0412_21:47:54 19 1.8415 -1.8215
2024_0412_21:48:00 19 98.948 98.805
2024_0412_21:48:22 19 20.4155 -19.0555
2024_0412_21:48:57 19 16.765 -16.6295
2024_0412_21:48:58 19 48.2165 47.599
2024_0412_21:49:09 19 -0.0975 0.304
2024_0412_21:49:40 19 11.055 21.6215
2024_0412_21:49:46 19 1.485 -2.211
2024_0412_21:50:00 19 16.3895 -0.1885
2024_0412_21:50:34 19 98.4125 98.2125
2024_0412_21:50:46 19 0.0475 -0.0235
2024_0412_21:50:52 19 -0.365 19.0675
2024_0412_21:51:39 19 98.368 98.753
2024_0412_21:52:18 19 96.153 36.6195
2024_0412_21:52:24 19 0.067 -0.3735
2024_0412_21:52:41 19 0.018 0.219
2024_0412_21:52:44 19 48.319 96.684
2024_0412_21:53:00 19 19.974 -19.807
2024_0412_21:53:09 19 98.8135 98.7895
2024_0412_21:53:43 19 12.938 8.4255
2024_0412_21:53:44 19 7.993 8.442
2024_0412_21:54:27 19 -11.0205 10.5615
2024_0412_21:54:31 19 48.683 15.6545
2024_0412_21:54:51 19 98.7665 98.6965
2024_0412_21:55:23 19 0.495 -0.184
2024_0412_21:55:30 19 -0.0065 -0.0855
2024_0412_21:55:32 19 98.9955 81.7305
2024_0412_21:56:29 19 0.6725 0.1715
2024_0412_21:57:04 19 -49.9995 49.998
2024_0412_21:57:10 19 -0.77 6.6885
2024_0412_21:57:24 19 -0.2005 0.2965
2024_0412_21:57:31 19 0.1215 0.5945
2024_0412_21:57:36 19 0.7615 0.2935
2024_0412_21:57:54 19 30.724 -28.11
2024_0412_21:58:28 19 -6.136 6.6605
2024_0412_21:58:30 20 47.7645 47.9665
2024_0412_21:59:15 20 9.7645 49.0555
2024_0412_21:59:27 20 76.5615 76.7545
2024_0412_21:59:34 20 49.9995 -49.9995
2024_0412_22:00:09 20 0.1945 -0.183
2024_0412_22:00:12 20 0.008 0.2315
2024_0412_22:00:20 20 21.5275 49.5355
2024_0412_22:01:12 20 99.998 -99.9995
2024_0412_22:01:37 20 -6.804 20.606
2024_0412_22:01:51 20 -2.7525 11.0345
2024_0412_22:01:55 20 16.4645 12.8595
2024_0412_22:02:13 20 9.573 10.5245
2024_0412_22:02:23 20 98.664 98.7455
2024_0412_22:02:23 20 -0.356 -0.2465
2024_0412_22:02:39 20 8.949 9.1495
2024_0412_22:03:26 20 59.313 67.1525
2024_0412_22:03:52 20 41.405 42.388
2024_0412_22:04:14 20 98.8555 98.7605
2024_0412_22:04:20 20 0.5695 0.3875
2024_0412_22:04:27 20 98.6615 98.9305
2024_0412_22:04:55 20 -0.0815 -0.1275
2024_0412_22:04:58 20 0.3145 0.1255
2024_0412_22:05:05 20 -13.0495 12.0575
2024_0412_22:06:28 20 97.46 8.109
2024_0412_22:06:39 20 0.0815 -0.343
2024_0412_22:06:40 20 5.0675 -4.3935
2024_0412_22:07:00 20 98.8665 98.702
2024_0412_22:07:10 20 0.0005 0.0015
2024_0412_22:07:12 20 16.304 -17.016
2024_0412_22:08:15 20 84.0735 91.5015
2024_0412_22:08:35 20 98.711 98.704
2024_0412_22:09:01 20 0.0105 0.3485
2024_0412_22:09:14 20 -12.7015 12.249
2024_0412_22:09:15 20 1.2065 -1.139
2024_0412_22:09:44 20 98.637 98.8075
2024_0412_22:09:50 20 -0.4615 0.2595
2024_0412_22:09:51 20 98.5955 98.5475
2024_0412_22:10:15 20 98.7475 98.8545
2024_0412_22:10:33 20 -49.9995 99.999
2024_0412_22:11:18 20 9.4375 9.2645
2024_0412_22:11:23 20 50.066 -50.222
2024_0412_22:11:26 20 -2.854 5.5535
2024_0412_22:11:44 20 -0.3055 0.0665
2024_0412_22:11:57 20 -0.2145 0.02
2024_0412_22:11:59 20 98.6905 98.616
2024_0412_22:13:04 20 48.9215 0.945
2024_0412_22:13:29 20 40.7125 48.737
2024_0412_22:13:49 20 98.736 98.481
2024_0412_22:13:52 20 17.0755 16.7665
2024_0412_22:14:02 20 98.6365 98.182
2024_0412_22:14:35 20 98.386 98.595
2024_0412_22:14:40 20 17.0015 17.1095
2024_0412_22:14:41 20 -6.2885 70.339
2024_0412_22:15:02 20 1.635 49.3055
2024_0412_22:15:23 20 0.042 0.2055
2024_0412_22:16:07 20 -0.0405 0.094
2024_0412_22:16:14 20 95.4775 94.9905
2024_0412_22:16:15 20 -3.389 27.7135
2024_0412_22:16:39 20 99.9955 49.998
2024_0412_22:16:44 20 16.324 16.1695
2024_0412_22:16:57 20 88.2875 72.289
2024_0412_22:17:48 20 -20.085 20.166
2024_0412_22:18:15 20 61.99 40.65
2024_0412_22:18:34 20 11.1125 -11.2155
2024_0412_22:18:39 20 -5.797 6.499
2024_0412_22:18:51 20 19.121 6.027
2024_0412_22:19:29 20 0.136 0.0515
2024_0412_22:19:29 20 69.364 89.064
2024_0412_22:20:00 20 0.7455 0.793
2024_0412_22:20:09 20 98.9635 98.9185
2024_0412_22:20:12 20 98.7585 98.7725
2024_0412_22:20:59 20 68.2955 54.4355
2024_0412_22:21:03 20 2.2165 -0.927
2024_0412_22:21:05 20 68.9335 94.9285
2024_0412_22:21:29 20 23.9315 21.923
2024_0412_22:21:32 20 0.3585 -0.1755
2024_0412_22:21:43 20 49.9995 -49.9995
2024_0412_22:22:37 20 49.3065 98.0665
2024_0412_22:23:02 20 40.13 -39.9495
2024_0412_22:23:26 20 80.0445 84.2055
2024_0412_22:23:27 20 61.9285 61.9225
2024_0412_22:23:36 20 0.0715 -0.1485
2024_0412_22:24:12 20 0.284 -0.4845
2024_0412_22:24:17 20 0.0125 0.1785
2024_0412_22:24:48 20 49.1015 99.094
2024_0412_22:24:57 20 29.5635 -7.7555
2024_0412_22:25:07 20 -0.0905 -0.087
2024_0412_22:25:48 20 9.1975 49.2805
2024_0412_22:25:51 20 40.193 -0.9225
2024_0412_22:25:52 20 5.995 -5.366
2024_0412_22:26:10 20 -2.484 7.329
2024_0412_22:26:32 20 53.236 53.501
2024_0412_22:27:19 20 -30.2175 30.0905
2024_0412_22:27:47 20 -0.625 -0.0385
2024_0412_22:28:11 20 98.7005 98.5645
2024_0412_22:28:16 20 -0.2265 0.0835
2024_0412_22:28:24 20 5.32 1.4255
2024_0412_22:29:01 20 16.017 15.309
2024_0412_22:29:03 20 49.8385 -0.9565
2024_0412_22:29:31 3 98.7715 98.8225
2024_0412_22:29:42 5 98.7945 98.906
2024_0412_22:29:53 9 97.257 97.2335
2024_0412_22:30:33 13 1.1395 0.8945
2024_0412_22:30:34 13 98.701 98.9625
2024_0412_22:30:35 13 -0.489 0.048
2024_0412_22:30:47 13 -0.0445 0.2245
2024_0412_22:31:13 13 0.179 -0.252
2024_0412_22:32:02 14 98.802 98.77
2024_0412_22:32:32 14 98.6255 98.6555
2024_0412_22:32:54 14 0.067 0.2575
2024_0412_22:33:00 14 88.101 98.8085
2024_0412_22:33:08 14 98.682 98.7685
2024_0412_22:33:45 15 98.784 98.8435
2024_0412_22:33:47 15 0.225 0.0405
2024_0412_22:33:50 15 97.7085 98.974
2024_0412_22:34:26 15 15.9885 17.1075
2024_0412_22:34:38 15 98.551 67.604
2024_0412_22:34:40 15 -0.212 0.0265
2024_0412_22:35:20 15 0.588 0.604
2024_0412_22:35:20 15 76.268 80.106
2024_0412_22:35:21 15 -0.1015 -0.2235
2024_0412_22:35:26 16 0.311 -0.1695
2024_0412_22:35:59 16 99.2185 96.779
2024_0412_22:36:46 16 98.772 98.931
2024_0412_22:37:39 16 78.473 78.295
2024_0412_22:37:44 16 -10.0235 9.999
2024_0412_22:37:55 16 0.153 -0.346
2024_0412_22:38:31 16 14.5385 -7.1205
2024_0412_22:38:37 17 58.2265 52.707
2024_0412_22:39:11 17 -0.0345 0.118
2024_0412_22:39:27 17 60.631 87.124
2024_0412_22:39:30 17 99.1925 47.711
2024_0412_22:39:40 17 5.5195 4.586
2024_0412_22:40:01 17 -49.9995 49.9995
2024_0412_22:40:06 17 97.5555 98.8415
2024_0412_22:40:08 17 -0.382 0.654
2024_0412_22:40:11 17 98.878 98.551
2024_0412_22:40:48 17 74.1005 74.0315
2024_0412_22:41:32 17 98.834 98.795
2024_0412_22:42:24 17 6.5385 -6.5315
2024_0412_22:42:25 18 -49.9995 49.9995
2024_0412_22:42:50 18 96.448 98.929
2024_0412_22:42:54 18 0.416 0.1545
2024_0412_22:43:18 18 -0.27 -0.0705
2024_0412_22:43:25 18 -0.546 1.655
2024_0412_22:43:56 18 0.478 0.099
2024_0412_22:44:11 18 48.7745 -1.195
2024_0412_22:44:17 18 11.416 -11.632
2024_0412_22:44:25 18 -0.0215 -0.276
2024_0412_22:44:47 19 9.9425 -10.1605
2024_0412_22:44:48 18 98.7475 98.7285
2024_0412_22:44:54 19 25.119 -25.142
2024_0412_22:44:59 19 -9.8705 21.646
2024_0412_22:45:42 19 98.7295 98.7215
2024_0412_22:46:16 19 3.8465 3.965
2024_0412_22:47:08 19 15.647 -15.515
2024_0412_22:47:13 19 0.0145 0.066
2024_0412_22:47:37 19 27.603 27.3775
2024_0412_22:47:42 19 98.0965 98.074
2024_0412_22:48:05 19 0.2305 -0.143
2024_0412_22:48:05 19 16.351 14.6785
2024_0412_22:48:39 19 34.7975 -36.669
2024_0412_22:48:58 20 49.998 -49.9985
2024_0412_22:49:05 20 0.102 -0.1075
2024_0412_22:49:07 20 -99.999 -49.9995
2024_0412_22:49:31 20 32.815 -32.532
2024_0412_22:49:35 20 -0.0605 0.337
2024_0412_22:49:40 20 0.077 0.008
2024_0412_22:49:40 20 -0.1165 -0.2005
2024_0412_22:50:27 16 0.236 -0.007
2024_0412_22:50:55 17 -10.058 9.8345
