0.20683000000013646 0.11868500000004831 0.027855000000003193 0.006694999999999811 0.02275500000000163 0.021925000000001377 0.020545000000000955 0.020290000000000877 0.020255000000000866 0.007929999999999762 0.0439749999999993 0.03667500000000213 0.061654999999992445 0.05844999999999369 0.06654999999999617 0.050869999999996626 0.06415999999999378 0.06262999999999225 0.04189000000000011 0.03938000000000108 
2024_0411_20:57:00 4 97.1975 97.218125
2024_0411_20:57:00 8 97.275 97.504375
2024_0411_20:57:01 3 96.739375 97.405625
2024_0411_20:57:01 1 97.6275 97.6975
2024_0411_20:57:01 1 97.765625 97.685625
2024_0411_20:57:01 2 97.29375 97.285
2024_0411_20:57:01 6 97.66 97.7525
2024_0411_20:57:02 1 97.650625 97.73
2024_0411_20:57:03 2 97.0775 96.960625
2024_0411_20:57:05 6 97.774375 97.71625
2024_0411_20:57:08 11 96.66875 97.218125
2024_0411_20:57:09 9 97.975 97.9675
2024_0411_20:57:16 11 0.28 -0.410625
2024_0411_20:57:22 7 97.245625 97.325
2024_0411_20:57:23 5 97.72 97.7425
2024_0411_20:57:28 10 97.64125 97.928125
2024_0411_21:04:28 15 -7.848125 7.285625
2024_0411_21:04:31 13 64.448125 51.25875
2024_0411_21:04:31 16 0.4625 0.14375
2024_0411_21:04:35 14 97.703125 97.639375
2024_0411_21:04:35 13 -45.613125 49.963125
2024_0411_21:04:36 12 71.34125 -0.698125
2024_0411_21:04:41 17 0.085 -0.135
2024_0411_21:04:44 18 -9.538125 10.081875
2024_0411_21:04:44 17 0.375625 0.061875
2024_0411_21:04:45 15 0.10625 0.12
2024_0411_21:04:50 20 -0.173125 0.3375
2024_0411_21:05:01 18 27.743125 -24.0875
2024_0411_21:05:43 20 0.12625 0.14
2024_0411_21:06:44 19 23.683125 17.273125
2024_0411_21:14:22 11 49.99875 99.9975
2024_0411_21:14:22 8 97.678125 97.538125
2024_0411_21:14:23 11 -0.00375 0.08375
2024_0411_21:14:23 6 97.711875 97.794375
2024_0411_21:14:23 1 97.705 97.72
2024_0411_21:14:23 3 97.34625 97.301875
2024_0411_21:14:26 2 97.416875 97.05375
2024_0411_21:14:27 7 97.62375 97.644375
2024_0411_21:14:28 9 97.73375 97.731875
2024_0411_21:14:28 11 97.39125 97.449375
2024_0411_21:14:30 4 97.335625 97.273125
2024_0411_21:14:30 11 -0.181875 0.265625
2024_0411_21:14:33 5 97.71125 97.674375
2024_0411_21:14:33 11 -0.253125 -0.010625
2024_0411_21:14:40 10 97.844375 97.82
2024_0411_21:15:16 11 -0.528125 0.053125
2024_0411_21:21:51 12 -16.636875 16.448125
2024_0411_21:21:52 15 -12.22875 35.78625
2024_0411_21:21:54 13 20.748125 71.900625
2024_0411_21:21:56 13 97.280625 97.4675
2024_0411_21:21:57 13 10.975 -10.9325
2024_0411_21:21:58 14 97.1675 98.136875
2024_0411_21:21:58 16 -1.29875 97.8275
2024_0411_21:21:58 13 -44.0575 50.32125
2024_0411_21:22:00 17 0.173125 0.230625
2024_0411_21:22:00 13 97.7125 97.14875
2024_0411_21:22:01 20 98.14 97.701875
2024_0411_21:22:02 19 0.3275 -0.0925
2024_0411_21:22:03 20 49.995 -49.991875
2024_0411_21:22:22 18 97.405625 97.39625
2024_0411_21:30:04 7 97.435 97.205
2024_0411_21:30:06 12 0.2825 -0.154375
2024_0411_21:30:07 2 97.449375 97.56
2024_0411_21:30:08 1 97.6975 97.750625
2024_0411_21:30:08 5 97.765 97.683125
2024_0411_21:30:09 8 97.45 97.590625
2024_0411_21:30:09 6 97.779375 97.720625
2024_0411_21:30:10 3 96.975625 96.581875
2024_0411_21:30:10 11 97.765 98.27625
2024_0411_21:30:10 11 -0.36875 -0.16875
2024_0411_21:30:11 11 72.951875 32.0675
2024_0411_21:30:11 12 97.516875 97.21
2024_0411_21:30:13 4 97.446875 96.984375
2024_0411_21:30:15 10 97.50625 96.96
2024_0411_21:30:32 9 98.1575 97.853125
2024_0411_21:30:33 11 96.98375 97.075
2024_0411_21:37:53 13 48.608125 -0.558125
2024_0411_21:37:56 13 97.69125 97.680625
2024_0411_21:37:56 13 97.354375 97.391875
2024_0411_21:37:56 14 -0.11 0.173125
2024_0411_21:37:57 13 50.38125 -50.055
2024_0411_21:37:59 13 -0.42625 0.5925
2024_0411_21:38:01 16 66.365 87.340625
2024_0411_21:38:01 15 97.3475 97.905
2024_0411_21:38:02 16 -10.638125 65.42
2024_0411_21:38:03 17 48.58375 98.526875
2024_0411_21:38:07 16 0.35875 -0.978125
2024_0411_21:38:08 16 44.23875 20.464375
2024_0411_21:38:13 18 -72.120625 72.243125
2024_0411_21:38:20 18 -12.7725 13.061875
2024_0411_21:38:22 18 -0.95125 1.2525
2024_0411_21:38:26 18 0.129375 0.175625
2024_0411_21:45:00 19 48.60375 -5.55
2024_0411_21:45:02 20 1.0525 -0.131875
2024_0411_21:45:03 18 7.8975 -4.779375
2024_0411_21:45:05 19 9.46125 27.055
2024_0411_21:45:06 18 -7.480625 45.26375
2024_0411_21:45:07 20 -0.014375 0.430625
2024_0411_21:45:08 20 -2.27 2.288125
2024_0411_21:45:10 20 12.926875 -13.170625
2024_0411_21:52:59 8 97.62125 97.77125
2024_0411_21:52:59 2 94.628125 96.555
2024_0411_21:52:59 11 0.333125 0.0125
2024_0411_21:52:59 1 97.751875 97.744375
2024_0411_21:52:59 6 97.726875 97.73
2024_0411_21:52:59 5 97.73125 97.81
2024_0411_21:53:01 10 97.744375 97.886875
2024_0411_21:53:01 9 98.023125 98.0125
2024_0411_21:53:01 11 0.286875 -0.049375
2024_0411_21:53:02 7 97.355 97.24
2024_0411_21:53:05 11 97.214375 96.9925
2024_0411_21:53:05 11 -49.999375 49.999375
2024_0411_21:53:05 11 0.20625 0.005
2024_0411_21:53:08 11 0.060625 -0.065625
2024_0411_21:53:10 3 97.168125 97.146875
2024_0411_21:56:59 11 -0.040625 0.26
2024_0411_22:00:44 11 0.12125 0.030625
2024_0411_22:00:47 12 97.5925 97.69
2024_0411_22:00:48 11 0.02125 0.18625
2024_0411_22:00:48 13 96.923125 97.180625
2024_0411_22:00:49 12 0.450625 0.34125
2024_0411_22:00:49 12 -10.815625 65.5125
2024_0411_22:00:51 12 97.07375 92.4225
2024_0411_22:00:51 12 97.021875 97.105
2024_0411_22:00:51 12 94.395 96.80875
2024_0411_22:00:53 13 0.56875 0.285
2024_0411_22:00:54 13 48.594375 11.169375
2024_0411_22:00:56 13 95.130625 95.838125
2024_0411_22:01:02 13 0.2525 0.22625
2024_0411_22:01:03 12 97.83125 97.560625
2024_0411_22:01:12 13 36.58125 36.398125
2024_0411_22:04:58 13 0.0925 0.320625
2024_0411_22:08:34 13 97.24125 97.62875
2024_0411_22:08:34 13 -49.999375 -99.9975
2024_0411_22:08:35 13 63.580625 54.431875
2024_0411_22:08:35 13 0.989375 -0.07375
2024_0411_22:08:38 14 -0.368125 -0.479375
2024_0411_22:08:39 14 -0.054375 0.545625
2024_0411_22:08:39 14 96.8525 97.36875
2024_0411_22:08:40 13 97.595625 97.754375
2024_0411_22:08:40 14 -0.204375 -0.36125
2024_0411_22:08:43 14 -12.735 13.2625
2024_0411_22:08:50 14 96.963125 97.37
2024_0411_22:08:51 14 0.27125 0.084375
2024_0411_22:09:00 14 84.140625 87.299375
2024_0411_22:09:09 14 1.74125 -1.61875
2024_0411_22:09:18 14 97.545625 97.181875
2024_0411_22:12:49 14 97.90875 97.735
2024_0411_22:16:27 15 96.880625 96.781875
2024_0411_22:16:32 14 97.335 97.149375
2024_0411_22:16:33 15 -0.195625 0.199375
2024_0411_22:16:34 15 48.07625 25.9125
2024_0411_22:16:36 15 -0.380625 -0.32
2024_0411_22:16:41 15 4.225625 6.504375
2024_0411_22:16:43 14 0.431875 -0.485
2024_0411_22:16:43 14 -0.128125 0.140625
2024_0411_22:16:45 15 96.97 96.27375
2024_0411_22:16:48 15 0.201875 0.10125
2024_0411_22:16:51 15 0.0775 -0.176875
2024_0411_22:16:58 15 -44.734375 47.826875
2024_0411_22:16:58 15 97.769375 97.54375
2024_0411_22:17:07 15 0.264375 0.14875
2024_0411_22:20:47 15 97.554375 97.153125
2024_0411_22:23:24 16 71.821875 79.723125
2024_0411_22:24:20 16 97.234375 97.37625
2024_0411_22:24:22 16 8.793125 -8.09625
2024_0411_22:24:24 16 15.61125 -16.921875
2024_0411_22:24:30 17 -0.241875 -0.25
2024_0411_22:24:30 16 16.8525 16.06875
2024_0411_22:24:30 16 -3.471875 3.79125
2024_0411_22:24:34 16 -9.6225 10.55125
2024_0411_22:24:35 17 87.1625 65.89875
2024_0411_22:24:35 17 0.551875 0.058125
2024_0411_22:24:40 17 -80.055 79.866875
2024_0411_22:24:46 17 49.99875 -49.99875
2024_0411_22:24:48 17 -8.39375 8.863125
2024_0411_22:24:57 17 -0.024375 0.006875
2024_0411_22:25:09 17 30.59125 28.664375
2024_0411_22:28:46 17 14.583125 14.3375
2024_0411_22:32:13 18 -49.99875 -99.999375
2024_0411_22:32:13 18 -49.989375 99.99375
2024_0411_22:32:19 18 65.40625 -15.933125
2024_0411_22:32:22 18 97.48875 97.424375
2024_0411_22:32:22 18 97.62 97.45
2024_0411_22:32:28 18 40.981875 -39.255
2024_0411_22:32:36 18 48.270625 -0.39375
2024_0411_22:32:38 18 -12.159375 13.833125
2024_0411_22:32:39 20 -1.155 87.3325
2024_0411_22:32:48 19 35.775 48.699375
2024_0411_22:32:51 19 22.16375 36.716875
2024_0411_22:32:53 20 -0.134375 -0.03
2024_0411_22:33:02 20 -0.204375 -0.049375
2024_0411_22:35:02 20 3.303125 3.4975
2024_0411_22:36:10 20 -0.26125 -0.20125
2024_0411_22:36:22 20 -12.791875 12.015625
2024_0411_22:39:14 15 0.439375 0.53375
2024_0411_22:39:15 4 97.069375 97.05125
2024_0411_22:39:21 17 23.52125 -8.216875
2024_0411_22:39:22 18 0.20125 -0.018125
2024_0411_22:39:36 20 57.2875 46.706875
2024_0411_22:47:21 7 97.748125 97.615625
2024_0411_22:47:23 3 97.33375 96.5625
2024_0411_22:47:24 11 -0.21625 -0.64375
2024_0411_22:47:25 5 97.598125 97.780625
2024_0411_22:47:25 8 97.256875 97.10625
2024_0411_22:47:25 11 0.12875 0.03375
2024_0411_22:47:25 4 97.408125 97.21125
2024_0411_22:47:26 11 -0.29 0.065
2024_0411_22:47:27 11 0.005 -0.295
2024_0411_22:47:27 6 97.7775 97.691875
2024_0411_22:47:28 9 97.995625 97.9375
2024_0411_22:47:28 11 97.028125 97.210625
2024_0411_22:47:31 10 97.700625 97.659375
2024_0411_22:47:31 1 97.775 97.730625
2024_0411_22:47:39 11 96.62625 97.1675
2024_0411_22:47:52 2 97.591875 97.4025
2024_0411_22:55:12 12 0.034375 0.224375
2024_0411_22:55:12 11 97.77875 97.675625
2024_0411_22:55:12 12 0.1675 -0.2875
2024_0411_22:55:14 12 97.6875 97.475625
2024_0411_22:55:14 12 97.665625 97.6925
2024_0411_22:55:14 12 97.33 96.94875
2024_0411_22:55:15 12 -0.265 0.07375
2024_0411_22:55:16 12 77.6425 77.80125
2024_0411_22:55:17 13 -0.381875 -0.10625
2024_0411_22:55:17 13 98.53375 -90.05125
2024_0411_22:55:21 13 96.8825 97.02125
2024_0411_22:55:23 12 97.21625 97.283125
2024_0411_22:55:26 13 98.024375 97.936875
2024_0411_22:55:28 13 0.0 0.099375
2024_0411_22:55:31 11 -0.555625 -0.139375
2024_0411_22:55:43 13 0.399375 -0.365
2024_0411_23:02:56 13 0.145625 -0.085
2024_0411_23:03:01 13 0.205 -0.33
2024_0411_23:03:02 13 0.089375 -0.091875
2024_0411_23:03:03 13 0.000625 0.179375
2024_0411_23:03:05 13 7.209375 23.21
2024_0411_23:03:06 14 -99.998125 49.99875
2024_0411_23:03:08 13 16.379375 16.349375
2024_0411_23:03:08 14 98.135625 98.57375
2024_0411_23:03:09 14 0.35 -0.305
2024_0411_23:03:09 14 96.919375 97.1225
2024_0411_23:03:16 14 -1.453125 73.445
2024_0411_23:03:16 14 96.749375 97.2075
2024_0411_23:03:21 14 77.116875 77.116875
2024_0411_23:03:26 13 -0.0775 0.06
2024_0411_23:03:37 14 97.140625 97.00875
2024_0411_23:03:37 14 0.476875 0.08125
2024_0411_23:10:48 15 0.155 -0.145
2024_0411_23:10:48 14 0.126875 -0.09375
2024_0411_23:10:49 14 -49.9975 99.99625
2024_0411_23:10:52 14 97.429375 97.45
2024_0411_23:10:54 15 0.1025 0.0025
2024_0411_23:10:59 15 97.173125 95.054375
2024_0411_23:11:00 15 -35.381875 46.4275
2024_0411_23:11:01 15 -64.433125 67.720625
2024_0411_23:11:02 15 0.005625 0.275625
2024_0411_23:11:05 15 1.06625 -0.02625
2024_0411_23:11:12 15 -0.630625 0.948125
2024_0411_23:11:14 15 -0.266875 -0.119375
2024_0411_23:11:18 15 84.714375 75.809375
2024_0411_23:11:22 15 0.03625 0.04
2024_0411_23:11:26 15 0.48 1.176875
2024_0411_23:11:45 15 97.33125 97.26625
2024_0411_23:18:35 16 -0.110625 -0.561875
2024_0411_23:18:40 16 -0.34375 -0.899375
2024_0411_23:18:41 16 -0.470625 0.3125
2024_0411_23:18:45 16 0.368125 -0.27625
2024_0411_23:18:45 16 99.99875 -99.99875
2024_0411_23:18:46 16 12.703125 12.64
2024_0411_23:18:49 16 0.044375 -0.065
2024_0411_23:18:51 16 0.389375 0.416875
2024_0411_23:18:55 17 22.428125 73.321875
2024_0411_23:19:07 17 96.891875 96.606875
2024_0411_23:19:15 17 98.086875 98.00375
2024_0411_23:19:15 17 0.12125 0.15625
2024_0411_23:19:22 17 10.0025 -9.95875
2024_0411_23:19:23 17 0.714375 1.8975
2024_0411_23:19:47 18 -0.015625 0.3875
2024_0411_23:24:25 18 97.5925 47.941875
2024_0411_23:26:29 18 97.058125 97.5925
2024_0411_23:26:30 18 -12.8225 12.425
2024_0411_23:26:35 18 0.158125 -0.29375
2024_0411_23:26:36 18 -5.89875 5.518125
2024_0411_23:26:37 18 -0.023125 -0.11875
2024_0411_23:26:43 18 0.09875 -0.05
2024_0411_23:26:51 18 -0.00125 0.0
2024_0411_23:26:52 18 97.200625 97.296875
2024_0411_23:26:52 18 97.26375 97.4175
2024_0411_23:27:01 19 41.171875 -3.39875
2024_0411_23:27:01 19 0.00375 -0.004375
2024_0411_23:27:09 20 -16.08625 72.793125
2024_0411_23:27:21 19 0.110625 -0.1775
2024_0411_23:27:27 20 96.574375 96.5575
2024_0411_23:27:56 20 13.02125 3.95
2024_0411_23:31:52 20 1.175 56.450625
2024_0411_23:33:23 20 0.0 -99.99875
2024_0411_23:33:26 20 97.688125 97.575
2024_0411_23:33:32 17 97.78125 97.639375
2024_0411_23:33:34 18 97.09625 97.166875
2024_0411_23:41:19 11 0.215 -0.064375
2024_0411_23:41:20 5 97.771875 97.695625
2024_0411_23:41:21 11 -0.3075 0.31375
2024_0411_23:41:22 11 17.050625 16.24125
2024_0411_23:41:24 11 97.54125 97.6275
2024_0411_23:41:25 11 97.375 97.315
2024_0411_23:41:25 1 97.7075 97.81
2024_0411_23:41:27 7 97.256875 97.280625
2024_0411_23:41:28 4 96.769375 97.190625
2024_0411_23:41:28 3 96.58875 97.235
2024_0411_23:41:28 10 97.60875 97.32
2024_0411_23:41:29 2 97.269375 97.310625
2024_0411_23:41:31 8 97.226875 97.3475
2024_0411_23:41:39 11 0.12 -0.018125
2024_0411_23:41:40 9 98.030625 98.01
2024_0411_23:41:50 6 97.595 97.7125
2024_0411_23:49:06 11 -0.46125 -0.073125
2024_0411_23:49:08 11 49.999375 -99.99875
2024_0411_23:49:09 11 -50.0 50.0
2024_0411_23:49:12 11 -0.073125 -0.2675
2024_0411_23:49:14 11 97.114375 97.26625
2024_0411_23:49:18 11 97.125625 97.2925
2024_0411_23:49:19 11 97.755625 97.819375
2024_0411_23:49:20 11 97.711875 97.735625
2024_0411_23:49:21 11 49.99875 99.9975
2024_0411_23:49:22 11 1.803125 2.155
2024_0411_23:49:24 12 98.8625 47.711875
2024_0411_23:49:28 11 97.708125 97.71125
2024_0411_23:49:31 12 77.8925 77.478125
2024_0411_23:49:31 12 97.60875 97.415
2024_0411_23:49:32 11 -0.405 -0.28
2024_0411_23:49:41 12 -0.250625 0.005625
2024_0411_23:56:58 12 59.544375 62.605
2024_0411_23:56:59 12 0.44375 -0.035
2024_0411_23:56:59 12 97.531875 97.49125
2024_0411_23:57:01 12 0.16875 -0.24125
2024_0411_23:57:05 12 97.32625 97.28875
2024_0411_23:57:06 12 96.5075 97.21375
2024_0411_23:57:10 12 18.505 9.92625
2024_0411_23:57:11 12 0.47 -0.138125
2024_0411_23:57:13 12 96.8675 97.605
2024_0411_23:57:14 12 -0.100625 -0.115625
2024_0411_23:57:16 12 -0.308125 -0.058125
2024_0411_23:57:20 13 97.60125 97.706875
2024_0411_23:57:21 13 97.54625 97.64
2024_0411_23:57:34 13 33.42625 34.17375
2024_0411_23:57:35 13 97.47375 97.12375
2024_0411_23:57:43 13 98.288125 97.2075
2024_0412_00:04:48 13 97.55375 97.6275
2024_0412_00:04:53 13 96.12 97.689375
2024_0412_00:04:54 13 97.2625 48.543125
2024_0412_00:05:00 13 0.199375 0.458125
2024_0412_00:05:00 13 -0.109375 -0.674375
2024_0412_00:05:02 13 0.20875 -0.379375
2024_0412_00:05:02 13 49.99875 99.9975
2024_0412_00:05:03 13 4.193125 3.315
2024_0412_00:05:04 13 97.363125 97.28
2024_0412_00:05:05 13 -0.125 0.460625
2024_0412_00:05:05 13 97.869375 97.866875
2024_0412_00:05:10 13 97.305 97.1175
2024_0412_00:05:11 13 -0.48625 0.17875
2024_0412_00:05:25 13 96.129375 96.719375
2024_0412_00:05:30 13 0.46875 -0.309375
2024_0412_00:05:52 13 -0.45 -0.02875
2024_0412_00:12:37 13 97.316875 97.348125
2024_0412_00:12:42 13 0.234375 -0.2625
2024_0412_00:12:47 13 -0.40375 -0.101875
2024_0412_00:12:48 13 0.631875 -0.210625
2024_0412_00:12:52 14 39.305625 32.04375
2024_0412_00:12:52 14 -0.49875 0.074375
2024_0412_00:12:54 14 -8.010625 43.93
2024_0412_00:12:55 14 20.189375 -19.53125
2024_0412_00:12:58 14 97.06625 96.83625
2024_0412_00:13:01 14 78.36 78.713125
2024_0412_00:13:02 14 10.043125 8.76
2024_0412_00:13:05 14 97.303125 97.37625
2024_0412_00:13:18 14 97.378125 97.20875
2024_0412_00:13:40 14 99.99875 -49.999375
2024_0412_00:13:44 14 96.95375 97.165625
2024_0412_00:16:15 14 97.740625 97.72625
2024_0412_00:20:26 14 73.54625 21.714375
2024_0412_00:20:32 14 -20.43625 20.069375
2024_0412_00:20:34 14 96.39 97.174375
2024_0412_00:20:39 14 98.079375 48.118125
2024_0412_00:20:42 14 14.5525 16.909375
2024_0412_00:20:42 14 64.153125 67.10375
2024_0412_00:20:43 14 -99.99875 -99.99875
2024_0412_00:20:44 14 97.661875 97.269375
2024_0412_00:20:48 14 0.05375 0.154375
2024_0412_00:20:51 14 19.605 19.65625
2024_0412_00:20:51 14 0.028125 0.25625
2024_0412_00:20:56 14 97.600625 97.70375
2024_0412_00:21:26 15 0.11 -0.141875
2024_0412_00:21:39 15 81.27125 80.90125
2024_0412_00:21:56 15 95.255625 95.0575
2024_0412_00:24:08 15 15.260625 16.47
2024_0412_00:28:15 15 26.994375 -27.06125
2024_0412_00:28:19 15 97.91 97.9225
2024_0412_00:28:22 15 -94.496875 99.42125
2024_0412_00:28:27 15 -0.240625 -0.223125
2024_0412_00:28:36 15 0.073125 -0.1225
2024_0412_00:28:39 15 0.36625 -0.41875
2024_0412_00:28:40 15 48.4225 -0.505
2024_0412_00:28:42 15 -9.74625 10.196875
2024_0412_00:28:46 15 0.015 0.4575
2024_0412_00:28:56 15 97.4575 95.79125
2024_0412_00:28:58 15 -0.543125 -0.141875
2024_0412_00:29:11 15 0.2525 -0.091875
2024_0412_00:29:17 15 77.71875 78.041875
2024_0412_00:29:25 15 -0.175625 -0.3425
2024_0412_00:29:45 15 -0.125625 -0.045
2024_0412_00:31:55 15 -0.080625 0.61
2024_0412_00:35:58 15 65.321875 62.658125
2024_0412_00:36:12 15 97.280625 96.59125
2024_0412_00:36:13 15 21.440625 71.58875
2024_0412_00:36:24 15 97.875625 97.9875
2024_0412_00:36:26 16 -10.70375 10.67625
2024_0412_00:36:31 16 -0.28625 1.193125
2024_0412_00:36:34 16 -0.28125 -0.11875
2024_0412_00:36:36 16 45.273125 59.731875
2024_0412_00:36:41 16 91.326875 16.5825
2024_0412_00:36:51 16 97.69625 97.5925
2024_0412_00:36:53 16 97.89625 98.085
2024_0412_00:36:54 16 -0.06625 0.370625
2024_0412_00:37:14 16 96.989375 96.95375
2024_0412_00:37:27 16 67.001875 44.71375
2024_0412_00:37:35 16 36.56 47.020625
2024_0412_00:39:40 16 0.03375 -0.26875
2024_0412_00:43:42 16 -8.1425 8.049375
2024_0412_00:43:59 16 0.641875 0.42375
2024_0412_00:44:07 17 0.435625 0.389375
2024_0412_00:44:21 17 0.136875 -0.4625
2024_0412_00:44:24 17 -0.24875 0.219375
2024_0412_00:44:27 17 78.0925 84.375625
2024_0412_00:44:29 17 -42.314375 55.20625
2024_0412_00:44:31 17 76.728125 77.385
2024_0412_00:44:38 17 0.15 0.353125
2024_0412_00:44:41 17 97.746875 97.79625
2024_0412_00:44:43 17 76.39 96.726875
2024_0412_00:45:15 17 46.084375 13.05625
2024_0412_00:45:17 17 1.69125 -1.479375
2024_0412_00:45:36 17 98.17125 -0.47875
2024_0412_00:47:29 17 14.306875 15.20625
2024_0412_00:48:20 17 2.4075 0.096875
2024_0412_00:51:54 17 14.388125 14.129375
2024_0412_00:52:13 17 11.385625 1.7075
2024_0412_00:52:16 18 0.013125 -0.174375
2024_0412_00:52:21 17 13.8125 -11.005
2024_0412_00:52:25 18 0.075625 -0.07
2024_0412_00:52:26 18 0.3975 0.109375
2024_0412_00:52:32 18 -20.189375 20.499375
2024_0412_00:52:32 18 0.014375 0.085625
2024_0412_00:52:46 18 -5.684375 3.86125
2024_0412_00:53:03 18 13.15 -12.978125
2024_0412_00:53:25 18 94.878125 94.988125
2024_0412_00:55:23 18 96.866875 96.953125
2024_0412_00:55:38 18 0.1125 0.43
2024_0412_00:56:04 18 1.70125 -0.923125
2024_0412_00:56:07 18 96.898125 97.193125
2024_0412_00:57:43 18 -34.98 31.9825
2024_0412_00:59:54 18 27.983125 -27.6175
2024_0412_00:59:56 18 99.99875 99.99875
2024_0412_01:00:05 18 -0.15875 -0.211875
2024_0412_01:00:15 18 -14.784375 31.35375
2024_0412_01:00:17 18 -9.75125 9.98875
2024_0412_01:00:29 18 -0.114375 0.0
2024_0412_01:00:30 18 98.00625 97.986875
2024_0412_01:00:35 18 0.058125 -0.0725
2024_0412_01:00:50 18 80.013125 42.394375
2024_0412_01:01:13 18 97.1425 97.453125
2024_0412_01:03:19 18 97.098125 96.99
2024_0412_01:03:30 19 10.0375 81.825
2024_0412_01:03:57 19 49.9225 -10.860625
2024_0412_01:04:04 19 -1.21 1.7775
2024_0412_01:05:29 19 20.05625 -20.35875
2024_0412_01:07:30 19 -27.32625 49.63375
2024_0412_01:07:44 19 95.855 97.59375
2024_0412_01:07:50 20 46.189375 64.598125
2024_0412_01:07:57 20 0.959375 0.973125
2024_0412_01:08:07 20 8.75375 -8.27875
2024_0412_01:08:10 20 82.17625 68.41125
2024_0412_01:08:26 20 96.70375 97.071875
2024_0412_01:08:29 20 73.746875 22.35125
2024_0412_01:08:36 20 -0.071875 0.090625
2024_0412_01:08:45 20 -14.505625 15.560625
2024_0412_01:09:04 20 77.8 77.7625
2024_0412_01:11:08 20 -0.019375 0.003125
2024_0412_01:11:41 20 0.239375 0.446875
2024_0412_01:11:44 20 -0.246875 49.575
2024_0412_01:12:33 20 99.99875 -99.99875
2024_0412_01:12:58 14 95.31875 11.94625
2024_0412_01:14:51 15 97.05625 97.196875
2024_0412_01:15:08 17 16.160625 -9.735625
2024_0412_01:15:13 17 -0.065625 -0.45
2024_0412_01:15:17 17 9.806875 -9.9225
2024_0412_01:15:25 17 13.44 -14.223125
2024_0412_01:15:35 17 97.199375 97.355625
2024_0412_01:15:42 18 -8.4475 8.8975
2024_0412_01:15:49 18 48.7175 -43.26125
2024_0412_01:15:52 20 67.38125 88.159375
2024_0412_01:23:26 11 -0.05625 0.29875
2024_0412_01:23:28 6 97.741875 97.679375
2024_0412_01:23:29 1 97.813125 97.74
2024_0412_01:23:29 11 97.7 -20.951875
2024_0412_01:23:29 11 -0.03125 -0.0475
2024_0412_01:23:32 5 97.756875 97.778125
2024_0412_01:23:32 2 97.2925 97.245625
2024_0412_01:23:32 4 97.166875 97.24125
2024_0412_01:23:32 11 97.30625 96.955625
2024_0412_01:23:34 7 97.686875 97.64625
2024_0412_01:23:35 11 0.37375 0.0325
2024_0412_01:23:35 10 97.76 97.596875
2024_0412_01:23:37 11 0.05 0.3275
2024_0412_01:23:38 8 97.73375 97.510625
2024_0412_01:23:39 3 97.3725 97.175
2024_0412_01:23:45 9 98.04625 97.984375
2024_0412_01:30:59 11 -0.339375 0.063125
2024_0412_01:31:05 11 -0.021875 -0.063125
2024_0412_01:31:05 11 96.938125 97.064375
2024_0412_01:31:07 11 -0.01625 -0.081875
2024_0412_01:31:08 11 97.33 97.3875
2024_0412_01:31:08 11 0.31375 0.349375
2024_0412_01:31:10 11 -0.2575 -0.13875
2024_0412_01:31:10 11 -0.3675 -0.500625
2024_0412_01:31:10 11 0.1825 0.3325
2024_0412_01:31:16 11 97.355 97.071875
2024_0412_01:31:17 11 97.0925 97.3575
2024_0412_01:31:17 12 97.566875 97.64875
2024_0412_01:31:18 11 49.999375 -99.99875
2024_0412_01:31:20 12 97.389375 97.57125
2024_0412_01:31:23 12 96.2875 97.043125
2024_0412_01:31:25 12 -22.268125 22.266875
2024_0412_01:38:36 12 97.353125 97.388125
2024_0412_01:38:45 12 -0.2075 -0.229375
2024_0412_01:38:46 12 -0.045625 0.144375
2024_0412_01:38:49 12 -0.35875 -0.005
2024_0412_01:38:50 12 -0.176875 -0.054375
2024_0412_01:38:51 12 0.564375 0.235
2024_0412_01:38:51 12 48.42375 48.22875
2024_0412_01:38:52 12 97.20125 97.24875
2024_0412_01:38:53 12 0.201875 -0.060625
2024_0412_01:38:57 12 96.928125 97.165625
2024_0412_01:38:58 13 0.055625 -0.12875
2024_0412_01:38:59 12 46.6225 46.16
2024_0412_01:38:59 13 77.920625 78.2125
2024_0412_01:39:07 13 -0.179375 0.304375
2024_0412_01:39:07 13 35.820625 -4.105
2024_0412_01:39:15 13 2.31125 2.575
2024_0412_01:46:17 13 97.106875 69.889375
2024_0412_01:46:21 13 49.999375 -49.999375
2024_0412_01:46:27 13 -0.149375 -0.11125
2024_0412_01:46:27 13 0.65625 0.22875
2024_0412_01:46:30 13 0.079375 0.00625
2024_0412_01:46:31 13 -99.9975 -99.9975
2024_0412_01:46:32 13 1.52125 0.1775
2024_0412_01:46:33 13 0.70125 -0.448125
2024_0412_01:46:34 13 9.865625 -10.038125
2024_0412_01:46:36 13 23.504375 23.66125
2024_0412_01:46:36 13 96.4625 96.525625
2024_0412_01:46:44 13 96.93375 97.336875
2024_0412_01:46:47 13 0.25625 0.471875
2024_0412_01:46:50 13 0.099375 -0.00875
2024_0412_01:46:50 13 97.42125 97.675625
2024_0412_01:46:55 13 97.60125 97.730625
2024_0412_01:54:05 13 97.171875 97.0675
2024_0412_01:54:06 13 -0.05375 -0.33125
2024_0412_01:54:08 14 0.01375 0.055
2024_0412_01:54:10 13 0.0875 0.205
2024_0412_01:54:10 14 32.566875 32.169375
2024_0412_01:54:11 14 -0.221875 -0.22125
2024_0412_01:54:12 14 16.47625 16.925625
2024_0412_01:54:13 14 -5.224375 58.1875
2024_0412_01:54:14 14 24.65625 24.656875
2024_0412_01:54:14 14 -0.414375 0.34625
2024_0412_01:54:24 14 97.410625 97.15625
2024_0412_01:54:26 14 -0.016875 0.315
2024_0412_01:54:29 14 -99.99875 -99.99875
2024_0412_01:54:30 14 97.274375 97.499375
2024_0412_01:54:30 14 96.380625 96.80125
2024_0412_01:54:34 14 0.243125 0.26125
2024_0412_02:01:45 14 46.4875 46.641875
2024_0412_02:01:47 14 41.30875 -43.634375
2024_0412_02:01:49 14 -19.9675 20.084375
2024_0412_02:01:50 14 -0.054375 0.131875
2024_0412_02:01:54 14 -21.5625 21.545
2024_0412_02:01:55 14 97.14375 97.2
2024_0412_02:01:56 14 96.918125 97.3775
2024_0412_02:01:56 14 0.27 -0.205
2024_0412_02:01:57 14 97.8225 97.751875
2024_0412_02:01:58 14 0.055 0.034375
2024_0412_02:02:02 14 0.0575 0.0775
2024_0412_02:02:07 14 49.99375 -49.9975
2024_0412_02:02:10 15 0.198125 0.534375
2024_0412_02:02:11 15 -0.1 -0.440625
2024_0412_02:02:13 15 75.189375 96.864375
2024_0412_02:07:14 15 0.24 -0.151875
2024_0412_02:09:28 15 96.999375 97.284375
2024_0412_02:09:30 15 2.09375 -0.925
2024_0412_02:09:33 15 42.420625 42.42625
2024_0412_02:09:36 15 0.098125 -0.005
2024_0412_02:09:38 15 77.155625 77.15125
2024_0412_02:09:38 15 97.158125 97.01375
2024_0412_02:09:39 15 52.655 -38.746875
2024_0412_02:09:40 15 10.710625 11.248125
2024_0412_02:09:42 15 77.63625 78.07875
2024_0412_02:09:45 15 0.26 -0.209375
2024_0412_02:09:48 15 0.004375 -0.09875
2024_0412_02:09:50 15 0.22 0.025625
2024_0412_02:09:53 15 48.1575 96.81625
2024_0412_02:09:56 15 95.359375 95.439375
2024_0412_02:09:57 15 64.375 64.3925
2024_0412_02:14:53 15 17.286875 8.429375
2024_0412_02:17:04 15 49.999375 49.999375
2024_0412_02:17:14 15 46.740625 45.33125
2024_0412_02:17:17 16 -8.78125 37.404375
2024_0412_02:17:18 16 0.214375 0.10375
2024_0412_02:17:19 16 -0.601875 -0.0625
2024_0412_02:17:21 15 1.368125 1.285
2024_0412_02:17:23 16 -3.125 49.3225
2024_0412_02:17:24 16 97.75125 97.6375
2024_0412_02:17:25 16 1.3075 0.703125
2024_0412_02:17:31 16 -99.9975 -99.99625
2024_0412_02:17:36 16 6.69875 23.010625
2024_0412_02:17:36 16 48.85375 48.806875
2024_0412_02:17:46 16 -17.596875 94.226875
2024_0412_02:18:47 16 96.94125 97.191875
2024_0412_02:22:08 16 89.139375 71.09
2024_0412_02:22:34 16 6.71625 -16.953125
2024_0412_02:24:42 17 0.36 0.105625
2024_0412_02:24:58 17 0.061875 -0.129375
2024_0412_02:24:58 17 97.275625 94.539375
2024_0412_02:25:00 17 74.693125 73.369375
2024_0412_02:25:00 17 11.655 20.221875
2024_0412_02:25:02 17 0.174375 0.2275
2024_0412_02:25:06 17 40.82625 49.936875
2024_0412_02:25:09 17 0.101875 -0.296875
2024_0412_02:25:16 17 30.07 29.595625
2024_0412_02:25:20 17 37.92 3.63
2024_0412_02:25:22 17 0.310625 0.115625
2024_0412_02:25:40 17 24.83125 32.264375
2024_0412_02:26:33 17 0.141875 0.360625
2024_0412_02:29:11 17 5.83875 -5.9675
2024_0412_02:29:45 17 63.411875 -7.595
2024_0412_02:30:16 17 99.399375 -3.15125
2024_0412_02:32:21 17 -0.00875 -0.01625
2024_0412_02:32:38 17 26.5525 46.02
2024_0412_02:32:40 18 -21.313125 22.401875
2024_0412_02:32:43 17 99.603125 -33.8625
2024_0412_02:32:43 18 -0.0225 -0.205
2024_0412_02:32:49 18 0.126875 -0.3125
2024_0412_02:32:53 18 99.99625 -49.998125
2024_0412_02:32:54 18 -38.436875 48.07
2024_0412_02:32:57 18 55.0475 58.8125
2024_0412_02:33:09 18 -0.015625 -0.095625
2024_0412_02:33:11 18 77.43625 77.585625
2024_0412_02:33:24 18 -0.125 0.09
2024_0412_02:34:31 18 18.836875 18.575625
2024_0412_02:36:51 18 -99.995625 99.998125
2024_0412_02:37:40 18 76.251875 76.420625
2024_0412_02:37:55 18 0.156875 0.133125
2024_0412_02:39:56 18 0.1175 0.121875
2024_0412_02:40:18 18 20.394375 -20.5125
2024_0412_02:40:23 18 -0.2525 0.135625
2024_0412_02:40:31 18 48.82 48.88125
2024_0412_02:40:34 18 97.111875 97.28125
2024_0412_02:40:37 18 0.195 0.020625
2024_0412_02:40:39 18 -3.79375 4.969375
2024_0412_02:40:41 18 97.258125 97.24875
2024_0412_02:40:49 18 -10.496875 9.79375
2024_0412_02:40:54 18 97.5475 97.76375
2024_0412_02:40:58 19 47.80125 47.51625
2024_0412_02:41:09 19 96.86375 96.973125
2024_0412_02:42:19 19 53.024375 50.581875
2024_0412_02:44:42 19 97.771875 96.110625
2024_0412_02:45:30 19 91.47875 97.3775
2024_0412_02:45:40 19 -10.22625 32.549375
2024_0412_02:47:40 19 0.479375 7.39875
2024_0412_02:48:00 19 -3.575625 11.88375
2024_0412_02:48:08 19 0.124375 0.120625
2024_0412_02:48:15 19 25.168125 -24.3775
2024_0412_02:48:22 20 6.85375 19.36
2024_0412_02:48:24 20 47.93 49.001875
2024_0412_02:48:32 20 52.964375 77.5575
2024_0412_02:48:35 20 76.240625 76.11375
2024_0412_02:48:38 20 0.166875 -0.03875
2024_0412_02:48:46 20 0.36375 -0.320625
2024_0412_02:48:47 20 14.828125 15.455
2024_0412_02:49:11 20 96.32875 94.395625
2024_0412_02:50:07 20 90.73875 87.39875
2024_0412_02:52:56 20 10.040625 -10.399375
2024_0412_02:54:47 20 -62.960625 62.4775
2024_0412_02:54:56 20 14.186875 14.7525
2024_0412_02:55:17 15 44.19375 44.955
2024_0412_02:55:26 16 0.285625 -0.47125
2024_0412_02:55:36 16 96.92875 96.99875
2024_0412_02:55:38 17 9.029375 -8.895625
2024_0412_02:55:48 18 -0.191875 -0.18125
2024_0412_02:55:52 20 -0.64625 0.316875
2024_0412_02:56:55 20 97.061875 47.719375
2024_0412_02:58:40 16 97.26 97.121875
2024_0412_03:06:18 7 97.05875 97.02875
2024_0412_03:06:18 11 -0.256875 -0.044375
2024_0412_03:06:18 11 -0.705625 48.731875
2024_0412_03:06:19 11 96.86625 97.2275
2024_0412_03:06:20 11 -21.0925 97.64875
2024_0412_03:06:20 5 97.66625 97.69125
2024_0412_03:06:21 8 97.523125 97.413125
2024_0412_03:06:22 3 97.353125 96.81375
2024_0412_03:06:23 9 97.775 97.658125
2024_0412_03:06:23 4 97.11625 97.19375
2024_0412_03:06:24 6 97.79125 97.680625
2024_0412_03:06:24 1 97.770625 97.5725
2024_0412_03:06:24 2 97.61625 97.795
2024_0412_03:06:25 11 -0.145 -0.1075
2024_0412_03:06:27 9 98.07875 97.969375
2024_0412_03:06:35 10 97.769375 97.439375
2024_0412_03:13:56 11 -0.22 0.08
2024_0412_03:13:57 11 -0.01125 0.095
2024_0412_03:13:58 11 -0.204375 0.27125
2024_0412_03:13:58 11 98.063125 97.93
2024_0412_03:14:00 11 97.0475 96.940625
2024_0412_03:14:00 11 97.308125 97.15125
2024_0412_03:14:01 11 0.245625 -0.50125
2024_0412_03:14:02 11 97.57125 97.650625
2024_0412_03:14:03 11 -0.038125 -0.055
2024_0412_03:14:03 11 97.465 97.399375
2024_0412_03:14:07 11 0.36625 -0.004375
2024_0412_03:14:07 11 0.555 0.32625
2024_0412_03:14:08 11 97.36875 96.775625
2024_0412_03:14:11 11 97.2975 97.04375
2024_0412_03:14:14 11 -0.003125 -0.085625
2024_0412_03:14:18 11 0.154375 -0.090625
2024_0412_03:21:33 11 97.485625 97.320625
2024_0412_03:21:34 11 97.155625 97.3575
2024_0412_03:21:37 11 97.693125 97.235625
2024_0412_03:21:37 12 -0.794375 0.93875
2024_0412_03:21:39 12 -0.1325 -0.171875
2024_0412_03:21:43 12 97.318125 97.06375
2024_0412_03:21:45 12 -0.218125 -0.046875
2024_0412_03:21:46 11 97.680625 97.7875
2024_0412_03:21:47 12 0.125625 0.15875
2024_0412_03:21:47 11 21.676875 21.863125
2024_0412_03:21:48 12 97.801875 97.630625
2024_0412_03:21:49 12 -0.06625 -0.00375
2024_0412_03:21:51 12 96.951875 98.16375
2024_0412_03:21:54 12 19.48875 19.415625
2024_0412_03:21:54 12 97.999375 98.060625
2024_0412_03:22:02 12 -0.49875 0.51125
2024_0412_03:29:11 12 -0.135 0.010625
2024_0412_03:29:12 12 97.276875 97.2825
2024_0412_03:29:14 12 -0.106875 -0.081875
2024_0412_03:29:15 12 -0.113125 -0.499375
2024_0412_03:29:19 12 -99.9975 49.99875
2024_0412_03:29:22 12 97.265625 97.314375
2024_0412_03:29:24 12 0.09125 -0.286875
2024_0412_03:29:27 12 97.666875 97.459375
2024_0412_03:29:28 12 97.05 97.15625
2024_0412_03:29:29 12 0.03625 -0.268125
2024_0412_03:29:34 13 97.21375 97.07875
2024_0412_03:29:34 13 99.99875 99.9975
2024_0412_03:29:35 12 0.4 -0.17
2024_0412_03:29:35 13 97.450625 97.32375
2024_0412_03:29:36 13 97.6875 97.693125
2024_0412_03:29:50 13 97.745 97.76875
2024_0412_03:36:50 13 49.9975 49.998125
2024_0412_03:36:51 13 -0.04875 -0.065625
2024_0412_03:36:52 13 0.2075 0.076875
2024_0412_03:36:59 13 10.280625 -10.5325
2024_0412_03:36:59 13 97.228125 97.2275
2024_0412_03:37:03 13 0.1375 -0.130625
2024_0412_03:37:03 13 77.36 77.863125
2024_0412_03:37:05 13 97.778125 97.721875
2024_0412_03:37:06 13 96.676875 91.919375
2024_0412_03:37:11 13 -0.329375 0.295625
2024_0412_03:37:12 13 -49.999375 -49.999375
2024_0412_03:37:14 13 -0.295625 22.5425
2024_0412_03:37:16 13 96.26625 79.525
2024_0412_03:37:18 13 97.304375 97.596875
2024_0412_03:37:26 13 47.560625 47.82
2024_0412_03:37:35 13 -3.614375 48.655625
2024_0412_03:44:27 13 10.351875 -9.884375
2024_0412_03:44:27 13 0.158125 0.105
2024_0412_03:44:36 13 78.060625 77.87375
2024_0412_03:44:37 13 0.17 0.15625
2024_0412_03:44:40 13 97.3425 96.8775
2024_0412_03:44:41 13 97.21125 97.34375
2024_0412_03:44:42 13 -24.861875 25.05625
2024_0412_03:44:48 13 -0.146875 -0.115
2024_0412_03:44:51 13 -0.451875 0.03
2024_0412_03:44:53 13 -1.753125 1.83
2024_0412_03:44:53 13 9.921875 -9.89375
2024_0412_03:44:55 13 48.38625 48.3625
2024_0412_03:45:02 13 -0.325625 -0.654375
2024_0412_03:45:04 13 97.633125 97.651875
2024_0412_03:45:06 13 -0.169375 0.205625
2024_0412_03:45:09 13 -0.13125 0.34375
2024_0412_03:52:07 14 97.055625 97.1025
2024_0412_03:52:12 14 99.99625 49.996875
2024_0412_03:52:13 13 9.73375 97.54375
2024_0412_03:52:20 14 -10.096875 10.0925
2024_0412_03:52:23 14 -0.203125 0.128125
2024_0412_03:52:24 14 1.398125 2.31875
2024_0412_03:52:25 14 97.205625 97.4125
2024_0412_03:52:25 14 -0.395625 -0.176875
2024_0412_03:52:29 14 -0.124375 -0.4125
2024_0412_03:52:32 14 -13.756875 13.30875
2024_0412_03:52:35 14 77.91125 77.319375
2024_0412_03:52:37 14 96.984375 96.91125
2024_0412_03:52:44 14 97.331875 97.371875
2024_0412_03:52:44 14 -0.409375 0.199375
2024_0412_03:52:56 14 97.2375 97.069375
2024_0412_03:52:58 14 97.159375 97.27125
2024_0412_03:59:43 14 0.11875 -0.071875
2024_0412_03:59:54 14 97.283125 97.195
2024_0412_03:59:57 14 15.784375 14.9475
2024_0412_04:00:00 14 2.87 0.305
2024_0412_04:00:06 14 -0.124375 0.626875
2024_0412_04:00:08 14 97.450625 97.704375
2024_0412_04:00:12 14 95.286875 96.873125
2024_0412_04:00:14 14 46.75625 46.7775
2024_0412_04:00:17 14 0.214375 0.416875
2024_0412_04:00:18 14 97.94625 97.40125
2024_0412_04:00:29 14 44.6475 25.840625
2024_0412_04:00:42 14 97.636875 97.575625
2024_0412_04:00:50 14 0.21375 0.369375
2024_0412_04:04:10 14 96.86 90.235625
2024_0412_04:05:20 14 97.333125 97.229375
2024_0412_04:06:42 14 0.24875 0.180625
2024_0412_04:07:22 14 15.4425 14.4525
2024_0412_04:07:32 14 0.02125 -0.0275
2024_0412_04:07:35 14 47.01625 47.170625
2024_0412_04:07:46 14 97.33875 96.990625
2024_0412_04:07:46 15 -0.278125 0.125
2024_0412_04:07:50 15 -0.175 -0.5325
2024_0412_04:07:51 15 -1.049375 -0.485
2024_0412_04:07:55 15 0.525625 -0.253125
2024_0412_04:07:58 15 96.759375 96.9525
2024_0412_04:08:11 15 49.99875 -49.99875
2024_0412_04:08:30 15 -9.625625 9.70625
2024_0412_04:08:31 15 49.99875 -50.0
2024_0412_04:11:52 15 -0.035 -0.041875
2024_0412_04:12:57 15 -0.025 -0.3075
2024_0412_04:14:31 15 0.16375 -0.00625
2024_0412_04:14:59 15 15.528125 48.585
2024_0412_04:15:03 15 1.5725 0.2325
2024_0412_04:15:15 15 67.785 -0.58375
2024_0412_04:15:19 15 0.518125 -0.30125
2024_0412_04:15:23 15 0.205625 0.52
2024_0412_04:15:30 15 -0.535625 -0.215
2024_0412_04:15:31 15 0.29125 0.13375
2024_0412_04:15:32 15 -0.2525 -0.346875
2024_0412_04:15:40 15 97.443125 87.549375
2024_0412_04:15:48 15 97.68 97.948125
2024_0412_04:15:53 15 97.39625 96.89625
2024_0412_04:16:12 15 -0.028125 -0.17
2024_0412_04:16:15 15 0.168125 -0.309375
2024_0412_04:20:36 15 97.556875 97.21375
2024_0412_04:22:09 15 -0.360625 0.111875
2024_0412_04:22:37 15 18.485 19.378125
2024_0412_04:22:48 15 1.869375 3.033125
2024_0412_04:22:55 15 84.220625 69.80625
2024_0412_04:22:56 15 97.345625 97.24125
2024_0412_04:23:11 16 48.616875 -0.699375
2024_0412_04:23:15 15 0.383125 1.4325
2024_0412_04:23:17 15 97.215 97.235625
2024_0412_04:23:27 16 48.221875 48.24125
2024_0412_04:23:33 16 0.1575 -0.085625
2024_0412_04:23:37 16 79.020625 92.91875
2024_0412_04:24:04 16 91.03 91.519375
2024_0412_04:24:09 16 96.750625 97.368125
2024_0412_04:26:22 16 16.0375 6.85875
2024_0412_04:28:22 16 -0.015 -0.0175
2024_0412_04:28:59 16 97.05875 97.185
2024_0412_04:29:47 16 97.444375 97.174375
2024_0412_04:30:29 16 83.434375 95.6975
2024_0412_04:30:33 16 97.625625 97.52
2024_0412_04:30:37 16 97.105625 96.784375
2024_0412_04:30:48 16 29.920625 -0.5025
2024_0412_04:30:57 16 -0.235 0.12625
2024_0412_04:31:00 16 -0.10875 -0.165
2024_0412_04:31:06 16 91.556875 97.18
2024_0412_04:31:15 16 38.16375 30.68
2024_0412_04:31:17 16 21.059375 12.955625
2024_0412_04:31:49 16 9.986875 -10.02875
2024_0412_04:31:50 16 -2.901875 37.604375
2024_0412_04:34:13 16 11.545625 12.091875
2024_0412_04:36:20 16 92.571875 95.80125
2024_0412_04:36:43 16 -0.186875 -0.275625
2024_0412_04:37:25 16 96.84625 96.525625
2024_0412_04:38:06 16 96.37875 97.29625
2024_0412_04:38:17 17 2.835 2.49375
2024_0412_04:38:20 16 97.71375 97.595625
2024_0412_04:38:26 17 97.185 97.1175
2024_0412_04:38:28 17 98.188125 -0.5625
2024_0412_04:38:40 17 6.933125 -7.3925
2024_0412_04:38:45 17 37.06875 0.673125
2024_0412_04:38:47 17 15.826875 15.953125
2024_0412_04:38:51 17 97.314375 97.185
2024_0412_04:38:58 17 16.604375 -16.759375
2024_0412_04:39:28 17 10.15625 -9.70625
2024_0412_04:39:30 17 60.08875 1.329375
2024_0412_04:41:55 17 0.018125 0.15125
2024_0412_04:44:17 17 97.42 97.819375
2024_0412_04:44:38 17 79.379375 84.216875
2024_0412_04:45:13 17 48.770625 97.026875
2024_0412_04:45:49 17 97.43125 97.406875
2024_0412_04:45:57 17 97.404375 97.6725
2024_0412_04:46:04 17 -0.15125 0.148125
2024_0412_04:46:10 17 0.170625 -0.390625
2024_0412_04:46:17 17 97.485625 97.605625
2024_0412_04:46:27 17 -0.109375 -0.206875
2024_0412_04:46:33 17 41.480625 43.97
2024_0412_04:46:36 17 97.02125 97.065
2024_0412_04:46:39 17 0.22875 2.12625
2024_0412_04:46:46 17 -0.535 -0.073125
2024_0412_04:47:12 17 0.43125 -0.263125
2024_0412_04:47:21 17 89.56875 97.30125
2024_0412_04:49:44 17 -0.053125 11.724375
2024_0412_04:52:01 17 97.395 97.03
2024_0412_04:52:32 18 -0.27875 -0.358125
2024_0412_04:53:05 18 48.281875 98.2325
2024_0412_04:53:30 18 0.10875 -0.244375
2024_0412_04:53:37 18 -1.709375 6.495625
2024_0412_04:53:48 18 0.445 1.99375
2024_0412_04:54:01 18 97.303125 97.2625
2024_0412_04:54:05 18 5.229375 -3.546875
2024_0412_04:54:14 18 -33.144375 33.195625
2024_0412_04:54:17 18 -6.68125 13.485
2024_0412_04:54:18 18 81.811875 11.905625
2024_0412_04:54:26 18 0.209375 -0.104375
2024_0412_04:54:34 18 7.49125 7.13875
2024_0412_04:55:08 18 97.81625 97.19625
2024_0412_04:55:09 18 0.174375 0.20125
2024_0412_04:57:40 18 0.52 -0.205
2024_0412_04:59:46 18 97.571875 98.003125
2024_0412_05:00:18 18 0.005625 1.53375
2024_0412_05:00:48 18 97.62625 97.731875
2024_0412_05:01:11 18 97.15625 97.4
2024_0412_05:01:23 18 23.568125 15.799375
2024_0412_05:01:34 18 96.33125 97.11125
2024_0412_05:01:43 18 93.94125 97.30375
2024_0412_05:01:57 18 0.851875 -0.88625
2024_0412_05:01:59 18 -0.138125 -0.258125
2024_0412_05:02:04 18 97.72375 97.685
2024_0412_05:02:11 18 97.3375 96.955625
2024_0412_05:02:15 18 -15.890625 15.54875
2024_0412_05:02:44 18 -11.983125 46.069375
2024_0412_05:02:52 18 -99.99875 99.99875
2024_0412_05:02:57 18 32.095 -32.37625
2024_0412_05:05:26 18 97.783125 97.66
2024_0412_05:07:29 18 -0.01625 0.4425
2024_0412_05:08:07 18 96.016875 97.2725
2024_0412_05:08:36 18 32.171875 36.62375
2024_0412_05:08:54 18 16.21 16.535
2024_0412_05:09:15 19 -8.985625 35.369375
2024_0412_05:09:26 19 45.46875 -3.34
2024_0412_05:09:34 19 -0.4275 0.476875
2024_0412_05:09:39 19 10.10375 -9.053125
2024_0412_05:09:48 19 52.331875 70.044375
2024_0412_05:09:51 19 96.8725 96.525
2024_0412_05:10:01 19 46.233125 3.960625
2024_0412_05:10:04 19 55.50125 69.99125
2024_0412_05:10:24 19 -49.999375 49.99875
2024_0412_05:10:30 19 54.168125 -45.8575
2024_0412_05:10:51 19 -0.913125 1.341875
2024_0412_05:13:09 19 99.99875 49.999375
2024_0412_05:15:10 19 16.78625 -16.96875
2024_0412_05:16:00 19 30.91125 31.466875
2024_0412_05:16:20 19 -43.750625 44.51875
2024_0412_05:16:53 19 -0.119375 0.230625
2024_0412_05:17:05 19 -32.27375 32.33875
2024_0412_05:17:10 19 58.024375 -58.0825
2024_0412_05:17:19 20 -8.440625 8.011875
2024_0412_05:17:24 19 97.238125 97.235625
2024_0412_05:17:42 20 97.573125 97.0425
2024_0412_05:17:45 20 97.6825 97.636875
2024_0412_05:17:48 20 0.036875 0.056875
2024_0412_05:17:51 20 11.009375 10.3875
2024_0412_05:18:12 20 96.593125 97.024375
2024_0412_05:20:56 20 20.9775 27.265625
2024_0412_05:21:02 20 0.308125 0.581875
2024_0412_05:23:01 20 -0.263125 -0.1
2024_0412_05:23:19 20 97.47875 97.614375
2024_0412_05:23:42 20 97.756875 97.6925
2024_0412_05:24:10 20 -0.175625 0.250625
2024_0412_05:24:34 20 12.6425 -12.099375
2024_0412_05:24:54 20 48.131875 -0.35625
2024_0412_05:24:56 20 0.015625 0.096875
2024_0412_05:24:56 20 0.290625 0.129375
2024_0412_05:25:04 20 0.085 -0.02375
2024_0412_05:25:22 14 -0.141875 -0.188125
2024_0412_05:25:22 20 47.783125 98.694375
2024_0412_05:25:26 14 -0.280625 -0.084375
2024_0412_05:25:28 14 92.289375 96.859375
2024_0412_05:25:49 15 0.19875 0.24625
2024_0412_05:28:13 15 97.2875 97.5025
2024_0412_05:28:22 15 15.370625 13.0425
2024_0412_05:30:02 16 14.27375 15.33875
2024_0412_05:34:28 20 97.06 97.0625
2024_0412_05:36:08 20 5.351875 24.208125
2024_0412_05:43:48 11 -0.15625 0.074375
2024_0412_05:43:48 8 96.7 97.16875
2024_0412_05:43:50 2 97.19875 97.163125
2024_0412_05:43:50 10 97.830625 97.83375
2024_0412_05:43:51 1 97.668125 97.68125
2024_0412_05:43:51 2 95.15625 96.804375
2024_0412_05:43:52 7 97.59875 97.645625
2024_0412_05:43:53 3 97.046875 97.189375
2024_0412_05:43:54 4 95.76875 96.19875
2024_0412_05:43:54 2 97.395 96.883125
2024_0412_05:43:56 2 97.310625 97.188125
2024_0412_05:43:57 6 97.69375 97.67
2024_0412_05:43:58 8 97.5675 97.561875
2024_0412_05:44:00 2 97.434375 97.438125
2024_0412_05:45:24 11 0.025625 -0.181875
2024_0412_05:49:41 11 0.120625 0.245
2024_0412_05:51:26 11 97.120625 97.398125
2024_0412_05:51:27 11 -0.045 0.128125
2024_0412_05:51:27 11 -10.9025 65.266875
2024_0412_05:51:29 11 -0.416875 0.17125
2024_0412_05:51:30 11 49.99875 49.99875
2024_0412_05:51:32 11 97.64875 97.718125
2024_0412_05:51:33 11 0.273125 -0.165625
2024_0412_05:51:33 11 99.99875 99.99875
2024_0412_05:51:36 11 -0.175 0.308125
2024_0412_05:51:37 11 97.693125 97.78625
2024_0412_05:51:41 11 97.28 96.86
2024_0412_05:51:47 11 97.795 97.8425
2024_0412_05:51:48 11 97.6275 97.704375
2024_0412_05:51:50 11 0.065 0.243125
2024_0412_05:53:07 11 0.250625 -0.005
2024_0412_05:57:20 11 -0.1575 0.301875
2024_0412_05:59:03 11 -0.465 0.05375
2024_0412_05:59:08 11 97.23125 97.18625
2024_0412_05:59:08 11 -49.999375 99.99875
2024_0412_05:59:09 11 97.26875 97.035625
2024_0412_05:59:12 11 97.27375 96.93875
2024_0412_05:59:12 11 0.038125 -0.01375
2024_0412_05:59:14 11 -0.148125 -0.044375
2024_0412_05:59:14 11 97.2425 97.17875
2024_0412_05:59:16 11 -0.210625 -0.19
2024_0412_05:59:20 11 97.67875 97.709375
2024_0412_05:59:26 11 -0.065 -0.121875
2024_0412_05:59:28 11 -0.17625 0.381875
2024_0412_05:59:29 11 0.245625 -0.2825
2024_0412_05:59:29 11 0.178125 -0.3475
2024_0412_06:00:53 11 -0.525 -0.064375
2024_0412_06:04:54 11 -0.283125 -0.2575
2024_0412_06:06:44 11 97.28 97.195625
2024_0412_06:06:47 11 97.300625 97.231875
2024_0412_06:06:47 11 0.044375 0.245
2024_0412_06:06:50 11 97.055 97.12
2024_0412_06:06:53 11 -0.191875 -0.195
2024_0412_06:06:53 11 0.24875 0.1325
2024_0412_06:06:55 11 97.56 97.559375
2024_0412_06:06:57 11 0.134375 -0.096875
2024_0412_06:07:04 11 48.203125 48.28
2024_0412_06:07:05 11 -0.055 0.016875
2024_0412_06:07:05 11 -0.4175 0.105
2024_0412_06:07:06 11 97.546875 97.575625
2024_0412_06:07:07 11 99.99875 99.9975
2024_0412_06:07:18 11 -0.054375 -0.080625
2024_0412_06:08:27 11 0.01 0.049375
2024_0412_06:12:40 11 97.13125 97.16125
2024_0412_06:14:26 11 -0.53625 0.04875
2024_0412_06:14:27 11 0.27 -0.02375
2024_0412_06:14:31 11 -0.179375 0.3825
2024_0412_06:14:33 11 0.20625 0.025
2024_0412_06:14:34 11 37.2875 46.429375
2024_0412_06:14:37 11 -49.998125 99.99625
2024_0412_06:14:41 11 -0.06375 -0.243125
2024_0412_06:14:42 11 -0.11875 -0.001875
2024_0412_06:14:45 11 -0.393125 0.2375
2024_0412_06:14:46 11 -0.16625 -0.01875
2024_0412_06:14:51 11 97.59125 97.475625
2024_0412_06:14:51 11 0.0125 -0.27875
2024_0412_06:14:56 11 97.56 97.436875
2024_0412_06:14:57 11 0.06375 0.125625
2024_0412_06:16:07 11 0.1025 -0.324375
2024_0412_06:20:20 11 97.269375 96.99125
2024_0412_06:22:06 11 97.21 97.331875
2024_0412_06:22:08 11 48.744375 -0.7125
2024_0412_06:22:12 11 100.0 100.0
2024_0412_06:22:12 11 0.139375 0.00625
2024_0412_06:22:17 11 97.75625 97.759375
2024_0412_06:22:20 11 49.99875 -99.99875
2024_0412_06:22:20 11 0.636875 0.029375
2024_0412_06:22:23 11 0.059375 0.43375
2024_0412_06:22:24 11 97.41375 97.3775
2024_0412_06:22:27 11 0.11 0.326875
2024_0412_06:22:27 11 91.444375 97.21875
2024_0412_06:22:28 11 -0.234375 0.07125
2024_0412_06:22:37 11 -0.145 0.25
2024_0412_06:22:46 11 -0.335 0.281875
2024_0412_06:23:47 11 97.29625 96.975
2024_0412_06:28:02 11 17.371875 17.1875
2024_0412_06:29:44 11 -0.031875 0.039375
2024_0412_06:29:47 11 49.999375 -49.99875
2024_0412_06:29:51 11 0.164375 -0.34375
2024_0412_06:29:51 11 97.673125 97.739375
2024_0412_06:29:52 11 0.134375 -0.129375
2024_0412_06:29:59 11 -0.15125 -0.040625
2024_0412_06:30:00 11 0.4625 -0.231875
2024_0412_06:30:05 11 -0.0175 -0.114375
2024_0412_06:30:08 11 0.21625 -0.0625
2024_0412_06:30:13 11 96.63625 96.486875
2024_0412_06:30:13 11 97.24 96.54
2024_0412_06:30:24 11 0.188125 0.209375
2024_0412_06:30:27 11 0.165625 0.04875
2024_0412_06:30:30 11 97.553125 97.69375
2024_0412_06:31:31 11 97.679375 98.260625
2024_0412_06:35:40 11 97.6075 97.711875
2024_0412_06:37:21 11 -0.083125 0.09625
2024_0412_06:37:23 11 97.75875 97.726875
2024_0412_06:37:30 11 97.74875 97.64875
2024_0412_06:37:32 11 97.30875 97.3475
2024_0412_06:37:33 11 -0.3675 -0.18375
2024_0412_06:37:37 11 -0.0575 -0.091875
2024_0412_06:37:44 11 -0.41375 -0.2475
2024_0412_06:37:46 11 97.44 97.570625
2024_0412_06:37:51 11 0.094375 0.10125
2024_0412_06:37:51 11 97.578125 97.265625
2024_0412_06:37:53 11 97.66875 97.801875
2024_0412_06:38:03 11 97.168125 97.420625
2024_0412_06:38:07 11 97.33 97.160625
2024_0412_06:38:12 11 -0.13 -0.344375
2024_0412_06:39:11 11 -0.1125 0.28375
2024_0412_06:43:19 11 62.8225 51.84375
2024_0412_06:45:06 11 0.039375 0.361875
2024_0412_06:45:13 11 -0.22875 -0.205
2024_0412_06:45:14 11 -99.99875 -99.998125
2024_0412_06:45:16 11 49.999375 49.999375
2024_0412_06:45:16 11 -0.22375 -0.508125
2024_0412_06:45:23 11 0.31375 0.2375
2024_0412_06:45:27 11 97.513125 97.704375
2024_0412_06:45:30 11 -0.378125 0.04375
2024_0412_06:45:32 11 -0.135 -0.12875
2024_0412_06:45:33 11 97.419375 97.40125
2024_0412_06:45:42 11 -0.14875 0.28125
2024_0412_06:45:43 11 3.428125 3.055625
2024_0412_06:45:56 11 -0.31 -0.165
2024_0412_06:45:58 11 0.1575 0.005
2024_0412_06:46:54 11 -99.99875 -49.999375
2024_0412_06:50:58 11 -0.169375 -0.17
2024_0412_06:52:43 11 -99.9975 99.99625
2024_0412_06:52:51 11 97.570625 97.52875
2024_0412_06:52:55 11 -0.216875 0.1325
2024_0412_06:52:56 11 0.27125 0.24625
2024_0412_06:53:00 12 97.79375 97.756875
2024_0412_06:53:05 12 16.56875 16.691875
2024_0412_06:53:07 12 0.12125 -0.013125
2024_0412_06:53:08 12 97.784375 97.646875
2024_0412_06:53:12 12 49.999375 99.99875
2024_0412_06:53:19 12 97.31 97.5675
2024_0412_06:53:29 12 49.999375 -99.99875
2024_0412_06:53:30 12 49.99875 99.9975
2024_0412_06:53:33 12 97.22 97.375625
2024_0412_06:53:49 12 98.040625 98.00125
2024_0412_06:54:40 12 0.475 0.32125
2024_0412_06:58:45 12 96.76 97.384375
2024_0412_07:00:30 12 0.438125 0.165625
2024_0412_07:00:39 12 -0.45875 48.494375
2024_0412_07:00:41 12 58.3425 64.6925
2024_0412_07:00:43 12 17.67375 18.0675
2024_0412_07:00:46 12 100.0 100.0
2024_0412_07:00:50 12 -0.01125 0.033125
2024_0412_07:00:53 12 -0.05875 0.2925
2024_0412_07:00:59 12 96.9925 97.09
2024_0412_07:01:05 12 97.375625 97.285625
2024_0412_07:01:06 12 97.30875 97.3425
2024_0412_07:01:15 12 97.6375 97.71375
2024_0412_07:01:15 12 -0.151875 -0.234375
2024_0412_07:01:21 12 -0.229375 0.29625
2024_0412_07:01:38 12 97.315625 97.124375
2024_0412_07:02:47 12 -0.701875 -0.049375
2024_0412_07:06:33 12 -0.130625 0.45
2024_0412_07:08:17 12 97.9725 98.010625
2024_0412_07:08:28 12 97.85625 97.615
2024_0412_07:08:29 12 0.248125 0.306875
2024_0412_07:08:31 12 97.046875 97.0975
2024_0412_07:08:38 12 0.0825 -0.26
2024_0412_07:08:40 12 0.290625 1.93625
2024_0412_07:08:45 12 -0.24375 -0.36
2024_0412_07:08:50 12 -0.111875 0.2
2024_0412_07:08:51 12 65.52125 60.58125
2024_0412_07:08:56 12 97.08 97.185625
2024_0412_07:09:04 12 2.06625 -0.448125
2024_0412_07:09:06 12 -0.356875 -0.168125
2024_0412_07:09:06 12 97.773125 37.94875
2024_0412_07:09:28 12 77.92625 77.74625
2024_0412_07:10:48 12 -0.15 0.0425
2024_0412_07:14:18 12 -0.31625 -0.163125
2024_0412_07:16:05 12 97.11375 97.26375
2024_0412_07:16:14 12 97.20125 97.173125
2024_0412_07:16:20 12 97.93875 98.525625
2024_0412_07:16:24 12 0.150625 -0.061875
2024_0412_07:16:31 12 97.045 96.49
2024_0412_07:16:33 12 78.299375 78.038125
2024_0412_07:16:40 12 97.219375 96.683125
2024_0412_07:16:43 12 97.565625 97.858125
2024_0412_07:16:44 12 97.733125 97.650625
2024_0412_07:16:46 12 97.461875 49.953125
2024_0412_07:16:50 12 -0.185 -0.7225
2024_0412_07:16:54 12 -16.40875 71.253125
2024_0412_07:16:59 12 46.7225 46.558125
2024_0412_07:17:12 12 -0.030625 0.15125
2024_0412_07:18:38 12 97.118125 96.98375
2024_0412_07:22:07 12 0.111875 -0.351875
2024_0412_07:23:57 12 97.376875 97.275
2024_0412_07:24:11 12 0.21625 -0.273125
2024_0412_07:24:13 12 97.25 97.013125
2024_0412_07:24:19 12 0.0375 0.055625
2024_0412_07:24:21 12 0.29375 -0.081875
2024_0412_07:24:24 12 97.215 97.088125
2024_0412_07:24:26 12 97.73875 97.733125
2024_0412_07:24:29 12 -0.17 0.014375
2024_0412_07:24:35 12 97.7425 97.655625
2024_0412_07:24:37 12 0.1025 0.415625
2024_0412_07:24:38 12 21.58 23.05375
2024_0412_07:24:53 12 97.12375 97.111875
2024_0412_07:24:59 12 -0.679375 -0.076875
2024_0412_07:25:02 12 0.01125 -0.3175
2024_0412_07:26:30 12 97.085625 97.265
2024_0412_07:29:51 12 0.198125 0.425625
2024_0412_07:31:58 12 0.175 0.04625
2024_0412_07:32:02 12 96.943125 97.200625
2024_0412_07:32:05 12 97.788125 97.8425
2024_0412_07:32:10 12 97.620625 97.2275
2024_0412_07:32:12 12 97.55 97.641875
2024_0412_07:32:13 12 0.099375 0.123125
2024_0412_07:32:17 12 -0.23375 -0.045
2024_0412_07:32:18 12 -99.9975 -49.99875
2024_0412_07:32:22 12 -0.1025 0.315
2024_0412_07:32:27 12 97.699375 97.77125
2024_0412_07:32:32 12 97.21125 97.180625
2024_0412_07:32:45 12 99.999375 49.99875
2024_0412_07:32:46 12 0.18625 0.10125
2024_0412_07:32:56 12 97.161875 97.356875
2024_0412_07:34:18 12 97.209375 96.8025
2024_0412_07:37:41 12 96.455625 97.021875
2024_0412_07:39:45 12 -49.99875 49.99875
2024_0412_07:39:52 12 97.620625 97.694375
2024_0412_07:40:03 12 97.620625 97.690625
2024_0412_07:40:04 12 97.98625 98.083125
2024_0412_07:40:06 12 96.965625 97.41625
2024_0412_07:40:07 12 96.988125 98.525
2024_0412_07:40:09 12 97.31 97.409375
2024_0412_07:40:14 12 -54.706875 59.755
2024_0412_07:40:19 12 -43.201875 49.3425
2024_0412_07:40:36 12 96.998125 97.315
2024_0412_07:40:38 12 97.791875 97.583125
2024_0412_07:40:38 12 34.82125 -34.576875
2024_0412_07:40:40 12 49.50875 48.929375
2024_0412_07:40:48 12 72.375625 89.696875
2024_0412_07:42:09 12 -0.175 -0.266875
2024_0412_07:45:38 12 -0.333125 -0.345625
2024_0412_07:47:35 12 97.79125 97.69375
2024_0412_07:47:35 12 -99.9975 99.998125
2024_0412_07:47:50 12 -0.5275 1.041875
2024_0412_07:47:52 12 97.273125 97.16625
2024_0412_07:47:53 12 -20.993125 97.639375
2024_0412_07:47:58 12 46.229375 -4.9625
2024_0412_07:48:00 13 10.24 -10.175
2024_0412_07:48:00 13 0.364375 -0.605
2024_0412_07:48:08 13 96.23125 97.41375
2024_0412_07:48:24 13 98.48625 22.4925
2024_0412_07:48:29 13 97.030625 96.850625
2024_0412_07:48:30 13 97.44625 97.6325
2024_0412_07:48:37 13 16.258125 16.91
2024_0412_07:48:44 13 97.505 97.670625
2024_0412_07:49:58 13 0.248125 0.41375
2024_0412_07:53:24 13 0.141875 -0.083125
2024_0412_07:55:24 13 -49.8625 49.88625
2024_0412_07:55:28 13 47.30375 47.369375
2024_0412_07:55:39 13 -0.215625 -0.10625
2024_0412_07:55:43 13 46.51625 46.835
2024_0412_07:55:50 13 -8.361875 8.30875
2024_0412_07:55:50 13 0.246875 -0.0725
2024_0412_07:55:51 13 1.45625 -0.144375
2024_0412_07:55:54 13 21.135625 71.75875
2024_0412_07:56:18 13 1.718125 1.744375
2024_0412_07:56:23 13 96.785 97.03125
2024_0412_07:56:25 13 -0.54875 0.135
2024_0412_07:56:28 13 -49.999375 -49.999375
2024_0412_07:56:35 13 -0.17625 0.11125
2024_0412_07:56:36 13 46.798125 46.495
2024_0412_07:57:48 13 -0.195625 0.050625
2024_0412_08:01:13 13 0.21 0.309375
2024_0412_08:03:09 13 -0.314375 -0.0875
2024_0412_08:03:17 13 77.858125 77.44
2024_0412_08:03:27 13 -1.22875 97.18
2024_0412_08:03:27 13 -0.255 0.073125
2024_0412_08:03:42 13 0.13125 -0.040625
2024_0412_08:03:44 13 96.9275 97.285
2024_0412_08:03:48 13 -0.089375 -0.005
2024_0412_08:03:53 13 15.8375 16.0825
2024_0412_08:04:04 13 0.355625 0.119375
2024_0412_08:04:13 13 0.43875 -0.2625
2024_0412_08:04:17 13 97.984375 97.97875
2024_0412_08:04:20 13 -49.9975 99.99625
2024_0412_08:04:21 13 98.003125 98.0725
2024_0412_08:04:25 13 97.215625 93.28875
2024_0412_08:05:33 13 96.975 97.03
2024_0412_08:08:56 13 3.035625 -1.2125
2024_0412_08:10:57 13 0.226875 -0.080625
2024_0412_08:11:07 13 -0.22375 -0.07125
2024_0412_08:11:07 13 -0.039375 -0.175
2024_0412_08:11:10 13 -0.721875 47.866875
2024_0412_08:11:27 13 72.24 73.2075
2024_0412_08:11:29 13 0.41 0.229375
2024_0412_08:11:33 13 -8.4275 8.63
2024_0412_08:11:35 13 97.335625 97.626875
2024_0412_08:11:46 13 2.51125 0.75125
2024_0412_08:11:59 13 48.219375 48.3175
2024_0412_08:12:00 13 -49.999375 -49.999375
2024_0412_08:12:07 13 2.625625 -1.63125
2024_0412_08:12:07 13 97.80375 97.743125
2024_0412_08:12:09 13 47.25875 -14.3275
2024_0412_08:13:18 13 97.5125 97.435625
2024_0412_08:16:36 13 0.33125 0.27375
2024_0412_08:18:45 13 0.36625 0.435
2024_0412_08:18:49 13 0.175 -0.0725
2024_0412_08:18:51 13 49.999375 -49.999375
2024_0412_08:18:52 13 -3.91875 47.209375
2024_0412_08:19:05 13 -10.185625 10.19125
2024_0412_08:19:12 13 2.8375 1.899375
2024_0412_08:19:15 13 -0.038125 -0.295
2024_0412_08:19:20 13 97.620625 97.345625
2024_0412_08:19:27 13 0.150625 0.1575
2024_0412_08:19:38 13 -9.960625 9.921875
2024_0412_08:19:39 13 -0.14875 -0.091875
2024_0412_08:19:49 13 -0.326875 -0.4525
2024_0412_08:19:49 13 97.410625 97.329375
2024_0412_08:19:58 13 99.998125 99.994375
2024_0412_08:20:59 13 39.276875 30.870625
2024_0412_08:24:19 13 96.705 97.493125
2024_0412_08:26:28 13 96.171875 96.98875
2024_0412_08:26:31 13 97.703125 97.724375
2024_0412_08:26:31 13 -0.23875 -0.111875
2024_0412_08:26:32 13 97.601875 97.525
2024_0412_08:26:43 13 -0.3625 0.24125
2024_0412_08:26:55 13 -0.52625 48.546875
2024_0412_08:26:56 13 -0.276875 0.158125
2024_0412_08:26:59 13 -4.596875 35.9375
2024_0412_08:27:07 13 0.9025 -0.143125
2024_0412_08:27:16 13 0.015625 -0.605625
2024_0412_08:27:26 13 -0.4225 0.21875
2024_0412_08:27:33 13 97.998125 96.919375
2024_0412_08:27:35 13 97.684375 96.9525
2024_0412_08:27:40 13 0.133125 -0.211875
2024_0412_08:28:41 13 1.10125 -0.21
2024_0412_08:32:00 13 49.999375 99.99875
2024_0412_08:34:10 13 0.358125 -0.021875
2024_0412_08:34:11 13 -0.364375 0.5725
2024_0412_08:34:13 13 97.11625 97.138125
2024_0412_08:34:14 13 -0.013125 0.000625
2024_0412_08:34:21 13 97.99 98.02375
2024_0412_08:34:47 13 -0.205625 -0.03125
2024_0412_08:34:49 13 3.089375 2.47
2024_0412_08:35:13 13 49.26 97.5025
2024_0412_08:35:19 13 17.705625 16.5025
2024_0412_08:35:28 13 96.36125 97.435
2024_0412_08:36:22 13 98.50625 48.456875
2024_0412_08:39:13 13 -0.8225 48.558125
2024_0412_08:39:42 13 50.8375 56.000625
2024_0412_08:39:47 13 46.58125 46.635
2024_0412_08:40:00 13 97.483125 97.71375
2024_0412_08:41:46 13 37.11375 9.65375
2024_0412_08:41:53 13 -0.45625 0.25625
2024_0412_08:41:56 13 97.711875 97.1425
2024_0412_08:41:58 13 96.98625 97.340625
2024_0412_08:42:04 13 16.836875 17.23
2024_0412_08:42:28 13 97.15375 97.441875
2024_0412_08:42:29 13 -0.086875 -0.30375
2024_0412_08:42:56 13 46.8225 46.40125
2024_0412_08:42:59 13 0.10875 0.035625
2024_0412_08:43:07 13 0.210625 -0.01875
2024_0412_08:44:01 13 0.351875 0.015
2024_0412_08:46:53 13 98.361875 97.7225
2024_0412_08:47:22 13 -0.213125 0.04625
2024_0412_08:47:25 13 97.3025 96.47625
2024_0412_08:47:28 13 0.08375 -0.386875
2024_0412_08:47:41 13 0.103125 -0.016875
2024_0412_08:49:23 13 0.1625 -0.239375
2024_0412_08:49:31 13 -0.105625 -0.03375
2024_0412_08:49:34 13 0.050625 0.229375
2024_0412_08:49:35 13 0.109375 -0.219375
2024_0412_08:49:43 13 -0.198125 -0.025625
2024_0412_08:50:14 13 97.815625 97.285625
2024_0412_08:50:18 13 -0.148125 0.1775
2024_0412_08:50:31 13 -0.384375 0.066875
2024_0412_08:50:37 13 -3.82875 48.980625
2024_0412_08:50:58 13 -0.07875 -0.1825
2024_0412_08:51:46 13 0.53 -0.276875
2024_0412_08:54:42 13 97.48 97.53125
2024_0412_08:55:04 13 0.43 0.01375
2024_0412_08:55:09 13 97.115 96.1125
2024_0412_08:55:19 13 96.623125 89.725625
2024_0412_08:55:21 13 -0.4825 0.5925
2024_0412_08:57:03 13 -0.291875 0.218125
2024_0412_08:57:10 13 52.55 -52.47875
2024_0412_08:57:13 13 97.76125 97.661875
2024_0412_08:57:22 13 96.570625 97.268125
2024_0412_08:57:28 13 7.65375 26.175
2024_0412_08:57:52 13 96.45875 96.890625
2024_0412_08:58:02 13 -0.15 0.0525
2024_0412_08:58:17 13 0.094375 0.348125
2024_0412_08:58:18 13 98.236875 97.625625
2024_0412_08:58:38 13 97.624375 97.081875
2024_0412_08:59:31 13 -1.1925 1.909375
2024_0412_09:02:19 13 -33.363125 33.3525
2024_0412_09:02:46 13 96.2775 97.019375
2024_0412_09:02:51 13 -0.110625 0.0175
2024_0412_09:03:01 13 1.92 0.338125
2024_0412_09:03:06 13 -0.01625 47.69875
2024_0412_09:04:43 13 46.551875 46.593125
2024_0412_09:04:54 13 78.208125 78.03625
2024_0412_09:05:01 13 97.581875 97.425625
2024_0412_09:05:10 13 97.0475 97.70375
2024_0412_09:05:11 13 14.259375 14.490625
2024_0412_09:05:38 13 16.760625 17.079375
2024_0412_09:05:45 13 0.195 0.148125
2024_0412_09:06:00 13 0.0525 0.110625
2024_0412_09:06:08 13 97.34625 97.341875
2024_0412_09:06:16 13 -0.118125 -0.084375
2024_0412_09:07:34 13 19.22125 19.855625
2024_0412_09:10:00 13 11.22875 31.71875
2024_0412_09:10:31 13 97.650625 97.56125
2024_0412_09:10:35 13 98.146875 97.633125
2024_0412_09:10:42 13 20.05625 -19.940625
2024_0412_09:10:44 13 14.181875 13.8175
2024_0412_09:12:22 13 97.51625 97.624375
2024_0412_09:12:31 13 -0.318125 -0.919375
2024_0412_09:12:42 13 97.433125 97.905
2024_0412_09:12:50 13 -0.43375 0.70375
2024_0412_09:12:52 13 0.11625 0.1775
2024_0412_09:13:14 13 -0.186875 0.163125
2024_0412_09:13:24 13 -0.245625 0.140625
2024_0412_09:13:37 13 45.000625 -23.221875
2024_0412_09:13:52 13 0.331875 -0.229375
2024_0412_09:13:54 13 97.429375 97.448125
2024_0412_09:15:11 13 -0.263125 0.515
2024_0412_09:17:44 13 97.2825 96.958125
2024_0412_09:18:12 13 97.451875 97.183125
2024_0412_09:18:13 13 11.235625 -11.55125
2024_0412_09:18:20 13 99.99875 -49.999375
2024_0412_09:18:22 13 -0.2025 -0.02375
2024_0412_09:20:04 13 -49.99875 49.999375
2024_0412_09:20:13 14 -12.486875 14.268125
2024_0412_09:20:19 14 -0.135625 -0.1875
2024_0412_09:20:28 14 49.99875 -49.9975
2024_0412_09:20:34 14 97.66125 97.74625
2024_0412_09:20:54 14 0.230625 -0.34125
2024_0412_09:21:16 14 97.47625 97.491875
2024_0412_09:21:32 14 0.005625 0.32875
2024_0412_09:21:37 14 0.2675 -0.385625
2024_0412_09:23:02 14 15.783125 45.915625
2024_0412_09:23:03 14 -0.2775 0.08125
2024_0412_09:25:21 14 0.218125 -0.045
2024_0412_09:25:52 14 -0.30375 -0.2775
2024_0412_09:25:55 14 97.246875 97.213125
2024_0412_09:25:58 14 66.468125 63.825625
2024_0412_09:26:05 14 92.04375 83.783125
2024_0412_09:27:40 14 97.01875 47.18125
2024_0412_09:27:56 14 0.506875 0.346875
2024_0412_09:28:03 14 97.82375 97.67625
2024_0412_09:28:08 14 0.313125 0.19375
2024_0412_09:28:11 14 -0.145 0.415625
2024_0412_09:28:36 14 1.18 4.045
2024_0412_09:28:58 14 97.53875 92.2975
2024_0412_09:29:16 14 49.99875 -49.998125
2024_0412_09:29:25 14 0.553125 -0.270625
2024_0412_09:30:41 14 8.648125 17.06875
2024_0412_09:30:45 14 97.05875 97.339375
2024_0412_09:32:55 14 -0.39375 48.264375
2024_0412_09:33:28 14 -0.07625 -0.19
2024_0412_09:33:36 14 67.37625 87.71375
2024_0412_09:33:42 14 -0.22625 -0.416875
2024_0412_09:33:52 14 97.61125 97.525625
2024_0412_09:35:15 14 0.001875 -0.001875
2024_0412_09:35:33 14 8.05125 -8.645625
2024_0412_09:35:40 14 -0.305 -0.268125
2024_0412_09:35:51 14 96.871875 96.863125
2024_0412_09:35:52 14 97.666875 48.411875
2024_0412_09:36:08 14 0.025625 0.03625
2024_0412_09:36:36 14 10.231875 10.714375
2024_0412_09:36:54 14 9.74875 -9.81875
2024_0412_09:37:10 14 -0.025625 0.03625
2024_0412_09:38:23 14 -0.269375 0.07625
2024_0412_09:38:30 14 97.224375 97.4975
2024_0412_09:40:34 14 -20.5975 73.255625
2024_0412_09:41:08 14 -49.999375 -99.996875
2024_0412_09:41:08 14 -0.03875 0.25625
2024_0412_09:41:29 14 97.79625 97.6925
2024_0412_09:41:40 14 97.36875 97.3825
2024_0412_09:42:49 14 -16.320625 16.67875
2024_0412_09:43:15 14 -0.135 0.1725
2024_0412_09:43:20 14 97.74 97.838125
2024_0412_09:43:27 14 -10.28375 9.7575
2024_0412_09:43:32 14 98.0475 97.05375
2024_0412_09:43:44 14 97.31875 97.455
2024_0412_09:44:20 14 -10.09875 9.935
2024_0412_09:44:34 14 97.329375 40.48375
2024_0412_09:45:00 14 97.66125 97.623125
2024_0412_09:46:03 14 39.5775 40.12875
2024_0412_09:46:06 14 97.429375 97.485625
2024_0412_09:48:12 14 97.43875 97.32375
2024_0412_09:48:50 14 -0.06875 -0.155625
2024_0412_09:49:03 14 80.641875 83.5675
2024_0412_09:49:10 14 -0.201875 0.24125
2024_0412_09:49:21 14 0.35125 0.029375
2024_0412_09:50:30 14 18.02125 17.8425
2024_0412_09:51:01 14 0.028125 0.093125
2024_0412_09:51:01 14 97.120625 97.02875
2024_0412_09:51:02 14 -0.25875 0.0225
2024_0412_09:51:18 14 97.2075 96.835
2024_0412_09:51:33 14 0.015 0.095
2024_0412_09:51:58 14 0.418125 0.10125
2024_0412_09:52:12 14 0.879375 4.4825
2024_0412_09:52:45 14 57.8925 60.47875
2024_0412_09:53:41 14 -2.67125 2.321875
2024_0412_09:53:44 14 9.26 10.153125
2024_0412_09:55:53 14 96.94875 91.109375
2024_0412_09:56:27 14 97.608125 97.5025
2024_0412_09:56:35 14 -0.050625 0.364375
2024_0412_09:56:47 14 -20.189375 19.970625
2024_0412_09:57:00 14 0.005625 -0.025
2024_0412_09:58:11 14 97.15375 96.974375
2024_0412_09:58:35 14 99.99875 -49.999375
2024_0412_09:58:41 14 97.725 97.7175
2024_0412_09:58:45 14 -0.015625 -0.015625
2024_0412_09:58:55 14 0.26375 -0.08875
2024_0412_09:59:07 14 -0.385 -0.555625
2024_0412_09:59:32 14 -0.045 0.011875
2024_0412_09:59:47 14 96.7175 96.93375
2024_0412_10:01:18 14 11.89375 30.42625
2024_0412_10:01:20 14 0.163125 0.444375
2024_0412_10:03:34 14 96.875 97.2475
2024_0412_10:04:03 14 97.64 97.743125
2024_0412_10:04:10 14 0.129375 -0.01
2024_0412_10:04:22 14 -0.094375 0.160625
2024_0412_10:04:37 14 0.806875 -0.395
2024_0412_10:04:44 14 19.980625 46.565625
2024_0412_10:05:52 14 46.9825 97.535625
2024_0412_10:06:13 14 97.21625 91.275625
2024_0412_10:06:31 14 56.301875 49.395
2024_0412_10:06:33 14 -25.755 26.005625
2024_0412_10:06:37 14 47.819375 1.961875
2024_0412_10:06:44 14 2.235625 -0.46875
2024_0412_10:07:08 14 -0.23625 -0.06
2024_0412_10:07:34 14 97.003125 97.27875
2024_0412_10:09:01 14 90.39125 96.245
2024_0412_10:09:03 14 -0.280625 96.0425
2024_0412_10:11:08 14 43.271875 2.199375
2024_0412_10:11:36 14 -0.039375 -0.086875
2024_0412_10:11:49 14 0.170625 1.035
2024_0412_10:11:56 14 59.93625 -60.046875
2024_0412_10:12:13 14 97.975625 96.696875
2024_0412_10:12:21 14 0.021875 0.046875
2024_0412_10:13:32 14 77.4725 77.641875
2024_0412_10:13:48 14 26.039375 79.066875
2024_0412_10:14:12 14 97.125 97.210625
2024_0412_10:14:17 14 98.0075 40.73875
2024_0412_10:14:20 14 -0.21875 0.166875
2024_0412_10:14:47 14 -0.739375 -0.460625
2024_0412_10:15:16 14 0.21375 -0.485625
2024_0412_10:16:36 14 97.206875 97.154375
2024_0412_10:16:39 14 97.2475 97.128125
2024_0412_10:17:11 14 0.06625 0.169375
2024_0412_10:18:55 14 -5.94 16.4825
2024_0412_10:19:13 14 -0.225625 -0.164375
2024_0412_10:19:23 14 -0.106875 -0.299375
2024_0412_10:19:37 14 97.2625 97.7525
2024_0412_10:19:53 14 -0.88875 18.74375
2024_0412_10:20:01 14 96.849375 49.051875
2024_0412_10:21:09 14 97.310625 96.77875
2024_0412_10:21:25 14 49.5525 -43.080625
2024_0412_10:21:51 14 97.736875 97.945
2024_0412_10:21:57 14 97.69125 97.725
2024_0412_10:21:59 14 96.9975 96.781875
2024_0412_10:22:26 14 98.154375 97.793125
2024_0412_10:22:55 14 0.2975 -0.355
2024_0412_10:24:15 14 -2.258125 49.973125
2024_0412_10:24:20 14 -36.105625 35.955625
2024_0412_10:24:49 14 -0.06625 -0.003125
2024_0412_10:26:42 14 24.845625 17.97625
2024_0412_10:26:51 14 97.424375 97.265
2024_0412_10:27:00 14 1.6525 -0.0675
2024_0412_10:27:20 14 48.025625 47.816875
2024_0412_10:27:36 14 -0.251875 0.290625
2024_0412_10:27:49 14 46.164375 46.29375
2024_0412_10:28:49 14 96.941875 97.174375
2024_0412_10:29:03 14 97.311875 97.19375
2024_0412_10:29:38 14 -33.4375 33.335625
2024_0412_10:29:40 14 97.22875 96.816875
2024_0412_10:29:43 14 48.523125 -1.035
2024_0412_10:30:05 14 -0.24 -0.055625
2024_0412_10:30:34 14 42.2575 -0.90875
2024_0412_10:31:52 14 -8.175 8.3
2024_0412_10:32:05 14 71.115625 -5.075625
2024_0412_10:32:25 14 -99.99875 -99.9975
2024_0412_10:34:21 14 97.323125 97.146875
2024_0412_10:34:33 14 -0.135 0.383125
2024_0412_10:34:59 14 4.305 20.586875
2024_0412_10:35:16 14 97.069375 97.483125
2024_0412_10:35:28 14 0.133125 0.1925
2024_0412_10:36:44 14 97.005625 95.50625
2024_0412_10:36:48 14 97.58375 97.55375
2024_0412_10:37:17 14 97.0925 97.14125
2024_0412_10:37:22 14 -0.13875 0.07625
2024_0412_10:37:25 14 -0.96375 -0.034375
2024_0412_10:37:45 14 0.293125 -0.07625
2024_0412_10:38:12 14 0.730625 -0.0875
2024_0412_10:39:33 14 -0.045 0.551875
2024_0412_10:39:40 14 97.793125 97.45625
2024_0412_10:39:43 14 97.02875 97.82625
2024_0412_10:40:03 14 -10.5975 9.575625
2024_0412_10:42:00 14 97.08625 96.8
2024_0412_10:42:16 14 81.4525 81.39625
2024_0412_10:42:40 14 0.315 -0.825
2024_0412_10:42:55 14 0.21375 -0.11375
2024_0412_10:43:05 14 96.699375 97.044375
2024_0412_10:44:22 14 -0.250625 -0.1275
2024_0412_10:44:24 14 97.1575 97.048125
2024_0412_10:44:56 14 96.233125 96.744375
2024_0412_10:45:02 14 97.590625 97.571875
2024_0412_10:45:09 14 -3.1975 45.823125
2024_0412_10:45:22 14 -0.89 12.450625
2024_0412_10:45:49 14 0.175625 -0.418125
2024_0412_10:47:11 15 36.645625 10.714375
2024_0412_10:47:17 15 27.19625 27.803125
2024_0412_10:47:28 15 0.77 0.305625
2024_0412_10:47:55 15 96.755 97.56125
2024_0412_10:49:36 15 97.1475 95.705625
2024_0412_10:50:07 15 97.118125 97.570625
2024_0412_10:50:16 15 30.07 1.476875
2024_0412_10:50:27 15 0.293125 -0.163125
2024_0412_10:52:17 15 -0.015 0.338125
2024_0412_10:52:33 15 -0.369375 0.22125
2024_0412_10:52:35 15 10.389375 -10.13125
2024_0412_10:52:45 15 90.1 89.864375
2024_0412_10:52:57 15 -0.074375 0.26
2024_0412_10:53:26 15 97.125625 97.031875
2024_0412_10:54:03 15 97.015 73.209375
2024_0412_10:54:52 15 -0.14125 -0.115
2024_0412_10:55:04 15 47.9675 -17.53
2024_0412_10:55:04 15 18.439375 18.311875
2024_0412_10:55:43 15 22.1775 98.06
2024_0412_10:56:47 15 12.588125 -12.115
2024_0412_10:57:18 15 32.191875 -18.61125
2024_0412_10:57:56 15 97.149375 96.949375
2024_0412_10:57:59 15 -14.84 11.4125
2024_0412_10:58:06 15 97.28375 97.318125
2024_0412_10:59:58 15 0.50875 -0.104375
2024_0412_11:00:09 15 -0.270625 -0.123125
2024_0412_11:00:12 15 95.76625 95.0775
2024_0412_11:00:27 15 97.700625 97.751875
2024_0412_11:00:36 15 87.749375 58.36625
2024_0412_11:01:03 15 44.026875 -3.733125
2024_0412_11:01:39 15 98.261875 48.309375
2024_0412_11:02:33 15 97.825 97.011875
2024_0412_11:02:49 15 97.5675 97.809375
2024_0412_11:03:01 15 0.371875 -0.26375
2024_0412_11:03:31 15 8.359375 -8.220625
2024_0412_11:04:59 15 96.856875 96.983125
2024_0412_11:05:32 15 -7.64875 7.97125
2024_0412_11:05:39 15 10.73625 -4.725625
2024_0412_11:05:43 15 0.4325 -0.22875
2024_0412_11:07:35 15 0.375625 0.1275
2024_0412_11:07:47 15 95.33375 98.6375
2024_0412_11:07:58 15 96.99625 96.884375
2024_0412_11:08:04 15 97.581875 97.586875
2024_0412_11:08:17 15 97.245625 93.829375
2024_0412_11:08:41 15 96.4925 97.19
2024_0412_11:09:25 15 97.760625 98.27
2024_0412_11:09:50 15 97.080625 97.224375
2024_0412_11:10:12 15 98.223125 97.833125
2024_0412_11:10:30 15 97.68 97.73
2024_0412_11:10:31 15 -0.214375 0.031875
2024_0412_11:11:15 15 0.9875 1.04625
2024_0412_11:12:46 15 34.33875 34.641875
2024_0412_11:13:14 15 -4.19875 4.161875
2024_0412_11:13:15 15 16.605625 16.18
2024_0412_11:13:20 15 77.393125 77.675625
2024_0412_11:15:14 15 3.105 -2.076875
2024_0412_11:15:24 15 -0.165625 0.1175
2024_0412_11:15:36 15 97.003125 48.585625
2024_0412_11:15:51 15 96.30125 97.21
2024_0412_11:15:54 15 0.255625 2.65
2024_0412_11:16:30 15 49.0525 49.174375
2024_0412_11:17:03 15 -1.14375 48.681875
2024_0412_11:18:04 15 0.255 0.439375
2024_0412_11:18:09 15 13.443125 14.33625
2024_0412_11:18:30 15 94.85 98.11625
2024_0412_11:19:00 15 -9.9925 9.91875
2024_0412_11:20:29 15 97.19 48.7375
2024_0412_11:20:49 15 -0.198125 0.31
2024_0412_11:20:51 15 0.044375 0.44
2024_0412_11:20:57 15 23.03625 23.4275
2024_0412_11:21:54 15 -49.999375 -49.999375
2024_0412_11:22:53 15 97.251875 97.231875
2024_0412_11:23:08 15 0.08625 0.118125
2024_0412_11:23:14 15 -0.00375 0.00375
2024_0412_11:23:28 15 -99.99625 99.99625
2024_0412_11:24:08 15 0.399375 0.264375
2024_0412_11:24:42 15 -0.288125 1.45
2024_0412_11:25:48 15 -1.073125 49.704375
2024_0412_11:25:52 15 96.224375 96.9125
2024_0412_11:26:09 15 97.3225 97.23875
2024_0412_11:26:39 15 41.108125 36.974375
2024_0412_11:28:10 15 48.239375 98.158125
2024_0412_11:28:28 15 47.915 47.6675
2024_0412_11:28:31 15 97.683125 97.64
2024_0412_11:28:54 15 -0.05625 -0.003125
2024_0412_11:29:31 15 -0.179375 -0.181875
2024_0412_11:29:51 15 97.578125 97.554375
2024_0412_11:30:37 15 -10.124375 10.76875
2024_0412_11:30:52 15 -49.999375 49.998125
2024_0412_11:30:52 15 97.196875 97.291875
2024_0412_11:31:11 15 -0.183125 -0.055625
2024_0412_11:31:47 15 0.33375 0.15375
2024_0412_11:32:19 15 97.106875 97.036875
2024_0412_11:33:25 15 -13.193125 48.026875
2024_0412_11:33:38 15 -0.160625 0.53125
2024_0412_11:33:48 15 97.9875 98.1725
2024_0412_11:34:13 15 -0.643125 0.655
2024_0412_11:35:50 15 12.396875 -12.449375
2024_0412_11:36:05 15 0.2425 0.22
2024_0412_11:36:17 15 97.90125 97.26625
2024_0412_11:36:40 15 96.450625 97.266875
2024_0412_11:37:05 15 0.268125 -0.115
2024_0412_11:37:26 15 0.123125 0.40875
2024_0412_11:38:21 15 -0.545 47.3175
2024_0412_11:38:29 15 -0.1925 -0.138125
2024_0412_11:38:33 15 77.395 77.648125
2024_0412_11:38:47 15 -15.855 64.728125
2024_0412_11:39:38 15 0.915 1.578125
2024_0412_11:40:05 15 71.961875 97.29875
2024_0412_11:41:05 15 99.9975 100.0
2024_0412_11:41:16 15 44.2775 44.836875
2024_0412_11:41:49 15 36.5525 36.045625
2024_0412_11:41:57 15 75.680625 76.408125
2024_0412_11:43:24 15 0.025625 -0.251875
2024_0412_11:43:38 15 49.99875 -99.9975
2024_0412_11:43:50 15 -0.0025 -0.09875
2024_0412_11:44:19 15 99.20625 -33.475
2024_0412_11:44:44 15 -0.018125 0.008125
2024_0412_11:44:58 15 -0.320625 0.280625
2024_0412_11:46:02 15 97.311875 95.093125
2024_0412_11:46:04 15 1.79125 1.49375
2024_0412_11:46:07 15 97.085625 97.03625
2024_0412_11:46:20 15 97.22625 97.30875
2024_0412_11:47:24 15 32.535625 47.69375
2024_0412_11:47:37 15 96.395625 97.2025
2024_0412_11:48:42 15 82.6975 87.685
2024_0412_11:48:43 15 97.40375 89.490625
2024_0412_11:49:17 15 -0.0325 -0.23875
2024_0412_11:49:28 15 1.47125 2.165625
2024_0412_11:50:59 15 6.143125 -5.74625
2024_0412_11:51:04 15 -0.003125 0.003125
2024_0412_11:51:14 15 33.238125 -33.305
2024_0412_11:51:47 15 27.348125 -27.26125
2024_0412_11:52:06 15 -16.633125 16.925625
2024_0412_11:52:25 15 97.298125 96.64375
2024_0412_11:53:26 15 5.60875 -5.719375
2024_0412_11:53:32 15 97.578125 97.27
2024_0412_11:53:48 15 97.9825 97.4025
2024_0412_11:54:27 15 -0.440625 -0.070625
2024_0412_11:54:50 15 -10.19875 9.674375
2024_0412_11:55:12 15 -0.146875 -0.11
2024_0412_11:56:04 15 -0.183125 -0.19
2024_0412_11:56:08 15 95.9425 97.2575
2024_0412_11:56:37 15 0.481875 0.1025
2024_0412_11:56:50 15 -9.84625 9.930625
2024_0412_11:58:15 15 0.225625 -0.07
2024_0412_11:58:27 15 48.3975 96.84625
2024_0412_11:58:53 15 41.740625 12.58125
2024_0412_11:59:14 15 97.619375 97.305
2024_0412_11:59:50 15 48.3075 -0.25
2024_0412_12:00:52 15 97.11375 95.866875
2024_0412_12:00:56 15 97.76875 97.79875
2024_0412_12:01:26 15 -0.203125 -0.315625
2024_0412_12:01:48 15 0.014375 -0.10875
2024_0412_12:02:23 15 14.095625 14.1075
2024_0412_12:02:43 15 97.324375 97.140625
2024_0412_12:03:24 15 -19.656875 19.695
2024_0412_12:03:43 15 -0.219375 -0.224375
2024_0412_12:03:57 15 17.94625 17.945625
2024_0412_12:04:07 15 -0.185 -0.16
2024_0412_12:04:14 15 0.110625 -0.293125
2024_0412_12:05:47 15 91.41 97.388125
2024_0412_12:05:55 15 -0.304375 -0.12375
2024_0412_12:06:22 15 96.794375 97.474375
2024_0412_12:06:38 15 0.07 0.26875
2024_0412_12:07:11 15 0.61875 -0.279375
2024_0412_12:08:20 15 6.565 -6.899375
2024_0412_12:08:25 15 97.583125 97.5475
2024_0412_12:08:47 15 0.23125 -0.125625
2024_0412_12:09:09 15 49.999375 99.9975
2024_0412_12:09:48 15 2.705 -2.95125
2024_0412_12:10:28 16 -0.085 0.32125
2024_0412_12:10:48 16 19.846875 -19.8225
2024_0412_12:11:11 16 0.139375 -0.16
2024_0412_12:11:27 16 -10.41125 9.945
2024_0412_12:11:28 16 47.289375 -0.43875
2024_0412_12:11:40 16 98.00875 97.8675
2024_0412_12:13:11 16 19.185 -18.769375
2024_0412_12:13:28 16 96.85875 97.244375
2024_0412_12:14:04 16 65.114375 -5.424375
2024_0412_12:14:34 16 18.89 -18.9975
2024_0412_12:15:38 16 97.56375 97.356875
2024_0412_12:15:51 16 96.818125 96.62125
2024_0412_12:15:51 16 67.154375 95.955625
2024_0412_12:16:17 16 50.904375 50.861875
2024_0412_12:16:39 16 -0.08125 0.5675
2024_0412_12:17:14 16 16.506875 -16.639375
2024_0412_12:17:52 16 64.294375 64.653125
2024_0412_12:18:15 16 98.284375 97.650625
2024_0412_12:18:41 16 0.32875 -0.325625
2024_0412_12:18:51 16 -0.115 0.088125
2024_0412_12:19:02 16 98.246875 97.794375
2024_0412_12:19:03 16 0.1325 -0.075625
2024_0412_12:20:36 16 47.160625 97.409375
2024_0412_12:21:03 16 96.4275 97.15875
2024_0412_12:21:27 16 97.288125 97.03875
2024_0412_12:22:19 16 -0.4625 -0.13125
2024_0412_12:22:58 16 17.11375 -16.630625
2024_0412_12:23:18 16 97.865625 97.736875
2024_0412_12:23:19 16 16.5675 -16.479375
2024_0412_12:23:41 16 -30.598125 65.79125
2024_0412_12:24:06 16 97.27 96.848125
2024_0412_12:24:39 16 -7.265625 6.930625
2024_0412_12:25:21 16 -0.243125 0.416875
2024_0412_12:25:44 16 0.19875 0.148125
2024_0412_12:26:11 16 0.086875 0.19375
2024_0412_12:26:20 16 -0.05875 0.16125
2024_0412_12:26:28 16 4.579375 -5.951875
2024_0412_12:26:38 16 0.09 -0.02
2024_0412_12:27:57 16 97.760625 96.840625
2024_0412_12:28:28 16 0.196875 0.3875
2024_0412_12:28:52 16 97.5725 55.376875
2024_0412_12:29:41 16 15.841875 15.476875
2024_0412_12:30:24 16 0.17875 0.21625
2024_0412_12:30:43 16 78.0675 78.01125
2024_0412_12:30:50 16 97.696875 97.79625
2024_0412_12:31:17 16 -0.453125 29.01
2024_0412_12:31:29 16 96.85625 97.13625
2024_0412_12:31:59 16 0.33125 1.68875
2024_0412_12:32:44 16 0.073125 0.016875
2024_0412_12:33:17 16 97.5125 95.564375
2024_0412_12:33:37 16 77.975625 77.48
2024_0412_12:33:47 16 97.43125 96.541875
2024_0412_12:33:52 16 -0.226875 0.544375
2024_0412_12:34:02 16 0.25625 0.090625
2024_0412_12:35:22 16 97.86625 97.56625
2024_0412_12:35:58 16 -10.008125 9.9675
2024_0412_12:36:30 16 80.43625 43.63375
2024_0412_12:37:06 16 97.5275 97.054375
2024_0412_12:37:46 16 97.455 97.516875
2024_0412_12:38:08 16 69.7525 53.668125
2024_0412_12:38:14 16 37.82 91.345625
2024_0412_12:38:50 16 -0.180625 -0.22125
2024_0412_12:38:51 16 -0.035625 -0.076875
2024_0412_12:39:24 16 43.020625 12.0375
2024_0412_12:40:08 16 48.073125 98.096875
2024_0412_12:40:41 16 98.015 98.01625
2024_0412_12:40:57 16 33.46125 -12.6125
2024_0412_12:41:08 16 25.0 -23.4475
2024_0412_12:41:15 16 29.965 30.094375
2024_0412_12:41:36 16 97.90625 97.69375
2024_0412_12:43:26 16 97.791875 97.71
2024_0412_12:44:02 16 97.096875 97.281875
2024_0412_12:44:34 16 48.025625 98.190625
2024_0412_12:45:30 16 98.275 97.839375
2024_0412_12:45:32 16 -0.1575 -0.04
2024_0412_12:45:41 16 97.49625 96.60125
2024_0412_12:45:55 16 -3.361875 28.9325
2024_0412_12:46:14 16 -0.090625 -0.01625
2024_0412_12:46:37 16 98.434375 97.720625
2024_0412_12:46:48 16 97.23 97.606875
2024_0412_12:47:43 16 97.639375 97.654375
2024_0412_12:48:14 16 10.07875 -10.124375
2024_0412_12:48:21 16 -0.646875 0.24625
2024_0412_12:48:34 16 -49.999375 -49.99875
2024_0412_12:48:46 16 -0.211875 -0.308125
2024_0412_12:50:56 16 -0.029375 0.238125
2024_0412_12:51:35 16 0.089375 0.2925
2024_0412_12:53:10 16 96.5675 49.611875
2024_0412_12:53:20 16 -8.196875 8.53125
2024_0412_12:53:32 16 -17.029375 16.365625
2024_0412_12:53:54 16 -99.99875 49.999375
2024_0412_12:54:22 16 97.049375 96.41875
2024_0412_12:54:51 16 79.805 33.83375
2024_0412_12:54:57 16 97.974375 98.035
2024_0412_12:55:51 16 1.298125 0.473125
2024_0412_12:56:03 16 25.031875 25.901875
2024_0412_12:56:13 16 97.10375 97.37875
2024_0412_12:56:27 16 0.11 0.221875
2024_0412_12:56:39 16 61.6425 61.733125
2024_0412_12:57:07 16 0.36 -0.33125
2024_0412_12:58:10 16 14.074375 -5.868125
2024_0412_12:58:49 16 15.870625 -0.935625
2024_0412_12:59:22 16 49.999375 -49.999375
2024_0412_13:01:06 16 0.1875 -0.395
2024_0412_13:01:16 16 16.741875 17.55625
2024_0412_13:01:42 16 49.33125 96.675625
2024_0412_13:02:14 16 1.693125 1.693125
2024_0412_13:02:34 16 49.999375 -49.999375
2024_0412_13:02:46 16 0.06875 47.573125
2024_0412_13:03:36 16 97.614375 97.63625
2024_0412_13:04:03 16 39.455625 -30.831875
2024_0412_13:04:05 16 97.728125 97.580625
2024_0412_13:04:23 16 80.596875 80.995
2024_0412_13:04:30 16 51.184375 -5.395
2024_0412_13:06:04 16 0.22 -0.406875
2024_0412_13:06:35 16 0.0475 0.144375
2024_0412_13:07:10 16 -9.59 28.223125
2024_0412_13:07:18 16 -0.104375 0.2925
2024_0412_13:08:51 16 0.646875 -0.2425
2024_0412_13:08:54 16 -0.0275 0.2125
2024_0412_13:09:03 16 0.378125 0.155
2024_0412_13:09:36 16 97.72375 97.713125
2024_0412_13:10:05 16 2.083125 3.31125
2024_0412_13:10:25 16 0.318125 0.205625
2024_0412_13:10:45 16 98.2575 97.785
2024_0412_13:11:25 16 97.25875 97.71
2024_0412_13:11:54 16 77.86625 77.850625
2024_0412_13:12:10 16 -9.7625 10.12
2024_0412_13:12:23 16 -0.180625 -0.2
2024_0412_13:13:58 16 13.500625 -8.825
2024_0412_13:14:27 16 -0.40625 -0.361875
2024_0412_13:15:00 16 0.331875 0.73875
2024_0412_13:15:10 16 97.35375 97.2925
2024_0412_13:15:52 16 -11.509375 11.279375
2024_0412_13:16:39 16 0.088125 -0.228125
2024_0412_13:16:52 16 1.945625 7.34125
2024_0412_13:17:11 16 0.545 1.041875
2024_0412_13:17:25 17 -0.165625 0.25375
2024_0412_13:17:58 17 96.95 97.6975
2024_0412_13:18:24 17 97.73 97.684375
2024_0412_13:18:33 17 0.47125 1.22875
2024_0412_13:19:15 17 -20.024375 46.004375
2024_0412_13:19:59 17 90.15 97.213125
2024_0412_13:20:05 17 97.37375 97.52375
2024_0412_13:20:20 17 97.575625 97.229375
2024_0412_13:21:49 17 25.6725 57.5675
2024_0412_13:22:18 17 -0.189375 -0.0575
2024_0412_13:22:55 17 61.025 48.229375
2024_0412_13:23:38 17 0.001875 0.11625
2024_0412_13:23:49 17 0.195625 0.305625
2024_0412_13:24:24 17 14.785 7.115625
2024_0412_13:24:54 17 0.171875 -0.34
2024_0412_13:25:09 17 97.03125 97.231875
2024_0412_13:25:17 17 22.18625 23.44375
2024_0412_13:25:58 17 0.14375 -0.288125
2024_0412_13:26:12 17 40.021875 -40.1125
2024_0412_13:26:24 17 97.6175 97.671875
2024_0412_13:27:06 17 0.14375 0.183125
2024_0412_13:27:55 17 0.225 -0.208125
2024_0412_13:28:03 17 5.82875 -2.48875
2024_0412_13:28:11 17 97.555625 97.49
2024_0412_13:29:39 17 -0.08125 0.355
2024_0412_13:30:12 17 48.8875 49.03625
2024_0412_13:30:48 17 15.62 61.370625
2024_0412_13:31:38 17 -0.21 -0.244375
2024_0412_13:31:41 17 -6.013125 6.071875
2024_0412_13:32:19 17 -49.9325 49.8925
2024_0412_13:32:43 17 -10.94 65.455625
2024_0412_13:32:59 17 9.396875 25.091875
2024_0412_13:33:08 17 17.234375 17.416875
2024_0412_13:33:55 17 40.056875 -40.025
2024_0412_13:33:59 17 95.475 96.89875
2024_0412_13:34:19 17 58.298125 87.209375
2024_0412_13:35:00 17 23.345 11.664375
2024_0412_13:35:47 17 -0.0675 -0.406875
2024_0412_13:36:02 17 81.6275 81.114375
2024_0412_13:36:14 17 96.415625 96.711875
2024_0412_13:37:36 17 43.97625 47.865
2024_0412_13:38:07 17 97.61375 97.73375
2024_0412_13:38:45 17 -6.529375 7.01125
2024_0412_13:39:35 17 76.40625 76.62375
2024_0412_13:39:36 17 97.403125 93.879375
2024_0412_13:40:36 17 97.72125 97.781875
2024_0412_13:40:43 17 0.4 0.011875
2024_0412_13:40:44 17 96.49 71.7475
2024_0412_13:40:58 17 96.99375 96.995625
2024_0412_13:41:42 17 -4.6175 34.760625
2024_0412_13:41:55 17 77.78875 77.655625
2024_0412_13:42:09 17 14.494375 -6.32375
2024_0412_13:42:48 17 31.98875 32.02875
2024_0412_13:43:32 17 0.08625 -0.49625
2024_0412_13:43:49 17 97.554375 97.86625
2024_0412_13:44:09 17 -0.65375 -0.203125
2024_0412_13:45:31 17 -8.84125 45.300625
2024_0412_13:46:37 17 73.169375 96.333125
2024_0412_13:46:38 17 97.253125 97.3825
2024_0412_13:47:25 17 10.09125 -9.8
2024_0412_13:48:29 17 2.33875 -3.125
2024_0412_13:48:32 17 0.024375 -0.153125
2024_0412_13:48:46 17 77.6125 77.83625
2024_0412_13:48:55 17 45.166875 44.64875
2024_0412_13:49:59 17 43.83625 33.345
2024_0412_13:50:02 17 97.780625 97.600625
2024_0412_13:50:04 17 -100.0 -49.99625
2024_0412_13:50:51 17 96.6075 98.081875
2024_0412_13:51:33 17 97.748125 97.340625
2024_0412_13:51:42 17 0.3775 0.0375
2024_0412_13:51:54 17 -5.966875 11.8775
2024_0412_13:52:27 17 25.54 6.154375
2024_0412_13:53:46 17 0.0325 -0.02625
2024_0412_13:54:46 17 12.3725 8.915625
2024_0412_13:55:33 17 97.2875 79.87125
2024_0412_13:56:43 17 77.9775 77.9625
2024_0412_13:56:54 17 37.37 22.443125
2024_0412_13:57:02 17 -0.1 -0.024375
2024_0412_13:58:07 17 -0.3175 -0.005
2024_0412_13:58:15 17 1.529375 -0.328125
2024_0412_13:58:26 17 76.745625 76.896875
2024_0412_13:59:01 17 -20.123125 20.245
2024_0412_13:59:41 17 -0.2825 0.118125
2024_0412_13:59:52 17 96.95375 86.690625
2024_0412_14:00:27 17 -0.39625 0.101875
2024_0412_14:00:50 17 97.266875 97.150625
2024_0412_14:01:01 17 96.8925 97.841875
2024_0412_14:01:53 17 15.581875 8.208125
2024_0412_14:02:30 17 10.1575 -9.990625
2024_0412_14:02:57 17 -6.6 7.051875
2024_0412_14:03:38 17 -1.425 -1.09125
2024_0412_14:04:58 17 -8.54125 8.019375
2024_0412_14:05:07 17 13.06 -12.425
2024_0412_14:05:10 17 0.156875 -0.050625
2024_0412_14:06:17 17 97.714375 97.68375
2024_0412_14:06:23 17 -4.613125 4.675625
2024_0412_14:06:32 17 2.016875 1.6025
2024_0412_14:07:08 17 -0.17 -0.15
2024_0412_14:07:51 17 -0.1725 0.1175
2024_0412_14:08:01 17 67.05875 87.580625
2024_0412_14:08:36 17 97.255625 97.33375
2024_0412_14:09:04 17 -9.125625 32.20375
2024_0412_14:09:06 17 -0.103125 -0.5775
2024_0412_14:10:01 17 0.14625 -0.09625
2024_0412_14:10:40 17 -24.92375 25.2125
2024_0412_14:11:08 17 97.066875 97.0275
2024_0412_14:13:05 17 -0.111875 -0.195
2024_0412_14:13:10 17 -0.1575 0.066875
2024_0412_14:13:11 17 -0.54125 0.199375
2024_0412_14:14:19 17 53.69 53.34875
2024_0412_14:14:37 17 -10.295 10.090625
2024_0412_14:15:11 17 0.723125 -0.145625
2024_0412_14:16:05 17 -0.474375 -0.381875
2024_0412_14:16:20 17 26.703125 47.235625
2024_0412_14:17:04 17 21.1875 21.92375
2024_0412_14:17:12 17 97.295 97.203125
2024_0412_14:17:17 17 -21.331875 19.51
2024_0412_14:17:24 17 0.168125 0.445
2024_0412_14:18:05 17 -0.023125 -0.6375
2024_0412_14:18:40 17 -0.11875 -0.171875
2024_0412_14:19:28 17 0.126875 0.21625
2024_0412_14:21:12 17 97.655625 97.66875
2024_0412_14:21:20 17 0.175 0.45
2024_0412_14:21:42 17 -0.1175 0.248125
2024_0412_14:22:27 17 16.433125 16.29
2024_0412_14:22:31 17 -0.070625 0.12125
2024_0412_14:22:44 17 95.883125 97.0675
2024_0412_14:23:12 17 0.318125 0.225
2024_0412_14:24:11 17 46.984375 19.5825
2024_0412_14:25:04 17 0.09125 -0.3375
2024_0412_14:25:25 17 97.343125 46.569375
2024_0412_14:25:27 17 -2.58375 2.115
2024_0412_14:25:28 17 5.7675 -2.818125
2024_0412_14:25:39 17 -0.32875 0.090625
2024_0412_14:26:13 17 94.709375 94.62
2024_0412_14:27:41 17 23.82125 3.488125
2024_0412_14:29:18 17 12.933125 -9.709375
2024_0412_14:29:30 17 41.155625 -39.765625
2024_0412_14:29:59 17 97.498125 97.910625
2024_0412_14:30:34 17 96.384375 97.433125
2024_0412_14:30:40 17 -1.14875 4.606875
2024_0412_14:30:58 17 16.10375 -4.809375
2024_0412_14:31:16 17 -0.079375 0.065
2024_0412_14:32:19 17 38.825 51.5575
2024_0412_14:33:18 17 -10.16875 17.785
2024_0412_14:33:34 17 0.214375 -0.165625
2024_0412_14:33:39 17 89.16875 96.69
2024_0412_14:33:42 18 29.34875 -17.676875
2024_0412_14:34:22 18 98.11125 47.971875
2024_0412_14:35:51 18 92.173125 92.381875
2024_0412_14:36:02 18 36.609375 -0.896875
2024_0412_14:36:46 18 4.14875 23.988125
2024_0412_14:37:32 18 0.15875 0.110625
2024_0412_14:37:37 18 -0.844375 0.45
2024_0412_14:38:19 18 36.603125 38.863125
2024_0412_14:39:01 18 -0.098125 0.1025
2024_0412_14:39:05 18 24.10625 29.924375
2024_0412_14:39:14 18 97.7375 97.7075
2024_0412_14:39:30 18 81.345625 90.81625
2024_0412_14:40:34 18 -7.893125 44.0925
2024_0412_14:41:32 18 18.57125 -0.14
2024_0412_14:41:39 18 -0.0325 0.688125
2024_0412_14:41:47 18 96.323125 96.6575
2024_0412_14:42:09 18 77.038125 62.67625
2024_0412_14:42:28 18 -0.26625 -0.070625
2024_0412_14:43:59 18 98.2975 97.67375
2024_0412_14:44:12 18 0.106875 0.124375
2024_0412_14:44:49 18 97.275625 97.3675
2024_0412_14:45:43 18 -10.223125 13.80875
2024_0412_14:45:54 18 -0.463125 0.03125
2024_0412_14:46:24 18 -9.839375 10.02625
2024_0412_14:47:21 18 96.865 97.064375
2024_0412_14:47:24 18 -0.40375 0.00125
2024_0412_14:47:35 18 -0.25375 0.5025
2024_0412_14:47:47 18 97.329375 97.440625
2024_0412_14:48:44 18 19.114375 -9.81375
2024_0412_14:49:44 18 -0.009375 0.246875
2024_0412_14:49:56 18 22.38125 23.563125
2024_0412_14:50:01 18 97.195625 96.7225
2024_0412_14:50:17 18 -8.809375 12.053125
2024_0412_14:50:33 18 0.12 0.056875
2024_0412_14:52:05 18 66.074375 6.41625
2024_0412_14:52:48 18 97.508125 97.57125
2024_0412_14:53:49 18 14.130625 14.7075
2024_0412_14:54:09 18 0.001875 0.495625
2024_0412_14:54:21 18 17.65125 11.70625
2024_0412_14:55:19 18 42.2825 42.439375
2024_0412_14:55:29 18 -0.011875 0.055
2024_0412_14:55:35 18 0.165625 -0.066875
2024_0412_14:55:50 18 97.705625 97.74375
2024_0412_14:56:39 18 52.108125 51.77
2024_0412_14:57:48 18 97.926875 97.88125
2024_0412_14:57:51 18 -0.073125 -0.00125
2024_0412_14:58:04 18 16.703125 -1.190625
2024_0412_14:58:07 18 -3.044375 35.365625
2024_0412_14:58:18 18 0.28875 0.130625
2024_0412_14:58:34 18 39.77875 36.374375
2024_0412_15:00:17 18 9.835 34.141875
2024_0412_15:00:57 18 0.014375 -0.050625
2024_0412_15:01:59 18 89.166875 63.375625
2024_0412_15:02:19 18 -26.346875 49.67125
2024_0412_15:02:27 18 -8.08875 28.2675
2024_0412_15:03:27 18 41.81875 37.12
2024_0412_15:03:33 18 99.999375 -99.999375
2024_0412_15:04:07 18 0.005 -0.00125
2024_0412_15:04:49 18 0.11875 -0.276875
2024_0412_15:05:41 18 -36.386875 38.945
2024_0412_15:05:57 18 96.585 96.766875
2024_0412_15:05:57 18 98.05125 96.243125
2024_0412_15:06:06 18 0.0875 -0.399375
2024_0412_15:06:22 18 27.873125 41.91125
2024_0412_15:06:22 18 87.643125 67.345
2024_0412_15:06:41 18 97.32625 97.400625
2024_0412_15:08:47 18 95.8075 59.46375
2024_0412_15:09:08 18 34.949375 74.85875
2024_0412_15:10:18 18 -19.975625 20.23375
2024_0412_15:10:28 18 -12.210625 12.28
2024_0412_15:10:29 18 -0.181875 0.3675
2024_0412_15:11:40 18 97.698125 97.63
2024_0412_15:12:11 18 48.5225 98.78625
2024_0412_15:12:52 18 97.834375 97.76
2024_0412_15:14:03 18 -0.050625 0.05875
2024_0412_15:14:07 18 0.640625 1.415625
2024_0412_15:14:13 18 97.76625 97.703125
2024_0412_15:14:25 18 -12.5475 12.594375
2024_0412_15:14:25 18 15.7825 15.94625
2024_0412_15:15:02 18 96.75375 93.934375
2024_0412_15:16:51 18 15.20125 14.14
2024_0412_15:17:26 18 1.049375 1.6225
2024_0412_15:18:23 18 96.86375 97.035625
2024_0412_15:18:30 18 -2.15 2.268125
2024_0412_15:18:32 18 -9.410625 23.918125
2024_0412_15:18:40 18 0.0175 -0.28375
2024_0412_15:20:02 18 0.0 99.99875
2024_0412_15:20:23 18 97.27625 97.433125
2024_0412_15:21:03 18 96.995625 97.10625
2024_0412_15:21:34 18 82.025625 82.10375
2024_0412_15:22:12 18 45.381875 -0.545625
2024_0412_15:22:19 18 0.0 0.199375
2024_0412_15:22:23 18 97.814375 97.59875
2024_0412_15:22:34 18 -7.58125 44.0475
2024_0412_15:23:04 18 -0.483125 6.1825
2024_0412_15:23:36 18 28.031875 11.794375
2024_0412_15:24:57 18 0.021875 0.458125
2024_0412_15:25:36 18 -0.356875 0.25375
2024_0412_15:26:28 18 10.205 -10.051875
2024_0412_15:26:40 18 97.21625 95.839375
2024_0412_15:26:47 18 95.55375 97.335
2024_0412_15:26:51 18 -0.06875 -0.4
2024_0412_15:28:27 18 96.945 97.1525
2024_0412_15:28:32 18 0.10875 -0.43375
2024_0412_15:29:09 18 15.204375 15.039375
2024_0412_15:30:01 18 98.0475 98.08125
2024_0412_15:30:16 18 59.40125 60.843125
2024_0412_15:30:25 18 99.9975 49.99875
2024_0412_15:30:28 18 97.52125 96.98875
2024_0412_15:30:42 18 23.23625 23.62375
2024_0412_15:31:06 18 9.8 7.798125
2024_0412_15:31:42 18 99.9975 -50.0
2024_0412_15:33:10 18 -0.085 -0.153125
2024_0412_15:33:59 18 95.18875 89.185
2024_0412_15:34:48 18 -0.249375 0.62875
2024_0412_15:34:48 18 12.298125 -4.504375
2024_0412_15:34:53 18 95.880625 96.6125
2024_0412_15:34:57 18 0.3175 -0.013125
2024_0412_15:36:38 18 -3.853125 4.594375
2024_0412_15:36:39 18 1.09125 0.519375
2024_0412_15:37:15 18 24.868125 -4.114375
2024_0412_15:38:11 18 97.083125 96.694375
2024_0412_15:38:37 18 0.5025 0.116875
2024_0412_15:38:38 18 96.153125 96.469375
2024_0412_15:38:54 18 0.261875 -0.098125
2024_0412_15:38:55 18 38.898125 4.14125
2024_0412_15:39:17 18 -0.2325 -0.051875
2024_0412_15:39:53 18 0.351875 0.17
2024_0412_15:41:17 18 0.3675 0.23125
2024_0412_15:42:06 18 55.540625 56.006875
2024_0412_15:43:04 18 -1.76125 1.504375
2024_0412_15:43:08 18 92.9325 69.13
2024_0412_15:43:23 18 -0.29 -0.03
2024_0412_15:43:24 18 97.176875 97.284375
2024_0412_15:44:43 18 98.024375 97.975625
2024_0412_15:44:44 18 97.474375 97.461875
2024_0412_15:45:18 18 -7.778125 8.063125
2024_0412_15:46:18 18 97.05875 97.0425
2024_0412_15:46:39 18 9.94375 -10.023125
2024_0412_15:46:39 18 97.794375 97.288125
2024_0412_15:46:59 18 -0.23125 -0.075
2024_0412_15:47:03 18 17.8575 0.790625
2024_0412_15:47:54 18 -0.10625 -0.14375
2024_0412_15:49:20 18 12.6525 44.344375
2024_0412_15:50:08 18 17.278125 18.138125
2024_0412_15:51:19 18 49.010625 -0.215
2024_0412_15:51:26 18 -10.1125 9.614375
2024_0412_15:51:32 18 -0.17875 0.469375
2024_0412_15:52:42 18 9.18 -8.60625
2024_0412_15:52:51 18 16.474375 14.74125
2024_0412_15:53:37 18 97.66375 97.261875
2024_0412_15:54:23 18 9.229375 9.57875
2024_0412_15:55:00 18 49.999375 -99.995
2024_0412_15:55:01 18 97.508125 85.441875
2024_0412_15:55:03 18 0.43 0.02
2024_0412_15:55:12 18 0.025625 0.073125
2024_0412_15:55:15 18 0.385625 -0.58125
2024_0412_15:56:05 18 0.890625 0.281875
2024_0412_15:57:28 18 49.56375 -1.78125
2024_0412_15:57:31 18 11.57875 -11.43625
2024_0412_15:58:17 18 0.108125 0.1025
2024_0412_15:59:32 18 97.4225 97.44375
2024_0412_15:59:35 18 16.89375 -16.931875
2024_0412_15:59:44 18 18.491875 19.04625
2024_0412_16:00:52 18 -2.44 95.639375
2024_0412_16:01:07 18 1.523125 -1.17375
2024_0412_16:01:55 18 68.691875 75.435625
2024_0412_16:02:40 18 -0.1875 0.043125
2024_0412_16:03:08 19 97.48375 97.94625
2024_0412_16:03:08 19 0.059375 -0.758125
2024_0412_16:03:29 19 -0.12375 -0.59125
2024_0412_16:03:30 19 -0.574375 -0.07125
2024_0412_16:04:11 19 -0.133125 0.15625
2024_0412_16:05:34 19 14.12125 4.6525
2024_0412_16:05:51 19 0.0775 0.28375
2024_0412_16:06:47 19 97.054375 97.115
2024_0412_16:07:50 19 98.07625 48.18375
2024_0412_16:08:01 19 0.28875 -0.1875
2024_0412_16:08:01 19 -14.03875 14.27625
2024_0412_16:09:05 19 97.28125 97.18125
2024_0412_16:09:18 19 97.44875 97.225
2024_0412_16:10:14 19 96.74625 47.694375
2024_0412_16:11:18 19 -1.66125 1.3225
2024_0412_16:11:26 19 41.063125 97.139375
2024_0412_16:11:41 19 1.533125 0.31875
2024_0412_16:11:47 19 -0.089375 0.39625
2024_0412_16:11:59 19 0.17125 0.535625
2024_0412_16:12:40 19 -1.273125 0.866875
2024_0412_16:13:39 19 0.004375 -0.391875
2024_0412_16:13:57 19 0.71625 1.45875
2024_0412_16:14:48 19 -9.93625 9.829375
2024_0412_16:15:48 19 -0.165625 0.0625
2024_0412_16:15:54 19 -0.0625 0.17125
2024_0412_16:16:05 19 97.426875 97.203125
2024_0412_16:17:02 19 0.284375 -0.293125
2024_0412_16:17:17 19 49.263125 96.943125
2024_0412_16:18:25 19 -0.014375 -0.2225
2024_0412_16:19:09 19 -0.239375 0.069375
2024_0412_16:19:12 19 49.090625 49.266875
2024_0412_16:19:25 19 -0.090625 0.063125
2024_0412_16:19:32 19 -0.249375 -0.0875
2024_0412_16:19:59 19 97.35625 97.549375
2024_0412_16:20:33 19 3.60625 71.798125
2024_0412_16:21:41 19 20.47375 -20.814375
2024_0412_16:22:39 19 35.26375 8.213125
2024_0412_16:23:38 19 71.76125 74.706875
2024_0412_16:23:45 19 1.41875 -0.169375
2024_0412_16:23:50 19 3.8825 5.2725
2024_0412_16:25:02 19 -0.090625 -0.365625
2024_0412_16:25:10 19 -0.9925 -0.353125
2024_0412_16:26:00 19 0.688125 -0.511875
2024_0412_16:27:00 19 0.201875 -0.055625
2024_0412_16:27:05 19 11.605 -9.905625
2024_0412_16:27:22 19 11.713125 10.470625
2024_0412_16:27:25 19 97.933125 97.43125
2024_0412_16:27:51 19 2.506875 -1.921875
2024_0412_16:28:28 19 18.953125 -18.82625
2024_0412_16:29:19 19 16.6275 -16.648125
2024_0412_16:29:28 19 46.99125 46.11875
2024_0412_16:30:28 19 -0.16875 -0.05875
2024_0412_16:31:27 19 -15.035 14.09625
2024_0412_16:31:41 19 1.7225 -1.50375
2024_0412_16:31:50 19 11.765 0.3725
2024_0412_16:32:37 19 96.4725 96.32375
2024_0412_16:33:06 19 0.424375 -0.075
2024_0412_16:33:07 19 -0.5825 42.011875
2024_0412_16:33:56 19 95.470625 97.00875
2024_0412_16:34:49 19 94.13375 16.258125
2024_0412_16:35:06 19 -0.079375 0.02375
2024_0412_16:35:21 19 89.453125 95.2475
2024_0412_16:35:36 19 -0.0275 0.023125
2024_0412_16:36:27 19 20.349375 -19.69625
2024_0412_16:37:11 19 97.78 97.66375
2024_0412_16:37:36 19 7.76125 8.080625
2024_0412_16:38:18 19 14.9025 10.928125
2024_0412_16:39:38 19 -9.078125 11.555625
2024_0412_16:39:42 19 47.09875 31.021875
2024_0412_16:40:38 19 97.536875 97.66
2024_0412_16:41:03 19 -0.185 0.32875
2024_0412_16:41:06 19 97.324375 97.44125
2024_0412_16:41:14 19 -0.1 0.4
2024_0412_16:41:52 19 0.526875 0.729375
2024_0412_16:42:38 19 -49.995 49.995
2024_0412_16:42:56 19 -0.903125 8.073125
2024_0412_16:43:17 19 -0.085 -0.0875
2024_0412_16:43:43 19 -0.126875 0.01125
2024_0412_16:44:26 19 -0.21625 0.38
2024_0412_16:44:59 19 20.140625 -36.896875
2024_0412_16:45:27 19 -6.04625 5.86875
2024_0412_16:46:21 20 97.690625 97.758125
2024_0412_16:47:41 20 -0.280625 0.08875
2024_0412_16:48:33 20 98.2625 87.204375
2024_0412_16:48:56 20 21.22625 7.75
2024_0412_16:48:57 20 96.634375 97.320625
2024_0412_16:49:14 20 1.991875 -2.031875
2024_0412_16:49:47 20 46.626875 46.886875
2024_0412_16:50:31 20 13.006875 48.448125
2024_0412_16:50:44 20 49.999375 -99.9975
2024_0412_16:51:04 20 75.97 74.856875
2024_0412_16:51:06 20 -0.054375 -0.27125
2024_0412_16:51:45 20 22.3025 49.4025
2024_0412_16:52:27 20 0.25375 -0.0175
2024_0412_16:52:48 20 -99.99875 50.0
2024_0412_16:53:42 20 -6.7725 24.36625
2024_0412_16:54:12 20 0.6325 11.45875
2024_0412_16:54:31 20 18.715625 6.58625
2024_0412_16:55:30 20 1.523125 6.36625
2024_0412_16:56:27 20 97.1425 97.205
2024_0412_16:56:43 20 0.2525 -0.59625
2024_0412_16:56:52 20 9.5875 9.496875
2024_0412_16:57:29 20 57.44375 64.20625
2024_0412_16:58:13 20 38.998125 39.675
2024_0412_16:58:39 20 97.53375 97.861875
2024_0412_16:58:41 20 97.52 97.04
2024_0412_16:58:52 20 -0.2275 -0.20875
2024_0412_16:58:54 20 -0.33625 -0.125625
2024_0412_16:59:41 20 0.1575 -0.148125
2024_0412_17:00:22 20 -13.02625 12.57125
2024_0412_17:01:37 20 94.93875 4.635
2024_0412_17:02:12 20 0.361875 0.204375
2024_0412_17:02:17 20 5.99375 -5.788125
2024_0412_17:03:21 20 97.48 -12.118125
2024_0412_17:04:22 20 17.005 -16.053125
2024_0412_17:04:56 20 0.000625 -0.000625
2024_0412_17:05:24 20 83.531875 90.1925
2024_0412_17:05:57 20 97.28125 97.191875
2024_0412_17:06:27 20 0.01125 -0.343125
2024_0412_17:06:41 20 -12.368125 12.886875
2024_0412_17:06:44 20 1.3725 -0.958125
2024_0412_17:06:46 20 0.0525 -0.13125
2024_0412_17:07:38 20 96.97 97.225625
2024_0412_17:07:53 20 95.256875 97.034375
2024_0412_17:08:12 20 97.574375 97.633125
2024_0412_17:09:28 20 49.999375 99.99875
2024_0412_17:09:59 20 7.171875 7.921875
2024_0412_17:10:05 20 -1.53125 5.438125
2024_0412_17:10:06 20 50.096875 -49.801875
2024_0412_17:11:04 20 -0.361875 -0.063125
2024_0412_17:12:10 20 0.37625 -0.404375
2024_0412_17:12:50 20 97.43125 97.3875
2024_0412_17:13:24 20 48.258125 2.440625
2024_0412_17:13:57 20 40.0125 47.624375
2024_0412_17:14:18 20 97.749375 97.213125
2024_0412_17:14:28 20 16.63375 16.216875
2024_0412_17:14:38 20 97.670625 96.839375
2024_0412_17:14:48 20 96.343125 97.299375
2024_0412_17:15:42 20 -14.39875 71.8825
2024_0412_17:15:53 20 17.356875 16.924375
2024_0412_17:16:03 20 7.61 48.371875
2024_0412_17:17:28 20 -0.156875 -0.251875
2024_0412_17:17:52 20 0.22 0.205
2024_0412_17:18:02 20 1.158125 28.27125
2024_0412_17:18:11 20 97.47 97.385
2024_0412_17:19:33 20 16.561875 16.3675
2024_0412_17:19:54 20 49.9975 -99.995625
2024_0412_17:20:51 20 85.68 70.113125
2024_0412_17:21:14 20 -19.91875 20.245
2024_0412_17:21:47 20 58.650625 39.570625
2024_0412_17:22:17 20 12.05125 -12.15125
2024_0412_17:22:23 20 -7.2025 7.50125
2024_0412_17:22:34 20 19.965625 3.598125
2024_0412_17:23:46 20 0.61875 0.780625
2024_0412_17:23:46 20 68.450625 87.998125
2024_0412_17:24:30 20 97.084375 97.36
2024_0412_17:24:33 20 -2.69875 -0.30875
2024_0412_17:25:15 20 97.325625 97.988125
2024_0412_17:25:51 20 75.525625 63.710625
2024_0412_17:25:55 20 61.47625 93.366875
2024_0412_17:26:03 20 1.159375 0.44375
2024_0412_17:27:32 20 -0.181875 -0.18375
2024_0412_17:27:55 20 14.2425 13.465625
2024_0412_17:28:40 20 49.999375 49.999375
2024_0412_17:29:07 20 48.48875 98.55375
2024_0412_17:29:54 20 40.11125 -39.985625
2024_0412_17:30:13 20 78.37375 83.35625
2024_0412_17:30:22 20 61.420625 60.24625
2024_0412_17:30:25 20 -0.1575 0.089375
2024_0412_17:31:36 20 -0.01375 -0.28
2024_0412_17:31:42 20 -0.0275 -0.121875
2024_0412_17:32:19 20 48.24375 98.1075
2024_0412_17:32:28 20 27.704375 -22.173125
2024_0412_17:33:19 20 -0.06625 -0.46
2024_0412_17:33:44 20 9.394375 48.804375
2024_0412_17:33:49 20 45.843125 -2.24625
2024_0412_17:33:57 20 6.986875 -7.525
2024_0412_17:35:33 20 1.390625 15.945625
2024_0412_17:36:31 9 97.956875 97.940625
2024_0412_17:36:54 5 97.75625 97.755625
2024_0412_17:37:44 13 48.13875 98.125
2024_0412_17:38:00 13 96.4625 98.184375
2024_0412_17:38:08 13 -0.05125 1.015
2024_0412_17:38:31 13 10.365 -9.84625
2024_0412_17:39:31 13 16.76625 16.981875
2024_0412_17:39:33 14 96.906875 97.040625
2024_0412_17:40:18 14 0.136875 0.25625
2024_0412_17:40:19 14 -0.54 0.3575
2024_0412_17:40:19 14 96.960625 97.4
2024_0412_17:41:08 15 98.105625 97.53125
2024_0412_17:41:32 15 97.316875 97.37375
2024_0412_17:41:37 15 0.265 0.124375
2024_0412_17:41:41 15 -0.62 -0.221875
2024_0412_17:43:21 15 97.565625 97.8025
2024_0412_17:44:17 15 -0.02 -0.035625
2024_0412_17:44:45 15 98.14 97.786875
2024_0412_17:45:47 16 39.963125 -40.114375
2024_0412_17:46:01 16 0.411875 -0.045
2024_0412_17:46:16 15 86.859375 97.1925
2024_0412_17:46:24 16 16.15625 -17.20875
2024_0412_17:47:19 16 -12.3775 12.271875
2024_0412_17:47:21 16 -9.445 10.82125
2024_0412_17:48:09 16 64.3825 64.753125
2024_0412_17:48:16 16 73.39875 4.12
2024_0412_17:48:20 16 97.223125 96.52625
2024_0412_17:49:06 16 0.024375 -0.611875
2024_0412_17:49:18 17 0.265 -0.0875
2024_0412_17:49:33 17 54.574375 49.933125
2024_0412_17:51:08 17 0.00625 -0.095
2024_0412_17:52:08 17 59.919375 86.059375
2024_0412_17:52:34 17 97.72625 48.165625
2024_0412_17:53:35 17 4.3625 4.78375
2024_0412_17:53:42 17 49.999375 -49.999375
2024_0412_17:54:05 17 98.270625 97.708125
2024_0412_17:54:17 17 96.935 97.310625
2024_0412_17:55:12 17 72.64125 72.689375
2024_0412_17:55:12 17 -0.240625 0.433125
2024_0412_17:56:02 17 97.70125 97.713125
2024_0412_17:56:14 18 1.558125 -1.845
2024_0412_17:56:31 18 22.98625 38.498125
2024_0412_17:56:39 18 55.45625 -14.698125
2024_0412_17:56:53 18 12.314375 -12.344375
2024_0412_17:57:03 18 73.860625 76.495625
2024_0412_17:57:25 18 9.631875 9.78125
2024_0412_17:59:01 18 6.418125 12.130625
2024_0412_18:00:02 18 97.405625 97.455625
2024_0412_18:00:40 18 75.00625 74.94
2024_0412_18:01:31 19 10.215625 -10.464375
2024_0412_18:01:33 19 23.860625 46.009375
2024_0412_18:01:54 19 25.095 -24.403125
2024_0412_18:02:22 19 97.039375 97.184375
2024_0412_18:03:01 19 3.621875 3.061875
2024_0412_18:03:03 19 15.58875 -15.3475
2024_0412_18:04:04 19 0.228125 0.045
2024_0412_18:04:05 19 17.31375 16.7275
2024_0412_18:04:32 19 96.72125 96.5775
2024_0412_18:04:37 19 0.02625 -0.015625
2024_0412_18:04:38 19 14.636875 15.250625
2024_0412_18:04:53 19 39.298125 -36.455625
2024_0412_18:05:15 19 0.1475 0.030625
2024_0412_18:06:41 20 51.541875 52.065625
2024_0412_18:07:32 20 -29.87875 29.83
2024_0412_18:08:06 20 -0.080625 0.173125
2024_0412_18:08:49 20 97.514375 97.615
2024_0412_18:08:58 20 0.1775 0.055
2024_0412_18:09:15 20 -0.391875 0.951875
2024_0412_18:09:38 20 17.79125 17.77375
2024_0412_18:10:08 17 4.910625 -6.859375
