0.20683000000013646 0.11868500000004831 0.027855000000003193 0.006694999999999811 0.02275500000000163 0.021925000000001377 0.020545000000000955 0.020290000000000877 0.020255000000000866 0.007929999999999762 0.0439749999999993 0.03667500000000213 0.061654999999992445 0.05844999999999369 0.06654999999999617 0.050869999999996626 0.06415999999999378 0.06262999999999225 0.04189000000000011 0.03938000000000108 
2024_0411_20:57:00 4 81.90625 81.04375
2024_0411_20:57:00 8 82.59375 84.09375
2024_0411_20:57:01 3 76.9875 83.01875
2024_0411_20:57:01 1 85.8625 85.90625
2024_0411_20:57:01 1 86.2375 86.2625
2024_0411_20:57:01 2 81.775 82.20625
2024_0411_20:57:01 6 85.80625 86.40625
2024_0411_20:57:02 1 85.70625 86.18125
2024_0411_20:57:03 2 80.05625 78.675
2024_0411_20:57:05 6 86.0375 85.8625
2024_0411_20:57:08 11 75.35625 81.825
2024_0411_20:57:09 9 86.81875 86.7125
2024_0411_20:57:16 11 -0.4 -0.34375
2024_0411_20:57:22 7 81.625 83.03125
2024_0411_20:57:23 5 86.375 86.14375
2024_0411_20:57:28 10 83.8125 86.375
2024_0411_21:04:28 15 -0.44375 0.2875
2024_0411_21:04:31 13 46.03125 69.44375
2024_0411_21:04:31 16 1.4 0.73125
2024_0411_21:04:35 14 85.5875 86.16875
2024_0411_21:04:35 13 -45.31875 49.63125
2024_0411_21:04:36 12 61.6 -5.60625
2024_0411_21:04:41 17 0.5625 -0.25
2024_0411_21:04:44 18 -10.75 10.60625
2024_0411_21:04:44 17 1.05625 0.1125
2024_0411_21:04:45 15 0.36875 0.6625
2024_0411_21:04:50 20 -0.7875 -0.3125
2024_0411_21:05:01 18 26.0375 -22.7125
2024_0411_21:05:43 20 -0.09375 -0.5
2024_0411_21:06:44 19 21.74375 14.95625
2024_0411_21:14:22 11 49.9875 99.975
2024_0411_21:14:22 8 85.95625 84.56875
2024_0411_21:14:23 11 -0.31875 -1.3375
2024_0411_21:14:23 6 85.75625 86.2625
2024_0411_21:14:23 1 86.33125 86.15625
2024_0411_21:14:23 3 81.95625 82.0625
2024_0411_21:14:26 2 83.04375 79.89375
2024_0411_21:14:27 7 84.95 86.0375
2024_0411_21:14:28 9 86.51875 86.3
2024_0411_21:14:28 11 83.3125 83.5125
2024_0411_21:14:30 4 81.9875 82.575
2024_0411_21:14:30 11 -0.7375 1.20625
2024_0411_21:14:33 5 85.8625 85.775
2024_0411_21:14:33 11 0.64375 -0.8875
2024_0411_21:14:40 10 85.6 85.9
2024_0411_21:15:16 11 -0.5375 0.425
2024_0411_21:21:51 12 -16.175 16.00625
2024_0411_21:21:52 15 -12.20625 33.95
2024_0411_21:21:54 13 13.68125 61.825
2024_0411_21:21:56 13 84.1 85.1125
2024_0411_21:21:57 13 10.2125 -11.925
2024_0411_21:21:58 14 83.44375 88.575
2024_0411_21:21:58 16 -4.78125 86.275
2024_0411_21:21:58 13 -37.14375 40.64375
2024_0411_21:22:00 17 -1.26875 0.93125
2024_0411_21:22:00 13 84.38125 79.25
2024_0411_21:22:01 20 87.7375 85.41875
2024_0411_21:22:02 19 0.10625 -0.25625
2024_0411_21:22:03 20 49.95 -49.91875
2024_0411_21:22:22 18 85.1375 85.0375
2024_0411_21:30:04 7 83.0875 81.2
2024_0411_21:30:06 12 1.00625 -0.04375
2024_0411_21:30:07 2 84.6 85.4375
2024_0411_21:30:08 1 86.375 86.21875
2024_0411_21:30:08 5 86.98125 85.71875
2024_0411_21:30:09 8 83.93125 85.59375
2024_0411_21:30:09 6 86.4125 85.825
2024_0411_21:30:10 3 78.375 75.1875
2024_0411_21:30:10 11 85.51875 88.99375
2024_0411_21:30:10 11 -0.925 -0.725
2024_0411_21:30:11 11 63.2125 23.78125
2024_0411_21:30:11 12 83.1375 79.26875
2024_0411_21:30:13 4 83.45 78.44375
2024_0411_21:30:15 10 82.59375 80.8875
2024_0411_21:30:32 9 88.3625 85.81875
2024_0411_21:30:33 11 79.96875 80.09375
2024_0411_21:37:53 13 40.33125 -4.675
2024_0411_21:37:56 13 86.16875 85.95
2024_0411_21:37:56 13 84.41875 85.1375
2024_0411_21:37:56 14 -0.86875 -0.3375
2024_0411_21:37:57 13 51.78125 -50.70625
2024_0411_21:37:59 13 -2.11875 1.08125
2024_0411_21:38:01 16 54.95 71.48125
2024_0411_21:38:01 15 83.2875 87.21875
2024_0411_21:38:02 16 -14.94375 58.25625
2024_0411_21:38:03 17 40.8 90.625
2024_0411_21:38:07 16 2.05 -1.6875
2024_0411_21:38:08 16 32.7125 14.48125
2024_0411_21:38:13 18 -71.55 72.2125
2024_0411_21:38:20 18 -11.46875 12.68125
2024_0411_21:38:22 18 -0.875 0.66875
2024_0411_21:38:26 18 0.91875 -1.1875
2024_0411_21:45:00 19 41.375 -11.05625
2024_0411_21:45:02 20 -1.8125 -0.28125
2024_0411_21:45:03 18 -0.04375 -0.00625
2024_0411_21:45:05 19 8.88125 -12.1875
2024_0411_21:45:06 18 -8.89375 32.34375
2024_0411_21:45:07 20 1.01875 -1.70625
2024_0411_21:45:08 20 -3.2625 2.33125
2024_0411_21:45:10 20 13.71875 -13.19375
2024_0411_21:52:59 8 85.6625 86.375
2024_0411_21:52:59 2 55.49375 74.76875
2024_0411_21:52:59 11 0.73125 -1.15625
2024_0411_21:52:59 1 85.88125 86.1875
2024_0411_21:52:59 6 86.09375 85.98125
2024_0411_21:52:59 5 85.91875 86.50625
2024_0411_21:53:01 10 85.28125 86.06875
2024_0411_21:53:01 9 87.69375 87.38125
2024_0411_21:53:01 11 -0.51875 -1.33125
2024_0411_21:53:02 7 82.425 81.125
2024_0411_21:53:05 11 81.8625 79.425
2024_0411_21:53:05 11 -49.99375 49.99375
2024_0411_21:53:05 11 -0.69375 1.1625
2024_0411_21:53:08 11 1.4 -0.60625
2024_0411_21:53:10 3 80.95625 80.64375
2024_0411_21:56:59 11 0.9875 0.54375
2024_0411_22:00:44 11 1.08125 0.1875
2024_0411_22:00:47 12 85.16875 85.675
2024_0411_22:00:48 11 -0.0875 -0.3
2024_0411_22:00:48 13 81.86875 81.69375
2024_0411_22:00:49 12 -0.3375 1.35
2024_0411_22:00:49 12 -16.50625 58.50625
2024_0411_22:00:51 12 79.475 39.88125
2024_0411_22:00:51 12 79.1875 80.65625
2024_0411_22:00:51 12 53.525 77.55625
2024_0411_22:00:53 13 -1.00625 2.89375
2024_0411_22:00:54 13 40.43125 6.5875
2024_0411_22:00:56 13 60.55 72.89375
2024_0411_22:01:02 13 -0.13125 0.29375
2024_0411_22:01:03 12 86.63125 85.3
2024_0411_22:01:12 13 36.71875 34.39375
2024_0411_22:04:58 13 0.73125 -0.125
2024_0411_22:08:34 13 83.04375 86.35625
2024_0411_22:08:34 13 -49.99375 -99.975
2024_0411_22:08:35 13 39.95 2.4125
2024_0411_22:08:35 13 4.08125 1.61875
2024_0411_22:08:38 14 -0.5 0.29375
2024_0411_22:08:39 14 -0.46875 2.26875
2024_0411_22:08:39 14 77.2 81.8875
2024_0411_22:08:40 13 84.74375 86.3625
2024_0411_22:08:40 14 -1.75 -1.56875
2024_0411_22:08:43 14 -11.825 12.48125
2024_0411_22:08:50 14 79.93125 82.6625
2024_0411_22:08:51 14 -1.025 -0.20625
2024_0411_22:09:00 14 64.1375 77.79375
2024_0411_22:09:09 14 1.44375 -0.925
2024_0411_22:09:18 14 85.875 84.91875
2024_0411_22:12:49 14 86.2 84.90625
2024_0411_22:16:27 15 80.05 78.15625
2024_0411_22:16:32 14 82.18125 81.35
2024_0411_22:16:33 15 0.39375 -0.23125
2024_0411_22:16:34 15 43.86875 22.8625
2024_0411_22:16:36 15 -0.1875 -0.63125
2024_0411_22:16:41 15 0.98125 4.3625
2024_0411_22:16:43 14 0.575 1.4375
2024_0411_22:16:43 14 -0.33125 0.38125
2024_0411_22:16:45 15 81.325 78.61875
2024_0411_22:16:48 15 -0.45 -0.86875
2024_0411_22:16:51 15 0.6625 -0.2125
2024_0411_22:16:58 15 -35.60625 41.075
2024_0411_22:16:58 15 86.225 85.725
2024_0411_22:17:07 15 -0.2375 0.55
2024_0411_22:20:47 15 85.58125 84.15
2024_0411_22:23:24 16 28.325 65.55625
2024_0411_22:24:20 16 81.46875 82.4
2024_0411_22:24:22 16 7.86875 -7.35
2024_0411_22:24:24 16 13.6875 -18.01875
2024_0411_22:24:29 17 0.25 -0.44375
2024_0411_22:24:30 16 15.34375 14.21875
2024_0411_22:24:30 16 -9.53125 8.84375
2024_0411_22:24:34 16 -8.4875 10.41875
2024_0411_22:24:35 17 70.2125 52.45
2024_0411_22:24:35 17 0.33125 0.225
2024_0411_22:24:40 17 -80.15625 80.5125
2024_0411_22:24:46 17 49.9875 -49.9875
2024_0411_22:24:48 17 -9.6 9.11875
2024_0411_22:24:57 17 0.08125 -0.15625
2024_0411_22:25:09 17 24.6875 24.75625
2024_0411_22:28:46 17 10.60625 6.8625
2024_0411_22:32:13 18 -49.9875 -99.99375
2024_0411_22:32:13 18 -49.89375 99.9375
2024_0411_22:32:19 18 48.6375 -50.51875
2024_0411_22:32:22 18 83.73125 84.0125
2024_0411_22:32:22 18 85.71875 85.25
2024_0411_22:32:28 18 40.9125 -38.9875
2024_0411_22:32:36 18 37.84375 -3.16875
2024_0411_22:32:38 18 -30.61875 26.44375
2024_0411_22:32:39 20 -0.6 74.35625
2024_0411_22:32:48 19 3.8625 39.04375
2024_0411_22:32:51 19 17.075 29.65625
2024_0411_22:32:53 20 -2.10625 -0.95
2024_0411_22:33:02 20 0.1625 -0.84375
2024_0411_22:35:02 20 0.74375 1.4
2024_0411_22:36:10 20 0.225 -1.65
2024_0411_22:36:22 20 -13.88125 12.69375
2024_0411_22:39:14 15 -0.3875 1.7
2024_0411_22:39:15 4 80.3125 79.7375
2024_0411_22:39:21 17 24.6375 -6.725
2024_0411_22:39:22 18 1.025 0.54375
2024_0411_22:39:36 20 26.00625 -10.7375
2024_0411_22:47:21 7 85.88125 85.8125
2024_0411_22:47:23 3 82.31875 75.29375
2024_0411_22:47:24 11 0.4125 -0.9
2024_0411_22:47:25 5 85.675 86.7
2024_0411_22:47:25 8 81.675 80.58125
2024_0411_22:47:25 11 -0.98125 0.61875
2024_0411_22:47:25 4 82.75625 81.44375
2024_0411_22:47:26 11 -1.34375 -0.0875
2024_0411_22:47:27 11 0.28125 -0.175
2024_0411_22:47:27 6 86.35 86.025
2024_0411_22:47:28 9 87.05625 87.35
2024_0411_22:47:28 11 79.975 81.6
2024_0411_22:47:31 10 85.93125 85.275
2024_0411_22:47:31 1 86.30625 86.1875
2024_0411_22:47:39 11 75.05 80.8125
2024_0411_22:47:52 2 84.8125 84.075
2024_0411_22:55:12 12 0.11875 0.11875
2024_0411_22:55:12 11 86.59375 86.23125
2024_0411_22:55:12 12 -0.65625 -1.2375
2024_0411_22:55:14 12 85.725 84.975
2024_0411_22:55:14 12 86.275 85.70625
2024_0411_22:55:14 12 82.1375 79.18125
2024_0411_22:55:15 12 -1.43125 -0.0375
2024_0411_22:55:15 12 66.89375 68.05
2024_0411_22:55:17 13 0.375 0.09375
2024_0411_22:55:17 13 91.69375 -75.4625
2024_0411_22:55:21 13 83.2375 83.78125
2024_0411_22:55:23 12 81.34375 81.34375
2024_0411_22:55:26 13 87.61875 86.3125
2024_0411_22:55:28 13 -1.125 -0.475
2024_0411_22:55:31 11 -0.0625 0.69375
2024_0411_22:55:43 13 -0.0125 -1.0375
2024_0411_23:02:56 13 0.025 0.225
2024_0411_23:03:01 13 0.19375 0.2125
2024_0411_23:03:02 13 0.7625 -0.8
2024_0411_23:03:03 13 0.275 0.44375
2024_0411_23:03:05 13 2.51875 17.05625
2024_0411_23:03:06 14 -99.98125 49.9875
2024_0411_23:03:08 13 14.0875 14.275
2024_0411_23:03:08 14 87.03125 90.025
2024_0411_23:03:09 14 -0.64375 -0.425
2024_0411_23:03:09 14 78.16875 80.325
2024_0411_23:03:16 14 -10.71875 65.45
2024_0411_23:03:16 14 76.85 82.175
2024_0411_23:03:21 14 60.11875 61.425
2024_0411_23:03:26 13 -0.19375 0.96875
2024_0411_23:03:37 14 80.39375 78.78125
2024_0411_23:03:37 14 0.275 0.30625
2024_0411_23:10:48 15 0.125 0.40625
2024_0411_23:10:48 14 1.31875 -0.04375
2024_0411_23:10:49 14 -49.975 99.9625
2024_0411_23:10:52 14 85.24375 85.125
2024_0411_23:10:54 15 -0.14375 0.03125
2024_0411_23:10:59 15 78.5875 85.18125
2024_0411_23:11:00 15 -32.9875 24.96875
2024_0411_23:11:01 15 -76.4125 77.4375
2024_0411_23:11:02 15 -0.25 0.9375
2024_0411_23:11:05 15 -1.45625 -1.75625
2024_0411_23:11:12 15 0.275 1.9875
2024_0411_23:11:14 15 -1.0375 0.35625
2024_0411_23:11:18 15 79.3875 78.5875
2024_0411_23:11:22 15 -0.16875 -0.3625
2024_0411_23:11:26 15 2.38125 0.8
2024_0411_23:11:45 15 82.73125 81.9
2024_0411_23:18:35 16 -0.85625 -0.8
2024_0411_23:18:40 16 -2.19375 -0.75
2024_0411_23:18:41 16 -0.76875 0.90625
2024_0411_23:18:45 16 0.41875 -0.5125
2024_0411_23:18:45 16 99.9875 -99.9875
2024_0411_23:18:46 16 7.0125 6.93125
2024_0411_23:18:49 16 -1.9875 -0.80625
2024_0411_23:18:51 16 1.31875 0.73125
2024_0411_23:18:55 17 16.0625 67.35625
2024_0411_23:19:07 17 80.05625 78.64375
2024_0411_23:19:15 17 87.4375 86.94375
2024_0411_23:19:15 17 0.9125 -0.85625
2024_0411_23:19:22 17 9.9625 -10.10625
2024_0411_23:19:23 17 -2.58125 -0.89375
2024_0411_23:19:47 18 -0.53125 -0.3875
2024_0411_23:24:25 18 83.725 36.0
2024_0411_23:26:29 18 84.45 85.75625
2024_0411_23:26:30 18 -11.925 12.45
2024_0411_23:26:35 18 -0.7875 -0.3375
2024_0411_23:26:36 18 -5.3625 5.2625
2024_0411_23:26:37 18 -0.6125 -1.025
2024_0411_23:26:43 18 0.425 0.95
2024_0411_23:26:51 18 -0.0125 0.0
2024_0411_23:26:52 18 80.95625 82.23125
2024_0411_23:26:52 18 81.49375 82.8
2024_0411_23:27:00 19 38.3125 -7.51875
2024_0411_23:27:01 19 -1.0625 0.16875
2024_0411_23:27:09 20 -15.2125 62.3125
2024_0411_23:27:21 19 0.21875 0.40625
2024_0411_23:27:27 20 76.79375 75.925
2024_0411_23:27:56 20 38.06875 -8.5875
2024_0411_23:31:52 20 0.46875 39.3125
2024_0411_23:33:23 20 0.0 -99.9875
2024_0411_23:33:26 20 85.20625 85.06875
2024_0411_23:33:32 17 86.25 86.1625
2024_0411_23:33:34 18 81.6875 82.45
2024_0411_23:41:19 11 -0.1125 -0.39375
2024_0411_23:41:20 5 86.21875 85.8875
2024_0411_23:41:21 11 -0.90625 0.025
2024_0411_23:41:22 11 8.2375 6.75625
2024_0411_23:41:24 11 84.6125 85.85625
2024_0411_23:41:25 11 82.25625 82.40625
2024_0411_23:41:25 1 85.7625 87.06875
2024_0411_23:41:27 7 82.6375 82.325
2024_0411_23:41:28 4 77.175 80.83125
2024_0411_23:41:28 3 74.925 82.19375
2024_0411_23:41:28 10 85.36875 83.96875
2024_0411_23:41:29 2 81.78125 82.625
2024_0411_23:41:31 8 81.84375 82.65625
2024_0411_23:41:39 11 0.63125 -0.3875
2024_0411_23:41:40 9 87.2 87.29375
2024_0411_23:41:50 6 85.93125 86.39375
2024_0411_23:49:06 11 -1.43125 0.1375
2024_0411_23:49:08 11 49.99375 -99.9875
2024_0411_23:49:09 11 -50.0 50.0
2024_0411_23:49:12 11 -0.76875 -0.7125
2024_0411_23:49:14 11 79.51875 81.25625
2024_0411_23:49:18 11 80.83125 81.7
2024_0411_23:49:19 11 86.56875 86.7
2024_0411_23:49:20 11 85.875 86.83125
2024_0411_23:49:21 11 49.9875 99.975
2024_0411_23:49:22 11 2.0125 2.85
2024_0411_23:49:24 12 92.8625 35.8
2024_0411_23:49:28 11 86.525 86.39375
2024_0411_23:49:31 12 66.45 62.75
2024_0411_23:49:31 12 85.2125 82.64375
2024_0411_23:49:32 11 0.21875 -0.5125
2024_0411_23:49:41 12 -2.075 0.95
2024_0411_23:56:58 12 51.275 82.41875
2024_0411_23:56:59 12 0.81875 0.15625
2024_0411_23:56:59 12 85.10625 85.06875
2024_0411_23:57:01 12 -0.46875 0.9625
2024_0411_23:57:05 12 82.99375 82.2
2024_0411_23:57:06 12 74.64375 80.5125
2024_0411_23:57:10 12 10.08125 8.4875
2024_0411_23:57:11 12 1.3375 -0.40625
2024_0411_23:57:13 12 82.6625 83.38125
2024_0411_23:57:14 12 -1.95625 1.45625
2024_0411_23:57:16 12 1.4625 -0.60625
2024_0411_23:57:20 13 85.59375 85.6875
2024_0411_23:57:21 13 84.9 85.44375
2024_0411_23:57:34 13 19.8625 27.7125
2024_0411_23:57:35 13 84.88125 83.1625
2024_0411_23:57:43 13 89.575 83.7875
2024_0412_00:04:48 13 83.2375 83.64375
2024_0412_00:04:53 13 75.06875 86.35625
2024_0412_00:04:54 13 84.10625 40.64375
2024_0412_00:05:00 13 -0.09375 -0.45
2024_0412_00:05:00 13 0.675 -0.3625
2024_0412_00:05:02 13 0.64375 -0.40625
2024_0412_00:05:02 13 49.9875 99.975
2024_0412_00:05:03 13 5.0875 4.5625
2024_0412_00:05:04 13 82.2625 81.8625
2024_0412_00:05:05 13 -0.35 -1.19375
2024_0412_00:05:05 13 86.78125 86.95
2024_0412_00:05:10 13 82.1125 79.9375
2024_0412_00:05:11 13 1.15 -0.15
2024_0412_00:05:25 13 74.65 80.39375
2024_0412_00:05:30 13 0.19375 0.13125
2024_0412_00:05:52 13 -1.5875 0.6125
2024_0412_00:12:37 13 82.58125 82.21875
2024_0412_00:12:42 13 1.9625 0.40625
2024_0412_00:12:47 13 -1.65 -0.525
2024_0412_00:12:48 13 -0.50625 -0.65625
2024_0412_00:12:52 14 26.55 26.8375
2024_0412_00:12:52 14 -0.21875 -1.525
2024_0412_00:12:54 14 -8.86875 26.49375
2024_0412_00:12:55 14 20.19375 -18.90625
2024_0412_00:12:58 14 80.95 79.16875
2024_0412_00:13:01 14 69.025 67.875
2024_0412_00:13:02 14 5.63125 3.71875
2024_0412_00:13:05 14 82.025 81.9125
2024_0412_00:13:18 14 85.2875 84.0875
2024_0412_00:13:40 14 99.9875 -49.99375
2024_0412_00:13:44 14 80.89375 82.81875
2024_0412_00:16:15 14 86.6625 86.0
2024_0412_00:20:26 14 66.8875 13.8125
2024_0412_00:20:32 14 -20.9625 20.775
2024_0412_00:20:34 14 72.91875 80.73125
2024_0412_00:20:39 14 88.15 37.775
2024_0412_00:20:42 14 9.5 11.25625
2024_0412_00:20:42 14 39.8875 34.43125
2024_0412_00:20:43 14 -99.9875 -99.9875
2024_0412_00:20:44 14 86.28125 84.2625
2024_0412_00:20:47 14 -0.1625 0.96875
2024_0412_00:20:51 14 20.4 18.9625
2024_0412_00:20:51 14 -0.36875 0.9625
2024_0412_00:20:56 14 85.68125 86.08125
2024_0412_00:21:26 15 -0.11875 -0.31875
2024_0412_00:21:39 15 71.4875 70.925
2024_0412_00:21:56 15 82.125 80.94375
2024_0412_00:24:08 15 11.125 12.64375
2024_0412_00:28:15 15 26.70625 -26.925
2024_0412_00:28:19 15 87.45 87.6125
2024_0412_00:28:22 15 -90.8625 96.4625
2024_0412_00:28:27 15 -0.83125 0.00625
2024_0412_00:28:36 15 0.8875 -1.26875
2024_0412_00:28:39 15 1.70625 0.6875
2024_0412_00:28:40 15 38.7625 -3.175
2024_0412_00:28:42 15 -9.2875 10.90625
2024_0412_00:28:46 15 -0.4625 0.9875
2024_0412_00:28:56 15 81.80625 66.08125
2024_0412_00:28:58 15 -0.7625 0.81875
2024_0412_00:29:11 15 1.66875 -0.85625
2024_0412_00:29:17 15 68.28125 67.8375
2024_0412_00:29:25 15 0.74375 -0.85
2024_0412_00:29:45 15 0.375 -1.525
2024_0412_00:31:55 15 -0.1625 0.98125
2024_0412_00:35:58 15 48.38125 30.3625
2024_0412_00:36:12 15 83.0375 76.9125
2024_0412_00:36:13 15 13.75 59.925
2024_0412_00:36:24 15 86.175 87.2
2024_0412_00:36:26 16 -11.16875 9.825
2024_0412_00:36:31 16 -0.925 -0.31875
2024_0412_00:36:34 16 -0.025 0.01875
2024_0412_00:36:36 16 -1.925 31.80625
2024_0412_00:36:41 16 82.0375 10.6
2024_0412_00:36:51 16 86.21875 85.6125
2024_0412_00:36:53 16 86.59375 87.8
2024_0412_00:36:54 16 0.71875 2.95625
2024_0412_00:37:14 16 80.86875 80.375
2024_0412_00:37:27 16 35.51875 39.06875
2024_0412_00:37:35 16 29.9625 34.225
2024_0412_00:39:40 16 -0.33125 -0.0125
2024_0412_00:43:42 16 -8.0375 8.3625
2024_0412_00:43:59 16 0.5375 -0.69375
2024_0412_00:44:07 17 1.1125 0.225
2024_0412_00:44:21 17 0.34375 -1.0375
2024_0412_00:44:24 17 0.6125 0.36875
2024_0412_00:44:27 17 49.85 53.3625
2024_0412_00:44:29 17 -31.85 53.20625
2024_0412_00:44:31 17 63.4875 63.19375
2024_0412_00:44:38 17 0.5125 -0.225
2024_0412_00:44:41 17 85.59375 86.88125
2024_0412_00:44:43 17 70.9375 79.5875
2024_0412_00:45:15 17 34.6875 11.06875
2024_0412_00:45:17 17 2.33125 -1.35625
2024_0412_00:45:36 17 88.9375 -2.825
2024_0412_00:47:29 17 10.8625 9.6375
2024_0412_00:48:20 17 1.0125 -1.3125
2024_0412_00:51:54 17 8.5875 9.3125
2024_0412_00:52:13 17 9.125 5.95625
2024_0412_00:52:16 18 0.025 0.2625
2024_0412_00:52:21 17 15.0 -14.1875
2024_0412_00:52:25 18 0.1125 0.2125
2024_0412_00:52:26 18 1.79375 -1.5125
2024_0412_00:52:32 18 -19.8375 21.425
2024_0412_00:52:32 18 1.3125 0.09375
2024_0412_00:52:46 18 0.59375 -0.11875
2024_0412_00:53:03 18 15.09375 -12.1375
2024_0412_00:53:25 18 87.60625 86.45
2024_0412_00:55:23 18 79.50625 80.53125
2024_0412_00:55:38 18 0.33125 0.05625
2024_0412_00:56:04 18 4.56875 1.20625
2024_0412_00:56:07 18 81.34375 82.50625
2024_0412_00:57:43 18 -49.35 49.44375
2024_0412_00:59:54 18 28.45625 -27.43125
2024_0412_00:59:56 18 99.9875 99.9875
2024_0412_01:00:05 18 0.05625 -0.34375
2024_0412_01:00:15 18 -13.6125 25.325
2024_0412_01:00:17 18 -10.74375 11.28125
2024_0412_01:00:29 18 0.1125 -0.1125
2024_0412_01:00:30 18 86.70625 87.575
2024_0412_01:00:35 18 -0.61875 0.1125
2024_0412_01:00:50 18 68.6625 33.0125
2024_0412_01:01:13 18 80.975 83.225
2024_0412_01:03:19 18 82.35 81.14375
2024_0412_01:03:30 19 4.53125 76.4375
2024_0412_01:03:57 19 94.5875 -37.20625
2024_0412_01:04:04 19 -0.94375 3.36875
2024_0412_01:05:29 19 19.50625 -21.50625
2024_0412_01:07:30 19 -29.025 47.59375
2024_0412_01:07:44 19 70.6 84.8875
2024_0412_01:07:50 20 32.2875 32.19375
2024_0412_01:07:57 20 -0.4625 2.30625
2024_0412_01:08:07 20 8.2 -7.5125
2024_0412_01:08:10 20 67.8875 56.975
2024_0412_01:08:26 20 77.4875 82.10625
2024_0412_01:08:29 20 67.0375 16.25
2024_0412_01:08:36 20 -0.45625 -0.70625
2024_0412_01:08:45 20 -14.525 16.3375
2024_0412_01:09:04 20 66.63125 67.46875
2024_0412_01:11:08 20 -0.0875 -0.1
2024_0412_01:11:41 20 -1.1375 1.11875
2024_0412_01:11:44 20 -1.925 45.775
2024_0412_01:12:33 20 99.9875 -99.9875
2024_0412_01:12:58 14 79.6125 4.0125
2024_0412_01:14:51 15 80.4 80.56875
2024_0412_01:15:08 17 14.5 -7.75625
2024_0412_01:15:13 17 0.5 -1.14375
2024_0412_01:15:17 17 9.83125 -9.7625
2024_0412_01:15:25 17 13.4375 -13.86875
2024_0412_01:15:35 17 81.56875 81.775
2024_0412_01:15:42 18 -7.7875 9.625
2024_0412_01:15:49 18 47.025 -42.76875
2024_0412_01:15:52 20 57.2625 78.425
2024_0412_01:23:26 11 -1.0625 -1.15
2024_0412_01:23:28 6 85.875 85.85625
2024_0412_01:23:29 1 87.0 85.725
2024_0412_01:23:29 11 86.65625 -27.78125
2024_0412_01:23:29 11 0.89375 -0.00625
2024_0412_01:23:32 5 86.18125 86.2375
2024_0412_01:23:32 2 81.71875 81.65625
2024_0412_01:23:32 4 80.60625 81.89375
2024_0412_01:23:32 11 82.2375 78.80625
2024_0412_01:23:34 7 85.63125 85.7625
2024_0412_01:23:35 11 -1.125 -0.7
2024_0412_01:23:35 10 86.4375 85.41875
2024_0412_01:23:37 11 -0.7375 -0.5125
2024_0412_01:23:38 8 86.30625 85.3
2024_0412_01:23:39 3 82.99375 80.15625
2024_0412_01:23:45 9 87.2 86.66875
2024_0412_01:30:59 11 -1.13125 0.7625
2024_0412_01:31:05 11 0.60625 0.44375
2024_0412_01:31:05 11 78.29375 80.15
2024_0412_01:31:07 11 -0.2625 0.31875
2024_0412_01:31:08 11 82.73125 83.24375
2024_0412_01:31:08 11 0.48125 0.0875
2024_0412_01:31:10 11 -0.425 -0.91875
2024_0412_01:31:10 11 -0.84375 -1.58125
2024_0412_01:31:10 11 0.55 0.525
2024_0412_01:31:16 11 82.30625 80.1
2024_0412_01:31:17 11 80.10625 82.81875
2024_0412_01:31:17 12 85.3875 85.2875
2024_0412_01:31:18 11 49.99375 -99.9875
2024_0412_01:31:20 12 85.14375 85.25
2024_0412_01:31:23 12 72.4875 79.9875
2024_0412_01:31:25 12 -22.29375 22.125
2024_0412_01:38:36 12 82.14375 82.725
2024_0412_01:38:45 12 0.3625 -0.525
2024_0412_01:38:46 12 0.29375 -0.6125
2024_0412_01:38:49 12 -0.25 1.4125
2024_0412_01:38:50 12 -1.3 0.46875
2024_0412_01:38:51 12 0.2125 -0.04375
2024_0412_01:38:51 12 44.03125 43.0375
2024_0412_01:38:52 12 84.9 80.83125
2024_0412_01:38:53 12 1.43125 0.0875
2024_0412_01:38:57 12 77.89375 81.575
2024_0412_01:38:58 13 0.125 -0.78125
2024_0412_01:38:59 12 36.6 33.6875
2024_0412_01:38:59 13 68.50625 69.14375
2024_0412_01:39:07 13 -0.01875 0.2875
2024_0412_01:39:07 13 30.525 -7.35625
2024_0412_01:39:15 13 6.65625 8.125
2024_0412_01:46:17 13 77.96875 71.5625
2024_0412_01:46:21 13 49.99375 -49.99375
2024_0412_01:46:27 13 0.53125 0.0375
2024_0412_01:46:27 13 1.1875 0.85625
2024_0412_01:46:30 13 -1.64375 0.13125
2024_0412_01:46:31 13 -99.975 -99.975
2024_0412_01:46:32 13 8.9625 -0.575
2024_0412_01:46:33 13 1.2375 -2.25
2024_0412_01:46:34 13 9.59375 -8.29375
2024_0412_01:46:36 13 42.13125 41.61875
2024_0412_01:46:36 13 74.4625 74.25625
2024_0412_01:46:44 13 84.2125 84.5875
2024_0412_01:46:47 13 0.2375 1.30625
2024_0412_01:46:50 13 -0.1125 0.38125
2024_0412_01:46:50 13 83.90625 85.75
2024_0412_01:46:55 13 85.61875 86.0
2024_0412_01:54:05 13 80.76875 79.35
2024_0412_01:54:06 13 1.2375 0.475
2024_0412_01:54:08 14 1.38125 0.225
2024_0412_01:54:10 13 1.56875 0.5375
2024_0412_01:54:10 14 26.33125 22.6375
2024_0412_01:54:11 14 -0.1125 -0.1125
2024_0412_01:54:12 14 9.03125 14.63125
2024_0412_01:54:13 14 -9.35625 51.96875
2024_0412_01:54:14 14 21.81875 21.81875
2024_0412_01:54:14 14 0.45625 -0.38125
2024_0412_01:54:24 14 83.15 81.05
2024_0412_01:54:26 14 0.4875 -0.3125
2024_0412_01:54:29 14 -99.9875 -99.9875
2024_0412_01:54:30 14 81.54375 84.03125
2024_0412_01:54:30 14 74.69375 79.99375
2024_0412_01:54:34 14 1.16875 -0.86875
2024_0412_02:01:45 14 37.65625 37.9
2024_0412_02:01:47 14 43.08125 -41.9375
2024_0412_02:01:49 14 -19.55625 19.73125
2024_0412_02:01:50 14 -2.0 0.05625
2024_0412_02:01:54 14 -20.86875 21.46875
2024_0412_02:01:55 14 80.9625 80.80625
2024_0412_02:01:56 14 77.925 83.5125
2024_0412_02:01:56 14 0.45 -0.51875
2024_0412_02:01:57 14 86.29375 86.55
2024_0412_02:01:58 14 -0.225 -0.525
2024_0412_02:02:02 14 -0.01875 0.0375
2024_0412_02:02:07 14 49.9375 -49.975
2024_0412_02:02:10 15 0.61875 -0.50625
2024_0412_02:02:11 15 -0.2125 0.2
2024_0412_02:02:13 15 79.3 78.06875
2024_0412_02:07:13 15 -0.20625 -0.625
2024_0412_02:09:28 15 87.2625 82.40625
2024_0412_02:09:30 15 0.5625 1.5
2024_0412_02:09:33 15 33.99375 33.01875
2024_0412_02:09:36 15 -0.8625 -0.475
2024_0412_02:09:38 15 61.89375 63.6625
2024_0412_02:09:38 15 82.15 80.68125
2024_0412_02:09:39 15 47.2375 -25.825
2024_0412_02:09:40 15 0.88125 2.24375
2024_0412_02:09:42 15 67.20625 69.44375
2024_0412_02:09:45 15 -0.6125 0.1875
2024_0412_02:09:48 15 1.7 -0.8875
2024_0412_02:09:50 15 -0.9 -0.8
2024_0412_02:09:53 15 37.325 78.4375
2024_0412_02:09:56 15 78.625 76.93125
2024_0412_02:09:57 15 56.4125 56.15
2024_0412_02:14:53 15 8.225 4.0625
2024_0412_02:17:04 15 49.99375 49.99375
2024_0412_02:17:14 15 38.0125 37.925
2024_0412_02:17:17 16 -9.3375 24.76875
2024_0412_02:17:18 16 -0.16875 0.89375
2024_0412_02:17:19 16 -1.34375 -0.51875
2024_0412_02:17:21 15 2.01875 -0.99375
2024_0412_02:17:23 16 -8.0875 47.5625
2024_0412_02:17:24 16 86.2 85.0875
2024_0412_02:17:25 16 -1.91875 -0.275
2024_0412_02:17:31 16 -99.975 -99.9625
2024_0412_02:17:36 16 -0.6125 28.95625
2024_0412_02:17:36 16 42.99375 42.6
2024_0412_02:17:46 16 -20.09375 76.71875
2024_0412_02:18:47 16 79.7375 82.3875
2024_0412_02:22:08 16 75.28125 58.5375
2024_0412_02:22:34 16 7.78125 -15.84375
2024_0412_02:24:42 17 -0.08125 1.13125
2024_0412_02:24:58 17 0.79375 -0.30625
2024_0412_02:24:58 17 80.45625 51.9875
2024_0412_02:25:00 17 61.30625 59.33125
2024_0412_02:25:00 17 16.2125 15.0125
2024_0412_02:25:02 17 0.35625 1.31875
2024_0412_02:25:06 17 36.08125 46.1
2024_0412_02:25:09 17 1.3 0.64375
2024_0412_02:25:16 17 26.2625 25.54375
2024_0412_02:25:20 17 4.0625 8.23125
2024_0412_02:25:22 17 -0.33125 2.29375
2024_0412_02:25:40 17 11.15 25.69375
2024_0412_02:26:33 17 -0.7 -0.63125
2024_0412_02:29:11 17 -0.80625 -0.21875
2024_0412_02:29:45 17 63.7125 -11.4125
2024_0412_02:30:16 17 96.34375 -11.20625
2024_0412_02:32:21 17 0.33125 0.75
2024_0412_02:32:38 17 19.65 38.3875
2024_0412_02:32:40 18 -22.51875 22.25625
2024_0412_02:32:43 17 97.3625 -39.44375
2024_0412_02:32:43 18 0.33125 0.53125
2024_0412_02:32:49 18 -1.69375 -3.0625
2024_0412_02:32:53 18 99.9625 -49.98125
2024_0412_02:32:54 18 -28.95 41.9375
2024_0412_02:32:57 18 13.05625 12.1375
2024_0412_02:33:09 18 0.2125 -1.7375
2024_0412_02:33:11 18 64.95625 63.35625
2024_0412_02:33:24 18 0.43125 -0.7125
2024_0412_02:34:31 18 14.15 13.0875
2024_0412_02:36:51 18 -99.95625 99.98125
2024_0412_02:37:40 18 64.64375 64.46875
2024_0412_02:37:55 18 0.1625 0.275
2024_0412_02:39:56 18 0.06875 -1.5125
2024_0412_02:40:18 18 21.54375 -21.8875
2024_0412_02:40:23 18 -0.2375 -0.125
2024_0412_02:40:31 18 39.53125 40.88125
2024_0412_02:40:34 18 80.60625 81.45625
2024_0412_02:40:37 18 0.25 -0.9875
2024_0412_02:40:39 18 -0.175 0.40625
2024_0412_02:40:41 18 83.9 84.5875
2024_0412_02:40:49 18 -11.0875 8.3625
2024_0412_02:40:54 18 84.80625 86.71875
2024_0412_02:40:58 19 42.00625 42.75
2024_0412_02:41:09 19 80.71875 80.96875
2024_0412_02:42:19 19 42.81875 40.525
2024_0412_02:44:42 19 81.7625 78.8625
2024_0412_02:45:30 19 38.59375 82.56875
2024_0412_02:45:40 19 -18.63125 29.51875
2024_0412_02:47:40 19 -1.325 8.325
2024_0412_02:48:00 19 0.775 1.55625
2024_0412_02:48:08 19 0.50625 0.39375
2024_0412_02:48:15 19 25.6875 -25.3125
2024_0412_02:48:22 20 3.6125 13.225
2024_0412_02:48:24 20 37.18125 43.4
2024_0412_02:48:32 20 48.09375 68.25625
2024_0412_02:48:35 20 67.2375 66.9125
2024_0412_02:48:38 20 -0.0625 -1.875
2024_0412_02:48:46 20 0.79375 0.69375
2024_0412_02:48:47 20 10.80625 9.01875
2024_0412_02:49:11 20 74.5 82.20625
2024_0412_02:50:07 20 82.3 81.95
2024_0412_02:52:56 20 9.05 -9.975
2024_0412_02:54:47 20 -55.35 74.1125
2024_0412_02:54:56 20 7.23125 12.5875
2024_0412_02:55:17 15 35.48125 32.55625
2024_0412_02:55:26 16 0.73125 0.39375
2024_0412_02:55:36 16 79.525 81.65
2024_0412_02:55:38 17 9.91875 -7.88125
2024_0412_02:55:48 18 -0.025 1.24375
2024_0412_02:55:52 20 -1.13125 -0.4375
2024_0412_02:56:55 20 82.54375 36.1
2024_0412_02:58:40 16 87.6 87.6125
2024_0412_03:06:18 7 79.74375 79.41875
2024_0412_03:06:18 11 -0.675 0.79375
2024_0412_03:06:18 11 -5.925 41.44375
2024_0412_03:06:19 11 77.25 81.3375
2024_0412_03:06:20 11 -29.05625 86.5375
2024_0412_03:06:20 5 86.525 86.20625
2024_0412_03:06:21 8 84.4 84.34375
2024_0412_03:06:22 3 81.7875 77.25
2024_0412_03:06:23 9 87.38125 85.43125
2024_0412_03:06:23 4 80.0375 81.00625
2024_0412_03:06:24 6 86.40625 85.94375
2024_0412_03:06:24 1 86.04375 85.5625
2024_0412_03:06:24 2 85.9375 86.2375
2024_0412_03:06:25 11 -0.5375 -0.19375
2024_0412_03:06:27 9 87.09375 87.375
2024_0412_03:06:35 10 85.19375 81.85
2024_0412_03:13:56 11 -0.43125 0.19375
2024_0412_03:13:57 11 -1.15 -0.16875
2024_0412_03:13:58 11 1.63125 1.63125
2024_0412_03:13:58 11 87.50625 86.15
2024_0412_03:14:00 11 79.61875 79.34375
2024_0412_03:14:00 11 81.7875 80.4125
2024_0412_03:14:01 11 1.15625 -0.99375
2024_0412_03:14:02 11 85.51875 86.08125
2024_0412_03:14:03 11 -0.01875 0.6
2024_0412_03:14:03 11 85.2875 85.15
2024_0412_03:14:07 11 0.89375 1.13125
2024_0412_03:14:07 11 -0.8625 0.15
2024_0412_03:14:08 11 83.26875 76.80625
2024_0412_03:14:11 11 81.925 79.36875
2024_0412_03:14:14 11 -1.0625 -0.4
2024_0412_03:14:18 11 -0.48125 -0.6375
2024_0412_03:21:33 11 83.80625 82.7625
2024_0412_03:21:34 11 80.66875 82.71875
2024_0412_03:21:37 11 86.54375 82.35
2024_0412_03:21:37 12 -1.40625 3.24375
2024_0412_03:21:39 12 -1.58125 0.51875
2024_0412_03:21:43 12 82.45 79.80625
2024_0412_03:21:45 12 -1.1375 0.5375
2024_0412_03:21:46 11 86.1625 86.925
2024_0412_03:21:47 12 0.10625 0.21875
2024_0412_03:21:47 11 23.08125 24.14375
2024_0412_03:21:48 12 86.875 85.4625
2024_0412_03:21:49 12 -0.2 0.85
2024_0412_03:21:51 12 80.9125 89.4625
2024_0412_03:21:54 12 17.175 16.00625
2024_0412_03:21:54 12 86.9875 88.04375
2024_0412_03:22:02 12 -0.30625 1.05625
2024_0412_03:29:11 12 -0.65625 0.2875
2024_0412_03:29:12 12 83.36875 82.58125
2024_0412_03:29:14 12 -0.26875 -0.71875
2024_0412_03:29:15 12 0.34375 -1.21875
2024_0412_03:29:19 12 -99.975 49.9875
2024_0412_03:29:22 12 81.63125 81.7375
2024_0412_03:29:24 12 1.05 -0.2125
2024_0412_03:29:27 12 86.2625 85.45
2024_0412_03:29:28 12 79.86875 80.8
2024_0412_03:29:29 12 -0.94375 0.525
2024_0412_03:29:34 13 81.03125 80.9
2024_0412_03:29:34 13 99.9875 99.975
2024_0412_03:29:35 12 1.125 0.74375
2024_0412_03:29:35 13 85.7875 85.11875
2024_0412_03:29:36 13 85.9125 86.19375
2024_0412_03:29:50 13 85.83125 86.79375
2024_0412_03:36:50 13 49.975 49.98125
2024_0412_03:36:51 13 0.0 0.25625
2024_0412_03:36:52 13 0.00625 0.44375
2024_0412_03:36:59 13 10.25625 -9.65
2024_0412_03:36:59 13 83.1 82.5125
2024_0412_03:37:03 13 1.1625 1.41875
2024_0412_03:37:03 13 67.88125 68.8375
2024_0412_03:37:05 13 86.70625 85.95625
2024_0412_03:37:06 13 79.03125 44.6625
2024_0412_03:37:11 13 -0.2 -0.34375
2024_0412_03:37:12 13 -49.99375 -49.99375
2024_0412_03:37:14 13 1.225 1.75
2024_0412_03:37:16 13 77.11875 71.2125
2024_0412_03:37:18 13 82.5125 85.3375
2024_0412_03:37:26 13 40.0 41.46875
2024_0412_03:37:35 13 -7.0 42.93125
2024_0412_03:44:27 13 10.475 -8.76875
2024_0412_03:44:27 13 0.35 -0.8125
2024_0412_03:44:36 13 69.05 68.09375
2024_0412_03:44:37 13 0.725 0.6875
2024_0412_03:44:40 13 82.90625 80.7875
2024_0412_03:44:41 13 81.7 82.19375
2024_0412_03:44:42 13 -25.1875 25.04375
2024_0412_03:44:48 13 0.325 -0.6125
2024_0412_03:44:51 13 0.975 0.23125
2024_0412_03:44:53 13 -2.025 2.2625
2024_0412_03:44:53 13 11.01875 -8.68125
2024_0412_03:44:55 13 43.46875 43.8625
2024_0412_03:45:02 13 0.6625 -1.08125
2024_0412_03:45:04 13 86.1625 86.475
2024_0412_03:45:06 13 -1.39375 0.725
2024_0412_03:45:09 13 0.9875 0.475
2024_0412_03:52:07 14 81.325 81.26875
2024_0412_03:52:12 14 99.9625 49.96875
2024_0412_03:52:13 13 -0.7125 86.5375
2024_0412_03:52:20 14 -9.68125 11.06875
2024_0412_03:52:23 14 0.7375 4.7
2024_0412_03:52:24 14 -0.70625 0.725
2024_0412_03:52:25 14 80.95625 83.0
2024_0412_03:52:25 14 -0.575 -0.2
2024_0412_03:52:29 14 1.25 -0.4875
2024_0412_03:52:32 14 -14.15625 13.2125
2024_0412_03:52:35 14 68.4375 68.40625
2024_0412_03:52:37 14 81.10625 81.4625
2024_0412_03:52:44 14 85.16875 84.81875
2024_0412_03:52:44 14 0.7 -0.55625
2024_0412_03:52:56 14 81.04375 80.5375
2024_0412_03:52:58 14 82.0375 87.15
2024_0412_03:59:43 14 -0.85 -0.01875
2024_0412_03:59:54 14 81.30625 80.68125
2024_0412_03:59:57 14 10.7875 10.7
2024_0412_04:00:00 14 3.425 -0.01875
2024_0412_04:00:06 14 -0.60625 -0.30625
2024_0412_04:00:08 14 85.1875 85.9375
2024_0412_04:00:12 14 66.35 80.83125
2024_0412_04:00:14 14 37.6125 37.6875
2024_0412_04:00:17 14 -0.71875 -0.275
2024_0412_04:00:18 14 86.99375 84.2125
2024_0412_04:00:29 14 31.8125 16.85625
2024_0412_04:00:42 14 85.64375 85.31875
2024_0412_04:00:50 14 -0.3625 2.63125
2024_0412_04:04:10 14 77.55 83.45
2024_0412_04:05:20 14 84.0 83.88125
2024_0412_04:06:42 14 0.13125 1.74375
2024_0412_04:07:22 14 11.225 10.0
2024_0412_04:07:32 14 -0.53125 0.775
2024_0412_04:07:35 14 41.51875 39.35
2024_0412_04:07:46 14 82.0625 78.4875
2024_0412_04:07:46 15 -1.475 -0.56875
2024_0412_04:07:50 15 -0.03125 -1.0125
2024_0412_04:07:51 15 -1.0625 -0.175
2024_0412_04:07:55 15 1.45 0.8625
2024_0412_04:07:58 15 80.75625 82.35625
2024_0412_04:08:11 15 49.9875 -49.9875
2024_0412_04:08:30 15 -9.84375 9.6625
2024_0412_04:08:31 15 49.9875 -50.0
2024_0412_04:11:52 15 -1.08125 -0.20625
2024_0412_04:12:57 15 0.375 -0.3625
2024_0412_04:14:31 15 0.90625 -0.66875
2024_0412_04:14:59 15 8.625 39.5125
2024_0412_04:15:03 15 2.33125 -1.575
2024_0412_04:15:15 15 39.11875 0.45
2024_0412_04:15:19 15 1.16875 1.125
2024_0412_04:15:23 15 2.1375 0.275
2024_0412_04:15:30 15 0.29375 -0.15625
2024_0412_04:15:31 15 0.9875 0.24375
2024_0412_04:15:32 15 -1.7375 0.3875
2024_0412_04:15:40 15 84.9625 73.725
2024_0412_04:15:48 15 85.7375 87.125
2024_0412_04:15:53 15 83.4375 78.59375
2024_0412_04:16:12 15 -1.53125 -0.89375
2024_0412_04:16:15 15 0.6125 0.4625
2024_0412_04:20:36 15 86.0125 83.5375
2024_0412_04:22:09 15 0.0125 0.85625
2024_0412_04:22:37 15 12.00625 12.5625
2024_0412_04:22:48 15 1.6625 5.15625
2024_0412_04:22:55 15 75.73125 60.58125
2024_0412_04:22:56 15 82.98125 82.33125
2024_0412_04:23:11 16 40.3625 -2.475
2024_0412_04:23:15 15 -0.55 -1.2625
2024_0412_04:23:17 15 81.25 80.9125
2024_0412_04:23:27 16 38.4 38.15625
2024_0412_04:23:33 16 0.69375 -0.9875
2024_0412_04:23:37 16 69.60625 81.55625
2024_0412_04:24:04 16 79.65 82.0875
2024_0412_04:24:09 16 84.025 84.64375
2024_0412_04:26:22 16 9.0125 3.1125
2024_0412_04:28:22 16 -0.15625 0.46875
2024_0412_04:28:59 16 81.25 82.4625
2024_0412_04:29:47 16 83.3 80.5125
2024_0412_04:30:29 16 56.375 65.8875
2024_0412_04:30:33 16 85.41875 86.00625
2024_0412_04:30:37 16 81.7375 79.0875
2024_0412_04:30:48 16 38.76875 -34.4125
2024_0412_04:30:57 16 -0.4875 0.14375
2024_0412_04:31:00 16 1.25 -0.7375
2024_0412_04:31:06 16 36.75625 82.40625
2024_0412_04:31:15 16 29.25625 24.1875
2024_0412_04:31:17 16 17.05 9.8625
2024_0412_04:31:49 16 10.23125 -10.625
2024_0412_04:31:50 16 -6.86875 43.1625
2024_0412_04:34:13 16 3.49375 12.01875
2024_0412_04:36:20 16 83.06875 83.68125
2024_0412_04:36:43 16 -0.18125 -1.10625
2024_0412_04:37:25 16 77.89375 74.5
2024_0412_04:38:06 16 82.24375 80.54375
2024_0412_04:38:17 17 0.45 -0.25
2024_0412_04:38:20 16 85.51875 86.03125
2024_0412_04:38:26 17 80.6 80.55625
2024_0412_04:38:28 17 89.31875 -2.1125
2024_0412_04:38:40 17 6.74375 -7.91875
2024_0412_04:38:45 17 13.3125 0.975
2024_0412_04:38:47 17 10.13125 10.71875
2024_0412_04:38:51 17 81.71875 80.99375
2024_0412_04:38:58 17 16.4375 -16.58125
2024_0412_04:39:28 17 10.23125 -7.4125
2024_0412_04:39:30 17 54.45625 -4.7625
2024_0412_04:41:55 17 -0.3375 0.76875
2024_0412_04:44:17 17 84.825 86.2
2024_0412_04:44:38 17 80.70625 82.5125
2024_0412_04:45:13 17 41.5125 80.225
2024_0412_04:45:49 17 84.6125 85.1125
2024_0412_04:45:57 17 81.93125 83.4375
2024_0412_04:46:04 17 0.21875 -0.25625
2024_0412_04:46:10 17 1.125 -0.69375
2024_0412_04:46:17 17 82.30625 83.1875
2024_0412_04:46:27 17 0.63125 -0.65
2024_0412_04:46:33 17 36.4 36.11875
2024_0412_04:46:36 17 83.25625 84.28125
2024_0412_04:46:39 17 0.66875 -0.63125
2024_0412_04:46:46 17 -0.66875 -0.3625
2024_0412_04:47:12 17 1.75625 -0.76875
2024_0412_04:47:21 17 78.70625 82.65
2024_0412_04:49:44 17 2.4625 3.31875
2024_0412_04:52:01 17 84.29375 80.9
2024_0412_04:52:32 18 0.2375 -0.43125
2024_0412_04:53:05 18 38.7875 88.8875
2024_0412_04:53:30 18 0.66875 -0.7
2024_0412_04:53:37 18 -0.2 0.75
2024_0412_04:53:48 18 -2.2875 0.06875
2024_0412_04:54:01 18 81.84375 81.54375
2024_0412_04:54:05 18 -0.59375 -1.75625
2024_0412_04:54:14 18 -33.73125 33.225
2024_0412_04:54:17 18 -49.08125 39.50625
2024_0412_04:54:18 18 74.1 8.525
2024_0412_04:54:26 18 1.00625 0.39375
2024_0412_04:54:34 18 5.4125 2.7625
2024_0412_04:55:08 18 84.3375 80.1125
2024_0412_04:55:09 18 -0.66875 -0.79375
2024_0412_04:57:40 18 0.29375 0.55625
2024_0412_04:59:46 18 84.76875 88.16875
2024_0412_05:00:18 18 -1.625 -0.30625
2024_0412_05:00:48 18 85.79375 85.86875
2024_0412_05:01:11 18 80.025 82.1375
2024_0412_05:01:23 18 19.225 13.1125
2024_0412_05:01:34 18 81.01875 85.0625
2024_0412_05:01:43 18 48.29375 81.9
2024_0412_05:01:57 18 -1.30625 -3.85625
2024_0412_05:01:59 18 -1.14375 -0.7
2024_0412_05:02:04 18 86.0125 86.05
2024_0412_05:02:11 18 82.35625 78.35625
2024_0412_05:02:15 18 -15.78125 15.575
2024_0412_05:02:44 18 1.64375 40.24375
2024_0412_05:02:52 18 -99.9875 99.9875
2024_0412_05:02:57 18 47.70625 -47.5625
2024_0412_05:05:26 18 86.9 86.95625
2024_0412_05:07:29 18 2.40625 0.38125
2024_0412_05:08:07 18 82.925 80.64375
2024_0412_05:08:36 18 25.23125 39.49375
2024_0412_05:08:54 18 14.1125 14.75
2024_0412_05:09:15 19 -7.79375 7.525
2024_0412_05:09:26 19 95.65 -17.55
2024_0412_05:09:34 19 -1.15625 -0.20625
2024_0412_05:09:39 19 9.55 -7.81875
2024_0412_05:09:48 19 35.2625 59.5625
2024_0412_05:09:51 19 80.66875 79.3875
2024_0412_05:10:01 19 39.8625 -3.6875
2024_0412_05:10:04 19 46.61875 56.71875
2024_0412_05:10:24 19 -49.99375 49.9875
2024_0412_05:10:30 19 49.975 -49.91875
2024_0412_05:10:51 19 -1.35625 1.25
2024_0412_05:13:09 19 99.9875 49.99375
2024_0412_05:15:10 19 16.775 -16.775
2024_0412_05:16:00 19 13.0625 16.8125
2024_0412_05:16:20 19 -99.9875 99.975
2024_0412_05:16:53 19 1.8625 -0.35
2024_0412_05:17:05 19 -49.7375 50.56875
2024_0412_05:17:10 19 79.5 -80.0625
2024_0412_05:17:19 20 -9.09375 8.425
2024_0412_05:17:24 19 84.75 84.1375
2024_0412_05:17:42 20 86.2 82.6375
2024_0412_05:17:45 20 86.19375 85.9125
2024_0412_05:17:48 20 -0.425 -0.0875
2024_0412_05:17:51 20 4.9625 5.93125
2024_0412_05:18:12 20 77.4 80.68125
2024_0412_05:20:56 20 11.7375 19.78125
2024_0412_05:21:02 20 -0.15 -0.14375
2024_0412_05:23:01 20 0.80625 1.06875
2024_0412_05:23:19 20 84.68125 84.91875
2024_0412_05:23:42 20 85.99375 86.15625
2024_0412_05:24:10 20 0.28125 1.54375
2024_0412_05:24:34 20 13.80625 -13.16875
2024_0412_05:24:54 20 40.69375 -2.2375
2024_0412_05:24:56 20 0.1625 -0.06875
2024_0412_05:24:56 20 -0.55 0.03125
2024_0412_05:25:04 20 0.1125 0.65
2024_0412_05:25:22 14 0.05 -0.4625
2024_0412_05:25:22 20 36.19375 91.99375
2024_0412_05:25:26 14 -0.8125 1.0625
2024_0412_05:25:28 14 39.19375 82.275
2024_0412_05:25:49 15 -0.74375 0.71875
2024_0412_05:28:13 15 84.61875 85.5125
2024_0412_05:28:22 15 7.33125 12.13125
2024_0412_05:30:02 16 11.53125 9.3625
2024_0412_05:34:28 20 81.425 81.16875
2024_0412_05:36:08 20 -2.0125 18.10625
2024_0412_05:43:48 11 -0.925 0.01875
2024_0412_05:43:48 8 76.25625 80.84375
2024_0412_05:43:50 2 81.18125 79.85
2024_0412_05:43:50 10 85.91875 85.8375
2024_0412_05:43:51 1 86.2625 85.66875
2024_0412_05:43:51 2 60.875 77.10625
2024_0412_05:43:52 7 85.13125 85.575
2024_0412_05:43:53 3 79.10625 81.01875
2024_0412_05:43:54 4 80.15625 75.0125
2024_0412_05:43:54 2 83.125 78.4625
2024_0412_05:43:56 2 82.7875 80.96875
2024_0412_05:43:57 6 85.9375 85.2375
2024_0412_05:43:58 8 85.20625 85.19375
2024_0412_05:44:00 2 83.90625 84.39375
2024_0412_05:45:24 11 -0.26875 0.08125
2024_0412_05:49:41 11 0.55625 1.99375
2024_0412_05:51:26 11 80.26875 82.88125
2024_0412_05:51:27 11 1.05625 -1.65625
2024_0412_05:51:27 11 -17.8375 56.5625
2024_0412_05:51:29 11 -1.28125 0.2375
2024_0412_05:51:30 11 49.9875 49.9875
2024_0412_05:51:32 11 86.10625 85.96875
2024_0412_05:51:33 11 -0.475 0.225
2024_0412_05:51:33 11 99.9875 99.9875
2024_0412_05:51:36 11 0.6625 0.43125
2024_0412_05:51:37 11 85.95 86.94375
2024_0412_05:51:41 11 82.1 77.7125
2024_0412_05:51:47 11 86.99375 87.58125
2024_0412_05:51:48 11 85.25 86.1
2024_0412_05:51:50 11 0.50625 -0.1625
2024_0412_05:53:07 11 0.3375 0.14375
2024_0412_05:57:20 11 -0.625 -0.51875
2024_0412_05:59:03 11 -0.95 -0.0875
2024_0412_05:59:08 11 81.0625 81.50625
2024_0412_05:59:08 11 -49.99375 99.9875
2024_0412_05:59:09 11 81.46875 80.025
2024_0412_05:59:12 11 82.68125 78.89375
2024_0412_05:59:12 11 -0.46875 -0.55
2024_0412_05:59:14 11 -1.06875 -0.975
2024_0412_05:59:14 11 81.61875 81.46875
2024_0412_05:59:16 11 -0.00625 -0.15625
2024_0412_05:59:20 11 85.35625 86.3625
2024_0412_05:59:26 11 0.925 0.50625
2024_0412_05:59:28 11 -0.11875 0.425
2024_0412_05:59:29 11 0.66875 1.425
2024_0412_05:59:29 11 -0.08125 -0.6375
2024_0412_06:00:53 11 -1.375 0.25
2024_0412_06:04:54 11 -1.75625 -0.58125
2024_0412_06:06:44 11 82.69375 81.475
2024_0412_06:06:47 11 83.2625 81.39375
2024_0412_06:06:47 11 -1.53125 -0.08125
2024_0412_06:06:50 11 79.5125 80.6
2024_0412_06:06:53 11 -1.05 -0.25
2024_0412_06:06:53 11 0.95 0.89375
2024_0412_06:06:55 11 84.93125 84.65625
2024_0412_06:06:57 11 -0.625 0.2375
2024_0412_06:07:04 11 36.475 37.4875
2024_0412_06:07:05 11 -0.225 0.41875
2024_0412_06:07:05 11 -0.6625 -0.5875
2024_0412_06:07:06 11 85.35625 85.4125
2024_0412_06:07:07 11 99.9875 99.975
2024_0412_06:07:18 11 -1.28125 0.40625
2024_0412_06:08:27 11 -0.06875 0.95625
2024_0412_06:12:40 11 80.59375 80.875
2024_0412_06:14:26 11 -1.525 1.06875
2024_0412_06:14:27 11 -0.6 0.2875
2024_0412_06:14:31 11 0.05625 0.8875
2024_0412_06:14:33 11 0.175 1.5625
2024_0412_06:14:34 11 9.01875 20.7
2024_0412_06:14:37 11 -49.98125 99.9625
2024_0412_06:14:41 11 -0.56875 -1.5375
2024_0412_06:14:42 11 -0.3 -0.05
2024_0412_06:14:45 11 -0.08125 0.9
2024_0412_06:14:46 11 -1.41875 0.06875
2024_0412_06:14:51 11 85.3625 84.05625
2024_0412_06:14:51 11 0.4 -0.8875
2024_0412_06:14:56 11 84.96875 84.21875
2024_0412_06:14:57 11 -0.8125 -0.0625
2024_0412_06:16:07 11 -0.91875 -0.15625
2024_0412_06:20:20 11 81.95625 78.9875
2024_0412_06:22:06 11 80.98125 82.95625
2024_0412_06:22:08 11 41.5125 -6.19375
2024_0412_06:22:12 11 100.0 100.0
2024_0412_06:22:12 11 0.75 1.6875
2024_0412_06:22:17 11 86.0 85.90625
2024_0412_06:22:20 11 49.9875 -99.9875
2024_0412_06:22:20 11 0.23125 0.44375
2024_0412_06:22:23 11 -0.74375 0.6125
2024_0412_06:22:24 11 82.76875 82.45625
2024_0412_06:22:27 11 0.3375 0.20625
2024_0412_06:22:27 11 38.0 80.6375
2024_0412_06:22:28 11 1.0125 -0.225
2024_0412_06:22:37 11 -0.98125 -0.6125
2024_0412_06:22:46 11 0.1125 1.93125
2024_0412_06:23:47 11 83.4 79.0125
2024_0412_06:28:02 11 10.125 13.9875
2024_0412_06:29:44 11 -1.25 -0.0625
2024_0412_06:29:47 11 49.99375 -49.9875
2024_0412_06:29:51 11 0.88125 -0.0625
2024_0412_06:29:51 11 86.4375 86.49375
2024_0412_06:29:52 11 -0.7625 0.15625
2024_0412_06:29:59 11 0.33125 -1.2125
2024_0412_06:30:00 11 0.24375 0.19375
2024_0412_06:30:05 11 -0.25625 -0.06875
2024_0412_06:30:08 11 1.05 0.5375
2024_0412_06:30:13 11 80.59375 78.6875
2024_0412_06:30:13 11 81.1 75.21875
2024_0412_06:30:24 11 0.425 -0.475
2024_0412_06:30:27 11 -1.2875 -1.225
2024_0412_06:30:30 11 85.675 85.825
2024_0412_06:31:31 11 85.14375 89.075
2024_0412_06:35:40 11 84.98125 86.14375
2024_0412_06:37:21 11 0.14375 -0.15
2024_0412_06:37:23 11 86.10625 86.58125
2024_0412_06:37:30 11 86.60625 85.31875
2024_0412_06:37:32 11 81.2875 82.5
2024_0412_06:37:33 11 -1.61875 -0.025
2024_0412_06:37:37 11 -0.13125 -1.5
2024_0412_06:37:44 11 0.675 -0.23125
2024_0412_06:37:46 11 84.7875 84.35
2024_0412_06:37:51 11 1.44375 1.18125
2024_0412_06:37:51 11 86.41875 81.05625
2024_0412_06:37:53 11 85.9 86.5125
2024_0412_06:38:03 11 80.7875 83.18125
2024_0412_06:38:07 11 82.64375 81.06875
2024_0412_06:38:12 11 0.46875 0.94375
2024_0412_06:39:11 11 0.24375 0.6875
2024_0412_06:43:19 11 36.09375 28.48125
2024_0412_06:45:06 11 -0.06875 0.225
2024_0412_06:45:13 11 0.85625 -0.475
2024_0412_06:45:14 11 -99.9875 -99.98125
2024_0412_06:45:16 11 49.99375 49.99375
2024_0412_06:45:16 11 0.125 -0.94375
2024_0412_06:45:23 11 0.275 -0.0625
2024_0412_06:45:27 11 82.01875 84.1125
2024_0412_06:45:30 11 0.68125 0.50625
2024_0412_06:45:32 11 -0.8375 0.36875
2024_0412_06:45:33 11 82.8125 82.19375
2024_0412_06:45:42 11 0.90625 -0.0375
2024_0412_06:45:43 11 11.58125 7.98125
2024_0412_06:45:56 11 -0.78125 0.9125
2024_0412_06:45:58 11 -0.14375 0.29375
2024_0412_06:46:54 11 -99.9875 -49.99375
2024_0412_06:50:58 11 -2.14375 0.24375
2024_0412_06:52:43 11 -99.975 99.9625
2024_0412_06:52:51 11 85.28125 84.9375
2024_0412_06:52:55 11 1.29375 0.01875
2024_0412_06:52:56 11 0.73125 0.3
2024_0412_06:53:00 12 86.84375 86.00625
2024_0412_06:53:05 12 13.6 14.475
2024_0412_06:53:07 12 0.45 -0.38125
2024_0412_06:53:08 12 86.24375 85.925
2024_0412_06:53:12 12 49.99375 99.9875
2024_0412_06:53:19 12 85.64375 82.68125
2024_0412_06:53:29 12 49.99375 -99.9875
2024_0412_06:53:30 12 49.9875 99.975
2024_0412_06:53:33 12 81.05625 82.375
2024_0412_06:53:49 12 87.4375 87.1625
2024_0412_06:54:40 12 0.93125 0.90625
2024_0412_06:58:45 12 76.8125 82.43125
2024_0412_07:00:30 12 0.78125 1.0125
2024_0412_07:00:39 12 -3.7625 39.0125
2024_0412_07:00:41 12 20.575 35.25
2024_0412_07:00:43 12 12.3375 11.79375
2024_0412_07:00:46 12 100.0 100.0
2024_0412_07:00:50 12 -0.6125 -0.31875
2024_0412_07:00:53 12 -0.6375 -0.46875
2024_0412_07:00:59 12 79.11875 79.7625
2024_0412_07:01:05 12 82.68125 82.25625
2024_0412_07:01:06 12 84.1375 85.25
2024_0412_07:01:15 12 85.94375 85.93125
2024_0412_07:01:15 12 -1.3 -0.56875
2024_0412_07:01:21 12 -0.44375 0.20625
2024_0412_07:01:38 12 82.36875 80.0125
2024_0412_07:02:47 12 1.6375 0.04375
2024_0412_07:06:33 12 0.175 0.1125
2024_0412_07:08:17 12 87.19375 87.40625
2024_0412_07:08:28 12 87.2875 84.6375
2024_0412_07:08:29 12 1.35 -0.25625
2024_0412_07:08:31 12 83.35625 83.825
2024_0412_07:08:38 12 -0.25 -0.125
2024_0412_07:08:40 12 1.40625 0.075
2024_0412_07:08:45 12 -0.46875 -1.0875
2024_0412_07:08:50 12 0.4375 -1.175
2024_0412_07:08:51 12 35.3625 29.3875
2024_0412_07:08:56 12 80.6125 81.63125
2024_0412_07:09:04 12 1.95 0.1125
2024_0412_07:09:06 12 0.6625 0.9625
2024_0412_07:09:06 12 80.26875 37.35
2024_0412_07:09:28 12 68.9875 67.225
2024_0412_07:10:48 12 0.4375 0.3
2024_0412_07:14:18 12 -0.9375 0.1125
2024_0412_07:16:05 12 80.1125 81.2
2024_0412_07:16:14 12 81.425 81.44375
2024_0412_07:16:20 12 86.41875 89.44375
2024_0412_07:16:24 12 0.825 1.025
2024_0412_07:16:31 12 79.4625 73.1875
2024_0412_07:16:33 12 69.19375 68.6875
2024_0412_07:16:40 12 81.26875 76.19375
2024_0412_07:16:43 12 85.84375 86.99375
2024_0412_07:16:44 12 86.05 85.7
2024_0412_07:16:46 12 85.5375 45.2125
2024_0412_07:16:50 12 1.0875 -1.4125
2024_0412_07:16:54 12 -14.03125 62.475
2024_0412_07:16:59 12 38.38125 37.56875
2024_0412_07:17:12 12 1.1 1.63125
2024_0412_07:18:38 12 80.35 79.7
2024_0412_07:22:07 12 0.21875 -0.71875
2024_0412_07:23:57 12 82.7 81.41875
2024_0412_07:24:11 12 0.90625 -0.075
2024_0412_07:24:13 12 81.38125 78.55
2024_0412_07:24:19 12 -0.39375 0.55625
2024_0412_07:24:21 12 -0.375 0.23125
2024_0412_07:24:24 12 81.85 79.31875
2024_0412_07:24:26 12 86.475 85.68125
2024_0412_07:24:29 12 -0.55625 -0.5625
2024_0412_07:24:35 12 86.06875 86.10625
2024_0412_07:24:37 12 -0.63125 -0.29375
2024_0412_07:24:38 12 12.54375 16.64375
2024_0412_07:24:53 12 80.5875 80.575
2024_0412_07:24:59 12 -1.35625 -0.875
2024_0412_07:25:02 12 0.0375 -1.0
2024_0412_07:26:30 12 80.6125 81.4625
2024_0412_07:29:51 12 -0.8875 0.5625
2024_0412_07:31:58 12 -0.575 -0.55625
2024_0412_07:32:02 12 78.9875 80.74375
2024_0412_07:32:05 12 86.79375 86.91875
2024_0412_07:32:10 12 84.53125 79.59375
2024_0412_07:32:12 12 85.15625 85.03125
2024_0412_07:32:13 12 0.45625 -0.8
2024_0412_07:32:17 12 -1.49375 -0.11875
2024_0412_07:32:18 12 -99.975 -49.9875
2024_0412_07:32:22 12 -0.90625 0.31875
2024_0412_07:32:27 12 86.16875 86.3875
2024_0412_07:32:32 12 81.7875 80.9375
2024_0412_07:32:45 12 99.99375 49.9875
2024_0412_07:32:46 12 1.20625 -0.3
2024_0412_07:32:56 12 81.6125 82.725
2024_0412_07:34:18 12 81.9625 77.69375
2024_0412_07:37:41 12 73.19375 79.4625
2024_0412_07:39:45 12 -49.9875 49.9875
2024_0412_07:39:52 12 85.975 86.38125
2024_0412_07:40:03 12 86.1875 86.00625
2024_0412_07:40:04 12 87.25625 87.64375
2024_0412_07:40:06 12 78.7375 82.78125
2024_0412_07:40:07 12 82.4 89.5125
2024_0412_07:40:09 12 84.6625 84.84375
2024_0412_07:40:14 12 -56.1375 60.79375
2024_0412_07:40:19 12 -29.3375 42.99375
2024_0412_07:40:36 12 79.3375 82.3125
2024_0412_07:40:38 12 86.9125 85.2625
2024_0412_07:40:38 12 33.3375 -34.21875
2024_0412_07:40:40 12 44.2625 42.58125
2024_0412_07:40:48 12 62.06875 79.59375
2024_0412_07:42:09 12 0.20625 -0.61875
2024_0412_07:45:38 12 -1.45625 -0.60625
2024_0412_07:47:35 12 86.4375 86.3375
2024_0412_07:47:35 12 -99.975 99.98125
2024_0412_07:47:50 12 -0.95625 -0.75
2024_0412_07:47:52 12 81.75625 81.54375
2024_0412_07:47:53 12 -28.18125 87.4625
2024_0412_07:47:58 12 38.73125 -10.375
2024_0412_07:48:00 13 9.94375 -10.45
2024_0412_07:48:00 13 1.43125 -1.825
2024_0412_07:48:08 13 71.05 82.7125
2024_0412_07:48:24 13 89.70625 12.35
2024_0412_07:48:29 13 79.9625 78.10625
2024_0412_07:48:30 13 85.06875 84.59375
2024_0412_07:48:37 13 12.93125 14.33125
2024_0412_07:48:44 13 85.14375 84.89375
2024_0412_07:49:58 13 -0.8125 0.28125
2024_0412_07:53:24 13 0.50625 0.4375
2024_0412_07:55:24 13 -49.84375 50.3
2024_0412_07:55:28 13 38.45625 38.8125
2024_0412_07:55:39 13 0.3375 0.58125
2024_0412_07:55:43 13 35.79375 38.34375
2024_0412_07:55:50 13 0.06875 2.03125
2024_0412_07:55:50 13 0.54375 0.0625
2024_0412_07:55:51 13 1.90625 -0.68125
2024_0412_07:55:54 13 13.4 61.475
2024_0412_07:56:18 13 1.5625 5.225
2024_0412_07:56:23 13 78.48125 81.85
2024_0412_07:56:25 13 0.18125 -0.6625
2024_0412_07:56:28 13 -49.99375 -49.99375
2024_0412_07:56:35 13 0.625 -1.43125
2024_0412_07:56:36 13 38.60625 36.56875
2024_0412_07:57:48 13 -1.13125 0.4875
2024_0412_08:01:13 13 -0.6 0.20625
2024_0412_08:03:09 13 -0.79375 -0.1
2024_0412_08:03:17 13 63.00625 62.69375
2024_0412_08:03:27 13 -5.425 85.46875
2024_0412_08:03:27 13 -0.85625 -0.9875
2024_0412_08:03:42 13 0.325 -0.375
2024_0412_08:03:44 13 78.1875 81.0
2024_0412_08:03:48 13 -0.01875 -0.24375
2024_0412_08:03:53 13 12.25 13.3625
2024_0412_08:04:04 13 -0.41875 -0.43125
2024_0412_08:04:13 13 0.98125 -0.35
2024_0412_08:04:17 13 86.83125 87.21875
2024_0412_08:04:20 13 -49.975 99.9625
2024_0412_08:04:21 13 87.2875 87.45
2024_0412_08:04:25 13 81.55 83.025
2024_0412_08:05:33 13 80.675 80.51875
2024_0412_08:08:56 13 6.0125 -1.69375
2024_0412_08:10:57 13 0.1 0.34375
2024_0412_08:11:07 13 0.025 -0.60625
2024_0412_08:11:07 13 -0.29375 -1.275
2024_0412_08:11:10 13 -5.3375 40.925
2024_0412_08:11:27 13 55.5375 64.30625
2024_0412_08:11:29 13 0.95 0.43125
2024_0412_08:11:33 13 -9.40625 8.68125
2024_0412_08:11:35 13 83.725 85.16875
2024_0412_08:11:46 13 6.20625 -0.68125
2024_0412_08:11:59 13 37.53125 37.825
2024_0412_08:12:00 13 -49.99375 -49.99375
2024_0412_08:12:07 13 3.19375 -3.1625
2024_0412_08:12:07 13 86.53125 86.225
2024_0412_08:12:09 13 45.80625 -34.69375
2024_0412_08:13:18 13 85.15 84.6
2024_0412_08:16:36 13 -0.425 0.18125
2024_0412_08:18:45 13 1.225 -0.43125
2024_0412_08:18:49 13 -0.13125 -0.24375
2024_0412_08:18:51 13 49.99375 -49.99375
2024_0412_08:18:52 13 -8.7375 39.425
2024_0412_08:19:05 13 -9.4625 10.8875
2024_0412_08:19:12 13 3.09375 2.1
2024_0412_08:19:15 13 -0.50625 -1.29375
2024_0412_08:19:20 13 83.0875 81.45
2024_0412_08:19:27 13 -0.325 0.63125
2024_0412_08:19:38 13 -9.93125 9.2375
2024_0412_08:19:39 13 0.3375 -0.28125
2024_0412_08:19:49 13 0.31875 0.85625
2024_0412_08:19:49 13 85.19375 85.1
2024_0412_08:19:58 13 99.98125 99.94375
2024_0412_08:20:59 13 27.725 25.36875
2024_0412_08:24:19 13 76.86875 83.11875
2024_0412_08:26:28 13 77.725 84.43125
2024_0412_08:26:31 13 85.71875 86.275
2024_0412_08:26:31 13 0.6625 0.3125
2024_0412_08:26:32 13 84.63125 84.0
2024_0412_08:26:43 13 -0.03125 0.8
2024_0412_08:26:55 13 -4.18125 39.80625
2024_0412_08:26:56 13 -0.26875 0.4625
2024_0412_08:26:59 13 -7.5125 30.54375
2024_0412_08:27:07 13 -2.9 -1.4375
2024_0412_08:27:16 13 -0.8125 -0.25625
2024_0412_08:27:26 13 -1.75 -0.325
2024_0412_08:27:33 13 87.76875 79.2625
2024_0412_08:27:35 13 86.4625 81.3625
2024_0412_08:27:40 13 -1.06875 -0.2
2024_0412_08:28:41 13 0.35625 -0.86875
2024_0412_08:32:00 13 49.99375 99.9875
2024_0412_08:34:10 13 0.71875 -0.68125
2024_0412_08:34:11 13 -0.6625 4.14375
2024_0412_08:34:13 13 80.6625 80.28125
2024_0412_08:34:14 13 0.46875 -0.9125
2024_0412_08:34:21 13 87.03125 87.29375
2024_0412_08:34:47 13 -0.5 -0.34375
2024_0412_08:34:49 13 8.68125 7.08125
2024_0412_08:35:13 13 44.775 85.53125
2024_0412_08:35:19 13 12.325 9.49375
2024_0412_08:35:28 13 81.7 85.36875
2024_0412_08:36:22 13 90.8875 39.9
2024_0412_08:39:13 13 -6.5625 43.6125
2024_0412_08:39:42 13 27.975 39.68125
2024_0412_08:39:47 13 36.36875 38.625
2024_0412_08:40:00 13 84.625 85.4125
2024_0412_08:41:46 13 19.9625 20.3125
2024_0412_08:41:53 13 -2.125 0.69375
2024_0412_08:41:56 13 85.0625 79.20625
2024_0412_08:41:58 13 79.725 81.9
2024_0412_08:42:04 13 14.43125 14.6
2024_0412_08:42:28 13 80.7375 83.25
2024_0412_08:42:29 13 0.15 0.55625
2024_0412_08:42:56 13 38.63125 37.79375
2024_0412_08:42:59 13 -0.49375 -1.16875
2024_0412_08:43:07 13 0.56875 0.15625
2024_0412_08:44:01 13 0.6625 0.7
2024_0412_08:46:53 13 89.70625 85.275
2024_0412_08:47:22 13 -0.3125 1.21875
2024_0412_08:47:25 13 84.875 83.2
2024_0412_08:47:28 13 -0.23125 0.24375
2024_0412_08:47:41 13 0.225 -0.08125
2024_0412_08:49:23 13 -0.64375 0.1
2024_0412_08:49:31 13 -1.9375 0.54375
2024_0412_08:49:34 13 0.63125 -0.275
2024_0412_08:49:35 13 0.86875 -0.775
2024_0412_08:49:43 13 -1.15625 -1.45
2024_0412_08:50:14 13 86.125 84.15625
2024_0412_08:50:18 13 -1.46875 1.5375
2024_0412_08:50:31 13 0.2375 -0.15625
2024_0412_08:50:37 13 -8.54375 42.11875
2024_0412_08:50:58 13 0.25 0.23125
2024_0412_08:51:46 13 2.8375 -0.3875
2024_0412_08:54:42 13 84.69375 85.44375
2024_0412_08:55:04 13 0.53125 -1.7625
2024_0412_08:55:09 13 81.23125 70.4
2024_0412_08:55:19 13 82.325 33.56875
2024_0412_08:55:21 13 -1.03125 0.15
2024_0412_08:57:03 13 -0.33125 0.68125
2024_0412_08:57:10 13 52.41875 -52.625
2024_0412_08:57:13 13 86.25625 85.875
2024_0412_08:57:22 13 79.39375 77.175
2024_0412_08:57:28 13 3.64375 23.99375
2024_0412_08:57:52 13 74.775 78.0875
2024_0412_08:58:02 13 0.125 -0.2375
2024_0412_08:58:17 13 0.88125 0.7125
2024_0412_08:58:18 13 88.9375 85.28125
2024_0412_08:58:38 13 85.55625 80.41875
2024_0412_08:59:31 13 -1.9125 3.66875
2024_0412_09:02:19 13 -33.6125 33.875
2024_0412_09:02:46 13 77.35625 77.95
2024_0412_09:02:51 13 -0.5625 0.66875
2024_0412_09:03:01 13 0.9375 -0.3375
2024_0412_09:03:06 13 0.4875 39.325
2024_0412_09:04:43 13 37.95 38.08125
2024_0412_09:04:54 13 68.175 67.625
2024_0412_09:05:01 13 84.375 84.10625
2024_0412_09:05:10 13 79.45 83.525
2024_0412_09:05:11 13 8.175 8.9625
2024_0412_09:05:38 13 13.6375 16.00625
2024_0412_09:05:45 13 -0.5375 0.425
2024_0412_09:06:00 13 2.175 0.34375
2024_0412_09:06:08 13 82.325 83.175
2024_0412_09:06:16 13 -1.49375 0.525
2024_0412_09:07:34 13 16.0625 15.9625
2024_0412_09:10:00 13 7.0 24.91875
2024_0412_09:10:31 13 83.025 83.09375
2024_0412_09:10:35 13 88.1875 85.05625
2024_0412_09:10:42 13 19.85625 -19.875
2024_0412_09:10:44 13 9.2375 5.34375
2024_0412_09:12:22 13 82.1875 83.06875
2024_0412_09:12:31 13 0.7375 -1.71875
2024_0412_09:12:42 13 84.29375 87.4375
2024_0412_09:12:50 13 -0.975 2.4
2024_0412_09:12:52 13 -0.60625 0.48125
2024_0412_09:13:14 13 0.68125 0.1875
2024_0412_09:13:24 13 -0.15625 0.1
2024_0412_09:13:37 13 39.45625 -25.2
2024_0412_09:13:52 13 0.06875 -1.40625
2024_0412_09:13:54 13 81.3 81.60625
2024_0412_09:15:11 13 -0.24375 0.9875
2024_0412_09:17:44 13 83.21875 80.3125
2024_0412_09:18:12 13 85.30625 83.4125
2024_0412_09:18:13 13 10.0375 -9.9
2024_0412_09:18:20 13 99.9875 -49.99375
2024_0412_09:18:22 13 -0.55 0.2875
2024_0412_09:20:04 13 -49.9875 49.99375
2024_0412_09:20:13 14 -13.6875 16.1
2024_0412_09:20:19 14 0.725 -0.48125
2024_0412_09:20:28 14 49.9875 -49.975
2024_0412_09:20:34 14 85.85 86.3625
2024_0412_09:20:54 14 0.26875 1.01875
2024_0412_09:21:16 14 84.475 84.28125
2024_0412_09:21:32 14 -1.2625 -0.50625
2024_0412_09:21:37 14 0.96875 -0.975
2024_0412_09:23:02 14 10.85625 34.70625
2024_0412_09:23:03 14 -0.475 -0.0125
2024_0412_09:25:21 14 1.13125 0.0375
2024_0412_09:25:52 14 -1.65 -0.2
2024_0412_09:25:55 14 82.65 80.56875
2024_0412_09:25:58 14 54.9125 45.80625
2024_0412_09:26:05 14 63.5125 66.44375
2024_0412_09:27:40 14 80.675 29.6
2024_0412_09:27:56 14 -0.53125 -2.20625
2024_0412_09:28:03 14 86.53125 85.8
2024_0412_09:28:08 14 -0.475 0.1125
2024_0412_09:28:11 14 -0.06875 2.375
2024_0412_09:28:36 14 0.69375 6.2
2024_0412_09:28:58 14 86.45625 84.26875
2024_0412_09:29:16 14 49.9875 -49.98125
2024_0412_09:29:25 14 0.98125 -0.2625
2024_0412_09:30:41 14 6.35625 9.64375
2024_0412_09:30:45 14 80.6875 82.59375
2024_0412_09:32:55 14 -0.3125 40.75625
2024_0412_09:33:28 14 1.03125 1.03125
2024_0412_09:33:36 14 51.4125 74.7
2024_0412_09:33:42 14 -1.81875 -0.68125
2024_0412_09:33:52 14 83.31875 81.9875
2024_0412_09:35:15 14 0.01875 -0.01875
2024_0412_09:35:33 14 8.25625 -8.43125
2024_0412_09:35:40 14 1.90625 -0.63125
2024_0412_09:35:51 14 81.175 81.33125
2024_0412_09:35:52 14 86.64375 40.8375
2024_0412_09:36:08 14 0.89375 -0.79375
2024_0412_09:36:36 14 10.06875 8.175
2024_0412_09:36:54 14 10.86875 -11.40625
2024_0412_09:37:10 14 0.55 0.00625
2024_0412_09:38:23 14 -0.5 0.4375
2024_0412_09:38:30 14 80.5125 83.39375
2024_0412_09:40:34 14 -19.55 68.65
2024_0412_09:41:08 14 -49.99375 -99.96875
2024_0412_09:41:08 14 -0.13125 -1.4875
2024_0412_09:41:29 14 86.28125 86.1375
2024_0412_09:41:40 14 82.28125 82.60625
2024_0412_09:42:49 14 -16.5625 15.8125
2024_0412_09:43:15 14 0.09375 -0.59375
2024_0412_09:43:20 14 86.1 86.98125
2024_0412_09:43:27 14 -10.88125 9.7
2024_0412_09:43:32 14 87.73125 81.60625
2024_0412_09:43:44 14 84.5375 85.3875
2024_0412_09:44:20 14 -10.15 9.89375
2024_0412_09:44:34 14 80.425 35.175
2024_0412_09:45:00 14 83.10625 85.9625
2024_0412_09:46:03 14 29.33125 30.03125
2024_0412_09:46:06 14 85.7375 85.5
2024_0412_09:48:12 14 85.4875 84.96875
2024_0412_09:48:50 14 0.9 2.23125
2024_0412_09:49:03 14 -2.81875 4.75
2024_0412_09:49:10 14 0.95625 -0.01875
2024_0412_09:49:21 14 0.4125 -0.06875
2024_0412_09:50:30 14 14.8375 13.0
2024_0412_09:51:01 14 0.13125 0.075
2024_0412_09:51:01 14 80.79375 79.64375
2024_0412_09:51:02 14 -0.39375 -0.55625
2024_0412_09:51:18 14 80.8 78.35625
2024_0412_09:51:33 14 -0.6625 1.03125
2024_0412_09:51:58 14 -0.04375 -0.05625
2024_0412_09:52:12 14 0.5 1.825
2024_0412_09:52:45 14 36.13125 42.8625
2024_0412_09:53:41 14 0.46875 0.79375
2024_0412_09:53:44 14 3.6 9.33125
2024_0412_09:55:53 14 77.76875 37.50625
2024_0412_09:56:27 14 83.0625 82.3625
2024_0412_09:56:35 14 0.38125 1.66875
2024_0412_09:56:47 14 -20.21875 19.83125
2024_0412_09:57:00 14 -1.1875 -0.3625
2024_0412_09:58:11 14 80.9375 78.28125
2024_0412_09:58:35 14 99.9875 -49.99375
2024_0412_09:58:41 14 86.325 85.4375
2024_0412_09:58:45 14 0.2625 -0.04375
2024_0412_09:58:55 14 0.2875 1.2875
2024_0412_09:59:07 14 -0.61875 -0.85625
2024_0412_09:59:32 14 0.1125 0.39375
2024_0412_09:59:47 14 78.60625 80.525
2024_0412_10:01:18 14 8.51875 24.34375
2024_0412_10:01:20 14 0.55 0.1375
2024_0412_10:03:34 14 76.19375 80.0
2024_0412_10:04:03 14 85.40625 86.75
2024_0412_10:04:10 14 1.40625 1.18125
2024_0412_10:04:22 14 0.98125 -0.24375
2024_0412_10:04:37 14 -0.3875 0.48125
2024_0412_10:04:44 14 15.24375 32.86875
2024_0412_10:05:52 14 34.21875 85.8375
2024_0412_10:06:13 14 81.38125 82.93125
2024_0412_10:06:31 14 -3.4875 44.725
2024_0412_10:06:33 14 -39.875 40.2125
2024_0412_10:06:37 14 37.24375 4.175
2024_0412_10:06:44 14 0.56875 -1.2875
2024_0412_10:07:08 14 0.325 0.14375
2024_0412_10:07:34 14 78.575 81.3375
2024_0412_10:09:01 14 36.65 76.1625
2024_0412_10:09:03 14 -1.09375 76.61875
2024_0412_10:11:08 14 34.2875 -1.96875
2024_0412_10:11:36 14 -1.31875 -1.01875
2024_0412_10:11:49 14 1.725 3.88125
2024_0412_10:11:56 14 59.9625 -60.23125
2024_0412_10:12:13 14 88.29375 79.93125
2024_0412_10:12:21 14 -0.13125 0.7875
2024_0412_10:13:32 14 62.91875 63.18125
2024_0412_10:13:48 14 82.8 82.5875
2024_0412_10:14:12 14 80.2875 80.33125
2024_0412_10:14:17 14 84.725 11.5
2024_0412_10:14:20 14 -0.65 -0.175
2024_0412_10:14:47 14 -0.275 0.275
2024_0412_10:15:16 14 0.8 0.01875
2024_0412_10:16:36 14 81.0 80.975
2024_0412_10:16:39 14 84.64375 83.70625
2024_0412_10:17:11 14 0.14375 0.16875
2024_0412_10:18:55 14 1.175 11.8875
2024_0412_10:19:13 14 -0.5875 0.28125
2024_0412_10:19:23 14 1.23125 0.9125
2024_0412_10:19:37 14 83.55625 86.4125
2024_0412_10:19:53 14 -5.45625 48.6625
2024_0412_10:20:01 14 80.925 44.06875
2024_0412_10:21:09 14 83.04375 78.70625
2024_0412_10:21:25 14 46.80625 -42.0125
2024_0412_10:21:51 14 86.34375 87.6125
2024_0412_10:21:57 14 86.01875 86.2125
2024_0412_10:21:59 14 81.3125 78.7875
2024_0412_10:22:26 14 89.05 86.1
2024_0412_10:22:55 14 1.2625 0.16875
2024_0412_10:24:15 14 -12.9125 48.25625
2024_0412_10:24:20 14 -36.26875 35.875
2024_0412_10:24:49 14 0.24375 0.51875
2024_0412_10:26:42 14 25.525 18.66875
2024_0412_10:26:51 14 84.80625 83.95625
2024_0412_10:27:00 14 4.91875 0.6125
2024_0412_10:27:20 14 38.9125 39.96875
2024_0412_10:27:36 14 -1.0 0.26875
2024_0412_10:27:49 14 38.68125 38.11875
2024_0412_10:28:49 14 77.94375 80.6625
2024_0412_10:29:03 14 82.88125 80.63125
2024_0412_10:29:38 14 -34.5 33.575
2024_0412_10:29:40 14 82.03125 76.89375
2024_0412_10:29:43 14 39.78125 -8.2875
2024_0412_10:30:05 14 -0.525 -0.85625
2024_0412_10:30:34 14 48.8625 -5.5125
2024_0412_10:31:52 14 -6.9875 8.2375
2024_0412_10:32:05 14 59.31875 -11.4875
2024_0412_10:32:25 14 -99.9875 -99.975
2024_0412_10:34:21 14 82.6 80.5625
2024_0412_10:34:33 14 -0.3375 -0.79375
2024_0412_10:34:59 14 6.31875 1.725
2024_0412_10:35:16 14 82.625 84.3875
2024_0412_10:35:28 14 -1.025 0.6625
2024_0412_10:36:44 14 80.3 65.64375
2024_0412_10:36:48 14 85.78125 84.63125
2024_0412_10:37:17 14 80.675 80.7875
2024_0412_10:37:22 14 0.0875 0.1875
2024_0412_10:37:25 14 -0.1875 0.3125
2024_0412_10:37:45 14 0.3875 -1.44375
2024_0412_10:38:12 14 0.90625 -0.64375
2024_0412_10:39:33 14 -0.0875 0.075
2024_0412_10:39:40 14 86.225 83.63125
2024_0412_10:39:43 14 79.16875 86.525
2024_0412_10:40:03 14 -10.14375 9.03125
2024_0412_10:42:00 14 81.225 78.59375
2024_0412_10:42:16 14 71.50625 70.1125
2024_0412_10:42:40 14 2.2375 -1.875
2024_0412_10:42:55 14 0.35 0.09375
2024_0412_10:43:05 14 76.075 79.2
2024_0412_10:44:22 14 1.60625 -0.54375
2024_0412_10:44:24 14 80.60625 80.425
2024_0412_10:44:56 14 77.2625 83.04375
2024_0412_10:45:02 14 85.06875 84.85
2024_0412_10:45:09 14 -6.14375 37.70625
2024_0412_10:45:22 14 -5.38125 48.73125
2024_0412_10:45:49 14 0.23125 -1.1875
2024_0412_10:47:11 15 30.5375 7.4375
2024_0412_10:47:17 15 20.2 22.4
2024_0412_10:47:28 15 -1.48125 -3.29375
2024_0412_10:47:55 15 78.85 85.7125
2024_0412_10:49:36 15 81.19375 68.25625
2024_0412_10:50:07 15 84.1 85.83125
2024_0412_10:50:16 15 26.6125 -3.3
2024_0412_10:50:27 15 0.40625 -0.18125
2024_0412_10:52:17 15 -0.19375 0.3625
2024_0412_10:52:33 15 -1.01875 0.63125
2024_0412_10:52:35 15 11.4 -10.3
2024_0412_10:52:45 15 86.88125 85.63125
2024_0412_10:52:57 15 -1.40625 -0.51875
2024_0412_10:53:26 15 81.8 80.9875
2024_0412_10:54:03 15 84.0125 69.89375
2024_0412_10:54:52 15 -0.7375 0.075
2024_0412_10:55:04 15 46.1875 -22.63125
2024_0412_10:55:04 15 10.1875 10.3625
2024_0412_10:55:43 15 12.51875 87.6
2024_0412_10:56:47 15 12.2125 -12.54375
2024_0412_10:57:18 15 29.6375 -23.125
2024_0412_10:57:56 15 81.74375 78.59375
2024_0412_10:57:59 15 8.4875 -8.41875
2024_0412_10:58:06 15 81.81875 83.35
2024_0412_10:59:58 15 0.49375 -0.68125
2024_0412_11:00:09 15 -0.0375 -0.4125
2024_0412_11:00:12 15 86.01875 83.3375
2024_0412_11:00:27 15 86.1 86.0875
2024_0412_11:00:36 15 76.31875 50.73125
2024_0412_11:01:03 15 19.625 2.85625
2024_0412_11:01:39 15 89.575 39.75
2024_0412_11:02:33 15 85.86875 80.14375
2024_0412_11:02:49 15 85.59375 87.09375
2024_0412_11:03:01 15 1.25625 -1.475
2024_0412_11:03:31 15 9.20625 -9.33125
2024_0412_11:04:59 15 80.025 80.40625
2024_0412_11:05:32 15 -6.74375 7.6625
2024_0412_11:05:39 15 -0.01875 0.11875
2024_0412_11:05:43 15 -0.0875 0.1625
2024_0412_11:07:35 15 0.34375 0.89375
2024_0412_11:07:47 15 69.93125 90.9875
2024_0412_11:07:58 15 80.9625 80.45
2024_0412_11:08:04 15 84.9625 85.83125
2024_0412_11:08:17 15 83.29375 77.26875
2024_0412_11:08:41 15 75.4625 81.0625
2024_0412_11:09:25 15 85.9 89.1125
2024_0412_11:09:50 15 79.46875 81.0125
2024_0412_11:10:12 15 88.6125 85.74375
2024_0412_11:10:30 15 86.13125 86.20625
2024_0412_11:10:31 15 0.3625 0.075
2024_0412_11:11:15 15 0.825 -0.1625
2024_0412_11:12:46 15 26.05625 27.875
2024_0412_11:13:14 15 -2.84375 4.075
2024_0412_11:13:15 15 14.575 14.94375
2024_0412_11:13:20 15 64.25 64.65625
2024_0412_11:15:14 15 1.375 -1.66875
2024_0412_11:15:24 15 -0.0875 -0.3125
2024_0412_11:15:36 15 81.025 40.01875
2024_0412_11:15:51 15 72.28125 82.025
2024_0412_11:15:54 15 2.5 -0.51875
2024_0412_11:16:30 15 42.76875 44.03125
2024_0412_11:17:03 15 -3.83125 40.875
2024_0412_11:18:04 15 0.78125 -0.34375
2024_0412_11:18:09 15 8.0 8.8875
2024_0412_11:18:30 15 65.4875 87.10625
2024_0412_11:19:00 15 -9.2625 8.825
2024_0412_11:20:29 15 81.94375 41.28125
2024_0412_11:20:49 15 -0.04375 0.83125
2024_0412_11:20:51 15 1.34375 0.84375
2024_0412_11:20:57 15 19.175 18.08125
2024_0412_11:21:54 15 -49.99375 -49.99375
2024_0412_11:22:53 15 84.9375 83.93125
2024_0412_11:23:08 15 -0.41875 1.29375
2024_0412_11:23:14 15 -0.0375 0.0375
2024_0412_11:23:28 15 -99.9625 99.9625
2024_0412_11:24:08 15 1.19375 0.14375
2024_0412_11:24:42 15 -1.55 0.10625
2024_0412_11:25:48 15 -4.21875 47.9625
2024_0412_11:25:52 15 73.69375 80.2375
2024_0412_11:26:09 15 81.875 82.225
2024_0412_11:26:39 15 37.35 36.575
2024_0412_11:28:10 15 36.83125 88.0
2024_0412_11:28:28 15 42.11875 41.475
2024_0412_11:28:31 15 85.875 85.38125
2024_0412_11:28:54 15 -0.88125 0.58125
2024_0412_11:29:31 15 -2.8 1.1125
2024_0412_11:29:51 15 85.89375 85.4875
2024_0412_11:30:37 15 -10.1625 9.7
2024_0412_11:30:52 15 -49.99375 49.98125
2024_0412_11:30:52 15 81.44375 82.05625
2024_0412_11:31:11 15 0.1 -0.475
2024_0412_11:31:47 15 1.65625 -0.61875
2024_0412_11:32:19 15 81.81875 81.05
2024_0412_11:33:25 15 -16.0125 37.0375
2024_0412_11:33:38 15 -0.0125 0.09375
2024_0412_11:33:48 15 87.31875 88.26875
2024_0412_11:34:13 15 -0.54375 -0.23125
2024_0412_11:35:50 15 13.28125 -13.0125
2024_0412_11:36:05 15 0.025 0.975
2024_0412_11:36:17 15 87.3375 82.33125
2024_0412_11:36:40 15 74.0 82.25625
2024_0412_11:37:05 15 -2.7125 -0.30625
2024_0412_11:37:26 15 -0.70625 0.85
2024_0412_11:38:21 15 -2.4 38.23125
2024_0412_11:38:29 15 1.14375 -0.5
2024_0412_11:38:33 15 62.0375 65.61875
2024_0412_11:38:47 15 -21.93125 54.96875
2024_0412_11:39:38 15 0.55 7.1125
2024_0412_11:40:05 15 80.9 81.975
2024_0412_11:41:05 15 99.975 100.0
2024_0412_11:41:16 15 36.05 36.125
2024_0412_11:41:49 15 -0.91875 -0.94375
2024_0412_11:41:57 15 68.75625 70.60625
2024_0412_11:43:24 15 0.8 0.24375
2024_0412_11:43:38 15 49.9875 -99.975
2024_0412_11:43:50 15 -0.30625 1.29375
2024_0412_11:44:19 15 94.825 -29.70625
2024_0412_11:44:44 15 0.15625 0.71875
2024_0412_11:44:58 15 -1.1875 1.05
2024_0412_11:46:02 15 82.075 68.1
2024_0412_11:46:04 15 0.4375 2.1375
2024_0412_11:46:07 15 79.58125 79.66875
2024_0412_11:46:20 15 81.00625 82.19375
2024_0412_11:47:24 15 43.825 40.16875
2024_0412_11:47:37 15 72.6875 80.65625
2024_0412_11:48:42 15 64.41875 73.05
2024_0412_11:48:43 15 82.8125 39.30625
2024_0412_11:49:17 15 0.4375 -0.35625
2024_0412_11:49:28 15 2.68125 3.3
2024_0412_11:50:59 15 0.1375 -0.18125
2024_0412_11:51:04 15 -0.0125 0.0
2024_0412_11:51:14 15 33.61875 -34.29375
2024_0412_11:51:47 15 27.93125 -27.58125
2024_0412_11:52:06 15 -17.51875 17.1875
2024_0412_11:52:25 15 82.6875 80.15625
2024_0412_11:53:25 15 0.15625 0.53125
2024_0412_11:53:32 15 85.025 83.48125
2024_0412_11:53:48 15 88.15625 84.63125
2024_0412_11:54:27 15 -0.25 -0.55
2024_0412_11:54:50 15 -10.4375 9.175
2024_0412_11:55:12 15 -1.5375 -1.51875
2024_0412_11:56:04 15 0.93125 -0.59375
2024_0412_11:56:08 15 68.0125 81.625
2024_0412_11:56:37 15 0.3375 0.3375
2024_0412_11:56:50 15 -10.45 9.88125
2024_0412_11:58:15 15 0.89375 -0.65
2024_0412_11:58:27 15 41.09375 79.95625
2024_0412_11:58:53 15 36.85625 7.36875
2024_0412_11:59:14 15 84.8375 81.74375
2024_0412_11:59:50 15 41.00625 -1.3625
2024_0412_12:00:52 15 80.74375 67.51875
2024_0412_12:00:56 15 85.80625 85.975
2024_0412_12:01:26 15 0.1875 -1.09375
2024_0412_12:01:48 15 -0.0875 1.7
2024_0412_12:02:23 15 13.74375 12.56875
2024_0412_12:02:43 15 82.4125 80.80625
2024_0412_12:03:24 15 -18.74375 20.05625
2024_0412_12:03:43 15 0.2875 0.0375
2024_0412_12:03:57 15 14.9625 15.55
2024_0412_12:04:07 15 0.39375 -1.6625
2024_0412_12:04:14 15 -0.3375 -0.475
2024_0412_12:05:47 15 84.04375 82.6
2024_0412_12:05:55 15 -0.0875 -0.03125
2024_0412_12:06:22 15 78.375 83.2875
2024_0412_12:06:38 15 -0.15 -1.09375
2024_0412_12:07:11 15 -2.15625 -1.4625
2024_0412_12:08:20 15 3.9625 -3.8375
2024_0412_12:08:25 15 85.34375 84.8875
2024_0412_12:08:47 15 0.65625 1.025
2024_0412_12:09:09 15 49.99375 99.975
2024_0412_12:09:48 15 1.7375 -3.3125
2024_0412_12:10:28 16 -0.03125 0.46875
2024_0412_12:10:48 16 20.61875 -18.1375
2024_0412_12:11:11 16 0.6875 -0.48125
2024_0412_12:11:27 16 -11.325 11.4625
2024_0412_12:11:28 16 33.2 -5.2625
2024_0412_12:11:40 16 87.54375 86.63125
2024_0412_12:13:11 16 18.28125 -17.3375
2024_0412_12:13:28 16 77.93125 81.7375
2024_0412_12:14:04 16 55.43125 -10.00625
2024_0412_12:14:34 16 17.29375 -16.74375
2024_0412_12:15:38 16 82.625 80.75
2024_0412_12:15:51 16 82.40625 80.6
2024_0412_12:15:51 16 60.75625 75.48125
2024_0412_12:16:17 16 43.26875 43.19375
2024_0412_12:16:39 16 -0.8625 -0.775
2024_0412_12:17:14 16 15.84375 -16.64375
2024_0412_12:17:52 16 48.60625 52.6875
2024_0412_12:18:15 16 88.8375 84.86875
2024_0412_12:18:41 16 1.04375 0.5875
2024_0412_12:18:51 16 -0.64375 -0.20625
2024_0412_12:19:02 16 88.71875 86.19375
2024_0412_12:19:03 16 -0.09375 0.45625
2024_0412_12:20:36 16 34.90625 84.4875
2024_0412_12:21:03 16 73.90625 81.3875
2024_0412_12:21:27 16 81.24375 79.8625
2024_0412_12:22:19 16 -0.5375 -0.79375
2024_0412_12:22:58 16 16.45625 -17.20625
2024_0412_12:23:18 16 86.61875 86.88125
2024_0412_12:23:19 16 17.10625 -16.3875
2024_0412_12:23:41 16 -34.65 60.125
2024_0412_12:24:06 16 81.75625 78.0375
2024_0412_12:24:39 16 -5.44375 6.76875
2024_0412_12:25:21 16 -0.64375 0.4375
2024_0412_12:25:44 16 -1.025 0.025
2024_0412_12:26:11 16 0.1125 0.5
2024_0412_12:26:20 16 1.11875 0.275
2024_0412_12:26:27 16 9.66875 -9.525
2024_0412_12:26:38 16 -0.725 1.1625
2024_0412_12:27:57 16 86.65625 81.175
2024_0412_12:28:28 16 -0.2375 0.2125
2024_0412_12:28:52 16 85.69375 47.15
2024_0412_12:29:41 16 12.98125 12.525
2024_0412_12:30:24 16 -1.89375 -0.58125
2024_0412_12:30:43 16 68.50625 68.8625
2024_0412_12:30:50 16 85.25625 86.325
2024_0412_12:31:17 16 -2.13125 24.075
2024_0412_12:31:29 16 80.93125 81.69375
2024_0412_12:31:59 16 0.4625 2.13125
2024_0412_12:32:44 16 1.85 0.84375
2024_0412_12:33:17 16 83.29375 67.25
2024_0412_12:33:37 16 67.16875 66.475
2024_0412_12:33:47 16 82.48125 75.1875
2024_0412_12:33:52 16 -1.3125 -0.64375
2024_0412_12:34:02 16 1.28125 0.00625
2024_0412_12:35:22 16 86.74375 85.325
2024_0412_12:35:58 16 -10.20625 9.90625
2024_0412_12:36:30 16 72.40625 37.275
2024_0412_12:37:06 16 85.075 83.8
2024_0412_12:37:46 16 85.38125 85.64375
2024_0412_12:38:08 16 61.7625 46.225
2024_0412_12:38:14 16 35.81875 66.8375
2024_0412_12:38:50 16 -0.29375 0.1875
2024_0412_12:38:51 16 0.4 0.65625
2024_0412_12:39:24 16 24.89375 8.71875
2024_0412_12:40:08 16 35.725 86.16875
2024_0412_12:40:41 16 87.075 87.58125
2024_0412_12:40:57 16 29.2375 -17.96875
2024_0412_12:41:08 16 25.0 -24.9375
2024_0412_12:41:15 16 26.31875 26.4
2024_0412_12:41:36 16 87.5625 85.86875
2024_0412_12:43:26 16 86.74375 86.125
2024_0412_12:44:02 16 79.93125 81.94375
2024_0412_12:44:34 16 37.61875 88.93125
2024_0412_12:45:30 16 88.6875 86.3
2024_0412_12:45:32 16 0.425 -0.01875
2024_0412_12:45:41 16 83.75 76.9375
2024_0412_12:45:55 16 -4.96875 25.26875
2024_0412_12:46:14 16 0.2 0.28125
2024_0412_12:46:37 16 89.91875 85.1625
2024_0412_12:46:48 16 81.8 85.1
2024_0412_12:47:43 16 85.925 85.25
2024_0412_12:48:14 16 10.1125 -10.24375
2024_0412_12:48:21 16 -0.2 -0.8125
2024_0412_12:48:34 16 -49.99375 -49.9875
2024_0412_12:48:46 16 -0.65 0.0375
2024_0412_12:50:56 16 0.1875 0.2
2024_0412_12:51:35 16 -0.4 -0.025
2024_0412_12:53:10 16 78.575 46.18125
2024_0412_12:53:20 16 -7.0875 9.4625
2024_0412_12:53:32 16 -17.35 15.86875
2024_0412_12:53:54 16 -99.9875 49.99375
2024_0412_12:54:22 16 80.8875 75.43125
2024_0412_12:54:51 16 58.81875 22.05
2024_0412_12:54:57 16 86.98125 87.3125
2024_0412_12:55:51 16 5.8875 0.09375
2024_0412_12:56:03 16 17.7125 17.9875
2024_0412_12:56:13 16 79.525 82.6
2024_0412_12:56:27 16 0.2 0.65625
2024_0412_12:56:39 16 53.35 52.30625
2024_0412_12:57:07 16 5.7875 -0.45
2024_0412_12:58:10 16 9.8 -0.26875
2024_0412_12:58:49 16 12.78125 -2.4125
2024_0412_12:59:22 16 49.99375 -49.99375
2024_0412_13:01:06 16 0.93125 -0.45625
2024_0412_13:01:16 16 12.99375 11.79375
2024_0412_13:01:42 16 45.175 82.69375
2024_0412_13:02:14 16 1.1 2.2
2024_0412_13:02:34 16 49.99375 -49.99375
2024_0412_13:02:46 16 0.9625 38.05
2024_0412_13:03:36 16 84.88125 85.94375
2024_0412_13:04:03 16 32.8375 -27.90625
2024_0412_13:04:05 16 86.33125 85.36875
2024_0412_13:04:23 16 66.1125 68.7
2024_0412_13:04:30 16 44.00625 -7.58125
2024_0412_13:06:04 16 -0.15 0.3375
2024_0412_13:06:35 16 0.36875 -0.775
2024_0412_13:07:10 16 -11.33125 10.325
2024_0412_13:07:18 16 0.93125 -0.775
2024_0412_13:08:51 16 0.075 0.28125
2024_0412_13:08:54 16 -0.48125 0.51875
2024_0412_13:09:03 16 0.1875 1.3625
2024_0412_13:09:36 16 86.025 85.95
2024_0412_13:10:05 16 9.45 12.175
2024_0412_13:10:25 16 1.24375 -0.05
2024_0412_13:10:45 16 88.6625 85.79375
2024_0412_13:11:25 16 80.66875 83.9
2024_0412_13:11:54 16 67.825 68.25625
2024_0412_13:12:10 16 -9.74375 9.13125
2024_0412_13:12:23 16 -0.3 -0.2125
2024_0412_13:13:58 16 11.39375 -9.975
2024_0412_13:14:27 16 -1.2 -0.275
2024_0412_13:15:00 16 -0.0375 0.63125
2024_0412_13:15:10 16 81.9875 81.6875
2024_0412_13:15:52 16 -37.76875 38.24375
2024_0412_13:16:39 16 0.44375 -0.3375
2024_0412_13:16:52 16 -0.11875 5.44375
2024_0412_13:17:11 16 1.03125 0.44375
2024_0412_13:17:25 17 -0.28125 -2.125
2024_0412_13:17:58 17 75.69375 81.39375
2024_0412_13:18:24 17 86.60625 85.44375
2024_0412_13:18:33 17 0.06875 4.4875
2024_0412_13:19:15 17 -16.675 30.3
2024_0412_13:19:59 17 81.81875 81.0125
2024_0412_13:20:05 17 84.95625 85.525
2024_0412_13:20:20 17 82.93125 80.23125
2024_0412_13:21:49 17 22.1625 56.08125
2024_0412_13:22:18 17 -0.53125 0.3625
2024_0412_13:22:55 17 52.4 39.49375
2024_0412_13:23:38 17 -0.4 0.1125
2024_0412_13:23:49 17 0.6375 1.025
2024_0412_13:24:24 17 9.95625 4.65
2024_0412_13:24:54 17 -0.99375 -1.2
2024_0412_13:25:09 17 80.69375 81.14375
2024_0412_13:25:17 17 12.4 16.25625
2024_0412_13:25:58 17 -1.08125 0.2
2024_0412_13:26:12 17 40.075 -40.14375
2024_0412_13:26:24 17 85.70625 85.98125
2024_0412_13:27:06 17 -0.1875 1.075
2024_0412_13:27:55 17 -0.21875 0.35
2024_0412_13:28:03 17 -0.34375 0.01875
2024_0412_13:28:11 17 83.39375 82.56875
2024_0412_13:29:39 17 -0.69375 0.2875
2024_0412_13:30:12 17 42.175 44.10625
2024_0412_13:30:48 17 7.8375 54.46875
2024_0412_13:31:38 17 -1.19375 0.26875
2024_0412_13:31:41 17 -5.81875 5.1
2024_0412_13:32:19 17 -50.29375 50.59375
2024_0412_13:32:43 17 -18.0125 58.81875
2024_0412_13:32:59 17 6.3125 13.1125
2024_0412_13:33:08 17 12.7875 9.575
2024_0412_13:33:55 17 40.59375 -40.0
2024_0412_13:33:59 17 67.95625 79.5375
2024_0412_13:34:19 17 49.21875 72.59375
2024_0412_13:35:00 17 16.2625 7.68125
2024_0412_13:35:47 17 0.5375 -0.49375
2024_0412_13:36:02 17 71.9125 70.51875
2024_0412_13:36:14 17 76.90625 77.91875
2024_0412_13:37:36 17 34.55625 35.175
2024_0412_13:38:07 17 85.7125 86.6
2024_0412_13:38:45 17 -5.6875 6.2125
2024_0412_13:39:35 17 65.75 66.2125
2024_0412_13:39:36 17 83.13125 83.15
2024_0412_13:40:36 17 86.10625 86.1125
2024_0412_13:40:43 17 1.2 0.175
2024_0412_13:40:44 17 79.06875 61.34375
2024_0412_13:40:58 17 81.525 81.025
2024_0412_13:41:42 17 -7.33125 28.68125
2024_0412_13:41:55 17 65.025 65.1375
2024_0412_13:42:09 17 14.5625 -8.43125
2024_0412_13:42:48 17 23.81875 24.10625
2024_0412_13:43:32 17 1.36875 0.0125
2024_0412_13:43:49 17 85.43125 86.88125
2024_0412_13:44:09 17 0.675 -0.6375
2024_0412_13:45:31 17 -10.925 27.975
2024_0412_13:46:37 17 64.3 76.56875
2024_0412_13:46:38 17 85.7125 85.64375
2024_0412_13:47:25 17 10.28125 -9.275
2024_0412_13:48:29 17 1.5625 -3.26875
2024_0412_13:48:32 17 0.19375 -0.0625
2024_0412_13:48:46 17 64.64375 64.1
2024_0412_13:48:55 17 14.6875 16.45625
2024_0412_13:49:59 17 9.0625 34.85625
2024_0412_13:50:02 17 86.21875 85.8875
2024_0412_13:50:04 17 -100.0 -49.9625
2024_0412_13:50:51 17 80.89375 87.59375
2024_0412_13:51:33 17 86.15 84.15
2024_0412_13:51:42 17 0.66875 0.49375
2024_0412_13:51:54 17 -14.89375 12.23125
2024_0412_13:52:27 17 18.10625 0.85625
2024_0412_13:53:46 17 -0.1375 -0.65
2024_0412_13:54:46 17 10.0125 6.4375
2024_0412_13:55:33 17 81.75 75.23125
2024_0412_13:56:43 17 68.6125 68.70625
2024_0412_13:56:54 17 28.46875 13.675
2024_0412_13:57:02 17 -0.34375 0.05
2024_0412_13:58:07 17 0.36875 -1.75625
2024_0412_13:58:15 17 4.3625 0.6625
2024_0412_13:58:26 17 61.2625 64.03125
2024_0412_13:59:01 17 -18.6125 21.10625
2024_0412_13:59:41 17 -0.00625 1.46875
2024_0412_13:59:52 17 80.19375 63.14375
2024_0412_14:00:27 17 0.4625 0.2875
2024_0412_14:00:50 17 83.55625 82.9125
2024_0412_14:01:01 17 78.21875 86.03125
2024_0412_14:01:53 17 8.20625 5.28125
2024_0412_14:02:30 17 11.04375 -9.1
2024_0412_14:02:57 17 -9.95 10.175
2024_0412_14:03:38 17 1.56875 -6.18125
2024_0412_14:04:58 17 -8.00625 8.26875
2024_0412_14:05:07 17 11.68125 -12.25
2024_0412_14:05:10 17 -0.65625 0.06875
2024_0412_14:06:17 17 86.05 86.06875
2024_0412_14:06:23 17 -5.29375 5.81875
2024_0412_14:06:32 17 2.0375 2.2375
2024_0412_14:07:08 17 -0.975 -0.9875
2024_0412_14:07:51 17 0.70625 -0.925
2024_0412_14:08:01 17 52.86875 74.4375
2024_0412_14:08:36 17 81.225 82.05
2024_0412_14:09:04 17 -8.875 13.6375
2024_0412_14:09:06 17 -0.00625 0.66875
2024_0412_14:10:01 17 0.3875 -0.1875
2024_0412_14:10:40 17 -25.74375 25.4375
2024_0412_14:11:08 17 81.88125 81.23125
2024_0412_14:13:05 17 -0.425 -1.16875
2024_0412_14:13:10 17 0.44375 0.50625
2024_0412_14:13:11 17 -1.18125 -0.2875
2024_0412_14:14:19 17 18.31875 10.8375
2024_0412_14:14:37 17 -9.31875 10.6375
2024_0412_14:15:11 17 2.75625 0.10625
2024_0412_14:16:05 17 -2.175 -0.80625
2024_0412_14:16:20 17 24.9375 43.75625
2024_0412_14:17:04 17 23.93125 23.95625
2024_0412_14:17:12 17 81.9875 81.56875
2024_0412_14:17:17 17 -20.45625 13.18125
2024_0412_14:17:24 17 0.1625 0.73125
2024_0412_14:18:05 17 -0.44375 -0.34375
2024_0412_14:18:40 17 -0.74375 -1.2875
2024_0412_14:19:28 17 -1.0625 -0.4875
2024_0412_14:21:12 17 85.48125 85.49375
2024_0412_14:21:20 17 0.175 -1.2625
2024_0412_14:21:42 17 0.11875 -0.1875
2024_0412_14:22:27 17 16.3 13.2
2024_0412_14:22:31 17 0.425 -0.3125
2024_0412_14:22:44 17 72.25 81.0125
2024_0412_14:23:12 17 0.1375 -0.63125
2024_0412_14:24:11 17 35.28125 15.2
2024_0412_14:25:04 17 -0.35 -0.95
2024_0412_14:25:25 17 84.06875 36.975
2024_0412_14:25:27 17 -4.45625 0.6
2024_0412_14:25:28 17 0.11875 -0.1375
2024_0412_14:25:39 17 -1.125 0.88125
2024_0412_14:26:13 17 82.66875 81.76875
2024_0412_14:27:41 17 19.26875 -3.99375
2024_0412_14:29:18 17 11.5375 -10.99375
2024_0412_14:29:30 17 48.78125 -50.00625
2024_0412_14:29:59 17 84.375 87.20625
2024_0412_14:30:34 17 70.59375 82.4875
2024_0412_14:30:40 17 -4.175 4.3375
2024_0412_14:30:58 17 47.0 -10.85625
2024_0412_14:31:16 17 -0.8625 -0.34375
2024_0412_14:32:19 17 22.4625 26.3875
2024_0412_14:33:18 17 15.99375 15.5625
2024_0412_14:33:34 17 -1.24375 -0.29375
2024_0412_14:33:39 17 70.1 80.775
2024_0412_14:33:42 18 32.775 -8.7
2024_0412_14:34:22 18 86.6375 35.5625
2024_0412_14:35:51 18 75.63125 76.25625
2024_0412_14:36:02 18 48.4375 -5.65
2024_0412_14:36:46 18 -0.75625 18.89375
2024_0412_14:37:32 18 1.3875 0.5625
2024_0412_14:37:37 18 1.325 0.84375
2024_0412_14:38:19 18 0.1625 -0.35625
2024_0412_14:39:01 18 1.19375 -1.36875
2024_0412_14:39:05 18 21.8625 30.225
2024_0412_14:39:14 18 86.15625 86.3125
2024_0412_14:39:30 18 65.44375 76.0625
2024_0412_14:40:34 18 -6.4125 29.39375
2024_0412_14:41:32 18 12.60625 -0.29375
2024_0412_14:41:39 18 -0.10625 2.0875
2024_0412_14:41:47 18 75.73125 79.425
2024_0412_14:42:09 18 62.125 53.45
2024_0412_14:42:28 18 0.85625 -0.36875
2024_0412_14:43:59 18 88.93125 85.0375
2024_0412_14:44:12 18 -0.5125 -0.05625
2024_0412_14:44:49 18 84.41875 84.96875
2024_0412_14:45:43 18 -4.6625 32.8375
2024_0412_14:45:54 18 -2.04375 -0.05625
2024_0412_14:46:24 18 -10.05625 9.4875
2024_0412_14:47:21 18 78.96875 81.1125
2024_0412_14:47:24 18 -0.5125 -2.05
2024_0412_14:47:35 18 -0.3625 0.66875
2024_0412_14:47:47 18 81.78125 82.875
2024_0412_14:48:44 18 16.85625 -10.36875
2024_0412_14:49:44 18 -0.75625 0.65
2024_0412_14:49:56 18 0.5 1.06875
2024_0412_14:50:01 18 81.48125 79.7625
2024_0412_14:50:17 18 -4.28125 5.3125
2024_0412_14:50:33 18 0.9625 0.025
2024_0412_14:52:05 18 61.06875 -0.66875
2024_0412_14:52:48 18 84.33125 85.11875
2024_0412_14:53:49 18 10.53125 11.4625
2024_0412_14:54:09 18 0.83125 0.2125
2024_0412_14:54:21 18 3.9 -20.5125
2024_0412_14:55:19 18 37.08125 37.4375
2024_0412_14:55:29 18 0.475 0.0375
2024_0412_14:55:35 18 1.00625 -0.725
2024_0412_14:55:50 18 85.74375 86.7125
2024_0412_14:56:39 18 40.68125 45.5625
2024_0412_14:57:48 18 86.4875 86.19375
2024_0412_14:57:51 18 -0.525 -0.41875
2024_0412_14:58:04 18 14.00625 -2.475
2024_0412_14:58:07 18 -5.91875 47.15625
2024_0412_14:58:18 18 -0.1125 -0.81875
2024_0412_14:58:34 18 30.93125 18.44375
2024_0412_15:00:17 18 5.1625 28.68125
2024_0412_15:00:57 18 -0.54375 -0.86875
2024_0412_15:01:59 18 75.38125 46.78125
2024_0412_15:02:19 18 -28.7375 47.6875
2024_0412_15:02:27 18 -7.06875 25.8
2024_0412_15:03:27 18 38.6375 38.5375
2024_0412_15:03:33 18 99.99375 -99.99375
2024_0412_15:04:07 18 0.05 -0.0125
2024_0412_15:04:49 18 0.48125 -1.04375
2024_0412_15:05:41 18 -37.20625 39.225
2024_0412_15:05:56 18 82.7 83.13125
2024_0412_15:05:57 18 88.725 79.6375
2024_0412_15:06:06 18 -0.14375 1.425
2024_0412_15:06:22 18 20.41875 33.05
2024_0412_15:06:22 18 73.85 54.0375
2024_0412_15:06:41 18 80.34375 81.15
2024_0412_15:08:47 18 85.48125 76.18125
2024_0412_15:09:08 18 22.73125 56.6
2024_0412_15:10:18 18 -20.10625 20.1125
2024_0412_15:10:28 18 -11.5125 12.3375
2024_0412_15:10:29 18 -1.24375 1.9125
2024_0412_15:11:40 18 86.525 85.64375
2024_0412_15:12:11 18 40.5375 91.65625
2024_0412_15:12:52 18 86.5875 86.39375
2024_0412_15:14:03 18 1.975 0.1
2024_0412_15:14:07 18 -0.09375 1.23125
2024_0412_15:14:13 18 86.5625 85.9875
2024_0412_15:14:25 18 -13.3125 13.00625
2024_0412_15:14:25 18 9.94375 9.98125
2024_0412_15:15:02 18 81.54375 81.65
2024_0412_15:16:51 18 12.7125 10.68125
2024_0412_15:17:26 18 -1.16875 3.4375
2024_0412_15:18:23 18 80.4875 80.51875
2024_0412_15:18:30 18 -1.45625 3.28125
2024_0412_15:18:32 18 -8.2 20.05625
2024_0412_15:18:40 18 0.375 -1.55625
2024_0412_15:20:02 18 0.0 99.9875
2024_0412_15:20:23 18 84.78125 85.10625
2024_0412_15:21:03 18 77.79375 83.71875
2024_0412_15:21:34 18 72.5 72.21875
2024_0412_15:22:12 18 34.36875 -0.825
2024_0412_15:22:19 18 -0.3 0.225
2024_0412_15:22:23 18 85.8875 85.4875
2024_0412_15:22:34 18 -10.93125 48.5625
2024_0412_15:23:04 18 -2.6875 3.44375
2024_0412_15:23:36 18 12.76875 11.39375
2024_0412_15:24:57 18 -0.4625 -0.6375
2024_0412_15:25:36 18 1.30625 0.35625
2024_0412_15:26:28 18 10.36875 -10.4
2024_0412_15:26:40 18 81.34375 73.975
2024_0412_15:26:47 18 80.59375 81.84375
2024_0412_15:26:51 18 -0.50625 -0.19375
2024_0412_15:28:27 18 77.2375 78.55
2024_0412_15:28:32 18 0.36875 0.05625
2024_0412_15:29:09 18 9.91875 9.93125
2024_0412_15:30:01 18 87.75 87.64375
2024_0412_15:30:16 18 32.2875 50.09375
2024_0412_15:30:25 18 99.975 49.9875
2024_0412_15:30:28 18 84.66875 79.425
2024_0412_15:30:42 18 15.1625 14.09375
2024_0412_15:31:06 18 4.6625 5.81875
2024_0412_15:31:42 18 99.975 -50.0
2024_0412_15:33:10 18 -0.375 0.225
2024_0412_15:33:59 18 83.34375 61.75625
2024_0412_15:34:48 18 0.36875 1.58125
2024_0412_15:34:48 18 12.175 -4.0875
2024_0412_15:34:53 18 67.2875 76.0875
2024_0412_15:34:57 18 1.3625 -1.14375
2024_0412_15:36:38 18 -4.25 4.8625
2024_0412_15:36:39 18 -0.15625 -0.54375
2024_0412_15:37:15 18 18.79375 -8.625
2024_0412_15:38:11 18 81.0625 79.08125
2024_0412_15:38:37 18 0.675 1.29375
2024_0412_15:38:38 18 78.275 80.1
2024_0412_15:38:54 18 1.0625 0.325
2024_0412_15:38:55 18 33.44375 -0.0375
2024_0412_15:39:17 18 0.725 0.2375
2024_0412_15:39:53 18 -1.625 1.74375
2024_0412_15:41:17 18 1.0125 0.5375
2024_0412_15:42:06 18 48.91875 48.94375
2024_0412_15:43:04 18 -0.26875 -0.1125
2024_0412_15:43:08 18 74.09375 86.40625
2024_0412_15:43:23 18 -0.7625 0.7625
2024_0412_15:43:24 18 80.6625 82.0
2024_0412_15:44:43 18 87.1 86.59375
2024_0412_15:44:44 18 85.525 85.1875
2024_0412_15:45:18 18 -6.24375 7.65
2024_0412_15:46:18 18 81.275 79.81875
2024_0412_15:46:39 18 9.84375 -9.925
2024_0412_15:46:39 18 86.96875 84.3875
2024_0412_15:46:59 18 -0.1625 -0.0125
2024_0412_15:47:03 18 12.43125 0.76875
2024_0412_15:47:54 18 0.4375 -0.85
2024_0412_15:49:20 18 -46.55 45.775
2024_0412_15:50:08 18 15.54375 16.19375
2024_0412_15:51:19 18 43.85625 -0.69375
2024_0412_15:51:26 18 -11.1625 9.44375
2024_0412_15:51:32 18 -0.13125 1.05
2024_0412_15:52:42 18 9.36875 -8.94375
2024_0412_15:52:51 18 3.6625 51.93125
2024_0412_15:53:37 18 86.26875 83.5
2024_0412_15:54:23 18 5.5625 5.49375
2024_0412_15:55:00 18 49.99375 -99.95
2024_0412_15:55:01 18 83.2125 83.11875
2024_0412_15:55:03 18 -1.45625 -2.20625
2024_0412_15:55:12 18 -0.26875 -0.29375
2024_0412_15:55:15 18 -1.4375 -0.9125
2024_0412_15:56:05 18 -0.20625 -0.48125
2024_0412_15:57:28 18 48.35 -7.45
2024_0412_15:57:31 18 11.85625 -11.48125
2024_0412_15:58:17 18 0.05 -1.025
2024_0412_15:59:32 18 83.21875 83.05625
2024_0412_15:59:35 18 17.46875 -16.95625
2024_0412_15:59:44 18 15.3625 15.05
2024_0412_16:00:52 18 -7.55625 78.725
2024_0412_16:01:07 18 1.66875 -1.21875
2024_0412_16:01:55 18 73.2375 82.225
2024_0412_16:02:40 18 -0.14375 1.11875
2024_0412_16:03:08 19 84.64375 88.0625
2024_0412_16:03:08 19 -0.30625 -1.4375
2024_0412_16:03:29 19 -1.075 -0.7
2024_0412_16:03:30 19 1.16875 -0.10625
2024_0412_16:04:11 19 0.9125 -0.10625
2024_0412_16:05:34 19 10.36875 3.4125
2024_0412_16:05:51 19 -0.35625 0.94375
2024_0412_16:06:47 19 80.9 81.925
2024_0412_16:07:50 19 88.41875 39.15
2024_0412_16:08:01 19 -0.95 0.96875
2024_0412_16:08:01 19 -13.95 14.45
2024_0412_16:09:05 19 82.01875 79.61875
2024_0412_16:09:18 19 83.0375 80.99375
2024_0412_16:10:14 19 83.38125 42.55
2024_0412_16:11:18 19 -2.91875 0.5625
2024_0412_16:11:26 19 82.93125 81.7625
2024_0412_16:11:41 19 -1.26875 0.5125
2024_0412_16:11:47 19 -0.34375 0.33125
2024_0412_16:11:59 19 0.325 -0.325
2024_0412_16:12:40 19 -1.50625 0.4875
2024_0412_16:13:39 19 1.84375 -0.18125
2024_0412_16:13:57 19 -0.3625 0.58125
2024_0412_16:14:48 19 -9.925 9.64375
2024_0412_16:15:48 19 0.38125 -0.1375
2024_0412_16:15:54 19 -1.53125 0.48125
2024_0412_16:16:05 19 83.3375 81.70625
2024_0412_16:17:02 19 1.45 1.1875
2024_0412_16:17:17 19 45.4125 81.3125
2024_0412_16:18:25 19 0.7125 -0.1875
2024_0412_16:19:09 19 0.79375 0.75
2024_0412_16:19:12 19 43.625 46.10625
2024_0412_16:19:25 19 -0.075 -0.21875
2024_0412_16:19:32 19 -0.84375 -1.5875
2024_0412_16:19:59 19 81.46875 84.0625
2024_0412_16:20:33 19 2.9 49.35625
2024_0412_16:21:41 19 13.8375 -14.99375
2024_0412_16:22:39 19 31.44375 8.41875
2024_0412_16:23:38 19 46.69375 55.1875
2024_0412_16:23:45 19 -0.29375 -0.38125
2024_0412_16:23:50 19 1.175 1.93125
2024_0412_16:25:02 19 1.34375 0.73125
2024_0412_16:25:10 19 0.26875 1.025
2024_0412_16:26:00 19 1.21875 0.4875
2024_0412_16:27:00 19 0.89375 -0.15625
2024_0412_16:27:05 19 10.05 -10.6875
2024_0412_16:27:22 19 7.74375 7.0
2024_0412_16:27:25 19 87.46875 84.2875
2024_0412_16:27:51 19 2.69375 -2.74375
2024_0412_16:28:28 19 15.20625 -16.99375
2024_0412_16:29:19 19 16.6875 -16.9125
2024_0412_16:29:28 19 38.34375 37.05625
2024_0412_16:30:28 19 -0.23125 -1.2625
2024_0412_16:31:27 19 -9.3875 4.39375
2024_0412_16:31:41 19 0.85 -2.1125
2024_0412_16:31:50 19 -7.73125 20.41875
2024_0412_16:32:37 19 74.8875 74.5
2024_0412_16:33:06 19 0.64375 -0.18125
2024_0412_16:33:07 19 -2.11875 38.75625
2024_0412_16:33:56 19 67.65 78.50625
2024_0412_16:34:49 19 76.30625 9.9375
2024_0412_16:35:06 19 -1.06875 -0.6
2024_0412_16:35:21 19 68.0875 79.98125
2024_0412_16:35:36 19 -0.65625 0.15
2024_0412_16:36:27 19 21.39375 -20.48125
2024_0412_16:37:11 19 86.11875 85.80625
2024_0412_16:37:36 19 3.84375 2.5125
2024_0412_16:38:18 19 10.18125 5.05625
2024_0412_16:39:38 19 -5.26875 12.59375
2024_0412_16:39:42 19 37.85625 37.84375
2024_0412_16:40:38 19 84.54375 85.35
2024_0412_16:41:03 19 0.85625 0.425
2024_0412_16:41:06 19 80.44375 82.45
2024_0412_16:41:14 19 0.40625 -1.1625
2024_0412_16:41:52 19 -0.7 0.33125
2024_0412_16:42:38 19 -49.95 49.95
2024_0412_16:42:56 19 -0.25 4.99375
2024_0412_16:43:17 19 -0.0875 -0.51875
2024_0412_16:43:43 19 0.03125 -0.75625
2024_0412_16:44:26 19 0.49375 0.66875
2024_0412_16:44:59 19 49.7375 -49.0
2024_0412_16:45:27 19 -0.38125 0.75625
2024_0412_16:46:21 20 85.9625 86.51875
2024_0412_16:47:41 20 0.44375 -0.06875
2024_0412_16:48:33 20 89.01875 71.75625
2024_0412_16:48:56 20 14.8625 4.36875
2024_0412_16:48:57 20 77.8625 80.99375
2024_0412_16:49:14 20 -0.3375 0.24375
2024_0412_16:49:47 20 36.33125 38.51875
2024_0412_16:50:31 20 10.45625 40.6375
2024_0412_16:50:44 20 49.99375 -99.975
2024_0412_16:51:04 20 62.83125 55.20625
2024_0412_16:51:06 20 -0.30625 0.75
2024_0412_16:51:45 20 14.7125 44.5375
2024_0412_16:52:27 20 -0.275 -0.2
2024_0412_16:52:48 20 -99.9875 50.0
2024_0412_16:53:42 20 -6.125 21.71875
2024_0412_16:54:12 20 -4.275 10.16875
2024_0412_16:54:31 20 13.45 1.2125
2024_0412_16:55:30 20 -4.08125 3.26875
2024_0412_16:56:27 20 82.175 82.675
2024_0412_16:56:43 20 2.7125 -2.625
2024_0412_16:56:52 20 8.65625 9.50625
2024_0412_16:57:29 20 44.7125 55.01875
2024_0412_16:58:13 20 31.2625 33.4625
2024_0412_16:58:39 20 84.94375 87.25625
2024_0412_16:58:41 20 83.9625 80.6625
2024_0412_16:58:52 20 -0.9125 0.41875
2024_0412_16:58:54 20 -0.45 -0.3375
2024_0412_16:59:41 20 -0.73125 -0.7375
2024_0412_17:00:22 20 -13.68125 12.88125
2024_0412_17:01:37 20 72.55 -1.1625
2024_0412_17:02:12 20 -0.475 -1.10625
2024_0412_17:02:17 20 9.9 -10.06875
2024_0412_17:03:21 20 82.98125 -7.25625
2024_0412_17:04:22 20 16.78125 -17.0125
2024_0412_17:04:56 20 0.00625 -0.00625
2024_0412_17:05:24 20 72.75625 79.0625
2024_0412_17:05:57 20 81.90625 81.475
2024_0412_17:06:27 20 -0.58125 -0.66875
2024_0412_17:06:41 20 -11.86875 12.69375
2024_0412_17:06:44 20 0.8875 -0.9875
2024_0412_17:06:46 20 -0.49375 -0.1
2024_0412_17:07:38 20 79.55 80.94375
2024_0412_17:07:53 20 63.6625 81.19375
2024_0412_17:08:12 20 85.8125 85.60625
2024_0412_17:09:28 20 49.99375 99.9875
2024_0412_17:09:59 20 4.9125 4.90625
2024_0412_17:10:05 20 -2.475 4.30625
2024_0412_17:10:06 20 50.03125 -49.85
2024_0412_17:11:04 20 0.13125 -1.5375
2024_0412_17:12:10 20 -0.375 -0.53125
2024_0412_17:12:50 20 85.09375 85.16875
2024_0412_17:13:24 20 39.01875 -0.53125
2024_0412_17:13:57 20 28.1 34.725
2024_0412_17:14:18 20 87.15 84.1875
2024_0412_17:14:28 20 12.325 10.8
2024_0412_17:14:38 20 85.88125 82.3375
2024_0412_17:14:48 20 76.275 83.4125
2024_0412_17:15:42 20 -14.71875 56.1125
2024_0412_17:15:53 20 13.44375 13.98125
2024_0412_17:16:03 20 -1.41875 44.63125
2024_0412_17:17:28 20 -1.45 -0.15
2024_0412_17:17:52 20 3.05625 3.14375
2024_0412_17:18:02 20 36.1875 37.325
2024_0412_17:18:11 20 83.11875 83.09375
2024_0412_17:19:33 20 16.25 14.1875
2024_0412_17:19:54 20 49.975 -99.95625
2024_0412_17:20:51 20 70.125 56.425
2024_0412_17:21:14 20 -19.9 20.0
2024_0412_17:21:47 20 32.91875 30.99375
2024_0412_17:22:17 20 12.69375 -11.51875
2024_0412_17:22:23 20 -10.14375 11.675
2024_0412_17:22:34 20 20.0875 -1.05625
2024_0412_17:23:46 20 -0.14375 -1.53125
2024_0412_17:23:46 20 59.775 77.9125
2024_0412_17:24:30 20 80.20625 81.925
2024_0412_17:24:33 20 -2.55625 -0.5375
2024_0412_17:25:15 20 80.41875 86.6875
2024_0412_17:25:51 20 86.35 85.975
2024_0412_17:25:55 20 -6.7 93.4875
2024_0412_17:26:03 20 0.4875 -0.93125
2024_0412_17:27:32 20 -1.6875 0.0125
2024_0412_17:27:55 20 17.20625 17.45
2024_0412_17:28:40 20 49.99375 49.99375
2024_0412_17:29:07 20 40.425 90.74375
2024_0412_17:29:54 20 40.3125 -39.775
2024_0412_17:30:13 20 63.38125 71.9625
2024_0412_17:30:22 20 46.375 50.38125
2024_0412_17:30:25 20 -0.30625 -0.94375
2024_0412_17:31:36 20 -1.0625 0.6625
2024_0412_17:31:42 20 0.44375 -0.68125
2024_0412_17:32:19 20 39.1125 88.5
2024_0412_17:32:28 20 27.1625 -25.65
2024_0412_17:33:19 20 -0.7375 -0.8625
2024_0412_17:33:44 20 8.7125 41.9125
2024_0412_17:33:49 20 48.6625 -4.98125
2024_0412_17:33:57 20 7.95 -8.675
2024_0412_17:35:33 20 -14.59375 25.4875
2024_0412_17:36:31 9 86.7125 87.1625
2024_0412_17:36:54 5 86.56875 86.75625
2024_0412_17:37:44 13 37.45625 86.93125
2024_0412_17:38:00 13 77.625 88.15625
2024_0412_17:38:08 13 2.68125 3.29375
2024_0412_17:38:31 13 9.4375 -10.44375
2024_0412_17:39:31 13 15.31875 14.95
2024_0412_17:39:33 14 81.51875 80.74375
2024_0412_17:40:18 14 -0.09375 -0.83125
2024_0412_17:40:19 14 -0.36875 0.78125
2024_0412_17:40:19 14 78.93125 82.71875
2024_0412_17:41:08 15 86.64375 84.65
2024_0412_17:41:32 15 82.3875 83.91875
2024_0412_17:41:37 15 -0.6 0.325
2024_0412_17:41:41 15 -0.99375 -0.20625
2024_0412_17:43:21 15 85.44375 86.4625
2024_0412_17:44:17 15 0.275 1.1375
2024_0412_17:44:45 15 88.86875 85.76875
2024_0412_17:45:47 16 39.98125 -39.93125
2024_0412_17:46:01 16 1.21875 -0.44375
2024_0412_17:46:16 15 83.7375 82.0125
2024_0412_17:46:24 16 16.74375 -16.2375
2024_0412_17:47:19 16 -11.69375 11.5125
2024_0412_17:47:21 16 -6.0375 10.30625
2024_0412_17:48:09 16 49.59375 53.18125
2024_0412_17:48:16 16 23.8 10.21875
2024_0412_17:48:20 16 85.825 86.5
2024_0412_17:49:06 16 -1.73125 -3.51875
2024_0412_17:49:18 17 0.68125 -0.025
2024_0412_17:49:33 17 40.03125 39.11875
2024_0412_17:51:08 17 0.2 -0.5
2024_0412_17:52:08 17 46.91875 70.48125
2024_0412_17:52:34 17 83.025 36.73125
2024_0412_17:53:35 17 2.0375 2.65
2024_0412_17:53:42 17 49.99375 -49.99375
2024_0412_17:54:05 17 88.76875 85.86875
2024_0412_17:54:17 17 80.60625 81.90625
2024_0412_17:55:12 17 57.56875 57.9125
2024_0412_17:55:12 17 0.825 -0.91875
2024_0412_17:56:02 17 85.75625 86.15625
2024_0412_17:56:14 18 0.39375 -0.78125
2024_0412_17:56:31 18 0.85625 7.68125
2024_0412_17:56:39 18 35.60625 -9.675
2024_0412_17:56:53 18 12.3125 -12.275
2024_0412_17:57:03 18 39.6 63.1625
2024_0412_17:57:25 18 6.20625 4.66875
2024_0412_17:59:01 18 -5.33125 15.7125
2024_0412_18:00:02 18 85.0625 84.94375
2024_0412_18:00:40 18 65.975 65.3125
2024_0412_18:01:31 19 11.1 -10.2375
2024_0412_18:01:33 19 21.94375 33.31875
2024_0412_18:01:54 19 25.23125 -25.15
2024_0412_18:02:22 19 79.69375 81.18125
2024_0412_18:03:01 19 2.63125 0.44375
2024_0412_18:03:03 19 16.24375 -15.31875
2024_0412_18:04:04 19 -0.4875 -0.1875
2024_0412_18:04:05 19 0.54375 -0.34375
2024_0412_18:04:32 19 82.71875 83.425
2024_0412_18:04:37 19 0.575 0.70625
2024_0412_18:04:38 19 12.01875 11.5125
2024_0412_18:04:53 19 48.8875 -37.95625
2024_0412_18:05:15 19 -1.25 0.10625
2024_0412_18:06:41 20 41.79375 42.13125
2024_0412_18:07:32 20 -31.0625 30.0625
2024_0412_18:08:06 20 -0.50625 0.7375
2024_0412_18:08:49 20 85.1375 85.05625
2024_0412_18:08:58 20 -0.4875 -0.55
2024_0412_18:09:15 20 0.86875 -0.4
2024_0412_18:09:38 20 13.28125 13.075
2024_0412_18:10:08 17 1.725 -8.3375
