0.20683000000013646 0.11868500000004831 0.027855000000003193 0.006694999999999811 0.02275500000000163 0.021925000000001377 0.020545000000000955 0.020290000000000877 0.020255000000000866 0.007929999999999762 0.0439749999999993 0.03667500000000213 0.061654999999992445 0.05844999999999369 0.06654999999999617 0.050869999999996626 0.06415999999999378 0.06262999999999225 0.04189000000000011 0.03938000000000108 
2024_0411_20:57:00 4 96.15 96.164
2024_0411_20:57:00 8 96.266 96.56
2024_0411_20:57:01 3 95.4 96.448
2024_0411_20:57:01 1 96.814 96.853
2024_0411_20:57:01 1 96.988 96.952
2024_0411_20:57:01 2 96.294 96.307
2024_0411_20:57:01 6 96.825 97.021
2024_0411_20:57:02 1 96.916 97.004
2024_0411_20:57:03 2 95.919 95.743
2024_0411_20:57:05 6 97.032 96.915
2024_0411_20:57:08 11 95.264 96.236
2024_0411_20:57:09 9 97.212 97.239
2024_0411_20:57:16 11 0.165 -0.508
2024_0411_20:57:22 7 96.244 96.402
2024_0411_20:57:23 5 96.959 96.947
2024_0411_20:57:28 10 96.687 97.137
2024_0411_21:04:28 15 -0.411 0.077
2024_0411_21:04:31 13 61.859 57.85
2024_0411_21:04:31 16 0.83 -0.015
2024_0411_21:04:35 14 96.862 96.859
2024_0411_21:04:35 13 -45.615 49.941
2024_0411_21:04:36 12 70.53 -1.016
2024_0411_21:04:41 17 0.344 -0.085
2024_0411_21:04:44 18 -9.383 9.847
2024_0411_21:04:44 17 0.487 0.223
2024_0411_21:04:45 15 0.207 0.055
2024_0411_21:04:50 20 -0.097 0.314
2024_0411_21:05:01 18 27.793 -23.553
2024_0411_21:05:43 20 -0.086 -0.094
2024_0411_21:06:44 19 23.622 16.804
2024_0411_21:14:22 11 49.998 99.996
2024_0411_21:14:22 8 96.901 96.661
2024_0411_21:14:23 11 0.179 0.028
2024_0411_21:14:23 6 96.899 97.018
2024_0411_21:14:23 1 96.999 96.983
2024_0411_21:14:23 3 96.241 96.358
2024_0411_21:14:26 2 96.441 95.915
2024_0411_21:14:27 7 96.744 96.913
2024_0411_21:14:28 9 96.938 96.997
2024_0411_21:14:28 11 96.348 96.442
2024_0411_21:14:30 4 96.32 96.261
2024_0411_21:14:30 11 -0.143 0.465
2024_0411_21:14:33 5 96.912 96.913
2024_0411_21:14:33 11 -0.03 0.009
2024_0411_21:14:40 10 96.978 97.004
2024_0411_21:15:16 11 -0.02 -0.026
2024_0411_21:21:51 12 -16.72 16.28
2024_0411_21:21:52 15 -12.208 36.085
2024_0411_21:21:54 13 20.06 71.096
2024_0411_21:21:56 13 96.315 96.602
2024_0411_21:21:57 13 10.946 -10.9
2024_0411_21:21:58 14 96.272 97.535
2024_0411_21:21:58 16 -1.652 97.008
2024_0411_21:21:58 13 -42.959 49.733
2024_0411_21:22:00 17 0.172 0.521
2024_0411_21:22:00 13 96.825 95.938
2024_0411_21:22:01 20 97.496 96.882
2024_0411_21:22:02 19 0.241 -0.206
2024_0411_21:22:03 20 49.992 -49.987
2024_0411_21:22:22 18 96.572 96.493
2024_0411_21:30:04 7 96.468 96.086
2024_0411_21:30:06 12 0.697 -0.186
2024_0411_21:30:07 2 96.639 96.63
2024_0411_21:30:08 1 96.986 96.969
2024_0411_21:30:08 5 97.059 96.88
2024_0411_21:30:09 8 96.602 96.805
2024_0411_21:30:09 6 97.013 96.923
2024_0411_21:30:10 3 95.69 95.183
2024_0411_21:30:10 11 96.995 97.674
2024_0411_21:30:10 11 -0.19 -0.128
2024_0411_21:30:11 11 72.217 31.499
2024_0411_21:30:11 12 96.568 95.992
2024_0411_21:30:13 4 96.519 95.771
2024_0411_21:30:15 10 96.486 96.045
2024_0411_21:30:32 9 97.487 97.073
2024_0411_21:30:33 11 95.802 95.987
2024_0411_21:37:53 13 47.964 -0.834
2024_0411_21:37:56 13 96.933 96.858
2024_0411_21:37:56 13 96.534 96.622
2024_0411_21:37:56 14 -0.14 0.086
2024_0411_21:37:57 13 50.629 -50.142
2024_0411_21:37:59 13 -0.524 0.42
2024_0411_21:38:01 16 65.157 86.096
2024_0411_21:38:01 15 96.429 97.229
2024_0411_21:38:02 16 -10.918 64.872
2024_0411_21:38:03 17 48.054 98.031
2024_0411_21:38:07 16 0.845 -0.845
2024_0411_21:38:08 16 43.317 20.19
2024_0411_21:38:13 18 -71.938 72.19
2024_0411_21:38:20 18 -12.916 13.074
2024_0411_21:38:22 18 -0.846 1.248
2024_0411_21:38:26 18 0.052 0.54
2024_0411_21:45:00 19 48.019 -5.907
2024_0411_21:45:02 20 0.133 -0.295
2024_0411_21:45:03 18 4.31 -3.382
2024_0411_21:45:05 19 9.347 14.024
2024_0411_21:45:06 18 -7.23 43.957
2024_0411_21:45:07 20 0.223 0.382
2024_0411_21:45:08 20 -2.609 2.756
2024_0411_21:45:10 20 12.743 -12.912
2024_0411_21:52:59 8 96.803 97.007
2024_0411_21:52:59 2 92.037 95.102
2024_0411_21:52:59 11 0.029 0.112
2024_0411_21:52:59 1 96.961 96.981
2024_0411_21:52:59 6 96.995 96.939
2024_0411_21:52:59 5 96.968 97.092
2024_0411_21:53:01 10 96.828 97.09
2024_0411_21:53:01 9 97.364 97.307
2024_0411_21:53:01 11 0.508 -0.154
2024_0411_21:53:02 7 96.338 96.167
2024_0411_21:53:05 11 96.144 95.774
2024_0411_21:53:05 11 -49.999 49.999
2024_0411_21:53:05 11 0.326 -0.096
2024_0411_21:53:08 11 0.101 0.122
2024_0411_21:53:10 3 96.091 96.018
2024_0411_21:56:59 11 0.005 0.08
2024_0411_22:00:44 11 0.149 0.053
2024_0411_22:00:47 12 96.744 96.899
2024_0411_22:00:48 11 -0.079 0.153
2024_0411_22:00:48 13 96.383 96.365
2024_0411_22:00:49 12 0.381 0.289
2024_0411_22:00:49 12 -11.199 65.043
2024_0411_22:00:51 12 95.877 88.49
2024_0411_22:00:51 12 95.787 95.992
2024_0411_22:00:51 12 91.662 95.539
2024_0411_22:00:53 13 0.301 -0.321
2024_0411_22:00:54 13 47.928 10.968
2024_0411_22:00:56 13 92.776 94.399
2024_0411_22:01:02 13 0.303 0.279
2024_0411_22:01:03 12 97.056 96.737
2024_0411_22:01:12 13 36.13 36.397
2024_0411_22:04:58 13 0.135 0.228
2024_0411_22:08:34 13 96.27 96.859
2024_0411_22:08:34 13 -49.999 -99.996
2024_0411_22:08:35 13 61.341 49.147
2024_0411_22:08:35 13 1.069 -0.195
2024_0411_22:08:38 14 -0.245 -0.387
2024_0411_22:08:39 14 -0.021 0.539
2024_0411_22:08:39 14 95.576 96.346
2024_0411_22:08:40 13 96.704 96.973
2024_0411_22:08:40 14 -0.025 -0.404
2024_0411_22:08:43 14 -12.324 12.219
2024_0411_22:08:50 14 96.538 96.426
2024_0411_22:08:51 14 0.072 -0.204
2024_0411_22:09:00 14 84.079 88.098
2024_0411_22:09:09 14 1.452 -1.383
2024_0411_22:09:18 14 96.744 96.373
2024_0411_22:12:49 14 97.144 96.502
2024_0411_22:16:27 15 95.733 95.574
2024_0411_22:16:32 14 96.282 96.059
2024_0411_22:16:33 15 -0.269 -0.083
2024_0411_22:16:34 15 47.411 25.217
2024_0411_22:16:36 15 -0.234 -0.619
2024_0411_22:16:41 15 2.405 3.107
2024_0411_22:16:43 14 0.532 -0.395
2024_0411_22:16:43 14 -0.05 0.286
2024_0411_22:16:45 15 95.872 95.123
2024_0411_22:16:48 15 -0.068 -0.119
2024_0411_22:16:51 15 0.248 -0.144
2024_0411_22:16:58 15 -44.278 47.268
2024_0411_22:16:58 15 96.957 96.768
2024_0411_22:17:07 15 0.01 0.318
2024_0411_22:20:47 15 96.754 96.318
2024_0411_22:23:24 16 62.167 76.391
2024_0411_22:24:20 16 96.167 96.385
2024_0411_22:24:22 16 8.628 -8.098
2024_0411_22:24:24 16 15.7 -17.299
2024_0411_22:24:30 17 -0.532 -0.121
2024_0411_22:24:30 16 16.599 16.231
2024_0411_22:24:30 16 -4.137 4.945
2024_0411_22:24:34 16 -9.432 10.75
2024_0411_22:24:35 17 85.961 65.335
2024_0411_22:24:35 17 0.557 0.182
2024_0411_22:24:40 17 -80.049 79.864
2024_0411_22:24:46 17 49.998 -49.998
2024_0411_22:24:48 17 -8.276 9.236
2024_0411_22:24:57 17 0.073 0.104
2024_0411_22:25:09 17 29.804 28.337
2024_0411_22:28:46 17 14.576 13.901
2024_0411_22:32:13 18 -49.998 -99.999
2024_0411_22:32:13 18 -49.983 99.99
2024_0411_22:32:19 18 49.824 -50.548
2024_0411_22:32:22 18 96.573 96.491
2024_0411_22:32:22 18 96.876 96.621
2024_0411_22:32:28 18 40.814 -39.317
2024_0411_22:32:36 18 47.531 -0.486
2024_0411_22:32:38 18 -15.708 17.404
2024_0411_22:32:39 20 -1.039 86.317
2024_0411_22:32:48 19 38.181 48.115
2024_0411_22:32:51 19 21.612 35.886
2024_0411_22:32:53 20 -0.002 -0.181
2024_0411_22:33:02 20 -0.422 0.07
2024_0411_22:35:02 20 3.171 3.225
2024_0411_22:36:10 20 -0.583 -0.397
2024_0411_22:36:22 20 -12.703 12.609
2024_0411_22:39:14 15 0.432 1.053
2024_0411_22:39:15 4 95.898 95.943
2024_0411_22:39:21 17 23.767 -3.264
2024_0411_22:39:22 18 0.409 0.101
2024_0411_22:39:36 20 50.031 37.505
2024_0411_22:47:21 7 96.967 96.818
2024_0411_22:47:23 3 96.325 95.123
2024_0411_22:47:24 11 -0.067 -0.629
2024_0411_22:47:25 5 96.834 97.094
2024_0411_22:47:25 8 96.227 95.998
2024_0411_22:47:25 11 -0.023 0.243
2024_0411_22:47:25 4 96.402 96.133
2024_0411_22:47:26 11 -0.502 -0.038
2024_0411_22:47:27 11 0.148 0.035
2024_0411_22:47:27 6 97.016 96.883
2024_0411_22:47:28 9 97.297 97.233
2024_0411_22:47:28 11 95.837 96.102
2024_0411_22:47:31 10 96.845 96.785
2024_0411_22:47:31 1 97.001 96.956
2024_0411_22:47:39 11 95.163 96.085
2024_0411_22:47:52 2 96.768 96.567
2024_0411_22:55:12 12 0.394 0.33
2024_0411_22:55:12 11 97.079 96.927
2024_0411_22:55:12 12 0.17 -0.484
2024_0411_22:55:14 12 96.865 96.588
2024_0411_22:55:14 12 96.877 96.886
2024_0411_22:55:14 12 96.312 95.709
2024_0411_22:55:15 12 -0.32 0.105
2024_0411_22:55:16 12 76.945 77.101
2024_0411_22:55:17 13 -0.175 -0.061
2024_0411_22:55:17 13 98.026 -88.9
2024_0411_22:55:21 13 95.94 96.184
2024_0411_22:55:23 12 96.168 96.258
2024_0411_22:55:26 13 97.322 97.192
2024_0411_22:55:28 13 0.024 0.116
2024_0411_22:55:31 11 -0.408 0.022
2024_0411_22:55:43 13 0.368 -0.581
2024_0411_23:02:56 13 0.046 -0.198
2024_0411_23:03:01 13 0.257 -0.41
2024_0411_23:03:02 13 -0.073 0.135
2024_0411_23:03:03 13 0.239 0.26
2024_0411_23:03:05 13 6.813 22.267
2024_0411_23:03:06 14 -99.997 49.998
2024_0411_23:03:08 13 16.14 16.499
2024_0411_23:03:08 14 97.41 98.042
2024_0411_23:03:09 14 0.133 -0.002
2024_0411_23:03:09 14 95.58 96.044
2024_0411_23:03:16 14 -2.423 72.925
2024_0411_23:03:16 14 95.412 96.221
2024_0411_23:03:21 14 75.717 76.13
2024_0411_23:03:26 13 0.084 0.203
2024_0411_23:03:37 14 95.973 95.783
2024_0411_23:03:37 14 0.436 -0.048
2024_0411_23:10:48 15 -0.108 0.011
2024_0411_23:10:48 14 0.23 0.041
2024_0411_23:10:49 14 -49.996 99.994
2024_0411_23:10:52 14 96.579 96.633
2024_0411_23:10:54 15 -0.018 0.049
2024_0411_23:10:59 15 95.934 95.038
2024_0411_23:11:00 15 -35.594 45.0
2024_0411_23:11:01 15 -77.037 77.685
2024_0411_23:11:02 15 -0.086 0.17
2024_0411_23:11:05 15 2.339 -0.497
2024_0411_23:11:12 15 -0.629 1.054
2024_0411_23:11:14 15 -0.351 -0.058
2024_0411_23:11:18 15 95.802 95.724
2024_0411_23:11:22 15 0.107 0.02
2024_0411_23:11:26 15 1.333 -0.361
2024_0411_23:11:45 15 96.343 96.21
2024_0411_23:18:35 16 -0.445 -0.673
2024_0411_23:18:40 16 -0.496 -1.077
2024_0411_23:18:41 16 -0.6 0.316
2024_0411_23:18:45 16 0.492 -0.276
2024_0411_23:18:45 16 99.998 -99.998
2024_0411_23:18:46 16 12.088 12.042
2024_0411_23:18:49 16 -0.19 -0.277
2024_0411_23:18:51 16 0.593 0.441
2024_0411_23:18:55 17 21.966 72.758
2024_0411_23:19:07 17 95.755 95.445
2024_0411_23:19:15 17 97.397 97.312
2024_0411_23:19:15 17 -0.11 0.033
2024_0411_23:19:22 17 9.985 -10.016
2024_0411_23:19:23 17 1.011 1.874
2024_0411_23:19:47 18 -0.312 0.414
2024_0411_23:24:25 18 96.663 47.178
2024_0411_23:26:29 18 96.316 96.793
2024_0411_23:26:30 18 -12.46 12.378
2024_0411_23:26:35 18 0.06 0.034
2024_0411_23:26:36 18 -5.769 5.504
2024_0411_23:26:37 18 -0.27 0.051
2024_0411_23:26:43 18 0.077 -0.026
2024_0411_23:26:51 18 -0.002 0.0
2024_0411_23:26:52 18 95.995 96.26
2024_0411_23:26:52 18 96.167 96.427
2024_0411_23:27:01 19 40.91 -2.618
2024_0411_23:27:01 19 -0.05 0.239
2024_0411_23:27:09 20 -15.881 71.884
2024_0411_23:27:21 19 0.108 -0.54
2024_0411_23:27:27 20 95.335 95.102
2024_0411_23:27:56 20 18.916 -2.269
2024_0411_23:31:52 20 0.424 49.539
2024_0411_23:33:23 20 0.0 -99.998
2024_0411_23:33:26 20 96.818 96.789
2024_0411_23:33:32 17 97.025 96.89
2024_0411_23:33:34 18 96.111 96.249
2024_0411_23:41:19 11 -0.082 -0.084
2024_0411_23:41:20 5 97.009 96.902
2024_0411_23:41:21 11 0.115 0.18
2024_0411_23:41:22 11 16.361 15.34
2024_0411_23:41:24 11 96.653 96.861
2024_0411_23:41:25 11 96.328 96.38
2024_0411_23:41:25 1 96.928 97.146
2024_0411_23:41:27 7 96.317 96.272
2024_0411_23:41:28 4 95.457 96.112
2024_0411_23:41:28 3 95.236 96.23
2024_0411_23:41:28 10 96.757 96.426
2024_0411_23:41:29 2 96.217 96.309
2024_0411_23:41:31 8 96.227 96.388
2024_0411_23:41:39 11 0.239 0.001
2024_0411_23:41:40 9 97.308 97.307
2024_0411_23:41:50 6 96.789 96.912
2024_0411_23:49:06 11 -0.424 -0.019
2024_0411_23:49:08 11 49.999 -99.998
2024_0411_23:49:09 11 -50.0 50.0
2024_0411_23:49:12 11 -0.054 -0.315
2024_0411_23:49:14 11 95.958 96.216
2024_0411_23:49:18 11 96.049 96.191
2024_0411_23:49:19 11 96.999 97.108
2024_0411_23:49:20 11 96.985 97.023
2024_0411_23:49:21 11 49.998 99.996
2024_0411_23:49:22 11 2.358 1.746
2024_0411_23:49:24 12 98.502 46.929
2024_0411_23:49:28 11 96.951 96.929
2024_0411_23:49:31 12 76.988 76.475
2024_0411_23:49:31 12 96.731 96.419
2024_0411_23:49:32 11 -0.07 -0.204
2024_0411_23:49:41 12 -0.292 0.189
2024_0411_23:56:58 12 91.492 96.511
2024_0411_23:56:59 12 0.564 0.143
2024_0411_23:56:59 12 96.712 96.566
2024_0411_23:57:01 12 0.057 0.117
2024_0411_23:57:05 12 96.379 96.32
2024_0411_23:57:06 12 94.998 96.043
2024_0411_23:57:10 12 17.579 9.865
2024_0411_23:57:11 12 0.428 0.078
2024_0411_23:57:13 12 95.951 96.693
2024_0411_23:57:14 12 0.107 0.045
2024_0411_23:57:16 12 -0.243 0.373
2024_0411_23:57:20 13 96.767 96.865
2024_0411_23:57:21 13 96.683 96.834
2024_0411_23:57:34 13 32.126 33.642
2024_0411_23:57:35 13 96.64 96.186
2024_0411_23:57:43 13 97.754 96.343
2024_0412_00:04:48 13 96.59 96.733
2024_0412_00:04:53 13 94.753 96.937
2024_0412_00:04:54 13 96.347 47.965
2024_0412_00:05:00 13 0.14 0.225
2024_0412_00:05:00 13 -0.16 -0.433
2024_0412_00:05:02 13 0.448 -0.326
2024_0412_00:05:02 13 49.998 99.996
2024_0412_00:05:03 13 3.533 3.483
2024_0412_00:05:04 13 96.398 96.254
2024_0412_00:05:05 13 -0.203 0.552
2024_0412_00:05:05 13 97.116 97.214
2024_0412_00:05:10 13 96.252 96.014
2024_0412_00:05:11 13 -0.923 0.105
2024_0412_00:05:25 13 94.675 95.609
2024_0412_00:05:30 13 0.294 -0.514
2024_0412_00:05:52 13 -0.461 0.084
2024_0412_00:12:37 13 96.348 96.341
2024_0412_00:12:42 13 0.127 -0.509
2024_0412_00:12:47 13 -0.565 -0.104
2024_0412_00:12:48 13 0.838 -0.633
2024_0412_00:12:52 14 35.627 32.014
2024_0412_00:12:52 14 -0.693 0.185
2024_0412_00:12:54 14 -8.004 41.636
2024_0412_00:12:55 14 20.186 -19.702
2024_0412_00:12:58 14 95.896 95.476
2024_0412_00:13:01 14 77.45 77.53
2024_0412_00:13:02 14 9.406 7.709
2024_0412_00:13:05 14 96.258 96.335
2024_0412_00:13:18 14 96.544 96.338
2024_0412_00:13:40 14 99.998 -49.999
2024_0412_00:13:44 14 95.901 96.193
2024_0412_00:16:15 14 96.984 96.997
2024_0412_00:20:26 14 73.0 21.228
2024_0412_00:20:32 14 -20.534 20.078
2024_0412_00:20:34 14 94.854 96.047
2024_0412_00:20:39 14 97.377 47.446
2024_0412_00:20:42 14 14.357 16.598
2024_0412_00:20:42 14 63.649 64.688
2024_0412_00:20:43 14 -99.998 -99.998
2024_0412_00:20:44 14 96.939 96.417
2024_0412_00:20:47 14 0.125 0.236
2024_0412_00:20:51 14 19.89 19.394
2024_0412_00:20:51 14 -0.324 0.083
2024_0412_00:20:56 14 96.785 96.915
2024_0412_00:21:26 15 0.305 -0.032
2024_0412_00:21:39 15 80.558 80.274
2024_0412_00:21:56 15 94.162 93.957
2024_0412_00:24:08 15 14.806 16.422
2024_0412_00:28:15 15 27.061 -26.978
2024_0412_00:28:19 15 97.18 97.208
2024_0412_00:28:22 15 -94.283 99.229
2024_0412_00:28:27 15 -0.22 -0.542
2024_0412_00:28:36 15 0.023 -0.339
2024_0412_00:28:39 15 0.615 -0.485
2024_0412_00:28:40 15 47.755 -0.787
2024_0412_00:28:42 15 -9.498 10.233
2024_0412_00:28:46 15 0.087 0.509
2024_0412_00:28:56 15 96.352 93.769
2024_0412_00:28:58 15 -0.388 0.091
2024_0412_00:29:11 15 0.027 -0.248
2024_0412_00:29:17 15 77.167 77.307
2024_0412_00:29:25 15 0.098 -0.287
2024_0412_00:29:45 15 0.359 0.052
2024_0412_00:31:55 15 0.254 0.725
2024_0412_00:35:58 15 62.775 58.835
2024_0412_00:36:12 15 96.326 95.28
2024_0412_00:36:13 15 21.005 70.686
2024_0412_00:36:24 15 97.098 97.325
2024_0412_00:36:26 16 -10.886 10.507
2024_0412_00:36:31 16 -0.179 0.685
2024_0412_00:36:34 16 -0.072 -0.112
2024_0412_00:36:36 16 34.514 58.09
2024_0412_00:36:41 16 89.92 15.71
2024_0412_00:36:51 16 96.909 96.848
2024_0412_00:36:53 16 97.107 97.454
2024_0412_00:36:54 16 0.012 0.233
2024_0412_00:37:14 16 95.932 95.829
2024_0412_00:37:27 16 63.76 44.399
2024_0412_00:37:35 16 36.09 46.298
2024_0412_00:39:40 16 -0.043 -0.568
2024_0412_00:43:42 16 -8.138 8.064
2024_0412_00:43:59 16 0.67 0.629
2024_0412_00:44:07 17 0.232 0.362
2024_0412_00:44:21 17 0.076 -0.554
2024_0412_00:44:24 17 -0.067 0.174
2024_0412_00:44:27 17 76.208 81.46
2024_0412_00:44:29 17 -32.98 57.232
2024_0412_00:44:31 17 75.881 76.318
2024_0412_00:44:38 17 0.156 0.426
2024_0412_00:44:41 17 96.868 97.024
2024_0412_00:44:43 17 74.16 95.576
2024_0412_00:45:15 17 45.205 12.745
2024_0412_00:45:17 17 1.863 -1.479
2024_0412_00:45:36 17 97.552 -0.632
2024_0412_00:47:29 17 14.403 14.505
2024_0412_00:48:20 17 3.13 -0.768
2024_0412_00:51:54 17 14.011 13.545
2024_0412_00:52:13 17 11.067 2.156
2024_0412_00:52:16 18 -0.302 -0.052
2024_0412_00:52:21 17 13.787 -11.729
2024_0412_00:52:25 18 0.231 0.077
2024_0412_00:52:26 18 0.66 0.006
2024_0412_00:52:32 18 -20.09 20.651
2024_0412_00:52:32 18 0.087 0.105
2024_0412_00:52:46 18 -10.669 10.67
2024_0412_00:53:03 18 13.516 -12.928
2024_0412_00:53:25 18 97.303 97.24
2024_0412_00:55:23 18 95.706 95.887
2024_0412_00:55:38 18 0.175 0.426
2024_0412_00:56:04 18 2.191 -0.986
2024_0412_00:56:07 18 95.89 96.207
2024_0412_00:57:43 18 -49.555 49.853
2024_0412_00:59:54 18 28.184 -27.784
2024_0412_00:59:56 18 99.998 99.998
2024_0412_01:00:05 18 -0.272 -0.179
2024_0412_01:00:15 18 -14.691 30.87
2024_0412_01:00:17 18 -9.636 9.728
2024_0412_01:00:29 18 0.048 -0.133
2024_0412_01:00:30 18 97.312 97.29
2024_0412_01:00:35 18 0.268 -0.136
2024_0412_01:00:50 18 78.988 41.714
2024_0412_01:01:13 18 96.064 96.491
2024_0412_01:03:19 18 96.12 95.886
2024_0412_01:03:30 19 9.79 81.439
2024_0412_01:03:57 19 83.421 -15.464
2024_0412_01:04:04 19 -0.418 1.84
2024_0412_01:05:29 19 19.762 -20.663
2024_0412_01:07:30 19 -27.437 49.509
2024_0412_01:07:44 19 94.203 96.739
2024_0412_01:07:50 20 43.431 57.417
2024_0412_01:07:57 20 1.448 1.229
2024_0412_01:08:07 20 8.67 -7.992
2024_0412_01:08:10 20 81.193 67.379
2024_0412_01:08:26 20 95.442 96.019
2024_0412_01:08:29 20 73.315 21.041
2024_0412_01:08:36 20 0.098 0.057
2024_0412_01:08:45 20 -14.209 15.837
2024_0412_01:09:04 20 76.913 76.924
2024_0412_01:11:08 20 0.027 -0.106
2024_0412_01:11:41 20 0.001 0.519
2024_0412_01:11:44 20 -0.331 49.323
2024_0412_01:12:33 20 99.998 -99.998
2024_0412_01:12:58 14 93.864 11.66
2024_0412_01:14:51 15 95.941 96.079
2024_0412_01:15:08 17 15.885 -9.792
2024_0412_01:15:13 17 0.067 -0.277
2024_0412_01:15:17 17 9.668 -9.838
2024_0412_01:15:25 17 12.854 -14.079
2024_0412_01:15:35 17 96.134 96.307
2024_0412_01:15:42 18 -8.449 8.949
2024_0412_01:15:49 18 48.527 -43.103
2024_0412_01:15:52 20 66.795 87.478
2024_0412_01:23:26 11 0.284 -0.035
2024_0412_01:23:28 6 96.971 96.858
2024_0412_01:23:29 1 97.079 96.943
2024_0412_01:23:29 11 96.942 -21.414
2024_0412_01:23:29 11 -0.084 -0.175
2024_0412_01:23:32 5 97.004 96.952
2024_0412_01:23:32 2 96.247 96.181
2024_0412_01:23:32 4 96.063 96.144
2024_0412_01:23:32 11 96.276 95.722
2024_0412_01:23:34 7 96.869 96.833
2024_0412_01:23:35 11 0.103 0.158
2024_0412_01:23:35 10 96.995 96.764
2024_0412_01:23:37 11 0.345 0.265
2024_0412_01:23:38 8 96.967 96.661
2024_0412_01:23:39 3 96.428 95.972
2024_0412_01:23:45 9 97.339 97.227
2024_0412_01:30:59 11 -0.245 0.094
2024_0412_01:31:05 11 -0.115 -0.22
2024_0412_01:31:05 11 95.692 95.967
2024_0412_01:31:07 11 0.16 0.051
2024_0412_01:31:08 11 96.365 96.484
2024_0412_01:31:08 11 0.248 0.327
2024_0412_01:31:10 11 -0.295 -0.266
2024_0412_01:31:10 11 -0.476 -0.701
2024_0412_01:31:10 11 0.362 0.405
2024_0412_01:31:16 11 96.342 95.941
2024_0412_01:31:17 11 95.934 96.363
2024_0412_01:31:17 12 96.734 96.772
2024_0412_01:31:18 11 49.999 -99.998
2024_0412_01:31:20 12 96.594 96.801
2024_0412_01:31:23 12 94.68 95.883
2024_0412_01:31:25 12 -22.265 22.268
2024_0412_01:38:36 12 96.337 96.385
2024_0412_01:38:45 12 -0.175 -0.269
2024_0412_01:38:46 12 0.165 -0.146
2024_0412_01:38:49 12 -0.442 -0.145
2024_0412_01:38:50 12 0.145 -0.195
2024_0412_01:38:51 12 0.702 0.118
2024_0412_01:38:51 12 47.979 47.832
2024_0412_01:38:52 12 96.351 96.108
2024_0412_01:38:53 12 0.077 0.045
2024_0412_01:38:57 12 95.618 96.063
2024_0412_01:38:58 13 0.238 -0.117
2024_0412_01:38:59 12 45.916 45.222
2024_0412_01:38:59 13 77.38 77.384
2024_0412_01:39:07 13 -0.195 0.323
2024_0412_01:39:07 13 35.418 -4.279
2024_0412_01:39:15 13 2.606 3.036
2024_0412_01:46:17 13 95.794 76.024
2024_0412_01:46:21 13 49.999 -49.999
2024_0412_01:46:27 13 -0.179 -0.435
2024_0412_01:46:27 13 0.303 0.344
2024_0412_01:46:30 13 0.038 0.001
2024_0412_01:46:31 13 -99.996 -99.996
2024_0412_01:46:32 13 2.417 0.533
2024_0412_01:46:33 13 1.214 -0.193
2024_0412_01:46:34 13 9.98 -9.705
2024_0412_01:46:36 13 37.678 37.716
2024_0412_01:46:36 13 94.922 95.033
2024_0412_01:46:44 13 96.069 96.498
2024_0412_01:46:47 13 0.272 0.595
2024_0412_01:46:50 13 0.134 -0.046
2024_0412_01:46:50 13 96.48 96.855
2024_0412_01:46:55 13 96.828 96.912
2024_0412_01:54:05 13 96.056 95.906
2024_0412_01:54:06 13 -0.458 -0.509
2024_0412_01:54:08 14 0.178 0.075
2024_0412_01:54:10 13 0.438 -0.005
2024_0412_01:54:10 14 31.852 31.543
2024_0412_01:54:11 14 -0.178 0.164
2024_0412_01:54:12 14 16.31 17.192
2024_0412_01:54:13 14 -5.52 57.786
2024_0412_01:54:14 14 24.292 24.245
2024_0412_01:54:14 14 -0.425 0.389
2024_0412_01:54:24 14 96.382 96.087
2024_0412_01:54:26 14 0.102 0.233
2024_0412_01:54:29 14 -99.998 -99.998
2024_0412_01:54:30 14 96.241 96.586
2024_0412_01:54:30 14 94.971 95.577
2024_0412_01:54:34 14 0.157 0.335
2024_0412_02:01:45 14 46.006 45.934
2024_0412_02:01:47 14 40.906 -44.137
2024_0412_02:01:49 14 -20.148 19.842
2024_0412_02:01:50 14 0.053 0.226
2024_0412_02:01:54 14 -21.831 21.608
2024_0412_02:01:55 14 96.069 96.018
2024_0412_02:01:56 14 95.587 96.447
2024_0412_02:01:56 14 0.337 -0.054
2024_0412_02:01:57 14 97.044 96.964
2024_0412_02:01:58 14 -0.086 -0.329
2024_0412_02:02:02 14 -0.134 0.226
2024_0412_02:02:07 14 49.99 -49.996
2024_0412_02:02:10 15 0.168 0.615
2024_0412_02:02:11 15 -0.074 -0.283
2024_0412_02:02:13 15 77.504 95.613
2024_0412_02:07:14 15 0.171 -0.245
2024_0412_02:09:28 15 96.402 96.296
2024_0412_02:09:30 15 1.766 -0.499
2024_0412_02:09:33 15 41.75 41.756
2024_0412_02:09:36 15 0.286 -0.417
2024_0412_02:09:38 15 75.909 76.125
2024_0412_02:09:38 15 96.187 95.894
2024_0412_02:09:39 15 49.693 -38.421
2024_0412_02:09:40 15 4.081 4.735
2024_0412_02:09:42 15 76.85 77.262
2024_0412_02:09:45 15 -0.022 -0.134
2024_0412_02:09:48 15 -0.43 0.067
2024_0412_02:09:50 15 0.279 0.2
2024_0412_02:09:53 15 47.393 95.563
2024_0412_02:09:56 15 94.145 94.209
2024_0412_02:09:57 15 63.993 63.685
2024_0412_02:14:53 15 16.002 8.392
2024_0412_02:17:04 15 49.999 49.999
2024_0412_02:17:14 15 46.09 44.917
2024_0412_02:17:17 16 -8.817 35.11
2024_0412_02:17:18 16 -0.037 0.033
2024_0412_02:17:19 16 -0.401 -0.151
2024_0412_02:17:21 15 0.982 0.226
2024_0412_02:17:23 16 -3.487 49.523
2024_0412_02:17:24 16 96.985 96.774
2024_0412_02:17:25 16 2.026 0.047
2024_0412_02:17:31 16 -99.996 -99.994
2024_0412_02:17:36 16 5.577 31.208
2024_0412_02:17:36 16 48.45 48.385
2024_0412_02:17:46 16 -17.57 92.91
2024_0412_02:18:47 16 95.826 96.221
2024_0412_02:22:08 16 88.275 70.096
2024_0412_02:22:34 16 7.386 -16.818
2024_0412_02:24:42 17 0.358 -0.048
2024_0412_02:24:58 17 0.12 -0.522
2024_0412_02:24:58 17 96.122 91.688
2024_0412_02:25:00 17 73.38 72.39
2024_0412_02:25:00 17 18.184 17.616
2024_0412_02:25:02 17 0.541 0.343
2024_0412_02:25:06 17 40.486 49.565
2024_0412_02:25:09 17 0.092 -0.396
2024_0412_02:25:16 17 29.855 29.566
2024_0412_02:25:20 17 34.621 4.667
2024_0412_02:25:22 17 0.693 0.261
2024_0412_02:25:40 17 22.095 30.98
2024_0412_02:26:33 17 0.023 0.298
2024_0412_02:29:11 17 3.908 -4.417
2024_0412_02:29:45 17 70.351 -5.453
2024_0412_02:30:16 17 99.203 -3.951
2024_0412_02:32:21 17 -0.205 -0.14
2024_0412_02:32:38 17 25.698 45.246
2024_0412_02:32:40 18 -21.41 22.195
2024_0412_02:32:43 17 99.443 -33.884
2024_0412_02:32:43 18 -0.372 -0.155
2024_0412_02:32:49 18 0.2 -0.42
2024_0412_02:32:53 18 99.994 -49.997
2024_0412_02:32:54 18 -37.506 47.862
2024_0412_02:32:57 18 40.112 44.117
2024_0412_02:33:09 18 0.42 -0.227
2024_0412_02:33:11 18 76.476 76.845
2024_0412_02:33:24 18 0.136 0.033
2024_0412_02:34:31 18 18.644 17.891
2024_0412_02:36:51 18 -99.993 99.997
2024_0412_02:37:40 18 75.272 75.381
2024_0412_02:37:55 18 0.309 0.469
2024_0412_02:39:56 18 -0.04 0.012
2024_0412_02:40:18 18 20.469 -20.574
2024_0412_02:40:23 18 -0.221 0.066
2024_0412_02:40:31 18 48.239 48.284
2024_0412_02:40:34 18 96.01 96.214
2024_0412_02:40:37 18 0.023 -0.266
2024_0412_02:40:39 18 -2.735 5.334
2024_0412_02:40:41 18 96.385 96.432
2024_0412_02:40:49 18 -10.405 9.5
2024_0412_02:40:54 18 96.746 97.018
2024_0412_02:40:58 19 47.335 47.049
2024_0412_02:41:09 19 95.815 95.874
2024_0412_02:42:19 19 52.299 50.441
2024_0412_02:44:42 19 96.706 95.005
2024_0412_02:45:30 19 86.896 96.411
2024_0412_02:45:40 19 -11.095 32.288
2024_0412_02:47:40 19 -0.205 7.791
2024_0412_02:48:00 19 -4.44 10.545
2024_0412_02:48:08 19 0.189 -0.012
2024_0412_02:48:15 19 25.238 -24.395
2024_0412_02:48:22 20 6.684 21.522
2024_0412_02:48:24 20 47.204 48.633
2024_0412_02:48:32 20 52.511 76.915
2024_0412_02:48:35 20 75.368 75.492
2024_0412_02:48:38 20 0.478 -0.269
2024_0412_02:48:46 20 0.586 -0.117
2024_0412_02:48:47 20 14.484 14.57
2024_0412_02:49:11 20 94.832 92.627
2024_0412_02:50:07 20 93.017 91.622
2024_0412_02:52:56 20 10.274 -10.314
2024_0412_02:54:47 20 -52.811 74.813
2024_0412_02:54:56 20 13.441 14.583
2024_0412_02:55:17 15 43.496 43.906
2024_0412_02:55:26 16 0.172 -0.165
2024_0412_02:55:36 16 95.744 95.96
2024_0412_02:55:38 17 9.335 -8.796
2024_0412_02:55:48 18 -0.001 0.179
2024_0412_02:55:52 20 -0.82 0.527
2024_0412_02:56:55 20 96.108 46.913
2024_0412_02:58:40 16 96.464 96.575
2024_0412_03:06:18 7 95.865 95.882
2024_0412_03:06:18 11 -0.305 0.167
2024_0412_03:06:18 11 -1.064 48.164
2024_0412_03:06:19 11 95.547 96.174
2024_0412_03:06:20 11 -21.628 96.899
2024_0412_03:06:20 5 96.901 96.919
2024_0412_03:06:21 8 96.606 96.554
2024_0412_03:06:22 3 96.345 95.494
2024_0412_03:06:23 9 97.174 96.776
2024_0412_03:06:23 4 95.963 96.092
2024_0412_03:06:24 6 97.014 96.986
2024_0412_03:06:24 1 96.947 96.863
2024_0412_03:06:24 2 96.744 96.977
2024_0412_03:06:25 11 -0.236 -0.309
2024_0412_03:06:27 9 97.366 97.267
2024_0412_03:06:35 10 96.934 96.379
2024_0412_03:13:56 11 -0.248 0.3
2024_0412_03:13:57 11 -0.035 -0.003
2024_0412_03:13:58 11 0.114 0.287
2024_0412_03:13:58 11 97.318 97.117
2024_0412_03:14:00 11 95.848 95.703
2024_0412_03:14:00 11 96.302 96.01
2024_0412_03:14:01 11 0.32 -0.643
2024_0412_03:14:02 11 96.759 96.847
2024_0412_03:14:03 11 0.454 -0.48
2024_0412_03:14:03 11 96.697 96.53
2024_0412_03:14:07 11 0.528 0.089
2024_0412_03:14:07 11 0.44 0.552
2024_0412_03:14:08 11 96.384 95.405
2024_0412_03:14:11 11 96.282 95.866
2024_0412_03:14:14 11 -0.232 -0.269
2024_0412_03:14:18 11 0.249 -0.298
2024_0412_03:21:33 11 96.607 96.444
2024_0412_03:21:34 11 96.055 96.328
2024_0412_03:21:37 11 96.944 96.327
2024_0412_03:21:37 12 -0.951 0.569
2024_0412_03:21:39 12 0.003 0.027
2024_0412_03:21:43 12 96.26 95.921
2024_0412_03:21:45 12 -0.209 -0.083
2024_0412_03:21:46 11 96.978 97.005
2024_0412_03:21:47 12 -0.044 0.004
2024_0412_03:21:47 11 21.551 22.11
2024_0412_03:21:48 12 97.057 96.871
2024_0412_03:21:49 12 -0.24 -0.007
2024_0412_03:21:51 12 95.902 97.52
2024_0412_03:21:54 12 19.337 19.182
2024_0412_03:21:54 12 97.284 97.397
2024_0412_03:22:02 12 -0.581 0.703
2024_0412_03:29:11 12 -0.393 -0.252
2024_0412_03:29:12 12 96.227 96.36
2024_0412_03:29:14 12 -0.398 -0.389
2024_0412_03:29:15 12 -0.249 -0.544
2024_0412_03:29:19 12 -99.996 49.998
2024_0412_03:29:22 12 96.282 96.231
2024_0412_03:29:24 12 0.163 -0.16
2024_0412_03:29:27 12 96.848 96.605
2024_0412_03:29:28 12 95.915 95.997
2024_0412_03:29:29 12 0.106 -0.213
2024_0412_03:29:34 13 96.075 95.962
2024_0412_03:29:34 13 99.998 99.996
2024_0412_03:29:35 12 0.409 -0.266
2024_0412_03:29:35 13 96.689 96.492
2024_0412_03:29:36 13 96.961 96.882
2024_0412_03:29:50 13 96.999 97.018
2024_0412_03:36:50 13 49.996 49.997
2024_0412_03:36:51 13 -0.085 0.236
2024_0412_03:36:52 13 0.18 0.266
2024_0412_03:36:59 13 10.456 -10.34
2024_0412_03:36:59 13 96.329 96.234
2024_0412_03:37:03 13 -0.139 -0.004
2024_0412_03:37:03 13 76.719 77.13
2024_0412_03:37:05 13 96.983 96.926
2024_0412_03:37:06 13 95.585 87.709
2024_0412_03:37:11 13 -0.369 0.478
2024_0412_03:37:12 13 -49.999 -49.999
2024_0412_03:37:14 13 0.165 5.498
2024_0412_03:37:16 13 95.02 78.847
2024_0412_03:37:18 13 96.261 96.802
2024_0412_03:37:26 13 46.889 47.205
2024_0412_03:37:35 13 -3.997 48.179
2024_0412_03:44:27 13 10.246 -9.708
2024_0412_03:44:27 13 0.531 0.056
2024_0412_03:44:36 13 77.681 77.289
2024_0412_03:44:37 13 0.391 -0.111
2024_0412_03:44:40 13 96.417 95.843
2024_0412_03:44:41 13 96.219 96.304
2024_0412_03:44:42 13 -24.844 25.165
2024_0412_03:44:48 13 -0.275 -0.134
2024_0412_03:44:51 13 -0.467 0.4
2024_0412_03:44:53 13 -1.815 1.637
2024_0412_03:44:53 13 9.929 -9.551
2024_0412_03:44:55 13 48.078 47.981
2024_0412_03:45:02 13 -0.382 -0.753
2024_0412_03:45:04 13 96.948 96.982
2024_0412_03:45:06 13 0.152 0.716
2024_0412_03:45:09 13 -0.111 0.348
2024_0412_03:52:07 14 95.989 96.053
2024_0412_03:52:12 14 99.994 49.995
2024_0412_03:52:13 13 8.82 96.826
2024_0412_03:52:20 14 -10.347 10.039
2024_0412_03:52:23 14 -0.441 0.188
2024_0412_03:52:24 14 0.929 0.919
2024_0412_03:52:25 14 96.166 96.474
2024_0412_03:52:25 14 -0.577 -0.164
2024_0412_03:52:29 14 0.212 -0.5
2024_0412_03:52:32 14 -13.79 13.248
2024_0412_03:52:35 14 77.543 76.625
2024_0412_03:52:37 14 95.907 95.787
2024_0412_03:52:44 14 96.498 96.529
2024_0412_03:52:44 14 -0.172 -0.085
2024_0412_03:52:56 14 96.187 95.953
2024_0412_03:52:58 14 96.201 96.552
2024_0412_03:59:43 14 0.244 -0.074
2024_0412_03:59:54 14 96.186 96.029
2024_0412_03:59:57 14 15.878 14.697
2024_0412_04:00:00 14 4.328 -0.995
2024_0412_04:00:06 14 -0.477 0.776
2024_0412_04:00:08 14 96.637 96.92
2024_0412_04:00:12 14 93.377 95.813
2024_0412_04:00:14 14 46.048 46.204
2024_0412_04:00:17 14 0.212 0.114
2024_0412_04:00:18 14 97.187 96.486
2024_0412_04:00:29 14 44.117 25.129
2024_0412_04:00:42 14 96.765 96.711
2024_0412_04:00:50 14 0.556 0.548
2024_0412_04:04:10 14 95.549 90.586
2024_0412_04:05:20 14 96.396 96.27
2024_0412_04:06:42 14 0.215 0.336
2024_0412_04:07:22 14 15.056 15.033
2024_0412_04:07:32 14 -0.1 -0.011
2024_0412_04:07:35 14 46.614 46.744
2024_0412_04:07:46 14 96.294 95.712
2024_0412_04:07:46 15 -0.394 0.388
2024_0412_04:07:50 15 0.057 -0.468
2024_0412_04:07:51 15 -0.686 0.052
2024_0412_04:07:55 15 0.673 -0.408
2024_0412_04:07:58 15 95.727 95.918
2024_0412_04:08:11 15 49.998 -49.998
2024_0412_04:08:30 15 -9.774 9.331
2024_0412_04:08:31 15 49.998 -50.0
2024_0412_04:11:52 15 -0.003 -0.016
2024_0412_04:12:57 15 -0.157 -0.123
2024_0412_04:14:31 15 0.087 -0.033
2024_0412_04:14:59 15 15.039 47.909
2024_0412_04:15:03 15 1.055 0.499
2024_0412_04:15:15 15 66.925 -0.39
2024_0412_04:15:19 15 0.831 -0.561
2024_0412_04:15:23 15 0.057 -0.083
2024_0412_04:15:30 15 -0.832 -0.367
2024_0412_04:15:31 15 0.412 0.184
2024_0412_04:15:32 15 -0.343 -0.299
2024_0412_04:15:40 15 96.637 84.704
2024_0412_04:15:48 15 96.87 97.239
2024_0412_04:15:53 15 96.418 95.637
2024_0412_04:16:12 15 -0.105 -0.167
2024_0412_04:16:15 15 0.405 -0.209
2024_0412_04:20:36 15 96.773 96.291
2024_0412_04:22:09 15 -0.519 0.223
2024_0412_04:22:37 15 18.141 18.788
2024_0412_04:22:48 15 2.043 2.24
2024_0412_04:22:55 15 83.56 69.013
2024_0412_04:22:56 15 96.385 96.171
2024_0412_04:23:11 16 48.045 -0.643
2024_0412_04:23:15 15 0.211 2.311
2024_0412_04:23:17 15 96.178 96.074
2024_0412_04:23:27 16 47.575 47.523
2024_0412_04:23:33 16 0.591 0.127
2024_0412_04:23:37 16 78.247 92.109
2024_0412_04:24:04 16 95.702 96.188
2024_0412_04:24:09 16 95.948 96.563
2024_0412_04:26:22 16 15.417 6.533
2024_0412_04:28:22 16 0.064 -0.196
2024_0412_04:28:59 16 95.991 96.162
2024_0412_04:29:47 16 96.493 96.077
2024_0412_04:30:29 16 82.325 93.74
2024_0412_04:30:33 16 96.823 96.762
2024_0412_04:30:37 16 96.049 95.523
2024_0412_04:30:48 16 22.897 -6.513
2024_0412_04:30:57 16 -0.271 -0.08
2024_0412_04:31:00 16 0.275 -0.253
2024_0412_04:31:06 16 87.219 96.251
2024_0412_04:31:15 16 37.608 30.183
2024_0412_04:31:17 16 20.712 12.538
2024_0412_04:31:49 16 10.019 -9.963
2024_0412_04:31:50 16 -3.189 29.843
2024_0412_04:34:13 16 12.234 14.536
2024_0412_04:36:20 16 92.133 95.334
2024_0412_04:36:43 16 -0.753 -0.571
2024_0412_04:37:25 16 95.561 95.073
2024_0412_04:38:06 16 95.4 96.183
2024_0412_04:38:17 17 1.615 0.208
2024_0412_04:38:20 16 96.936 96.804
2024_0412_04:38:26 17 95.987 96.056
2024_0412_04:38:28 17 97.62 -0.847
2024_0412_04:38:40 17 6.829 -7.496
2024_0412_04:38:45 17 34.174 1.186
2024_0412_04:38:47 17 15.275 15.926
2024_0412_04:38:51 17 96.288 96.103
2024_0412_04:38:58 17 16.657 -16.713
2024_0412_04:39:28 17 10.704 -9.74
2024_0412_04:39:30 17 59.836 0.174
2024_0412_04:41:55 17 -0.531 0.058
2024_0412_04:44:17 17 96.523 97.027
2024_0412_04:44:38 17 81.11 85.805
2024_0412_04:45:13 17 48.279 95.919
2024_0412_04:45:49 17 96.531 96.626
2024_0412_04:45:57 17 96.349 96.766
2024_0412_04:46:04 17 -0.137 -0.053
2024_0412_04:46:10 17 0.128 -0.1
2024_0412_04:46:17 17 96.429 96.574
2024_0412_04:46:27 17 -0.076 -0.283
2024_0412_04:46:33 17 40.959 43.434
2024_0412_04:46:36 17 96.164 96.18
2024_0412_04:46:39 17 0.22 -0.533
2024_0412_04:46:46 17 -0.619 0.026
2024_0412_04:47:12 17 0.438 -0.657
2024_0412_04:47:21 17 88.735 96.334
2024_0412_04:49:44 17 0.288 8.585
2024_0412_04:52:01 17 96.602 95.961
2024_0412_04:52:32 18 -0.046 0.025
2024_0412_04:53:05 18 47.646 97.591
2024_0412_04:53:30 18 0.126 -0.226
2024_0412_04:53:37 18 -0.824 2.892
2024_0412_04:53:48 18 0.428 1.854
2024_0412_04:54:01 18 96.238 96.202
2024_0412_04:54:05 18 5.71 -4.827
2024_0412_04:54:14 18 -33.048 33.081
2024_0412_04:54:17 18 -7.515 16.059
2024_0412_04:54:18 18 81.309 11.692
2024_0412_04:54:26 18 -0.45 -0.138
2024_0412_04:54:34 18 7.455 6.773
2024_0412_04:55:08 18 96.874 96.064
2024_0412_04:55:09 18 0.244 0.297
2024_0412_04:57:40 18 0.215 0.009
2024_0412_04:59:46 18 96.765 97.379
2024_0412_05:00:18 18 -1.061 0.613
2024_0412_05:00:48 18 96.893 96.932
2024_0412_05:01:11 18 96.009 96.369
2024_0412_05:01:23 18 23.156 15.502
2024_0412_05:01:34 18 95.285 96.346
2024_0412_05:01:43 18 90.929 96.243
2024_0412_05:01:57 18 0.723 -1.364
2024_0412_05:01:59 18 0.048 -0.137
2024_0412_05:02:04 18 96.97 96.989
2024_0412_05:02:11 18 96.305 95.7
2024_0412_05:02:15 18 -15.76 15.443
2024_0412_05:02:44 18 -0.683 45.792
2024_0412_05:02:52 18 -99.998 99.998
2024_0412_05:02:57 18 42.745 -42.645
2024_0412_05:05:26 18 97.097 96.897
2024_0412_05:07:29 18 0.289 0.626
2024_0412_05:08:07 18 96.311 96.178
2024_0412_05:08:36 18 31.713 47.815
2024_0412_05:08:54 18 16.974 16.873
2024_0412_05:09:15 19 -8.73 28.221
2024_0412_05:09:26 19 68.887 -5.364
2024_0412_05:09:34 19 -0.311 0.613
2024_0412_05:09:39 19 9.967 -8.819
2024_0412_05:09:48 19 51.444 69.242
2024_0412_05:09:51 19 95.75 95.344
2024_0412_05:10:01 19 45.416 3.619
2024_0412_05:10:04 19 54.932 69.057
2024_0412_05:10:24 19 -49.999 49.998
2024_0412_05:10:30 19 66.653 -66.629
2024_0412_05:10:51 19 -0.875 1.336
2024_0412_05:13:09 19 99.998 49.999
2024_0412_05:15:10 19 16.851 -16.991
2024_0412_05:16:00 19 30.131 30.321
2024_0412_05:16:20 19 -99.998 99.996
2024_0412_05:16:53 19 -0.043 0.328
2024_0412_05:17:05 19 -47.478 47.274
2024_0412_05:17:10 19 79.704 -79.798
2024_0412_05:17:19 20 -8.502 8.167
2024_0412_05:17:24 19 96.339 96.352
2024_0412_05:17:42 20 96.717 96.086
2024_0412_05:17:45 20 97.003 96.869
2024_0412_05:17:48 20 -0.048 -0.118
2024_0412_05:17:51 20 10.617 9.639
2024_0412_05:18:12 20 95.232 95.916
2024_0412_05:20:56 20 20.033 26.84
2024_0412_05:21:02 20 -0.132 -0.022
2024_0412_05:23:01 20 0.099 -0.147
2024_0412_05:23:19 20 96.573 96.764
2024_0412_05:23:42 20 96.976 96.915
2024_0412_05:24:10 20 -0.445 0.447
2024_0412_05:24:34 20 13.312 -12.258
2024_0412_05:24:54 20 47.618 -0.483
2024_0412_05:24:56 20 0.194 0.077
2024_0412_05:24:56 20 0.255 0.342
2024_0412_05:25:04 20 0.26 0.049
2024_0412_05:25:22 14 0.022 -0.232
2024_0412_05:25:22 20 46.978 98.3
2024_0412_05:25:26 14 -0.337 -0.327
2024_0412_05:25:28 14 88.585 96.11
2024_0412_05:25:49 15 -0.138 0.45
2024_0412_05:28:13 15 96.427 96.649
2024_0412_05:28:22 15 13.734 13.55
2024_0412_05:30:02 16 14.006 14.564
2024_0412_05:34:28 20 96.105 96.111
2024_0412_05:36:08 20 4.715 23.495
2024_0412_05:43:48 11 0.18 -0.115
2024_0412_05:43:48 8 95.33 96.033
2024_0412_05:43:50 2 96.12 95.999
2024_0412_05:43:50 10 97.033 97.062
2024_0412_05:43:51 1 96.903 96.845
2024_0412_05:43:51 2 92.877 95.459
2024_0412_05:43:52 7 96.763 96.759
2024_0412_05:43:53 3 95.879 96.109
2024_0412_05:43:54 4 95.294 94.896
2024_0412_05:43:54 2 96.433 95.669
2024_0412_05:43:56 2 96.298 96.173
2024_0412_05:43:57 6 96.956 96.882
2024_0412_05:43:58 8 96.75 96.699
2024_0412_05:44:00 2 96.537 96.514
2024_0412_05:45:24 11 0.03 0.118
2024_0412_05:49:41 11 -0.114 0.519
2024_0412_05:51:26 11 96.001 96.442
2024_0412_05:51:27 11 0.055 -0.281
2024_0412_05:51:27 11 -11.36 64.657
2024_0412_05:51:29 11 -0.543 0.26
2024_0412_05:51:30 11 49.998 49.998
2024_0412_05:51:32 11 96.9 96.9
2024_0412_05:51:33 11 0.28 0.087
2024_0412_05:51:33 11 99.998 99.998
2024_0412_05:51:36 11 -0.609 0.437
2024_0412_05:51:37 11 96.914 97.029
2024_0412_05:51:41 11 96.28 95.588
2024_0412_05:51:47 11 97.125 97.159
2024_0412_05:51:48 11 96.769 96.935
2024_0412_05:51:50 11 0.26 0.185
2024_0412_05:53:07 11 0.388 -0.085
2024_0412_05:57:20 11 -0.245 0.552
2024_0412_05:59:03 11 -0.502 0.053
2024_0412_05:59:08 11 96.131 96.063
2024_0412_05:59:08 11 -49.999 99.998
2024_0412_05:59:09 11 96.201 95.883
2024_0412_05:59:12 11 96.286 95.744
2024_0412_05:59:12 11 0.099 0.23
2024_0412_05:59:14 11 -0.065 -0.354
2024_0412_05:59:14 11 96.16 96.072
2024_0412_05:59:16 11 0.019 -0.063
2024_0412_05:59:20 11 96.893 96.892
2024_0412_05:59:26 11 0.134 0.203
2024_0412_05:59:28 11 -0.019 0.091
2024_0412_05:59:29 11 0.499 -0.306
2024_0412_05:59:29 11 0.373 -0.495
2024_0412_06:00:53 11 -0.669 -0.009
2024_0412_06:04:54 11 -0.672 -0.329
2024_0412_06:06:44 11 96.234 96.125
2024_0412_06:06:47 11 96.36 96.104
2024_0412_06:06:47 11 -0.148 -0.187
2024_0412_06:06:50 11 95.901 95.993
2024_0412_06:06:53 11 -0.31 -0.201
2024_0412_06:06:53 11 0.369 0.314
2024_0412_06:06:55 11 96.684 96.679
2024_0412_06:06:57 11 0.198 -0.251
2024_0412_06:07:04 11 47.309 47.403
2024_0412_06:07:05 11 -0.144 -0.176
2024_0412_06:07:05 11 -0.976 0.103
2024_0412_06:07:06 11 96.73 96.807
2024_0412_06:07:07 11 99.998 99.996
2024_0412_06:07:18 11 -0.15 0.265
2024_0412_06:08:27 11 0.041 0.238
2024_0412_06:12:40 11 96.07 96.148
2024_0412_06:14:26 11 -0.777 0.383
2024_0412_06:14:27 11 0.485 0.236
2024_0412_06:14:31 11 -0.182 0.672
2024_0412_06:14:33 11 0.079 0.295
2024_0412_06:14:34 11 30.323 45.58
2024_0412_06:14:37 11 -49.997 99.994
2024_0412_06:14:41 11 -0.032 -0.469
2024_0412_06:14:42 11 -0.381 0.166
2024_0412_06:14:45 11 -0.496 0.133
2024_0412_06:14:46 11 -0.686 0.007
2024_0412_06:14:51 11 96.763 96.566
2024_0412_06:14:51 11 -0.124 -0.07
2024_0412_06:14:56 11 96.639 96.511
2024_0412_06:14:57 11 0.09 0.134
2024_0412_06:16:07 11 -0.332 -0.216
2024_0412_06:20:20 11 96.295 95.754
2024_0412_06:22:06 11 96.103 96.352
2024_0412_06:22:08 11 48.237 -1.095
2024_0412_06:22:12 11 100.0 100.0
2024_0412_06:22:12 11 0.186 0.263
2024_0412_06:22:17 11 97.007 96.947
2024_0412_06:22:20 11 49.998 -99.998
2024_0412_06:22:20 11 0.647 -0.228
2024_0412_06:22:23 11 -0.216 0.299
2024_0412_06:22:24 11 96.367 96.376
2024_0412_06:22:27 11 0.246 0.104
2024_0412_06:22:27 11 86.933 96.106
2024_0412_06:22:28 11 0.001 0.083
2024_0412_06:22:37 11 -0.018 -0.084
2024_0412_06:22:46 11 -0.531 0.399
2024_0412_06:23:47 11 96.363 95.767
2024_0412_06:28:02 11 16.972 16.753
2024_0412_06:29:44 11 -0.279 0.031
2024_0412_06:29:47 11 49.999 -49.998
2024_0412_06:29:51 11 0.188 -0.524
2024_0412_06:29:51 11 96.968 96.924
2024_0412_06:29:52 11 0.034 -0.28
2024_0412_06:29:59 11 -0.324 0.127
2024_0412_06:30:00 11 0.135 -0.472
2024_0412_06:30:05 11 -0.225 -0.526
2024_0412_06:30:08 11 0.296 -0.151
2024_0412_06:30:13 11 95.666 95.378
2024_0412_06:30:13 11 96.178 95.073
2024_0412_06:30:24 11 -0.029 0.179
2024_0412_06:30:27 11 0.13 -0.004
2024_0412_06:30:30 11 96.741 96.847
2024_0412_06:31:31 11 96.817 97.655
2024_0412_06:35:40 11 96.797 96.942
2024_0412_06:37:21 11 -0.016 0.096
2024_0412_06:37:23 11 96.94 96.983
2024_0412_06:37:30 11 97.007 96.829
2024_0412_06:37:32 11 96.203 96.338
2024_0412_06:37:33 11 -0.405 -0.345
2024_0412_06:37:37 11 0.155 0.082
2024_0412_06:37:44 11 0.057 -0.142
2024_0412_06:37:46 11 96.528 96.694
2024_0412_06:37:51 11 0.357 0.113
2024_0412_06:37:51 11 96.726 96.235
2024_0412_06:37:53 11 96.917 97.035
2024_0412_06:38:03 11 96.099 96.496
2024_0412_06:38:07 11 96.358 96.108
2024_0412_06:38:12 11 -0.093 -0.234
2024_0412_06:39:11 11 0.002 0.546
2024_0412_06:43:19 11 61.82 49.785
2024_0412_06:45:06 11 -0.065 0.206
2024_0412_06:45:13 11 -0.019 -0.492
2024_0412_06:45:14 11 -99.998 -99.997
2024_0412_06:45:16 11 49.999 49.999
2024_0412_06:45:16 11 -0.248 -0.773
2024_0412_06:45:23 11 0.354 0.151
2024_0412_06:45:27 11 96.506 96.824
2024_0412_06:45:30 11 -0.019 0.367
2024_0412_06:45:32 11 0.183 -0.114
2024_0412_06:45:33 11 96.457 96.36
2024_0412_06:45:42 11 0.012 0.179
2024_0412_06:45:43 11 3.408 3.9
2024_0412_06:45:56 11 -0.421 -0.015
2024_0412_06:45:58 11 0.104 -0.214
2024_0412_06:46:54 11 -99.998 -49.999
2024_0412_06:50:58 11 -0.131 -0.326
2024_0412_06:52:43 11 -99.996 99.994
2024_0412_06:52:51 11 96.733 96.661
2024_0412_06:52:55 11 -0.26 0.039
2024_0412_06:52:56 11 0.075 0.305
2024_0412_06:53:00 12 97.066 96.975
2024_0412_06:53:05 12 16.438 16.578
2024_0412_06:53:07 12 0.208 -0.053
2024_0412_06:53:08 12 97.027 96.962
2024_0412_06:53:12 12 49.999 99.998
2024_0412_06:53:19 12 96.342 96.46
2024_0412_06:53:29 12 49.999 -99.998
2024_0412_06:53:30 12 49.998 99.996
2024_0412_06:53:33 12 96.113 96.34
2024_0412_06:53:49 12 97.321 97.266
2024_0412_06:54:40 12 0.843 0.299
2024_0412_06:58:45 12 95.416 96.343
2024_0412_07:00:30 12 0.546 0.357
2024_0412_07:00:39 12 -0.666 47.778
2024_0412_07:00:41 12 55.657 60.291
2024_0412_07:00:43 12 17.004 17.305
2024_0412_07:00:46 12 100.0 100.0
2024_0412_07:00:50 12 -0.119 0.169
2024_0412_07:00:53 12 -0.08 0.239
2024_0412_07:00:59 12 95.774 95.916
2024_0412_07:01:05 12 96.424 96.262
2024_0412_07:01:06 12 96.41 96.506
2024_0412_07:01:15 12 96.921 96.918
2024_0412_07:01:15 12 -0.183 -0.249
2024_0412_07:01:21 12 0.01 0.431
2024_0412_07:01:38 12 96.373 96.004
2024_0412_07:02:47 12 -0.441 -0.112
2024_0412_07:06:33 12 0.163 0.055
2024_0412_07:08:17 12 97.295 97.299
2024_0412_07:08:28 12 97.082 96.754
2024_0412_07:08:29 12 0.332 0.179
2024_0412_07:08:31 12 96.157 96.18
2024_0412_07:08:38 12 -0.299 -0.201
2024_0412_07:08:40 12 0.453 2.928
2024_0412_07:08:45 12 -0.471 -0.105
2024_0412_07:08:50 12 -0.203 0.286
2024_0412_07:08:51 12 62.82 58.41
2024_0412_07:08:56 12 95.983 96.172
2024_0412_07:09:04 12 2.074 0.015
2024_0412_07:09:06 12 -0.121 -0.391
2024_0412_07:09:06 12 96.685 30.549
2024_0412_07:09:28 12 77.367 76.963
2024_0412_07:10:48 12 0.117 0.257
2024_0412_07:14:18 12 -0.352 -0.334
2024_0412_07:16:05 12 96.028 96.23
2024_0412_07:16:14 12 96.119 96.116
2024_0412_07:16:20 12 97.186 97.927
2024_0412_07:16:24 12 0.325 0.039
2024_0412_07:16:31 12 95.859 95.019
2024_0412_07:16:33 12 77.483 77.395
2024_0412_07:16:40 12 96.141 95.338
2024_0412_07:16:43 12 96.727 97.165
2024_0412_07:16:44 12 96.902 96.833
2024_0412_07:16:46 12 96.637 49.628
2024_0412_07:16:50 12 -0.47 -0.629
2024_0412_07:16:54 12 -16.209 70.613
2024_0412_07:16:59 12 45.954 45.977
2024_0412_07:17:12 12 -0.07 0.355
2024_0412_07:18:38 12 96.007 95.745
2024_0412_07:22:07 12 0.484 -0.223
2024_0412_07:23:57 12 96.379 96.22
2024_0412_07:24:11 12 0.26 -0.508
2024_0412_07:24:13 12 96.188 95.776
2024_0412_07:24:19 12 -0.436 0.049
2024_0412_07:24:21 12 0.125 -0.001
2024_0412_07:24:24 12 96.183 95.849
2024_0412_07:24:26 12 96.969 96.9
2024_0412_07:24:29 12 0.153 -0.099
2024_0412_07:24:35 12 96.956 96.862
2024_0412_07:24:37 12 0.043 0.811
2024_0412_07:24:38 12 21.131 22.817
2024_0412_07:24:53 12 95.986 95.99
2024_0412_07:24:59 12 -0.946 0.271
2024_0412_07:25:02 12 -0.183 -0.667
2024_0412_07:26:30 12 95.953 96.209
2024_0412_07:29:51 12 0.053 0.232
2024_0412_07:31:58 12 -0.04 0.281
2024_0412_07:32:02 12 95.699 96.119
2024_0412_07:32:05 12 97.105 97.108
2024_0412_07:32:10 12 96.737 96.016
2024_0412_07:32:12 12 96.67 96.831
2024_0412_07:32:13 12 0.676 0.299
2024_0412_07:32:17 12 -0.18 -0.358
2024_0412_07:32:18 12 -99.996 -49.998
2024_0412_07:32:22 12 -0.289 -0.159
2024_0412_07:32:27 12 96.887 97.008
2024_0412_07:32:32 12 96.152 96.137
2024_0412_07:32:45 12 99.999 49.998
2024_0412_07:32:46 12 0.098 -0.068
2024_0412_07:32:56 12 96.188 96.402
2024_0412_07:34:18 12 96.088 95.52
2024_0412_07:37:41 12 94.905 95.872
2024_0412_07:39:45 12 -49.998 49.998
2024_0412_07:39:52 12 96.844 96.909
2024_0412_07:40:03 12 96.917 96.942
2024_0412_07:40:04 12 97.33 97.36
2024_0412_07:40:06 12 95.754 96.402
2024_0412_07:40:07 12 96.037 97.925
2024_0412_07:40:09 12 96.455 96.578
2024_0412_07:40:14 12 -54.662 59.947
2024_0412_07:40:19 12 -42.773 49.109
2024_0412_07:40:36 12 95.785 96.316
2024_0412_07:40:38 12 96.962 96.724
2024_0412_07:40:38 12 34.956 -34.644
2024_0412_07:40:40 12 49.145 48.6
2024_0412_07:40:48 12 71.442 89.053
2024_0412_07:42:09 12 -0.232 -0.284
2024_0412_07:45:38 12 -0.403 -0.515
2024_0412_07:47:35 12 97.022 96.951
2024_0412_07:47:35 12 -99.996 99.997
2024_0412_07:47:50 12 -0.587 1.756
2024_0412_07:47:52 12 96.219 96.132
2024_0412_07:47:53 12 -21.48 96.898
2024_0412_07:47:58 12 45.728 -5.57
2024_0412_07:48:00 13 10.26 -10.078
2024_0412_07:48:00 13 0.863 -0.4
2024_0412_07:48:08 13 94.585 96.426
2024_0412_07:48:24 13 97.906 21.711
2024_0412_07:48:29 13 95.89 95.559
2024_0412_07:48:30 13 96.564 96.743
2024_0412_07:48:37 13 15.742 16.838
2024_0412_07:48:44 13 96.673 96.777
2024_0412_07:49:58 13 0.382 0.117
2024_0412_07:53:24 13 0.279 -0.205
2024_0412_07:55:24 13 -50.045 49.828
2024_0412_07:55:28 13 46.709 46.63
2024_0412_07:55:39 13 0.175 -0.066
2024_0412_07:55:43 13 45.687 46.298
2024_0412_07:55:50 13 -0.526 0.547
2024_0412_07:55:50 13 0.108 -0.128
2024_0412_07:55:51 13 1.268 -0.116
2024_0412_07:55:54 13 20.574 70.974
2024_0412_07:56:18 13 1.453 2.047
2024_0412_07:56:23 13 95.558 95.988
2024_0412_07:56:25 13 -0.389 0.316
2024_0412_07:56:28 13 -49.999 -49.999
2024_0412_07:56:35 13 -0.443 0.116
2024_0412_07:56:36 13 46.097 45.679
2024_0412_07:57:48 13 -0.484 0.233
2024_0412_08:01:13 13 0.041 0.35
2024_0412_08:03:09 13 0.07 0.214
2024_0412_08:03:17 13 76.797 76.276
2024_0412_08:03:27 13 -1.546 96.333
2024_0412_08:03:27 13 0.006 0.045
2024_0412_08:03:42 13 0.154 -0.021
2024_0412_08:03:44 13 95.694 96.212
2024_0412_08:03:48 13 -0.186 0.26
2024_0412_08:03:53 13 15.97 16.261
2024_0412_08:04:04 13 0.451 0.337
2024_0412_08:04:13 13 0.227 -0.184
2024_0412_08:04:17 13 97.211 97.254
2024_0412_08:04:20 13 -49.996 99.994
2024_0412_08:04:21 13 97.31 97.403
2024_0412_08:04:25 13 96.136 94.144
2024_0412_08:05:33 13 95.866 95.912
2024_0412_08:08:56 13 3.17 -1.157
2024_0412_08:10:57 13 0.424 -0.13
2024_0412_08:11:07 13 0.028 -0.222
2024_0412_08:11:07 13 0.011 -0.247
2024_0412_08:11:10 13 -1.032 47.224
2024_0412_08:11:27 13 70.91 72.546
2024_0412_08:11:29 13 0.496 0.261
2024_0412_08:11:33 13 -8.26 8.834
2024_0412_08:11:35 13 96.369 96.811
2024_0412_08:11:46 13 2.067 0.401
2024_0412_08:11:59 13 47.388 47.615
2024_0412_08:12:00 13 -49.999 -49.999
2024_0412_08:12:07 13 3.197 -1.808
2024_0412_08:12:07 13 97.049 97.009
2024_0412_08:12:09 13 47.037 -18.493
2024_0412_08:13:18 13 96.656 96.55
2024_0412_08:16:36 13 0.155 0.234
2024_0412_08:18:45 13 0.119 0.286
2024_0412_08:18:49 13 0.06 -0.013
2024_0412_08:18:51 13 49.999 -49.999
2024_0412_08:18:52 13 -4.38 45.917
2024_0412_08:19:05 13 -10.04 10.09
2024_0412_08:19:12 13 2.861 1.913
2024_0412_08:19:15 13 -0.142 -0.518
2024_0412_08:19:20 13 96.612 96.227
2024_0412_08:19:27 13 0.395 0.095
2024_0412_08:19:38 13 -9.598 9.83
2024_0412_08:19:39 13 0.075 -0.308
2024_0412_08:19:49 13 -0.289 -0.508
2024_0412_08:19:49 13 96.622 96.471
2024_0412_08:19:58 13 99.997 99.991
2024_0412_08:20:59 13 38.79 31.139
2024_0412_08:24:19 13 95.392 96.594
2024_0412_08:26:28 13 95.098 96.272
2024_0412_08:26:31 13 96.826 96.996
2024_0412_08:26:31 13 -0.207 -0.232
2024_0412_08:26:32 13 96.688 96.642
2024_0412_08:26:43 13 -0.86 0.054
2024_0412_08:26:55 13 -0.773 47.868
2024_0412_08:26:56 13 -0.361 0.234
2024_0412_08:26:59 13 -4.764 35.264
2024_0412_08:27:07 13 1.796 -0.047
2024_0412_08:27:16 13 -0.637 -0.68
2024_0412_08:27:26 13 -0.48 0.466
2024_0412_08:27:33 13 97.32 95.726
2024_0412_08:27:35 13 96.888 95.868
2024_0412_08:27:40 13 0.086 -0.275
2024_0412_08:28:41 13 2.223 -0.019
2024_0412_08:32:00 13 49.999 99.998
2024_0412_08:34:10 13 0.406 -0.074
2024_0412_08:34:11 13 -0.169 1.174
2024_0412_08:34:13 13 96.0 95.99
2024_0412_08:34:14 13 -0.204 0.055
2024_0412_08:34:21 13 97.255 97.334
2024_0412_08:34:47 13 -0.373 -0.194
2024_0412_08:34:49 13 3.138 2.901
2024_0412_08:35:13 13 48.977 96.71
2024_0412_08:35:19 13 14.84 14.749
2024_0412_08:35:28 13 95.341 96.632
2024_0412_08:36:22 13 97.987 47.883
2024_0412_08:39:13 13 -1.222 48.22
2024_0412_08:39:42 13 45.403 53.003
2024_0412_08:39:47 13 45.429 46.115
2024_0412_08:40:00 13 96.633 96.892
2024_0412_08:41:46 13 37.283 10.767
2024_0412_08:41:53 13 -0.715 0.458
2024_0412_08:41:56 13 96.815 95.923
2024_0412_08:41:58 13 95.893 96.307
2024_0412_08:42:04 13 16.699 16.719
2024_0412_08:42:28 13 96.045 96.523
2024_0412_08:42:29 13 -0.325 -0.218
2024_0412_08:42:56 13 46.175 45.904
2024_0412_08:42:59 13 0.257 0.433
2024_0412_08:43:07 13 0.16 0.198
2024_0412_08:44:01 13 0.296 -0.024
2024_0412_08:46:53 13 97.788 96.902
2024_0412_08:47:22 13 -0.266 0.037
2024_0412_08:47:25 13 96.661 95.558
2024_0412_08:47:28 13 0.106 -0.085
2024_0412_08:47:41 13 0.261 0.131
2024_0412_08:49:23 13 -0.111 0.296
2024_0412_08:49:31 13 -0.329 0.238
2024_0412_08:49:34 13 -0.214 0.223
2024_0412_08:49:35 13 0.287 -0.375
2024_0412_08:49:43 13 -0.047 -0.045
2024_0412_08:50:14 13 97.09 96.446
2024_0412_08:50:18 13 -0.152 -0.139
2024_0412_08:50:31 13 -0.169 0.266
2024_0412_08:50:37 13 -4.2 48.457
2024_0412_08:50:58 13 -0.256 0.109
2024_0412_08:51:46 13 0.756 -0.411
2024_0412_08:54:42 13 96.644 96.746
2024_0412_08:55:04 13 0.396 -0.251
2024_0412_08:55:09 13 96.073 94.403
2024_0412_08:55:19 13 95.616 84.584
2024_0412_08:55:21 13 -0.428 -0.041
2024_0412_08:57:03 13 -0.691 0.238
2024_0412_08:57:10 13 52.668 -52.6
2024_0412_08:57:13 13 97.037 96.826
2024_0412_08:57:22 13 94.637 96.152
2024_0412_08:57:28 13 7.273 26.365
2024_0412_08:57:52 13 94.952 95.64
2024_0412_08:58:02 13 -0.191 0.023
2024_0412_08:58:17 13 0.106 0.396
2024_0412_08:58:18 13 97.595 96.842
2024_0412_08:58:38 13 96.772 95.997
2024_0412_08:59:31 13 -1.3 2.039
2024_0412_09:02:19 13 -33.333 33.311
2024_0412_09:02:46 13 94.969 95.753
2024_0412_09:02:51 13 -0.194 -0.144
2024_0412_09:03:01 13 0.885 -0.7
2024_0412_09:03:06 13 0.028 47.111
2024_0412_09:04:43 13 45.988 46.062
2024_0412_09:04:54 13 77.428 77.219
2024_0412_09:05:01 13 96.715 96.426
2024_0412_09:05:10 13 95.942 96.748
2024_0412_09:05:11 13 14.037 14.17
2024_0412_09:05:38 13 16.589 17.13
2024_0412_09:05:45 13 0.179 0.11
2024_0412_09:06:00 13 0.066 0.19
2024_0412_09:06:08 13 96.367 96.399
2024_0412_09:06:16 13 -0.325 -0.285
2024_0412_09:07:34 13 18.891 19.524
2024_0412_09:10:00 13 10.884 31.168
2024_0412_09:10:31 13 96.646 96.59
2024_0412_09:10:35 13 97.477 96.811
2024_0412_09:10:42 13 20.078 -19.906
2024_0412_09:10:44 13 13.672 13.102
2024_0412_09:12:22 13 96.457 96.646
2024_0412_09:12:31 13 -0.055 -0.608
2024_0412_09:12:42 13 96.545 97.204
2024_0412_09:12:50 13 -0.383 1.214
2024_0412_09:12:52 13 0.215 0.107
2024_0412_09:13:14 13 -0.009 0.08
2024_0412_09:13:24 13 -0.46 0.307
2024_0412_09:13:37 13 44.512 -23.295
2024_0412_09:13:52 13 0.315 -0.268
2024_0412_09:13:54 13 96.393 96.371
2024_0412_09:15:11 13 -0.468 0.511
2024_0412_09:17:44 13 96.362 95.858
2024_0412_09:18:12 13 96.659 96.268
2024_0412_09:18:13 13 11.237 -11.469
2024_0412_09:18:20 13 99.998 -49.999
2024_0412_09:18:22 13 -0.312 0.017
2024_0412_09:20:04 13 -49.998 49.999
2024_0412_09:20:13 14 -12.712 13.368
2024_0412_09:20:19 14 0.247 -0.514
2024_0412_09:20:28 14 49.998 -49.996
2024_0412_09:20:34 14 96.876 96.944
2024_0412_09:20:54 14 0.028 -0.138
2024_0412_09:21:16 14 96.601 96.551
2024_0412_09:21:32 14 0.056 0.405
2024_0412_09:21:37 14 0.063 -0.628
2024_0412_09:23:02 14 15.467 45.004
2024_0412_09:23:03 14 -0.39 0.153
2024_0412_09:25:21 14 0.089 0.152
2024_0412_09:25:52 14 -0.467 -0.463
2024_0412_09:25:55 14 96.297 96.132
2024_0412_09:25:58 14 65.328 63.162
2024_0412_09:26:05 14 91.654 74.289
2024_0412_09:27:40 14 95.919 45.98
2024_0412_09:27:56 14 0.997 -0.354
2024_0412_09:28:03 14 97.109 96.927
2024_0412_09:28:08 14 0.055 0.395
2024_0412_09:28:11 14 -0.188 0.739
2024_0412_09:28:36 14 1.66 5.252
2024_0412_09:28:58 14 96.881 96.243
2024_0412_09:29:16 14 49.998 -49.997
2024_0412_09:29:25 14 0.256 -0.855
2024_0412_09:30:41 14 8.182 16.688
2024_0412_09:30:45 14 95.96 96.344
2024_0412_09:32:55 14 -0.526 47.773
2024_0412_09:33:28 14 0.242 -0.237
2024_0412_09:33:36 14 66.338 86.793
2024_0412_09:33:42 14 -0.325 -0.343
2024_0412_09:33:52 14 96.68 96.498
2024_0412_09:35:15 14 0.003 -0.003
2024_0412_09:35:33 14 7.826 -8.667
2024_0412_09:35:40 14 -0.012 -0.278
2024_0412_09:35:51 14 95.877 95.79
2024_0412_09:35:52 14 96.901 47.854
2024_0412_09:36:08 14 0.156 0.072
2024_0412_09:36:36 14 10.561 10.379
2024_0412_09:36:54 14 9.848 -9.998
2024_0412_09:37:10 14 -0.229 0.239
2024_0412_09:38:23 14 -0.349 0.254
2024_0412_09:38:30 14 96.089 96.498
2024_0412_09:40:34 14 -20.637 72.92
2024_0412_09:41:08 14 -49.999 -99.995
2024_0412_09:41:08 14 -0.042 0.46
2024_0412_09:41:29 14 97.01 96.911
2024_0412_09:41:40 14 96.328 96.383
2024_0412_09:42:49 14 -16.151 16.782
2024_0412_09:43:15 14 0.046 0.057
2024_0412_09:43:20 14 96.988 97.079
2024_0412_09:43:27 14 -10.473 9.816
2024_0412_09:43:32 14 97.337 96.019
2024_0412_09:43:44 14 96.43 96.61
2024_0412_09:44:20 14 -10.066 9.915
2024_0412_09:44:34 14 96.214 45.404
2024_0412_09:45:00 14 96.711 96.852
2024_0412_09:46:03 14 38.849 39.701
2024_0412_09:46:06 14 96.66 96.755
2024_0412_09:48:12 14 96.667 96.5
2024_0412_09:48:50 14 -1.074 -0.396
2024_0412_09:49:03 14 69.816 74.579
2024_0412_09:49:10 14 0.012 0.169
2024_0412_09:49:21 14 0.222 -0.078
2024_0412_09:50:30 14 17.6 17.565
2024_0412_09:51:01 14 -0.007 -0.046
2024_0412_09:51:01 14 96.017 95.927
2024_0412_09:51:02 14 -0.012 0.093
2024_0412_09:51:18 14 96.044 95.629
2024_0412_09:51:33 14 0.145 0.32
2024_0412_09:51:58 14 0.718 0.161
2024_0412_09:52:12 14 0.498 4.089
2024_0412_09:52:45 14 57.823 57.068
2024_0412_09:53:41 14 -0.235 -0.318
2024_0412_09:53:44 14 8.805 10.061
2024_0412_09:55:53 14 95.604 86.43
2024_0412_09:56:27 14 96.617 96.48
2024_0412_09:56:35 14 -0.176 0.558
2024_0412_09:56:47 14 -20.276 20.217
2024_0412_09:57:00 14 -0.494 -0.31
2024_0412_09:58:11 14 96.049 95.752
2024_0412_09:58:35 14 99.998 -49.999
2024_0412_09:58:41 14 97.008 96.912
2024_0412_09:58:45 14 0.079 -0.006
2024_0412_09:58:55 14 0.041 -0.12
2024_0412_09:59:07 14 -0.703 -0.483
2024_0412_09:59:32 14 0.214 -0.028
2024_0412_09:59:47 14 95.484 95.839
2024_0412_10:01:18 14 11.665 29.72
2024_0412_10:01:20 14 0.31 0.36
2024_0412_10:03:34 14 95.507 96.096
2024_0412_10:04:03 14 96.859 97.01
2024_0412_10:04:10 14 0.481 0.305
2024_0412_10:04:22 14 -0.466 0.27
2024_0412_10:04:37 14 0.587 0.034
2024_0412_10:04:44 14 19.036 45.435
2024_0412_10:05:52 14 46.082 96.738
2024_0412_10:06:13 14 96.154 92.824
2024_0412_10:06:31 14 46.661 49.841
2024_0412_10:06:33 14 -33.631 33.769
2024_0412_10:06:37 14 47.076 1.923
2024_0412_10:06:44 14 3.205 -0.618
2024_0412_10:07:08 14 -0.303 0.039
2024_0412_10:07:34 14 95.752 96.248
2024_0412_10:09:01 14 85.773 94.95
2024_0412_10:09:03 14 -0.353 94.717
2024_0412_10:11:08 14 42.407 1.707
2024_0412_10:11:36 14 -0.113 0.045
2024_0412_10:11:49 14 0.804 1.327
2024_0412_10:11:56 14 59.942 -60.081
2024_0412_10:12:13 14 97.362 95.527
2024_0412_10:12:21 14 0.06 0.107
2024_0412_10:13:32 14 76.331 76.745
2024_0412_10:13:48 14 96.572 96.58
2024_0412_10:14:12 14 95.94 96.022
2024_0412_10:14:17 14 97.086 44.502
2024_0412_10:14:20 14 0.015 0.191
2024_0412_10:14:47 14 -1.016 -0.488
2024_0412_10:15:16 14 0.387 -0.605
2024_0412_10:16:36 14 96.104 96.107
2024_0412_10:16:39 14 96.417 96.245
2024_0412_10:17:11 14 0.087 0.223
2024_0412_10:18:55 14 -4.621 15.799
2024_0412_10:19:13 14 0.031 -0.37
2024_0412_10:19:23 14 0.048 -0.162
2024_0412_10:19:37 14 96.399 96.957
2024_0412_10:19:53 14 -1.204 30.164
2024_0412_10:20:01 14 95.808 48.716
2024_0412_10:21:09 14 96.327 95.562
2024_0412_10:21:25 14 49.346 -43.287
2024_0412_10:21:51 14 97.011 97.274
2024_0412_10:21:57 14 96.935 96.981
2024_0412_10:21:59 14 95.941 95.545
2024_0412_10:22:26 14 97.48 96.972
2024_0412_10:22:55 14 0.42 -0.561
2024_0412_10:24:15 14 -2.822 49.838
2024_0412_10:24:20 14 -36.073 35.783
2024_0412_10:24:49 14 0.222 0.165
2024_0412_10:26:42 14 26.092 19.362
2024_0412_10:26:51 14 96.588 96.453
2024_0412_10:27:00 14 2.292 -0.301
2024_0412_10:27:20 14 47.338 47.072
2024_0412_10:27:36 14 -0.648 0.231
2024_0412_10:27:49 14 45.524 45.735
2024_0412_10:28:49 14 95.723 96.04
2024_0412_10:29:03 14 96.358 96.108
2024_0412_10:29:38 14 -33.446 33.365
2024_0412_10:29:40 14 96.191 95.487
2024_0412_10:29:43 14 47.837 -1.593
2024_0412_10:30:05 14 -0.216 -0.113
2024_0412_10:30:34 14 49.775 -1.247
2024_0412_10:31:52 14 -8.621 8.509
2024_0412_10:32:05 14 70.23 -5.635
2024_0412_10:32:25 14 -99.998 -99.996
2024_0412_10:34:21 14 96.31 96.019
2024_0412_10:34:33 14 -0.076 0.261
2024_0412_10:34:59 14 4.657 22.339
2024_0412_10:35:16 14 96.118 96.627
2024_0412_10:35:28 14 -0.105 0.542
2024_0412_10:36:44 14 95.883 93.539
2024_0412_10:36:48 14 96.735 96.646
2024_0412_10:37:17 14 95.948 96.037
2024_0412_10:37:22 14 -0.301 0.109
2024_0412_10:37:25 14 -1.418 0.167
2024_0412_10:37:45 14 0.072 0.009
2024_0412_10:38:12 14 0.94 -0.551
2024_0412_10:39:33 14 0.188 0.345
2024_0412_10:39:40 14 96.895 96.411
2024_0412_10:39:43 14 95.857 97.026
2024_0412_10:40:03 14 -10.609 9.615
2024_0412_10:42:00 14 96.006 95.615
2024_0412_10:42:16 14 80.771 80.616
2024_0412_10:42:40 14 0.559 -0.925
2024_0412_10:42:55 14 0.185 0.316
2024_0412_10:43:05 14 95.263 95.848
2024_0412_10:44:22 14 -0.265 -0.285
2024_0412_10:44:24 14 96.08 95.986
2024_0412_10:44:56 14 95.002 95.952
2024_0412_10:45:02 14 96.695 96.732
2024_0412_10:45:09 14 -3.449 45.235
2024_0412_10:45:22 14 -1.18 49.716
2024_0412_10:45:49 14 0.164 -0.111
2024_0412_10:47:11 15 36.439 10.802
2024_0412_10:47:17 15 26.729 27.204
2024_0412_10:47:28 15 0.883 0.461
2024_0412_10:47:55 15 95.559 96.729
2024_0412_10:49:36 15 96.045 93.881
2024_0412_10:50:07 15 96.232 96.78
2024_0412_10:50:16 15 29.812 1.314
2024_0412_10:50:27 15 0.566 -0.004
2024_0412_10:52:17 15 0.225 0.501
2024_0412_10:52:33 15 -0.259 -0.017
2024_0412_10:52:35 15 10.192 -10.131
2024_0412_10:52:45 15 94.317 94.106
2024_0412_10:52:57 15 -0.034 0.172
2024_0412_10:53:26 15 96.134 95.88
2024_0412_10:54:03 15 96.238 73.563
2024_0412_10:54:52 15 -0.389 -0.555
2024_0412_10:55:04 15 47.698 -18.095
2024_0412_10:55:04 15 17.241 17.302
2024_0412_10:55:43 15 21.299 97.388
2024_0412_10:56:47 15 12.85 -12.266
2024_0412_10:57:18 15 31.769 -19.081
2024_0412_10:57:56 15 96.121 95.689
2024_0412_10:57:59 15 0.045 3.895
2024_0412_10:58:06 15 96.2 96.318
2024_0412_10:59:58 15 0.211 -0.272
2024_0412_11:00:09 15 -0.212 -0.114
2024_0412_11:00:12 15 95.61 94.971
2024_0412_11:00:27 15 96.923 96.984
2024_0412_11:00:36 15 87.011 57.59
2024_0412_11:01:03 15 59.856 -5.865
2024_0412_11:01:39 15 97.662 47.693
2024_0412_11:02:33 15 97.017 95.854
2024_0412_11:02:49 15 96.625 97.103
2024_0412_11:03:01 15 0.315 -0.035
2024_0412_11:03:31 15 8.624 -8.298
2024_0412_11:04:59 15 95.734 95.917
2024_0412_11:05:32 15 -7.614 8.151
2024_0412_11:05:39 15 18.818 -7.956
2024_0412_11:05:43 15 0.375 -0.378
2024_0412_11:07:35 15 0.192 -0.076
2024_0412_11:07:47 15 93.572 98.136
2024_0412_11:07:58 15 95.893 95.688
2024_0412_11:08:04 15 96.709 96.772
2024_0412_11:08:17 15 96.274 92.499
2024_0412_11:08:41 15 95.108 96.037
2024_0412_11:09:25 15 96.974 97.661
2024_0412_11:09:50 15 95.858 96.167
2024_0412_11:10:12 15 97.589 96.999
2024_0412_11:10:30 15 96.913 96.957
2024_0412_11:10:31 15 -0.181 0.032
2024_0412_11:11:15 15 0.719 0.754
2024_0412_11:12:46 15 33.512 34.073
2024_0412_11:13:14 15 -3.123 3.214
2024_0412_11:13:15 15 16.4 16.298
2024_0412_11:13:20 15 76.467 76.724
2024_0412_11:15:14 15 2.746 -1.7
2024_0412_11:15:24 15 0.002 0.35
2024_0412_11:15:36 15 95.997 47.966
2024_0412_11:15:51 15 94.726 96.23
2024_0412_11:15:54 15 0.324 2.92
2024_0412_11:16:30 15 48.616 48.837
2024_0412_11:17:03 15 -1.31 48.106
2024_0412_11:18:04 15 0.446 0.126
2024_0412_11:18:09 15 13.182 13.393
2024_0412_11:18:30 15 92.219 97.424
2024_0412_11:19:00 15 -9.765 9.888
2024_0412_11:20:29 15 96.158 48.199
2024_0412_11:20:49 15 -0.135 0.18
2024_0412_11:20:51 15 0.087 0.562
2024_0412_11:20:57 15 22.483 23.061
2024_0412_11:21:54 15 -49.999 -49.999
2024_0412_11:22:53 15 96.427 96.386
2024_0412_11:23:08 15 -0.192 0.355
2024_0412_11:23:14 15 -0.006 0.006
2024_0412_11:23:28 15 -99.994 99.994
2024_0412_11:24:08 15 1.025 0.445
2024_0412_11:24:42 15 0.306 2.532
2024_0412_11:25:48 15 -1.283 49.589
2024_0412_11:25:52 15 94.693 95.771
2024_0412_11:26:09 15 96.281 96.202
2024_0412_11:26:39 15 41.701 41.91
2024_0412_11:28:10 15 47.475 97.405
2024_0412_11:28:28 15 47.565 47.266
2024_0412_11:28:31 15 96.903 96.82
2024_0412_11:28:54 15 -0.575 -0.287
2024_0412_11:29:31 15 -0.139 -0.104
2024_0412_11:29:51 15 96.793 96.771
2024_0412_11:30:37 15 -9.879 10.466
2024_0412_11:30:52 15 -49.999 49.997
2024_0412_11:30:52 15 96.092 96.318
2024_0412_11:31:11 15 -0.2 0.105
2024_0412_11:31:47 15 0.64 0.022
2024_0412_11:32:19 15 96.151 95.982
2024_0412_11:33:25 15 -13.381 46.661
2024_0412_11:33:38 15 -0.343 0.773
2024_0412_11:33:48 15 97.306 97.512
2024_0412_11:34:13 15 -0.181 -0.079
2024_0412_11:35:50 15 12.417 -12.141
2024_0412_11:36:05 15 0.023 0.432
2024_0412_11:36:17 15 97.163 96.305
2024_0412_11:36:40 15 94.953 96.225
2024_0412_11:37:05 15 0.442 -0.305
2024_0412_11:37:26 15 0.345 0.499
2024_0412_11:38:21 15 -0.741 46.612
2024_0412_11:38:29 15 -0.167 -0.059
2024_0412_11:38:33 15 76.317 76.72
2024_0412_11:38:47 15 -16.341 63.727
2024_0412_11:39:38 15 0.951 2.048
2024_0412_11:40:05 15 75.179 96.271
2024_0412_11:41:05 15 99.996 100.0
2024_0412_11:41:16 15 40.918 41.233
2024_0412_11:41:49 15 0.072 -0.288
2024_0412_11:41:57 15 75.739 78.021
2024_0412_11:43:24 15 0.342 -0.339
2024_0412_11:43:38 15 49.998 -99.996
2024_0412_11:43:50 15 -0.243 0.335
2024_0412_11:44:19 15 98.905 -32.626
2024_0412_11:44:44 15 -0.406 -0.114
2024_0412_11:44:58 15 -0.724 0.359
2024_0412_11:46:02 15 96.287 92.674
2024_0412_11:46:04 15 1.596 1.942
2024_0412_11:46:07 15 95.908 95.853
2024_0412_11:46:20 15 96.132 96.279
2024_0412_11:47:24 15 48.996 48.359
2024_0412_11:47:37 15 94.843 96.044
2024_0412_11:48:42 15 81.444 86.889
2024_0412_11:48:43 15 96.386 84.101
2024_0412_11:49:17 15 0.168 0.085
2024_0412_11:49:28 15 1.169 2.121
2024_0412_11:50:59 15 4.372 -3.674
2024_0412_11:51:04 15 -0.003 -0.001
2024_0412_11:51:14 15 33.443 -33.384
2024_0412_11:51:47 15 27.372 -27.233
2024_0412_11:52:06 15 -16.811 16.846
2024_0412_11:52:25 15 96.306 95.598
2024_0412_11:53:26 15 3.229 -2.911
2024_0412_11:53:32 15 96.695 96.372
2024_0412_11:53:48 15 97.324 96.525
2024_0412_11:54:27 15 -0.362 0.242
2024_0412_11:54:50 15 -10.406 9.348
2024_0412_11:55:12 15 -0.235 -0.428
2024_0412_11:56:04 15 -0.002 -0.176
2024_0412_11:56:08 15 94.056 96.229
2024_0412_11:56:37 15 0.7 0.12
2024_0412_11:56:50 15 -10.006 9.874
2024_0412_11:58:15 15 0.447 -0.184
2024_0412_11:58:27 15 47.807 95.754
2024_0412_11:58:53 15 41.342 11.968
2024_0412_11:59:14 15 96.759 96.21
2024_0412_11:59:50 15 47.828 -0.315
2024_0412_12:00:52 15 96.059 93.962
2024_0412_12:00:56 15 96.936 97.052
2024_0412_12:01:26 15 0.004 -0.012
2024_0412_12:01:48 15 -0.155 0.055
2024_0412_12:02:23 15 13.753 13.83
2024_0412_12:02:43 15 96.334 96.059
2024_0412_12:03:24 15 -19.191 19.949
2024_0412_12:03:43 15 -0.354 -0.205
2024_0412_12:03:57 15 17.86 17.655
2024_0412_12:04:07 15 -0.169 -0.034
2024_0412_12:04:14 15 -0.059 0.0
2024_0412_12:05:47 15 92.799 96.426
2024_0412_12:05:55 15 -0.136 -0.071
2024_0412_12:06:22 15 95.56 96.563
2024_0412_12:06:38 15 -0.216 -0.052
2024_0412_12:07:11 15 0.317 -0.449
2024_0412_12:08:20 15 3.956 -3.958
2024_0412_12:08:25 15 96.736 96.637
2024_0412_12:08:47 15 0.109 0.196
2024_0412_12:09:09 15 49.999 99.996
2024_0412_12:09:48 15 2.811 -3.204
2024_0412_12:10:28 16 -0.145 0.534
2024_0412_12:10:48 16 20.098 -19.666
2024_0412_12:11:11 16 0.161 -0.238
2024_0412_12:11:27 16 -10.584 9.863
2024_0412_12:11:28 16 46.283 -1.262
2024_0412_12:11:40 16 97.32 97.168
2024_0412_12:13:11 16 19.12 -18.863
2024_0412_12:13:28 16 95.572 96.168
2024_0412_12:14:04 16 64.314 -5.954
2024_0412_12:14:34 16 16.649 -16.843
2024_0412_12:15:38 16 96.502 96.277
2024_0412_12:15:51 16 95.93 95.53
2024_0412_12:15:51 16 68.635 94.588
2024_0412_12:16:17 16 50.38 50.476
2024_0412_12:16:39 16 -0.402 0.332
2024_0412_12:17:14 16 16.59 -16.602
2024_0412_12:17:52 16 63.178 63.794
2024_0412_12:18:15 16 97.651 96.753
2024_0412_12:18:41 16 0.775 -0.29
2024_0412_12:18:51 16 -0.184 0.178
2024_0412_12:19:02 16 97.625 96.997
2024_0412_12:19:03 16 0.083 -0.289
2024_0412_12:20:36 16 45.852 96.588
2024_0412_12:21:03 16 94.807 96.121
2024_0412_12:21:27 16 96.183 95.9
2024_0412_12:22:19 16 -0.933 0.276
2024_0412_12:22:58 16 17.252 -16.627
2024_0412_12:23:18 16 97.103 97.006
2024_0412_12:23:19 16 16.69 -16.438
2024_0412_12:23:41 16 -30.89 65.344
2024_0412_12:24:06 16 96.245 95.595
2024_0412_12:24:39 16 -6.942 6.866
2024_0412_12:25:21 16 -0.29 0.411
2024_0412_12:25:44 16 0.145 -0.03
2024_0412_12:26:11 16 -0.162 0.115
2024_0412_12:26:20 16 0.055 0.321
2024_0412_12:26:28 16 7.065 -7.397
2024_0412_12:26:38 16 0.132 0.23
2024_0412_12:27:57 16 96.985 95.716
2024_0412_12:28:28 16 0.067 -0.069
2024_0412_12:28:52 16 96.739 54.839
2024_0412_12:29:41 16 16.13 16.047
2024_0412_12:30:24 16 0.248 0.071
2024_0412_12:30:43 16 77.307 77.398
2024_0412_12:30:50 16 96.815 96.973
2024_0412_12:31:17 16 -0.582 28.688
2024_0412_12:31:29 16 95.741 96.113
2024_0412_12:31:59 16 -0.199 1.818
2024_0412_12:32:44 16 0.339 0.103
2024_0412_12:33:17 16 96.517 93.654
2024_0412_12:33:37 16 77.342 76.709
2024_0412_12:33:47 16 96.452 95.005
2024_0412_12:33:52 16 -0.037 0.587
2024_0412_12:34:02 16 0.443 0.032
2024_0412_12:35:22 16 97.081 96.807
2024_0412_12:35:58 16 -9.971 9.964
2024_0412_12:36:30 16 79.843 43.303
2024_0412_12:37:06 16 96.721 96.172
2024_0412_12:37:46 16 96.638 96.685
2024_0412_12:38:08 16 69.391 53.431
2024_0412_12:38:14 16 37.234 89.831
2024_0412_12:38:50 16 -0.102 -0.103
2024_0412_12:38:51 16 0.059 0.086
2024_0412_12:39:24 16 41.051 11.91
2024_0412_12:40:08 16 47.22 97.288
2024_0412_12:40:41 16 97.342 97.316
2024_0412_12:40:57 16 33.104 -13.103
2024_0412_12:41:08 16 25.0 -23.486
2024_0412_12:41:15 16 30.016 29.609
2024_0412_12:41:36 16 97.284 96.922
2024_0412_12:43:26 16 97.042 96.934
2024_0412_12:44:02 16 95.926 96.231
2024_0412_12:44:34 16 47.287 97.508
2024_0412_12:45:30 16 97.683 97.104
2024_0412_12:45:32 16 -0.162 -0.107
2024_0412_12:45:41 16 96.591 95.348
2024_0412_12:45:55 16 -3.562 28.577
2024_0412_12:46:14 16 0.283 -0.192
2024_0412_12:46:37 16 97.856 96.913
2024_0412_12:46:48 16 96.209 96.706
2024_0412_12:47:43 16 96.781 96.844
2024_0412_12:48:14 16 9.977 -10.086
2024_0412_12:48:21 16 -0.666 0.488
2024_0412_12:48:34 16 -49.999 -49.998
2024_0412_12:48:46 16 0.1 -0.216
2024_0412_12:50:56 16 -0.323 0.168
2024_0412_12:51:35 16 -0.099 0.105
2024_0412_12:53:10 16 95.342 49.385
2024_0412_12:53:20 16 -8.059 8.531
2024_0412_12:53:32 16 -16.635 16.496
2024_0412_12:53:54 16 -99.998 49.999
2024_0412_12:54:22 16 95.938 95.004
2024_0412_12:54:51 16 78.293 31.839
2024_0412_12:54:57 16 97.293 97.379
2024_0412_12:55:51 16 1.686 0.915
2024_0412_12:56:03 16 24.255 25.159
2024_0412_12:56:13 16 95.954 96.444
2024_0412_12:56:27 16 0.116 0.593
2024_0412_12:56:39 16 61.076 61.012
2024_0412_12:57:07 16 1.49 0.021
2024_0412_12:58:10 16 14.377 -5.531
2024_0412_12:58:49 16 15.706 -1.273
2024_0412_12:59:22 16 49.999 -49.999
2024_0412_13:01:06 16 0.161 -0.12
2024_0412_13:01:16 16 16.777 16.347
2024_0412_13:01:42 16 49.106 95.706
2024_0412_13:02:14 16 1.755 1.576
2024_0412_13:02:34 16 49.999 -49.999
2024_0412_13:02:46 16 0.112 46.975
2024_0412_13:03:36 16 96.742 96.844
2024_0412_13:04:03 16 39.133 -30.935
2024_0412_13:04:05 16 96.936 96.726
2024_0412_13:04:23 16 79.706 80.175
2024_0412_13:04:30 16 50.61 -5.828
2024_0412_13:06:04 16 0.249 -0.206
2024_0412_13:06:35 16 0.083 0.065
2024_0412_13:07:10 16 -10.045 15.352
2024_0412_13:07:18 16 0.141 0.435
2024_0412_13:08:51 16 0.143 0.035
2024_0412_13:08:54 16 -0.093 0.385
2024_0412_13:09:03 16 0.371 0.354
2024_0412_13:09:36 16 96.959 96.927
2024_0412_13:10:05 16 3.635 4.273
2024_0412_13:10:25 16 0.373 0.233
2024_0412_13:10:45 16 97.642 96.996
2024_0412_13:11:25 16 96.12 96.742
2024_0412_13:11:54 16 76.969 77.126
2024_0412_13:12:10 16 -9.654 10.343
2024_0412_13:12:23 16 -0.324 -0.244
2024_0412_13:13:58 16 13.216 -9.316
2024_0412_13:14:27 16 -0.871 0.18
2024_0412_13:15:00 16 0.414 0.678
2024_0412_13:15:10 16 96.271 96.28
2024_0412_13:15:52 16 -26.019 25.872
2024_0412_13:16:39 16 0.477 -0.312
2024_0412_13:16:52 16 1.483 7.524
2024_0412_13:17:11 16 1.005 1.332
2024_0412_13:17:25 17 -0.437 0.578
2024_0412_13:17:58 17 95.52 96.572
2024_0412_13:18:24 17 97.031 96.904
2024_0412_13:18:33 17 0.563 2.078
2024_0412_13:19:15 17 -19.804 44.717
2024_0412_13:19:59 17 90.776 96.069
2024_0412_13:20:05 17 96.528 96.734
2024_0412_13:20:20 17 96.62 96.039
2024_0412_13:21:49 17 26.306 59.673
2024_0412_13:22:18 17 -0.015 0.148
2024_0412_13:22:55 17 59.838 47.676
2024_0412_13:23:38 17 0.055 0.056
2024_0412_13:23:49 17 0.052 0.587
2024_0412_13:24:24 17 14.694 7.006
2024_0412_13:24:54 17 0.509 -0.424
2024_0412_13:25:09 17 95.952 96.119
2024_0412_13:25:17 17 21.535 22.722
2024_0412_13:25:58 17 -0.013 -0.104
2024_0412_13:26:12 17 39.969 -40.171
2024_0412_13:26:24 17 96.848 96.875
2024_0412_13:27:06 17 0.082 0.413
2024_0412_13:27:55 17 -0.056 -0.189
2024_0412_13:28:03 17 6.396 -2.468
2024_0412_13:28:11 17 96.598 96.453
2024_0412_13:29:39 17 0.098 0.185
2024_0412_13:30:12 17 48.403 48.665
2024_0412_13:30:48 17 15.278 60.912
2024_0412_13:31:38 17 -0.154 -0.007
2024_0412_13:31:41 17 -5.912 6.129
2024_0412_13:32:19 17 -49.784 49.928
2024_0412_13:32:43 17 -11.424 64.945
2024_0412_13:32:59 17 7.653 18.871
2024_0412_13:33:08 17 17.088 17.034
2024_0412_13:33:55 17 40.066 -40.143
2024_0412_13:33:59 17 93.607 95.765
2024_0412_13:34:19 17 57.873 86.33
2024_0412_13:35:00 17 22.361 14.48
2024_0412_13:35:47 17 -0.05 -0.457
2024_0412_13:36:02 17 80.907 80.412
2024_0412_13:36:14 17 95.079 95.5
2024_0412_13:37:36 17 43.432 46.952
2024_0412_13:38:07 17 96.807 97.001
2024_0412_13:38:45 17 -6.395 7.009
2024_0412_13:39:35 17 75.094 75.433
2024_0412_13:39:36 17 96.424 94.616
2024_0412_13:40:36 17 96.962 97.039
2024_0412_13:40:43 17 0.143 -0.26
2024_0412_13:40:44 17 95.278 71.013
2024_0412_13:40:58 17 95.982 95.937
2024_0412_13:41:42 17 -4.735 34.122
2024_0412_13:41:55 17 76.891 76.798
2024_0412_13:42:09 17 14.65 -6.429
2024_0412_13:42:48 17 31.401 31.41
2024_0412_13:43:32 17 0.319 -0.684
2024_0412_13:43:49 17 96.73 97.114
2024_0412_13:44:09 17 -0.612 -0.261
2024_0412_13:45:31 17 -8.953 43.664
2024_0412_13:46:37 17 72.504 94.967
2024_0412_13:46:38 17 96.494 96.657
2024_0412_13:47:25 17 10.039 -9.681
2024_0412_13:48:29 17 1.99 -3.038
2024_0412_13:48:32 17 0.348 -0.199
2024_0412_13:48:46 17 76.847 76.874
2024_0412_13:48:55 17 31.277 30.685
2024_0412_13:49:59 17 41.542 31.865
2024_0412_13:50:02 17 97.047 96.83
2024_0412_13:50:04 17 -100.0 -49.994
2024_0412_13:50:51 17 95.637 97.362
2024_0412_13:51:33 17 96.88 96.542
2024_0412_13:51:42 17 0.22 0.196
2024_0412_13:51:54 17 -12.261 11.453
2024_0412_13:52:27 17 25.154 4.894
2024_0412_13:53:46 17 0.144 -0.283
2024_0412_13:54:46 17 12.321 8.879
2024_0412_13:55:33 17 96.232 78.317
2024_0412_13:56:43 17 77.49 77.115
2024_0412_13:56:54 17 36.492 22.038
2024_0412_13:57:02 17 -0.091 -0.097
2024_0412_13:58:07 17 -0.061 -0.084
2024_0412_13:58:15 17 2.208 -0.54
2024_0412_13:58:26 17 75.545 76.022
2024_0412_13:59:01 17 -19.964 20.734
2024_0412_13:59:41 17 -0.083 0.525
2024_0412_13:59:52 17 95.731 82.346
2024_0412_14:00:27 17 -0.435 -0.065
2024_0412_14:00:50 17 96.386 96.142
2024_0412_14:01:01 17 95.631 97.046
2024_0412_14:01:53 17 14.885 7.669
2024_0412_14:02:30 17 10.37 -9.873
2024_0412_14:02:57 17 -8.02 8.095
2024_0412_14:03:38 17 -0.351 -1.534
2024_0412_14:04:58 17 -8.567 7.826
2024_0412_14:05:07 17 12.664 -12.269
2024_0412_14:05:10 17 0.015 0.158
2024_0412_14:06:17 17 96.881 96.904
2024_0412_14:06:23 17 -5.575 5.691
2024_0412_14:06:32 17 2.041 1.615
2024_0412_14:07:08 17 0.169 -0.34
2024_0412_14:07:51 17 -0.046 0.25
2024_0412_14:08:01 17 66.427 86.638
2024_0412_14:08:36 17 96.247 96.296
2024_0412_14:09:04 17 -9.813 28.066
2024_0412_14:09:06 17 -0.25 -0.202
2024_0412_14:10:01 17 0.383 0.427
2024_0412_14:10:40 17 -24.919 25.273
2024_0412_14:11:08 17 96.111 96.002
2024_0412_14:13:05 17 0.267 -0.284
2024_0412_14:13:10 17 0.11 -0.039
2024_0412_14:13:11 17 -0.809 0.17
2024_0412_14:14:19 17 49.096 50.529
2024_0412_14:14:37 17 -10.784 9.778
2024_0412_14:15:11 17 1.046 -0.357
2024_0412_14:16:05 17 -0.432 -0.36
2024_0412_14:16:20 17 26.802 47.003
2024_0412_14:17:04 17 21.084 21.926
2024_0412_14:17:12 17 96.297 96.135
2024_0412_14:17:17 17 -21.377 18.846
2024_0412_14:17:24 17 0.215 0.31
2024_0412_14:18:05 17 0.066 -0.642
2024_0412_14:18:40 17 -0.201 -0.489
2024_0412_14:19:28 17 0.117 0.134
2024_0412_14:21:12 17 96.826 96.876
2024_0412_14:21:20 17 -1.114 -0.749
2024_0412_14:21:42 17 -0.112 0.13
2024_0412_14:22:27 17 16.3 15.752
2024_0412_14:22:31 17 0.489 0.26
2024_0412_14:22:44 17 94.319 96.0
2024_0412_14:23:12 17 0.67 0.228
2024_0412_14:24:11 17 45.964 19.457
2024_0412_14:25:04 17 0.03 -0.507
2024_0412_14:25:25 17 96.478 45.85
2024_0412_14:25:27 17 -2.545 1.026
2024_0412_14:25:28 17 7.569 -5.08
2024_0412_14:25:39 17 -0.284 0.2
2024_0412_14:26:13 17 93.993 93.763
2024_0412_14:27:41 17 23.896 2.781
2024_0412_14:29:18 17 12.733 -9.567
2024_0412_14:29:30 17 49.555 -49.72
2024_0412_14:29:59 17 96.67 97.215
2024_0412_14:30:34 17 94.649 96.425
2024_0412_14:30:40 17 -1.31 4.74
2024_0412_14:30:58 17 29.428 -5.327
2024_0412_14:31:16 17 -0.31 0.344
2024_0412_14:32:19 17 33.755 46.363
2024_0412_14:33:18 17 3.901 17.573
2024_0412_14:33:34 17 0.383 -0.042
2024_0412_14:33:39 17 88.136 95.281
2024_0412_14:33:42 18 33.223 -4.308
2024_0412_14:34:22 18 97.336 47.149
2024_0412_14:35:51 18 90.994 91.2
2024_0412_14:36:02 18 49.666 -1.225
2024_0412_14:36:46 18 3.853 23.451
2024_0412_14:37:32 18 0.262 0.161
2024_0412_14:37:37 18 -0.772 0.605
2024_0412_14:38:19 18 11.981 12.78
2024_0412_14:39:01 18 0.6 -0.175
2024_0412_14:39:05 18 23.154 29.062
2024_0412_14:39:14 18 96.995 96.984
2024_0412_14:39:30 18 80.006 89.588
2024_0412_14:40:34 18 -7.418 42.339
2024_0412_14:41:32 18 13.33 -1.224
2024_0412_14:41:39 18 0.051 1.229
2024_0412_14:41:47 18 94.95 95.526
2024_0412_14:42:09 18 76.073 61.563
2024_0412_14:42:28 18 0.577 -0.188
2024_0412_14:43:59 18 97.709 96.829
2024_0412_14:44:12 18 0.373 0.149
2024_0412_14:44:49 18 96.399 96.607
2024_0412_14:45:43 18 -10.977 20.068
2024_0412_14:45:54 18 -0.609 -0.053
2024_0412_14:46:24 18 -10.022 9.695
2024_0412_14:47:21 18 95.713 95.935
2024_0412_14:47:24 18 -0.256 -0.369
2024_0412_14:47:35 18 -0.905 0.525
2024_0412_14:47:47 18 96.235 96.415
2024_0412_14:48:44 18 19.129 -9.229
2024_0412_14:49:44 18 0.196 0.186
2024_0412_14:49:56 18 10.593 8.463
2024_0412_14:50:01 18 96.115 95.583
2024_0412_14:50:17 18 -6.702 10.463
2024_0412_14:50:33 18 -0.078 0.12
2024_0412_14:52:05 18 65.795 5.568
2024_0412_14:52:48 18 96.547 96.704
2024_0412_14:53:49 18 13.725 14.059
2024_0412_14:54:09 18 0.038 0.445
2024_0412_14:54:21 18 9.078 -0.844
2024_0412_14:55:19 18 41.835 42.197
2024_0412_14:55:29 18 0.033 -0.002
2024_0412_14:55:35 18 0.188 -0.04
2024_0412_14:55:50 18 96.935 97.016
2024_0412_14:56:39 18 51.403 51.5
2024_0412_14:57:48 18 97.139 97.062
2024_0412_14:57:51 18 -0.024 0.079
2024_0412_14:58:04 18 16.515 -1.335
2024_0412_14:58:07 18 -3.285 49.423
2024_0412_14:58:18 18 0.228 0.163
2024_0412_14:58:34 18 38.903 35.584
2024_0412_15:00:17 18 9.512 33.719
2024_0412_15:00:57 18 -0.042 0.123
2024_0412_15:01:59 18 88.198 62.157
2024_0412_15:02:19 18 -26.268 49.548
2024_0412_15:02:27 18 -7.792 28.454
2024_0412_15:03:27 18 46.393 46.224
2024_0412_15:03:33 18 99.999 -99.999
2024_0412_15:04:07 18 0.008 -0.002
2024_0412_15:04:49 18 0.402 -0.345
2024_0412_15:05:41 18 -36.311 38.787
2024_0412_15:05:57 18 95.598 95.88
2024_0412_15:05:57 18 97.408 95.141
2024_0412_15:06:06 18 -0.019 0.042
2024_0412_15:06:22 18 27.579 41.211
2024_0412_15:06:22 18 86.669 66.41
2024_0412_15:06:41 18 96.145 96.29
2024_0412_15:08:47 18 94.549 43.236
2024_0412_15:09:08 18 34.3 73.57
2024_0412_15:10:18 18 -20.179 20.172
2024_0412_15:10:28 18 -12.059 12.402
2024_0412_15:10:29 18 -0.289 0.267
2024_0412_15:11:40 18 96.967 96.79
2024_0412_15:12:11 18 48.065 98.271
2024_0412_15:12:52 18 97.122 97.024
2024_0412_15:14:03 18 -0.077 -0.039
2024_0412_15:14:07 18 0.702 1.244
2024_0412_15:14:13 18 96.997 96.915
2024_0412_15:14:25 18 -12.743 12.721
2024_0412_15:14:25 18 15.261 15.296
2024_0412_15:15:02 18 96.179 93.808
2024_0412_15:16:51 18 14.762 13.774
2024_0412_15:17:26 18 0.509 1.896
2024_0412_15:18:23 18 95.751 95.916
2024_0412_15:18:30 18 -2.03 2.384
2024_0412_15:18:32 18 -9.14 23.109
2024_0412_15:18:40 18 0.268 -0.308
2024_0412_15:20:02 18 0.0 99.998
2024_0412_15:20:23 18 96.481 96.583
2024_0412_15:21:03 18 95.682 96.395
2024_0412_15:21:34 18 81.422 81.389
2024_0412_15:22:12 18 44.619 -0.793
2024_0412_15:22:19 18 -0.025 0.07
2024_0412_15:22:23 18 97.086 96.789
2024_0412_15:22:34 18 -8.003 49.715
2024_0412_15:23:04 18 0.342 6.184
2024_0412_15:23:36 18 21.436 13.526
2024_0412_15:24:57 18 -0.255 0.677
2024_0412_15:25:36 18 -0.004 0.098
2024_0412_15:26:28 18 10.42 -10.071
2024_0412_15:26:40 18 96.089 94.432
2024_0412_15:26:47 18 96.003 96.345
2024_0412_15:26:51 18 -0.003 -0.104
2024_0412_15:28:27 18 95.694 95.794
2024_0412_15:28:32 18 0.383 -0.64
2024_0412_15:29:09 18 15.013 14.931
2024_0412_15:30:01 18 97.381 97.413
2024_0412_15:30:16 18 57.534 59.798
2024_0412_15:30:25 18 99.996 49.998
2024_0412_15:30:28 18 96.639 95.832
2024_0412_15:30:42 18 22.863 22.796
2024_0412_15:31:06 18 9.752 8.131
2024_0412_15:31:42 18 99.996 -50.0
2024_0412_15:33:10 18 0.009 -0.002
2024_0412_15:33:59 18 94.505 86.685
2024_0412_15:34:48 18 0.175 0.556
2024_0412_15:34:48 18 12.358 -4.427
2024_0412_15:34:53 18 93.971 95.214
2024_0412_15:34:57 18 0.516 0.026
2024_0412_15:36:38 18 -4.218 4.648
2024_0412_15:36:39 18 1.707 -1.684
2024_0412_15:37:15 18 24.295 -4.428
2024_0412_15:38:11 18 95.918 95.555
2024_0412_15:38:37 18 0.679 0.37
2024_0412_15:38:38 18 94.879 95.328
2024_0412_15:38:54 18 0.12 -0.346
2024_0412_15:38:55 18 38.432 4.246
2024_0412_15:39:17 18 -0.1 -0.14
2024_0412_15:39:53 18 0.233 0.238
2024_0412_15:41:17 18 -0.18 0.512
2024_0412_15:42:06 18 55.056 55.488
2024_0412_15:43:04 18 -1.676 1.224
2024_0412_15:43:08 18 94.365 76.204
2024_0412_15:43:23 18 -0.413 0.161
2024_0412_15:43:24 18 96.071 96.267
2024_0412_15:44:43 18 97.264 97.2
2024_0412_15:44:44 18 96.662 96.643
2024_0412_15:45:18 18 -7.486 7.551
2024_0412_15:46:18 18 95.965 95.866
2024_0412_15:46:39 18 9.919 -9.99
2024_0412_15:46:39 18 97.059 96.482
2024_0412_15:46:59 18 -0.304 0.293
2024_0412_15:47:03 18 17.503 0.77
2024_0412_15:47:54 18 0.079 -0.155
2024_0412_15:49:20 18 7.679 44.471
2024_0412_15:50:08 18 17.02 17.846
2024_0412_15:51:19 18 48.63 -0.444
2024_0412_15:51:26 18 -10.298 9.827
2024_0412_15:51:32 18 -0.517 0.866
2024_0412_15:52:42 18 9.063 -8.685
2024_0412_15:52:51 18 6.667 52.878
2024_0412_15:53:37 18 96.903 96.316
2024_0412_15:54:23 18 9.16 9.383
2024_0412_15:55:00 18 49.999 -99.992
2024_0412_15:55:01 18 96.538 89.929
2024_0412_15:55:03 18 0.143 -0.161
2024_0412_15:55:12 18 -0.272 0.638
2024_0412_15:55:15 18 -0.234 -0.125
2024_0412_15:56:05 18 1.128 0.277
2024_0412_15:57:28 18 49.458 -1.866
2024_0412_15:57:31 18 11.575 -11.326
2024_0412_15:58:17 18 0.507 0.031
2024_0412_15:59:32 18 96.515 96.536
2024_0412_15:59:35 18 16.905 -17.047
2024_0412_15:59:44 18 17.164 18.017
2024_0412_16:00:52 18 -2.783 94.417
2024_0412_16:01:07 18 1.267 -0.885
2024_0412_16:01:55 18 65.759 82.856
2024_0412_16:02:40 18 -0.459 0.018
2024_0412_16:03:08 19 96.655 97.332
2024_0412_16:03:08 19 0.129 -0.909
2024_0412_16:03:29 19 -0.162 -0.635
2024_0412_16:03:30 19 -0.697 -0.123
2024_0412_16:04:11 19 0.199 0.419
2024_0412_16:05:34 19 14.085 4.363
2024_0412_16:05:51 19 0.065 0.63
2024_0412_16:06:47 19 95.99 96.133
2024_0412_16:07:50 19 97.424 47.562
2024_0412_16:08:01 19 0.176 0.06
2024_0412_16:08:01 19 -13.855 14.493
2024_0412_16:09:05 19 96.259 96.007
2024_0412_16:09:18 19 96.432 96.076
2024_0412_16:10:14 19 95.83 47.346
2024_0412_16:11:18 19 -1.626 1.455
2024_0412_16:11:26 19 95.925 96.154
2024_0412_16:11:41 19 2.422 -0.155
2024_0412_16:11:47 19 -0.174 0.268
2024_0412_16:11:59 19 -0.102 0.337
2024_0412_16:12:40 19 -1.071 0.759
2024_0412_16:13:39 19 0.257 -0.406
2024_0412_16:13:57 19 0.779 1.161
2024_0412_16:14:48 19 -9.989 9.924
2024_0412_16:15:48 19 -0.216 0.397
2024_0412_16:15:54 19 -0.129 0.413
2024_0412_16:16:05 19 96.472 96.193
2024_0412_16:17:02 19 0.021 -0.224
2024_0412_16:17:17 19 49.002 95.982
2024_0412_16:18:25 19 0.088 -0.389
2024_0412_16:19:09 19 -0.076 0.553
2024_0412_16:19:12 19 48.57 48.971
2024_0412_16:19:25 19 -0.157 -0.015
2024_0412_16:19:32 19 -0.541 -0.363
2024_0412_16:19:59 19 96.273 96.602
2024_0412_16:20:33 19 2.496 70.475
2024_0412_16:21:41 19 18.584 -19.113
2024_0412_16:22:39 19 34.876 8.502
2024_0412_16:23:38 19 55.542 60.84
2024_0412_16:23:45 19 1.136 0.397
2024_0412_16:23:50 19 3.549 4.897
2024_0412_16:25:02 19 -0.074 -0.488
2024_0412_16:25:10 19 -1.115 -0.1
2024_0412_16:26:00 19 1.019 0.082
2024_0412_16:27:00 19 0.214 0.051
2024_0412_16:27:05 19 11.698 -10.068
2024_0412_16:27:22 19 11.528 9.882
2024_0412_16:27:25 19 97.263 96.569
2024_0412_16:27:51 19 2.568 -1.605
2024_0412_16:28:28 19 16.436 -16.304
2024_0412_16:29:19 19 16.646 -16.608
2024_0412_16:29:28 19 46.306 45.428
2024_0412_16:30:28 19 -0.142 0.172
2024_0412_16:31:27 19 -14.505 13.133
2024_0412_16:31:41 19 1.387 -1.435
2024_0412_16:31:50 19 1.902 4.508
2024_0412_16:32:37 19 95.021 94.931
2024_0412_16:33:06 19 0.611 0.129
2024_0412_16:33:07 19 -0.677 45.653
2024_0412_16:33:56 19 93.648 95.784
2024_0412_16:34:49 19 94.122 14.072
2024_0412_16:35:06 19 -0.078 0.013
2024_0412_16:35:21 19 88.21 94.015
2024_0412_16:35:36 19 -0.058 0.205
2024_0412_16:36:27 19 20.584 -19.776
2024_0412_16:37:11 19 97.047 96.824
2024_0412_16:37:36 19 7.119 7.6
2024_0412_16:38:18 19 15.264 11.32
2024_0412_16:39:38 19 -8.655 12.673
2024_0412_16:39:42 19 46.102 46.02
2024_0412_16:40:38 19 96.74 96.814
2024_0412_16:41:03 19 -0.102 0.385
2024_0412_16:41:06 19 96.224 96.434
2024_0412_16:41:14 19 -0.216 0.206
2024_0412_16:41:52 19 0.417 0.575
2024_0412_16:42:38 19 -49.992 49.992
2024_0412_16:42:56 19 -1.114 7.969
2024_0412_16:43:17 19 0.04 -0.159
2024_0412_16:43:43 19 -0.239 -0.218
2024_0412_16:44:26 19 -0.164 0.362
2024_0412_16:44:59 19 49.958 -49.267
2024_0412_16:45:27 19 -3.759 4.019
2024_0412_16:46:21 20 96.902 96.95
2024_0412_16:47:41 20 -0.176 -0.241
2024_0412_16:48:33 20 97.658 86.15
2024_0412_16:48:56 20 20.96 7.397
2024_0412_16:48:57 20 95.36 96.206
2024_0412_16:49:14 20 0.18 -0.227
2024_0412_16:49:47 20 45.928 46.236
2024_0412_16:50:31 20 12.925 47.893
2024_0412_16:50:44 20 49.999 -99.996
2024_0412_16:51:04 20 75.185 73.011
2024_0412_16:51:06 20 -0.351 0.047
2024_0412_16:51:45 20 23.245 49.039
2024_0412_16:52:27 20 0.04 -0.362
2024_0412_16:52:48 20 -99.998 50.0
2024_0412_16:53:42 20 -7.229 24.072
2024_0412_16:54:12 20 0.043 11.774
2024_0412_16:54:31 20 18.202 6.39
2024_0412_16:55:30 20 1.258 6.206
2024_0412_16:56:27 20 96.144 96.118
2024_0412_16:56:43 20 0.583 -0.529
2024_0412_16:56:52 20 9.104 9.385
2024_0412_16:57:29 20 56.453 63.365
2024_0412_16:58:13 20 38.18 39.28
2024_0412_16:58:39 20 96.703 97.2
2024_0412_16:58:41 20 96.581 95.922
2024_0412_16:58:52 20 -0.314 -0.111
2024_0412_16:58:54 20 -0.479 -0.737
2024_0412_16:59:41 20 0.227 -0.384
2024_0412_17:00:22 20 -12.925 12.427
2024_0412_17:01:37 20 93.488 4.29
2024_0412_17:02:12 20 0.536 0.311
2024_0412_17:02:17 20 9.93 -9.792
2024_0412_17:03:21 20 96.439 -11.865
2024_0412_17:04:22 20 16.707 -16.31
2024_0412_17:04:56 20 0.001 -0.001
2024_0412_17:05:24 20 82.857 89.459
2024_0412_17:05:57 20 96.241 96.164
2024_0412_17:06:27 20 0.104 -0.124
2024_0412_17:06:41 20 -11.95 12.924
2024_0412_17:06:44 20 1.588 -1.017
2024_0412_17:06:46 20 -0.094 -0.048
2024_0412_17:07:38 20 95.74 96.173
2024_0412_17:07:53 20 93.115 95.943
2024_0412_17:08:12 20 96.745 96.828
2024_0412_17:09:28 20 49.999 99.998
2024_0412_17:09:59 20 6.527 7.423
2024_0412_17:10:05 20 -1.474 5.341
2024_0412_17:10:06 20 50.092 -49.841
2024_0412_17:11:04 20 -0.603 0.132
2024_0412_17:12:10 20 0.347 -0.533
2024_0412_17:12:50 20 96.577 96.543
2024_0412_17:13:24 20 47.553 0.629
2024_0412_17:13:57 20 39.173 46.637
2024_0412_17:14:18 20 97.039 96.38
2024_0412_17:14:28 20 16.428 15.925
2024_0412_17:14:38 20 96.899 95.729
2024_0412_17:14:48 20 95.036 96.244
2024_0412_17:15:42 20 -14.643 70.721
2024_0412_17:15:53 20 17.207 16.574
2024_0412_17:16:03 20 -0.306 48.811
2024_0412_17:17:28 20 -0.466 -0.154
2024_0412_17:17:52 20 0.1 0.777
2024_0412_17:18:02 20 4.571 31.281
2024_0412_17:18:11 20 96.515 96.408
2024_0412_17:19:33 20 16.399 16.229
2024_0412_17:19:54 20 49.996 -99.993
2024_0412_17:20:51 20 84.788 68.912
2024_0412_17:21:14 20 -20.153 20.163
2024_0412_17:21:47 20 56.641 39.389
2024_0412_17:22:17 20 12.312 -12.203
2024_0412_17:22:23 20 -10.136 10.621
2024_0412_17:22:34 20 24.053 3.338
2024_0412_17:23:46 20 0.58 0.549
2024_0412_17:23:46 20 67.962 87.256
2024_0412_17:24:30 20 95.949 96.32
2024_0412_17:24:33 20 -2.707 -0.373
2024_0412_17:25:15 20 96.17 97.275
2024_0412_17:25:51 20 96.946 96.911
2024_0412_17:25:55 20 40.819 90.912
2024_0412_17:26:03 20 0.356 0.077
2024_0412_17:27:32 20 -0.393 -0.183
2024_0412_17:27:55 20 14.623 14.233
2024_0412_17:28:40 20 49.999 49.999
2024_0412_17:29:07 20 47.933 98.024
2024_0412_17:29:54 20 40.088 -39.999
2024_0412_17:30:13 20 77.421 82.215
2024_0412_17:30:22 20 60.306 59.463
2024_0412_17:30:25 20 -0.084 0.065
2024_0412_17:31:36 20 0.03 -0.137
2024_0412_17:31:42 20 0.094 -0.076
2024_0412_17:32:19 20 47.566 97.557
2024_0412_17:32:28 20 27.833 -22.602
2024_0412_17:33:19 20 -0.122 -0.423
2024_0412_17:33:44 20 9.325 48.32
2024_0412_17:33:49 20 49.713 -2.444
2024_0412_17:33:57 20 7.671 -8.04
2024_0412_17:35:33 20 -9.753 20.595
2024_0412_17:36:31 9 97.241 97.189
2024_0412_17:36:54 5 97.006 97.028
2024_0412_17:37:44 13 47.39 97.368
2024_0412_17:38:00 13 95.165 97.505
2024_0412_17:38:08 13 -0.227 1.595
2024_0412_17:38:31 13 10.335 -9.815
2024_0412_17:39:31 13 17.026 16.679
2024_0412_17:39:33 14 95.884 95.985
2024_0412_17:40:18 14 -0.053 -0.107
2024_0412_17:40:19 14 -0.268 0.421
2024_0412_17:40:19 14 95.704 96.384
2024_0412_17:41:08 15 97.298 96.69
2024_0412_17:41:32 15 96.364 96.449
2024_0412_17:41:37 15 -0.03 0.064
2024_0412_17:41:41 15 -0.727 -0.21
2024_0412_17:43:21 15 96.722 97.067
2024_0412_17:44:17 15 0.092 0.286
2024_0412_17:44:45 15 97.501 96.981
2024_0412_17:45:47 16 39.958 -40.113
2024_0412_17:46:01 16 0.615 0.06
2024_0412_17:46:16 15 87.795 96.119
2024_0412_17:46:24 16 16.045 -16.991
2024_0412_17:47:19 16 -12.532 11.731
2024_0412_17:47:21 16 -9.376 11.53
2024_0412_17:48:09 16 63.369 64.0
2024_0412_17:48:16 16 70.671 5.009
2024_0412_17:48:20 16 96.603 96.202
2024_0412_17:49:06 16 -0.416 -1.216
2024_0412_17:49:18 17 0.377 -0.223
2024_0412_17:49:33 17 45.803 44.498
2024_0412_17:51:08 17 -0.043 0.24
2024_0412_17:52:08 17 59.096 85.068
2024_0412_17:52:34 17 96.744 47.408
2024_0412_17:53:35 17 3.175 3.594
2024_0412_17:53:42 17 49.999 -49.999
2024_0412_17:54:05 17 97.633 96.952
2024_0412_17:54:17 17 95.851 96.281
2024_0412_17:55:12 17 71.393 71.634
2024_0412_17:55:12 17 -0.137 0.382
2024_0412_17:56:02 17 96.859 96.981
2024_0412_17:56:14 18 0.215 -0.006
2024_0412_17:56:31 18 5.678 49.684
2024_0412_17:56:39 18 51.7 -12.221
2024_0412_17:56:53 18 12.474 -12.117
2024_0412_17:57:03 18 71.542 75.599
2024_0412_17:57:25 18 9.408 9.688
2024_0412_17:59:01 18 -2.153 7.666
2024_0412_18:00:02 18 96.588 96.65
2024_0412_18:00:40 18 74.379 74.22
2024_0412_18:01:31 19 10.516 -10.473
2024_0412_18:01:33 19 19.788 46.546
2024_0412_18:01:54 19 25.244 -24.359
2024_0412_18:02:22 19 95.863 96.082
2024_0412_18:03:01 19 2.522 2.741
2024_0412_18:03:03 19 15.694 -15.445
2024_0412_18:04:04 19 0.167 -0.003
2024_0412_18:04:05 19 0.188 0.312
2024_0412_18:04:32 19 95.781 95.693
2024_0412_18:04:37 19 0.462 0.233
2024_0412_18:04:38 19 14.197 14.892
2024_0412_18:04:53 19 49.76 -36.395
2024_0412_18:05:15 19 0.078 -0.017
2024_0412_18:06:41 20 51.07 51.162
2024_0412_18:07:32 20 -29.847 29.622
2024_0412_18:08:06 20 0.019 0.443
2024_0412_18:08:49 20 96.691 96.76
2024_0412_18:08:58 20 -0.122 0.008
2024_0412_18:09:15 20 -0.012 0.244
2024_0412_18:09:38 20 17.11 17.259
2024_0412_18:10:08 17 4.843 -6.56
