0.20683000000013646 0.11868500000004831 0.027855000000003193 0.006694999999999811 0.02275500000000163 0.021925000000001377 0.020545000000000955 0.020290000000000877 0.020255000000000866 0.007929999999999762 0.0439749999999993 0.03667500000000213 0.061654999999992445 0.05844999999999369 0.06654999999999617 0.050869999999996626 0.06415999999999378 0.06262999999999225 0.04189000000000011 0.03938000000000108 
2024_0411_20:57:00 4 85.115 84.525
2024_0411_20:57:00 8 85.74 87.015
2024_0411_20:57:01 3 81.325 86.075
2024_0411_20:57:01 1 88.5 88.445
2024_0411_20:57:01 1 88.785 88.845
2024_0411_20:57:01 2 85.2 85.625
2024_0411_20:57:01 6 88.49 88.905
2024_0411_20:57:02 1 88.375 88.82
2024_0411_20:57:03 2 83.82 82.73
2024_0411_20:57:05 6 88.635 88.57
2024_0411_20:57:08 11 80.09 85.075
2024_0411_20:57:09 9 89.31 89.205
2024_0411_20:57:16 11 0.185 -0.5
2024_0411_20:57:22 7 85.11 86.075
2024_0411_20:57:23 5 88.865 88.625
2024_0411_20:57:28 10 86.695 88.825
2024_0411_21:04:28 15 -0.11 -0.06
2024_0411_21:04:31 13 55.77 67.24
2024_0411_21:04:31 16 0.955 0.525
2024_0411_21:04:35 14 88.35 88.645
2024_0411_21:04:35 13 -45.365 49.705
2024_0411_21:04:36 12 63.275 -4.495
2024_0411_21:04:41 17 0.815 -0.21
2024_0411_21:04:44 18 -9.68 10.09
2024_0411_21:04:44 17 0.965 0.22
2024_0411_21:04:45 15 0.245 -0.335
2024_0411_21:04:50 20 -0.675 -0.58
2024_0411_21:05:01 18 26.7 -22.63
2024_0411_21:05:43 20 0.515 -0.485
2024_0411_21:06:44 19 22.205 16.095
2024_0411_21:14:22 11 49.99 99.98
2024_0411_21:14:22 8 88.455 87.255
2024_0411_21:14:23 11 0.025 -1.185
2024_0411_21:14:23 6 88.26 88.88
2024_0411_21:14:23 1 88.91 88.765
2024_0411_21:14:23 3 85.365 85.435
2024_0411_21:14:26 2 86.115 83.665
2024_0411_21:14:27 7 87.625 88.525
2024_0411_21:14:28 9 89.125 88.86
2024_0411_21:14:28 11 85.885 86.595
2024_0411_21:14:30 4 85.375 85.755
2024_0411_21:14:30 11 -0.99 1.39
2024_0411_21:14:33 5 88.53 88.345
2024_0411_21:14:33 11 0.38 -0.355
2024_0411_21:14:40 10 88.02 87.985
2024_0411_21:15:16 11 0.015 -0.015
2024_0411_21:21:51 12 -16.295 16.325
2024_0411_21:21:52 15 -12.895 34.18
2024_0411_21:21:54 13 15.45 63.63
2024_0411_21:21:56 13 86.675 87.915
2024_0411_21:21:57 13 10.565 -11.795
2024_0411_21:21:58 14 86.525 90.715
2024_0411_21:21:58 16 -4.0 88.695
2024_0411_21:21:58 13 -38.37 42.57
2024_0411_21:22:00 17 -1.525 0.52
2024_0411_21:22:00 13 87.315 83.165
2024_0411_21:22:01 20 90.09 88.235
2024_0411_21:22:02 19 -0.06 -0.46
2024_0411_21:22:03 20 49.96 -49.935
2024_0411_21:22:22 18 87.815 87.78
2024_0411_21:30:04 7 86.255 84.605
2024_0411_21:30:06 12 1.235 0.02
2024_0411_21:30:07 2 87.105 87.515
2024_0411_21:30:08 1 88.87 88.76
2024_0411_21:30:08 5 89.335 88.435
2024_0411_21:30:09 8 86.82 88.07
2024_0411_21:30:09 6 89.0 88.365
2024_0411_21:30:10 3 82.49 79.995
2024_0411_21:30:10 11 88.165 91.05
2024_0411_21:30:10 11 -0.38 -0.415
2024_0411_21:30:11 11 65.03 25.515
2024_0411_21:30:11 12 86.23 83.205
2024_0411_21:30:13 4 86.27 82.5
2024_0411_21:30:15 10 85.78 84.525
2024_0411_21:30:32 9 90.565 88.49
2024_0411_21:30:33 11 83.205 83.555
2024_0411_21:37:53 13 41.86 -3.745
2024_0411_21:37:56 13 88.67 88.485
2024_0411_21:37:56 13 87.37 87.795
2024_0411_21:37:56 14 -0.695 -0.575
2024_0411_21:37:57 13 51.335 -50.66
2024_0411_21:37:59 13 -1.705 1.365
2024_0411_21:38:01 16 57.495 74.965
2024_0411_21:38:01 15 86.36 89.555
2024_0411_21:38:02 16 -13.955 59.515
2024_0411_21:38:03 17 42.555 92.395
2024_0411_21:38:07 16 1.59 -1.045
2024_0411_21:38:08 16 34.795 16.035
2024_0411_21:38:13 18 -71.66 72.13
2024_0411_21:38:20 18 -11.93 13.225
2024_0411_21:38:22 18 -1.71 0.54
2024_0411_21:38:26 18 0.33 -0.545
2024_0411_21:45:00 19 42.75 -10.575
2024_0411_21:45:02 20 -1.255 -0.085
2024_0411_21:45:03 18 -0.035 -0.06
2024_0411_21:45:05 19 8.765 -11.3
2024_0411_21:45:06 18 -8.355 34.785
2024_0411_21:45:07 20 1.085 -1.095
2024_0411_21:45:08 20 -3.46 2.64
2024_0411_21:45:10 20 13.175 -13.095
2024_0411_21:52:59 8 88.375 88.875
2024_0411_21:52:59 2 64.195 79.68
2024_0411_21:52:59 11 0.875 -0.305
2024_0411_21:52:59 1 88.57 88.74
2024_0411_21:52:59 6 88.69 88.69
2024_0411_21:52:59 5 88.625 88.955
2024_0411_21:53:01 10 87.55 88.54
2024_0411_21:53:01 9 89.985 89.685
2024_0411_21:53:01 11 -0.265 -1.26
2024_0411_21:53:02 7 85.745 84.565
2024_0411_21:53:05 11 84.77 83.035
2024_0411_21:53:05 11 -49.995 49.995
2024_0411_21:53:05 11 -0.46 0.75
2024_0411_21:53:08 11 1.335 -0.335
2024_0411_21:53:10 3 84.565 84.2
2024_0411_21:56:59 11 0.77 0.305
2024_0411_22:00:44 11 0.81 0.09
2024_0411_22:00:47 12 87.915 88.315
2024_0411_22:00:48 11 -0.145 -1.045
2024_0411_22:00:48 13 85.21 85.0
2024_0411_22:00:49 12 -0.22 1.23
2024_0411_22:00:49 12 -15.255 59.86
2024_0411_22:00:51 12 83.37 46.79
2024_0411_22:00:51 12 83.09 84.275
2024_0411_22:00:51 12 62.615 81.82
2024_0411_22:00:53 13 -0.96 4.495
2024_0411_22:00:54 13 41.94 8.08
2024_0411_22:00:56 13 68.27 78.01
2024_0411_22:01:02 13 -0.075 0.53
2024_0411_22:01:03 12 89.1 88.06
2024_0411_22:01:12 13 36.09 34.585
2024_0411_22:04:58 13 0.73 -0.39
2024_0411_22:08:34 13 86.18 88.43
2024_0411_22:08:34 13 -49.995 -99.98
2024_0411_22:08:35 13 42.225 7.075
2024_0411_22:08:35 13 3.31 1.23
2024_0411_22:08:38 14 -0.435 0.0
2024_0411_22:08:39 14 -0.395 1.685
2024_0411_22:08:39 14 81.6 85.06
2024_0411_22:08:40 13 87.495 88.875
2024_0411_22:08:40 14 -1.405 -1.595
2024_0411_22:08:43 14 -12.23 12.64
2024_0411_22:08:50 14 83.945 85.865
2024_0411_22:08:51 14 -0.93 -0.245
2024_0411_22:09:00 14 70.95 81.965
2024_0411_22:09:09 14 1.46 -0.645
2024_0411_22:09:18 14 88.49 87.785
2024_0411_22:12:49 14 88.76 84.295
2024_0411_22:16:27 15 83.585 82.315
2024_0411_22:16:32 14 85.59 84.87
2024_0411_22:16:33 15 0.415 -0.255
2024_0411_22:16:34 15 44.525 23.725
2024_0411_22:16:36 15 -0.55 -0.845
2024_0411_22:16:41 15 0.36 3.9
2024_0411_22:16:43 14 0.745 0.94
2024_0411_22:16:43 14 -0.355 0.495
2024_0411_22:16:45 15 84.39 82.595
2024_0411_22:16:48 15 -0.71 -0.665
2024_0411_22:16:51 15 1.095 -0.665
2024_0411_22:16:58 15 -37.905 42.695
2024_0411_22:16:58 15 88.79 88.33
2024_0411_22:17:07 15 -0.125 0.39
2024_0411_22:20:47 15 88.06 86.98
2024_0411_22:23:24 16 30.795 68.15
2024_0411_22:24:20 16 84.965 85.67
2024_0411_22:24:22 16 8.07 -7.46
2024_0411_22:24:24 16 13.725 -17.55
2024_0411_22:24:29 17 0.05 0.32
2024_0411_22:24:30 16 16.34 14.19
2024_0411_22:24:30 16 -9.39 9.79
2024_0411_22:24:34 16 -9.16 10.515
2024_0411_22:24:35 17 73.72 55.49
2024_0411_22:24:35 17 0.295 0.18
2024_0411_22:24:40 17 -80.21 80.47
2024_0411_22:24:46 17 49.99 -49.99
2024_0411_22:24:48 17 -9.15 9.345
2024_0411_22:24:57 17 0.165 -0.16
2024_0411_22:25:09 17 27.165 26.815
2024_0411_22:28:46 17 10.665 8.395
2024_0411_22:32:13 18 -49.99 -99.995
2024_0411_22:32:13 18 -49.915 99.95
2024_0411_22:32:19 18 48.89 -50.65
2024_0411_22:32:22 18 86.695 86.855
2024_0411_22:32:22 18 88.35 87.945
2024_0411_22:32:28 18 41.16 -39.075
2024_0411_22:32:36 18 39.665 -2.305
2024_0411_22:32:38 18 -31.33 27.385
2024_0411_22:32:39 20 0.21 76.96
2024_0411_22:32:48 19 16.745 41.165
2024_0411_22:32:51 19 17.935 31.51
2024_0411_22:32:53 20 -1.015 -0.845
2024_0411_22:33:02 20 0.825 -0.585
2024_0411_22:35:02 20 1.405 1.5
2024_0411_22:36:10 20 -0.045 -1.57
2024_0411_22:36:22 20 -13.435 12.12
2024_0411_22:39:14 15 -0.655 1.495
2024_0411_22:39:15 4 83.745 83.64
2024_0411_22:39:21 17 24.71 -5.85
2024_0411_22:39:22 18 0.97 0.11
2024_0411_22:39:36 20 26.005 -10.15
2024_0411_22:47:21 7 88.49 88.4
2024_0411_22:47:23 3 85.48 79.91
2024_0411_22:47:24 11 -0.03 -0.515
2024_0411_22:47:25 5 88.27 89.145
2024_0411_22:47:25 8 85.1 84.065
2024_0411_22:47:25 11 -0.76 0.635
2024_0411_22:47:25 4 85.64 84.71
2024_0411_22:47:26 11 -1.345 0.285
2024_0411_22:47:27 11 0.005 -0.13
2024_0411_22:47:27 6 88.935 88.6
2024_0411_22:47:28 9 89.535 89.67
2024_0411_22:47:28 11 83.585 85.065
2024_0411_22:47:31 10 88.335 87.945
2024_0411_22:47:31 1 88.77 88.805
2024_0411_22:47:39 11 79.855 84.39
2024_0411_22:47:52 2 87.495 87.105
2024_0411_22:55:12 12 -0.44 0.505
2024_0411_22:55:12 11 89.115 88.765
2024_0411_22:55:12 12 -0.835 -1.18
2024_0411_22:55:14 12 88.17 87.49
2024_0411_22:55:14 12 88.845 88.445
2024_0411_22:55:14 12 85.365 83.13
2024_0411_22:55:15 12 -1.0 0.235
2024_0411_22:55:15 12 69.435 70.22
2024_0411_22:55:17 13 -0.13 -0.2
2024_0411_22:55:17 13 93.06 -77.95
2024_0411_22:55:21 13 86.13 86.74
2024_0411_22:55:23 12 84.81 84.935
2024_0411_22:55:26 13 89.815 88.94
2024_0411_22:55:28 13 -0.26 -0.145
2024_0411_22:55:31 11 -0.805 0.725
2024_0411_22:55:43 13 -0.15 -0.65
2024_0411_23:02:56 13 0.015 0.085
2024_0411_23:03:01 13 0.35 0.07
2024_0411_23:03:02 13 0.02 -1.235
2024_0411_23:03:03 13 -0.175 -0.635
2024_0411_23:03:05 13 2.88 18.75
2024_0411_23:03:06 14 -99.985 49.99
2024_0411_23:03:08 13 14.54 14.53
2024_0411_23:03:08 14 89.555 91.9
2024_0411_23:03:09 14 -0.13 -0.55
2024_0411_23:03:09 14 82.23 84.045
2024_0411_23:03:16 14 -8.97 67.005
2024_0411_23:03:16 14 81.235 85.295
2024_0411_23:03:21 14 63.785 64.87
2024_0411_23:03:26 13 -0.18 0.69
2024_0411_23:03:37 14 83.89 82.73
2024_0411_23:03:37 14 0.66 0.57
2024_0411_23:10:48 15 -0.46 0.16
2024_0411_23:10:48 14 0.885 -0.04
2024_0411_23:10:49 14 -49.98 99.97
2024_0411_23:10:52 14 87.925 87.825
2024_0411_23:10:54 15 -0.05 0.07
2024_0411_23:10:59 15 82.615 87.79
2024_0411_23:11:00 15 -33.435 29.7
2024_0411_23:11:01 15 -76.475 77.445
2024_0411_23:11:02 15 -0.485 0.74
2024_0411_23:11:05 15 -1.36 -1.625
2024_0411_23:11:12 15 -0.445 1.725
2024_0411_23:11:14 15 -0.865 0.2
2024_0411_23:11:18 15 83.165 82.41
2024_0411_23:11:22 15 0.085 -0.28
2024_0411_23:11:26 15 0.65 0.785
2024_0411_23:11:45 15 85.795 85.14
2024_0411_23:18:35 16 -1.14 -1.22
2024_0411_23:18:40 16 -1.355 -1.575
2024_0411_23:18:41 16 -0.65 0.67
2024_0411_23:18:45 16 0.0 -1.64
2024_0411_23:18:45 16 99.99 -99.99
2024_0411_23:18:46 16 8.15 7.595
2024_0411_23:18:49 16 -1.78 -0.68
2024_0411_23:18:51 16 0.735 0.855
2024_0411_23:18:55 17 17.485 68.57
2024_0411_23:19:07 17 83.635 82.62
2024_0411_23:19:15 17 89.88 89.38
2024_0411_23:19:15 17 1.01 -0.585
2024_0411_23:19:22 17 10.035 -10.06
2024_0411_23:19:23 17 -2.2 -0.805
2024_0411_23:19:47 18 -0.91 0.185
2024_0411_23:24:25 18 86.81 38.59
2024_0411_23:26:29 18 87.325 88.465
2024_0411_23:26:30 18 -11.855 12.45
2024_0411_23:26:35 18 -0.695 -0.26
2024_0411_23:26:36 18 -5.495 5.2
2024_0411_23:26:37 18 -0.585 -0.985
2024_0411_23:26:43 18 0.48 0.735
2024_0411_23:26:51 18 -0.01 0.0
2024_0411_23:26:52 18 84.495 85.615
2024_0411_23:26:52 18 84.875 86.035
2024_0411_23:27:00 19 38.855 -6.23
2024_0411_23:27:01 19 -0.715 0.26
2024_0411_23:27:09 20 -15.155 64.13
2024_0411_23:27:21 19 -0.1 0.11
2024_0411_23:27:27 20 81.165 80.45
2024_0411_23:27:56 20 38.62 -7.535
2024_0411_23:31:52 20 0.685 41.245
2024_0411_23:33:23 20 0.0 -99.99
2024_0411_23:33:26 20 87.835 87.655
2024_0411_23:33:32 17 88.695 88.645
2024_0411_23:33:34 18 85.27 85.815
2024_0411_23:41:19 11 -0.1 -0.29
2024_0411_23:41:20 5 88.72 88.565
2024_0411_23:41:21 11 -0.58 -0.11
2024_0411_23:41:22 11 9.75 8.275
2024_0411_23:41:24 11 87.18 88.31
2024_0411_23:41:25 11 85.575 85.745
2024_0411_23:41:25 1 88.45 89.43
2024_0411_23:41:27 7 85.765 85.53
2024_0411_23:41:28 4 81.52 84.48
2024_0411_23:41:28 3 79.81 85.265
2024_0411_23:41:28 10 87.625 86.81
2024_0411_23:41:29 2 85.15 85.795
2024_0411_23:41:31 8 84.935 85.98
2024_0411_23:41:39 11 1.005 -0.515
2024_0411_23:41:40 9 89.59 89.725
2024_0411_23:41:50 6 88.56 88.915
2024_0411_23:49:06 11 -1.055 -0.49
2024_0411_23:49:08 11 49.995 -99.99
2024_0411_23:49:09 11 -50.0 50.0
2024_0411_23:49:12 11 0.23 -0.74
2024_0411_23:49:14 11 83.46 84.68
2024_0411_23:49:18 11 84.3 85.0
2024_0411_23:49:19 11 89.095 89.25
2024_0411_23:49:20 11 88.44 89.26
2024_0411_23:49:21 11 49.99 99.98
2024_0411_23:49:22 11 2.125 2.78
2024_0411_23:49:24 12 94.19 38.455
2024_0411_23:49:28 11 88.975 88.855
2024_0411_23:49:31 12 68.085 66.065
2024_0411_23:49:31 12 87.79 85.87
2024_0411_23:49:32 11 0.065 -0.885
2024_0411_23:49:41 12 -1.705 0.675
2024_0411_23:56:58 12 60.92 85.725
2024_0411_23:56:59 12 0.64 0.205
2024_0411_23:56:59 12 87.835 87.665
2024_0411_23:57:01 12 -0.635 0.515
2024_0411_23:57:05 12 85.875 85.605
2024_0411_23:57:06 12 79.075 84.045
2024_0411_23:57:10 12 11.305 9.235
2024_0411_23:57:11 12 1.455 -0.29
2024_0411_23:57:13 12 85.905 86.565
2024_0411_23:57:14 12 -1.675 1.07
2024_0411_23:57:16 12 0.965 0.18
2024_0411_23:57:20 13 88.045 88.245
2024_0411_23:57:21 13 87.645 88.125
2024_0411_23:57:34 13 21.825 26.925
2024_0411_23:57:35 13 87.605 86.28
2024_0411_23:57:43 13 91.55 86.705
2024_0412_00:04:48 13 86.395 86.75
2024_0412_00:04:53 13 79.58 88.635
2024_0412_00:04:54 13 86.88 42.38
2024_0412_00:05:00 13 -0.275 -0.175
2024_0412_00:05:00 13 0.135 -0.465
2024_0412_00:05:02 13 0.24 -0.595
2024_0412_00:05:02 13 49.99 99.98
2024_0412_00:05:03 13 4.385 3.295
2024_0412_00:05:04 13 85.63 85.09
2024_0412_00:05:05 13 -0.15 -0.05
2024_0412_00:05:05 13 89.205 89.33
2024_0412_00:05:10 13 85.32 83.785
2024_0412_00:05:11 13 0.635 -0.71
2024_0412_00:05:25 13 79.455 84.0
2024_0412_00:05:30 13 0.37 -0.08
2024_0412_00:05:52 13 -1.17 0.275
2024_0412_00:12:37 13 85.715 85.58
2024_0412_00:12:42 13 1.4 0.485
2024_0412_00:12:47 13 -0.905 -0.67
2024_0412_00:12:48 13 0.005 -0.93
2024_0412_00:12:52 14 28.055 28.33
2024_0412_00:12:52 14 0.345 -1.63
2024_0412_00:12:54 14 -8.93 29.575
2024_0412_00:12:55 14 19.845 -18.735
2024_0412_00:12:58 14 84.485 83.055
2024_0412_00:13:01 14 70.67 69.715
2024_0412_00:13:02 14 7.22 4.405
2024_0412_00:13:05 14 85.34 85.315
2024_0412_00:13:18 14 88.035 86.78
2024_0412_00:13:40 14 99.99 -49.995
2024_0412_00:13:44 14 84.355 85.925
2024_0412_00:16:15 14 89.165 88.62
2024_0412_00:20:26 14 68.005 15.715
2024_0412_00:20:32 14 -20.945 20.565
2024_0412_00:20:34 14 78.07 84.395
2024_0412_00:20:39 14 90.135 39.94
2024_0412_00:20:42 14 10.54 12.49
2024_0412_00:20:42 14 47.455 41.88
2024_0412_00:20:43 14 -99.99 -99.99
2024_0412_00:20:44 14 88.7 87.16
2024_0412_00:20:47 14 -0.325 0.655
2024_0412_00:20:51 14 19.875 18.74
2024_0412_00:20:51 14 -0.25 0.22
2024_0412_00:20:56 14 88.36 88.615
2024_0412_00:21:26 15 -0.325 0.03
2024_0412_00:21:39 15 73.555 72.945
2024_0412_00:21:56 15 84.665 83.475
2024_0412_00:24:08 15 11.475 13.23
2024_0412_00:28:15 15 26.63 -26.855
2024_0412_00:28:19 15 89.59 89.9
2024_0412_00:28:22 15 -91.72 97.15
2024_0412_00:28:27 15 -0.905 0.285
2024_0412_00:28:36 15 0.665 -0.565
2024_0412_00:28:39 15 1.595 0.54
2024_0412_00:28:40 15 40.715 -2.41
2024_0412_00:28:42 15 -9.14 10.84
2024_0412_00:28:46 15 -0.265 0.405
2024_0412_00:28:56 15 85.09 72.64
2024_0412_00:28:58 15 -0.805 0.78
2024_0412_00:29:11 15 0.665 -0.95
2024_0412_00:29:17 15 70.355 69.81
2024_0412_00:29:25 15 0.225 -0.965
2024_0412_00:29:45 15 0.855 -1.615
2024_0412_00:31:55 15 -0.03 0.695
2024_0412_00:35:58 15 54.785 37.355
2024_0412_00:36:12 15 86.175 81.19
2024_0412_00:36:13 15 15.395 62.475
2024_0412_00:36:24 15 88.83 89.62
2024_0412_00:36:26 16 -11.37 9.485
2024_0412_00:36:31 16 -0.73 0.545
2024_0412_00:36:34 16 0.18 -0.385
2024_0412_00:36:36 16 -0.65 34.495
2024_0412_00:36:41 16 83.57 12.1
2024_0412_00:36:51 16 88.71 88.32
2024_0412_00:36:53 16 89.055 90.09
2024_0412_00:36:54 16 0.705 1.165
2024_0412_00:37:14 16 84.43 84.065
2024_0412_00:37:27 16 32.69 41.6
2024_0412_00:37:35 16 31.26 37.145
2024_0412_00:39:40 16 -0.615 -0.63
2024_0412_00:43:42 16 -7.99 8.3
2024_0412_00:43:59 16 0.94 -0.27
2024_0412_00:44:07 17 0.625 0.415
2024_0412_00:44:21 17 0.49 -0.55
2024_0412_00:44:24 17 0.745 0.315
2024_0412_00:44:27 17 54.995 58.88
2024_0412_00:44:29 17 -31.02 54.105
2024_0412_00:44:31 17 66.82 66.325
2024_0412_00:44:38 17 0.27 0.475
2024_0412_00:44:41 17 88.3 89.305
2024_0412_00:44:43 17 73.885 83.235
2024_0412_00:45:15 17 36.96 10.94
2024_0412_00:45:17 17 2.525 -1.09
2024_0412_00:45:36 17 91.01 -2.28
2024_0412_00:47:29 17 11.65 10.49
2024_0412_00:48:20 17 1.08 -1.34
2024_0412_00:51:54 17 9.795 10.09
2024_0412_00:52:13 17 9.505 6.31
2024_0412_00:52:16 18 -0.05 0.025
2024_0412_00:52:21 17 14.94 -14.195
2024_0412_00:52:25 18 0.07 0.525
2024_0412_00:52:26 18 1.785 -1.92
2024_0412_00:52:32 18 -19.915 21.37
2024_0412_00:52:32 18 1.035 0.005
2024_0412_00:52:46 18 0.57 0.195
2024_0412_00:53:03 18 15.09 -12.625
2024_0412_00:53:25 18 89.9 89.09
2024_0412_00:55:23 18 83.335 84.105
2024_0412_00:55:38 18 0.255 0.06
2024_0412_00:56:04 18 4.51 0.51
2024_0412_00:56:07 18 84.79 85.58
2024_0412_00:57:43 18 -49.425 49.47
2024_0412_00:59:54 18 28.435 -27.735
2024_0412_00:59:56 18 99.99 99.99
2024_0412_01:00:05 18 1.25 -0.56
2024_0412_01:00:15 18 -13.345 28.24
2024_0412_01:00:17 18 -10.985 10.755
2024_0412_01:00:29 18 0.76 -0.01
2024_0412_01:00:30 18 89.205 89.865
2024_0412_01:00:35 18 -0.155 0.24
2024_0412_01:00:50 18 70.455 35.47
2024_0412_01:01:13 18 84.645 86.215
2024_0412_01:03:19 18 85.53 84.52
2024_0412_01:03:30 19 6.345 77.54
2024_0412_01:03:57 19 95.615 -36.56
2024_0412_01:04:04 19 -0.87 2.15
2024_0412_01:05:29 19 20.22 -21.275
2024_0412_01:07:30 19 -28.53 48.01
2024_0412_01:07:44 19 76.12 87.695
2024_0412_01:07:50 20 34.095 33.965
2024_0412_01:07:57 20 -0.495 2.225
2024_0412_01:08:07 20 8.15 -8.23
2024_0412_01:08:10 20 70.79 58.99
2024_0412_01:08:26 20 81.755 85.38
2024_0412_01:08:29 20 68.435 17.085
2024_0412_01:08:36 20 -0.16 -0.51
2024_0412_01:08:45 20 -14.49 16.275
2024_0412_01:09:04 20 68.98 69.515
2024_0412_01:11:08 20 -0.215 -0.02
2024_0412_01:11:41 20 -1.73 0.54
2024_0412_01:11:44 20 -1.525 46.595
2024_0412_01:12:33 20 99.99 -99.99
2024_0412_01:12:58 14 82.085 6.305
2024_0412_01:14:51 15 83.965 84.205
2024_0412_01:15:08 17 14.865 -8.53
2024_0412_01:15:13 17 0.695 -1.02
2024_0412_01:15:17 17 10.195 -9.625
2024_0412_01:15:25 17 12.98 -14.025
2024_0412_01:15:35 17 84.89 85.27
2024_0412_01:15:42 18 -8.465 9.55
2024_0412_01:15:49 18 47.215 -42.88
2024_0412_01:15:52 20 59.735 80.61
2024_0412_01:23:26 11 -1.02 -1.225
2024_0412_01:23:28 6 88.44 88.435
2024_0412_01:23:29 1 89.34 88.415
2024_0412_01:23:29 11 88.785 -26.265
2024_0412_01:23:29 11 1.18 0.115
2024_0412_01:23:32 5 88.73 88.8
2024_0412_01:23:32 2 85.115 85.025
2024_0412_01:23:32 4 84.195 85.285
2024_0412_01:23:32 11 85.37 82.765
2024_0412_01:23:34 7 88.37 88.36
2024_0412_01:23:35 11 -1.05 -0.645
2024_0412_01:23:35 10 88.835 88.085
2024_0412_01:23:37 11 -0.635 -0.51
2024_0412_01:23:38 8 88.935 87.715
2024_0412_01:23:39 3 86.14 83.875
2024_0412_01:23:45 9 89.64 89.18
2024_0412_01:30:59 11 -0.68 0.785
2024_0412_01:31:05 11 0.93 0.715
2024_0412_01:31:05 11 82.38 83.895
2024_0412_01:31:07 11 -0.36 0.23
2024_0412_01:31:08 11 85.795 86.33
2024_0412_01:31:08 11 -0.235 -0.245
2024_0412_01:31:10 11 -0.11 -0.845
2024_0412_01:31:10 11 -0.675 -1.9
2024_0412_01:31:10 11 -0.075 0.71
2024_0412_01:31:16 11 85.66 83.73
2024_0412_01:31:17 11 83.845 85.805
2024_0412_01:31:17 12 87.705 88.075
2024_0412_01:31:18 11 49.995 -99.99
2024_0412_01:31:20 12 87.82 87.995
2024_0412_01:31:23 12 77.635 83.855
2024_0412_01:31:25 12 -22.34 22.175
2024_0412_01:38:36 12 85.45 85.855
2024_0412_01:38:45 12 0.265 -0.185
2024_0412_01:38:46 12 -0.23 -0.775
2024_0412_01:38:49 12 -0.45 1.055
2024_0412_01:38:50 12 -1.0 0.235
2024_0412_01:38:51 12 0.25 0.26
2024_0412_01:38:51 12 45.055 43.905
2024_0412_01:38:52 12 87.815 84.355
2024_0412_01:38:53 12 1.08 0.35
2024_0412_01:38:57 12 82.11 84.69
2024_0412_01:38:58 13 0.24 -0.605
2024_0412_01:38:59 12 38.81 36.17
2024_0412_01:38:59 13 70.645 70.565
2024_0412_01:39:07 13 -0.075 0.33
2024_0412_01:39:07 13 31.46 -6.515
2024_0412_01:39:15 13 5.88 7.19
2024_0412_01:46:17 13 82.15 76.555
2024_0412_01:46:21 13 49.995 -49.995
2024_0412_01:46:27 13 0.365 0.09
2024_0412_01:46:27 13 1.355 0.775
2024_0412_01:46:30 13 -1.11 0.575
2024_0412_01:46:31 13 -99.98 -99.98
2024_0412_01:46:32 13 5.895 0.04
2024_0412_01:46:33 13 0.705 -1.475
2024_0412_01:46:34 13 9.86 -8.715
2024_0412_01:46:36 13 43.26 42.785
2024_0412_01:46:36 13 79.265 78.94
2024_0412_01:46:44 13 86.885 87.175
2024_0412_01:46:47 13 0.32 1.285
2024_0412_01:46:50 13 -0.02 0.67
2024_0412_01:46:50 13 86.74 87.93
2024_0412_01:46:55 13 88.34 88.585
2024_0412_01:54:05 13 84.135 83.17
2024_0412_01:54:06 13 0.805 1.005
2024_0412_01:54:08 14 0.785 -0.175
2024_0412_01:54:10 13 1.505 0.47
2024_0412_01:54:10 14 27.625 24.04
2024_0412_01:54:11 14 0.2 -0.495
2024_0412_01:54:12 14 10.78 14.49
2024_0412_01:54:13 14 -8.14 53.285
2024_0412_01:54:14 14 21.915 22.24
2024_0412_01:54:14 14 0.26 -0.22
2024_0412_01:54:24 14 86.2 84.42
2024_0412_01:54:26 14 0.365 -0.225
2024_0412_01:54:29 14 -99.99 -99.99
2024_0412_01:54:30 14 85.075 87.165
2024_0412_01:54:30 14 79.69 83.54
2024_0412_01:54:34 14 0.62 -0.485
2024_0412_02:01:45 14 39.68 39.805
2024_0412_02:01:47 14 43.35 -42.44
2024_0412_02:01:49 14 -20.115 19.81
2024_0412_02:01:50 14 -1.59 0.535
2024_0412_02:01:54 14 -20.93 21.955
2024_0412_02:01:55 14 84.66 84.205
2024_0412_02:01:56 14 82.09 86.42
2024_0412_02:01:56 14 1.08 -0.07
2024_0412_02:01:57 14 88.88 89.005
2024_0412_02:01:58 14 -0.19 -0.675
2024_0412_02:02:02 14 -0.295 0.245
2024_0412_02:02:07 14 49.95 -49.98
2024_0412_02:02:10 15 0.18 -0.875
2024_0412_02:02:11 15 -0.355 0.125
2024_0412_02:02:13 15 82.85 82.095
2024_0412_02:07:13 15 0.005 -0.325
2024_0412_02:09:28 15 89.33 85.71
2024_0412_02:09:30 15 0.01 1.22
2024_0412_02:09:33 15 35.615 35.15
2024_0412_02:09:36 15 -0.765 -0.195
2024_0412_02:09:38 15 64.54 66.56
2024_0412_02:09:38 15 85.46 84.215
2024_0412_02:09:39 15 47.785 -26.55
2024_0412_02:09:40 15 1.23 1.765
2024_0412_02:09:42 15 69.16 71.285
2024_0412_02:09:45 15 -0.75 -0.3
2024_0412_02:09:48 15 1.595 -0.535
2024_0412_02:09:50 15 -0.26 -0.72
2024_0412_02:09:53 15 39.34 82.505
2024_0412_02:09:56 15 82.15 81.02
2024_0412_02:09:57 15 58.34 58.545
2024_0412_02:14:53 15 9.3 4.77
2024_0412_02:17:04 15 49.995 49.995
2024_0412_02:17:14 15 39.705 39.755
2024_0412_02:17:17 16 -8.61 26.85
2024_0412_02:17:18 16 0.365 0.52
2024_0412_02:17:19 16 -1.1 -0.36
2024_0412_02:17:21 15 1.04 -0.695
2024_0412_02:17:23 16 -6.76 48.03
2024_0412_02:17:24 16 88.775 87.9
2024_0412_02:17:25 16 -1.725 0.325
2024_0412_02:17:31 16 -99.98 -99.97
2024_0412_02:17:36 16 0.94 28.765
2024_0412_02:17:36 16 44.21 43.825
2024_0412_02:17:46 16 -19.9 79.775
2024_0412_02:18:47 16 83.575 85.59
2024_0412_02:22:08 16 78.25 61.28
2024_0412_02:22:34 16 7.22 -16.25
2024_0412_02:24:42 17 -0.28 1.635
2024_0412_02:24:58 17 0.35 -0.465
2024_0412_02:24:58 17 84.065 61.46
2024_0412_02:25:00 17 64.235 62.59
2024_0412_02:25:00 17 17.035 15.52
2024_0412_02:25:02 17 0.3 1.61
2024_0412_02:25:06 17 38.12 47.67
2024_0412_02:25:09 17 0.41 0.35
2024_0412_02:25:16 17 27.03 26.56
2024_0412_02:25:20 17 4.18 6.445
2024_0412_02:25:22 17 -0.62 2.065
2024_0412_02:25:40 17 13.15 27.225
2024_0412_02:26:33 17 -0.4 -0.315
2024_0412_02:29:11 17 -0.96 0.0
2024_0412_02:29:45 17 64.93 -9.52
2024_0412_02:30:16 17 97.07 -9.55
2024_0412_02:32:21 17 0.25 1.245
2024_0412_02:32:38 17 21.525 39.905
2024_0412_02:32:40 18 -22.08 22.215
2024_0412_02:32:43 17 97.8 -37.635
2024_0412_02:32:43 18 -0.175 0.445
2024_0412_02:32:49 18 -0.92 -2.22
2024_0412_02:32:53 18 99.97 -49.985
2024_0412_02:32:54 18 -31.805 43.525
2024_0412_02:32:57 18 13.36 12.865
2024_0412_02:33:09 18 0.42 -1.195
2024_0412_02:33:11 18 67.38 66.16
2024_0412_02:33:24 18 0.39 -0.745
2024_0412_02:34:31 18 15.285 13.905
2024_0412_02:36:51 18 -99.965 99.985
2024_0412_02:37:40 18 67.425 66.485
2024_0412_02:37:55 18 0.245 0.145
2024_0412_02:39:56 18 0.01 -0.935
2024_0412_02:40:18 18 20.785 -21.845
2024_0412_02:40:23 18 -0.095 0.035
2024_0412_02:40:31 18 41.615 42.455
2024_0412_02:40:34 18 84.13 84.985
2024_0412_02:40:37 18 0.725 -0.77
2024_0412_02:40:39 18 -0.235 0.395
2024_0412_02:40:41 18 86.76 87.375
2024_0412_02:40:49 18 -10.865 9.105
2024_0412_02:40:54 18 87.51 89.19
2024_0412_02:40:58 19 43.1 43.705
2024_0412_02:41:09 19 84.235 84.47
2024_0412_02:42:19 19 45.185 42.6
2024_0412_02:44:42 19 85.315 81.075
2024_0412_02:45:30 19 40.83 85.795
2024_0412_02:45:40 19 -17.67 30.095
2024_0412_02:47:40 19 -0.09 7.455
2024_0412_02:48:00 19 0.65 1.275
2024_0412_02:48:08 19 0.58 0.27
2024_0412_02:48:15 19 26.05 -25.37
2024_0412_02:48:22 20 4.715 13.34
2024_0412_02:48:24 20 39.38 44.58
2024_0412_02:48:32 20 48.565 70.46
2024_0412_02:48:35 20 69.28 68.95
2024_0412_02:48:38 20 0.42 -1.37
2024_0412_02:48:46 20 1.035 -0.02
2024_0412_02:48:47 20 11.815 10.445
2024_0412_02:49:11 20 79.245 84.795
2024_0412_02:50:07 20 85.6 85.275
2024_0412_02:52:56 20 9.535 -10.465
2024_0412_02:54:47 20 -54.83 74.285
2024_0412_02:54:56 20 8.435 13.16
2024_0412_02:55:17 15 37.58 35.51
2024_0412_02:55:26 16 1.175 0.305
2024_0412_02:55:36 16 83.415 85.005
2024_0412_02:55:38 17 9.86 -8.48
2024_0412_02:55:48 18 0.31 1.23
2024_0412_02:55:52 20 -1.27 -0.855
2024_0412_02:56:55 20 85.66 38.375
2024_0412_02:58:40 16 89.87 89.675
2024_0412_03:06:18 7 83.525 83.38
2024_0412_03:06:18 11 -0.505 0.765
2024_0412_03:06:18 11 -4.865 42.53
2024_0412_03:06:19 11 81.56 84.805
2024_0412_03:06:20 11 -27.445 88.635
2024_0412_03:06:20 5 89.125 88.795
2024_0412_03:06:21 8 87.16 87.035
2024_0412_03:06:22 3 85.19 81.55
2024_0412_03:06:23 9 89.735 88.18
2024_0412_03:06:23 4 83.835 84.61
2024_0412_03:06:24 6 88.975 88.635
2024_0412_03:06:24 1 88.62 88.26
2024_0412_03:06:24 2 88.22 88.765
2024_0412_03:06:25 11 0.035 0.305
2024_0412_03:06:27 9 89.535 89.785
2024_0412_03:06:35 10 87.96 85.085
2024_0412_03:13:56 11 -0.185 -0.42
2024_0412_03:13:57 11 -0.82 0.24
2024_0412_03:13:58 11 1.305 0.815
2024_0412_03:13:58 11 89.81 88.815
2024_0412_03:14:00 11 83.42 83.075
2024_0412_03:14:00 11 85.28 83.945
2024_0412_03:14:01 11 1.045 -0.6
2024_0412_03:14:02 11 88.225 88.635
2024_0412_03:14:03 11 -0.005 -0.425
2024_0412_03:14:03 11 87.945 87.76
2024_0412_03:14:07 11 0.655 1.17
2024_0412_03:14:07 11 -0.52 0.245
2024_0412_03:14:08 11 85.91 80.81
2024_0412_03:14:11 11 85.27 83.015
2024_0412_03:14:14 11 -0.78 -0.27
2024_0412_03:14:18 11 -0.49 -0.22
2024_0412_03:21:33 11 86.88 85.98
2024_0412_03:21:34 11 84.19 85.915
2024_0412_03:21:37 11 88.595 85.775
2024_0412_03:21:37 12 -2.16 2.75
2024_0412_03:21:39 12 -0.78 0.91
2024_0412_03:21:43 12 85.72 83.64
2024_0412_03:21:45 12 -0.93 -0.44
2024_0412_03:21:46 11 88.69 89.255
2024_0412_03:21:47 12 -0.735 0.455
2024_0412_03:21:47 11 23.01 23.365
2024_0412_03:21:48 12 89.235 88.07
2024_0412_03:21:49 12 -0.06 0.905
2024_0412_03:21:51 12 84.45 91.32
2024_0412_03:21:54 12 17.685 16.69
2024_0412_03:21:54 12 89.42 90.26
2024_0412_03:22:02 12 -0.205 0.71
2024_0412_03:29:11 12 -0.32 0.105
2024_0412_03:29:12 12 86.225 85.79
2024_0412_03:29:14 12 -0.67 -0.42
2024_0412_03:29:15 12 0.28 -0.685
2024_0412_03:29:19 12 -99.98 49.99
2024_0412_03:29:22 12 84.94 85.215
2024_0412_03:29:24 12 0.775 -0.03
2024_0412_03:29:27 12 88.725 87.91
2024_0412_03:29:28 12 83.6 84.165
2024_0412_03:29:29 12 -0.875 0.005
2024_0412_03:29:34 13 84.545 84.37
2024_0412_03:29:34 13 99.99 99.98
2024_0412_03:29:35 12 1.02 0.715
2024_0412_03:29:35 13 88.435 87.765
2024_0412_03:29:36 13 88.36 88.625
2024_0412_03:29:50 13 88.51 89.305
2024_0412_03:36:50 13 49.98 49.985
2024_0412_03:36:51 13 -0.205 0.86
2024_0412_03:36:52 13 -0.47 0.44
2024_0412_03:36:59 13 10.34 -9.74
2024_0412_03:36:59 13 86.34 85.76
2024_0412_03:37:03 13 0.66 0.795
2024_0412_03:37:03 13 69.76 70.185
2024_0412_03:37:05 13 89.135 88.625
2024_0412_03:37:06 13 82.87 45.91
2024_0412_03:37:11 13 0.505 0.245
2024_0412_03:37:12 13 -49.995 -49.995
2024_0412_03:37:14 13 1.265 1.69
2024_0412_03:37:16 13 81.35 74.58
2024_0412_03:37:18 13 85.4 87.775
2024_0412_03:37:26 13 41.245 42.525
2024_0412_03:37:35 13 -6.61 44.06
2024_0412_03:44:27 13 10.315 -8.525
2024_0412_03:44:27 13 -0.235 -0.405
2024_0412_03:44:36 13 70.92 70.38
2024_0412_03:44:37 13 0.57 0.645
2024_0412_03:44:40 13 86.07 84.395
2024_0412_03:44:41 13 84.985 85.49
2024_0412_03:44:42 13 -25.195 25.445
2024_0412_03:44:48 13 0.615 -0.12
2024_0412_03:44:51 13 0.445 0.7
2024_0412_03:44:53 13 -1.9 2.31
2024_0412_03:44:53 13 11.405 -8.47
2024_0412_03:44:55 13 44.43 44.64
2024_0412_03:45:02 13 0.27 -0.87
2024_0412_03:45:04 13 88.69 88.94
2024_0412_03:45:06 13 -1.175 0.85
2024_0412_03:45:09 13 0.775 0.425
2024_0412_03:52:07 14 84.805 84.73
2024_0412_03:52:12 14 99.97 49.975
2024_0412_03:52:13 13 3.275 89.04
2024_0412_03:52:20 14 -9.64 10.87
2024_0412_03:52:23 14 1.595 1.78
2024_0412_03:52:24 14 -0.635 -0.46
2024_0412_03:52:25 14 84.5 86.11
2024_0412_03:52:25 14 -0.875 -0.03
2024_0412_03:52:29 14 1.285 -0.35
2024_0412_03:52:32 14 -14.025 13.455
2024_0412_03:52:35 14 70.465 70.245
2024_0412_03:52:37 14 84.5 84.845
2024_0412_03:52:44 14 87.845 87.7
2024_0412_03:52:44 14 0.27 -0.43
2024_0412_03:52:56 14 84.615 84.235
2024_0412_03:52:58 14 85.405 89.465
2024_0412_03:59:43 14 -0.57 -0.335
2024_0412_03:59:54 14 84.74 84.31
2024_0412_03:59:57 14 12.485 11.865
2024_0412_04:00:00 14 2.015 -0.5
2024_0412_04:00:06 14 -1.445 -0.53
2024_0412_04:00:08 14 87.86 88.565
2024_0412_04:00:12 14 72.52 84.315
2024_0412_04:00:14 14 39.575 39.855
2024_0412_04:00:17 14 -0.92 -0.475
2024_0412_04:00:18 14 89.37 87.095
2024_0412_04:00:29 14 34.19 18.16
2024_0412_04:00:42 14 88.22 87.98
2024_0412_04:00:50 14 -0.36 1.99
2024_0412_04:04:10 14 81.79 86.48
2024_0412_04:05:20 14 86.865 86.845
2024_0412_04:06:42 14 -0.1 1.545
2024_0412_04:07:22 14 12.285 11.205
2024_0412_04:07:32 14 -0.36 0.915
2024_0412_04:07:35 14 42.715 41.49
2024_0412_04:07:46 14 85.41 82.61
2024_0412_04:07:46 15 -0.935 -0.11
2024_0412_04:07:50 15 -0.055 -0.82
2024_0412_04:07:51 15 -1.19 -0.58
2024_0412_04:07:55 15 1.435 0.46
2024_0412_04:07:58 15 84.195 85.39
2024_0412_04:08:11 15 49.985 -49.995
2024_0412_04:08:30 15 -10.345 9.3
2024_0412_04:08:31 15 49.99 -50.0
2024_0412_04:11:52 15 -1.065 -0.515
2024_0412_04:12:57 15 -0.13 0.075
2024_0412_04:14:31 15 0.89 -0.15
2024_0412_04:14:59 15 10.07 41.085
2024_0412_04:15:03 15 2.39 -1.01
2024_0412_04:15:15 15 44.44 0.1
2024_0412_04:15:19 15 1.695 0.12
2024_0412_04:15:23 15 0.92 1.25
2024_0412_04:15:30 15 -0.28 0.05
2024_0412_04:15:31 15 1.115 -0.065
2024_0412_04:15:32 15 -1.285 0.305
2024_0412_04:15:40 15 87.655 78.015
2024_0412_04:15:48 15 88.48 89.56
2024_0412_04:15:53 15 86.2 82.575
2024_0412_04:16:12 15 -1.315 -1.025
2024_0412_04:16:15 15 0.19 0.51
2024_0412_04:20:36 15 88.555 86.575
2024_0412_04:22:09 15 -0.13 1.115
2024_0412_04:22:37 15 13.395 13.855
2024_0412_04:22:48 15 1.64 5.1
2024_0412_04:22:55 15 77.23 62.35
2024_0412_04:22:56 15 86.06 85.43
2024_0412_04:23:11 16 41.95 -2.025
2024_0412_04:23:15 15 -0.46 -0.845
2024_0412_04:23:17 15 84.62 84.47
2024_0412_04:23:27 16 40.505 40.145
2024_0412_04:23:33 16 1.095 -0.645
2024_0412_04:23:37 16 71.385 83.99
2024_0412_04:24:04 16 83.465 85.09
2024_0412_04:24:09 16 86.935 87.49
2024_0412_04:26:22 16 10.98 3.75
2024_0412_04:28:22 16 0.085 0.705
2024_0412_04:28:59 16 84.77 85.56
2024_0412_04:29:47 16 86.395 84.145
2024_0412_04:30:29 16 63.83 72.575
2024_0412_04:30:33 16 88.145 88.53
2024_0412_04:30:37 16 84.965 82.895
2024_0412_04:30:48 16 39.905 -36.03
2024_0412_04:30:57 16 -0.47 -0.145
2024_0412_04:31:00 16 1.225 -0.585
2024_0412_04:31:06 16 41.185 85.695
2024_0412_04:31:15 16 31.095 28.09
2024_0412_04:31:17 16 17.97 10.735
2024_0412_04:31:49 16 9.825 -10.29
2024_0412_04:31:50 16 -6.03 41.92
2024_0412_04:34:13 16 3.89 8.53
2024_0412_04:36:20 16 85.65 86.465
2024_0412_04:36:43 16 -0.655 -1.755
2024_0412_04:37:25 16 82.055 79.385
2024_0412_04:38:06 16 85.375 84.225
2024_0412_04:38:17 17 0.47 -0.25
2024_0412_04:38:20 16 88.055 88.605
2024_0412_04:38:26 17 84.04 84.1
2024_0412_04:38:28 17 91.31 -1.75
2024_0412_04:38:40 17 7.15 -7.53
2024_0412_04:38:45 17 16.445 0.685
2024_0412_04:38:47 17 11.355 11.045
2024_0412_04:38:51 17 85.16 84.575
2024_0412_04:38:58 17 16.415 -16.525
2024_0412_04:39:28 17 9.405 -6.855
2024_0412_04:39:30 17 55.705 -5.63
2024_0412_04:41:55 17 -0.28 0.005
2024_0412_04:44:17 17 87.44 88.76
2024_0412_04:44:38 17 84.425 85.765
2024_0412_04:45:13 17 43.16 84.0
2024_0412_04:45:49 17 87.44 87.74
2024_0412_04:45:57 17 84.955 86.32
2024_0412_04:46:04 17 -0.125 -0.12
2024_0412_04:46:10 17 1.125 -0.92
2024_0412_04:46:17 17 85.65 86.38
2024_0412_04:46:27 17 0.49 -0.59
2024_0412_04:46:33 17 38.435 37.97
2024_0412_04:46:36 17 86.31 87.215
2024_0412_04:46:39 17 0.52 0.06
2024_0412_04:46:46 17 -1.17 -0.81
2024_0412_04:47:12 17 1.96 -0.56
2024_0412_04:47:21 17 81.56 85.8
2024_0412_04:49:44 17 2.69 3.735
2024_0412_04:52:01 17 87.245 84.6
2024_0412_04:52:32 18 -0.13 -0.055
2024_0412_04:53:05 18 40.785 90.92
2024_0412_04:53:30 18 0.05 -0.37
2024_0412_04:53:37 18 -0.365 0.915
2024_0412_04:53:48 18 -1.645 0.565
2024_0412_04:54:01 18 85.025 84.91
2024_0412_04:54:05 18 -1.165 -2.06
2024_0412_04:54:14 18 -33.68 33.21
2024_0412_04:54:17 18 -41.46 34.98
2024_0412_04:54:18 18 75.705 9.275
2024_0412_04:54:26 18 0.05 1.05
2024_0412_04:54:34 18 5.54 3.32
2024_0412_04:55:08 18 87.125 83.87
2024_0412_04:55:09 18 -0.465 -0.64
2024_0412_04:57:40 18 0.0 0.125
2024_0412_04:59:46 18 87.705 90.375
2024_0412_05:00:18 18 -1.01 -0.585
2024_0412_05:00:48 18 88.41 88.57
2024_0412_05:01:11 18 83.845 85.465
2024_0412_05:01:23 18 20.04 14.02
2024_0412_05:01:34 18 84.52 87.495
2024_0412_05:01:43 18 58.455 85.32
2024_0412_05:01:57 18 -0.425 -2.595
2024_0412_05:01:59 18 -1.24 -0.46
2024_0412_05:02:04 18 88.695 88.6
2024_0412_05:02:11 18 85.67 82.485
2024_0412_05:02:15 18 -15.55 15.305
2024_0412_05:02:44 18 4.47 42.185
2024_0412_05:02:52 18 -99.99 99.99
2024_0412_05:02:57 18 47.71 -47.66
2024_0412_05:05:26 18 89.215 89.19
2024_0412_05:07:29 18 1.795 0.805
2024_0412_05:08:07 18 86.3 84.24
2024_0412_05:08:36 18 26.6 41.385
2024_0412_05:08:54 18 14.24 14.985
2024_0412_05:09:15 19 -8.075 7.705
2024_0412_05:09:26 19 96.48 -14.28
2024_0412_05:09:34 19 -1.075 -0.145
2024_0412_05:09:39 19 10.08 -8.025
2024_0412_05:09:48 19 39.055 62.005
2024_0412_05:09:51 19 83.85 82.965
2024_0412_05:10:01 19 40.88 -1.465
2024_0412_05:10:04 19 49.09 59.35
2024_0412_05:10:24 19 -49.995 49.99
2024_0412_05:10:30 19 49.98 -49.935
2024_0412_05:10:51 19 -1.505 1.325
2024_0412_05:13:09 19 99.99 49.995
2024_0412_05:15:10 19 16.385 -16.175
2024_0412_05:16:00 19 14.53 16.655
2024_0412_05:16:20 19 -99.99 99.98
2024_0412_05:16:53 19 1.42 -0.655
2024_0412_05:17:05 19 -49.925 50.52
2024_0412_05:17:10 19 79.17 -80.2
2024_0412_05:17:19 20 -9.17 8.535
2024_0412_05:17:24 19 87.26 86.875
2024_0412_05:17:42 20 88.675 85.81
2024_0412_05:17:45 20 88.77 88.49
2024_0412_05:17:48 20 -0.125 -0.385
2024_0412_05:17:51 20 6.275 6.815
2024_0412_05:18:12 20 81.35 84.11
2024_0412_05:20:56 20 13.06 21.13
2024_0412_05:21:02 20 0.315 -0.46
2024_0412_05:23:01 20 0.54 0.405
2024_0412_05:23:19 20 87.175 87.75
2024_0412_05:23:42 20 88.615 88.84
2024_0412_05:24:10 20 0.26 1.39
2024_0412_05:24:34 20 13.93 -12.415
2024_0412_05:24:54 20 42.025 -1.85
2024_0412_05:24:56 20 0.12 -0.02
2024_0412_05:24:56 20 -0.12 0.285
2024_0412_05:25:04 20 0.535 1.06
2024_0412_05:25:22 14 0.065 -0.35
2024_0412_05:25:22 20 38.725 93.495
2024_0412_05:25:26 14 -0.96 0.56
2024_0412_05:25:28 14 48.015 85.505
2024_0412_05:25:49 15 -0.19 0.33
2024_0412_05:28:13 15 87.45 88.175
2024_0412_05:28:22 15 8.54 12.56
2024_0412_05:30:02 16 12.625 10.93
2024_0412_05:34:28 20 84.67 84.515
2024_0412_05:36:08 20 -0.38 19.395
2024_0412_05:43:48 11 -0.035 0.75
2024_0412_05:43:48 8 80.645 84.4
2024_0412_05:43:50 2 84.535 83.72
2024_0412_05:43:50 10 88.445 88.485
2024_0412_05:43:51 1 88.71 88.26
2024_0412_05:43:51 2 68.5 81.29
2024_0412_05:43:52 7 87.7 88.01
2024_0412_05:43:53 3 82.85 84.6
2024_0412_05:43:54 4 83.905 79.715
2024_0412_05:43:54 2 86.375 82.515
2024_0412_05:43:56 2 85.91 84.625
2024_0412_05:43:57 6 88.52 87.925
2024_0412_05:43:58 8 87.9 87.825
2024_0412_05:44:00 2 86.515 87.005
2024_0412_05:45:24 11 -0.32 -0.37
2024_0412_05:49:41 11 1.07 1.45
2024_0412_05:51:26 11 83.975 86.04
2024_0412_05:51:27 11 0.43 -1.44
2024_0412_05:51:27 11 -16.28 58.29
2024_0412_05:51:29 11 -1.315 0.145
2024_0412_05:51:30 11 49.99 49.99
2024_0412_05:51:32 11 88.62 88.495
2024_0412_05:51:33 11 -0.09 -0.18
2024_0412_05:51:33 11 99.99 99.99
2024_0412_05:51:36 11 0.26 -0.155
2024_0412_05:51:37 11 88.44 89.365
2024_0412_05:51:41 11 85.455 81.735
2024_0412_05:51:47 11 89.365 89.9
2024_0412_05:51:48 11 88.0 88.755
2024_0412_05:51:50 11 0.365 0.275
2024_0412_05:53:07 11 1.045 -0.335
2024_0412_05:57:20 11 -0.625 0.0
2024_0412_05:59:03 11 -0.535 0.41
2024_0412_05:59:08 11 84.665 84.48
2024_0412_05:59:08 11 -49.995 99.99
2024_0412_05:59:09 11 84.98 83.7
2024_0412_05:59:12 11 85.825 82.755
2024_0412_05:59:12 11 -0.005 -0.085
2024_0412_05:59:14 11 -0.935 -0.805
2024_0412_05:59:14 11 84.81 84.775
2024_0412_05:59:16 11 -0.07 -0.12
2024_0412_05:59:20 11 87.95 88.865
2024_0412_05:59:26 11 0.41 0.405
2024_0412_05:59:28 11 -0.065 0.205
2024_0412_05:59:29 11 0.805 1.185
2024_0412_05:59:29 11 -0.205 -1.025
2024_0412_06:00:53 11 -1.41 0.745
2024_0412_06:04:54 11 -1.155 -1.27
2024_0412_06:06:44 11 85.74 84.695
2024_0412_06:06:47 11 86.26 84.855
2024_0412_06:06:47 11 -1.02 0.005
2024_0412_06:06:50 11 83.44 84.03
2024_0412_06:06:53 11 -0.24 -0.09
2024_0412_06:06:53 11 0.385 0.74
2024_0412_06:06:55 11 87.45 87.345
2024_0412_06:06:57 11 -0.685 -0.105
2024_0412_06:07:04 11 39.05 39.62
2024_0412_06:07:05 11 -0.31 -0.09
2024_0412_06:07:05 11 -0.81 -0.26
2024_0412_06:07:06 11 88.065 88.11
2024_0412_06:07:07 11 99.99 99.98
2024_0412_06:07:18 11 -1.07 0.6
2024_0412_06:08:27 11 -0.095 0.695
2024_0412_06:12:40 11 84.155 84.32
2024_0412_06:14:26 11 -1.41 1.305
2024_0412_06:14:27 11 -0.24 -0.065
2024_0412_06:14:31 11 -0.555 0.275
2024_0412_06:14:33 11 -0.21 1.355
2024_0412_06:14:34 11 9.02 26.98
2024_0412_06:14:37 11 -49.985 99.97
2024_0412_06:14:41 11 -1.375 -1.1
2024_0412_06:14:42 11 -0.255 0.245
2024_0412_06:14:45 11 -0.565 0.435
2024_0412_06:14:46 11 -1.615 0.25
2024_0412_06:14:51 11 87.95 86.95
2024_0412_06:14:51 11 -0.005 -0.94
2024_0412_06:14:56 11 87.16 87.02
2024_0412_06:14:57 11 -1.12 0.035
2024_0412_06:16:07 11 -1.075 -0.51
2024_0412_06:20:20 11 85.28 82.82
2024_0412_06:22:06 11 84.585 86.015
2024_0412_06:22:08 11 42.75 -5.01
2024_0412_06:22:12 11 100.0 100.0
2024_0412_06:22:12 11 0.44 1.145
2024_0412_06:22:17 11 88.57 88.505
2024_0412_06:22:20 11 49.99 -99.99
2024_0412_06:22:20 11 0.12 0.05
2024_0412_06:22:23 11 -0.285 0.51
2024_0412_06:22:24 11 85.815 85.745
2024_0412_06:22:27 11 0.02 -0.14
2024_0412_06:22:27 11 40.475 84.36
2024_0412_06:22:28 11 0.985 0.045
2024_0412_06:22:37 11 -1.175 -0.105
2024_0412_06:22:46 11 0.435 1.56
2024_0412_06:23:47 11 86.245 82.765
2024_0412_06:28:02 11 10.6 14.965
2024_0412_06:29:44 11 -1.005 0.135
2024_0412_06:29:47 11 49.995 -49.99
2024_0412_06:29:51 11 0.305 -0.5
2024_0412_06:29:51 11 89.005 89.025
2024_0412_06:29:52 11 -1.19 -0.595
2024_0412_06:29:59 11 -0.15 -0.89
2024_0412_06:30:00 11 1.215 -0.555
2024_0412_06:30:05 11 0.01 -0.265
2024_0412_06:30:08 11 1.315 0.095
2024_0412_06:30:13 11 84.25 82.68
2024_0412_06:30:13 11 84.69 79.94
2024_0412_06:30:24 11 0.53 -0.65
2024_0412_06:30:27 11 -0.685 -0.935
2024_0412_06:30:30 11 88.34 88.45
2024_0412_06:31:31 11 87.83 91.075
2024_0412_06:35:40 11 87.8 88.625
2024_0412_06:37:21 11 0.14 -0.405
2024_0412_06:37:23 11 88.695 88.995
2024_0412_06:37:30 11 89.08 88.11
2024_0412_06:37:32 11 84.665 85.525
2024_0412_06:37:33 11 -1.525 -0.355
2024_0412_06:37:37 11 -0.385 -1.105
2024_0412_06:37:44 11 0.695 -0.3
2024_0412_06:37:46 11 87.36 86.985
2024_0412_06:37:51 11 0.995 0.65
2024_0412_06:37:51 11 88.845 84.68
2024_0412_06:37:53 11 88.525 89.04
2024_0412_06:38:03 11 84.44 86.115
2024_0412_06:38:07 11 85.895 84.65
2024_0412_06:38:12 11 0.73 0.49
2024_0412_06:39:11 11 -0.23 0.545
2024_0412_06:43:19 11 35.32 37.32
2024_0412_06:45:06 11 -0.015 0.52
2024_0412_06:45:13 11 0.65 -0.3
2024_0412_06:45:14 11 -99.99 -99.985
2024_0412_06:45:16 11 49.995 49.995
2024_0412_06:45:16 11 -0.255 -0.785
2024_0412_06:45:23 11 0.59 0.145
2024_0412_06:45:27 11 85.445 87.15
2024_0412_06:45:30 11 0.035 0.54
2024_0412_06:45:32 11 -0.785 0.515
2024_0412_06:45:33 11 86.125 85.495
2024_0412_06:45:42 11 0.99 -0.79
2024_0412_06:45:43 11 10.755 7.22
2024_0412_06:45:56 11 -0.72 0.785
2024_0412_06:45:58 11 -0.42 -0.07
2024_0412_06:46:54 11 -99.99 -49.995
2024_0412_06:50:58 11 -2.54 0.215
2024_0412_06:52:43 11 -99.98 99.97
2024_0412_06:52:51 11 87.82 87.65
2024_0412_06:52:55 11 0.56 -0.285
2024_0412_06:52:56 11 0.71 0.285
2024_0412_06:53:00 12 89.22 88.575
2024_0412_06:53:05 12 13.55 15.03
2024_0412_06:53:07 12 0.705 -0.365
2024_0412_06:53:08 12 88.875 88.47
2024_0412_06:53:12 12 49.995 99.99
2024_0412_06:53:19 12 87.76 86.055
2024_0412_06:53:29 12 49.995 -99.99
2024_0412_06:53:30 12 49.99 99.98
2024_0412_06:53:33 12 84.22 85.68
2024_0412_06:53:49 12 89.775 89.51
2024_0412_06:54:40 12 0.765 -0.27
2024_0412_06:58:45 12 81.24 85.705
2024_0412_07:00:30 12 0.905 0.55
2024_0412_07:00:39 12 -3.015 40.685
2024_0412_07:00:41 12 24.8 45.15
2024_0412_07:00:43 12 13.305 12.07
2024_0412_07:00:46 12 100.0 100.0
2024_0412_07:00:50 12 -0.745 -0.22
2024_0412_07:00:53 12 -0.005 -0.395
2024_0412_07:00:59 12 83.04 83.42
2024_0412_07:01:05 12 85.99 85.41
2024_0412_07:01:06 12 87.0 88.005
2024_0412_07:01:15 12 88.57 88.55
2024_0412_07:01:15 12 -1.065 -0.335
2024_0412_07:01:21 12 0.085 0.54
2024_0412_07:01:38 12 85.765 83.745
2024_0412_07:02:47 12 1.695 0.67
2024_0412_07:06:33 12 0.55 0.24
2024_0412_07:08:17 12 89.535 89.73
2024_0412_07:08:28 12 89.68 87.51
2024_0412_07:08:29 12 0.815 0.075
2024_0412_07:08:31 12 86.455 86.905
2024_0412_07:08:38 12 -0.165 0.115
2024_0412_07:08:40 12 0.63 0.385
2024_0412_07:08:45 12 -0.72 -0.935
2024_0412_07:08:50 12 0.64 -1.045
2024_0412_07:08:51 12 41.895 41.685
2024_0412_07:08:56 12 84.245 85.135
2024_0412_07:09:04 12 2.045 0.45
2024_0412_07:09:06 12 0.4 0.62
2024_0412_07:09:06 12 84.165 45.485
2024_0412_07:09:28 12 70.76 68.99
2024_0412_07:10:48 12 0.375 0.5
2024_0412_07:14:18 12 -0.625 -0.26
2024_0412_07:16:05 12 83.75 84.73
2024_0412_07:16:14 12 84.81 84.865
2024_0412_07:16:20 12 89.07 91.43
2024_0412_07:16:24 12 0.38 0.275
2024_0412_07:16:31 12 83.24 78.345
2024_0412_07:16:33 12 70.93 70.73
2024_0412_07:16:40 12 84.85 80.695
2024_0412_07:16:43 12 88.45 89.385
2024_0412_07:16:44 12 88.64 88.11
2024_0412_07:16:46 12 88.215 46.275
2024_0412_07:16:50 12 0.425 -1.67
2024_0412_07:16:54 12 -14.15 64.26
2024_0412_07:16:59 12 40.1 39.64
2024_0412_07:17:12 12 0.495 1.205
2024_0412_07:18:38 12 84.035 83.575
2024_0412_07:22:07 12 0.165 -0.695
2024_0412_07:23:57 12 85.78 84.855
2024_0412_07:24:11 12 0.69 0.01
2024_0412_07:24:13 12 84.76 82.65
2024_0412_07:24:19 12 0.025 0.485
2024_0412_07:24:21 12 -0.48 0.41
2024_0412_07:24:24 12 85.24 83.215
2024_0412_07:24:26 12 88.965 88.425
2024_0412_07:24:29 12 -0.6 -0.015
2024_0412_07:24:35 12 88.62 88.595
2024_0412_07:24:37 12 -0.47 -0.015
2024_0412_07:24:38 12 15.13 18.87
2024_0412_07:24:53 12 84.045 84.155
2024_0412_07:24:59 12 -1.515 -0.555
2024_0412_07:25:02 12 0.01 0.03
2024_0412_07:26:30 12 83.945 84.965
2024_0412_07:29:51 12 -0.335 0.505
2024_0412_07:31:58 12 -0.74 -0.35
2024_0412_07:32:02 12 82.675 84.39
2024_0412_07:32:05 12 89.21 89.345
2024_0412_07:32:10 12 87.08 83.32
2024_0412_07:32:12 12 87.765 87.76
2024_0412_07:32:13 12 0.73 -0.835
2024_0412_07:32:17 12 -1.465 -0.07
2024_0412_07:32:18 12 -99.98 -49.99
2024_0412_07:32:22 12 -0.81 0.61
2024_0412_07:32:27 12 88.73 88.885
2024_0412_07:32:32 12 85.135 84.59
2024_0412_07:32:45 12 99.995 49.99
2024_0412_07:32:46 12 0.795 0.14
2024_0412_07:32:56 12 84.73 85.935
2024_0412_07:34:18 12 85.025 81.925
2024_0412_07:37:41 12 78.435 83.345
2024_0412_07:39:45 12 -49.99 49.99
2024_0412_07:39:52 12 88.605 88.865
2024_0412_07:40:03 12 88.735 88.655
2024_0412_07:40:04 12 89.64 89.99
2024_0412_07:40:06 12 82.82 85.995
2024_0412_07:40:07 12 85.705 91.565
2024_0412_07:40:09 12 87.47 87.645
2024_0412_07:40:14 12 -55.73 61.295
2024_0412_07:40:19 12 -31.725 44.87
2024_0412_07:40:36 12 83.18 85.49
2024_0412_07:40:38 12 89.31 87.855
2024_0412_07:40:38 12 34.115 -34.775
2024_0412_07:40:40 12 44.94 43.895
2024_0412_07:40:48 12 64.59 81.82
2024_0412_07:42:09 12 0.65 -0.725
2024_0412_07:45:38 12 -1.32 -0.215
2024_0412_07:47:35 12 89.0 88.77
2024_0412_07:47:35 12 -99.98 99.985
2024_0412_07:47:50 12 -0.79 0.205
2024_0412_07:47:52 12 85.01 84.91
2024_0412_07:47:53 12 -26.65 89.48
2024_0412_07:47:58 12 40.145 -10.005
2024_0412_07:48:00 13 10.025 -10.265
2024_0412_07:48:00 13 1.335 -1.82
2024_0412_07:48:08 13 76.645 85.985
2024_0412_07:48:24 13 91.37 14.795
2024_0412_07:48:29 13 83.685 81.985
2024_0412_07:48:30 13 87.705 87.36
2024_0412_07:48:37 13 13.715 15.235
2024_0412_07:48:44 13 87.82 87.72
2024_0412_07:49:58 13 -0.31 0.07
2024_0412_07:53:24 13 0.52 -0.19
2024_0412_07:55:24 13 -49.94 49.87
2024_0412_07:55:28 13 40.35 40.79
2024_0412_07:55:39 13 0.865 0.555
2024_0412_07:55:43 13 38.22 40.035
2024_0412_07:55:50 13 0.315 1.995
2024_0412_07:55:50 13 0.015 0.165
2024_0412_07:55:51 13 3.455 -0.72
2024_0412_07:55:54 13 15.365 63.75
2024_0412_07:56:18 13 1.915 4.94
2024_0412_07:56:23 13 82.56 85.17
2024_0412_07:56:25 13 0.375 -0.795
2024_0412_07:56:28 13 -49.995 -49.995
2024_0412_07:56:35 13 0.425 -0.995
2024_0412_07:56:36 13 40.57 38.8
2024_0412_07:57:48 13 -0.87 -0.135
2024_0412_08:01:13 13 -0.45 0.63
2024_0412_08:03:09 13 -0.595 -0.74
2024_0412_08:03:17 13 66.115 65.805
2024_0412_08:03:27 13 -4.425 88.01
2024_0412_08:03:27 13 -0.44 -0.985
2024_0412_08:03:42 13 -0.315 -0.42
2024_0412_08:03:44 13 82.14 84.61
2024_0412_08:03:48 13 0.35 -0.04
2024_0412_08:03:53 13 13.22 13.285
2024_0412_08:04:04 13 -0.37 -0.53
2024_0412_08:04:13 13 0.975 -0.145
2024_0412_08:04:17 13 89.275 89.585
2024_0412_08:04:20 13 -49.98 99.97
2024_0412_08:04:21 13 89.685 89.84
2024_0412_08:04:25 13 85.025 86.26
2024_0412_08:05:33 13 84.1 84.07
2024_0412_08:08:56 13 4.995 -1.375
2024_0412_08:10:57 13 0.335 0.015
2024_0412_08:11:07 13 -0.12 -0.755
2024_0412_08:11:07 13 -0.295 -0.195
2024_0412_08:11:10 13 -4.3 42.1
2024_0412_08:11:27 13 58.525 66.19
2024_0412_08:11:29 13 1.09 0.665
2024_0412_08:11:33 13 -9.145 8.685
2024_0412_08:11:35 13 86.56 87.755
2024_0412_08:11:46 13 6.18 -0.57
2024_0412_08:11:59 13 39.59 39.86
2024_0412_08:12:00 13 -49.995 -49.995
2024_0412_08:12:07 13 2.915 -2.92
2024_0412_08:12:07 13 89.04 88.845
2024_0412_08:12:09 13 46.675 -35.795
2024_0412_08:13:18 13 87.7 87.065
2024_0412_08:16:36 13 -0.435 0.715
2024_0412_08:18:45 13 0.795 0.07
2024_0412_08:18:49 13 0.52 -0.755
2024_0412_08:18:51 13 49.995 -49.995
2024_0412_08:18:52 13 -8.6 40.7
2024_0412_08:19:05 13 -9.695 10.515
2024_0412_08:19:12 13 2.99 2.14
2024_0412_08:19:15 13 -0.365 -1.07
2024_0412_08:19:20 13 86.315 84.92
2024_0412_08:19:27 13 0.35 0.545
2024_0412_08:19:38 13 -9.655 9.385
2024_0412_08:19:39 13 0.565 0.18
2024_0412_08:19:49 13 0.405 0.54
2024_0412_08:19:49 13 87.955 87.755
2024_0412_08:19:58 13 99.985 99.955
2024_0412_08:20:59 13 29.39 23.135
2024_0412_08:24:19 13 81.26 86.28
2024_0412_08:26:28 13 81.91 87.36
2024_0412_08:26:31 13 88.48 88.85
2024_0412_08:26:31 13 0.695 0.515
2024_0412_08:26:32 13 87.435 86.875
2024_0412_08:26:43 13 -0.555 0.47
2024_0412_08:26:55 13 -3.365 41.31
2024_0412_08:26:56 13 -0.86 0.315
2024_0412_08:26:59 13 -6.92 31.495
2024_0412_08:27:07 13 -2.31 -0.79
2024_0412_08:27:16 13 -1.51 -0.2
2024_0412_08:27:26 13 -1.62 -0.075
2024_0412_08:27:33 13 90.03 83.16
2024_0412_08:27:35 13 88.8 84.715
2024_0412_08:27:40 13 -0.66 -0.24
2024_0412_08:28:41 13 0.0 0.525
2024_0412_08:32:00 13 49.995 99.99
2024_0412_08:34:10 13 0.105 0.035
2024_0412_08:34:11 13 0.395 3.19
2024_0412_08:34:13 13 84.24 83.65
2024_0412_08:34:14 13 0.255 -0.565
2024_0412_08:34:21 13 89.455 89.61
2024_0412_08:34:47 13 -0.91 0.045
2024_0412_08:34:49 13 8.28 6.095
2024_0412_08:35:13 13 45.79 88.12
2024_0412_08:35:19 13 12.78 10.59
2024_0412_08:35:28 13 84.68 87.82
2024_0412_08:36:22 13 92.585 41.8
2024_0412_08:39:13 13 -5.53 44.575
2024_0412_08:39:42 13 28.925 40.185
2024_0412_08:39:47 13 38.735 40.71
2024_0412_08:40:00 13 87.255 88.15
2024_0412_08:41:46 13 20.385 22.86
2024_0412_08:41:53 13 -2.225 0.685
2024_0412_08:41:56 13 87.445 82.95
2024_0412_08:41:58 13 83.5 85.31
2024_0412_08:42:04 13 15.135 15.24
2024_0412_08:42:28 13 84.405 86.43
2024_0412_08:42:29 13 0.085 0.205
2024_0412_08:42:56 13 40.395 39.655
2024_0412_08:42:59 13 0.135 -0.16
2024_0412_08:43:07 13 0.42 -0.07
2024_0412_08:44:01 13 0.39 0.84
2024_0412_08:46:53 13 91.575 88.14
2024_0412_08:47:22 13 -0.185 1.15
2024_0412_08:47:25 13 87.53 86.08
2024_0412_08:47:28 13 0.405 0.165
2024_0412_08:47:41 13 0.435 -0.22
2024_0412_08:49:23 13 -1.025 0.235
2024_0412_08:49:31 13 -1.64 0.89
2024_0412_08:49:34 13 0.43 0.37
2024_0412_08:49:35 13 0.92 -0.73
2024_0412_08:49:43 13 -0.82 -1.22
2024_0412_08:50:14 13 88.72 87.035
2024_0412_08:50:18 13 -1.045 1.065
2024_0412_08:50:31 13 0.145 0.08
2024_0412_08:50:37 13 -7.375 43.29
2024_0412_08:50:58 13 0.125 -0.535
2024_0412_08:51:46 13 1.925 -0.53
2024_0412_08:54:42 13 87.525 88.115
2024_0412_08:55:04 13 0.945 -1.125
2024_0412_08:55:09 13 84.725 75.97
2024_0412_08:55:19 13 85.265 36.82
2024_0412_08:55:21 13 -0.79 0.04
2024_0412_08:57:03 13 -0.365 0.64
2024_0412_08:57:10 13 52.315 -52.735
2024_0412_08:57:13 13 88.84 88.36
2024_0412_08:57:22 13 76.965 81.69
2024_0412_08:57:28 13 4.615 23.945
2024_0412_08:57:52 13 79.21 82.125
2024_0412_08:58:02 13 0.06 -0.16
2024_0412_08:58:17 13 0.655 0.73
2024_0412_08:58:18 13 91.07 88.09
2024_0412_08:58:38 13 87.785 84.18
2024_0412_08:59:31 13 -1.76 3.18
2024_0412_09:02:19 13 -33.62 33.805
2024_0412_09:02:46 13 81.48 82.045
2024_0412_09:02:51 13 -0.75 0.62
2024_0412_09:03:01 13 0.855 -0.275
2024_0412_09:03:06 13 0.35 41.15
2024_0412_09:04:43 13 39.96 40.055
2024_0412_09:04:54 13 70.54 69.75
2024_0412_09:05:01 13 87.255 86.8
2024_0412_09:05:10 13 83.37 86.67
2024_0412_09:05:11 13 9.265 9.74
2024_0412_09:05:38 13 14.46 16.265
2024_0412_09:05:45 13 0.145 0.115
2024_0412_09:06:00 13 1.73 0.115
2024_0412_09:06:08 13 85.605 86.285
2024_0412_09:06:16 13 -0.825 0.225
2024_0412_09:07:34 13 16.55 16.495
2024_0412_09:10:00 13 7.63 26.07
2024_0412_09:10:31 13 86.2 86.075
2024_0412_09:10:35 13 90.35 87.77
2024_0412_09:10:42 13 20.145 -19.97
2024_0412_09:10:44 13 10.25 6.63
2024_0412_09:12:22 13 85.495 86.295
2024_0412_09:12:31 13 1.145 -1.365
2024_0412_09:12:42 13 87.27 89.745
2024_0412_09:12:50 13 -0.41 2.435
2024_0412_09:12:52 13 -0.065 -0.14
2024_0412_09:13:14 13 0.365 0.21
2024_0412_09:13:24 13 -0.69 0.08
2024_0412_09:13:37 13 40.425 -24.48
2024_0412_09:13:52 13 0.4 -1.67
2024_0412_09:13:54 13 85.0 85.195
2024_0412_09:15:11 13 -0.145 0.875
2024_0412_09:17:44 13 86.255 83.875
2024_0412_09:18:12 13 88.055 86.335
2024_0412_09:18:13 13 10.105 -9.865
2024_0412_09:18:20 13 99.99 -49.995
2024_0412_09:18:22 13 -0.435 0.15
2024_0412_09:20:04 13 -49.99 49.995
2024_0412_09:20:13 14 -13.705 16.38
2024_0412_09:20:19 14 0.66 -0.21
2024_0412_09:20:28 14 49.99 -49.98
2024_0412_09:20:34 14 88.42 88.93
2024_0412_09:20:54 14 0.29 1.515
2024_0412_09:21:16 14 86.98 86.78
2024_0412_09:21:32 14 -0.98 -0.1
2024_0412_09:21:37 14 0.51 -0.875
2024_0412_09:23:02 14 11.98 37.11
2024_0412_09:23:03 14 -0.46 0.075
2024_0412_09:25:21 14 0.7 0.435
2024_0412_09:25:52 14 -1.41 0.12
2024_0412_09:25:55 14 85.89 84.09
2024_0412_09:25:58 14 57.415 52.01
2024_0412_09:26:05 14 70.72 72.395
2024_0412_09:27:40 14 84.125 33.4
2024_0412_09:27:56 14 0.22 -2.355
2024_0412_09:28:03 14 89.02 88.315
2024_0412_09:28:08 14 0.03 0.36
2024_0412_09:28:11 14 -0.525 2.54
2024_0412_09:28:36 14 0.93 6.775
2024_0412_09:28:58 14 88.915 86.955
2024_0412_09:29:16 14 49.99 -49.985
2024_0412_09:29:25 14 1.03 0.245
2024_0412_09:30:41 14 6.945 10.525
2024_0412_09:30:45 14 84.28 85.69
2024_0412_09:32:55 14 -0.675 42.435
2024_0412_09:33:28 14 0.6 0.265
2024_0412_09:33:36 14 54.86 77.575
2024_0412_09:33:42 14 -1.675 -0.49
2024_0412_09:33:52 14 86.555 85.38
2024_0412_09:35:15 14 0.015 -0.015
2024_0412_09:35:33 14 7.565 -8.32
2024_0412_09:35:40 14 2.08 -0.435
2024_0412_09:35:51 14 84.555 84.705
2024_0412_09:35:52 14 89.005 42.495
2024_0412_09:36:08 14 1.145 -0.56
2024_0412_09:36:36 14 10.085 9.705
2024_0412_09:36:54 14 10.705 -11.0
2024_0412_09:37:10 14 0.63 0.165
2024_0412_09:38:23 14 -0.05 0.86
2024_0412_09:38:30 14 84.14 86.53
2024_0412_09:40:34 14 -19.26 69.62
2024_0412_09:41:08 14 -49.995 -99.975
2024_0412_09:41:08 14 -0.22 -1.215
2024_0412_09:41:29 14 88.805 88.725
2024_0412_09:41:40 14 85.51 85.54
2024_0412_09:42:49 14 -16.235 16.3
2024_0412_09:43:15 14 -0.22 -0.02
2024_0412_09:43:20 14 88.79 89.47
2024_0412_09:43:27 14 -11.35 10.095
2024_0412_09:43:32 14 89.73 85.075
2024_0412_09:43:44 14 87.32 88.04
2024_0412_09:44:20 14 -10.265 10.005
2024_0412_09:44:34 14 84.17 37.69
2024_0412_09:45:00 14 86.38 88.69
2024_0412_09:46:03 14 31.84 32.185
2024_0412_09:46:06 14 88.29 88.035
2024_0412_09:48:12 14 88.06 87.805
2024_0412_09:48:50 14 0.05 1.975
2024_0412_09:49:03 14 -3.41 3.24
2024_0412_09:49:10 14 0.87 0.23
2024_0412_09:49:21 14 0.065 -0.68
2024_0412_09:50:30 14 15.33 14.08
2024_0412_09:51:01 14 0.33 -0.05
2024_0412_09:51:01 14 84.485 83.285
2024_0412_09:51:02 14 -0.335 -0.55
2024_0412_09:51:18 14 84.335 82.33
2024_0412_09:51:33 14 -0.89 0.56
2024_0412_09:51:58 14 -0.23 -0.27
2024_0412_09:52:12 14 -0.09 3.27
2024_0412_09:52:45 14 39.425 45.96
2024_0412_09:53:41 14 1.005 0.82
2024_0412_09:53:44 14 4.29 9.925
2024_0412_09:55:53 14 82.11 40.11
2024_0412_09:56:27 14 86.185 85.72
2024_0412_09:56:35 14 0.045 1.165
2024_0412_09:56:47 14 -20.45 20.38
2024_0412_09:57:00 14 -1.105 -0.845
2024_0412_09:58:11 14 84.555 82.35
2024_0412_09:58:35 14 99.99 -49.995
2024_0412_09:58:41 14 89.01 88.15
2024_0412_09:58:45 14 -0.485 0.23
2024_0412_09:58:55 14 0.13 0.89
2024_0412_09:59:07 14 -0.63 -0.68
2024_0412_09:59:32 14 0.315 0.355
2024_0412_09:59:47 14 82.46 84.195
2024_0412_10:01:18 14 9.305 25.265
2024_0412_10:01:20 14 1.035 0.275
2024_0412_10:03:34 14 80.635 83.815
2024_0412_10:04:03 14 88.04 89.19
2024_0412_10:04:10 14 0.295 1.165
2024_0412_10:04:22 14 1.1 -0.445
2024_0412_10:04:37 14 0.14 1.09
2024_0412_10:04:44 14 16.01 35.745
2024_0412_10:05:52 14 36.91 88.53
2024_0412_10:06:13 14 84.845 86.155
2024_0412_10:06:31 14 -2.67 46.005
2024_0412_10:06:33 14 -39.98 40.235
2024_0412_10:06:37 14 38.97 3.935
2024_0412_10:06:44 14 1.08 -0.98
2024_0412_10:07:08 14 0.075 0.085
2024_0412_10:07:34 14 82.68 84.96
2024_0412_10:09:01 14 39.12 80.35
2024_0412_10:09:03 14 -1.17 80.84
2024_0412_10:11:08 14 36.28 -1.165
2024_0412_10:11:36 14 -1.34 -0.67
2024_0412_10:11:49 14 2.225 2.845
2024_0412_10:11:56 14 59.92 -60.24
2024_0412_10:12:13 14 90.4 83.7
2024_0412_10:12:21 14 -0.585 0.76
2024_0412_10:13:32 14 65.9 66.265
2024_0412_10:13:48 14 86.105 85.925
2024_0412_10:14:12 14 83.815 83.83
2024_0412_10:14:17 14 87.2 15.895
2024_0412_10:14:20 14 -0.39 0.235
2024_0412_10:14:47 14 0.1 1.345
2024_0412_10:15:16 14 0.55 0.005
2024_0412_10:16:36 14 84.585 84.52
2024_0412_10:16:39 14 87.48 86.62
2024_0412_10:17:11 14 0.505 -0.17
2024_0412_10:18:55 14 0.87 12.44
2024_0412_10:19:13 14 -0.515 -0.035
2024_0412_10:19:23 14 0.6 0.85
2024_0412_10:19:37 14 86.56 88.9
2024_0412_10:19:53 14 -4.415 48.895
2024_0412_10:20:01 14 84.485 45.135
2024_0412_10:21:09 14 86.07 82.72
2024_0412_10:21:25 14 47.285 -42.445
2024_0412_10:21:51 14 88.9 89.885
2024_0412_10:21:57 14 88.64 88.715
2024_0412_10:21:59 14 84.735 82.425
2024_0412_10:22:26 14 91.055 88.65
2024_0412_10:22:55 14 0.915 0.325
2024_0412_10:24:15 14 -10.455 48.62
2024_0412_10:24:20 14 -36.445 35.87
2024_0412_10:24:49 14 -0.06 -0.34
2024_0412_10:26:42 14 27.375 20.945
2024_0412_10:26:51 14 87.465 87.055
2024_0412_10:27:00 14 4.935 1.9
2024_0412_10:27:20 14 41.43 41.08
2024_0412_10:27:36 14 -0.83 0.14
2024_0412_10:27:49 14 40.25 40.17
2024_0412_10:28:49 14 81.955 84.13
2024_0412_10:29:03 14 85.79 84.28
2024_0412_10:29:38 14 -34.065 33.47
2024_0412_10:29:40 14 85.26 81.245
2024_0412_10:29:43 14 41.245 -7.33
2024_0412_10:30:05 14 -0.57 -0.8
2024_0412_10:30:34 14 49.095 -4.45
2024_0412_10:31:52 14 -7.275 8.16
2024_0412_10:32:05 14 61.64 -11.215
2024_0412_10:32:25 14 -99.99 -99.98
2024_0412_10:34:21 14 85.685 84.275
2024_0412_10:34:33 14 -0.44 -0.6
2024_0412_10:34:59 14 6.165 3.07
2024_0412_10:35:16 14 85.685 87.35
2024_0412_10:35:28 14 -0.66 0.685
2024_0412_10:36:44 14 83.925 72.325
2024_0412_10:36:48 14 88.105 87.39
2024_0412_10:37:17 14 84.04 84.13
2024_0412_10:37:22 14 -0.3 0.08
2024_0412_10:37:25 14 -0.245 0.4
2024_0412_10:37:45 14 0.56 -1.005
2024_0412_10:38:12 14 1.07 -1.14
2024_0412_10:39:33 14 0.15 -0.085
2024_0412_10:39:40 14 88.355 86.805
2024_0412_10:39:43 14 83.13 88.72
2024_0412_10:40:03 14 -10.11 8.78
2024_0412_10:42:00 14 84.78 82.51
2024_0412_10:42:16 14 73.43 72.615
2024_0412_10:42:40 14 1.105 -2.005
2024_0412_10:42:55 14 0.625 0.675
2024_0412_10:43:05 14 80.68 83.03
2024_0412_10:44:22 14 1.405 0.095
2024_0412_10:44:24 14 84.255 84.145
2024_0412_10:44:56 14 81.57 86.285
2024_0412_10:45:02 14 87.7 87.565
2024_0412_10:45:09 14 -5.605 39.27
2024_0412_10:45:22 14 -4.405 48.965
2024_0412_10:45:49 14 0.16 -0.845
2024_0412_10:47:11 15 33.035 8.145
2024_0412_10:47:17 15 21.965 23.545
2024_0412_10:47:28 15 -1.34 -1.905
2024_0412_10:47:55 15 82.835 88.355
2024_0412_10:49:36 15 84.81 74.345
2024_0412_10:50:07 15 86.825 88.6
2024_0412_10:50:16 15 27.43 -2.245
2024_0412_10:50:27 15 0.395 -0.25
2024_0412_10:52:17 15 0.04 0.53
2024_0412_10:52:33 15 -0.64 0.33
2024_0412_10:52:35 15 10.87 -10.005
2024_0412_10:52:45 15 89.345 88.32
2024_0412_10:52:57 15 -1.26 -0.25
2024_0412_10:53:26 15 85.23 84.375
2024_0412_10:54:03 15 86.83 71.515
2024_0412_10:54:52 15 -0.18 -0.24
2024_0412_10:55:04 15 46.48 -21.68
2024_0412_10:55:04 15 11.72 12.04
2024_0412_10:55:43 15 14.54 89.94
2024_0412_10:56:47 15 12.63 -12.19
2024_0412_10:57:18 15 29.855 -22.295
2024_0412_10:57:56 15 85.025 82.68
2024_0412_10:57:59 15 8.42 -8.41
2024_0412_10:58:06 15 85.155 86.265
2024_0412_10:59:58 15 0.095 -0.8
2024_0412_11:00:09 15 0.095 0.3
2024_0412_11:00:12 15 88.635 86.255
2024_0412_11:00:27 15 88.605 88.635
2024_0412_11:00:36 15 78.695 52.155
2024_0412_11:01:03 15 26.785 0.815
2024_0412_11:01:39 15 91.505 41.54
2024_0412_11:02:33 15 88.595 83.785
2024_0412_11:02:49 15 87.91 89.555
2024_0412_11:03:01 15 1.3 -0.745
2024_0412_11:03:31 15 9.48 -9.095
2024_0412_11:04:59 15 83.725 84.09
2024_0412_11:05:32 15 -6.455 7.425
2024_0412_11:05:39 15 0.005 0.105
2024_0412_11:05:43 15 -0.095 0.0
2024_0412_11:07:35 15 0.47 1.05
2024_0412_11:07:47 15 75.59 92.675
2024_0412_11:07:58 15 84.52 83.94
2024_0412_11:08:04 15 87.705 88.02
2024_0412_11:08:17 15 85.915 80.925
2024_0412_11:08:41 15 80.06 84.56
2024_0412_11:09:25 15 88.575 91.18
2024_0412_11:09:50 15 83.29 84.41
2024_0412_11:10:12 15 90.745 88.525
2024_0412_11:10:30 15 88.79 88.745
2024_0412_11:10:31 15 0.31 -0.785
2024_0412_11:11:15 15 0.185 0.465
2024_0412_11:12:46 15 27.6 29.475
2024_0412_11:13:14 15 -3.285 3.705
2024_0412_11:13:15 15 15.11 15.485
2024_0412_11:13:20 15 67.135 66.975
2024_0412_11:15:14 15 1.115 -1.55
2024_0412_11:15:24 15 0.16 -0.075
2024_0412_11:15:36 15 84.68 41.9
2024_0412_11:15:51 15 77.465 85.43
2024_0412_11:15:54 15 3.93 -1.275
2024_0412_11:16:30 15 44.075 45.205
2024_0412_11:17:03 15 -3.615 42.195
2024_0412_11:18:04 15 0.29 -0.465
2024_0412_11:18:09 15 8.7 8.895
2024_0412_11:18:30 15 65.355 89.2
2024_0412_11:19:00 15 -9.205 8.91
2024_0412_11:20:29 15 85.175 42.745
2024_0412_11:20:49 15 0.72 0.68
2024_0412_11:20:51 15 1.355 0.265
2024_0412_11:20:57 15 19.75 19.115
2024_0412_11:21:54 15 -49.995 -49.995
2024_0412_11:22:53 15 87.695 86.855
2024_0412_11:23:08 15 -0.48 0.445
2024_0412_11:23:14 15 -0.03 0.03
2024_0412_11:23:28 15 -99.97 99.97
2024_0412_11:24:08 15 1.39 1.065
2024_0412_11:24:42 15 -1.505 0.405
2024_0412_11:25:48 15 -3.45 48.35
2024_0412_11:25:52 15 78.64 83.725
2024_0412_11:26:09 15 85.28 85.465
2024_0412_11:26:39 15 38.145 37.865
2024_0412_11:28:10 15 39.32 90.32
2024_0412_11:28:28 15 43.25 42.84
2024_0412_11:28:31 15 88.475 88.06
2024_0412_11:28:54 15 -1.115 0.165
2024_0412_11:29:31 15 -2.09 1.14
2024_0412_11:29:51 15 88.46 88.165
2024_0412_11:30:37 15 -10.025 9.735
2024_0412_11:30:52 15 -49.995 49.985
2024_0412_11:30:52 15 84.835 85.305
2024_0412_11:31:11 15 -0.29 -0.975
2024_0412_11:31:47 15 1.605 -0.05
2024_0412_11:32:19 15 85.24 84.575
2024_0412_11:33:25 15 -15.39 38.455
2024_0412_11:33:38 15 -0.35 0.525
2024_0412_11:33:48 15 89.695 90.495
2024_0412_11:34:13 15 -0.37 0.56
2024_0412_11:35:50 15 13.435 -12.215
2024_0412_11:36:05 15 0.285 1.125
2024_0412_11:36:17 15 89.72 85.67
2024_0412_11:36:40 15 79.085 85.46
2024_0412_11:37:05 15 -1.54 -0.94
2024_0412_11:37:26 15 -0.335 0.83
2024_0412_11:38:21 15 -2.435 40.095
2024_0412_11:38:29 15 0.48 -0.015
2024_0412_11:38:33 15 65.44 67.85
2024_0412_11:38:47 15 -21.28 56.26
2024_0412_11:39:38 15 0.245 5.675
2024_0412_11:40:05 15 84.25 85.19
2024_0412_11:41:05 15 99.98 100.0
2024_0412_11:41:16 15 37.39 37.2
2024_0412_11:41:49 15 -0.675 -0.78
2024_0412_11:41:57 15 72.625 74.365
2024_0412_11:43:24 15 1.05 -0.085
2024_0412_11:43:38 15 49.99 -99.98
2024_0412_11:43:50 15 -0.33 1.285
2024_0412_11:44:19 15 95.83 -30.17
2024_0412_11:44:44 15 -0.475 0.595
2024_0412_11:44:58 15 -1.59 0.72
2024_0412_11:46:02 15 85.355 65.81
2024_0412_11:46:04 15 0.855 2.41
2024_0412_11:46:07 15 83.33 83.42
2024_0412_11:46:20 15 84.48 85.385
2024_0412_11:47:24 15 44.95 41.745
2024_0412_11:47:37 15 77.885 84.305
2024_0412_11:48:42 15 68.345 75.895
2024_0412_11:48:43 15 85.775 41.765
2024_0412_11:49:17 15 0.16 -0.32
2024_0412_11:49:28 15 2.19 3.115
2024_0412_11:50:59 15 0.28 -0.16
2024_0412_11:51:04 15 -0.01 0.0
2024_0412_11:51:14 15 33.375 -34.295
2024_0412_11:51:47 15 27.925 -27.29
2024_0412_11:52:06 15 -17.04 16.66
2024_0412_11:52:25 15 85.61 83.915
2024_0412_11:53:25 15 0.6 0.7
2024_0412_11:53:32 15 87.515 86.3
2024_0412_11:53:48 15 90.285 87.48
2024_0412_11:54:27 15 0.41 -0.795
2024_0412_11:54:50 15 -10.37 8.89
2024_0412_11:55:12 15 -1.34 -1.435
2024_0412_11:56:04 15 1.315 -0.79
2024_0412_11:56:08 15 74.165 84.955
2024_0412_11:56:37 15 0.525 0.005
2024_0412_11:56:50 15 -10.485 9.815
2024_0412_11:58:15 15 0.155 -0.475
2024_0412_11:58:27 15 42.48 83.64
2024_0412_11:58:53 15 37.52 8.255
2024_0412_11:59:14 15 87.595 85.085
2024_0412_11:59:50 15 42.595 -1.15
2024_0412_12:00:52 15 84.36 73.755
2024_0412_12:00:56 15 88.325 88.51
2024_0412_12:01:26 15 0.055 -1.14
2024_0412_12:01:48 15 -0.08 0.955
2024_0412_12:02:23 15 13.86 12.78
2024_0412_12:02:43 15 85.46 84.415
2024_0412_12:03:24 15 -18.935 20.88
2024_0412_12:03:43 15 0.22 -0.19
2024_0412_12:03:57 15 15.595 15.89
2024_0412_12:04:07 15 0.17 -0.94
2024_0412_12:04:14 15 -0.48 -0.495
2024_0412_12:05:47 15 86.7 85.91
2024_0412_12:05:55 15 0.01 0.69
2024_0412_12:06:22 15 82.405 86.37
2024_0412_12:06:38 15 0.0 -0.455
2024_0412_12:07:11 15 -1.42 -0.83
2024_0412_12:08:20 15 4.01 -3.92
2024_0412_12:08:25 15 87.98 87.535
2024_0412_12:08:47 15 0.395 1.15
2024_0412_12:09:09 15 49.995 99.98
2024_0412_12:09:48 15 2.075 -3.005
2024_0412_12:10:28 16 -0.325 0.285
2024_0412_12:10:48 16 20.82 -18.475
2024_0412_12:11:11 16 0.735 -0.125
2024_0412_12:11:27 16 -11.465 11.455
2024_0412_12:11:28 16 35.165 -4.355
2024_0412_12:11:40 16 89.895 89.23
2024_0412_12:13:11 16 18.585 -17.44
2024_0412_12:13:28 16 81.99 85.095
2024_0412_12:14:04 16 56.805 -9.075
2024_0412_12:14:34 16 17.2 -17.11
2024_0412_12:15:38 16 85.97 84.32
2024_0412_12:15:51 16 85.685 84.08
2024_0412_12:15:51 16 64.115 79.905
2024_0412_12:16:17 16 44.99 44.745
2024_0412_12:16:39 16 -1.385 -0.805
2024_0412_12:17:14 16 16.145 -16.725
2024_0412_12:17:52 16 51.755 55.1
2024_0412_12:18:15 16 90.965 87.775
2024_0412_12:18:41 16 0.995 0.62
2024_0412_12:18:51 16 -0.595 -0.35
2024_0412_12:19:02 16 90.76 88.795
2024_0412_12:19:03 16 -0.22 0.375
2024_0412_12:20:36 16 36.845 87.38
2024_0412_12:21:03 16 78.85 84.81
2024_0412_12:21:27 16 84.79 83.56
2024_0412_12:22:19 16 -0.47 -0.84
2024_0412_12:22:58 16 16.72 -16.975
2024_0412_12:23:18 16 89.06 89.38
2024_0412_12:23:19 16 16.76 -16.49
2024_0412_12:23:41 16 -33.81 61.01
2024_0412_12:24:06 16 84.735 82.155
2024_0412_12:24:39 16 -5.58 6.7
2024_0412_12:25:21 16 -1.025 0.17
2024_0412_12:25:44 16 -0.86 0.445
2024_0412_12:26:11 16 -0.21 -0.03
2024_0412_12:26:20 16 1.105 0.53
2024_0412_12:26:27 16 9.61 -9.69
2024_0412_12:26:38 16 -0.125 1.12
2024_0412_12:27:57 16 88.855 84.625
2024_0412_12:28:28 16 -0.61 -0.66
2024_0412_12:28:52 16 88.195 48.86
2024_0412_12:29:41 16 14.185 13.25
2024_0412_12:30:24 16 -1.175 0.26
2024_0412_12:30:43 16 70.625 70.725
2024_0412_12:30:50 16 88.025 88.86
2024_0412_12:31:17 16 -1.8 25.145
2024_0412_12:31:29 16 84.45 85.15
2024_0412_12:31:59 16 -0.215 2.475
2024_0412_12:32:44 16 1.925 0.775
2024_0412_12:33:17 16 86.38 73.47
2024_0412_12:33:37 16 69.095 68.825
2024_0412_12:33:47 16 85.775 79.65
2024_0412_12:33:52 16 -0.71 -0.125
2024_0412_12:34:02 16 0.985 -0.34
2024_0412_12:35:22 16 89.185 87.985
2024_0412_12:35:58 16 -10.01 9.98
2024_0412_12:36:30 16 74.105 38.315
2024_0412_12:37:06 16 87.85 86.735
2024_0412_12:37:46 16 88.09 88.24
2024_0412_12:38:08 16 63.665 47.54
2024_0412_12:38:14 16 36.26 71.75
2024_0412_12:38:50 16 -0.145 -0.03
2024_0412_12:38:51 16 0.35 0.735
2024_0412_12:39:24 16 28.555 9.685
2024_0412_12:40:08 16 38.41 88.785
2024_0412_12:40:41 16 89.53 89.935
2024_0412_12:40:57 16 30.47 -16.19
2024_0412_12:41:08 16 25.0 -24.525
2024_0412_12:41:15 16 27.56 27.32
2024_0412_12:41:36 16 89.685 88.565
2024_0412_12:43:26 16 89.235 88.77
2024_0412_12:44:02 16 83.655 85.175
2024_0412_12:44:34 16 39.9 90.575
2024_0412_12:45:30 16 90.725 88.905
2024_0412_12:45:32 16 0.605 -0.245
2024_0412_12:45:41 16 86.765 81.2
2024_0412_12:45:55 16 -4.615 25.745
2024_0412_12:46:14 16 -0.295 0.01
2024_0412_12:46:37 16 91.705 87.985
2024_0412_12:46:48 16 85.275 87.32
2024_0412_12:47:43 16 88.585 87.89
2024_0412_12:48:14 16 9.98 -10.29
2024_0412_12:48:21 16 -0.615 -0.595
2024_0412_12:48:34 16 -49.995 -49.99
2024_0412_12:48:46 16 -0.225 0.33
2024_0412_12:50:56 16 0.44 0.355
2024_0412_12:51:35 16 0.27 -0.98
2024_0412_12:53:10 16 82.55 46.93
2024_0412_12:53:20 16 -7.445 8.975
2024_0412_12:53:32 16 -17.055 16.115
2024_0412_12:53:54 16 -99.99 49.995
2024_0412_12:54:22 16 84.625 80.015
2024_0412_12:54:51 16 63.56 23.83
2024_0412_12:54:57 16 89.42 89.725
2024_0412_12:55:51 16 5.57 -0.23
2024_0412_12:56:03 16 19.1 19.775
2024_0412_12:56:13 16 83.29 85.65
2024_0412_12:56:27 16 -0.165 0.435
2024_0412_12:56:39 16 55.3 54.67
2024_0412_12:57:07 16 3.715 -0.895
2024_0412_12:58:10 16 11.175 -0.83
2024_0412_12:58:49 16 14.92 -2.17
2024_0412_12:59:22 16 49.995 -49.995
2024_0412_13:01:06 16 1.2 -0.62
2024_0412_13:01:16 16 13.61 12.565
2024_0412_13:01:42 16 46.185 85.64
2024_0412_13:02:14 16 0.665 1.72
2024_0412_13:02:34 16 49.995 -49.995
2024_0412_13:02:46 16 0.775 40.04
2024_0412_13:03:36 16 87.745 88.475
2024_0412_13:04:03 16 34.1 -29.34
2024_0412_13:04:05 16 88.835 87.785
2024_0412_13:04:23 16 68.5 70.985
2024_0412_13:04:30 16 45.265 -6.31
2024_0412_13:06:04 16 -0.13 -0.055
2024_0412_13:06:35 16 0.365 -0.605
2024_0412_13:07:10 16 -10.74 10.77
2024_0412_13:07:18 16 -0.145 -0.445
2024_0412_13:08:51 16 0.37 0.55
2024_0412_13:08:54 16 -0.505 0.34
2024_0412_13:09:03 16 0.185 0.855
2024_0412_13:09:36 16 88.59 88.54
2024_0412_13:10:05 16 10.39 8.97
2024_0412_13:10:25 16 1.525 0.525
2024_0412_13:10:45 16 90.78 88.515
2024_0412_13:11:25 16 84.345 86.545
2024_0412_13:11:54 16 69.61 70.18
2024_0412_13:12:10 16 -9.575 9.6
2024_0412_13:12:23 16 -1.13 -0.01
2024_0412_13:13:58 16 11.8 -10.38
2024_0412_13:14:27 16 -1.13 -0.09
2024_0412_13:15:00 16 0.085 0.675
2024_0412_13:15:10 16 85.45 85.18
2024_0412_13:15:52 16 -37.64 38.35
2024_0412_13:16:39 16 0.045 -0.12
2024_0412_13:16:52 16 -0.17 6.335
2024_0412_13:17:11 16 -0.055 0.15
2024_0412_13:17:25 17 -1.16 -0.8
2024_0412_13:17:58 17 80.385 84.895
2024_0412_13:18:24 17 89.08 88.17
2024_0412_13:18:33 17 0.295 4.085
2024_0412_13:19:15 17 -17.695 33.62
2024_0412_13:19:59 17 84.94 84.59
2024_0412_13:20:05 17 87.685 88.03
2024_0412_13:20:20 17 86.25 83.97
2024_0412_13:21:49 17 22.57 57.405
2024_0412_13:22:18 17 -0.375 0.165
2024_0412_13:22:55 17 54.01 41.37
2024_0412_13:23:38 17 -0.31 0.08
2024_0412_13:23:49 17 0.86 0.75
2024_0412_13:24:24 17 10.375 4.905
2024_0412_13:24:54 17 -0.205 -0.66
2024_0412_13:25:09 17 84.22 84.665
2024_0412_13:25:17 17 13.91 17.235
2024_0412_13:25:58 17 -0.715 0.605
2024_0412_13:26:12 17 40.02 -40.015
2024_0412_13:26:24 17 88.435 88.6
2024_0412_13:27:06 17 -0.515 0.765
2024_0412_13:27:55 17 -0.405 0.36
2024_0412_13:28:03 17 -0.015 0.32
2024_0412_13:28:11 17 86.53 85.91
2024_0412_13:29:39 17 -0.43 0.02
2024_0412_13:30:12 17 43.675 45.155
2024_0412_13:30:48 17 9.125 55.935
2024_0412_13:31:38 17 -1.025 0.19
2024_0412_13:31:41 17 -5.73 5.285
2024_0412_13:32:19 17 -50.18 50.63
2024_0412_13:32:43 17 -16.475 60.01
2024_0412_13:32:59 17 6.41 14.82
2024_0412_13:33:08 17 13.895 11.205
2024_0412_13:33:55 17 40.505 -39.97
2024_0412_13:33:59 17 73.855 83.43
2024_0412_13:34:19 17 51.535 75.765
2024_0412_13:35:00 17 17.64 9.935
2024_0412_13:35:47 17 0.215 -0.27
2024_0412_13:36:02 17 73.925 72.54
2024_0412_13:36:14 17 80.845 82.195
2024_0412_13:37:36 17 36.96 37.61
2024_0412_13:38:07 17 88.38 89.105
2024_0412_13:38:45 17 -6.015 6.405
2024_0412_13:39:35 17 66.765 68.26
2024_0412_13:39:36 17 86.13 86.295
2024_0412_13:40:36 17 88.645 88.64
2024_0412_13:40:43 17 0.635 0.15
2024_0412_13:40:44 17 82.795 63.445
2024_0412_13:40:58 17 84.85 84.61
2024_0412_13:41:42 17 -6.76 29.765
2024_0412_13:41:55 17 67.81 67.74
2024_0412_13:42:09 17 16.085 -8.675
2024_0412_13:42:48 17 25.43 25.57
2024_0412_13:43:32 17 0.57 -0.085
2024_0412_13:43:49 17 88.11 89.215
2024_0412_13:44:09 17 0.205 -0.54
2024_0412_13:45:31 17 -10.06 30.83
2024_0412_13:46:37 17 66.01 80.74
2024_0412_13:46:38 17 88.18 88.335
2024_0412_13:47:25 17 9.935 -9.235
2024_0412_13:48:29 17 1.925 -4.16
2024_0412_13:48:32 17 0.255 0.205
2024_0412_13:48:46 17 67.31 67.345
2024_0412_13:48:55 17 15.305 16.87
2024_0412_13:49:59 17 15.895 34.83
2024_0412_13:50:02 17 88.74 88.505
2024_0412_13:50:04 17 -100.0 -49.97
2024_0412_13:50:51 17 84.41 89.89
2024_0412_13:51:33 17 88.67 87.105
2024_0412_13:51:42 17 0.64 0.27
2024_0412_13:51:54 17 -14.81 12.78
2024_0412_13:52:27 17 19.34 2.51
2024_0412_13:53:46 17 -0.07 -0.68
2024_0412_13:54:46 17 10.615 6.975
2024_0412_13:55:33 17 85.13 78.155
2024_0412_13:56:43 17 70.575 70.455
2024_0412_13:56:54 17 30.055 15.485
2024_0412_13:57:02 17 -0.16 -0.045
2024_0412_13:58:07 17 0.095 -1.45
2024_0412_13:58:15 17 4.025 -0.09
2024_0412_13:58:26 17 64.865 66.36
2024_0412_13:59:01 17 -19.325 20.685
2024_0412_13:59:41 17 -0.09 1.485
2024_0412_13:59:52 17 83.805 69.455
2024_0412_14:00:27 17 -0.33 0.495
2024_0412_14:00:50 17 86.725 86.01
2024_0412_14:01:01 17 82.285 88.57
2024_0412_14:01:53 17 9.715 5.59
2024_0412_14:02:30 17 10.92 -9.325
2024_0412_14:02:57 17 -10.145 10.11
2024_0412_14:03:38 17 0.95 -4.005
2024_0412_14:04:58 17 -7.54 8.095
2024_0412_14:05:07 17 11.785 -12.215
2024_0412_14:05:10 17 -1.02 -0.02
2024_0412_14:06:17 17 88.625 88.63
2024_0412_14:06:23 17 -5.355 5.79
2024_0412_14:06:32 17 2.105 2.14
2024_0412_14:07:08 17 -0.69 -1.375
2024_0412_14:07:51 17 0.635 -1.195
2024_0412_14:08:01 17 55.91 77.355
2024_0412_14:08:36 17 84.745 85.455
2024_0412_14:09:04 17 -9.025 14.05
2024_0412_14:09:06 17 -0.385 0.795
2024_0412_14:10:01 17 0.685 -0.075
2024_0412_14:10:40 17 -25.65 25.22
2024_0412_14:11:08 17 85.225 84.295
2024_0412_14:13:05 17 -0.405 -0.61
2024_0412_14:13:10 17 0.46 0.045
2024_0412_14:13:11 17 -1.7 -0.09
2024_0412_14:14:19 17 23.77 14.54
2024_0412_14:14:37 17 -10.085 10.45
2024_0412_14:15:11 17 1.565 -0.32
2024_0412_14:16:05 17 -1.81 -0.6
2024_0412_14:16:20 17 25.43 44.375
2024_0412_14:17:04 17 22.615 23.34
2024_0412_14:17:12 17 85.405 85.085
2024_0412_14:17:17 17 -20.115 14.1
2024_0412_14:17:24 17 0.31 0.555
2024_0412_14:18:05 17 -0.6 -1.44
2024_0412_14:18:40 17 -0.41 -1.105
2024_0412_14:19:28 17 -0.47 -0.07
2024_0412_14:21:12 17 87.965 88.07
2024_0412_14:21:20 17 0.665 -2.115
2024_0412_14:21:42 17 0.265 -0.505
2024_0412_14:22:27 17 16.245 13.385
2024_0412_14:22:31 17 0.295 -0.205
2024_0412_14:22:44 17 77.425 84.54
2024_0412_14:23:12 17 0.325 -0.36
2024_0412_14:24:11 17 37.405 16.34
2024_0412_14:25:04 17 0.17 -0.88
2024_0412_14:25:25 17 87.075 38.76
2024_0412_14:25:27 17 -5.315 0.86
2024_0412_14:25:28 17 0.17 0.02
2024_0412_14:25:39 17 -1.16 0.95
2024_0412_14:26:13 17 85.265 84.32
2024_0412_14:27:41 17 20.205 -1.885
2024_0412_14:29:18 17 12.01 -10.945
2024_0412_14:29:30 17 49.025 -49.795
2024_0412_14:29:59 17 87.335 89.605
2024_0412_14:30:34 17 76.345 85.84
2024_0412_14:30:40 17 -3.54 4.29
2024_0412_14:30:58 17 47.48 -9.735
2024_0412_14:31:16 17 -0.84 -0.255
2024_0412_14:32:19 17 25.27 28.425
2024_0412_14:33:18 17 16.235 16.04
2024_0412_14:33:34 17 -0.785 -0.085
2024_0412_14:33:39 17 75.795 84.155
2024_0412_14:33:42 18 32.87 -7.35
2024_0412_14:34:22 18 89.055 38.185
2024_0412_14:35:51 18 79.135 79.575
2024_0412_14:36:02 18 48.72 -4.585
2024_0412_14:36:46 18 -0.795 19.625
2024_0412_14:37:32 18 0.82 0.855
2024_0412_14:37:37 18 1.155 0.655
2024_0412_14:38:19 18 0.18 -0.335
2024_0412_14:39:01 18 0.745 -1.04
2024_0412_14:39:05 18 21.775 29.215
2024_0412_14:39:14 18 88.705 88.875
2024_0412_14:39:30 18 69.21 79.045
2024_0412_14:40:34 18 -6.735 32.045
2024_0412_14:41:32 18 12.87 -0.38
2024_0412_14:41:39 18 -0.58 1.765
2024_0412_14:41:47 18 79.815 83.06
2024_0412_14:42:09 18 65.28 55.875
2024_0412_14:42:28 18 0.31 0.305
2024_0412_14:43:59 18 90.985 87.88
2024_0412_14:44:12 18 -0.19 -0.12
2024_0412_14:44:49 18 87.175 87.81
2024_0412_14:45:43 18 -2.43 34.97
2024_0412_14:45:54 18 -2.28 -0.04
2024_0412_14:46:24 18 -9.77 9.69
2024_0412_14:47:21 18 82.925 84.59
2024_0412_14:47:24 18 -0.72 -2.02
2024_0412_14:47:35 18 0.1 0.39
2024_0412_14:47:47 18 85.13 85.85
2024_0412_14:48:44 18 17.185 -10.165
2024_0412_14:49:44 18 -0.18 0.635
2024_0412_14:49:56 18 0.755 1.1
2024_0412_14:50:01 18 84.545 83.575
2024_0412_14:50:17 18 -4.115 5.315
2024_0412_14:50:33 18 0.8 0.03
2024_0412_14:52:05 18 62.445 0.875
2024_0412_14:52:48 18 86.895 87.615
2024_0412_14:53:49 18 11.55 12.125
2024_0412_14:54:09 18 0.535 0.46
2024_0412_14:54:21 18 6.0 -26.15
2024_0412_14:55:19 18 38.105 38.49
2024_0412_14:55:29 18 0.73 -0.095
2024_0412_14:55:35 18 0.875 -1.29
2024_0412_14:55:50 18 88.455 89.185
2024_0412_14:56:39 18 42.84 46.775
2024_0412_14:57:48 18 89.04 88.61
2024_0412_14:57:51 18 -0.35 -0.385
2024_0412_14:58:04 18 14.465 -2.325
2024_0412_14:58:07 18 -5.065 47.7
2024_0412_14:58:18 18 -0.105 -0.56
2024_0412_14:58:34 18 32.79 22.67
2024_0412_15:00:17 18 6.845 30.155
2024_0412_15:00:57 18 -0.175 -0.33
2024_0412_15:01:59 18 78.315 49.795
2024_0412_15:02:19 18 -28.345 48.145
2024_0412_15:02:27 18 -7.21 26.54
2024_0412_15:03:27 18 40.69 40.54
2024_0412_15:03:33 18 99.995 -99.995
2024_0412_15:04:07 18 0.04 -0.01
2024_0412_15:04:49 18 0.84 -0.655
2024_0412_15:05:41 18 -36.785 39.41
2024_0412_15:05:56 18 85.59 86.13
2024_0412_15:05:57 18 90.815 83.315
2024_0412_15:06:06 18 -0.04 0.8
2024_0412_15:06:22 18 21.51 34.995
2024_0412_15:06:22 18 76.625 56.89
2024_0412_15:06:41 18 83.97 84.54
2024_0412_15:08:47 18 88.385 77.67
2024_0412_15:09:08 18 24.625 60.395
2024_0412_15:10:18 18 -20.165 19.745
2024_0412_15:10:28 18 -11.43 12.18
2024_0412_15:10:29 18 -0.575 1.765
2024_0412_15:11:40 18 88.675 88.265
2024_0412_15:12:11 18 42.34 92.915
2024_0412_15:12:52 18 89.12 88.97
2024_0412_15:14:03 18 0.895 -0.105
2024_0412_15:14:07 18 0.215 1.12
2024_0412_15:14:13 18 89.085 88.59
2024_0412_15:14:25 18 -12.28 13.21
2024_0412_15:14:25 18 10.3 11.28
2024_0412_15:15:02 18 85.105 85.065
2024_0412_15:16:51 18 13.37 11.4
2024_0412_15:17:26 18 -0.465 2.99
2024_0412_15:18:23 18 84.04 84.02
2024_0412_15:18:30 18 -1.51 3.21
2024_0412_15:18:32 18 -8.36 20.415
2024_0412_15:18:40 18 0.515 -1.73
2024_0412_15:20:02 18 0.0 99.99
2024_0412_15:20:23 18 87.515 87.785
2024_0412_15:21:03 18 82.075 86.435
2024_0412_15:21:34 18 74.46 74.225
2024_0412_15:22:12 18 36.925 -0.7
2024_0412_15:22:19 18 -0.28 0.12
2024_0412_15:22:23 18 88.505 88.16
2024_0412_15:22:34 18 -9.13 48.835
2024_0412_15:23:04 18 -3.29 4.045
2024_0412_15:23:36 18 13.64 12.295
2024_0412_15:24:57 18 -0.32 -0.335
2024_0412_15:25:36 18 0.405 0.655
2024_0412_15:26:28 18 10.28 -10.39
2024_0412_15:26:40 18 84.875 78.88
2024_0412_15:26:47 18 84.19 85.235
2024_0412_15:26:51 18 -0.945 0.395
2024_0412_15:28:27 18 81.62 82.54
2024_0412_15:28:32 18 0.115 0.375
2024_0412_15:29:09 18 10.895 10.68
2024_0412_15:30:01 18 90.015 89.985
2024_0412_15:30:16 18 37.975 52.105
2024_0412_15:30:25 18 99.98 49.99
2024_0412_15:30:28 18 87.35 83.03
2024_0412_15:30:42 18 17.21 15.22
2024_0412_15:31:06 18 5.8 6.235
2024_0412_15:31:42 18 99.98 -50.0
2024_0412_15:33:10 18 -0.295 0.28
2024_0412_15:33:59 18 85.99 67.83
2024_0412_15:34:48 18 0.165 1.52
2024_0412_15:34:48 18 11.83 -3.95
2024_0412_15:34:53 18 73.69 80.545
2024_0412_15:34:57 18 1.02 -0.905
2024_0412_15:36:38 18 -4.66 4.295
2024_0412_15:36:39 18 -0.515 -0.76
2024_0412_15:37:15 18 19.63 -7.915
2024_0412_15:38:11 18 84.28 82.97
2024_0412_15:38:37 18 0.285 1.255
2024_0412_15:38:38 18 82.21 83.75
2024_0412_15:38:54 18 1.42 0.205
2024_0412_15:38:55 18 34.2 0.95
2024_0412_15:39:17 18 0.9 0.225
2024_0412_15:39:53 18 -1.225 1.825
2024_0412_15:41:17 18 -0.18 0.395
2024_0412_15:42:06 18 50.545 50.365
2024_0412_15:43:04 18 -0.245 0.05
2024_0412_15:43:08 18 78.85 88.945
2024_0412_15:43:23 18 -0.35 0.8
2024_0412_15:43:24 18 84.235 85.375
2024_0412_15:44:43 18 89.485 88.975
2024_0412_15:44:44 18 88.185 87.935
2024_0412_15:45:18 18 -6.095 7.96
2024_0412_15:46:18 18 84.82 83.585
2024_0412_15:46:39 18 9.895 -9.9
2024_0412_15:46:39 18 89.405 87.22
2024_0412_15:46:59 18 -0.07 0.185
2024_0412_15:47:03 18 13.645 1.4
2024_0412_15:47:54 18 -0.15 -0.295
2024_0412_15:49:20 18 -45.12 45.255
2024_0412_15:50:08 18 16.055 16.34
2024_0412_15:51:19 18 44.945 -0.475
2024_0412_15:51:26 18 -10.665 9.43
2024_0412_15:51:32 18 0.12 1.15
2024_0412_15:52:42 18 9.67 -8.805
2024_0412_15:52:51 18 5.59 54.425
2024_0412_15:53:37 18 88.83 86.39
2024_0412_15:54:23 18 6.72 5.805
2024_0412_15:55:00 18 49.995 -99.96
2024_0412_15:55:01 18 86.315 86.25
2024_0412_15:55:03 18 -1.25 -1.27
2024_0412_15:55:12 18 -0.16 -0.415
2024_0412_15:55:15 18 -1.31 -0.485
2024_0412_15:56:05 18 0.295 -0.29
2024_0412_15:57:28 18 48.68 -6.21
2024_0412_15:57:31 18 11.755 -11.26
2024_0412_15:58:17 18 0.29 -1.14
2024_0412_15:59:32 18 86.325 86.26
2024_0412_15:59:35 18 17.2 -16.79
2024_0412_15:59:44 18 15.355 15.705
2024_0412_16:00:52 18 -7.2 82.34
2024_0412_16:01:07 18 1.63 -1.58
2024_0412_16:01:55 18 78.445 85.575
2024_0412_16:02:40 18 -0.56 0.38
2024_0412_16:03:08 19 87.555 90.265
2024_0412_16:03:08 19 -0.39 -1.275
2024_0412_16:03:29 19 -0.46 -0.785
2024_0412_16:03:30 19 0.635 0.255
2024_0412_16:04:11 19 0.705 -0.665
2024_0412_16:05:34 19 10.7 3.46
2024_0412_16:05:51 19 -0.37 1.395
2024_0412_16:06:47 19 84.55 85.255
2024_0412_16:07:50 19 90.585 40.935
2024_0412_16:08:01 19 -0.395 0.785
2024_0412_16:08:01 19 -13.85 14.605
2024_0412_16:09:05 19 85.345 83.545
2024_0412_16:09:18 19 86.06 84.695
2024_0412_16:10:14 19 86.13 43.58
2024_0412_16:11:18 19 -2.41 0.68
2024_0412_16:11:26 19 86.13 85.215
2024_0412_16:11:41 19 -0.705 0.13
2024_0412_16:11:47 19 -0.645 0.24
2024_0412_16:11:59 19 -0.85 -0.145
2024_0412_16:12:40 19 -1.41 0.525
2024_0412_16:13:39 19 1.385 0.39
2024_0412_16:13:57 19 -0.485 0.635
2024_0412_16:14:48 19 -9.825 9.775
2024_0412_16:15:48 19 -0.04 0.02
2024_0412_16:15:54 19 -0.955 0.44
2024_0412_16:16:05 19 86.4 85.065
2024_0412_16:17:02 19 1.2 0.82
2024_0412_16:17:17 19 46.29 84.76
2024_0412_16:18:25 19 1.46 -0.71
2024_0412_16:19:09 19 0.495 1.03
2024_0412_16:19:12 19 44.77 46.74
2024_0412_16:19:25 19 0.185 -0.3
2024_0412_16:19:32 19 -0.95 -1.11
2024_0412_16:19:59 19 84.835 85.92
2024_0412_16:20:33 19 2.165 55.535
2024_0412_16:21:41 19 13.83 -15.055
2024_0412_16:22:39 19 32.5 8.885
2024_0412_16:23:38 19 48.175 56.87
2024_0412_16:23:45 19 -0.91 0.475
2024_0412_16:23:50 19 2.22 2.57
2024_0412_16:25:02 19 1.285 0.305
2024_0412_16:25:10 19 0.255 0.29
2024_0412_16:26:00 19 0.595 0.995
2024_0412_16:27:00 19 0.9 -0.885
2024_0412_16:27:05 19 10.165 -10.66
2024_0412_16:27:22 19 8.78 7.485
2024_0412_16:27:25 19 89.795 87.12
2024_0412_16:27:51 19 2.98 -2.995
2024_0412_16:28:28 19 15.59 -16.765
2024_0412_16:29:19 19 16.745 -17.075
2024_0412_16:29:28 19 39.925 39.175
2024_0412_16:30:28 19 -0.135 -0.93
2024_0412_16:31:27 19 -10.48 5.19
2024_0412_16:31:41 19 0.775 -1.9
2024_0412_16:31:50 19 -6.53 21.35
2024_0412_16:32:37 19 79.54 79.35
2024_0412_16:33:06 19 1.13 -0.355
2024_0412_16:33:07 19 -1.745 40.425
2024_0412_16:33:56 19 73.805 82.66
2024_0412_16:34:49 19 79.75 5.01
2024_0412_16:35:06 19 -0.725 -0.285
2024_0412_16:35:21 19 73.45 83.385
2024_0412_16:35:36 19 -0.54 0.03
2024_0412_16:36:27 19 20.6 -21.385
2024_0412_16:37:11 19 88.675 88.265
2024_0412_16:37:36 19 4.725 3.605
2024_0412_16:38:18 19 11.31 6.31
2024_0412_16:39:38 19 -5.125 12.045
2024_0412_16:39:42 19 39.775 39.945
2024_0412_16:40:38 19 87.49 88.065
2024_0412_16:41:03 19 0.73 -0.075
2024_0412_16:41:06 19 84.265 85.61
2024_0412_16:41:14 19 -0.175 -1.17
2024_0412_16:41:52 19 -0.68 -0.05
2024_0412_16:42:38 19 -49.96 49.96
2024_0412_16:42:56 19 -0.37 5.27
2024_0412_16:43:17 19 0.065 -0.125
2024_0412_16:43:43 19 -0.605 -0.61
2024_0412_16:44:26 19 -0.05 0.725
2024_0412_16:44:59 19 49.79 -49.075
2024_0412_16:45:27 19 -0.42 0.745
2024_0412_16:46:21 20 88.515 88.95
2024_0412_16:47:41 20 0.18 -0.13
2024_0412_16:48:33 20 91.075 74.99
2024_0412_16:48:56 20 15.885 5.315
2024_0412_16:48:57 20 81.865 84.57
2024_0412_16:49:14 20 -0.24 0.27
2024_0412_16:49:47 20 38.525 40.425
2024_0412_16:50:31 20 10.92 42.315
2024_0412_16:50:44 20 49.995 -99.98
2024_0412_16:51:04 20 65.8 59.435
2024_0412_16:51:06 20 -0.385 0.605
2024_0412_16:51:45 20 17.005 45.565
2024_0412_16:52:27 20 -0.77 0.275
2024_0412_16:52:48 20 -99.99 50.0
2024_0412_16:53:42 20 -5.985 22.27
2024_0412_16:54:12 20 -4.26 10.75
2024_0412_16:54:31 20 14.725 1.57
2024_0412_16:55:30 20 -3.415 3.945
2024_0412_16:56:27 20 85.375 85.6
2024_0412_16:56:43 20 1.57 -1.94
2024_0412_16:56:52 20 8.445 8.835
2024_0412_16:57:29 20 47.805 57.415
2024_0412_16:58:13 20 33.785 35.235
2024_0412_16:58:39 20 87.61 89.605
2024_0412_16:58:41 20 86.81 84.17
2024_0412_16:58:52 20 -0.785 0.57
2024_0412_16:58:54 20 -0.445 -0.51
2024_0412_16:59:41 20 -0.91 -0.58
2024_0412_17:00:22 20 -12.86 12.97
2024_0412_17:01:37 20 77.485 -0.73
2024_0412_17:02:12 20 -0.83 -0.55
2024_0412_17:02:17 20 10.06 -10.135
2024_0412_17:03:21 20 86.24 -8.46
2024_0412_17:04:22 20 17.445 -15.965
2024_0412_17:04:56 20 0.005 -0.005
2024_0412_17:05:24 20 74.665 81.4
2024_0412_17:05:57 20 85.33 84.94
2024_0412_17:06:27 20 -0.69 -0.26
2024_0412_17:06:41 20 -11.525 13.105
2024_0412_17:06:44 20 0.895 -1.08
2024_0412_17:06:46 20 -0.23 -0.245
2024_0412_17:07:38 20 83.125 84.355
2024_0412_17:07:53 20 70.55 84.59
2024_0412_17:08:12 20 88.49 88.26
2024_0412_17:09:28 20 49.995 99.99
2024_0412_17:09:59 20 5.33 5.285
2024_0412_17:10:05 20 -2.32 4.19
2024_0412_17:10:06 20 50.035 -49.905
2024_0412_17:11:04 20 -0.195 -0.445
2024_0412_17:12:10 20 -0.235 -0.695
2024_0412_17:12:50 20 87.795 87.725
2024_0412_17:13:24 20 40.575 -0.115
2024_0412_17:13:57 20 30.425 37.33
2024_0412_17:14:18 20 89.5 87.085
2024_0412_17:14:28 20 13.18 11.765
2024_0412_17:14:38 20 88.4 85.28
2024_0412_17:14:48 20 80.62 85.835
2024_0412_17:15:42 20 -14.565 59.47
2024_0412_17:15:53 20 14.385 14.55
2024_0412_17:16:03 20 -1.165 45.6
2024_0412_17:17:28 20 -0.74 -0.24
2024_0412_17:17:52 20 2.375 2.225
2024_0412_17:18:02 20 38.295 39.15
2024_0412_17:18:11 20 86.145 86.17
2024_0412_17:19:33 20 15.79 14.405
2024_0412_17:19:54 20 49.98 -99.965
2024_0412_17:20:51 20 73.505 59.8
2024_0412_17:21:14 20 -20.26 19.075
2024_0412_17:21:47 20 38.695 32.46
2024_0412_17:22:17 20 13.655 -12.255
2024_0412_17:22:23 20 -10.41 10.965
2024_0412_17:22:34 20 21.155 0.185
2024_0412_17:23:46 20 -0.385 -1.39
2024_0412_17:23:46 20 61.21 79.74
2024_0412_17:24:30 20 83.7 85.42
2024_0412_17:24:33 20 -3.0 -0.845
2024_0412_17:25:15 20 83.975 89.195
2024_0412_17:25:51 20 88.925 88.615
2024_0412_17:25:55 20 -5.455 94.695
2024_0412_17:26:03 20 0.585 -0.875
2024_0412_17:27:32 20 -1.09 0.875
2024_0412_17:27:55 20 18.125 18.45
2024_0412_17:28:40 20 49.995 49.995
2024_0412_17:29:07 20 42.19 92.48
2024_0412_17:29:54 20 40.21 -39.985
2024_0412_17:30:13 20 66.57 74.345
2024_0412_17:30:22 20 49.31 52.59
2024_0412_17:30:25 20 -0.54 -0.85
2024_0412_17:31:36 20 -0.875 0.71
2024_0412_17:31:42 20 0.44 -0.515
2024_0412_17:32:19 20 40.985 90.635
2024_0412_17:32:28 20 27.32 -25.41
2024_0412_17:33:19 20 -0.67 -0.72
2024_0412_17:33:44 20 8.77 43.305
2024_0412_17:33:49 20 48.905 -4.585
2024_0412_17:33:57 20 7.605 -8.485
2024_0412_17:35:33 20 -13.97 25.595
2024_0412_17:36:31 9 89.265 89.585
2024_0412_17:36:54 5 88.945 89.215
2024_0412_17:37:44 13 39.82 89.365
2024_0412_17:38:00 13 81.95 90.225
2024_0412_17:38:08 13 1.75 1.33
2024_0412_17:38:31 13 9.205 -10.105
2024_0412_17:39:31 13 15.575 15.095
2024_0412_17:39:33 14 84.78 84.25
2024_0412_17:40:18 14 -0.355 -0.73
2024_0412_17:40:19 14 -0.265 0.605
2024_0412_17:40:19 14 82.87 85.86
2024_0412_17:41:08 15 88.855 87.61
2024_0412_17:41:32 15 85.75 86.645
2024_0412_17:41:37 15 -1.035 0.185
2024_0412_17:41:41 15 -0.715 0.345
2024_0412_17:43:21 15 88.12 89.035
2024_0412_17:44:17 15 -0.765 0.755
2024_0412_17:44:45 15 90.945 88.435
2024_0412_17:45:47 16 39.955 -39.935
2024_0412_17:46:01 16 1.11 -0.325
2024_0412_17:46:16 15 86.38 85.01
2024_0412_17:46:24 16 16.595 -16.235
2024_0412_17:47:19 16 -11.565 12.115
2024_0412_17:47:21 16 -6.97 9.43
2024_0412_17:48:09 16 52.64 55.595
2024_0412_17:48:16 16 33.555 11.015
2024_0412_17:48:20 16 88.425 88.86
2024_0412_17:49:06 16 -0.945 -2.76
2024_0412_17:49:18 17 0.07 0.14
2024_0412_17:49:33 17 41.14 40.145
2024_0412_17:51:08 17 0.19 -0.535
2024_0412_17:52:08 17 48.965 73.795
2024_0412_17:52:34 17 86.095 39.335
2024_0412_17:53:35 17 2.16 2.965
2024_0412_17:53:42 17 49.995 -49.995
2024_0412_17:54:05 17 90.94 88.56
2024_0412_17:54:17 17 84.19 85.27
2024_0412_17:55:12 17 60.255 60.92
2024_0412_17:55:12 17 0.355 -0.725
2024_0412_17:56:02 17 88.43 88.65
2024_0412_17:56:14 18 0.225 -0.36
2024_0412_17:56:31 18 0.83 16.955
2024_0412_17:56:39 18 37.89 -9.525
2024_0412_17:56:53 18 12.205 -11.81
2024_0412_17:57:03 18 47.53 66.105
2024_0412_17:57:25 18 7.205 5.945
2024_0412_17:59:01 18 -5.415 8.035
2024_0412_18:00:02 18 87.7 87.71
2024_0412_18:00:40 18 67.95 67.39
2024_0412_18:01:31 19 11.345 -10.3
2024_0412_18:01:33 19 22.1 36.77
2024_0412_18:01:54 19 24.89 -25.185
2024_0412_18:02:22 19 83.53 84.695
2024_0412_18:03:01 19 3.025 0.855
2024_0412_18:03:03 19 16.09 -15.38
2024_0412_18:04:04 19 0.485 -1.045
2024_0412_18:04:05 19 0.305 -0.42
2024_0412_18:04:32 19 85.885 86.24
2024_0412_18:04:37 19 1.365 0.23
2024_0412_18:04:38 19 11.665 12.82
2024_0412_18:04:53 19 49.085 -37.505
2024_0412_18:05:15 19 -1.26 -0.26
2024_0412_18:06:41 20 44.04 44.31
2024_0412_18:07:32 20 -30.335 30.43
2024_0412_18:08:06 20 -0.605 0.43
2024_0412_18:08:49 20 87.71 87.64
2024_0412_18:08:58 20 0.02 -0.31
2024_0412_18:09:15 20 0.4 -0.07
2024_0412_18:09:38 20 14.135 14.095
2024_0412_18:10:08 17 1.525 -9.755
