0.20683000000013646 0.11868500000004831 0.027855000000003193 0.006694999999999811 0.02275500000000163 0.021925000000001377 0.020545000000000955 0.020290000000000877 0.020255000000000866 0.007929999999999762 0.0439749999999993 0.03667500000000213 0.061654999999992445 0.05844999999999369 0.06654999999999617 0.050869999999996626 0.06415999999999378 0.06262999999999225 0.04189000000000011 0.03938000000000108 
2024_0411_20:57:00 4 33.55 29.075
2024_0411_20:57:00 8 35.55 42.55
2024_0411_20:57:01 3 13.5 38.9
2024_0411_20:57:01 1 46.375 48.225
2024_0411_20:57:01 1 47.525 48.175
2024_0411_20:57:01 2 32.8 35.65
2024_0411_20:57:01 6 46.25 48.2
2024_0411_20:57:02 1 45.275 47.825
2024_0411_20:57:03 2 24.225 17.725
2024_0411_20:57:05 6 46.875 46.775
2024_0411_20:57:08 11 12.675 32.4
2024_0411_20:57:09 9 50.25 49.15
2024_0411_20:57:16 11 -0.05 1.225
2024_0411_20:57:22 7 30.8 36.0
2024_0411_20:57:23 5 47.925 47.475
2024_0411_20:57:28 10 37.65 49.1
2024_0411_21:04:28 15 -0.425 -0.6
2024_0411_21:04:31 13 15.75 18.675
2024_0411_21:04:31 16 -1.25 0.275
2024_0411_21:04:35 14 46.275 47.775
2024_0411_21:04:35 13 -44.0 48.525
2024_0411_21:04:36 12 37.725 -20.975
2024_0411_21:04:41 17 0.25 -0.15
2024_0411_21:04:44 18 -11.025 7.625
2024_0411_21:04:44 17 -1.075 0.275
2024_0411_21:04:45 15 -0.225 1.475
2024_0411_21:04:50 20 -2.325 2.275
2024_0411_21:05:01 18 18.2 -17.9
2024_0411_21:05:43 20 1.4 -1.2
2024_0411_21:06:44 19 15.225 8.7
2024_0411_21:14:22 11 49.95 99.9
2024_0411_21:14:22 8 46.775 42.25
2024_0411_21:14:23 11 -1.125 -0.05
2024_0411_21:14:23 6 46.575 48.175
2024_0411_21:14:23 1 48.55 48.4
2024_0411_21:14:23 3 32.7 34.05
2024_0411_21:14:26 2 35.525 23.775
2024_0411_21:14:27 7 43.225 47.275
2024_0411_21:14:28 9 48.675 48.725
2024_0411_21:14:28 11 37.45 37.6
2024_0411_21:14:30 4 34.8 34.65
2024_0411_21:14:30 11 -3.075 2.55
2024_0411_21:14:33 5 47.05 46.85
2024_0411_21:14:33 11 1.825 -0.55
2024_0411_21:14:40 10 48.75 48.7
2024_0411_21:15:16 11 -0.7 0.5
2024_0411_21:21:51 12 -16.125 16.35
2024_0411_21:21:52 15 -12.175 24.125
2024_0411_21:21:54 13 -9.925 32.5
2024_0411_21:21:56 13 42.75 43.7
2024_0411_21:21:57 13 9.15 -14.225
2024_0411_21:21:58 14 38.025 56.425
2024_0411_21:21:58 16 -15.375 49.3
2024_0411_21:21:58 13 -10.9 11.25
2024_0411_21:22:00 17 -2.325 2.25
2024_0411_21:22:00 13 43.525 19.675
2024_0411_21:22:01 20 53.35 44.85
2024_0411_21:22:02 19 0.325 -0.125
2024_0411_21:22:03 20 49.8 -49.675
2024_0411_21:22:22 18 42.9 44.2
2024_0411_21:30:04 7 36.15 29.15
2024_0411_21:30:06 12 1.05 1.15
2024_0411_21:30:07 2 46.65 47.025
2024_0411_21:30:08 1 48.75 48.225
2024_0411_21:30:08 5 50.1 46.05
2024_0411_21:30:09 8 40.65 47.85
2024_0411_21:30:09 6 48.2 46.025
2024_0411_21:30:10 3 18.625 14.075
2024_0411_21:30:10 11 45.525 57.9
2024_0411_21:30:10 11 -0.9 1.15
2024_0411_21:30:11 11 37.075 -1.575
2024_0411_21:30:11 12 36.325 20.025
2024_0411_21:30:13 4 37.25 18.9
2024_0411_21:30:15 10 40.3 27.3
2024_0411_21:30:32 9 56.425 45.95
2024_0411_21:30:33 11 25.2 25.55
2024_0411_21:37:53 13 20.85 -13.825
2024_0411_21:37:56 13 47.275 47.625
2024_0411_21:37:56 13 41.1 44.125
2024_0411_21:37:56 14 -1.675 0.7
2024_0411_21:37:57 13 53.825 -49.15
2024_0411_21:37:59 13 -1.475 1.7
2024_0411_21:38:01 16 15.1 24.25
2024_0411_21:38:01 15 37.475 52.825
2024_0411_21:38:02 16 -27.775 41.525
2024_0411_21:38:03 17 14.875 64.0
2024_0411_21:38:07 16 6.25 -2.4
2024_0411_21:38:08 16 11.5 9.3
2024_0411_21:38:13 18 -72.1 72.725
2024_0411_21:38:20 18 -11.8 10.85
2024_0411_21:38:22 18 -0.7 1.075
2024_0411_21:38:26 18 0.425 1.125
2024_0411_21:45:00 19 25.175 -15.2
2024_0411_21:45:02 20 -4.1 -0.2
2024_0411_21:45:03 18 0.0 -0.125
2024_0411_21:45:05 19 12.275 -12.325
2024_0411_21:45:06 18 -11.05 8.5
2024_0411_21:45:07 20 1.625 0.575
2024_0411_21:45:08 20 -3.4 2.75
2024_0411_21:45:10 20 12.6 -11.775
2024_0411_21:52:59 8 44.85 47.725
2024_0411_21:52:59 2 10.575 14.3
2024_0411_21:52:59 11 0.475 -0.5
2024_0411_21:52:59 1 46.475 47.475
2024_0411_21:52:59 6 47.3 47.95
2024_0411_21:52:59 5 47.0 49.05
2024_0411_21:53:01 10 49.75 50.375
2024_0411_21:53:01 9 53.45 52.425
2024_0411_21:53:01 11 1.55 -4.825
2024_0411_21:53:02 7 33.2 30.125
2024_0411_21:53:05 11 33.5 21.125
2024_0411_21:53:05 11 -49.975 49.975
2024_0411_21:53:05 11 2.6 -0.175
2024_0411_21:53:08 11 1.3 -1.575
2024_0411_21:53:10 3 27.525 27.375
2024_0411_21:56:59 11 0.4 1.4
2024_0411_22:00:44 11 2.05 1.4
2024_0411_22:00:47 12 45.25 47.85
2024_0411_22:00:48 11 -0.95 -2.85
2024_0411_22:00:48 13 29.125 30.4
2024_0411_22:00:49 12 -2.25 1.6
2024_0411_22:00:49 12 -32.975 39.075
2024_0411_22:00:51 12 20.65 11.55
2024_0411_22:00:51 12 21.15 29.05
2024_0411_22:00:51 12 7.35 14.65
2024_0411_22:00:53 13 -1.775 3.825
2024_0411_22:00:54 13 19.75 -13.825
2024_0411_22:00:56 13 4.025 16.025
2024_0411_22:01:02 13 -2.05 0.7
2024_0411_22:01:03 12 49.4 44.975
2024_0411_22:01:12 13 39.525 31.2
2024_0411_22:04:58 13 3.125 -1.225
2024_0411_22:08:34 13 39.5 51.875
2024_0411_22:08:34 13 -49.975 -99.9
2024_0411_22:08:35 13 2.95 -1.925
2024_0411_22:08:35 13 1.3 -0.05
2024_0411_22:08:38 14 -0.4 -0.15
2024_0411_22:08:39 14 1.55 2.05
2024_0411_22:08:39 14 17.8 30.55
2024_0411_22:08:40 13 43.95 47.75
2024_0411_22:08:40 14 -5.15 -2.625
2024_0411_22:08:43 14 -11.65 11.3
2024_0411_22:08:50 14 26.425 34.775
2024_0411_22:08:51 14 -1.1 1.5
2024_0411_22:09:00 14 8.35 18.075
2024_0411_22:09:09 14 -0.7 -0.475
2024_0411_22:09:18 14 48.3 43.725
2024_0411_22:12:49 14 50.7 52.2
2024_0411_22:16:27 15 23.325 16.5
2024_0411_22:16:32 14 33.875 31.475
2024_0411_22:16:33 15 -0.5 1.375
2024_0411_22:16:34 15 29.25 8.825
2024_0411_22:16:36 15 -1.425 -0.65
2024_0411_22:16:41 15 -5.9 13.85
2024_0411_22:16:43 14 -2.075 2.7
2024_0411_22:16:43 14 0.45 0.5
2024_0411_22:16:45 15 31.75 19.275
2024_0411_22:16:48 15 -2.175 -2.8
2024_0411_22:16:51 15 -0.3 -1.125
2024_0411_22:16:58 15 -6.475 12.375
2024_0411_22:16:58 15 48.15 46.825
2024_0411_22:17:07 15 0.225 1.575
2024_0411_22:20:47 15 46.425 41.3
2024_0411_22:23:24 16 2.975 33.75
2024_0411_22:24:20 16 30.075 36.475
2024_0411_22:24:22 16 8.825 -6.75
2024_0411_22:24:24 16 10.1 -18.925
2024_0411_22:24:29 17 1.3 2.375
2024_0411_22:24:30 16 5.1 5.225
2024_0411_22:24:30 16 -30.525 34.825
2024_0411_22:24:34 16 -8.775 12.05
2024_0411_22:24:35 17 23.425 11.025
2024_0411_22:24:35 17 0.3 0.875
2024_0411_22:24:40 17 -80.825 80.825
2024_0411_22:24:46 17 49.95 -49.95
2024_0411_22:24:48 17 -9.975 7.975
2024_0411_22:24:57 17 0.45 0.7
2024_0411_22:25:09 17 3.925 0.3
2024_0411_22:28:46 17 0.5 -0.15
2024_0411_22:32:13 18 -49.95 -99.975
2024_0411_22:32:13 18 -49.575 99.75
2024_0411_22:32:19 18 44.8 -48.45
2024_0411_22:32:22 18 38.975 39.475
2024_0411_22:32:22 18 46.7 45.6
2024_0411_22:32:28 18 41.1 -39.05
2024_0411_22:32:36 18 16.175 -8.9
2024_0411_22:32:38 18 -20.6 21.45
2024_0411_22:32:39 20 -22.325 43.85
2024_0411_22:32:48 19 1.0 10.775
2024_0411_22:32:51 19 2.2 7.475
2024_0411_22:32:53 20 -1.7 -0.625
2024_0411_22:33:02 20 -0.125 -2.45
2024_0411_22:35:02 20 -2.35 -1.3
2024_0411_22:36:10 20 -1.15 -1.125
2024_0411_22:36:22 20 -15.575 10.375
2024_0411_22:39:14 15 0.75 4.675
2024_0411_22:39:15 4 25.775 24.5
2024_0411_22:39:21 17 23.6 -18.025
2024_0411_22:39:22 18 1.025 0.55
2024_0411_22:39:36 20 19.775 -12.8
2024_0411_22:47:21 7 46.8 46.875
2024_0411_22:47:23 3 33.525 16.75
2024_0411_22:47:24 11 -1.275 -0.15
2024_0411_22:47:25 5 46.0 49.9
2024_0411_22:47:25 8 31.1 25.875
2024_0411_22:47:25 11 1.6 1.35
2024_0411_22:47:25 4 36.125 29.45
2024_0411_22:47:26 11 -1.5 -0.025
2024_0411_22:47:27 11 -1.6 0.3
2024_0411_22:47:27 6 48.7 46.95
2024_0411_22:47:28 9 50.525 51.375
2024_0411_22:47:28 11 23.95 32.075
2024_0411_22:47:31 10 47.85 45.9
2024_0411_22:47:31 1 47.7 47.725
2024_0411_22:47:39 11 11.825 28.375
2024_0411_22:47:52 2 44.25 40.375
2024_0411_22:55:12 12 -1.175 -0.525
2024_0411_22:55:12 11 48.325 48.125
2024_0411_22:55:12 12 -1.4 -1.725
2024_0411_22:55:14 12 47.875 46.05
2024_0411_22:55:14 12 49.25 46.375
2024_0411_22:55:14 12 35.375 20.25
2024_0411_22:55:15 12 -2.5 -0.425
2024_0411_22:55:15 12 36.6 36.8
2024_0411_22:55:17 13 -2.125 -0.775
2024_0411_22:55:17 13 74.275 -61.925
2024_0411_22:55:21 13 39.25 42.0
2024_0411_22:55:23 12 31.15 30.2
2024_0411_22:55:26 13 52.95 48.275
2024_0411_22:55:28 13 -1.9 0.25
2024_0411_22:55:31 11 0.7 3.0
2024_0411_22:55:43 13 0.675 1.675
2024_0411_23:02:56 13 1.125 1.275
2024_0411_23:03:01 13 2.55 3.425
2024_0411_23:03:02 13 -0.1 -0.775
2024_0411_23:03:03 13 1.525 2.1
2024_0411_23:03:05 13 -4.75 8.3
2024_0411_23:03:06 14 -99.925 49.95
2024_0411_23:03:08 13 9.85 10.875
2024_0411_23:03:08 14 49.625 61.675
2024_0411_23:03:09 14 1.5 -0.2
2024_0411_23:03:09 14 21.175 27.675
2024_0411_23:03:16 14 -26.4 43.675
2024_0411_23:03:16 14 16.7 34.225
2024_0411_23:03:21 14 12.225 12.4
2024_0411_23:03:26 13 -1.1 -0.325
2024_0411_23:03:37 14 25.4 21.175
2024_0411_23:03:37 14 1.475 1.4
2024_0411_23:10:48 15 -0.475 0.05
2024_0411_23:10:48 14 2.7 -1.55
2024_0411_23:10:49 14 -49.9 99.85
2024_0411_23:10:52 14 44.5 45.775
2024_0411_23:10:54 15 0.025 0.15
2024_0411_23:10:59 15 20.05 44.5
2024_0411_23:11:00 15 -28.15 27.8
2024_0411_23:11:01 15 -78.65 78.225
2024_0411_23:11:02 15 0.725 1.25
2024_0411_23:11:05 15 -0.075 -1.825
2024_0411_23:11:12 15 2.3 1.725
2024_0411_23:11:14 15 -1.25 0.975
2024_0411_23:11:18 15 31.225 18.7
2024_0411_23:11:22 15 -0.075 -0.375
2024_0411_23:11:26 15 -2.4 3.1
2024_0411_23:11:45 15 35.125 33.0
2024_0411_23:18:35 16 -3.0 -3.025
2024_0411_23:18:40 16 -2.9 -2.0
2024_0411_23:18:41 16 -0.225 -1.95
2024_0411_23:18:45 16 -0.825 -1.2
2024_0411_23:18:45 16 99.95 -99.95
2024_0411_23:18:46 16 2.65 1.075
2024_0411_23:18:49 16 -3.575 1.85
2024_0411_23:18:51 16 0.25 2.35
2024_0411_23:18:55 17 -3.7 49.025
2024_0411_23:19:07 17 25.9 18.7
2024_0411_23:19:15 17 51.95 50.25
2024_0411_23:19:15 17 0.275 -0.225
2024_0411_23:19:22 17 10.225 -10.125
2024_0411_23:19:23 17 -2.025 -3.5
2024_0411_23:19:47 18 -0.7 1.45
2024_0411_23:24:25 18 42.925 -1.175
2024_0411_23:26:29 18 42.4 46.2
2024_0411_23:26:30 18 -16.475 12.9
2024_0411_23:26:35 18 0.075 -1.45
2024_0411_23:26:36 18 -4.075 5.525
2024_0411_23:26:37 18 -0.325 -2.25
2024_0411_23:26:43 18 1.45 1.425
2024_0411_23:26:51 18 -0.05 0.0
2024_0411_23:26:52 18 27.6 33.05
2024_0411_23:26:52 18 29.45 34.425
2024_0411_23:27:00 19 34.45 -26.7
2024_0411_23:27:01 19 -0.2 0.175
2024_0411_23:27:09 20 -24.675 34.0
2024_0411_23:27:21 19 -0.1 1.175
2024_0411_23:27:27 20 12.7 6.775
2024_0411_23:27:56 20 33.225 -29.1
2024_0411_23:31:52 20 2.2 9.5
2024_0411_23:33:23 20 0.0 -99.95
2024_0411_23:33:26 20 44.55 45.175
2024_0411_23:33:32 17 48.7 48.625
2024_0411_23:33:34 18 30.625 34.3
2024_0411_23:41:19 11 0.275 2.4
2024_0411_23:41:20 5 48.0 47.325
2024_0411_23:41:21 11 0.125 -0.45
2024_0411_23:41:22 11 -1.4 -4.95
2024_0411_23:41:24 11 44.275 48.15
2024_0411_23:41:25 11 32.475 34.275
2024_0411_23:41:25 1 45.375 50.85
2024_0411_23:41:27 7 34.65 32.85
2024_0411_23:41:28 4 13.325 28.65
2024_0411_23:41:28 3 10.85 34.25
2024_0411_23:41:28 10 49.225 42.175
2024_0411_23:41:29 2 31.1 34.625
2024_0411_23:41:31 8 31.775 38.225
2024_0411_23:41:39 11 1.85 -1.125
2024_0411_23:41:40 9 51.3 51.425
2024_0411_23:41:50 6 47.45 48.675
2024_0411_23:49:06 11 -3.7 -0.3
2024_0411_23:49:08 11 49.975 -99.95
2024_0411_23:49:09 11 -50.0 50.0
2024_0411_23:49:12 11 -2.35 0.175
2024_0411_23:49:14 11 22.225 29.95
2024_0411_23:49:18 11 27.0 30.075
2024_0411_23:49:19 11 48.9 50.575
2024_0411_23:49:20 11 46.675 50.1
2024_0411_23:49:21 11 49.95 99.9
2024_0411_23:49:22 11 1.55 12.175
2024_0411_23:49:24 12 73.55 -3.1
2024_0411_23:49:28 11 48.25 48.95
2024_0411_23:49:31 12 31.875 14.05
2024_0411_23:49:31 12 47.2 36.4
2024_0411_23:49:32 11 -0.25 0.675
2024_0411_23:49:41 12 -2.875 1.05
2024_0411_23:56:58 12 10.425 33.775
2024_0411_23:56:59 12 1.95 -0.85
2024_0411_23:56:59 12 44.175 45.625
2024_0411_23:57:01 12 -0.05 1.725
2024_0411_23:57:05 12 38.525 33.025
2024_0411_23:57:06 12 9.275 26.75
2024_0411_23:57:10 12 -0.075 -0.175
2024_0411_23:57:11 12 1.95 -0.8
2024_0411_23:57:13 12 35.925 37.0
2024_0411_23:57:14 12 -3.575 0.625
2024_0411_23:57:16 12 1.45 -3.35
2024_0411_23:57:20 13 47.825 46.225
2024_0411_23:57:21 13 43.9 44.225
2024_0411_23:57:34 13 -7.525 4.675
2024_0411_23:57:35 13 44.1 37.7
2024_0411_23:57:43 13 60.1 39.15
2024_0412_00:04:48 13 37.825 39.625
2024_0412_00:04:53 13 7.6 52.0
2024_0412_00:04:54 13 43.675 18.325
2024_0412_00:05:00 13 -1.1 -0.825
2024_0412_00:05:00 13 0.2 0.275
2024_0412_00:05:02 13 1.65 -0.45
2024_0412_00:05:02 13 49.95 99.9
2024_0412_00:05:03 13 20.525 13.8
2024_0412_00:05:04 13 34.325 31.45
2024_0412_00:05:05 13 0.775 -2.125
2024_0412_00:05:05 13 49.625 50.125
2024_0412_00:05:10 13 33.6 23.825
2024_0412_00:05:11 13 -0.45 -4.425
2024_0412_00:05:25 13 3.3 28.225
2024_0412_00:05:30 13 1.325 1.15
2024_0412_00:05:52 13 -3.6 1.85
2024_0412_00:12:37 13 34.375 32.525
2024_0412_00:12:42 13 3.95 -0.025
2024_0412_00:12:47 13 0.525 -1.375
2024_0412_00:12:48 13 0.175 -0.375
2024_0412_00:12:52 14 5.95 3.725
2024_0412_00:12:52 14 0.025 -4.45
2024_0412_00:12:54 14 -6.225 8.45
2024_0412_00:12:55 14 22.425 -18.55
2024_0412_00:12:58 14 28.3 21.6
2024_0412_00:13:01 14 39.825 36.4
2024_0412_00:13:02 14 0.075 0.475
2024_0412_00:13:05 14 32.05 31.95
2024_0412_00:13:18 14 44.65 41.8
2024_0412_00:13:40 14 99.95 -49.975
2024_0412_00:13:44 14 28.425 37.725
2024_0412_00:16:15 14 49.075 46.975
2024_0412_00:20:26 14 48.875 -15.7
2024_0412_00:20:32 14 -19.95 19.875
2024_0412_00:20:34 14 15.325 28.875
2024_0412_00:20:39 14 60.75 3.425
2024_0412_00:20:42 14 3.625 0.975
2024_0412_00:20:42 14 7.075 0.775
2024_0412_00:20:43 14 -99.95 -99.95
2024_0412_00:20:44 14 48.1 40.55
2024_0412_00:20:47 14 1.5 0.525
2024_0412_00:20:51 14 27.975 19.925
2024_0412_00:20:51 14 0.775 2.6
2024_0412_00:20:56 14 46.275 47.275
2024_0412_00:21:26 15 2.375 -0.875
2024_0412_00:21:39 15 41.025 36.25
2024_0412_00:21:56 15 43.15 43.425
2024_0412_00:24:08 15 3.55 2.95
2024_0412_00:28:15 15 26.9 -27.15
2024_0412_00:28:19 15 51.4 53.25
2024_0412_00:28:22 15 -76.5 86.45
2024_0412_00:28:27 15 -0.975 0.45
2024_0412_00:28:36 15 -0.4 -2.175
2024_0412_00:28:39 15 -0.425 1.05
2024_0412_00:28:40 15 13.325 -10.425
2024_0412_00:28:42 15 -9.0 11.25
2024_0412_00:28:46 15 -0.85 0.425
2024_0412_00:28:56 15 34.55 8.375
2024_0412_00:28:58 15 1.2 1.1
2024_0412_00:29:11 15 2.35 1.625
2024_0412_00:29:17 15 36.85 38.075
2024_0412_00:29:25 15 0.725 -2.3
2024_0412_00:29:45 15 -2.575 -1.525
2024_0412_00:31:55 15 -2.925 0.725
2024_0412_00:35:58 15 7.3 4.55
2024_0412_00:36:12 15 37.325 10.65
2024_0412_00:36:13 15 -12.725 23.45
2024_0412_00:36:24 15 47.525 51.05
2024_0412_00:36:26 16 -9.85 9.0
2024_0412_00:36:31 16 -0.075 3.35
2024_0412_00:36:34 16 0.3 1.95
2024_0412_00:36:36 16 -0.6 0.425
2024_0412_00:36:41 16 48.0 -16.275
2024_0412_00:36:51 16 48.025 47.225
2024_0412_00:36:53 16 50.275 52.725
2024_0412_00:36:54 16 -0.975 1.925
2024_0412_00:37:14 16 29.7 26.65
2024_0412_00:37:27 16 17.875 4.775
2024_0412_00:37:35 16 17.475 -5.7
2024_0412_00:39:40 16 1.225 -0.125
2024_0412_00:43:42 16 -7.725 8.275
2024_0412_00:43:59 16 -1.45 2.6
2024_0412_00:44:07 17 -0.15 -0.45
2024_0412_00:44:21 17 1.05 -0.3
2024_0412_00:44:24 17 0.575 1.45
2024_0412_00:44:27 17 13.725 17.5
2024_0412_00:44:29 17 -38.6 41.625
2024_0412_00:44:31 17 20.825 16.175
2024_0412_00:44:38 17 0.0 0.575
2024_0412_00:44:41 17 46.45 50.85
2024_0412_00:44:43 17 28.55 25.225
2024_0412_00:45:15 17 9.575 3.4
2024_0412_00:45:17 17 2.125 -1.275
2024_0412_00:45:36 17 58.15 -10.4
2024_0412_00:47:29 17 2.375 -0.375
2024_0412_00:48:20 17 4.2 -2.125
2024_0412_00:51:54 17 1.025 2.025
2024_0412_00:52:13 17 0.3 1.275
2024_0412_00:52:16 18 -0.875 -1.325
2024_0412_00:52:21 17 14.6 -14.55
2024_0412_00:52:25 18 0.175 0.15
2024_0412_00:52:26 18 3.475 -2.975
2024_0412_00:52:32 18 -20.225 23.575
2024_0412_00:52:32 18 0.075 -0.65
2024_0412_00:52:46 18 0.325 -0.325
2024_0412_00:53:03 18 15.3 -11.725
2024_0412_00:53:25 18 53.325 48.95
2024_0412_00:55:23 18 24.1 25.375
2024_0412_00:55:38 18 0.575 -0.45
2024_0412_00:56:04 18 -1.925 -1.2
2024_0412_00:56:07 18 30.925 36.65
2024_0412_00:57:43 18 -48.525 48.3
2024_0412_00:59:54 18 28.875 -25.625
2024_0412_00:59:56 18 99.95 99.95
2024_0412_01:00:05 18 -2.725 -4.325
2024_0412_01:00:15 18 -8.525 14.95
2024_0412_01:00:17 18 -9.1 8.9
2024_0412_01:00:29 18 -1.4 0.275
2024_0412_01:00:30 18 49.825 53.35
2024_0412_01:00:35 18 0.525 -1.525
2024_0412_01:00:50 18 40.175 -2.125
2024_0412_01:01:13 18 27.95 37.1
2024_0412_01:03:19 18 35.05 28.6
2024_0412_01:03:30 19 -15.425 57.975
2024_0412_01:03:57 19 79.525 -48.225
2024_0412_01:04:04 19 -0.875 8.45
2024_0412_01:05:29 19 18.825 -19.825
2024_0412_01:07:30 19 -35.225 41.4
2024_0412_01:07:44 19 -13.95 45.2
2024_0412_01:07:50 20 11.675 10.55
2024_0412_01:07:57 20 -1.4 1.225
2024_0412_01:08:07 20 9.0 -8.0
2024_0412_01:08:10 20 21.05 19.675
2024_0412_01:08:26 20 16.075 32.725
2024_0412_01:08:29 20 46.775 -2.675
2024_0412_01:08:36 20 -0.4 0.85
2024_0412_01:08:45 20 -14.175 14.475
2024_0412_01:09:04 20 30.575 38.375
2024_0412_01:11:08 20 -0.2 -0.15
2024_0412_01:11:41 20 -1.3 1.05
2024_0412_01:11:44 20 -7.05 35.425
2024_0412_01:12:33 20 99.95 -99.95
2024_0412_01:12:58 14 45.525 -28.3
2024_0412_01:14:51 15 27.675 26.95
2024_0412_01:15:08 17 6.95 0.4
2024_0412_01:15:13 17 -0.95 -1.85
2024_0412_01:15:17 17 11.0 -10.175
2024_0412_01:15:25 17 16.5 -12.55
2024_0412_01:15:35 17 30.225 32.725
2024_0412_01:15:42 18 -8.675 8.775
2024_0412_01:15:49 18 45.25 -42.075
2024_0412_01:15:52 20 21.7 47.6
2024_0412_01:23:26 11 -1.25 -2.55
2024_0412_01:23:28 6 46.625 46.475
2024_0412_01:23:29 1 51.525 47.0
2024_0412_01:23:29 11 55.25 -45.375
2024_0412_01:23:29 11 -0.5 0.375
2024_0412_01:23:32 5 48.475 47.85
2024_0412_01:23:32 2 30.75 30.425
2024_0412_01:23:32 4 26.7 36.025
2024_0412_01:23:32 11 33.65 21.375
2024_0412_01:23:34 7 45.775 46.15
2024_0412_01:23:35 11 -1.25 -2.275
2024_0412_01:23:35 10 49.775 45.0
2024_0412_01:23:37 11 -2.6 -0.8
2024_0412_01:23:38 8 47.45 45.8
2024_0412_01:23:39 3 37.075 25.05
2024_0412_01:23:45 9 52.1 48.875
2024_0412_01:30:59 11 -1.2 0.275
2024_0412_01:31:05 11 2.825 0.825
2024_0412_01:31:05 11 19.0 27.625
2024_0412_01:31:07 11 -2.5 0.7
2024_0412_01:31:08 11 34.1 37.675
2024_0412_01:31:08 11 0.525 0.3
2024_0412_01:31:10 11 0.85 -2.4
2024_0412_01:31:10 11 -0.025 -3.65
2024_0412_01:31:10 11 0.825 1.45
2024_0412_01:31:16 11 32.775 23.65
2024_0412_01:31:17 11 25.65 36.5
2024_0412_01:31:17 12 47.15 43.9
2024_0412_01:31:18 11 49.975 -99.95
2024_0412_01:31:20 12 46.1 44.625
2024_0412_01:31:23 12 13.75 24.4
2024_0412_01:31:25 12 -22.45 21.9
2024_0412_01:38:36 12 33.075 34.4
2024_0412_01:38:45 12 1.5 0.3
2024_0412_01:38:46 12 -2.2 0.875
2024_0412_01:38:49 12 -2.7 0.45
2024_0412_01:38:50 12 -2.575 1.525
2024_0412_01:38:51 12 1.15 0.2
2024_0412_01:38:51 12 30.6 27.4
2024_0412_01:38:52 12 44.25 26.925
2024_0412_01:38:53 12 1.35 1.4
2024_0412_01:38:57 12 15.075 31.425
2024_0412_01:38:58 13 0.05 -1.85
2024_0412_01:38:59 12 7.6 7.15
2024_0412_01:38:59 13 38.975 39.875
2024_0412_01:39:07 13 0.65 -0.575
2024_0412_01:39:07 13 18.075 -17.8
2024_0412_01:39:15 13 16.4 20.975
2024_0412_01:46:17 13 25.875 9.175
2024_0412_01:46:21 13 49.975 -49.975
2024_0412_01:46:27 13 1.95 -2.325
2024_0412_01:46:27 13 0.8 4.55
2024_0412_01:46:30 13 -2.075 3.825
2024_0412_01:46:31 13 -99.9 -99.9
2024_0412_01:46:32 13 5.1 0.9
2024_0412_01:46:33 13 3.325 -3.075
2024_0412_01:46:34 13 9.0 -10.1
2024_0412_01:46:36 13 24.95 24.975
2024_0412_01:46:36 13 14.825 17.85
2024_0412_01:46:44 13 41.3 44.975
2024_0412_01:46:47 13 -0.2 -2.075
2024_0412_01:46:50 13 -1.075 -1.475
2024_0412_01:46:50 13 40.6 52.575
2024_0412_01:46:55 13 45.55 48.625
2024_0412_01:54:05 13 28.675 20.275
2024_0412_01:54:06 13 2.175 1.175
2024_0412_01:54:08 14 0.425 -0.625
2024_0412_01:54:10 13 1.225 1.6
2024_0412_01:54:10 14 6.825 6.1
2024_0412_01:54:11 14 -1.2 -0.6
2024_0412_01:54:12 14 -3.275 5.1
2024_0412_01:54:13 14 -27.95 36.05
2024_0412_01:54:14 14 12.825 12.025
2024_0412_01:54:14 14 -0.275 0.975
2024_0412_01:54:24 14 40.125 30.675
2024_0412_01:54:26 14 -0.625 -1.675
2024_0412_01:54:29 14 -99.95 -99.95
2024_0412_01:54:30 14 29.2 42.875
2024_0412_01:54:30 14 17.125 24.3
2024_0412_01:54:34 14 2.45 -3.025
2024_0412_02:01:45 14 9.05 10.7
2024_0412_02:01:47 14 38.9 -33.525
2024_0412_02:01:49 14 -18.65 19.5
2024_0412_02:01:50 14 -3.05 -0.05
2024_0412_02:01:54 14 -19.225 20.95
2024_0412_02:01:55 14 26.925 29.0
2024_0412_02:01:56 14 15.875 38.2
2024_0412_02:01:56 14 1.875 -0.525
2024_0412_02:01:57 14 49.0 49.575
2024_0412_02:01:58 14 0.225 1.35
2024_0412_02:02:02 14 2.875 -0.575
2024_0412_02:02:07 14 49.75 -49.9
2024_0412_02:02:10 15 -2.125 -2.0
2024_0412_02:02:11 15 -0.875 2.35
2024_0412_02:02:13 15 22.925 16.625
2024_0412_02:07:13 15 1.075 -1.625
2024_0412_02:09:28 15 54.8 32.35
2024_0412_02:09:30 15 2.275 -0.15
2024_0412_02:09:33 15 9.05 7.675
2024_0412_02:09:36 15 1.25 -1.675
2024_0412_02:09:38 15 19.325 19.5
2024_0412_02:09:38 15 34.05 28.0
2024_0412_02:09:39 15 42.425 -33.0
2024_0412_02:09:40 15 -0.125 1.625
2024_0412_02:09:42 15 35.125 38.375
2024_0412_02:09:45 15 1.475 -2.775
2024_0412_02:09:48 15 2.3 -1.875
2024_0412_02:09:50 15 -0.475 0.1
2024_0412_02:09:53 15 6.95 19.875
2024_0412_02:09:56 15 28.9 17.15
2024_0412_02:09:57 15 31.7 31.75
2024_0412_02:14:53 15 -1.0 -2.775
2024_0412_02:17:04 15 49.975 49.975
2024_0412_02:17:14 15 12.75 13.225
2024_0412_02:17:17 16 -8.0 14.25
2024_0412_02:17:18 16 0.65 0.375
2024_0412_02:17:19 16 -1.75 -1.875
2024_0412_02:17:21 15 1.4 -1.525
2024_0412_02:17:23 16 -23.05 41.9
2024_0412_02:17:24 16 47.425 43.95
2024_0412_02:17:25 16 -0.9 -1.75
2024_0412_02:17:31 16 -99.9 -99.85
2024_0412_02:17:36 16 -13.975 20.55
2024_0412_02:17:36 16 25.725 25.625
2024_0412_02:17:46 16 -23.75 23.25
2024_0412_02:18:47 16 25.6 34.825
2024_0412_02:22:08 16 31.575 16.8
2024_0412_02:22:34 16 12.75 -13.575
2024_0412_02:24:42 17 -0.875 1.4
2024_0412_02:24:58 17 2.0 -2.15
2024_0412_02:24:58 17 24.6 11.5
2024_0412_02:25:00 17 20.3 14.7
2024_0412_02:25:00 17 8.7 8.05
2024_0412_02:25:02 17 -0.7 0.1
2024_0412_02:25:06 17 5.15 17.025
2024_0412_02:25:09 17 5.2 1.5
2024_0412_02:25:16 17 13.05 12.625
2024_0412_02:25:20 17 3.075 -0.75
2024_0412_02:25:22 17 0.375 0.775
2024_0412_02:25:40 17 -1.225 7.175
2024_0412_02:26:33 17 -1.325 0.65
2024_0412_02:29:11 17 -1.825 -1.0
2024_0412_02:29:45 17 46.825 -36.05
2024_0412_02:30:16 17 86.1 -40.95
2024_0412_02:32:21 17 0.2 -0.85
2024_0412_02:32:38 17 -4.7 21.775
2024_0412_02:32:40 18 -22.775 21.65
2024_0412_02:32:43 17 90.775 -71.75
2024_0412_02:32:43 18 -0.075 -1.575
2024_0412_02:32:49 18 1.25 -3.45
2024_0412_02:32:53 18 99.85 -49.925
2024_0412_02:32:54 18 -11.5 19.325
2024_0412_02:32:57 18 6.375 6.5
2024_0412_02:33:09 18 0.8 -1.1
2024_0412_02:33:11 18 27.85 23.825
2024_0412_02:33:24 18 -0.725 -1.025
2024_0412_02:34:31 18 7.85 7.325
2024_0412_02:36:51 18 -99.825 99.925
2024_0412_02:37:40 18 32.0 30.175
2024_0412_02:37:55 18 -0.7 -1.025
2024_0412_02:39:56 18 0.125 0.725
2024_0412_02:40:18 18 22.65 -22.675
2024_0412_02:40:23 18 0.4 -1.05
2024_0412_02:40:31 18 8.7 22.375
2024_0412_02:40:34 18 26.175 30.775
2024_0412_02:40:37 18 -0.675 -2.45
2024_0412_02:40:39 18 0.1 0.05
2024_0412_02:40:41 18 39.175 42.075
2024_0412_02:40:49 18 -9.7 9.05
2024_0412_02:40:54 18 43.675 49.2
2024_0412_02:40:58 19 23.175 27.75
2024_0412_02:41:09 19 29.8 28.45
2024_0412_02:42:19 19 15.25 12.625
2024_0412_02:44:42 19 30.65 35.8
2024_0412_02:45:30 19 8.925 38.3
2024_0412_02:45:40 19 -23.6 26.225
2024_0412_02:47:40 19 -1.725 1.925
2024_0412_02:48:00 19 -0.375 4.0
2024_0412_02:48:08 19 0.375 0.6
2024_0412_02:48:15 19 23.95 -25.0
2024_0412_02:48:22 20 -0.725 5.15
2024_0412_02:48:24 20 6.775 27.4
2024_0412_02:48:32 20 26.525 36.4
2024_0412_02:48:35 20 40.15 36.025
2024_0412_02:48:38 20 0.45 -3.625
2024_0412_02:48:46 20 0.625 -2.15
2024_0412_02:48:47 20 2.4 -1.425
2024_0412_02:49:11 20 12.275 42.425
2024_0412_02:50:07 20 31.7 31.625
2024_0412_02:52:56 20 10.525 -10.625
2024_0412_02:54:47 20 -63.65 72.0
2024_0412_02:54:56 20 -1.75 4.2
2024_0412_02:55:17 15 9.3 2.725
2024_0412_02:55:26 16 5.575 -1.075
2024_0412_02:55:36 16 24.825 30.25
2024_0412_02:55:38 17 9.475 -9.275
2024_0412_02:55:48 18 -0.5 0.975
2024_0412_02:55:52 20 -0.275 3.15
2024_0412_02:56:55 20 34.775 1.65
2024_0412_02:58:40 16 52.5 54.825
2024_0412_03:06:18 7 27.1 20.6
2024_0412_03:06:18 11 -3.525 0.6
2024_0412_03:06:18 11 -15.975 24.375
2024_0412_03:06:19 11 16.15 31.2
2024_0412_03:06:20 11 -46.475 54.9
2024_0412_03:06:20 5 49.125 47.725
2024_0412_03:06:21 8 41.575 43.425
2024_0412_03:06:22 3 30.775 12.55
2024_0412_03:06:23 9 52.125 44.95
2024_0412_03:06:23 4 24.75 28.425
2024_0412_03:06:24 6 49.25 46.975
2024_0412_03:06:24 1 47.125 45.05
2024_0412_03:06:24 2 48.4 48.45
2024_0412_03:06:25 11 0.675 -0.925
2024_0412_03:06:27 9 51.5 51.6
2024_0412_03:06:35 10 45.35 34.925
2024_0412_03:13:56 11 0.1 0.6
2024_0412_03:13:57 11 -1.525 1.4
2024_0412_03:13:58 11 1.3 1.575
2024_0412_03:13:58 11 52.0 47.4
2024_0412_03:14:00 11 21.95 19.8
2024_0412_03:14:00 11 33.375 26.7
2024_0412_03:14:01 11 1.425 -0.7
2024_0412_03:14:02 11 45.225 47.175
2024_0412_03:14:03 11 -2.275 0.15
2024_0412_03:14:03 11 45.525 44.45
2024_0412_03:14:07 11 -0.3 1.5
2024_0412_03:14:07 11 -1.25 1.3
2024_0412_03:14:08 11 37.75 14.45
2024_0412_03:14:11 11 32.85 20.625
2024_0412_03:14:14 11 -0.5 0.325
2024_0412_03:14:18 11 -0.225 0.025
2024_0412_03:21:33 11 40.925 35.4
2024_0412_03:21:34 11 27.325 34.75
2024_0412_03:21:37 11 53.525 33.45
2024_0412_03:21:37 12 -3.275 2.575
2024_0412_03:21:39 12 -4.1 -0.025
2024_0412_03:21:43 12 33.925 23.6
2024_0412_03:21:45 12 -1.3 0.075
2024_0412_03:21:46 11 48.6 49.925
2024_0412_03:21:47 12 1.325 1.75
2024_0412_03:21:47 11 34.0 34.8
2024_0412_03:21:48 12 49.85 44.6
2024_0412_03:21:49 12 -1.825 2.525
2024_0412_03:21:51 12 26.775 59.675
2024_0412_03:21:54 12 9.35 8.55
2024_0412_03:21:54 12 50.625 54.05
2024_0412_03:22:02 12 -1.775 2.2
2024_0412_03:29:11 12 -0.05 -3.775
2024_0412_03:29:12 12 36.625 33.85
2024_0412_03:29:14 12 0.025 -0.525
2024_0412_03:29:15 12 -1.825 -0.75
2024_0412_03:29:19 12 -99.9 49.95
2024_0412_03:29:22 12 30.975 29.3
2024_0412_03:29:24 12 1.15 0.375
2024_0412_03:29:27 12 47.175 48.225
2024_0412_03:29:28 12 24.075 27.85
2024_0412_03:29:29 12 1.175 -0.075
2024_0412_03:29:34 13 31.125 29.6
2024_0412_03:29:34 13 99.95 99.9
2024_0412_03:29:35 12 0.775 -0.025
2024_0412_03:29:35 13 46.875 43.975
2024_0412_03:29:36 13 47.275 49.175
2024_0412_03:29:50 13 46.0 50.575
2024_0412_03:36:50 13 49.9 49.925
2024_0412_03:36:51 13 0.5 0.6
2024_0412_03:36:52 13 -0.325 1.575
2024_0412_03:36:59 13 10.475 -9.925
2024_0412_03:36:59 13 35.775 34.6
2024_0412_03:37:03 13 0.975 2.125
2024_0412_03:37:03 13 37.0 39.1
2024_0412_03:37:05 13 50.2 47.4
2024_0412_03:37:06 13 21.6 29.5
2024_0412_03:37:11 13 -1.425 0.9
2024_0412_03:37:12 13 -49.975 -49.975
2024_0412_03:37:14 13 1.05 1.25
2024_0412_03:37:16 13 13.975 30.9
2024_0412_03:37:18 13 40.075 47.5
2024_0412_03:37:26 13 21.825 23.85
2024_0412_03:37:35 13 -9.525 25.625
2024_0412_03:44:27 13 12.7 -7.625
2024_0412_03:44:27 13 2.15 -2.425
2024_0412_03:44:36 13 37.375 37.325
2024_0412_03:44:37 13 1.5 0.125
2024_0412_03:44:40 13 37.375 30.55
2024_0412_03:44:41 13 33.375 32.375
2024_0412_03:44:42 13 -24.975 25.525
2024_0412_03:44:48 13 -2.275 -0.775
2024_0412_03:44:51 13 1.375 0.675
2024_0412_03:44:53 13 1.2 2.125
2024_0412_03:44:53 13 16.25 -7.75
2024_0412_03:44:55 13 28.075 28.6
2024_0412_03:45:02 13 -0.35 -1.85
2024_0412_03:45:04 13 46.925 48.925
2024_0412_03:45:06 13 -2.1 2.25
2024_0412_03:45:09 13 -1.375 3.025
2024_0412_03:52:07 14 30.225 30.9
2024_0412_03:52:12 14 99.85 49.875
2024_0412_03:52:13 13 -28.325 49.775
2024_0412_03:52:20 14 -7.2 9.9
2024_0412_03:52:23 14 -0.425 -1.6
2024_0412_03:52:24 14 -1.35 0.15
2024_0412_03:52:25 14 28.525 36.375
2024_0412_03:52:25 14 -2.675 1.375
2024_0412_03:52:29 14 -0.7 -1.35
2024_0412_03:52:32 14 -14.55 11.65
2024_0412_03:52:35 14 38.55 39.75
2024_0412_03:52:37 14 29.45 31.0
2024_0412_03:52:44 14 45.1 42.25
2024_0412_03:52:44 14 2.625 -2.35
2024_0412_03:52:56 14 30.625 26.95
2024_0412_03:52:58 14 32.1 52.775
2024_0412_03:59:43 14 -0.05 1.575
2024_0412_03:59:54 14 28.4 28.125
2024_0412_03:59:57 14 2.525 -4.1
2024_0412_04:00:00 14 3.1 -2.95
2024_0412_04:00:06 14 0.7 -2.9
2024_0412_04:00:08 14 45.35 47.275
2024_0412_04:00:12 14 16.6 30.7
2024_0412_04:00:14 14 10.4 9.175
2024_0412_04:00:17 14 -0.825 -0.3
2024_0412_04:00:18 14 52.225 39.975
2024_0412_04:00:29 14 8.475 2.925
2024_0412_04:00:42 14 46.275 46.525
2024_0412_04:00:50 14 0.725 -1.45
2024_0412_04:04:10 14 16.8 38.9
2024_0412_04:05:20 14 41.9 40.625
2024_0412_04:06:42 14 1.875 3.975
2024_0412_04:07:22 14 2.85 1.5
2024_0412_04:07:32 14 -0.55 -0.375
2024_0412_04:07:35 14 21.75 20.3
2024_0412_04:07:46 14 32.3 18.375
2024_0412_04:07:46 15 -1.725 -0.55
2024_0412_04:07:50 15 1.85 -3.0
2024_0412_04:07:51 15 -1.35 -0.975
2024_0412_04:07:55 15 3.0 3.1
2024_0412_04:07:58 15 30.8 34.6
2024_0412_04:08:11 15 49.95 -49.95
2024_0412_04:08:30 15 -10.35 11.45
2024_0412_04:08:31 15 49.95 -50.0
2024_0412_04:11:52 15 -0.325 -0.225
2024_0412_04:12:57 15 4.95 0.2
2024_0412_04:14:31 15 0.775 -0.6
2024_0412_04:14:59 15 -9.575 21.775
2024_0412_04:15:03 15 2.1 -1.25
2024_0412_04:15:15 15 4.45 3.325
2024_0412_04:15:19 15 -0.65 0.9
2024_0412_04:15:23 15 -1.25 -0.1
2024_0412_04:15:30 15 2.425 -2.425
2024_0412_04:15:31 15 2.1 -0.9
2024_0412_04:15:32 15 0.3 2.275
2024_0412_04:15:40 15 43.9 31.925
2024_0412_04:15:48 15 45.825 51.55
2024_0412_04:15:53 15 39.775 20.25
2024_0412_04:16:12 15 -1.3 -3.7
2024_0412_04:16:15 15 -0.7 -1.775
2024_0412_04:20:36 15 47.5 38.7
2024_0412_04:22:09 15 1.975 1.15
2024_0412_04:22:37 15 8.1 2.35
2024_0412_04:22:48 15 -0.175 10.125
2024_0412_04:22:55 15 48.425 31.275
2024_0412_04:22:56 15 36.85 34.8
2024_0412_04:23:11 16 18.45 -6.45
2024_0412_04:23:15 15 -0.175 1.375
2024_0412_04:23:17 15 31.05 29.4
2024_0412_04:23:27 16 9.25 10.375
2024_0412_04:23:33 16 1.175 -0.325
2024_0412_04:23:37 16 39.15 46.0
2024_0412_04:24:04 16 22.575 32.45
2024_0412_04:24:09 16 45.175 48.35
2024_0412_04:26:22 16 0.025 -4.475
2024_0412_04:28:22 16 0.725 -0.45
2024_0412_04:28:59 16 29.825 34.05
2024_0412_04:29:47 16 38.85 26.125
2024_0412_04:30:29 16 13.65 5.275
2024_0412_04:30:33 16 45.825 45.825
2024_0412_04:30:37 16 32.075 19.9
2024_0412_04:30:48 16 25.175 -6.775
2024_0412_04:30:57 16 -0.55 0.3
2024_0412_04:31:00 16 2.65 -2.75
2024_0412_04:31:06 16 -3.825 34.2
2024_0412_04:31:15 16 5.25 -1.6
2024_0412_04:31:17 16 3.65 0.225
2024_0412_04:31:49 16 8.925 -8.925
2024_0412_04:31:50 16 -19.65 39.075
2024_0412_04:34:13 16 4.7 11.375
2024_0412_04:36:20 16 42.6 42.5
2024_0412_04:36:43 16 -0.375 -4.325
2024_0412_04:37:25 16 14.95 11.325
2024_0412_04:38:06 16 36.575 25.35
2024_0412_04:38:17 17 0.0 -0.1
2024_0412_04:38:20 16 46.875 46.95
2024_0412_04:38:26 17 27.325 26.6
2024_0412_04:38:28 17 59.65 -8.675
2024_0412_04:38:40 17 6.1 -10.275
2024_0412_04:38:45 17 -0.15 3.9
2024_0412_04:38:47 17 1.85 1.7
2024_0412_04:38:51 17 31.3 31.075
2024_0412_04:38:58 17 16.025 -15.2
2024_0412_04:39:28 17 6.475 -7.875
2024_0412_04:39:30 17 35.75 15.575
2024_0412_04:41:55 17 -2.2 -0.7
2024_0412_04:44:17 17 42.675 48.375
2024_0412_04:44:38 17 28.625 33.35
2024_0412_04:45:13 17 21.525 24.025
2024_0412_04:45:49 17 42.925 43.525
2024_0412_04:45:57 17 30.925 36.35
2024_0412_04:46:04 17 1.15 -2.25
2024_0412_04:46:10 17 3.175 -1.2
2024_0412_04:46:17 17 33.625 36.425
2024_0412_04:46:27 17 1.725 -0.8
2024_0412_04:46:33 17 16.425 12.8
2024_0412_04:46:36 17 39.175 41.525
2024_0412_04:46:39 17 1.6 -0.75
2024_0412_04:46:46 17 -1.725 0.725
2024_0412_04:47:12 17 4.5 0.375
2024_0412_04:47:21 17 27.125 34.25
2024_0412_04:49:44 17 0.375 3.2
2024_0412_04:52:01 17 42.325 26.7
2024_0412_04:52:32 18 2.025 -0.95
2024_0412_04:53:05 18 7.525 58.325
2024_0412_04:53:30 18 0.85 -0.55
2024_0412_04:53:37 18 -0.575 0.875
2024_0412_04:53:48 18 0.85 -3.075
2024_0412_04:54:01 18 33.025 32.6
2024_0412_04:54:05 18 -2.35 -4.025
2024_0412_04:54:14 18 -32.275 33.05
2024_0412_04:54:17 18 -47.725 47.325
2024_0412_04:54:18 18 48.725 -2.85
2024_0412_04:54:26 18 1.5 -0.375
2024_0412_04:54:34 18 1.8 -2.225
2024_0412_04:55:08 18 41.075 22.975
2024_0412_04:55:09 18 -1.8 -0.95
2024_0412_04:57:40 18 -0.725 -1.05
2024_0412_04:59:46 18 42.55 55.325
2024_0412_05:00:18 18 1.125 0.875
2024_0412_05:00:48 18 48.05 47.175
2024_0412_05:01:11 18 25.025 34.625
2024_0412_05:01:23 18 10.725 5.225
2024_0412_05:01:34 18 29.6 43.45
2024_0412_05:01:43 18 2.625 32.1
2024_0412_05:01:57 18 1.05 0.275
2024_0412_05:01:59 18 0.75 -0.35
2024_0412_05:02:04 18 47.125 47.7
2024_0412_05:02:11 18 33.925 16.6
2024_0412_05:02:15 18 -16.4 18.925
2024_0412_05:02:44 18 2.95 11.025
2024_0412_05:02:52 18 -99.95 99.95
2024_0412_05:02:57 18 48.625 -47.55
2024_0412_05:05:26 18 50.875 50.575
2024_0412_05:07:29 18 1.3 -3.425
2024_0412_05:08:07 18 36.075 38.475
2024_0412_05:08:36 18 4.9 14.375
2024_0412_05:08:54 18 5.525 7.825
2024_0412_05:09:15 19 -5.3 6.3
2024_0412_05:09:26 19 85.1 -67.65
2024_0412_05:09:34 19 -1.025 -1.2
2024_0412_05:09:39 19 7.875 -6.925
2024_0412_05:09:48 19 -5.4 25.875
2024_0412_05:09:51 19 29.9 25.625
2024_0412_05:10:01 19 30.175 -26.475
2024_0412_05:10:04 19 14.225 16.125
2024_0412_05:10:24 19 -49.975 49.95
2024_0412_05:10:30 19 49.9 -49.675
2024_0412_05:10:51 19 -1.3 2.0
2024_0412_05:13:09 19 99.95 49.975
2024_0412_05:15:10 19 17.0 -14.35
2024_0412_05:16:00 19 13.75 17.125
2024_0412_05:16:20 19 -99.95 99.9
2024_0412_05:16:53 19 2.975 -2.175
2024_0412_05:17:05 19 -48.9 49.55
2024_0412_05:17:10 19 78.8 -79.1
2024_0412_05:17:19 20 -9.1 6.55
2024_0412_05:17:24 19 43.975 40.85
2024_0412_05:17:42 20 49.175 34.9
2024_0412_05:17:45 20 48.15 46.55
2024_0412_05:17:48 20 -0.15 0.6
2024_0412_05:17:51 20 -1.25 3.725
2024_0412_05:18:12 20 12.9 28.35
2024_0412_05:20:56 20 -6.075 12.3
2024_0412_05:21:02 20 -0.025 0.275
2024_0412_05:23:01 20 -0.6 -2.0
2024_0412_05:23:19 20 45.225 48.65
2024_0412_05:23:42 20 47.625 48.2
2024_0412_05:24:10 20 -0.025 -0.15
2024_0412_05:24:34 20 10.475 -13.1
2024_0412_05:24:54 20 19.4 -7.0
2024_0412_05:24:56 20 0.475 1.6
2024_0412_05:24:56 20 1.425 -1.825
2024_0412_05:25:04 20 -0.325 -1.325
2024_0412_05:25:22 14 -0.3 -0.55
2024_0412_05:25:22 20 -2.775 69.6
2024_0412_05:25:26 14 0.175 2.725
2024_0412_05:25:28 14 9.325 33.575
2024_0412_05:25:49 15 1.0 1.7
2024_0412_05:28:13 15 42.275 45.825
2024_0412_05:28:22 15 -0.675 6.825
2024_0412_05:30:02 16 0.75 5.35
2024_0412_05:34:28 20 33.475 33.55
2024_0412_05:36:08 20 -8.925 10.175
2024_0412_05:43:48 11 -1.15 -0.6
2024_0412_05:43:48 8 15.65 27.35
2024_0412_05:43:50 2 29.375 23.05
2024_0412_05:43:50 10 47.325 46.85
2024_0412_05:43:51 1 48.275 45.95
2024_0412_05:43:51 2 9.275 15.075
2024_0412_05:43:52 7 44.375 46.75
2024_0412_05:43:53 3 20.15 28.75
2024_0412_05:43:54 4 25.8 10.525
2024_0412_05:43:54 2 37.475 18.925
2024_0412_05:43:56 2 38.05 27.8
2024_0412_05:43:57 6 46.8 45.75
2024_0412_05:43:58 8 43.6 45.775
2024_0412_05:44:00 2 44.025 46.025
2024_0412_05:45:24 11 -1.55 2.25
2024_0412_05:49:41 11 0.6 2.25
2024_0412_05:51:26 11 25.025 36.725
2024_0412_05:51:27 11 0.7 -2.025
2024_0412_05:51:27 11 -32.6 34.925
2024_0412_05:51:29 11 0.3 -2.7
2024_0412_05:51:30 11 49.95 49.95
2024_0412_05:51:32 11 46.725 47.175
2024_0412_05:51:33 11 1.425 0.925
2024_0412_05:51:33 11 99.95 99.95
2024_0412_05:51:36 11 1.625 -2.1
2024_0412_05:51:37 11 47.85 50.5
2024_0412_05:51:41 11 34.3 16.625
2024_0412_05:51:47 11 50.45 52.8
2024_0412_05:51:48 11 45.2 48.175
2024_0412_05:51:50 11 0.175 -0.05
2024_0412_05:53:07 11 0.475 0.8
2024_0412_05:57:20 11 -1.5 -2.975
2024_0412_05:59:03 11 -0.475 -0.4
2024_0412_05:59:08 11 28.425 29.325
2024_0412_05:59:08 11 -49.975 99.95
2024_0412_05:59:09 11 29.7 26.475
2024_0412_05:59:12 11 35.075 19.225
2024_0412_05:59:12 11 4.5 -0.375
2024_0412_05:59:14 11 -0.825 -2.35
2024_0412_05:59:14 11 32.95 29.65
2024_0412_05:59:16 11 0.425 -0.7
2024_0412_05:59:20 11 46.325 49.125
2024_0412_05:59:26 11 -0.975 0.625
2024_0412_05:59:28 11 2.975 -0.325
2024_0412_05:59:29 11 1.825 1.175
2024_0412_05:59:29 11 1.775 -0.7
2024_0412_06:00:53 11 -2.3 0.55
2024_0412_06:04:54 11 -1.725 -2.025
2024_0412_06:06:44 11 34.5 31.175
2024_0412_06:06:47 11 38.9 29.75
2024_0412_06:06:47 11 -1.175 -0.8
2024_0412_06:06:50 11 21.775 25.7
2024_0412_06:06:53 11 0.75 0.15
2024_0412_06:06:53 11 1.475 -0.25
2024_0412_06:06:55 11 44.65 43.35
2024_0412_06:06:57 11 1.6 -1.225
2024_0412_06:07:04 11 8.35 6.425
2024_0412_06:07:05 11 -0.95 1.25
2024_0412_06:07:05 11 -0.475 -0.075
2024_0412_06:07:06 11 43.625 46.125
2024_0412_06:07:07 11 99.95 99.9
2024_0412_06:07:18 11 1.375 0.525
2024_0412_06:08:27 11 -0.675 -1.35
2024_0412_06:12:40 11 26.95 27.8
2024_0412_06:14:26 11 -5.35 -0.475
2024_0412_06:14:27 11 -0.375 -2.35
2024_0412_06:14:31 11 1.075 1.25
2024_0412_06:14:33 11 1.325 0.575
2024_0412_06:14:34 11 -2.675 5.1
2024_0412_06:14:37 11 -49.925 99.85
2024_0412_06:14:41 11 0.525 -3.725
2024_0412_06:14:42 11 1.825 0.5
2024_0412_06:14:45 11 -0.8 4.075
2024_0412_06:14:46 11 -0.225 1.2
2024_0412_06:14:51 11 47.725 41.425
2024_0412_06:14:51 11 2.125 -2.275
2024_0412_06:14:56 11 47.075 42.75
2024_0412_06:14:57 11 -1.975 1.15
2024_0412_06:16:07 11 -0.55 -1.325
2024_0412_06:20:20 11 35.65 22.175
2024_0412_06:22:06 11 28.65 36.025
2024_0412_06:22:08 11 26.675 -14.1
2024_0412_06:22:12 11 100.0 100.0
2024_0412_06:22:12 11 0.5 2.025
2024_0412_06:22:17 11 47.225 47.0
2024_0412_06:22:20 11 49.95 -99.95
2024_0412_06:22:20 11 1.375 0.425
2024_0412_06:22:23 11 -2.2 -0.85
2024_0412_06:22:24 11 34.975 33.65
2024_0412_06:22:27 11 -1.225 -0.675
2024_0412_06:22:27 11 10.075 28.925
2024_0412_06:22:28 11 -0.325 -0.575
2024_0412_06:22:37 11 -2.475 -0.35
2024_0412_06:22:46 11 1.25 1.55
2024_0412_06:23:47 11 37.4 21.075
2024_0412_06:28:02 11 1.0 3.25
2024_0412_06:29:44 11 -3.15 -0.925
2024_0412_06:29:47 11 49.975 -49.95
2024_0412_06:29:51 11 0.725 0.925
2024_0412_06:29:51 11 48.75 49.0
2024_0412_06:29:52 11 -1.05 0.6
2024_0412_06:29:59 11 0.025 -2.25
2024_0412_06:30:00 11 0.425 -1.05
2024_0412_06:30:05 11 -1.775 -2.625
2024_0412_06:30:08 11 -1.15 -0.85
2024_0412_06:30:13 11 28.475 20.6
2024_0412_06:30:13 11 29.75 18.0
2024_0412_06:30:24 11 -0.25 -1.625
2024_0412_06:30:27 11 0.6 -2.375
2024_0412_06:30:30 11 45.975 47.35
2024_0412_06:31:31 11 43.425 58.425
2024_0412_06:35:40 11 44.025 47.275
2024_0412_06:37:21 11 0.75 -2.75
2024_0412_06:37:23 11 47.75 49.325
2024_0412_06:37:30 11 49.775 45.425
2024_0412_06:37:32 11 28.45 35.425
2024_0412_06:37:33 11 0.6 1.05
2024_0412_06:37:37 11 -2.15 -0.325
2024_0412_06:37:44 11 -0.35 -0.875
2024_0412_06:37:46 11 44.425 47.0
2024_0412_06:37:51 11 2.25 0.7
2024_0412_06:37:51 11 48.675 28.475
2024_0412_06:37:53 11 46.775 49.175
2024_0412_06:38:03 11 27.8 36.6
2024_0412_06:38:07 11 35.175 27.275
2024_0412_06:38:12 11 -0.3 1.225
2024_0412_06:39:11 11 0.15 1.4
2024_0412_06:43:19 11 7.15 -2.375
2024_0412_06:45:06 11 -0.05 1.8
2024_0412_06:45:13 11 -0.5 -2.075
2024_0412_06:45:14 11 -99.95 -99.925
2024_0412_06:45:16 11 49.975 49.975
2024_0412_06:45:16 11 -0.4 1.55
2024_0412_06:45:23 11 -0.7 -0.175
2024_0412_06:45:27 11 31.475 40.575
2024_0412_06:45:30 11 0.975 -0.975
2024_0412_06:45:32 11 0.125 0.45
2024_0412_06:45:33 11 36.15 36.275
2024_0412_06:45:42 11 -1.225 2.125
2024_0412_06:45:43 11 37.1 17.375
2024_0412_06:45:56 11 -2.675 -0.15
2024_0412_06:45:58 11 -1.625 -1.05
2024_0412_06:46:54 11 -99.95 -49.975
2024_0412_06:50:58 11 -3.9 0.625
2024_0412_06:52:43 11 -99.9 99.85
2024_0412_06:52:51 11 44.125 43.15
2024_0412_06:52:55 11 0.9 -1.3
2024_0412_06:52:56 11 0.875 -1.25
2024_0412_06:53:00 12 49.675 46.25
2024_0412_06:53:05 12 6.925 4.675
2024_0412_06:53:07 12 1.725 0.6
2024_0412_06:53:08 12 47.5 46.95
2024_0412_06:53:12 12 49.975 99.95
2024_0412_06:53:19 12 52.375 37.875
2024_0412_06:53:29 12 49.975 -99.95
2024_0412_06:53:30 12 49.95 99.9
2024_0412_06:53:33 12 29.675 33.825
2024_0412_06:53:49 12 52.025 51.2
2024_0412_06:54:40 12 1.6 0.15
2024_0412_06:58:45 12 16.325 33.85
2024_0412_07:00:30 12 -0.6 2.0
2024_0412_07:00:39 12 -12.775 16.675
2024_0412_07:00:41 12 0.325 2.55
2024_0412_07:00:43 12 4.525 0.175
2024_0412_07:00:46 12 100.0 100.0
2024_0412_07:00:50 12 -0.725 2.975
2024_0412_07:00:53 12 -2.675 -0.1
2024_0412_07:00:59 12 19.9 22.9
2024_0412_07:01:05 12 34.525 33.225
2024_0412_07:01:06 12 41.6 44.0
2024_0412_07:01:15 12 46.325 46.9
2024_0412_07:01:15 12 -1.75 0.35
2024_0412_07:01:21 12 0.575 0.05
2024_0412_07:01:38 12 33.95 25.1
2024_0412_07:02:47 12 2.55 0.425
2024_0412_07:06:33 12 -1.4 1.825
2024_0412_07:08:17 12 50.975 51.5
2024_0412_07:08:28 12 53.8 43.0
2024_0412_07:08:29 12 1.375 2.025
2024_0412_07:08:31 12 38.075 40.625
2024_0412_07:08:38 12 0.0 -1.5
2024_0412_07:08:40 12 1.075 -4.825
2024_0412_07:08:45 12 -1.3 0.0
2024_0412_07:08:50 12 0.375 0.75
2024_0412_07:08:51 12 -0.825 0.0
2024_0412_07:08:56 12 26.65 30.625
2024_0412_07:09:04 12 0.45 0.475
2024_0412_07:09:06 12 1.275 0.225
2024_0412_07:09:06 12 21.825 12.5
2024_0412_07:09:28 12 38.6 38.225
2024_0412_07:10:48 12 -0.375 -2.575
2024_0412_07:14:18 12 -0.05 -0.3
2024_0412_07:16:05 12 25.45 28.45
2024_0412_07:16:14 12 31.025 29.475
2024_0412_07:16:20 12 47.775 59.425
2024_0412_07:16:24 12 1.5 0.0
2024_0412_07:16:31 12 21.75 14.125
2024_0412_07:16:33 12 38.2 41.0
2024_0412_07:16:40 12 29.875 14.0
2024_0412_07:16:43 12 46.025 50.375
2024_0412_07:16:44 12 46.35 48.125
2024_0412_07:16:46 12 45.475 29.85
2024_0412_07:16:50 12 3.3 0.65
2024_0412_07:16:54 12 -21.725 41.35
2024_0412_07:16:59 12 13.875 10.5
2024_0412_07:17:12 12 2.775 0.975
2024_0412_07:18:38 12 24.625 22.95
2024_0412_07:22:07 12 0.675 0.225
2024_0412_07:23:57 12 35.65 29.275
2024_0412_07:24:11 12 1.875 0.55
2024_0412_07:24:13 12 28.625 20.35
2024_0412_07:24:19 12 -3.825 -1.675
2024_0412_07:24:21 12 -1.35 -0.775
2024_0412_07:24:24 12 30.975 26.675
2024_0412_07:24:26 12 48.95 45.85
2024_0412_07:24:29 12 -0.725 -0.775
2024_0412_07:24:35 12 48.25 47.375
2024_0412_07:24:37 12 0.0 0.475
2024_0412_07:24:38 12 5.65 3.0
2024_0412_07:24:53 12 28.275 25.85
2024_0412_07:24:59 12 -0.075 3.375
2024_0412_07:25:02 12 2.65 2.5
2024_0412_07:26:30 12 27.875 31.975
2024_0412_07:29:51 12 0.55 1.975
2024_0412_07:31:58 12 -1.2 -1.925
2024_0412_07:32:02 12 20.75 25.85
2024_0412_07:32:05 12 49.7 49.875
2024_0412_07:32:10 12 41.8 21.85
2024_0412_07:32:12 12 45.775 44.5
2024_0412_07:32:13 12 0.1 -0.925
2024_0412_07:32:17 12 -0.075 0.675
2024_0412_07:32:18 12 -99.9 -49.95
2024_0412_07:32:22 12 0.525 2.95
2024_0412_07:32:27 12 48.55 48.875
2024_0412_07:32:32 12 30.875 28.5
2024_0412_07:32:45 12 99.975 49.95
2024_0412_07:32:46 12 2.775 0.075
2024_0412_07:32:56 12 32.0 35.65
2024_0412_07:34:18 12 31.375 17.15
2024_0412_07:37:41 12 9.5 25.1
2024_0412_07:39:45 12 -49.95 49.95
2024_0412_07:39:52 12 47.575 48.825
2024_0412_07:40:03 12 48.425 47.6
2024_0412_07:40:04 12 51.225 52.8
2024_0412_07:40:06 12 18.925 35.65
2024_0412_07:40:07 12 34.8 59.975
2024_0412_07:40:09 12 43.625 42.4
2024_0412_07:40:14 12 -57.75 57.95
2024_0412_07:40:19 12 9.45 20.125
2024_0412_07:40:36 12 22.75 34.8
2024_0412_07:40:38 12 50.05 47.7
2024_0412_07:40:38 12 33.55 -33.8
2024_0412_07:40:40 12 39.775 26.325
2024_0412_07:40:48 12 30.4 47.8
2024_0412_07:42:09 12 0.65 -2.825
2024_0412_07:45:38 12 -2.55 -3.875
2024_0412_07:47:35 12 48.475 48.0
2024_0412_07:47:35 12 -99.9 99.925
2024_0412_07:47:50 12 -2.35 -1.025
2024_0412_07:47:52 12 31.9 29.75
2024_0412_07:47:53 12 -46.325 60.075
2024_0412_07:47:58 12 19.225 -16.4
2024_0412_07:48:00 13 9.9 -10.75
2024_0412_07:48:00 13 0.675 -1.05
2024_0412_07:48:08 13 14.1 33.275
2024_0412_07:48:24 13 65.8 -23.95
2024_0412_07:48:29 13 23.55 16.5
2024_0412_07:48:30 13 44.525 42.1
2024_0412_07:48:37 13 8.175 7.65
2024_0412_07:48:44 13 45.575 44.225
2024_0412_07:49:58 13 -2.525 1.1
2024_0412_07:53:24 13 1.0 -2.4
2024_0412_07:55:24 13 -49.175 50.1
2024_0412_07:55:28 13 11.2 12.375
2024_0412_07:55:39 13 -2.45 0.275
2024_0412_07:55:43 13 6.675 14.65
2024_0412_07:55:50 13 -2.3 4.9
2024_0412_07:55:50 13 1.375 -1.3
2024_0412_07:55:51 13 1.725 -0.425
2024_0412_07:55:54 13 -14.3 31.875
2024_0412_07:56:18 13 2.775 13.825
2024_0412_07:56:23 13 18.55 32.75
2024_0412_07:56:25 13 1.75 -1.925
2024_0412_07:56:28 13 -49.975 -49.975
2024_0412_07:56:35 13 1.575 -0.625
2024_0412_07:56:36 13 13.325 9.55
2024_0412_07:57:48 13 -0.725 -2.55
2024_0412_08:01:13 13 -1.925 0.15
2024_0412_08:03:09 13 -0.175 -4.125
2024_0412_08:03:17 13 19.55 19.95
2024_0412_08:03:27 13 -15.925 48.325
2024_0412_08:03:27 13 -0.6 0.8
2024_0412_08:03:42 13 1.025 0.475
2024_0412_08:03:44 13 17.6 27.575
2024_0412_08:03:48 13 -0.475 -0.725
2024_0412_08:03:53 13 4.725 6.375
2024_0412_08:04:04 13 1.4 -0.45
2024_0412_08:04:13 13 0.175 0.275
2024_0412_08:04:17 13 50.725 52.0
2024_0412_08:04:20 13 -49.9 99.85
2024_0412_08:04:21 13 52.2 52.15
2024_0412_08:04:25 13 30.425 38.8
2024_0412_08:05:33 13 27.9 27.475
2024_0412_08:08:56 13 3.2 -4.35
2024_0412_08:10:57 13 1.25 -0.3
2024_0412_08:11:07 13 -0.45 -1.9
2024_0412_08:11:07 13 -0.65 1.025
2024_0412_08:11:10 13 -20.025 29.65
2024_0412_08:11:27 13 15.725 36.35
2024_0412_08:11:29 13 -1.625 1.175
2024_0412_08:11:33 13 -9.45 6.825
2024_0412_08:11:35 13 39.0 45.425
2024_0412_08:11:46 13 2.425 0.15
2024_0412_08:11:59 13 10.7 8.475
2024_0412_08:12:00 13 -49.975 -49.975
2024_0412_08:12:07 13 9.925 -8.675
2024_0412_08:12:07 13 48.675 48.0
2024_0412_08:12:09 13 35.2 -17.75
2024_0412_08:13:18 13 44.15 45.4
2024_0412_08:16:36 13 -0.2 -0.475
2024_0412_08:18:45 13 2.375 -0.3
2024_0412_08:18:49 13 1.8 -0.575
2024_0412_08:18:51 13 49.975 -49.975
2024_0412_08:18:52 13 -16.5 21.25
2024_0412_08:19:05 13 -11.85 9.025
2024_0412_08:19:12 13 2.75 2.7
2024_0412_08:19:15 13 -0.8 -5.575
2024_0412_08:19:20 13 39.15 30.1
2024_0412_08:19:27 13 1.925 -1.8
2024_0412_08:19:38 13 -8.225 8.975
2024_0412_08:19:39 13 -1.1 -1.6
2024_0412_08:19:49 13 1.0 0.625
2024_0412_08:19:49 13 44.8 43.375
2024_0412_08:19:58 13 99.925 99.775
2024_0412_08:20:59 13 7.775 11.1
2024_0412_08:24:19 13 12.5 36.925
2024_0412_08:26:28 13 16.425 43.15
2024_0412_08:26:31 13 45.875 47.475
2024_0412_08:26:31 13 0.425 2.675
2024_0412_08:26:32 13 43.15 42.675
2024_0412_08:26:43 13 -0.4 -0.675
2024_0412_08:26:55 13 -12.95 15.975
2024_0412_08:26:56 13 1.55 -0.55
2024_0412_08:26:59 13 -14.325 19.125
2024_0412_08:27:07 13 -1.275 -3.775
2024_0412_08:27:16 13 -0.35 0.425
2024_0412_08:27:26 13 -2.05 0.625
2024_0412_08:27:33 13 53.575 20.125
2024_0412_08:27:35 13 50.275 29.8
2024_0412_08:27:40 13 -2.55 -0.1
2024_0412_08:28:41 13 3.8 -4.2
2024_0412_08:32:00 13 49.975 99.95
2024_0412_08:34:10 13 -2.075 1.625
2024_0412_08:34:11 13 -3.325 1.475
2024_0412_08:34:13 13 26.85 24.675
2024_0412_08:34:14 13 1.15 -0.925
2024_0412_08:34:21 13 51.2 51.475
2024_0412_08:34:47 13 0.65 -3.525
2024_0412_08:34:49 13 16.6 24.7
2024_0412_08:35:13 13 29.95 45.425
2024_0412_08:35:19 13 3.05 -0.325
2024_0412_08:35:28 13 33.85 45.075
2024_0412_08:36:22 13 65.125 11.775
2024_0412_08:39:13 13 -19.275 33.25
2024_0412_08:39:42 13 0.775 4.225
2024_0412_08:39:47 13 7.225 15.75
2024_0412_08:40:00 13 42.575 46.45
2024_0412_08:41:46 13 22.8 2.075
2024_0412_08:41:53 13 -5.175 -1.375
2024_0412_08:41:56 13 44.4 19.375
2024_0412_08:41:58 13 22.1 32.0
2024_0412_08:42:04 13 7.975 6.825
2024_0412_08:42:28 13 27.675 36.475
2024_0412_08:42:29 13 0.325 -0.425
2024_0412_08:42:56 13 13.025 13.05
2024_0412_08:42:59 13 -0.325 0.125
2024_0412_08:43:07 13 2.45 0.675
2024_0412_08:44:01 13 -0.55 1.75
2024_0412_08:46:53 13 60.925 44.475
2024_0412_08:47:22 13 1.175 2.925
2024_0412_08:47:25 13 44.575 38.8
2024_0412_08:47:28 13 -2.1 1.45
2024_0412_08:47:41 13 2.75 1.525
2024_0412_08:49:23 13 1.675 -5.125
2024_0412_08:49:31 13 -3.05 -2.4
2024_0412_08:49:34 13 0.95 -0.725
2024_0412_08:49:35 13 1.775 0.35
2024_0412_08:49:43 13 -1.5 0.45
2024_0412_08:50:14 13 47.55 41.2
2024_0412_08:50:18 13 -2.0 2.875
2024_0412_08:50:31 13 2.4 0.95
2024_0412_08:50:37 13 -19.225 27.2
2024_0412_08:50:58 13 -0.2 2.2
2024_0412_08:51:46 13 0.3 -0.45
2024_0412_08:54:42 13 42.525 45.625
2024_0412_08:55:04 13 0.3 -4.4
2024_0412_08:55:09 13 31.375 11.775
2024_0412_08:55:19 13 39.575 -0.775
2024_0412_08:55:21 13 1.275 -2.05
2024_0412_08:57:03 13 -2.1 -0.275
2024_0412_08:57:10 13 52.875 -53.65
2024_0412_08:57:13 13 46.875 46.45
2024_0412_08:57:22 13 18.175 9.85
2024_0412_08:57:28 13 -5.775 14.35
2024_0412_08:57:52 13 6.125 16.925
2024_0412_08:58:02 13 -0.325 0.525
2024_0412_08:58:17 13 -0.525 0.975
2024_0412_08:58:18 13 57.925 44.025
2024_0412_08:58:38 13 49.375 24.475
2024_0412_08:59:31 13 -4.325 8.65
2024_0412_09:02:19 13 -33.6 33.925
2024_0412_09:02:46 13 20.8 21.8
2024_0412_09:02:51 13 -5.2 3.25
2024_0412_09:03:01 13 0.875 -0.35
2024_0412_09:03:06 13 2.225 11.25
2024_0412_09:04:43 13 11.9 13.475
2024_0412_09:04:54 13 37.475 33.325
2024_0412_09:05:01 13 42.75 41.55
2024_0412_09:05:10 13 21.1 38.3
2024_0412_09:05:11 13 1.825 1.425
2024_0412_09:05:38 13 9.15 9.4
2024_0412_09:05:45 13 -1.4 -0.2
2024_0412_09:06:00 13 1.875 -0.075
2024_0412_09:06:08 13 32.875 37.7
2024_0412_09:06:16 13 -2.35 2.65
2024_0412_09:07:34 13 17.625 3.525
2024_0412_09:10:00 13 -3.775 11.45
2024_0412_09:10:31 13 35.25 35.45
2024_0412_09:10:35 13 55.3 43.225
2024_0412_09:10:42 13 20.1 -18.0
2024_0412_09:10:44 13 0.775 -0.475
2024_0412_09:12:22 13 33.45 39.075
2024_0412_09:12:31 13 -2.575 -4.925
2024_0412_09:12:42 13 40.75 52.15
2024_0412_09:12:50 13 -2.25 2.675
2024_0412_09:12:52 13 -1.275 -0.325
2024_0412_09:13:14 13 1.925 0.15
2024_0412_09:13:24 13 0.4 2.35
2024_0412_09:13:37 13 31.575 -33.0
2024_0412_09:13:52 13 0.325 -1.225
2024_0412_09:13:54 13 28.425 29.975
2024_0412_09:15:11 13 1.275 -2.175
2024_0412_09:17:44 13 37.15 27.1
2024_0412_09:18:12 13 45.825 37.7
2024_0412_09:18:13 13 10.375 -9.7
2024_0412_09:18:20 13 99.95 -49.975
2024_0412_09:18:22 13 -1.325 0.225
2024_0412_09:20:04 13 -49.95 49.975
2024_0412_09:20:13 14 -15.45 17.825
2024_0412_09:20:19 14 2.35 -1.375
2024_0412_09:20:28 14 49.95 -49.9
2024_0412_09:20:34 14 46.125 48.85
2024_0412_09:20:54 14 1.725 1.225
2024_0412_09:21:16 14 45.025 47.525
2024_0412_09:21:32 14 -2.675 0.175
2024_0412_09:21:37 14 -1.25 -1.525
2024_0412_09:23:02 14 -5.05 15.625
2024_0412_09:23:03 14 1.725 0.8
2024_0412_09:25:21 14 -2.175 -0.2
2024_0412_09:25:52 14 -2.55 -1.625
2024_0412_09:25:55 14 35.0 27.35
2024_0412_09:25:58 14 4.375 11.325
2024_0412_09:26:05 14 25.675 24.025
2024_0412_09:27:40 14 29.425 -20.85
2024_0412_09:27:56 14 -1.3 -1.25
2024_0412_09:28:03 14 50.1 47.375
2024_0412_09:28:08 14 -1.425 0.55
2024_0412_09:28:11 14 -0.35 2.575
2024_0412_09:28:36 14 -3.475 3.8
2024_0412_09:28:58 14 50.025 42.45
2024_0412_09:29:16 14 49.95 -49.925
2024_0412_09:29:25 14 -0.2 1.775
2024_0412_09:30:41 14 2.175 5.15
2024_0412_09:30:45 14 27.05 34.1
2024_0412_09:32:55 14 -2.875 16.925
2024_0412_09:33:28 14 -1.3 -0.725
2024_0412_09:33:36 14 -1.675 35.6
2024_0412_09:33:42 14 -3.7 -1.925
2024_0412_09:33:52 14 37.15 31.25
2024_0412_09:35:15 14 0.075 -0.075
2024_0412_09:35:33 14 9.875 -7.6
2024_0412_09:35:40 14 2.625 -0.725
2024_0412_09:35:51 14 29.225 31.95
2024_0412_09:35:52 14 50.15 17.025
2024_0412_09:36:08 14 1.8 -2.9
2024_0412_09:36:36 14 6.725 3.3
2024_0412_09:36:54 14 10.525 -12.6
2024_0412_09:37:10 14 1.175 -2.05
2024_0412_09:38:23 14 0.375 -0.95
2024_0412_09:38:30 14 25.8 34.975
2024_0412_09:40:34 14 -25.725 53.5
2024_0412_09:41:08 14 -49.975 -99.875
2024_0412_09:41:08 14 0.025 0.35
2024_0412_09:41:29 14 47.975 47.275
2024_0412_09:41:40 14 35.75 34.375
2024_0412_09:42:49 14 -17.425 15.375
2024_0412_09:43:15 14 1.8 -3.225
2024_0412_09:43:20 14 46.9 50.4
2024_0412_09:43:27 14 -11.075 9.775
2024_0412_09:43:32 14 57.3 29.15
2024_0412_09:43:44 14 42.05 44.75
2024_0412_09:44:20 14 -10.05 9.35
2024_0412_09:44:34 14 24.75 0.8
2024_0412_09:45:00 14 38.675 47.175
2024_0412_09:46:03 14 -0.4 11.175
2024_0412_09:46:06 14 45.4 46.775
2024_0412_09:48:12 14 45.5 43.775
2024_0412_09:48:50 14 1.425 8.0
2024_0412_09:49:03 14 -9.125 9.475
2024_0412_09:49:10 14 2.925 -0.875
2024_0412_09:49:21 14 -0.825 -0.65
2024_0412_09:50:30 14 4.875 5.0
2024_0412_09:51:01 14 0.325 0.05
2024_0412_09:51:01 14 27.05 23.55
2024_0412_09:51:02 14 2.15 -1.325
2024_0412_09:51:18 14 28.425 17.675
2024_0412_09:51:33 14 2.7 2.35
2024_0412_09:51:58 14 -0.25 0.675
2024_0412_09:52:12 14 4.0 -1.5
2024_0412_09:52:45 14 4.3 20.3
2024_0412_09:53:41 14 -1.975 2.0
2024_0412_09:53:44 14 -0.95 1.2
2024_0412_09:55:53 14 14.625 5.225
2024_0412_09:56:27 14 40.725 36.2
2024_0412_09:56:35 14 0.075 2.575
2024_0412_09:56:47 14 -19.525 20.325
2024_0412_09:57:00 14 -0.675 -1.125
2024_0412_09:58:11 14 28.35 19.55
2024_0412_09:58:35 14 99.95 -49.975
2024_0412_09:58:41 14 48.5 45.1
2024_0412_09:58:45 14 -1.15 -1.175
2024_0412_09:58:55 14 -0.575 2.35
2024_0412_09:59:07 14 -0.8 0.75
2024_0412_09:59:32 14 1.425 0.75
2024_0412_09:59:47 14 20.95 27.425
2024_0412_10:01:18 14 -2.75 13.0
2024_0412_10:01:20 14 -0.575 -1.475
2024_0412_10:03:34 14 12.7 23.65
2024_0412_10:04:03 14 44.0 50.05
2024_0412_10:04:10 14 2.1 1.225
2024_0412_10:04:22 14 0.65 1.325
2024_0412_10:04:37 14 -0.075 1.95
2024_0412_10:04:44 14 3.2 4.175
2024_0412_10:05:52 14 12.775 46.625
2024_0412_10:06:13 14 29.8 37.35
2024_0412_10:06:31 14 25.95 29.55
2024_0412_10:06:33 14 -39.775 39.975
2024_0412_10:06:37 14 18.6 10.275
2024_0412_10:06:44 14 0.4 -3.475
2024_0412_10:07:08 14 -1.2 0.125
2024_0412_10:07:34 14 19.725 28.675
2024_0412_10:09:01 14 9.8 15.475
2024_0412_10:09:03 14 -1.575 20.775
2024_0412_10:11:08 14 17.8 -11.4
2024_0412_10:11:36 14 -1.65 1.025
2024_0412_10:11:49 14 4.825 0.125
2024_0412_10:11:56 14 60.325 -60.65
2024_0412_10:12:13 14 56.25 24.325
2024_0412_10:12:21 14 0.625 -0.65
2024_0412_10:13:32 14 16.025 20.825
2024_0412_10:13:48 14 34.625 35.975
2024_0412_10:14:12 14 25.875 24.9
2024_0412_10:14:17 14 46.65 -13.7
2024_0412_10:14:20 14 2.1 1.425
2024_0412_10:14:47 14 0.925 2.75
2024_0412_10:15:16 14 1.9 -0.9
2024_0412_10:16:36 14 27.5 26.975
2024_0412_10:16:39 14 42.125 41.675
2024_0412_10:17:11 14 -0.3 1.975
2024_0412_10:18:55 14 -1.575 4.85
2024_0412_10:19:13 14 -1.55 1.6
2024_0412_10:19:23 14 1.9 0.95
2024_0412_10:19:37 14 37.95 50.575
2024_0412_10:19:53 14 -20.55 44.8
2024_0412_10:20:01 14 28.45 28.7
2024_0412_10:21:09 14 40.675 20.25
2024_0412_10:21:25 14 40.5 -37.75
2024_0412_10:21:51 14 48.1 53.2
2024_0412_10:21:57 14 47.45 47.7
2024_0412_10:21:59 14 29.6 19.225
2024_0412_10:22:26 14 57.85 47.325
2024_0412_10:22:55 14 1.525 1.325
2024_0412_10:24:15 14 -39.55 43.625
2024_0412_10:24:20 14 -36.325 36.475
2024_0412_10:24:49 14 -0.3 1.875
2024_0412_10:26:42 14 10.35 -0.325
2024_0412_10:26:51 14 42.9 39.1
2024_0412_10:27:00 14 7.225 -0.9
2024_0412_10:27:20 14 12.375 12.025
2024_0412_10:27:36 14 -5.325 -5.15
2024_0412_10:27:49 14 18.75 8.4
2024_0412_10:28:49 14 18.7 29.15
2024_0412_10:29:03 14 36.45 27.825
2024_0412_10:29:38 14 -34.25 34.075
2024_0412_10:29:40 14 32.55 12.55
2024_0412_10:29:43 14 18.575 -15.375
2024_0412_10:30:05 14 -0.975 1.3
2024_0412_10:30:34 14 45.4 -20.575
2024_0412_10:31:52 14 -7.25 8.125
2024_0412_10:32:05 14 27.5 -15.75
2024_0412_10:32:25 14 -99.95 -99.9
2024_0412_10:34:21 14 35.3 27.425
2024_0412_10:34:33 14 -0.6 -1.125
2024_0412_10:34:59 14 8.2 -1.8
2024_0412_10:35:16 14 37.425 42.55
2024_0412_10:35:28 14 -2.2 2.425
2024_0412_10:36:44 14 28.275 16.275
2024_0412_10:36:48 14 49.925 46.8
2024_0412_10:37:17 14 25.9 27.275
2024_0412_10:37:22 14 0.675 -2.525
2024_0412_10:37:25 14 -1.725 0.85
2024_0412_10:37:45 14 1.45 -0.1
2024_0412_10:38:12 14 -0.175 -0.625
2024_0412_10:39:33 14 -0.85 0.35
2024_0412_10:39:40 14 53.6 38.1
2024_0412_10:39:43 14 20.725 51.05
2024_0412_10:40:03 14 -9.125 8.125
2024_0412_10:42:00 14 29.35 20.125
2024_0412_10:42:16 14 41.425 36.5
2024_0412_10:42:40 14 -0.925 -2.075
2024_0412_10:42:55 14 2.375 -0.525
2024_0412_10:43:05 14 13.45 22.675
2024_0412_10:44:22 14 1.8 0.95
2024_0412_10:44:24 14 26.475 26.7
2024_0412_10:44:56 14 11.25 38.975
2024_0412_10:45:02 14 44.475 43.8
2024_0412_10:45:09 14 -12.225 18.85
2024_0412_10:45:22 14 -20.1 45.15
2024_0412_10:45:49 14 2.075 -3.05
2024_0412_10:47:11 15 1.375 2.15
2024_0412_10:47:17 15 7.8 6.45
2024_0412_10:47:28 15 -7.0 -10.575
2024_0412_10:47:55 15 20.1 47.35
2024_0412_10:49:36 15 30.1 9.0
2024_0412_10:50:07 15 42.325 46.8
2024_0412_10:50:16 15 19.625 -9.8
2024_0412_10:50:27 15 1.825 1.4
2024_0412_10:52:17 15 -1.425 0.725
2024_0412_10:52:33 15 -1.875 2.275
2024_0412_10:52:35 15 10.25 -9.6
2024_0412_10:52:45 15 50.6 45.275
2024_0412_10:52:57 15 -2.35 -1.225
2024_0412_10:53:26 15 31.7 27.425
2024_0412_10:54:03 15 41.9 41.1
2024_0412_10:54:52 15 0.6 -0.425
2024_0412_10:55:04 15 40.675 -32.525
2024_0412_10:55:04 15 2.0 3.025
2024_0412_10:55:43 15 -20.9 60.875
2024_0412_10:56:47 15 8.65 -10.65
2024_0412_10:57:18 15 23.0 -23.45
2024_0412_10:57:56 15 31.8 16.675
2024_0412_10:57:59 15 8.4 -8.625
2024_0412_10:58:06 15 32.3 37.4
2024_0412_10:59:58 15 -2.45 -2.45
2024_0412_11:00:09 15 1.175 -1.225
2024_0412_11:00:12 15 47.65 38.625
2024_0412_11:00:27 15 47.65 47.875
2024_0412_11:00:36 15 38.45 20.65
2024_0412_11:01:03 15 10.625 -0.25
2024_0412_11:01:39 15 60.225 13.1
2024_0412_11:02:33 15 48.6 25.2
2024_0412_11:02:49 15 48.45 51.175
2024_0412_11:03:01 15 2.85 -1.725
2024_0412_11:03:31 15 9.3 -8.05
2024_0412_11:04:59 15 25.2 26.15
2024_0412_11:05:32 15 -6.725 7.2
2024_0412_11:05:38 15 -0.075 0.225
2024_0412_11:05:43 15 0.5 0.275
2024_0412_11:07:35 15 -1.075 3.6
2024_0412_11:07:47 15 -13.625 65.8
2024_0412_11:07:58 15 27.825 25.75
2024_0412_11:08:04 15 44.55 50.375
2024_0412_11:08:17 15 39.175 30.25
2024_0412_11:08:41 15 16.9 30.375
2024_0412_11:09:25 15 46.4 58.8
2024_0412_11:09:50 15 21.05 28.325
2024_0412_11:10:12 15 56.425 45.075
2024_0412_11:10:30 15 46.875 47.825
2024_0412_11:10:31 15 -0.425 2.025
2024_0412_11:11:15 15 1.3 1.65
2024_0412_11:12:46 15 2.725 7.45
2024_0412_11:13:14 15 -2.5 4.225
2024_0412_11:13:15 15 9.175 8.525
2024_0412_11:13:20 15 25.875 24.0
2024_0412_11:15:14 15 3.225 -5.2
2024_0412_11:15:24 15 1.05 1.725
2024_0412_11:15:36 15 27.925 16.275
2024_0412_11:15:51 15 13.575 32.55
2024_0412_11:15:54 15 -0.575 -2.6
2024_0412_11:16:30 15 25.35 28.625
2024_0412_11:17:03 15 -9.75 20.375
2024_0412_11:18:04 15 0.775 1.075
2024_0412_11:18:09 15 -0.275 3.675
2024_0412_11:18:30 15 41.925 55.95
2024_0412_11:19:00 15 -9.65 11.675
2024_0412_11:20:29 15 34.1 23.225
2024_0412_11:20:49 15 -0.175 -0.55
2024_0412_11:20:51 15 1.2 2.125
2024_0412_11:20:57 15 11.175 7.85
2024_0412_11:21:54 15 -49.975 -49.975
2024_0412_11:22:53 15 43.075 40.575
2024_0412_11:23:08 15 -3.175 0.35
2024_0412_11:23:14 15 -0.15 0.15
2024_0412_11:23:28 15 -99.85 99.85
2024_0412_11:24:08 15 0.225 0.675
2024_0412_11:24:42 15 2.5 3.675
2024_0412_11:25:48 15 -16.125 42.15
2024_0412_11:25:52 15 -1.975 29.075
2024_0412_11:26:09 15 30.2 33.225
2024_0412_11:26:39 15 22.1 18.2
2024_0412_11:28:10 15 -0.575 55.975
2024_0412_11:28:28 15 22.825 22.525
2024_0412_11:28:31 15 47.25 47.55
2024_0412_11:28:54 15 -1.325 -0.5
2024_0412_11:29:31 15 -1.6 1.8
2024_0412_11:29:51 15 46.2 46.425
2024_0412_11:30:37 15 -10.525 9.8
2024_0412_11:30:52 15 -49.975 49.925
2024_0412_11:30:52 15 31.625 32.225
2024_0412_11:31:11 15 0.55 -0.275
2024_0412_11:31:47 15 1.75 1.075
2024_0412_11:32:19 15 31.65 29.0
2024_0412_11:33:25 15 -20.675 23.825
2024_0412_11:33:38 15 1.175 -1.125
2024_0412_11:33:48 15 52.375 55.125
2024_0412_11:34:13 15 -1.525 -0.375
2024_0412_11:35:50 15 12.675 -15.125
2024_0412_11:36:05 15 -3.375 3.975
2024_0412_11:36:17 15 51.9 34.775
2024_0412_11:36:40 15 11.9 34.125
2024_0412_11:37:05 15 -2.05 0.55
2024_0412_11:37:26 15 -0.625 -1.475
2024_0412_11:38:21 15 -0.225 8.85
2024_0412_11:38:29 15 1.075 -1.975
2024_0412_11:38:33 15 14.4 27.35
2024_0412_11:38:47 15 -30.175 38.125
2024_0412_11:39:38 15 4.225 16.375
2024_0412_11:40:05 15 31.35 32.875
2024_0412_11:41:05 15 99.9 100.0
2024_0412_11:41:16 15 19.775 21.075
2024_0412_11:41:49 15 -2.325 -2.45
2024_0412_11:41:57 15 6.5 13.9
2024_0412_11:43:24 15 1.45 0.2
2024_0412_11:43:38 15 49.95 -99.9
2024_0412_11:43:50 15 -0.025 -0.425
2024_0412_11:44:19 15 80.05 -20.2
2024_0412_11:44:44 15 -0.425 -0.525
2024_0412_11:44:58 15 0.375 1.425
2024_0412_11:46:02 15 33.3 37.25
2024_0412_11:46:04 15 2.3 -0.375
2024_0412_11:46:07 15 23.5 25.475
2024_0412_11:46:20 15 29.0 31.95
2024_0412_11:47:24 15 31.675 12.75
2024_0412_11:47:37 15 12.45 26.35
2024_0412_11:48:42 15 6.325 31.6
2024_0412_11:48:43 15 35.175 12.375
2024_0412_11:49:17 15 -1.575 0.125
2024_0412_11:49:28 15 5.5 11.325
2024_0412_11:50:59 15 -0.475 -0.075
2024_0412_11:51:04 15 -0.05 0.0
2024_0412_11:51:14 15 32.65 -33.5
2024_0412_11:51:47 15 27.05 -25.85
2024_0412_11:52:06 15 -17.75 16.2
2024_0412_11:52:25 15 36.375 25.475
2024_0412_11:53:25 15 -0.225 -1.65
2024_0412_11:53:32 15 44.25 41.725
2024_0412_11:53:48 15 54.975 42.225
2024_0412_11:54:27 15 -1.15 -2.25
2024_0412_11:54:50 15 -12.725 10.35
2024_0412_11:55:12 15 -2.1 0.125
2024_0412_11:56:04 15 3.625 0.75
2024_0412_11:56:08 15 8.875 30.75
2024_0412_11:56:37 15 1.6 -0.025
2024_0412_11:56:50 15 -10.925 8.075
2024_0412_11:58:15 15 -0.3 -0.275
2024_0412_11:58:27 15 23.6 25.6
2024_0412_11:58:53 15 22.55 -3.55
2024_0412_11:59:14 15 43.675 29.625
2024_0412_11:59:50 15 17.3 -2.45
2024_0412_12:00:52 15 28.925 7.625
2024_0412_12:00:56 15 47.75 49.2
2024_0412_12:01:26 15 0.625 -1.65
2024_0412_12:01:48 15 -1.4 1.15
2024_0412_12:02:23 15 3.875 6.775
2024_0412_12:02:43 15 35.1 28.425
2024_0412_12:03:24 15 -16.825 22.075
2024_0412_12:03:43 15 -0.725 1.15
2024_0412_12:03:57 15 7.65 7.75
2024_0412_12:04:07 15 -1.175 -3.45
2024_0412_12:04:14 15 -0.65 0.075
2024_0412_12:05:47 15 41.475 36.375
2024_0412_12:05:55 15 0.825 0.05
2024_0412_12:06:22 15 23.5 40.45
2024_0412_12:06:38 15 -0.05 -2.25
2024_0412_12:07:11 15 -2.25 -2.175
2024_0412_12:08:20 15 3.85 -4.25
2024_0412_12:08:25 15 46.3 44.975
2024_0412_12:08:47 15 2.9 2.475
2024_0412_12:09:09 15 49.975 99.9
2024_0412_12:09:48 15 2.325 -2.275
2024_0412_12:10:28 16 -0.8 -2.5
2024_0412_12:10:48 16 20.575 -19.825
2024_0412_12:11:11 16 0.075 -0.5
2024_0412_12:11:27 16 -10.775 10.5
2024_0412_12:11:28 16 10.275 -10.875
2024_0412_12:11:40 16 52.15 49.925
2024_0412_12:13:11 16 15.825 -14.025
2024_0412_12:13:28 16 15.475 31.1
2024_0412_12:14:04 16 36.25 -20.8
2024_0412_12:14:34 16 17.225 -18.7
2024_0412_12:15:38 16 34.9 27.7
2024_0412_12:15:51 16 34.575 30.325
2024_0412_12:15:51 16 11.05 10.575
2024_0412_12:16:17 16 33.75 26.15
2024_0412_12:16:39 16 -4.275 -2.425
2024_0412_12:17:14 16 15.375 -16.075
2024_0412_12:17:52 16 5.35 18.55
2024_0412_12:18:15 16 57.175 42.35
2024_0412_12:18:41 16 2.975 1.15
2024_0412_12:18:51 16 0.625 0.8
2024_0412_12:19:02 16 57.475 47.475
2024_0412_12:19:03 16 0.825 0.125
2024_0412_12:20:36 16 8.125 41.85
2024_0412_12:21:03 16 19.8 30.7
2024_0412_12:21:27 16 29.125 25.3
2024_0412_12:22:19 16 2.475 -4.2
2024_0412_12:22:58 16 17.275 -16.2
2024_0412_12:23:18 16 48.55 50.025
2024_0412_12:23:19 16 17.025 -15.25
2024_0412_12:23:41 16 -45.725 48.125
2024_0412_12:24:06 16 30.25 16.125
2024_0412_12:24:39 16 -3.5 4.075
2024_0412_12:25:21 16 0.25 -0.65
2024_0412_12:25:44 16 -1.575 -0.425
2024_0412_12:26:11 16 -0.3 0.475
2024_0412_12:26:20 16 2.975 1.5
2024_0412_12:26:27 16 9.15 -9.4
2024_0412_12:26:38 16 2.3 0.4
2024_0412_12:27:57 16 51.775 29.625
2024_0412_12:28:28 16 2.85 0.55
2024_0412_12:28:52 16 46.325 23.45
2024_0412_12:29:41 16 2.425 1.875
2024_0412_12:30:24 16 -1.9 3.175
2024_0412_12:30:43 16 37.575 39.35
2024_0412_12:30:50 16 44.425 47.8
2024_0412_12:31:17 16 -6.725 10.875
2024_0412_12:31:29 16 27.7 30.275
2024_0412_12:31:59 16 -1.55 3.45
2024_0412_12:32:44 16 0.5 1.425
2024_0412_12:33:17 16 43.6 21.5
2024_0412_12:33:37 16 40.95 32.05
2024_0412_12:33:47 16 33.725 15.125
2024_0412_12:33:52 16 -1.725 -3.8
2024_0412_12:34:02 16 -0.05 0.7
2024_0412_12:35:22 16 49.15 44.7
2024_0412_12:35:58 16 -10.8 10.05
2024_0412_12:36:30 16 47.475 15.05
2024_0412_12:37:06 16 43.65 40.2
2024_0412_12:37:46 16 44.725 44.925
2024_0412_12:38:08 16 38.85 22.525
2024_0412_12:38:14 16 30.65 -15.075
2024_0412_12:38:50 16 0.9 -0.775
2024_0412_12:38:51 16 -0.45 0.55
2024_0412_12:39:24 16 4.95 -0.6
2024_0412_12:40:08 16 -4.175 52.0
2024_0412_12:40:41 16 51.0 52.15
2024_0412_12:40:57 16 24.65 -24.425
2024_0412_12:41:08 16 25.0 -25.0
2024_0412_12:41:15 16 14.3 20.0
2024_0412_12:41:36 16 52.475 47.175
2024_0412_12:43:26 16 49.95 47.875
2024_0412_12:44:02 16 24.125 31.375
2024_0412_12:44:34 16 2.825 63.35
2024_0412_12:45:30 16 56.275 48.125
2024_0412_12:45:32 16 1.1 0.9
2024_0412_12:45:41 16 39.9 11.675
2024_0412_12:45:55 16 -7.775 17.275
2024_0412_12:46:14 16 -0.25 -1.625
2024_0412_12:46:37 16 61.475 44.075
2024_0412_12:46:48 16 30.575 48.9
2024_0412_12:47:43 16 46.8 44.725
2024_0412_12:48:14 16 9.775 -10.25
2024_0412_12:48:21 16 -0.075 -1.1
2024_0412_12:48:34 16 -49.975 -49.95
2024_0412_12:48:46 16 2.4 1.025
2024_0412_12:50:56 16 1.8 0.15
2024_0412_12:51:35 16 -2.7 1.45
2024_0412_12:53:10 16 18.825 35.225
2024_0412_12:53:20 16 -6.3 11.425
2024_0412_12:53:32 16 -19.975 12.6
2024_0412_12:53:54 16 -99.95 49.975
2024_0412_12:54:22 16 28.675 14.325
2024_0412_12:54:51 16 -5.525 7.9
2024_0412_12:54:57 16 50.025 51.975
2024_0412_12:55:51 16 11.7 0.55
2024_0412_12:56:03 16 -3.125 -1.95
2024_0412_12:56:13 16 21.25 34.2
2024_0412_12:56:27 16 -1.075 1.775
2024_0412_12:56:39 16 27.65 28.8
2024_0412_12:57:07 16 1.85 1.8
2024_0412_12:58:10 16 0.2 1.475
2024_0412_12:58:49 16 2.525 -3.1
2024_0412_12:59:22 16 49.975 -49.975
2024_0412_13:01:06 16 2.375 1.15
2024_0412_13:01:16 16 1.95 1.95
2024_0412_13:01:42 16 30.65 37.075
2024_0412_13:02:14 16 2.8 5.425
2024_0412_13:02:34 16 49.975 -49.975
2024_0412_13:02:46 16 3.85 8.6
2024_0412_13:03:36 16 45.5 47.625
2024_0412_13:04:03 16 18.925 -16.425
2024_0412_13:04:05 16 48.35 47.45
2024_0412_13:04:23 16 24.5 33.55
2024_0412_13:04:30 16 34.2 -15.35
2024_0412_13:06:04 16 -0.75 -3.275
2024_0412_13:06:35 16 -0.6 -0.425
2024_0412_13:07:10 16 -10.625 13.45
2024_0412_13:07:18 16 -0.725 0.475
2024_0412_13:08:51 16 1.275 1.925
2024_0412_13:08:54 16 -1.7 1.3
2024_0412_13:09:03 16 0.45 1.25
2024_0412_13:09:36 16 46.625 48.075
2024_0412_13:10:05 16 3.675 -0.025
2024_0412_13:10:25 16 0.9 0.3
2024_0412_13:10:45 16 56.35 46.025
2024_0412_13:11:25 16 26.875 46.3
2024_0412_13:11:54 16 36.625 36.85
2024_0412_13:12:10 16 -10.025 10.45
2024_0412_13:12:23 16 -0.625 -2.4
2024_0412_13:13:58 16 9.825 -8.8
2024_0412_13:14:27 16 -0.55 -0.7
2024_0412_13:15:00 16 -0.4 -0.75
2024_0412_13:15:10 16 33.675 29.95
2024_0412_13:15:52 16 -35.75 39.125
2024_0412_13:16:39 16 -1.85 3.85
2024_0412_13:16:52 16 -5.85 2.525
2024_0412_13:17:11 16 -2.3 -0.475
2024_0412_13:17:25 17 0.025 0.95
2024_0412_13:17:58 17 5.65 28.05
2024_0412_13:18:24 17 49.675 45.475
2024_0412_13:18:33 17 0.85 1.275
2024_0412_13:19:15 17 -16.475 13.5
2024_0412_13:19:59 17 32.65 28.6
2024_0412_13:20:05 17 45.025 46.125
2024_0412_13:20:20 17 38.35 28.125
2024_0412_13:21:49 17 12.525 31.975
2024_0412_13:22:18 17 1.175 1.175
2024_0412_13:22:55 17 27.675 12.25
2024_0412_13:23:38 17 -0.375 -0.3
2024_0412_13:23:49 17 0.075 0.75
2024_0412_13:24:24 17 4.825 -0.025
2024_0412_13:24:54 17 -1.0 -2.85
2024_0412_13:25:09 17 28.45 29.95
2024_0412_13:25:17 17 0.125 6.2
2024_0412_13:25:58 17 -0.85 0.775
2024_0412_13:26:12 17 40.2 -39.675
2024_0412_13:26:24 17 45.95 48.475
2024_0412_13:27:06 17 -1.175 3.45
2024_0412_13:27:55 17 -0.65 0.775
2024_0412_13:28:03 17 -0.525 0.125
2024_0412_13:28:11 17 37.475 33.8
2024_0412_13:29:39 17 -0.55 1.125
2024_0412_13:30:12 17 20.925 29.25
2024_0412_13:30:48 17 -10.575 36.65
2024_0412_13:31:38 17 -1.875 0.025
2024_0412_13:31:41 17 -6.6 7.35
2024_0412_13:32:19 17 -50.825 51.275
2024_0412_13:32:43 17 -31.675 42.175
2024_0412_13:32:59 17 6.95 -2.525
2024_0412_13:33:08 17 3.2 1.825
2024_0412_13:33:55 17 41.775 -39.375
2024_0412_13:33:59 17 12.975 24.575
2024_0412_13:34:19 17 21.525 28.8
2024_0412_13:35:00 17 4.025 -3.85
2024_0412_13:35:47 17 0.475 0.025
2024_0412_13:36:02 17 40.7 38.725
2024_0412_13:36:14 17 15.8 20.775
2024_0412_13:37:36 17 2.9 7.95
2024_0412_13:38:07 17 47.55 49.75
2024_0412_13:38:45 17 -2.425 4.0
2024_0412_13:39:35 17 36.275 36.225
2024_0412_13:39:36 17 36.275 36.625
2024_0412_13:40:36 17 47.55 47.125
2024_0412_13:40:43 17 0.75 0.9
2024_0412_13:40:44 17 26.65 29.875
2024_0412_13:40:58 17 31.0 27.55
2024_0412_13:41:42 17 -13.975 17.475
2024_0412_13:41:55 17 27.95 23.9
2024_0412_13:42:09 17 7.125 -11.75
2024_0412_13:42:48 17 4.2 6.625
2024_0412_13:43:32 17 1.225 -0.775
2024_0412_13:43:49 17 44.325 52.775
2024_0412_13:44:09 17 2.425 -1.3
2024_0412_13:45:31 17 -10.75 10.8
2024_0412_13:46:37 17 37.875 11.225
2024_0412_13:46:38 17 45.9 45.025
2024_0412_13:47:25 17 11.275 -9.325
2024_0412_13:48:29 17 3.1 -1.4
2024_0412_13:48:32 17 3.75 -1.15
2024_0412_13:48:46 17 26.0 19.95
2024_0412_13:48:55 17 8.35 10.175
2024_0412_13:49:59 17 -11.55 36.775
2024_0412_13:50:02 17 48.625 46.375
2024_0412_13:50:04 17 -100.0 -49.85
2024_0412_13:50:51 17 28.0 52.1
2024_0412_13:51:33 17 49.65 42.0
2024_0412_13:51:42 17 0.025 2.275
2024_0412_13:51:54 17 -12.8 10.3
2024_0412_13:52:27 17 13.925 -3.475
2024_0412_13:53:46 17 -0.325 -2.175
2024_0412_13:54:46 17 1.8 2.775
2024_0412_13:55:33 17 34.625 23.95
2024_0412_13:56:43 17 38.675 38.25
2024_0412_13:56:54 17 10.225 -1.3
2024_0412_13:57:02 17 1.8 -0.725
2024_0412_13:58:07 17 -0.25 -2.05
2024_0412_13:58:15 17 0.975 -1.125
2024_0412_13:58:26 17 11.275 26.675
2024_0412_13:59:01 17 -16.775 22.0
2024_0412_13:59:41 17 -1.375 3.65
2024_0412_13:59:52 17 25.15 21.975
2024_0412_14:00:27 17 0.975 -2.15
2024_0412_14:00:50 17 38.575 36.25
2024_0412_14:01:01 17 16.375 53.125
2024_0412_14:01:53 17 1.25 0.325
2024_0412_14:02:30 17 11.275 -7.375
2024_0412_14:02:57 17 -9.75 9.3
2024_0412_14:03:38 17 -5.35 -15.0
2024_0412_14:04:58 17 -7.5 8.6
2024_0412_14:05:07 17 9.975 -11.45
2024_0412_14:05:10 17 2.75 1.425
2024_0412_14:06:17 17 47.775 47.6
2024_0412_14:06:23 17 -5.375 5.6
2024_0412_14:06:32 17 3.175 3.45
2024_0412_14:07:08 17 0.05 -1.425
2024_0412_14:07:51 17 0.825 -0.525
2024_0412_14:08:01 17 9.0 31.175
2024_0412_14:08:36 17 29.925 33.475
2024_0412_14:09:04 17 -6.0 10.525
2024_0412_14:09:06 17 -2.5 -1.175
2024_0412_14:10:01 17 0.8 0.225
2024_0412_14:10:40 17 -24.75 24.525
2024_0412_14:11:08 17 32.4 33.275
2024_0412_14:13:05 17 -2.15 -0.85
2024_0412_14:13:10 17 1.45 1.25
2024_0412_14:13:11 17 -1.2 1.05
2024_0412_14:14:19 17 -0.2 -1.075
2024_0412_14:14:37 17 -9.675 8.3
2024_0412_14:15:11 17 0.25 -1.85
2024_0412_14:16:05 17 -3.5 1.75
2024_0412_14:16:20 17 13.05 31.875
2024_0412_14:17:04 17 33.2 32.175
2024_0412_14:17:12 17 32.0 29.375
2024_0412_14:17:17 17 -20.775 11.35
2024_0412_14:17:24 17 -0.5 2.625
2024_0412_14:18:05 17 2.0 -1.1
2024_0412_14:18:40 17 -1.725 -2.4
2024_0412_14:19:28 17 -2.975 -1.125
2024_0412_14:21:12 17 45.775 44.85
2024_0412_14:21:20 17 -3.1 -2.15
2024_0412_14:21:42 17 2.825 -0.175
2024_0412_14:22:27 17 9.55 7.25
2024_0412_14:22:31 17 0.1 -2.975
2024_0412_14:22:44 17 17.2 28.825
2024_0412_14:23:12 17 0.8 -1.45
2024_0412_14:24:11 17 5.0 0.875
2024_0412_14:25:04 17 1.175 -0.375
2024_0412_14:25:25 17 40.125 22.475
2024_0412_14:25:27 17 -2.275 -0.25
2024_0412_14:25:28 17 0.1 0.7
2024_0412_14:25:39 17 -3.7 2.375
2024_0412_14:26:13 17 43.175 41.875
2024_0412_14:27:41 17 12.325 -9.475
2024_0412_14:29:18 17 11.2 -11.125
2024_0412_14:29:30 17 49.525 -50.5
2024_0412_14:29:59 17 40.75 52.275
2024_0412_14:30:34 17 13.5 35.575
2024_0412_14:30:40 17 -12.2 6.225
2024_0412_14:30:58 17 42.775 -35.025
2024_0412_14:31:16 17 0.65 -2.625
2024_0412_14:32:19 17 12.2 11.025
2024_0412_14:33:18 17 8.025 8.25
2024_0412_14:33:34 17 -3.125 -0.9
2024_0412_14:33:39 17 9.675 30.825
2024_0412_14:33:42 18 31.75 -27.55
2024_0412_14:34:22 18 50.7 -6.05
2024_0412_14:35:51 18 19.7 24.3
2024_0412_14:36:02 18 44.05 -21.375
2024_0412_14:36:46 18 -8.425 12.7
2024_0412_14:37:32 18 4.6 3.0
2024_0412_14:37:37 18 3.65 -0.575
2024_0412_14:38:19 18 -0.1 -0.825
2024_0412_14:39:01 18 0.425 -4.6
2024_0412_14:39:05 18 22.5 33.65
2024_0412_14:39:14 18 48.125 48.325
2024_0412_14:39:30 18 14.025 30.0
2024_0412_14:40:34 18 -6.7 6.65
2024_0412_14:41:32 18 5.05 0.125
2024_0412_14:41:39 18 -0.85 3.825
2024_0412_14:41:47 18 12.6 25.325
2024_0412_14:42:09 18 21.45 25.65
2024_0412_14:42:28 18 2.725 -2.325
2024_0412_14:43:59 18 57.775 43.6
2024_0412_14:44:12 18 0.15 0.7
2024_0412_14:44:49 18 42.775 43.575
2024_0412_14:45:43 18 -5.925 6.9
2024_0412_14:45:54 18 -3.75 2.3
2024_0412_14:46:24 18 -9.775 8.225
2024_0412_14:47:21 18 24.7 28.75
2024_0412_14:47:24 18 -1.625 -2.55
2024_0412_14:47:35 18 -1.625 0.125
2024_0412_14:47:47 18 29.775 35.025
2024_0412_14:48:44 18 12.15 -12.2
2024_0412_14:49:44 18 0.75 2.45
2024_0412_14:49:56 18 -0.475 0.575
2024_0412_14:50:01 18 31.025 22.8
2024_0412_14:50:17 18 -6.075 5.175
2024_0412_14:50:33 18 -0.825 -1.225
2024_0412_14:52:05 18 47.4 -23.325
2024_0412_14:52:48 18 41.875 46.025
2024_0412_14:53:49 18 0.3 5.275
2024_0412_14:54:09 18 -1.0 1.05
2024_0412_14:54:21 18 -18.725 -11.7
2024_0412_14:55:19 18 20.325 21.725
2024_0412_14:55:29 18 1.125 0.65
2024_0412_14:55:35 18 1.275 0.75
2024_0412_14:55:50 18 46.1 49.175
2024_0412_14:56:39 18 1.7 25.475
2024_0412_14:57:48 18 49.475 48.75
2024_0412_14:57:51 18 -0.575 -0.825
2024_0412_14:58:04 18 11.025 -5.65
2024_0412_14:58:07 18 -14.1 39.175
2024_0412_14:58:18 18 0.05 -1.475
2024_0412_14:58:34 18 6.85 -4.925
2024_0412_15:00:17 18 -6.475 25.925
2024_0412_15:00:57 18 0.2 -0.325
2024_0412_15:01:59 18 30.55 11.65
2024_0412_15:02:19 18 -31.9 41.525
2024_0412_15:02:27 18 -11.5 20.65
2024_0412_15:03:27 18 12.05 11.95
2024_0412_15:03:33 18 99.975 -99.975
2024_0412_15:04:07 18 0.2 -0.05
2024_0412_15:04:49 18 0.95 -0.3
2024_0412_15:05:41 18 -39.6 38.35
2024_0412_15:05:56 18 38.225 39.4
2024_0412_15:05:57 18 57.375 23.525
2024_0412_15:06:06 18 0.025 -0.275
2024_0412_15:06:22 18 2.075 3.65
2024_0412_15:06:22 18 31.475 10.45
2024_0412_15:06:41 18 27.05 32.4
2024_0412_15:08:47 18 42.0 32.925
2024_0412_15:09:08 18 13.2 2.75
2024_0412_15:10:18 18 -20.15 22.525
2024_0412_15:10:28 18 -13.05 12.7
2024_0412_15:10:29 18 -2.35 3.7
2024_0412_15:11:40 18 51.575 47.25
2024_0412_15:12:11 18 14.125 68.775
2024_0412_15:12:52 18 49.225 48.55
2024_0412_15:14:03 18 1.05 -1.3
2024_0412_15:14:07 18 -5.2 -0.575
2024_0412_15:14:13 18 49.475 46.4
2024_0412_15:14:25 18 -14.525 13.775
2024_0412_15:14:25 18 2.05 3.1
2024_0412_15:15:02 18 30.2 30.35
2024_0412_15:16:51 18 7.6 6.1
2024_0412_15:17:26 18 -11.975 6.075
2024_0412_15:18:23 18 27.425 27.4
2024_0412_15:18:30 18 -1.125 2.6
2024_0412_15:18:32 18 -8.1 12.775
2024_0412_15:18:40 18 0.275 -1.975
2024_0412_15:20:02 18 0.0 99.95
2024_0412_15:20:23 18 41.8 44.625
2024_0412_15:21:03 18 15.425 41.4
2024_0412_15:21:34 18 43.325 41.225
2024_0412_15:22:12 18 1.45 0.475
2024_0412_15:22:19 18 -0.1 0.35
2024_0412_15:22:23 18 46.775 47.225
2024_0412_15:22:34 18 -35.975 45.35
2024_0412_15:23:04 18 -1.8 2.375
2024_0412_15:23:36 18 4.175 1.725
2024_0412_15:24:57 18 -1.375 -1.125
2024_0412_15:25:36 18 1.15 0.7
2024_0412_15:26:28 18 9.1 -11.05
2024_0412_15:26:40 18 30.075 7.1
2024_0412_15:26:47 18 30.325 32.925
2024_0412_15:26:51 18 0.15 2.3
2024_0412_15:28:27 18 32.325 36.15
2024_0412_15:28:32 18 1.2 0.5
2024_0412_15:29:09 18 1.95 2.325
2024_0412_15:30:01 18 53.625 52.275
2024_0412_15:30:16 18 -0.325 13.0
2024_0412_15:30:25 18 99.9 49.95
2024_0412_15:30:28 18 56.65 24.35
2024_0412_15:30:42 18 5.95 6.125
2024_0412_15:31:06 18 -0.225 0.0
2024_0412_15:31:42 18 99.9 -50.0
2024_0412_15:33:10 18 -0.25 -0.425
2024_0412_15:33:59 18 47.1 -16.625
2024_0412_15:34:48 18 1.125 1.7
2024_0412_15:34:48 18 13.7 -5.2
2024_0412_15:34:53 18 12.775 8.45
2024_0412_15:34:57 18 2.25 -2.525
2024_0412_15:36:38 18 -5.075 -0.125
2024_0412_15:36:39 18 1.775 -1.175
2024_0412_15:37:15 18 13.65 -15.325
2024_0412_15:38:11 18 30.95 20.775
2024_0412_15:38:37 18 0.7 1.15
2024_0412_15:38:38 18 19.75 28.375
2024_0412_15:38:54 18 -1.625 0.15
2024_0412_15:38:55 18 21.95 -6.625
2024_0412_15:39:17 18 1.0 0.325
2024_0412_15:39:53 18 -2.325 3.25
2024_0412_15:41:17 18 -1.825 1.5
2024_0412_15:42:06 18 25.825 27.575
2024_0412_15:43:04 18 0.125 -1.425
2024_0412_15:43:08 18 45.25 48.35
2024_0412_15:43:23 18 -0.675 0.2
2024_0412_15:43:24 18 27.525 31.9
2024_0412_15:44:43 18 49.525 49.225
2024_0412_15:44:44 18 46.05 44.125
2024_0412_15:45:18 18 -6.675 12.0
2024_0412_15:46:18 18 33.575 23.425
2024_0412_15:46:39 18 9.6 -9.5
2024_0412_15:46:39 18 50.325 41.25
2024_0412_15:46:59 18 1.425 1.6
2024_0412_15:47:03 18 3.25 -1.4
2024_0412_15:47:54 18 1.675 -0.025
2024_0412_15:49:20 18 -45.975 46.2
2024_0412_15:50:08 18 8.675 9.65
2024_0412_15:51:19 18 28.725 -3.5
2024_0412_15:51:26 18 -8.55 9.5
2024_0412_15:51:32 18 -0.675 2.0
2024_0412_15:52:42 18 7.925 -7.675
2024_0412_15:52:51 18 -20.575 24.1
2024_0412_15:53:37 18 48.05 39.675
2024_0412_15:54:23 18 -1.675 0.85
2024_0412_15:55:00 18 49.975 -99.8
2024_0412_15:55:01 18 37.175 39.45
2024_0412_15:55:03 18 -0.025 -2.575
2024_0412_15:55:12 18 -2.075 -1.475
2024_0412_15:55:15 18 -2.0 -2.275
2024_0412_15:56:05 18 0.275 0.675
2024_0412_15:57:28 18 43.775 -27.3
2024_0412_15:57:31 18 11.425 -11.425
2024_0412_15:58:17 18 0.9 -0.7
2024_0412_15:59:32 18 37.35 35.875
2024_0412_15:59:35 18 17.925 -16.25
2024_0412_15:59:44 18 9.6 11.575
2024_0412_16:00:52 18 -11.8 30.425
2024_0412_16:01:07 18 0.45 -2.025
2024_0412_16:01:55 18 12.175 35.75
2024_0412_16:02:40 18 1.375 0.525
2024_0412_16:03:08 19 42.725 54.95
2024_0412_16:03:08 19 1.25 -1.6
2024_0412_16:03:29 19 -3.575 -1.25
2024_0412_16:03:30 19 2.425 -1.75
2024_0412_16:04:11 19 1.5 -2.175
2024_0412_16:05:34 19 7.525 -1.5
2024_0412_16:05:51 19 2.125 1.425
2024_0412_16:06:47 19 27.475 33.1
2024_0412_16:07:50 19 56.125 11.75
2024_0412_16:08:01 19 -0.5 0.625
2024_0412_16:08:01 19 -13.325 15.525
2024_0412_16:09:05 19 31.85 22.25
2024_0412_16:09:18 19 36.675 28.35
2024_0412_16:10:14 19 39.9 25.4
2024_0412_16:11:18 19 -1.325 0.325
2024_0412_16:11:26 19 39.625 34.275
2024_0412_16:11:41 19 -2.375 0.5
2024_0412_16:11:47 19 0.3 0.25
2024_0412_16:11:59 19 0.35 2.5
2024_0412_16:12:40 19 -1.9 0.425
2024_0412_16:13:39 19 -1.2 1.525
2024_0412_16:13:57 19 -2.375 -0.775
2024_0412_16:14:48 19 -9.65 9.6
2024_0412_16:15:48 19 1.8 0.175
2024_0412_16:15:54 19 -1.075 1.425
2024_0412_16:16:05 19 42.825 31.825
2024_0412_16:17:02 19 2.625 3.075
2024_0412_16:17:17 19 32.575 28.725
2024_0412_16:18:25 19 -0.05 -0.525
2024_0412_16:19:09 19 -0.225 2.825
2024_0412_16:19:12 19 28.45 37.8
2024_0412_16:19:25 19 1.475 -1.8
2024_0412_16:19:32 19 0.1 -0.95
2024_0412_16:19:59 19 28.9 43.075
2024_0412_16:20:33 19 7.1 6.825
2024_0412_16:21:41 19 13.575 -15.475
2024_0412_16:22:39 19 23.775 -0.5
2024_0412_16:23:38 19 24.975 32.1
2024_0412_16:23:45 19 0.25 -1.65
2024_0412_16:23:50 19 -2.375 -1.3
2024_0412_16:25:02 19 1.625 1.025
2024_0412_16:25:10 19 1.425 3.225
2024_0412_16:26:00 19 0.525 0.6
2024_0412_16:27:00 19 -0.525 1.0
2024_0412_16:27:05 19 7.175 -11.825
2024_0412_16:27:22 19 5.15 -1.475
2024_0412_16:27:25 19 52.2 40.7
2024_0412_16:27:51 19 1.825 -3.45
2024_0412_16:28:28 19 15.525 -19.125
2024_0412_16:29:19 19 16.475 -17.6
2024_0412_16:29:28 19 15.05 11.9
2024_0412_16:30:28 19 -1.0 -1.2
2024_0412_16:31:27 19 -2.925 2.75
2024_0412_16:31:41 19 -3.65 -2.6
2024_0412_16:31:50 19 -14.175 14.65
2024_0412_16:32:37 19 4.15 8.625
2024_0412_16:33:06 19 2.1 2.325
2024_0412_16:33:07 19 -7.525 19.675
2024_0412_16:33:56 19 3.225 37.9
2024_0412_16:34:49 19 41.7 0.25
2024_0412_16:35:06 19 -0.875 -0.525
2024_0412_16:35:21 19 26.2 31.0
2024_0412_16:35:36 19 -1.9 -1.25
2024_0412_16:36:27 19 22.35 -20.45
2024_0412_16:37:11 19 48.275 47.425
2024_0412_16:37:36 19 3.125 -0.475
2024_0412_16:38:18 19 -3.2 -1.625
2024_0412_16:39:38 19 -1.525 9.85
2024_0412_16:39:42 19 8.325 10.95
2024_0412_16:40:38 19 44.825 44.675
2024_0412_16:41:03 19 2.325 1.525
2024_0412_16:41:06 19 26.275 33.475
2024_0412_16:41:14 19 0.0 -1.35
2024_0412_16:41:52 19 -1.525 2.075
2024_0412_16:42:38 19 -49.8 49.8
2024_0412_16:42:56 19 -1.975 4.075
2024_0412_16:43:17 19 -0.05 -2.95
2024_0412_16:43:43 19 -1.05 1.0
2024_0412_16:44:26 19 -0.05 2.725
2024_0412_16:44:59 19 49.0 -48.425
2024_0412_16:45:27 19 -0.35 -0.1
2024_0412_16:46:21 20 46.95 48.45
2024_0412_16:47:41 20 1.575 0.6
2024_0412_16:48:33 20 58.35 21.25
2024_0412_16:48:56 20 9.15 -3.525
2024_0412_16:48:57 20 19.55 27.825
2024_0412_16:49:14 20 0.475 0.4
2024_0412_16:49:47 20 3.85 16.35
2024_0412_16:50:31 20 6.725 16.275
2024_0412_16:50:44 20 49.975 -99.9
2024_0412_16:51:04 20 21.075 5.675
2024_0412_16:51:06 20 -0.1 0.25
2024_0412_16:51:45 20 -15.55 30.725
2024_0412_16:52:27 20 3.15 -1.575
2024_0412_16:52:48 20 -99.95 50.0
2024_0412_16:53:42 20 -6.45 17.1
2024_0412_16:54:12 20 -6.0 6.55
2024_0412_16:54:31 20 7.725 -5.225
2024_0412_16:55:30 20 -2.3 1.325
2024_0412_16:56:27 20 33.675 37.975
2024_0412_16:56:43 20 3.775 -5.5
2024_0412_16:56:52 20 2.9 5.3
2024_0412_16:57:29 20 16.725 20.1
2024_0412_16:58:13 20 6.525 7.4
2024_0412_16:58:39 20 43.175 51.4
2024_0412_16:58:41 20 39.675 28.275
2024_0412_16:58:52 20 1.725 -1.375
2024_0412_16:58:54 20 -1.45 0.975
2024_0412_16:59:41 20 -0.3 -0.125
2024_0412_17:00:22 20 -13.6 16.55
2024_0412_17:01:37 20 9.45 -5.425
2024_0412_17:02:12 20 -0.3 -1.55
2024_0412_17:02:17 20 8.925 -13.675
2024_0412_17:03:21 20 38.525 -17.9
2024_0412_17:04:22 20 19.175 -19.15
2024_0412_17:04:56 20 0.025 -0.025
2024_0412_17:05:24 20 40.95 43.525
2024_0412_17:05:57 20 32.9 30.575
2024_0412_17:06:27 20 1.025 -1.9
2024_0412_17:06:41 20 -11.0 12.925
2024_0412_17:06:44 20 1.275 -3.8
2024_0412_17:06:46 20 -5.75 1.7
2024_0412_17:07:38 20 22.45 27.975
2024_0412_17:07:53 20 13.45 29.775
2024_0412_17:08:12 20 46.825 46.325
2024_0412_17:09:28 20 49.975 99.95
2024_0412_17:09:59 20 1.85 -1.575
2024_0412_17:10:05 20 -3.3 3.75
2024_0412_17:10:06 20 49.7 -49.95
2024_0412_17:11:04 20 -2.325 -1.675
2024_0412_17:12:10 20 -0.225 -0.8
2024_0412_17:12:50 20 44.3 46.025
2024_0412_17:13:24 20 14.7 -3.55
2024_0412_17:13:57 20 3.6 9.1
2024_0412_17:14:18 20 51.775 40.5
2024_0412_17:14:28 20 3.525 1.3
2024_0412_17:14:38 20 49.325 34.875
2024_0412_17:14:48 20 8.55 42.05
2024_0412_17:15:42 20 -17.5 21.575
2024_0412_17:15:53 20 2.0 4.8
2024_0412_17:16:03 20 -5.35 30.375
2024_0412_17:17:28 20 -2.0 -1.7
2024_0412_17:17:52 20 8.475 10.525
2024_0412_17:18:02 20 6.925 9.275
2024_0412_17:18:11 20 37.225 35.825
2024_0412_17:19:33 20 8.15 10.575
2024_0412_17:19:54 20 49.9 -99.825
2024_0412_17:20:51 20 19.025 9.7
2024_0412_17:21:14 20 -20.0 19.225
2024_0412_17:21:47 20 6.9 -0.3
2024_0412_17:22:17 20 13.425 -10.625
2024_0412_17:22:23 20 -8.275 11.8
2024_0412_17:22:34 20 13.475 -9.075
2024_0412_17:23:46 20 0.525 -0.875
2024_0412_17:23:46 20 31.75 45.425
2024_0412_17:24:30 20 26.05 30.625
2024_0412_17:24:33 20 -1.975 -2.75
2024_0412_17:25:15 20 24.025 49.575
2024_0412_17:25:51 20 47.725 46.525
2024_0412_17:25:55 20 -25.225 75.45
2024_0412_17:26:03 20 0.725 -2.025
2024_0412_17:27:32 20 0.85 -0.35
2024_0412_17:27:55 20 2.575 5.675
2024_0412_17:28:40 20 49.975 49.975
2024_0412_17:29:07 20 14.1 64.3
2024_0412_17:29:54 20 40.65 -39.575
2024_0412_17:30:13 20 17.95 37.1
2024_0412_17:30:22 20 9.625 22.625
2024_0412_17:30:25 20 -3.85 -0.175
2024_0412_17:31:36 20 -2.8 -0.625
2024_0412_17:31:42 20 -1.0 -0.85
2024_0412_17:32:19 20 11.675 56.375
2024_0412_17:32:28 20 25.4 -27.0
2024_0412_17:33:19 20 -0.775 -1.0
2024_0412_17:33:44 20 5.85 19.275
2024_0412_17:33:49 20 45.125 -20.0
2024_0412_17:33:57 20 8.475 -8.45
2024_0412_17:35:33 20 -19.2 24.15
2024_0412_17:36:31 9 49.825 50.875
2024_0412_17:36:54 5 48.775 49.625
2024_0412_17:37:44 13 5.2 52.175
2024_0412_17:38:00 13 15.575 57.175
2024_0412_17:38:08 13 1.025 1.3
2024_0412_17:38:31 13 8.125 -9.475
2024_0412_17:39:31 13 7.9 7.4
2024_0412_17:39:33 14 30.8 27.0
2024_0412_17:40:18 14 1.175 -1.125
2024_0412_17:40:19 14 0.225 0.05
2024_0412_17:40:19 14 23.075 34.775
2024_0412_17:41:08 15 55.675 41.225
2024_0412_17:41:32 15 33.975 42.075
2024_0412_17:41:37 15 -2.125 2.25
2024_0412_17:41:41 15 -2.25 -1.15
2024_0412_17:43:21 15 45.35 49.05
2024_0412_17:44:17 15 -1.425 -0.1
2024_0412_17:44:45 15 57.375 46.2
2024_0412_17:45:47 16 40.375 -39.6
2024_0412_17:46:01 16 3.0 -1.8
2024_0412_17:46:16 15 44.825 33.825
2024_0412_17:46:24 16 16.7 -17.375
2024_0412_17:47:19 16 -10.95 11.125
2024_0412_17:47:21 16 -12.1 10.225
2024_0412_17:48:09 16 5.025 19.925
2024_0412_17:48:16 16 5.575 9.95
2024_0412_17:48:20 16 46.2 48.675
2024_0412_17:49:06 16 7.9 -8.45
2024_0412_17:49:18 17 1.7 -1.525
2024_0412_17:49:33 17 22.075 21.25
2024_0412_17:51:08 17 -0.875 0.275
2024_0412_17:52:08 17 15.6 21.75
2024_0412_17:52:34 17 35.05 1.175
2024_0412_17:53:35 17 0.7 1.35
2024_0412_17:53:42 17 49.975 -49.975
2024_0412_17:54:05 17 57.1 46.075
2024_0412_17:54:17 17 29.075 32.825
2024_0412_17:55:12 17 13.6 12.025
2024_0412_17:55:12 17 0.375 -1.7
2024_0412_17:56:02 17 45.775 47.15
2024_0412_17:56:14 18 0.0 -0.95
2024_0412_17:56:31 18 1.6 1.0
2024_0412_17:56:39 18 12.725 -9.875
2024_0412_17:56:53 18 12.25 -14.3
2024_0412_17:57:03 18 4.425 20.775
2024_0412_17:57:25 18 -0.45 -0.175
2024_0412_17:59:01 18 0.85 9.6
2024_0412_18:00:02 18 45.2 43.675
2024_0412_18:00:40 18 37.375 36.55
2024_0412_18:01:31 19 10.1 -9.65
2024_0412_18:01:33 19 30.2 -16.725
2024_0412_18:01:54 19 26.125 -26.6
2024_0412_18:02:22 19 23.125 28.15
2024_0412_18:03:01 19 4.025 -2.225
2024_0412_18:03:03 19 17.25 -15.75
2024_0412_18:04:04 19 1.025 0.25
2024_0412_18:04:05 19 1.825 2.35
2024_0412_18:04:32 19 36.525 39.425
2024_0412_18:04:37 19 0.525 1.6
2024_0412_18:04:38 19 6.0 -1.225
2024_0412_18:04:53 19 46.05 -38.7
2024_0412_18:05:15 19 -1.45 0.375
2024_0412_18:06:41 20 11.0 9.825
2024_0412_18:07:32 20 -31.425 29.3
2024_0412_18:08:06 20 -1.0 1.9
2024_0412_18:08:49 20 44.575 45.925
2024_0412_18:08:58 20 0.075 -2.15
2024_0412_18:09:15 20 -1.225 1.175
2024_0412_18:09:38 20 4.7 8.025
2024_0412_18:10:08 17 3.475 -12.05
