0.20683000000013646 0.11868500000004831 0.027855000000003193 0.006694999999999811 0.02275500000000163 0.021925000000001377 0.020545000000000955 0.020290000000000877 0.020255000000000866 0.007929999999999762 0.0439749999999993 0.03667500000000213 0.061654999999992445 0.05844999999999369 0.06654999999999617 0.050869999999996626 0.06415999999999378 0.06262999999999225 0.04189000000000011 0.03938000000000108 
2024_0411_20:57:00 4 90.265625 90.05625
2024_0411_20:57:00 8 90.71875 91.553125
2024_0411_20:57:01 3 87.8875 90.8125
2024_0411_20:57:01 1 92.365625 92.3
2024_0411_20:57:01 1 92.671875 92.653125
2024_0411_20:57:01 2 90.290625 90.684375
2024_0411_20:57:01 6 92.44375 92.721875
2024_0411_20:57:02 1 92.39375 92.66875
2024_0411_20:57:03 2 89.53125 88.84375
2024_0411_20:57:05 6 92.50625 92.434375
2024_0411_20:57:08 11 87.15 90.328125
2024_0411_20:57:09 9 92.990625 92.9375
2024_0411_20:57:16 11 0.328125 -0.75
2024_0411_20:57:22 7 90.34375 90.9
2024_0411_20:57:23 5 92.7875 92.59375
2024_0411_20:57:28 10 91.375 92.775
2024_0411_21:04:28 15 -0.671875 0.01875
2024_0411_21:04:31 13 55.9125 60.00625
2024_0411_21:04:31 16 0.709375 0.425
2024_0411_21:04:35 14 92.425 92.54375
2024_0411_21:04:35 13 -45.634375 49.815625
2024_0411_21:04:36 12 66.303125 -2.8375
2024_0411_21:04:41 17 1.096875 -0.540625
2024_0411_21:04:44 18 -9.465625 9.65625
2024_0411_21:04:44 17 0.475 0.63125
2024_0411_21:04:45 15 -0.009375 0.053125
2024_0411_21:04:50 20 -0.25 0.09375
2024_0411_21:05:01 18 27.759375 -23.215625
2024_0411_21:05:43 20 0.246875 0.4125
2024_0411_21:06:44 19 22.821875 16.621875
2024_0411_21:14:22 11 49.99375 99.9875
2024_0411_21:14:22 8 92.409375 91.621875
2024_0411_21:14:23 11 0.00625 -0.5
2024_0411_21:14:23 6 92.246875 92.8375
2024_0411_21:14:23 1 92.721875 92.68125
2024_0411_21:14:23 3 90.521875 90.64375
2024_0411_21:14:26 2 90.853125 89.3375
2024_0411_21:14:27 7 91.94375 92.496875
2024_0411_21:14:28 9 92.91875 92.684375
2024_0411_21:14:28 11 90.678125 91.253125
2024_0411_21:14:30 4 90.440625 90.628125
2024_0411_21:14:30 11 -0.925 1.05625
2024_0411_21:14:33 5 92.425 92.440625
2024_0411_21:14:33 11 0.0 -0.846875
2024_0411_21:14:40 10 92.21875 92.18125
2024_0411_21:15:16 11 -0.0375 0.43125
2024_0411_21:21:51 12 -16.378125 16.36875
2024_0411_21:21:52 15 -12.140625 35.590625
2024_0411_21:21:54 13 17.18125 66.940625
2024_0411_21:21:56 13 91.25 92.003125
2024_0411_21:21:57 13 10.784375 -11.540625
2024_0411_21:21:58 14 91.103125 93.9375
2024_0411_21:21:58 16 -3.00625 92.440625
2024_0411_21:21:58 13 -41.13125 46.04375
2024_0411_21:22:00 17 -0.85 0.5875
2024_0411_21:22:00 13 91.734375 89.1875
2024_0411_21:22:01 20 93.5375 92.2875
2024_0411_21:22:02 19 -0.134375 -0.471875
2024_0411_21:22:03 20 49.975 -49.959375
2024_0411_21:22:22 18 91.890625 91.840625
2024_0411_21:30:04 7 91.078125 89.9625
2024_0411_21:30:06 12 1.18125 0.35625
2024_0411_21:30:07 2 91.54375 91.578125
2024_0411_21:30:08 1 92.653125 92.56875
2024_0411_21:30:08 5 92.83125 92.50625
2024_0411_21:30:09 8 91.434375 92.184375
2024_0411_21:30:09 6 92.81875 92.428125
2024_0411_21:30:10 3 88.65625 87.165625
2024_0411_21:30:10 11 92.328125 94.153125
2024_0411_21:30:10 11 -0.315625 -0.24375
2024_0411_21:30:11 11 68.1875 28.30625
2024_0411_21:30:11 12 91.109375 89.240625
2024_0411_21:30:13 4 91.096875 88.659375
2024_0411_21:30:15 10 90.6375 89.990625
2024_0411_21:30:32 9 93.765625 92.503125
2024_0411_21:30:33 11 89.13125 89.271875
2024_0411_21:37:53 13 44.31875 -2.353125
2024_0411_21:37:56 13 92.46875 92.46875
2024_0411_21:37:56 13 91.665625 91.91875
2024_0411_21:37:56 14 -0.2625 -0.075
2024_0411_21:37:57 13 50.75625 -50.8125
2024_0411_21:37:59 13 -1.528125 1.765625
2024_0411_21:38:01 16 60.746875 80.125
2024_0411_21:38:01 15 91.13125 93.090625
2024_0411_21:38:02 16 -12.49375 61.834375
2024_0411_21:38:03 17 45.15 95.096875
2024_0411_21:38:07 16 0.4875 -0.7875
2024_0411_21:38:08 16 37.790625 18.496875
2024_0411_21:38:13 18 -72.009375 72.103125
2024_0411_21:38:20 18 -12.603125 13.00625
2024_0411_21:38:22 18 -1.346875 0.46875
2024_0411_21:38:26 18 1.340625 -0.00625
2024_0411_21:45:00 19 44.95625 -8.21875
2024_0411_21:45:02 20 -1.340625 -1.040625
2024_0411_21:45:03 18 -0.025 0.0
2024_0411_21:45:05 19 9.6375 -11.525
2024_0411_21:45:06 18 -7.615625 38.36875
2024_0411_21:45:07 20 0.95 -0.225
2024_0411_21:45:08 20 -2.975 2.690625
2024_0411_21:45:10 20 13.134375 -13.453125
2024_0411_21:52:59 8 92.2875 92.628125
2024_0411_21:52:59 2 77.184375 86.853125
2024_0411_21:52:59 11 0.34375 0.171875
2024_0411_21:52:59 1 92.5625 92.659375
2024_0411_21:52:59 6 92.625 92.553125
2024_0411_21:52:59 5 92.490625 92.80625
2024_0411_21:53:01 10 91.809375 92.528125
2024_0411_21:53:01 9 93.45 93.25
2024_0411_21:53:01 11 -0.146875 -0.240625
2024_0411_21:53:02 7 90.69375 89.975
2024_0411_21:53:05 11 90.1125 88.9125
2024_0411_21:53:05 11 -49.996875 49.996875
2024_0411_21:53:05 11 0.078125 -0.2125
2024_0411_21:53:08 11 0.0375 -0.284375
2024_0411_21:53:10 3 89.921875 89.715625
2024_0411_21:56:59 11 0.615625 0.55
2024_0411_22:00:44 11 0.315625 -0.05
2024_0411_22:00:47 12 91.98125 92.259375
2024_0411_22:00:48 11 -0.18125 -0.1875
2024_0411_22:00:48 13 90.34375 90.34375
2024_0411_22:00:49 12 -0.215625 0.415625
2024_0411_22:00:49 12 -13.3375 62.203125
2024_0411_22:00:51 12 89.228125 66.29375
2024_0411_22:00:51 12 88.909375 89.8
2024_0411_22:00:51 12 76.190625 88.309375
2024_0411_22:00:53 13 0.36875 1.715625
2024_0411_22:00:54 13 44.378125 9.7375
2024_0411_22:00:56 13 79.746875 85.703125
2024_0411_22:01:02 13 0.246875 0.553125
2024_0411_22:01:03 12 92.74375 92.240625
2024_0411_22:01:12 13 36.121875 36.203125
2024_0411_22:04:58 13 0.290625 -0.09375
2024_0411_22:08:34 13 90.83125 92.353125
2024_0411_22:08:34 13 -49.996875 -99.9875
2024_0411_22:08:35 13 53.340625 19.934375
2024_0411_22:08:35 13 4.396875 0.196875
2024_0411_22:08:38 14 -0.7 0.275
2024_0411_22:08:39 14 -0.16875 0.971875
2024_0411_22:08:39 14 88.1 90.3375
2024_0411_22:08:40 13 91.7875 92.609375
2024_0411_22:08:40 14 -0.7125 -1.359375
2024_0411_22:08:43 14 -11.990625 12.575
2024_0411_22:08:50 14 89.965625 90.825
2024_0411_22:08:51 14 -0.25625 -0.984375
2024_0411_22:09:00 14 81.11875 88.33125
2024_0411_22:09:09 14 1.25625 -0.6
2024_0411_22:09:18 14 92.24375 91.790625
2024_0411_22:12:49 14 92.675 89.075
2024_0411_22:16:27 15 89.2625 88.49375
2024_0411_22:16:32 14 90.7 90.20625
2024_0411_22:16:33 15 -0.44375 -0.540625
2024_0411_22:16:34 15 45.65 24.346875
2024_0411_22:16:36 15 -0.86875 -0.875
2024_0411_22:16:41 15 0.759375 2.571875
2024_0411_22:16:43 14 0.325 1.225
2024_0411_22:16:43 14 -0.259375 0.0625
2024_0411_22:16:45 15 89.490625 88.540625
2024_0411_22:16:48 15 -0.61875 -0.596875
2024_0411_22:16:51 15 0.109375 0.08125
2024_0411_22:16:58 15 -41.03125 45.31875
2024_0411_22:16:58 15 92.65 92.296875
2024_0411_22:17:07 15 -0.3125 0.425
2024_0411_22:20:47 15 92.1375 91.153125
2024_0411_22:23:24 16 33.340625 72.1875
2024_0411_22:24:20 16 90.284375 90.678125
2024_0411_22:24:22 16 8.2 -7.84375
2024_0411_22:24:24 16 15.7625 -16.96875
2024_0411_22:24:29 17 -0.1375 0.496875
2024_0411_22:24:30 16 16.125 15.61875
2024_0411_22:24:30 16 -6.184375 8.078125
2024_0411_22:24:34 16 -9.35625 10.421875
2024_0411_22:24:35 17 79.275 59.934375
2024_0411_22:24:35 17 0.5375 0.75625
2024_0411_22:24:40 17 -80.565625 80.25
2024_0411_22:24:46 17 49.99375 -49.99375
2024_0411_22:24:48 17 -8.503125 9.590625
2024_0411_22:24:57 17 0.146875 -0.1875
2024_0411_22:25:09 17 26.65 27.853125
2024_0411_22:28:46 17 11.86875 10.934375
2024_0411_22:32:13 18 -49.99375 -99.996875
2024_0411_22:32:13 18 -49.946875 99.96875
2024_0411_22:32:19 18 49.296875 -50.5375
2024_0411_22:32:22 18 91.284375 91.284375
2024_0411_22:32:22 18 92.4125 91.959375
2024_0411_22:32:28 18 41.240625 -39.0125
2024_0411_22:32:36 18 43.259375 -1.39375
2024_0411_22:32:38 18 -32.4375 25.8125
2024_0411_22:32:39 20 -0.603125 81.065625
2024_0411_22:32:48 19 35.15 44.31875
2024_0411_22:32:51 19 19.58125 33.940625
2024_0411_22:32:53 20 -1.1625 -1.009375
2024_0411_22:33:02 20 0.3375 -0.096875
2024_0411_22:35:02 20 1.878125 2.196875
2024_0411_22:36:10 20 -0.4625 -0.878125
2024_0411_22:36:22 20 -13.146875 11.921875
2024_0411_22:39:14 15 -0.8375 1.3
2024_0411_22:39:15 4 89.48125 89.38125
2024_0411_22:39:21 17 24.809375 -4.125
2024_0411_22:39:22 18 0.58125 0.29375
2024_0411_22:39:36 20 26.540625 -10.375
2024_0411_22:47:21 7 92.38125 92.43125
2024_0411_22:47:23 3 90.540625 86.925
2024_0411_22:47:24 11 -0.028125 -0.8125
2024_0411_22:47:25 5 92.25625 92.75
2024_0411_22:47:25 8 90.3 89.61875
2024_0411_22:47:25 11 -0.634375 0.959375
2024_0411_22:47:25 4 90.634375 90.04375
2024_0411_22:47:26 11 -1.33125 0.3875
2024_0411_22:47:27 11 -0.10625 -0.375
2024_0411_22:47:27 6 92.671875 92.528125
2024_0411_22:47:28 9 93.246875 93.146875
2024_0411_22:47:28 11 89.3875 90.21875
2024_0411_22:47:31 10 92.30625 92.0875
2024_0411_22:47:31 1 92.646875 92.59375
2024_0411_22:47:39 11 86.99375 89.8875
2024_0411_22:47:52 2 91.7875 91.528125
2024_0411_22:55:12 12 0.125 0.8625
2024_0411_22:55:12 11 92.809375 92.5375
2024_0411_22:55:12 12 -0.375 -1.11875
2024_0411_22:55:14 12 92.278125 91.703125
2024_0411_22:55:14 12 92.7125 92.453125
2024_0411_22:55:14 12 90.471875 88.959375
2024_0411_22:55:15 12 -1.228125 0.16875
2024_0411_22:55:15 12 72.753125 73.315625
2024_0411_22:55:17 13 -0.034375 0.0625
2024_0411_22:55:17 13 95.325 -83.034375
2024_0411_22:55:21 13 90.715625 90.9625
2024_0411_22:55:23 12 90.103125 90.265625
2024_0411_22:55:26 13 93.290625 92.828125
2024_0411_22:55:28 13 0.2375 0.203125
2024_0411_22:55:31 11 -0.571875 0.24375
2024_0411_22:55:43 13 0.165625 -0.90625
2024_0411_23:02:56 13 0.034375 -0.225
2024_0411_23:03:01 13 -0.109375 -0.25
2024_0411_23:03:02 13 -0.546875 -0.85625
2024_0411_23:03:03 13 -0.0375 0.290625
2024_0411_23:03:05 13 4.55625 20.790625
2024_0411_23:03:06 14 -99.990625 49.99375
2024_0411_23:03:08 13 15.33125 14.709375
2024_0411_23:03:08 14 93.2875 94.734375
2024_0411_23:03:09 14 -0.21875 0.1125
2024_0411_23:03:09 14 88.490625 89.690625
2024_0411_23:03:16 14 -7.321875 69.809375
2024_0411_23:03:16 14 87.909375 90.35
2024_0411_23:03:21 14 69.109375 70.00625
2024_0411_23:03:26 13 0.284375 0.43125
2024_0411_23:03:37 14 89.628125 88.925
2024_0411_23:03:37 14 0.39375 0.2625
2024_0411_23:10:48 15 -0.11875 -0.459375
2024_0411_23:10:48 14 0.3875 -0.303125
2024_0411_23:10:49 14 -49.9875 99.98125
2024_0411_23:10:52 14 92.034375 91.959375
2024_0411_23:10:54 15 0.303125 0.078125
2024_0411_23:10:59 15 88.928125 91.734375
2024_0411_23:11:00 15 -35.746875 36.84375
2024_0411_23:11:01 15 -76.528125 77.4125
2024_0411_23:11:02 15 -0.0875 0.5625
2024_0411_23:11:05 15 -1.396875 -1.309375
2024_0411_23:11:12 15 -0.990625 1.296875
2024_0411_23:11:14 15 -0.921875 0.04375
2024_0411_23:11:18 15 89.040625 88.696875
2024_0411_23:11:22 15 0.1875 -0.115625
2024_0411_23:11:26 15 1.559375 0.021875
2024_0411_23:11:45 15 90.7625 90.421875
2024_0411_23:18:35 16 -0.871875 -1.2125
2024_0411_23:18:40 16 -1.303125 -1.003125
2024_0411_23:18:41 16 -1.859375 -0.06875
2024_0411_23:18:45 16 0.2625 -1.69375
2024_0411_23:18:45 16 99.99375 -99.99375
2024_0411_23:18:46 16 9.60625 9.678125
2024_0411_23:18:49 16 -1.0625 -0.040625
2024_0411_23:18:51 16 0.871875 0.74375
2024_0411_23:18:55 17 19.4625 70.553125
2024_0411_23:19:07 17 89.346875 88.534375
2024_0411_23:19:15 17 93.446875 93.071875
2024_0411_23:19:15 17 -0.046875 -0.415625
2024_0411_23:19:22 17 9.903125 -10.09375
2024_0411_23:19:23 17 -1.25625 -0.775
2024_0411_23:19:47 18 -0.265625 0.328125
2024_0411_23:24:25 18 91.415625 42.484375
2024_0411_23:26:29 18 91.515625 92.440625
2024_0411_23:26:30 18 -12.903125 12.021875
2024_0411_23:26:35 18 -0.4875 -0.19375
2024_0411_23:26:36 18 -5.896875 5.234375
2024_0411_23:26:37 18 -0.384375 -0.64375
2024_0411_23:26:43 18 0.384375 0.1
2024_0411_23:26:51 18 -0.00625 0.0
2024_0411_23:26:52 18 89.75625 90.603125
2024_0411_23:26:52 18 90.125 90.91875
2024_0411_23:27:00 19 39.671875 -4.459375
2024_0411_23:27:01 19 -0.246875 0.01875
2024_0411_23:27:09 20 -14.090625 67.459375
2024_0411_23:27:21 19 0.15625 -0.515625
2024_0411_23:27:27 20 87.8125 87.415625
2024_0411_23:27:56 20 38.875 -6.346875
2024_0411_23:31:52 20 0.578125 44.93125
2024_0411_23:33:23 20 0.0 -99.99375
2024_0411_23:33:26 20 92.0125 91.85625
2024_0411_23:33:32 17 92.628125 92.621875
2024_0411_23:33:34 18 90.41875 90.64375
2024_0411_23:41:19 11 -0.090625 -0.4375
2024_0411_23:41:20 5 92.696875 92.478125
2024_0411_23:41:21 11 -0.178125 -0.865625
2024_0411_23:41:22 11 12.56875 10.634375
2024_0411_23:41:24 11 91.553125 92.30625
2024_0411_23:41:25 11 90.496875 90.640625
2024_0411_23:41:25 1 92.425 93.084375
2024_0411_23:41:27 7 90.640625 90.5375
2024_0411_23:41:28 4 88.115625 89.86875
2024_0411_23:41:28 3 87.109375 90.375
2024_0411_23:41:28 10 91.890625 91.26875
2024_0411_23:41:29 2 90.325 90.70625
2024_0411_23:41:31 8 90.321875 90.890625
2024_0411_23:41:39 11 0.43125 0.38125
2024_0411_23:41:40 9 93.23125 93.334375
2024_0411_23:41:50 6 92.371875 92.528125
2024_0411_23:49:06 11 -0.978125 0.015625
2024_0411_23:49:08 11 49.996875 -99.99375
2024_0411_23:49:09 11 -50.0 50.0
2024_0411_23:49:12 11 -0.35625 -0.8625
2024_0411_23:49:14 11 89.35625 90.134375
2024_0411_23:49:18 11 89.80625 90.175
2024_0411_23:49:19 11 92.771875 92.965625
2024_0411_23:49:20 11 92.5625 92.98125
2024_0411_23:49:21 11 49.99375 99.9875
2024_0411_23:49:22 11 1.99375 2.171875
2024_0411_23:49:24 12 96.159375 42.509375
2024_0411_23:49:28 11 92.684375 92.646875
2024_0411_23:49:31 12 72.328125 70.596875
2024_0411_23:49:31 12 91.95625 90.715625
2024_0411_23:49:32 11 -0.015625 -0.315625
2024_0411_23:49:41 12 -1.1625 0.715625
2024_0411_23:56:58 12 75.2375 90.778125
2024_0411_23:56:59 12 0.44375 -0.0875
2024_0411_23:56:59 12 91.921875 91.828125
2024_0411_23:57:01 12 -0.3625 0.290625
2024_0411_23:57:05 12 90.803125 90.7125
2024_0411_23:57:06 12 86.6 89.584375
2024_0411_23:57:10 12 13.30625 9.5375
2024_0411_23:57:11 12 0.8 -0.090625
2024_0411_23:57:13 12 90.771875 91.29375
2024_0411_23:57:14 12 -0.403125 0.73125
2024_0411_23:57:16 12 0.49375 0.578125
2024_0411_23:57:20 13 92.1625 92.3
2024_0411_23:57:21 13 91.865625 92.153125
2024_0411_23:57:34 13 26.8125 30.375
2024_0411_23:57:35 13 91.76875 91.003125
2024_0411_23:57:43 13 94.384375 91.2875
2024_0412_00:04:48 13 91.06875 91.3125
2024_0412_00:04:53 13 86.690625 92.4625
2024_0412_00:04:54 13 91.165625 44.821875
2024_0412_00:05:00 13 -0.359375 0.240625
2024_0412_00:05:00 13 0.128125 -0.6375
2024_0412_00:05:02 13 0.65 -0.821875
2024_0412_00:05:02 13 49.99375 99.9875
2024_0412_00:05:03 13 1.825 1.353125
2024_0412_00:05:04 13 90.6625 90.3875
2024_0412_00:05:05 13 -0.490625 -0.33125
2024_0412_00:05:05 13 92.8625 93.071875
2024_0412_00:05:10 13 90.48125 89.553125
2024_0412_00:05:11 13 -0.2625 -0.471875
2024_0412_00:05:25 13 86.30625 89.4875
2024_0412_00:05:30 13 0.465625 -1.290625
2024_0412_00:05:52 13 -1.225 0.059375
2024_0412_00:12:37 13 90.740625 90.56875
2024_0412_00:12:42 13 0.60625 0.321875
2024_0412_00:12:47 13 -0.640625 -0.090625
2024_0412_00:12:48 13 0.209375 -0.634375
2024_0412_00:12:52 14 30.0875 30.075
2024_0412_00:12:52 14 -0.621875 -1.496875
2024_0412_00:12:54 14 -8.41875 33.690625
2024_0412_00:12:55 14 20.15625 -18.778125
2024_0412_00:12:58 14 89.89375 88.721875
2024_0412_00:13:01 14 73.628125 72.65
2024_0412_00:13:02 14 8.528125 5.496875
2024_0412_00:13:05 14 90.41875 90.56875
2024_0412_00:13:18 14 92.046875 91.23125
2024_0412_00:13:40 14 99.99375 -49.996875
2024_0412_00:13:44 14 89.8375 90.66875
2024_0412_00:16:15 14 92.86875 92.571875
2024_0412_00:20:26 14 70.15 18.240625
2024_0412_00:20:32 14 -20.625 20.171875
2024_0412_00:20:34 14 85.978125 89.85625
2024_0412_00:20:39 14 93.509375 43.434375
2024_0412_00:20:42 14 11.8625 14.965625
2024_0412_00:20:42 14 51.928125 52.871875
2024_0412_00:20:43 14 -99.99375 -99.99375
2024_0412_00:20:44 14 92.509375 91.66875
2024_0412_00:20:47 14 -0.375 0.63125
2024_0412_00:20:51 14 19.56875 18.9
2024_0412_00:20:51 14 -0.25 -0.19375
2024_0412_00:20:56 14 92.3125 92.540625
2024_0412_00:21:26 15 0.05 -0.365625
2024_0412_00:21:39 15 76.6375 76.071875
2024_0412_00:21:56 15 89.021875 88.271875
2024_0412_00:24:08 15 13.240625 14.384375
2024_0412_00:28:15 15 26.784375 -26.846875
2024_0412_00:28:19 15 93.30625 93.41875
2024_0412_00:28:22 15 -92.9125 98.096875
2024_0412_00:28:27 15 -0.103125 -0.428125
2024_0412_00:28:36 15 -0.190625 -0.70625
2024_0412_00:28:39 15 1.21875 0.165625
2024_0412_00:28:40 15 43.95 -1.56875
2024_0412_00:28:42 15 -9.021875 10.509375
2024_0412_00:28:46 15 0.090625 -0.046875
2024_0412_00:28:56 15 90.275 82.55625
2024_0412_00:28:58 15 -1.41875 0.146875
2024_0412_00:29:11 15 0.365625 -0.825
2024_0412_00:29:17 15 73.490625 73.384375
2024_0412_00:29:25 15 -0.25625 -0.24375
2024_0412_00:29:45 15 0.1 -0.93125
2024_0412_00:31:55 15 0.040625 0.91875
2024_0412_00:35:58 15 55.28125 50.4875
2024_0412_00:36:12 15 90.975 87.765625
2024_0412_00:36:13 15 17.75 66.2375
2024_0412_00:36:24 15 92.703125 93.175
2024_0412_00:36:26 16 -11.221875 9.96875
2024_0412_00:36:31 16 -0.371875 1.059375
2024_0412_00:36:34 16 0.425 0.23125
2024_0412_00:36:36 16 -0.115625 49.24375
2024_0412_00:36:41 16 86.390625 13.321875
2024_0412_00:36:51 16 92.5625 92.375
2024_0412_00:36:53 16 92.846875 93.5125
2024_0412_00:36:54 16 0.178125 0.284375
2024_0412_00:37:14 16 89.884375 89.65625
2024_0412_00:37:27 16 33.04375 43.7875
2024_0412_00:37:35 16 33.2875 41.25625
2024_0412_00:39:40 16 -0.04375 -0.484375
2024_0412_00:43:42 16 -7.990625 8.1875
2024_0412_00:43:59 16 0.89375 0.03125
2024_0412_00:44:07 17 -0.25 0.65625
2024_0412_00:44:21 17 -0.08125 -0.875
2024_0412_00:44:24 17 0.015625 0.55
2024_0412_00:44:27 17 65.175 69.459375
2024_0412_00:44:29 17 -29.9625 55.696875
2024_0412_00:44:31 17 70.93125 70.66875
2024_0412_00:44:38 17 0.309375 1.153125
2024_0412_00:44:41 17 92.315625 92.91875
2024_0412_00:44:43 17 73.615625 89.103125
2024_0412_00:45:15 17 40.371875 11.45625
2024_0412_00:45:17 17 2.01875 -1.065625
2024_0412_00:45:36 17 94.04375 -1.51875
2024_0412_00:47:29 17 11.775 12.421875
2024_0412_00:48:20 17 1.065625 -0.190625
2024_0412_00:51:54 17 11.296875 11.715625
2024_0412_00:52:13 17 9.503125 4.528125
2024_0412_00:52:16 18 -0.053125 -0.821875
2024_0412_00:52:21 17 14.834375 -14.240625
2024_0412_00:52:25 18 0.0 0.196875
2024_0412_00:52:26 18 0.85625 -0.89375
2024_0412_00:52:32 18 -20.115625 21.01875
2024_0412_00:52:32 18 0.925 -0.4375
2024_0412_00:52:46 18 0.278125 0.18125
2024_0412_00:53:03 18 13.26875 -13.24375
2024_0412_00:53:25 18 93.275 92.875
2024_0412_00:55:23 18 89.04375 89.621875
2024_0412_00:55:38 18 -0.040625 0.171875
2024_0412_00:56:04 18 2.10625 -0.50625
2024_0412_00:56:07 18 89.953125 90.55
2024_0412_00:57:43 18 -49.54375 49.615625
2024_0412_00:59:54 18 28.221875 -27.721875
2024_0412_00:59:56 18 99.99375 99.99375
2024_0412_01:00:05 18 -0.28125 -0.203125
2024_0412_01:00:15 18 -14.196875 31.384375
2024_0412_01:00:17 18 -10.490625 9.828125
2024_0412_01:00:29 18 0.11875 -0.26875
2024_0412_01:00:30 18 93.0 93.41875
2024_0412_01:00:35 18 -0.175 -0.40625
2024_0412_01:00:50 18 74.359375 38.4375
2024_0412_01:01:13 18 90.00625 91.046875
2024_0412_01:03:19 18 90.384375 89.934375
2024_0412_01:03:30 19 7.6625 79.128125
2024_0412_01:03:57 19 97.175 -34.340625
2024_0412_01:04:04 19 -0.16875 0.296875
2024_0412_01:05:29 19 19.65 -20.253125
2024_0412_01:07:30 19 -28.215625 48.709375
2024_0412_01:07:44 19 84.525 91.921875
2024_0412_01:07:50 20 36.59375 36.775
2024_0412_01:07:57 20 -0.059375 2.284375
2024_0412_01:08:07 20 8.94375 -8.15
2024_0412_01:08:10 20 75.559375 61.13125
2024_0412_01:08:26 20 88.140625 90.309375
2024_0412_01:08:29 20 70.76875 17.421875
2024_0412_01:08:36 20 -0.09375 -0.88125
2024_0412_01:08:45 20 -14.821875 16.153125
2024_0412_01:09:04 20 73.075 72.690625
2024_0412_01:11:08 20 -0.146875 -0.025
2024_0412_01:11:41 20 -1.596875 0.721875
2024_0412_01:11:44 20 -0.95625 47.871875
2024_0412_01:12:33 20 99.99375 -99.99375
2024_0412_01:12:58 14 87.459375 9.2
2024_0412_01:14:51 15 89.41875 89.725
2024_0412_01:15:08 17 15.54375 -9.28125
2024_0412_01:15:13 17 0.709375 -0.60625
2024_0412_01:15:17 17 9.71875 -9.76875
2024_0412_01:15:25 17 13.303125 -13.7125
2024_0412_01:15:35 17 90.08125 90.478125
2024_0412_01:15:42 18 -8.934375 9.071875
2024_0412_01:15:49 18 47.646875 -42.746875
2024_0412_01:15:52 20 62.89375 83.9125
2024_0412_01:23:26 11 -0.228125 -0.46875
2024_0412_01:23:28 6 92.390625 92.425
2024_0412_01:23:29 1 93.0625 92.421875
2024_0412_01:23:29 11 92.525 -23.971875
2024_0412_01:23:29 11 0.540625 0.065625
2024_0412_01:23:32 5 92.56875 92.678125
2024_0412_01:23:32 2 90.3375 90.265625
2024_0412_01:23:32 4 89.871875 90.25
2024_0412_01:23:32 11 90.465625 88.771875
2024_0412_01:23:34 7 92.35625 92.2875
2024_0412_01:23:35 11 -0.209375 -0.490625
2024_0412_01:23:35 10 92.65625 92.196875
2024_0412_01:23:37 11 -1.321875 -0.015625
2024_0412_01:23:38 8 92.634375 91.9125
2024_0412_01:23:39 3 90.9125 89.54375
2024_0412_01:23:45 9 93.228125 92.934375
2024_0412_01:30:59 11 -0.85 0.490625
2024_0412_01:31:05 11 0.64375 -0.171875
2024_0412_01:31:05 11 88.50625 89.521875
2024_0412_01:31:07 11 -0.928125 -0.2375
2024_0412_01:31:08 11 90.740625 91.125
2024_0412_01:31:08 11 -0.228125 -0.2625
2024_0412_01:31:10 11 -0.028125 -0.84375
2024_0412_01:31:10 11 -0.38125 -1.390625
2024_0412_01:31:10 11 0.303125 0.50625
2024_0412_01:31:16 11 90.578125 89.4875
2024_0412_01:31:17 11 89.43125 90.74375
2024_0412_01:31:17 12 91.903125 92.165625
2024_0412_01:31:18 11 49.996875 -99.99375
2024_0412_01:31:20 12 91.940625 92.175
2024_0412_01:31:23 12 85.596875 89.434375
2024_0412_01:31:25 12 -22.315625 22.259375
2024_0412_01:38:36 12 90.50625 90.7625
2024_0412_01:38:45 12 -0.48125 -0.103125
2024_0412_01:38:46 12 0.009375 -0.7
2024_0412_01:38:49 12 -0.43125 0.10625
2024_0412_01:38:50 12 -0.278125 0.253125
2024_0412_01:38:51 12 0.53125 0.4625
2024_0412_01:38:51 12 46.2 45.86875
2024_0412_01:38:52 12 92.0875 89.871875
2024_0412_01:38:53 12 0.8125 0.515625
2024_0412_01:38:57 12 88.43125 89.965625
2024_0412_01:38:58 13 0.546875 -0.11875
2024_0412_01:38:59 12 41.81875 39.99375
2024_0412_01:38:59 13 73.54375 73.521875
2024_0412_01:39:07 13 -0.421875 0.5
2024_0412_01:39:07 13 33.10625 -5.659375
2024_0412_01:39:15 13 3.7875 5.596875
2024_0412_01:46:17 13 88.675 77.984375
2024_0412_01:46:21 13 49.996875 -49.996875
2024_0412_01:46:27 13 0.1875 -0.246875
2024_0412_01:46:27 13 1.071875 0.91875
2024_0412_01:46:30 13 -0.646875 0.153125
2024_0412_01:46:31 13 -99.9875 -99.9875
2024_0412_01:46:32 13 4.040625 -0.384375
2024_0412_01:46:33 13 1.503125 -0.971875
2024_0412_01:46:34 13 10.021875 -9.2
2024_0412_01:46:36 13 45.13125 44.5
2024_0412_01:46:36 13 86.540625 86.35625
2024_0412_01:46:44 13 91.190625 91.4875
2024_0412_01:46:47 13 0.509375 1.396875
2024_0412_01:46:50 13 0.096875 0.0875
2024_0412_01:46:50 13 91.246875 92.084375
2024_0412_01:46:55 13 92.278125 92.534375
2024_0412_01:54:05 13 89.75 89.125
2024_0412_01:54:06 13 -1.10625 1.184375
2024_0412_01:54:08 14 0.303125 -0.1625
2024_0412_01:54:10 13 0.953125 0.653125
2024_0412_01:54:10 14 29.709375 26.8625
2024_0412_01:54:11 14 0.528125 0.734375
2024_0412_01:54:12 14 13.121875 16.21875
2024_0412_01:54:13 14 -7.159375 55.390625
2024_0412_01:54:14 14 21.615625 22.86875
2024_0412_01:54:14 14 0.159375 -0.128125
2024_0412_01:54:24 14 90.93125 89.753125
2024_0412_01:54:26 14 0.071875 0.19375
2024_0412_01:54:29 14 -99.99375 -99.99375
2024_0412_01:54:30 14 90.225 91.565625
2024_0412_01:54:30 14 86.796875 89.125
2024_0412_01:54:34 14 0.25 0.30625
2024_0412_02:01:45 14 42.4625 42.403125
2024_0412_02:01:47 14 42.76875 -43.859375
2024_0412_02:01:49 14 -20.140625 19.853125
2024_0412_02:01:50 14 -0.509375 0.384375
2024_0412_02:01:54 14 -21.103125 22.675
2024_0412_02:01:55 14 89.984375 89.684375
2024_0412_02:01:56 14 88.359375 91.103125
2024_0412_02:01:56 14 1.103125 -0.003125
2024_0412_02:01:57 14 92.66875 92.759375
2024_0412_02:01:58 14 -0.35 -0.34375
2024_0412_02:02:02 14 -0.61875 0.38125
2024_0412_02:02:07 14 49.96875 -49.9875
2024_0412_02:02:10 15 0.153125 -1.278125
2024_0412_02:02:11 15 0.20625 0.06875
2024_0412_02:02:13 15 88.50625 88.35625
2024_0412_02:07:14 15 -0.4625 -0.446875
2024_0412_02:09:28 15 92.78125 90.68125
2024_0412_02:09:30 15 -0.140625 1.103125
2024_0412_02:09:33 15 38.3875 38.421875
2024_0412_02:09:36 15 -0.496875 -0.659375
2024_0412_02:09:38 15 69.58125 70.815625
2024_0412_02:09:38 15 90.478125 89.725
2024_0412_02:09:39 15 48.65625 -32.621875
2024_0412_02:09:40 15 1.090625 1.009375
2024_0412_02:09:42 15 72.74375 74.19375
2024_0412_02:09:45 15 -0.184375 -0.25625
2024_0412_02:09:48 15 -0.175 -0.303125
2024_0412_02:09:50 15 0.10625 -0.434375
2024_0412_02:09:53 15 43.140625 88.66875
2024_0412_02:09:56 15 87.54375 87.09375
2024_0412_02:09:57 15 60.796875 61.065625
2024_0412_02:14:53 15 12.465625 6.475
2024_0412_02:17:04 15 49.996875 49.996875
2024_0412_02:17:14 15 42.4125 42.2
2024_0412_02:17:17 16 -8.8125 30.671875
2024_0412_02:17:18 16 0.584375 0.7
2024_0412_02:17:19 16 -1.384375 -0.628125
2024_0412_02:17:21 15 1.490625 -0.85
2024_0412_02:17:23 16 -5.4 48.7375
2024_0412_02:17:24 16 92.675 92.115625
2024_0412_02:17:25 16 -0.775 2.1
2024_0412_02:17:31 16 -99.9875 -99.98125
2024_0412_02:17:36 16 2.24375 29.878125
2024_0412_02:17:36 16 46.175 45.915625
2024_0412_02:17:46 16 -18.615625 86.140625
2024_0412_02:18:47 16 89.303125 90.621875
2024_0412_02:22:08 16 82.821875 64.61875
2024_0412_02:22:34 16 5.834375 -17.04375
2024_0412_02:24:42 17 -0.36875 1.66875
2024_0412_02:24:58 17 0.0625 -1.14375
2024_0412_02:24:58 17 89.634375 75.528125
2024_0412_02:25:00 17 68.359375 66.88125
2024_0412_02:25:00 17 17.64375 16.45
2024_0412_02:25:02 17 0.403125 0.08125
2024_0412_02:25:06 17 39.90625 48.721875
2024_0412_02:25:09 17 0.2875 -0.0125
2024_0412_02:25:16 17 27.9 27.8375
2024_0412_02:25:20 17 8.671875 4.0375
2024_0412_02:25:22 17 0.2125 1.64375
2024_0412_02:25:40 17 15.825 27.175
2024_0412_02:26:33 17 0.040625 0.025
2024_0412_02:29:11 17 -0.55625 -0.715625
2024_0412_02:29:45 17 67.0375 -7.684375
2024_0412_02:30:16 17 98.09375 -7.13125
2024_0412_02:32:21 17 -0.125 0.7
2024_0412_02:32:38 17 23.490625 42.084375
2024_0412_02:32:40 18 -21.73125 22.334375
2024_0412_02:32:43 17 98.55 -35.875
2024_0412_02:32:43 18 -0.25 -0.496875
2024_0412_02:32:49 18 -0.59375 -1.475
2024_0412_02:32:53 18 99.98125 -49.990625
2024_0412_02:32:54 18 -34.3625 46.028125
2024_0412_02:32:57 18 13.946875 13.575
2024_0412_02:33:09 18 0.296875 -1.10625
2024_0412_02:33:11 18 71.58125 70.796875
2024_0412_02:33:24 18 0.375 -0.75
2024_0412_02:34:31 18 16.61875 15.6875
2024_0412_02:36:51 18 -99.978125 99.990625
2024_0412_02:37:40 18 71.2125 70.49375
2024_0412_02:37:55 18 0.721875 0.565625
2024_0412_02:39:56 18 0.04375 -0.35
2024_0412_02:40:18 18 19.89375 -21.95
2024_0412_02:40:23 18 -0.45 0.225
2024_0412_02:40:31 18 44.71875 44.9
2024_0412_02:40:34 18 89.81875 90.246875
2024_0412_02:40:37 18 0.33125 -0.015625
2024_0412_02:40:39 18 -0.246875 0.234375
2024_0412_02:40:41 18 91.346875 91.603125
2024_0412_02:40:49 18 -10.59375 9.1125
2024_0412_02:40:54 18 91.85 92.775
2024_0412_02:40:58 19 45.078125 45.25625
2024_0412_02:41:09 19 89.59375 89.821875
2024_0412_02:42:19 19 48.659375 46.365625
2024_0412_02:44:42 19 90.721875 87.71875
2024_0412_02:45:30 19 61.2125 90.740625
2024_0412_02:45:40 19 -15.746875 31.05625
2024_0412_02:47:40 19 0.871875 7.621875
2024_0412_02:48:00 19 -0.0375 0.90625
2024_0412_02:48:08 19 0.1625 -0.09375
2024_0412_02:48:15 19 25.475 -25.64375
2024_0412_02:48:22 20 8.16875 13.759375
2024_0412_02:48:24 20 43.025 46.475
2024_0412_02:48:32 20 50.78125 73.3125
2024_0412_02:48:35 20 71.8875 71.9875
2024_0412_02:48:38 20 0.96875 -0.715625
2024_0412_02:48:46 20 0.70625 -0.1625
2024_0412_02:48:47 20 13.471875 11.75625
2024_0412_02:49:11 20 86.45625 88.528125
2024_0412_02:50:07 20 90.6875 90.403125
2024_0412_02:52:56 20 9.7875 -10.2625
2024_0412_02:54:47 20 -53.75625 74.5375
2024_0412_02:54:56 20 10.965625 14.0
2024_0412_02:55:17 15 40.290625 39.165625
2024_0412_02:55:26 16 0.51875 0.659375
2024_0412_02:55:36 16 89.10625 90.153125
2024_0412_02:55:38 17 9.73125 -8.525
2024_0412_02:55:48 18 0.740625 1.215625
2024_0412_02:55:52 20 -0.9125 -0.725
2024_0412_02:56:55 20 90.459375 42.428125
2024_0412_02:58:40 16 93.065625 92.98125
2024_0412_03:06:18 7 89.340625 89.31875
2024_0412_03:06:18 11 -0.059375 1.053125
2024_0412_03:06:18 11 -3.096875 45.009375
2024_0412_03:06:19 11 88.075 90.1
2024_0412_03:06:20 11 -24.74375 92.525
2024_0412_03:06:20 5 92.665625 92.684375
2024_0412_03:06:21 8 91.503125 91.584375
2024_0412_03:06:22 3 90.415625 88.0375
2024_0412_03:06:23 9 93.275 92.209375
2024_0412_03:06:23 4 89.528125 89.846875
2024_0412_03:06:24 6 92.8 92.484375
2024_0412_03:06:24 1 92.55625 92.25625
2024_0412_03:06:24 2 92.228125 92.66875
2024_0412_03:06:25 11 0.36875 0.0
2024_0412_03:06:27 9 93.2125 93.35625
2024_0412_03:06:35 10 92.18125 90.29375
2024_0412_03:13:56 11 -0.109375 0.059375
2024_0412_03:13:57 11 -0.815625 0.421875
2024_0412_03:13:58 11 0.7625 0.396875
2024_0412_03:13:58 11 93.38125 92.715625
2024_0412_03:14:00 11 89.234375 89.0
2024_0412_03:14:00 11 90.503125 89.65625
2024_0412_03:14:01 11 0.453125 -0.278125
2024_0412_03:14:02 11 92.2625 92.421875
2024_0412_03:14:03 11 0.275 0.15625
2024_0412_03:14:03 11 92.096875 91.9
2024_0412_03:14:07 11 0.5375 1.20625
2024_0412_03:14:07 11 -0.115625 0.375
2024_0412_03:14:08 11 90.703125 87.6875
2024_0412_03:14:11 11 90.490625 89.040625
2024_0412_03:14:14 11 -0.840625 -0.3625
2024_0412_03:14:18 11 0.03125 -0.396875
2024_0412_03:21:33 11 91.459375 90.7875
2024_0412_03:21:34 11 89.81875 90.73125
2024_0412_03:21:37 11 92.559375 90.74375
2024_0412_03:21:37 12 -0.753125 2.696875
2024_0412_03:21:39 12 -0.1375 0.4375
2024_0412_03:21:43 12 90.521875 89.471875
2024_0412_03:21:45 12 -1.19375 -0.0125
2024_0412_03:21:46 11 92.625 92.91875
2024_0412_03:21:47 12 -0.465625 0.121875
2024_0412_03:21:47 11 22.23125 23.190625
2024_0412_03:21:48 12 92.909375 92.2
2024_0412_03:21:49 12 0.4125 0.234375
2024_0412_03:21:51 12 89.875 94.19375
2024_0412_03:21:54 12 18.428125 17.821875
2024_0412_03:21:54 12 93.1 93.6375
2024_0412_03:22:02 12 -0.390625 0.51875
2024_0412_03:29:11 12 -0.396875 0.25625
2024_0412_03:29:12 12 90.70625 90.79375
2024_0412_03:29:14 12 -0.11875 0.08125
2024_0412_03:29:15 12 0.05625 -1.2125
2024_0412_03:29:19 12 -99.9875 49.99375
2024_0412_03:29:22 12 90.253125 90.25625
2024_0412_03:29:24 12 0.4375 -0.196875
2024_0412_03:29:27 12 92.51875 91.871875
2024_0412_03:29:28 12 89.259375 89.80625
2024_0412_03:29:29 12 0.03125 0.134375
2024_0412_03:29:34 13 89.99375 89.828125
2024_0412_03:29:34 13 99.99375 99.9875
2024_0412_03:29:35 12 0.240625 0.015625
2024_0412_03:29:35 13 92.2875 91.9
2024_0412_03:29:36 13 92.428125 92.534375
2024_0412_03:29:50 13 92.496875 92.94375
2024_0412_03:36:50 13 49.9875 49.990625
2024_0412_03:36:51 13 0.771875 0.5
2024_0412_03:36:52 13 0.4125 0.09375
2024_0412_03:36:59 13 10.115625 -10.25625
2024_0412_03:36:59 13 90.965625 90.73125
2024_0412_03:37:03 13 0.309375 0.546875
2024_0412_03:37:03 13 73.165625 73.553125
2024_0412_03:37:05 13 92.871875 92.5125
2024_0412_03:37:06 13 88.778125 63.840625
2024_0412_03:37:11 13 0.253125 -0.2625
2024_0412_03:37:12 13 -49.996875 -49.996875
2024_0412_03:37:14 13 1.3625 1.834375
2024_0412_03:37:16 13 87.84375 76.80625
2024_0412_03:37:18 13 90.43125 91.959375
2024_0412_03:37:26 13 43.80625 44.290625
2024_0412_03:37:35 13 -5.34375 45.96875
2024_0412_03:44:27 13 10.4625 -8.728125
2024_0412_03:44:27 13 0.203125 -0.028125
2024_0412_03:44:36 13 73.746875 73.940625
2024_0412_03:44:37 13 0.61875 -0.1125
2024_0412_03:44:40 13 90.896875 89.771875
2024_0412_03:44:41 13 90.24375 90.509375
2024_0412_03:44:42 13 -25.0 25.00625
2024_0412_03:44:48 13 0.571875 -0.1375
2024_0412_03:44:51 13 -0.03125 0.909375
2024_0412_03:44:53 13 -2.325 1.5875
2024_0412_03:44:53 13 10.65625 -9.178125
2024_0412_03:44:55 13 46.1625 46.20625
2024_0412_03:45:02 13 0.384375 -0.325
2024_0412_03:45:04 13 92.590625 92.728125
2024_0412_03:45:06 13 -0.05625 0.78125
2024_0412_03:45:09 13 0.68125 0.175
2024_0412_03:52:07 14 89.928125 90.103125
2024_0412_03:52:12 14 99.98125 49.984375
2024_0412_03:52:13 13 4.40625 92.540625
2024_0412_03:52:20 14 -10.23125 10.7375
2024_0412_03:52:23 14 0.815625 1.0875
2024_0412_03:52:24 14 1.2 -1.11875
2024_0412_03:52:25 14 89.959375 90.940625
2024_0412_03:52:25 14 -1.03125 0.140625
2024_0412_03:52:29 14 0.571875 -0.94375
2024_0412_03:52:32 14 -13.81875 13.559375
2024_0412_03:52:35 14 73.615625 73.259375
2024_0412_03:52:37 14 89.828125 90.05
2024_0412_03:52:44 14 91.834375 91.853125
2024_0412_03:52:44 14 -0.321875 -0.24375
2024_0412_03:52:56 14 90.165625 89.8375
2024_0412_03:52:58 14 90.50625 92.96875
2024_0412_03:59:43 14 -0.26875 0.109375
2024_0412_03:59:54 14 90.215625 89.79375
2024_0412_03:59:57 14 15.00625 14.525
2024_0412_04:00:00 14 1.115625 -0.134375
2024_0412_04:00:06 14 -1.51875 0.46875
2024_0412_04:00:08 14 91.840625 92.45625
2024_0412_04:00:12 14 82.375 89.715625
2024_0412_04:00:14 14 42.496875 42.653125
2024_0412_04:00:17 14 -0.7625 -0.4375
2024_0412_04:00:18 14 93.028125 91.453125
2024_0412_04:00:29 14 38.509375 20.88125
2024_0412_04:00:42 14 92.20625 92.071875
2024_0412_04:00:50 14 0.1875 0.965625
2024_0412_04:04:10 14 88.253125 90.46875
2024_0412_04:05:20 14 91.290625 91.171875
2024_0412_04:06:42 14 -0.846875 0.84375
2024_0412_04:07:22 14 13.28125 13.3625
2024_0412_04:07:32 14 -0.0625 0.19375
2024_0412_04:07:35 14 44.715625 44.025
2024_0412_04:07:46 14 90.575 88.6875
2024_0412_04:07:46 15 -0.540625 0.040625
2024_0412_04:07:50 15 -0.190625 -0.69375
2024_0412_04:07:51 15 -0.584375 -0.171875
2024_0412_04:07:55 15 1.003125 -0.396875
2024_0412_04:07:58 15 89.5625 90.328125
2024_0412_04:08:11 15 49.990625 -49.996875
2024_0412_04:08:30 15 -10.5125 8.93125
2024_0412_04:08:31 15 49.99375 -50.0
2024_0412_04:11:52 15 -0.625 -0.690625
2024_0412_04:12:57 15 -1.003125 -0.4625
2024_0412_04:14:31 15 0.24375 -0.021875
2024_0412_04:14:59 15 12.340625 44.115625
2024_0412_04:15:03 15 2.26875 0.340625
2024_0412_04:15:15 15 56.359375 -0.928125
2024_0412_04:15:19 15 1.19375 -0.75
2024_0412_04:15:23 15 2.421875 0.68125
2024_0412_04:15:30 15 -0.546875 -0.246875
2024_0412_04:15:31 15 1.175 -0.2875
2024_0412_04:15:32 15 -0.428125 -0.453125
2024_0412_04:15:40 15 91.928125 76.7
2024_0412_04:15:48 15 92.43125 93.221875
2024_0412_04:15:53 15 90.94375 88.64375
2024_0412_04:16:12 15 -0.940625 -0.890625
2024_0412_04:16:15 15 0.109375 0.296875
2024_0412_04:20:36 15 92.384375 91.1
2024_0412_04:22:09 15 -1.2375 0.66875
2024_0412_04:22:37 15 15.434375 16.334375
2024_0412_04:22:48 15 1.7 3.36875
2024_0412_04:22:55 15 79.615625 64.85
2024_0412_04:22:56 15 90.925 90.384375
2024_0412_04:23:11 16 44.75 -1.6
2024_0412_04:23:15 15 -1.015625 -0.7375
2024_0412_04:23:17 15 90.034375 89.796875
2024_0412_04:23:27 16 43.775 43.615625
2024_0412_04:23:33 16 0.746875 -0.23125
2024_0412_04:23:37 16 74.021875 87.709375
2024_0412_04:24:04 16 89.228125 90.309375
2024_0412_04:24:09 16 91.203125 91.821875
2024_0412_04:26:22 16 11.946875 5.66875
2024_0412_04:28:22 16 0.3875 0.125
2024_0412_04:28:59 16 89.934375 90.565625
2024_0412_04:29:47 16 91.075 89.796875
2024_0412_04:30:29 16 75.7125 82.525
2024_0412_04:30:33 16 92.203125 92.509375
2024_0412_04:30:37 16 90.1625 88.7875
2024_0412_04:30:48 16 32.128125 -28.028125
2024_0412_04:30:57 16 -0.728125 -0.140625
2024_0412_04:31:00 16 0.565625 -0.021875
2024_0412_04:31:06 16 62.80625 90.675
2024_0412_04:31:15 16 33.9 32.0375
2024_0412_04:31:17 16 18.93125 11.78125
2024_0412_04:31:49 16 10.184375 -9.95
2024_0412_04:31:50 16 -4.875 37.25
2024_0412_04:34:13 16 2.396875 9.13125
2024_0412_04:36:20 16 89.596875 90.784375
2024_0412_04:36:43 16 -0.640625 -1.371875
2024_0412_04:37:25 16 88.39375 86.7375
2024_0412_04:38:06 16 90.375 89.871875
2024_0412_04:38:17 17 0.51875 -0.271875
2024_0412_04:38:20 16 92.259375 92.459375
2024_0412_04:38:26 17 89.503125 89.675
2024_0412_04:38:28 17 94.321875 -1.028125
2024_0412_04:38:40 17 7.3125 -7.73125
2024_0412_04:38:45 17 21.89375 0.90625
2024_0412_04:38:47 17 12.828125 12.86875
2024_0412_04:38:51 17 90.328125 89.934375
2024_0412_04:38:58 17 16.5625 -16.534375
2024_0412_04:39:28 17 9.125 -8.503125
2024_0412_04:39:30 17 57.178125 -1.88125
2024_0412_04:41:55 17 -0.1 0.290625
2024_0412_04:44:17 17 91.59375 92.709375
2024_0412_04:44:38 17 85.41875 88.2375
2024_0412_04:45:13 17 45.546875 89.60625
2024_0412_04:45:49 17 91.7875 92.0
2024_0412_04:45:57 17 90.284375 91.2625
2024_0412_04:46:04 17 -0.334375 0.25
2024_0412_04:46:10 17 1.015625 -0.9625
2024_0412_04:46:17 17 90.796875 91.23125
2024_0412_04:46:27 17 0.378125 -0.11875
2024_0412_04:46:33 17 40.115625 40.540625
2024_0412_04:46:36 17 90.921875 91.384375
2024_0412_04:46:39 17 0.2875 -0.496875
2024_0412_04:46:46 17 -1.171875 -0.309375
2024_0412_04:47:12 17 0.846875 -0.946875
2024_0412_04:47:21 17 84.56875 90.684375
2024_0412_04:49:44 17 1.628125 4.684375
2024_0412_04:52:01 17 91.740625 90.0125
2024_0412_04:52:32 18 -0.31875 -0.31875
2024_0412_04:53:05 18 44.003125 94.00625
2024_0412_04:53:30 18 0.38125 -0.484375
2024_0412_04:53:37 18 -0.059375 0.796875
2024_0412_04:53:48 18 -0.4625 1.1625
2024_0412_04:54:01 18 90.275 90.16875
2024_0412_04:54:05 18 -0.7125 -0.178125
2024_0412_04:54:14 18 -33.4375 33.125
2024_0412_04:54:17 18 -27.775 27.259375
2024_0412_04:54:18 18 78.303125 10.425
2024_0412_04:54:26 18 0.828125 0.003125
2024_0412_04:54:34 18 6.328125 4.790625
2024_0412_04:55:08 18 91.696875 89.575
2024_0412_04:55:09 18 -0.35 -0.35
2024_0412_04:57:40 18 0.034375 -0.05625
2024_0412_04:59:46 18 91.934375 93.65
2024_0412_05:00:18 18 -0.925 -0.453125
2024_0412_05:00:48 18 92.3375 92.50625
2024_0412_05:01:11 18 89.55625 90.621875
2024_0412_05:01:23 18 21.6125 14.25
2024_0412_05:01:34 18 89.428125 91.5
2024_0412_05:01:43 18 73.715625 90.4375
2024_0412_05:01:57 18 0.328125 -1.328125
2024_0412_05:01:59 18 -0.646875 0.0875
2024_0412_05:02:04 18 92.509375 92.5
2024_0412_05:02:11 18 90.634375 88.609375
2024_0412_05:02:15 18 -15.978125 15.03125
2024_0412_05:02:44 18 10.65625 44.48125
2024_0412_05:02:52 18 -99.99375 99.99375
2024_0412_05:02:57 18 47.521875 -47.56875
2024_0412_05:05:26 18 92.8625 92.628125
2024_0412_05:07:29 18 0.975 1.015625
2024_0412_05:08:07 18 91.1125 89.684375
2024_0412_05:08:36 18 28.915625 44.321875
2024_0412_05:08:54 18 15.565625 16.01875
2024_0412_05:09:15 19 -8.628125 8.271875
2024_0412_05:09:26 19 97.75625 -9.5875
2024_0412_05:09:34 19 -0.040625 0.284375
2024_0412_05:09:39 19 10.3625 -7.74375
2024_0412_05:09:48 19 44.55625 64.875
2024_0412_05:09:51 19 89.265625 88.69375
2024_0412_05:10:01 19 42.040625 0.671875
2024_0412_05:10:04 19 51.715625 63.9
2024_0412_05:10:24 19 -49.996875 49.99375
2024_0412_05:10:30 19 49.9875 -49.959375
2024_0412_05:10:51 19 -1.228125 1.259375
2024_0412_05:13:09 19 99.99375 49.996875
2024_0412_05:15:10 19 16.453125 -16.384375
2024_0412_05:16:00 19 14.68125 22.071875
2024_0412_05:16:20 19 -99.99375 99.9875
2024_0412_05:16:53 19 0.509375 -0.603125
2024_0412_05:17:05 19 -50.021875 50.20625
2024_0412_05:17:10 19 79.26875 -80.13125
2024_0412_05:17:19 20 -8.675 8.103125
2024_0412_05:17:24 19 91.403125 91.3875
2024_0412_05:17:42 20 92.415625 90.65
2024_0412_05:17:45 20 92.678125 92.5
2024_0412_05:17:48 20 0.14375 -0.28125
2024_0412_05:17:51 20 7.775 7.953125
2024_0412_05:18:12 20 87.8125 89.590625
2024_0412_05:20:56 20 15.9875 23.75625
2024_0412_05:21:02 20 -0.134375 -0.375
2024_0412_05:23:01 20 -0.071875 -0.38125
2024_0412_05:23:19 20 91.571875 92.065625
2024_0412_05:23:42 20 92.603125 92.653125
2024_0412_05:24:10 20 0.71875 0.071875
2024_0412_05:24:34 20 12.75 -11.784375
2024_0412_05:24:54 20 44.59375 -1.1875
2024_0412_05:24:56 20 0.415625 -0.271875
2024_0412_05:24:56 20 -0.003125 0.81875
2024_0412_05:25:04 20 0.46875 1.175
2024_0412_05:25:22 14 0.034375 -0.209375
2024_0412_05:25:22 20 42.6625 95.734375
2024_0412_05:25:26 14 -0.384375 0.20625
2024_0412_05:25:28 14 67.075 90.528125
2024_0412_05:25:49 15 -0.25 0.45625
2024_0412_05:28:13 15 91.703125 92.203125
2024_0412_05:28:22 15 10.75625 13.953125
2024_0412_05:30:02 16 12.55625 12.23125
2024_0412_05:34:28 20 89.9625 89.8
2024_0412_05:36:08 20 1.546875 21.346875
2024_0412_05:43:48 11 0.11875 0.4875
2024_0412_05:43:48 8 87.56875 89.809375
2024_0412_05:43:50 2 89.965625 89.4
2024_0412_05:43:50 10 92.509375 92.54375
2024_0412_05:43:51 1 92.55625 92.26875
2024_0412_05:43:51 2 79.809375 87.975
2024_0412_05:43:52 7 91.94375 92.034375
2024_0412_05:43:53 3 89.021875 90.021875
2024_0412_05:43:54 4 89.05 86.6125
2024_0412_05:43:54 2 91.125 88.721875
2024_0412_05:43:56 2 90.80625 90.05625
2024_0412_05:43:57 6 92.4625 92.153125
2024_0412_05:43:58 8 92.00625 91.940625
2024_0412_05:44:00 2 91.175 91.403125
2024_0412_05:45:24 11 -0.19375 -0.2375
2024_0412_05:49:41 11 0.19375 1.06875
2024_0412_05:51:26 11 89.6125 90.940625
2024_0412_05:51:27 11 -0.128125 -0.99375
2024_0412_05:51:27 11 -13.975 61.140625
2024_0412_05:51:29 11 -1.203125 -0.45625
2024_0412_05:51:30 11 49.99375 49.99375
2024_0412_05:51:32 11 92.55625 92.49375
2024_0412_05:51:33 11 0.35 -0.565625
2024_0412_05:51:33 11 99.99375 99.99375
2024_0412_05:51:36 11 -0.234375 0.2875
2024_0412_05:51:37 11 92.3875 92.85625
2024_0412_05:51:41 11 90.521875 88.23125
2024_0412_05:51:47 11 93.08125 93.315625
2024_0412_05:51:48 11 92.096875 92.5625
2024_0412_05:51:50 11 -0.134375 0.090625
2024_0412_05:53:07 11 0.86875 0.00625
2024_0412_05:57:20 11 -0.228125 -0.575
2024_0412_05:59:03 11 -0.99375 0.234375
2024_0412_05:59:08 11 90.09375 89.75
2024_0412_05:59:08 11 -49.996875 99.99375
2024_0412_05:59:09 11 90.221875 89.31875
2024_0412_05:59:12 11 90.70625 88.9125
2024_0412_05:59:12 11 -0.465625 0.196875
2024_0412_05:59:14 11 -0.765625 -0.93125
2024_0412_05:59:14 11 90.178125 90.090625
2024_0412_05:59:16 11 1.009375 -0.390625
2024_0412_05:59:20 11 92.296875 92.659375
2024_0412_05:59:26 11 0.56875 0.2875
2024_0412_05:59:28 11 -0.109375 0.578125
2024_0412_05:59:29 11 0.725 1.046875
2024_0412_05:59:29 11 -0.053125 -0.7125
2024_0412_06:00:53 11 -1.409375 0.39375
2024_0412_06:04:54 11 -0.30625 -0.771875
2024_0412_06:06:44 11 90.584375 90.05
2024_0412_06:06:47 11 90.859375 90.103125
2024_0412_06:06:47 11 -0.55625 0.23125
2024_0412_06:06:50 11 89.275 89.446875
2024_0412_06:06:53 11 -0.1125 -0.403125
2024_0412_06:06:53 11 -0.44375 0.328125
2024_0412_06:06:55 11 91.646875 91.7
2024_0412_06:06:57 11 -0.31875 -0.1375
2024_0412_06:07:04 11 42.809375 43.084375
2024_0412_06:07:05 11 -0.734375 -0.134375
2024_0412_06:07:05 11 -0.759375 -0.35
2024_0412_06:07:06 11 92.075 92.071875
2024_0412_06:07:07 11 99.99375 99.9875
2024_0412_06:07:18 11 0.025 0.303125
2024_0412_06:08:27 11 -0.14375 0.571875
2024_0412_06:12:40 11 89.703125 89.846875
2024_0412_06:14:26 11 -1.5 1.665625
2024_0412_06:14:27 11 -0.246875 -0.51875
2024_0412_06:14:31 11 -0.015625 -0.30625
2024_0412_06:14:33 11 -0.059375 0.871875
2024_0412_06:14:34 11 11.809375 33.503125
2024_0412_06:14:37 11 -49.990625 99.98125
2024_0412_06:14:41 11 -1.409375 -0.865625
2024_0412_06:14:42 11 0.634375 -0.446875
2024_0412_06:14:45 11 -0.221875 0.14375
2024_0412_06:14:46 11 -1.15625 -0.115625
2024_0412_06:14:51 11 92.140625 91.475
2024_0412_06:14:51 11 0.2375 -0.521875
2024_0412_06:14:56 11 91.55 91.475
2024_0412_06:14:57 11 -0.840625 -0.128125
2024_0412_06:16:07 11 -1.203125 -0.2375
2024_0412_06:20:20 11 90.35625 88.8875
2024_0412_06:22:06 11 89.9 90.809375
2024_0412_06:22:08 11 45.15 -3.175
2024_0412_06:22:12 11 100.0 100.0
2024_0412_06:22:12 11 0.025 0.865625
2024_0412_06:22:17 11 92.53125 92.496875
2024_0412_06:22:20 11 49.99375 -99.99375
2024_0412_06:22:20 11 0.284375 0.046875
2024_0412_06:22:23 11 -0.165625 0.825
2024_0412_06:22:24 11 90.665625 90.634375
2024_0412_06:22:27 11 -0.496875 -0.084375
2024_0412_06:22:27 11 61.025 89.840625
2024_0412_06:22:28 11 0.56875 0.3625
2024_0412_06:22:37 11 -0.665625 0.275
2024_0412_06:22:46 11 0.353125 1.178125
2024_0412_06:23:47 11 91.01875 88.890625
2024_0412_06:28:02 11 13.309375 15.846875
2024_0412_06:29:44 11 0.11875 0.0875
2024_0412_06:29:47 11 49.996875 -49.99375
2024_0412_06:29:51 11 0.059375 -0.996875
2024_0412_06:29:51 11 92.775 92.73125
2024_0412_06:29:52 11 -0.65625 -0.240625
2024_0412_06:29:59 11 0.05 -0.4625
2024_0412_06:30:00 11 0.965625 -1.25625
2024_0412_06:30:05 11 0.184375 -0.0375
2024_0412_06:30:08 11 1.10625 -0.15625
2024_0412_06:30:13 11 89.71875 88.540625
2024_0412_06:30:13 11 90.0125 87.0
2024_0412_06:30:24 11 -0.009375 -0.61875
2024_0412_06:30:27 11 0.1125 -0.584375
2024_0412_06:30:30 11 92.28125 92.421875
2024_0412_06:31:31 11 92.046875 94.178125
2024_0412_06:35:40 11 91.996875 92.471875
2024_0412_06:37:21 11 0.046875 -0.103125
2024_0412_06:37:23 11 92.5625 92.721875
2024_0412_06:37:30 11 92.865625 92.084375
2024_0412_06:37:32 11 90.071875 90.64375
2024_0412_06:37:33 11 -0.646875 -0.75
2024_0412_06:37:37 11 -0.340625 -0.903125
2024_0412_06:37:44 11 0.28125 -0.38125
2024_0412_06:37:46 11 91.646875 91.503125
2024_0412_06:37:51 11 0.84375 0.209375
2024_0412_06:37:51 11 92.453125 90.10625
2024_0412_06:37:53 11 92.44375 92.765625
2024_0412_06:38:03 11 89.821875 90.915625
2024_0412_06:38:07 11 90.803125 89.99375
2024_0412_06:38:12 11 0.60625 0.16875
2024_0412_06:39:11 11 -0.053125 0.18125
2024_0412_06:43:19 11 44.753125 46.0375
2024_0412_06:45:06 11 0.503125 0.96875
2024_0412_06:45:13 11 0.253125 0.021875
2024_0412_06:45:14 11 -99.99375 -99.990625
2024_0412_06:45:16 11 49.996875 49.996875
2024_0412_06:45:16 11 -0.6125 -1.115625
2024_0412_06:45:23 11 0.709375 -0.184375
2024_0412_06:45:27 11 90.70625 91.609375
2024_0412_06:45:30 11 -0.190625 0.4
2024_0412_06:45:32 11 0.03125 -0.14375
2024_0412_06:45:33 11 90.846875 90.559375
2024_0412_06:45:42 11 1.078125 -0.1625
2024_0412_06:45:43 11 6.4375 5.284375
2024_0412_06:45:56 11 -0.396875 0.546875
2024_0412_06:45:58 11 -0.471875 -0.478125
2024_0412_06:46:54 11 -99.99375 -49.996875
2024_0412_06:50:58 11 -1.25 -0.328125
2024_0412_06:52:43 11 -99.9875 99.98125
2024_0412_06:52:51 11 92.003125 91.753125
2024_0412_06:52:55 11 0.00625 0.278125
2024_0412_06:52:56 11 0.578125 0.003125
2024_0412_06:53:00 12 92.86875 92.503125
2024_0412_06:53:05 12 14.71875 16.23125
2024_0412_06:53:07 12 0.703125 -0.0375
2024_0412_06:53:08 12 92.6625 92.459375
2024_0412_06:53:12 12 49.996875 99.99375
2024_0412_06:53:19 12 91.640625 91.15
2024_0412_06:53:29 12 49.996875 -99.99375
2024_0412_06:53:30 12 49.99375 99.9875
2024_0412_06:53:33 12 89.828125 90.55625
2024_0412_06:53:49 12 93.30625 93.14375
2024_0412_06:54:40 12 1.33125 0.221875
2024_0412_06:58:45 12 87.846875 90.675
2024_0412_07:00:30 12 0.646875 0.328125
2024_0412_07:00:39 12 -1.934375 43.809375
2024_0412_07:00:41 12 40.74375 57.825
2024_0412_07:00:43 12 14.98125 14.45
2024_0412_07:00:46 12 100.0 100.0
2024_0412_07:00:50 12 -0.771875 0.05625
2024_0412_07:00:53 12 -0.05625 -0.409375
2024_0412_07:00:59 12 89.0 89.28125
2024_0412_07:01:05 12 90.859375 90.421875
2024_0412_07:01:06 12 91.359375 91.9625
2024_0412_07:01:15 12 92.51875 92.509375
2024_0412_07:01:15 12 -0.175 0.096875
2024_0412_07:01:21 12 -0.103125 0.78125
2024_0412_07:01:38 12 90.725 89.5
2024_0412_07:02:47 12 -0.425 -0.196875
2024_0412_07:06:33 12 0.253125 -0.003125
2024_0412_07:08:17 12 93.15625 93.31875
2024_0412_07:08:28 12 93.16875 91.825
2024_0412_07:08:29 12 0.853125 0.44375
2024_0412_07:08:31 12 91.103125 91.34375
2024_0412_07:08:38 12 -1.290625 -0.06875
2024_0412_07:08:40 12 0.5 3.0625
2024_0412_07:08:45 12 -0.99375 -0.225
2024_0412_07:08:50 12 0.246875 -0.365625
2024_0412_07:08:51 12 51.446875 48.525
2024_0412_07:08:56 12 89.5875 90.353125
2024_0412_07:09:04 12 1.178125 -0.246875
2024_0412_07:09:06 12 0.509375 -0.1
2024_0412_07:09:06 12 90.065625 34.809375
2024_0412_07:09:28 12 73.740625 72.653125
2024_0412_07:10:48 12 0.259375 0.4375
2024_0412_07:14:18 12 -0.034375 -0.490625
2024_0412_07:16:05 12 89.49375 90.065625
2024_0412_07:16:14 12 90.134375 90.090625
2024_0412_07:16:20 12 92.834375 94.446875
2024_0412_07:16:24 12 0.625 0.534375
2024_0412_07:16:31 12 89.10625 86.20625
2024_0412_07:16:33 12 73.99375 73.35625
2024_0412_07:16:40 12 90.05 87.51875
2024_0412_07:16:43 12 92.259375 92.965625
2024_0412_07:16:44 12 92.621875 92.30625
2024_0412_07:16:46 12 92.221875 47.93125
2024_0412_07:16:50 12 0.940625 -0.609375
2024_0412_07:16:54 12 -15.025 67.30625
2024_0412_07:16:59 12 42.6125 42.590625
2024_0412_07:17:12 12 0.734375 0.68125
2024_0412_07:18:38 12 89.671875 89.275
2024_0412_07:22:07 12 -0.103125 0.046875
2024_0412_07:23:57 12 90.7125 90.21875
2024_0412_07:24:11 12 0.21875 -0.196875
2024_0412_07:24:13 12 90.059375 88.728125
2024_0412_07:24:19 12 -0.46875 -0.009375
2024_0412_07:24:21 12 -0.428125 -0.259375
2024_0412_07:24:24 12 90.271875 89.0875
2024_0412_07:24:26 12 92.78125 92.421875
2024_0412_07:24:29 12 -0.915625 -0.290625
2024_0412_07:24:35 12 92.546875 92.50625
2024_0412_07:24:37 12 -0.571875 0.209375
2024_0412_07:24:38 12 17.571875 20.678125
2024_0412_07:24:53 12 89.603125 89.625
2024_0412_07:24:59 12 -0.790625 -0.49375
2024_0412_07:25:02 12 0.171875 -1.253125
2024_0412_07:26:30 12 89.4375 90.15
2024_0412_07:29:51 12 0.225 0.94375
2024_0412_07:31:58 12 -0.165625 -0.021875
2024_0412_07:32:02 12 88.790625 89.90625
2024_0412_07:32:05 12 92.8875 92.95625
2024_0412_07:32:10 12 91.559375 89.21875
2024_0412_07:32:12 12 91.8625 91.9875
2024_0412_07:32:13 12 0.846875 -0.903125
2024_0412_07:32:17 12 -0.759375 0.034375
2024_0412_07:32:18 12 -99.9875 -49.99375
2024_0412_07:32:22 12 -0.803125 0.559375
2024_0412_07:32:27 12 92.60625 92.740625
2024_0412_07:32:32 12 90.396875 90.00625
2024_0412_07:32:45 12 99.996875 49.99375
2024_0412_07:32:46 12 0.534375 -0.6125
2024_0412_07:32:56 12 90.175 90.875
2024_0412_07:34:18 12 90.2 88.25
2024_0412_07:37:41 12 86.034375 89.2625
2024_0412_07:39:45 12 -49.99375 49.99375
2024_0412_07:39:52 12 92.409375 92.609375
2024_0412_07:40:03 12 92.646875 92.478125
2024_0412_07:40:04 12 93.23125 93.465625
2024_0412_07:40:06 12 88.90625 90.7875
2024_0412_07:40:07 12 90.471875 94.490625
2024_0412_07:40:09 12 91.634375 91.95625
2024_0412_07:40:14 12 -55.3 60.9875
2024_0412_07:40:19 12 -37.128125 47.1875
2024_0412_07:40:36 12 89.078125 90.578125
2024_0412_07:40:38 12 92.871875 91.890625
2024_0412_07:40:38 12 34.834375 -34.5
2024_0412_07:40:40 12 46.521875 45.99375
2024_0412_07:40:48 12 67.8625 85.20625
2024_0412_07:42:09 12 0.20625 -0.225
2024_0412_07:45:38 12 -1.196875 -0.39375
2024_0412_07:47:35 12 92.70625 92.603125
2024_0412_07:47:35 12 -99.9875 99.990625
2024_0412_07:47:50 12 -0.803125 0.4125
2024_0412_07:47:52 12 90.1375 90.15625
2024_0412_07:47:53 12 -24.2125 92.834375
2024_0412_07:47:58 12 42.36875 -8.65
2024_0412_07:48:00 13 10.06875 -10.55
2024_0412_07:48:00 13 0.8125 -1.45
2024_0412_07:48:08 13 84.984375 90.875
2024_0412_07:48:24 13 94.35625 18.196875
2024_0412_07:48:29 13 89.346875 88.290625
2024_0412_07:48:30 13 91.775 91.64375
2024_0412_07:48:37 13 14.309375 15.465625
2024_0412_07:48:44 13 91.928125 92.084375
2024_0412_07:49:58 13 0.159375 0.053125
2024_0412_07:53:24 13 0.290625 0.40625
2024_0412_07:55:24 13 -50.059375 50.16875
2024_0412_07:55:28 13 43.24375 43.465625
2024_0412_07:55:39 13 0.525 0.55625
2024_0412_07:55:43 13 41.534375 42.7125
2024_0412_07:55:50 13 1.034375 1.53125
2024_0412_07:55:50 13 -0.346875 0.096875
2024_0412_07:55:51 13 0.403125 -1.15625
2024_0412_07:55:54 13 17.79375 66.90625
2024_0412_07:56:18 13 1.521875 2.984375
2024_0412_07:56:23 13 88.61875 90.240625
2024_0412_07:56:25 13 0.3625 0.084375
2024_0412_07:56:28 13 -49.996875 -49.996875
2024_0412_07:56:35 13 -0.04375 -0.15625
2024_0412_07:56:36 13 42.875 41.65625
2024_0412_07:57:48 13 -0.6125 -0.371875
2024_0412_08:01:13 13 -0.209375 0.14375
2024_0412_08:03:09 13 -1.828125 -0.034375
2024_0412_08:03:17 13 70.971875 70.54375
2024_0412_08:03:27 13 -3.05625 91.728125
2024_0412_08:03:27 13 -0.05 -0.634375
2024_0412_08:03:42 13 -0.15625 -0.390625
2024_0412_08:03:44 13 88.55625 90.0625
2024_0412_08:03:48 13 0.265625 0.059375
2024_0412_08:03:53 13 13.9375 14.0375
2024_0412_08:04:04 13 0.25625 0.115625
2024_0412_08:04:13 13 0.053125 -0.096875
2024_0412_08:04:17 13 93.08125 93.14375
2024_0412_08:04:20 13 -49.9875 99.98125
2024_0412_08:04:21 13 93.24375 93.428125
2024_0412_08:04:25 13 90.203125 90.946875
2024_0412_08:05:33 13 89.659375 89.68125
2024_0412_08:08:56 13 3.1625 -1.315625
2024_0412_08:10:57 13 -0.11875 -0.03125
2024_0412_08:11:07 13 -0.05 -0.78125
2024_0412_08:11:07 13 -0.375 -0.13125
2024_0412_08:11:10 13 -2.75 44.3
2024_0412_08:11:27 13 63.7875 69.009375
2024_0412_08:11:29 13 1.0875 0.521875
2024_0412_08:11:33 13 -8.565625 8.621875
2024_0412_08:11:35 13 91.171875 92.040625
2024_0412_08:11:46 13 5.034375 0.49375
2024_0412_08:11:59 13 42.909375 43.35625
2024_0412_08:12:00 13 -49.996875 -49.996875
2024_0412_08:12:07 13 2.8 -2.4
2024_0412_08:12:07 13 92.75625 92.6375
2024_0412_08:12:09 13 47.08125 -36.971875
2024_0412_08:13:18 13 91.909375 91.5875
2024_0412_08:16:36 13 -0.153125 0.53125
2024_0412_08:18:45 13 0.95625 0.6
2024_0412_08:18:49 13 0.165625 -0.41875
2024_0412_08:18:51 13 49.996875 -49.996875
2024_0412_08:18:52 13 -6.765625 42.7125
2024_0412_08:19:05 13 -9.434375 10.39375
2024_0412_08:19:12 13 2.8625 2.184375
2024_0412_08:19:15 13 -0.55 -0.765625
2024_0412_08:19:20 13 91.2 90.15625
2024_0412_08:19:27 13 0.2875 0.15625
2024_0412_08:19:38 13 -9.88125 9.784375
2024_0412_08:19:39 13 1.009375 0.028125
2024_0412_08:19:49 13 0.2875 -0.24375
2024_0412_08:19:49 13 92.071875 91.84375
2024_0412_08:19:58 13 99.990625 99.971875
2024_0412_08:20:59 13 32.009375 29.63125
2024_0412_08:24:19 13 87.75 91.096875
2024_0412_08:26:28 13 88.409375 91.76875
2024_0412_08:26:31 13 92.271875 92.73125
2024_0412_08:26:31 13 -0.046875 -0.496875
2024_0412_08:26:32 13 91.7875 91.484375
2024_0412_08:26:43 13 -0.459375 0.85
2024_0412_08:26:55 13 -2.1625 44.20625
2024_0412_08:26:56 13 -0.496875 0.3875
2024_0412_08:26:59 13 -6.134375 33.225
2024_0412_08:27:07 13 -1.39375 -0.334375
2024_0412_08:27:16 13 -1.0625 0.25
2024_0412_08:27:26 13 -0.63125 0.25625
2024_0412_08:27:33 13 93.5125 89.0625
2024_0412_08:27:35 13 92.525 89.796875
2024_0412_08:27:40 13 -0.2625 -0.2875
2024_0412_08:28:41 13 0.7 0.1625
2024_0412_08:32:00 13 49.996875 99.99375
2024_0412_08:34:10 13 0.34375 0.315625
2024_0412_08:34:11 13 0.025 1.690625
2024_0412_08:34:13 13 89.740625 89.40625
2024_0412_08:34:14 13 -0.38125 -0.4875
2024_0412_08:34:21 13 93.146875 93.265625
2024_0412_08:34:47 13 -1.1 0.621875
2024_0412_08:34:49 13 5.44375 4.65
2024_0412_08:35:13 13 47.303125 92.146875
2024_0412_08:35:19 13 13.365625 12.44375
2024_0412_08:35:28 13 89.6375 91.896875
2024_0412_08:36:22 13 95.121875 44.628125
2024_0412_08:39:13 13 -3.51875 46.259375
2024_0412_08:39:42 13 36.090625 43.73125
2024_0412_08:39:47 13 41.23125 43.253125
2024_0412_08:40:00 13 91.7 92.321875
2024_0412_08:41:46 13 25.025 17.915625
2024_0412_08:41:53 13 -1.209375 0.56875
2024_0412_08:41:56 13 91.80625 89.096875
2024_0412_08:41:58 13 89.246875 90.44375
2024_0412_08:42:04 13 15.621875 15.6125
2024_0412_08:42:28 13 89.85625 91.08125
2024_0412_08:42:29 13 0.1 -0.4875
2024_0412_08:42:56 13 42.946875 42.30625
2024_0412_08:42:59 13 0.215625 -0.025
2024_0412_08:43:07 13 0.86875 -0.5
2024_0412_08:44:01 13 0.0375 0.39375
2024_0412_08:46:53 13 94.446875 92.278125
2024_0412_08:47:22 13 0.021875 0.334375
2024_0412_08:47:25 13 91.80625 90.525
2024_0412_08:47:28 13 0.19375 0.346875
2024_0412_08:47:41 13 0.3625 -0.028125
2024_0412_08:49:23 13 0.659375 0.60625
2024_0412_08:49:31 13 -1.084375 0.265625
2024_0412_08:49:34 13 0.215625 0.534375
2024_0412_08:49:35 13 0.734375 -0.678125
2024_0412_08:49:43 13 -0.471875 -0.975
2024_0412_08:50:14 13 92.634375 91.3875
2024_0412_08:50:18 13 -0.11875 1.1
2024_0412_08:50:31 13 0.159375 0.734375
2024_0412_08:50:37 13 -6.04375 45.640625
2024_0412_08:50:58 13 -0.125 -0.353125
2024_0412_08:51:46 13 1.18125 -0.675
2024_0412_08:54:42 13 91.709375 92.1125
2024_0412_08:55:04 13 0.85 -1.04375
2024_0412_08:55:09 13 90.021875 84.565625
2024_0412_08:55:19 13 89.940625 55.821875
2024_0412_08:55:21 13 -0.525 0.13125
2024_0412_08:57:03 13 -0.725 0.6
2024_0412_08:57:10 13 52.35 -52.68125
2024_0412_08:57:13 13 92.83125 92.278125
2024_0412_08:57:22 13 85.546875 88.48125
2024_0412_08:57:28 13 6.05 25.125
2024_0412_08:57:52 13 86.409375 88.41875
2024_0412_08:58:02 13 0.30625 -0.003125
2024_0412_08:58:17 13 0.0375 0.68125
2024_0412_08:58:18 13 94.125 92.140625
2024_0412_08:58:38 13 91.94375 89.771875
2024_0412_08:59:31 13 -1.609375 2.74375
2024_0412_09:02:19 13 -33.534375 33.309375
2024_0412_09:02:46 13 87.9625 88.565625
2024_0412_09:02:51 13 -0.80625 0.471875
2024_0412_09:03:01 13 0.94375 -0.375
2024_0412_09:03:06 13 0.215625 43.909375
2024_0412_09:04:43 13 42.696875 42.73125
2024_0412_09:04:54 13 73.784375 72.778125
2024_0412_09:05:01 13 91.73125 91.209375
2024_0412_09:05:10 13 89.3125 91.13125
2024_0412_09:05:11 13 11.328125 11.2
2024_0412_09:05:38 13 15.05625 16.3125
2024_0412_09:05:45 13 0.078125 0.1875
2024_0412_09:06:00 13 0.81875 0.365625
2024_0412_09:06:08 13 90.65 90.940625
2024_0412_09:06:16 13 -0.496875 0.39375
2024_0412_09:07:34 13 18.20625 17.59375
2024_0412_09:10:00 13 8.5125 28.203125
2024_0412_09:10:31 13 91.00625 90.88125
2024_0412_09:10:35 13 93.7 92.046875
2024_0412_09:10:42 13 20.06875 -19.646875
2024_0412_09:10:44 13 11.815625 9.046875
2024_0412_09:12:22 13 90.625 91.115625
2024_0412_09:12:31 13 -0.709375 -0.640625
2024_0412_09:12:42 13 91.6 93.275
2024_0412_09:12:50 13 -1.375 2.046875
2024_0412_09:12:52 13 -1.596875 -0.103125
2024_0412_09:13:14 13 0.340625 0.490625
2024_0412_09:13:24 13 -0.653125 0.309375
2024_0412_09:13:37 13 42.175 -23.415625
2024_0412_09:13:52 13 0.559375 -1.371875
2024_0412_09:13:54 13 90.409375 90.3625
2024_0412_09:15:11 13 -0.2375 0.534375
2024_0412_09:17:44 13 90.934375 89.521875
2024_0412_09:18:12 13 91.978125 91.003125
2024_0412_09:18:13 13 10.053125 -9.721875
2024_0412_09:18:20 13 99.99375 -49.996875
2024_0412_09:18:22 13 -0.409375 0.08125
2024_0412_09:20:04 13 -49.99375 49.996875
2024_0412_09:20:13 14 -13.059375 13.55
2024_0412_09:20:19 14 0.396875 -0.3375
2024_0412_09:20:28 14 49.99375 -49.9875
2024_0412_09:20:34 14 92.434375 92.684375
2024_0412_09:20:54 14 0.525 1.66875
2024_0412_09:21:16 14 91.6125 91.3625
2024_0412_09:21:32 14 -0.84375 -0.15
2024_0412_09:21:37 14 0.05 -0.778125
2024_0412_09:23:02 14 13.60625 40.59375
2024_0412_09:23:03 14 -0.471875 0.246875
2024_0412_09:25:21 14 -0.065625 0.69375
2024_0412_09:25:52 14 -1.2625 0.221875
2024_0412_09:25:55 14 90.7125 89.621875
2024_0412_09:25:58 14 58.15 56.9125
2024_0412_09:26:05 14 74.64375 80.303125
2024_0412_09:27:40 14 89.465625 39.203125
2024_0412_09:27:56 14 1.025 -1.603125
2024_0412_09:28:03 14 92.834375 92.353125
2024_0412_09:28:08 14 -0.1125 0.2875
2024_0412_09:28:11 14 -0.75 1.55625
2024_0412_09:28:36 14 1.853125 6.34375
2024_0412_09:28:58 14 92.728125 91.33125
2024_0412_09:29:16 14 49.99375 -49.990625
2024_0412_09:29:25 14 2.05 -0.425
2024_0412_09:30:41 14 7.096875 13.525
2024_0412_09:30:45 14 89.775 90.6875
2024_0412_09:32:55 14 -0.959375 44.9
2024_0412_09:33:28 14 0.178125 0.128125
2024_0412_09:33:36 14 60.184375 81.88125
2024_0412_09:33:42 14 -1.196875 0.03125
2024_0412_09:33:52 14 91.303125 90.6125
2024_0412_09:35:15 14 0.009375 -0.009375
2024_0412_09:35:33 14 7.4875 -8.671875
2024_0412_09:35:40 14 0.2875 -0.7375
2024_0412_09:35:51 14 89.74375 89.85
2024_0412_09:35:52 14 92.7375 44.9125
2024_0412_09:36:08 14 0.58125 -0.69375
2024_0412_09:36:36 14 10.484375 9.853125
2024_0412_09:36:54 14 9.934375 -10.76875
2024_0412_09:37:10 14 0.0625 0.178125
2024_0412_09:38:23 14 -0.821875 1.08125
2024_0412_09:38:30 14 89.753125 91.159375
2024_0412_09:40:34 14 -20.28125 71.265625
2024_0412_09:41:08 14 -49.996875 -99.984375
2024_0412_09:41:08 14 0.546875 -0.61875
2024_0412_09:41:29 14 92.659375 92.475
2024_0412_09:41:40 14 90.690625 90.590625
2024_0412_09:42:49 14 -16.2125 16.275
2024_0412_09:43:15 14 0.659375 0.125
2024_0412_09:43:20 14 92.659375 93.115625
2024_0412_09:43:27 14 -11.45 9.825
2024_0412_09:43:32 14 93.271875 90.15
2024_0412_09:43:44 14 91.559375 92.1
2024_0412_09:44:20 14 -10.103125 10.046875
2024_0412_09:44:34 14 89.696875 41.171875
2024_0412_09:45:00 14 91.18125 92.465625
2024_0412_09:46:03 14 34.628125 35.4375
2024_0412_09:46:06 14 92.234375 92.075
2024_0412_09:48:12 14 92.115625 91.95625
2024_0412_09:48:50 14 -1.490625 0.003125
2024_0412_09:49:03 14 8.471875 23.7
2024_0412_09:49:10 14 0.16875 0.309375
2024_0412_09:49:21 14 0.140625 -0.196875
2024_0412_09:50:30 14 16.346875 14.865625
2024_0412_09:51:01 14 0.178125 0.015625
2024_0412_09:51:01 14 89.890625 89.140625
2024_0412_09:51:02 14 -0.3375 -0.665625
2024_0412_09:51:18 14 89.775 88.515625
2024_0412_09:51:33 14 -0.83125 0.31875
2024_0412_09:51:58 14 -0.284375 -0.090625
2024_0412_09:52:12 14 0.428125 4.64375
2024_0412_09:52:45 14 48.253125 50.475
2024_0412_09:53:41 14 1.21875 0.465625
2024_0412_09:53:44 14 6.71875 9.71875
2024_0412_09:55:53 14 88.553125 59.8375
2024_0412_09:56:27 14 90.975 90.721875
2024_0412_09:56:35 14 0.184375 0.825
2024_0412_09:56:47 14 -20.30625 20.096875
2024_0412_09:57:00 14 -1.04375 -0.95
2024_0412_09:58:11 14 89.890625 88.659375
2024_0412_09:58:35 14 99.99375 -49.996875
2024_0412_09:58:41 14 92.8625 92.24375
2024_0412_09:58:45 14 -0.4125 0.06875
2024_0412_09:58:55 14 0.3875 0.846875
2024_0412_09:59:07 14 -0.540625 -0.109375
2024_0412_09:59:32 14 0.209375 0.18125
2024_0412_09:59:47 14 88.553125 89.61875
2024_0412_10:01:18 14 10.396875 26.771875
2024_0412_10:01:20 14 0.740625 0.565625
2024_0412_10:03:34 14 87.5125 89.640625
2024_0412_10:04:03 14 92.21875 92.903125
2024_0412_10:04:10 14 -0.20625 0.753125
2024_0412_10:04:22 14 0.709375 0.103125
2024_0412_10:04:37 14 -0.446875 0.18125
2024_0412_10:04:44 14 16.590625 40.028125
2024_0412_10:05:52 14 41.38125 92.365625
2024_0412_10:06:13 14 90.240625 90.878125
2024_0412_10:06:31 14 5.865625 47.115625
2024_0412_10:06:33 14 -39.90625 39.978125
2024_0412_10:06:37 14 42.66875 3.53125
2024_0412_10:06:44 14 1.34375 -1.209375
2024_0412_10:07:08 14 0.20625 0.03125
2024_0412_10:07:34 14 88.678125 90.30625
2024_0412_10:09:01 14 59.296875 87.14375
2024_0412_10:09:03 14 -0.734375 87.5
2024_0412_10:11:08 14 39.30625 -0.465625
2024_0412_10:11:36 14 -1.134375 -0.265625
2024_0412_10:11:49 14 1.94375 3.778125
2024_0412_10:11:56 14 59.96875 -60.16875
2024_0412_10:12:13 14 93.721875 89.121875
2024_0412_10:12:21 14 0.06875 0.3
2024_0412_10:13:32 14 71.196875 71.0875
2024_0412_10:13:48 14 91.034375 90.88125
2024_0412_10:14:12 14 89.325 89.4625
2024_0412_10:14:17 14 91.81875 24.228125
2024_0412_10:14:20 14 0.096875 0.53125
2024_0412_10:14:47 14 -0.8625 0.228125
2024_0412_10:15:16 14 0.8375 -0.071875
2024_0412_10:16:36 14 90.046875 90.015625
2024_0412_10:16:39 14 91.640625 91.20625
2024_0412_10:17:11 14 0.5 -0.628125
2024_0412_10:18:55 14 0.415625 13.265625
2024_0412_10:19:13 14 -0.00625 -0.140625
2024_0412_10:19:23 14 0.0875 0.178125
2024_0412_10:19:37 14 91.153125 92.7125
2024_0412_10:19:53 14 -2.925 49.284375
2024_0412_10:20:01 14 89.78125 46.834375
2024_0412_10:21:09 14 90.8875 88.765625
2024_0412_10:21:25 14 48.2375 -42.4875
2024_0412_10:21:51 14 92.65625 93.365625
2024_0412_10:21:57 14 92.584375 92.65
2024_0412_10:21:59 14 90.0375 88.525
2024_0412_10:22:26 14 94.115625 92.48125
2024_0412_10:22:55 14 0.88125 0.54375
2024_0412_10:24:15 14 -6.95625 49.146875
2024_0412_10:24:20 14 -36.259375 35.725
2024_0412_10:24:49 14 -0.16875 0.34375
2024_0412_10:26:42 14 25.390625 22.115625
2024_0412_10:26:51 14 91.6625 91.3125
2024_0412_10:27:00 14 3.415625 0.625
2024_0412_10:27:20 14 43.615625 43.353125
2024_0412_10:27:36 14 -0.53125 -0.153125
2024_0412_10:27:49 14 42.578125 42.8125
2024_0412_10:28:49 14 88.4375 89.70625
2024_0412_10:29:03 14 90.74375 89.825
2024_0412_10:29:38 14 -33.740625 33.96875
2024_0412_10:29:40 14 90.43125 87.940625
2024_0412_10:29:43 14 44.078125 -4.703125
2024_0412_10:30:05 14 -0.471875 -0.653125
2024_0412_10:30:34 14 49.425 -2.9125
2024_0412_10:31:52 14 -7.509375 8.284375
2024_0412_10:32:05 14 65.321875 -9.225
2024_0412_10:32:25 14 -99.99375 -99.9875
2024_0412_10:34:21 14 90.628125 89.725
2024_0412_10:34:33 14 -0.4 -0.44375
2024_0412_10:34:59 14 5.446875 18.09375
2024_0412_10:35:16 14 90.65625 91.615625
2024_0412_10:35:28 14 -0.784375 0.3
2024_0412_10:36:44 14 89.578125 82.384375
2024_0412_10:36:48 14 92.253125 91.596875
2024_0412_10:37:17 14 89.534375 89.771875
2024_0412_10:37:22 14 -0.115625 -0.121875
2024_0412_10:37:25 14 -0.003125 -0.40625
2024_0412_10:37:45 14 0.465625 -0.609375
2024_0412_10:38:12 14 1.478125 -0.55
2024_0412_10:39:33 14 -0.034375 -0.003125
2024_0412_10:39:40 14 92.24375 91.378125
2024_0412_10:39:43 14 88.990625 92.703125
2024_0412_10:40:03 14 -10.759375 9.184375
2024_0412_10:42:00 14 90.109375 88.69375
2024_0412_10:42:16 14 76.940625 76.125
2024_0412_10:42:40 14 0.5875 -1.06875
2024_0412_10:42:55 14 0.484375 0.459375
2024_0412_10:43:05 14 87.421875 89.015625
2024_0412_10:44:22 14 -0.171875 -0.290625
2024_0412_10:44:24 14 89.809375 89.6
2024_0412_10:44:56 14 88.1125 91.10625
2024_0412_10:45:02 14 91.9375 91.85625
2024_0412_10:45:09 14 -4.64375 41.89375
2024_0412_10:45:22 14 -2.86875 49.33125
2024_0412_10:45:49 14 0.15 -0.40625
2024_0412_10:47:11 15 35.225 8.7125
2024_0412_10:47:17 15 24.059375 25.353125
2024_0412_10:47:28 15 -1.08125 -0.45625
2024_0412_10:47:55 15 88.86875 92.24375
2024_0412_10:49:36 15 90.096875 83.41875
2024_0412_10:50:07 15 91.21875 92.275
2024_0412_10:50:16 15 28.46875 -0.915625
2024_0412_10:50:27 15 0.696875 0.146875
2024_0412_10:52:17 15 -0.625 0.403125
2024_0412_10:52:33 15 -0.86875 0.209375
2024_0412_10:52:35 15 10.5375 -9.871875
2024_0412_10:52:45 15 93.03125 92.284375
2024_0412_10:52:57 15 -0.84375 0.275
2024_0412_10:53:26 15 90.36875 89.70625
2024_0412_10:54:03 15 91.41875 73.0125
2024_0412_10:54:52 15 -0.1 -0.046875
2024_0412_10:55:04 15 47.128125 -20.11875
2024_0412_10:55:04 15 13.61875 12.765625
2024_0412_10:55:43 15 17.703125 93.44375
2024_0412_10:56:47 15 13.18125 -11.7875
2024_0412_10:57:18 15 30.434375 -21.253125
2024_0412_10:57:56 15 90.203125 88.878125
2024_0412_10:57:59 15 8.384375 -8.509375
2024_0412_10:58:06 15 90.315625 90.90625
2024_0412_10:59:58 15 -0.053125 -0.4
2024_0412_11:00:09 15 -0.071875 0.76875
2024_0412_11:00:12 15 92.415625 90.875
2024_0412_11:00:27 15 92.50625 92.525
2024_0412_11:00:36 15 82.29375 55.51875
2024_0412_11:01:03 15 40.7875 -2.709375
2024_0412_11:01:39 15 94.346875 44.409375
2024_0412_11:02:33 15 92.546875 89.446875
2024_0412_11:02:49 15 92.021875 93.15625
2024_0412_11:03:01 15 0.953125 -0.590625
2024_0412_11:03:31 15 9.55 -9.040625
2024_0412_11:04:59 15 89.29375 89.6375
2024_0412_11:05:32 15 -7.03125 7.54375
2024_0412_11:05:39 15 0.0 0.053125
2024_0412_11:05:43 15 0.209375 -0.00625
2024_0412_11:07:35 15 0.53125 0.625
2024_0412_11:07:47 15 84.009375 95.1875
2024_0412_11:07:58 15 89.809375 89.409375
2024_0412_11:08:04 15 91.965625 92.096875
2024_0412_11:08:17 15 90.81875 86.21875
2024_0412_11:08:41 15 87.003125 89.86875
2024_0412_11:09:25 15 92.465625 94.30625
2024_0412_11:09:50 15 89.10625 89.94375
2024_0412_11:10:12 15 93.9125 92.49375
2024_0412_11:10:30 15 92.609375 92.590625
2024_0412_11:10:31 15 0.24375 -0.275
2024_0412_11:11:15 15 0.371875 1.64375
2024_0412_11:12:46 15 29.940625 31.384375
2024_0412_11:13:14 15 -2.95 3.159375
2024_0412_11:13:15 15 15.31875 16.071875
2024_0412_11:13:20 15 71.20625 71.234375
2024_0412_11:15:14 15 1.896875 -2.046875
2024_0412_11:15:24 15 -0.671875 0.634375
2024_0412_11:15:36 15 90.025 44.6125
2024_0412_11:15:51 15 85.565625 90.340625
2024_0412_11:15:54 15 4.584375 0.1125
2024_0412_11:16:30 15 46.234375 46.9375
2024_0412_11:17:03 15 -2.853125 44.871875
2024_0412_11:18:04 15 0.190625 -0.4
2024_0412_11:18:09 15 10.7375 10.6375
2024_0412_11:18:30 15 77.234375 93.0625
2024_0412_11:19:00 15 -9.628125 9.1625
2024_0412_11:20:29 15 90.2875 45.28125
2024_0412_11:20:49 15 0.525 0.09375
2024_0412_11:20:51 15 0.603125 0.590625
2024_0412_11:20:57 15 20.571875 20.5625
2024_0412_11:21:54 15 -49.996875 -49.996875
2024_0412_11:22:53 15 91.728125 91.303125
2024_0412_11:23:08 15 0.13125 0.065625
2024_0412_11:23:14 15 -0.01875 0.01875
2024_0412_11:23:28 15 -99.98125 99.98125
2024_0412_11:24:08 15 0.81875 0.6875
2024_0412_11:24:42 15 -1.025 -0.078125
2024_0412_11:25:48 15 -2.5625 48.928125
2024_0412_11:25:52 15 86.18125 89.409375
2024_0412_11:26:09 15 90.484375 90.490625
2024_0412_11:26:39 15 39.728125 39.6875
2024_0412_11:28:10 15 43.19375 93.55
2024_0412_11:28:28 15 45.240625 44.93125
2024_0412_11:28:31 15 92.35 92.071875
2024_0412_11:28:54 15 -0.70625 -0.11875
2024_0412_11:29:31 15 -1.13125 0.5625
2024_0412_11:29:51 15 92.35625 92.228125
2024_0412_11:30:37 15 -9.928125 9.825
2024_0412_11:30:52 15 -49.996875 49.990625
2024_0412_11:30:52 15 90.059375 90.275
2024_0412_11:31:11 15 -0.034375 -0.828125
2024_0412_11:31:47 15 1.303125 0.03125
2024_0412_11:32:19 15 90.434375 89.875
2024_0412_11:33:25 15 -14.51875 40.790625
2024_0412_11:33:38 15 0.103125 0.125
2024_0412_11:33:48 15 93.259375 93.8375
2024_0412_11:34:13 15 -0.484375 0.771875
2024_0412_11:35:50 15 13.171875 -12.515625
2024_0412_11:36:05 15 -0.046875 0.9375
2024_0412_11:36:17 15 93.253125 90.615625
2024_0412_11:36:40 15 86.534375 90.459375
2024_0412_11:37:05 15 -0.71875 -1.171875
2024_0412_11:37:26 15 0.228125 0.20625
2024_0412_11:38:21 15 -1.903125 43.090625
2024_0412_11:38:29 15 0.153125 0.184375
2024_0412_11:38:33 15 70.578125 72.04375
2024_0412_11:38:47 15 -19.11875 59.0
2024_0412_11:39:38 15 0.75 4.040625
2024_0412_11:40:05 15 86.878125 90.228125
2024_0412_11:41:05 15 99.9875 100.0
2024_0412_11:41:16 15 39.015625 38.903125
2024_0412_11:41:49 15 -0.33125 -0.68125
2024_0412_11:41:57 15 77.284375 79.84375
2024_0412_11:43:24 15 0.85625 -0.003125
2024_0412_11:43:38 15 49.99375 -99.9875
2024_0412_11:43:50 15 0.01875 0.321875
2024_0412_11:44:19 15 97.2375 -30.709375
2024_0412_11:44:44 15 -0.60625 0.09375
2024_0412_11:44:58 15 -1.08125 0.39375
2024_0412_11:46:02 15 90.5375 77.4
2024_0412_11:46:04 15 1.2125 2.58125
2024_0412_11:46:07 15 89.196875 89.284375
2024_0412_11:46:20 15 89.840625 90.509375
2024_0412_11:47:24 15 46.846875 44.85625
2024_0412_11:47:37 15 85.915625 89.746875
2024_0412_11:48:42 15 74.04375 81.084375
2024_0412_11:48:43 15 90.678125 52.253125
2024_0412_11:49:17 15 0.53125 -0.240625
2024_0412_11:49:28 15 0.4 3.103125
2024_0412_11:50:59 15 0.671875 0.0
2024_0412_11:51:04 15 -0.00625 0.0
2024_0412_11:51:14 15 33.515625 -34.203125
2024_0412_11:51:47 15 27.959375 -27.003125
2024_0412_11:52:06 15 -16.95 16.703125
2024_0412_11:52:25 15 90.5375 89.290625
2024_0412_11:53:25 15 -0.54375 0.7125
2024_0412_11:53:32 15 91.753125 90.915625
2024_0412_11:53:48 15 93.5875 91.709375
2024_0412_11:54:27 15 -0.109375 0.0875
2024_0412_11:54:50 15 -10.28125 9.528125
2024_0412_11:55:12 15 -1.08125 -1.2625
2024_0412_11:56:04 15 1.2375 -0.721875
2024_0412_11:56:08 15 83.425 90.246875
2024_0412_11:56:37 15 0.46875 -0.084375
2024_0412_11:56:50 15 -9.965625 9.921875
2024_0412_11:58:15 15 0.46875 0.06875
2024_0412_11:58:27 15 44.865625 89.4
2024_0412_11:58:53 15 38.803125 10.534375
2024_0412_11:59:14 15 91.796875 90.25
2024_0412_11:59:50 15 45.046875 -0.69375
2024_0412_12:00:52 15 89.809375 83.26875
2024_0412_12:00:56 15 92.440625 92.46875
2024_0412_12:01:26 15 0.353125 -1.13125
2024_0412_12:01:48 15 -0.065625 0.4875
2024_0412_12:02:23 15 13.78125 13.45
2024_0412_12:02:43 15 90.625 89.821875
2024_0412_12:03:24 15 -19.496875 20.790625
2024_0412_12:03:43 15 0.109375 -0.128125
2024_0412_12:03:57 15 16.3 16.465625
2024_0412_12:04:07 15 -0.096875 -0.921875
2024_0412_12:04:14 15 0.1125 0.25625
2024_0412_12:05:47 15 90.95 90.784375
2024_0412_12:05:55 15 0.3625 0.428125
2024_0412_12:06:22 15 88.409375 91.06875
2024_0412_12:06:38 15 -0.14375 -0.865625
2024_0412_12:07:11 15 -0.278125 -0.7875
2024_0412_12:08:20 15 3.9125 -3.9625
2024_0412_12:08:25 15 91.99375 91.675
2024_0412_12:08:47 15 0.184375 0.121875
2024_0412_12:09:09 15 49.996875 99.9875
2024_0412_12:09:48 15 2.253125 -3.24375
2024_0412_12:10:28 16 -0.178125 0.621875
2024_0412_12:10:48 16 20.759375 -19.115625
2024_0412_12:11:11 16 -0.103125 -0.15625
2024_0412_12:11:27 16 -11.38125 10.946875
2024_0412_12:11:28 16 40.228125 -3.071875
2024_0412_12:11:40 16 93.284375 92.915625
2024_0412_12:13:11 16 18.8625 -18.4125
2024_0412_12:13:28 16 88.38125 90.221875
2024_0412_12:14:04 16 59.984375 -7.928125
2024_0412_12:14:34 16 17.29375 -17.29375
2024_0412_12:15:38 16 90.9375 89.765625
2024_0412_12:15:51 16 90.4375 89.521875
2024_0412_12:15:51 16 64.221875 86.709375
2024_0412_12:16:17 16 47.4875 47.45625
2024_0412_12:16:39 16 -1.153125 -0.584375
2024_0412_12:17:14 16 16.265625 -16.275
2024_0412_12:17:52 16 57.103125 59.15
2024_0412_12:18:15 16 94.115625 92.0125
2024_0412_12:18:41 16 1.028125 -0.128125
2024_0412_12:18:51 16 -0.24375 -0.06875
2024_0412_12:19:02 16 93.965625 92.696875
2024_0412_12:19:03 16 -0.065625 0.0875
2024_0412_12:20:36 16 39.703125 91.725
2024_0412_12:21:03 16 86.14375 89.9
2024_0412_12:21:27 16 90.1 89.36875
2024_0412_12:22:19 16 -0.278125 -0.303125
2024_0412_12:22:58 16 16.921875 -16.946875
2024_0412_12:23:18 16 92.871875 93.05
2024_0412_12:23:19 16 16.66875 -16.7875
2024_0412_12:23:41 16 -32.815625 62.921875
2024_0412_12:24:06 16 89.959375 88.521875
2024_0412_12:24:39 16 -6.784375 7.19375
2024_0412_12:25:21 16 -0.790625 1.84375
2024_0412_12:25:44 16 -0.1625 0.2125
2024_0412_12:26:11 16 0.39375 0.821875
2024_0412_12:26:20 16 0.53125 0.8625
2024_0412_12:26:27 16 9.846875 -9.71875
2024_0412_12:26:38 16 0.1125 0.678125
2024_0412_12:27:57 16 92.684375 89.91875
2024_0412_12:28:28 16 -0.696875 -0.275
2024_0412_12:28:52 16 92.125 51.515625
2024_0412_12:29:41 16 15.059375 14.64375
2024_0412_12:30:24 16 -0.134375 -0.134375
2024_0412_12:30:43 16 73.45625 73.934375
2024_0412_12:30:50 16 92.115625 92.7625
2024_0412_12:31:17 16 -1.28125 26.578125
2024_0412_12:31:29 16 89.7625 90.278125
2024_0412_12:31:59 16 -1.028125 1.9625
2024_0412_12:32:44 16 1.103125 0.428125
2024_0412_12:33:17 16 91.096875 82.984375
2024_0412_12:33:37 16 72.903125 72.440625
2024_0412_12:33:47 16 90.85 86.79375
2024_0412_12:33:52 16 0.48125 0.046875
2024_0412_12:34:02 16 0.74375 0.01875
2024_0412_12:35:22 16 92.803125 92.14375
2024_0412_12:35:58 16 -10.003125 9.940625
2024_0412_12:36:30 16 76.959375 40.70625
2024_0412_12:37:06 16 92.09375 91.246875
2024_0412_12:37:46 16 92.11875 92.38125
2024_0412_12:38:08 16 66.271875 50.1125
2024_0412_12:38:14 16 36.38125 80.271875
2024_0412_12:38:50 16 -0.20625 0.553125
2024_0412_12:38:51 16 0.325 0.35625
2024_0412_12:39:24 16 33.246875 10.696875
2024_0412_12:40:08 16 42.5 92.70625
2024_0412_12:40:41 16 93.259375 93.275
2024_0412_12:40:57 16 31.45625 -14.503125
2024_0412_12:41:08 16 25.0 -23.603125
2024_0412_12:41:15 16 29.271875 29.0625
2024_0412_12:41:36 16 93.315625 92.51875
2024_0412_12:43:26 16 92.9 92.66875
2024_0412_12:44:02 16 89.421875 90.421875
2024_0412_12:44:34 16 43.3375 93.8
2024_0412_12:45:30 16 93.965625 92.728125
2024_0412_12:45:32 16 0.434375 -0.425
2024_0412_12:45:41 16 91.428125 87.871875
2024_0412_12:45:55 16 -4.26875 26.790625
2024_0412_12:46:14 16 -0.446875 -0.465625
2024_0412_12:46:37 16 94.6 92.203125
2024_0412_12:46:48 16 90.425 91.628125
2024_0412_12:47:43 16 92.396875 92.084375
2024_0412_12:48:14 16 9.78125 -10.15
2024_0412_12:48:21 16 -1.109375 0.28125
2024_0412_12:48:34 16 -49.996875 -49.99375
2024_0412_12:48:46 16 -0.003125 0.603125
2024_0412_12:50:56 16 0.30625 0.240625
2024_0412_12:51:35 16 0.59375 -0.565625
2024_0412_12:53:10 16 88.571875 48.08125
2024_0412_12:53:20 16 -7.534375 8.678125
2024_0412_12:53:32 16 -16.44375 16.740625
2024_0412_12:53:54 16 -99.99375 49.996875
2024_0412_12:54:22 16 89.909375 87.028125
2024_0412_12:54:51 16 70.690625 26.053125
2024_0412_12:54:57 16 93.05625 93.315625
2024_0412_12:55:51 16 4.365625 -0.01875
2024_0412_12:56:03 16 21.06875 22.109375
2024_0412_12:56:13 16 89.153125 90.759375
2024_0412_12:56:27 16 0.59375 0.2125
2024_0412_12:56:39 16 57.778125 57.090625
2024_0412_12:57:07 16 1.825 -0.55
2024_0412_12:58:10 16 12.940625 -3.15625
2024_0412_12:58:49 16 15.365625 -1.78125
2024_0412_12:59:22 16 49.996875 -49.996875
2024_0412_13:01:06 16 0.753125 -0.40625
2024_0412_13:01:16 16 15.128125 14.275
2024_0412_13:01:42 16 47.546875 90.396875
2024_0412_13:02:14 16 1.890625 1.153125
2024_0412_13:02:34 16 49.996875 -49.996875
2024_0412_13:02:46 16 0.525 43.23125
2024_0412_13:03:36 16 91.940625 92.45625
2024_0412_13:04:03 16 36.41875 -30.1375
2024_0412_13:04:05 16 92.621875 92.003125
2024_0412_13:04:23 16 73.8 75.3125
2024_0412_13:04:30 16 47.503125 -5.928125
2024_0412_13:06:04 16 -0.10625 -0.415625
2024_0412_13:06:35 16 0.353125 -0.340625
2024_0412_13:07:10 16 -10.49375 10.45
2024_0412_13:07:18 16 0.09375 -0.2125
2024_0412_13:08:51 16 0.265625 0.7
2024_0412_13:08:54 16 -0.840625 0.003125
2024_0412_13:09:03 16 0.44375 0.928125
2024_0412_13:09:36 16 92.528125 92.475
2024_0412_13:10:05 16 7.746875 5.81875
2024_0412_13:10:25 16 0.584375 0.646875
2024_0412_13:10:45 16 93.978125 92.5375
2024_0412_13:11:25 16 89.91875 91.24375
2024_0412_13:11:54 16 72.79375 73.1625
2024_0412_13:12:10 16 -9.5625 9.5375
2024_0412_13:12:23 16 -1.140625 -0.61875
2024_0412_13:13:58 16 12.3625 -9.396875
2024_0412_13:14:27 16 -1.209375 0.009375
2024_0412_13:15:00 16 0.19375 0.7
2024_0412_13:15:10 16 90.44375 90.309375
2024_0412_13:15:52 16 -37.3625 38.209375
2024_0412_13:16:39 16 0.21875 -0.009375
2024_0412_13:16:52 16 0.371875 7.0625
2024_0412_13:17:11 16 0.83125 -0.99375
2024_0412_13:17:25 17 -0.365625 -1.66875
2024_0412_13:17:58 17 87.415625 90.35625
2024_0412_13:18:24 17 92.80625 92.315625
2024_0412_13:18:33 17 0.478125 5.5375
2024_0412_13:19:15 17 -18.325 38.4
2024_0412_13:19:59 17 89.959375 90.121875
2024_0412_13:20:05 17 91.840625 92.109375
2024_0412_13:20:20 17 91.1625 89.565625
2024_0412_13:21:49 17 24.853125 58.525
2024_0412_13:22:18 17 -0.6625 0.228125
2024_0412_13:22:55 17 56.60625 44.221875
2024_0412_13:23:38 17 0.446875 -0.165625
2024_0412_13:23:49 17 0.696875 0.240625
2024_0412_13:24:24 17 12.05 5.984375
2024_0412_13:24:54 17 0.25 -0.778125
2024_0412_13:25:09 17 89.78125 90.040625
2024_0412_13:25:17 17 17.2125 19.834375
2024_0412_13:25:58 17 -0.390625 -0.028125
2024_0412_13:26:12 17 40.078125 -40.13125
2024_0412_13:26:24 17 92.31875 92.425
2024_0412_13:27:06 17 -0.175 0.31875
2024_0412_13:27:55 17 -0.18125 1.08125
2024_0412_13:28:03 17 0.053125 0.625
2024_0412_13:28:11 17 91.1625 90.878125
2024_0412_13:29:39 17 -0.146875 0.509375
2024_0412_13:30:12 17 45.9375 46.85
2024_0412_13:30:48 17 11.46875 58.140625
2024_0412_13:31:38 17 -0.4375 -0.278125
2024_0412_13:31:41 17 -5.7625 5.25
2024_0412_13:32:19 17 -49.625 50.546875
2024_0412_13:32:43 17 -14.078125 62.096875
2024_0412_13:32:59 17 6.79375 17.01875
2024_0412_13:33:08 17 15.559375 12.7625
2024_0412_13:33:55 17 40.084375 -39.884375
2024_0412_13:33:59 17 83.121875 89.259375
2024_0412_13:34:19 17 53.640625 80.81875
2024_0412_13:35:00 17 19.284375 11.74375
2024_0412_13:35:47 17 0.421875 0.1625
2024_0412_13:36:02 17 76.965625 76.034375
2024_0412_13:36:14 17 87.2 88.31875
2024_0412_13:37:36 17 40.73125 41.728125
2024_0412_13:38:07 17 92.303125 92.759375
2024_0412_13:38:45 17 -6.14375 6.7125
2024_0412_13:39:35 17 70.134375 70.603125
2024_0412_13:39:36 17 90.834375 90.98125
2024_0412_13:40:36 17 92.509375 92.528125
2024_0412_13:40:43 17 0.38125 0.15
2024_0412_13:40:44 17 88.503125 66.69375
2024_0412_13:40:58 17 90.134375 90.015625
2024_0412_13:41:42 17 -5.734375 31.665625
2024_0412_13:41:55 17 71.984375 71.76875
2024_0412_13:42:09 17 15.703125 -7.43125
2024_0412_13:42:48 17 28.021875 28.034375
2024_0412_13:43:32 17 0.478125 0.26875
2024_0412_13:43:49 17 92.165625 92.93125
2024_0412_13:44:09 17 -0.459375 -0.3375
2024_0412_13:45:31 17 -9.409375 35.5875
2024_0412_13:46:37 17 69.078125 87.503125
2024_0412_13:46:38 17 92.290625 92.178125
2024_0412_13:47:25 17 10.034375 -9.6125
2024_0412_13:48:29 17 1.925 -3.409375
2024_0412_13:48:32 17 0.171875 0.290625
2024_0412_13:48:46 17 71.73125 71.821875
2024_0412_13:48:55 17 16.271875 17.00625
2024_0412_13:49:59 17 27.625 34.925
2024_0412_13:50:02 17 92.678125 92.41875
2024_0412_13:50:04 17 -100.0 -49.98125
2024_0412_13:50:51 17 89.803125 93.38125
2024_0412_13:51:33 17 92.35625 91.621875
2024_0412_13:51:42 17 0.565625 0.228125
2024_0412_13:51:54 17 -14.4125 12.271875
2024_0412_13:52:27 17 22.79375 5.1125
2024_0412_13:53:46 17 -0.021875 -0.225
2024_0412_13:54:46 17 11.29375 7.775
2024_0412_13:55:33 17 90.309375 80.7
2024_0412_13:56:43 17 74.2375 73.0375
2024_0412_13:56:54 17 32.48125 18.4875
2024_0412_13:57:02 17 -0.025 -0.128125
2024_0412_13:58:07 17 0.034375 -0.7625
2024_0412_13:58:15 17 3.55 -0.1125
2024_0412_13:58:26 17 69.91875 70.221875
2024_0412_13:59:01 17 -19.290625 21.23125
2024_0412_13:59:41 17 0.18125 1.1125
2024_0412_13:59:52 17 89.403125 65.696875
2024_0412_14:00:27 17 -0.0875 1.1125
2024_0412_14:00:50 17 91.315625 90.653125
2024_0412_14:01:01 17 88.39375 92.4875
2024_0412_14:01:53 17 12.43125 6.453125
2024_0412_14:02:30 17 10.7125 -9.653125
2024_0412_14:02:57 17 -9.875 10.09375
2024_0412_14:03:38 17 1.753125 -3.4875
2024_0412_14:04:58 17 -8.13125 7.265625
2024_0412_14:05:07 17 12.8 -12.159375
2024_0412_14:05:10 17 -0.96875 -0.165625
2024_0412_14:06:17 17 92.45625 92.490625
2024_0412_14:06:23 17 -5.515625 5.790625
2024_0412_14:06:32 17 2.1 1.846875
2024_0412_14:07:08 17 -0.61875 -0.64375
2024_0412_14:07:51 17 0.36875 0.075
2024_0412_14:08:01 17 60.734375 81.415625
2024_0412_14:08:36 17 90.159375 90.434375
2024_0412_14:09:04 17 -9.34375 15.215625
2024_0412_14:09:06 17 0.334375 0.215625
2024_0412_14:10:01 17 0.540625 0.29375
2024_0412_14:10:40 17 -25.48125 24.640625
2024_0412_14:11:08 17 90.403125 89.815625
2024_0412_14:13:05 17 0.165625 -0.478125
2024_0412_14:13:10 17 0.58125 0.00625
2024_0412_14:13:11 17 -0.653125 0.1875
2024_0412_14:14:19 17 35.3125 33.3875
2024_0412_14:14:37 17 -10.515625 10.15625
2024_0412_14:15:11 17 1.26875 -0.9375
2024_0412_14:16:05 17 -1.715625 -1.23125
2024_0412_14:16:20 17 26.096875 45.628125
2024_0412_14:17:04 17 21.853125 22.259375
2024_0412_14:17:12 17 90.540625 90.26875
2024_0412_14:17:17 17 -20.646875 15.6625
2024_0412_14:17:24 17 0.328125 0.2
2024_0412_14:18:05 17 -0.565625 -1.396875
2024_0412_14:18:40 17 -0.503125 -0.784375
2024_0412_14:19:28 17 -0.259375 0.346875
2024_0412_14:21:12 17 92.103125 92.2125
2024_0412_14:21:20 17 -0.275 -2.35625
2024_0412_14:21:42 17 -0.10625 0.190625
2024_0412_14:22:27 17 15.66875 14.21875
2024_0412_14:22:31 17 0.71875 0.44375
2024_0412_14:22:44 17 85.2625 89.815625
2024_0412_14:23:12 17 0.671875 0.03125
2024_0412_14:24:11 17 40.7375 17.721875
2024_0412_14:25:04 17 0.165625 -1.3375
2024_0412_14:25:25 17 91.40625 42.20625
2024_0412_14:25:27 17 -4.346875 0.0875
2024_0412_14:25:28 17 -0.015625 0.075
2024_0412_14:25:39 17 -1.075 0.3
2024_0412_14:26:13 17 89.465625 88.690625
2024_0412_14:27:41 17 22.328125 0.809375
2024_0412_14:29:18 17 12.20625 -10.075
2024_0412_14:29:30 17 49.26875 -50.134375
2024_0412_14:29:59 17 91.7125 93.2
2024_0412_14:30:34 17 84.959375 90.740625
2024_0412_14:30:40 17 -2.4375 4.88125
2024_0412_14:30:58 17 48.365625 -7.9
2024_0412_14:31:16 17 -0.703125 -0.171875
2024_0412_14:32:19 17 29.2625 31.39375
2024_0412_14:33:18 17 17.034375 16.81875
2024_0412_14:33:34 17 -0.6875 -0.703125
2024_0412_14:33:39 17 83.08125 88.896875
2024_0412_14:33:42 18 33.040625 -6.0875
2024_0412_14:34:22 18 92.86875 42.334375
2024_0412_14:35:51 18 84.44375 84.946875
2024_0412_14:36:02 18 49.153125 -3.01875
2024_0412_14:36:46 18 0.759375 21.340625
2024_0412_14:37:32 18 1.00625 0.19375
2024_0412_14:37:37 18 -0.203125 0.50625
2024_0412_14:38:19 18 0.134375 -0.171875
2024_0412_14:39:01 18 1.0 0.096875
2024_0412_14:39:05 18 21.459375 27.28125
2024_0412_14:39:14 18 92.640625 92.603125
2024_0412_14:39:30 18 73.665625 83.515625
2024_0412_14:40:34 18 -6.615625 36.490625
2024_0412_14:41:32 18 13.740625 -0.49375
2024_0412_14:41:39 18 -0.2125 1.825
2024_0412_14:41:47 18 86.95 88.659375
2024_0412_14:42:09 18 70.503125 57.915625
2024_0412_14:42:28 18 -0.184375 0.459375
2024_0412_14:43:59 18 94.121875 92.071875
2024_0412_14:44:12 18 -0.48125 0.403125
2024_0412_14:44:49 18 91.546875 91.81875
2024_0412_14:45:43 18 -3.1875 33.203125
2024_0412_14:45:54 18 -1.503125 -0.18125
2024_0412_14:46:24 18 -10.01875 9.490625
2024_0412_14:47:21 18 88.909375 89.890625
2024_0412_14:47:24 18 -0.825 -0.8625
2024_0412_14:47:35 18 -0.515625 0.30625
2024_0412_14:47:47 18 90.30625 90.721875
2024_0412_14:48:44 18 18.03125 -9.68125
2024_0412_14:49:44 18 0.3 0.53125
2024_0412_14:49:56 18 1.203125 1.534375
2024_0412_14:50:01 18 89.903125 89.2875
2024_0412_14:50:17 18 -4.065625 5.2625
2024_0412_14:50:33 18 0.359375 0.3625
2024_0412_14:52:05 18 63.659375 2.925
2024_0412_14:52:48 18 91.409375 91.91875
2024_0412_14:53:49 18 12.48125 13.3375
2024_0412_14:54:09 18 0.88125 0.190625
2024_0412_14:54:21 18 -2.575 -40.153125
2024_0412_14:55:19 18 39.815625 40.10625
2024_0412_14:55:29 18 0.553125 -0.21875
2024_0412_14:55:35 18 0.43125 -0.609375
2024_0412_14:55:50 18 92.4375 92.834375
2024_0412_14:56:39 18 46.903125 48.846875
2024_0412_14:57:48 18 92.896875 92.503125
2024_0412_14:57:51 18 -0.215625 -0.203125
2024_0412_14:58:04 18 15.321875 -2.05
2024_0412_14:58:07 18 -4.265625 48.48125
2024_0412_14:58:18 18 -0.19375 -0.153125
2024_0412_14:58:34 18 33.703125 29.378125
2024_0412_15:00:17 18 7.840625 32.2375
2024_0412_15:00:57 18 -0.190625 0.178125
2024_0412_15:01:59 18 82.89375 55.284375
2024_0412_15:02:19 18 -27.490625 48.809375
2024_0412_15:02:27 18 -7.46875 28.29375
2024_0412_15:03:27 18 43.125 42.91875
2024_0412_15:03:33 18 99.996875 -99.996875
2024_0412_15:04:07 18 0.025 -0.00625
2024_0412_15:04:49 18 0.4375 -0.421875
2024_0412_15:05:41 18 -36.478125 39.303125
2024_0412_15:05:56 18 90.390625 90.69375
2024_0412_15:05:57 18 93.9375 88.95
2024_0412_15:06:06 18 0.121875 0.378125
2024_0412_15:06:22 18 24.340625 37.9
2024_0412_15:06:22 18 81.025 61.4625
2024_0412_15:06:41 18 89.690625 90.090625
2024_0412_15:08:47 18 92.740625 80.89375
2024_0412_15:09:08 18 28.525 66.50625
2024_0412_15:10:18 18 -20.6 19.884375
2024_0412_15:10:28 18 -12.040625 12.459375
2024_0412_15:10:29 18 -0.16875 1.3
2024_0412_15:11:40 18 92.69375 92.171875
2024_0412_15:12:11 18 45.078125 95.440625
2024_0412_15:12:52 18 92.8625 92.71875
2024_0412_15:14:03 18 0.996875 0.003125
2024_0412_15:14:07 18 0.053125 0.621875
2024_0412_15:14:13 18 92.765625 92.534375
2024_0412_15:14:25 18 -13.00625 13.35
2024_0412_15:14:25 18 12.353125 13.178125
2024_0412_15:15:02 18 90.25625 90.0
2024_0412_15:16:51 18 13.99375 13.58125
2024_0412_15:17:26 18 0.0875 2.56875
2024_0412_15:18:23 18 89.515625 89.671875
2024_0412_15:18:30 18 -1.565625 3.053125
2024_0412_15:18:32 18 -8.196875 22.603125
2024_0412_15:18:40 18 0.21875 -1.340625
2024_0412_15:20:02 18 0.0 99.99375
2024_0412_15:20:23 18 91.74375 91.95
2024_0412_15:21:03 18 88.525 91.05625
2024_0412_15:21:34 18 77.2875 77.478125
2024_0412_15:22:12 18 40.675 -0.190625
2024_0412_15:22:19 18 -0.2875 0.075
2024_0412_15:22:23 18 92.640625 92.053125
2024_0412_15:22:34 18 -7.809375 49.246875
2024_0412_15:23:04 18 -3.15625 4.93125
2024_0412_15:23:36 18 14.28125 13.796875
2024_0412_15:24:57 18 -0.434375 -0.390625
2024_0412_15:25:36 18 1.175 0.30625
2024_0412_15:26:28 18 10.484375 -10.50625
2024_0412_15:26:40 18 90.03125 86.084375
2024_0412_15:26:47 18 89.5375 90.440625
2024_0412_15:26:51 18 -0.39375 0.3875
2024_0412_15:28:27 18 88.30625 88.53125
2024_0412_15:28:32 18 0.75625 0.346875
2024_0412_15:29:09 18 12.815625 11.89375
2024_0412_15:30:01 18 93.425 93.45625
2024_0412_15:30:16 18 47.215625 54.4125
2024_0412_15:30:25 18 99.9875 49.99375
2024_0412_15:30:28 18 91.63125 89.1375
2024_0412_15:30:42 18 20.26875 18.978125
2024_0412_15:31:06 18 7.528125 6.79375
2024_0412_15:31:42 18 99.9875 -50.0
2024_0412_15:33:10 18 -0.496875 -0.296875
2024_0412_15:33:59 18 89.440625 76.95
2024_0412_15:34:48 18 -0.021875 0.746875
2024_0412_15:34:48 18 11.9125 -4.34375
2024_0412_15:34:53 18 83.178125 87.31875
2024_0412_15:34:57 18 0.35 -0.559375
2024_0412_15:36:38 18 -4.075 4.209375
2024_0412_15:36:39 18 0.003125 -0.4375
2024_0412_15:37:15 18 21.415625 -6.471875
2024_0412_15:38:11 18 89.7125 88.896875
2024_0412_15:38:37 18 0.59375 0.43125
2024_0412_15:38:38 18 88.0875 89.053125
2024_0412_15:38:54 18 0.959375 0.08125
2024_0412_15:38:55 18 35.725 2.134375
2024_0412_15:39:17 18 0.703125 0.30625
2024_0412_15:39:53 18 -0.065625 0.515625
2024_0412_15:41:17 18 0.4625 1.128125
2024_0412_15:42:06 18 52.6 52.93125
2024_0412_15:43:04 18 -0.075 0.14375
2024_0412_15:43:08 18 86.0625 92.75
2024_0412_15:43:23 18 -0.6125 0.43125
2024_0412_15:43:24 18 89.76875 90.51875
2024_0412_15:44:43 18 93.15 92.796875
2024_0412_15:44:44 18 92.215625 92.0375
2024_0412_15:45:18 18 -7.159375 7.471875
2024_0412_15:46:18 18 89.9125 89.340625
2024_0412_15:46:39 18 9.80625 -9.859375
2024_0412_15:46:39 18 92.93125 91.675
2024_0412_15:46:59 18 -0.775 0.153125
2024_0412_15:47:03 18 15.44375 0.721875
2024_0412_15:47:54 18 -0.14375 -0.0875
2024_0412_15:49:20 18 -39.36875 44.6
2024_0412_15:50:08 18 16.0125 16.853125
2024_0412_15:51:19 18 46.678125 -0.678125
2024_0412_15:51:26 18 -10.496875 9.94375
2024_0412_15:51:32 18 0.359375 0.625
2024_0412_15:52:42 18 9.234375 -9.053125
2024_0412_15:52:51 18 6.365625 54.55625
2024_0412_15:53:37 18 92.603125 91.078125
2024_0412_15:54:23 18 7.6375 7.575
2024_0412_15:55:00 18 49.996875 -99.975
2024_0412_15:55:01 18 91.003125 90.4875
2024_0412_15:55:03 18 -0.85625 -1.115625
2024_0412_15:55:12 18 -0.653125 -0.075
2024_0412_15:55:15 18 -1.046875 -0.978125
2024_0412_15:56:05 18 0.715625 -0.15
2024_0412_15:57:28 18 49.040625 -4.16875
2024_0412_15:57:31 18 11.6875 -11.284375
2024_0412_15:58:17 18 1.05 -0.1
2024_0412_15:59:32 18 91.103125 91.1
2024_0412_15:59:35 18 16.778125 -16.96875
2024_0412_15:59:44 18 16.83125 16.684375
2024_0412_16:00:52 18 -5.171875 87.928125
2024_0412_16:01:07 18 1.5375 -1.478125
2024_0412_16:01:55 18 86.140625 90.6
2024_0412_16:02:40 18 -0.703125 -0.265625
2024_0412_16:03:08 19 91.8375 93.503125
2024_0412_16:03:08 19 0.35625 -1.4
2024_0412_16:03:29 19 -0.38125 -0.728125
2024_0412_16:03:30 19 -0.21875 0.315625
2024_0412_16:04:11 19 0.715625 0.03125
2024_0412_16:05:34 19 11.80625 3.61875
2024_0412_16:05:51 19 0.0375 0.646875
2024_0412_16:06:47 19 89.79375 90.3875
2024_0412_16:07:50 19 93.821875 44.096875
2024_0412_16:08:01 19 0.165625 0.5375
2024_0412_16:08:01 19 -13.971875 14.5375
2024_0412_16:09:05 19 90.484375 89.31875
2024_0412_16:09:18 19 90.834375 90.090625
2024_0412_16:10:14 19 90.715625 45.309375
2024_0412_16:11:18 19 -2.39375 1.74375
2024_0412_16:11:26 19 90.91875 90.35625
2024_0412_16:11:41 19 -0.8875 -0.58125
2024_0412_16:11:47 19 -0.61875 0.334375
2024_0412_16:11:59 19 -0.65 -0.153125
2024_0412_16:12:40 19 -1.359375 0.54375
2024_0412_16:13:39 19 1.415625 -0.228125
2024_0412_16:13:57 19 -0.5125 1.125
2024_0412_16:14:48 19 -10.09375 9.56875
2024_0412_16:15:48 19 0.328125 0.6875
2024_0412_16:15:54 19 -0.553125 0.66875
2024_0412_16:16:05 19 91.075 90.275
2024_0412_16:17:02 19 0.828125 -0.05
2024_0412_16:17:17 19 47.54375 89.9
2024_0412_16:18:25 19 1.265625 -0.434375
2024_0412_16:19:09 19 0.3625 1.14375
2024_0412_16:19:12 19 46.403125 47.78125
2024_0412_16:19:25 19 -0.409375 0.04375
2024_0412_16:19:32 19 -1.14375 0.10625
2024_0412_16:19:59 19 90.225 91.03125
2024_0412_16:20:33 19 1.278125 62.946875
2024_0412_16:21:41 19 13.68125 -14.209375
2024_0412_16:22:39 19 33.5625 9.709375
2024_0412_16:23:38 19 49.90625 58.6875
2024_0412_16:23:45 19 -0.225 -0.15
2024_0412_16:23:50 19 3.00625 3.859375
2024_0412_16:25:02 19 0.00625 -0.140625
2024_0412_16:25:10 19 -0.175 -0.271875
2024_0412_16:26:00 19 0.884375 1.178125
2024_0412_16:27:00 19 0.55 -0.6125
2024_0412_16:27:05 19 11.2625 -10.009375
2024_0412_16:27:22 19 9.509375 7.89375
2024_0412_16:27:25 19 93.353125 91.49375
2024_0412_16:27:51 19 2.728125 -2.025
2024_0412_16:28:28 19 15.703125 -17.728125
2024_0412_16:29:19 19 16.75625 -16.803125
2024_0412_16:29:28 19 42.91875 42.15625
2024_0412_16:30:28 19 -0.384375 0.084375
2024_0412_16:31:27 19 -13.184375 8.3375
2024_0412_16:31:41 19 0.6375 -2.059375
2024_0412_16:31:50 19 -6.778125 20.253125
2024_0412_16:32:37 19 86.7 86.678125
2024_0412_16:33:06 19 1.334375 -0.4375
2024_0412_16:33:07 19 -1.71875 43.646875
2024_0412_16:33:56 19 83.075 88.775
2024_0412_16:34:49 19 85.403125 5.55
2024_0412_16:35:06 19 -0.54375 0.14375
2024_0412_16:35:21 19 79.328125 88.315625
2024_0412_16:35:36 19 -0.01875 0.296875
2024_0412_16:36:27 19 20.7125 -21.103125
2024_0412_16:37:11 19 92.628125 92.125
2024_0412_16:37:36 19 5.25625 5.2875
2024_0412_16:38:18 19 13.971875 7.796875
2024_0412_16:39:38 19 -6.515625 10.971875
2024_0412_16:39:42 19 42.71875 42.559375
2024_0412_16:40:38 19 91.81875 92.01875
2024_0412_16:41:03 19 1.071875 0.165625
2024_0412_16:41:06 19 89.896875 90.571875
2024_0412_16:41:14 19 -0.571875 -0.778125
2024_0412_16:41:52 19 -0.103125 0.0625
2024_0412_16:42:38 19 -49.975 49.975
2024_0412_16:42:56 19 -0.68125 6.1625
2024_0412_16:43:17 19 -0.06875 -0.759375
2024_0412_16:43:43 19 -0.509375 -0.6875
2024_0412_16:44:26 19 -0.390625 0.453125
2024_0412_16:44:59 19 49.86875 -49.21875
2024_0412_16:45:27 19 -0.378125 0.35
2024_0412_16:46:21 20 92.403125 92.66875
2024_0412_16:47:41 20 -0.221875 -0.034375
2024_0412_16:48:33 20 94.178125 80.26875
2024_0412_16:48:56 20 17.90625 6.040625
2024_0412_16:48:57 20 87.9625 90.09375
2024_0412_16:49:14 20 -0.5 -0.190625
2024_0412_16:49:47 20 41.971875 42.846875
2024_0412_16:50:31 20 11.24375 44.978125
2024_0412_16:50:44 20 49.996875 -99.9875
2024_0412_16:51:04 20 70.2875 65.696875
2024_0412_16:51:06 20 -0.7875 0.034375
2024_0412_16:51:45 20 19.965625 47.15
2024_0412_16:52:27 20 0.35625 0.234375
2024_0412_16:52:48 20 -99.99375 50.0
2024_0412_16:53:42 20 -5.24375 22.25625
2024_0412_16:54:12 20 -2.415625 11.309375
2024_0412_16:54:31 20 15.45625 3.81875
2024_0412_16:55:30 20 -2.396875 4.31875
2024_0412_16:56:27 20 90.44375 90.703125
2024_0412_16:56:43 20 0.60625 -1.36875
2024_0412_16:56:52 20 8.9 8.996875
2024_0412_16:57:29 20 50.815625 60.2375
2024_0412_16:58:13 20 35.3125 36.771875
2024_0412_16:58:39 20 91.971875 93.04375
2024_0412_16:58:41 20 91.425 89.5625
2024_0412_16:58:52 20 -0.58125 -0.003125
2024_0412_16:58:54 20 -0.05625 -0.60625
2024_0412_16:59:41 20 -0.846875 -0.075
2024_0412_17:00:22 20 -12.846875 13.09375
2024_0412_17:01:37 20 84.875 1.80625
2024_0412_17:02:12 20 -0.003125 0.265625
2024_0412_17:02:17 20 9.55 -9.575
2024_0412_17:03:21 20 91.059375 -10.653125
2024_0412_17:04:22 20 16.053125 -16.753125
2024_0412_17:04:56 20 0.003125 -0.003125
2024_0412_17:05:24 20 78.725 84.71875
2024_0412_17:05:57 20 90.425 90.2125
2024_0412_17:06:27 20 -0.125 0.13125
2024_0412_17:06:41 20 -11.528125 12.7
2024_0412_17:06:44 20 1.096875 -0.865625
2024_0412_17:06:46 20 0.059375 -0.70625
2024_0412_17:07:38 20 89.11875 89.853125
2024_0412_17:07:53 20 81.178125 89.965625
2024_0412_17:08:12 20 92.421875 92.30625
2024_0412_17:09:28 20 49.996875 99.99375
2024_0412_17:09:59 20 5.5 6.3375
2024_0412_17:10:05 20 -2.0125 4.340625
2024_0412_17:10:06 20 49.996875 -49.928125
2024_0412_17:11:04 20 -0.3625 -0.19375
2024_0412_17:12:10 20 0.1125 -0.45625
2024_0412_17:12:50 20 91.8875 91.81875
2024_0412_17:13:24 20 43.590625 0.240625
2024_0412_17:13:57 20 34.728125 41.309375
2024_0412_17:14:18 20 93.075 91.521875
2024_0412_17:14:28 20 14.25 13.659375
2024_0412_17:14:38 20 92.45 90.18125
2024_0412_17:14:48 20 87.353125 90.628125
2024_0412_17:15:42 20 -14.55 64.471875
2024_0412_17:15:53 20 15.625 15.225
2024_0412_17:16:03 20 -0.7625 47.115625
2024_0412_17:17:28 20 -0.91875 -0.140625
2024_0412_17:17:52 20 1.165625 1.48125
2024_0412_17:18:02 20 41.284375 42.15
2024_0412_17:18:11 20 90.9125 90.86875
2024_0412_17:19:33 20 15.025 15.390625
2024_0412_17:19:54 20 49.9875 -99.978125
2024_0412_17:20:51 20 79.146875 64.675
2024_0412_17:21:14 20 -20.025 19.4625
2024_0412_17:21:47 20 47.3875 35.0625
2024_0412_17:22:17 20 13.728125 -12.509375
2024_0412_17:22:23 20 -10.596875 10.85
2024_0412_17:22:34 20 22.53125 1.3375
2024_0412_17:23:46 20 0.14375 0.221875
2024_0412_17:23:46 20 63.95 83.309375
2024_0412_17:24:30 20 89.38125 90.50625
2024_0412_17:24:33 20 -2.99375 -0.746875
2024_0412_17:25:15 20 89.775 92.95
2024_0412_17:25:51 20 92.721875 92.509375
2024_0412_17:25:55 20 -3.58125 96.54375
2024_0412_17:26:03 20 0.1625 -0.678125
2024_0412_17:27:32 20 -1.33125 0.478125
2024_0412_17:27:55 20 18.425 18.725
2024_0412_17:28:40 20 49.996875 49.996875
2024_0412_17:29:07 20 44.81875 95.134375
2024_0412_17:29:54 20 40.103125 -40.084375
2024_0412_17:30:13 20 71.49375 77.703125
2024_0412_17:30:22 20 54.140625 55.84375
2024_0412_17:30:25 20 -0.49375 0.2
2024_0412_17:31:36 20 -0.271875 0.209375
2024_0412_17:31:42 20 0.23125 -0.271875
2024_0412_17:32:19 20 43.95 93.9
2024_0412_17:32:28 20 27.5125 -24.05625
2024_0412_17:33:19 20 -0.321875 -0.615625
2024_0412_17:33:44 20 9.15625 45.584375
2024_0412_17:33:49 20 49.2875 -4.703125
2024_0412_17:33:57 20 7.5375 -8.203125
2024_0412_17:35:33 20 -13.146875 25.603125
2024_0412_17:36:31 9 93.059375 93.2625
2024_0412_17:36:54 5 92.809375 92.971875
2024_0412_17:37:44 13 43.428125 93.1125
2024_0412_17:38:00 13 88.06875 93.5625
2024_0412_17:38:08 13 1.60625 1.240625
2024_0412_17:38:31 13 9.740625 -9.6125
2024_0412_17:39:31 13 15.846875 15.734375
2024_0412_17:39:33 14 89.940625 89.603125
2024_0412_17:40:18 14 -0.03125 -0.49375
2024_0412_17:40:19 14 -0.36875 0.20625
2024_0412_17:40:19 14 88.803125 90.81875
2024_0412_17:41:08 15 92.778125 91.796875
2024_0412_17:41:32 15 90.70625 91.246875
2024_0412_17:41:37 15 -0.771875 0.675
2024_0412_17:41:41 15 -0.715625 -1.296875
2024_0412_17:43:21 15 92.153125 92.821875
2024_0412_17:44:17 15 -0.746875 0.778125
2024_0412_17:44:45 15 94.05625 92.375
2024_0412_17:45:47 16 40.071875 -40.009375
2024_0412_17:46:01 16 0.90625 -0.0375
2024_0412_17:46:16 15 89.65 90.053125
2024_0412_17:46:24 16 16.53125 -16.465625
2024_0412_17:47:19 16 -12.525 11.5875
2024_0412_17:47:21 16 -8.35 10.35
2024_0412_17:48:09 16 57.559375 59.421875
2024_0412_17:48:16 16 52.946875 7.896875
2024_0412_17:48:20 16 92.38125 92.6125
2024_0412_17:49:06 16 -1.553125 -2.81875
2024_0412_17:49:18 17 0.378125 -0.0875
2024_0412_17:49:33 17 42.25 41.53125
2024_0412_17:51:08 17 0.28125 -0.259375
2024_0412_17:52:08 17 53.28125 79.140625
2024_0412_17:52:34 17 91.09375 43.05
2024_0412_17:53:35 17 3.05625 3.30625
2024_0412_17:53:42 17 49.996875 -49.996875
2024_0412_17:54:05 17 94.13125 92.496875
2024_0412_17:54:17 17 89.696875 90.478125
2024_0412_17:55:12 17 65.015625 66.053125
2024_0412_17:55:12 17 0.178125 -0.409375
2024_0412_17:56:02 17 92.4 92.459375
2024_0412_17:56:14 18 0.53125 -0.4
2024_0412_17:56:31 18 0.375 34.090625
2024_0412_17:56:39 18 41.353125 -9.2625
2024_0412_17:56:53 18 12.0375 -12.053125
2024_0412_17:57:03 18 59.196875 70.4625
2024_0412_17:57:25 18 8.315625 8.115625
2024_0412_17:59:01 18 -2.54375 2.98125
2024_0412_18:00:02 18 91.94375 91.853125
2024_0412_18:00:40 18 71.128125 70.465625
2024_0412_18:01:31 19 10.95625 -10.83125
2024_0412_18:01:33 19 21.640625 41.73125
2024_0412_18:01:54 19 25.34375 -24.4875
2024_0412_18:02:22 19 89.3125 90.0625
2024_0412_18:03:01 19 2.125 1.25
2024_0412_18:03:03 19 15.78125 -15.25625
2024_0412_18:04:04 19 0.153125 -0.746875
2024_0412_18:04:05 19 0.065625 0.15625
2024_0412_18:04:32 19 90.50625 90.69375
2024_0412_18:04:37 19 0.640625 0.409375
2024_0412_18:04:38 19 12.79375 13.759375
2024_0412_18:04:53 19 49.4 -37.49375
2024_0412_18:05:15 19 -0.459375 -0.396875
2024_0412_18:06:41 20 46.7375 47.525
2024_0412_18:07:32 20 -30.0375 29.75625
2024_0412_18:08:06 20 -0.353125 0.153125
2024_0412_18:08:49 20 91.853125 91.84375
2024_0412_18:08:58 20 0.2625 -0.346875
2024_0412_18:09:15 20 0.1875 -0.028125
2024_0412_18:09:38 20 15.14375 14.8375
2024_0412_18:10:08 17 1.878125 -7.371875
