0.20683000000013646 0.11868500000004831 0.027855000000003193 0.006694999999999811 0.02275500000000163 0.021925000000001377 0.020545000000000955 0.020290000000000877 0.020255000000000866 0.007929999999999762 0.0439749999999993 0.03667500000000213 0.061654999999992445 0.05844999999999369 0.06654999999999617 0.050869999999996626 0.06415999999999378 0.06262999999999225 0.04189000000000011 0.03938000000000108 
2024_0415_14:43:56 2 98.18 98.7675
2024_0415_14:43:56 7 99.56 95.3325
2024_0415_14:43:56 11 94.215 98.005
2024_0415_14:43:57 3 95.995 99.515
2024_0415_14:43:58 8 49.9675 70.6
2024_0415_14:43:59 4 48.4625 98.875
2024_0415_14:44:00 10 90.27 97.665
2024_0415_14:44:00 6 88.9225 95.6925
2024_0415_14:44:01 11 0.61 -0.1
2024_0415_14:44:06 2 49.0025 99.085
2024_0415_14:44:07 1 96.2725 99.435
2024_0415_14:44:09 1 99.0275 99.565
2024_0415_14:44:09 6 95.37 95.815
2024_0415_14:44:09 1 97.425 99.5025
2024_0415_14:44:14 9 99.19 98.78
2024_0415_14:50:23 15 -0.6475 -0.0075
2024_0415_14:50:24 12 65.08 -1.1625
2024_0415_14:50:25 13 52.05 53.865
2024_0415_14:50:28 15 -0.2125 0.2475
2024_0415_14:50:28 13 -48.455 48.3325
2024_0415_14:50:29 16 -0.76 0.8275
2024_0415_14:50:31 14 94.615 97.5875
2024_0415_14:50:33 17 -0.925 0.1375
2024_0415_14:50:35 20 -1.2775 0.155
2024_0415_14:50:37 18 -9.925 10.285
2024_0415_14:50:42 5 94.715 99.4575
2024_0415_14:50:46 17 0.305 0.525
2024_0415_14:50:55 20 0.0525 0.46
2024_0415_14:51:04 18 26.7275 -25.1
2024_0415_14:52:43 19 23.3675 16.73
2024_0415_14:59:08 5 99.555 96.68
2024_0415_14:59:09 11 -0.75 -0.1475
2024_0415_14:59:10 1 97.195 99.5275
2024_0415_14:59:10 3 94.7525 99.5125
2024_0415_14:59:10 2 95.1225 98.63
2024_0415_14:59:11 2 94.465 99.4325
2024_0415_14:59:13 11 49.995 99.99
2024_0415_14:59:14 4 81.385 99.5375
2024_0415_14:59:18 8 47.4925 79.1075
2024_0415_14:59:18 7 98.8825 48.97
2024_0415_14:59:19 6 96.085 80.315
2024_0415_14:59:21 11 98.67 97.1825
2024_0415_14:59:21 2 87.4275 99.56
2024_0415_14:59:24 9 98.38 99.62
2024_0415_14:59:24 10 49.1075 99.0275
2024_0415_14:59:29 11 0.55 -0.65
2024_0415_15:05:29 11 1.05 -0.275
2024_0415_15:05:34 12 -17.1175 16.845
2024_0415_15:05:36 13 11.49 -11.67
2024_0415_15:05:38 15 6.43 40.9875
2024_0415_15:05:38 13 22.68 46.87
2024_0415_15:05:39 13 98.9125 99.1575
2024_0415_15:05:41 16 -0.6125 95.485
2024_0415_15:05:43 13 94.9425 97.3875
2024_0415_15:05:43 14 97.3475 99.4
2024_0415_15:05:45 17 -0.4075 1.8025
2024_0415_15:05:49 19 0.03 -1.1075
2024_0415_15:05:50 18 88.395 99.39
2024_0415_15:05:51 20 85.5575 99.1825
2024_0415_15:05:51 20 49.9675 -49.9825
2024_0415_15:12:15 8 83.4475 98.7975
2024_0415_15:12:15 11 -0.275 -0.26
2024_0415_15:12:15 6 97.5775 98.655
2024_0415_15:12:17 11 99.54 95.5925
2024_0415_15:12:19 12 97.92 49.3375
2024_0415_15:12:19 11 73.3725 30.43
2024_0415_15:12:20 10 94.13 99.5175
2024_0415_15:12:21 9 69.0975 99.6375
2024_0415_15:12:27 5 99.595 79.7925
2024_0415_15:12:28 1 94.94 99.555
2024_0415_15:12:28 7 99.41 94.095
2024_0415_15:12:30 3 81.2275 98.7475
2024_0415_15:12:31 2 51.325 99.2375
2024_0415_15:12:32 4 87.7025 99.5175
2024_0415_15:12:33 2 48.9875 99.33
2024_0415_15:12:35 10 98.7425 97.175
2024_0415_15:18:31 12 -0.0725 -0.4875
2024_0415_15:18:34 13 40.9975 -1.195
2024_0415_15:18:36 13 0.4225 0.7625
2024_0415_15:18:38 14 -0.58 -0.46
2024_0415_15:18:42 13 -46.49 47.825
2024_0415_15:18:43 13 99.0825 99.3275
2024_0415_15:18:44 15 99.245 94.15
2024_0415_15:18:44 13 52.1725 99.5
2024_0415_15:19:00 15 92.35 98.8125
2024_0415_15:19:01 16 -10.69 44.575
2024_0415_15:19:04 16 51.33 25.82
2024_0415_15:19:08 16 69.0625 85.58
2024_0415_15:19:08 18 -72.575 72.105
2024_0415_15:19:08 18 -0.7625 1.1275
2024_0415_15:19:09 17 48.53 82.6675
2024_0415_15:19:14 18 -11.92 12.77
2024_0415_15:24:48 18 0.615 0.1
2024_0415_15:24:53 18 -0.025 0.045
2024_0415_15:24:55 19 24.91 -17.6025
2024_0415_15:24:57 19 10.285 49.985
2024_0415_15:25:02 20 -0.0325 -0.59
2024_0415_15:25:04 20 0.76 -0.685
2024_0415_15:25:08 20 -2.765 1.4925
2024_0415_15:25:09 20 17.5325 -12.47
2024_0415_15:31:12 7 99.4875 95.57
2024_0415_15:31:13 8 95.2175 48.9925
2024_0415_15:31:14 2 95.7675 99.0725
2024_0415_15:31:15 2 98.65 99.4825
2024_0415_15:31:16 3 96.675 99.025
2024_0415_15:31:16 2 96.0775 99.515
2024_0415_15:31:17 2 93.2975 99.07
2024_0415_15:31:30 5 99.555 98.2475
2024_0415_15:31:30 8 92.9125 95.8375
2024_0415_15:31:31 1 87.1525 99.4525
2024_0415_15:31:32 2 52.0725 99.085
2024_0415_15:31:33 3 89.61 99.1625
2024_0415_15:31:34 6 70.2475 97.795
2024_0415_15:31:35 9 63.3225 99.67
2024_0415_15:31:38 10 98.33 99.33
2024_0415_15:34:17 11 49.3025 61.93
2024_0415_15:37:13 11 1.5875 0.745
2024_0415_15:37:15 11 0.4875 0.155
2024_0415_15:37:17 11 -0.795 0.475
2024_0415_15:37:18 11 0.3175 0.8225
2024_0415_15:37:19 11 99.3725 91.72
2024_0415_15:37:21 11 0.5225 -0.815
2024_0415_15:37:23 11 -50.0 -100.0
2024_0415_15:37:48 12 49.35 81.2475
2024_0415_15:37:51 12 95.43 94.7975
2024_0415_15:37:51 12 -0.305 0.1225
2024_0415_15:37:52 12 66.515 96.465
2024_0415_15:37:52 13 50.1475 -49.235
2024_0415_15:37:54 12 78.06 98.3075
2024_0415_15:37:55 12 66.0125 98.9225
2024_0415_15:37:59 13 96.72 91.3675
2024_0415_15:40:23 13 42.3425 -31.5325
2024_0415_15:43:21 13 99.2625 98.9675
2024_0415_15:43:23 13 0.1175 0.1075
2024_0415_15:43:24 13 -0.5625 -0.0575
2024_0415_15:43:26 13 0.1475 -0.21
2024_0415_15:43:30 13 99.16 99.0975
2024_0415_15:43:33 13 -0.6575 5.2275
2024_0415_15:43:35 13 34.345 33.1825
2024_0415_15:44:05 14 -0.1525 -0.0275
2024_0415_15:44:08 13 99.2725 95.1325
2024_0415_15:44:09 14 -0.9175 -0.16
2024_0415_15:44:09 14 -0.515 -0.72
2024_0415_15:44:12 14 -11.705 11.84
2024_0415_15:44:14 14 99.1 98.275
2024_0415_15:44:15 14 0.53 1.225
2024_0415_15:44:27 14 99.4425 96.535
2024_0415_15:46:29 14 48.755 95.355
2024_0415_15:49:30 14 5.3175 -1.61
2024_0415_15:49:32 14 99.27 95.16
2024_0415_15:49:34 14 -0.9225 -0.61
2024_0415_15:49:36 14 98.1125 98.7425
2024_0415_15:49:45 15 0.2075 0.005
2024_0415_15:50:05 15 -46.35 47.455
2024_0415_15:50:28 15 0.2025 0.4325
2024_0415_15:50:33 15 29.1025 28.255
2024_0415_15:50:34 15 1.6725 1.1675
2024_0415_15:50:36 15 88.655 97.915
2024_0415_15:50:36 15 0.2525 0.4675
2024_0415_15:50:37 15 99.5075 99.495
2024_0415_15:50:38 15 -0.295 -0.045
2024_0415_15:50:46 15 0.16 -0.48
2024_0415_15:52:41 15 95.5625 91.2475
2024_0415_15:54:50 15 -0.3975 -0.355
2024_0415_15:55:44 16 37.27 79.695
2024_0415_15:55:44 16 93.4425 92.615
2024_0415_15:55:44 16 8.595 -8.0625
2024_0415_15:55:46 16 0.49 0.195
2024_0415_15:55:56 16 16.43 -18.24
2024_0415_15:56:17 16 7.6275 15.89
2024_0415_15:56:51 17 0.345 -0.425
2024_0415_15:56:51 17 0.3525 0.425
2024_0415_15:56:52 16 3.4125 1.1125
2024_0415_15:56:56 17 -79.9375 80.0975
2024_0415_15:56:57 17 -8.5925 9.2475
2024_0415_15:56:59 17 85.5 29.07
2024_0415_15:57:08 17 -49.995 49.995
2024_0415_15:58:51 17 0.46 0.25
2024_0415_16:00:09 17 8.6375 16.145
2024_0415_16:01:51 18 -50.0 -100.0
2024_0415_16:01:52 18 -8.55 45.9
2024_0415_16:01:54 18 -49.985 -99.9475
2024_0415_16:02:09 18 91.085 -50.8275
2024_0415_16:02:26 18 41.7875 -0.76
2024_0415_16:03:08 19 31.64 19.0775
2024_0415_16:03:11 19 0.6425 -0.3425
2024_0415_16:03:18 18 40.3575 -40.705
2024_0415_16:03:20 19 39.2225 -2.8075
2024_0415_16:03:21 20 6.51 85.515
2024_0415_16:03:22 19 -44.1275 47.0675
2024_0415_16:03:32 20 13.5675 -0.8025
2024_0415_16:05:03 20 0.035 0.0575
2024_0415_16:05:08 20 -3.59 2.3125
2024_0415_16:06:03 20 -0.0725 -0.42
2024_0415_16:06:11 4 98.0575 92.705
2024_0415_16:07:51 15 0.7975 -0.3175
2024_0415_16:07:59 18 -15.445 90.5575
2024_0415_16:08:09 18 21.77 21.905
2024_0415_16:08:35 20 -12.3925 12.72
2024_0415_16:09:04 17 24.7825 -15.1975
2024_0415_16:15:12 7 99.4375 67.93
2024_0415_16:15:12 2 98.52 98.59
2024_0415_16:15:13 4 48.4125 99.1425
2024_0415_16:15:13 2 48.8575 99.205
2024_0415_16:15:14 2 78.925 99.625
2024_0415_16:15:15 2 83.7725 98.93
2024_0415_16:15:16 10 95.265 99.2325
2024_0415_16:15:17 10 95.705 98.8825
2024_0415_16:15:22 7 98.115 93.41
2024_0415_16:15:23 5 99.455 96.1625
2024_0415_16:15:24 1 99.4125 99.47
2024_0415_16:15:25 6 92.8 75.7025
2024_0415_16:15:27 3 91.03 99.2
2024_0415_16:15:27 9 97.315 99.4375
2024_0415_16:15:29 2 79.2775 98.8975
2024_0415_16:15:31 8 98.745 95.5625
2024_0415_16:21:15 11 0.06 -0.0075
2024_0415_16:21:18 11 0.63 -1.03
2024_0415_16:21:18 11 -0.105 -0.02
2024_0415_16:21:20 11 0.7175 -0.5025
2024_0415_16:21:22 11 0.7425 0.5125
2024_0415_16:21:22 11 99.415 95.705
2024_0415_16:21:23 11 0.195 -0.0275
2024_0415_16:21:24 11 49.5175 99.1225
2024_0415_16:21:41 11 0.88 0.38
2024_0415_16:21:43 12 -10.065 60.115
2024_0415_16:21:43 12 -0.04 -0.5125
2024_0415_16:21:44 12 39.35 79.8375
2024_0415_16:21:45 12 98.9825 62.6
2024_0415_16:21:46 12 97.7 95.935
2024_0415_16:21:50 12 0.19 -0.75
2024_0415_16:21:50 12 0.5 0.3875
2024_0415_16:27:22 13 0.5725 0.285
2024_0415_16:27:22 13 -0.055 41.3375
2024_0415_16:27:25 13 99.995 -99.995
2024_0415_16:27:30 13 0.4425 0.605
2024_0415_16:27:31 13 94.9 -92.51
2024_0415_16:27:31 13 99.2725 98.7475
2024_0415_16:27:31 13 -0.0525 -0.17
2024_0415_16:27:34 13 98.6775 98.11
2024_0415_16:27:57 13 0.38 -1.0975
2024_0415_16:28:00 13 0.09 0.1775
2024_0415_16:28:02 14 -0.5275 -0.4225
2024_0415_16:28:07 13 17.61 17.715
2024_0415_16:28:08 14 96.0125 97.8475
2024_0415_16:28:12 14 98.8 99.3325
2024_0415_16:28:13 14 95.32 99.07
2024_0415_16:28:14 14 94.82 66.885
2024_0415_16:33:29 14 -49.995 99.9625
2024_0415_16:33:31 14 -0.8725 -1.0675
2024_0415_16:33:35 14 -0.59 52.4875
2024_0415_16:33:39 15 0.0575 0.135
2024_0415_16:33:39 14 -0.105 0.1225
2024_0415_16:33:40 14 79.09 79.22
2024_0415_16:33:42 14 93.745 73.8275
2024_0415_16:33:47 15 0.6425 -0.1125
2024_0415_16:34:18 15 94.8375 99.6725
2024_0415_16:34:20 15 -0.1825 0.3925
2024_0415_16:34:22 15 -77.71 77.965
2024_0415_16:34:28 15 -34.78 49.2075
2024_0415_16:34:29 15 0.6525 -2.2
2024_0415_16:34:32 15 -0.86 0.95
2024_0415_16:34:33 15 -0.5475 -0.1
2024_0415_16:34:42 15 99.36 97.815
2024_0415_16:39:37 15 5.245 0.1375
2024_0415_16:39:39 15 40.52 92.7125
2024_0415_16:39:42 16 -9.8225 9.98
2024_0415_16:39:43 16 0.4175 -0.075
2024_0415_16:39:47 16 -0.97 1.2475
2024_0415_16:39:51 16 14.745 12.7125
2024_0415_16:39:54 16 -0.5475 0.295
2024_0415_16:39:55 16 -0.1775 0.5225
2024_0415_16:40:38 16 -0.1325 -0.09
2024_0415_16:40:41 16 -49.9975 49.9975
2024_0415_16:40:49 17 23.4425 74.6725
2024_0415_16:40:51 17 99.1975 99.5575
2024_0415_16:40:54 17 92.66 94.0275
2024_0415_16:40:56 17 9.92 -9.9125
2024_0415_16:41:02 17 -0.055 -0.845
2024_0415_16:44:57 17 -0.4775 -0.095
2024_0415_16:45:44 18 90.01 48.6575
2024_0415_16:45:46 18 -0.4875 -0.1925
2024_0415_16:46:00 18 -12.9425 12.945
2024_0415_16:46:01 18 99.385 48.485
2024_0415_16:46:01 18 95.3 95.185
2024_0415_16:46:02 18 -0.365 -0.2325
2024_0415_16:46:05 18 -50.0 50.0
2024_0415_16:46:13 18 97.91 98.2575
2024_0415_16:46:57 18 0.2475 -0.105
2024_0415_16:47:02 18 -5.99 5.535
2024_0415_16:47:07 19 0.0775 -0.39
2024_0415_16:47:15 19 14.765 65.6175
2024_0415_16:47:17 20 -12.57 73.5225
2024_0415_16:47:28 20 28.025 15.0875
2024_0415_16:47:37 20 95.0775 98.175
2024_0415_16:51:35 20 -99.995 0.0
2024_0415_16:51:49 18 0.63 -0.085
2024_0415_16:51:49 17 98.0 90.8625
2024_0415_16:51:51 20 0.0925 42.63
2024_0415_16:54:48 20 99.455 96.7825
2024_0415_17:00:55 2 48.6625 99.305
2024_0415_17:00:57 2 94.96 99.4425
2024_0415_17:00:57 2 95.17 99.0775
2024_0415_17:00:57 5 99.53 96.4425
2024_0415_17:00:58 2 92.63 98.8125
2024_0415_17:00:58 2 96.6575 98.9
2024_0415_17:01:00 2 97.4775 98.78
2024_0415_17:01:02 3 96.0525 99.0975
2024_0415_17:01:09 2 92.2125 99.295
2024_0415_17:01:10 1 99.325 99.45
2024_0415_17:01:10 7 99.0125 91.6475
2024_0415_17:01:11 2 96.02 99.07
2024_0415_17:01:12 2 95.08 99.2425
2024_0415_17:01:12 4 48.8975 99.0425
2024_0415_17:01:13 4 49.655 99.0875
2024_0415_17:01:13 6 98.2275 97.175
2024_0415_17:07:01 7 96.455 98.42
2024_0415_17:07:04 8 98.125 96.2025
2024_0415_17:07:04 11 0.0075 0.3575
2024_0415_17:07:05 8 91.2475 94.8925
2024_0415_17:07:10 11 99.0125 94.485
2024_0415_17:07:10 11 99.2925 93.785
2024_0415_17:07:13 10 93.665 99.3525
2024_0415_17:07:19 9 90.935 98.5975
2024_0415_17:07:27 11 0.735 0.1525
2024_0415_17:07:28 11 -0.635 -0.7325
2024_0415_17:07:29 11 -0.6625 -0.1275
2024_0415_17:07:29 11 6.7175 9.4775
2024_0415_17:07:30 11 98.93 99.25
2024_0415_17:07:30 11 0.39 -0.55
2024_0415_17:07:37 11 -50.0 -99.9925
2024_0415_17:07:38 11 49.6925 99.49
2024_0415_17:13:05 11 0.1575 -0.735
2024_0415_17:13:12 11 84.68 77.9375
2024_0415_17:13:12 11 -0.0525 0.3175
2024_0415_17:13:14 11 99.995 -99.995
2024_0415_17:13:17 11 99.5975 99.0225
2024_0415_17:13:19 11 99.595 96.2125
2024_0415_17:13:30 12 98.975 99.485
2024_0415_17:13:31 11 1.25 -0.155
2024_0415_17:13:49 12 95.535 44.6325
2024_0415_17:13:50 12 79.43 37.3925
2024_0415_17:13:50 12 0.845 0.3375
2024_0415_17:13:50 12 99.035 98.315
2024_0415_17:13:51 12 99.485 99.5375
2024_0415_17:13:56 12 91.4175 93.175
2024_0415_17:13:57 12 -0.1825 -0.3325
2024_0415_17:13:58 12 49.055 61.6375
2024_0415_17:19:10 12 -1.3175 0.1725
2024_0415_17:19:19 12 92.1075 97.01
2024_0415_17:19:21 12 96.05 97.5375
2024_0415_17:19:26 12 0.2175 -0.27
2024_0415_17:19:26 13 -0.725 0.545
2024_0415_17:19:28 12 98.735 97.5125
2024_0415_17:19:36 13 -0.905 -1.4975
2024_0415_17:19:38 13 -9.2725 16.465
2024_0415_17:20:08 13 49.28 98.4625
2024_0415_17:20:12 13 99.2525 98.825
2024_0415_17:20:13 13 96.5475 99.215
2024_0415_17:20:14 13 0.84 -0.015
2024_0415_17:20:16 13 92.5775 46.9875
2024_0415_17:20:18 13 98.21 98.85
2024_0415_17:20:18 13 74.575 97.1675
2024_0415_17:20:20 13 98.785 49.485
2024_0415_17:25:16 13 0.2375 -0.2225
2024_0415_17:25:27 13 49.56 88.6175
2024_0415_17:25:35 13 94.95 78.645
2024_0415_17:25:36 13 98.93 97.4525
2024_0415_17:25:37 13 0.025 1.6875
2024_0415_17:25:41 13 0.1775 0.6025
2024_0415_17:25:42 13 -0.4075 0.7875
2024_0415_17:25:46 13 -49.995 49.995
2024_0415_17:26:28 13 0.2575 0.745
2024_0415_17:26:32 13 -0.3075 0.56
2024_0415_17:26:32 13 0.1475 -0.2925
2024_0415_17:26:35 13 49.05 99.155
2024_0415_17:26:37 14 -0.6025 -0.3275
2024_0415_17:26:38 14 -49.9925 49.9925
2024_0415_17:26:40 14 97.745 97.6075
2024_0415_17:26:42 14 24.535 24.0
2024_0415_17:31:26 14 -0.07 0.865
2024_0415_17:31:34 14 20.0475 -19.5375
2024_0415_17:31:44 14 -7.4225 45.505
2024_0415_17:31:48 14 67.0825 99.2275
2024_0415_17:31:50 14 97.29 99.1675
2024_0415_17:31:51 14 75.655 79.4925
2024_0415_17:31:54 14 11.6875 9.675
2024_0415_17:32:49 14 96.2975 85.555
2024_0415_17:32:52 14 -49.9975 -99.995
2024_0415_17:32:54 14 99.4275 88.3025
2024_0415_17:32:55 14 89.1625 99.01
2024_0415_17:32:56 14 46.535 24.3575
2024_0415_17:32:56 14 -20.2175 19.3275
2024_0415_17:32:58 14 94.8575 98.135
2024_0415_17:33:06 14 99.13 47.8975
2024_0415_17:34:37 14 16.32 15.85
2024_0415_17:37:39 15 0.065 -0.11
2024_0415_17:37:40 14 14.825 22.5625
2024_0415_17:37:53 15 81.2575 78.5675
2024_0415_17:37:57 15 27.0375 -26.95
2024_0415_17:37:58 15 16.2 14.33
2024_0415_17:38:00 15 -95.6175 99.84
2024_0415_17:38:04 15 96.1275 74.48
2024_0415_17:39:11 15 97.51 94.375
2024_0415_17:39:16 15 97.85 92.44
2024_0415_17:39:16 15 -0.3825 -0.29
2024_0415_17:39:17 15 -1.3825 0.49
2024_0415_17:39:23 15 -0.1975 -0.2525
2024_0415_17:39:24 15 0.5825 0.0675
2024_0415_17:39:26 15 -10.2575 10.1175
2024_0415_17:39:39 15 48.3325 -0.2225
2024_0415_17:40:40 15 0.14 0.8975
2024_0415_17:43:42 15 -0.225 1.1075
2024_0415_17:43:52 15 79.435 77.255
2024_0415_17:43:59 15 -0.345 -0.605
2024_0415_17:44:02 15 -0.1 -0.1375
2024_0415_17:44:04 15 0.755 -0.04
2024_0415_17:44:08 15 99.0275 97.8025
2024_0415_17:44:11 15 3.15 0.06
2024_0415_17:45:33 16 -0.48 -0.76
2024_0415_17:45:36 16 0.6375 0.5525
2024_0415_17:45:36 16 -0.295 1.3525
2024_0415_17:45:38 16 -10.62 10.7025
2024_0415_17:45:43 16 0.17 40.5275
2024_0415_17:45:48 16 84.5225 1.605
2024_0415_17:45:50 16 90.245 99.345
2024_0415_17:45:59 16 97.14 97.3725
2024_0415_17:46:45 16 6.2925 0.26
2024_0415_17:49:52 16 98.2375 96.545
2024_0415_17:50:06 16 32.235 47.2625
2024_0415_17:50:07 16 -5.005 50.3125
2024_0415_17:50:09 16 -0.0425 0.3575
2024_0415_17:50:12 16 -8.08 7.7925
2024_0415_17:50:14 17 0.0675 -0.01
2024_0415_17:50:28 17 0.405 -0.68
2024_0415_17:51:58 17 -0.52 -0.7625
2024_0415_17:51:58 17 43.5725 88.6525
2024_0415_17:52:02 17 39.3675 73.4925
2024_0415_17:52:04 17 -27.205 55.0525
2024_0415_17:52:09 17 -0.5825 0.8325
2024_0415_17:52:12 17 69.5 94.145
2024_0415_17:52:21 17 93.3975 99.02
2024_0415_17:52:54 17 47.795 15.9825
2024_0415_17:54:21 17 1.9 -1.0075
2024_0415_17:56:01 17 91.5 -0.11
2024_0415_17:56:17 17 -0.82 -0.91
2024_0415_17:56:24 17 15.145 12.4175
2024_0415_17:56:40 17 13.0075 12.3875
2024_0415_17:56:52 17 10.0675 -2.18
2024_0415_17:58:21 18 0.3175 0.6825
2024_0415_17:58:23 18 49.3975 98.6925
2024_0415_17:58:24 18 95.545 99.2
2024_0415_17:58:29 18 -0.105 -0.655
2024_0415_17:58:32 18 -0.1475 0.275
2024_0415_17:58:40 18 -0.4725 -0.54
2024_0415_17:58:41 18 -0.06 -1.48
2024_0415_17:58:42 18 -19.75 20.4875
2024_0415_17:59:05 18 -0.4525 0.0025
2024_0415_17:59:28 18 12.965 -13.18
2024_0415_18:00:47 18 98.325 99.1375
2024_0415_18:02:30 18 95.78 97.09
2024_0415_18:02:41 18 0.67 -0.0225
2024_0415_18:02:54 18 0.1525 -0.645
2024_0415_18:03:02 18 97.9325 99.22
2024_0415_18:03:58 18 -49.7725 49.6125
2024_0415_18:04:40 18 99.995 -49.9975
2024_0415_18:04:41 18 26.9725 -28.41
2024_0415_18:04:45 18 0.9925 0.68
2024_0415_18:04:52 19 94.37 -50.0925
2024_0415_18:04:53 18 96.5725 99.595
2024_0415_18:04:59 18 33.8475 14.675
2024_0415_18:05:00 18 -10.1425 10.73
2024_0415_18:05:15 19 19.6125 -19.6875
2024_0415_18:05:16 19 9.245 1.745
2024_0415_18:07:10 19 95.8325 99.115
2024_0415_18:08:39 19 49.6925 49.575
2024_0415_18:08:53 19 96.5275 96.8725
2024_0415_18:09:11 20 40.8725 37.1625
2024_0415_18:09:18 20 1.855 0.02
2024_0415_18:10:15 20 80.7975 71.16
2024_0415_18:11:03 20 7.645 -8.095
2024_0415_18:11:03 20 63.705 5.07
2024_0415_18:11:07 20 99.0925 49.595
2024_0415_18:11:11 20 -0.0025 0.07
2024_0415_18:11:16 20 -14.065 15.6625
2024_0415_18:11:19 20 0.66 0.8725
2024_0415_18:11:27 20 40.34 78.275
2024_0415_18:11:32 20 0.2925 1.4725
2024_0415_18:11:38 20 0.125 45.2525
2024_0415_18:13:25 20 -99.995 49.9975
2024_0415_18:14:47 14 96.9275 99.305
2024_0415_18:15:03 17 19.5475 -14.5375
2024_0415_18:15:07 15 99.2675 99.2675
2024_0415_18:15:24 17 16.3575 -11.2725
2024_0415_18:15:34 17 10.005 -9.3975
2024_0415_18:16:18 17 -1.17 -0.7525
2024_0415_18:17:02 17 13.76 -13.51
2024_0415_18:17:11 18 0.06 0.2575
2024_0415_18:17:12 19 49.2375 52.64
2024_0415_18:17:22 20 66.565 89.4875
2024_0415_18:23:34 8 93.0075 84.6025
2024_0415_18:23:35 2 92.49 99.4175
2024_0415_18:23:37 2 98.9875 99.54
2024_0415_18:23:38 7 98.9475 93.1475
2024_0415_18:23:38 6 91.1325 93.1775
2024_0415_18:23:39 3 96.365 99.3925
2024_0415_18:23:44 4 95.8075 98.425
2024_0415_18:23:52 2 76.8 99.585
2024_0415_18:23:53 2 49.3675 98.67
2024_0415_18:24:05 7 98.985 88.4075
2024_0415_18:24:10 1 91.32 99.405
2024_0415_18:24:22 2 98.7475 98.7825
2024_0415_18:24:24 4 94.775 98.8575
2024_0415_18:24:26 5 99.495 95.5925
2024_0415_18:24:29 2 96.8625 99.2125
2024_0415_18:24:39 2 48.9825 99.5375
2024_0415_18:29:52 8 92.3675 97.89
2024_0415_18:29:55 11 94.1325 82.74
2024_0415_18:29:55 9 64.92 99.5575
2024_0415_18:29:57 10 63.195 99.315
2024_0415_18:29:59 11 -49.995 -99.99
2024_0415_18:30:01 11 -0.315 0.155
2024_0415_18:30:03 11 99.5675 -50.09
2024_0415_18:30:08 11 0.04 0.0425
2024_0415_18:30:13 11 48.82 96.4575
2024_0415_18:30:15 11 0.685 -0.6225
2024_0415_18:30:30 11 -0.4625 0.58
2024_0415_18:30:30 11 0.24 -0.7725
2024_0415_18:30:31 11 99.225 95.5075
2024_0415_18:30:36 11 0.0975 0.59
2024_0415_18:30:44 11 0.005 -0.025
2024_0415_18:33:22 11 -0.995 -0.3525
2024_0415_18:36:04 12 0.195 -0.69
2024_0415_18:36:11 11 86.75 64.1275
2024_0415_18:36:12 11 -0.3425 -0.04
2024_0415_18:36:14 11 96.495 81.5575
2024_0415_18:36:15 11 -0.16 -0.4525
2024_0415_18:36:19 11 49.55 90.545
2024_0415_18:36:20 12 99.4775 93.5175
2024_0415_18:36:21 12 99.35 95.75
2024_0415_18:36:26 12 -0.5325 -0.32
2024_0415_18:36:26 12 20.7975 17.9325
2024_0415_18:36:34 12 -22.2875 22.195
2024_0415_18:36:35 12 47.16 95.385
2024_0415_18:36:35 12 93.2875 49.3775
2024_0415_18:36:39 12 0.135 -0.0025
2024_0415_18:36:46 12 -0.31 -0.015
2024_0415_18:39:46 12 -0.4 -0.2075
2024_0415_18:42:10 12 49.5825 49.66
2024_0415_18:42:20 13 0.0575 -0.465
2024_0415_18:42:22 13 -0.2325 0.7825
2024_0415_18:42:31 13 0.5275 -0.1
2024_0415_18:42:35 13 95.37 66.2875
2024_0415_18:42:36 13 99.1 99.135
2024_0415_18:42:39 13 0.295 0.3775
2024_0415_18:42:40 13 36.395 -10.4
2024_0415_18:42:41 12 47.765 48.0525
2024_0415_18:42:42 13 0.085 -0.2425
2024_0415_18:42:44 13 -0.3875 0.9525
2024_0415_18:42:44 13 91.355 97.9375
2024_0415_18:42:48 13 79.845 79.5575
2024_0415_18:42:48 13 0.2225 -0.3875
2024_0415_18:42:57 13 0.3275 1.05
2024_0415_18:46:09 13 -99.995 99.995
2024_0415_18:48:15 13 -49.995 49.995
2024_0415_18:48:22 13 -1.1775 10.83
2024_0415_18:48:24 13 0.7275 -0.5325
2024_0415_18:48:42 13 46.4475 37.805
2024_0415_18:48:47 14 -0.555 0.4325
2024_0415_18:48:47 13 48.165 99.2125
2024_0415_18:48:49 14 -49.9975 49.9975
2024_0415_18:48:51 13 -0.6 0.9675
2024_0415_18:48:53 13 -0.2075 0.0675
2024_0415_18:48:56 14 98.25 49.725
2024_0415_18:48:56 13 10.6325 -10.34
2024_0415_18:48:59 13 -0.515 0.8425
2024_0415_18:49:02 14 0.315 -0.8075
2024_0415_18:49:06 14 1.02 0.045
2024_0415_18:49:20 14 65.4775 13.5675
2024_0415_18:52:33 14 18.275 14.72
2024_0415_18:54:17 14 -0.6625 -0.7975
2024_0415_18:54:28 14 -3.2875 55.3225
2024_0415_18:54:29 14 0.0475 0.2825
2024_0415_18:54:46 14 31.225 34.8625
2024_0415_18:54:53 14 -0.2325 0.2725
2024_0415_18:54:54 14 24.42 28.565
2024_0415_18:54:59 14 47.65 98.74
2024_0415_18:55:01 14 91.1325 97.4175
2024_0415_18:55:12 14 0.2725 0.12
2024_0415_18:55:16 14 -98.665 99.995
2024_0415_18:55:17 14 97.31 94.1525
2024_0415_18:55:22 14 0.77 -0.6125
2024_0415_18:55:24 14 -20.425 19.8325
2024_0415_18:55:28 14 33.2075 48.0975
2024_0415_18:55:47 14 49.8725 -45.0625
2024_0415_18:59:01 15 23.0675 50.6875
2024_0415_19:00:26 15 97.91 94.375
2024_0415_19:00:28 15 0.21 1.155
2024_0415_19:00:42 15 97.7475 50.7675
2024_0415_19:00:58 15 0.9 0.875
2024_0415_19:01:01 15 0.415 -0.45
2024_0415_19:01:04 15 98.69 98.7475
2024_0415_19:01:12 15 2.8 -2.5125
2024_0415_19:01:37 15 79.38 80.065
2024_0415_19:01:43 15 40.83 35.0375
2024_0415_19:01:47 15 -0.8325 0.71
2024_0415_19:01:50 15 76.025 68.605
2024_0415_19:01:50 15 -0.215 0.1775
2024_0415_19:01:58 15 42.215 -18.0425
2024_0415_19:02:14 15 -1.7175 0.3475
2024_0415_19:04:40 15 98.93 98.9975
2024_0415_19:05:26 15 1.3225 -1.405
2024_0415_19:06:32 15 48.9525 98.745
2024_0415_19:06:37 15 73.82 98.065
2024_0415_19:06:47 15 0.3375 -0.335
2024_0415_19:07:04 15 16.595 17.8075
2024_0415_19:07:04 15 65.7025 66.0
2024_0415_19:07:05 16 0.25 -0.4225
2024_0415_19:07:59 16 1.0025 0.755
2024_0415_19:08:09 16 -1.6725 49.33
2024_0415_19:08:11 16 -8.395 35.5075
2024_0415_19:08:12 16 77.245 99.35
2024_0415_19:08:15 16 -0.9125 -0.055
2024_0415_19:08:18 16 49.995 98.66
2024_0415_19:08:21 16 1.08 -0.8225
2024_0415_19:10:43 16 -17.5375 96.1475
2024_0415_19:10:59 16 7.2025 35.465
2024_0415_19:11:56 16 46.29 48.17
2024_0415_19:12:47 16 49.3 49.24
2024_0415_19:12:53 17 89.8075 98.6475
2024_0415_19:13:08 17 -0.025 0.045
2024_0415_19:13:16 17 76.4525 75.5375
2024_0415_19:13:17 17 49.025 94.73
2024_0415_19:13:50 17 -1.36 0.2275
2024_0415_19:14:21 17 0.675 1.095
2024_0415_19:14:35 17 0.66 0.3725
2024_0415_19:14:35 17 12.4175 15.735
2024_0415_19:14:40 17 20.01 59.8575
2024_0415_19:14:49 17 0.005 -0.2525
2024_0415_19:16:48 17 15.85 17.17
2024_0415_19:17:28 17 28.245 40.5525
2024_0415_19:18:04 17 0.7575 0.1775
2024_0415_19:18:25 17 -0.2825 0.3075
2024_0415_19:18:52 17 54.7175 -1.6075
2024_0415_19:19:00 17 99.8525 -1.765
2024_0415_19:19:08 17 -0.275 -0.235
2024_0415_19:19:21 18 -0.405 -0.425
2024_0415_19:19:23 18 80.6575 45.95
2024_0415_19:19:55 18 94.425 96.5275
2024_0415_19:20:45 18 72.745 98.6
2024_0415_19:21:05 18 -7.5275 7.9025
2024_0415_19:21:05 18 0.5925 -0.16
2024_0415_19:21:07 18 48.675 -42.7075
2024_0415_19:21:26 18 -41.6025 49.52
2024_0415_19:22:53 18 -21.765 22.01
2024_0415_19:23:57 18 13.845 14.5525
2024_0415_19:24:30 18 -0.065 1.205
2024_0415_19:24:45 18 -50.0 -99.93
2024_0415_19:25:04 18 -0.105 -1.0575
2024_0415_19:25:05 18 39.1025 79.6925
2024_0415_19:25:07 18 -0.01 0.4075
2024_0415_19:25:25 18 -99.9975 100.0
2024_0415_19:25:33 18 15.8275 14.3975
2024_0415_19:25:40 18 74.3775 78.8975
2024_0415_19:25:57 18 -0.12 -0.1375
2024_0415_19:27:03 18 0.545 -0.4575
2024_0415_19:27:34 19 -4.3225 26.3425
2024_0415_19:27:40 19 98.6 99.585
2024_0415_19:29:00 19 0.68 0.2375
2024_0415_19:30:27 19 -0.7925 -0.4475
2024_0415_19:30:56 19 25.0875 -24.96
2024_0415_19:31:13 19 -9.4725 9.4475
2024_0415_19:31:14 19 10.535 -9.3025
2024_0415_19:31:15 19 99.86 -1.815
2024_0415_19:31:28 19 0.425 0.05
2024_0415_19:31:31 19 54.035 67.5
2024_0415_19:31:52 20 52.9675 39.2425
2024_0415_19:32:04 20 45.655 49.5875
2024_0415_19:32:26 20 77.8975 75.915
2024_0415_19:34:03 20 0.7275 0.36
2024_0415_19:34:07 20 7.7925 19.225
2024_0415_19:34:07 20 0.8975 0.4125
2024_0415_19:35:10 20 98.635 99.1975
2024_0415_19:37:01 20 9.165 -9.8075
2024_0415_19:37:20 10 98.055 97.8175
2024_0415_19:37:21 15 47.0775 45.5525
2024_0415_19:37:30 16 11.8025 -16.325
2024_0415_19:37:32 16 89.945 32.94
2024_0415_19:37:40 20 -55.43 72.31
2024_0415_19:37:54 17 27.7125 30.135
2024_0415_19:38:07 17 99.33 -31.545
2024_0415_19:38:49 18 20.5275 -20.04
2024_0415_19:38:55 18 -0.055 0.12
2024_0415_19:40:10 19 5.225 69.67
2024_0415_19:40:21 19 96.3475 98.9425
2024_0415_19:40:25 20 15.185 15.5925
2024_0415_19:40:31 20 0.5425 0.195
2024_0415_19:41:04 20 99.5625 48.965
2024_0415_19:41:26 20 -8.43 8.325
2024_0415_19:43:03 16 0.225 -1.3875
2024_0415_19:49:09 2 87.75 98.7725
2024_0415_19:49:09 2 98.175 99.5675
2024_0415_19:49:10 2 86.63 99.39
2024_0415_19:49:10 2 95.19 98.7
2024_0415_19:49:12 4 93.1025 99.4275
2024_0415_19:49:12 2 49.0475 99.52
2024_0415_19:49:13 3 92.8 98.415
2024_0415_19:49:13 2 91.4975 98.7425
2024_0415_19:49:28 2 62.4325 98.985
2024_0415_19:49:28 2 85.755 99.07
2024_0415_19:49:28 1 89.945 99.5225
2024_0415_19:49:28 1 92.16 99.5775
2024_0415_19:49:29 2 49.345 99.2525
2024_0415_19:49:31 2 98.965 99.035
2024_0415_19:49:31 2 88.1375 99.24
2024_0415_19:49:32 3 87.8 98.6
2024_0415_19:55:17 7 97.9775 99.1875
2024_0415_19:55:17 8 91.6025 91.975
2024_0415_19:55:18 8 98.22 95.7075
2024_0415_19:55:18 4 47.745 99.0625
2024_0415_19:55:18 6 98.45 99.395
2024_0415_19:55:19 7 96.8775 98.84
2024_0415_19:55:22 9 99.21 99.4275
2024_0415_19:55:49 11 -98.665 99.995
2024_0415_19:55:51 11 1.0425 -0.25
2024_0415_19:55:52 11 -0.27 -0.69
2024_0415_19:55:53 11 -0.88 43.2425
2024_0415_19:55:54 11 0.1875 -0.5475
2024_0415_19:55:55 10 48.6975 98.6325
2024_0415_19:55:55 10 70.76 99.6025
2024_0415_19:55:57 11 95.6575 99.1025
2024_0415_19:59:54 11 -50.0575 79.51
2024_0415_20:01:21 11 93.8925 94.505
2024_0415_20:01:22 11 0.6775 0.2575
2024_0415_20:01:22 11 98.6875 88.5825
2024_0415_20:01:23 11 0.0675 0.15
2024_0415_20:01:25 11 99.415 95.655
2024_0415_20:01:25 11 99.56 99.565
2024_0415_20:01:29 11 99.5025 91.395
2024_0415_20:02:13 11 -0.0625 -0.005
2024_0415_20:02:13 11 0.715 0.07
2024_0415_20:02:15 11 0.735 -0.0525
2024_0415_20:02:16 11 -0.0475 0.53
2024_0415_20:02:19 11 97.1325 60.4225
2024_0415_20:02:21 11 0.785 -0.7125
2024_0415_20:02:26 11 0.3175 -0.325
2024_0415_20:02:28 11 0.2825 0.255
2024_0415_20:06:00 11 49.695 98.7625
2024_0415_20:07:24 11 96.17 90.7575
2024_0415_20:07:26 11 81.535 98.115
2024_0415_20:07:30 11 87.045 98.6075
2024_0415_20:07:31 11 97.3025 94.9
2024_0415_20:07:31 12 -0.3 0.065
2024_0415_20:07:36 11 18.1025 16.095
2024_0415_20:07:38 12 94.3 97.7225
2024_0415_20:08:37 12 0.23 0.0825
2024_0415_20:08:37 12 -0.2425 1.0975
2024_0415_20:08:38 12 98.145 97.7475
2024_0415_20:08:39 12 86.945 98.105
2024_0415_20:08:42 12 0.205 -1.165
2024_0415_20:08:47 12 99.4375 99.43
2024_0415_20:08:51 12 -0.155 0.6425
2024_0415_20:08:52 12 0.445 -0.7
2024_0415_20:12:08 12 98.83 94.2975
2024_0415_20:13:28 12 0.795 0.575
2024_0415_20:13:28 12 -0.1225 0.7175
2024_0415_20:13:37 12 97.3575 99.575
2024_0415_20:13:37 12 19.8675 8.9375
2024_0415_20:13:43 12 99.235 86.73
2024_0415_20:13:43 12 -0.075 1.275
2024_0415_20:13:44 12 0.4325 0.1575
2024_0415_20:14:58 12 0.2975 0.8425
2024_0415_20:14:59 12 1.02 -1.07
2024_0415_20:15:03 12 -49.995 49.995
2024_0415_20:15:09 13 82.0275 66.71
2024_0415_20:15:12 13 89.99 97.185
2024_0415_20:15:13 13 0.88 -0.11
2024_0415_20:15:20 13 97.2575 76.2825
2024_0415_20:15:21 13 98.7625 49.0675
2024_0415_20:18:12 13 -0.5475 -1.15
2024_0415_20:19:32 13 0.4125 -0.1975
2024_0415_20:19:36 13 95.8975 98.2875
2024_0415_20:19:44 13 -99.995 -99.995
2024_0415_20:19:45 13 94.135 99.195
2024_0415_20:19:47 13 85.225 98.835
2024_0415_20:19:50 13 0.2125 0.615
2024_0415_20:19:52 13 99.445 98.605
2024_0415_20:21:23 13 0.07 0.51
2024_0415_20:21:25 13 -49.995 -99.99
2024_0415_20:21:31 13 94.0625 99.05
2024_0415_20:21:34 13 11.1225 -10.4575
2024_0415_20:21:36 13 0.5525 0.44
2024_0415_20:21:38 13 37.5575 78.74
2024_0415_20:21:47 13 90.025 99.19
2024_0415_20:21:48 13 99.49 98.475
2024_0415_20:24:19 13 98.3175 86.4025
2024_0415_20:25:38 13 0.605 1.2775
2024_0415_20:25:38 13 0.035 0.6225
2024_0415_20:25:51 13 -49.9975 49.9975
2024_0415_20:25:53 13 10.2475 -10.83
2024_0415_20:25:55 13 97.805 74.455
2024_0415_20:25:56 13 -1.8 47.4925
2024_0415_20:25:57 13 45.9425 48.84
2024_0415_20:27:46 13 -0.265 0.635
2024_0415_20:27:52 13 77.2725 75.7875
2024_0415_20:27:56 13 -0.8425 -0.6175
2024_0415_20:28:00 13 96.5625 94.7675
2024_0415_20:28:00 14 98.56 98.7825
2024_0415_20:28:02 14 0.2675 0.295
2024_0415_20:28:11 14 -0.125 0.2425
2024_0415_20:28:17 14 97.8475 51.165
2024_0415_20:30:24 14 0.1275 0.165
2024_0415_20:31:45 14 91.42 99.4275
2024_0415_20:31:47 14 -21.715 21.0
2024_0415_20:31:55 14 -0.4025 0.5125
2024_0415_20:31:58 14 49.9875 -49.9925
2024_0415_20:32:03 14 -6.1875 -0.925
2024_0415_20:32:03 14 49.2075 98.23
2024_0415_20:32:04 14 -99.965 -99.985
2024_0415_20:34:10 14 -10.505 10.155
2024_0415_20:34:23 14 -1.6475 0.695
2024_0415_20:34:24 14 -0.25 0.62
2024_0415_20:34:24 14 98.9675 89.3425
2024_0415_20:34:26 14 -14.0625 13.69
2024_0415_20:34:27 14 73.6375 80.035
2024_0415_20:34:28 14 0.23 0.525
2024_0415_20:34:44 14 98.9175 98.1025
2024_0415_20:36:28 14 0.1525 -0.105
2024_0415_20:37:52 14 48.8475 90.72
2024_0415_20:38:02 14 -0.115 -0.0625
2024_0415_20:38:06 14 97.3025 97.1375
2024_0415_20:38:09 14 15.6375 14.41
2024_0415_20:38:10 14 0.7075 -2.2575
2024_0415_20:38:11 14 97.79 96.8475
2024_0415_20:38:14 14 94.66 97.195
2024_0415_20:40:30 15 99.995 -99.995
2024_0415_20:40:47 14 0.6075 -0.2875
2024_0415_20:40:51 14 98.1025 86.975
2024_0415_20:41:12 15 0.325 -1.5775
2024_0415_20:41:34 15 47.4975 35.755
2024_0415_20:42:41 15 0.83 -0.0325
2024_0415_20:43:59 15 -0.6175 -0.6925
2024_0415_20:43:59 15 9.8975 -0.3775
2024_0415_20:44:07 15 0.6875 0.0675
2024_0415_20:44:15 15 49.99 -49.995
2024_0415_20:44:19 15 99.2675 99.3925
2024_0415_20:44:23 15 50.0 -50.0
2024_0415_20:44:36 15 -9.845 10.495
2024_0415_20:45:07 15 0.72 0.34
2024_0415_20:46:37 15 0.81 0.5575
2024_0415_20:47:12 15 0.4475 0.355
2024_0415_20:47:13 15 16.3375 40.0425
2024_0415_20:47:16 15 -0.2525 -0.9325
2024_0415_20:47:35 15 -0.645 68.175
2024_0415_20:47:57 15 0.515 0.35
2024_0415_20:48:48 15 13.385 -0.5025
2024_0415_20:49:12 15 -1.21 0.38
2024_0415_20:50:06 15 -0.65 -0.88
2024_0415_20:50:16 15 98.13 92.41
2024_0415_20:50:27 15 0.0425 -0.0225
2024_0415_20:50:28 15 94.74 99.51
2024_0415_20:50:33 15 -0.345 -0.235
2024_0415_20:50:35 15 47.705 99.44
2024_0415_20:51:00 15 0.055 -0.46
2024_0415_20:52:49 15 82.3125 99.24
2024_0415_20:53:35 15 18.7175 20.115
2024_0415_20:53:35 15 -0.14 -0.3325
2024_0415_20:53:49 15 -0.335 1.6075
2024_0415_20:54:03 15 79.5775 71.955
2024_0415_20:54:22 15 98.6625 95.78
2024_0415_20:55:02 16 62.3175 98.3675
2024_0415_20:55:25 16 87.755 97.5225
2024_0415_20:56:16 16 47.665 -0.7475
2024_0415_20:56:24 16 48.07 47.865
2024_0415_20:56:41 16 69.4075 94.3125
2024_0415_20:56:51 16 2.35 5.66
2024_0415_20:56:53 16 48.585 83.94
2024_0415_20:57:00 16 83.81 95.4275
2024_0415_20:57:22 16 15.5275 8.905
2024_0415_20:57:30 16 0.09 1.33
2024_0415_20:59:02 16 97.94 99.095
2024_0415_20:59:59 16 49.3975 97.6675
2024_0415_21:00:14 16 96.4825 43.85
2024_0415_21:00:20 16 93.185 99.3175
2024_0415_21:00:38 16 46.97 -33.865
2024_0415_21:00:50 16 96.545 97.1675
2024_0415_21:01:31 16 0.745 -0.3025
2024_0415_21:02:25 16 0.775 0.5875
2024_0415_21:02:34 16 98.3725 98.29
2024_0415_21:02:54 16 20.27 12.635
2024_0415_21:03:07 17 8.585 -8.245
2024_0415_21:03:16 16 -3.1975 75.9375
2024_0415_21:03:19 16 40.365 43.6775
2024_0415_21:03:56 17 99.5475 94.635
2024_0415_21:03:58 17 0.48 -0.4475
2024_0415_21:05:14 17 90.25 -0.55
2024_0415_21:06:27 17 7.3925 -7.505
2024_0415_21:06:39 17 38.4625 -1.235
2024_0415_21:06:45 17 17.1125 -4.095
2024_0415_21:06:55 17 16.615 -16.2675
2024_0415_21:07:04 17 97.3025 93.6675
2024_0415_21:07:22 17 63.15 3.5
2024_0415_21:07:41 17 10.3875 -8.9
2024_0415_21:08:34 17 -0.245 -0.2425
2024_0415_21:08:45 17 50.59 84.735
2024_0415_21:09:12 17 91.69 64.06
2024_0415_21:09:20 17 48.9 99.4875
2024_0415_21:09:25 17 97.325 99.18
2024_0415_21:09:47 17 97.0975 97.8025
2024_0415_21:10:19 17 -0.055 0.3075
2024_0415_21:10:27 17 98.8425 93.245
2024_0415_21:11:21 17 -0.0125 -0.4325
2024_0415_21:12:57 17 0.2375 -0.545
2024_0415_21:13:03 17 0.5 -0.1
2024_0415_21:13:10 17 44.4825 44.1175
2024_0415_21:13:15 17 95.2625 97.4925
2024_0415_21:13:32 17 -0.425 1.62
2024_0415_21:13:48 17 0.6725 -1.72
2024_0415_21:13:51 17 33.16 99.5175
2024_0415_21:14:49 17 1.5025 7.565
2024_0415_21:14:56 18 7.2875 26.29
2024_0415_21:15:32 18 0.43 0.1675
2024_0415_21:15:34 18 81.5475 96.55
2024_0415_21:15:35 18 49.1275 99.325
2024_0415_21:16:13 18 -0.255 -0.145
2024_0415_21:16:48 18 95.89 99.5425
2024_0415_21:16:52 18 -9.915 9.7625
2024_0415_21:17:33 18 1.18 -0.23
2024_0415_21:19:14 18 48.8725 98.8475
2024_0415_21:19:25 18 0.2625 0.445
2024_0415_21:19:37 18 -0.845 0.3475
2024_0415_21:19:42 18 0.04 1.335
2024_0415_21:19:58 18 1.025 0.625
2024_0415_21:19:58 18 60.8225 55.1
2024_0415_21:20:18 18 98.205 98.84
2024_0415_21:21:02 18 -12.95 46.43
2024_0415_21:21:11 18 29.22 12.8
2024_0415_21:21:39 18 -32.74 33.1075
2024_0415_21:21:41 18 68.0525 9.8925
2024_0415_21:21:47 18 7.125 7.3425
2024_0415_21:22:52 18 -0.795 0.24
2024_0415_21:23:17 18 48.685 98.3625
2024_0415_21:23:19 18 0.15 0.27
2024_0415_21:23:44 18 98.845 97.18
2024_0415_21:25:21 18 0.0 0.065
2024_0415_21:25:55 18 88.6325 98.4275
2024_0415_21:26:04 18 94.825 99.175
2024_0415_21:26:08 18 0.4075 0.325
2024_0415_21:26:08 18 12.795 16.3575
2024_0415_21:26:28 18 97.1675 98.775
2024_0415_21:26:41 18 48.965 89.4925
2024_0415_21:27:12 18 -0.01 0.885
2024_0415_21:27:32 18 94.7475 43.05
2024_0415_21:27:45 19 -50.0025 49.995
2024_0415_21:27:51 19 50.1275 2.395
2024_0415_21:27:52 19 49.99 -49.945
2024_0415_21:29:21 19 -1.0675 0.8875
2024_0415_21:29:44 19 17.325 -16.415
2024_0415_21:29:44 19 -49.5675 49.9975
2024_0415_21:30:08 19 0.17 38.1925
2024_0415_21:31:28 19 -99.995 99.995
2024_0415_21:32:14 19 79.985 -79.69
2024_0415_21:32:31 19 -50.03 49.875
2024_0415_21:32:34 19 96.08 49.3225
2024_0415_21:32:37 19 -0.81 1.645
2024_0415_21:32:54 19 -0.2325 -0.625
2024_0415_21:33:07 19 99.2975 99.5475
2024_0415_21:33:19 19 -0.0925 -0.155
2024_0415_21:33:55 19 0.69 0.7
2024_0415_21:33:55 19 0.17 0.125
2024_0415_21:34:12 19 -1.1275 0.4525
2024_0415_21:35:53 20 0.28 -0.18
2024_0415_21:36:09 20 99.065 93.925
2024_0415_21:36:18 20 12.8125 12.255
2024_0415_21:36:22 20 96.1525 99.5
2024_0415_21:36:49 20 94.9175 97.72
2024_0415_21:39:04 20 1.2425 0.5325
2024_0415_21:39:09 20 0.4725 0.725
2024_0415_21:39:22 20 99.4775 92.92
2024_0415_21:39:32 20 -0.735 -0.495
2024_0415_21:39:35 20 99.3575 97.4625
2024_0415_21:39:55 20 13.0875 -11.935
2024_0415_21:40:02 20 -0.2575 -1.0425
2024_0415_21:40:03 20 0.82 -0.3
2024_0415_21:40:05 20 46.2775 -0.2825
2024_0415_21:40:19 20 -0.0825 0.1775
2024_0415_21:41:40 20 4.89 92.0875
2024_0415_21:42:18 5 98.515 99.42
2024_0415_21:42:22 14 82.415 98.74
2024_0415_21:42:34 14 48.4175 46.5775
2024_0415_21:42:44 14 -1.185 -0.15
2024_0415_21:42:49 14 48.3975 25.0725
2024_0415_21:45:24 15 0.2 -0.7375
2024_0415_21:45:30 18 85.34 80.725
2024_0415_21:45:36 16 9.6325 -9.925
2024_0415_21:45:45 19 15.35 5.08
2024_0415_21:45:59 20 99.105 95.06
2024_0415_21:49:36 20 7.9125 27.9875
2024_0415_21:50:22 15 98.52 96.365
2024_0415_21:51:09 20 97.655 99.5
2024_0415_21:57:15 2 96.9775 99.0825
2024_0415_21:57:16 1 72.33 99.435
2024_0415_21:57:17 1 99.35 99.565
2024_0415_21:57:17 2 91.73 99.115
2024_0415_21:57:18 2 98.095 99.0325
2024_0415_21:57:18 2 95.3975 98.69
2024_0415_21:57:19 2 98.6825 99.5225
2024_0415_21:57:31 2 95.725 99.08
2024_0415_21:57:32 2 96.3625 98.8975
2024_0415_21:57:32 1 55.4225 99.475
2024_0415_21:57:32 1 92.1475 99.4175
2024_0415_21:57:32 1 98.1525 99.3975
2024_0415_21:57:33 2 98.6475 99.525
2024_0415_21:57:34 1 95.6825 99.49
2024_0415_21:57:35 2 93.76 99.5425
2024_0415_22:00:19 2 97.71 98.555
2024_0415_22:03:24 2 95.775 99.06
2024_0415_22:03:26 2 96.0175 99.46
2024_0415_22:03:27 2 95.0425 99.0475
2024_0415_22:03:27 2 98.0975 99.17
2024_0415_22:03:29 2 98.945 99.2375
2024_0415_22:03:30 2 97.66 98.98
2024_0415_22:03:30 2 90.64 99.045
2024_0415_22:03:53 2 97.78 99.4575
2024_0415_22:03:54 2 73.55 99.4675
2024_0415_22:03:56 2 95.895 99.4175
2024_0415_22:03:57 2 98.995 99.4175
2024_0415_22:03:58 2 97.8175 99.4625
2024_0415_22:03:58 2 88.1525 98.6775
2024_0415_22:03:58 2 97.5275 98.8975
2024_0415_22:03:59 2 55.52 99.375
2024_0415_22:06:39 2 99.26 99.475
2024_0415_22:09:45 2 98.6775 84.8925
2024_0415_22:09:49 2 99.575 99.2825
2024_0415_22:09:51 2 99.4875 95.4375
2024_0415_22:09:53 2 99.535 88.3925
2024_0415_22:09:53 2 99.2225 97.94
2024_0415_22:09:53 2 98.81 94.675
2024_0415_22:09:55 2 99.5775 96.01
2024_0415_22:10:16 2 98.8725 87.585
2024_0415_22:10:17 2 98.5825 96.4825
2024_0415_22:10:18 2 98.485 93.86
2024_0415_22:10:20 2 99.5 98.7925
2024_0415_22:10:20 2 99.0825 86.755
2024_0415_22:10:21 2 99.5125 99.335
2024_0415_22:10:21 2 99.4825 98.08
2024_0415_22:10:26 2 99.335 99.0425
2024_0415_22:12:58 2 99.0025 99.2775
2024_0415_22:16:08 2 98.92 99.155
2024_0415_22:16:12 2 99.365 99.4
2024_0415_22:16:13 2 98.6 98.7625
2024_0415_22:16:15 2 98.87 98.9575
2024_0415_22:16:16 2 99.095 98.7825
2024_0415_22:16:17 2 99.47 99.035
2024_0415_22:16:18 2 98.8725 99.3875
2024_0415_22:16:42 2 99.4525 99.335
2024_0415_22:16:45 2 99.1575 99.4125
2024_0415_22:16:46 2 99.1125 99.165
2024_0415_22:16:46 2 98.855 99.405
2024_0415_22:16:46 2 99.265 99.59
2024_0415_22:16:47 2 99.5275 99.36
2024_0415_22:16:48 2 98.925 99.515
2024_0415_22:16:50 2 99.35 99.195
2024_0415_22:19:21 3 97.6125 61.7775
2024_0415_22:22:31 3 92.7575 48.8125
2024_0415_22:22:35 4 48.8975 77.97
2024_0415_22:22:36 4 92.9775 49.1975
2024_0415_22:22:38 4 96.9025 92.29
2024_0415_22:22:39 4 93.1025 48.9775
2024_0415_22:22:39 5 66.6025 99.2175
2024_0415_22:22:40 4 98.43 75.4575
2024_0415_22:23:06 5 86.47 87.5675
2024_0415_22:23:10 6 99.4175 99.4875
2024_0415_22:23:11 6 99.42 99.4475
2024_0415_22:23:11 6 99.31 99.5175
2024_0415_22:23:12 7 92.8725 97.48
2024_0415_22:23:14 7 95.42 72.075
2024_0415_22:23:15 7 97.5275 95.6025
2024_0415_22:23:20 7 86.745 98.505
2024_0415_22:25:45 7 96.875 99.53
2024_0415_22:28:50 8 95.645 98.8075
2024_0415_22:28:55 8 97.2175 98.145
2024_0415_22:28:56 8 48.915 99.01
2024_0415_22:28:57 8 81.5025 99.33
2024_0415_22:28:58 8 91.2025 99.195
2024_0415_22:29:01 8 96.8275 98.695
2024_0415_22:29:09 9 92.585 90.4575
2024_0415_22:29:40 9 90.795 98.6675
2024_0415_22:29:42 10 93.875 99.615
2024_0415_22:29:43 10 91.325 98.275
2024_0415_22:29:43 11 -0.3575 0.85
2024_0415_22:29:46 10 96.7 95.975
2024_0415_22:29:47 10 47.205 99.56
2024_0415_22:29:53 10 96.6475 97.495
2024_0415_22:32:05 11 0.21 -0.5375
2024_0415_22:33:27 11 0.1825 -0.1375
2024_0415_22:35:13 11 -11.4475 62.6575
2024_0415_22:35:15 11 -0.3375 0.04
2024_0415_22:35:17 11 -0.59 0.4025
2024_0415_22:35:19 11 60.365 99.3025
2024_0415_22:35:19 11 99.3625 92.155
2024_0415_22:35:21 11 -0.1925 0.0775
2024_0415_22:35:35 11 97.8525 81.3275
2024_0415_22:36:07 11 -49.9975 49.9975
2024_0415_22:36:07 11 0.045 0.4425
2024_0415_22:36:09 11 -49.9975 49.9975
2024_0415_22:36:10 11 97.92 82.055
2024_0415_22:36:11 11 0.6825 -0.3775
2024_0415_22:36:11 11 48.06 94.15
2024_0415_22:36:22 11 98.8 67.905
2024_0415_22:38:27 11 -0.61 0.385
2024_0415_22:39:49 11 0.135 0.47
2024_0415_22:41:34 11 -99.975 -99.995
2024_0415_22:41:35 11 -0.4825 1.11
2024_0415_22:41:35 11 -0.36 0.9025
2024_0415_22:41:38 11 98.565 97.405
2024_0415_22:41:41 11 98.6825 93.5
2024_0415_22:41:42 11 97.3775 98.7725
2024_0415_22:41:57 11 71.1025 99.1375
2024_0415_22:42:32 11 -0.8775 0.775
2024_0415_22:42:33 11 -0.135 0.335
2024_0415_22:42:34 11 -0.5 0.7175
2024_0415_22:42:37 11 94.245 99.44
2024_0415_22:42:39 11 -0.3125 -0.3425
2024_0415_22:42:39 11 -0.1375 0.3975
2024_0415_22:42:49 11 -0.0275 0.31
2024_0415_22:44:46 11 0.0625 0.5625
2024_0415_22:46:14 11 0.08 0.31
2024_0415_22:47:52 11 57.7275 99.3525
2024_0415_22:47:53 11 0.0125 0.62
2024_0415_22:47:54 11 99.2475 98.8975
2024_0415_22:48:02 11 86.2975 97.0025
2024_0415_22:48:03 11 98.7125 73.6875
2024_0415_22:48:06 11 -0.115 0.1775
2024_0415_22:48:20 11 98.21 98.91
2024_0415_22:48:57 11 0.06 0.185
2024_0415_22:48:58 11 -0.6025 0.55
2024_0415_22:48:59 11 -0.4275 -0.2
2024_0415_22:49:00 11 0.1925 0.0775
2024_0415_22:49:03 11 49.9975 -49.565
2024_0415_22:49:05 11 38.26 47.485
2024_0415_22:49:13 11 0.04 -0.235
2024_0415_22:51:03 11 -0.3775 -0.1575
2024_0415_22:52:36 11 98.5275 95.575
2024_0415_22:54:10 11 -0.6675 1.075
2024_0415_22:54:11 11 0.61 0.9
2024_0415_22:54:12 11 -0.6275 -0.68
2024_0415_22:54:23 11 0.19 -0.8925
2024_0415_22:54:27 11 49.995 99.99
2024_0415_22:54:30 11 -0.8725 0.14
2024_0415_22:54:39 11 0.1075 -0.4625
2024_0415_22:55:17 11 -0.2275 -0.0725
2024_0415_22:55:19 11 0.17 -0.06
2024_0415_22:55:20 11 14.9375 17.5375
2024_0415_22:55:22 11 -0.23 0.0025
2024_0415_22:55:23 11 99.5875 98.84
2024_0415_22:55:26 11 97.09 98.6925
2024_0415_22:55:32 11 0.155 -0.5575
2024_0415_22:57:23 11 -0.3475 0.7475
2024_0415_22:59:03 11 88.9475 93.8275
2024_0415_23:00:32 11 99.4425 97.6725
2024_0415_23:00:32 11 99.365 99.305
2024_0415_23:00:34 11 31.145 -12.5375
2024_0415_23:00:42 11 -99.655 100.0
2024_0415_23:00:47 11 -0.1675 0.7925
2024_0415_23:00:52 11 48.775 95.4825
2024_0415_23:00:59 11 -0.6525 -0.0375
2024_0415_23:01:39 11 49.9975 -99.99
2024_0415_23:01:41 11 97.7125 97.0175
2024_0415_23:01:44 11 0.715 -0.1925
2024_0415_23:01:44 11 0.025 0.4025
2024_0415_23:01:46 11 0.2225 0.3375
2024_0415_23:01:54 11 -0.8875 -0.2325
2024_0415_23:02:00 11 0.1 -0.365
2024_0415_23:03:43 11 99.4625 99.4725
2024_0415_23:05:28 11 9.2075 -5.08
2024_0415_23:06:50 11 -0.29 -0.3175
2024_0415_23:06:51 11 -0.1975 -0.1775
2024_0415_23:06:54 11 49.9975 -99.995
2024_0415_23:07:01 11 98.03 97.3075
2024_0415_23:07:05 11 -0.1275 -0.09
2024_0415_23:07:09 11 -0.3175 0.315
2024_0415_23:07:17 11 0.37 -0.1175
2024_0415_23:08:03 11 -0.5 -0.205
2024_0415_23:08:10 11 -0.0525 0.1575
2024_0415_23:08:13 11 86.48 99.38
2024_0415_23:08:14 11 97.55 98.3475
2024_0415_23:08:21 11 -0.0625 0.0625
2024_0415_23:08:23 11 -0.8625 0.6875
2024_0415_23:08:31 11 98.28 98.47
2024_0415_23:10:03 11 89.2625 92.6275
2024_0415_23:11:51 11 74.4925 99.4375
2024_0415_23:13:08 11 -0.02 -0.4425
2024_0415_23:13:10 11 99.505 90.925
2024_0415_23:13:13 11 88.4275 99.4725
2024_0415_23:13:20 11 93.645 96.9325
2024_0415_23:13:22 11 0.1175 -0.1575
2024_0415_23:13:27 11 -0.4325 0.21
2024_0415_23:13:39 11 0.715 0.435
2024_0415_23:14:31 11 98.865 91.2525
2024_0415_23:14:32 11 -0.5575 0.0325
2024_0415_23:14:37 11 89.94 99.525
2024_0415_23:14:40 11 96.1175 96.34
2024_0415_23:14:47 11 92.4225 99.2925
2024_0415_23:14:48 11 92.7025 98.0025
2024_0415_23:14:53 11 -0.8225 -0.2225
2024_0415_23:16:20 11 0.2275 -0.2775
2024_0415_23:18:14 11 76.3725 8.78
2024_0415_23:19:24 11 -0.2075 -0.1225
2024_0415_23:19:26 11 -0.085 -0.1125
2024_0415_23:19:36 11 -0.1425 0.105
2024_0415_23:19:38 11 0.28 -0.07
2024_0415_23:19:40 11 -99.995 49.9975
2024_0415_23:19:50 11 -99.9975 50.0
2024_0415_23:19:57 11 97.53 84.085
2024_0415_23:20:52 11 0.0675 -0.2775
2024_0415_23:20:53 11 0.1475 -0.9575
2024_0415_23:21:02 11 98.725 98.8075
2024_0415_23:21:07 11 -0.235 0.3325
2024_0415_23:21:10 11 -0.8825 3.125
2024_0415_23:21:13 11 -0.7075 0.495
2024_0415_23:21:25 11 0.175 0.54
2024_0415_23:22:38 11 49.9975 99.995
2024_0415_23:24:38 11 0.7025 -0.1225
2024_0415_23:25:42 11 49.995 99.99
2024_0415_23:25:43 11 98.865 99.525
2024_0415_23:25:52 11 -0.145 0.6225
2024_0415_23:25:54 11 0.2975 0.4025
2024_0415_23:26:01 11 0.215 -0.785
2024_0415_23:26:05 11 0.825 -0.4425
2024_0415_23:26:11 11 0.505 0.3925
2024_0415_23:27:16 12 90.6275 93.3725
2024_0415_23:27:25 12 0.385 0.5625
2024_0415_23:27:29 12 95.355 99.3925
2024_0415_23:27:34 12 -0.5825 -0.8825
2024_0415_23:27:36 12 0.3275 0.43
2024_0415_23:27:44 12 90.12 99.4025
2024_0415_23:27:53 12 98.865 99.5175
2024_0415_23:28:54 12 15.555 17.63
2024_0415_23:31:21 12 98.6425 95.4875
2024_0415_23:31:59 12 0.6125 -0.2075
2024_0415_23:32:05 12 94.9075 98.2425
2024_0415_23:32:13 12 49.9975 -99.995
2024_0415_23:32:14 12 49.9975 -99.995
2024_0415_23:32:18 12 49.9975 49.9975
2024_0415_23:32:33 12 49.61 93.9725
2024_0415_23:32:39 12 97.735 91.9875
2024_0415_23:33:42 12 5.06 0.025
2024_0415_23:33:51 12 99.0025 99.385
2024_0415_23:33:58 12 -1.1125 -0.015
2024_0415_23:34:02 12 -0.1125 -0.3975
2024_0415_23:34:02 12 -4.25 41.765
2024_0415_23:34:11 12 8.855 56.9275
2024_0415_23:34:17 12 50.0 -100.0
2024_0415_23:35:10 12 -0.44 -0.38
2024_0415_23:37:49 12 97.89 95.875
2024_0415_23:38:14 12 0.9775 -0.9075
2024_0415_23:38:21 12 91.9725 54.1
2024_0415_23:38:30 12 99.3975 98.16
2024_0415_23:38:33 12 99.475 97.935
2024_0415_23:38:34 12 -0.4125 -0.2025
2024_0415_23:38:51 12 0.595 0.2775
2024_0415_23:38:57 12 99.165 99.2125
2024_0415_23:40:06 12 -0.58 0.295
2024_0415_23:40:14 12 -0.0075 -0.5175
2024_0415_23:40:23 12 97.115 99.1075
2024_0415_23:40:30 12 93.305 61.97
2024_0415_23:40:31 12 97.5125 73.395
2024_0415_23:40:34 12 0.1425 -0.18
2024_0415_23:40:41 12 0.81 0.12
2024_0415_23:41:26 12 -0.8175 0.425
2024_0415_23:44:14 12 -1.0625 -0.365
2024_0415_23:44:28 12 -0.5025 -0.675
2024_0415_23:44:34 12 76.1425 -0.7
2024_0415_23:44:47 12 98.4125 48.2775
2024_0415_23:44:50 12 -1.765 -0.9025
2024_0415_23:44:54 12 41.3375 25.94
2024_0415_23:45:06 12 0.325 1.0625
2024_0415_23:45:16 12 79.63 39.3825
2024_0415_23:46:30 12 0.79 0.6075
2024_0415_23:46:40 12 0.2275 0.48
2024_0415_23:46:47 12 99.07 82.88
2024_0415_23:46:54 12 98.4925 92.035
2024_0415_23:46:59 12 90.84 97.255
2024_0415_23:47:02 12 99.695 94.0
2024_0415_23:47:03 12 -0.1 -1.0925
2024_0415_23:47:44 12 99.365 96.8625
2024_0415_23:50:41 12 79.1575 75.0575
2024_0415_23:50:43 12 48.705 99.2075
2024_0415_23:50:52 12 99.18 50.105
2024_0415_23:51:05 12 89.5425 92.8475
2024_0415_23:51:06 12 0.7425 0.4275
2024_0415_23:51:13 12 -18.6275 17.1775
2024_0415_23:51:20 12 48.445 45.5075
2024_0415_23:51:29 12 -0.245 0.0675
2024_0415_23:52:58 12 48.08 99.49
2024_0415_23:53:03 12 -0.485 0.9
2024_0415_23:53:15 12 98.9125 63.3625
2024_0415_23:53:20 12 0.0975 -0.5175
2024_0415_23:53:27 12 94.7225 91.6525
2024_0415_23:53:28 12 -0.0325 1.035
2024_0415_23:53:30 12 94.4025 98.1275
2024_0415_23:53:52 12 0.2975 0.65
2024_0415_23:56:45 12 -0.2175 -0.34
2024_0415_23:56:56 12 94.0925 93.6
2024_0415_23:57:04 12 -0.7075 0.7225
2024_0415_23:57:05 12 87.2225 76.755
2024_0415_23:57:09 12 24.66 20.4075
2024_0415_23:57:21 12 -1.2 -0.94
2024_0415_23:57:30 12 95.26 93.9075
2024_0415_23:57:31 12 -0.6 1.5625
2024_0415_23:59:24 12 -0.3525 -0.21
2024_0415_23:59:27 12 95.9875 92.9925
2024_0415_23:59:42 12 0.0175 -0.5975
2024_0415_23:59:49 12 98.3825 97.2925
2024_0415_23:59:50 12 99.5425 94.175
2024_0415_23:59:54 12 98.295 97.045
2024_0415_23:59:56 12 97.105 48.0475
2024_0415_23:59:58 12 -0.3025 -0.825
2024_0416_00:02:47 12 -0.3575 -1.785
2024_0416_00:03:00 12 99.99 49.995
2024_0416_00:03:07 12 -0.11 -0.3225
2024_0416_00:03:15 12 88.3475 99.06
2024_0416_00:03:30 12 99.4675 97.1425
2024_0416_00:03:32 12 0.635 0.405
2024_0416_00:03:36 12 -49.975 -99.9975
2024_0416_00:03:38 12 98.99 48.2225
2024_0416_00:05:48 12 93.675 91.595
2024_0416_00:05:56 12 98.73 49.405
2024_0416_00:06:06 12 99.5475 97.215
2024_0416_00:06:07 12 99.99 49.995
2024_0416_00:06:17 12 99.39 94.59
2024_0416_00:06:18 12 99.5975 98.6225
2024_0416_00:06:20 12 93.015 98.3075
2024_0416_00:06:27 12 99.3525 98.1075
2024_0416_00:09:01 13 97.4225 99.05
2024_0416_00:09:15 13 -25.465 24.8175
2024_0416_00:09:29 13 0.3825 -0.125
2024_0416_00:09:30 13 0.17 -0.035
2024_0416_00:09:49 13 0.35 2.8475
2024_0416_00:09:55 13 9.39 -10.6275
2024_0416_00:09:57 13 41.835 50.135
2024_0416_00:09:58 13 93.585 99.4525
2024_0416_00:12:12 13 0.3075 0.7825
2024_0416_00:12:17 13 -0.3625 -0.135
2024_0416_00:12:19 13 -0.18 1.35
2024_0416_00:12:30 13 -5.8375 32.515
2024_0416_00:12:39 13 -0.6625 -0.2575
2024_0416_00:12:40 13 10.16 -9.8425
2024_0416_00:12:44 13 97.6275 39.7
2024_0416_00:12:52 13 99.6125 22.1525
2024_0416_00:15:17 13 99.265 99.115
2024_0416_00:15:30 13 99.1425 99.115
2024_0416_00:15:45 13 16.03 17.715
2024_0416_00:15:47 13 99.47 88.7875
2024_0416_00:16:05 13 -0.345 -0.4175
2024_0416_00:16:08 13 -0.865 -0.7525
2024_0416_00:16:15 13 47.315 34.6975
2024_0416_00:16:18 13 -49.4875 49.805
2024_0416_00:18:31 13 48.46 48.54
2024_0416_00:18:35 13 0.4375 0.78
2024_0416_00:18:43 13 23.065 49.145
2024_0416_00:18:52 13 -1.85 0.31
2024_0416_00:19:03 13 1.2475 0.7225
2024_0416_00:19:04 13 0.925 1.5775
2024_0416_00:19:21 13 99.125 98.1925
2024_0416_00:19:24 13 -0.32 0.5125
2024_0416_00:21:35 13 -0.99 0.1975
2024_0416_00:21:51 13 -0.36 0.005
2024_0416_00:21:57 13 -99.975 99.995
2024_0416_00:22:04 13 48.4675 48.7425
2024_0416_00:22:19 13 -0.8675 0.795
2024_0416_00:22:27 13 -0.1525 -0.1875
2024_0416_00:22:30 13 -1.2 6.105
2024_0416_00:22:42 13 79.28 78.9525
2024_0416_00:24:47 13 -1.6325 94.105
2024_0416_00:24:59 13 -0.6175 -0.18
2024_0416_00:25:03 13 0.1625 -0.5275
2024_0416_00:25:24 13 93.155 49.2725
2024_0416_00:25:25 13 -0.785 -0.0525
2024_0416_00:25:28 13 15.775 18.1475
2024_0416_00:25:44 13 0.3725 -0.675
2024_0416_00:25:46 13 -0.18 0.89
2024_0416_00:27:50 13 90.935 96.1225
2024_0416_00:28:10 13 96.4375 99.6075
2024_0416_00:28:16 13 47.72 95.38
2024_0416_00:28:19 13 -49.9825 49.9825
2024_0416_00:28:37 13 92.53 97.9
2024_0416_00:28:44 13 48.1575 -0.13
2024_0416_00:28:51 13 -0.745 -0.9525
2024_0416_00:29:01 13 -1.7475 46.58
2024_0416_00:30:57 13 0.7225 -0.0175
2024_0416_00:31:20 13 0.2025 0.0625
2024_0416_00:31:27 13 71.7975 74.68
2024_0416_00:31:41 13 -8.27 8.2
2024_0416_00:31:42 13 0.045 -0.945
2024_0416_00:31:52 13 93.6975 92.3825
2024_0416_00:32:04 13 -0.945 5.805
2024_0416_00:32:09 13 -23.8025 44.7025
2024_0416_00:34:04 13 -99.995 -99.995
2024_0416_00:34:24 13 1.71 -0.1525
2024_0416_00:34:32 13 86.2825 99.41
2024_0416_00:34:41 13 47.595 -45.95
2024_0416_00:34:56 13 98.95 91.4125
2024_0416_00:34:59 13 -0.155 -0.0975
2024_0416_00:35:06 13 0.4625 0.345
2024_0416_00:35:23 13 -99.99 -50.0025
2024_0416_00:37:11 13 -5.1 47.57
2024_0416_00:37:39 13 0.615 0.37
2024_0416_00:37:47 13 -10.2125 10.245
2024_0416_00:37:59 13 1.25 1.015
2024_0416_00:38:06 13 -0.22 -0.6525
2024_0416_00:38:15 13 94.2275 96.29
2024_0416_00:38:26 13 -1.2325 0.665
2024_0416_00:38:31 13 0.2325 -0.5975
2024_0416_00:40:17 13 -10.5775 9.965
2024_0416_00:40:36 13 0.1275 0.0775
2024_0416_00:40:48 13 87.64 99.32
2024_0416_00:40:56 13 -49.99 99.985
2024_0416_00:41:11 13 36.99 44.6025
2024_0416_00:41:14 13 97.7375 99.01
2024_0416_00:41:23 13 97.395 99.585
2024_0416_00:41:48 13 94.86 96.2825
2024_0416_00:43:26 13 0.295 -0.535
2024_0416_00:44:06 13 94.11 99.1025
2024_0416_00:44:08 13 0.725 1.085
2024_0416_00:44:22 13 -0.1875 41.9825
2024_0416_00:44:25 13 0.8 -0.0525
2024_0416_00:44:36 13 -3.1825 23.605
2024_0416_00:44:50 13 10.385 0.255
2024_0416_00:44:54 13 99.2425 99.2875
2024_0416_00:46:29 13 0.2175 -0.4725
2024_0416_00:46:51 13 95.7725 99.3525
2024_0416_00:47:01 13 -0.0675 0.0675
2024_0416_00:47:12 13 -0.1975 -0.36
2024_0416_00:47:24 13 -1.0375 8.7025
2024_0416_00:47:30 13 -99.975 99.995
2024_0416_00:47:37 13 1.24 -0.7425
2024_0416_00:48:12 13 -0.3475 0.2775
2024_0416_00:49:43 13 97.65 48.235
2024_0416_00:50:29 13 0.09 0.0475
2024_0416_00:50:32 13 99.5175 97.6675
2024_0416_00:50:55 13 1.695 1.3475
2024_0416_00:51:14 13 -0.355 -0.485
2024_0416_00:52:45 13 52.08 99.3975
2024_0416_00:53:17 13 12.8225 13.6025
2024_0416_00:53:30 13 93.1575 97.025
2024_0416_00:53:41 13 98.155 49.14
2024_0416_00:53:46 13 -2.175 48.365
2024_0416_00:53:53 13 9.635 16.7775
2024_0416_00:54:37 13 47.08 48.63
2024_0416_00:54:37 13 96.3075 89.375
2024_0416_00:55:11 13 38.17 0.08
2024_0416_00:55:14 13 -2.08 3.7675
2024_0416_00:56:02 13 98.965 77.5225
2024_0416_00:56:58 13 76.805 94.26
2024_0416_00:57:22 13 13.365 14.9
2024_0416_00:57:36 13 -0.2825 0.18
2024_0416_00:58:11 13 97.795 97.2675
2024_0416_00:58:59 13 46.5125 46.95
2024_0416_00:59:31 13 -0.75 -0.095
2024_0416_00:59:40 13 0.23 -0.4975
2024_0416_00:59:52 13 0.4675 0.21
2024_0416_00:59:59 13 98.8175 96.735
2024_0416_01:00:05 13 0.37 0.065
2024_0416_01:00:59 13 -1.0575 -0.2375
2024_0416_01:01:04 13 97.1725 79.8475
2024_0416_01:01:25 13 0.32 0.0925
2024_0416_01:01:30 13 0.605 1.06
2024_0416_01:01:34 13 0.315 0.36
2024_0416_01:02:12 13 -0.235 -0.5825
2024_0416_01:03:23 13 0.185 0.3325
2024_0416_01:03:46 13 -0.3425 -0.92
2024_0416_01:03:58 13 -0.39 0.08
2024_0416_01:04:33 13 99.5325 98.8425
2024_0416_01:05:12 13 -0.6925 0.175
2024_0416_01:05:46 13 -3.0425 44.64
2024_0416_01:05:54 13 -0.3 -0.1
2024_0416_01:06:08 13 0.3475 -0.06
2024_0416_01:06:14 13 87.665 99.45
2024_0416_01:06:30 13 49.355 48.5475
2024_0416_01:07:20 13 -0.295 0.6125
2024_0416_01:07:27 13 87.9475 93.305
2024_0416_01:07:49 13 0.345 0.33
2024_0416_01:07:52 13 0.7 -0.425
2024_0416_01:07:56 13 52.465 -52.5675
2024_0416_01:08:28 13 67.6925 87.89
2024_0416_01:09:50 13 87.35 49.73
2024_0416_01:10:08 13 -0.7325 25.6975
2024_0416_01:10:21 13 89.13 98.105
2024_0416_01:10:47 13 0.12 -0.2575
2024_0416_01:11:26 13 -0.1175 -0.91
2024_0416_01:12:02 13 87.105 98.3975
2024_0416_01:12:10 13 99.45 98.1875
2024_0416_01:12:22 13 -0.7225 0.8175
2024_0416_01:12:30 13 -32.9175 33.7075
2024_0416_01:12:47 13 87.3175 97.37
2024_0416_01:13:41 13 0.8225 -0.4475
2024_0416_01:13:50 13 -0.2625 0.13
2024_0416_01:14:10 13 -0.5425 48.0625
2024_0416_01:14:12 13 45.47 31.075
2024_0416_01:14:19 13 79.7675 98.88
2024_0416_01:14:44 13 79.28 79.5925
2024_0416_01:16:17 13 -4.5 7.02
2024_0416_01:16:31 13 96.7825 94.6225
2024_0416_01:16:44 13 14.7575 16.975
2024_0416_01:17:03 13 0.16 0.7575
2024_0416_01:17:52 13 99.53 91.4725
2024_0416_01:18:16 13 -0.14 0.0625
2024_0416_01:18:27 13 -0.3275 -0.3575
2024_0416_01:18:45 13 10.6775 28.805
2024_0416_01:19:00 13 15.905 16.285
2024_0416_01:19:03 13 97.97 98.92
2024_0416_01:20:04 13 98.3975 95.2475
2024_0416_01:20:27 14 -0.62 -0.2825
2024_0416_01:20:36 14 98.9925 93.405
2024_0416_01:20:40 14 99.5325 99.5275
2024_0416_01:20:44 14 97.9375 98.955
2024_0416_01:20:57 14 0.5 0.0175
2024_0416_01:22:38 14 14.8825 15.36
2024_0416_01:22:54 14 0.15 0.125
2024_0416_01:23:06 14 44.305 47.44
2024_0416_01:23:23 14 98.4275 93.2525
2024_0416_01:24:09 14 -0.01 -0.01
2024_0416_01:24:36 14 81.4175 98.265
2024_0416_01:24:44 14 0.26 -0.005
2024_0416_01:25:04 14 0.1625 -0.51
2024_0416_01:25:17 14 -99.99 99.99
2024_0416_01:25:18 14 -8.41 50.57
2024_0416_01:26:30 14 97.8325 99.515
2024_0416_01:26:49 14 -0.115 0.0925
2024_0416_01:27:03 14 0.315 0.195
2024_0416_01:27:05 14 89.67 97.395
2024_0416_01:27:12 14 -0.6475 -0.04
2024_0416_01:28:40 14 1.0225 -1.6675
2024_0416_01:29:02 14 -39.7075 44.66
2024_0416_01:29:13 14 0.205 -0.3775
2024_0416_01:29:29 14 -0.2875 -0.6975
2024_0416_01:29:45 14 99.5775 95.0925
2024_0416_01:30:25 14 -1.16 1.0325
2024_0416_01:30:55 14 82.8375 88.245
2024_0416_01:31:02 14 36.68 49.0375
2024_0416_01:31:26 14 99.6475 96.395
2024_0416_01:31:32 14 0.53 -0.055
2024_0416_01:31:35 14 -1.3025 0.3625
2024_0416_01:32:53 14 -0.205 0.5075
2024_0416_01:33:19 14 59.0675 -1.0925
2024_0416_01:33:29 14 99.99 -99.99
2024_0416_01:33:31 14 99.44 98.995
2024_0416_01:33:38 14 3.395 0.91
2024_0416_01:35:03 14 8.81 15.765
2024_0416_01:35:26 14 88.815 96.1375
2024_0416_01:35:36 14 -0.225 48.59
2024_0416_01:35:50 14 -1.3225 0.05
2024_0416_01:36:02 14 22.835 89.045
2024_0416_01:36:48 14 0.1125 0.0175
2024_0416_01:37:14 14 69.0575 98.9975
2024_0416_01:37:16 14 0.005 0.0025
2024_0416_01:37:38 14 7.9425 -7.99
2024_0416_01:37:45 14 -0.07 -0.37
2024_0416_01:37:51 14 89.0225 46.82
2024_0416_01:39:19 14 95.1775 99.2925
2024_0416_01:39:40 14 -0.895 -0.855
2024_0416_01:39:54 14 10.67 -10.47
2024_0416_01:39:54 14 6.985 13.4875
2024_0416_01:40:00 14 0.4775 -0.0625
2024_0416_01:41:32 14 97.7775 89.1
2024_0416_01:41:47 14 0.305 -0.0175
2024_0416_01:42:03 14 9.9925 68.0925
2024_0416_01:42:13 14 1.01 0.215
2024_0416_01:42:13 14 -99.9925 99.995
2024_0416_01:43:09 14 50.21 90.435
2024_0416_01:43:29 14 -16.6475 17.9275
2024_0416_01:43:34 14 95.805 98.515
2024_0416_01:43:51 14 0.6375 -0.19
2024_0416_01:44:03 14 98.09 93.8225
2024_0416_01:44:04 14 -9.495 9.1125
2024_0416_01:45:44 14 95.5925 98.02
2024_0416_01:46:05 14 97.525 95.895
2024_0416_01:46:17 14 96.965 45.875
2024_0416_01:46:18 14 96.195 89.2925
2024_0416_01:46:19 14 -9.9775 10.0125
2024_0416_01:47:55 14 35.28 35.14
2024_0416_01:48:10 14 96.51 99.07
2024_0416_01:48:29 14 94.21 98.8825
2024_0416_01:48:43 14 -1.25 0.1775
2024_0416_01:48:44 14 92.1625 98.065
2024_0416_01:49:27 14 0.15 -0.3225
2024_0416_01:49:44 14 0.165 -0.3075
2024_0416_01:49:47 14 -1.49 14.6075
2024_0416_01:50:09 14 98.465 99.1625
2024_0416_01:50:14 14 -0.4025 0.075
2024_0416_01:50:19 14 -0.185 0.3625
2024_0416_01:52:11 14 96.42 48.2925
2024_0416_01:52:24 14 1.0325 7.3075
2024_0416_01:52:39 14 0.055 1.13
2024_0416_01:52:43 14 -0.025 -0.4175
2024_0416_01:52:46 14 61.8125 60.6
2024_0416_01:54:16 14 -0.095 0.795
2024_0416_01:54:34 14 8.2175 10.975
2024_0416_01:54:45 14 0.24 -0.5325
2024_0416_01:54:54 14 91.715 48.705
2024_0416_01:55:08 14 93.6425 96.02
2024_0416_01:55:28 14 -20.425 19.34
2024_0416_01:55:48 14 -0.3725 0.1575
2024_0416_01:55:53 14 99.1875 53.9125
2024_0416_01:56:13 14 99.38 90.62
2024_0416_01:56:13 14 -0.0475 0.5425
2024_0416_01:56:20 14 99.995 49.855
2024_0416_01:58:30 14 -0.39 0.66
2024_0416_01:58:32 14 -0.315 -0.1375
2024_0416_01:59:01 14 -0.4725 0.14
2024_0416_01:59:08 14 98.8775 92.0725
2024_0416_02:00:36 14 0.68 0.08
2024_0416_02:00:58 14 -0.1225 24.4525
2024_0416_02:00:59 14 94.7325 96.7075
2024_0416_02:01:19 14 98.4975 97.7225
2024_0416_02:01:30 14 -0.555 0.1725
2024_0416_02:01:35 14 -0.2475 0.625
2024_0416_02:01:53 14 -0.3725 0.095
2024_0416_02:01:58 14 9.8225 48.1725
2024_0416_02:02:17 14 48.195 97.85
2024_0416_02:02:21 14 91.935 97.85
2024_0416_02:02:36 14 49.0675 2.885
2024_0416_02:03:05 14 -45.4325 46.355
2024_0416_02:04:39 14 -0.5325 -0.3325
2024_0416_02:04:54 14 -40.0575 40.0925
2024_0416_02:05:26 14 0.175 -0.33
2024_0416_02:05:49 14 98.2775 98.25
2024_0416_02:07:00 14 0.0175 98.515
2024_0416_02:07:01 14 45.075 6.48
2024_0416_02:07:27 14 88.4175 49.4975
2024_0416_02:07:38 14 59.89 -60.2275
2024_0416_02:07:39 14 0.32 0.6275
2024_0416_02:07:54 14 6.7125 23.01
2024_0416_02:07:59 14 92.245 98.665
2024_0416_02:08:02 14 -0.12 -0.0225
2024_0416_02:08:22 14 79.0 39.405
2024_0416_02:08:29 14 94.9125 98.92
2024_0416_02:08:46 14 92.59 47.7425
2024_0416_02:10:53 14 99.245 25.9875
2024_0416_02:11:18 14 0.095 0.09
2024_0416_02:11:51 14 0.0325 -0.475
2024_0416_02:12:02 14 0.3975 -0.09
2024_0416_02:12:13 14 68.1125 97.69
2024_0416_02:13:18 14 0.155 0.2475
2024_0416_02:13:25 14 99.2775 85.3625
2024_0416_02:13:48 14 51.07 58.3175
2024_0416_02:13:48 14 -0.01 0.8525
2024_0416_02:14:01 14 -0.13 -0.1
2024_0416_02:14:13 14 -1.2325 49.875
2024_0416_02:14:19 14 98.985 49.55
2024_0416_02:14:21 14 79.6325 72.935
2024_0416_02:14:37 14 89.6075 98.03
2024_0416_02:14:44 14 49.605 -45.9875
2024_0416_02:15:02 14 94.5825 99.5475
2024_0416_02:17:10 14 99.4775 95.645
2024_0416_02:17:41 14 99.175 95.4525
2024_0416_02:18:17 14 97.295 99.535
2024_0416_02:18:22 14 0.44 0.3525
2024_0416_02:18:34 14 -1.925 49.865
2024_0416_02:19:35 14 -35.695 34.8875
2024_0416_02:19:46 14 0.545 1.245
2024_0416_02:20:07 14 99.0875 98.0
2024_0416_02:20:10 14 28.145 7.6525
2024_0416_02:20:20 14 -1.3625 -1.0475
2024_0416_02:20:35 14 50.535 48.4125
2024_0416_02:20:44 14 -0.905 0.5125
2024_0416_02:20:52 14 47.865 47.955
2024_0416_02:20:55 14 94.2725 96.3225
2024_0416_02:21:03 14 96.1925 98.2025
2024_0416_02:21:23 14 0.0775 -0.9225
2024_0416_02:23:35 14 99.1975 99.0625
2024_0416_02:24:00 14 -33.3375 33.165
2024_0416_02:24:43 14 0.6925 -0.26
2024_0416_02:24:47 14 49.8975 -0.41
2024_0416_02:24:56 14 -8.665 8.1075
2024_0416_02:26:03 14 16.725 -8.63
2024_0416_02:26:11 14 -99.995 99.995
2024_0416_02:26:33 14 98.15 90.635
2024_0416_02:26:35 14 -0.325 -0.2675
2024_0416_02:26:53 14 2.9175 37.2425
2024_0416_02:27:11 14 98.545 98.0
2024_0416_02:27:22 15 -0.23 0.675
2024_0416_02:27:24 15 85.3875 99.3175
2024_0416_02:27:36 15 11.925 10.6075
2024_0416_02:27:52 15 47.2875 9.725
2024_0416_02:30:07 15 26.67 22.8
2024_0416_02:30:33 15 -0.4175 0.885
2024_0416_02:30:59 15 98.9975 90.8175
2024_0416_02:31:14 15 92.075 98.98
2024_0416_02:31:19 15 99.285 49.0575
2024_0416_02:31:27 15 34.8175 4.0225
2024_0416_02:32:26 15 -0.865 0.12
2024_0416_02:33:27 15 0.56 -0.4975
2024_0416_02:33:30 15 -0.0875 -0.0475
2024_0416_02:33:34 15 8.35 -8.9725
2024_0416_02:33:46 15 99.4375 96.8
2024_0416_02:33:51 15 -0.7575 0.07
2024_0416_02:33:59 15 97.0225 97.0975
2024_0416_02:34:17 15 -0.4525 -0.0775
2024_0416_02:34:19 15 99.12 72.26
2024_0416_02:36:28 15 17.17 19.895
2024_0416_02:37:00 15 23.0175 95.91
2024_0416_02:37:01 15 42.1 -16.85
2024_0416_02:37:22 15 13.0525 -13.5075
2024_0416_02:37:46 15 35.2675 -18.7475
2024_0416_02:37:57 15 98.9025 94.3875
2024_0416_02:38:01 15 8.6725 -5.44
2024_0416_02:38:56 15 94.625 97.6075
2024_0416_02:39:54 15 -0.3775 -0.15
2024_0416_02:40:00 15 0.5575 0.375
2024_0416_02:40:04 15 61.12 26.8475
2024_0416_02:40:17 15 99.575 93.2825
2024_0416_02:40:21 15 88.7525 58.755
2024_0416_02:40:27 15 68.9325 -1.34
2024_0416_02:40:44 15 94.265 43.015
2024_0416_02:40:52 15 98.8025 88.7825
2024_0416_02:43:26 15 8.515 -7.765
2024_0416_02:43:40 15 -0.035 0.3125
2024_0416_02:44:13 15 99.465 98.785
2024_0416_02:44:22 15 -8.525 7.6725
2024_0416_02:44:27 15 0.07 0.0075
2024_0416_02:45:20 15 0.2075 -0.0325
2024_0416_02:46:11 15 0.2475 0.4575
2024_0416_02:46:18 15 94.35 98.1
2024_0416_02:46:28 15 98.265 98.97
2024_0416_02:46:28 15 99.4675 98.085
2024_0416_02:46:47 15 99.42 99.045
2024_0416_02:46:50 15 99.6225 97.2275
2024_0416_02:46:53 15 99.1425 96.085
2024_0416_02:47:08 15 99.375 98.27
2024_0416_02:47:17 15 99.5175 97.865
2024_0416_02:48:21 15 99.485 98.8
2024_0416_02:49:44 15 0.065 0.42
2024_0416_02:50:11 15 -1.99 -0.44
2024_0416_02:50:37 15 30.63 34.6975
2024_0416_02:50:50 15 17.3525 15.7425
2024_0416_02:50:50 15 -1.9675 2.9975
2024_0416_02:51:43 15 79.34 39.6775
2024_0416_02:52:33 15 2.175 -2.4175
2024_0416_02:52:38 15 0.7725 -0.5925
2024_0416_02:52:51 15 99.405 48.4175
2024_0416_02:52:56 15 99.51 99.095
2024_0416_02:53:08 15 -0.59 -0.41
2024_0416_02:53:13 15 -0.0975 46.875
2024_0416_02:53:18 15 50.9325 48.59
2024_0416_02:53:57 15 -0.605 -0.075
2024_0416_02:54:48 15 62.855 99.67
2024_0416_02:56:02 15 5.725 15.995
2024_0416_02:56:27 15 -10.055 9.6725
2024_0416_02:56:57 15 98.5125 97.995
2024_0416_02:57:07 15 9.72 24.045
2024_0416_02:57:08 15 0.16 -0.0625
2024_0416_02:57:08 15 0.93 -0.89
2024_0416_02:57:56 15 49.9975 49.9975
2024_0416_02:58:47 15 93.1225 98.855
2024_0416_02:58:58 15 -0.07 0.5025
2024_0416_02:59:10 15 98.7025 97.675
2024_0416_02:59:11 15 -99.99 99.975
2024_0416_02:59:26 15 1.115 -0.445
2024_0416_02:59:32 15 0.0475 -2.915
2024_0416_03:00:15 15 -1.2875 48.6575
2024_0416_03:01:00 15 95.7025 87.56
2024_0416_03:02:19 15 96.645 99.5525
2024_0416_03:02:37 15 42.35 42.765
2024_0416_03:03:15 15 48.84 88.76
2024_0416_03:03:24 15 41.8775 46.8575
2024_0416_03:03:26 15 97.9175 97.79
2024_0416_03:03:31 15 -1.1 -0.34
2024_0416_03:04:04 15 0.88 -0.61
2024_0416_03:04:16 15 96.29 99.3725
2024_0416_03:04:55 15 -9.92 9.7375
2024_0416_03:05:14 15 -50.0 50.0
2024_0416_03:05:29 15 87.575 99.44
2024_0416_03:05:34 15 -0.275 -0.025
2024_0416_03:05:36 15 0.2475 0.4525
2024_0416_03:05:43 15 91.6675 88.1925
2024_0416_03:06:25 15 -12.31 47.25
2024_0416_03:07:19 15 1.09 0.615
2024_0416_03:08:38 15 93.99 93.245
2024_0416_03:08:43 15 0.1 -0.125
2024_0416_03:09:35 15 13.415 -12.6175
2024_0416_03:09:40 15 0.285 0.31
2024_0416_03:09:44 15 98.315 72.115
2024_0416_03:09:47 15 99.135 98.8975
2024_0416_03:10:12 15 -1.3875 -1.0775
2024_0416_03:10:21 15 0.445 -0.6075
2024_0416_03:11:03 15 -0.1725 41.21
2024_0416_03:11:35 15 -0.83 0.0775
2024_0416_03:11:49 15 74.04 39.49
2024_0416_03:11:51 15 1.19 -0.3675
2024_0416_03:11:51 15 -28.7075 60.25
2024_0416_03:11:55 15 98.9875 85.7725
2024_0416_03:12:30 15 -50.0 -100.0
2024_0416_03:13:25 15 43.255 43.4375
2024_0416_03:14:52 15 0.945 0.075
2024_0416_03:15:26 15 85.76 89.195
2024_0416_03:15:53 15 -99.995 99.995
2024_0416_03:15:53 15 -0.7325 0.345
2024_0416_03:16:02 15 0.895 -0.055
2024_0416_03:16:05 15 98.4875 -24.7475
2024_0416_03:16:27 15 0.335 -0.395
2024_0416_03:16:30 15 -0.22 -0.6125
2024_0416_03:17:14 15 97.63 99.34
2024_0416_03:17:55 15 98.8075 97.905
2024_0416_03:18:04 15 98.4025 99.5025
2024_0416_03:18:07 15 0.71 1.55
2024_0416_03:18:18 15 50.7175 39.1
2024_0416_03:18:43 15 85.62 88.4725
2024_0416_03:19:36 15 98.69 49.94
2024_0416_03:20:59 15 0.3275 -0.055
2024_0416_03:21:31 15 -0.7025 0.6175
2024_0416_03:21:48 15 0.065 0.07
2024_0416_03:22:08 15 0.0025 0.01
2024_0416_03:22:10 15 33.9125 -33.53
2024_0416_03:22:22 15 27.79 -27.1175
2024_0416_03:22:23 15 -16.62 17.2625
2024_0416_03:22:39 15 61.7075 49.1175
2024_0416_03:22:57 15 1.1 -0.1425
2024_0416_03:23:22 15 0.6025 0.2875
2024_0416_03:24:20 15 98.8175 80.305
2024_0416_03:24:20 15 99.145 97.4875
2024_0416_03:24:23 15 0.1325 -0.135
2024_0416_03:24:34 15 -10.6825 9.735
2024_0416_03:25:02 15 -0.435 -0.33
2024_0416_03:25:50 15 86.975 98.645
2024_0416_03:27:09 15 -0.1 -0.7025
2024_0416_03:27:39 15 -0.33 0.6875
2024_0416_03:28:03 15 -9.8125 10.645
2024_0416_03:28:21 15 -0.4925 0.11
2024_0416_03:28:28 15 44.535 96.4875
2024_0416_03:28:42 15 89.9675 99.4875
2024_0416_03:28:43 15 42.74 14.2875
2024_0416_03:29:07 15 47.2725 -0.515
2024_0416_03:29:33 15 94.2775 81.325
2024_0416_03:30:31 15 0.4875 0.095
2024_0416_03:30:36 15 0.71 -0.25
2024_0416_03:30:40 15 87.33 99.225
2024_0416_03:30:50 15 14.71 16.54
2024_0416_03:31:10 15 87.8175 97.4825
2024_0416_03:31:54 15 -20.83 20.0775
2024_0416_03:32:48 15 0.28 0.0125
2024_0416_03:33:18 15 14.9625 16.415
2024_0416_03:33:54 15 -0.2175 -0.0125
2024_0416_03:34:31 16 9.9375 3.4475
2024_0416_03:34:45 16 -1.5775 -0.3475
2024_0416_03:34:50 16 68.8575 98.5675
2024_0416_03:35:01 16 49.25 97.4025
2024_0416_03:35:03 16 78.1825 99.4775
2024_0416_03:35:25 16 98.67 96.025
2024_0416_03:35:40 16 16.2775 15.8575
2024_0416_03:36:49 16 -0.685 0.225
2024_0416_03:36:55 16 20.415 -19.225
2024_0416_03:36:58 16 -0.3175 -0.645
2024_0416_03:37:07 16 -10.6625 9.2125
2024_0416_03:37:16 16 34.64 2.1525
2024_0416_03:38:01 16 79.54 99.4775
2024_0416_03:38:53 16 19.6625 -17.7275
2024_0416_03:39:35 16 98.745 99.285
2024_0416_03:40:49 16 64.615 -16.2825
2024_0416_03:40:57 16 96.005 12.4825
2024_0416_03:41:03 16 16.7 -16.8225
2024_0416_03:41:08 16 94.1925 96.685
2024_0416_03:41:23 16 95.145 96.9825
2024_0416_03:41:28 16 39.8375 49.695
2024_0416_03:41:28 16 0.015 0.05
2024_0416_03:41:43 16 16.6775 -16.7425
2024_0416_03:42:58 16 61.57 60.2175
2024_0416_03:43:16 16 98.58 97.3125
2024_0416_03:43:22 16 0.855 -0.485
2024_0416_03:43:22 16 -0.31 0.31
2024_0416_03:43:24 16 94.985 97.515
2024_0416_03:44:04 16 0.06 0.69
2024_0416_03:45:01 16 49.29 99.29
2024_0416_03:45:48 16 93.0125 95.19
2024_0416_03:47:04 16 48.2175 43.7875
2024_0416_03:47:10 16 1.05 -0.6925
2024_0416_03:47:20 16 16.655 -16.9775
2024_0416_03:47:32 16 99.5325 96.99
2024_0416_03:47:36 16 98.99 91.2775
2024_0416_03:47:41 16 17.0075 -16.4825
2024_0416_03:47:46 16 -31.305 60.95
2024_0416_03:47:47 16 -7.6675 7.58
2024_0416_03:49:15 16 1.325 1.385
2024_0416_03:49:28 16 0.2525 0.235
2024_0416_03:49:39 16 0.475 0.3325
2024_0416_03:49:43 16 -0.2975 -0.4275
2024_0416_03:50:03 16 0.7 0.32
2024_0416_03:50:11 16 10.1025 -9.9675
2024_0416_03:51:06 16 51.065 81.46
2024_0416_03:51:52 16 0.0575 0.085
2024_0416_03:53:13 16 15.3 13.49
2024_0416_03:53:24 16 90.9875 94.0325
2024_0416_03:53:40 16 -0.24 0.0075
2024_0416_03:53:46 16 86.3575 99.4875
2024_0416_03:53:50 16 0.5125 1.0375
2024_0416_03:53:52 16 79.0025 77.6325
2024_0416_03:53:59 16 -0.67 30.445
2024_0416_03:54:06 16 97.32 99.505
2024_0416_03:55:18 16 0.855 -0.3675
2024_0416_03:55:35 16 99.1275 85.2525
2024_0416_03:56:00 16 79.7375 79.77
2024_0416_03:56:04 16 98.9575 98.1225
2024_0416_03:56:15 16 -0.05 -0.185
2024_0416_03:56:21 16 -0.9175 0.1525
2024_0416_03:57:16 16 99.575 78.465
2024_0416_03:58:05 16 -9.94 10.2975
2024_0416_03:59:21 16 63.6675 46.335
2024_0416_03:59:43 16 98.445 96.3625
2024_0416_03:59:53 16 64.34 23.5
2024_0416_03:59:54 16 37.665 -24.78
2024_0416_03:59:59 16 99.335 95.925
2024_0416_04:00:06 16 -1.1125 -0.4125
2024_0416_04:00:17 16 -0.555 0.0775
2024_0416_04:00:25 16 47.99 9.7825
2024_0416_04:01:24 16 46.9975 97.57
2024_0416_04:01:43 16 99.605 98.75
2024_0416_04:02:16 16 34.9675 -14.94
2024_0416_04:02:18 16 16.575 32.055
2024_0416_04:02:25 16 25.0 -23.6325
2024_0416_04:02:43 16 99.4925 93.165
2024_0416_04:04:12 16 99.2025 95.285
2024_0416_04:05:31 16 90.905 97.415
2024_0416_04:05:58 16 0.66 -0.0875
2024_0416_04:06:05 16 47.255 93.995
2024_0416_04:06:07 16 -3.0375 19.7125
2024_0416_04:06:19 16 99.655 99.5625
2024_0416_04:06:20 16 96.8725 94.7575
2024_0416_04:06:23 16 0.2925 -1.3575
2024_0416_04:06:40 16 99.24 98.235
2024_0416_04:06:42 16 99.335 98.28
2024_0416_04:07:40 16 98.0875 99.3075
2024_0416_04:07:53 16 10.08 -9.91
2024_0416_04:08:20 16 99.995 99.995
2024_0416_04:08:32 16 -0.0925 0.1125
2024_0416_04:08:39 16 -0.185 -0.0825
2024_0416_04:10:19 16 0.385 -0.1275
2024_0416_04:11:34 16 -0.455 1.3175
2024_0416_04:12:24 16 -8.295 9.45
2024_0416_04:12:24 16 93.7025 96.2375
2024_0416_04:12:35 16 -16.365 16.7
2024_0416_04:12:41 16 49.9975 99.995
2024_0416_04:13:00 16 55.075 98.8375
2024_0416_04:13:11 16 81.3025 35.4625
2024_0416_04:13:44 16 97.7575 97.8075
2024_0416_04:13:56 16 0.215 -0.4775
2024_0416_04:13:59 16 17.165 21.1825
2024_0416_04:14:35 16 98.2975 97.4025
2024_0416_04:14:55 16 0.7625 -0.1475
2024_0416_04:15:05 16 54.3275 59.3425
2024_0416_04:15:30 16 4.405 0.2
2024_0416_04:16:22 16 6.735 13.835
2024_0416_04:17:40 16 23.4575 0.4625
2024_0416_04:18:05 16 99.995 99.995
2024_0416_04:18:26 16 -0.48 0.475
2024_0416_04:18:42 16 13.7825 13.765
2024_0416_04:19:05 16 47.9475 99.1675
2024_0416_04:19:25 16 -49.9975 49.9975
2024_0416_04:19:26 16 0.3525 -0.4325
2024_0416_04:19:59 16 49.45 97.7175
2024_0416_04:20:03 16 -0.745 47.8675
2024_0416_04:20:15 16 40.4925 -36.86
2024_0416_04:20:40 17 96.525 98.965
2024_0416_04:21:13 17 -0.91 5.6725
2024_0416_04:21:24 17 97.625 95.9225
2024_0416_04:21:35 17 96.34 99.465
2024_0416_04:22:27 17 -2.7575 0.9025
2024_0416_04:23:42 17 3.2875 48.1825
2024_0416_04:24:00 17 97.05 48.385
2024_0416_04:24:16 17 99.53 97.555
2024_0416_04:24:36 17 49.62 92.995
2024_0416_04:25:04 17 31.1825 63.8925
2024_0416_04:25:23 17 0.6375 0.15
2024_0416_04:25:51 17 60.335 49.275
2024_0416_04:26:12 17 -0.17 -0.155
2024_0416_04:26:18 17 -1.1175 -0.155
2024_0416_04:26:21 17 6.435 4.0575
2024_0416_04:26:27 17 -0.06 -0.035
2024_0416_04:26:50 17 49.21 95.7925
2024_0416_04:27:34 17 24.85 19.56
2024_0416_04:27:43 17 40.1925 -39.97
2024_0416_04:27:51 17 0.32 0.2225
2024_0416_04:28:37 17 91.135 98.96
2024_0416_04:30:03 17 0.345 -0.015
2024_0416_04:30:07 17 4.505 -1.695
2024_0416_04:30:21 17 -0.0125 -0.19
2024_0416_04:30:43 17 98.5525 97.51
2024_0416_04:31:24 17 -1.0025 -0.425
2024_0416_04:31:48 17 46.2175 47.44
2024_0416_04:32:12 17 17.83 62.685
2024_0416_04:32:14 17 -6.435 7.155
2024_0416_04:32:30 17 -11.45 58.6825
2024_0416_04:32:37 17 0.2525 0.605
2024_0416_04:32:45 17 -49.87 50.0325
2024_0416_04:32:52 17 49.2175 19.8425
2024_0416_04:33:49 17 40.055 -40.3625
2024_0416_04:33:53 17 10.7725 8.8975
2024_0416_04:34:12 17 99.3625 89.42
2024_0416_04:34:41 17 58.6725 73.525
2024_0416_04:36:08 17 4.3625 -0.995
2024_0416_04:36:26 17 20.3425 12.3225
2024_0416_04:36:33 17 95.1875 99.13
2024_0416_04:36:45 17 55.175 81.14
2024_0416_04:37:47 17 48.0725 36.32
2024_0416_04:38:11 17 93.4825 98.17
2024_0416_04:38:21 17 96.35 98.0575
2024_0416_04:38:38 17 72.2075 75.3375
2024_0416_04:38:39 17 -7.1325 7.545
2024_0416_04:38:47 17 -0.365 -0.005
2024_0416_04:39:03 17 99.535 73.2725
2024_0416_04:39:21 17 93.44 93.8375
2024_0416_04:39:53 17 96.2825 49.5725
2024_0416_04:40:06 17 -37.385 25.15
2024_0416_04:40:28 17 79.785 79.13
2024_0416_04:40:46 17 19.5375 0.95
2024_0416_04:42:09 17 28.17 25.12
2024_0416_04:42:34 17 96.84 99.6225
2024_0416_04:42:41 17 -0.2925 -0.625
2024_0416_04:42:48 17 0.9025 -0.03
2024_0416_04:44:02 17 -9.815 9.345
2024_0416_04:44:31 17 67.4375 98.69
2024_0416_04:44:46 17 2.3525 -2.0375
2024_0416_04:44:56 17 9.5175 -10.3625
2024_0416_04:44:57 17 99.415 88.0625
2024_0416_04:45:16 17 -0.0025 -0.2125
2024_0416_04:45:40 17 75.3525 77.92
2024_0416_04:45:55 17 16.52 15.61
2024_0416_04:46:46 17 -100.0 -99.99
2024_0416_04:46:46 17 19.04 97.7875
2024_0416_04:46:51 17 99.055 99.4625
2024_0416_04:47:44 17 80.0375 96.465
2024_0416_04:48:10 17 99.6225 70.47
2024_0416_04:48:32 17 0.3475 0.5925
2024_0416_04:48:56 17 25.79 5.8675
2024_0416_04:49:00 17 14.2425 12.3975
2024_0416_04:50:22 17 0.7575 -0.6175
2024_0416_04:50:33 17 12.5025 8.2875
2024_0416_04:51:17 17 97.2875 96.7475
2024_0416_04:51:39 17 79.82 39.9675
2024_0416_04:52:00 17 0.2075 -0.285
2024_0416_04:52:01 17 9.5175 20.09
2024_0416_04:52:51 17 79.29 77.77
2024_0416_04:53:03 17 -0.9 1.37
2024_0416_04:53:15 17 4.8975 16.235
2024_0416_04:53:46 17 -19.42 19.1475
2024_0416_04:54:09 17 -0.385 -0.67
2024_0416_04:54:45 17 49.415 48.3275
2024_0416_04:54:57 17 -0.155 0.2625
2024_0416_04:55:19 17 99.145 93.63
2024_0416_04:55:23 17 96.76 88.9725
2024_0416_04:56:32 17 9.9225 -10.3275
2024_0416_04:56:34 17 -9.815 9.9625
2024_0416_04:56:40 17 16.6 17.275
2024_0416_04:57:36 17 -1.36 0.4325
2024_0416_04:58:00 17 -8.175 8.6925
2024_0416_04:58:03 17 12.7 -12.7525
2024_0416_04:58:23 17 -1.005 0.26
2024_0416_04:58:56 17 86.9975 94.43
2024_0416_04:59:21 17 -5.5925 5.4725
2024_0416_04:59:36 17 31.5825 13.8775
2024_0416_04:59:44 17 0.2475 -1.1375
2024_0416_05:00:13 17 -0.095 0.23
2024_0416_05:00:57 17 98.625 96.805
2024_0416_05:01:07 17 69.23 86.9325
2024_0416_05:01:20 17 -10.0475 11.9275
2024_0416_05:01:43 17 1.59 0.395
2024_0416_05:02:33 17 0.475 0.805
2024_0416_05:02:34 17 -25.115 25.545
2024_0416_05:03:06 17 96.2225 98.75
2024_0416_05:03:59 17 -0.0275 0.2775
2024_0416_05:04:19 17 -0.3075 0.015
2024_0416_05:04:38 17 0.255 -0.1775
2024_0416_05:04:53 17 -1.085 12.7725
2024_0416_05:05:41 17 -0.7025 -0.24
2024_0416_05:05:56 17 -10.2825 10.295
2024_0416_05:06:21 17 32.16 44.635
2024_0416_05:06:58 17 2.81 -1.535
2024_0416_05:07:20 17 98.1775 94.0825
2024_0416_05:07:51 17 16.8325 16.265
2024_0416_05:08:03 17 -11.2275 10.1625
2024_0416_05:08:32 17 -0.875 -0.205
2024_0416_05:08:34 17 0.325 0.0625
2024_0416_05:08:37 17 0.6075 -0.6925
2024_0416_05:09:36 17 0.35 0.935
2024_0416_05:10:20 17 -1.0775 0.3025
2024_0416_05:10:39 17 95.5075 99.555
2024_0416_05:10:57 17 16.66 16.145
2024_0416_05:10:57 17 -0.3475 -0.4675
2024_0416_05:11:43 17 0.705 -0.2625
2024_0416_05:12:06 17 97.0675 99.225
2024_0416_05:12:14 17 -0.02 -0.4025
2024_0416_05:12:23 17 0.0675 16.625
2024_0416_05:13:17 17 0.01 0.89
2024_0416_05:13:32 17 -0.0875 0.0325
2024_0416_05:14:10 17 3.4025 1.8325
2024_0416_05:14:27 17 29.635 38.88
2024_0416_05:14:40 17 84.6475 90.245
2024_0416_05:15:03 17 0.56 0.26
2024_0416_05:15:57 17 20.3325 5.3475
2024_0416_05:16:20 17 17.5975 -12.335
2024_0416_05:16:59 18 -15.95 15.56
2024_0416_05:17:00 17 49.3975 -49.3475
2024_0416_05:17:30 18 64.2775 47.5425
2024_0416_05:17:42 18 49.9975 99.995
2024_0416_05:18:23 18 -0.055 0.675
2024_0416_05:18:28 18 47.3175 -47.52
2024_0416_05:18:41 18 99.46 84.6825
2024_0416_05:19:20 18 97.505 99.6175
2024_0416_05:19:34 18 32.3975 44.9775
2024_0416_05:19:36 18 18.94 21.1375
2024_0416_05:20:28 18 32.7 -3.13
2024_0416_05:20:49 18 99.565 49.215
2024_0416_05:20:50 18 87.95 46.715
2024_0416_05:21:24 18 49.945 -0.5625
2024_0416_05:22:22 18 0.2325 0.07
2024_0416_05:22:22 18 4.54 26.37
2024_0416_05:23:00 18 -0.905 0.6
2024_0416_05:23:25 18 0.3575 0.085
2024_0416_05:23:55 18 10.3775 -3.825
2024_0416_05:24:00 18 30.27 36.34
2024_0416_05:24:30 18 98.34 96.2325
2024_0416_05:24:54 18 83.9225 92.605
2024_0416_05:25:08 18 -5.8925 45.7875
2024_0416_05:25:25 18 11.25 0.3325
2024_0416_05:25:39 18 93.8475 98.69
2024_0416_05:25:39 18 0.605 -0.8425
2024_0416_05:26:50 18 77.605 64.0675
2024_0416_05:26:56 18 99.6225 96.5025
2024_0416_05:27:14 18 4.325 -0.675
2024_0416_05:27:44 18 -0.005 0.0025
2024_0416_05:28:26 18 81.265 99.235
2024_0416_05:28:45 18 -19.825 3.025
2024_0416_05:29:09 18 0.14 0.32
2024_0416_05:29:44 18 -9.545 10.3725
2024_0416_05:30:14 18 87.5575 92.5975
2024_0416_05:30:34 18 0.74 -1.025
2024_0416_05:30:42 18 95.615 97.1875
2024_0416_05:31:13 18 -0.065 0.4975
2024_0416_05:31:28 18 -0.1775 0.21
2024_0416_05:31:30 18 19.475 -9.1925
2024_0416_05:31:51 18 82.59 98.56
2024_0416_05:33:00 18 -1.1675 -0.035
2024_0416_05:33:11 18 -3.9625 5.6825
2024_0416_05:33:37 18 64.1225 7.8575
2024_0416_05:34:29 18 99.4625 99.4425
2024_0416_05:35:09 18 13.8675 15.205
2024_0416_05:35:26 18 -1.42 -0.18
2024_0416_05:36:04 18 34.16 31.645
2024_0416_05:36:21 18 42.755 44.265
2024_0416_05:36:38 18 -0.125 -0.1075
2024_0416_05:37:03 18 -0.135 -0.2175
2024_0416_05:37:32 18 55.16 55.1975
2024_0416_05:37:34 18 0.415 0.035
2024_0416_05:37:36 18 93.47 98.815
2024_0416_05:37:51 18 98.8075 97.1625
2024_0416_05:37:57 18 2.1375 -1.0875
2024_0416_05:39:06 18 0.3475 49.145
2024_0416_05:39:32 18 -0.215 0.0825
2024_0416_05:39:43 18 50.0 33.1025
2024_0416_05:39:59 18 7.29 23.7825
2024_0416_05:40:33 18 0.3 0.1225
2024_0416_05:41:30 18 -24.3275 47.9875
2024_0416_05:41:34 18 85.665 65.8075
2024_0416_05:42:22 18 -0.74 23.4975
2024_0416_05:42:25 18 48.2975 49.1775
2024_0416_05:42:41 18 99.9975 49.995
2024_0416_05:43:38 18 99.3875 55.96
2024_0416_05:43:41 18 -0.9225 -0.0225
2024_0416_05:44:01 18 99.515 87.9175
2024_0416_05:44:14 18 92.91 94.84
2024_0416_05:44:19 18 -37.02 38.15
2024_0416_05:44:24 18 0.54 1.27
2024_0416_05:45:09 18 30.66 37.3225
2024_0416_05:45:53 18 87.99 29.7825
2024_0416_05:46:07 18 48.7675 99.52
2024_0416_05:46:36 18 8.9975 81.895
2024_0416_05:46:42 18 36.3825 76.1725
2024_0416_05:47:39 18 -20.215 20.1075
2024_0416_05:47:55 18 -11.7225 12.095
2024_0416_05:48:32 18 99.4425 55.3925
2024_0416_05:48:40 18 0.0075 0.75
2024_0416_05:49:17 18 40.1175 94.655
2024_0416_05:49:43 18 96.755 99.3375
2024_0416_05:50:22 18 1.13 1.4825
2024_0416_05:50:34 18 0.79 0.185
2024_0416_05:50:49 18 98.9875 99.4625
2024_0416_05:51:10 18 16.47 7.3525
2024_0416_05:52:09 18 -13.045 12.31
2024_0416_05:52:33 18 81.9625 95.5875
2024_0416_05:52:56 18 18.5 19.19
2024_0416_05:52:59 18 -1.1725 0.6525
2024_0416_05:53:56 18 -0.46 -0.1775
2024_0416_05:54:07 18 -3.1775 2.6025
2024_0416_05:54:17 18 98.4675 95.15
2024_0416_05:54:41 18 5.6325 23.78
2024_0416_05:55:01 18 0.0 0.0
2024_0416_05:55:25 18 95.0625 97.8125
2024_0416_05:55:56 18 96.39 80.57
2024_0416_05:56:15 18 83.595 81.91
2024_0416_05:56:41 18 97.4775 97.66
2024_0416_05:57:03 18 43.245 -0.465
2024_0416_05:57:12 18 0.01 -0.055
2024_0416_05:57:21 18 -2.3425 48.9625
2024_0416_05:59:05 18 -1.11 -0.3725
2024_0416_05:59:09 18 13.535 13.1575
2024_0416_05:59:15 18 14.3175 12.2425
2024_0416_05:59:18 18 -0.3025 -1.6
2024_0416_06:00:18 18 81.7375 99.1675
2024_0416_06:00:19 18 10.1875 -10.66
2024_0416_06:00:49 18 94.085 84.0425
2024_0416_06:00:54 18 0.555 -0.5475
2024_0416_06:01:23 18 99.64 90.8475
2024_0416_06:01:28 18 0.405 -0.0175
2024_0416_06:02:03 18 17.23 11.735
2024_0416_06:02:51 18 59.825 49.885
2024_0416_06:02:52 18 91.745 91.045
2024_0416_06:03:31 18 14.93 13.5025
2024_0416_06:03:34 18 94.525 95.4375
2024_0416_06:03:38 18 49.995 -49.995
2024_0416_06:05:13 18 9.0925 7.8925
2024_0416_06:05:26 18 99.99 -99.965
2024_0416_06:05:46 18 -0.3525 0.465
2024_0416_06:05:55 18 50.125 93.855
2024_0416_06:06:28 18 99.2325 99.0325
2024_0416_06:06:46 18 11.365 -6.3
2024_0416_06:07:01 18 0.5725 -0.1125
2024_0416_06:07:05 18 0.105 -0.235
2024_0416_06:07:31 18 -3.7025 3.685
2024_0416_06:07:33 18 0.195 -0.6175
2024_0416_06:08:13 18 28.695 -4.5325
2024_0416_06:08:58 18 98.625 97.1675
2024_0416_06:09:22 18 94.38 97.37
2024_0416_06:09:40 18 0.0825 0.6425
2024_0416_06:10:03 18 36.6175 4.2225
2024_0416_06:10:07 18 0.025 0.5625
2024_0416_06:11:23 18 0.1675 0.19
2024_0416_06:11:51 18 0.94 0.355
2024_0416_06:12:10 18 -0.8975 0.335
2024_0416_06:12:20 18 54.96 57.195
2024_0416_06:12:35 18 -0.545 0.3375
2024_0416_06:13:12 18 94.125 99.6125
2024_0416_06:13:40 18 69.1575 99.0875
2024_0416_06:13:41 18 97.7775 96.135
2024_0416_06:13:48 18 -0.5775 -0.1475
2024_0416_06:14:20 18 97.3425 96.925
2024_0416_06:14:40 18 -8.61 7.775
2024_0416_06:15:07 18 94.22 22.905
2024_0416_06:15:42 18 9.9225 -9.875
2024_0416_06:15:44 18 99.46 99.36
2024_0416_06:16:22 18 4.645 2.6725
2024_0416_06:16:27 18 -0.2275 -0.225
2024_0416_06:18:11 18 0.21 -0.2275
2024_0416_06:18:31 18 -46.44 45.65
2024_0416_06:18:41 18 17.22 13.8325
2024_0416_06:18:43 18 46.9825 -0.4725
2024_0416_06:19:44 18 -9.7825 9.84
2024_0416_06:19:46 18 -0.16 -0.275
2024_0416_06:20:13 18 -5.82 69.0225
2024_0416_06:20:22 18 8.27 -8.505
2024_0416_06:21:04 18 97.5925 93.775
2024_0416_06:21:10 18 6.29 14.475
2024_0416_06:22:01 18 -49.9975 -99.975
2024_0416_06:22:16 18 -1.015 0.49
2024_0416_06:22:52 19 99.34 90.99
2024_0416_06:23:17 19 -14.425 14.34
2024_0416_06:23:27 19 84.7525 48.145
2024_0416_06:24:18 19 0.1425 0.36
2024_0416_06:24:36 19 98.6825 98.935
2024_0416_06:24:53 19 94.2975 98.535
2024_0416_06:25:15 19 99.035 21.6975
2024_0416_06:25:47 19 -0.8425 1.225
2024_0416_06:25:56 19 99.1725 99.3775
2024_0416_06:26:29 19 -0.36 0.61
2024_0416_06:26:39 19 0.32 0.0175
2024_0416_06:27:18 19 -0.015 0.855
2024_0416_06:27:28 19 0.76 0.15
2024_0416_06:27:57 19 0.4575 -1.0625
2024_0416_06:28:21 19 -10.2725 9.38
2024_0416_06:28:24 19 0.325 0.1425
2024_0416_06:29:29 19 0.0275 -0.42
2024_0416_06:29:37 19 0.43 -1.2075
2024_0416_06:30:30 19 90.56 49.43
2024_0416_06:31:01 19 -0.7775 0.5625
2024_0416_06:31:23 19 99.3725 92.9
2024_0416_06:32:01 19 49.7175 48.505
2024_0416_06:32:01 19 -0.1375 0.7
2024_0416_06:32:01 19 -0.3925 0.34
2024_0416_06:32:38 19 -0.3325 0.3775
2024_0416_06:33:03 19 -0.56 -0.73
2024_0416_06:33:24 19 4.16 84.3275
2024_0416_06:33:24 19 38.09 80.74
2024_0416_06:34:16 19 14.395 -14.7225
2024_0416_06:34:47 19 24.045 7.5225
2024_0416_06:35:40 19 53.05 63.7775
2024_0416_06:36:05 19 4.71 5.05
2024_0416_06:36:40 19 7.54 -1.0425
2024_0416_06:37:48 19 -0.62 -0.4575
2024_0416_06:37:50 19 -0.305 -0.0075
2024_0416_06:38:05 19 -0.6125 -0.045
2024_0416_06:38:11 19 -18.53 -8.54
2024_0416_06:38:25 19 -0.125 -0.125
2024_0416_06:38:53 19 12.55 11.2975
2024_0416_06:39:18 19 2.2175 -1.6175
2024_0416_06:39:30 19 99.54 86.4775
2024_0416_06:39:47 19 16.3475 -16.2
2024_0416_06:40:21 19 16.655 -16.6925
2024_0416_06:41:09 19 46.605 49.5025
2024_0416_06:41:46 19 3.735 -12.9425
2024_0416_06:41:54 19 -0.1475 0.2125
2024_0416_06:42:27 19 1.5825 -2.4775
2024_0416_06:42:50 19 48.5675 95.1775
2024_0416_06:42:58 19 -6.6025 11.9975
2024_0416_06:44:00 19 0.25 46.5075
2024_0416_06:44:10 19 0.035 -0.28
2024_0416_06:44:20 19 42.1 48.6175
2024_0416_06:44:33 19 98.7325 69.1225
2024_0416_06:44:54 19 0.0225 -0.0925
2024_0416_06:45:27 19 47.4825 98.6
2024_0416_06:45:50 19 0.22 0.1075
2024_0416_06:46:22 19 20.6825 -20.3125
2024_0416_06:46:29 19 99.55 99.35
2024_0416_06:47:36 19 10.3 8.0025
2024_0416_06:47:53 19 14.3575 6.635
2024_0416_06:48:21 19 -12.0575 8.51
2024_0416_06:48:51 19 47.6275 26.0825
2024_0416_06:49:08 19 -1.0025 0.7725
2024_0416_06:49:09 19 77.77 99.395
2024_0416_06:50:07 19 -0.69 0.83
2024_0416_06:50:34 19 -0.17 0.1
2024_0416_06:50:34 19 48.7475 90.1575
2024_0416_06:50:55 19 -49.9875 50.0
2024_0416_06:51:02 19 -0.27 9.1575
2024_0416_06:51:45 19 -0.415 -0.1875
2024_0416_06:52:27 19 -0.84 0.9
2024_0416_06:52:37 19 49.2 -49.4975
2024_0416_06:52:50 19 0.515 -0.2525
2024_0416_06:54:04 19 -0.5525 0.745
2024_0416_06:54:40 20 0.7375 0.9975
2024_0416_06:55:18 20 95.4925 27.5975
2024_0416_06:55:21 20 98.7025 99.2675
2024_0416_06:55:25 20 20.61 7.89
2024_0416_06:56:23 20 0.1825 0.345
2024_0416_06:56:46 20 46.055 45.87
2024_0416_06:57:01 20 8.145 48.1175
2024_0416_06:57:04 20 -99.995 -49.9975
2024_0416_06:57:34 20 -0.035 -0.52
2024_0416_06:57:35 20 72.995 78.505
2024_0416_06:57:59 20 25.3525 48.79
2024_0416_06:58:45 20 -49.9925 100.0
2024_0416_06:58:52 20 -0.615 0.0625
2024_0416_06:59:25 20 -1.6175 9.4775
2024_0416_06:59:34 20 11.4175 37.5975
2024_0416_07:00:27 20 10.2375 6.3925
2024_0416_07:01:05 20 7.31 9.8025
2024_0416_07:01:27 20 -0.305 -1.3325
2024_0416_07:01:33 20 8.1675 10.1575
2024_0416_07:01:49 20 49.08 99.08
2024_0416_07:03:28 20 34.5425 43.21
2024_0416_07:03:30 20 96.3075 99.3525
2024_0416_07:03:46 20 99.325 80.325
2024_0416_07:03:56 20 -0.255 0.355
2024_0416_07:03:57 20 -0.1775 0.4825
2024_0416_07:04:07 20 0.075 -0.3125
2024_0416_07:04:54 20 -12.7225 13.5975
2024_0416_07:05:38 20 13.9525 2.6425
2024_0416_07:05:50 20 10.9625 -9.545
2024_0416_07:06:07 20 1.1925 0.26
2024_0416_07:06:50 20 99.5325 99.325
2024_0416_07:07:32 20 16.9475 -15.0075
2024_0416_07:07:32 20 0.0025 -0.005
2024_0416_07:08:20 20 45.0225 92.37
2024_0416_07:09:40 20 0.565 0.605
2024_0416_07:09:50 20 92.7025 98.3625
2024_0416_07:10:10 20 1.4775 -1.4875
2024_0416_07:10:15 20 84.6875 93.9675
2024_0416_07:10:21 20 -12.0525 12.6975
2024_0416_07:10:28 20 0.615 -0.5025
2024_0416_07:11:09 20 99.535 97.605
2024_0416_07:11:10 20 98.32 99.5225
2024_0416_07:11:45 20 49.9875 49.9975
2024_0416_07:11:56 20 10.885 9.3625
2024_0416_07:11:59 20 50.1125 -49.9775
2024_0416_07:12:29 20 -3.6025 4.885
2024_0416_07:13:09 20 -0.3175 0.44
2024_0416_07:13:43 20 98.195 99.295
2024_0416_07:13:56 20 0.2975 -0.555
2024_0416_07:14:49 20 47.185 1.5375
2024_0416_07:15:57 20 39.94 46.39
2024_0416_07:16:15 20 14.6225 17.3725
2024_0416_07:16:15 20 99.365 65.77
2024_0416_07:16:27 20 99.535 98.91
2024_0416_07:16:54 20 98.5525 96.645
2024_0416_07:16:57 20 -12.53 7.2025
2024_0416_07:17:22 20 15.3875 15.4075
2024_0416_07:17:33 20 -0.055 47.195
2024_0416_07:18:08 20 -0.2725 -0.225
2024_0416_07:18:12 20 0.65 -0.6675
2024_0416_07:18:20 20 98.5875 97.435
2024_0416_07:19:00 20 38.1525 39.855
2024_0416_07:19:51 20 99.995 49.9975
2024_0416_07:19:56 20 14.625 15.3975
2024_0416_07:20:29 20 84.6025 73.5475
2024_0416_07:21:13 20 -20.0375 19.7825
2024_0416_07:22:05 20 51.9175 26.845
2024_0416_07:22:29 20 -9.8025 8.995
2024_0416_07:22:39 20 11.5075 -12.54
2024_0416_07:22:43 20 27.6125 4.025
2024_0416_07:23:28 20 60.5625 89.465
2024_0416_07:23:34 20 0.47 -0.4675
2024_0416_07:24:11 20 3.32 -2.105
2024_0416_07:24:19 20 97.925 96.9375
2024_0416_07:24:30 20 -0.2575 96.055
2024_0416_07:24:45 20 87.585 90.8125
2024_0416_07:25:28 20 -0.33 -0.4325
2024_0416_07:26:10 20 -0.285 0.5875
2024_0416_07:26:30 20 17.845 10.775
2024_0416_07:26:52 20 99.995 49.9975
2024_0416_07:27:41 20 47.0525 80.8375
2024_0416_07:27:48 20 39.9625 -40.015
2024_0416_07:28:17 20 81.2475 43.36
2024_0416_07:28:38 20 60.92 60.7425
2024_0416_07:28:58 20 0.33 -0.0025
2024_0416_07:29:01 20 -0.33 0.15
2024_0416_07:29:47 20 46.7625 97.2775
2024_0416_07:29:51 20 0.165 0.33
2024_0416_07:30:22 20 24.87 -23.8925
2024_0416_07:30:42 20 0.7375 -0.005
2024_0416_07:30:44 20 48.92 -1.7875
2024_0416_07:31:07 20 9.5575 47.55
2024_0416_07:31:56 20 7.835 -8.195
2024_0416_07:32:21 20 -8.67 24.2075
2024_0416_07:32:50 2 86.4325 98.1575
2024_0416_07:33:18 9 91.7425 99.6275
2024_0416_07:33:58 13 19.825 -19.59
2024_0416_07:34:06 13 7.73 13.6425
2024_0416_07:34:21 13 95.1875 97.0525
2024_0416_07:34:42 13 12.64 -0.48
2024_0416_07:35:02 13 95.005 92.525
2024_0416_07:35:16 14 -0.3525 -0.085
2024_0416_07:35:56 14 47.6875 98.69
2024_0416_07:36:15 14 48.4175 97.8325
2024_0416_07:36:27 14 1.51 -0.49
2024_0416_07:36:47 15 -0.115 -0.635
2024_0416_07:36:57 15 91.47 93.8575
2024_0416_07:37:33 15 -0.3675 0.1825
2024_0416_07:38:23 15 95.7375 99.3225
2024_0416_07:38:27 15 -0.5175 0.245
2024_0416_07:39:10 15 0.99 -0.98
2024_0416_07:39:42 15 3.875 -3.6
2024_0416_07:40:20 15 49.135 96.395
2024_0416_07:40:27 15 -0.065 -0.2825
2024_0416_07:40:29 16 66.265 89.545
2024_0416_07:40:49 16 82.0425 81.4725
2024_0416_07:41:10 16 47.42 -6.12
2024_0416_07:41:57 16 0.0175 0.0175
2024_0416_07:42:31 16 -7.8525 63.155
2024_0416_07:42:34 16 0.7575 0.22
2024_0416_07:42:53 17 99.41 62.9325
2024_0416_07:43:03 17 96.3925 97.5475
2024_0416_07:43:56 17 -0.47 17.73
2024_0416_07:44:38 17 94.2625 95.4425
2024_0416_07:44:43 17 -0.0525 0.3975
2024_0416_07:44:53 17 48.615 -2.8775
2024_0416_07:45:35 17 16.3775 16.1075
2024_0416_07:46:42 17 91.895 99.0975
2024_0416_07:46:49 17 0.15 0.0325
2024_0416_07:46:58 18 97.8975 98.0725
2024_0416_07:47:13 18 0.405 -0.94
2024_0416_07:48:04 18 44.1575 49.1175
2024_0416_07:48:36 18 11.5975 -11.1175
2024_0416_07:48:43 18 0.0375 0.57
2024_0416_07:48:57 18 -0.135 0.715
2024_0416_07:49:01 18 98.5925 94.695
2024_0416_07:49:33 19 21.0225 -22.2525
2024_0416_07:50:17 18 16.7175 -17.5075
2024_0416_07:50:46 18 14.3925 21.8
2024_0416_07:51:06 19 10.145 -10.5125
2024_0416_07:51:14 19 25.23 -24.955
2024_0416_07:52:09 19 46.5 95.64
2024_0416_07:52:13 19 3.955 3.085
2024_0416_07:52:46 19 14.9025 -15.545
2024_0416_07:53:04 19 -0.9625 -0.3325
2024_0416_07:53:15 19 0.7975 0.7325
2024_0416_07:53:19 19 97.8375 99.0225
2024_0416_07:54:14 19 11.0875 14.2175
2024_0416_07:54:35 19 0.14 0.285
2024_0416_07:55:07 19 46.8725 -36.2875
2024_0416_07:55:07 20 53.8025 52.7825
2024_0416_07:55:35 20 -30.075 29.38
2024_0416_07:56:39 20 -0.38 -0.3925
2024_0416_07:56:51 20 -0.1475 -0.99
2024_0416_07:57:22 20 98.0675 97.18
2024_0416_07:57:39 20 0.07 -0.1625
2024_0416_07:58:26 16 -0.1225 0.725
2024_0416_07:58:27 20 8.845 2.795
2024_0416_07:58:46 17 0.0325 -0.19
2024_0416_07:58:50 18 -1.3075 95.195
2024_0416_08:03:36 17 46.3675 38.095
2024_0416_08:03:37 20 48.775 -0.5775
