0.20683000000013646 0.11868500000004831 0.027855000000003193 0.006694999999999811 0.02275500000000163 0.021925000000001377 0.020545000000000955 0.020290000000000877 0.020255000000000866 0.007929999999999762 0.0439749999999993 0.03667500000000213 0.061654999999992445 0.05844999999999369 0.06654999999999617 0.050869999999996626 0.06415999999999378 0.06262999999999225 0.04189000000000011 0.03938000000000108 
2024_0415_14:43:56 2 93.1625 97.575
2024_0415_14:43:56 7 99.6125 78.8625
2024_0415_14:43:56 11 73.675 91.525
2024_0415_14:43:57 3 82.025 99.45
2024_0415_14:43:58 8 26.75 48.575
2024_0415_14:43:59 4 45.7625 97.3125
2024_0415_14:44:00 10 53.4625 97.2
2024_0415_14:44:00 6 46.6 80.575
2024_0415_14:44:01 11 0.5 0.1875
2024_0415_14:44:06 2 48.5875 99.275
2024_0415_14:44:07 1 83.325 99.375
2024_0415_14:44:09 1 97.15 99.575
2024_0415_14:44:09 6 78.7 81.225
2024_0415_14:44:09 1 89.2 99.6125
2024_0415_14:44:14 9 97.7 99.6125
2024_0415_14:50:23 15 -4.275 -0.7125
2024_0415_14:50:24 12 26.6875 -5.475
2024_0415_14:50:25 13 -4.4625 -8.9875
2024_0415_14:50:28 15 0.8375 -1.3125
2024_0415_14:50:28 13 -49.0625 49.875
2024_0415_14:50:29 16 -0.775 0.5875
2024_0415_14:50:31 14 76.1 89.7625
2024_0415_14:50:33 17 1.125 2.225
2024_0415_14:50:35 20 -0.4125 -1.35
2024_0415_14:50:37 18 -9.7875 12.1125
2024_0415_14:50:42 5 75.2125 99.5125
2024_0415_14:50:46 17 -0.125 0.7125
2024_0415_14:50:55 20 0.5 1.0875
2024_0415_14:51:04 18 26.8375 -24.6
2024_0415_14:52:43 19 22.475 18.2875
2024_0415_14:59:08 5 99.525 85.0875
2024_0415_14:59:09 11 1.5 0.7625
2024_0415_14:59:10 1 88.3375 99.5625
2024_0415_14:59:10 3 75.7875 99.4
2024_0415_14:59:10 2 77.4125 97.125
2024_0415_14:59:11 2 75.2875 99.5
2024_0415_14:59:13 11 49.975 99.95
2024_0415_14:59:14 4 48.7 99.4125
2024_0415_14:59:18 8 39.15 48.85
2024_0415_14:59:18 7 98.2 46.8875
2024_0415_14:59:19 6 82.1625 49.5875
2024_0415_14:59:21 11 97.6875 90.025
2024_0415_14:59:21 2 48.3625 99.5875
2024_0415_14:59:24 9 93.8125 99.4625
2024_0415_14:59:24 10 48.75 99.0875
2024_0415_14:59:29 11 1.175 -0.9625
2024_0415_15:05:29 11 2.5125 -0.5
2024_0415_15:05:34 12 -17.9375 16.125
2024_0415_15:05:36 13 11.475 -12.425
2024_0415_15:05:38 15 -1.6625 40.9375
2024_0415_15:05:38 13 20.075 36.3375
2024_0415_15:05:39 13 97.5125 99.1
2024_0415_15:05:41 16 -1.725 78.7
2024_0415_15:05:43 13 80.6625 97.65
2024_0415_15:05:43 14 89.175 99.0
2024_0415_15:05:45 17 0.7625 -1.3375
2024_0415_15:05:49 19 0.6625 -1.2375
2024_0415_15:05:50 18 49.4625 99.025
2024_0415_15:05:51 20 31.4125 98.1125
2024_0415_15:05:51 20 49.8375 -49.9125
2024_0415_15:12:15 8 37.7125 96.3875
2024_0415_15:12:15 11 0.875 0.6625
2024_0415_15:12:15 6 89.7125 95.175
2024_0415_15:12:17 11 99.7125 79.275
2024_0415_15:12:19 12 99.6875 49.5125
2024_0415_15:12:19 11 68.3375 19.3875
2024_0415_15:12:20 10 77.15 99.6
2024_0415_15:12:21 9 49.775 99.5875
2024_0415_15:12:27 5 99.675 49.425
2024_0415_15:12:28 1 76.9125 99.4625
2024_0415_15:12:28 7 98.7875 72.125
2024_0415_15:12:30 3 49.425 99.0875
2024_0415_15:12:31 2 47.9625 99.425
2024_0415_15:12:32 4 47.7375 99.3625
2024_0415_15:12:33 2 48.7 98.9375
2024_0415_15:12:35 10 95.4375 99.275
2024_0415_15:18:31 12 1.4875 -0.775
2024_0415_15:18:34 13 40.9625 -4.075
2024_0415_15:18:36 13 1.325 0.6125
2024_0415_15:18:38 14 -0.025 -0.425
2024_0415_15:18:42 13 -46.85 50.2625
2024_0415_15:18:43 13 97.825 99.025
2024_0415_15:18:44 15 98.3 73.075
2024_0415_15:18:44 13 49.6125 99.275
2024_0415_15:19:00 15 65.8375 97.775
2024_0415_15:19:01 16 -13.2875 24.375
2024_0415_15:19:04 16 40.5 14.6
2024_0415_15:19:08 16 66.7875 69.2875
2024_0415_15:19:08 18 -72.35 73.55
2024_0415_15:19:08 18 -2.525 -0.5875
2024_0415_15:19:09 17 48.1375 49.6625
2024_0415_15:19:14 18 -14.35 10.15
2024_0415_15:24:48 18 -1.0625 0.025
2024_0415_15:24:53 18 -0.0125 0.05
2024_0415_15:24:55 19 24.7 -19.6625
2024_0415_15:24:57 19 9.2 63.575
2024_0415_15:25:02 20 4.5875 0.35
2024_0415_15:25:04 20 0.0625 -0.725
2024_0415_15:25:08 20 -3.425 0.3625
2024_0415_15:25:09 20 16.6375 -12.725
2024_0415_15:31:12 7 99.225 80.2875
2024_0415_15:31:13 8 77.725 47.45
2024_0415_15:31:14 2 81.025 98.1125
2024_0415_15:31:15 2 95.2625 99.175
2024_0415_15:31:16 3 86.4875 99.05
2024_0415_15:31:16 2 82.3125 99.55
2024_0415_15:31:17 2 68.3125 99.5
2024_0415_15:31:30 5 99.6875 93.275
2024_0415_15:31:30 8 66.5 81.5125
2024_0415_15:31:31 1 49.675 99.125
2024_0415_15:31:32 2 48.8875 98.6625
2024_0415_15:31:33 3 55.225 98.8
2024_0415_15:31:34 6 17.275 90.6
2024_0415_15:31:35 9 49.3125 99.5125
2024_0415_15:31:38 10 93.675 99.2875
2024_0415_15:34:17 11 47.6875 47.9375
2024_0415_15:37:13 11 2.175 0.4125
2024_0415_15:37:15 11 1.85 0.0625
2024_0415_15:37:17 11 -2.2625 -1.5125
2024_0415_15:37:18 11 0.8625 1.3
2024_0415_15:37:19 11 99.5375 61.725
2024_0415_15:37:21 11 -1.0375 -2.4
2024_0415_15:37:23 11 -50.0 -100.0
2024_0415_15:37:48 12 49.2625 49.175
2024_0415_15:37:51 12 79.4625 75.95
2024_0415_15:37:51 12 -0.7625 -0.0125
2024_0415_15:37:52 12 42.2625 98.9625
2024_0415_15:37:52 13 52.05 -48.75
2024_0415_15:37:54 12 46.525 93.7375
2024_0415_15:37:55 12 29.5625 99.275
2024_0415_15:37:59 13 90.6125 61.6375
2024_0415_15:40:23 13 41.6375 -37.8625
2024_0415_15:43:21 13 98.2125 98.725
2024_0415_15:43:23 13 0.4125 1.6625
2024_0415_15:43:24 13 0.15 0.8625
2024_0415_15:43:26 13 -0.3875 -2.6875
2024_0415_15:43:30 13 99.2875 98.575
2024_0415_15:43:33 13 -0.35 33.7625
2024_0415_15:43:35 13 36.825 26.5625
2024_0415_15:44:05 14 -1.2375 0.3375
2024_0415_15:44:08 13 99.2875 77.475
2024_0415_15:44:09 14 -1.875 -1.05
2024_0415_15:44:09 14 0.0125 -0.3375
2024_0415_15:44:12 14 -12.0625 10.325
2024_0415_15:44:14 14 97.6 98.05
2024_0415_15:44:15 14 1.6875 1.1875
2024_0415_15:44:27 14 99.25 85.725
2024_0415_15:46:29 14 39.6125 80.475
2024_0415_15:49:30 14 9.375 -1.9
2024_0415_15:49:32 14 98.75 99.725
2024_0415_15:49:34 14 -0.325 0.7125
2024_0415_15:49:36 14 98.5125 96.7375
2024_0415_15:49:45 15 0.2625 -0.5
2024_0415_15:50:05 15 -46.0875 46.65
2024_0415_15:50:28 15 0.35 2.7875
2024_0415_15:50:33 15 22.175 26.0375
2024_0415_15:50:34 15 1.925 2.5375
2024_0415_15:50:36 15 45.7625 94.575
2024_0415_15:50:36 15 -1.225 -0.525
2024_0415_15:50:37 15 99.2125 99.175
2024_0415_15:50:38 15 -0.9625 -0.7
2024_0415_15:50:46 15 0.7375 -2.0125
2024_0415_15:52:41 15 80.525 58.775
2024_0415_15:54:50 15 -2.975 1.6375
2024_0415_15:55:44 16 37.525 79.925
2024_0415_15:55:44 16 69.625 66.35
2024_0415_15:55:44 16 7.5375 -7.5875
2024_0415_15:55:46 16 -0.7 2.625
2024_0415_15:55:56 16 16.9125 -15.6875
2024_0415_15:56:17 16 5.175 10.7875
2024_0415_15:56:51 17 -0.9625 -1.0375
2024_0415_15:56:51 17 0.6625 -0.1375
2024_0415_15:56:52 16 1.7375 0.1375
2024_0415_15:56:56 17 -80.2375 79.6
2024_0415_15:56:57 17 -8.05 9.4
2024_0415_15:56:59 17 69.8875 28.4
2024_0415_15:57:08 17 -49.975 49.975
2024_0415_15:58:51 17 0.2625 0.375
2024_0415_16:00:09 17 -4.7125 13.6125
2024_0415_16:01:51 18 -50.0 -100.0
2024_0415_16:01:52 18 -10.775 36.3375
2024_0415_16:01:54 18 -49.925 -99.7375
2024_0415_16:02:09 18 57.2 -51.125
2024_0415_16:02:26 18 16.5625 -0.8625
2024_0415_16:03:08 19 19.0625 4.8
2024_0415_16:03:11 19 2.8375 -1.825
2024_0415_16:03:18 18 40.2 -40.4
2024_0415_16:03:20 19 37.1125 -5.7125
2024_0415_16:03:21 20 -3.025 68.2625
2024_0415_16:03:22 19 -43.7125 48.325
2024_0415_16:03:32 20 21.35 -1.3875
2024_0415_16:05:03 20 -0.15 -0.0625
2024_0415_16:05:08 20 -2.975 2.7875
2024_0415_16:06:03 20 -0.2125 0.5875
2024_0415_16:06:11 4 92.5375 69.1
2024_0415_16:07:51 15 -0.6875 -1.725
2024_0415_16:07:59 18 -17.0375 85.9625
2024_0415_16:08:09 18 17.975 19.725
2024_0415_16:08:35 20 -14.125 12.7875
2024_0415_16:09:04 17 24.075 -22.8375
2024_0415_16:15:12 7 99.225 48.6375
2024_0415_16:15:12 2 95.875 98.1
2024_0415_16:15:13 4 47.2125 97.6625
2024_0415_16:15:13 2 49.1125 99.4625
2024_0415_16:15:14 2 49.5375 99.725
2024_0415_16:15:15 2 49.15 99.7875
2024_0415_16:15:16 10 78.575 99.5375
2024_0415_16:15:17 10 83.525 98.9375
2024_0415_16:15:22 7 98.45 70.375
2024_0415_16:15:23 5 99.3875 82.45
2024_0415_16:15:24 1 99.375 99.4125
2024_0415_16:15:25 6 65.6125 49.6375
2024_0415_16:15:27 3 60.275 98.625
2024_0415_16:15:27 9 88.3625 98.7125
2024_0415_16:15:29 2 48.7625 99.3875
2024_0415_16:15:31 8 98.7625 79.5875
2024_0415_16:21:15 11 2.2375 -0.0875
2024_0415_16:21:18 11 0.175 -0.575
2024_0415_16:21:18 11 2.1 -0.125
2024_0415_16:21:20 11 2.175 -0.675
2024_0415_16:21:22 11 -1.475 0.4
2024_0415_16:21:22 11 99.175 80.45
2024_0415_16:21:23 11 0.8625 0.6875
2024_0415_16:21:24 11 48.9375 99.1625
2024_0415_16:21:41 11 1.4625 0.7875
2024_0415_16:21:43 12 -10.125 45.725
2024_0415_16:21:43 12 -0.35 -1.725
2024_0415_16:21:44 12 37.95 79.65
2024_0415_16:21:45 12 98.6875 42.35
2024_0415_16:21:46 12 90.775 81.525
2024_0415_16:21:50 12 0.375 -2.725
2024_0415_16:21:50 12 -0.675 1.1625
2024_0415_16:27:22 13 -0.075 2.1875
2024_0415_16:27:22 13 0.4 -0.575
2024_0415_16:27:25 13 99.975 -99.975
2024_0415_16:27:30 13 -1.8875 2.25
2024_0415_16:27:31 13 99.3875 -95.1875
2024_0415_16:27:31 13 99.6875 96.5125
2024_0415_16:27:31 13 0.975 -0.85
2024_0415_16:27:34 13 99.4875 99.0625
2024_0415_16:27:57 13 2.0625 -1.025
2024_0415_16:28:00 13 0.1125 -1.6625
2024_0415_16:28:02 14 -0.325 0.1875
2024_0415_16:28:07 13 19.55 19.0125
2024_0415_16:28:08 14 98.6 99.1625
2024_0415_16:28:12 14 97.575 98.4625
2024_0415_16:28:13 14 78.5 97.4625
2024_0415_16:28:14 14 77.85 39.0125
2024_0415_16:33:29 14 -49.975 99.8125
2024_0415_16:33:31 14 -1.225 -1.1875
2024_0415_16:33:35 14 -0.6 48.425
2024_0415_16:33:39 15 0.2875 -1.175
2024_0415_16:33:39 14 -0.7375 0.75
2024_0415_16:33:40 14 77.875 79.2
2024_0415_16:33:42 14 74.825 58.5875
2024_0415_16:33:47 15 2.2375 0.9125
2024_0415_16:34:18 15 98.0375 99.5875
2024_0415_16:34:20 15 -0.3875 0.225
2024_0415_16:34:22 15 -78.975 78.4375
2024_0415_16:34:28 15 -35.7875 48.375
2024_0415_16:34:29 15 5.1625 -1.7625
2024_0415_16:34:32 15 0.5125 -0.75
2024_0415_16:34:33 15 -0.475 0.7375
2024_0415_16:34:42 15 98.25 98.1
2024_0415_16:39:37 15 27.2 -0.0875
2024_0415_16:39:39 15 43.125 65.75
2024_0415_16:39:42 16 -7.8875 9.2875
2024_0415_16:39:43 16 -0.55 0.275
2024_0415_16:39:47 16 -3.1 -0.925
2024_0415_16:39:51 16 15.275 10.475
2024_0415_16:39:54 16 -1.5625 -1.15
2024_0415_16:39:55 16 -1.0375 0.7125
2024_0415_16:40:38 16 1.425 0.5
2024_0415_16:40:41 16 -49.9875 49.9875
2024_0415_16:40:49 17 22.5375 74.8
2024_0415_16:40:51 17 99.125 99.525
2024_0415_16:40:54 17 67.6125 72.4375
2024_0415_16:40:56 17 9.775 -9.8125
2024_0415_16:41:02 17 -0.3875 0.95
2024_0415_16:44:57 17 0.3875 0.5
2024_0415_16:45:44 18 60.425 44.7
2024_0415_16:45:46 18 -1.1125 -2.1875
2024_0415_16:46:00 18 -13.075 14.075
2024_0415_16:46:01 18 99.3125 45.2875
2024_0415_16:46:01 18 80.025 78.0
2024_0415_16:46:02 18 -1.3 -0.1625
2024_0415_16:46:05 18 -50.0 50.0
2024_0415_16:46:13 18 91.325 95.7625
2024_0415_16:46:57 18 0.05 0.925
2024_0415_16:47:02 18 -4.375 4.2125
2024_0415_16:47:07 19 1.45 1.5625
2024_0415_16:47:15 19 0.75 22.3
2024_0415_16:47:17 20 -11.3375 72.0375
2024_0415_16:47:28 20 22.35 -8.725
2024_0415_16:47:37 20 77.25 95.1125
2024_0415_16:51:35 20 -99.975 0.0
2024_0415_16:51:49 18 1.5375 -0.2375
2024_0415_16:51:49 17 91.8125 56.625
2024_0415_16:51:51 20 -1.9625 24.3875
2024_0415_16:54:48 20 99.2875 85.6875
2024_0415_17:00:55 2 49.8 98.4
2024_0415_17:00:57 2 76.625 99.2125
2024_0415_17:00:57 2 81.45 98.2
2024_0415_17:00:57 5 99.525 84.45
2024_0415_17:00:58 2 65.1875 98.8125
2024_0415_17:00:58 2 85.375 98.3
2024_0415_17:01:00 2 89.05 98.425
2024_0415_17:01:02 3 82.75 97.9625
2024_0415_17:01:09 2 63.6 98.05
2024_0415_17:01:10 1 98.3875 99.575
2024_0415_17:01:10 7 97.925 60.55
2024_0415_17:01:11 2 83.375 98.9875
2024_0415_17:01:12 2 77.025 98.1125
2024_0415_17:01:12 4 45.0625 98.75
2024_0415_17:01:13 4 49.1625 99.5875
2024_0415_17:01:13 6 93.3125 88.0375
2024_0415_17:07:01 7 83.7375 95.725
2024_0415_17:07:04 8 94.25 83.05
2024_0415_17:07:04 11 -0.0375 1.7625
2024_0415_17:07:05 8 58.3375 76.45
2024_0415_17:07:10 11 97.1625 75.175
2024_0415_17:07:10 11 98.05 70.6
2024_0415_17:07:13 10 70.6875 99.15
2024_0415_17:07:19 9 56.925 98.9375
2024_0415_17:07:27 11 -0.225 -0.65
2024_0415_17:07:28 11 -0.525 -1.8
2024_0415_17:07:29 11 -0.8 -2.25
2024_0415_17:07:29 11 2.95 -5.15
2024_0415_17:07:30 11 97.5625 98.1
2024_0415_17:07:30 11 -0.45 -0.05
2024_0415_17:07:37 11 -50.0 -99.9625
2024_0415_17:07:38 11 49.55 99.2125
2024_0415_17:13:05 11 -0.3125 -2.1375
2024_0415_17:13:12 11 47.0875 48.1
2024_0415_17:13:12 11 1.25 -1.8625
2024_0415_17:13:14 11 99.975 -99.975
2024_0415_17:13:17 11 99.5125 96.8125
2024_0415_17:13:19 11 99.675 82.65
2024_0415_17:13:30 12 97.05 99.1625
2024_0415_17:13:31 11 0.95 -0.425
2024_0415_17:13:49 12 78.825 26.6
2024_0415_17:13:50 12 79.2 27.3125
2024_0415_17:13:50 12 0.8 -0.3375
2024_0415_17:13:50 12 98.7875 93.15
2024_0415_17:13:51 12 99.2375 99.65
2024_0415_17:13:56 12 61.6625 67.375
2024_0415_17:13:57 12 0.0125 -0.375
2024_0415_17:13:58 12 47.4875 48.6
2024_0415_17:19:10 12 -2.5 0.4625
2024_0415_17:19:19 12 62.9625 88.8375
2024_0415_17:19:21 12 82.625 89.9
2024_0415_17:19:26 12 0.8 -1.8125
2024_0415_17:19:26 13 -0.3875 -0.2
2024_0415_17:19:28 12 95.8625 98.4875
2024_0415_17:19:36 13 -1.2375 -4.1375
2024_0415_17:19:38 13 -9.45 13.9125
2024_0415_17:20:08 13 48.4875 94.15
2024_0415_17:20:12 13 98.125 97.3
2024_0415_17:20:13 13 84.9375 98.3
2024_0415_17:20:14 13 2.025 -0.4
2024_0415_17:20:16 13 78.5625 43.7125
2024_0415_17:20:18 13 98.6125 98.1875
2024_0415_17:20:18 13 49.4 87.375
2024_0415_17:20:20 13 99.1 48.3
2024_0415_17:25:16 13 0.5875 -1.325
2024_0415_17:25:27 13 49.125 48.85
2024_0415_17:25:35 13 77.05 49.675
2024_0415_17:25:36 13 96.825 90.3125
2024_0415_17:25:37 13 0.0 1.8875
2024_0415_17:25:41 13 1.125 1.325
2024_0415_17:25:42 13 -0.6625 -1.85
2024_0415_17:25:46 13 -49.975 49.975
2024_0415_17:26:28 13 -0.3 2.275
2024_0415_17:26:32 13 -1.4625 -0.6375
2024_0415_17:26:32 13 1.1125 -1.7375
2024_0415_17:26:35 13 46.2625 98.825
2024_0415_17:26:37 14 -0.925 -0.9375
2024_0415_17:26:38 14 -49.9625 49.9625
2024_0415_17:26:40 14 90.7 90.5
2024_0415_17:26:42 14 15.725 17.0625
2024_0415_17:31:26 14 -0.25 2.75
2024_0415_17:31:34 14 19.5 -19.725
2024_0415_17:31:44 14 -7.8625 37.675
2024_0415_17:31:48 14 37.1125 98.0875
2024_0415_17:31:50 14 91.725 97.7
2024_0415_17:31:51 14 58.15 78.9
2024_0415_17:31:54 14 5.9125 3.9
2024_0415_17:32:49 14 83.2625 49.3875
2024_0415_17:32:52 14 -49.9875 -99.975
2024_0415_17:32:54 14 99.375 48.925
2024_0415_17:32:55 14 50.6375 98.8
2024_0415_17:32:56 14 32.9625 24.15
2024_0415_17:32:56 14 -20.3625 19.3125
2024_0415_17:32:58 14 76.2 92.4875
2024_0415_17:33:06 14 98.2375 41.2875
2024_0415_17:34:37 14 16.025 15.3625
2024_0415_17:37:39 15 2.8125 -1.925
2024_0415_17:37:40 14 12.8375 21.2
2024_0415_17:37:53 15 75.15 61.0875
2024_0415_17:37:57 15 27.5 -27.5625
2024_0415_17:37:58 15 11.85 12.825
2024_0415_17:38:00 15 -95.575 99.9
2024_0415_17:38:04 15 89.8375 46.0625
2024_0415_17:39:11 15 89.125 73.875
2024_0415_17:39:16 15 90.8 72.475
2024_0415_17:39:16 15 -1.775 -1.925
2024_0415_17:39:17 15 0.1625 1.825
2024_0415_17:39:23 15 -2.0875 -0.475
2024_0415_17:39:24 15 -0.7375 0.35
2024_0415_17:39:26 15 -10.325 10.825
2024_0415_17:39:39 15 46.4 -1.05
2024_0415_17:40:40 15 1.075 -0.3375
2024_0415_17:43:42 15 1.2125 0.375
2024_0415_17:43:52 15 80.5375 68.45
2024_0415_17:43:59 15 -1.775 -0.2375
2024_0415_17:44:02 15 -0.3125 1.425
2024_0415_17:44:04 15 -0.1125 -2.2
2024_0415_17:44:08 15 98.7125 91.6875
2024_0415_17:44:11 15 -0.45 -0.4
2024_0415_17:45:33 16 -2.175 0.4125
2024_0415_17:45:36 16 1.525 1.2375
2024_0415_17:45:36 16 -0.4 -0.15
2024_0415_17:45:38 16 -10.05 11.15
2024_0415_17:45:43 16 1.45 -1.9
2024_0415_17:45:48 16 75.8 18.9875
2024_0415_17:45:50 16 53.275 99.3625
2024_0415_17:45:59 16 99.0 95.625
2024_0415_17:46:45 16 21.775 2.0625
2024_0415_17:49:52 16 92.925 84.825
2024_0415_17:50:06 16 8.8625 40.825
2024_0415_17:50:07 16 -8.9125 46.075
2024_0415_17:50:09 16 -0.925 -0.775
2024_0415_17:50:12 16 -8.15 7.8875
2024_0415_17:50:14 17 0.05 0.025
2024_0415_17:50:28 17 -0.475 1.35
2024_0415_17:51:58 17 -0.475 -0.7875
2024_0415_17:51:58 17 4.9625 68.8875
2024_0415_17:52:02 17 39.475 48.8375
2024_0415_17:52:04 17 -26.125 50.8375
2024_0415_17:52:09 17 -1.3875 1.8
2024_0415_17:52:12 17 20.225 77.0125
2024_0415_17:52:21 17 68.65 96.9875
2024_0415_17:52:54 17 46.225 14.3
2024_0415_17:54:21 17 2.95 -2.2875
2024_0415_17:56:01 17 59.45 -0.025
2024_0415_17:56:17 17 -3.425 -1.3875
2024_0415_17:56:24 17 14.05 12.2125
2024_0415_17:56:40 17 11.2625 12.6875
2024_0415_17:56:52 17 6.6 2.775
2024_0415_17:58:21 18 -1.325 -0.1375
2024_0415_17:58:23 18 49.35 97.15
2024_0415_17:58:24 18 80.35 98.3375
2024_0415_17:58:29 18 1.7125 -0.1
2024_0415_17:58:32 18 0.0625 0.6375
2024_0415_17:58:40 18 -0.0125 1.95
2024_0415_17:58:41 18 -0.825 -3.0375
2024_0415_17:58:42 18 -18.725 18.6125
2024_0415_17:59:05 18 -0.15 -0.0875
2024_0415_17:59:28 18 12.95 -13.075
2024_0415_18:00:47 18 98.375 99.3625
2024_0415_18:02:30 18 83.05 88.1
2024_0415_18:02:41 18 3.8125 0.15
2024_0415_18:02:54 18 3.8375 -1.7125
2024_0415_18:03:02 18 92.4625 98.3875
2024_0415_18:03:58 18 -49.7375 49.3125
2024_0415_18:04:40 18 99.975 -49.9875
2024_0415_18:04:41 18 27.65 -27.925
2024_0415_18:04:45 18 3.6875 4.55
2024_0415_18:04:52 19 83.2 -50.2875
2024_0415_18:04:53 18 88.5375 99.3
2024_0415_18:04:59 18 17.65 13.825
2024_0415_18:05:00 18 -8.975 10.775
2024_0415_18:05:15 19 19.625 -18.475
2024_0415_18:05:16 19 -3.65 -1.0625
2024_0415_18:07:10 19 82.225 97.6625
2024_0415_18:08:39 19 49.6625 49.0375
2024_0415_18:08:53 19 84.8125 86.5625
2024_0415_18:09:11 20 33.3375 14.3
2024_0415_18:09:18 20 -0.5 -4.375
2024_0415_18:10:15 20 84.125 60.075
2024_0415_18:11:03 20 5.275 -8.3125
2024_0415_18:11:03 20 48.7125 0.8375
2024_0415_18:11:07 20 97.95 49.25
2024_0415_18:11:11 20 0.0875 0.1375
2024_0415_18:11:16 20 -13.275 16.8625
2024_0415_18:11:19 20 -0.7375 0.0375
2024_0415_18:11:27 20 39.825 75.6875
2024_0415_18:11:32 20 1.625 1.6875
2024_0415_18:11:38 20 -0.5375 45.8
2024_0415_18:13:25 20 -99.975 49.9875
2024_0415_18:14:47 14 87.0875 98.7375
2024_0415_18:15:03 17 15.1375 -14.8375
2024_0415_18:15:07 15 98.1625 98.1
2024_0415_18:15:24 17 13.825 -13.625
2024_0415_18:15:34 17 10.6 -10.225
2024_0415_18:16:18 17 -0.1625 -4.125
2024_0415_18:17:02 17 14.3875 -12.125
2024_0415_18:17:11 18 -0.575 -0.375
2024_0415_18:17:12 19 47.7125 47.0125
2024_0415_18:17:22 20 56.4625 89.4875
2024_0415_18:23:34 8 66.9125 46.25
2024_0415_18:23:35 2 68.325 99.55
2024_0415_18:23:37 2 96.6375 99.7375
2024_0415_18:23:38 7 98.375 68.875
2024_0415_18:23:38 6 57.1 67.8625
2024_0415_18:23:39 3 86.45 99.1875
2024_0415_18:23:44 4 83.5375 98.975
2024_0415_18:23:52 2 47.05 99.7
2024_0415_18:23:53 2 48.9875 97.1
2024_0415_18:24:05 7 98.525 49.7875
2024_0415_18:24:10 1 58.65 99.4
2024_0415_18:24:22 2 97.025 99.475
2024_0415_18:24:24 4 75.8625 98.3
2024_0415_18:24:26 5 99.525 79.85
2024_0415_18:24:29 2 86.125 98.9
2024_0415_18:24:39 2 48.25 99.625
2024_0415_18:29:52 8 63.475 91.6
2024_0415_18:29:55 11 72.15 38.375
2024_0415_18:29:55 9 49.2375 99.4375
2024_0415_18:29:57 10 48.2375 99.35
2024_0415_18:29:59 11 -49.975 -99.95
2024_0415_18:30:01 11 -0.6 -0.4375
2024_0415_18:30:03 11 99.325 -51.0875
2024_0415_18:30:08 11 -0.45 1.3875
2024_0415_18:30:13 11 45.75 85.275
2024_0415_18:30:15 11 0.2625 -0.7
2024_0415_18:30:30 11 -2.1875 0.8375
2024_0415_18:30:30 11 -0.9625 -1.1
2024_0415_18:30:31 11 97.8375 81.3625
2024_0415_18:30:36 11 -0.0375 -1.2
2024_0415_18:30:44 11 0.225 -0.85
2024_0415_18:33:22 11 -1.7 -0.2375
2024_0415_18:36:04 12 1.2125 1.0625
2024_0415_18:36:11 11 44.1375 37.425
2024_0415_18:36:12 11 -1.95 0.375
2024_0415_18:36:14 11 84.675 33.925
2024_0415_18:36:15 11 0.5375 0.425
2024_0415_18:36:19 11 48.7625 54.85
2024_0415_18:36:20 12 99.475 71.4125
2024_0415_18:36:21 12 99.275 81.3375
2024_0415_18:36:26 12 -2.675 -0.6125
2024_0415_18:36:26 12 18.65 20.8625
2024_0415_18:36:34 12 -22.375 22.25
2024_0415_18:36:35 12 37.925 79.85
2024_0415_18:36:35 12 68.5375 47.7875
2024_0415_18:36:39 12 -0.4375 -1.3375
2024_0415_18:36:46 12 0.1625 0.375
2024_0415_18:39:46 12 -0.0125 0.9125
2024_0415_18:42:10 12 48.5375 48.8875
2024_0415_18:42:20 13 -1.225 -1.775
2024_0415_18:42:22 13 0.6 0.675
2024_0415_18:42:31 13 -0.75 0.3125
2024_0415_18:42:35 13 79.15 46.7375
2024_0415_18:42:36 13 97.8875 99.0
2024_0415_18:42:39 13 -0.2125 1.85
2024_0415_18:42:40 13 35.625 -10.575
2024_0415_18:42:41 12 43.6 45.825
2024_0415_18:42:42 13 -0.4375 -1.7875
2024_0415_18:42:44 13 -1.5125 1.025
2024_0415_18:42:44 13 58.125 97.3125
2024_0415_18:42:48 13 79.7375 80.3625
2024_0415_18:42:48 13 0.2125 0.4125
2024_0415_18:42:57 13 -0.5625 2.625
2024_0415_18:46:09 13 -99.975 99.975
2024_0415_18:48:15 13 -49.975 49.975
2024_0415_18:48:22 13 -0.5375 -1.5375
2024_0415_18:48:24 13 -0.4375 0.6625
2024_0415_18:48:42 13 35.05 24.975
2024_0415_18:48:47 14 -1.525 1.075
2024_0415_18:48:47 13 43.025 97.7625
2024_0415_18:48:49 14 -49.9875 49.9875
2024_0415_18:48:51 13 4.625 2.675
2024_0415_18:48:53 13 -1.025 -1.825
2024_0415_18:48:56 14 93.6125 49.5875
2024_0415_18:48:56 13 11.9625 -11.125
2024_0415_18:48:59 13 -0.2 2.6
2024_0415_18:49:02 14 -0.025 -1.4625
2024_0415_18:49:06 14 1.2625 1.4875
2024_0415_18:49:20 14 42.675 9.925
2024_0415_18:52:33 14 13.7625 7.5625
2024_0415_18:54:17 14 -1.6625 -1.725
2024_0415_18:54:28 14 -6.175 55.85
2024_0415_18:54:29 14 -0.725 2.7
2024_0415_18:54:46 14 13.7375 34.125
2024_0415_18:54:53 14 -2.775 1.2625
2024_0415_18:54:54 14 25.325 18.075
2024_0415_18:54:59 14 39.175 99.0875
2024_0415_18:55:01 14 57.7625 97.3875
2024_0415_18:55:12 14 -0.9625 0.0625
2024_0415_18:55:16 14 -93.325 99.975
2024_0415_18:55:17 14 89.6875 73.375
2024_0415_18:55:22 14 0.5625 -0.4125
2024_0415_18:55:24 14 -19.5125 20.1375
2024_0415_18:55:28 14 10.5875 45.7125
2024_0415_18:55:47 14 49.9375 -47.0375
2024_0415_18:59:01 15 22.9375 49.0375
2024_0415_19:00:26 15 91.4125 76.475
2024_0415_19:00:28 15 -0.6125 1.4625
2024_0415_19:00:42 15 93.1 45.7
2024_0415_19:00:58 15 0.75 -1.0625
2024_0415_19:01:01 15 0.4375 -0.525
2024_0415_19:01:04 15 96.5 99.45
2024_0415_19:01:12 15 0.975 -3.0125
2024_0415_19:01:37 15 79.8875 79.125
2024_0415_19:01:43 15 30.3375 19.475
2024_0415_19:01:47 15 -2.15 0.575
2024_0415_19:01:50 15 63.4375 35.0875
2024_0415_19:01:50 15 0.35 0.775
2024_0415_19:01:58 15 45.625 -25.85
2024_0415_19:02:14 15 -0.1875 0.1
2024_0415_19:04:40 15 98.5375 98.8625
2024_0415_19:05:26 15 0.8875 -2.5875
2024_0415_19:06:32 15 46.3 97.4875
2024_0415_19:06:37 15 25.6375 97.5375
2024_0415_19:06:47 15 -0.7625 0.4125
2024_0415_19:07:04 15 13.9125 15.825
2024_0415_19:07:04 15 62.675 64.1
2024_0415_19:07:05 16 -0.2125 0.7625
2024_0415_19:07:59 16 0.425 0.3375
2024_0415_19:08:09 16 -2.875 47.9125
2024_0415_19:08:11 16 -8.8625 24.475
2024_0415_19:08:12 16 35.9375 99.3125
2024_0415_19:08:15 16 -0.075 0.0
2024_0415_19:08:18 16 49.975 93.3
2024_0415_19:08:21 16 25.9125 1.875
2024_0415_19:10:43 16 -21.7 88.5
2024_0415_19:10:59 16 11.3 31.65
2024_0415_19:11:56 16 33.4375 44.8875
2024_0415_19:12:47 16 47.8375 47.1125
2024_0415_19:12:53 17 51.5125 96.5375
2024_0415_19:13:08 17 -0.1875 1.5
2024_0415_19:13:16 17 76.675 70.95
2024_0415_19:13:17 17 49.9 75.9875
2024_0415_19:13:50 17 1.5875 0.225
2024_0415_19:14:21 17 0.9625 0.1875
2024_0415_19:14:35 17 2.0125 0.4125
2024_0415_19:14:35 17 5.475 15.325
2024_0415_19:14:40 17 19.95 54.1625
2024_0415_19:14:49 17 -1.775 -1.4625
2024_0415_19:16:48 17 14.6625 14.4375
2024_0415_19:17:28 17 31.925 25.025
2024_0415_19:18:04 17 -0.35 0.075
2024_0415_19:18:25 17 -1.1625 -0.1
2024_0415_19:18:52 17 44.2 -5.4875
2024_0415_19:19:00 17 99.65 -1.2125
2024_0415_19:19:08 17 -0.5125 -0.2375
2024_0415_19:19:21 18 -0.175 1.35
2024_0415_19:19:23 18 75.4625 44.3625
2024_0415_19:19:55 18 73.5625 84.6
2024_0415_19:20:45 18 48.4625 96.7375
2024_0415_19:21:05 18 -8.2375 9.3125
2024_0415_19:21:05 18 1.725 -0.6
2024_0415_19:21:07 18 49.15 -42.4375
2024_0415_19:21:26 18 -38.9125 48.6875
2024_0415_19:22:53 18 -22.0125 20.6125
2024_0415_19:23:57 18 12.15 14.7125
2024_0415_19:24:30 18 -1.1375 0.225
2024_0415_19:24:45 18 -50.0 -99.65
2024_0415_19:25:04 18 0.625 -1.3375
2024_0415_19:25:05 18 37.2625 79.775
2024_0415_19:25:07 18 0.3 0.0125
2024_0415_19:25:25 18 -99.9875 100.0
2024_0415_19:25:33 18 16.1375 14.2
2024_0415_19:25:40 18 57.5875 77.525
2024_0415_19:25:57 18 0.675 -0.9125
2024_0415_19:27:03 18 2.05 -0.7125
2024_0415_19:27:34 19 -6.7125 25.275
2024_0415_19:27:40 19 97.4625 98.975
2024_0415_19:29:00 19 1.775 -0.4375
2024_0415_19:30:27 19 -1.75 -0.9
2024_0415_19:30:56 19 24.4 -24.1125
2024_0415_19:31:13 19 -10.2125 10.325
2024_0415_19:31:14 19 11.8375 -10.3625
2024_0415_19:31:15 19 99.8 -3.175
2024_0415_19:31:28 19 0.525 2.225
2024_0415_19:31:31 19 48.425 51.8875
2024_0415_19:31:52 20 45.45 37.8625
2024_0415_19:32:04 20 30.05 49.8
2024_0415_19:32:26 20 77.9 69.25
2024_0415_19:34:03 20 0.5 -0.0125
2024_0415_19:34:07 20 1.9 14.85
2024_0415_19:34:07 20 3.7625 0.65
2024_0415_19:35:10 20 95.8875 97.825
2024_0415_19:37:01 20 7.95 -9.3375
2024_0415_19:37:20 10 99.2375 90.675
2024_0415_19:37:21 15 47.775 48.75
2024_0415_19:37:30 16 13.45 -12.3875
2024_0415_19:37:32 16 89.15 32.775
2024_0415_19:37:40 20 -59.2125 71.525
2024_0415_19:37:54 17 27.4125 28.275
2024_0415_19:38:07 17 99.9 -32.15
2024_0415_19:38:49 18 19.7125 -19.6625
2024_0415_19:38:55 18 -0.45 0.65
2024_0415_19:40:10 19 -8.0 67.3
2024_0415_19:40:21 19 84.25 97.7625
2024_0415_19:40:25 20 17.15 10.4875
2024_0415_19:40:31 20 0.8375 0.1875
2024_0415_19:41:04 20 99.5875 47.6875
2024_0415_19:41:26 20 -9.375 8.3875
2024_0415_19:43:03 16 -0.725 -0.9625
2024_0415_19:49:09 2 48.175 98.2125
2024_0415_19:49:09 2 93.3375 99.5
2024_0415_19:49:10 2 49.025 98.8125
2024_0415_19:49:10 2 77.8875 99.6625
2024_0415_19:49:12 4 70.125 99.2125
2024_0415_19:49:12 2 47.675 99.475
2024_0415_19:49:13 3 68.6375 94.175
2024_0415_19:49:13 2 62.975 98.175
2024_0415_19:49:28 2 48.45 98.625
2024_0415_19:49:28 2 48.7875 99.0125
2024_0415_19:49:28 1 51.6625 99.7375
2024_0415_19:49:28 1 62.9 99.5875
2024_0415_19:49:29 2 48.85 99.4875
2024_0415_19:49:31 2 98.925 99.6125
2024_0415_19:49:31 2 48.8125 99.2875
2024_0415_19:49:32 3 47.9125 96.6375
2024_0415_19:55:17 7 93.95 99.2625
2024_0415_19:55:17 8 59.6375 61.625
2024_0415_19:55:18 8 93.1125 81.725
2024_0415_19:55:18 4 44.575 97.225
2024_0415_19:55:18 6 94.525 99.05
2024_0415_19:55:19 7 88.675 97.4
2024_0415_19:55:22 9 98.0875 99.125
2024_0415_19:55:49 11 -93.325 99.975
2024_0415_19:55:51 11 0.65 -0.3625
2024_0415_19:55:52 11 -0.2625 -2.0
2024_0415_19:55:53 11 -3.575 42.3625
2024_0415_19:55:54 11 -0.375 -0.2125
2024_0415_19:55:55 10 49.2375 98.7
2024_0415_19:55:55 10 47.8125 99.45
2024_0415_19:55:57 11 80.65 98.775
2024_0415_19:59:54 11 -50.2375 49.9375
2024_0415_20:01:21 11 73.9 74.3875
2024_0415_20:01:22 11 0.8375 -1.85
2024_0415_20:01:22 11 95.175 46.1125
2024_0415_20:01:23 11 -0.175 0.1
2024_0415_20:01:25 11 99.575 80.175
2024_0415_20:01:25 11 99.4125 99.725
2024_0415_20:01:29 11 99.5 59.175
2024_0415_20:02:13 11 0.425 0.95
2024_0415_20:02:13 11 1.1625 -0.375
2024_0415_20:02:15 11 1.2875 -0.95
2024_0415_20:02:16 11 0.275 -1.7875
2024_0415_20:02:19 11 89.7 46.1375
2024_0415_20:02:21 11 1.65 0.175
2024_0415_20:02:26 11 -0.2 -1.9
2024_0415_20:02:28 11 1.05 0.95
2024_0415_20:06:00 11 49.5875 95.6125
2024_0415_20:07:24 11 82.925 56.1
2024_0415_20:07:26 11 48.775 92.3375
2024_0415_20:07:30 11 48.6 95.3375
2024_0415_20:07:31 11 88.5875 76.5875
2024_0415_20:07:31 12 -1.9875 1.6375
2024_0415_20:07:36 11 19.8 16.825
2024_0415_20:07:38 12 72.575 96.1875
2024_0415_20:08:37 12 0.2 0.1625
2024_0415_20:08:37 12 -0.475 0.1
2024_0415_20:08:38 12 95.5625 90.75
2024_0415_20:08:39 12 37.15 93.95
2024_0415_20:08:42 12 -1.1625 -2.5375
2024_0415_20:08:47 12 99.2875 99.3125
2024_0415_20:08:51 12 -0.8625 -2.075
2024_0415_20:08:52 12 0.95 -2.4375
2024_0415_20:12:08 12 98.5875 75.0375
2024_0415_20:13:28 12 0.625 2.3125
2024_0415_20:13:28 12 -0.6125 1.7
2024_0415_20:13:37 12 95.2 99.575
2024_0415_20:13:37 12 19.8125 8.65
2024_0415_20:13:43 12 98.3 49.5875
2024_0415_20:13:43 12 -0.0375 2.4625
2024_0415_20:13:44 12 1.15 0.3625
2024_0415_20:14:58 12 0.0125 2.525
2024_0415_20:14:59 12 1.425 -1.15
2024_0415_20:15:03 12 -49.975 49.975
2024_0415_20:15:09 13 37.425 24.75
2024_0415_20:15:12 13 51.8 88.2625
2024_0415_20:15:13 13 0.85 -1.2125
2024_0415_20:15:20 13 87.925 49.7
2024_0415_20:15:21 13 95.6375 46.3125
2024_0415_20:18:12 13 -0.075 -1.8625
2024_0415_20:19:32 13 0.2625 -0.7375
2024_0415_20:19:36 13 81.225 95.3875
2024_0415_20:19:44 13 -99.975 -99.975
2024_0415_20:19:45 13 72.425 97.8875
2024_0415_20:19:47 13 28.6875 96.4375
2024_0415_20:19:50 13 0.4625 0.95
2024_0415_20:19:52 13 99.3625 96.075
2024_0415_20:21:23 13 -1.7125 0.375
2024_0415_20:21:25 13 -49.975 -99.95
2024_0415_20:21:31 13 72.3875 97.775
2024_0415_20:21:34 13 10.25 -9.9125
2024_0415_20:21:36 13 -0.3125 0.4625
2024_0415_20:21:38 13 28.0875 74.4125
2024_0415_20:21:47 13 54.1875 98.8875
2024_0415_20:21:48 13 99.4 94.35
2024_0415_20:24:19 13 94.7 78.9625
2024_0415_20:25:38 13 -1.6125 1.1875
2024_0415_20:25:38 13 -0.2375 0.825
2024_0415_20:25:51 13 -49.9875 49.9875
2024_0415_20:25:53 13 10.8 -11.55
2024_0415_20:25:55 13 92.125 47.3125
2024_0415_20:25:56 13 -5.8 42.6125
2024_0415_20:25:57 13 35.3 46.3
2024_0415_20:27:46 13 -1.8125 0.2875
2024_0415_20:27:52 13 72.8875 61.4
2024_0415_20:27:56 13 -0.9875 0.925
2024_0415_20:28:00 13 87.1 76.425
2024_0415_20:28:00 14 96.3125 98.3625
2024_0415_20:28:02 14 -0.4625 0.9125
2024_0415_20:28:11 14 -0.075 -1.4625
2024_0415_20:28:17 14 91.3125 47.45
2024_0415_20:30:24 14 -0.1125 1.1375
2024_0415_20:31:45 14 58.775 99.4125
2024_0415_20:31:47 14 -23.475 20.875
2024_0415_20:31:55 14 -1.0875 1.2125
2024_0415_20:31:58 14 49.9375 -49.9625
2024_0415_20:32:03 14 -18.35 -1.1375
2024_0415_20:32:03 14 48.6875 95.6625
2024_0415_20:32:04 14 -99.825 -99.925
2024_0415_20:34:10 14 -9.2875 11.1375
2024_0415_20:34:23 14 -2.4 -0.9625
2024_0415_20:34:24 14 -0.175 0.9
2024_0415_20:34:24 14 99.0125 48.6
2024_0415_20:34:26 14 -14.7125 13.8125
2024_0415_20:34:27 14 50.725 80.05
2024_0415_20:34:28 14 1.175 1.5
2024_0415_20:34:44 14 99.1875 98.35
2024_0415_20:36:28 14 -0.9 -1.7125
2024_0415_20:37:52 14 45.725 57.6875
2024_0415_20:38:02 14 1.9375 -1.1375
2024_0415_20:38:06 14 90.1625 87.4125
2024_0415_20:38:09 14 12.8875 12.325
2024_0415_20:38:10 14 -0.0625 -2.0375
2024_0415_20:38:11 14 91.2125 86.4
2024_0415_20:38:14 14 75.7875 88.2625
2024_0415_20:40:30 15 99.975 -99.975
2024_0415_20:40:47 14 0.6875 1.0625
2024_0415_20:40:51 14 92.9625 37.1125
2024_0415_20:41:12 15 1.0375 -8.3
2024_0415_20:41:34 15 49.6125 16.575
2024_0415_20:42:41 15 0.0875 0.2625
2024_0415_20:43:59 15 -0.2875 0.125
2024_0415_20:43:59 15 -0.275 -0.525
2024_0415_20:44:07 15 0.4 2.0625
2024_0415_20:44:15 15 49.95 -49.9875
2024_0415_20:44:19 15 99.3625 99.6125
2024_0415_20:44:23 15 50.0 -50.0
2024_0415_20:44:36 15 -8.3625 11.2125
2024_0415_20:45:07 15 0.5875 -0.25
2024_0415_20:46:37 15 -0.3125 -0.15
2024_0415_20:47:12 15 1.125 1.9875
2024_0415_20:47:13 15 15.95 44.8625
2024_0415_20:47:16 15 -1.775 0.7
2024_0415_20:47:35 15 -0.45 48.3375
2024_0415_20:47:57 15 1.6625 -0.225
2024_0415_20:48:48 15 18.85 -6.6875
2024_0415_20:49:12 15 1.375 1.25
2024_0415_20:50:06 15 -0.7125 -0.7375
2024_0415_20:50:16 15 93.4375 94.1625
2024_0415_20:50:27 15 0.1625 0.275
2024_0415_20:50:28 15 75.4875 98.975
2024_0415_20:50:33 15 0.7375 -1.4
2024_0415_20:50:35 15 41.5625 99.475
2024_0415_20:51:00 15 0.1 0.4875
2024_0415_20:52:49 15 28.125 98.9375
2024_0415_20:53:35 15 14.225 21.1125
2024_0415_20:53:35 15 0.0125 0.35
2024_0415_20:53:49 15 -1.825 3.6
2024_0415_20:54:03 15 55.6375 71.9875
2024_0415_20:54:22 15 96.7625 80.825
2024_0415_20:55:02 16 47.525 96.125
2024_0415_20:55:25 16 49.5625 99.2
2024_0415_20:56:16 16 45.575 -0.925
2024_0415_20:56:24 16 49.6625 47.8
2024_0415_20:56:41 16 54.85 93.5125
2024_0415_20:56:51 16 20.5375 0.8375
2024_0415_20:56:53 16 43.675 48.6125
2024_0415_20:57:00 16 43.4625 80.1375
2024_0415_20:57:22 16 13.0625 8.6
2024_0415_20:57:30 16 1.7375 1.65
2024_0415_20:59:02 16 92.3625 98.7625
2024_0415_20:59:59 16 47.8875 89.8375
2024_0415_21:00:14 16 84.3875 35.9625
2024_0415_21:00:20 16 67.6125 98.3125
2024_0415_21:00:38 16 49.175 -43.8625
2024_0415_21:00:50 16 85.6125 88.525
2024_0415_21:01:31 16 0.6375 -0.775
2024_0415_21:02:25 16 2.4625 1.6125
2024_0415_21:02:34 16 95.2625 95.5875
2024_0415_21:02:54 16 22.175 7.4125
2024_0415_21:03:07 17 7.9625 -7.225
2024_0415_21:03:16 16 -3.325 48.675
2024_0415_21:03:19 16 38.95 42.75
2024_0415_21:03:56 17 99.6875 75.5
2024_0415_21:03:58 17 0.175 -0.7
2024_0415_21:05:14 17 52.85 -1.65
2024_0415_21:06:27 17 8.1625 -7.3875
2024_0415_21:06:39 17 20.3875 -1.05
2024_0415_21:06:45 17 16.675 -3.75
2024_0415_21:06:55 17 15.8875 -16.1125
2024_0415_21:07:04 17 88.3375 70.8875
2024_0415_21:07:22 17 62.7 -26.3625
2024_0415_21:07:41 17 7.75 -7.3375
2024_0415_21:08:34 17 -1.5125 -0.35
2024_0415_21:08:45 17 49.625 42.475
2024_0415_21:09:12 17 95.3875 45.4125
2024_0415_21:09:20 17 48.725 99.575
2024_0415_21:09:25 17 89.0125 98.6625
2024_0415_21:09:47 17 86.7875 90.3625
2024_0415_21:10:19 17 -0.2875 0.5625
2024_0415_21:10:27 17 98.3875 69.4625
2024_0415_21:11:21 17 2.1 -0.275
2024_0415_21:12:57 17 1.825 -0.15
2024_0415_21:13:03 17 -0.4125 0.95
2024_0415_21:13:10 17 38.2375 37.925
2024_0415_21:13:15 17 78.7875 89.775
2024_0415_21:13:32 17 -0.8375 2.95
2024_0415_21:13:48 17 2.225 1.3375
2024_0415_21:13:51 17 43.4125 99.475
2024_0415_21:14:49 17 1.35 7.6375
2024_0415_21:14:56 18 6.55 24.3875
2024_0415_21:15:32 18 1.725 0.325
2024_0415_21:15:34 18 38.9 85.1625
2024_0415_21:15:35 18 49.4125 99.3375
2024_0415_21:16:13 18 -0.05 1.1
2024_0415_21:16:48 18 81.7125 99.35
2024_0415_21:16:52 18 -11.2 9.3375
2024_0415_21:17:33 18 -1.0 -0.7625
2024_0415_21:19:14 18 46.3625 97.925
2024_0415_21:19:25 18 -0.25 0.625
2024_0415_21:19:37 18 -0.3375 0.125
2024_0415_21:19:42 18 0.6375 3.0625
2024_0415_21:19:58 18 2.05 -0.875
2024_0415_21:19:58 18 -0.7 99.825
2024_0415_21:20:18 18 94.925 98.65
2024_0415_21:21:02 18 -49.2875 48.25
2024_0415_21:21:11 18 16.825 21.55
2024_0415_21:21:39 18 -31.9625 32.3
2024_0415_21:21:41 18 44.95 9.925
2024_0415_21:21:47 18 8.5375 -2.0375
2024_0415_21:22:52 18 -1.0375 -0.0125
2024_0415_21:23:17 18 44.3125 93.15
2024_0415_21:23:19 18 1.95 0.1
2024_0415_21:23:44 18 96.15 87.4
2024_0415_21:25:21 18 2.025 -0.75
2024_0415_21:25:55 18 49.0625 95.7125
2024_0415_21:26:04 18 98.1875 99.35
2024_0415_21:26:08 18 5.1625 -3.5625
2024_0415_21:26:08 18 13.4375 16.0875
2024_0415_21:26:28 18 90.5 97.6375
2024_0415_21:26:41 18 46.1375 49.4
2024_0415_21:27:12 18 0.5875 0.5875
2024_0415_21:27:32 18 77.525 16.3875
2024_0415_21:27:45 19 -50.0125 49.975
2024_0415_21:27:51 19 47.0375 -3.95
2024_0415_21:27:52 19 49.95 -49.725
2024_0415_21:29:21 19 -1.2625 0.575
2024_0415_21:29:44 19 16.225 -15.3875
2024_0415_21:29:44 19 -47.8375 49.9875
2024_0415_21:30:08 19 -1.2875 24.0875
2024_0415_21:31:28 19 -99.975 99.975
2024_0415_21:32:14 19 79.65 -79.6
2024_0415_21:32:31 19 -50.5625 50.05
2024_0415_21:32:34 19 83.0125 48.5625
2024_0415_21:32:37 19 2.1875 2.7625
2024_0415_21:32:54 19 0.775 -0.2
2024_0415_21:33:07 19 99.025 99.05
2024_0415_21:33:19 19 0.9875 1.375
2024_0415_21:33:55 19 -0.325 -0.35
2024_0415_21:33:55 19 -1.0 1.3875
2024_0415_21:34:12 19 -0.925 0.3375
2024_0415_21:35:53 20 1.1625 -0.9875
2024_0415_21:36:09 20 97.5125 71.625
2024_0415_21:36:18 20 8.0125 13.025
2024_0415_21:36:22 20 83.0125 99.5125
2024_0415_21:36:49 20 77.4375 90.4875
2024_0415_21:39:04 20 1.375 -0.9875
2024_0415_21:39:09 20 0.525 0.7625
2024_0415_21:39:22 20 99.2 67.1
2024_0415_21:39:32 20 -2.55 -0.3125
2024_0415_21:39:35 20 99.325 88.6125
2024_0415_21:39:55 20 12.4375 -12.4625
2024_0415_21:40:02 20 0.3 -1.875
2024_0415_21:40:03 20 1.2375 -0.4875
2024_0415_21:40:05 20 33.15 -0.7
2024_0415_21:40:19 20 -0.25 0.275
2024_0415_21:41:40 20 0.0375 61.45
2024_0415_21:42:18 5 94.6375 99.6125
2024_0415_21:42:22 14 49.85 96.9125
2024_0415_21:42:34 14 48.3875 44.425
2024_0415_21:42:44 14 -0.8875 -0.65
2024_0415_21:42:49 14 46.8 22.7
2024_0415_21:45:24 15 -0.7625 -1.8
2024_0415_21:45:30 18 48.5125 49.7625
2024_0415_21:45:36 16 9.075 -10.875
2024_0415_21:45:45 19 15.775 5.7125
2024_0415_21:45:59 20 97.775 77.65
2024_0415_21:49:36 20 7.1625 21.65
2024_0415_21:50:22 15 97.9375 86.475
2024_0415_21:51:09 20 90.125 99.4
2024_0415_21:57:15 2 86.3125 98.55
2024_0415_21:57:16 1 49.8625 99.375
2024_0415_21:57:17 1 98.375 99.6
2024_0415_21:57:17 2 62.4625 99.4
2024_0415_21:57:18 2 92.325 98.7625
2024_0415_21:57:18 2 78.675 99.525
2024_0415_21:57:19 2 95.3 99.5375
2024_0415_21:57:31 2 80.5125 98.9
2024_0415_21:57:32 2 83.8875 99.025
2024_0415_21:57:32 1 49.525 99.325
2024_0415_21:57:32 1 62.7875 99.55
2024_0415_21:57:32 1 92.6125 99.3375
2024_0415_21:57:33 2 95.875 99.4375
2024_0415_21:57:34 1 80.475 99.6
2024_0415_21:57:35 2 70.25 99.525
2024_0415_22:00:19 2 90.8875 97.05
2024_0415_22:03:24 2 81.4625 99.1875
2024_0415_22:03:26 2 82.125 99.3375
2024_0415_22:03:27 2 78.0375 98.9375
2024_0415_22:03:27 2 92.2375 98.125
2024_0415_22:03:29 2 98.05 98.35
2024_0415_22:03:30 2 94.35 99.3125
2024_0415_22:03:30 2 56.075 99.2375
2024_0415_22:03:53 2 91.6 99.3
2024_0415_22:03:54 2 43.95 99.5125
2024_0415_22:03:56 2 81.0625 99.2875
2024_0415_22:03:57 2 97.0375 98.5625
2024_0415_22:03:58 2 90.9 99.4
2024_0415_22:03:58 2 47.9875 97.6125
2024_0415_22:03:58 2 89.85 97.55
2024_0415_22:03:59 2 49.175 99.1
2024_0415_22:06:39 2 99.4625 99.2375
2024_0415_22:09:45 2 98.025 39.6
2024_0415_22:09:49 2 99.7625 99.15
2024_0415_22:09:51 2 99.5 82.15
2024_0415_22:09:53 2 99.5125 46.075
2024_0415_22:09:53 2 98.6375 91.9
2024_0415_22:09:53 2 98.7125 75.55
2024_0415_22:09:55 2 99.5875 81.85
2024_0415_22:10:16 2 99.1125 42.7125
2024_0415_22:10:17 2 97.475 84.625
2024_0415_22:10:18 2 97.2375 71.225
2024_0415_22:10:20 2 99.6125 98.8875
2024_0415_22:10:20 2 98.85 36.475
2024_0415_22:10:21 2 99.6375 99.225
2024_0415_22:10:21 2 99.4875 92.3
2024_0415_22:10:26 2 98.475 97.9375
2024_0415_22:12:58 2 97.4875 98.8
2024_0415_22:16:08 2 98.875 98.625
2024_0415_22:16:12 2 99.3625 99.075
2024_0415_22:16:13 2 98.0125 97.525
2024_0415_22:16:15 2 98.3375 98.5375
2024_0415_22:16:16 2 97.675 97.8
2024_0415_22:16:17 2 99.2125 98.2
2024_0415_22:16:18 2 98.5375 99.075
2024_0415_22:16:42 2 99.075 98.4375
2024_0415_22:16:45 2 97.6625 99.075
2024_0415_22:16:46 2 99.275 98.675
2024_0415_22:16:46 2 98.8625 98.9875
2024_0415_22:16:46 2 98.675 99.4375
2024_0415_22:16:47 2 99.3625 99.2
2024_0415_22:16:48 2 97.65 99.5
2024_0415_22:16:50 2 99.0125 97.55
2024_0415_22:19:21 3 89.7125 47.1375
2024_0415_22:22:31 3 65.5 45.1125
2024_0415_22:22:35 4 45.4 45.775
2024_0415_22:22:36 4 66.9125 48.225
2024_0415_22:22:38 4 86.275 63.5375
2024_0415_22:22:39 4 69.05 46.95
2024_0415_22:22:39 5 49.325 97.5125
2024_0415_22:22:40 4 94.25 49.75
2024_0415_22:23:06 5 34.275 41.3375
2024_0415_22:23:10 6 99.275 99.4375
2024_0415_22:23:11 6 99.175 99.525
2024_0415_22:23:11 6 99.0625 99.65
2024_0415_22:23:12 7 66.65 89.6875
2024_0415_22:23:14 7 78.7875 40.8375
2024_0415_22:23:15 7 89.1625 80.55
2024_0415_22:23:20 7 39.775 94.4625
2024_0415_22:25:45 7 86.6875 99.5375
2024_0415_22:28:50 8 80.5375 98.3875
2024_0415_22:28:55 8 88.775 97.2375
2024_0415_22:28:56 8 46.225 97.7
2024_0415_22:28:57 8 36.1625 98.3625
2024_0415_22:28:58 8 57.8125 98.4375
2024_0415_22:29:01 8 86.1875 98.4625
2024_0415_22:29:09 9 64.4875 53.775
2024_0415_22:29:40 9 55.35 94.8875
2024_0415_22:29:42 10 70.575 99.375
2024_0415_22:29:43 10 62.975 96.675
2024_0415_22:29:43 11 2.0375 -0.225
2024_0415_22:29:46 10 85.1375 81.9625
2024_0415_22:29:47 10 39.425 99.2625
2024_0415_22:29:53 10 90.9125 92.3375
2024_0415_22:32:05 11 0.1625 -1.4875
2024_0415_22:33:27 11 -0.8625 0.175
2024_0415_22:35:13 11 -17.0 61.2625
2024_0415_22:35:15 11 -0.8625 -1.55
2024_0415_22:35:17 11 -1.4875 0.475
2024_0415_22:35:19 11 47.9125 99.425
2024_0415_22:35:19 11 99.525 63.125
2024_0415_22:35:21 11 -0.7375 -0.7625
2024_0415_22:35:35 11 91.9 49.45
2024_0415_22:36:07 11 -49.9875 49.9875
2024_0415_22:36:07 11 0.5375 -0.3625
2024_0415_22:36:09 11 -49.9875 49.9875
2024_0415_22:36:10 11 91.8 49.6
2024_0415_22:36:11 11 1.25 -0.15
2024_0415_22:36:11 11 44.725 74.45
2024_0415_22:36:22 11 96.2375 49.6375
2024_0415_22:38:27 11 -0.8875 0.1375
2024_0415_22:39:49 11 0.425 -2.1
2024_0415_22:41:34 11 -99.875 -99.975
2024_0415_22:41:35 11 -1.4875 2.4125
2024_0415_22:41:35 11 0.4625 0.1875
2024_0415_22:41:38 11 98.1875 90.775
2024_0415_22:41:41 11 98.1625 94.5875
2024_0415_22:41:42 11 88.55 96.125
2024_0415_22:41:57 11 49.5875 97.4375
2024_0415_22:42:32 11 -1.2 1.375
2024_0415_22:42:33 11 -1.7375 -0.6625
2024_0415_22:42:34 11 -0.6125 -0.1375
2024_0415_22:42:37 11 73.0375 99.0875
2024_0415_22:42:39 11 -0.025 -0.2125
2024_0415_22:42:39 11 1.525 0.0875
2024_0415_22:42:49 11 0.275 -1.0
2024_0415_22:44:46 11 0.825 -0.425
2024_0415_22:46:14 11 0.7375 -0.5875
2024_0415_22:47:52 11 48.3375 99.075
2024_0415_22:47:53 11 0.8625 -0.675
2024_0415_22:47:54 11 98.95 97.7125
2024_0415_22:48:02 11 34.35 86.7625
2024_0415_22:48:03 11 95.55 48.25
2024_0415_22:48:06 11 -0.1875 0.825
2024_0415_22:48:20 11 93.825 96.2875
2024_0415_22:48:57 11 0.5625 0.7125
2024_0415_22:48:58 11 -0.2125 1.6375
2024_0415_22:48:59 11 -0.325 0.5625
2024_0415_22:49:00 11 0.2875 0.125
2024_0415_22:49:03 11 49.9875 -47.825
2024_0415_22:49:05 11 24.975 37.3
2024_0415_22:49:13 11 -1.2125 0.5875
2024_0415_22:51:03 11 0.25 0.8875
2024_0415_22:52:36 11 94.8 79.8125
2024_0415_22:54:10 11 0.325 0.1875
2024_0415_22:54:11 11 0.775 1.2375
2024_0415_22:54:12 11 -1.4125 -1.05
2024_0415_22:54:23 11 2.625 -1.9
2024_0415_22:54:27 11 49.975 99.95
2024_0415_22:54:30 11 -1.6 -0.1625
2024_0415_22:54:39 11 -0.0375 -1.025
2024_0415_22:55:17 11 0.9375 0.0875
2024_0415_22:55:19 11 -0.125 0.325
2024_0415_22:55:20 11 12.8125 18.0625
2024_0415_22:55:22 11 0.3375 -2.0125
2024_0415_22:55:23 11 99.65 97.1875
2024_0415_22:55:26 11 87.7375 96.0
2024_0415_22:55:32 11 1.575 -0.5875
2024_0415_22:57:23 11 0.05 1.0875
2024_0415_22:59:03 11 46.55 93.8625
2024_0415_23:00:32 11 99.6375 90.0375
2024_0415_23:00:32 11 99.075 98.975
2024_0415_23:00:34 11 22.5 -12.55
2024_0415_23:00:42 11 -98.275 100.0
2024_0415_23:00:47 11 0.0625 1.375
2024_0415_23:00:52 11 46.0125 79.775
2024_0415_23:00:59 11 -1.8625 -0.375
2024_0415_23:01:39 11 49.9875 -99.95
2024_0415_23:01:41 11 90.15 88.675
2024_0415_23:01:44 11 0.225 -0.1375
2024_0415_23:01:44 11 1.4375 1.775
2024_0415_23:01:46 11 -1.1625 1.425
2024_0415_23:01:54 11 -0.05 0.0375
2024_0415_23:02:00 11 0.3375 0.9375
2024_0415_23:03:43 11 99.3375 99.475
2024_0415_23:05:28 11 8.425 -6.375
2024_0415_23:06:50 11 -1.5125 -0.2125
2024_0415_23:06:51 11 -1.025 0.2375
2024_0415_23:06:54 11 49.9875 -99.975
2024_0415_23:07:01 11 92.3625 88.775
2024_0415_23:07:05 11 -0.325 -0.1125
2024_0415_23:07:09 11 -1.5625 0.4125
2024_0415_23:07:17 11 0.2875 -0.5
2024_0415_23:08:03 11 -0.1875 1.1125
2024_0415_23:08:10 11 -0.9125 0.1125
2024_0415_23:08:13 11 49.7875 99.0875
2024_0415_23:08:14 11 91.6 96.4625
2024_0415_23:08:21 11 -0.4625 0.325
2024_0415_23:08:23 11 -0.2875 -0.6625
2024_0415_23:08:31 11 93.425 94.625
2024_0415_23:10:03 11 47.9875 64.2125
2024_0415_23:11:51 11 44.7875 99.3875
2024_0415_23:13:08 11 -2.625 -1.0625
2024_0415_23:13:10 11 99.65 57.075
2024_0415_23:13:13 11 43.675 99.5
2024_0415_23:13:20 11 70.7625 86.6125
2024_0415_23:13:22 11 1.05 0.05
2024_0415_23:13:27 11 -1.5625 1.7625
2024_0415_23:13:39 11 -0.725 -0.7875
2024_0415_23:14:31 11 96.55 58.675
2024_0415_23:14:32 11 -0.625 -0.9
2024_0415_23:14:37 11 51.45 99.6
2024_0415_23:14:40 11 89.6 83.0875
2024_0415_23:14:47 11 64.1 99.575
2024_0415_23:14:48 11 65.575 92.3375
2024_0415_23:14:53 11 0.4875 0.575
2024_0415_23:16:20 11 0.8 -1.825
2024_0415_23:18:14 11 67.4125 7.9125
2024_0415_23:19:24 11 0.7125 -1.425
2024_0415_23:19:26 11 -1.25 1.65
2024_0415_23:19:36 11 -0.3625 0.075
2024_0415_23:19:38 11 0.4625 1.0125
2024_0415_23:19:40 11 -99.975 49.9875
2024_0415_23:19:50 11 -99.9875 50.0
2024_0415_23:19:57 11 95.5875 48.4625
2024_0415_23:20:52 11 -1.0 1.1875
2024_0415_23:20:53 11 0.05 -1.0375
2024_0415_23:21:02 11 98.975 97.425
2024_0415_23:21:07 11 -0.0125 0.7375
2024_0415_23:21:10 11 -2.9 5.7625
2024_0415_23:21:13 11 -2.1875 1.2375
2024_0415_23:21:25 11 0.525 1.0625
2024_0415_23:22:38 11 49.9875 99.975
2024_0415_23:24:38 11 1.525 -0.6375
2024_0415_23:25:42 11 49.975 99.95
2024_0415_23:25:43 11 96.825 99.5875
2024_0415_23:25:52 11 -0.8875 -2.3875
2024_0415_23:25:54 11 -1.2625 1.1
2024_0415_23:26:01 11 -1.7625 -1.3625
2024_0415_23:26:05 11 1.25 -1.7375
2024_0415_23:26:11 11 1.0375 0.5625
2024_0415_23:27:16 12 54.8625 68.9375
2024_0415_23:27:25 12 0.225 0.1375
2024_0415_23:27:29 12 78.575 99.3
2024_0415_23:27:34 12 -0.05 -0.5
2024_0415_23:27:36 12 -0.875 0.2125
2024_0415_23:27:44 12 53.575 99.125
2024_0415_23:27:53 12 96.1875 99.5
2024_0415_23:28:54 12 14.5625 15.9625
2024_0415_23:31:21 12 94.5625 81.0625
2024_0415_23:31:59 12 0.075 -1.55
2024_0415_23:32:05 12 76.2375 93.225
2024_0415_23:32:13 12 49.9875 -99.975
2024_0415_23:32:14 12 49.9875 -99.975
2024_0415_23:32:18 12 49.9875 49.9875
2024_0415_23:32:33 12 49.1125 72.2
2024_0415_23:32:39 12 90.85 61.55
2024_0415_23:33:42 12 47.3125 1.1125
2024_0415_23:33:51 12 99.4625 98.95
2024_0415_23:33:58 12 -1.55 0.1375
2024_0415_23:34:02 12 -1.5875 -1.275
2024_0415_23:34:02 12 -7.7875 39.45
2024_0415_23:34:11 12 6.5875 81.2
2024_0415_23:34:17 12 50.0 -100.0
2024_0415_23:35:10 12 -0.95 0.1875
2024_0415_23:37:49 12 92.2625 82.05
2024_0415_23:38:14 12 0.625 -0.475
2024_0415_23:38:21 12 61.8875 35.775
2024_0415_23:38:30 12 98.625 98.925
2024_0415_23:38:33 12 99.325 92.0625
2024_0415_23:38:34 12 -1.75 0.5875
2024_0415_23:38:51 12 1.7875 -1.6
2024_0415_23:38:57 12 97.6875 97.8875
2024_0415_23:40:06 12 -2.175 -1.075
2024_0415_23:40:14 12 1.85 0.0375
2024_0415_23:40:23 12 88.1375 99.5375
2024_0415_23:40:30 12 68.175 49.7375
2024_0415_23:40:31 12 90.7375 49.575
2024_0415_23:40:34 12 0.4 -0.275
2024_0415_23:40:41 12 2.175 1.5375
2024_0415_23:41:26 12 -2.3 1.225
2024_0415_23:44:14 12 2.15 0.3875
2024_0415_23:44:28 12 0.6125 -0.85
2024_0415_23:44:34 12 86.775 -1.2125
2024_0415_23:44:47 12 99.2375 42.3
2024_0415_23:44:50 12 -1.725 0.0125
2024_0415_23:44:54 12 49.85 99.925
2024_0415_23:45:06 12 -1.025 1.2
2024_0415_23:45:16 12 78.825 39.0375
2024_0415_23:46:30 12 1.2375 1.1
2024_0415_23:46:40 12 0.2375 0.1375
2024_0415_23:46:47 12 99.375 48.3875
2024_0415_23:46:54 12 95.0 64.0125
2024_0415_23:46:59 12 55.85 88.575
2024_0415_23:47:02 12 99.5375 70.775
2024_0415_23:47:03 12 -1.55 -0.7
2024_0415_23:47:44 12 99.6 88.125
2024_0415_23:50:41 12 80.2625 57.4
2024_0415_23:50:43 12 48.85 98.4875
2024_0415_23:50:52 12 99.55 49.625
2024_0415_23:51:05 12 49.425 66.35
2024_0415_23:51:06 12 4.6125 0.1
2024_0415_23:51:13 12 -20.3 17.65
2024_0415_23:51:20 12 48.9125 32.225
2024_0415_23:51:29 12 -1.0875 -0.1625
2024_0415_23:52:58 12 41.6375 99.5625
2024_0415_23:53:03 12 0.5 -0.0625
2024_0415_23:53:15 12 98.5 45.0125
2024_0415_23:53:20 12 -1.175 -0.4125
2024_0415_23:53:27 12 94.3625 83.975
2024_0415_23:53:28 12 -0.8625 1.875
2024_0415_23:53:30 12 74.1625 96.5125
2024_0415_23:53:52 12 -0.3125 -0.125
2024_0415_23:56:45 12 1.45 -0.1875
2024_0415_23:56:56 12 72.3875 70.0875
2024_0415_23:57:04 12 -0.05 -0.0625
2024_0415_23:57:05 12 37.7375 42.1375
2024_0415_23:57:09 12 27.4125 12.425
2024_0415_23:57:21 12 -1.4 -2.225
2024_0415_23:57:30 12 78.275 72.2625
2024_0415_23:57:31 12 0.5875 1.35
2024_0415_23:59:24 12 -2.2125 1.05
2024_0415_23:59:27 12 81.8 66.9375
2024_0415_23:59:42 12 0.7125 -0.3375
2024_0415_23:59:49 12 95.5375 89.05
2024_0415_23:59:50 12 99.1625 72.375
2024_0415_23:59:54 12 93.7875 87.475
2024_0415_23:59:56 12 91.75 49.45
2024_0415_23:59:58 12 -0.775 0.075
2024_0416_00:02:47 12 0.2 -2.3625
2024_0416_00:03:00 12 99.95 49.975
2024_0416_00:03:07 12 -0.85 -0.1125
2024_0416_00:03:15 12 49.55 97.0125
2024_0416_00:03:30 12 99.25 87.7625
2024_0416_00:03:32 12 0.2375 -0.9875
2024_0416_00:03:36 12 -49.875 -99.9875
2024_0416_00:03:38 12 96.7875 42.175
2024_0416_00:05:48 12 70.5 59.8625
2024_0416_00:05:56 12 96.0125 48.2875
2024_0416_00:06:06 12 99.5125 90.35
2024_0416_00:06:07 12 99.95 49.975
2024_0416_00:06:17 12 99.45 74.6
2024_0416_00:06:18 12 99.6 95.2375
2024_0416_00:06:20 12 66.3875 93.0375
2024_0416_00:06:27 12 99.325 91.75
2024_0416_00:09:01 13 90.65 97.8375
2024_0416_00:09:15 13 -25.9875 24.9125
2024_0416_00:09:29 13 -0.0125 0.5375
2024_0416_00:09:30 13 0.5125 0.3
2024_0416_00:09:49 13 2.3625 5.225
2024_0416_00:09:55 13 10.075 -9.1375
2024_0416_00:09:57 13 24.2 50.25
2024_0416_00:09:58 13 70.325 99.4
2024_0416_00:12:12 13 1.625 2.1875
2024_0416_00:12:17 13 -0.2625 -0.5125
2024_0416_00:12:19 13 -0.6375 2.1875
2024_0416_00:12:30 13 -6.625 31.1875
2024_0416_00:12:39 13 0.3125 -0.25
2024_0416_00:12:40 13 9.875 -10.6875
2024_0416_00:12:44 13 92.0 -51.5125
2024_0416_00:12:52 13 98.8 15.15
2024_0416_00:15:17 13 99.125 97.9375
2024_0416_00:15:30 13 98.5875 99.525
2024_0416_00:15:45 13 12.575 14.65
2024_0416_00:15:47 13 99.3875 48.925
2024_0416_00:16:05 13 -2.275 -0.2625
2024_0416_00:16:08 13 -0.15 -0.7125
2024_0416_00:16:15 13 40.4 23.0625
2024_0416_00:16:18 13 -49.65 50.7
2024_0416_00:18:31 13 47.6875 46.4875
2024_0416_00:18:35 13 0.9 0.6
2024_0416_00:18:43 13 19.35 49.05
2024_0416_00:18:52 13 0.5375 -0.875
2024_0416_00:19:03 13 1.9375 0.0375
2024_0416_00:19:04 13 -0.175 1.4
2024_0416_00:19:21 13 98.2875 93.55
2024_0416_00:19:24 13 -2.4875 1.0
2024_0416_00:21:35 13 1.5375 0.0125
2024_0416_00:21:51 13 -1.3125 1.575
2024_0416_00:21:57 13 -99.875 99.975
2024_0416_00:22:04 13 47.4625 47.375
2024_0416_00:22:19 13 -1.1375 -1.0125
2024_0416_00:22:27 13 -0.5625 -0.0625
2024_0416_00:22:30 13 0.025 1.9875
2024_0416_00:22:42 13 78.4875 76.8125
2024_0416_00:24:47 13 -2.0125 73.0625
2024_0416_00:24:59 13 -0.125 0.3875
2024_0416_00:25:03 13 -0.2375 1.725
2024_0416_00:25:24 13 69.9125 48.3375
2024_0416_00:25:25 13 0.1625 -0.5875
2024_0416_00:25:28 13 16.0375 16.9125
2024_0416_00:25:44 13 2.125 -0.325
2024_0416_00:25:46 13 1.575 2.0375
2024_0416_00:27:50 13 55.9375 82.15
2024_0416_00:28:10 13 84.175 99.55
2024_0416_00:28:16 13 39.8375 79.175
2024_0416_00:28:19 13 -49.9125 49.9125
2024_0416_00:28:37 13 66.7 91.3375
2024_0416_00:28:44 13 41.5625 -0.55
2024_0416_00:28:51 13 -1.7875 -0.5375
2024_0416_00:29:01 13 -6.3125 47.7875
2024_0416_00:30:57 13 1.35 1.8
2024_0416_00:31:20 13 0.025 -0.1
2024_0416_00:31:27 13 61.45 74.5875
2024_0416_00:31:41 13 -8.2125 6.6
2024_0416_00:31:42 13 0.8875 -0.45
2024_0416_00:31:52 13 73.175 63.425
2024_0416_00:32:04 13 -4.3625 21.4375
2024_0416_00:32:09 13 -24.2125 41.8875
2024_0416_00:34:04 13 -99.975 -99.975
2024_0416_00:34:24 13 0.6375 -2.5625
2024_0416_00:34:32 13 35.0625 99.5
2024_0416_00:34:41 13 49.3 -47.5375
2024_0416_00:34:56 13 98.4875 59.05
2024_0416_00:34:59 13 0.6 -1.0
2024_0416_00:35:06 13 1.6125 1.075
2024_0416_00:35:23 13 -99.95 -50.0125
2024_0416_00:37:11 13 -5.5375 39.2125
2024_0416_00:37:39 13 0.7625 0.4125
2024_0416_00:37:47 13 -9.3875 9.875
2024_0416_00:37:59 13 0.75 0.2375
2024_0416_00:38:06 13 0.675 -2.1375
2024_0416_00:38:15 13 72.8875 83.375
2024_0416_00:38:26 13 -0.4875 1.6125
2024_0416_00:38:31 13 0.8625 0.2875
2024_0416_00:40:17 13 -11.5 11.1625
2024_0416_00:40:36 13 0.8125 1.9
2024_0416_00:40:48 13 49.4875 99.4875
2024_0416_00:40:56 13 -49.95 99.925
2024_0416_00:41:11 13 16.6625 42.525
2024_0416_00:41:14 13 90.55 98.1
2024_0416_00:41:23 13 94.0625 99.7
2024_0416_00:41:48 13 76.7125 83.725
2024_0416_00:43:26 13 -1.95 -0.6
2024_0416_00:44:06 13 72.6125 99.05
2024_0416_00:44:08 13 1.0625 9.3875
2024_0416_00:44:22 13 -0.6375 42.225
2024_0416_00:44:25 13 -0.825 3.6125
2024_0416_00:44:36 13 -3.9 21.2875
2024_0416_00:44:50 13 25.5625 -0.025
2024_0416_00:44:54 13 98.6625 98.6625
2024_0416_00:46:29 13 -1.35 -0.5875
2024_0416_00:46:51 13 80.9375 99.3375
2024_0416_00:47:01 13 0.6375 -0.0375
2024_0416_00:47:12 13 -0.975 1.8375
2024_0416_00:47:24 13 -0.2375 30.0
2024_0416_00:47:30 13 -99.875 99.975
2024_0416_00:47:37 13 -3.7875 7.4375
2024_0416_00:48:12 13 0.775 0.0375
2024_0416_00:49:43 13 90.3625 43.5375
2024_0416_00:50:29 13 -0.2875 0.4
2024_0416_00:50:32 13 99.3625 89.8125
2024_0416_00:50:55 13 2.975 1.8875
2024_0416_00:51:14 13 -0.4875 -0.4
2024_0416_00:52:45 13 49.9 98.8625
2024_0416_00:53:17 13 12.5 14.425
2024_0416_00:53:30 13 70.5875 87.4
2024_0416_00:53:41 13 91.9 49.125
2024_0416_00:53:46 13 -6.7875 49.4875
2024_0416_00:53:53 13 3.7375 16.725
2024_0416_00:54:37 13 38.675 42.775
2024_0416_00:54:37 13 83.525 50.0625
2024_0416_00:55:11 13 31.9125 1.775
2024_0416_00:55:14 13 -1.9125 21.3
2024_0416_00:56:02 13 98.0125 44.3625
2024_0416_00:56:58 13 48.7375 95.4375
2024_0416_00:57:22 13 11.95 17.65
2024_0416_00:57:36 13 -1.9625 -1.7375
2024_0416_00:58:11 13 94.15 90.35
2024_0416_00:58:59 13 42.2125 43.075
2024_0416_00:59:31 13 -1.85 1.8875
2024_0416_00:59:40 13 0.775 -1.4625
2024_0416_00:59:52 13 1.2375 0.975
2024_0416_00:59:59 13 96.1875 85.875
2024_0416_01:00:05 13 0.1625 -2.35
2024_0416_01:00:59 13 -1.1 0.2625
2024_0416_01:01:04 13 87.5625 47.2
2024_0416_01:01:25 13 -0.625 1.0125
2024_0416_01:01:30 13 2.1375 0.025
2024_0416_01:01:34 13 -1.175 2.425
2024_0416_01:02:12 13 -0.9 -1.775
2024_0416_01:03:23 13 1.1 0.8125
2024_0416_01:03:46 13 -2.0 -0.2125
2024_0416_01:03:58 13 -2.3625 1.1
2024_0416_01:04:33 13 99.525 98.475
2024_0416_01:05:12 13 -0.825 1.6375
2024_0416_01:05:46 13 -5.775 39.0625
2024_0416_01:05:54 13 -0.6 -2.8875
2024_0416_01:06:08 13 0.075 -0.4375
2024_0416_01:06:14 13 40.575 99.475
2024_0416_01:06:30 13 48.8375 45.7
2024_0416_01:07:20 13 1.7375 1.35
2024_0416_01:07:27 13 48.0625 68.1875
2024_0416_01:07:49 13 -0.7875 1.8375
2024_0416_01:07:52 13 0.075 -1.1125
2024_0416_01:07:56 13 53.4375 -53.0375
2024_0416_01:08:28 13 41.7375 49.9125
2024_0416_01:09:50 13 49.95 48.8875
2024_0416_01:10:08 13 -1.0375 20.0375
2024_0416_01:10:21 13 47.35 92.35
2024_0416_01:10:47 13 0.6 -0.975
2024_0416_01:11:26 13 1.55 -0.3
2024_0416_01:12:02 13 42.4125 94.2
2024_0416_01:12:10 13 98.3625 97.6875
2024_0416_01:12:22 13 -0.5625 0.675
2024_0416_01:12:30 13 -34.3 33.9125
2024_0416_01:12:47 13 70.075 88.5
2024_0416_01:13:41 13 0.125 -0.7125
2024_0416_01:13:50 13 0.0125 0.3125
2024_0416_01:14:10 13 -0.6875 49.1125
2024_0416_01:14:12 13 38.825 22.7875
2024_0416_01:14:19 13 43.6375 96.7625
2024_0416_01:14:44 13 78.525 79.9
2024_0416_01:16:17 13 -3.7375 0.7125
2024_0416_01:16:31 13 87.3125 81.9625
2024_0416_01:16:44 13 4.6875 13.2625
2024_0416_01:17:03 13 1.6125 -0.0625
2024_0416_01:17:52 13 99.3625 61.525
2024_0416_01:18:16 13 0.1375 -0.0125
2024_0416_01:18:27 13 0.6125 0.1
2024_0416_01:18:45 13 7.9375 20.9875
2024_0416_01:19:00 13 16.1625 19.575
2024_0416_01:19:03 13 94.625 99.1375
2024_0416_01:20:04 13 97.475 98.225
2024_0416_01:20:27 14 -0.5375 -1.9125
2024_0416_01:20:36 14 98.9375 94.8375
2024_0416_01:20:40 14 99.6 99.75
2024_0416_01:20:44 14 91.725 98.7875
2024_0416_01:20:57 14 0.05 0.425
2024_0416_01:22:38 14 12.3 11.9375
2024_0416_01:22:54 14 1.5625 0.3125
2024_0416_01:23:06 14 41.0625 46.45
2024_0416_01:23:23 14 93.875 97.4125
2024_0416_01:24:09 14 0.2125 0.0625
2024_0416_01:24:36 14 46.7 98.1875
2024_0416_01:24:44 14 1.725 0.5375
2024_0416_01:25:04 14 0.775 -0.375
2024_0416_01:25:17 14 -99.95 99.95
2024_0416_01:25:18 14 8.2 29.75
2024_0416_01:26:30 14 91.375 99.55
2024_0416_01:26:49 14 -1.9375 1.125
2024_0416_01:27:03 14 -1.05 0.3
2024_0416_01:27:05 14 50.4875 91.2125
2024_0416_01:27:12 14 0.0875 -1.1875
2024_0416_01:28:40 14 0.05 -1.275
2024_0416_01:29:02 14 -44.7375 38.3375
2024_0416_01:29:13 14 -0.275 -0.7125
2024_0416_01:29:29 14 -1.3 0.3375
2024_0416_01:29:45 14 99.5375 77.8
2024_0416_01:30:25 14 0.1375 3.375
2024_0416_01:30:55 14 99.625 44.2
2024_0416_01:31:02 14 56.7625 47.3375
2024_0416_01:31:26 14 99.4125 84.3875
2024_0416_01:31:32 14 0.9125 -0.575
2024_0416_01:31:35 14 -1.25 3.1375
2024_0416_01:32:53 14 -2.2625 -0.2875
2024_0416_01:33:19 14 34.85 -1.8625
2024_0416_01:33:29 14 99.95 -99.95
2024_0416_01:33:31 14 99.5375 97.5
2024_0416_01:33:38 14 -1.0875 -1.975
2024_0416_01:35:03 14 10.325 14.55
2024_0416_01:35:26 14 49.7375 85.425
2024_0416_01:35:36 14 -0.0125 48.5625
2024_0416_01:35:50 14 -0.875 -0.1875
2024_0416_01:36:02 14 24.725 89.7625
2024_0416_01:36:48 14 0.0375 1.175
2024_0416_01:37:14 14 48.425 98.85
2024_0416_01:37:16 14 0.025 0.0125
2024_0416_01:37:38 14 9.475 -9.0125
2024_0416_01:37:45 14 0.9625 0.9875
2024_0416_01:37:51 14 49.35 42.1
2024_0416_01:39:19 14 78.7875 99.2125
2024_0416_01:39:40 14 -2.4 -0.9375
2024_0416_01:39:54 14 8.55 -9.75
2024_0416_01:39:54 14 5.9 12.925
2024_0416_01:40:00 14 -0.65 0.0375
2024_0416_01:41:32 14 91.05 49.95
2024_0416_01:41:47 14 0.725 0.5125
2024_0416_01:42:03 14 5.675 41.475
2024_0416_01:42:13 14 -0.45 1.275
2024_0416_01:42:13 14 -99.9625 99.975
2024_0416_01:43:09 14 47.5875 54.175
2024_0416_01:43:29 14 -17.1375 16.6625
2024_0416_01:43:34 14 80.575 95.075
2024_0416_01:43:51 14 1.0875 -1.9875
2024_0416_01:44:03 14 92.1125 71.4875
2024_0416_01:44:04 14 -11.25 10.0875
2024_0416_01:45:44 14 80.6625 92.4375
2024_0416_01:46:05 14 89.95 81.525
2024_0416_01:46:17 14 89.7625 44.8
2024_0416_01:46:18 14 82.0 47.7125
2024_0416_01:46:19 14 -9.6875 10.4375
2024_0416_01:47:55 14 15.725 17.35
2024_0416_01:48:10 14 85.2875 97.9125
2024_0416_01:48:29 14 73.675 96.6875
2024_0416_01:48:43 14 -3.0375 -0.625
2024_0416_01:48:44 14 69.425 92.85
2024_0416_01:49:27 14 1.85 -0.8125
2024_0416_01:49:44 14 0.0875 -1.3125
2024_0416_01:49:47 14 -2.1375 11.45
2024_0416_01:50:09 14 94.1625 97.8375
2024_0416_01:50:14 14 -2.4125 -1.6625
2024_0416_01:50:19 14 -0.025 -0.1875
2024_0416_01:52:11 14 84.1125 48.9375
2024_0416_01:52:24 14 1.6375 -0.95
2024_0416_01:52:39 14 -1.2375 0.725
2024_0416_01:52:43 14 1.4 0.025
2024_0416_01:52:46 14 45.775 49.2125
2024_0416_01:54:16 14 0.775 0.9125
2024_0416_01:54:34 14 0.1375 9.2125
2024_0416_01:54:45 14 2.225 0.025
2024_0416_01:54:54 14 60.3875 45.0
2024_0416_01:55:08 14 73.0625 84.275
2024_0416_01:55:28 14 -21.0875 19.05
2024_0416_01:55:48 14 0.475 0.0875
2024_0416_01:55:53 14 98.5375 40.65
2024_0416_01:56:13 14 99.425 55.275
2024_0416_01:56:13 14 -1.3125 2.175
2024_0416_01:56:20 14 99.975 49.275
2024_0416_01:58:30 14 -0.9875 0.175
2024_0416_01:58:32 14 -0.7625 1.0375
2024_0416_01:59:01 14 -0.7875 0.425
2024_0416_01:59:08 14 97.125 62.7625
2024_0416_02:00:36 14 0.575 1.5375
2024_0416_02:00:58 14 -0.2125 25.1625
2024_0416_02:00:59 14 75.65 90.6375
2024_0416_02:01:19 14 94.4625 91.2375
2024_0416_02:01:30 14 0.0125 0.2125
2024_0416_02:01:35 14 -1.0875 -0.7125
2024_0416_02:01:53 14 -0.2625 -0.5125
2024_0416_02:01:58 14 6.475 43.675
2024_0416_02:02:17 14 45.5625 91.2125
2024_0416_02:02:21 14 63.3 91.2875
2024_0416_02:02:36 14 48.15 -0.675
2024_0416_02:03:05 14 -42.425 45.425
2024_0416_02:04:39 14 -1.5125 -1.125
2024_0416_02:04:54 14 -39.7875 40.225
2024_0416_02:05:26 14 0.0875 -1.0375
2024_0416_02:05:49 14 93.75 92.6875
2024_0416_02:07:00 14 -0.075 96.1375
2024_0416_02:07:01 14 39.775 4.5125
2024_0416_02:07:27 14 49.3125 48.6875
2024_0416_02:07:38 14 59.4875 -60.125
2024_0416_02:07:39 14 0.9375 0.225
2024_0416_02:07:54 14 -1.5 43.2875
2024_0416_02:07:59 14 69.0125 95.625
2024_0416_02:08:02 14 -2.525 -0.2
2024_0416_02:08:22 14 77.825 39.5125
2024_0416_02:08:29 14 76.0375 97.9375
2024_0416_02:08:46 14 65.15 39.7125
2024_0416_02:10:53 14 99.55 12.1375
2024_0416_02:11:18 14 0.525 -0.2875
2024_0416_02:11:51 14 0.275 -2.0625
2024_0416_02:12:02 14 0.2 -0.025
2024_0416_02:12:13 14 49.925 90.7125
2024_0416_02:13:18 14 -0.6375 0.9875
2024_0416_02:13:25 14 99.2375 45.65
2024_0416_02:13:48 14 52.2625 37.8625
2024_0416_02:13:48 14 0.2375 1.0125
2024_0416_02:14:01 14 0.4375 0.3875
2024_0416_02:14:13 14 -5.3375 49.8625
2024_0416_02:14:19 14 97.9375 49.875
2024_0416_02:14:21 14 48.8875 49.9
2024_0416_02:14:37 14 51.05 95.6625
2024_0416_02:14:44 14 48.2375 -46.1375
2024_0416_02:15:02 14 74.5 99.3125
2024_0416_02:17:10 14 99.5125 80.6625
2024_0416_02:17:41 14 98.05 79.7
2024_0416_02:18:17 14 88.2875 99.275
2024_0416_02:18:22 14 0.3125 0.6375
2024_0416_02:18:34 14 -6.5 49.7125
2024_0416_02:19:35 14 -34.925 34.875
2024_0416_02:19:46 14 0.5875 1.8625
2024_0416_02:20:07 14 97.8375 95.15
2024_0416_02:20:10 14 24.6875 22.5375
2024_0416_02:20:20 14 -1.9 1.7375
2024_0416_02:20:35 14 48.7875 48.5875
2024_0416_02:20:44 14 0.1375 1.7
2024_0416_02:20:52 14 46.075 48.475
2024_0416_02:20:55 14 92.7 98.2875
2024_0416_02:21:03 14 82.825 96.375
2024_0416_02:21:23 14 0.0625 -4.2625
2024_0416_02:23:35 14 98.05 99.125
2024_0416_02:24:00 14 -32.8375 33.3
2024_0416_02:24:43 14 1.8 0.9125
2024_0416_02:24:47 14 49.7875 -0.7125
2024_0416_02:24:56 14 -10.0375 9.1375
2024_0416_02:26:03 14 16.675 -9.85
2024_0416_02:26:11 14 -99.975 99.975
2024_0416_02:26:33 14 93.55 55.1
2024_0416_02:26:35 14 -0.075 -1.3125
2024_0416_02:26:53 14 5.35 3.0
2024_0416_02:27:11 14 99.0375 92.25
2024_0416_02:27:22 15 -0.1375 1.7625
2024_0416_02:27:24 15 46.25 98.225
2024_0416_02:27:36 15 -1.475 8.725
2024_0416_02:27:52 15 45.8875 24.75
2024_0416_02:30:07 15 27.7 23.875
2024_0416_02:30:33 15 -1.8 4.25
2024_0416_02:30:59 15 98.6875 59.075
2024_0416_02:31:14 15 66.4375 97.8125
2024_0416_02:31:19 15 99.25 48.35
2024_0416_02:31:27 15 24.0625 4.125
2024_0416_02:32:26 15 -1.4875 0.8625
2024_0416_02:33:27 15 1.8375 -0.6
2024_0416_02:33:30 15 0.275 0.575
2024_0416_02:33:34 15 8.9 -8.2875
2024_0416_02:33:46 15 99.325 85.6625
2024_0416_02:33:51 15 -0.025 -0.5
2024_0416_02:33:59 15 87.0625 87.5875
2024_0416_02:34:17 15 -1.3375 0.375
2024_0416_02:34:19 15 99.25 72.075
2024_0416_02:36:28 15 15.35 20.075
2024_0416_02:37:00 15 16.1125 81.125
2024_0416_02:37:01 15 41.9 -17.6125
2024_0416_02:37:22 15 14.075 -15.1375
2024_0416_02:37:46 15 31.1875 -21.15
2024_0416_02:37:57 15 97.8 74.8125
2024_0416_02:38:01 15 8.3375 -8.375
2024_0416_02:38:56 15 75.4 89.925
2024_0416_02:39:54 15 2.625 -0.9625
2024_0416_02:40:00 15 1.425 1.95
2024_0416_02:40:04 15 48.7375 25.4375
2024_0416_02:40:17 15 99.6625 68.425
2024_0416_02:40:21 15 84.225 54.35
2024_0416_02:40:27 15 47.05 -1.2125
2024_0416_02:40:44 15 72.925 16.7875
2024_0416_02:40:52 15 98.775 46.175
2024_0416_02:43:26 15 8.0125 -7.125
2024_0416_02:43:40 15 -0.6 1.675
2024_0416_02:44:13 15 99.025 96.0875
2024_0416_02:44:22 15 -7.8875 8.325
2024_0416_02:44:27 15 -0.0125 -0.1625
2024_0416_02:45:20 15 0.85 0.3
2024_0416_02:46:11 15 -0.2875 1.3125
2024_0416_02:46:18 15 75.2625 99.7625
2024_0416_02:46:28 15 93.325 98.0625
2024_0416_02:46:28 15 99.325 92.9125
2024_0416_02:46:47 15 99.5 98.9
2024_0416_02:46:50 15 99.6625 91.15
2024_0416_02:46:53 15 99.0625 83.0375
2024_0416_02:47:08 15 99.0875 94.475
2024_0416_02:47:17 15 99.6625 91.2625
2024_0416_02:48:21 15 99.2625 96.0625
2024_0416_02:49:44 15 1.6125 -0.1375
2024_0416_02:50:11 15 -0.1125 -0.8875
2024_0416_02:50:37 15 33.225 29.3875
2024_0416_02:50:50 15 17.275 10.8125
2024_0416_02:50:50 15 -1.5 4.2125
2024_0416_02:51:43 15 78.8875 39.275
2024_0416_02:52:33 15 2.6 -2.1125
2024_0416_02:52:38 15 1.6125 -1.3375
2024_0416_02:52:51 15 99.6125 49.175
2024_0416_02:52:56 15 99.475 97.3125
2024_0416_02:53:08 15 0.5125 0.875
2024_0416_02:53:13 15 -2.4625 43.3875
2024_0416_02:53:18 15 49.8625 45.3375
2024_0416_02:53:57 15 -1.7375 -0.1375
2024_0416_02:54:48 15 54.8125 99.6
2024_0416_02:56:02 15 4.2875 12.525
2024_0416_02:56:27 15 -10.9375 8.6875
2024_0416_02:56:57 15 99.325 93.2125
2024_0416_02:57:07 15 8.3125 23.15
2024_0416_02:57:08 15 1.3625 -0.05
2024_0416_02:57:08 15 1.175 -0.625
2024_0416_02:57:56 15 49.9875 49.9875
2024_0416_02:58:47 15 68.2 96.8125
2024_0416_02:58:58 15 -0.9625 0.2
2024_0416_02:59:10 15 98.35 90.8375
2024_0416_02:59:11 15 -99.95 99.875
2024_0416_02:59:26 15 0.3625 -1.825
2024_0416_02:59:32 15 1.05 10.525
2024_0416_03:00:15 15 -4.5 43.475
2024_0416_03:01:00 15 80.1625 86.6625
2024_0416_03:02:19 15 85.875 99.625
2024_0416_03:02:37 15 38.6875 42.2625
2024_0416_03:03:15 15 48.325 49.1125
2024_0416_03:03:24 15 13.0375 38.5125
2024_0416_03:03:26 15 91.425 91.0375
2024_0416_03:03:31 15 -2.7875 -0.5
2024_0416_03:04:04 15 0.625 -1.225
2024_0416_03:04:16 15 84.525 99.3875
2024_0416_03:04:55 15 -10.2125 10.5125
2024_0416_03:05:14 15 -50.0 50.0
2024_0416_03:05:29 15 41.4875 98.7625
2024_0416_03:05:34 15 -0.575 0.825
2024_0416_03:05:36 15 -0.1125 0.525
2024_0416_03:05:43 15 60.4625 48.4125
2024_0416_03:06:25 15 -13.3 44.2375
2024_0416_03:07:19 15 1.075 0.125
2024_0416_03:08:38 15 71.95 67.8
2024_0416_03:08:43 15 1.5125 0.6375
2024_0416_03:09:35 15 13.65 -11.4375
2024_0416_03:09:40 15 -1.1375 0.65
2024_0416_03:09:44 15 93.35 49.175
2024_0416_03:09:47 15 97.9 96.6375
2024_0416_03:10:12 15 -0.8875 -0.1375
2024_0416_03:10:21 15 0.475 -0.8625
2024_0416_03:11:03 15 -0.25 37.1
2024_0416_03:11:35 15 -0.15 -0.85
2024_0416_03:11:49 15 51.575 38.55
2024_0416_03:11:51 15 0.9875 -0.65
2024_0416_03:11:51 15 -30.3 46.8125
2024_0416_03:11:55 15 96.6 88.325
2024_0416_03:12:30 15 -50.0 -100.0
2024_0416_03:13:25 15 42.6375 41.45
2024_0416_03:14:52 15 -0.775 1.4625
2024_0416_03:15:26 15 64.7875 83.4375
2024_0416_03:15:53 15 -99.975 99.975
2024_0416_03:15:53 15 -2.0125 -0.625
2024_0416_03:16:02 15 0.0375 1.525
2024_0416_03:16:05 15 99.725 -24.0125
2024_0416_03:16:27 15 2.0875 1.35
2024_0416_03:16:30 15 -0.4 0.2625
2024_0416_03:17:14 15 92.2625 98.975
2024_0416_03:17:55 15 99.3 97.975
2024_0416_03:18:04 15 96.5125 99.25
2024_0416_03:18:07 15 1.4625 1.0625
2024_0416_03:18:18 15 49.675 24.125
2024_0416_03:18:43 15 85.6 87.075
2024_0416_03:19:36 15 95.75 48.5
2024_0416_03:20:59 15 -0.3 1.525
2024_0416_03:21:31 15 0.3125 -0.3875
2024_0416_03:21:48 15 -0.0125 -0.925
2024_0416_03:22:08 15 0.0125 0.05
2024_0416_03:22:10 15 33.3125 -32.8625
2024_0416_03:22:22 15 28.5125 -27.2875
2024_0416_03:22:23 15 -16.9 17.85
2024_0416_03:22:39 15 48.4 47.4875
2024_0416_03:22:57 15 0.725 -0.8875
2024_0416_03:23:22 15 1.075 0.175
2024_0416_03:24:20 15 95.475 48.0375
2024_0416_03:24:20 15 99.35 89.575
2024_0416_03:24:23 15 -0.3625 -1.0375
2024_0416_03:24:34 15 -11.625 10.1
2024_0416_03:25:02 15 -1.4125 -0.925
2024_0416_03:25:50 15 36.625 96.925
2024_0416_03:27:09 15 -0.5375 0.025
2024_0416_03:27:39 15 -0.65 0.875
2024_0416_03:28:03 15 -10.475 12.225
2024_0416_03:28:21 15 0.65 -1.025
2024_0416_03:28:28 15 43.7625 84.9375
2024_0416_03:28:42 15 51.9875 99.475
2024_0416_03:28:43 15 41.4625 12.7375
2024_0416_03:29:07 15 38.0875 -1.45
2024_0416_03:29:33 15 73.4625 47.9375
2024_0416_03:30:31 15 -0.8875 0.4
2024_0416_03:30:36 15 -0.55 -0.475
2024_0416_03:30:40 15 46.5 97.4
2024_0416_03:30:50 15 8.9125 15.825
2024_0416_03:31:10 15 48.475 90.8875
2024_0416_03:31:54 15 -20.45 20.8
2024_0416_03:32:48 15 0.9125 1.6
2024_0416_03:33:18 15 9.8625 16.7875
2024_0416_03:33:54 15 0.575 -1.575
2024_0416_03:34:31 16 0.5 8.5875
2024_0416_03:34:45 16 0.55 -0.9125
2024_0416_03:34:50 16 47.2375 98.25
2024_0416_03:35:01 16 47.2625 91.5875
2024_0416_03:35:03 16 41.875 99.0625
2024_0416_03:35:25 16 94.925 82.125
2024_0416_03:35:40 16 11.15 17.8125
2024_0416_03:36:49 16 -1.725 1.35
2024_0416_03:36:55 16 18.9375 -19.3125
2024_0416_03:36:58 16 -0.2 -1.1875
2024_0416_03:37:07 16 -11.2 9.4625
2024_0416_03:37:16 16 11.5375 1.425
2024_0416_03:38:01 16 49.1 99.5
2024_0416_03:38:53 16 17.7625 -16.6
2024_0416_03:39:35 16 97.2 98.1125
2024_0416_03:40:49 16 58.9 -16.0
2024_0416_03:40:57 16 91.0875 7.1125
2024_0416_03:41:03 16 15.2625 -16.525
2024_0416_03:41:08 16 75.9375 84.9
2024_0416_03:41:23 16 78.5 88.8375
2024_0416_03:41:28 16 24.8 46.9625
2024_0416_03:41:28 16 1.0125 -0.7125
2024_0416_03:41:43 16 15.6375 -17.2
2024_0416_03:42:58 16 51.0625 48.7375
2024_0416_03:43:16 16 94.2125 99.45
2024_0416_03:43:22 16 -0.0875 -1.7625
2024_0416_03:43:22 16 -0.15 -0.2
2024_0416_03:43:24 16 78.9625 89.075
2024_0416_03:44:04 16 0.5 1.1875
2024_0416_03:45:01 16 48.7375 98.5625
2024_0416_03:45:48 16 67.375 79.9
2024_0416_03:47:04 16 42.9625 19.825
2024_0416_03:47:10 16 3.9875 -0.2625
2024_0416_03:47:20 16 17.3875 -16.3625
2024_0416_03:47:32 16 99.6125 86.9625
2024_0416_03:47:36 16 98.6625 58.525
2024_0416_03:47:41 16 16.775 -16.2125
2024_0416_03:47:46 16 -34.5 52.85
2024_0416_03:47:47 16 -7.4125 7.7125
2024_0416_03:49:15 16 1.8625 -0.8875
2024_0416_03:49:28 16 0.5625 0.5625
2024_0416_03:49:39 16 0.025 0.95
2024_0416_03:49:43 16 1.3375 -0.05
2024_0416_03:50:03 16 1.5875 -0.7875
2024_0416_03:50:11 16 9.925 -9.7125
2024_0416_03:51:06 16 49.325 32.2875
2024_0416_03:51:52 16 0.575 -1.725
2024_0416_03:53:13 16 19.5875 12.8625
2024_0416_03:53:24 16 57.2875 89.075
2024_0416_03:53:40 16 -0.6 0.35
2024_0416_03:53:46 16 44.9375 99.1625
2024_0416_03:53:50 16 0.7375 0.8625
2024_0416_03:53:52 16 75.55 71.375
2024_0416_03:53:59 16 -1.325 30.2875
2024_0416_03:54:06 16 89.8125 99.5375
2024_0416_03:55:18 16 2.5 -1.3875
2024_0416_03:55:35 16 96.9875 73.1625
2024_0416_03:56:00 16 79.0 79.375
2024_0416_03:56:04 16 96.9125 92.6625
2024_0416_03:56:15 16 -1.2875 -1.525
2024_0416_03:56:21 16 -0.3375 -0.125
2024_0416_03:57:16 16 99.6375 54.475
2024_0416_03:58:05 16 -9.85 10.4625
2024_0416_03:59:21 16 49.85 47.15
2024_0416_03:59:43 16 97.675 84.75
2024_0416_03:59:53 16 39.525 22.8375
2024_0416_03:59:54 16 34.7 -26.2375
2024_0416_03:59:59 16 99.375 81.6625
2024_0416_04:00:06 16 -2.6375 -1.2625
2024_0416_04:00:17 16 -0.8625 -0.4375
2024_0416_04:00:25 16 45.2875 10.0375
2024_0416_04:01:24 16 36.0625 96.825
2024_0416_04:01:43 16 99.5875 95.3
2024_0416_04:02:16 16 33.1625 -17.9125
2024_0416_04:02:18 16 18.9125 32.7875
2024_0416_04:02:25 16 25.0 -23.3625
2024_0416_04:02:43 16 99.4625 67.5625
2024_0416_04:04:12 16 99.2375 78.4875
2024_0416_04:05:31 16 56.2625 88.925
2024_0416_04:05:58 16 0.175 0.7375
2024_0416_04:06:05 16 37.85 72.3
2024_0416_04:06:07 16 -9.6 9.5
2024_0416_04:06:19 16 99.5625 99.175
2024_0416_04:06:20 16 90.0875 97.0375
2024_0416_04:06:23 16 -1.0375 -1.5875
2024_0416_04:06:40 16 97.175 97.55
2024_0416_04:06:42 16 98.75 95.4875
2024_0416_04:07:40 16 92.25 99.2375
2024_0416_04:07:53 16 9.7875 -10.625
2024_0416_04:08:20 16 99.975 99.975
2024_0416_04:08:32 16 -1.1375 0.6125
2024_0416_04:08:39 16 -1.3875 -0.975
2024_0416_04:10:19 16 -0.0375 -0.7875
2024_0416_04:11:34 16 0.4375 4.1875
2024_0416_04:12:24 16 -7.6 10.1125
2024_0416_04:12:24 16 70.575 82.8375
2024_0416_04:12:35 16 -16.25 17.675
2024_0416_04:12:41 16 49.9875 99.975
2024_0416_04:13:00 16 48.1125 99.2375
2024_0416_04:13:11 16 77.0625 35.25
2024_0416_04:13:44 16 99.4375 90.925
2024_0416_04:13:56 16 1.1875 0.6375
2024_0416_04:13:59 16 10.5375 22.8875
2024_0416_04:14:35 16 93.7625 89.7375
2024_0416_04:14:55 16 -0.0125 -0.675
2024_0416_04:15:05 16 16.725 41.4875
2024_0416_04:15:30 16 41.85 -0.3375
2024_0416_04:16:22 16 6.5125 13.3
2024_0416_04:17:40 16 8.0 2.2
2024_0416_04:18:05 16 99.975 99.975
2024_0416_04:18:26 16 1.7625 -0.0625
2024_0416_04:18:42 16 7.575 11.1
2024_0416_04:19:05 16 42.1875 99.1875
2024_0416_04:19:25 16 -49.9875 49.9875
2024_0416_04:19:26 16 -1.075 0.3
2024_0416_04:19:59 16 48.3 93.1375
2024_0416_04:20:03 16 -3.625 45.425
2024_0416_04:20:15 16 41.6125 -37.7
2024_0416_04:20:40 17 84.475 99.475
2024_0416_04:21:13 17 -0.35 29.525
2024_0416_04:21:24 17 96.0 83.6625
2024_0416_04:21:35 17 83.4125 99.6125
2024_0416_04:22:27 17 35.225 3.0875
2024_0416_04:23:42 17 2.7 47.7125
2024_0416_04:24:00 17 87.775 42.925
2024_0416_04:24:16 17 99.4375 90.4
2024_0416_04:24:36 17 43.1125 66.95
2024_0416_04:25:04 17 29.8625 64.875
2024_0416_04:25:23 17 -0.525 1.025
2024_0416_04:25:51 17 51.1375 48.4625
2024_0416_04:26:12 17 -0.5875 0.1875
2024_0416_04:26:18 17 -1.6625 0.5
2024_0416_04:26:21 17 6.2125 0.725
2024_0416_04:26:27 17 0.4 -0.75
2024_0416_04:26:50 17 49.7375 82.3875
2024_0416_04:27:34 17 19.625 -3.45
2024_0416_04:27:43 17 39.9 -40.25
2024_0416_04:27:51 17 0.0375 0.15
2024_0416_04:28:37 17 57.8875 97.175
2024_0416_04:30:03 17 -1.55 -1.3375
2024_0416_04:30:07 17 2.2875 -0.0125
2024_0416_04:30:21 17 -0.4375 -0.6625
2024_0416_04:30:43 17 99.2125 91.625
2024_0416_04:31:24 17 -0.525 -1.4875
2024_0416_04:31:48 17 42.05 38.6125
2024_0416_04:32:12 17 13.6625 59.4625
2024_0416_04:32:14 17 -7.7 7.4125
2024_0416_04:32:30 17 -16.925 60.9875
2024_0416_04:32:37 17 0.775 0.5
2024_0416_04:32:45 17 -50.15 50.125
2024_0416_04:32:52 17 3.825 12.8625
2024_0416_04:33:49 17 39.4625 -39.9625
2024_0416_04:33:53 17 -0.9875 7.55
2024_0416_04:34:12 17 99.2125 48.9
2024_0416_04:34:41 17 58.225 47.7375
2024_0416_04:36:08 17 5.15 -0.85
2024_0416_04:36:26 17 15.6 12.1375
2024_0416_04:36:33 17 78.9125 97.8875
2024_0416_04:36:45 17 40.9 73.3375
2024_0416_04:37:47 17 42.55 20.325
2024_0416_04:38:11 17 69.2375 93.075
2024_0416_04:38:21 17 91.0 91.825
2024_0416_04:38:38 17 56.575 71.1875
2024_0416_04:38:39 17 -6.0375 8.275
2024_0416_04:38:47 17 0.9625 0.4875
2024_0416_04:39:03 17 99.3625 48.0
2024_0416_04:39:21 17 73.7125 90.1125
2024_0416_04:39:53 17 86.7375 48.925
2024_0416_04:40:06 17 -37.375 25.85
2024_0416_04:40:28 17 79.9625 78.15
2024_0416_04:40:46 17 16.6875 -3.5625
2024_0416_04:42:09 17 24.1375 15.05
2024_0416_04:42:34 17 86.6 99.4375
2024_0416_04:42:41 17 -0.2 -0.15
2024_0416_04:42:48 17 0.7375 0.6875
2024_0416_04:44:02 17 -10.175 8.9
2024_0416_04:44:31 17 38.5625 97.525
2024_0416_04:44:46 17 4.025 -1.85
2024_0416_04:44:56 17 9.95 -9.7875
2024_0416_04:44:57 17 99.2 47.3375
2024_0416_04:45:16 17 -1.0125 -1.9
2024_0416_04:45:40 17 58.5125 69.95
2024_0416_04:45:55 17 18.2375 15.4
2024_0416_04:46:46 17 -100.0 -99.95
2024_0416_04:46:46 17 -5.9375 98.225
2024_0416_04:46:51 17 97.2125 99.3125
2024_0416_04:47:44 17 76.8 83.85
2024_0416_04:48:10 17 99.6 48.7875
2024_0416_04:48:32 17 1.5625 0.9625
2024_0416_04:48:56 17 27.975 0.85
2024_0416_04:49:00 17 45.2125 11.8125
2024_0416_04:50:22 17 0.525 -0.8625
2024_0416_04:50:33 17 12.1875 5.7375
2024_0416_04:51:17 17 88.625 85.7125
2024_0416_04:51:39 17 81.3125 39.95
2024_0416_04:52:00 17 0.175 -0.025
2024_0416_04:52:01 17 6.925 5.875
2024_0416_04:52:51 17 78.6875 69.925
2024_0416_04:53:03 17 -2.5875 2.575
2024_0416_04:53:15 17 2.55 9.4
2024_0416_04:53:46 17 -19.175 19.0375
2024_0416_04:54:09 17 -1.0125 0.4
2024_0416_04:54:45 17 48.4875 42.925
2024_0416_04:54:57 17 0.4875 -0.475
2024_0416_04:55:19 17 97.8875 70.1625
2024_0416_04:55:23 17 86.55 47.925
2024_0416_04:56:32 17 10.6875 -10.7125
2024_0416_04:56:34 17 -9.7 10.05
2024_0416_04:56:40 17 17.525 15.175
2024_0416_04:57:36 17 -4.3375 -4.2875
2024_0416_04:58:00 17 -7.6875 8.4375
2024_0416_04:58:03 17 13.1 -12.4875
2024_0416_04:58:23 17 -1.1625 0.6875
2024_0416_04:58:56 17 36.9 74.6125
2024_0416_04:59:21 17 -5.8125 5.7125
2024_0416_04:59:36 17 28.5375 14.5625
2024_0416_04:59:44 17 -0.75 -1.1125
2024_0416_05:00:13 17 0.1125 -0.1375
2024_0416_05:00:57 17 94.95 86.3375
2024_0416_05:01:07 17 68.5 75.875
2024_0416_05:01:20 17 -9.25 10.375
2024_0416_05:01:43 17 2.05 0.2375
2024_0416_05:02:33 17 -0.9625 0.7125
2024_0416_05:02:34 17 -25.275 25.0375
2024_0416_05:03:06 17 84.6375 96.575
2024_0416_05:03:59 17 0.0125 -0.425
2024_0416_05:04:19 17 0.2375 -0.475
2024_0416_05:04:38 17 1.8125 -0.175
2024_0416_05:04:53 17 0.025 -1.3875
2024_0416_05:05:41 17 -3.0625 -0.575
2024_0416_05:05:56 17 -11.5375 11.925
2024_0416_05:06:21 17 31.8125 33.2625
2024_0416_05:06:58 17 8.6875 -9.7375
2024_0416_05:07:20 17 98.0125 72.2625
2024_0416_05:07:51 17 13.3875 14.05
2024_0416_05:08:03 17 -11.5375 10.0125
2024_0416_05:08:32 17 -1.05 2.625
2024_0416_05:08:34 17 0.5 0.4125
2024_0416_05:08:37 17 -0.75 -0.8625
2024_0416_05:09:36 17 0.9 2.25
2024_0416_05:10:20 17 -5.2375 5.1625
2024_0416_05:10:39 17 81.125 99.5
2024_0416_05:10:57 17 13.925 13.85
2024_0416_05:10:57 17 0.8125 -0.2125
2024_0416_05:11:43 17 0.775 0.7625
2024_0416_05:12:06 17 87.6375 98.2625
2024_0416_05:12:14 17 0.5 0.45
2024_0416_05:12:23 17 2.3125 16.6
2024_0416_05:13:17 17 0.7375 0.2875
2024_0416_05:13:32 17 -0.25 0.0
2024_0416_05:14:10 17 -4.7 -3.2375
2024_0416_05:14:27 17 39.0625 39.675
2024_0416_05:14:40 17 36.125 64.225
2024_0416_05:15:03 17 1.525 0.85
2024_0416_05:15:57 17 10.0 -0.5625
2024_0416_05:16:20 17 15.825 -11.7875
2024_0416_05:16:59 18 -15.9375 15.4875
2024_0416_05:17:00 17 49.15 -50.75
2024_0416_05:17:30 18 61.4 49.95
2024_0416_05:17:42 18 49.9875 99.975
2024_0416_05:18:23 18 0.3 0.6125
2024_0416_05:18:28 18 47.0875 -47.725
2024_0416_05:18:41 18 99.4 49.775
2024_0416_05:19:20 18 92.475 99.8375
2024_0416_05:19:34 18 30.0875 39.2625
2024_0416_05:19:36 18 12.425 17.925
2024_0416_05:20:28 18 32.8375 -3.75
2024_0416_05:20:49 18 99.1875 49.125
2024_0416_05:20:50 18 61.15 46.1125
2024_0416_05:21:24 18 49.925 -1.55
2024_0416_05:22:22 18 1.2875 0.7
2024_0416_05:22:22 18 0.375 20.5375
2024_0416_05:23:00 18 -0.55 1.05
2024_0416_05:23:25 18 0.675 0.425
2024_0416_05:23:55 18 19.2625 -2.5625
2024_0416_05:24:00 18 32.0 41.025
2024_0416_05:24:30 18 93.625 83.375
2024_0416_05:24:54 18 83.875 89.7
2024_0416_05:25:08 18 -3.55 37.7125
2024_0416_05:25:25 18 10.4 -1.275
2024_0416_05:25:39 18 72.1 98.2875
2024_0416_05:25:39 18 1.5125 0.4
2024_0416_05:26:50 18 68.4375 64.1375
2024_0416_05:26:56 18 99.6625 83.925
2024_0416_05:27:14 18 30.525 -2.75
2024_0416_05:27:44 18 0.2 -0.6375
2024_0416_05:28:26 18 22.4125 99.325
2024_0416_05:28:45 18 -49.9625 2.8625
2024_0416_05:29:09 18 -1.25 1.95
2024_0416_05:29:44 18 -9.6625 11.425
2024_0416_05:30:14 18 39.8125 64.725
2024_0416_05:30:34 18 1.3875 -2.5125
2024_0416_05:30:42 18 80.5 87.7375
2024_0416_05:31:13 18 -0.7125 0.6875
2024_0416_05:31:28 18 0.8125 0.3125
2024_0416_05:31:30 18 18.5125 -8.875
2024_0416_05:31:51 18 42.0 96.0125
2024_0416_05:33:00 18 -2.45 -1.4125
2024_0416_05:33:11 18 -4.2375 5.625
2024_0416_05:33:37 18 59.3625 5.7375
2024_0416_05:34:29 18 99.45 99.3
2024_0416_05:35:09 18 3.9 17.125
2024_0416_05:35:26 18 -1.475 0.7625
2024_0416_05:36:04 18 57.3 49.975
2024_0416_05:36:21 18 38.125 43.8
2024_0416_05:36:38 18 0.55 0.225
2024_0416_05:37:03 18 -0.525 -0.1125
2024_0416_05:37:32 18 51.1375 54.1875
2024_0416_05:37:34 18 1.3125 0.85
2024_0416_05:37:36 18 69.45 96.2625
2024_0416_05:37:51 18 95.7875 87.3875
2024_0416_05:37:57 18 3.575 -2.3875
2024_0416_05:39:06 18 0.5625 47.075
2024_0416_05:39:32 18 0.2375 -0.1
2024_0416_05:39:43 18 38.0875 25.0125
2024_0416_05:39:59 18 -4.7 12.075
2024_0416_05:40:33 18 -0.4875 1.9
2024_0416_05:41:30 18 -25.5125 49.925
2024_0416_05:41:34 18 64.2 64.45
2024_0416_05:42:22 18 -2.2 23.925
2024_0416_05:42:25 18 48.4375 48.325
2024_0416_05:42:41 18 99.9875 49.975
2024_0416_05:43:38 18 99.3 49.7875
2024_0416_05:43:41 18 -1.5625 0.4375
2024_0416_05:44:01 18 99.3375 43.85
2024_0416_05:44:14 18 67.125 77.6875
2024_0416_05:44:19 18 -38.275 38.05
2024_0416_05:44:24 18 1.375 1.4875
2024_0416_05:45:09 18 29.4 34.6375
2024_0416_05:45:53 18 82.6125 28.3375
2024_0416_05:46:07 18 44.65 99.1625
2024_0416_05:46:36 18 59.6 52.45
2024_0416_05:46:42 18 18.7 71.9
2024_0416_05:47:39 18 -19.7 20.525
2024_0416_05:47:55 18 -11.325 13.475
2024_0416_05:48:32 18 99.3375 49.8125
2024_0416_05:48:40 18 1.0 0.2375
2024_0416_05:49:17 18 1.2625 73.625
2024_0416_05:49:43 18 85.85 98.8
2024_0416_05:50:22 18 2.1625 4.475
2024_0416_05:50:34 18 0.85 0.45
2024_0416_05:50:49 18 99.2375 99.0875
2024_0416_05:51:10 18 14.725 6.4625
2024_0416_05:52:09 18 -13.6875 13.6
2024_0416_05:52:33 18 49.0625 96.375
2024_0416_05:52:56 18 18.275 20.125
2024_0416_05:52:59 18 -2.35 -0.625
2024_0416_05:53:56 18 0.9875 0.4125
2024_0416_05:54:07 18 -3.6125 2.1375
2024_0416_05:54:17 18 95.175 79.7875
2024_0416_05:54:41 18 4.625 20.6375
2024_0416_05:55:01 18 0.0 0.0
2024_0416_05:55:25 18 77.925 91.3875
2024_0416_05:55:56 18 83.475 18.4
2024_0416_05:56:15 18 83.175 74.0625
2024_0416_05:56:41 18 89.575 90.85
2024_0416_05:57:03 18 21.5 -1.375
2024_0416_05:57:12 18 0.25 0.5
2024_0416_05:57:21 18 -2.15 48.8125
2024_0416_05:59:05 18 0.0375 0.3
2024_0416_05:59:08 18 12.6125 10.175
2024_0416_05:59:15 18 11.4375 4.9625
2024_0416_05:59:18 18 0.4 -3.575
2024_0416_06:00:18 18 49.3375 98.95
2024_0416_06:00:19 18 9.775 -11.2
2024_0416_06:00:49 18 75.3375 46.075
2024_0416_06:00:54 18 2.275 -2.525
2024_0416_06:01:23 18 99.675 55.4375
2024_0416_06:01:28 18 -0.8625 1.525
2024_0416_06:02:03 18 9.675 4.925
2024_0416_06:02:51 18 41.65 35.25
2024_0416_06:02:52 18 60.7 57.5125
2024_0416_06:03:31 18 12.6625 10.925
2024_0416_06:03:34 18 74.35 79.0875
2024_0416_06:03:38 18 49.975 -49.975
2024_0416_06:05:13 18 5.8125 5.55
2024_0416_06:05:26 18 99.95 -99.825
2024_0416_06:05:46 18 -0.55 1.2375
2024_0416_06:05:55 18 47.725 84.7875
2024_0416_06:06:28 18 98.025 98.075
2024_0416_06:06:46 18 9.075 -8.875
2024_0416_06:07:01 18 0.175 0.775
2024_0416_06:07:05 18 1.775 -0.35
2024_0416_06:07:31 18 -3.625 2.4875
2024_0416_06:07:33 18 0.5 -0.7875
2024_0416_06:08:13 18 24.0625 -5.0375
2024_0416_06:08:58 18 96.3625 90.3
2024_0416_06:09:22 18 76.9125 91.1125
2024_0416_06:09:40 18 0.2125 -1.7125
2024_0416_06:10:03 18 37.2125 4.7125
2024_0416_06:10:07 18 -0.5125 1.4125
2024_0416_06:11:23 18 0.525 -1.9375
2024_0416_06:11:51 18 -1.45 0.075
2024_0416_06:12:10 18 -0.9 -1.2875
2024_0416_06:12:20 18 48.7875 53.6375
2024_0416_06:12:35 18 0.3875 -0.4625
2024_0416_06:13:12 18 88.3625 99.6125
2024_0416_06:13:40 18 47.1875 98.8375
2024_0416_06:13:41 18 90.3625 82.2
2024_0416_06:13:48 18 0.9625 -1.775
2024_0416_06:14:20 18 90.1875 87.2125
2024_0416_06:14:40 18 -7.7 8.425
2024_0416_06:15:07 18 73.5 24.95
2024_0416_06:15:42 18 9.525 -9.3125
2024_0416_06:15:44 18 99.5625 99.5125
2024_0416_06:16:22 18 -3.275 2.5625
2024_0416_06:16:27 18 -0.3875 -1.325
2024_0416_06:18:11 18 -0.2375 -0.0375
2024_0416_06:18:31 18 -46.3375 45.6125
2024_0416_06:18:41 18 14.85 10.6
2024_0416_06:18:43 18 49.75 -1.3625
2024_0416_06:19:44 18 -9.15 10.5375
2024_0416_06:19:46 18 0.9625 0.6
2024_0416_06:20:13 18 -6.525 74.2
2024_0416_06:20:22 18 10.2625 -9.4625
2024_0416_06:21:04 18 89.825 71.5125
2024_0416_06:21:10 18 6.2125 13.625
2024_0416_06:22:01 18 -49.9875 -99.875
2024_0416_06:22:16 18 -1.1875 -0.6125
2024_0416_06:22:52 19 98.925 56.9
2024_0416_06:23:17 19 -13.325 15.5125
2024_0416_06:23:27 19 45.55 43.6625
2024_0416_06:24:18 19 -0.4125 0.025
2024_0416_06:24:36 19 95.9375 98.65
2024_0416_06:24:53 19 73.3125 94.375
2024_0416_06:25:15 19 98.7375 14.975
2024_0416_06:25:47 19 -0.575 2.55
2024_0416_06:25:56 19 97.3625 98.8
2024_0416_06:26:29 19 -1.0625 2.45
2024_0416_06:26:39 19 -4.325 -0.6
2024_0416_06:27:18 19 -0.1625 0.4875
2024_0416_06:27:28 19 3.5625 -0.6375
2024_0416_06:27:57 19 1.325 -2.45
2024_0416_06:28:21 19 -9.9875 10.5
2024_0416_06:28:24 19 1.2625 -1.175
2024_0416_06:29:29 19 -0.225 0.1875
2024_0416_06:29:37 19 1.1 -1.55
2024_0416_06:30:30 19 83.0125 48.3
2024_0416_06:31:01 19 -1.175 1.5375
2024_0416_06:31:23 19 99.05 66.9875
2024_0416_06:32:01 19 49.5625 43.5125
2024_0416_06:32:01 19 2.0 -0.725
2024_0416_06:32:01 19 0.325 1.175
2024_0416_06:32:38 19 -0.8 0.225
2024_0416_06:33:03 19 -1.175 -0.325
2024_0416_06:33:24 19 3.45 82.825
2024_0416_06:33:24 19 -4.5 70.975
2024_0416_06:34:16 19 14.0375 -15.35
2024_0416_06:34:47 19 21.375 4.975
2024_0416_06:35:40 19 51.8625 63.075
2024_0416_06:36:05 19 2.2125 5.975
2024_0416_06:36:40 19 -1.2875 3.375
2024_0416_06:37:48 19 -2.1375 -1.3125
2024_0416_06:37:50 19 0.2625 -1.475
2024_0416_06:38:05 19 0.625 -0.825
2024_0416_06:38:11 19 -27.1125 -5.575
2024_0416_06:38:25 19 -0.3625 -1.2625
2024_0416_06:38:53 19 13.225 12.8125
2024_0416_06:39:18 19 2.05 -2.7125
2024_0416_06:39:30 19 99.6 34.5625
2024_0416_06:39:47 19 17.5 -18.05
2024_0416_06:40:21 19 16.7125 -16.4375
2024_0416_06:41:09 19 34.8 48.175
2024_0416_06:41:46 19 2.7375 -12.2375
2024_0416_06:41:54 19 -2.2125 1.1
2024_0416_06:42:27 19 1.3125 -2.975
2024_0416_06:42:50 19 44.525 78.35
2024_0416_06:42:58 19 -3.875 17.4875
2024_0416_06:44:00 19 -0.3 42.3625
2024_0416_06:44:10 19 -0.3625 -0.8
2024_0416_06:44:20 19 40.0125 48.6375
2024_0416_06:44:33 19 97.05 48.9125
2024_0416_06:44:54 19 -2.0625 -0.3125
2024_0416_06:45:27 19 43.7375 98.05
2024_0416_06:45:50 19 0.4625 0.6
2024_0416_06:46:22 19 19.8 -17.55
2024_0416_06:46:29 19 99.675 99.4
2024_0416_06:47:36 19 11.45 4.225
2024_0416_06:47:53 19 1.8375 -1.2375
2024_0416_06:48:21 19 -13.275 10.025
2024_0416_06:48:51 19 42.5375 12.225
2024_0416_06:49:08 19 -0.4625 1.075
2024_0416_06:49:09 19 48.3625 99.0375
2024_0416_06:50:07 19 3.1125 -0.0125
2024_0416_06:50:34 19 -0.5 -0.0875
2024_0416_06:50:34 19 44.475 55.5625
2024_0416_06:50:55 19 -49.9375 50.0
2024_0416_06:51:02 19 -0.4875 7.0875
2024_0416_06:51:45 19 0.2 -0.9875
2024_0416_06:52:27 19 -0.2125 0.075
2024_0416_06:52:37 19 49.1125 -49.2
2024_0416_06:52:50 19 -2.1375 -1.5
2024_0416_06:54:04 19 -0.3625 1.3875
2024_0416_06:54:40 20 1.7875 1.725
2024_0416_06:55:18 20 94.0 16.975
2024_0416_06:55:21 20 98.4625 99.325
2024_0416_06:55:25 20 19.9125 4.525
2024_0416_06:56:23 20 -0.0625 0.6625
2024_0416_06:56:46 20 37.225 41.95
2024_0416_06:57:01 20 9.6625 41.95
2024_0416_06:57:04 20 -99.975 -49.9875
2024_0416_06:57:34 20 -0.5625 -0.625
2024_0416_06:57:35 20 53.6375 76.8625
2024_0416_06:57:59 20 18.725 44.1625
2024_0416_06:58:45 20 -49.9625 100.0
2024_0416_06:58:52 20 -0.75 -0.4375
2024_0416_06:59:25 20 -2.85 9.3625
2024_0416_06:59:34 20 8.875 37.7625
2024_0416_07:00:27 20 7.7625 5.6375
2024_0416_07:01:05 20 6.85 5.025
2024_0416_07:01:27 20 -0.4625 -2.075
2024_0416_07:01:33 20 4.1375 5.15
2024_0416_07:01:49 20 47.5 97.4875
2024_0416_07:03:28 20 25.45 41.3125
2024_0416_07:03:30 20 83.625 98.4375
2024_0416_07:03:46 20 99.3625 49.5375
2024_0416_07:03:56 20 0.9875 0.1875
2024_0416_07:03:57 20 -1.2125 0.3
2024_0416_07:04:07 20 0.9625 -1.1375
2024_0416_07:04:54 20 -13.175 12.4375
2024_0416_07:05:38 20 12.1625 -0.925
2024_0416_07:05:50 20 12.2875 -11.35
2024_0416_07:06:07 20 3.6 -0.3
2024_0416_07:06:50 20 99.1 99.3
2024_0416_07:07:32 20 17.225 -12.8
2024_0416_07:07:32 20 0.0125 -0.025
2024_0416_07:08:20 20 43.8125 92.2125
2024_0416_07:09:40 20 0.6625 0.2875
2024_0416_07:09:50 20 65.8375 97.575
2024_0416_07:10:10 20 1.2625 -0.475
2024_0416_07:10:15 20 35.8 71.825
2024_0416_07:10:21 20 -14.4 13.8625
2024_0416_07:10:28 20 1.2875 -0.6375
2024_0416_07:11:09 20 99.4625 90.05
2024_0416_07:11:10 20 94.5 99.425
2024_0416_07:11:45 20 49.9375 49.9875
2024_0416_07:11:56 20 8.0875 12.625
2024_0416_07:11:59 20 49.95 -49.7625
2024_0416_07:12:29 20 -5.225 5.2125
2024_0416_07:13:09 20 0.6125 1.0125
2024_0416_07:13:43 20 93.225 99.0375
2024_0416_07:13:56 20 -0.2625 0.325
2024_0416_07:14:49 20 39.4125 -2.375
2024_0416_07:15:57 20 26.85 33.2375
2024_0416_07:16:15 20 16.05 17.425
2024_0416_07:16:15 20 99.5125 49.5375
2024_0416_07:16:27 20 99.4625 99.125
2024_0416_07:16:54 20 97.65 85.7125
2024_0416_07:16:57 20 -13.55 7.15
2024_0416_07:17:22 20 14.825 13.125
2024_0416_07:17:33 20 -0.1 36.7
2024_0416_07:18:08 20 -0.525 0.4
2024_0416_07:18:12 20 1.0625 -1.7
2024_0416_07:18:20 20 95.0625 89.5375
2024_0416_07:19:00 20 42.675 21.925
2024_0416_07:19:51 20 99.975 49.9875
2024_0416_07:19:56 20 6.2625 16.4625
2024_0416_07:20:29 20 65.3875 73.4125
2024_0416_07:21:13 20 -19.4 15.7125
2024_0416_07:22:05 20 33.675 18.025
2024_0416_07:22:29 20 -9.0375 9.1625
2024_0416_07:22:39 20 11.025 -12.6
2024_0416_07:22:43 20 22.325 1.775
2024_0416_07:23:28 20 30.5 89.5625
2024_0416_07:23:34 20 -0.2875 -2.5875
2024_0416_07:24:11 20 4.1625 -2.5
2024_0416_07:24:19 20 91.2 86.6
2024_0416_07:24:30 20 -0.2625 92.8875
2024_0416_07:24:45 20 39.975 55.55
2024_0416_07:25:28 20 -0.6375 -0.1125
2024_0416_07:26:10 20 -1.5875 0.3
2024_0416_07:26:30 20 18.775 28.25
2024_0416_07:26:52 20 99.975 49.9875
2024_0416_07:27:41 20 38.7875 34.9375
2024_0416_07:27:48 20 39.875 -40.3125
2024_0416_07:28:17 20 80.5625 41.775
2024_0416_07:28:38 20 48.15 50.9625
2024_0416_07:28:58 20 -0.1375 -0.425
2024_0416_07:29:01 20 -1.0125 1.4
2024_0416_07:29:47 20 39.8375 87.925
2024_0416_07:29:51 20 0.5375 0.8375
2024_0416_07:30:22 20 20.1875 -22.425
2024_0416_07:30:42 20 0.6875 -0.0125
2024_0416_07:30:44 20 49.9125 -4.65
2024_0416_07:31:07 20 10.2125 38.4625
2024_0416_07:31:56 20 6.275 -7.7625
2024_0416_07:32:21 20 -9.0375 23.3
2024_0416_07:32:50 2 49.85 92.375
2024_0416_07:33:18 9 60.0625 99.6875
2024_0416_07:33:58 13 18.9125 -19.05
2024_0416_07:34:06 13 6.725 11.175
2024_0416_07:34:21 13 77.575 89.125
2024_0416_07:34:42 13 27.6625 1.025
2024_0416_07:35:02 13 77.4375 64.05
2024_0416_07:35:16 14 0.7375 -0.75
2024_0416_07:35:56 14 45.275 95.2
2024_0416_07:36:15 14 45.2125 91.4375
2024_0416_07:36:27 14 2.65 0.1625
2024_0416_07:36:47 15 -0.1125 -2.65
2024_0416_07:36:57 15 84.15 71.5375
2024_0416_07:37:33 15 -0.0375 -1.55
2024_0416_07:38:23 15 81.575 98.2875
2024_0416_07:38:27 15 -1.8375 0.2125
2024_0416_07:39:10 15 -0.1375 -1.1375
2024_0416_07:39:42 15 3.75 -3.825
2024_0416_07:40:20 15 49.15 85.7875
2024_0416_07:40:27 15 1.425 -0.25
2024_0416_07:40:29 16 49.7125 50.0
2024_0416_07:40:49 16 79.15 75.0
2024_0416_07:41:10 16 49.2125 -8.5375
2024_0416_07:41:57 16 1.5375 1.5875
2024_0416_07:42:31 16 -6.5125 53.2375
2024_0416_07:42:34 16 0.975 1.2875
2024_0416_07:42:53 17 98.925 49.6
2024_0416_07:43:03 17 84.2375 97.025
2024_0416_07:43:56 17 -0.475 13.4875
2024_0416_07:44:38 17 87.1875 77.2125
2024_0416_07:44:43 17 1.025 1.0375
2024_0416_07:44:53 17 50.0125 -6.7
2024_0416_07:45:35 17 16.2625 17.8875
2024_0416_07:46:42 17 61.4875 97.5375
2024_0416_07:46:49 17 1.5875 -0.925
2024_0416_07:46:58 18 91.1 91.8375
2024_0416_07:47:13 18 0.8 -1.9875
2024_0416_07:48:04 18 8.5375 40.6625
2024_0416_07:48:36 18 11.7625 -11.575
2024_0416_07:48:43 18 1.4 -1.4
2024_0416_07:48:57 18 -1.45 0.75
2024_0416_07:49:01 18 95.0 75.3875
2024_0416_07:49:33 19 20.8125 -21.85
2024_0416_07:50:17 18 17.0875 -18.3125
2024_0416_07:50:46 18 11.925 21.6375
2024_0416_07:51:06 19 8.0625 -12.0875
2024_0416_07:51:14 19 26.9125 -23.9125
2024_0416_07:52:09 19 34.7125 80.225
2024_0416_07:52:13 19 1.8625 0.1
2024_0416_07:52:46 19 14.675 -15.775
2024_0416_07:53:04 19 -1.0125 -1.3125
2024_0416_07:53:15 19 -0.1875 0.4875
2024_0416_07:53:19 19 94.3625 98.875
2024_0416_07:54:14 19 -5.35 14.475
2024_0416_07:54:35 19 0.625 -0.05
2024_0416_07:55:07 19 43.0125 -40.1125
2024_0416_07:55:07 20 47.2 48.925
2024_0416_07:55:35 20 -29.725 30.8
2024_0416_07:56:39 20 0.925 -0.8875
2024_0416_07:56:51 20 0.4125 -1.1375
2024_0416_07:57:22 20 92.2375 88.5125
2024_0416_07:57:39 20 -1.3125 -0.7375
2024_0416_07:58:26 16 0.7125 1.2875
2024_0416_07:58:27 20 5.175 -0.2
2024_0416_07:58:46 17 0.9875 -1.1375
2024_0416_07:58:50 18 -3.0875 81.5125
2024_0416_08:03:36 17 44.3375 14.4625
2024_0416_08:03:37 20 48.9 -2.6625
