0.20683000000013646 0.11868500000004831 0.027855000000003193 0.006694999999999811 0.02275500000000163 0.021925000000001377 0.020545000000000955 0.020290000000000877 0.020255000000000866 0.007929999999999762 0.0439749999999993 0.03667500000000213 0.061654999999992445 0.05844999999999369 0.06654999999999617 0.050869999999996626 0.06415999999999378 0.06262999999999225 0.04189000000000011 0.03938000000000108 
2024_0415_14:43:56 2 98.953 99.234
2024_0415_14:43:56 7 99.538 97.859
2024_0415_14:43:56 11 97.397 98.876
2024_0415_14:43:57 3 98.073 99.497
2024_0415_14:43:58 8 79.694 87.977
2024_0415_14:43:59 4 49.181 99.244
2024_0415_14:44:00 10 95.888 98.061
2024_0415_14:44:00 6 95.224 98.02
2024_0415_14:44:01 11 0.622 0.027
2024_0415_14:44:06 2 49.416 99.34
2024_0415_14:44:07 1 98.205 99.468
2024_0415_14:44:09 1 99.281 99.479
2024_0415_14:44:09 6 97.836 98.025
2024_0415_14:44:09 1 98.672 99.517
2024_0415_14:44:14 9 99.442 98.259
2024_0415_14:50:23 15 -0.804 0.104
2024_0415_14:50:24 12 70.715 -0.511
2024_0415_14:50:25 13 55.409 51.538
2024_0415_14:50:28 15 0.069 -0.136
2024_0415_14:50:28 13 -48.45 49.247
2024_0415_14:50:29 16 -0.493 0.296
2024_0415_14:50:31 14 97.503 98.667
2024_0415_14:50:33 17 -0.3 0.009
2024_0415_14:50:35 20 -0.22 0.096
2024_0415_14:50:37 18 -10.305 10.099
2024_0415_14:50:42 5 97.628 99.423
2024_0415_14:50:46 17 0.378 0.228
2024_0415_14:50:55 20 0.065 0.233
2024_0415_14:51:04 18 27.705 -24.935
2024_0415_14:52:43 19 23.337 16.659
2024_0415_14:59:08 5 99.485 98.369
2024_0415_14:59:09 11 -0.034 -0.364
2024_0415_14:59:10 1 98.572 99.502
2024_0415_14:59:10 3 97.64 99.52
2024_0415_14:59:10 2 97.763 99.15
2024_0415_14:59:11 2 97.422 99.43
2024_0415_14:59:13 11 49.998 99.996
2024_0415_14:59:14 4 92.261 99.493
2024_0415_14:59:18 8 74.684 91.314
2024_0415_14:59:18 7 99.288 53.863
2024_0415_14:59:19 6 98.142 91.822
2024_0415_14:59:21 11 99.181 98.564
2024_0415_14:59:21 2 94.637 99.53
2024_0415_14:59:24 9 99.121 99.574
2024_0415_14:59:24 10 49.552 99.307
2024_0415_14:59:29 11 -0.284 -0.587
2024_0415_15:05:29 11 0.306 -0.218
2024_0415_15:05:34 12 -16.772 16.94
2024_0415_15:05:36 13 11.386 -11.743
2024_0415_15:05:38 15 9.352 40.236
2024_0415_15:05:38 13 23.511 60.441
2024_0415_15:05:39 13 99.202 99.247
2024_0415_15:05:41 16 -0.54 97.973
2024_0415_15:05:43 13 96.871 97.29
2024_0415_15:05:43 14 98.554 99.525
2024_0415_15:05:45 17 -0.479 -0.001
2024_0415_15:05:49 19 -0.119 -0.05
2024_0415_15:05:50 18 94.965 99.316
2024_0415_15:05:51 20 93.983 99.38
2024_0415_15:05:51 20 49.987 -49.993
2024_0415_15:12:15 8 93.008 99.283
2024_0415_15:12:15 11 -0.31 -0.137
2024_0415_15:12:15 6 98.751 99.191
2024_0415_15:12:17 11 99.494 98.049
2024_0415_15:12:19 12 97.924 48.882
2024_0415_15:12:19 11 74.104 32.06
2024_0415_15:12:20 10 97.403 99.49
2024_0415_15:12:21 9 87.426 99.593
2024_0415_15:12:27 5 99.55 91.65
2024_0415_15:12:28 1 97.701 99.506
2024_0415_15:12:28 7 99.471 97.357
2024_0415_15:12:30 3 92.186 99.123
2024_0415_15:12:31 2 80.158 99.388
2024_0415_15:12:32 4 94.789 99.431
2024_0415_15:12:33 2 49.411 99.458
2024_0415_15:12:35 10 99.271 96.944
2024_0415_15:18:31 12 -0.186 -0.709
2024_0415_15:18:34 13 45.832 -0.508
2024_0415_15:18:36 13 0.417 -0.117
2024_0415_15:18:38 14 -0.019 -0.139
2024_0415_15:18:42 13 -46.649 47.462
2024_0415_15:18:43 13 99.288 99.43
2024_0415_15:18:44 15 99.402 97.395
2024_0415_15:18:44 13 80.541 99.523
2024_0415_15:19:00 15 96.517 99.124
2024_0415_15:19:01 16 -10.322 47.678
2024_0415_15:19:04 16 51.865 27.248
2024_0415_15:19:08 16 69.427 87.903
2024_0415_15:19:08 18 -72.467 72.23
2024_0415_15:19:08 18 -0.943 0.865
2024_0415_15:19:09 17 48.586 92.857
2024_0415_15:19:14 18 -11.996 13.138
2024_0415_15:24:48 18 0.554 0.146
2024_0415_15:24:53 18 5.712 -3.031
2024_0415_15:24:55 19 24.953 -17.643
2024_0415_15:24:57 19 10.218 50.789
2024_0415_15:25:02 20 -0.371 -0.499
2024_0415_15:25:04 20 0.014 -0.671
2024_0415_15:25:08 20 -2.469 2.009
2024_0415_15:25:09 20 19.039 -11.753
2024_0415_15:31:12 7 99.498 97.912
2024_0415_15:31:13 8 97.75 49.463
2024_0415_15:31:14 2 97.996 99.349
2024_0415_15:31:15 2 99.162 99.513
2024_0415_15:31:16 3 98.372 99.346
2024_0415_15:31:16 2 98.159 99.345
2024_0415_15:31:17 2 97.027 99.275
2024_0415_15:31:30 5 99.512 99.005
2024_0415_15:31:30 8 96.893 98.072
2024_0415_15:31:31 1 94.563 99.468
2024_0415_15:31:32 2 80.566 99.346
2024_0415_15:31:33 3 95.569 99.329
2024_0415_15:31:34 6 87.792 98.818
2024_0415_15:31:35 9 85.064 99.666
2024_0415_15:31:38 10 99.07 99.465
2024_0415_15:34:17 11 49.54 84.487
2024_0415_15:37:13 11 0.671 -0.17
2024_0415_15:37:15 11 0.665 0.219
2024_0415_15:37:17 11 -0.39 0.019
2024_0415_15:37:18 11 0.439 0.308
2024_0415_15:37:19 11 99.398 96.358
2024_0415_15:37:21 11 0.374 -0.407
2024_0415_15:37:23 11 -50.0 -100.0
2024_0415_15:37:48 12 49.525 92.199
2024_0415_15:37:51 12 97.873 97.582
2024_0415_15:37:51 12 0.118 -0.139
2024_0415_15:37:52 12 86.3 98.297
2024_0415_15:37:52 13 49.936 -50.196
2024_0415_15:37:54 12 90.925 99.02
2024_0415_15:37:55 12 86.153 99.071
2024_0415_15:37:59 13 97.349 96.304
2024_0415_15:40:23 13 44.034 -9.295
2024_0415_15:43:21 13 99.375 99.103
2024_0415_15:43:23 13 0.126 -0.131
2024_0415_15:43:24 13 0.64 -0.073
2024_0415_15:43:26 13 -0.323 0.2
2024_0415_15:43:30 13 99.343 99.392
2024_0415_15:43:33 13 0.754 2.14
2024_0415_15:43:35 13 33.854 34.661
2024_0415_15:44:05 14 0.037 0.106
2024_0415_15:44:08 13 99.379 97.777
2024_0415_15:44:09 14 -0.669 -0.536
2024_0415_15:44:09 14 -0.067 -0.527
2024_0415_15:44:12 14 -11.664 11.784
2024_0415_15:44:14 14 99.376 98.894
2024_0415_15:44:15 14 0.082 0.332
2024_0415_15:44:27 14 99.419 98.234
2024_0415_15:46:29 14 50.462 97.885
2024_0415_15:49:30 14 5.497 -1.646
2024_0415_15:49:32 14 99.424 98.064
2024_0415_15:49:34 14 -0.458 -0.238
2024_0415_15:49:36 14 98.817 99.008
2024_0415_15:49:45 15 0.199 -0.008
2024_0415_15:50:05 15 -47.411 47.96
2024_0415_15:50:28 15 0.318 0.254
2024_0415_15:50:33 15 29.522 29.002
2024_0415_15:50:34 15 2.345 2.146
2024_0415_15:50:36 15 95.127 98.635
2024_0415_15:50:36 15 0.324 0.427
2024_0415_15:50:37 15 99.461 99.512
2024_0415_15:50:38 15 -0.174 -0.032
2024_0415_15:50:46 15 0.263 -0.174
2024_0415_15:52:41 15 97.888 96.137
2024_0415_15:54:50 15 -0.453 0.274
2024_0415_15:55:44 16 62.196 78.821
2024_0415_15:55:44 16 97.112 96.749
2024_0415_15:55:44 16 8.476 -8.182
2024_0415_15:55:46 16 0.536 0.774
2024_0415_15:55:56 16 16.664 -17.499
2024_0415_15:56:17 16 14.726 18.463
2024_0415_15:56:51 17 0.344 -0.223
2024_0415_15:56:51 17 0.32 -0.513
2024_0415_15:56:52 16 0.34 0.618
2024_0415_15:56:56 17 -79.922 80.046
2024_0415_15:56:57 17 -8.81 8.943
2024_0415_15:56:59 17 87.831 29.295
2024_0415_15:57:08 17 -49.998 49.998
2024_0415_15:58:51 17 0.174 0.035
2024_0415_16:00:09 17 14.933 17.504
2024_0415_16:01:51 18 -50.0 -100.0
2024_0415_16:01:52 18 -7.978 47.58
2024_0415_16:01:54 18 -49.994 -99.979
2024_0415_16:02:09 18 96.119 -50.677
2024_0415_16:02:26 18 46.607 -0.555
2024_0415_16:03:08 19 18.599 23.772
2024_0415_16:03:11 19 0.515 0.173
2024_0415_16:03:18 18 41.87 -40.824
2024_0415_16:03:20 19 40.171 -2.234
2024_0415_16:03:21 20 4.736 87.809
2024_0415_16:03:22 19 -43.719 47.686
2024_0415_16:03:32 20 7.483 3.842
2024_0415_16:05:03 20 -0.053 -0.171
2024_0415_16:05:08 20 -3.342 2.579
2024_0415_16:06:03 20 -0.169 -0.225
2024_0415_16:06:11 4 98.845 96.824
2024_0415_16:07:51 15 0.197 -0.096
2024_0415_16:07:59 18 0.852 91.191
2024_0415_16:08:09 18 21.69 38.651
2024_0415_16:08:35 20 -12.527 12.464
2024_0415_16:09:04 17 1.584 1.794
2024_0415_16:15:12 7 99.498 86.834
2024_0415_16:15:12 2 99.12 99.107
2024_0415_16:15:13 4 49.222 99.291
2024_0415_16:15:13 2 70.81 99.39
2024_0415_16:15:14 2 91.273 99.598
2024_0415_16:15:15 2 93.217 99.127
2024_0415_16:15:16 10 97.758 99.372
2024_0415_16:15:17 10 97.98 99.179
2024_0415_16:15:22 7 98.984 97.064
2024_0415_16:15:23 5 99.472 98.153
2024_0415_16:15:24 1 99.455 99.47
2024_0415_16:15:25 6 96.81 90.014
2024_0415_16:15:27 3 96.112 99.378
2024_0415_16:15:27 9 98.702 99.491
2024_0415_16:15:29 2 91.388 99.25
2024_0415_16:15:31 8 99.198 98.0
2024_0415_16:21:15 11 -0.417 -0.356
2024_0415_16:21:18 11 0.056 -0.875
2024_0415_16:21:18 11 0.186 -0.347
2024_0415_16:21:20 11 -0.103 0.032
2024_0415_16:21:22 11 0.591 0.5
2024_0415_16:21:22 11 99.455 97.936
2024_0415_16:21:23 11 -0.308 -0.263
2024_0415_16:21:24 11 72.382 99.31
2024_0415_16:21:41 11 0.151 -0.214
2024_0415_16:21:43 12 -10.077 63.905
2024_0415_16:21:43 12 0.067 -0.306
2024_0415_16:21:44 12 63.276 79.806
2024_0415_16:21:45 12 99.305 84.688
2024_0415_16:21:46 12 98.74 98.109
2024_0415_16:21:50 12 -0.036 0.09
2024_0415_16:21:50 12 0.711 0.454
2024_0415_16:27:22 13 0.07 -0.421
2024_0415_16:27:22 13 1.376 58.302
2024_0415_16:27:25 13 99.998 -99.998
2024_0415_16:27:30 13 0.492 0.338
2024_0415_16:27:31 13 93.406 -91.144
2024_0415_16:27:31 13 99.294 99.122
2024_0415_16:27:31 13 -0.208 0.109
2024_0415_16:27:34 13 98.667 98.322
2024_0415_16:27:57 13 0.119 -0.635
2024_0415_16:28:00 13 0.013 0.286
2024_0415_16:28:02 14 -0.138 -0.106
2024_0415_16:28:07 13 16.702 17.269
2024_0415_16:28:08 14 96.714 98.017
2024_0415_16:28:12 14 99.18 99.465
2024_0415_16:28:13 14 97.831 99.349
2024_0415_16:28:14 14 97.634 86.472
2024_0415_16:33:29 14 -49.998 99.985
2024_0415_16:33:31 14 0.046 -0.233
2024_0415_16:33:35 14 3.054 64.92
2024_0415_16:33:39 15 0.167 0.084
2024_0415_16:33:39 14 0.17 0.264
2024_0415_16:33:40 14 79.351 79.499
2024_0415_16:33:42 14 97.206 61.062
2024_0415_16:33:47 15 0.84 0.17
2024_0415_16:34:18 15 95.23 99.628
2024_0415_16:34:20 15 -0.052 0.162
2024_0415_16:34:22 15 -77.451 77.911
2024_0415_16:34:28 15 -34.669 49.341
2024_0415_16:34:29 15 0.926 -1.37
2024_0415_16:34:32 15 -1.211 1.435
2024_0415_16:34:33 15 0.199 -0.124
2024_0415_16:34:42 15 99.386 98.814
2024_0415_16:39:37 15 1.3 0.59
2024_0415_16:39:39 15 49.463 96.838
2024_0415_16:39:42 16 -9.665 10.156
2024_0415_16:39:43 16 0.287 -0.574
2024_0415_16:39:47 16 -0.631 -0.052
2024_0415_16:39:51 16 13.87 12.611
2024_0415_16:39:54 16 0.238 0.117
2024_0415_16:39:55 16 -0.2 0.887
2024_0415_16:40:38 16 -0.323 -0.488
2024_0415_16:40:41 16 -49.999 49.999
2024_0415_16:40:49 17 23.861 74.728
2024_0415_16:40:51 17 98.698 99.596
2024_0415_16:40:54 17 96.663 97.283
2024_0415_16:40:56 17 9.953 -10.074
2024_0415_16:41:02 17 0.163 -0.919
2024_0415_16:44:57 17 0.065 -0.333
2024_0415_16:45:44 18 95.723 49.287
2024_0415_16:45:46 18 -0.176 -0.097
2024_0415_16:46:00 18 -13.243 12.898
2024_0415_16:46:01 18 99.404 49.149
2024_0415_16:46:01 18 97.722 97.743
2024_0415_16:46:02 18 -0.657 -0.094
2024_0415_16:46:05 18 -50.0 50.0
2024_0415_16:46:13 18 98.838 98.975
2024_0415_16:46:57 18 0.14 -0.083
2024_0415_16:47:02 18 -5.805 5.628
2024_0415_16:47:07 19 0.001 -0.174
2024_0415_16:47:15 19 18.079 76.581
2024_0415_16:47:17 20 -11.819 73.928
2024_0415_16:47:28 20 36.163 47.435
2024_0415_16:47:37 20 97.692 98.853
2024_0415_16:51:35 20 -99.998 0.0
2024_0415_16:51:49 18 0.476 0.629
2024_0415_16:51:49 17 98.915 95.995
2024_0415_16:51:51 20 0.397 45.855
2024_0415_16:54:48 20 99.519 98.376
2024_0415_17:00:55 2 76.518 99.44
2024_0415_17:00:57 2 97.698 99.524
2024_0415_17:00:57 2 97.765 99.386
2024_0415_17:00:57 5 99.527 98.264
2024_0415_17:00:58 2 96.767 99.159
2024_0415_17:00:58 2 98.392 99.24
2024_0415_17:01:00 2 98.714 99.24
2024_0415_17:01:02 3 98.158 99.355
2024_0415_17:01:09 2 96.578 99.42
2024_0415_17:01:10 1 99.408 99.428
2024_0415_17:01:10 7 99.346 96.34
2024_0415_17:01:11 2 98.079 99.306
2024_0415_17:01:12 2 97.714 99.395
2024_0415_17:01:12 4 49.393 99.335
2024_0415_17:01:13 4 49.511 99.33
2024_0415_17:01:13 6 99.01 98.629
2024_0415_17:07:01 7 98.284 99.057
2024_0415_17:07:04 8 98.943 98.183
2024_0415_17:07:04 11 0.003 0.159
2024_0415_17:07:05 8 96.218 97.654
2024_0415_17:07:10 11 99.296 97.474
2024_0415_17:07:10 11 99.345 97.246
2024_0415_17:07:13 10 97.261 99.501
2024_0415_17:07:19 9 95.488 98.836
2024_0415_17:07:27 11 0.17 -0.018
2024_0415_17:07:28 11 0.037 -0.312
2024_0415_17:07:29 11 -0.448 0.186
2024_0415_17:07:29 11 8.495 15.531
2024_0415_17:07:30 11 99.211 99.406
2024_0415_17:07:30 11 -0.031 -0.32
2024_0415_17:07:37 11 -50.0 -99.997
2024_0415_17:07:38 11 69.451 99.522
2024_0415_17:13:05 11 -0.15 -0.097
2024_0415_17:13:12 11 93.575 90.873
2024_0415_17:13:12 11 -0.232 0.307
2024_0415_17:13:14 11 99.998 -99.998
2024_0415_17:13:17 11 99.525 99.311
2024_0415_17:13:19 11 99.556 98.171
2024_0415_17:13:30 12 99.263 99.361
2024_0415_17:13:31 11 -0.01 0.195
2024_0415_17:13:49 12 98.081 47.567
2024_0415_17:13:50 12 79.554 38.821
2024_0415_17:13:50 12 0.244 0.668
2024_0415_17:13:50 12 99.285 98.957
2024_0415_17:13:51 12 99.485 99.53
2024_0415_17:13:56 12 96.355 97.043
2024_0415_17:13:57 12 0.346 -0.388
2024_0415_17:13:58 12 55.271 84.246
2024_0415_17:19:10 12 -0.816 -0.112
2024_0415_17:19:19 12 96.563 98.551
2024_0415_17:19:21 12 98.109 98.729
2024_0415_17:19:26 12 0.124 -0.018
2024_0415_17:19:26 13 -0.496 0.098
2024_0415_17:19:28 12 99.265 98.001
2024_0415_17:19:36 13 -0.202 -0.381
2024_0415_17:19:38 13 -9.649 17.856
2024_0415_17:20:08 13 49.581 99.125
2024_0415_17:20:12 13 99.371 99.245
2024_0415_17:20:13 13 97.978 99.355
2024_0415_17:20:14 13 -0.061 -0.07
2024_0415_17:20:16 13 78.965 56.542
2024_0415_17:20:18 13 98.957 99.185
2024_0415_17:20:18 13 89.619 98.621
2024_0415_17:20:20 13 99.109 49.609
2024_0415_17:25:16 13 0.324 -0.074
2024_0415_17:25:27 13 49.543 95.138
2024_0415_17:25:35 13 97.629 91.181
2024_0415_17:25:36 13 99.315 98.716
2024_0415_17:25:37 13 1.154 1.746
2024_0415_17:25:41 13 -0.123 0.11
2024_0415_17:25:42 13 0.114 0.29
2024_0415_17:25:46 13 -49.998 49.998
2024_0415_17:26:28 13 0.01 0.188
2024_0415_17:26:32 13 -0.284 -0.14
2024_0415_17:26:32 13 -0.289 0.015
2024_0415_17:26:35 13 49.498 99.419
2024_0415_17:26:37 14 -0.037 -0.528
2024_0415_17:26:38 14 -49.997 49.997
2024_0415_17:26:40 14 98.703 98.69
2024_0415_17:26:42 14 31.885 28.436
2024_0415_17:31:26 14 -0.081 -0.182
2024_0415_17:31:34 14 20.329 -19.947
2024_0415_17:31:44 14 -7.458 47.445
2024_0415_17:31:48 14 86.578 99.344
2024_0415_17:31:50 14 98.588 99.261
2024_0415_17:31:51 14 78.5 80.159
2024_0415_17:31:54 14 11.989 10.148
2024_0415_17:32:49 14 98.149 93.873
2024_0415_17:32:52 14 -49.999 -99.998
2024_0415_17:32:54 14 99.48 94.984
2024_0415_17:32:55 14 95.25 99.273
2024_0415_17:32:56 14 56.162 23.662
2024_0415_17:32:56 14 -19.792 20.02
2024_0415_17:32:58 14 97.613 98.925
2024_0415_17:33:06 14 99.432 48.881
2024_0415_17:34:38 14 16.477 16.555
2024_0415_17:37:39 15 -0.357 -0.339
2024_0415_17:37:40 14 15.302 23.294
2024_0415_17:37:53 15 82.132 81.249
2024_0415_17:37:57 15 26.93 -26.92
2024_0415_17:37:58 15 16.211 15.724
2024_0415_17:38:00 15 -95.699 99.462
2024_0415_17:38:04 15 96.971 87.819
2024_0415_17:39:11 15 98.718 97.522
2024_0415_17:39:16 15 98.924 95.527
2024_0415_17:39:16 15 -0.199 -0.285
2024_0415_17:39:17 15 -0.9 -0.291
2024_0415_17:39:23 15 0.408 0.0
2024_0415_17:39:24 15 0.037 0.251
2024_0415_17:39:26 15 -10.258 10.225
2024_0415_17:39:39 15 49.222 -0.474
2024_0415_17:40:40 15 -0.015 0.476
2024_0415_17:43:42 15 -0.156 0.522
2024_0415_17:43:52 15 79.664 78.66
2024_0415_17:43:59 15 -0.238 -0.39
2024_0415_17:44:02 15 0.134 0.414
2024_0415_17:44:04 15 0.372 -0.1
2024_0415_17:44:08 15 99.23 98.76
2024_0415_17:44:11 15 42.4 36.235
2024_0415_17:45:33 16 -0.135 -0.217
2024_0415_17:45:36 16 0.104 0.525
2024_0415_17:45:36 16 -0.888 1.02
2024_0415_17:45:38 16 -10.353 10.992
2024_0415_17:45:43 16 -0.281 54.495
2024_0415_17:45:48 16 82.77 -8.987
2024_0415_17:45:50 16 95.794 99.42
2024_0415_17:45:59 16 98.055 98.011
2024_0415_17:46:45 16 2.004 -0.177
2024_0415_17:49:52 16 98.961 98.301
2024_0415_17:50:06 16 36.335 48.4
2024_0415_17:50:07 16 -4.418 70.783
2024_0415_17:50:09 16 0.063 -0.086
2024_0415_17:50:12 16 -8.079 7.911
2024_0415_17:50:14 17 0.654 0.583
2024_0415_17:50:28 17 0.033 0.229
2024_0415_17:51:58 17 -0.393 -0.339
2024_0415_17:51:58 17 55.295 91.413
2024_0415_17:52:02 17 39.546 76.971
2024_0415_17:52:04 17 -31.897 56.761
2024_0415_17:52:09 17 -0.129 0.6
2024_0415_17:52:12 17 80.602 97.262
2024_0415_17:52:21 17 97.018 99.329
2024_0415_17:52:54 17 48.389 16.176
2024_0415_17:54:21 17 1.847 -1.244
2024_0415_17:56:01 17 96.36 -0.09
2024_0415_17:56:17 17 0.755 0.188
2024_0415_17:56:24 17 15.431 14.395
2024_0415_17:56:40 17 12.869 12.368
2024_0415_17:56:52 17 12.175 -1.723
2024_0415_17:58:21 18 0.1 0.198
2024_0415_17:58:23 18 55.385 99.234
2024_0415_17:58:24 18 97.849 99.347
2024_0415_17:58:29 18 -0.322 -0.441
2024_0415_17:58:32 18 -0.159 0.302
2024_0415_17:58:40 18 0.094 0.017
2024_0415_17:58:41 18 -0.445 -0.319
2024_0415_17:58:42 18 -19.406 20.032
2024_0415_17:59:05 18 -11.044 9.246
2024_0415_17:59:28 18 12.819 -12.28
2024_0415_18:00:47 18 98.462 99.435
2024_0415_18:02:30 18 97.944 98.486
2024_0415_18:02:41 18 0.388 0.179
2024_0415_18:02:54 18 0.076 -0.627
2024_0415_18:03:02 18 98.826 99.305
2024_0415_18:03:58 18 -49.801 49.681
2024_0415_18:04:40 18 99.998 -49.999
2024_0415_18:04:41 18 27.316 -27.838
2024_0415_18:04:45 18 0.447 0.748
2024_0415_18:04:52 19 89.366 -39.172
2024_0415_18:04:53 18 97.83 99.51
2024_0415_18:04:59 18 38.23 15.389
2024_0415_18:05:00 18 -10.179 10.384
2024_0415_18:05:15 19 19.592 -20.051
2024_0415_18:05:16 19 11.191 14.49
2024_0415_18:07:10 19 97.968 99.366
2024_0415_18:08:39 19 49.395 49.671
2024_0415_18:08:53 19 98.217 98.376
2024_0415_18:09:11 20 46.651 57.316
2024_0415_18:09:18 20 2.77 0.671
2024_0415_18:10:15 20 82.843 69.569
2024_0415_18:11:03 20 8.57 -8.252
2024_0415_18:11:03 20 70.255 5.787
2024_0415_18:11:07 20 99.223 49.672
2024_0415_18:11:11 20 0.002 0.127
2024_0415_18:11:16 20 -14.551 15.591
2024_0415_18:11:19 20 0.214 0.132
2024_0415_18:11:27 20 40.082 79.128
2024_0415_18:11:32 20 0.448 0.555
2024_0415_18:11:38 20 0.334 46.786
2024_0415_18:13:25 20 -99.998 49.999
2024_0415_18:14:47 14 98.451 99.351
2024_0415_18:15:03 17 14.84 -11.803
2024_0415_18:15:07 15 99.484 99.512
2024_0415_18:15:24 17 17.462 -11.15
2024_0415_18:15:34 17 9.789 -9.906
2024_0415_18:16:18 17 -1.148 -0.354
2024_0415_18:17:02 17 13.809 -14.266
2024_0415_18:17:11 18 -0.104 0.013
2024_0415_18:17:12 19 49.213 53.795
2024_0415_18:17:22 20 68.289 89.53
2024_0415_18:23:34 8 96.922 93.546
2024_0415_18:23:35 2 96.641 99.464
2024_0415_18:23:37 2 99.338 99.521
2024_0415_18:23:38 7 99.288 96.944
2024_0415_18:23:38 6 96.116 96.916
2024_0415_18:23:39 3 98.248 99.446
2024_0415_18:23:44 4 98.069 99.053
2024_0415_18:23:52 2 90.392 99.225
2024_0415_18:23:53 2 49.598 99.159
2024_0415_18:24:05 7 99.249 95.061
2024_0415_18:24:10 1 96.231 99.463
2024_0415_18:24:22 2 99.179 99.178
2024_0415_18:24:24 4 97.475 99.203
2024_0415_18:24:26 5 99.547 97.93
2024_0415_18:24:29 2 98.419 99.366
2024_0415_18:24:39 2 49.457 99.527
2024_0415_18:29:52 8 96.677 98.904
2024_0415_18:29:55 11 97.346 92.784
2024_0415_18:29:55 9 85.673 99.554
2024_0415_18:29:57 10 85.022 99.471
2024_0415_18:29:59 11 -49.998 -99.996
2024_0415_18:30:01 11 0.089 -0.147
2024_0415_18:30:03 11 99.647 -50.01
2024_0415_18:30:08 11 -0.181 -0.072
2024_0415_18:30:13 11 49.394 98.282
2024_0415_18:30:15 11 0.075 -0.232
2024_0415_18:30:30 11 0.025 -0.203
2024_0415_18:30:30 11 -0.212 -0.25
2024_0415_18:30:31 11 99.366 97.926
2024_0415_18:30:36 11 -0.218 0.022
2024_0415_18:30:44 11 -0.04 0.395
2024_0415_18:33:22 11 -0.537 -0.121
2024_0415_18:36:04 12 -0.007 -0.334
2024_0415_18:36:11 11 94.401 85.319
2024_0415_18:36:12 11 -0.051 0.303
2024_0415_18:36:14 11 98.311 92.344
2024_0415_18:36:15 11 -0.108 -0.063
2024_0415_18:36:19 11 49.658 95.919
2024_0415_18:36:20 12 99.516 97.094
2024_0415_18:36:21 12 99.36 97.981
2024_0415_18:36:26 12 -0.176 -0.017
2024_0415_18:36:26 12 20.309 19.373
2024_0415_18:36:34 12 -22.262 22.176
2024_0415_18:36:35 12 48.755 97.871
2024_0415_18:36:35 12 97.025 49.566
2024_0415_18:36:39 12 0.555 -0.266
2024_0415_18:36:46 12 0.034 -0.322
2024_0415_18:39:46 12 0.004 0.087
2024_0415_18:42:10 12 49.906 49.928
2024_0415_18:42:20 13 0.029 -0.196
2024_0415_18:42:22 13 0.352 0.402
2024_0415_18:42:31 13 0.769 -0.376
2024_0415_18:42:35 13 97.834 86.226
2024_0415_18:42:36 13 99.268 99.237
2024_0415_18:42:39 13 0.071 -0.172
2024_0415_18:42:40 13 36.947 -10.171
2024_0415_18:42:41 12 48.307 48.512
2024_0415_18:42:42 13 0.403 -0.151
2024_0415_18:42:44 13 -0.553 0.167
2024_0415_18:42:44 13 96.287 98.64
2024_0415_18:42:48 13 79.638 79.735
2024_0415_18:42:48 13 -0.162 -0.089
2024_0415_18:42:57 13 0.904 1.135
2024_0415_18:46:09 13 -99.998 99.998
2024_0415_18:48:15 13 -49.998 49.998
2024_0415_18:48:22 13 -0.603 3.277
2024_0415_18:48:24 13 -0.344 -0.462
2024_0415_18:48:42 13 38.784 35.084
2024_0415_18:48:47 14 -0.034 0.338
2024_0415_18:48:47 13 49.14 99.39
2024_0415_18:48:49 14 -49.999 49.999
2024_0415_18:48:51 13 -0.445 0.103
2024_0415_18:48:53 13 -0.137 0.428
2024_0415_18:48:56 14 98.987 78.879
2024_0415_18:48:56 13 10.24 -10.237
2024_0415_18:48:59 13 0.413 0.495
2024_0415_18:49:02 14 37.387 31.473
2024_0415_18:49:06 14 0.609 0.203
2024_0415_18:49:20 14 75.35 14.551
2024_0415_18:52:33 14 18.993 17.093
2024_0415_18:54:17 14 -0.168 -0.114
2024_0415_18:54:28 14 -2.636 55.322
2024_0415_18:54:29 14 -0.123 0.121
2024_0415_18:54:46 14 34.017 33.764
2024_0415_18:54:53 14 -0.348 0.57
2024_0415_18:54:54 14 24.286 27.036
2024_0415_18:54:59 14 59.261 99.191
2024_0415_18:55:01 14 96.152 97.858
2024_0415_18:55:12 14 0.454 0.063
2024_0415_18:55:16 14 -99.466 99.998
2024_0415_18:55:17 14 98.539 97.353
2024_0415_18:55:22 14 0.224 -0.407
2024_0415_18:55:24 14 -20.408 20.157
2024_0415_18:55:28 14 42.246 48.912
2024_0415_18:55:47 14 45.3 -42.313
2024_0415_18:59:01 15 23.259 64.305
2024_0415_19:00:26 15 98.875 97.444
2024_0415_19:00:28 15 -0.013 0.188
2024_0415_19:00:42 15 98.774 73.056
2024_0415_19:00:58 15 0.393 0.377
2024_0415_19:01:01 15 -0.163 -0.564
2024_0415_19:01:04 15 99.272 99.159
2024_0415_19:01:12 15 6.18 -1.581
2024_0415_19:01:37 15 79.318 79.525
2024_0415_19:01:43 15 42.942 39.6
2024_0415_19:01:47 15 4.729 4.142
2024_0415_19:01:50 15 78.342 75.154
2024_0415_19:01:50 15 -0.049 0.436
2024_0415_19:01:58 15 46.859 -17.881
2024_0415_19:02:14 15 -0.796 -0.21
2024_0415_19:04:40 15 99.148 99.242
2024_0415_19:05:26 15 0.977 -0.24
2024_0415_19:06:32 15 49.383 99.169
2024_0415_19:06:37 15 88.451 98.153
2024_0415_19:06:47 15 0.445 -0.353
2024_0415_19:07:04 15 17.903 18.108
2024_0415_19:07:04 15 66.004 65.906
2024_0415_19:07:05 16 0.071 -0.213
2024_0415_19:07:59 16 0.56 0.284
2024_0415_19:08:09 16 -1.725 49.703
2024_0415_19:08:11 16 -8.271 37.723
2024_0415_19:08:12 16 90.616 99.449
2024_0415_19:08:15 16 -0.129 -0.206
2024_0415_19:08:18 16 49.998 99.464
2024_0415_19:08:21 16 -0.245 1.394
2024_0415_19:10:43 16 -18.187 97.235
2024_0415_19:10:59 16 7.885 36.291
2024_0415_19:11:56 16 48.383 48.836
2024_0415_19:12:47 16 49.543 49.524
2024_0415_19:12:53 17 95.606 99.173
2024_0415_19:13:08 17 -0.225 -0.117
2024_0415_19:13:16 17 76.365 76.288
2024_0415_19:13:17 17 77.931 97.645
2024_0415_19:13:50 17 -0.666 0.31
2024_0415_19:14:21 17 0.228 0.315
2024_0415_19:14:35 17 0.368 0.496
2024_0415_19:14:35 17 15.177 16.316
2024_0415_19:14:40 17 19.931 60.358
2024_0415_19:14:49 17 0.317 -0.348
2024_0415_19:16:48 17 16.94 16.972
2024_0415_19:17:28 17 29.353 41.478
2024_0415_19:18:04 17 0.212 0.359
2024_0415_19:18:25 17 4.866 -5.235
2024_0415_19:18:52 17 66.544 -1.333
2024_0415_19:19:00 17 99.823 -1.549
2024_0415_19:19:08 17 0.033 -0.062
2024_0415_19:19:21 18 -0.167 -0.832
2024_0415_19:19:23 18 81.316 46.04
2024_0415_19:19:55 18 97.478 98.315
2024_0415_19:20:45 18 88.764 99.065
2024_0415_19:21:05 18 -7.685 7.776
2024_0415_19:21:05 18 0.543 0.029
2024_0415_19:21:07 18 47.997 -43.026
2024_0415_19:21:26 18 -41.632 52.057
2024_0415_19:22:53 18 -20.985 22.632
2024_0415_19:23:57 18 38.825 43.699
2024_0415_19:24:30 18 0.34 0.04
2024_0415_19:24:45 18 -50.0 -99.972
2024_0415_19:25:04 18 0.144 -0.557
2024_0415_19:25:05 18 39.671 79.623
2024_0415_19:25:07 18 -0.013 -0.182
2024_0415_19:25:25 18 -99.999 100.0
2024_0415_19:25:33 18 15.651 15.126
2024_0415_19:25:40 18 77.271 79.16
2024_0415_19:25:57 18 -0.036 0.017
2024_0415_19:27:03 18 0.436 0.216
2024_0415_19:27:34 19 -6.082 26.689
2024_0415_19:27:40 19 99.133 99.679
2024_0415_19:29:00 19 -3.962 8.722
2024_0415_19:30:27 19 -0.153 -0.215
2024_0415_19:30:56 19 24.97 -25.099
2024_0415_19:31:13 19 -9.431 9.501
2024_0415_19:31:14 19 9.703 -9.722
2024_0415_19:31:15 19 66.872 -3.978
2024_0415_19:31:28 19 0.239 -0.048
2024_0415_19:31:31 19 55.396 69.975
2024_0415_19:31:52 20 53.922 56.262
2024_0415_19:32:04 20 48.026 49.663
2024_0415_19:32:26 20 77.861 77.015
2024_0415_19:34:03 20 -0.255 0.169
2024_0415_19:34:07 20 14.64 19.316
2024_0415_19:34:07 20 0.263 0.189
2024_0415_19:35:10 20 98.14 95.851
2024_0415_19:37:01 20 10.031 -10.163
2024_0415_19:37:20 10 98.182 98.897
2024_0415_19:37:21 15 48.039 46.647
2024_0415_19:37:30 16 13.035 -8.967
2024_0415_19:37:32 16 90.786 31.966
2024_0415_19:37:40 20 -53.43 73.305
2024_0415_19:37:54 17 28.017 30.496
2024_0415_19:38:07 17 99.621 -30.585
2024_0415_19:38:49 18 20.773 -20.274
2024_0415_19:38:55 18 0.19 0.299
2024_0415_19:40:10 19 9.875 70.847
2024_0415_19:40:21 19 98.128 99.126
2024_0415_19:40:25 20 15.984 17.265
2024_0415_19:40:31 20 -0.048 -0.097
2024_0415_19:41:04 20 99.444 49.333
2024_0415_19:41:26 20 -8.221 8.515
2024_0415_19:43:03 16 -0.251 -1.366
2024_0415_19:49:09 2 94.842 99.247
2024_0415_19:49:09 2 98.972 99.534
2024_0415_19:49:10 2 94.301 99.485
2024_0415_19:49:10 2 97.76 99.189
2024_0415_19:49:12 4 96.923 99.488
2024_0415_19:49:12 2 49.205 99.5
2024_0415_19:49:13 3 96.837 99.066
2024_0415_19:49:13 2 96.348 99.19
2024_0415_19:49:28 2 84.591 99.258
2024_0415_19:49:28 2 93.976 99.358
2024_0415_19:49:28 1 95.716 99.485
2024_0415_19:49:28 1 96.612 99.543
2024_0415_19:49:29 2 49.6 99.418
2024_0415_19:49:31 2 99.312 99.239
2024_0415_19:49:31 2 94.988 99.387
2024_0415_19:49:32 3 94.788 99.13
2024_0415_19:55:17 7 98.84 99.399
2024_0415_19:55:17 8 96.352 96.487
2024_0415_19:55:18 8 99.023 97.957
2024_0415_19:55:18 4 55.506 99.346
2024_0415_19:55:18 6 99.061 99.508
2024_0415_19:55:19 7 98.478 99.273
2024_0415_19:55:22 9 99.4 99.487
2024_0415_19:55:49 11 -99.466 99.998
2024_0415_19:55:51 11 0.558 -0.671
2024_0415_19:55:52 11 0.083 -0.203
2024_0415_19:55:53 11 -0.382 43.51
2024_0415_19:55:54 11 0.258 -0.35
2024_0415_19:55:55 10 66.694 99.192
2024_0415_19:55:55 10 88.068 99.633
2024_0415_19:55:57 11 97.982 99.373
2024_0415_19:59:54 11 -49.986 91.374
2024_0415_20:01:21 11 97.262 97.523
2024_0415_20:01:22 11 -0.06 0.437
2024_0415_20:01:22 11 99.183 95.166
2024_0415_20:01:23 11 -0.138 -0.138
2024_0415_20:01:25 11 99.414 97.967
2024_0415_20:01:25 11 98.987 98.934
2024_0415_20:01:29 11 99.427 96.261
2024_0415_20:02:13 11 -0.109 0.075
2024_0415_20:02:13 11 0.56 -0.166
2024_0415_20:02:15 11 0.401 -0.308
2024_0415_20:02:16 11 0.73 -0.095
2024_0415_20:02:19 11 98.557 83.933
2024_0415_20:02:21 11 0.474 -0.246
2024_0415_20:02:26 11 0.226 0.472
2024_0415_20:02:28 11 -0.067 0.187
2024_0415_20:06:00 11 78.246 99.227
2024_0415_20:07:24 11 98.189 96.038
2024_0415_20:07:26 11 92.353 98.979
2024_0415_20:07:30 11 94.514 99.122
2024_0415_20:07:31 11 98.528 97.684
2024_0415_20:07:31 12 -0.077 -0.244
2024_0415_20:07:36 11 17.887 17.096
2024_0415_20:07:38 12 97.522 97.366
2024_0415_20:08:37 12 0.077 0.26
2024_0415_20:08:37 12 -0.061 0.612
2024_0415_20:08:38 12 98.967 98.736
2024_0415_20:08:39 12 94.506 98.956
2024_0415_20:08:42 12 -0.186 -1.465
2024_0415_20:08:47 12 99.467 99.474
2024_0415_20:08:51 12 0.092 0.391
2024_0415_20:08:52 12 0.038 -0.285
2024_0415_20:12:08 12 99.176 97.46
2024_0415_20:13:28 12 0.767 0.368
2024_0415_20:13:28 12 0.249 0.317
2024_0415_20:13:37 12 98.164 99.237
2024_0415_20:13:37 12 19.897 8.978
2024_0415_20:13:43 12 99.418 94.356
2024_0415_20:13:43 12 -0.639 0.862
2024_0415_20:13:44 12 0.246 0.223
2024_0415_20:14:58 12 0.184 0.915
2024_0415_20:14:59 12 0.481 -0.308
2024_0415_20:15:03 12 -49.998 49.998
2024_0415_20:15:09 13 92.351 86.341
2024_0415_20:15:12 13 95.604 98.623
2024_0415_20:15:13 13 0.137 -0.467
2024_0415_20:15:20 13 98.59 90.184
2024_0415_20:15:21 13 99.192 49.456
2024_0415_20:18:12 13 -0.13 -1.187
2024_0415_20:19:32 13 0.268 -0.135
2024_0415_20:19:36 13 98.123 98.951
2024_0415_20:19:44 13 -99.998 -99.998
2024_0415_20:19:45 13 97.336 99.424
2024_0415_20:19:47 13 93.764 99.078
2024_0415_20:19:50 13 0.362 0.56
2024_0415_20:19:52 13 99.387 99.077
2024_0415_20:21:23 13 0.002 0.135
2024_0415_20:21:25 13 -49.998 -99.996
2024_0415_20:21:31 13 97.355 99.26
2024_0415_20:21:34 13 11.193 -10.732
2024_0415_20:21:36 13 0.422 0.008
2024_0415_20:21:38 13 52.027 79.076
2024_0415_20:21:47 13 95.6 99.31
2024_0415_20:21:48 13 99.472 99.104
2024_0415_20:24:19 13 98.899 87.74
2024_0415_20:25:38 13 1.304 3.375
2024_0415_20:25:38 13 0.064 -0.17
2024_0415_20:25:51 13 -49.999 49.999
2024_0415_20:25:53 13 9.923 -10.558
2024_0415_20:25:55 13 98.839 89.482
2024_0415_20:25:56 13 -1.39 48.72
2024_0415_20:25:57 13 48.015 49.856
2024_0415_20:27:46 13 0.104 0.482
2024_0415_20:27:52 13 78.551 78.099
2024_0415_20:27:56 13 -0.607 0.255
2024_0415_20:28:00 13 98.288 97.508
2024_0415_20:28:00 14 99.112 99.209
2024_0415_20:28:02 14 -0.014 0.264
2024_0415_20:28:11 14 -0.286 0.29
2024_0415_20:28:17 14 98.873 80.202
2024_0415_20:30:24 14 0.113 0.184
2024_0415_20:31:45 14 96.251 99.529
2024_0415_20:31:47 14 -21.609 20.956
2024_0415_20:31:55 14 -0.239 -0.051
2024_0415_20:31:58 14 49.995 -49.997
2024_0415_20:32:03 14 -2.23 4.161
2024_0415_20:32:03 14 49.465 98.966
2024_0415_20:32:04 14 -99.986 -99.994
2024_0415_20:34:10 14 -10.562 10.285
2024_0415_20:34:23 14 2.568 -0.562
2024_0415_20:34:24 14 -0.123 0.083
2024_0415_20:34:24 14 99.239 95.487
2024_0415_20:34:26 14 -13.828 13.449
2024_0415_20:34:27 14 77.319 79.655
2024_0415_20:34:28 14 -0.184 0.319
2024_0415_20:34:44 14 99.205 98.846
2024_0415_20:36:28 14 -0.174 0.047
2024_0415_20:37:52 14 49.306 96.137
2024_0415_20:38:02 14 0.199 -0.046
2024_0415_20:38:06 14 98.639 98.521
2024_0415_20:38:09 14 15.515 16.838
2024_0415_20:38:10 14 -0.237 -1.091
2024_0415_20:38:11 14 98.833 98.452
2024_0415_20:38:14 14 97.6 98.539
2024_0415_20:40:30 15 99.998 -99.998
2024_0415_20:40:47 14 -0.289 -0.267
2024_0415_20:40:51 14 98.97 94.494
2024_0415_20:41:12 15 -0.493 -0.316
2024_0415_20:41:34 15 47.109 41.931
2024_0415_20:42:41 15 0.127 0.021
2024_0415_20:43:59 15 -0.651 -0.205
2024_0415_20:43:59 15 4.644 1.731
2024_0415_20:44:07 15 -0.066 0.461
2024_0415_20:44:15 15 49.996 -49.998
2024_0415_20:44:19 15 99.282 99.27
2024_0415_20:44:23 15 50.0 -50.0
2024_0415_20:44:36 15 -9.751 9.845
2024_0415_20:45:07 15 0.481 -0.215
2024_0415_20:46:37 15 0.522 0.509
2024_0415_20:47:12 15 0.076 -0.187
2024_0415_20:47:13 15 16.448 38.84
2024_0415_20:47:16 15 0.143 -0.074
2024_0415_20:47:35 15 -0.546 75.115
2024_0415_20:47:57 15 1.035 0.043
2024_0415_20:48:48 15 4.379 0.155
2024_0415_20:49:12 15 -0.134 0.195
2024_0415_20:50:06 15 -0.503 0.235
2024_0415_20:50:16 15 98.921 92.35
2024_0415_20:50:27 15 -0.156 0.039
2024_0415_20:50:28 15 97.624 99.563
2024_0415_20:50:33 15 -0.266 -0.505
2024_0415_20:50:35 15 48.932 99.482
2024_0415_20:51:00 15 0.253 -0.133
2024_0415_20:52:49 15 92.57 99.346
2024_0415_20:53:35 15 19.001 20.253
2024_0415_20:53:35 15 -0.359 -0.573
2024_0415_20:53:49 15 1.534 1.454
2024_0415_20:54:03 15 83.184 72.054
2024_0415_20:54:22 15 99.162 98.026
2024_0415_20:55:02 16 84.509 99.061
2024_0415_20:55:25 16 94.8 97.822
2024_0415_20:56:16 16 48.85 -0.385
2024_0415_20:56:24 16 48.603 48.341
2024_0415_20:56:41 16 76.582 94.511
2024_0415_20:56:51 16 0.89 2.379
2024_0415_20:56:53 16 43.501 93.272
2024_0415_20:57:00 16 92.844 97.724
2024_0415_20:57:22 16 17.709 7.66
2024_0415_20:57:30 16 -0.073 0.371
2024_0415_20:59:02 16 98.834 99.269
2024_0415_20:59:59 16 69.373 98.728
2024_0415_21:00:14 16 98.261 63.915
2024_0415_21:00:20 16 96.995 99.471
2024_0415_21:00:38 16 22.222 -14.047
2024_0415_21:00:50 16 98.233 98.475
2024_0415_21:01:31 16 0.506 0.138
2024_0415_21:02:25 16 1.0 0.503
2024_0415_21:02:34 16 98.973 98.907
2024_0415_21:02:54 16 19.162 13.26
2024_0415_21:03:07 17 9.135 -8.703
2024_0415_21:03:16 16 -4.025 79.941
2024_0415_21:03:19 16 40.48 44.317
2024_0415_21:03:56 17 99.509 97.572
2024_0415_21:03:58 17 4.192 -0.818
2024_0415_21:05:14 17 95.877 -0.238
2024_0415_21:06:27 17 7.577 -7.471
2024_0415_21:06:39 17 42.682 -0.131
2024_0415_21:06:45 17 16.502 2.27
2024_0415_21:06:55 17 16.805 -16.37
2024_0415_21:07:04 17 98.657 97.169
2024_0415_21:07:22 17 63.826 9.009
2024_0415_21:07:41 17 9.615 -9.179
2024_0415_21:08:34 17 -0.262 0.116
2024_0415_21:08:45 17 75.055 93.64
2024_0415_21:09:12 17 83.637 76.631
2024_0415_21:09:20 17 49.444 99.434
2024_0415_21:09:25 17 98.636 99.341
2024_0415_21:09:47 17 98.617 98.883
2024_0415_21:10:19 17 -0.001 0.239
2024_0415_21:10:27 17 99.249 97.007
2024_0415_21:11:21 17 0.024 -0.61
2024_0415_21:12:57 17 0.041 -0.067
2024_0415_21:13:03 17 0.29 0.109
2024_0415_21:13:10 17 45.618 45.616
2024_0415_21:13:15 17 97.594 98.543
2024_0415_21:13:32 17 -0.209 0.453
2024_0415_21:13:48 17 0.208 -1.084
2024_0415_21:13:51 17 35.979 99.481
2024_0415_21:14:49 17 8.212 17.72
2024_0415_21:14:56 18 7.485 25.511
2024_0415_21:15:32 18 -2.644 5.672
2024_0415_21:15:34 18 92.307 98.318
2024_0415_21:15:35 18 49.444 99.327
2024_0415_21:16:13 18 -0.34 0.218
2024_0415_21:16:48 18 98.07 99.511
2024_0415_21:16:52 18 -9.961 9.568
2024_0415_21:17:33 18 1.044 -0.347
2024_0415_21:19:14 18 49.385 98.497
2024_0415_21:19:25 18 -0.259 0.221
2024_0415_21:19:37 18 -0.231 0.284
2024_0415_21:19:42 18 -0.174 4.859
2024_0415_21:19:58 18 1.173 1.001
2024_0415_21:19:58 18 52.126 36.881
2024_0415_21:20:18 18 98.991 99.227
2024_0415_21:21:02 18 -3.007 44.054
2024_0415_21:21:11 18 8.562 4.161
2024_0415_21:21:39 18 -33.174 33.127
2024_0415_21:21:41 18 77.055 9.921
2024_0415_21:21:47 18 7.852 7.916
2024_0415_21:22:52 18 -0.501 -0.21
2024_0415_21:23:17 18 64.903 99.062
2024_0415_21:23:19 18 -0.07 0.436
2024_0415_21:23:44 18 99.207 98.614
2024_0415_21:25:21 18 0.225 0.459
2024_0415_21:25:55 18 95.141 99.113
2024_0415_21:26:04 18 95.027 98.912
2024_0415_21:26:08 18 7.516 -0.324
2024_0415_21:26:08 18 13.522 16.041
2024_0415_21:26:28 18 98.304 99.145
2024_0415_21:26:41 18 49.394 95.45
2024_0415_21:27:12 18 0.152 0.573
2024_0415_21:27:32 18 97.582 47.075
2024_0415_21:27:45 19 -50.001 49.998
2024_0415_21:27:51 19 50.728 4.863
2024_0415_21:27:52 19 66.651 -66.613
2024_0415_21:29:21 19 -0.835 0.793
2024_0415_21:29:44 19 16.888 -16.579
2024_0415_21:29:44 19 -49.827 49.999
2024_0415_21:30:08 19 0.326 35.096
2024_0415_21:31:28 19 -99.998 99.998
2024_0415_21:32:14 19 80.062 -79.71
2024_0415_21:32:31 19 -47.51 47.509
2024_0415_21:32:34 19 98.081 49.559
2024_0415_21:32:37 19 -0.233 0.556
2024_0415_21:32:54 19 0.189 -0.195
2024_0415_21:33:07 19 99.442 99.57
2024_0415_21:33:19 19 0.23 0.209
2024_0415_21:33:55 19 0.276 0.603
2024_0415_21:33:55 19 -0.206 0.387
2024_0415_21:34:12 19 -0.45 -0.102
2024_0415_21:35:53 20 0.119 -0.279
2024_0415_21:36:09 20 99.331 97.169
2024_0415_21:36:18 20 14.108 12.643
2024_0415_21:36:22 20 98.155 99.455
2024_0415_21:36:49 20 97.635 98.769
2024_0415_21:39:04 20 0.655 0.673
2024_0415_21:39:09 20 0.001 -0.467
2024_0415_21:39:22 20 99.539 96.904
2024_0415_21:39:32 20 -0.643 0.083
2024_0415_21:39:35 20 99.397 98.7
2024_0415_21:39:55 20 12.279 -11.615
2024_0415_21:40:02 20 0.197 -0.095
2024_0415_21:40:03 20 0.371 -0.075
2024_0415_21:40:05 20 48.231 -0.171
2024_0415_21:40:19 20 -0.414 -0.23
2024_0415_21:41:40 20 23.737 96.665
2024_0415_21:42:18 5 99.106 99.478
2024_0415_21:42:22 14 92.724 99.183
2024_0415_21:42:34 14 48.406 47.883
2024_0415_21:42:44 14 -0.473 -0.093
2024_0415_21:42:49 14 47.645 26.16
2024_0415_21:45:24 15 2.855 -0.115
2024_0415_21:45:30 18 93.841 91.975
2024_0415_21:45:36 16 10.135 -10.251
2024_0415_21:45:45 19 15.004 5.067
2024_0415_21:45:59 20 99.318 97.755
2024_0415_21:49:36 20 8.162 29.636
2024_0415_21:50:22 15 99.113 98.3
2024_0415_21:51:09 20 98.776 99.511
2024_0415_21:57:15 2 98.505 99.358
2024_0415_21:57:16 1 88.607 99.47
2024_0415_21:57:17 1 99.464 99.521
2024_0415_21:57:17 2 96.41 99.38
2024_0415_21:57:18 2 98.959 99.322
2024_0415_21:57:18 2 97.852 99.191
2024_0415_21:57:19 2 99.151 99.541
2024_0415_21:57:31 2 97.999 99.354
2024_0415_21:57:32 2 98.218 99.281
2024_0415_21:57:32 1 81.862 99.469
2024_0415_21:57:32 1 96.551 99.496
2024_0415_21:57:32 1 98.953 99.521
2024_0415_21:57:33 2 99.12 99.436
2024_0415_21:57:34 1 97.987 99.486
2024_0415_21:57:35 2 97.241 99.494
2024_0415_22:00:19 2 98.765 99.101
2024_0415_22:03:24 2 98.043 99.366
2024_0415_22:03:26 2 98.056 99.492
2024_0415_22:03:27 2 97.69 99.298
2024_0415_22:03:27 2 98.937 99.406
2024_0415_22:03:29 2 99.252 99.453
2024_0415_22:03:30 2 98.796 99.329
2024_0415_22:03:30 2 95.963 99.321
2024_0415_22:03:53 2 98.78 99.457
2024_0415_22:03:54 2 89.098 99.458
2024_0415_22:03:56 2 98.063 99.531
2024_0415_22:03:57 2 99.261 99.469
2024_0415_22:03:58 2 98.731 99.484
2024_0415_22:03:58 2 94.935 99.17
2024_0415_22:03:58 2 98.719 99.297
2024_0415_22:03:59 2 81.889 99.459
2024_0415_22:06:39 2 99.398 99.526
2024_0415_22:09:45 2 99.209 93.664
2024_0415_22:09:49 2 99.552 99.379
2024_0415_22:09:51 2 99.499 97.872
2024_0415_22:09:53 2 99.512 95.067
2024_0415_22:09:53 2 99.41 98.886
2024_0415_22:09:53 2 99.181 97.557
2024_0415_22:09:55 2 99.526 98.092
2024_0415_22:10:16 2 99.09 94.682
2024_0415_22:10:17 2 99.109 98.275
2024_0415_22:10:18 2 99.053 97.253
2024_0415_22:10:20 2 99.469 99.277
2024_0415_22:10:20 2 99.325 94.452
2024_0415_22:10:21 2 99.477 99.403
2024_0415_22:10:21 2 99.525 98.969
2024_0415_22:10:26 2 99.414 99.319
2024_0415_22:12:58 2 99.324 99.383
2024_0415_22:16:08 2 99.308 99.359
2024_0415_22:16:12 2 99.415 99.436
2024_0415_22:16:13 2 99.078 99.138
2024_0415_22:16:15 2 99.167 99.297
2024_0415_22:16:16 2 99.284 99.194
2024_0415_22:16:17 2 99.495 99.267
2024_0415_22:16:18 2 99.228 99.421
2024_0415_22:16:42 2 99.445 99.478
2024_0415_22:16:45 2 99.344 99.412
2024_0415_22:16:46 2 99.357 99.138
2024_0415_22:16:46 2 99.212 99.458
2024_0415_22:16:46 2 99.44 99.572
2024_0415_22:16:47 2 99.439 99.462
2024_0415_22:16:48 2 99.272 99.511
2024_0415_22:16:50 2 99.458 99.362
2024_0415_22:19:21 3 98.752 84.436
2024_0415_22:22:31 3 96.817 62.813
2024_0415_22:22:35 4 49.439 90.857
2024_0415_22:22:36 4 96.857 49.355
2024_0415_22:22:38 4 98.419 96.604
2024_0415_22:22:39 4 96.871 49.434
2024_0415_22:22:39 5 86.369 99.398
2024_0415_22:22:40 4 99.043 89.916
2024_0415_22:23:06 5 94.306 94.742
2024_0415_22:23:10 6 99.479 99.484
2024_0415_22:23:11 6 99.462 99.551
2024_0415_22:23:11 6 99.363 99.526
2024_0415_22:23:12 7 96.809 98.717
2024_0415_22:23:14 7 97.832 88.5
2024_0415_22:23:15 7 98.793 97.932
2024_0415_22:23:20 7 94.375 99.093
2024_0415_22:25:45 7 98.404 99.445
2024_0415_22:28:50 8 97.97 99.283
2024_0415_22:28:55 8 98.616 98.837
2024_0415_22:28:56 8 49.322 99.352
2024_0415_22:28:57 8 92.325 99.475
2024_0415_22:28:58 8 96.16 99.348
2024_0415_22:29:01 8 98.417 99.18
2024_0415_22:29:09 9 96.858 95.965
2024_0415_22:29:40 9 96.074 99.267
2024_0415_22:29:42 10 97.308 99.61
2024_0415_22:29:43 10 95.572 98.443
2024_0415_22:29:43 11 -0.455 0.341
2024_0415_22:29:46 10 98.402 98.13
2024_0415_22:29:47 10 75.618 99.587
2024_0415_22:29:53 10 97.303 97.933
2024_0415_22:32:05 11 0.321 -0.202
2024_0415_22:33:27 11 -0.254 0.009
2024_0415_22:35:13 11 -10.636 64.199
2024_0415_22:35:15 11 -0.15 0.109
2024_0415_22:35:17 11 -0.309 0.363
2024_0415_22:35:19 11 83.88 99.395
2024_0415_22:35:19 11 99.497 96.585
2024_0415_22:35:21 11 -0.218 0.115
2024_0415_22:35:35 11 98.801 92.217
2024_0415_22:36:07 11 -49.999 49.999
2024_0415_22:36:07 11 0.077 0.224
2024_0415_22:36:09 11 -49.999 49.999
2024_0415_22:36:10 11 98.835 92.518
2024_0415_22:36:11 11 -0.068 -0.338
2024_0415_22:36:11 11 49.055 97.347
2024_0415_22:36:22 11 99.214 86.866
2024_0415_22:38:27 11 -0.66 0.623
2024_0415_22:39:49 11 -0.044 0.415
2024_0415_22:41:34 11 -99.99 -99.998
2024_0415_22:41:35 11 -0.387 0.355
2024_0415_22:41:35 11 -0.846 0.807
2024_0415_22:41:38 11 99.14 98.643
2024_0415_22:41:41 11 99.17 95.64
2024_0415_22:41:42 11 98.649 99.261
2024_0415_22:41:57 11 88.192 99.345
2024_0415_22:42:32 11 -0.321 0.33
2024_0415_22:42:33 11 -0.053 0.234
2024_0415_22:42:34 11 -0.724 0.317
2024_0415_22:42:37 11 97.386 99.429
2024_0415_22:42:39 11 0.187 -0.084
2024_0415_22:42:39 11 -0.033 0.306
2024_0415_22:42:49 11 0.108 0.136
2024_0415_22:44:46 11 -0.24 0.183
2024_0415_22:46:14 11 -0.19 -0.113
2024_0415_22:47:52 11 82.808 99.448
2024_0415_22:47:53 11 0.271 -0.229
2024_0415_22:47:54 11 99.468 99.293
2024_0415_22:48:02 11 94.24 98.454
2024_0415_22:48:03 11 99.213 89.185
2024_0415_22:48:06 11 0.268 -0.228
2024_0415_22:48:20 11 98.975 99.256
2024_0415_22:48:57 11 0.06 0.346
2024_0415_22:48:58 11 -0.391 0.48
2024_0415_22:48:59 11 -0.233 -0.105
2024_0415_22:49:00 11 0.409 -0.072
2024_0415_22:49:03 11 49.999 -49.826
2024_0415_22:49:05 11 44.699 49.063
2024_0415_22:49:13 11 0.069 0.147
2024_0415_22:51:03 11 -0.389 -0.248
2024_0415_22:52:36 11 99.137 97.873
2024_0415_22:54:10 11 -0.453 0.356
2024_0415_22:54:11 11 0.021 0.497
2024_0415_22:54:12 11 -0.471 -0.181
2024_0415_22:54:23 11 0.585 -0.192
2024_0415_22:54:27 11 49.998 99.996
2024_0415_22:54:30 11 -0.805 0.13
2024_0415_22:54:39 11 -0.148 -0.541
2024_0415_22:55:17 11 0.189 0.05
2024_0415_22:55:19 11 0.241 -0.229
2024_0415_22:55:20 11 15.376 17.209
2024_0415_22:55:22 11 0.208 -0.146
2024_0415_22:55:23 11 99.576 99.21
2024_0415_22:55:26 11 98.511 99.151
2024_0415_22:55:32 11 0.357 -0.405
2024_0415_22:57:23 11 0.075 0.267
2024_0415_22:59:03 11 95.301 93.837
2024_0415_23:00:32 11 99.532 98.773
2024_0415_23:00:32 11 99.404 99.442
2024_0415_23:00:34 11 37.781 -12.528
2024_0415_23:00:42 11 -99.862 100.0
2024_0415_23:00:47 11 0.218 0.703
2024_0415_23:00:52 11 74.623 97.908
2024_0415_23:00:59 11 -0.055 -0.054
2024_0415_23:01:39 11 49.999 -99.996
2024_0415_23:01:41 11 98.8 98.487
2024_0415_23:01:44 11 0.37 0.1
2024_0415_23:01:44 11 0.312 0.06
2024_0415_23:01:46 11 -0.191 0.775
2024_0415_23:01:54 11 -0.414 0.223
2024_0415_23:02:00 11 0.374 -0.373
2024_0415_23:03:43 11 99.485 99.456
2024_0415_23:05:28 11 8.763 -3.89
2024_0415_23:06:50 11 -0.511 -0.025
2024_0415_23:06:51 11 0.422 -0.299
2024_0415_23:06:54 11 49.999 -99.998
2024_0415_23:07:01 11 98.964 98.559
2024_0415_23:07:05 11 0.113 0.057
2024_0415_23:07:09 11 -0.081 0.21
2024_0415_23:07:17 11 0.025 -0.16
2024_0415_23:08:03 11 -0.224 -0.377
2024_0415_23:08:10 11 -0.356 -0.27
2024_0415_23:08:13 11 94.279 99.436
2024_0415_23:08:14 11 98.334 98.754
2024_0415_23:08:21 11 0.328 0.108
2024_0415_23:08:23 11 -0.649 0.69
2024_0415_23:08:31 11 99.065 99.117
2024_0415_23:10:03 11 95.4 96.672
2024_0415_23:11:51 11 89.532 99.433
2024_0415_23:13:08 11 0.089 -0.528
2024_0415_23:13:10 11 99.533 96.042
2024_0415_23:13:13 11 95.095 99.504
2024_0415_23:13:20 11 97.134 98.465
2024_0415_23:13:22 11 -0.086 -0.048
2024_0415_23:13:27 11 -0.591 -0.105
2024_0415_23:13:39 11 0.25 0.633
2024_0415_23:14:31 11 99.227 96.221
2024_0415_23:14:32 11 -0.119 -0.217
2024_0415_23:14:37 11 95.636 99.536
2024_0415_23:14:40 11 97.496 98.183
2024_0415_23:14:47 11 96.703 99.415
2024_0415_23:14:48 11 96.756 98.922
2024_0415_23:14:53 11 -0.223 0.37
2024_0415_23:16:20 11 0.074 -0.035
2024_0415_23:18:14 11 60.69 8.74
2024_0415_23:19:24 11 0.071 -0.256
2024_0415_23:19:26 11 0.219 0.316
2024_0415_23:19:36 11 0.472 0.026
2024_0415_23:19:38 11 -0.373 -0.131
2024_0415_23:19:40 11 -99.998 49.999
2024_0415_23:19:50 11 -99.999 50.0
2024_0415_23:19:57 11 98.199 93.418
2024_0415_23:20:52 11 0.094 -0.119
2024_0415_23:20:53 11 -0.159 -0.304
2024_0415_23:21:02 11 99.232 99.232
2024_0415_23:21:07 11 -0.169 0.009
2024_0415_23:21:10 11 0.673 1.572
2024_0415_23:21:13 11 -0.374 0.092
2024_0415_23:21:25 11 0.288 -0.216
2024_0415_23:22:38 11 49.999 99.998
2024_0415_23:24:38 11 0.391 0.078
2024_0415_23:25:42 11 49.998 99.996
2024_0415_23:25:43 11 99.228 99.468
2024_0415_23:25:52 11 0.312 0.763
2024_0415_23:25:54 11 0.334 0.189
2024_0415_23:26:01 11 -0.259 -0.541
2024_0415_23:26:05 11 0.066 -0.31
2024_0415_23:26:11 11 0.536 -0.06
2024_0415_23:27:16 12 95.91 97.05
2024_0415_23:27:25 12 0.227 0.228
2024_0415_23:27:29 12 97.859 99.459
2024_0415_23:27:34 12 -0.021 -0.485
2024_0415_23:27:36 12 -0.029 -0.024
2024_0415_23:27:44 12 95.754 99.436
2024_0415_23:27:53 12 99.258 99.478
2024_0415_23:28:54 12 16.33 17.692
2024_0415_23:31:21 12 99.152 97.872
2024_0415_23:31:59 12 0.026 -0.031
2024_0415_23:32:05 12 97.656 99.01
2024_0415_23:32:13 12 49.999 -99.998
2024_0415_23:32:14 12 49.999 -99.998
2024_0415_23:32:18 12 49.999 49.999
2024_0415_23:32:33 12 57.113 97.299
2024_0415_23:32:39 12 98.81 96.558
2024_0415_23:33:42 12 1.533 -0.105
2024_0415_23:33:51 12 99.331 99.421
2024_0415_23:33:58 12 -0.552 -0.238
2024_0415_23:34:02 12 0.413 -0.722
2024_0415_23:34:02 12 -3.531 42.854
2024_0415_23:34:11 12 8.973 55.661
2024_0415_23:34:17 12 50.0 -100.0
2024_0415_23:35:10 12 -0.223 -0.298
2024_0415_23:37:49 12 98.8 97.981
2024_0415_23:38:14 12 0.277 -0.326
2024_0415_23:38:21 12 96.488 81.313
2024_0415_23:38:30 12 99.496 98.985
2024_0415_23:38:33 12 99.473 98.939
2024_0415_23:38:34 12 0.291 0.168
2024_0415_23:38:51 12 0.291 0.007
2024_0415_23:38:57 12 99.303 99.25
2024_0415_23:40:06 12 0.623 0.61
2024_0415_23:40:14 12 0.068 0.03
2024_0415_23:40:23 12 98.586 98.755
2024_0415_23:40:30 12 97.094 84.554
2024_0415_23:40:31 12 98.604 88.961
2024_0415_23:40:34 12 -0.179 -0.328
2024_0415_23:40:41 12 0.074 -0.007
2024_0415_23:41:26 12 0.202 -0.084
2024_0415_23:44:14 12 2.632 0.004
2024_0415_23:44:28 12 -0.264 -0.741
2024_0415_23:44:34 12 73.579 -0.151
2024_0415_23:44:47 12 99.047 75.335
2024_0415_23:44:50 12 -0.903 -0.369
2024_0415_23:44:54 12 56.544 50.246
2024_0415_23:45:06 12 0.287 0.445
2024_0415_23:45:16 12 79.663 58.834
2024_0415_23:46:30 12 0.555 0.276
2024_0415_23:46:40 12 0.033 0.034
2024_0415_23:46:47 12 99.338 92.867
2024_0415_23:46:54 12 99.082 96.505
2024_0415_23:46:59 12 96.008 98.596
2024_0415_23:47:02 12 99.698 97.495
2024_0415_23:47:03 12 0.129 -0.125
2024_0415_23:47:44 12 99.397 98.457
2024_0415_23:50:41 12 79.361 77.735
2024_0415_23:50:43 12 49.304 99.379
2024_0415_23:50:52 12 99.272 50.521
2024_0415_23:51:05 12 95.547 96.837
2024_0415_23:51:06 12 0.458 0.083
2024_0415_23:51:13 12 -17.499 16.922
2024_0415_23:51:20 12 48.729 47.253
2024_0415_23:51:29 12 -0.136 -0.292
2024_0415_23:52:58 12 77.992 99.453
2024_0415_23:53:03 12 -0.227 0.534
2024_0415_23:53:15 12 99.255 84.998
2024_0415_23:53:20 12 0.096 -0.006
2024_0415_23:53:27 12 94.554 96.007
2024_0415_23:53:28 12 0.115 0.57
2024_0415_23:53:30 12 97.427 98.942
2024_0415_23:53:52 12 -0.24 0.209
2024_0415_23:56:45 12 0.301 0.511
2024_0415_23:56:56 12 97.339 97.136
2024_0415_23:57:04 12 -0.071 0.737
2024_0415_23:57:05 12 94.625 90.404
2024_0415_23:57:09 12 25.616 22.992
2024_0415_23:57:21 12 -1.242 0.495
2024_0415_23:57:30 12 97.806 97.322
2024_0415_23:57:31 12 0.475 0.961
2024_0415_23:59:24 12 -0.316 -0.074
2024_0415_23:59:27 12 98.142 96.881
2024_0415_23:59:42 12 0.218 0.073
2024_0415_23:59:49 12 99.086 98.605
2024_0415_23:59:50 12 99.497 97.372
2024_0415_23:59:54 12 98.988 98.473
2024_0415_23:59:56 12 97.7 76.217
2024_0415_23:59:58 12 -0.143 -0.059
2024_0416_00:02:47 12 -0.025 -0.574
2024_0416_00:03:00 12 99.996 49.998
2024_0416_00:03:07 12 -0.038 -0.281
2024_0416_00:03:15 12 95.06 99.344
2024_0416_00:03:30 12 99.449 98.575
2024_0416_00:03:32 12 0.778 -0.305
2024_0416_00:03:36 12 -49.99 -99.999
2024_0416_00:03:38 12 99.248 49.112
2024_0416_00:05:48 12 97.139 96.379
2024_0416_00:05:56 12 99.195 49.593
2024_0416_00:06:06 12 99.574 98.664
2024_0416_00:06:07 12 99.996 49.998
2024_0416_00:06:17 12 99.396 97.614
2024_0416_00:06:18 12 99.525 99.169
2024_0416_00:06:20 12 96.995 98.893
2024_0416_00:06:27 12 99.328 99.101
2024_0416_00:09:01 13 98.723 99.317
2024_0416_00:09:15 13 -25.104 25.01
2024_0416_00:09:29 13 0.377 -0.441
2024_0416_00:09:30 13 0.342 0.157
2024_0416_00:09:49 13 -0.03 2.286
2024_0416_00:09:55 13 9.996 -10.512
2024_0416_00:09:57 13 46.656 49.748
2024_0416_00:09:58 13 97.178 99.487
2024_0416_00:12:12 13 0.217 0.571
2024_0416_00:12:17 13 0.002 0.298
2024_0416_00:12:19 13 -0.144 0.77
2024_0416_00:12:30 13 -5.327 32.865
2024_0416_00:12:39 13 -0.334 -0.214
2024_0416_00:12:40 13 10.432 -9.96
2024_0416_00:12:44 13 98.581 75.608
2024_0416_00:12:52 13 99.71 23.35
2024_0416_00:15:17 13 99.342 99.319
2024_0416_00:15:30 13 99.344 99.333
2024_0416_00:15:45 13 17.303 17.934
2024_0416_00:15:47 13 99.452 95.236
2024_0416_00:16:05 13 0.022 -0.204
2024_0416_00:16:08 13 -0.386 -0.317
2024_0416_00:16:15 13 48.762 42.658
2024_0416_00:16:18 13 -49.745 49.695
2024_0416_00:18:31 13 49.085 48.909
2024_0416_00:18:35 13 -0.075 0.436
2024_0416_00:18:43 13 23.606 59.731
2024_0416_00:18:52 13 -0.623 0.357
2024_0416_00:19:03 13 0.396 0.148
2024_0416_00:19:04 13 2.962 -0.365
2024_0416_00:19:21 13 99.317 98.89
2024_0416_00:19:24 13 1.06 0.652
2024_0416_00:21:35 13 -0.336 0.561
2024_0416_00:21:51 13 -0.076 0.001
2024_0416_00:21:57 13 -99.99 99.998
2024_0416_00:22:04 13 48.6 48.646
2024_0416_00:22:19 13 -0.123 -0.01
2024_0416_00:22:27 13 0.177 -0.387
2024_0416_00:22:30 13 -0.411 0.448
2024_0416_00:22:42 13 79.353 79.268
2024_0416_00:24:47 13 -1.603 97.154
2024_0416_00:24:59 13 -0.26 -0.125
2024_0416_00:25:03 13 0.392 -0.195
2024_0416_00:25:24 13 96.982 49.447
2024_0416_00:25:25 13 -0.815 0.166
2024_0416_00:25:28 13 16.015 17.645
2024_0416_00:25:44 13 -0.3 -0.068
2024_0416_00:25:46 13 -0.089 0.317
2024_0416_00:27:50 13 96.167 98.247
2024_0416_00:28:10 13 98.336 99.658
2024_0416_00:28:16 13 48.92 97.838
2024_0416_00:28:19 13 -49.993 49.993
2024_0416_00:28:37 13 96.653 98.802
2024_0416_00:28:44 13 47.49 -0.068
2024_0416_00:28:51 13 -0.636 -0.831
2024_0416_00:29:01 13 -0.766 48.18
2024_0416_00:30:57 13 0.232 0.234
2024_0416_00:31:20 13 0.553 0.176
2024_0416_00:31:27 13 72.751 74.693
2024_0416_00:31:41 13 -8.225 7.829
2024_0416_00:31:42 13 0.13 -0.075
2024_0416_00:31:52 13 97.061 96.711
2024_0416_00:32:04 13 -0.066 3.134
2024_0416_00:32:09 13 -24.659 47.141
2024_0416_00:34:04 13 -99.998 -99.998
2024_0416_00:34:24 13 0.921 1.254
2024_0416_00:34:32 13 94.247 99.452
2024_0416_00:34:41 13 47.76 -46.202
2024_0416_00:34:56 13 99.337 96.256
2024_0416_00:34:59 13 0.111 -0.026
2024_0416_00:35:06 13 0.347 0.209
2024_0416_00:35:23 13 -99.996 -50.001
2024_0416_00:37:11 13 -5.027 48.909
2024_0416_00:37:39 13 0.297 0.063
2024_0416_00:37:47 13 -9.958 9.791
2024_0416_00:37:59 13 0.76 1.488
2024_0416_00:38:06 13 -0.001 -0.006
2024_0416_00:38:15 13 97.463 98.254
2024_0416_00:38:26 13 -0.6 0.799
2024_0416_00:38:31 13 0.17 -0.363
2024_0416_00:40:17 13 -10.797 9.819
2024_0416_00:40:36 13 0.028 -0.312
2024_0416_00:40:48 13 94.673 99.353
2024_0416_00:40:56 13 -49.996 99.994
2024_0416_00:41:11 13 41.685 45.38
2024_0416_00:41:14 13 98.793 99.29
2024_0416_00:41:23 13 97.95 99.591
2024_0416_00:41:48 13 97.694 98.194
2024_0416_00:43:26 13 0.204 0.109
2024_0416_00:44:06 13 97.367 99.318
2024_0416_00:44:08 13 0.198 1.009
2024_0416_00:44:22 13 -0.091 46.09
2024_0416_00:44:25 13 0.638 -0.414
2024_0416_00:44:36 13 -2.953 29.543
2024_0416_00:44:50 13 4.049 -0.414
2024_0416_00:44:54 13 99.444 99.365
2024_0416_00:46:29 13 0.398 -0.206
2024_0416_00:46:51 13 97.961 99.317
2024_0416_00:47:01 13 -0.031 0.272
2024_0416_00:47:12 13 0.214 -0.084
2024_0416_00:47:24 13 -0.429 6.303
2024_0416_00:47:30 13 -99.99 99.998
2024_0416_00:47:37 13 -0.132 5.603
2024_0416_00:48:12 13 -0.293 0.216
2024_0416_00:49:43 13 98.755 77.601
2024_0416_00:50:29 13 0.417 0.137
2024_0416_00:50:32 13 99.483 98.825
2024_0416_00:50:55 13 1.74 0.618
2024_0416_00:51:14 13 -0.442 -0.223
2024_0416_00:52:45 13 51.373 99.445
2024_0416_00:53:17 13 13.576 13.603
2024_0416_00:53:30 13 96.668 98.437
2024_0416_00:53:41 13 99.069 49.012
2024_0416_00:53:46 13 -0.967 49.01
2024_0416_00:53:53 13 9.843 17.806
2024_0416_00:54:37 13 48.805 49.533
2024_0416_00:54:37 13 98.142 95.432
2024_0416_00:55:11 13 39.859 -0.13
2024_0416_00:55:14 13 -0.465 1.35
2024_0416_00:56:02 13 99.387 90.784
2024_0416_00:56:58 13 87.09 94.27
2024_0416_00:57:22 13 13.958 14.36
2024_0416_00:57:36 13 0.386 -0.123
2024_0416_00:58:11 13 98.806 98.621
2024_0416_00:58:59 13 47.346 47.362
2024_0416_00:59:31 13 -0.453 0.261
2024_0416_00:59:40 13 -0.398 0.146
2024_0416_00:59:52 13 0.164 -0.065
2024_0416_00:59:59 13 99.282 98.419
2024_0416_01:00:05 13 0.211 -0.141
2024_0416_01:00:59 13 -0.424 -0.131
2024_0416_01:01:04 13 98.571 91.273
2024_0416_01:01:25 13 -0.19 0.331
2024_0416_01:01:30 13 1.297 0.144
2024_0416_01:01:34 13 0.507 -0.022
2024_0416_01:02:12 13 -0.318 -0.851
2024_0416_01:03:23 13 0.221 0.404
2024_0416_01:03:46 13 -0.549 0.091
2024_0416_01:03:58 13 0.336 0.163
2024_0416_01:04:33 13 99.575 99.191
2024_0416_01:05:12 13 -0.248 -0.484
2024_0416_01:05:46 13 -2.45 47.78
2024_0416_01:05:54 13 -0.536 -0.19
2024_0416_01:06:08 13 -0.119 0.003
2024_0416_01:06:14 13 94.729 99.471
2024_0416_01:06:30 13 75.858 49.03
2024_0416_01:07:20 13 0.309 0.31
2024_0416_01:07:27 13 94.911 97.016
2024_0416_01:07:49 13 -0.503 -0.13
2024_0416_01:07:52 13 -0.108 -0.311
2024_0416_01:07:56 13 52.266 -52.78
2024_0416_01:08:28 13 86.788 94.871
2024_0416_01:09:50 13 53.502 52.994
2024_0416_01:10:08 13 -0.167 28.064
2024_0416_01:10:21 13 95.343 98.919
2024_0416_01:10:47 13 -0.068 0.099
2024_0416_01:11:26 13 0.316 0.157
2024_0416_01:12:02 13 94.639 98.758
2024_0416_01:12:10 13 99.543 98.913
2024_0416_01:12:22 13 -0.68 0.784
2024_0416_01:12:30 13 -33.067 33.473
2024_0416_01:12:47 13 87.331 98.693
2024_0416_01:13:41 13 0.562 -0.526
2024_0416_01:13:50 13 -0.738 0.356
2024_0416_01:14:10 13 -0.372 48.441
2024_0416_01:14:12 13 46.88 41.554
2024_0416_01:14:19 13 91.649 99.27
2024_0416_01:14:44 13 79.373 79.694
2024_0416_01:16:17 13 -5.342 11.407
2024_0416_01:16:31 13 98.419 97.024
2024_0416_01:16:44 13 18.275 17.864
2024_0416_01:17:03 13 -0.196 0.32
2024_0416_01:17:52 13 99.51 96.207
2024_0416_01:18:16 13 -0.154 -0.143
2024_0416_01:18:27 13 0.329 -0.524
2024_0416_01:18:45 13 11.809 27.668
2024_0416_01:19:00 13 14.938 15.944
2024_0416_01:19:03 13 98.572 98.598
2024_0416_01:20:04 13 99.077 97.105
2024_0416_01:20:27 14 -0.66 -0.146
2024_0416_01:20:36 14 99.273 94.174
2024_0416_01:20:40 14 99.544 99.566
2024_0416_01:20:44 14 98.817 99.203
2024_0416_01:20:57 14 0.111 -0.067
2024_0416_01:22:38 14 15.993 15.886
2024_0416_01:22:54 14 0.183 0.064
2024_0416_01:23:06 14 45.093 45.676
2024_0416_01:23:23 14 99.051 92.691
2024_0416_01:24:09 14 -0.045 -0.181
2024_0416_01:24:36 14 92.096 98.925
2024_0416_01:24:44 14 -0.023 -0.114
2024_0416_01:25:04 14 -0.625 0.158
2024_0416_01:25:17 14 -99.996 99.996
2024_0416_01:25:18 14 -11.382 36.435
2024_0416_01:26:30 14 98.796 99.502
2024_0416_01:26:49 14 0.273 0.272
2024_0416_01:27:03 14 0.262 0.108
2024_0416_01:27:05 14 95.605 98.678
2024_0416_01:27:12 14 -0.087 -0.134
2024_0416_01:28:40 14 0.3 -0.615
2024_0416_01:29:02 14 -43.337 47.569
2024_0416_01:29:13 14 0.158 0.007
2024_0416_01:29:29 14 0.049 -0.654
2024_0416_01:29:45 14 99.513 97.718
2024_0416_01:30:25 14 -1.016 20.042
2024_0416_01:30:55 14 63.939 92.941
2024_0416_01:31:02 14 43.504 49.408
2024_0416_01:31:26 14 99.558 98.265
2024_0416_01:31:32 14 0.24 -0.185
2024_0416_01:31:35 14 -0.494 1.232
2024_0416_01:32:53 14 -0.449 -0.159
2024_0416_01:33:19 14 61.212 -0.129
2024_0416_01:33:29 14 99.996 -99.996
2024_0416_01:33:31 14 99.417 99.202
2024_0416_01:33:38 14 0.554 -0.055
2024_0416_01:35:03 14 9.629 16.722
2024_0416_01:35:26 14 95.151 98.143
2024_0416_01:35:36 14 -0.375 49.184
2024_0416_01:35:50 14 -0.708 -0.682
2024_0416_01:36:02 14 25.784 89.078
2024_0416_01:36:48 14 0.491 -0.261
2024_0416_01:37:14 14 87.44 99.345
2024_0416_01:37:16 14 0.002 0.001
2024_0416_01:37:38 14 8.039 -8.176
2024_0416_01:37:45 14 0.205 0.039
2024_0416_01:37:51 14 95.254 48.535
2024_0416_01:39:19 14 97.657 99.285
2024_0416_01:39:40 14 -0.206 -0.669
2024_0416_01:39:54 14 10.458 -9.991
2024_0416_01:39:54 14 7.419 13.185
2024_0416_01:40:00 14 0.265 -0.284
2024_0416_01:41:32 14 98.88 95.36
2024_0416_01:41:47 14 0.288 0.262
2024_0416_01:42:03 14 10.85 71.057
2024_0416_01:42:13 14 0.632 0.094
2024_0416_01:42:13 14 -99.997 99.998
2024_0416_01:43:09 14 74.039 95.886
2024_0416_01:43:29 14 -16.691 17.459
2024_0416_01:43:34 14 98.026 99.136
2024_0416_01:43:51 14 0.557 -0.249
2024_0416_01:44:03 14 98.929 97.265
2024_0416_01:44:04 14 -9.389 9.637
2024_0416_01:45:44 14 97.96 98.89
2024_0416_01:46:05 14 98.678 97.953
2024_0416_01:46:17 14 98.561 46.143
2024_0416_01:46:18 14 98.245 95.542
2024_0416_01:46:19 14 -9.916 10.03
2024_0416_01:47:55 14 40.146 40.17
2024_0416_01:48:10 14 98.22 99.275
2024_0416_01:48:29 14 97.317 99.117
2024_0416_01:48:43 14 0.706 1.275
2024_0416_01:48:44 14 96.519 98.889
2024_0416_01:49:27 14 0.269 -0.357
2024_0416_01:49:44 14 0.181 -0.2
2024_0416_01:49:47 14 -1.507 17.289
2024_0416_01:50:09 14 99.039 99.302
2024_0416_01:50:14 14 -0.231 0.16
2024_0416_01:50:19 14 -0.106 0.156
2024_0416_01:52:11 14 98.293 49.157
2024_0416_01:52:24 14 0.983 24.21
2024_0416_01:52:39 14 0.182 0.574
2024_0416_01:52:43 14 0.523 -0.285
2024_0416_01:52:46 14 60.556 63.371
2024_0416_01:54:16 14 -0.051 0.578
2024_0416_01:54:34 14 10.558 11.342
2024_0416_01:54:45 14 0.481 -0.086
2024_0416_01:54:54 14 96.321 49.285
2024_0416_01:55:08 14 96.107 98.189
2024_0416_01:55:28 14 -20.384 20.21
2024_0416_01:55:48 14 -0.453 -0.198
2024_0416_01:55:53 14 99.374 81.258
2024_0416_01:56:13 14 99.426 95.876
2024_0416_01:56:13 14 0.163 -0.342
2024_0416_01:56:20 14 99.998 49.942
2024_0416_01:58:30 14 -0.161 0.537
2024_0416_01:58:32 14 0.048 0.209
2024_0416_01:59:01 14 -0.344 0.087
2024_0416_01:59:08 14 99.16 96.511
2024_0416_02:00:36 14 0.333 0.408
2024_0416_02:00:58 14 -0.088 24.607
2024_0416_02:00:59 14 97.679 97.48
2024_0416_02:01:19 14 99.062 98.761
2024_0416_02:01:30 14 -0.226 -0.333
2024_0416_02:01:35 14 -0.277 0.682
2024_0416_02:01:53 14 2.771 -0.64
2024_0416_02:01:58 14 11.8 48.826
2024_0416_02:02:17 14 47.876 98.804
2024_0416_02:02:21 14 96.467 98.812
2024_0416_02:02:36 14 49.285 2.877
2024_0416_02:03:05 14 -46.899 47.572
2024_0416_02:04:39 14 -0.121 -1.142
2024_0416_02:04:54 14 -33.485 33.85
2024_0416_02:05:26 14 0.258 -0.16
2024_0416_02:05:49 14 98.993 99.043
2024_0416_02:07:00 14 -0.007 98.852
2024_0416_02:07:01 14 47.496 8.079
2024_0416_02:07:27 14 94.927 57.5
2024_0416_02:07:38 14 59.844 -60.178
2024_0416_02:07:39 14 0.105 0.065
2024_0416_02:07:54 14 5.52 13.193
2024_0416_02:07:59 14 96.598 99.115
2024_0416_02:08:02 14 -0.048 0.468
2024_0416_02:08:22 14 79.159 39.653
2024_0416_02:08:29 14 97.765 99.34
2024_0416_02:08:46 14 96.741 68.911
2024_0416_02:10:53 14 99.52 34.215
2024_0416_02:11:18 14 -0.136 -0.218
2024_0416_02:11:51 14 0.384 -0.516
2024_0416_02:12:02 14 -0.033 0.096
2024_0416_02:12:13 14 86.969 98.779
2024_0416_02:13:18 14 -0.168 0.118
2024_0416_02:13:25 14 99.323 93.715
2024_0416_02:13:48 14 51.484 55.583
2024_0416_02:13:48 14 0.329 -0.036
2024_0416_02:14:01 14 -0.208 0.014
2024_0416_02:14:13 14 -0.607 40.425
2024_0416_02:14:19 14 99.117 49.697
2024_0416_02:14:21 14 91.497 88.935
2024_0416_02:14:37 14 95.515 98.84
2024_0416_02:14:44 14 49.811 -45.236
2024_0416_02:15:02 14 97.579 99.513
2024_0416_02:17:10 14 99.501 98.02
2024_0416_02:17:41 14 99.266 97.871
2024_0416_02:18:17 14 98.656 99.488
2024_0416_02:18:22 14 0.343 -0.134
2024_0416_02:18:34 14 -1.5 49.933
2024_0416_02:19:35 14 -35.588 35.348
2024_0416_02:19:46 14 0.732 0.349
2024_0416_02:20:07 14 99.348 98.745
2024_0416_02:20:10 14 28.84 33.047
2024_0416_02:20:20 14 -0.316 -0.975
2024_0416_02:20:35 14 50.768 48.82
2024_0416_02:20:44 14 -0.05 0.677
2024_0416_02:20:52 14 48.228 47.979
2024_0416_02:20:55 14 95.289 94.664
2024_0416_02:21:03 14 98.168 99.051
2024_0416_02:21:23 14 0.055 -0.395
2024_0416_02:23:35 14 99.385 99.346
2024_0416_02:24:00 14 -33.468 33.164
2024_0416_02:24:43 14 0.206 0.093
2024_0416_02:24:47 14 49.774 -0.355
2024_0416_02:24:56 14 -9.07 8.091
2024_0416_02:26:03 14 16.672 -6.974
2024_0416_02:26:11 14 -99.998 99.998
2024_0416_02:26:33 14 99.052 95.963
2024_0416_02:26:35 14 -0.438 -0.147
2024_0416_02:26:53 14 2.348 42.404
2024_0416_02:27:11 14 98.986 98.812
2024_0416_02:27:22 15 -0.173 0.127
2024_0416_02:27:24 15 93.801 99.377
2024_0416_02:27:36 15 17.098 8.757
2024_0416_02:27:52 15 47.952 8.412
2024_0416_02:30:07 15 25.329 23.696
2024_0416_02:30:33 15 0.175 0.854
2024_0416_02:30:59 15 99.214 96.006
2024_0416_02:31:14 15 96.537 99.225
2024_0416_02:31:19 15 99.296 73.552
2024_0416_02:31:27 15 35.85 4.05
2024_0416_02:32:26 15 -0.479 -0.246
2024_0416_02:33:27 15 0.337 -0.117
2024_0416_02:33:30 15 0.429 -0.051
2024_0416_02:33:34 15 8.707 -10.075
2024_0416_02:33:46 15 96.76 95.638
2024_0416_02:33:51 15 -0.533 0.135
2024_0416_02:33:59 15 98.477 98.518
2024_0416_02:34:17 15 -0.174 -0.017
2024_0416_02:34:19 15 99.277 72.899
2024_0416_02:36:28 15 18.797 19.129
2024_0416_02:37:00 15 23.916 98.062
2024_0416_02:37:01 15 41.903 -16.461
2024_0416_02:37:22 15 12.857 -13.117
2024_0416_02:37:46 15 34.696 -15.814
2024_0416_02:37:57 15 99.234 97.446
2024_0416_02:38:01 15 13.738 -9.57
2024_0416_02:38:56 15 97.506 98.743
2024_0416_02:39:54 15 -0.078 0.549
2024_0416_02:40:00 15 0.249 0.095
2024_0416_02:40:04 15 84.015 27.292
2024_0416_02:40:17 15 99.489 97.056
2024_0416_02:40:21 15 89.286 59.516
2024_0416_02:40:27 15 56.207 -3.911
2024_0416_02:40:44 15 97.483 47.011
2024_0416_02:40:52 15 99.264 95.162
2024_0416_02:43:26 15 8.286 -8.102
2024_0416_02:43:40 15 0.368 0.625
2024_0416_02:44:13 15 99.39 99.172
2024_0416_02:44:22 15 -7.858 7.617
2024_0416_02:44:27 15 26.455 -8.136
2024_0416_02:45:20 15 0.181 -0.188
2024_0416_02:46:11 15 0.248 0.622
2024_0416_02:46:18 15 97.189 98.362
2024_0416_02:46:28 15 98.973 99.208
2024_0416_02:46:28 15 99.565 98.914
2024_0416_02:46:47 15 99.443 99.183
2024_0416_02:46:50 15 99.575 98.061
2024_0416_02:46:53 15 99.369 98.114
2024_0416_02:47:08 15 99.434 99.005
2024_0416_02:47:17 15 99.275 98.93
2024_0416_02:48:21 15 99.466 99.215
2024_0416_02:49:44 15 0.165 -0.044
2024_0416_02:50:11 15 -0.137 -0.238
2024_0416_02:50:37 15 31.056 36.01
2024_0416_02:50:50 15 16.53 16.986
2024_0416_02:50:50 15 -2.558 2.396
2024_0416_02:51:43 15 79.381 39.791
2024_0416_02:52:33 15 2.227 -2.384
2024_0416_02:52:38 15 -0.032 0.175
2024_0416_02:52:51 15 99.407 47.994
2024_0416_02:52:56 15 99.543 99.282
2024_0416_02:53:08 15 -0.874 4.1
2024_0416_02:53:13 15 -0.466 48.619
2024_0416_02:53:18 15 50.559 49.827
2024_0416_02:53:57 15 -0.495 0.118
2024_0416_02:54:48 15 64.391 98.713
2024_0416_02:56:02 15 9.142 16.219
2024_0416_02:56:27 15 -9.916 9.654
2024_0416_02:56:57 15 99.082 98.793
2024_0416_02:57:07 15 10.045 24.167
2024_0416_02:57:08 15 -0.267 -0.19
2024_0416_02:57:08 15 0.576 -0.635
2024_0416_02:57:56 15 49.999 49.999
2024_0416_02:58:47 15 96.859 99.16
2024_0416_02:58:58 15 0.422 0.288
2024_0416_02:59:10 15 99.029 98.625
2024_0416_02:59:11 15 -99.996 99.99
2024_0416_02:59:26 15 0.483 0.004
2024_0416_02:59:32 15 -0.192 -1.315
2024_0416_03:00:15 15 -1.035 49.432
2024_0416_03:01:00 15 97.894 88.957
2024_0416_03:02:19 15 98.365 99.527
2024_0416_03:02:37 15 42.903 43.351
2024_0416_03:03:15 15 48.105 95.406
2024_0416_03:03:24 15 46.551 48.237
2024_0416_03:03:26 15 98.864 98.82
2024_0416_03:03:31 15 -0.801 -0.56
2024_0416_03:04:04 15 0.926 -0.139
2024_0416_03:04:16 15 98.13 99.399
2024_0416_03:04:55 15 -9.686 10.128
2024_0416_03:05:14 15 -50.0 50.0
2024_0416_03:05:29 15 94.794 99.461
2024_0416_03:05:34 15 0.203 0.245
2024_0416_03:05:36 15 0.232 0.448
2024_0416_03:05:43 15 96.308 94.894
2024_0416_03:06:25 15 -12.375 47.746
2024_0416_03:07:19 15 0.666 -0.08
2024_0416_03:08:38 15 97.399 97.086
2024_0416_03:08:43 15 -0.073 0.195
2024_0416_03:09:35 15 12.163 -12.46
2024_0416_03:09:40 15 0.286 0.245
2024_0416_03:09:44 15 99.07 88.593
2024_0416_03:09:47 15 99.361 99.268
2024_0416_03:10:12 15 -0.148 -0.113
2024_0416_03:10:21 15 -0.112 -0.529
2024_0416_03:11:03 15 -0.225 43.164
2024_0416_03:11:35 15 -0.676 -0.082
2024_0416_03:11:49 15 77.423 39.724
2024_0416_03:11:51 15 0.891 0.513
2024_0416_03:11:51 15 -27.831 63.729
2024_0416_03:11:55 15 99.317 90.771
2024_0416_03:12:30 15 -50.0 -100.0
2024_0416_03:13:25 15 43.755 43.791
2024_0416_03:14:52 15 0.304 0.051
2024_0416_03:15:26 15 88.989 90.373
2024_0416_03:15:53 15 -99.998 99.998
2024_0416_03:15:53 15 -0.177 0.496
2024_0416_03:16:02 15 0.49 -0.083
2024_0416_03:16:05 15 99.065 -19.427
2024_0416_03:16:27 15 -0.026 -0.28
2024_0416_03:16:30 15 0.024 -0.559
2024_0416_03:17:14 15 98.74 99.456
2024_0416_03:17:55 15 99.209 99.162
2024_0416_03:18:04 15 98.952 99.52
2024_0416_03:18:07 15 1.782 2.049
2024_0416_03:18:18 15 50.556 45.713
2024_0416_03:18:43 15 85.573 89.382
2024_0416_03:19:36 15 99.194 50.567
2024_0416_03:20:59 15 -0.097 -0.5
2024_0416_03:21:31 15 0.068 -0.161
2024_0416_03:21:48 15 3.969 -3.623
2024_0416_03:22:08 15 -0.004 0.0
2024_0416_03:22:10 15 33.535 -33.337
2024_0416_03:22:22 15 27.638 -27.204
2024_0416_03:22:23 15 -16.25 17.015
2024_0416_03:22:39 15 84.351 49.507
2024_0416_03:22:57 15 0.309 0.12
2024_0416_03:23:22 15 3.98 -3.519
2024_0416_03:24:20 15 99.253 91.723
2024_0416_03:24:20 15 99.361 98.673
2024_0416_03:24:23 15 0.127 0.473
2024_0416_03:24:34 15 -10.42 9.799
2024_0416_03:25:02 15 0.18 0.473
2024_0416_03:25:50 15 94.497 99.159
2024_0416_03:27:09 15 -0.058 0.012
2024_0416_03:27:39 15 0.155 0.842
2024_0416_03:28:03 15 -9.671 9.906
2024_0416_03:28:21 15 -0.416 -0.123
2024_0416_03:28:28 15 44.628 98.199
2024_0416_03:28:42 15 95.722 99.494
2024_0416_03:28:43 15 43.282 14.367
2024_0416_03:29:07 15 48.67 -0.517
2024_0416_03:29:33 15 97.474 92.243
2024_0416_03:30:31 15 -0.219 -0.094
2024_0416_03:30:36 15 0.682 -0.041
2024_0416_03:30:40 15 94.463 99.381
2024_0416_03:30:50 15 15.131 20.695
2024_0416_03:31:10 15 94.792 98.71
2024_0416_03:31:54 15 -20.215 20.137
2024_0416_03:32:48 15 0.393 -0.219
2024_0416_03:33:18 15 16.491 16.415
2024_0416_03:33:54 15 -0.299 0.434
2024_0416_03:34:31 16 5.353 2.52
2024_0416_03:34:45 16 -0.406 0.217
2024_0416_03:34:50 16 86.378 98.3
2024_0416_03:35:01 16 63.083 98.636
2024_0416_03:35:03 16 91.039 99.528
2024_0416_03:35:25 16 99.075 98.098
2024_0416_03:35:40 16 17.578 16.237
2024_0416_03:36:49 16 -0.517 0.094
2024_0416_03:36:55 16 20.004 -19.536
2024_0416_03:36:58 16 -0.05 -0.682
2024_0416_03:37:07 16 -10.231 9.737
2024_0416_03:37:16 16 43.547 1.96
2024_0416_03:38:01 16 91.561 99.463
2024_0416_03:38:53 16 19.608 -17.525
2024_0416_03:39:35 16 99.162 99.414
2024_0416_03:40:49 16 65.428 -17.899
2024_0416_03:40:57 16 97.381 11.731
2024_0416_03:41:03 16 17.229 -17.022
2024_0416_03:41:08 16 97.451 98.428
2024_0416_03:41:23 16 97.522 98.317
2024_0416_03:41:28 16 44.874 49.815
2024_0416_03:41:28 16 0.238 0.922
2024_0416_03:41:43 16 16.861 -16.929
2024_0416_03:42:58 16 63.67 63.785
2024_0416_03:43:16 16 99.216 97.93
2024_0416_03:43:22 16 0.134 -0.524
2024_0416_03:43:22 16 0.188 0.605
2024_0416_03:43:24 16 97.208 98.746
2024_0416_03:44:04 16 0.098 0.511
2024_0416_03:45:01 16 47.969 99.45
2024_0416_03:45:48 16 96.915 97.812
2024_0416_03:47:04 16 49.122 47.329
2024_0416_03:47:10 16 0.964 -0.405
2024_0416_03:47:20 16 16.578 -16.938
2024_0416_03:47:32 16 99.56 98.548
2024_0416_03:47:36 16 99.29 96.169
2024_0416_03:47:41 16 16.693 -16.255
2024_0416_03:47:46 16 -30.357 62.354
2024_0416_03:47:47 16 -6.552 7.09
2024_0416_03:49:15 16 0.015 0.3
2024_0416_03:49:28 16 0.055 -0.023
2024_0416_03:49:39 16 0.308 0.269
2024_0416_03:49:43 16 -0.364 -0.353
2024_0416_03:50:03 16 -0.129 0.275
2024_0416_03:50:11 16 6.306 -5.591
2024_0416_03:51:06 16 79.139 92.167
2024_0416_03:51:52 16 -0.125 -0.415
2024_0416_03:53:13 16 14.506 13.781
2024_0416_03:53:24 16 96.088 94.498
2024_0416_03:53:40 16 0.198 0.421
2024_0416_03:53:46 16 94.204 99.545
2024_0416_03:53:50 16 0.437 1.578
2024_0416_03:53:52 16 79.365 78.89
2024_0416_03:53:59 16 -0.317 30.501
2024_0416_03:54:06 16 98.588 99.462
2024_0416_03:55:18 16 0.27 0.164
2024_0416_03:55:35 16 99.028 93.673
2024_0416_03:56:00 16 79.679 79.812
2024_0416_03:56:04 16 99.321 99.0
2024_0416_03:56:15 16 0.037 -0.176
2024_0416_03:56:21 16 -0.631 0.259
2024_0416_03:57:16 16 99.579 91.016
2024_0416_03:58:05 16 -9.995 10.081
2024_0416_03:59:21 16 74.575 46.123
2024_0416_03:59:43 16 99.039 98.132
2024_0416_03:59:53 16 68.647 23.777
2024_0416_03:59:54 16 38.775 -24.904
2024_0416_03:59:59 16 99.407 98.014
2024_0416_04:00:06 16 -0.78 0.129
2024_0416_04:00:17 16 0.06 0.003
2024_0416_04:00:25 16 48.527 9.155
2024_0416_04:01:24 16 48.62 98.079
2024_0416_04:01:43 16 99.585 99.331
2024_0416_04:02:16 16 37.017 -13.268
2024_0416_04:02:18 16 16.52 32.148
2024_0416_04:02:25 16 25.0 -23.606
2024_0416_04:02:43 16 99.525 96.969
2024_0416_04:04:12 16 99.381 97.843
2024_0416_04:05:31 16 96.056 98.653
2024_0416_04:05:58 16 -0.362 0.242
2024_0416_04:06:05 16 48.655 97.338
2024_0416_04:06:07 16 -1.25 23.119
2024_0416_04:06:19 16 99.677 99.534
2024_0416_04:06:20 16 97.986 97.163
2024_0416_04:06:23 16 -0.2 -0.766
2024_0416_04:06:40 16 99.498 98.101
2024_0416_04:06:42 16 99.37 99.044
2024_0416_04:07:40 16 98.907 99.427
2024_0416_04:07:53 16 9.993 -10.055
2024_0416_04:08:20 16 99.998 99.998
2024_0416_04:08:32 16 0.388 0.36
2024_0416_04:08:39 16 -0.163 0.152
2024_0416_04:10:19 16 -0.056 0.073
2024_0416_04:11:34 16 -0.389 0.793
2024_0416_04:12:24 16 -8.714 8.432
2024_0416_04:12:24 16 97.144 98.203
2024_0416_04:12:35 16 -17.089 16.442
2024_0416_04:12:41 16 49.999 99.998
2024_0416_04:13:00 16 81.681 99.153
2024_0416_04:13:11 16 82.338 39.771
2024_0416_04:13:44 16 98.124 98.854
2024_0416_04:13:56 16 0.458 -0.461
2024_0416_04:13:59 16 21.996 21.583
2024_0416_04:14:35 16 99.006 98.66
2024_0416_04:14:55 16 -0.056 0.068
2024_0416_04:15:05 16 59.851 62.047
2024_0416_04:15:30 16 3.327 -0.287
2024_0416_04:16:22 16 7.426 14.072
2024_0416_04:17:40 16 12.534 -0.255
2024_0416_04:18:05 16 99.998 99.998
2024_0416_04:18:26 16 0.139 0.243
2024_0416_04:18:42 16 14.952 14.745
2024_0416_04:19:05 16 48.693 99.107
2024_0416_04:19:25 16 -49.999 49.999
2024_0416_04:19:26 16 1.536 0.186
2024_0416_04:19:59 16 49.594 98.784
2024_0416_04:20:03 16 -0.294 48.077
2024_0416_04:20:15 16 39.854 -37.553
2024_0416_04:20:40 17 98.402 98.29
2024_0416_04:21:13 17 -0.655 2.715
2024_0416_04:21:24 17 98.439 97.836
2024_0416_04:21:35 17 98.215 99.445
2024_0416_04:22:27 17 -2.511 0.231
2024_0416_04:23:42 17 4.93 48.735
2024_0416_04:24:00 17 98.523 48.402
2024_0416_04:24:16 17 99.435 98.672
2024_0416_04:24:36 17 79.579 96.969
2024_0416_04:25:04 17 30.724 62.323
2024_0416_04:25:23 17 0.5 -0.256
2024_0416_04:25:51 17 61.822 49.51
2024_0416_04:26:12 17 -0.103 0.349
2024_0416_04:26:18 17 -0.231 -0.12
2024_0416_04:26:21 17 7.001 5.708
2024_0416_04:26:27 17 -0.032 -0.025
2024_0416_04:26:50 17 49.51 98.028
2024_0416_04:27:34 17 26.417 24.073
2024_0416_04:27:43 17 39.999 -40.027
2024_0416_04:27:51 17 0.543 0.351
2024_0416_04:28:37 17 96.131 99.321
2024_0416_04:30:03 17 0.57 -0.169
2024_0416_04:30:07 17 8.53 -3.047
2024_0416_04:30:21 17 0.267 0.068
2024_0416_04:30:43 17 97.913 98.777
2024_0416_04:31:24 17 -0.45 -0.366
2024_0416_04:31:48 17 48.028 48.827
2024_0416_04:32:12 17 18.523 63.201
2024_0416_04:32:14 17 -6.04 6.678
2024_0416_04:32:30 17 -10.614 62.09
2024_0416_04:32:37 17 0.108 0.401
2024_0416_04:32:45 17 -50.196 49.878
2024_0416_04:32:52 17 46.589 20.443
2024_0416_04:33:49 17 40.134 -40.26
2024_0416_04:33:53 17 16.367 10.054
2024_0416_04:34:12 17 99.337 95.454
2024_0416_04:34:41 17 59.392 82.988
2024_0416_04:36:08 17 4.961 -0.207
2024_0416_04:36:26 17 20.575 13.481
2024_0416_04:36:33 17 97.664 99.304
2024_0416_04:36:45 17 72.001 81.928
2024_0416_04:37:47 17 48.549 44.347
2024_0416_04:38:11 17 97.103 99.011
2024_0416_04:38:21 17 97.321 98.927
2024_0416_04:38:38 17 75.685 77.04
2024_0416_04:38:39 17 -7.524 7.413
2024_0416_04:38:47 17 -0.556 -0.291
2024_0416_04:39:03 17 99.476 89.0
2024_0416_04:39:21 17 96.823 96.531
2024_0416_04:39:53 17 98.107 49.677
2024_0416_04:40:06 17 -37.373 30.149
2024_0416_04:40:28 17 79.686 79.401
2024_0416_04:40:46 17 22.723 3.695
2024_0416_04:42:09 17 30.779 24.947
2024_0416_04:42:34 17 98.431 99.59
2024_0416_04:42:41 17 0.078 -0.402
2024_0416_04:42:48 17 0.466 0.351
2024_0416_04:44:02 17 -9.209 9.498
2024_0416_04:44:31 17 71.764 99.06
2024_0416_04:44:46 17 2.455 -2.409
2024_0416_04:44:56 17 9.75 -10.341
2024_0416_04:44:57 17 99.484 94.963
2024_0416_04:45:16 17 -0.391 0.029
2024_0416_04:45:40 17 78.154 79.246
2024_0416_04:45:55 17 29.116 30.093
2024_0416_04:46:46 17 -100.0 -99.996
2024_0416_04:46:46 17 37.323 98.803
2024_0416_04:46:51 17 99.345 99.457
2024_0416_04:47:44 17 80.506 98.407
2024_0416_04:48:10 17 99.594 87.788
2024_0416_04:48:32 17 -0.33 0.574
2024_0416_04:48:56 17 25.804 6.651
2024_0416_04:49:00 17 15.625 12.494
2024_0416_04:50:22 17 0.198 -0.129
2024_0416_04:50:33 17 12.02 8.53
2024_0416_04:51:17 17 98.677 98.372
2024_0416_04:51:39 17 79.286 39.774
2024_0416_04:52:00 17 0.299 -0.112
2024_0416_04:52:01 17 18.381 23.688
2024_0416_04:52:51 17 79.349 78.696
2024_0416_04:53:03 17 -0.318 0.537
2024_0416_04:53:15 17 2.069 6.999
2024_0416_04:53:46 17 -19.727 19.698
2024_0416_04:54:09 17 0.08 0.061
2024_0416_04:54:45 17 49.522 49.185
2024_0416_04:54:57 17 0.275 -0.009
2024_0416_04:55:19 17 99.356 97.145
2024_0416_04:55:23 17 98.289 95.242
2024_0416_04:56:32 17 10.117 -9.681
2024_0416_04:56:34 17 -7.641 8.611
2024_0416_04:56:40 17 16.646 17.133
2024_0416_04:57:36 17 -0.915 0.086
2024_0416_04:58:00 17 -7.844 8.238
2024_0416_04:58:03 17 13.119 -12.43
2024_0416_04:58:23 17 -0.077 0.033
2024_0416_04:58:56 17 94.47 97.504
2024_0416_04:59:21 17 -5.697 5.571
2024_0416_04:59:36 17 31.024 13.162
2024_0416_04:59:44 17 0.267 -0.545
2024_0416_05:00:13 17 -0.262 -0.274
2024_0416_05:00:57 17 99.138 98.422
2024_0416_05:01:07 17 69.273 88.587
2024_0416_05:01:20 17 -10.006 13.258
2024_0416_05:01:43 17 0.257 0.279
2024_0416_05:02:33 17 0.7 -0.038
2024_0416_05:02:34 17 -25.168 25.497
2024_0416_05:03:06 17 98.079 99.15
2024_0416_05:03:59 17 0.106 0.227
2024_0416_05:04:19 17 -0.123 -0.173
2024_0416_05:04:38 17 0.394 -0.27
2024_0416_05:04:53 17 26.128 48.281
2024_0416_05:05:41 17 0.323 -0.249
2024_0416_05:05:56 17 -9.928 9.952
2024_0416_05:06:21 17 30.559 46.508
2024_0416_05:06:58 17 0.447 -0.679
2024_0416_05:07:20 17 99.007 97.337
2024_0416_05:07:51 17 17.085 16.964
2024_0416_05:08:03 17 -11.01 10.548
2024_0416_05:08:32 17 -0.828 -0.321
2024_0416_05:08:34 17 -0.219 0.75
2024_0416_05:08:37 17 0.165 -0.508
2024_0416_05:09:36 17 -0.04 0.399
2024_0416_05:10:20 17 0.675 0.121
2024_0416_05:10:39 17 97.9 99.53
2024_0416_05:10:57 17 17.807 17.249
2024_0416_05:10:57 17 0.102 -0.437
2024_0416_05:11:43 17 0.265 -0.245
2024_0416_05:12:06 17 98.461 99.327
2024_0416_05:12:14 17 -0.343 -0.118
2024_0416_05:12:23 17 -0.129 16.562
2024_0416_05:13:17 17 0.011 0.367
2024_0416_05:13:32 17 5.278 -3.534
2024_0416_05:14:10 17 3.427 0.349
2024_0416_05:14:27 17 65.17 39.975
2024_0416_05:14:40 17 91.825 94.12
2024_0416_05:15:03 17 0.496 0.166
2024_0416_05:15:57 17 24.91 7.196
2024_0416_05:16:20 17 17.576 -11.841
2024_0416_05:16:59 18 -15.901 15.509
2024_0416_05:17:00 17 49.609 -49.598
2024_0416_05:17:30 18 75.123 47.631
2024_0416_05:17:42 18 49.999 99.998
2024_0416_05:18:23 18 -0.075 0.371
2024_0416_05:18:28 18 42.407 -42.842
2024_0416_05:18:41 18 99.526 93.634
2024_0416_05:19:20 18 98.665 99.6
2024_0416_05:19:34 18 32.84 46.304
2024_0416_05:19:36 18 18.585 21.069
2024_0416_05:20:28 18 32.997 -2.59
2024_0416_05:20:49 18 99.664 49.117
2024_0416_05:20:50 18 92.033 47.101
2024_0416_05:21:24 18 49.95 -0.342
2024_0416_05:22:22 18 0.096 0.291
2024_0416_05:22:22 18 5.96 27.455
2024_0416_05:23:00 18 -0.917 0.562
2024_0416_05:23:25 18 9.067 6.624
2024_0416_05:23:55 18 5.022 -2.015
2024_0416_05:24:00 18 43.399 35.478
2024_0416_05:24:30 18 98.957 98.177
2024_0416_05:24:54 18 83.855 92.953
2024_0416_05:25:08 18 -6.714 46.754
2024_0416_05:25:25 18 15.683 -1.907
2024_0416_05:25:39 18 97.087 99.114
2024_0416_05:25:39 18 -0.047 -0.158
2024_0416_05:26:50 18 78.871 64.841
2024_0416_05:26:56 18 99.592 98.325
2024_0416_05:27:14 18 1.497 -0.577
2024_0416_05:27:44 18 0.338 -0.052
2024_0416_05:28:26 18 92.125 99.322
2024_0416_05:28:45 18 -12.385 12.509
2024_0416_05:29:09 18 -0.182 0.027
2024_0416_05:29:44 18 -9.822 9.595
2024_0416_05:30:14 18 94.672 96.729
2024_0416_05:30:34 18 0.285 -0.073
2024_0416_05:30:42 18 97.969 98.572
2024_0416_05:31:13 18 0.148 -0.017
2024_0416_05:31:28 18 -0.461 -0.36
2024_0416_05:31:30 18 21.085 -9.092
2024_0416_05:31:51 18 92.723 99.03
2024_0416_05:33:00 18 -0.365 0.164
2024_0416_05:33:11 18 -6.9 10.029
2024_0416_05:33:37 18 67.357 8.584
2024_0416_05:34:29 18 99.465 99.468
2024_0416_05:35:09 18 17.307 16.086
2024_0416_05:35:26 18 -0.434 -0.178
2024_0416_05:36:04 18 39.047 42.599
2024_0416_05:36:21 18 43.428 44.222
2024_0416_05:36:38 18 0.12 0.068
2024_0416_05:37:03 18 0.21 -0.104
2024_0416_05:37:32 18 55.114 55.181
2024_0416_05:37:34 18 0.206 0.011
2024_0416_05:37:36 18 97.095 99.214
2024_0416_05:37:51 18 99.243 98.626
2024_0416_05:37:57 18 1.971 -0.753
2024_0416_05:39:06 18 0.054 49.639
2024_0416_05:39:32 18 0.051 0.138
2024_0416_05:39:43 18 51.583 36.943
2024_0416_05:39:59 18 10.174 32.481
2024_0416_05:40:33 18 0.259 0.065
2024_0416_05:41:30 18 -24.66 49.02
2024_0416_05:41:34 18 88.987 66.037
2024_0416_05:42:22 18 -0.545 22.74
2024_0416_05:42:25 18 48.303 48.675
2024_0416_05:42:41 18 99.999 49.998
2024_0416_05:43:38 18 99.412 82.065
2024_0416_05:43:41 18 0.008 0.215
2024_0416_05:44:01 18 99.488 94.657
2024_0416_05:44:14 18 96.694 97.435
2024_0416_05:44:19 18 -36.668 38.157
2024_0416_05:44:24 18 -0.417 0.349
2024_0416_05:45:09 18 30.902 37.02
2024_0416_05:45:53 18 88.995 29.714
2024_0416_05:46:07 18 49.195 99.588
2024_0416_05:46:36 18 50.741 92.758
2024_0416_05:46:42 18 38.852 76.931
2024_0416_05:47:39 18 -20.188 20.172
2024_0416_05:47:55 18 -12.308 11.911
2024_0416_05:48:32 18 99.471 81.897
2024_0416_05:48:40 18 -0.079 0.168
2024_0416_05:49:17 18 45.931 97.724
2024_0416_05:49:43 18 98.402 99.443
2024_0416_05:50:22 18 0.512 0.74
2024_0416_05:50:34 18 0.116 0.379
2024_0416_05:50:49 18 99.303 99.519
2024_0416_05:51:10 18 16.501 8.076
2024_0416_05:52:09 18 -13.298 12.594
2024_0416_05:52:33 18 92.529 95.814
2024_0416_05:52:56 18 19.205 18.843
2024_0416_05:52:59 18 -0.513 0.691
2024_0416_05:53:56 18 0.068 -0.221
2024_0416_05:54:07 18 -2.638 2.515
2024_0416_05:54:17 18 99.024 97.733
2024_0416_05:54:41 18 6.316 26.065
2024_0416_05:55:01 18 0.0 0.0
2024_0416_05:55:25 18 97.619 98.786
2024_0416_05:55:56 18 98.272 91.986
2024_0416_05:56:15 18 83.566 82.948
2024_0416_05:56:41 18 98.697 98.801
2024_0416_05:57:03 18 47.106 -0.357
2024_0416_05:57:12 18 0.148 -0.085
2024_0416_05:57:21 18 -2.455 49.559
2024_0416_05:59:05 18 -0.201 -0.338
2024_0416_05:59:09 18 20.116 11.119
2024_0416_05:59:15 18 12.063 14.517
2024_0416_05:59:18 18 0.386 -0.951
2024_0416_06:00:18 18 92.398 99.106
2024_0416_06:00:19 18 10.32 -10.113
2024_0416_06:00:49 18 97.328 93.362
2024_0416_06:00:54 18 0.314 -0.829
2024_0416_06:01:23 18 99.613 96.079
2024_0416_06:01:28 18 0.023 0.136
2024_0416_06:02:03 18 18.237 15.017
2024_0416_06:02:51 18 62.791 58.699
2024_0416_06:02:52 18 96.473 95.463
2024_0416_06:03:31 18 14.676 14.075
2024_0416_06:03:34 18 97.552 97.886
2024_0416_06:03:38 18 49.998 -49.998
2024_0416_06:05:13 18 9.066 8.579
2024_0416_06:05:26 18 99.996 -99.986
2024_0416_06:05:46 18 -0.322 0.105
2024_0416_06:05:55 18 67.054 95.318
2024_0416_06:06:28 18 99.377 99.259
2024_0416_06:06:46 18 12.175 -4.417
2024_0416_06:07:01 18 0.254 -0.594
2024_0416_06:07:05 18 -0.258 0.049
2024_0416_06:07:31 18 -3.603 3.957
2024_0416_06:07:33 18 1.962 -1.001
2024_0416_06:08:13 18 30.297 -4.837
2024_0416_06:08:58 18 99.133 98.495
2024_0416_06:09:22 18 96.942 98.201
2024_0416_06:09:40 18 0.207 0.442
2024_0416_06:10:03 18 37.844 5.947
2024_0416_06:10:07 18 -0.233 0.306
2024_0416_06:11:23 18 0.14 0.132
2024_0416_06:11:51 18 1.142 0.448
2024_0416_06:12:10 18 -0.497 0.431
2024_0416_06:12:20 18 55.939 58.128
2024_0416_06:12:35 18 -1.119 0.988
2024_0416_06:13:12 18 95.953 78.421
2024_0416_06:13:40 18 87.339 99.316
2024_0416_06:13:41 18 98.839 98.225
2024_0416_06:13:48 18 -0.224 0.084
2024_0416_06:14:20 18 98.636 98.416
2024_0416_06:14:40 18 -8.212 7.708
2024_0416_06:15:07 18 97.238 26.752
2024_0416_06:15:42 18 9.86 -9.962
2024_0416_06:15:44 18 99.414 99.277
2024_0416_06:16:22 18 7.821 1.533
2024_0416_06:16:27 18 -0.32 -0.188
2024_0416_06:18:11 18 0.299 0.104
2024_0416_06:18:31 18 -46.67 45.315
2024_0416_06:18:41 18 16.957 15.384
2024_0416_06:18:43 18 47.924 0.098
2024_0416_06:19:44 18 -9.68 10.053
2024_0416_06:19:46 18 -0.214 -0.082
2024_0416_06:20:13 18 -5.778 72.101
2024_0416_06:20:22 18 8.12 -8.524
2024_0416_06:21:04 18 98.751 97.105
2024_0416_06:21:10 18 7.735 14.845
2024_0416_06:22:01 18 -49.999 -99.99
2024_0416_06:22:16 18 -0.345 0.405
2024_0416_06:22:52 19 99.405 96.045
2024_0416_06:23:17 19 -14.432 14.242
2024_0416_06:23:27 19 93.625 49.018
2024_0416_06:24:18 19 0.188 0.176
2024_0416_06:24:36 19 99.158 99.288
2024_0416_06:24:53 19 97.451 99.094
2024_0416_06:25:15 19 99.071 22.754
2024_0416_06:25:47 19 -1.175 1.28
2024_0416_06:25:56 19 99.38 99.425
2024_0416_06:26:29 19 0.228 0.464
2024_0416_06:26:39 19 -0.611 -0.181
2024_0416_06:27:18 19 -0.121 5.241
2024_0416_06:27:28 19 0.153 0.506
2024_0416_06:27:57 19 0.137 -0.084
2024_0416_06:28:21 19 -9.946 10.063
2024_0416_06:28:24 19 1.142 0.336
2024_0416_06:29:29 19 -0.261 -0.296
2024_0416_06:29:37 19 0.103 -0.674
2024_0416_06:30:30 19 91.246 49.624
2024_0416_06:31:01 19 -0.192 -0.039
2024_0416_06:31:23 19 99.462 96.749
2024_0416_06:32:01 19 49.785 49.293
2024_0416_06:32:01 19 0.325 0.442
2024_0416_06:32:01 19 -0.108 0.29
2024_0416_06:32:38 19 -0.157 -0.216
2024_0416_06:33:03 19 -0.274 -0.424
2024_0416_06:33:24 19 6.093 78.403
2024_0416_06:33:24 19 45.129 86.718
2024_0416_06:34:16 19 19.497 -19.984
2024_0416_06:34:47 19 24.737 9.124
2024_0416_06:35:40 19 55.263 63.708
2024_0416_06:36:05 19 5.083 5.855
2024_0416_06:36:40 19 10.459 -0.605
2024_0416_06:37:48 19 0.333 -0.458
2024_0416_06:37:50 19 0.317 -0.057
2024_0416_06:38:05 19 0.029 0.54
2024_0416_06:38:11 19 0.25 -9.98
2024_0416_06:38:25 19 -0.064 0.058
2024_0416_06:38:53 19 12.78 10.717
2024_0416_06:39:18 19 2.097 -1.883
2024_0416_06:39:30 19 99.544 94.303
2024_0416_06:39:47 19 16.448 -16.562
2024_0416_06:40:21 19 16.621 -16.714
2024_0416_06:41:09 19 48.119 49.863
2024_0416_06:41:46 19 5.484 -13.048
2024_0416_06:41:54 19 -0.236 0.21
2024_0416_06:42:27 19 1.666 -2.47
2024_0416_06:42:50 19 49.201 97.757
2024_0416_06:42:58 19 4.757 1.299
2024_0416_06:44:00 19 0.278 51.765
2024_0416_06:44:10 19 -0.143 0.132
2024_0416_06:44:20 19 43.106 49.109
2024_0416_06:44:33 19 99.152 87.333
2024_0416_06:44:54 19 0.036 -0.247
2024_0416_06:45:27 19 48.613 98.256
2024_0416_06:45:50 19 0.07 -0.206
2024_0416_06:46:22 19 19.874 -19.286
2024_0416_06:46:29 19 99.612 99.384
2024_0416_06:47:36 19 9.352 10.249
2024_0416_06:47:53 19 17.855 11.86
2024_0416_06:48:21 19 -10.647 10.218
2024_0416_06:48:51 19 48.107 39.579
2024_0416_06:49:08 19 -0.536 0.34
2024_0416_06:49:09 19 90.789 99.469
2024_0416_06:50:07 19 -0.475 0.638
2024_0416_06:50:34 19 0.039 -1.053
2024_0416_06:50:34 19 49.177 95.753
2024_0416_06:50:55 19 -49.995 50.0
2024_0416_06:51:02 19 -0.931 10.86
2024_0416_06:51:45 19 -0.072 0.074
2024_0416_06:52:27 19 -0.408 0.76
2024_0416_06:52:37 19 49.651 -49.629
2024_0416_06:52:50 19 0.07 -0.17
2024_0416_06:54:04 19 -3.824 3.302
2024_0416_06:54:40 20 0.154 0.252
2024_0416_06:55:18 20 97.652 28.647
2024_0416_06:55:21 20 99.069 99.446
2024_0416_06:55:25 20 21.859 8.692
2024_0416_06:56:23 20 0.397 -0.478
2024_0416_06:56:46 20 47.678 47.493
2024_0416_06:57:01 20 8.305 49.042
2024_0416_06:57:04 20 -99.998 -49.999
2024_0416_06:57:34 20 -0.17 0.16
2024_0416_06:57:35 20 75.827 78.232
2024_0416_06:57:59 20 24.463 49.342
2024_0416_06:58:45 20 -49.997 100.0
2024_0416_06:58:52 20 -0.297 0.186
2024_0416_06:59:25 20 -0.62 9.132
2024_0416_06:59:34 20 14.528 35.034
2024_0416_07:00:27 20 10.512 6.087
2024_0416_07:01:05 20 7.32 13.535
2024_0416_07:01:27 20 -0.852 -1.298
2024_0416_07:01:33 20 11.566 12.554
2024_0416_07:01:49 20 49.5 99.386
2024_0416_07:03:28 20 37.044 42.964
2024_0416_07:03:30 20 98.223 99.373
2024_0416_07:03:46 20 99.401 91.846
2024_0416_07:03:56 20 -0.264 -0.184
2024_0416_07:03:57 20 -0.194 0.666
2024_0416_07:04:07 20 -0.371 0.057
2024_0416_07:04:54 20 -12.264 12.923
2024_0416_07:05:38 20 14.614 3.009
2024_0416_07:05:50 20 9.846 -9.731
2024_0416_07:06:07 20 0.347 0.139
2024_0416_07:06:50 20 99.587 99.428
2024_0416_07:07:32 20 16.284 -15.735
2024_0416_07:07:32 20 0.001 -0.002
2024_0416_07:08:20 20 45.138 92.346
2024_0416_07:09:40 20 0.18 0.056
2024_0416_07:09:50 20 96.79 99.081
2024_0416_07:10:10 20 1.325 -1.468
2024_0416_07:10:15 20 93.625 97.333
2024_0416_07:10:21 20 -12.34 12.369
2024_0416_07:10:28 20 0.344 0.039
2024_0416_07:11:09 20 99.506 98.717
2024_0416_07:11:10 20 98.943 99.457
2024_0416_07:11:45 20 49.995 49.999
2024_0416_07:11:56 20 9.935 9.571
2024_0416_07:11:59 20 50.089 -50.105
2024_0416_07:12:29 20 -3.065 4.995
2024_0416_07:13:09 20 -0.073 0.464
2024_0416_07:13:43 20 98.851 99.344
2024_0416_07:13:56 20 0.164 -0.371
2024_0416_07:14:49 20 48.68 0.582
2024_0416_07:15:57 20 41.805 48.258
2024_0416_07:16:15 20 14.427 15.659
2024_0416_07:16:15 20 99.386 85.771
2024_0416_07:16:27 20 99.313 99.112
2024_0416_07:16:54 20 99.015 98.318
2024_0416_07:16:57 20 -13.312 7.344
2024_0416_07:17:22 20 15.4 15.261
2024_0416_07:17:33 20 -0.044 48.764
2024_0416_07:18:08 20 -0.32 -0.089
2024_0416_07:18:12 20 0.406 -0.239
2024_0416_07:18:20 20 99.177 98.718
2024_0416_07:19:00 20 3.179 32.437
2024_0416_07:19:51 20 99.998 49.999
2024_0416_07:19:56 20 17.012 16.081
2024_0416_07:20:29 20 87.433 73.379
2024_0416_07:21:13 20 -19.745 19.805
2024_0416_07:22:05 20 58.423 28.538
2024_0416_07:22:29 20 -9.622 9.255
2024_0416_07:22:39 20 12.097 -12.325
2024_0416_07:22:43 20 30.401 4.458
2024_0416_07:23:28 20 65.556 89.48
2024_0416_07:23:34 20 0.248 1.663
2024_0416_07:24:11 20 3.211 -2.216
2024_0416_07:24:19 20 98.945 98.5
2024_0416_07:24:30 20 41.751 91.284
2024_0416_07:24:45 20 94.66 95.999
2024_0416_07:25:28 20 -0.162 0.018
2024_0416_07:26:10 20 0.188 0.31
2024_0416_07:26:30 20 16.996 11.662
2024_0416_07:26:52 20 99.998 49.999
2024_0416_07:27:41 20 48.298 92.17
2024_0416_07:27:48 20 40.002 -39.905
2024_0416_07:28:17 20 81.535 43.479
2024_0416_07:28:38 20 62.886 62.302
2024_0416_07:28:58 20 0.146 -0.097
2024_0416_07:29:01 20 -0.446 0.123
2024_0416_07:29:47 20 48.458 98.674
2024_0416_07:29:51 20 -0.105 0.014
2024_0416_07:30:22 20 27.279 -15.524
2024_0416_07:30:42 20 0.353 0.002
2024_0416_07:30:44 20 49.512 -1.229
2024_0416_07:31:07 20 9.472 48.221
2024_0416_07:31:56 20 7.868 -7.848
2024_0416_07:32:21 20 -7.75 14.115
2024_0416_07:32:50 2 94.245 98.949
2024_0416_07:33:18 9 96.479 99.418
2024_0416_07:33:58 13 20.321 -19.795
2024_0416_07:34:06 13 7.611 14.415
2024_0416_07:34:21 13 97.789 98.024
2024_0416_07:34:42 13 3.633 -0.61
2024_0416_07:35:02 13 97.668 96.742
2024_0416_07:35:16 14 -0.262 0.169
2024_0416_07:35:56 14 48.91 99.169
2024_0416_07:36:15 14 49.198 98.795
2024_0416_07:36:27 14 0.37 -0.223
2024_0416_07:36:47 15 -0.33 -0.069
2024_0416_07:36:57 15 93.195 97.277
2024_0416_07:37:33 15 -0.342 0.403
2024_0416_07:38:23 15 97.966 99.442
2024_0416_07:38:27 15 -0.037 0.126
2024_0416_07:39:10 15 0.024 -0.371
2024_0416_07:39:42 15 3.944 -3.846
2024_0416_07:40:20 15 76.195 98.23
2024_0416_07:40:27 15 -0.043 0.059
2024_0416_07:40:29 16 86.249 95.535
2024_0416_07:40:49 16 82.514 82.32
2024_0416_07:41:10 16 48.826 -6.068
2024_0416_07:41:57 16 -0.034 -0.067
2024_0416_07:42:31 16 -8.438 58.343
2024_0416_07:42:34 16 0.477 -0.197
2024_0416_07:42:53 17 99.434 84.958
2024_0416_07:43:03 17 98.343 98.17
2024_0416_07:43:56 17 -0.404 20.749
2024_0416_07:44:38 17 95.912 96.892
2024_0416_07:44:43 17 -0.333 0.555
2024_0416_07:44:53 17 32.684 -2.247
2024_0416_07:45:35 17 3.056 16.679
2024_0416_07:46:42 17 96.312 99.303
2024_0416_07:46:49 17 -0.021 -0.117
2024_0416_07:46:58 18 98.915 99.021
2024_0416_07:47:13 18 0.036 0.277
2024_0416_07:48:04 18 25.888 24.954
2024_0416_07:48:36 18 11.515 -11.467
2024_0416_07:48:43 18 0.735 0.211
2024_0416_07:48:57 18 -0.137 0.148
2024_0416_07:49:01 18 99.15 97.568
2024_0416_07:49:33 19 11.714 -13.713
2024_0416_07:50:17 18 17.038 -17.273
2024_0416_07:50:46 18 18.481 22.385
2024_0416_07:51:06 19 9.645 -10.315
2024_0416_07:51:14 19 25.177 -24.954
2024_0416_07:52:09 19 48.425 97.919
2024_0416_07:52:13 19 7.203 4.708
2024_0416_07:52:46 19 15.262 -15.55
2024_0416_07:53:04 19 -0.967 -0.281
2024_0416_07:53:15 19 0.297 0.317
2024_0416_07:53:19 19 98.672 99.143
2024_0416_07:54:14 19 16.167 14.659
2024_0416_07:54:35 19 -0.397 0.176
2024_0416_07:55:07 19 48.373 -34.565
2024_0416_07:55:07 20 54.464 54.384
2024_0416_07:55:35 20 -29.847 29.785
2024_0416_07:56:39 20 -0.034 0.305
2024_0416_07:56:51 20 0.332 -0.528
2024_0416_07:57:22 20 98.969 98.54
2024_0416_07:57:39 20 -0.273 -0.218
2024_0416_07:58:26 16 -0.037 0.325
2024_0416_07:58:27 20 9.946 2.432
2024_0416_07:58:46 17 -0.339 0.132
2024_0416_07:58:50 18 -1.101 97.365
2024_0416_08:03:36 17 47.697 42.79
2024_0416_08:03:37 20 49.475 -0.491
