0.20683000000013646 0.11868500000004831 0.027855000000003193 0.006694999999999811 0.02275500000000163 0.021925000000001377 0.020545000000000955 0.020290000000000877 0.020255000000000866 0.007929999999999762 0.0439749999999993 0.03667500000000213 0.061654999999992445 0.05844999999999369 0.06654999999999617 0.050869999999996626 0.06415999999999378 0.06262999999999225 0.04189000000000011 0.03938000000000108 
2024_0415_14:43:56 2 86.625 97.725
2024_0415_14:43:56 7 99.575 58.025
2024_0415_14:43:56 11 47.925 83.325
2024_0415_14:43:57 3 64.6 99.3
2024_0415_14:43:58 8 3.725 49.25
2024_0415_14:43:59 4 44.65 95.575
2024_0415_14:44:00 10 48.65 96.125
2024_0415_14:44:00 6 -0.075 61.775
2024_0415_14:44:01 11 0.1 -0.325
2024_0415_14:44:06 2 47.725 99.425
2024_0415_14:44:07 1 67.1 99.5
2024_0415_14:44:09 1 94.75 99.45
2024_0415_14:44:09 6 57.725 62.925
2024_0415_14:44:09 1 79.225 99.4
2024_0415_14:44:14 9 96.05 99.8
2024_0415_14:50:23 15 -5.4 -0.625
2024_0415_14:50:24 12 17.325 -10.75
2024_0415_14:50:25 13 -1.5 -22.95
2024_0415_14:50:28 15 1.325 0.125
2024_0415_14:50:28 13 -49.0 49.95
2024_0415_14:50:29 16 -0.15 1.425
2024_0415_14:50:31 14 52.45 81.125
2024_0415_14:50:33 17 1.075 2.875
2024_0415_14:50:35 20 -0.025 -1.3
2024_0415_14:50:37 18 -9.175 11.45
2024_0415_14:50:42 5 50.675 99.525
2024_0415_14:50:46 17 -0.875 0.45
2024_0415_14:50:55 20 1.45 0.375
2024_0415_14:51:04 18 28.25 -24.525
2024_0415_14:52:43 19 22.525 19.975
2024_0415_14:59:08 5 99.475 70.825
2024_0415_14:59:09 11 0.05 1.025
2024_0415_14:59:10 1 77.4 99.6
2024_0415_14:59:10 3 51.775 99.35
2024_0415_14:59:10 2 55.275 97.95
2024_0415_14:59:11 2 50.85 99.625
2024_0415_14:59:13 11 49.95 99.9
2024_0415_14:59:14 4 49.9 99.3
2024_0415_14:59:18 8 28.525 47.9
2024_0415_14:59:18 7 97.25 46.775
2024_0415_14:59:19 6 65.0 49.25
2024_0415_14:59:21 11 97.2 84.825
2024_0415_14:59:21 2 46.875 99.725
2024_0415_14:59:24 9 87.975 99.375
2024_0415_14:59:24 10 49.35 98.65
2024_0415_14:59:29 11 1.525 -1.325
2024_0415_15:05:29 11 2.575 0.175
2024_0415_15:05:34 12 -17.575 15.75
2024_0415_15:05:36 13 11.35 -12.65
2024_0415_15:05:38 15 -4.25 41.55
2024_0415_15:05:38 13 18.125 23.5
2024_0415_15:05:39 13 95.75 98.475
2024_0415_15:05:41 16 -3.625 59.625
2024_0415_15:05:43 13 61.55 95.7
2024_0415_15:05:43 14 78.95 99.7
2024_0415_15:05:45 17 -2.1 -2.675
2024_0415_15:05:49 19 2.525 0.9
2024_0415_15:05:50 18 49.4 98.875
2024_0415_15:05:51 20 12.875 99.05
2024_0415_15:05:51 20 49.675 -49.825
2024_0415_15:12:15 8 26.325 93.125
2024_0415_15:12:15 11 1.025 1.775
2024_0415_15:12:15 6 79.675 91.0
2024_0415_15:12:17 11 99.6 58.9
2024_0415_15:12:19 12 99.875 49.35
2024_0415_15:12:19 11 61.9 5.475
2024_0415_15:12:20 10 54.8 99.625
2024_0415_15:12:21 9 49.8 99.7
2024_0415_15:12:27 5 99.6 49.45
2024_0415_15:12:28 1 54.05 99.475
2024_0415_15:12:28 7 99.225 49.8
2024_0415_15:12:30 3 49.85 98.575
2024_0415_15:12:31 2 48.05 99.525
2024_0415_15:12:32 4 47.3 99.525
2024_0415_15:12:33 2 49.525 99.625
2024_0415_15:12:35 10 91.05 99.5
2024_0415_15:18:31 12 1.375 0.075
2024_0415_15:18:34 13 43.2 -4.55
2024_0415_15:18:36 13 1.8 -0.5
2024_0415_15:18:38 14 -0.025 -0.775
2024_0415_15:18:42 13 -45.65 50.525
2024_0415_15:18:43 13 96.675 98.7
2024_0415_15:18:44 15 96.775 46.425
2024_0415_15:18:44 13 49.35 99.075
2024_0415_15:19:00 15 38.275 98.0
2024_0415_15:19:01 16 -16.475 11.075
2024_0415_15:19:04 16 31.575 9.35
2024_0415_15:19:08 16 62.95 49.525
2024_0415_15:19:08 18 -72.075 73.6
2024_0415_15:19:08 18 -2.15 1.15
2024_0415_15:19:09 17 48.7 49.825
2024_0415_15:19:14 18 -12.025 10.25
2024_0415_15:24:48 18 -0.475 0.325
2024_0415_15:24:53 18 -0.025 0.05
2024_0415_15:24:55 19 24.475 -22.025
2024_0415_15:24:57 19 10.5 83.925
2024_0415_15:25:02 20 15.975 0.625
2024_0415_15:25:04 20 -2.125 -0.625
2024_0415_15:25:08 20 -3.425 1.325
2024_0415_15:25:09 20 16.275 -11.6
2024_0415_15:31:12 7 99.15 60.825
2024_0415_15:31:13 8 55.775 48.125
2024_0415_15:31:14 2 62.475 97.375
2024_0415_15:31:15 2 91.725 98.65
2024_0415_15:31:16 3 73.8 98.7
2024_0415_15:31:16 2 64.875 99.65
2024_0415_15:31:17 2 48.875 99.475
2024_0415_15:31:30 5 99.55 87.375
2024_0415_15:31:30 8 36.1 63.7
2024_0415_15:31:31 1 49.675 99.475
2024_0415_15:31:32 2 48.125 97.8
2024_0415_15:31:33 3 49.125 99.4
2024_0415_15:31:34 6 -1.025 81.675
2024_0415_15:31:35 9 49.65 99.625
2024_0415_15:31:38 10 96.7 98.8
2024_0415_15:34:17 11 47.1 46.325
2024_0415_15:37:13 11 2.225 -1.0
2024_0415_15:37:15 11 0.825 -0.225
2024_0415_15:37:17 11 -1.675 -3.35
2024_0415_15:37:18 11 0.65 1.625
2024_0415_15:37:19 11 99.425 23.725
2024_0415_15:37:21 11 -0.975 -0.325
2024_0415_15:37:23 11 -50.0 -100.0
2024_0415_15:37:48 12 48.7 48.65
2024_0415_15:37:51 12 59.425 52.625
2024_0415_15:37:51 12 0.7 -0.675
2024_0415_15:37:52 12 39.45 98.675
2024_0415_15:37:52 13 52.3 -49.025
2024_0415_15:37:54 12 46.6 90.775
2024_0415_15:37:55 12 9.6 99.15
2024_0415_15:37:59 13 81.675 49.7
2024_0415_15:40:23 13 42.1 -39.875
2024_0415_15:43:21 13 96.95 98.75
2024_0415_15:43:23 13 -1.175 3.75
2024_0415_15:43:24 13 -0.675 11.175
2024_0415_15:43:26 13 -0.275 -1.9
2024_0415_15:43:30 13 99.225 99.375
2024_0415_15:43:33 13 0.425 24.55
2024_0415_15:43:35 13 36.3 17.325
2024_0415_15:44:05 14 -0.2 -0.6
2024_0415_15:44:08 13 99.075 55.5
2024_0415_15:44:09 14 -1.975 -2.225
2024_0415_15:44:09 14 -0.7 -0.775
2024_0415_15:44:12 14 -13.1 9.825
2024_0415_15:44:14 14 95.9 96.2
2024_0415_15:44:15 14 -0.05 1.7
2024_0415_15:44:27 14 99.575 71.975
2024_0415_15:46:29 14 32.0 61.475
2024_0415_15:49:30 14 11.5 -2.425
2024_0415_15:49:32 14 99.0 99.45
2024_0415_15:49:34 14 2.35 -0.025
2024_0415_15:49:36 14 97.625 99.05
2024_0415_15:49:45 15 -2.3 -0.35
2024_0415_15:50:05 15 -45.675 46.575
2024_0415_15:50:28 15 0.025 0.95
2024_0415_15:50:33 15 14.15 23.15
2024_0415_15:50:34 15 1.275 3.275
2024_0415_15:50:36 15 19.65 90.425
2024_0415_15:50:36 15 -1.575 -1.65
2024_0415_15:50:37 15 99.175 99.225
2024_0415_15:50:38 15 -1.75 0.525
2024_0415_15:50:46 15 0.375 -1.275
2024_0415_15:52:41 15 61.25 26.9
2024_0415_15:54:50 15 -3.55 2.5
2024_0415_15:55:44 16 37.7 79.65
2024_0415_15:55:44 16 44.125 46.05
2024_0415_15:55:44 16 5.75 -7.275
2024_0415_15:55:46 16 1.925 0.05
2024_0415_15:55:56 16 15.075 -17.175
2024_0415_15:56:17 16 3.5 6.6
2024_0415_15:56:51 17 -1.875 -1.1
2024_0415_15:56:51 17 1.6 0.35
2024_0415_15:56:52 16 -2.275 2.525
2024_0415_15:56:56 17 -79.9 79.325
2024_0415_15:56:57 17 -9.4 8.225
2024_0415_15:56:59 17 50.375 25.975
2024_0415_15:57:08 17 -49.95 49.95
2024_0415_15:58:51 17 0.1 0.225
2024_0415_16:00:09 17 -5.275 10.575
2024_0415_16:01:51 18 -50.0 -100.0
2024_0415_16:01:52 18 -15.55 26.9
2024_0415_16:01:54 18 -49.85 -99.475
2024_0415_16:02:09 18 49.725 -50.35
2024_0415_16:02:26 18 0.375 2.3
2024_0415_16:03:08 19 8.875 -11.425
2024_0415_16:03:11 19 2.375 -1.65
2024_0415_16:03:18 18 40.75 -40.975
2024_0415_16:03:20 19 34.975 -11.275
2024_0415_16:03:21 20 -10.8 47.225
2024_0415_16:03:22 19 -43.1 49.325
2024_0415_16:03:32 20 47.45 -1.525
2024_0415_16:05:03 20 -0.25 0.775
2024_0415_16:05:08 20 -2.5 4.575
2024_0415_16:06:03 20 -0.2 1.625
2024_0415_16:06:11 4 85.775 45.375
2024_0415_16:07:51 15 -0.9 -1.1
2024_0415_16:07:59 18 -12.6 79.425
2024_0415_16:08:09 18 10.875 17.225
2024_0415_16:08:35 20 -13.275 13.825
2024_0415_16:09:04 17 23.375 -22.55
2024_0415_16:15:12 7 99.6 49.25
2024_0415_16:15:12 2 92.175 98.975
2024_0415_16:15:13 4 44.75 97.175
2024_0415_16:15:13 2 48.45 99.6
2024_0415_16:15:14 2 49.075 99.675
2024_0415_16:15:15 2 49.6 99.7
2024_0415_16:15:16 10 57.675 99.45
2024_0415_16:15:17 10 71.6 98.6
2024_0415_16:15:22 7 98.05 49.15
2024_0415_16:15:23 5 99.025 65.225
2024_0415_16:15:24 1 98.8 99.4
2024_0415_16:15:25 6 32.0 49.325
2024_0415_16:15:27 3 47.25 99.65
2024_0415_16:15:27 9 77.0 99.6
2024_0415_16:15:29 2 48.275 99.425
2024_0415_16:15:31 8 98.2 59.325
2024_0415_16:21:15 11 3.075 1.225
2024_0415_16:21:18 11 -1.975 -1.125
2024_0415_16:21:18 11 2.825 -0.325
2024_0415_16:21:20 11 2.575 -0.975
2024_0415_16:21:22 11 -1.85 1.3
2024_0415_16:21:22 11 98.975 61.45
2024_0415_16:21:23 11 -0.75 0.15
2024_0415_16:21:24 11 48.125 98.9
2024_0415_16:21:41 11 3.225 1.9
2024_0415_16:21:43 12 -10.275 48.5
2024_0415_16:21:43 12 -0.325 -1.7
2024_0415_16:21:44 12 38.4 79.65
2024_0415_16:21:45 12 99.15 35.05
2024_0415_16:21:46 12 83.525 63.425
2024_0415_16:21:50 12 0.725 -2.425
2024_0415_16:21:50 12 -0.2 1.25
2024_0415_16:27:22 13 -1.7 1.425
2024_0415_16:27:22 13 0.425 -0.475
2024_0415_16:27:25 13 99.95 -99.95
2024_0415_16:27:30 13 -1.25 2.025
2024_0415_16:27:31 13 99.525 -95.325
2024_0415_16:27:31 13 99.675 93.525
2024_0415_16:27:31 13 0.825 -1.65
2024_0415_16:27:34 13 99.225 99.775
2024_0415_16:27:57 13 0.8 -2.525
2024_0415_16:28:00 13 1.3 -1.95
2024_0415_16:28:02 14 0.35 -0.175
2024_0415_16:28:07 13 19.275 16.675
2024_0415_16:28:08 14 99.325 99.85
2024_0415_16:28:12 14 97.075 97.9
2024_0415_16:28:13 14 57.225 98.125
2024_0415_16:28:14 14 57.75 32.475
2024_0415_16:33:29 14 -49.95 99.625
2024_0415_16:33:31 14 1.625 -1.275
2024_0415_16:33:35 14 2.7 47.475
2024_0415_16:33:39 15 0.8 -1.35
2024_0415_16:33:39 14 -0.45 -0.975
2024_0415_16:33:40 14 76.65 78.825
2024_0415_16:33:42 14 50.2 55.2
2024_0415_16:33:47 15 1.7 1.95
2024_0415_16:34:18 15 98.25 99.4
2024_0415_16:34:20 15 -1.0 0.65
2024_0415_16:34:22 15 -79.75 79.0
2024_0415_16:34:28 15 -37.175 47.125
2024_0415_16:34:29 15 1.05 1.425
2024_0415_16:34:32 15 -0.075 -2.625
2024_0415_16:34:33 15 -1.1 1.45
2024_0415_16:34:42 15 97.35 97.9
2024_0415_16:39:37 15 11.575 0.55
2024_0415_16:39:39 15 43.85 32.1
2024_0415_16:39:42 16 -9.225 9.825
2024_0415_16:39:43 16 -2.025 0.65
2024_0415_16:39:47 16 -1.3 -3.5
2024_0415_16:39:51 16 14.0 11.275
2024_0415_16:39:54 16 0.0 -1.575
2024_0415_16:39:55 16 1.05 -1.4
2024_0415_16:40:38 16 3.3 2.35
2024_0415_16:40:41 16 -49.975 49.975
2024_0415_16:40:49 17 23.125 74.85
2024_0415_16:40:51 17 98.75 99.525
2024_0415_16:40:54 17 36.45 45.425
2024_0415_16:40:56 17 10.225 -9.95
2024_0415_16:41:02 17 -0.375 2.925
2024_0415_16:44:57 17 0.2 0.775
2024_0415_16:45:44 18 49.875 46.75
2024_0415_16:45:46 18 -1.625 -0.475
2024_0415_16:46:00 18 -9.925 11.8
2024_0415_16:46:01 18 98.85 40.75
2024_0415_16:46:01 18 60.85 56.9
2024_0415_16:46:02 18 -1.825 -0.15
2024_0415_16:46:05 18 -50.0 50.0
2024_0415_16:46:13 18 82.925 92.725
2024_0415_16:46:57 18 -0.025 0.975
2024_0415_16:47:02 18 -3.25 2.55
2024_0415_16:47:07 19 0.425 2.425
2024_0415_16:47:15 19 -3.775 22.525
2024_0415_16:47:17 20 -16.475 72.675
2024_0415_16:47:28 20 21.225 -12.625
2024_0415_16:47:37 20 57.25 94.0
2024_0415_16:51:35 20 -99.95 0.0
2024_0415_16:51:49 18 1.325 0.525
2024_0415_16:51:49 17 84.075 49.725
2024_0415_16:51:51 20 -2.85 -1.125
2024_0415_16:54:48 20 99.325 71.925
2024_0415_17:00:55 2 49.925 99.5
2024_0415_17:00:57 2 53.775 99.475
2024_0415_17:00:57 2 64.325 98.625
2024_0415_17:00:57 5 99.425 69.1
2024_0415_17:00:58 2 48.875 99.425
2024_0415_17:00:58 2 70.95 97.8
2024_0415_17:01:00 2 78.65 99.0
2024_0415_17:01:02 3 66.675 99.425
2024_0415_17:01:09 2 47.75 98.475
2024_0415_17:01:10 1 97.6 99.425
2024_0415_17:01:10 7 98.175 47.875
2024_0415_17:01:11 2 67.45 98.325
2024_0415_17:01:12 2 54.75 96.825
2024_0415_17:01:12 4 41.85 98.425
2024_0415_17:01:13 4 48.65 99.45
2024_0415_17:01:13 6 87.125 76.525
2024_0415_17:07:01 7 67.725 98.6
2024_0415_17:07:04 8 89.45 66.775
2024_0415_17:07:04 11 0.5 3.275
2024_0415_17:07:05 8 46.675 53.5
2024_0415_17:07:10 11 94.85 50.975
2024_0415_17:07:10 11 98.875 41.875
2024_0415_17:07:13 10 41.725 98.75
2024_0415_17:07:19 9 49.475 99.05
2024_0415_17:07:27 11 -1.475 -0.325
2024_0415_17:07:28 11 0.4 -1.975
2024_0415_17:07:29 11 0.625 -3.15
2024_0415_17:07:29 11 0.55 -5.475
2024_0415_17:07:30 11 96.325 96.65
2024_0415_17:07:30 11 -2.025 -0.35
2024_0415_17:07:37 11 -50.0 -99.925
2024_0415_17:07:38 11 49.35 99.2
2024_0415_17:13:05 11 1.825 -2.475
2024_0415_17:13:12 11 44.2 46.5
2024_0415_17:13:12 11 0.125 -1.9
2024_0415_17:13:14 11 99.95 -99.95
2024_0415_17:13:17 11 99.6 94.45
2024_0415_17:13:19 11 99.725 66.125
2024_0415_17:13:30 12 99.3 99.025
2024_0415_17:13:31 11 1.775 -0.525
2024_0415_17:13:49 12 57.975 4.1
2024_0415_17:13:50 12 79.15 14.8
2024_0415_17:13:50 12 0.85 -1.4
2024_0415_17:13:50 12 99.05 86.875
2024_0415_17:13:51 12 98.9 99.7
2024_0415_17:13:56 12 49.025 49.15
2024_0415_17:13:57 12 -0.325 0.675
2024_0415_17:13:58 12 47.7 49.45
2024_0415_17:19:10 12 -3.475 2.625
2024_0415_17:19:19 12 49.0 78.725
2024_0415_17:19:21 12 65.325 80.125
2024_0415_17:19:26 12 1.6 -3.45
2024_0415_17:19:26 13 1.35 0.575
2024_0415_17:19:28 12 92.375 98.075
2024_0415_17:19:36 13 -1.75 -4.625
2024_0415_17:19:38 13 -11.825 13.825
2024_0415_17:20:08 13 47.875 88.6
2024_0415_17:20:12 13 98.575 94.725
2024_0415_17:20:13 13 71.325 97.05
2024_0415_17:20:14 13 2.875 -1.55
2024_0415_17:20:16 13 72.325 37.35
2024_0415_17:20:18 13 97.75 96.625
2024_0415_17:20:18 13 49.475 75.45
2024_0415_17:20:20 13 99.15 48.775
2024_0415_17:25:16 13 1.475 -0.825
2024_0415_17:25:27 13 48.7 48.6
2024_0415_17:25:35 13 55.0 49.725
2024_0415_17:25:36 13 94.1 82.075
2024_0415_17:25:37 13 0.0 4.025
2024_0415_17:25:41 13 2.75 0.975
2024_0415_17:25:42 13 0.2 -0.875
2024_0415_17:25:46 13 -49.95 49.95
2024_0415_17:26:28 13 -1.225 1.5
2024_0415_17:26:32 13 -2.1 -0.925
2024_0415_17:26:32 13 0.55 -2.65
2024_0415_17:26:35 13 42.725 99.65
2024_0415_17:26:37 14 -0.575 -2.75
2024_0415_17:26:38 14 -49.925 49.925
2024_0415_17:26:40 14 82.0 81.625
2024_0415_17:26:42 14 16.275 16.65
2024_0415_17:31:26 14 -1.975 4.825
2024_0415_17:31:34 14 17.7 -21.675
2024_0415_17:31:44 14 -9.5 28.475
2024_0415_17:31:48 14 24.4 98.675
2024_0415_17:31:50 14 84.25 95.9
2024_0415_17:31:51 14 36.15 78.425
2024_0415_17:31:54 14 -3.8 0.275
2024_0415_17:32:49 14 67.15 49.225
2024_0415_17:32:52 14 -49.975 -99.95
2024_0415_17:32:54 14 99.375 48.1
2024_0415_17:32:55 14 1.75 98.2
2024_0415_17:32:56 14 18.25 23.5
2024_0415_17:32:56 14 -22.625 19.775
2024_0415_17:32:58 14 52.925 89.25
2024_0415_17:33:06 14 98.975 37.175
2024_0415_17:34:37 14 14.95 13.45
2024_0415_17:37:39 15 3.875 -2.05
2024_0415_17:37:40 14 11.75 25.6
2024_0415_17:37:53 15 68.525 41.15
2024_0415_17:37:57 15 28.0 -27.5
2024_0415_17:37:58 15 8.575 13.225
2024_0415_17:38:00 15 -95.675 99.8
2024_0415_17:38:04 15 82.4 45.925
2024_0415_17:39:11 15 78.75 49.725
2024_0415_17:39:16 15 82.075 49.0
2024_0415_17:39:16 15 -1.8 -0.8
2024_0415_17:39:17 15 -3.9 1.8
2024_0415_17:39:23 15 -2.25 -2.075
2024_0415_17:39:24 15 -0.375 -1.15
2024_0415_17:39:26 15 -10.925 12.35
2024_0415_17:39:39 15 47.425 -0.525
2024_0415_17:40:40 15 -0.725 1.0
2024_0415_17:43:42 15 2.15 0.875
2024_0415_17:43:52 15 80.775 58.175
2024_0415_17:43:59 15 -1.05 -1.75
2024_0415_17:44:02 15 -1.375 1.65
2024_0415_17:44:04 15 1.725 -4.3
2024_0415_17:44:08 15 98.475 83.975
2024_0415_17:44:11 15 -1.775 -1.45
2024_0415_17:45:33 16 -3.825 1.125
2024_0415_17:45:36 16 2.3 3.825
2024_0415_17:45:36 16 -0.675 1.55
2024_0415_17:45:38 16 -10.35 9.825
2024_0415_17:45:43 16 -0.8 0.175
2024_0415_17:45:48 16 70.5 14.6
2024_0415_17:45:50 16 44.075 99.25
2024_0415_17:45:59 16 99.725 98.675
2024_0415_17:46:45 16 6.125 7.4
2024_0415_17:49:52 16 86.125 70.075
2024_0415_17:50:06 16 1.55 31.9
2024_0415_17:50:07 16 -17.5 46.825
2024_0415_17:50:09 16 -1.725 -1.225
2024_0415_17:50:12 16 -7.925 7.6
2024_0415_17:50:14 17 0.975 -0.6
2024_0415_17:50:28 17 -4.5 0.675
2024_0415_17:51:58 17 0.1 -2.325
2024_0415_17:51:58 17 4.15 44.775
2024_0415_17:52:02 17 39.725 25.575
2024_0415_17:52:04 17 -26.05 47.15
2024_0415_17:52:09 17 -0.125 1.7
2024_0415_17:52:12 17 18.85 55.025
2024_0415_17:52:21 17 49.025 94.325
2024_0415_17:52:54 17 45.475 14.3
2024_0415_17:54:21 17 4.55 -1.425
2024_0415_17:56:01 17 19.35 -0.05
2024_0415_17:56:17 17 -6.225 0.675
2024_0415_17:56:24 17 14.575 13.4
2024_0415_17:56:40 17 8.8 12.125
2024_0415_17:56:52 17 8.725 4.175
2024_0415_17:58:21 18 -1.375 0.575
2024_0415_17:58:23 18 49.0 96.625
2024_0415_17:58:24 18 61.25 97.175
2024_0415_17:58:29 18 0.625 1.35
2024_0415_17:58:32 18 -0.875 0.1
2024_0415_17:58:40 18 -0.975 -1.625
2024_0415_17:58:41 18 -0.025 -2.6
2024_0415_17:58:42 18 -17.275 18.275
2024_0415_17:59:05 18 -0.825 -0.325
2024_0415_17:59:28 18 12.55 -13.5
2024_0415_18:00:47 18 96.975 98.975
2024_0415_18:02:30 18 67.825 78.075
2024_0415_18:02:41 18 4.85 0.0
2024_0415_18:02:54 18 4.175 -0.275
2024_0415_18:03:02 18 89.525 97.225
2024_0415_18:03:58 18 -49.55 49.75
2024_0415_18:04:40 18 99.95 -49.975
2024_0415_18:04:41 18 27.875 -27.925
2024_0415_18:04:45 18 2.825 5.125
2024_0415_18:04:52 19 83.2 -50.375
2024_0415_18:04:53 18 78.925 98.95
2024_0415_18:04:59 18 21.1 12.55
2024_0415_18:05:00 18 -9.425 12.175
2024_0415_18:05:15 19 19.275 -18.625
2024_0415_18:05:16 19 -7.15 0.2
2024_0415_18:07:10 19 65.2 95.9
2024_0415_18:08:39 19 49.625 48.575
2024_0415_18:08:53 19 72.925 73.75
2024_0415_18:09:11 20 25.375 -2.575
2024_0415_18:09:18 20 0.175 -1.325
2024_0415_18:10:15 20 84.275 58.125
2024_0415_18:11:03 20 7.9 -8.3
2024_0415_18:11:03 20 47.9 0.6
2024_0415_18:11:07 20 96.875 48.9
2024_0415_18:11:11 20 -0.325 0.15
2024_0415_18:11:16 20 -12.6 17.125
2024_0415_18:11:19 20 -1.3 1.725
2024_0415_18:11:27 20 40.0 71.625
2024_0415_18:11:32 20 -1.125 2.175
2024_0415_18:11:38 20 -0.025 44.95
2024_0415_18:13:25 20 -99.95 49.975
2024_0415_18:14:47 14 74.625 97.925
2024_0415_18:15:03 17 16.125 -15.725
2024_0415_18:15:07 15 96.625 96.675
2024_0415_18:15:24 17 11.6 -14.825
2024_0415_18:15:34 17 9.8 -9.9
2024_0415_18:16:18 17 0.025 -3.775
2024_0415_18:17:02 17 14.525 -11.8
2024_0415_18:17:11 18 -0.025 0.575
2024_0415_18:17:12 19 46.95 39.125
2024_0415_18:17:22 20 46.025 89.375
2024_0415_18:23:34 8 35.675 47.2
2024_0415_18:23:35 2 49.3 99.45
2024_0415_18:23:37 2 95.25 99.9
2024_0415_18:23:38 7 97.8 49.8
2024_0415_18:23:38 6 42.4 48.925
2024_0415_18:23:39 3 73.2 98.925
2024_0415_18:23:44 4 67.35 99.375
2024_0415_18:23:52 2 49.025 99.65
2024_0415_18:23:53 2 48.875 98.175
2024_0415_18:24:05 7 98.3 49.85
2024_0415_18:24:10 1 49.725 99.225
2024_0415_18:24:22 2 95.475 99.6
2024_0415_18:24:24 4 52.325 97.175
2024_0415_18:24:26 5 99.4 59.95
2024_0415_18:24:29 2 72.875 99.475
2024_0415_18:24:39 2 47.65 99.6
2024_0415_18:29:52 8 27.325 83.75
2024_0415_18:29:55 11 44.725 27.025
2024_0415_18:29:55 9 48.7 99.2
2024_0415_18:29:57 10 47.025 98.9
2024_0415_18:29:59 11 -49.95 -99.9
2024_0415_18:30:01 11 2.25 -0.075
2024_0415_18:30:03 11 99.2 -51.85
2024_0415_18:30:08 11 -2.1 0.8
2024_0415_18:30:13 11 41.75 71.15
2024_0415_18:30:15 11 2.2 0.55
2024_0415_18:30:30 11 -2.775 0.3
2024_0415_18:30:30 11 -1.025 0.175
2024_0415_18:30:31 11 96.3 63.675
2024_0415_18:30:36 11 -0.35 -2.0
2024_0415_18:30:44 11 1.775 -0.225
2024_0415_18:33:22 11 -2.075 -1.4
2024_0415_18:36:04 12 2.15 0.375
2024_0415_18:36:11 11 42.05 25.075
2024_0415_18:36:12 11 -2.475 -1.525
2024_0415_18:36:14 11 70.25 18.125
2024_0415_18:36:15 11 -1.1 -0.15
2024_0415_18:36:19 11 47.825 48.9
2024_0415_18:36:20 12 99.6 43.375
2024_0415_18:36:21 12 99.275 63.575
2024_0415_18:36:26 12 -4.35 -1.5
2024_0415_18:36:26 12 17.5 26.125
2024_0415_18:36:34 12 -22.25 22.125
2024_0415_18:36:35 12 26.0 60.825
2024_0415_18:36:35 12 37.8 45.775
2024_0415_18:36:39 12 -0.25 -1.825
2024_0415_18:36:46 12 0.1 2.75
2024_0415_18:39:46 12 1.825 2.1
2024_0415_18:42:10 12 47.75 49.05
2024_0415_18:42:20 13 -1.95 0.1
2024_0415_18:42:22 13 -1.275 -0.075
2024_0415_18:42:31 13 -1.175 1.2
2024_0415_18:42:35 13 59.025 45.75
2024_0415_18:42:36 13 96.7 98.6
2024_0415_18:42:39 13 0.05 1.025
2024_0415_18:42:40 13 35.9 -10.475
2024_0415_18:42:41 12 37.2 44.55
2024_0415_18:42:42 13 -1.025 -2.925
2024_0415_18:42:44 13 -1.025 1.75
2024_0415_18:42:44 13 44.35 95.3
2024_0415_18:42:48 13 80.5 79.6
2024_0415_18:42:48 13 1.825 1.425
2024_0415_18:42:57 13 -1.8 3.9
2024_0415_18:46:09 13 -99.95 99.95
2024_0415_18:48:15 13 -49.95 49.95
2024_0415_18:48:22 13 0.575 -0.975
2024_0415_18:48:24 13 -0.45 0.675
2024_0415_18:48:42 13 21.5 24.925
2024_0415_18:48:47 14 -1.65 0.675
2024_0415_18:48:47 13 36.4 97.95
2024_0415_18:48:49 14 -49.975 49.975
2024_0415_18:48:51 13 26.1 8.625
2024_0415_18:48:53 13 -0.55 -2.775
2024_0415_18:48:56 14 87.475 49.65
2024_0415_18:48:56 13 11.1 -9.35
2024_0415_18:48:59 13 -0.525 2.675
2024_0415_18:49:02 14 -0.5 -2.5
2024_0415_18:49:06 14 2.675 -0.125
2024_0415_18:49:20 14 35.275 7.1
2024_0415_18:52:33 14 6.85 2.7
2024_0415_18:54:17 14 -1.65 -1.375
2024_0415_18:54:28 14 -6.25 57.75
2024_0415_18:54:29 14 -0.825 2.95
2024_0415_18:54:46 14 7.45 32.95
2024_0415_18:54:53 14 -1.175 1.15
2024_0415_18:54:54 14 25.05 13.55
2024_0415_18:54:59 14 28.55 98.7
2024_0415_18:55:01 14 16.25 99.375
2024_0415_18:55:12 14 -0.8 0.575
2024_0415_18:55:16 14 -86.65 99.95
2024_0415_18:55:17 14 85.025 48.675
2024_0415_18:55:22 14 0.325 -0.625
2024_0415_18:55:24 14 -19.875 19.175
2024_0415_18:55:28 14 -3.25 45.325
2024_0415_18:55:47 14 50.0 -47.0
2024_0415_18:59:01 15 22.825 48.825
2024_0415_19:00:26 15 83.4 57.75
2024_0415_19:00:28 15 -0.55 -0.625
2024_0415_19:00:42 15 86.8 41.4
2024_0415_19:00:58 15 -0.95 -1.2
2024_0415_19:01:01 15 0.525 0.0
2024_0415_19:01:04 15 94.025 99.375
2024_0415_19:01:12 15 1.225 -3.975
2024_0415_19:01:37 15 78.15 78.95
2024_0415_19:01:43 15 17.475 12.925
2024_0415_19:01:47 15 -1.25 2.725
2024_0415_19:01:50 15 50.075 32.675
2024_0415_19:01:50 15 -0.225 1.15
2024_0415_19:01:58 15 50.15 -19.675
2024_0415_19:02:14 15 0.9 -0.5
2024_0415_19:04:40 15 97.5 98.325
2024_0415_19:05:26 15 0.7 -1.9
2024_0415_19:06:32 15 43.025 95.55
2024_0415_19:06:37 15 24.175 96.425
2024_0415_19:06:47 15 -2.425 1.425
2024_0415_19:07:04 15 13.0 13.6
2024_0415_19:07:04 15 57.0 65.55
2024_0415_19:07:05 16 1.975 0.025
2024_0415_19:07:59 16 -1.15 -1.15
2024_0415_19:08:09 16 -3.35 48.625
2024_0415_19:08:11 16 -10.85 16.975
2024_0415_19:08:12 16 22.225 98.875
2024_0415_19:08:15 16 2.625 3.125
2024_0415_19:08:18 16 49.95 86.6
2024_0415_19:08:21 16 34.775 2.95
2024_0415_19:10:43 16 -21.4 79.55
2024_0415_19:10:59 16 11.875 32.125
2024_0415_19:11:56 16 26.475 41.05
2024_0415_19:12:47 16 48.1 46.5
2024_0415_19:12:53 17 17.75 93.425
2024_0415_19:13:08 17 -1.65 2.95
2024_0415_19:13:16 17 76.9 64.525
2024_0415_19:13:17 17 49.775 53.65
2024_0415_19:13:50 17 0.6 4.125
2024_0415_19:14:21 17 0.85 0.125
2024_0415_19:14:35 17 2.6 -0.7
2024_0415_19:14:35 17 1.725 16.525
2024_0415_19:14:40 17 18.95 47.125
2024_0415_19:14:49 17 -3.35 -2.85
2024_0415_19:16:48 17 14.825 13.975
2024_0415_19:17:28 17 30.925 12.25
2024_0415_19:18:04 17 1.575 -0.55
2024_0415_19:18:25 17 1.1 -0.675
2024_0415_19:18:52 17 38.675 -9.625
2024_0415_19:19:00 17 99.55 -0.575
2024_0415_19:19:08 17 -0.65 -0.075
2024_0415_19:19:21 18 -1.075 3.325
2024_0415_19:19:23 18 68.825 43.775
2024_0415_19:19:55 18 47.525 69.6
2024_0415_19:20:45 18 47.175 98.45
2024_0415_19:21:05 18 -9.625 10.375
2024_0415_19:21:05 18 -0.725 -0.2
2024_0415_19:21:07 18 48.4 -42.7
2024_0415_19:21:26 18 -36.9 48.875
2024_0415_19:22:53 18 -22.275 20.325
2024_0415_19:23:57 18 12.725 14.675
2024_0415_19:24:30 18 -1.15 2.05
2024_0415_19:24:45 18 -50.0 -99.3
2024_0415_19:25:04 18 0.175 -0.75
2024_0415_19:25:05 18 37.3 78.45
2024_0415_19:25:07 18 -0.975 -1.325
2024_0415_19:25:25 18 -99.975 100.0
2024_0415_19:25:33 18 17.525 13.65
2024_0415_19:25:40 18 35.45 75.3
2024_0415_19:25:57 18 1.575 -2.225
2024_0415_19:27:03 18 1.4 -1.075
2024_0415_19:27:34 19 -4.4 23.825
2024_0415_19:27:40 19 95.15 98.2
2024_0415_19:29:00 19 5.45 1.725
2024_0415_19:30:27 19 -0.825 -2.35
2024_0415_19:30:56 19 24.575 -23.3
2024_0415_19:31:13 19 -10.5 11.05
2024_0415_19:31:14 19 10.35 -11.775
2024_0415_19:31:15 19 99.75 -5.9
2024_0415_19:31:28 19 2.25 -0.65
2024_0415_19:31:31 19 42.4 29.825
2024_0415_19:31:52 20 39.85 36.175
2024_0415_19:32:04 20 10.6 49.825
2024_0415_19:32:26 20 78.175 60.775
2024_0415_19:34:03 20 0.575 -1.075
2024_0415_19:34:07 20 -1.35 10.1
2024_0415_19:34:07 20 4.675 0.325
2024_0415_19:35:10 20 93.05 96.2
2024_0415_19:37:01 20 6.325 -10.4
2024_0415_19:37:20 10 98.975 81.775
2024_0415_19:37:21 15 48.875 48.825
2024_0415_19:37:30 16 13.375 -14.25
2024_0415_19:37:32 16 87.7 33.1
2024_0415_19:37:40 20 -59.85 71.0
2024_0415_19:37:54 17 26.3 24.5
2024_0415_19:38:07 17 99.95 -34.8
2024_0415_19:38:49 18 19.025 -18.45
2024_0415_19:38:55 18 -1.1 -0.05
2024_0415_19:40:10 19 -7.55 67.8
2024_0415_19:40:21 19 69.65 99.15
2024_0415_19:40:25 20 19.35 7.725
2024_0415_19:40:31 20 0.85 -0.225
2024_0415_19:41:04 20 99.525 45.5
2024_0415_19:41:26 20 -7.375 8.05
2024_0415_19:43:03 16 0.4 -0.275
2024_0415_19:49:09 2 49.875 98.975
2024_0415_19:49:09 2 87.15 99.45
2024_0415_19:49:10 2 48.225 99.225
2024_0415_19:49:10 2 56.45 99.7
2024_0415_19:49:12 4 47.325 98.75
2024_0415_19:49:12 2 48.475 99.65
2024_0415_19:49:13 3 48.675 95.5
2024_0415_19:49:13 2 49.175 97.875
2024_0415_19:49:28 2 47.2 99.375
2024_0415_19:49:28 2 49.075 99.425
2024_0415_19:49:28 1 49.675 99.6
2024_0415_19:49:28 1 49.675 99.55
2024_0415_19:49:29 2 47.85 99.45
2024_0415_19:49:31 2 98.875 99.675
2024_0415_19:49:31 2 48.05 99.1
2024_0415_19:49:32 3 45.875 94.0
2024_0415_19:55:17 7 89.075 99.4
2024_0415_19:55:17 8 45.575 23.675
2024_0415_19:55:18 8 86.5 64.05
2024_0415_19:55:18 4 39.625 95.025
2024_0415_19:55:18 6 89.45 98.5
2024_0415_19:55:19 7 77.9 99.2
2024_0415_19:55:22 9 96.625 98.8
2024_0415_19:55:49 11 -86.65 99.95
2024_0415_19:55:51 11 3.475 -0.05
2024_0415_19:55:52 11 1.725 -2.525
2024_0415_19:55:53 11 -2.925 41.275
2024_0415_19:55:54 11 0.075 0.025
2024_0415_19:55:55 10 48.975 98.25
2024_0415_19:55:55 10 46.7 99.1
2024_0415_19:55:57 11 62.5 98.5
2024_0415_19:59:54 11 -50.35 49.95
2024_0415_20:01:21 11 48.925 49.05
2024_0415_20:01:22 11 2.6 -0.7
2024_0415_20:01:22 11 91.0 -1.725
2024_0415_20:01:23 11 -1.875 -1.175
2024_0415_20:01:25 11 99.4 61.275
2024_0415_20:01:25 11 99.35 99.85
2024_0415_20:01:29 11 99.675 46.75
2024_0415_20:02:13 11 1.8 0.85
2024_0415_20:02:13 11 1.025 0.6
2024_0415_20:02:15 11 -1.425 -1.2
2024_0415_20:02:16 11 3.5 -0.95
2024_0415_20:02:19 11 79.825 44.575
2024_0415_20:02:21 11 2.65 -1.175
2024_0415_20:02:26 11 -0.275 -3.975
2024_0415_20:02:28 11 0.025 0.625
2024_0415_20:06:00 11 49.175 91.475
2024_0415_20:07:24 11 66.275 47.4
2024_0415_20:07:26 11 47.625 85.025
2024_0415_20:07:30 11 49.85 91.1
2024_0415_20:07:31 11 77.8 53.8
2024_0415_20:07:31 12 -1.25 0.675
2024_0415_20:07:36 11 19.025 16.15
2024_0415_20:07:38 12 49.325 94.675
2024_0415_20:08:37 12 -0.05 0.525
2024_0415_20:08:37 12 -1.5 -0.5
2024_0415_20:08:38 12 93.275 99.05
2024_0415_20:08:39 12 -1.85 88.075
2024_0415_20:08:42 12 -1.05 -0.875
2024_0415_20:08:47 12 98.975 99.225
2024_0415_20:08:51 12 -2.025 -3.65
2024_0415_20:08:52 12 1.075 -2.5
2024_0415_20:12:08 12 97.775 50.225
2024_0415_20:13:28 12 -0.075 1.8
2024_0415_20:13:28 12 -1.275 1.125
2024_0415_20:13:37 12 99.05 99.6
2024_0415_20:13:37 12 19.675 9.625
2024_0415_20:13:43 12 97.6 49.475
2024_0415_20:13:43 12 -0.525 5.825
2024_0415_20:13:44 12 1.675 -0.8
2024_0415_20:14:58 12 -1.6 2.675
2024_0415_20:14:59 12 0.675 0.0
2024_0415_20:15:03 12 -49.95 49.95
2024_0415_20:15:09 13 25.025 24.8
2024_0415_20:15:12 13 4.025 77.125
2024_0415_20:15:13 13 2.55 -0.125
2024_0415_20:15:20 13 76.425 49.775
2024_0415_20:15:21 13 91.6 46.55
2024_0415_20:18:12 13 -1.675 -2.5
2024_0415_20:19:32 13 0.325 0.4
2024_0415_20:19:36 13 62.825 97.55
2024_0415_20:19:44 13 -99.95 -99.95
2024_0415_20:19:45 13 45.35 96.075
2024_0415_20:19:47 13 12.1 93.45
2024_0415_20:19:50 13 0.15 0.5
2024_0415_20:19:52 13 99.25 92.325
2024_0415_20:21:23 13 -2.6 -0.55
2024_0415_20:21:25 13 -49.95 -99.9
2024_0415_20:21:31 13 45.075 95.925
2024_0415_20:21:34 13 10.45 -10.15
2024_0415_20:21:36 13 0.8 -0.175
2024_0415_20:21:38 13 17.15 69.875
2024_0415_20:21:47 13 49.1 98.05
2024_0415_20:21:48 13 99.65 88.925
2024_0415_20:24:19 13 90.025 58.325
2024_0415_20:25:38 13 -2.475 0.8
2024_0415_20:25:38 13 -1.225 1.45
2024_0415_20:25:51 13 -49.975 49.975
2024_0415_20:25:53 13 10.15 -12.575
2024_0415_20:25:55 13 84.85 48.45
2024_0415_20:25:56 13 -11.45 37.325
2024_0415_20:25:57 13 21.85 43.8
2024_0415_20:27:46 13 -1.175 -1.225
2024_0415_20:27:52 13 70.15 43.975
2024_0415_20:27:56 13 -0.55 0.15
2024_0415_20:28:00 13 75.075 53.575
2024_0415_20:28:00 14 97.85 98.175
2024_0415_20:28:02 14 -1.55 0.975
2024_0415_20:28:11 14 1.775 0.275
2024_0415_20:28:17 14 83.125 48.25
2024_0415_20:30:24 14 0.575 1.525
2024_0415_20:31:45 14 18.275 99.05
2024_0415_20:31:47 14 -24.525 20.6
2024_0415_20:31:55 14 -0.55 2.2
2024_0415_20:31:58 14 49.875 -49.925
2024_0415_20:32:03 14 21.9 0.65
2024_0415_20:32:03 14 47.6 92.025
2024_0415_20:32:04 14 -99.65 -99.85
2024_0415_20:34:10 14 -7.2 12.875
2024_0415_20:34:23 14 -5.0 -2.575
2024_0415_20:34:24 14 -0.95 0.175
2024_0415_20:34:24 14 98.475 -2.25
2024_0415_20:34:26 14 -13.4 13.75
2024_0415_20:34:27 14 24.95 80.375
2024_0415_20:34:28 14 0.85 2.05
2024_0415_20:34:44 14 98.775 98.85
2024_0415_20:36:28 14 -1.85 -1.8
2024_0415_20:37:52 14 46.275 46.425
2024_0415_20:38:02 14 2.475 -0.425
2024_0415_20:38:06 14 81.175 76.8
2024_0415_20:38:09 14 14.65 11.925
2024_0415_20:38:10 14 -0.275 -3.125
2024_0415_20:38:11 14 82.95 73.575
2024_0415_20:38:14 14 52.35 77.1
2024_0415_20:40:30 15 99.95 -99.95
2024_0415_20:40:47 14 0.5 2.15
2024_0415_20:40:51 14 86.275 -2.8
2024_0415_20:41:12 15 0.125 -8.225
2024_0415_20:41:34 15 49.425 17.6
2024_0415_20:42:41 15 -1.925 0.925
2024_0415_20:43:59 15 0.175 -1.475
2024_0415_20:43:59 15 -0.05 -0.35
2024_0415_20:44:07 15 3.85 4.375
2024_0415_20:44:15 15 49.9 -49.95
2024_0415_20:44:19 15 99.4 99.7
2024_0415_20:44:23 15 50.0 -50.0
2024_0415_20:44:36 15 -7.15 11.675
2024_0415_20:45:07 15 -0.95 1.05
2024_0415_20:46:37 15 -0.375 0.05
2024_0415_20:47:12 15 3.625 4.125
2024_0415_20:47:13 15 15.575 47.575
2024_0415_20:47:16 15 -4.375 -1.7
2024_0415_20:47:35 15 -0.025 29.1
2024_0415_20:47:57 15 3.825 -0.75
2024_0415_20:48:48 15 34.95 2.85
2024_0415_20:49:12 15 3.175 0.85
2024_0415_20:50:06 15 -1.15 -0.85
2024_0415_20:50:16 15 87.325 91.725
2024_0415_20:50:27 15 0.075 -0.15
2024_0415_20:50:28 15 51.35 98.525
2024_0415_20:50:33 15 -0.675 -1.2
2024_0415_20:50:35 15 33.275 99.375
2024_0415_20:51:00 15 -0.475 1.475
2024_0415_20:52:49 15 11.975 98.875
2024_0415_20:53:35 15 8.775 19.925
2024_0415_20:53:35 15 -2.575 -1.175
2024_0415_20:53:49 15 -2.6 3.95
2024_0415_20:54:03 15 26.75 72.075
2024_0415_20:54:22 15 95.725 62.325
2024_0415_20:55:02 16 48.0 98.1
2024_0415_20:55:25 16 49.525 98.45
2024_0415_20:56:16 16 45.625 -0.5
2024_0415_20:56:24 16 49.85 48.45
2024_0415_20:56:41 16 53.975 92.775
2024_0415_20:56:51 16 -0.725 1.525
2024_0415_20:56:53 16 40.125 47.4
2024_0415_20:57:00 16 37.625 61.4
2024_0415_20:57:22 16 10.775 10.025
2024_0415_20:57:30 16 2.825 4.125
2024_0415_20:59:02 16 85.0 98.075
2024_0415_20:59:59 16 49.4 85.6
2024_0415_21:00:14 16 69.3 28.125
2024_0415_21:00:20 16 49.6 96.75
2024_0415_21:00:38 16 50.275 -44.025
2024_0415_21:00:50 16 72.725 77.725
2024_0415_21:01:31 16 2.6 -2.025
2024_0415_21:02:25 16 3.675 0.7
2024_0415_21:02:34 16 94.025 91.625
2024_0415_21:02:54 16 24.75 -1.425
2024_0415_21:03:07 17 7.625 -5.625
2024_0415_21:03:16 16 -5.35 19.875
2024_0415_21:03:19 16 34.675 43.225
2024_0415_21:03:56 17 99.675 51.4
2024_0415_21:03:58 17 0.1 -0.7
2024_0415_21:05:14 17 6.15 -0.325
2024_0415_21:06:27 17 4.825 -7.8
2024_0415_21:06:39 17 2.8 -2.575
2024_0415_21:06:45 17 15.35 -2.325
2024_0415_21:06:55 17 15.575 -16.5
2024_0415_21:07:04 17 78.3 45.525
2024_0415_21:07:22 17 58.05 -27.15
2024_0415_21:07:41 17 11.625 -8.075
2024_0415_21:08:34 17 -0.75 -2.2
2024_0415_21:08:45 17 49.0 35.1
2024_0415_21:09:12 17 91.15 41.65
2024_0415_21:09:20 17 47.8 99.675
2024_0415_21:09:25 17 78.3 97.75
2024_0415_21:09:47 17 78.325 81.075
2024_0415_21:10:19 17 -0.1 -0.05
2024_0415_21:10:27 17 97.175 47.75
2024_0415_21:11:21 17 3.175 -0.45
2024_0415_21:12:57 17 1.925 -0.85
2024_0415_21:13:03 17 -0.15 -0.325
2024_0415_21:13:10 17 31.575 29.7
2024_0415_21:13:15 17 58.6 80.45
2024_0415_21:13:32 17 -1.325 4.0
2024_0415_21:13:48 17 1.975 1.275
2024_0415_21:13:51 17 48.8 99.425
2024_0415_21:14:49 17 2.125 6.425
2024_0415_21:14:56 18 3.775 23.75
2024_0415_21:15:32 18 1.125 0.0
2024_0415_21:15:34 18 27.975 70.925
2024_0415_21:15:35 18 49.25 98.825
2024_0415_21:16:13 18 1.225 1.4
2024_0415_21:16:48 18 63.8 99.425
2024_0415_21:16:52 18 -10.925 9.725
2024_0415_21:17:33 18 0.1 -3.675
2024_0415_21:19:14 18 45.025 99.65
2024_0415_21:19:25 18 -1.35 -0.45
2024_0415_21:19:37 18 0.925 -0.4
2024_0415_21:19:42 18 4.4 4.425
2024_0415_21:19:58 18 1.1 -1.225
2024_0415_21:19:58 18 -1.05 99.65
2024_0415_21:20:18 18 93.975 98.1
2024_0415_21:21:02 18 -49.475 47.1
2024_0415_21:21:11 18 6.025 34.0
2024_0415_21:21:39 18 -31.325 32.325
2024_0415_21:21:41 18 41.0 9.825
2024_0415_21:21:47 18 7.575 -6.775
2024_0415_21:22:52 18 -1.15 0.75
2024_0415_21:23:17 18 38.8 86.7
2024_0415_21:23:19 18 1.25 2.05
2024_0415_21:23:44 18 92.85 75.15
2024_0415_21:25:21 18 -1.525 1.4
2024_0415_21:25:55 18 48.675 92.1
2024_0415_21:26:04 18 98.75 99.65
2024_0415_21:26:08 18 -2.225 -3.05
2024_0415_21:26:08 18 14.325 14.275
2024_0415_21:26:28 18 81.325 96.375
2024_0415_21:26:41 18 42.6 -0.5
2024_0415_21:27:12 18 1.3 1.55
2024_0415_21:27:32 18 55.75 -7.85
2024_0415_21:27:45 19 -50.025 49.95
2024_0415_21:27:51 19 46.6 -15.275
2024_0415_21:27:52 19 49.9 -49.45
2024_0415_21:29:21 19 -1.6 0.975
2024_0415_21:29:43 19 16.9 -14.625
2024_0415_21:29:44 19 -45.675 49.975
2024_0415_21:30:08 19 -2.05 17.3
2024_0415_21:31:28 19 -99.95 99.95
2024_0415_21:32:14 19 78.7 -80.85
2024_0415_21:32:31 19 -50.275 49.175
2024_0415_21:32:34 19 66.725 48.8
2024_0415_21:32:37 19 2.6 3.85
2024_0415_21:32:54 19 0.825 -0.25
2024_0415_21:33:07 19 98.825 98.725
2024_0415_21:33:19 19 1.325 1.175
2024_0415_21:33:55 19 0.2 -1.425
2024_0415_21:33:55 19 1.175 1.5
2024_0415_21:34:12 19 -0.525 -0.075
2024_0415_21:35:53 20 1.3 -1.55
2024_0415_21:36:09 20 98.175 49.8
2024_0415_21:36:18 20 6.0 13.875
2024_0415_21:36:22 20 66.8 99.55
2024_0415_21:36:49 20 57.05 81.325
2024_0415_21:39:04 20 1.125 -2.35
2024_0415_21:39:09 20 0.375 1.875
2024_0415_21:39:22 20 98.55 34.675
2024_0415_21:39:32 20 -1.425 -0.2
2024_0415_21:39:35 20 99.375 78.0
2024_0415_21:39:55 20 11.7 -11.3
2024_0415_21:40:02 20 0.275 0.475
2024_0415_21:40:03 20 1.25 0.5
2024_0415_21:40:05 20 18.875 -1.25
2024_0415_21:40:19 20 0.575 2.2
2024_0415_21:41:40 20 -6.875 45.55
2024_0415_21:42:18 5 89.8 99.625
2024_0415_21:42:22 14 49.825 96.425
2024_0415_21:42:34 14 47.7 41.475
2024_0415_21:42:44 14 -0.55 -0.25
2024_0415_21:42:49 14 44.475 23.0
2024_0415_21:45:24 15 1.9 -6.55
2024_0415_21:45:30 18 49.25 49.65
2024_0415_21:45:36 16 7.7 -11.325
2024_0415_21:45:45 19 16.025 6.175
2024_0415_21:45:59 20 99.4 55.95
2024_0415_21:49:36 20 3.75 18.625
2024_0415_21:50:22 15 97.15 73.275
2024_0415_21:51:09 20 81.125 99.325
2024_0415_21:57:15 2 73.1 97.675
2024_0415_21:57:16 1 49.775 99.2
2024_0415_21:57:17 1 97.55 99.8
2024_0415_21:57:17 2 48.675 99.325
2024_0415_21:57:18 2 85.0 99.275
2024_0415_21:57:18 2 57.65 99.775
2024_0415_21:57:19 2 90.8 99.7
2024_0415_21:57:31 2 61.325 98.175
2024_0415_21:57:32 2 68.15 99.35
2024_0415_21:57:32 1 49.4 99.375
2024_0415_21:57:32 1 49.775 99.575
2024_0415_21:57:32 1 85.5 99.15
2024_0415_21:57:33 2 94.35 99.175
2024_0415_21:57:34 1 61.15 99.65
2024_0415_21:57:35 2 49.275 99.8
2024_0415_22:00:19 2 82.775 98.7
2024_0415_22:03:24 2 63.15 99.35
2024_0415_22:03:26 2 64.625 99.025
2024_0415_22:03:27 2 56.475 98.4
2024_0415_22:03:27 2 86.375 96.875
2024_0415_22:03:29 2 96.725 97.15
2024_0415_22:03:30 2 89.225 98.9
2024_0415_22:03:30 2 49.15 98.75
2024_0415_22:03:53 2 83.6 99.1
2024_0415_22:03:54 2 38.125 99.175
2024_0415_22:03:56 2 62.825 99.0
2024_0415_22:03:57 2 94.525 98.025
2024_0415_22:03:58 2 82.25 98.975
2024_0415_22:03:58 2 49.25 98.425
2024_0415_22:03:58 2 80.025 96.325
2024_0415_22:03:59 2 48.575 98.975
2024_0415_22:06:39 2 99.725 98.85
2024_0415_22:09:45 2 97.275 29.425
2024_0415_22:09:49 2 99.675 98.6
2024_0415_22:09:51 2 99.475 64.825
2024_0415_22:09:53 2 99.625 -1.2
2024_0415_22:09:53 2 97.7 86.7
2024_0415_22:09:53 2 99.15 51.2
2024_0415_22:09:55 2 99.55 64.15
2024_0415_22:10:16 2 98.9 35.65
2024_0415_22:10:17 2 98.825 69.575
2024_0415_22:10:18 2 98.325 43.15
2024_0415_22:10:20 2 99.575 98.325
2024_0415_22:10:20 2 98.75 13.425
2024_0415_22:10:21 2 99.5 98.925
2024_0415_22:10:21 2 99.525 86.575
2024_0415_22:10:26 2 97.4 98.0
2024_0415_22:12:58 2 95.6 97.9
2024_0415_22:16:08 2 98.775 97.95
2024_0415_22:16:12 2 99.2 98.675
2024_0415_22:16:13 2 98.075 96.25
2024_0415_22:16:15 2 97.675 98.975
2024_0415_22:16:16 2 98.25 96.975
2024_0415_22:16:17 2 98.825 98.05
2024_0415_22:16:18 2 98.75 98.875
2024_0415_22:16:42 2 98.725 97.5
2024_0415_22:16:45 2 98.475 98.675
2024_0415_22:16:46 2 98.825 98.25
2024_0415_22:16:46 2 98.25 98.25
2024_0415_22:16:46 2 97.7 98.975
2024_0415_22:16:47 2 99.25 98.7
2024_0415_22:16:48 2 98.65 99.225
2024_0415_22:16:50 2 98.55 96.75
2024_0415_22:19:21 3 80.2 47.875
2024_0415_22:22:31 3 31.65 46.375
2024_0415_22:22:35 4 41.125 49.6
2024_0415_22:22:36 4 44.0 46.6
2024_0415_22:22:38 4 73.225 50.0
2024_0415_22:22:39 4 38.475 48.775
2024_0415_22:22:39 5 48.9 95.55
2024_0415_22:22:40 4 88.875 49.75
2024_0415_22:23:06 5 -0.075 32.95
2024_0415_22:23:10 6 98.875 99.225
2024_0415_22:23:11 6 98.8 99.475
2024_0415_22:23:11 6 98.9 99.5
2024_0415_22:23:12 7 34.175 79.575
2024_0415_22:23:14 7 57.975 31.9
2024_0415_22:23:15 7 78.7 61.45
2024_0415_22:23:20 7 31.35 89.275
2024_0415_22:25:45 7 73.725 99.45
2024_0415_22:28:50 8 61.45 97.1
2024_0415_22:28:55 8 78.75 96.3
2024_0415_22:28:56 8 42.85 95.975
2024_0415_22:28:57 8 22.5 97.2
2024_0415_22:28:58 8 44.15 97.725
2024_0415_22:29:01 8 72.925 98.025
2024_0415_22:29:09 9 47.05 49.375
2024_0415_22:29:40 9 33.025 90.15
2024_0415_22:29:42 10 41.575 98.925
2024_0415_22:29:43 10 26.225 93.975
2024_0415_22:29:43 11 2.375 -0.325
2024_0415_22:29:46 10 70.65 64.55
2024_0415_22:29:47 10 29.1 98.825
2024_0415_22:29:53 10 82.95 87.7
2024_0415_22:32:05 11 0.75 -1.825
2024_0415_22:33:27 11 -0.8 0.275
2024_0415_22:35:13 11 -23.55 56.225
2024_0415_22:35:15 11 -1.775 0.225
2024_0415_22:35:17 11 -2.025 -0.3
2024_0415_22:35:19 11 47.45 99.25
2024_0415_22:35:19 11 99.575 49.55
2024_0415_22:35:21 11 -1.775 -1.5
2024_0415_22:35:35 11 84.375 49.525
2024_0415_22:36:07 11 -49.975 49.975
2024_0415_22:36:07 11 -0.75 0.95
2024_0415_22:36:09 11 -49.975 49.975
2024_0415_22:36:10 11 83.925 49.475
2024_0415_22:36:11 11 2.0 -0.85
2024_0415_22:36:11 11 39.675 49.525
2024_0415_22:36:22 11 92.9 49.525
2024_0415_22:38:27 11 -1.25 0.95
2024_0415_22:39:49 11 0.325 0.0
2024_0415_22:41:34 11 -99.75 -99.95
2024_0415_22:41:35 11 -0.4 2.225
2024_0415_22:41:35 11 -1.25 -0.225
2024_0415_22:41:38 11 97.925 82.275
2024_0415_22:41:41 11 98.75 94.725
2024_0415_22:41:42 11 80.2 96.45
2024_0415_22:41:57 11 49.85 97.775
2024_0415_22:42:32 11 -1.7 2.4
2024_0415_22:42:33 11 -1.9 2.175
2024_0415_22:42:34 11 1.375 0.35
2024_0415_22:42:37 11 46.325 98.85
2024_0415_22:42:39 11 2.075 -2.05
2024_0415_22:42:39 11 -0.075 0.85
2024_0415_22:42:49 11 -0.425 -3.575
2024_0415_22:44:46 11 1.2 -0.525
2024_0415_22:46:14 11 0.7 -0.575
2024_0415_22:47:52 11 48.3 98.8
2024_0415_22:47:53 11 2.325 0.875
2024_0415_22:47:54 11 98.45 96.8
2024_0415_22:48:02 11 -1.55 73.975
2024_0415_22:48:03 11 91.95 46.8
2024_0415_22:48:06 11 -0.525 -2.45
2024_0415_22:48:20 11 88.325 93.075
2024_0415_22:48:57 11 1.65 1.95
2024_0415_22:48:58 11 2.65 1.75
2024_0415_22:48:59 11 2.55 0.1
2024_0415_22:49:00 11 1.5 -1.325
2024_0415_22:49:03 11 49.975 -45.65
2024_0415_22:49:05 11 25.0 25.625
2024_0415_22:49:13 11 -1.675 -1.725
2024_0415_22:51:03 11 -0.25 1.55
2024_0415_22:52:36 11 90.2 60.025
2024_0415_22:54:10 11 3.6 1.975
2024_0415_22:54:11 11 1.175 2.575
2024_0415_22:54:12 11 -1.375 -1.525
2024_0415_22:54:23 11 2.25 -2.725
2024_0415_22:54:27 11 49.95 99.9
2024_0415_22:54:30 11 -0.2 0.575
2024_0415_22:54:39 11 0.05 0.525
2024_0415_22:55:17 11 0.95 -0.575
2024_0415_22:55:19 11 1.95 -1.9
2024_0415_22:55:20 11 11.275 17.55
2024_0415_22:55:22 11 -1.15 -2.9
2024_0415_22:55:23 11 99.65 97.325
2024_0415_22:55:26 11 75.8 99.3
2024_0415_22:55:32 11 2.975 0.1
2024_0415_22:57:23 11 0.05 1.75
2024_0415_22:59:03 11 10.8 95.475
2024_0415_23:00:32 11 99.8 80.525
2024_0415_23:00:32 11 98.7 98.175
2024_0415_23:00:34 11 7.475 -12.5
2024_0415_23:00:42 11 -96.55 100.0
2024_0415_23:00:47 11 1.0 2.8
2024_0415_23:00:52 11 45.425 62.55
2024_0415_23:00:59 11 -0.475 0.375
2024_0415_23:01:39 11 49.975 -99.9
2024_0415_23:01:41 11 83.35 78.2
2024_0415_23:01:44 11 0.65 -0.35
2024_0415_23:01:44 11 2.1 4.575
2024_0415_23:01:46 11 -0.2 0.425
2024_0415_23:01:54 11 0.4 -1.5
2024_0415_23:02:00 11 0.0 -0.325
2024_0415_23:03:43 11 99.4 99.75
2024_0415_23:05:28 11 5.95 -5.975
2024_0415_23:06:50 11 -2.475 -0.925
2024_0415_23:06:51 11 -1.45 0.075
2024_0415_23:06:54 11 49.975 -99.95
2024_0415_23:07:01 11 85.275 78.175
2024_0415_23:07:05 11 -1.525 -1.5
2024_0415_23:07:09 11 -2.775 1.875
2024_0415_23:07:17 11 2.225 0.25
2024_0415_23:08:03 11 -0.975 0.475
2024_0415_23:08:10 11 -1.6 -0.025
2024_0415_23:08:13 11 49.875 98.75
2024_0415_23:08:14 11 84.05 94.35
2024_0415_23:08:21 11 -0.2 -0.425
2024_0415_23:08:23 11 0.3 -1.875
2024_0415_23:08:31 11 87.275 89.725
2024_0415_23:10:03 11 -1.05 28.65
2024_0415_23:11:51 11 39.875 99.775
2024_0415_23:13:08 11 -2.025 -2.275
2024_0415_23:13:10 11 99.7 48.375
2024_0415_23:13:13 11 19.375 99.5
2024_0415_23:13:20 11 42.225 74.575
2024_0415_23:13:22 11 0.475 -1.575
2024_0415_23:13:27 11 -2.7 0.075
2024_0415_23:13:39 11 0.35 0.1
2024_0415_23:14:31 11 99.25 48.9
2024_0415_23:14:32 11 -1.6 -0.525
2024_0415_23:14:37 11 35.95 99.525
2024_0415_23:14:40 11 81.075 66.7
2024_0415_23:14:47 11 28.9 99.55
2024_0415_23:14:48 11 49.775 85.075
2024_0415_23:14:53 11 1.375 0.35
2024_0415_23:16:20 11 1.425 -2.325
2024_0415_23:18:14 11 64.85 6.075
2024_0415_23:19:24 11 0.05 -1.75
2024_0415_23:19:26 11 -1.2 3.35
2024_0415_23:19:36 11 0.175 -0.05
2024_0415_23:19:38 11 1.4 0.525
2024_0415_23:19:40 11 -99.95 49.975
2024_0415_23:19:50 11 -99.975 50.0
2024_0415_23:19:57 11 93.15 47.225
2024_0415_23:20:52 11 -1.275 1.5
2024_0415_23:20:53 11 -0.55 -1.225
2024_0415_23:21:02 11 99.375 96.9
2024_0415_23:21:07 11 1.75 -0.5
2024_0415_23:21:10 11 -3.3 6.15
2024_0415_23:21:13 11 -2.775 3.35
2024_0415_23:21:25 11 1.65 2.9
2024_0415_23:22:38 11 49.975 99.95
2024_0415_23:24:38 11 2.825 -2.175
2024_0415_23:25:42 11 49.95 99.9
2024_0415_23:25:43 11 94.15 99.675
2024_0415_23:25:52 11 -0.1 -2.65
2024_0415_23:25:54 11 -0.225 1.775
2024_0415_23:26:01 11 -1.85 -3.075
2024_0415_23:26:05 11 -0.5 -1.45
2024_0415_23:26:11 11 -0.025 -0.825
2024_0415_23:27:16 12 46.7 39.05
2024_0415_23:27:25 12 0.575 1.025
2024_0415_23:27:29 12 57.325 99.1
2024_0415_23:27:34 12 0.4 -2.0
2024_0415_23:27:36 12 -1.25 0.8
2024_0415_23:27:44 12 49.85 98.45
2024_0415_23:27:53 12 93.175 99.275
2024_0415_23:28:54 12 13.85 16.45
2024_0415_23:31:21 12 89.825 62.825
2024_0415_23:31:59 12 -0.35 -4.125
2024_0415_23:32:05 12 52.525 86.55
2024_0415_23:32:13 12 49.975 -99.95
2024_0415_23:32:14 12 49.975 -99.95
2024_0415_23:32:18 12 49.975 49.975
2024_0415_23:32:33 12 48.8 49.225
2024_0415_23:32:39 12 82.15 49.575
2024_0415_23:33:42 12 31.85 1.475
2024_0415_23:33:51 12 99.225 98.2
2024_0415_23:33:58 12 -1.8 -1.4
2024_0415_23:34:02 12 -0.55 -0.75
2024_0415_23:34:02 12 -8.975 37.375
2024_0415_23:34:11 12 5.525 82.45
2024_0415_23:34:17 12 50.0 -100.0
2024_0415_23:35:10 12 -2.85 -2.4
2024_0415_23:37:49 12 85.35 64.875
2024_0415_23:38:14 12 0.975 -0.05
2024_0415_23:38:21 12 46.6 21.85
2024_0415_23:38:30 12 97.8 98.725
2024_0415_23:38:33 12 99.175 84.925
2024_0415_23:38:34 12 -0.425 -1.1
2024_0415_23:38:51 12 -0.25 -1.375
2024_0415_23:38:57 12 96.25 97.875
2024_0415_23:40:06 12 -1.625 -1.0
2024_0415_23:40:14 12 3.25 2.175
2024_0415_23:40:23 12 76.625 99.6
2024_0415_23:40:30 12 36.5 49.575
2024_0415_23:40:31 12 82.525 49.25
2024_0415_23:40:34 12 -1.15 1.05
2024_0415_23:40:41 12 2.125 1.375
2024_0415_23:41:26 12 -2.25 1.525
2024_0415_23:44:14 12 0.425 -0.225
2024_0415_23:44:28 12 1.25 -0.75
2024_0415_23:44:34 12 83.3 0.275
2024_0415_23:44:47 12 98.975 34.925
2024_0415_23:44:50 12 -0.525 6.625
2024_0415_23:44:54 12 49.7 99.95
2024_0415_23:45:06 12 0.35 -0.5
2024_0415_23:45:16 12 79.25 39.1
2024_0415_23:46:30 12 1.9 1.55
2024_0415_23:46:40 12 -0.525 0.3
2024_0415_23:46:47 12 99.675 49.2
2024_0415_23:46:54 12 91.6 47.65
2024_0415_23:46:59 12 38.325 91.275
2024_0415_23:47:02 12 99.65 49.95
2024_0415_23:47:03 12 0.325 -1.525
2024_0415_23:47:44 12 99.575 77.175
2024_0415_23:50:41 12 79.175 39.125
2024_0415_23:50:43 12 48.925 98.95
2024_0415_23:50:52 12 99.5 49.175
2024_0415_23:51:05 12 36.875 33.2
2024_0415_23:51:06 12 8.175 -1.575
2024_0415_23:51:13 12 -20.25 16.175
2024_0415_23:51:20 12 48.0 22.975
2024_0415_23:51:29 12 0.7 1.175
2024_0415_23:52:58 12 33.525 99.525
2024_0415_23:53:03 12 -1.625 0.075
2024_0415_23:53:15 12 98.875 45.475
2024_0415_23:53:20 12 0.5 -0.925
2024_0415_23:53:27 12 99.4 72.7
2024_0415_23:53:28 12 -0.25 0.65
2024_0415_23:53:30 12 49.1 94.1
2024_0415_23:53:52 12 0.175 -1.55
2024_0415_23:56:45 12 1.825 0.0
2024_0415_23:56:56 12 49.325 49.925
2024_0415_23:57:04 12 0.225 -1.1
2024_0415_23:57:05 12 -0.6 34.825
2024_0415_23:57:09 12 25.1 9.25
2024_0415_23:57:21 12 2.75 -3.525
2024_0415_23:57:30 12 57.225 45.275
2024_0415_23:57:31 12 0.025 -3.975
2024_0415_23:59:24 12 -0.7 0.7
2024_0415_23:59:27 12 64.1 48.875
2024_0415_23:59:42 12 -0.125 0.325
2024_0415_23:59:49 12 95.7 78.6
2024_0415_23:59:50 12 98.975 45.375
2024_0415_23:59:54 12 88.225 75.125
2024_0415_23:59:56 12 83.9 49.55
2024_0415_23:59:58 12 -1.025 1.425
2024_0416_00:02:47 12 1.05 -3.15
2024_0416_00:03:00 12 99.9 49.95
2024_0416_00:03:07 12 -2.1 -1.2
2024_0416_00:03:15 12 49.275 94.35
2024_0416_00:03:30 12 99.225 78.1
2024_0416_00:03:32 12 -0.25 -2.925
2024_0416_00:03:36 12 -49.75 -99.975
2024_0416_00:03:38 12 94.25 37.375
2024_0416_00:05:48 12 41.4 20.15
2024_0416_00:05:56 12 92.375 46.775
2024_0416_00:06:06 12 99.5 83.125
2024_0416_00:06:07 12 99.9 49.95
2024_0416_00:06:17 12 99.675 52.6
2024_0416_00:06:18 12 99.4 90.95
2024_0416_00:06:20 12 49.625 86.575
2024_0416_00:06:27 12 98.975 83.625
2024_0416_00:09:01 13 81.775 96.125
2024_0416_00:09:15 13 -25.8 24.6
2024_0416_00:09:29 13 0.725 2.325
2024_0416_00:09:30 13 0.775 -0.625
2024_0416_00:09:49 13 1.025 4.675
2024_0416_00:09:55 13 12.425 -7.8
2024_0416_00:09:57 13 23.875 50.15
2024_0416_00:09:58 13 49.8 99.325
2024_0416_00:12:12 13 2.575 0.2
2024_0416_00:12:17 13 0.225 0.225
2024_0416_00:12:19 13 -1.4 3.85
2024_0416_00:12:30 13 -5.375 29.625
2024_0416_00:12:39 13 -0.775 -0.85
2024_0416_00:12:40 13 10.925 -10.4
2024_0416_00:12:44 13 84.675 -60.25
2024_0416_00:12:52 13 97.825 5.3
2024_0416_00:15:17 13 98.65 96.525
2024_0416_00:15:30 13 98.85 99.35
2024_0416_00:15:45 13 8.975 12.675
2024_0416_00:15:47 13 99.35 49.2
2024_0416_00:16:05 13 -2.225 -0.775
2024_0416_00:16:08 13 1.0 -0.05
2024_0416_00:16:15 13 34.25 22.35
2024_0416_00:16:18 13 -49.425 50.45
2024_0416_00:18:31 13 48.075 45.575
2024_0416_00:18:35 13 1.475 1.1
2024_0416_00:18:43 13 17.9 48.2
2024_0416_00:18:52 13 0.2 0.875
2024_0416_00:19:03 13 1.45 -0.675
2024_0416_00:19:04 13 -1.2 -0.725
2024_0416_00:19:21 13 97.225 88.0
2024_0416_00:19:24 13 -2.925 1.25
2024_0416_00:21:35 13 2.025 -0.8
2024_0416_00:21:51 13 0.75 2.45
2024_0416_00:21:57 13 -99.75 99.95
2024_0416_00:22:04 13 47.575 46.825
2024_0416_00:22:19 13 -0.775 0.625
2024_0416_00:22:27 13 2.375 -0.65
2024_0416_00:22:30 13 1.2 0.275
2024_0416_00:22:42 13 77.8 74.8
2024_0416_00:24:47 13 -1.175 46.65
2024_0416_00:24:59 13 -0.2 0.55
2024_0416_00:25:03 13 0.475 1.625
2024_0416_00:25:24 13 47.825 47.05
2024_0416_00:25:25 13 -0.875 0.8
2024_0416_00:25:28 13 18.525 13.8
2024_0416_00:25:44 13 1.975 -0.8
2024_0416_00:25:46 13 3.125 4.725
2024_0416_00:27:50 13 28.6 64.65
2024_0416_00:28:10 13 68.85 99.425
2024_0416_00:28:16 13 29.9 59.0
2024_0416_00:28:19 13 -49.825 49.825
2024_0416_00:28:37 13 34.1 82.9
2024_0416_00:28:44 13 33.4 -0.85
2024_0416_00:28:51 13 0.125 -0.775
2024_0416_00:29:01 13 -5.075 47.875
2024_0416_00:30:57 13 2.375 1.875
2024_0416_00:31:20 13 -1.525 -0.3
2024_0416_00:31:27 13 48.75 74.425
2024_0416_00:31:41 13 -9.625 7.325
2024_0416_00:31:42 13 1.55 -1.325
2024_0416_00:31:52 13 47.625 40.575
2024_0416_00:32:04 13 -8.85 31.975
2024_0416_00:32:09 13 -16.725 42.05
2024_0416_00:34:04 13 -99.95 -99.95
2024_0416_00:34:24 13 0.425 -4.125
2024_0416_00:34:32 13 20.425 99.55
2024_0416_00:34:41 13 49.125 -47.675
2024_0416_00:34:56 13 99.0 47.575
2024_0416_00:34:59 13 -0.175 -1.15
2024_0416_00:35:06 13 2.3 0.2
2024_0416_00:35:23 13 -99.9 -50.025
2024_0416_00:37:11 13 -5.55 32.4
2024_0416_00:37:39 13 1.875 0.525
2024_0416_00:37:47 13 -8.25 9.45
2024_0416_00:37:59 13 -0.85 -1.4
2024_0416_00:38:06 13 -0.55 -1.45
2024_0416_00:38:15 13 45.975 67.375
2024_0416_00:38:26 13 -0.1 2.05
2024_0416_00:38:31 13 2.2 -0.95
2024_0416_00:40:17 13 -11.075 12.65
2024_0416_00:40:36 13 0.075 2.3
2024_0416_00:40:48 13 49.35 99.275
2024_0416_00:40:56 13 -49.9 99.85
2024_0416_00:41:11 13 14.575 37.825
2024_0416_00:41:14 13 81.4 97.7
2024_0416_00:41:23 13 90.2 99.9
2024_0416_00:41:48 13 53.75 67.825
2024_0416_00:43:26 13 -0.825 -2.15
2024_0416_00:44:06 13 49.45 99.075
2024_0416_00:44:08 13 0.925 1.075
2024_0416_00:44:22 13 -1.325 43.45
2024_0416_00:44:25 13 -0.45 4.175
2024_0416_00:44:36 13 -3.75 20.15
2024_0416_00:44:50 13 12.25 1.375
2024_0416_00:44:54 13 97.675 97.725
2024_0416_00:46:29 13 -2.45 -0.05
2024_0416_00:46:51 13 62.25 99.3
2024_0416_00:47:01 13 1.675 -0.825
2024_0416_00:47:12 13 -0.425 1.5
2024_0416_00:47:24 13 3.825 32.725
2024_0416_00:47:30 13 -99.75 99.95
2024_0416_00:47:37 13 -4.25 4.95
2024_0416_00:48:12 13 1.875 1.05
2024_0416_00:49:43 13 81.375 37.225
2024_0416_00:50:29 13 0.425 0.95
2024_0416_00:50:32 13 99.2 80.375
2024_0416_00:50:55 13 3.725 2.775
2024_0416_00:51:14 13 -0.325 0.375
2024_0416_00:52:45 13 49.55 98.85
2024_0416_00:53:17 13 10.925 13.075
2024_0416_00:53:30 13 42.05 75.375
2024_0416_00:53:41 13 84.2 48.7
2024_0416_00:53:46 13 -6.325 49.1
2024_0416_00:53:53 13 1.45 18.225
2024_0416_00:54:37 13 31.1 37.6
2024_0416_00:54:37 13 67.725 49.9
2024_0416_00:55:11 13 28.425 0.325
2024_0416_00:55:14 13 -2.1 63.65
2024_0416_00:56:02 13 97.675 38.875
2024_0416_00:56:58 13 49.575 98.05
2024_0416_00:57:22 13 8.725 16.825
2024_0416_00:57:36 13 -2.275 -0.575
2024_0416_00:58:11 13 92.2 82.925
2024_0416_00:58:59 13 41.3 37.475
2024_0416_00:59:31 13 -0.375 3.1
2024_0416_00:59:40 13 1.175 -0.625
2024_0416_00:59:52 13 1.525 0.35
2024_0416_00:59:59 13 92.65 72.275
2024_0416_01:00:05 13 -1.2 -2.725
2024_0416_01:00:59 13 -0.95 0.125
2024_0416_01:01:04 13 75.55 46.825
2024_0416_01:01:25 13 -0.85 2.225
2024_0416_01:01:30 13 1.85 -1.425
2024_0416_01:01:34 13 0.85 1.9
2024_0416_01:02:12 13 0.3 -3.375
2024_0416_01:03:23 13 1.35 1.7
2024_0416_01:03:46 13 -1.725 0.425
2024_0416_01:03:58 13 -2.225 0.95
2024_0416_01:04:33 13 99.625 98.125
2024_0416_01:05:12 13 0.55 1.05
2024_0416_01:05:46 13 -9.35 30.575
2024_0416_01:05:54 13 -2.975 -2.925
2024_0416_01:06:08 13 -1.25 0.55
2024_0416_01:06:14 13 7.95 99.175
2024_0416_01:06:30 13 48.525 41.85
2024_0416_01:07:20 13 2.75 0.9
2024_0416_01:07:27 13 48.925 37.025
2024_0416_01:07:49 13 -2.5 2.3
2024_0416_01:07:52 13 -0.55 -1.25
2024_0416_01:07:56 13 53.2 -52.5
2024_0416_01:08:28 13 33.475 49.925
2024_0416_01:09:50 13 49.95 47.825
2024_0416_01:10:08 13 -2.1 18.85
2024_0416_01:10:21 13 -4.75 85.525
2024_0416_01:10:47 13 -0.025 -0.4
2024_0416_01:11:26 13 0.975 -3.425
2024_0416_01:12:02 13 34.95 88.925
2024_0416_01:12:10 13 98.675 96.95
2024_0416_01:12:22 13 -0.2 0.35
2024_0416_01:12:30 13 -34.425 33.775
2024_0416_01:12:47 13 42.6 77.4
2024_0416_01:13:41 13 0.05 -0.025
2024_0416_01:13:50 13 -0.1 0.025
2024_0416_01:14:10 13 -1.375 49.525
2024_0416_01:14:12 13 30.775 22.95
2024_0416_01:14:19 13 37.475 94.55
2024_0416_01:14:44 13 78.35 80.275
2024_0416_01:16:17 13 -3.825 -2.575
2024_0416_01:16:31 13 76.825 65.175
2024_0416_01:16:44 13 0.525 10.975
2024_0416_01:17:03 13 1.8 -1.125
2024_0416_01:17:52 13 99.225 46.65
2024_0416_01:18:16 13 1.175 -1.1
2024_0416_01:18:27 13 -0.325 -2.9
2024_0416_01:18:45 13 2.15 20.675
2024_0416_01:19:00 13 16.45 17.95
2024_0416_01:19:03 13 90.725 98.85
2024_0416_01:20:04 13 96.95 98.6
2024_0416_01:20:27 14 -0.475 -3.3
2024_0416_01:20:36 14 98.575 95.025
2024_0416_01:20:40 14 99.45 99.6
2024_0416_01:20:44 14 84.225 98.475
2024_0416_01:20:57 14 -1.6 1.1
2024_0416_01:22:38 14 12.175 10.425
2024_0416_01:22:54 14 1.65 -0.2
2024_0416_01:23:06 14 38.4 50.075
2024_0416_01:23:23 14 88.2 98.825
2024_0416_01:24:09 14 0.2 0.15
2024_0416_01:24:36 14 45.75 98.3
2024_0416_01:24:44 14 2.05 -0.15
2024_0416_01:25:04 14 2.225 -3.925
2024_0416_01:25:17 14 -99.9 99.9
2024_0416_01:25:18 14 16.575 11.575
2024_0416_01:26:30 14 83.15 99.55
2024_0416_01:26:49 14 1.15 0.675
2024_0416_01:27:03 14 -1.6 1.7
2024_0416_01:27:05 14 47.825 84.05
2024_0416_01:27:12 14 0.425 1.15
2024_0416_01:28:40 14 -0.8 -0.175
2024_0416_01:29:02 14 -45.4 45.7
2024_0416_01:29:13 14 0.225 -0.675
2024_0416_01:29:29 14 -0.525 -0.025
2024_0416_01:29:45 14 99.55 56.05
2024_0416_01:30:25 14 -0.9 2.75
2024_0416_01:30:55 14 99.5 15.175
2024_0416_01:31:02 14 36.55 45.525
2024_0416_01:31:26 14 99.525 69.2
2024_0416_01:31:32 14 0.375 -1.2
2024_0416_01:31:35 14 -0.025 14.875
2024_0416_01:32:53 14 -2.05 -2.2
2024_0416_01:33:19 14 22.55 -3.575
2024_0416_01:33:29 14 99.9 -99.9
2024_0416_01:33:31 14 99.675 95.675
2024_0416_01:33:38 14 0.2 -4.2
2024_0416_01:35:03 14 8.75 13.875
2024_0416_01:35:26 14 49.925 71.25
2024_0416_01:35:36 14 1.425 48.525
2024_0416_01:35:50 14 -1.725 0.95
2024_0416_01:36:02 14 28.525 89.825
2024_0416_01:36:48 14 -0.925 0.7
2024_0416_01:37:14 14 48.7 98.525
2024_0416_01:37:16 14 0.05 0.025
2024_0416_01:37:38 14 8.75 -9.575
2024_0416_01:37:45 14 0.3 2.125
2024_0416_01:37:51 14 49.0 39.55
2024_0416_01:39:19 14 58.125 99.225
2024_0416_01:39:40 14 -1.55 -1.575
2024_0416_01:39:54 14 9.325 -9.65
2024_0416_01:39:54 14 5.975 15.575
2024_0416_01:40:00 14 -1.8 -0.225
2024_0416_01:41:32 14 83.2 43.3
2024_0416_01:41:47 14 -0.4 1.0
2024_0416_01:42:03 14 1.7 26.675
2024_0416_01:42:13 14 -0.125 -0.25
2024_0416_01:42:13 14 -99.925 99.95
2024_0416_01:43:09 14 47.425 48.4
2024_0416_01:43:29 14 -18.275 17.525
2024_0416_01:43:34 14 61.55 91.15
2024_0416_01:43:51 14 -0.175 -1.525
2024_0416_01:44:03 14 84.95 43.3
2024_0416_01:44:04 14 -10.7 10.15
2024_0416_01:45:44 14 65.7 85.375
2024_0416_01:46:05 14 80.375 63.7
2024_0416_01:46:17 14 79.725 40.75
2024_0416_01:46:18 14 64.325 43.625
2024_0416_01:46:19 14 -10.4 10.825
2024_0416_01:47:55 14 12.975 18.525
2024_0416_01:48:10 14 71.3 96.425
2024_0416_01:48:29 14 47.675 94.175
2024_0416_01:48:43 14 -4.875 -1.25
2024_0416_01:48:44 14 39.3 85.95
2024_0416_01:49:27 14 2.575 -2.275
2024_0416_01:49:44 14 -0.725 -3.7
2024_0416_01:49:47 14 -0.425 11.7
2024_0416_01:50:09 14 88.825 95.975
2024_0416_01:50:14 14 -1.65 -0.675
2024_0416_01:50:19 14 -0.075 -0.125
2024_0416_01:52:11 14 68.65 48.25
2024_0416_01:52:24 14 0.45 0.725
2024_0416_01:52:39 14 -1.925 1.0
2024_0416_01:52:43 14 0.25 0.05
2024_0416_01:52:46 14 33.3 48.875
2024_0416_01:54:16 14 1.15 -0.125
2024_0416_01:54:34 14 -0.9 7.325
2024_0416_01:54:45 14 2.0 -0.1
2024_0416_01:54:54 14 46.1 41.75
2024_0416_01:55:08 14 50.8 69.3
2024_0416_01:55:28 14 -20.025 21.25
2024_0416_01:55:48 14 0.75 1.325
2024_0416_01:55:53 14 99.625 31.7
2024_0416_01:56:13 14 99.4 36.95
2024_0416_01:56:13 14 -1.875 1.525
2024_0416_01:56:20 14 99.95 48.55
2024_0416_01:58:30 14 -0.875 -0.1
2024_0416_01:58:32 14 -3.525 -0.7
2024_0416_01:59:01 14 -0.075 -1.525
2024_0416_01:59:08 14 99.0 42.075
2024_0416_02:00:36 14 1.4 2.9
2024_0416_02:00:58 14 -0.425 25.775
2024_0416_02:00:59 14 51.6 84.5
2024_0416_02:01:19 14 89.3 82.8
2024_0416_02:01:30 14 1.6 -0.825
2024_0416_02:01:35 14 -2.05 -3.175
2024_0416_02:01:53 14 0.525 -0.775
2024_0416_02:01:58 14 5.575 38.325
2024_0416_02:02:17 14 48.55 83.2
2024_0416_02:02:21 14 45.675 83.625
2024_0416_02:02:36 14 47.0 -3.85
2024_0416_02:03:05 14 -45.225 46.325
2024_0416_02:04:39 14 -1.925 -1.725
2024_0416_02:04:54 14 -39.175 39.575
2024_0416_02:05:26 14 -0.225 -1.825
2024_0416_02:05:49 14 91.45 85.975
2024_0416_02:07:00 14 -0.275 97.025
2024_0416_02:07:01 14 33.425 5.5
2024_0416_02:07:27 14 48.75 47.475
2024_0416_02:07:38 14 58.925 -60.475
2024_0416_02:07:39 14 -0.3 -0.375
2024_0416_02:07:54 14 -0.4 41.55
2024_0416_02:07:59 14 49.975 92.0
2024_0416_02:08:02 14 -3.05 1.475
2024_0416_02:08:22 14 76.375 39.525
2024_0416_02:08:29 14 52.125 96.45
2024_0416_02:08:46 14 37.05 32.575
2024_0416_02:10:53 14 99.475 20.775
2024_0416_02:11:18 14 -0.075 -1.225
2024_0416_02:11:51 14 -1.2 -3.125
2024_0416_02:12:02 14 1.625 0.325
2024_0416_02:12:13 14 49.975 82.05
2024_0416_02:13:18 14 0.125 2.85
2024_0416_02:13:25 14 98.85 41.525
2024_0416_02:13:48 14 18.25 18.65
2024_0416_02:13:48 14 0.0 0.3
2024_0416_02:14:01 14 -0.425 1.75
2024_0416_02:14:13 14 -10.475 49.75
2024_0416_02:14:19 14 98.5 49.875
2024_0416_02:14:21 14 48.25 49.9
2024_0416_02:14:37 14 45.45 98.55
2024_0416_02:14:44 14 46.5 -45.125
2024_0416_02:15:02 14 49.35 99.275
2024_0416_02:17:10 14 99.5 61.7
2024_0416_02:17:41 14 97.375 59.975
2024_0416_02:18:17 14 76.775 99.15
2024_0416_02:18:22 14 0.45 1.65
2024_0416_02:18:34 14 -9.65 49.5
2024_0416_02:19:35 14 -35.4 34.275
2024_0416_02:19:46 14 -1.15 0.85
2024_0416_02:20:07 14 95.9 92.5
2024_0416_02:20:10 14 24.975 41.15
2024_0416_02:20:20 14 -0.95 0.975
2024_0416_02:20:35 14 48.775 49.3
2024_0416_02:20:44 14 1.875 -1.425
2024_0416_02:20:52 14 44.85 47.225
2024_0416_02:20:55 14 91.025 97.425
2024_0416_02:21:03 14 66.0 93.375
2024_0416_02:21:23 14 0.075 -7.025
2024_0416_02:23:35 14 97.475 98.65
2024_0416_02:24:00 14 -33.55 34.325
2024_0416_02:24:43 14 0.975 2.625
2024_0416_02:24:47 14 49.775 -1.2
2024_0416_02:24:56 14 -11.6 10.575
2024_0416_02:26:03 14 16.625 -9.55
2024_0416_02:26:11 14 -99.95 99.95
2024_0416_02:26:33 14 87.6 46.325
2024_0416_02:26:35 14 -0.8 -1.525
2024_0416_02:26:53 14 6.375 -0.6
2024_0416_02:27:11 14 98.675 88.0
2024_0416_02:27:22 15 0.3 1.4
2024_0416_02:27:24 15 42.85 97.075
2024_0416_02:27:36 15 -3.325 9.925
2024_0416_02:27:52 15 46.55 26.325
2024_0416_02:30:07 15 28.375 22.3
2024_0416_02:30:33 15 -3.625 5.575
2024_0416_02:30:59 15 99.025 49.1
2024_0416_02:31:14 15 33.4 96.5
2024_0416_02:31:19 15 99.2 48.7
2024_0416_02:31:27 15 24.175 3.925
2024_0416_02:32:26 15 -2.5 -0.575
2024_0416_02:33:27 15 2.6 -1.325
2024_0416_02:33:30 15 1.025 0.65
2024_0416_02:33:34 15 8.875 -8.625
2024_0416_02:33:46 15 99.65 71.7
2024_0416_02:33:51 15 -0.65 1.675
2024_0416_02:33:59 15 74.65 75.65
2024_0416_02:34:17 15 -3.175 -0.675
2024_0416_02:34:19 15 99.25 66.75
2024_0416_02:36:28 15 14.375 21.25
2024_0416_02:37:00 15 7.925 64.025
2024_0416_02:37:01 15 42.125 -18.275
2024_0416_02:37:22 15 14.35 -14.5
2024_0416_02:37:46 15 26.85 -23.975
2024_0416_02:37:57 15 97.25 50.15
2024_0416_02:38:01 15 8.175 -8.325
2024_0416_02:38:56 15 51.375 80.625
2024_0416_02:39:54 15 2.1 -1.65
2024_0416_02:40:00 15 1.875 1.075
2024_0416_02:40:04 15 47.7 24.075
2024_0416_02:40:17 15 99.75 49.6
2024_0416_02:40:21 15 79.75 53.775
2024_0416_02:40:27 15 29.475 -2.325
2024_0416_02:40:44 15 48.775 -0.95
2024_0416_02:40:52 15 98.525 38.0
2024_0416_02:43:26 15 7.3 -6.9
2024_0416_02:43:40 15 1.225 0.65
2024_0416_02:44:13 15 98.375 92.6
2024_0416_02:44:22 15 -8.05 9.95
2024_0416_02:44:27 15 0.0 -0.125
2024_0416_02:45:20 15 0.9 0.35
2024_0416_02:46:11 15 -1.75 -0.8
2024_0416_02:46:18 15 50.85 99.85
2024_0416_02:46:28 15 87.1 98.0
2024_0416_02:46:28 15 99.0 88.575
2024_0416_02:46:47 15 99.425 98.275
2024_0416_02:46:50 15 99.625 82.525
2024_0416_02:46:53 15 99.85 66.85
2024_0416_02:47:08 15 98.575 92.675
2024_0416_02:47:17 15 99.675 82.75
2024_0416_02:48:21 15 98.9 92.8
2024_0416_02:49:44 15 1.575 0.225
2024_0416_02:50:11 15 -0.075 -3.9
2024_0416_02:50:37 15 36.975 20.2
2024_0416_02:50:50 15 14.7 4.625
2024_0416_02:50:50 15 -2.35 3.675
2024_0416_02:51:43 15 79.8 38.35
2024_0416_02:52:33 15 1.875 -0.725
2024_0416_02:52:38 15 0.3 -0.7
2024_0416_02:52:51 15 99.375 48.4
2024_0416_02:52:56 15 99.225 96.275
2024_0416_02:53:08 15 0.325 -2.225
2024_0416_02:53:13 15 -4.85 44.0
2024_0416_02:53:18 15 49.675 40.925
2024_0416_02:53:57 15 -0.725 -1.375
2024_0416_02:54:48 15 46.85 99.725
2024_0416_02:56:02 15 2.325 8.25
2024_0416_02:56:27 15 -10.4 8.75
2024_0416_02:56:57 15 99.025 89.675
2024_0416_02:57:07 15 7.8 22.25
2024_0416_02:57:08 15 0.4 0.2
2024_0416_02:57:08 15 0.7 -0.175
2024_0416_02:57:56 15 49.975 49.975
2024_0416_02:58:47 15 49.55 94.375
2024_0416_02:58:58 15 0.425 0.575
2024_0416_02:59:10 15 98.2 82.3
2024_0416_02:59:11 15 -99.9 99.75
2024_0416_02:59:26 15 3.25 -2.475
2024_0416_02:59:32 15 1.1 9.7
2024_0416_03:00:15 15 -8.925 37.075
2024_0416_03:01:00 15 61.475 87.875
2024_0416_03:02:19 15 71.925 99.65
2024_0416_03:02:37 15 35.3 42.15
2024_0416_03:03:15 15 47.1 49.45
2024_0416_03:03:24 15 -2.25 28.675
2024_0416_03:03:26 15 82.975 82.6
2024_0416_03:03:31 15 -2.75 -0.55
2024_0416_03:04:04 15 -0.55 -0.1
2024_0416_03:04:16 15 69.25 99.175
2024_0416_03:04:55 15 -10.0 9.8
2024_0416_03:05:14 15 -50.0 50.0
2024_0416_03:05:29 15 24.375 98.125
2024_0416_03:05:34 15 -2.05 1.25
2024_0416_03:05:36 15 -0.9 1.0
2024_0416_03:05:43 15 48.525 48.175
2024_0416_03:06:25 15 -13.925 42.4
2024_0416_03:07:19 15 1.575 0.65
2024_0416_03:08:38 15 44.075 37.1
2024_0416_03:08:43 15 1.525 0.625
2024_0416_03:09:35 15 11.825 -11.875
2024_0416_03:09:40 15 -0.025 1.4
2024_0416_03:09:44 15 92.45 48.675
2024_0416_03:09:47 15 97.375 94.7
2024_0416_03:10:12 15 -1.175 -2.925
2024_0416_03:10:21 15 2.4 -0.8
2024_0416_03:11:03 15 -0.55 33.625
2024_0416_03:11:35 15 1.125 -0.125
2024_0416_03:11:49 15 39.2 38.4
2024_0416_03:11:51 15 1.4 -1.25
2024_0416_03:11:51 15 -31.2 48.35
2024_0416_03:11:55 15 93.3 86.925
2024_0416_03:12:30 15 -50.0 -100.0
2024_0416_03:13:25 15 40.825 42.05
2024_0416_03:14:52 15 -2.5 2.475
2024_0416_03:15:26 15 38.9 76.275
2024_0416_03:15:53 15 -99.95 99.95
2024_0416_03:15:53 15 -0.75 0.15
2024_0416_03:16:02 15 -0.875 4.35
2024_0416_03:16:05 15 99.725 -21.725
2024_0416_03:16:27 15 0.7 2.75
2024_0416_03:16:30 15 -0.925 -0.75
2024_0416_03:17:14 15 85.0 98.275
2024_0416_03:17:55 15 99.225 95.95
2024_0416_03:18:04 15 94.25 98.65
2024_0416_03:18:07 15 0.85 0.575
2024_0416_03:18:18 15 47.975 22.975
2024_0416_03:18:43 15 84.6 87.175
2024_0416_03:19:36 15 92.15 48.725
2024_0416_03:20:59 15 -0.325 2.325
2024_0416_03:21:31 15 -0.2 1.025
2024_0416_03:21:48 15 -0.225 -0.775
2024_0416_03:22:08 15 0.025 0.1
2024_0416_03:22:10 15 35.225 -33.225
2024_0416_03:22:22 15 27.85 -26.875
2024_0416_03:22:23 15 -16.675 17.45
2024_0416_03:22:39 15 47.075 46.4
2024_0416_03:22:57 15 -1.225 -1.15
2024_0416_03:23:22 15 0.075 0.975
2024_0416_03:24:20 15 91.625 42.575
2024_0416_03:24:20 15 99.05 79.925
2024_0416_03:24:23 15 -1.075 -1.05
2024_0416_03:24:34 15 -12.2 10.25
2024_0416_03:25:02 15 -1.825 0.1
2024_0416_03:25:50 15 16.5 95.4
2024_0416_03:27:09 15 0.275 0.45
2024_0416_03:27:39 15 -0.2 0.475
2024_0416_03:28:03 15 -11.625 10.725
2024_0416_03:28:21 15 1.575 -0.35
2024_0416_03:28:28 15 43.25 71.05
2024_0416_03:28:42 15 4.55 99.35
2024_0416_03:28:43 15 41.4 13.475
2024_0416_03:29:07 15 26.6 -1.5
2024_0416_03:29:33 15 47.55 47.775
2024_0416_03:30:31 15 -0.7 1.225
2024_0416_03:30:36 15 1.45 0.375
2024_0416_03:30:40 15 43.075 95.15
2024_0416_03:30:50 15 6.45 15.125
2024_0416_03:31:10 15 47.3 82.15
2024_0416_03:31:54 15 -20.0 19.225
2024_0416_03:32:48 15 1.025 -0.9
2024_0416_03:33:18 15 3.45 16.65
2024_0416_03:33:54 15 0.45 -1.275
2024_0416_03:34:31 16 -2.35 9.425
2024_0416_03:34:45 16 1.175 1.15
2024_0416_03:34:50 16 45.725 98.2
2024_0416_03:35:01 16 44.725 83.55
2024_0416_03:35:03 16 34.35 98.6
2024_0416_03:35:25 16 90.375 64.9
2024_0416_03:35:40 16 11.2 18.85
2024_0416_03:36:49 16 -2.25 2.475
2024_0416_03:36:55 16 21.1 -19.95
2024_0416_03:36:58 16 -0.65 -1.4
2024_0416_03:37:07 16 -11.075 8.0
2024_0416_03:37:16 16 -1.45 3.45
2024_0416_03:38:01 16 50.0 99.475
2024_0416_03:38:53 16 17.825 -18.325
2024_0416_03:39:35 16 95.2 99.325
2024_0416_03:40:49 16 54.275 -17.95
2024_0416_03:40:57 16 87.225 7.2
2024_0416_03:41:03 16 13.85 -17.35
2024_0416_03:41:08 16 52.675 74.6
2024_0416_03:41:23 16 58.175 78.1
2024_0416_03:41:28 16 25.9 51.875
2024_0416_03:41:28 16 -0.125 -1.55
2024_0416_03:41:43 16 15.15 -17.85
2024_0416_03:42:58 16 35.9 49.6
2024_0416_03:43:16 16 88.85 99.325
2024_0416_03:43:22 16 0.825 -2.35
2024_0416_03:43:22 16 2.075 -2.3
2024_0416_03:43:24 16 58.25 78.575
2024_0416_03:44:04 16 0.8 1.85
2024_0416_03:45:01 16 47.575 97.8
2024_0416_03:45:48 16 35.975 60.25
2024_0416_03:47:04 16 36.825 -2.3
2024_0416_03:47:10 16 3.875 1.15
2024_0416_03:47:20 16 18.225 -16.575
2024_0416_03:47:32 16 99.475 74.625
2024_0416_03:47:36 16 98.55 17.45
2024_0416_03:47:40 16 17.125 -16.825
2024_0416_03:47:46 16 -34.45 49.55
2024_0416_03:47:47 16 -6.475 9.575
2024_0416_03:49:15 16 0.6 -0.475
2024_0416_03:49:28 16 0.55 -1.125
2024_0416_03:49:39 16 -0.6 -1.525
2024_0416_03:49:43 16 -2.4 -2.125
2024_0416_03:50:03 16 2.975 -2.15
2024_0416_03:50:11 16 10.225 -9.475
2024_0416_03:51:06 16 49.85 14.575
2024_0416_03:51:52 16 1.95 -1.875
2024_0416_03:53:13 16 19.425 12.325
2024_0416_03:53:24 16 49.525 78.75
2024_0416_03:53:40 16 -4.625 1.375
2024_0416_03:53:46 16 40.225 99.05
2024_0416_03:53:50 16 1.425 0.35
2024_0416_03:53:52 16 70.475 62.5
2024_0416_03:53:59 16 -1.275 30.825
2024_0416_03:54:06 16 80.325 99.8
2024_0416_03:55:18 16 2.525 -2.75
2024_0416_03:55:35 16 98.55 74.25
2024_0416_03:56:00 16 78.15 79.925
2024_0416_03:56:04 16 99.425 85.725
2024_0416_03:56:15 16 -0.5 -1.975
2024_0416_03:56:21 16 -2.325 -2.325
2024_0416_03:57:16 16 99.6 54.825
2024_0416_03:58:05 16 -9.925 10.675
2024_0416_03:59:21 16 49.725 46.55
2024_0416_03:59:43 16 97.95 70.05
2024_0416_03:59:53 16 38.775 23.775
2024_0416_03:59:54 16 29.525 -25.925
2024_0416_03:59:59 16 99.525 64.125
2024_0416_04:00:06 16 -2.65 -2.25
2024_0416_04:00:17 16 -0.85 -0.8
2024_0416_04:00:25 16 43.375 11.95
2024_0416_04:01:24 16 22.475 99.125
2024_0416_04:01:43 16 99.625 91.3
2024_0416_04:02:16 16 31.8 -18.3
2024_0416_04:02:18 16 18.5 31.85
2024_0416_04:02:25 16 25.0 -23.475
2024_0416_04:02:43 16 99.075 49.95
2024_0416_04:04:12 16 99.35 57.275
2024_0416_04:05:31 16 33.525 78.775
2024_0416_04:05:58 16 -0.05 0.425
2024_0416_04:06:05 16 26.15 45.2
2024_0416_04:06:07 16 -11.725 4.275
2024_0416_04:06:19 16 99.525 98.8
2024_0416_04:06:20 16 80.875 99.725
2024_0416_04:06:23 16 -0.375 -2.5
2024_0416_04:06:40 16 94.6 96.575
2024_0416_04:06:42 16 98.125 91.35
2024_0416_04:07:40 16 85.15 99.1
2024_0416_04:07:53 16 10.3 -10.75
2024_0416_04:08:20 16 99.95 99.95
2024_0416_04:08:32 16 -1.95 0.125
2024_0416_04:08:39 16 -2.85 -2.075
2024_0416_04:10:19 16 1.225 -0.25
2024_0416_04:11:34 16 0.75 5.9
2024_0416_04:12:24 16 -6.475 11.025
2024_0416_04:12:24 16 41.5 66.2
2024_0416_04:12:35 16 -17.325 18.3
2024_0416_04:12:41 16 49.975 99.95
2024_0416_04:13:00 16 49.2 99.3
2024_0416_04:13:11 16 70.9 32.1
2024_0416_04:13:44 16 99.4 82.425
2024_0416_04:13:56 16 -0.05 -0.225
2024_0416_04:13:59 16 -6.15 21.475
2024_0416_04:14:35 16 87.875 82.525
2024_0416_04:14:55 16 1.4 -2.45
2024_0416_04:15:05 16 -8.325 30.15
2024_0416_04:15:30 16 24.5 0.125
2024_0416_04:16:22 16 4.825 14.55
2024_0416_04:17:40 16 -2.7 3.775
2024_0416_04:18:05 16 99.95 99.95
2024_0416_04:18:26 16 1.075 -0.725
2024_0416_04:18:42 16 4.525 4.45
2024_0416_04:19:05 16 35.025 99.275
2024_0416_04:19:25 16 -49.975 49.975
2024_0416_04:19:26 16 -0.85 -0.475
2024_0416_04:19:59 16 46.875 87.0
2024_0416_04:20:03 16 -7.25 43.925
2024_0416_04:20:15 16 41.625 -37.375
2024_0416_04:20:40 17 69.1 99.3
2024_0416_04:21:13 17 0.75 5.55
2024_0416_04:21:24 17 92.2 67.7
2024_0416_04:21:35 17 67.45 99.35
2024_0416_04:22:27 17 58.2 4.225
2024_0416_04:23:42 17 1.425 46.55
2024_0416_04:24:00 17 76.15 37.375
2024_0416_04:24:16 17 99.625 81.4
2024_0416_04:24:36 17 39.15 48.95
2024_0416_04:25:04 17 29.325 64.375
2024_0416_04:25:23 17 -0.975 0.075
2024_0416_04:25:51 17 42.625 47.425
2024_0416_04:26:12 17 -0.775 0.15
2024_0416_04:26:18 17 -2.175 0.575
2024_0416_04:26:21 17 3.85 -3.35
2024_0416_04:26:27 17 0.2 0.15
2024_0416_04:26:50 17 49.675 65.5
2024_0416_04:27:34 17 16.925 -5.175
2024_0416_04:27:43 17 39.975 -39.475
2024_0416_04:27:51 17 -1.15 1.55
2024_0416_04:28:37 17 16.3 94.725
2024_0416_04:30:03 17 -2.175 -1.35
2024_0416_04:30:07 17 3.325 0.45
2024_0416_04:30:21 17 -0.375 1.6
2024_0416_04:30:43 17 99.675 83.575
2024_0416_04:31:24 17 -0.4 -1.25
2024_0416_04:31:48 17 34.45 29.1
2024_0416_04:32:12 17 7.4 57.95
2024_0416_04:32:14 17 -7.425 8.375
2024_0416_04:32:30 17 -21.525 61.175
2024_0416_04:32:37 17 -0.7 -1.35
2024_0416_04:32:45 17 -49.9 50.875
2024_0416_04:32:52 17 3.45 2.0
2024_0416_04:33:49 17 40.25 -39.475
2024_0416_04:33:53 17 -6.425 10.875
2024_0416_04:34:12 17 99.2 34.575
2024_0416_04:34:41 17 57.9 47.3
2024_0416_04:36:08 17 5.775 0.05
2024_0416_04:36:26 17 5.35 11.175
2024_0416_04:36:33 17 61.075 96.525
2024_0416_04:36:45 17 40.9 64.2
2024_0416_04:37:47 17 37.75 22.75
2024_0416_04:38:11 17 41.425 86.375
2024_0416_04:38:21 17 82.625 84.025
2024_0416_04:38:38 17 37.825 66.575
2024_0416_04:38:39 17 -6.35 8.3
2024_0416_04:38:47 17 1.75 -0.125
2024_0416_04:39:03 17 99.125 48.85
2024_0416_04:39:21 17 48.925 82.8
2024_0416_04:39:53 17 75.025 49.4
2024_0416_04:40:06 17 -37.35 30.3
2024_0416_04:40:28 17 80.15 77.425
2024_0416_04:40:46 17 8.125 -2.975
2024_0416_04:42:09 17 20.95 1.675
2024_0416_04:42:34 17 73.825 99.325
2024_0416_04:42:41 17 -0.8 0.275
2024_0416_04:42:48 17 0.75 0.675
2024_0416_04:44:02 17 -12.15 9.325
2024_0416_04:44:31 17 19.375 98.2
2024_0416_04:44:46 17 3.0 -0.4
2024_0416_04:44:56 17 10.3 -10.675
2024_0416_04:44:57 17 98.975 48.125
2024_0416_04:45:16 17 -2.425 -1.75
2024_0416_04:45:40 17 39.85 61.7
2024_0416_04:45:55 17 19.6 13.725
2024_0416_04:46:46 17 -100.0 -99.9
2024_0416_04:46:46 17 -7.025 96.85
2024_0416_04:46:51 17 95.0 99.1
2024_0416_04:47:44 17 71.1 68.075
2024_0416_04:48:10 17 99.8 47.725
2024_0416_04:48:32 17 2.15 2.225
2024_0416_04:48:56 17 27.1 -4.4
2024_0416_04:49:00 17 55.525 12.2
2024_0416_04:50:22 17 -0.825 -0.6
2024_0416_04:50:33 17 11.7 3.85
2024_0416_04:51:17 17 77.725 72.1
2024_0416_04:51:39 17 80.925 39.4
2024_0416_04:52:00 17 -0.675 -0.525
2024_0416_04:52:01 17 6.7 2.875
2024_0416_04:52:51 17 77.5 60.225
2024_0416_04:53:03 17 -2.5 2.375
2024_0416_04:53:15 17 1.375 14.95
2024_0416_04:53:46 17 -20.275 17.4
2024_0416_04:54:09 17 -1.925 0.775
2024_0416_04:54:45 17 49.675 36.025
2024_0416_04:54:57 17 -2.35 -2.525
2024_0416_04:55:19 17 96.2 47.75
2024_0416_04:55:23 17 73.8 46.075
2024_0416_04:56:32 17 11.6 -12.25
2024_0416_04:56:34 17 -10.0 10.3
2024_0416_04:56:40 17 15.875 14.8
2024_0416_04:57:36 17 -8.325 0.875
2024_0416_04:58:00 17 -7.275 8.1
2024_0416_04:58:03 17 12.9 -10.7
2024_0416_04:58:23 17 -1.925 1.85
2024_0416_04:58:56 17 23.6 49.55
2024_0416_04:59:21 17 -5.625 5.625
2024_0416_04:59:36 17 16.15 13.2
2024_0416_04:59:44 17 -0.925 -0.775
2024_0416_05:00:13 17 -0.95 0.85
2024_0416_05:00:57 17 93.375 76.25
2024_0416_05:01:07 17 66.75 66.625
2024_0416_05:01:20 17 -9.85 9.775
2024_0416_05:01:43 17 3.25 -1.525
2024_0416_05:02:33 17 -1.375 1.225
2024_0416_05:02:34 17 -25.85 25.325
2024_0416_05:03:06 17 69.875 93.5
2024_0416_05:03:59 17 0.175 -0.425
2024_0416_05:04:19 17 -0.325 -1.95
2024_0416_05:04:38 17 1.5 0.8
2024_0416_05:04:53 17 1.45 2.35
2024_0416_05:05:41 17 -0.15 -2.525
2024_0416_05:05:56 17 -10.925 11.175
2024_0416_05:06:21 17 29.225 29.475
2024_0416_05:06:58 17 7.25 -20.3
2024_0416_05:07:20 17 96.575 47.675
2024_0416_05:07:51 17 10.525 10.8
2024_0416_05:08:03 17 -14.675 11.3
2024_0416_05:08:32 17 -0.125 2.475
2024_0416_05:08:34 17 2.125 0.9
2024_0416_05:08:37 17 -2.125 -1.35
2024_0416_05:09:36 17 2.425 1.625
2024_0416_05:10:20 17 1.225 -2.5
2024_0416_05:10:39 17 63.1 99.425
2024_0416_05:10:57 17 14.3 12.875
2024_0416_05:10:57 17 1.575 -1.35
2024_0416_05:11:43 17 1.35 0.35
2024_0416_05:12:06 17 75.925 97.325
2024_0416_05:12:14 17 0.35 1.55
2024_0416_05:12:23 17 3.3 16.525
2024_0416_05:13:17 17 1.925 2.1
2024_0416_05:13:32 17 -0.125 0.0
2024_0416_05:14:10 17 -6.975 -1.95
2024_0416_05:14:27 17 44.3 40.3
2024_0416_05:14:40 17 -0.375 38.35
2024_0416_05:15:03 17 1.325 3.275
2024_0416_05:15:57 17 11.65 -6.25
2024_0416_05:16:20 17 15.8 -10.6
2024_0416_05:16:59 18 -16.0 13.975
2024_0416_05:17:00 17 48.325 -50.05
2024_0416_05:17:30 18 32.875 51.075
2024_0416_05:17:42 18 49.975 99.95
2024_0416_05:18:23 18 0.9 0.275
2024_0416_05:18:28 18 47.15 -48.525
2024_0416_05:18:41 18 99.275 49.6
2024_0416_05:19:20 18 91.15 99.725
2024_0416_05:19:34 18 29.875 31.2
2024_0416_05:19:36 18 5.15 13.275
2024_0416_05:20:28 18 33.325 -2.0
2024_0416_05:20:49 18 99.15 48.9
2024_0416_05:20:50 18 40.7 46.25
2024_0416_05:21:24 18 49.875 -1.35
2024_0416_05:22:22 18 2.875 0.95
2024_0416_05:22:22 18 -1.75 14.575
2024_0416_05:23:00 18 2.15 -1.075
2024_0416_05:23:25 18 0.675 1.2
2024_0416_05:23:55 18 20.425 4.975
2024_0416_05:24:00 18 32.625 40.6
2024_0416_05:24:30 18 87.425 71.625
2024_0416_05:24:54 18 84.4 86.475
2024_0416_05:25:08 18 -4.875 27.175
2024_0416_05:25:25 18 9.8 -0.4
2024_0416_05:25:39 18 45.1 97.95
2024_0416_05:25:39 18 0.55 2.325
2024_0416_05:26:50 18 57.125 63.8
2024_0416_05:26:56 18 99.6 68.075
2024_0416_05:27:14 18 37.05 -2.875
2024_0416_05:27:44 18 -1.325 -0.525
2024_0416_05:28:26 18 23.225 99.55
2024_0416_05:28:45 18 -49.875 4.675
2024_0416_05:29:09 18 -0.025 0.825
2024_0416_05:29:44 18 -9.375 11.65
2024_0416_05:30:14 18 -6.15 30.175
2024_0416_05:30:34 18 -0.85 -4.55
2024_0416_05:30:42 18 61.675 75.7
2024_0416_05:31:13 18 -0.075 1.45
2024_0416_05:31:28 18 0.475 1.925
2024_0416_05:31:30 18 19.35 -9.675
2024_0416_05:31:51 18 36.225 92.35
2024_0416_05:33:00 18 -3.425 -1.1
2024_0416_05:33:11 18 -4.25 5.75
2024_0416_05:33:37 18 59.85 3.975
2024_0416_05:34:29 18 99.325 98.8
2024_0416_05:35:09 18 -1.075 19.85
2024_0416_05:35:26 18 -2.45 1.325
2024_0416_05:36:04 18 35.675 49.95
2024_0416_05:36:21 18 32.95 44.225
2024_0416_05:36:38 18 0.975 -0.05
2024_0416_05:37:03 18 -0.775 0.9
2024_0416_05:37:32 18 50.025 50.825
2024_0416_05:37:34 18 2.025 0.825
2024_0416_05:37:36 18 39.25 92.775
2024_0416_05:37:51 18 92.075 75.05
2024_0416_05:37:57 18 5.4 -2.95
2024_0416_05:39:06 18 0.075 49.15
2024_0416_05:39:32 18 1.45 3.05
2024_0416_05:39:43 18 32.925 22.85
2024_0416_05:39:59 18 -7.175 5.625
2024_0416_05:40:33 18 -1.95 2.15
2024_0416_05:41:30 18 -27.825 50.0
2024_0416_05:41:34 18 37.25 61.675
2024_0416_05:42:22 18 -2.175 24.425
2024_0416_05:42:25 18 47.925 47.15
2024_0416_05:42:41 18 99.975 49.95
2024_0416_05:43:38 18 99.1 49.9
2024_0416_05:43:41 18 -2.625 1.15
2024_0416_05:44:01 18 99.35 -10.3
2024_0416_05:44:14 18 34.7 56.725
2024_0416_05:44:19 18 -37.875 38.6
2024_0416_05:44:24 18 2.025 0.55
2024_0416_05:45:09 18 28.55 27.1
2024_0416_05:45:53 18 75.975 24.725
2024_0416_05:46:07 18 39.55 98.35
2024_0416_05:46:36 18 19.2 43.375
2024_0416_05:46:42 18 16.95 68.475
2024_0416_05:47:39 18 -18.775 19.975
2024_0416_05:47:55 18 -10.575 14.5
2024_0416_05:48:32 18 99.325 49.825
2024_0416_05:48:40 18 1.975 0.35
2024_0416_05:49:17 18 0.0 47.45
2024_0416_05:49:43 18 71.875 98.4
2024_0416_05:50:22 18 1.775 4.15
2024_0416_05:50:34 18 1.575 -0.4
2024_0416_05:50:49 18 99.0 98.6
2024_0416_05:51:10 18 14.025 4.425
2024_0416_05:52:09 18 -13.0 14.075
2024_0416_05:52:33 18 48.4 96.95
2024_0416_05:52:56 18 16.15 18.9
2024_0416_05:52:59 18 -2.725 0.425
2024_0416_05:53:56 18 1.075 -0.925
2024_0416_05:54:07 18 -4.425 2.05
2024_0416_05:54:17 18 92.9 60.175
2024_0416_05:54:41 18 6.55 20.475
2024_0416_05:55:01 18 0.0 0.0
2024_0416_05:55:25 18 56.925 85.25
2024_0416_05:55:56 18 67.775 16.925
2024_0416_05:56:15 18 84.775 62.25
2024_0416_05:56:41 18 80.075 82.225
2024_0416_05:57:03 18 0.85 -1.975
2024_0416_05:57:12 18 0.475 0.325
2024_0416_05:57:21 18 -3.175 49.175
2024_0416_05:59:05 18 0.95 1.65
2024_0416_05:59:08 18 10.1 5.925
2024_0416_05:59:15 18 7.5 -0.225
2024_0416_05:59:18 18 3.125 -4.2
2024_0416_06:00:18 18 49.175 99.35
2024_0416_06:00:19 18 9.3 -11.5
2024_0416_06:00:49 18 56.9 43.5
2024_0416_06:00:54 18 2.1 -2.725
2024_0416_06:01:23 18 99.8 48.55
2024_0416_06:01:28 18 0.425 0.15
2024_0416_06:02:03 18 1.6 1.7
2024_0416_06:02:51 18 24.05 33.05
2024_0416_06:02:52 18 49.65 49.45
2024_0416_06:03:31 18 10.375 7.975
2024_0416_06:03:34 18 50.0 58.225
2024_0416_06:03:38 18 49.95 -49.95
2024_0416_06:05:13 18 6.375 4.4
2024_0416_06:05:26 18 99.9 -99.65
2024_0416_06:05:46 18 -1.45 0.6
2024_0416_06:05:55 18 45.45 72.35
2024_0416_06:06:28 18 96.8 98.3
2024_0416_06:06:46 18 6.55 -9.85
2024_0416_06:07:01 18 2.05 2.425
2024_0416_06:07:05 18 3.5 0.35
2024_0416_06:07:31 18 -4.125 3.1
2024_0416_06:07:33 18 -0.15 -1.0
2024_0416_06:08:13 18 20.95 -6.75
2024_0416_06:08:58 18 93.575 81.5
2024_0416_06:09:22 18 56.775 85.175
2024_0416_06:09:40 18 -0.4 -3.775
2024_0416_06:10:03 18 37.375 5.35
2024_0416_06:10:07 18 0.85 -0.05
2024_0416_06:11:23 18 1.75 -1.7
2024_0416_06:11:51 18 3.325 2.725
2024_0416_06:12:10 18 0.575 -2.125
2024_0416_06:12:20 18 38.625 48.725
2024_0416_06:12:35 18 -0.2 -0.55
2024_0416_06:13:12 18 95.325 99.825
2024_0416_06:13:40 18 44.425 98.225
2024_0416_06:13:41 18 80.975 65.175
2024_0416_06:13:48 18 0.4 -2.025
2024_0416_06:14:20 18 81.425 74.675
2024_0416_06:14:40 18 -8.0 8.325
2024_0416_06:15:07 18 47.5 25.0
2024_0416_06:15:42 18 9.475 -9.35
2024_0416_06:15:44 18 99.625 99.375
2024_0416_06:16:22 18 -4.625 3.625
2024_0416_06:16:27 18 -0.35 -2.125
2024_0416_06:18:11 18 0.675 -1.25
2024_0416_06:18:31 18 -47.075 47.175
2024_0416_06:18:41 18 10.975 6.15
2024_0416_06:18:43 18 49.7 -1.4
2024_0416_06:19:44 18 -7.35 12.225
2024_0416_06:19:46 18 0.15 -0.3
2024_0416_06:20:13 18 -9.625 74.2
2024_0416_06:20:22 18 9.825 -8.875
2024_0416_06:21:04 18 80.175 49.6
2024_0416_06:21:10 18 6.95 9.9
2024_0416_06:22:01 18 -49.975 -99.75
2024_0416_06:22:16 18 -3.025 -1.15
2024_0416_06:22:52 19 98.475 14.4
2024_0416_06:23:17 19 -11.1 15.25
2024_0416_06:23:27 19 41.3 39.2
2024_0416_06:24:18 19 -0.875 -0.2
2024_0416_06:24:36 19 92.275 98.175
2024_0416_06:24:53 19 47.125 89.4
2024_0416_06:25:15 19 98.275 6.325
2024_0416_06:25:47 19 -0.7 1.975
2024_0416_06:25:56 19 95.475 99.675
2024_0416_06:26:29 19 -2.725 3.75
2024_0416_06:26:39 19 -7.675 0.75
2024_0416_06:27:18 19 -0.175 0.65
2024_0416_06:27:28 19 4.75 -1.05
2024_0416_06:27:57 19 0.975 -2.375
2024_0416_06:28:21 19 -9.15 11.025
2024_0416_06:28:24 19 1.475 0.8
2024_0416_06:29:29 19 -0.825 1.375
2024_0416_06:29:37 19 0.525 -2.975
2024_0416_06:30:30 19 66.275 46.625
2024_0416_06:31:01 19 -1.925 1.425
2024_0416_06:31:23 19 98.625 34.525
2024_0416_06:32:01 19 49.575 37.525
2024_0416_06:32:01 19 -0.65 -1.4
2024_0416_06:32:01 19 2.575 1.125
2024_0416_06:32:38 19 0.8 -2.1
2024_0416_06:33:03 19 -1.65 -0.475
2024_0416_06:33:24 19 -3.475 71.425
2024_0416_06:33:24 19 5.075 49.8
2024_0416_06:34:16 19 12.85 -15.35
2024_0416_06:34:47 19 23.2 4.875
2024_0416_06:35:40 19 50.675 63.25
2024_0416_06:36:05 19 -0.225 6.575
2024_0416_06:36:40 19 -1.95 3.675
2024_0416_06:37:48 19 1.775 -0.35
2024_0416_06:37:50 19 1.825 -2.9
2024_0416_06:38:05 19 -0.825 -1.325
2024_0416_06:38:11 19 -26.5 2.525
2024_0416_06:38:25 19 -0.025 -1.25
2024_0416_06:38:53 19 12.6 14.075
2024_0416_06:39:18 19 0.3 -0.7
2024_0416_06:39:30 19 99.65 -0.05
2024_0416_06:39:47 19 18.225 -20.75
2024_0416_06:40:21 19 16.275 -16.35
2024_0416_06:41:09 19 26.775 48.275
2024_0416_06:41:46 19 4.75 -12.725
2024_0416_06:41:54 19 -3.225 3.075
2024_0416_06:42:27 19 1.025 -5.675
2024_0416_06:42:50 19 40.125 57.35
2024_0416_06:42:58 19 -1.3 15.45
2024_0416_06:44:00 19 -0.375 44.9
2024_0416_06:44:10 19 0.65 -0.65
2024_0416_06:44:20 19 37.8 47.725
2024_0416_06:44:33 19 98.725 47.825
2024_0416_06:44:54 19 -1.475 1.175
2024_0416_06:45:27 19 41.75 98.075
2024_0416_06:45:50 19 -0.475 0.65
2024_0416_06:46:22 19 21.3 -18.925
2024_0416_06:46:29 19 99.35 99.1
2024_0416_06:47:36 19 12.05 1.975
2024_0416_06:47:53 19 -4.525 -3.125
2024_0416_06:48:21 19 -12.85 5.925
2024_0416_06:48:51 19 35.65 -0.5
2024_0416_06:49:08 19 -0.375 1.975
2024_0416_06:49:09 19 48.45 98.3
2024_0416_06:50:07 19 3.725 -0.075
2024_0416_06:50:34 19 -2.0 2.125
2024_0416_06:50:34 19 39.475 49.85
2024_0416_06:50:55 19 -49.875 50.0
2024_0416_06:51:02 19 -1.325 3.75
2024_0416_06:51:45 19 0.275 -1.75
2024_0416_06:52:27 19 -1.3 -0.65
2024_0416_06:52:37 19 49.725 -49.3
2024_0416_06:52:50 19 -2.675 -1.925
2024_0416_06:54:04 19 -1.1 2.525
2024_0416_06:54:40 20 2.1 1.625
2024_0416_06:55:18 20 91.55 10.65
2024_0416_06:55:21 20 98.65 99.275
2024_0416_06:55:25 20 17.725 6.775
2024_0416_06:56:23 20 0.075 1.05
2024_0416_06:56:46 20 26.4 34.0
2024_0416_06:57:01 20 10.05 34.275
2024_0416_06:57:04 20 -99.95 -49.975
2024_0416_06:57:34 20 -0.975 0.05
2024_0416_06:57:35 20 36.5 76.95
2024_0416_06:57:59 20 7.9 38.375
2024_0416_06:58:45 20 -49.925 100.0
2024_0416_06:58:52 20 2.3 -2.325
2024_0416_06:59:25 20 -1.85 9.75
2024_0416_06:59:34 20 2.675 35.25
2024_0416_07:00:27 20 8.275 6.1
2024_0416_07:01:05 20 4.75 2.35
2024_0416_07:01:27 20 1.85 -1.925
2024_0416_07:01:33 20 3.55 5.475
2024_0416_07:01:49 20 45.675 96.075
2024_0416_07:03:28 20 15.8 37.375
2024_0416_07:03:30 20 67.45 97.55
2024_0416_07:03:46 20 99.3 49.75
2024_0416_07:03:56 20 0.55 0.375
2024_0416_07:03:57 20 -3.4 -1.025
2024_0416_07:04:07 20 0.325 -1.65
2024_0416_07:04:54 20 -12.525 12.15
2024_0416_07:05:38 20 14.925 -0.15
2024_0416_07:05:50 20 11.35 -10.075
2024_0416_07:06:07 20 4.1 -1.4
2024_0416_07:06:50 20 98.525 99.175
2024_0416_07:07:32 20 17.75 -11.475
2024_0416_07:07:32 20 0.025 -0.05
2024_0416_07:08:20 20 42.4 92.125
2024_0416_07:09:40 20 -0.4 -0.025
2024_0416_07:09:50 20 32.5 95.85
2024_0416_07:10:10 20 1.85 -3.075
2024_0416_07:10:15 20 23.7 43.7
2024_0416_07:10:21 20 -13.85 13.35
2024_0416_07:10:28 20 0.95 -0.225
2024_0416_07:11:09 20 99.5 80.525
2024_0416_07:11:10 20 89.625 99.3
2024_0416_07:11:45 20 49.875 49.975
2024_0416_07:11:56 20 7.275 13.675
2024_0416_07:11:59 20 50.0 -49.45
2024_0416_07:12:29 20 -6.65 5.225
2024_0416_07:13:09 20 1.475 0.575
2024_0416_07:13:43 20 86.9 99.175
2024_0416_07:13:56 20 0.575 0.3
2024_0416_07:14:49 20 31.425 -2.75
2024_0416_07:15:57 20 11.925 17.8
2024_0416_07:16:15 20 15.175 16.575
2024_0416_07:16:15 20 99.65 49.675
2024_0416_07:16:27 20 99.45 98.75
2024_0416_07:16:54 20 96.025 73.7
2024_0416_07:16:57 20 -16.9 6.95
2024_0416_07:17:22 20 15.05 12.85
2024_0416_07:17:33 20 -0.15 23.75
2024_0416_07:18:08 20 2.1 -0.7
2024_0416_07:18:12 20 2.3 -0.375
2024_0416_07:18:20 20 90.625 80.925
2024_0416_07:19:00 20 40.55 19.025
2024_0416_07:19:51 20 99.95 49.975
2024_0416_07:19:56 20 6.075 18.55
2024_0416_07:20:29 20 46.6 72.825
2024_0416_07:21:13 20 -17.325 10.85
2024_0416_07:22:05 20 36.425 6.325
2024_0416_07:22:29 20 -9.725 10.9
2024_0416_07:22:39 20 9.575 -15.825
2024_0416_07:22:43 20 22.775 1.475
2024_0416_07:23:28 20 31.425 90.0
2024_0416_07:23:34 20 -1.3 -2.2
2024_0416_07:24:11 20 4.075 -2.85
2024_0416_07:24:19 20 84.525 73.525
2024_0416_07:24:30 20 -0.35 85.925
2024_0416_07:24:45 20 -16.9 49.975
2024_0416_07:25:28 20 -0.375 -0.175
2024_0416_07:26:10 20 -1.725 1.7
2024_0416_07:26:30 20 24.825 47.375
2024_0416_07:26:52 20 99.95 49.975
2024_0416_07:27:41 20 27.95 20.075
2024_0416_07:27:48 20 39.6 -40.2
2024_0416_07:28:17 20 80.25 38.925
2024_0416_07:28:38 20 34.1 39.2
2024_0416_07:28:58 20 -0.5 -0.975
2024_0416_07:29:01 20 -2.125 2.625
2024_0416_07:29:47 20 31.225 76.2
2024_0416_07:29:51 20 1.075 1.85
2024_0416_07:30:22 20 11.775 -21.925
2024_0416_07:30:42 20 -0.1 -0.275
2024_0416_07:30:44 20 49.875 -5.25
2024_0416_07:31:07 20 9.325 28.275
2024_0416_07:31:56 20 5.825 -6.4
2024_0416_07:32:21 20 -9.8 23.1
2024_0416_07:32:50 2 49.85 84.95
2024_0416_07:33:18 9 49.7 99.75
2024_0416_07:33:58 13 19.85 -19.2
2024_0416_07:34:06 13 7.1 8.6
2024_0416_07:34:21 13 55.45 78.9
2024_0416_07:34:42 13 19.275 1.125
2024_0416_07:35:02 13 55.75 28.275
2024_0416_07:35:16 14 2.575 -1.1
2024_0416_07:35:56 14 44.6 90.775
2024_0416_07:36:15 14 49.175 83.825
2024_0416_07:36:27 14 3.95 2.1
2024_0416_07:36:47 15 -0.275 -3.65
2024_0416_07:36:57 15 69.7 43.45
2024_0416_07:37:33 15 1.05 -0.5
2024_0416_07:38:23 15 63.7 97.975
2024_0416_07:38:27 15 -0.8 0.425
2024_0416_07:39:10 15 -0.125 -0.175
2024_0416_07:39:42 15 3.8 -3.9
2024_0416_07:40:20 15 49.375 72.025
2024_0416_07:40:27 15 1.95 -0.725
2024_0416_07:40:29 16 49.575 17.975
2024_0416_07:40:49 16 76.8 72.725
2024_0416_07:41:10 16 49.425 -13.1
2024_0416_07:41:57 16 0.475 1.325
2024_0416_07:42:31 16 -7.85 39.475
2024_0416_07:42:34 16 0.95 2.275
2024_0416_07:42:53 17 98.7 49.325
2024_0416_07:43:03 17 68.725 96.95
2024_0416_07:43:56 17 -0.45 11.7
2024_0416_07:44:38 17 75.8 54.425
2024_0416_07:44:43 17 0.875 1.85
2024_0416_07:44:53 17 50.0 -11.5
2024_0416_07:45:35 17 16.775 19.075
2024_0416_07:46:42 17 23.75 99.2
2024_0416_07:46:49 17 0.65 -1.1
2024_0416_07:46:58 18 93.225 83.975
2024_0416_07:47:13 18 2.8 -1.85
2024_0416_07:48:04 18 -0.95 28.4
2024_0416_07:48:36 18 11.5 -11.125
2024_0416_07:48:43 18 1.725 -0.725
2024_0416_07:48:57 18 -0.45 1.7
2024_0416_07:49:01 18 90.325 52.325
2024_0416_07:49:33 19 21.225 -21.25
2024_0416_07:50:17 18 17.625 -18.45
2024_0416_07:50:46 18 11.225 23.55
2024_0416_07:51:06 19 6.725 -12.425
2024_0416_07:51:14 19 25.925 -23.575
2024_0416_07:52:09 19 19.725 61.075
2024_0416_07:52:13 19 -0.475 -3.9
2024_0416_07:52:46 19 14.825 -17.425
2024_0416_07:53:04 19 -1.075 -2.375
2024_0416_07:53:15 19 3.325 0.325
2024_0416_07:53:19 19 89.75 98.625
2024_0416_07:54:14 19 -10.65 13.325
2024_0416_07:54:35 19 1.725 1.025
2024_0416_07:55:07 19 39.55 -40.975
2024_0416_07:55:07 20 39.025 47.625
2024_0416_07:55:35 20 -29.05 32.05
2024_0416_07:56:39 20 -0.75 -0.75
2024_0416_07:56:51 20 2.45 -0.8
2024_0416_07:57:22 20 84.9 77.775
2024_0416_07:57:39 20 0.375 0.375
2024_0416_07:58:26 16 2.2 -0.125
2024_0416_07:58:27 20 4.65 -3.75
2024_0416_07:58:46 17 0.825 -0.975
2024_0416_07:58:50 18 -2.675 64.95
2024_0416_08:03:36 17 42.025 6.85
2024_0416_08:03:37 20 50.0 -3.425
