0.20683000000013646 0.11868500000004831 0.027855000000003193 0.006694999999999811 0.02275500000000163 0.021925000000001377 0.020545000000000955 0.020290000000000877 0.020255000000000866 0.007929999999999762 0.0439749999999993 0.03667500000000213 0.061654999999992445 0.05844999999999369 0.06654999999999617 0.050869999999996626 0.06415999999999378 0.06262999999999225 0.04189000000000011 0.03938000000000108 
2024_0415_14:43:56 2 99.178125 99.34875
2024_0415_14:43:56 7 99.54125 98.47
2024_0415_14:43:56 11 98.17125 99.13375
2024_0415_14:43:57 3 98.611875 99.495
2024_0415_14:43:58 8 87.094375 92.295
2024_0415_14:43:59 4 49.388125 99.345625
2024_0415_14:44:00 10 97.285 98.22
2024_0415_14:44:00 6 96.80875 98.565
2024_0415_14:44:01 11 0.485 0.1825
2024_0415_14:44:06 2 49.536875 99.400625
2024_0415_14:44:07 1 98.708125 99.465
2024_0415_14:44:09 1 99.3675 99.453125
2024_0415_14:44:09 6 98.514375 98.606875
2024_0415_14:44:09 1 98.95875 99.51375
2024_0415_14:44:14 9 99.136875 98.266875
2024_0415_14:50:23 15 -0.296875 0.226875
2024_0415_14:50:24 12 71.58625 -0.35375
2024_0415_14:50:25 13 56.658125 55.09
2024_0415_14:50:28 15 -7.323125 7.38625
2024_0415_14:50:28 13 -48.575625 49.58875
2024_0415_14:50:29 16 -0.1875 0.34125
2024_0415_14:50:31 14 98.228125 98.9625
2024_0415_14:50:33 17 -0.335625 0.010625
2024_0415_14:50:35 20 -0.305625 -0.111875
2024_0415_14:50:37 18 -10.40625 10.07625
2024_0415_14:50:42 5 98.32875 99.3825
2024_0415_14:50:46 17 0.2675 0.13
2024_0415_14:50:55 20 0.1375 -0.060625
2024_0415_14:51:04 18 27.956875 -24.885625
2024_0415_14:52:43 19 23.683125 16.85625
2024_0415_14:59:08 5 99.4625 98.8225
2024_0415_14:59:09 11 0.175625 -0.111875
2024_0415_14:59:10 1 98.92 99.511875
2024_0415_14:59:10 3 98.28375 99.515625
2024_0415_14:59:10 2 98.390625 99.29
2024_0415_14:59:11 2 98.2175 99.443125
2024_0415_14:59:13 11 49.99875 99.9975
2024_0415_14:59:14 4 94.97 99.490625
2024_0415_14:59:18 8 84.01 94.37375
2024_0415_14:59:18 7 99.386875 70.993125
2024_0415_14:59:19 6 98.66375 94.701875
2024_0415_14:59:21 11 99.2975 98.904375
2024_0415_14:59:21 2 96.448125 99.526875
2024_0415_14:59:24 9 99.234375 99.535
2024_0415_14:59:24 10 49.648125 99.423125
2024_0415_14:59:29 11 -0.491875 -0.27875
2024_0415_15:05:29 11 0.166875 -0.011875
2024_0415_15:05:34 12 -16.81 16.993125
2024_0415_15:05:36 13 11.556875 -11.430625
2024_0415_15:05:38 15 10.31 40.12
2024_0415_15:05:38 13 23.678125 65.81625
2024_0415_15:05:39 13 99.30875 99.2875
2024_0415_15:05:41 16 -0.7125 98.5425
2024_0415_15:05:43 13 97.346875 97.521875
2024_0415_15:05:43 14 98.849375 99.566875
2024_0415_15:05:45 17 -0.29125 0.013125
2024_0415_15:05:49 19 -0.04 0.255625
2024_0415_15:05:50 18 96.60625 99.359375
2024_0415_15:05:51 20 96.039375 99.450625
2024_0415_15:05:51 20 49.991875 -49.995625
2024_0415_15:12:15 8 95.460625 99.39
2024_0415_15:12:15 11 -0.149375 -0.1575
2024_0415_15:12:15 6 99.035 99.3325
2024_0415_15:12:17 11 99.536875 98.664375
2024_0415_15:12:19 12 97.851875 48.835625
2024_0415_15:12:19 11 74.25625 32.485
2024_0415_15:12:20 10 98.21625 99.548125
2024_0415_15:12:21 9 92.00125 99.6025
2024_0415_15:12:27 5 99.555 94.591875
2024_0415_15:12:28 1 98.350625 99.493125
2024_0415_15:12:28 7 99.5025 98.18625
2024_0415_15:12:30 3 94.94125 99.263125
2024_0415_15:12:31 2 87.398125 99.44875
2024_0415_15:12:32 4 96.5725 99.4325
2024_0415_15:12:33 2 49.4725 99.476875
2024_0415_15:12:35 10 99.390625 97.51375
2024_0415_15:18:31 12 -0.411875 -0.5625
2024_0415_15:18:34 13 47.321875 -0.34625
2024_0415_15:18:36 13 0.101875 -0.238125
2024_0415_15:18:38 14 0.1075 0.045
2024_0415_15:18:42 13 -46.62375 47.22375
2024_0415_15:18:43 13 99.34125 99.390625
2024_0415_15:18:44 15 99.395 98.205625
2024_0415_15:18:44 13 87.66875 99.496875
2024_0415_15:19:00 15 97.58625 99.2225
2024_0415_15:19:01 16 -10.221875 48.461875
2024_0415_15:19:04 16 51.150625 27.01125
2024_0415_15:19:08 16 69.5 88.600625
2024_0415_15:19:08 18 -72.329375 72.164375
2024_0415_15:19:08 18 -0.84375 0.865
2024_0415_15:19:09 17 48.686875 95.4325
2024_0415_15:19:14 18 -12.131875 12.715
2024_0415_15:24:48 18 0.30125 -0.00375
2024_0415_15:24:53 18 9.321875 -4.3525
2024_0415_15:24:55 19 24.959375 -17.743125
2024_0415_15:24:57 19 12.68125 47.37
2024_0415_15:25:02 20 -0.24875 -0.22
2024_0415_15:25:04 20 0.13625 -0.800625
2024_0415_15:25:09 20 -2.495625 2.228125
2024_0415_15:25:09 20 19.20625 -11.389375
2024_0415_15:31:12 7 99.53625 98.47875
2024_0415_15:31:13 8 98.38 66.05125
2024_0415_15:31:14 2 98.563125 99.411875
2024_0415_15:31:15 2 99.24125 99.528125
2024_0415_15:31:16 3 98.784375 99.420625
2024_0415_15:31:16 2 98.653125 99.385625
2024_0415_15:31:17 2 97.96 99.368125
2024_0415_15:31:30 5 99.515625 99.186875
2024_0415_15:31:30 8 97.86875 98.615
2024_0415_15:31:31 1 96.415625 99.46125
2024_0415_15:31:32 2 87.679375 99.4125
2024_0415_15:31:33 3 97.03875 99.42875
2024_0415_15:31:34 6 92.154375 99.080625
2024_0415_15:31:35 9 90.479375 99.63875
2024_0415_15:31:38 10 99.25875 99.5375
2024_0415_15:34:17 11 62.24875 90.106875
2024_0415_15:37:13 11 0.249375 -0.065625
2024_0415_15:37:15 11 0.24625 -0.003125
2024_0415_15:37:17 11 -0.37875 -0.1375
2024_0415_15:37:18 11 0.16625 0.0825
2024_0415_15:37:19 11 99.425625 97.54125
2024_0415_15:37:21 11 0.084375 -0.33125
2024_0415_15:37:23 11 -50.0 -100.0
2024_0415_15:37:48 12 49.565625 94.92125
2024_0415_15:37:51 12 98.44125 98.290625
2024_0415_15:37:51 12 0.08375 -0.065625
2024_0415_15:37:52 12 91.2375 98.7625
2024_0415_15:37:52 13 49.894375 -50.03
2024_0415_15:37:54 12 94.13625 99.22125
2024_0415_15:37:55 12 91.164375 99.20125
2024_0415_15:37:59 13 95.84 97.511875
2024_0415_15:40:23 13 45.869375 -2.041875
2024_0415_15:43:21 13 99.450625 99.2075
2024_0415_15:43:23 13 0.089375 -0.2075
2024_0415_15:43:24 13 -1.19375 -0.054375
2024_0415_15:43:26 13 0.143125 -0.038125
2024_0415_15:43:30 13 99.38125 99.401875
2024_0415_15:43:33 13 0.5425 1.294375
2024_0415_15:43:35 13 33.754375 34.866875
2024_0415_15:44:05 14 0.175625 -0.17125
2024_0415_15:44:08 13 99.465 98.45
2024_0415_15:44:09 14 -0.419375 -0.349375
2024_0415_15:44:09 14 -0.201875 -0.479375
2024_0415_15:44:12 14 -11.061875 9.716875
2024_0415_15:44:14 14 99.40875 99.135
2024_0415_15:44:15 14 0.2025 0.256875
2024_0415_15:44:27 14 99.40125 98.64625
2024_0415_15:46:29 14 50.90375 98.454375
2024_0415_15:49:30 14 5.68875 -1.713125
2024_0415_15:49:32 14 99.17125 98.79
2024_0415_15:49:34 14 -0.00375 0.1025
2024_0415_15:49:36 14 99.044375 99.168125
2024_0415_15:49:45 15 0.2625 0.288125
2024_0415_15:50:05 15 -47.448125 48.5475
2024_0415_15:50:28 15 0.129375 0.034375
2024_0415_15:50:33 15 29.441875 29.076875
2024_0415_15:50:34 15 4.08875 5.945
2024_0415_15:50:36 15 96.7625 98.875625
2024_0415_15:50:36 15 0.15375 0.199375
2024_0415_15:50:37 15 99.48125 99.501875
2024_0415_15:50:38 15 -0.135 -0.379375
2024_0415_15:50:46 15 0.81 0.3025
2024_0415_15:52:41 15 98.498125 97.296875
2024_0415_15:54:50 15 -0.6275 -0.189375
2024_0415_15:55:44 16 71.965625 81.396875
2024_0415_15:55:44 16 98.018125 97.80625
2024_0415_15:55:44 16 8.395625 -8.278125
2024_0415_15:55:46 16 0.32125 0.376875
2024_0415_15:55:56 16 16.96 -17.30625
2024_0415_15:56:17 16 16.83375 18.455625
2024_0415_15:56:51 17 0.24125 -0.263125
2024_0415_15:56:51 17 0.32 -0.375625
2024_0415_15:56:52 16 -0.335625 1.14
2024_0415_15:56:56 17 -79.98 79.88875
2024_0415_15:56:57 17 -8.801875 8.836875
2024_0415_15:56:59 17 88.47875 29.445
2024_0415_15:57:08 17 -49.99875 49.99875
2024_0415_15:58:51 17 -0.031875 -0.066875
2024_0415_16:00:09 17 16.810625 17.25
2024_0415_16:01:51 18 -50.0 -100.0
2024_0415_16:01:52 18 -7.5625 48.091875
2024_0415_16:01:54 18 -49.99625 -99.986875
2024_0415_16:02:09 18 97.365625 -22.405625
2024_0415_16:02:26 18 47.82125 -0.605
2024_0415_16:03:08 19 10.866875 25.425
2024_0415_16:03:11 19 0.095 -0.143125
2024_0415_16:03:18 18 42.78375 -40.816875
2024_0415_16:03:20 19 40.59 -2.18875
2024_0415_16:03:21 20 2.626875 88.429375
2024_0415_16:03:22 19 -43.7475 48.283125
2024_0415_16:03:32 20 5.19 2.724375
2024_0415_16:05:03 20 -0.353125 -0.2475
2024_0415_16:05:08 20 -3.175625 2.25625
2024_0415_16:06:03 20 0.030625 0.071875
2024_0415_16:06:11 4 99.106875 97.81375
2024_0415_16:07:51 15 0.20875 -0.4475
2024_0415_16:07:59 18 19.2825 91.41875
2024_0415_16:08:09 18 47.18 61.471875
2024_0415_16:08:35 20 -12.141875 12.685625
2024_0415_16:09:04 17 7.425625 11.013125
2024_0415_16:15:12 7 99.501875 91.565
2024_0415_16:15:12 2 99.2725 99.2725
2024_0415_16:15:13 4 49.400625 99.368125
2024_0415_16:15:13 2 81.544375 99.41125
2024_0415_16:15:14 2 94.358125 99.54625
2024_0415_16:15:15 2 95.5825 99.28125
2024_0415_16:15:16 10 98.41375 99.406875
2024_0415_16:15:17 10 98.5375 99.275
2024_0415_16:15:22 7 99.18125 97.976875
2024_0415_16:15:23 5 99.47875 98.6525
2024_0415_16:15:24 1 99.495625 99.484375
2024_0415_16:15:25 6 97.834375 93.569375
2024_0415_16:15:27 3 97.39 99.41375
2024_0415_16:15:27 9 99.03625 99.06375
2024_0415_16:15:29 2 94.46625 99.358125
2024_0415_16:15:31 8 99.30875 98.56
2024_0415_16:21:15 11 -0.26625 -0.2825
2024_0415_16:21:18 11 -0.141875 -0.45625
2024_0415_16:21:18 11 -0.01125 -0.105625
2024_0415_16:21:20 11 -0.275 -0.050625
2024_0415_16:21:22 11 0.71375 0.43
2024_0415_16:21:22 11 99.469375 98.501875
2024_0415_16:21:23 11 -0.275625 -0.319375
2024_0415_16:21:24 11 82.564375 99.384375
2024_0415_16:21:41 11 0.29375 -0.27625
2024_0415_16:21:43 12 -10.080625 64.885625
2024_0415_16:21:43 12 0.18375 -0.0625
2024_0415_16:21:44 12 69.6175 79.71
2024_0415_16:21:45 12 99.370625 90.2525
2024_0415_16:21:46 12 99.050625 98.61375
2024_0415_16:21:50 12 -0.078125 0.21125
2024_0415_16:21:50 12 0.353125 0.14875
2024_0415_16:27:22 13 -0.015 -0.173125
2024_0415_16:27:22 13 24.916875 62.419375
2024_0415_16:27:25 13 99.99875 -99.99875
2024_0415_16:27:30 13 0.404375 0.251875
2024_0415_16:27:31 13 95.130625 -90.45375
2024_0415_16:27:31 13 99.281875 99.15375
2024_0415_16:27:31 13 -0.169375 0.11875
2024_0415_16:27:34 13 98.499375 98.161875
2024_0415_16:27:57 13 0.07125 -0.349375
2024_0415_16:28:00 13 0.023125 0.170625
2024_0415_16:28:02 14 -0.13125 0.01125
2024_0415_16:28:07 13 16.0875 17.6575
2024_0415_16:28:08 14 96.874375 98.145
2024_0415_16:28:12 14 99.324375 99.48125
2024_0415_16:28:13 14 98.4675 99.458125
2024_0415_16:28:14 14 98.365625 91.38875
2024_0415_16:33:29 14 -49.99875 99.990625
2024_0415_16:33:31 14 -0.205 0.179375
2024_0415_16:33:35 14 4.325625 68.635
2024_0415_16:33:39 15 0.21875 0.185
2024_0415_16:33:39 14 0.0175 -0.029375
2024_0415_16:33:40 14 79.51125 79.505625
2024_0415_16:33:42 14 98.045625 54.9275
2024_0415_16:33:47 15 0.36125 0.34
2024_0415_16:34:18 15 85.300625 99.630625
2024_0415_16:34:20 15 -0.03875 0.151875
2024_0415_16:34:22 15 -64.4125 68.25625
2024_0415_16:34:28 15 -35.166875 49.269375
2024_0415_16:34:29 15 0.66625 -1.1
2024_0415_16:34:32 15 -1.084375 1.021875
2024_0415_16:34:33 15 0.06875 0.09
2024_0415_16:34:42 15 87.401875 77.62625
2024_0415_16:39:37 15 1.08125 0.090625
2024_0415_16:39:39 15 68.20875 97.823125
2024_0415_16:39:42 16 -10.14875 10.12875
2024_0415_16:39:43 16 0.30625 -0.28625
2024_0415_16:39:47 16 -0.299375 0.060625
2024_0415_16:39:51 16 13.97125 12.911875
2024_0415_16:39:54 16 -0.094375 0.345
2024_0415_16:39:55 16 -0.480625 0.49375
2024_0415_16:40:38 16 -0.058125 -0.301875
2024_0415_16:40:41 16 -49.999375 49.999375
2024_0415_16:40:49 17 24.17875 74.754375
2024_0415_16:40:51 17 98.40375 99.568125
2024_0415_16:40:54 17 97.66875 98.104375
2024_0415_16:40:56 17 9.924375 -10.096875
2024_0415_16:41:02 17 1.343125 -1.028125
2024_0415_16:44:57 17 -0.075625 -0.346875
2024_0415_16:45:44 18 97.110625 49.445625
2024_0415_16:45:46 18 -0.233125 -0.059375
2024_0415_16:46:00 18 -13.065625 13.03125
2024_0415_16:46:01 18 99.478125 49.305
2024_0415_16:46:01 18 98.2825 98.40125
2024_0415_16:46:02 18 -0.570625 -0.038125
2024_0415_16:46:05 18 -50.0 50.0
2024_0415_16:46:13 18 99.1125 99.173125
2024_0415_16:46:57 18 0.3125 -0.545
2024_0415_16:47:02 18 -5.563125 5.693125
2024_0415_16:47:07 19 0.08625 -0.32125
2024_0415_16:47:15 19 19.169375 79.35
2024_0415_16:47:17 20 -11.646875 74.02125
2024_0415_16:47:28 20 37.894375 55.214375
2024_0415_16:47:37 20 98.3225 99.09375
2024_0415_16:51:35 20 -99.99875 0.0
2024_0415_16:51:49 18 0.410625 0.56875
2024_0415_16:51:49 17 99.085 97.328125
2024_0415_16:51:51 20 0.14125 51.008125
2024_0415_16:54:48 20 99.531875 98.77
2024_0415_17:00:55 2 85.154375 99.484375
2024_0415_17:00:57 2 98.40125 99.51625
2024_0415_17:00:57 2 98.405625 99.389375
2024_0415_17:00:57 5 99.533125 98.736875
2024_0415_17:00:58 2 97.7925 99.28
2024_0415_17:00:58 2 98.769375 99.33875
2024_0415_17:01:00 2 98.973125 99.33625
2024_0415_17:01:02 3 98.668125 99.418125
2024_0415_17:01:09 2 97.69375 99.44125
2024_0415_17:01:10 1 99.43375 99.449375
2024_0415_17:01:10 7 99.420625 97.54625
2024_0415_17:01:11 2 98.59 99.384375
2024_0415_17:01:12 2 98.376875 99.435625
2024_0415_17:01:12 4 49.529375 99.378125
2024_0415_17:01:13 4 49.59875 99.36375
2024_0415_17:01:13 6 99.19375 98.966875
2024_0415_17:07:01 7 98.754375 99.22125
2024_0415_17:07:04 8 99.15375 98.676875
2024_0415_17:07:04 11 0.08125 -0.0925
2024_0415_17:07:05 8 97.441875 98.343125
2024_0415_17:07:10 11 99.355625 98.229375
2024_0415_17:07:10 11 99.396875 98.070625
2024_0415_17:07:13 10 98.12125 99.5175
2024_0415_17:07:19 9 96.6475 98.7625
2024_0415_17:07:27 11 -0.35875 0.099375
2024_0415_17:07:28 11 0.16125 -0.2675
2024_0415_17:07:29 11 -0.34125 0.19
2024_0415_17:07:29 11 8.575625 16.681875
2024_0415_17:07:30 11 99.344375 99.44
2024_0415_17:07:30 11 0.254375 -0.509375
2024_0415_17:07:37 11 -50.0 -99.998125
2024_0415_17:07:38 11 80.71125 99.529375
2024_0415_17:13:05 11 -0.08625 0.08625
2024_0415_17:13:12 11 95.789375 94.12375
2024_0415_17:13:12 11 -0.076875 0.158125
2024_0415_17:13:14 11 99.99875 -99.99875
2024_0415_17:13:17 11 99.5425 99.340625
2024_0415_17:13:19 11 99.53125 98.639375
2024_0415_17:13:30 12 99.369375 99.44625
2024_0415_17:13:31 11 -0.3375 0.7175
2024_0415_17:13:49 12 98.690625 48.31875
2024_0415_17:13:50 12 79.636875 43.324375
2024_0415_17:13:50 12 0.020625 0.56125
2024_0415_17:13:50 12 99.345625 99.15375
2024_0415_17:13:51 12 99.50625 99.499375
2024_0415_17:13:56 12 59.946875 66.82
2024_0415_17:13:57 12 0.151875 -0.16125
2024_0415_17:13:58 12 71.83 89.978125
2024_0415_17:19:10 12 -0.540625 -0.030625
2024_0415_17:19:19 12 97.65625 98.918125
2024_0415_17:19:22 12 98.618125 98.980625
2024_0415_17:19:26 12 0.158125 0.2675
2024_0415_17:19:26 13 -0.348125 0.26
2024_0415_17:19:28 12 99.409375 98.0425
2024_0415_17:19:36 13 -0.22375 -0.18
2024_0415_17:19:38 13 -9.604375 18.43875
2024_0415_17:20:08 13 49.6375 99.28125
2024_0415_17:20:12 13 99.448125 99.374375
2024_0415_17:20:13 13 98.231875 99.38625
2024_0415_17:20:14 13 -0.1175 0.0325
2024_0415_17:20:16 13 86.618125 66.993125
2024_0415_17:20:18 13 99.145625 99.25125
2024_0415_17:20:18 13 93.373125 98.980625
2024_0415_17:20:20 13 99.23125 49.496875
2024_0415_17:25:16 13 0.13625 -0.004375
2024_0415_17:25:27 13 54.493125 96.805
2024_0415_17:25:35 13 98.34875 94.304375
2024_0415_17:25:36 13 99.383125 99.01125
2024_0415_17:25:37 13 3.205 3.053125
2024_0415_17:25:41 13 -0.133125 0.16875
2024_0415_17:25:42 13 -0.100625 0.154375
2024_0415_17:25:46 13 -49.99875 49.99875
2024_0415_17:26:28 13 0.259375 0.39
2024_0415_17:26:32 13 -0.0375 0.01
2024_0415_17:26:32 13 -0.18125 -0.14875
2024_0415_17:26:35 13 49.5975 99.425625
2024_0415_17:26:37 14 0.105 -0.2875
2024_0415_17:26:38 14 -49.998125 49.998125
2024_0415_17:26:40 14 98.96625 98.976875
2024_0415_17:26:42 14 37.625625 29.940625
2024_0415_17:31:26 14 -0.07 0.013125
2024_0415_17:31:34 14 20.00125 -19.904375
2024_0415_17:31:44 14 -7.211875 47.975625
2024_0415_17:31:48 14 91.429375 99.396875
2024_0415_17:31:50 14 98.9275 99.328125
2024_0415_17:31:51 14 79.71375 80.69125
2024_0415_17:31:54 14 12.178125 10.16875
2024_0415_17:32:49 14 98.628125 95.93375
2024_0415_17:32:52 14 -49.999375 -99.99875
2024_0415_17:32:54 14 99.479375 96.68
2024_0415_17:32:55 14 96.8325 99.33
2024_0415_17:32:56 14 63.145625 23.60875
2024_0415_17:32:56 14 -19.973125 19.84125
2024_0415_17:32:58 14 98.3375 99.130625
2024_0415_17:33:06 14 99.525 49.1575
2024_0415_17:34:38 14 16.449375 16.82125
2024_0415_17:37:39 15 -0.010625 -0.448125
2024_0415_17:37:40 14 16.505625 24.3775
2024_0415_17:37:53 15 82.415 81.755625
2024_0415_17:37:57 15 26.840625 -26.85
2024_0415_17:37:58 15 16.464375 16.21375
2024_0415_17:38:00 15 -96.176875 99.178125
2024_0415_17:38:04 15 97.07875 91.325
2024_0415_17:39:11 15 99.0675 98.27875
2024_0415_17:39:16 15 99.1875 96.31375
2024_0415_17:39:16 15 -0.315 -0.09375
2024_0415_17:39:17 15 -0.308125 -0.649375
2024_0415_17:39:23 15 0.47 -0.2825
2024_0415_17:39:24 15 -0.0625 -0.041875
2024_0415_17:39:26 15 -10.264375 10.265625
2024_0415_17:39:39 15 49.446875 -0.1775
2024_0415_17:40:40 15 -0.211875 0.178125
2024_0415_17:43:42 15 -0.253125 0.4875
2024_0415_17:43:52 15 79.584375 79.093125
2024_0415_17:43:59 15 0.049375 -0.01375
2024_0415_17:44:02 15 0.085625 0.335
2024_0415_17:44:04 15 0.40125 -0.066875
2024_0415_17:44:08 15 99.316875 98.991875
2024_0415_17:44:11 15 51.983125 48.1225
2024_0415_17:45:33 16 0.103125 0.123125
2024_0415_17:45:36 16 0.095625 0.224375
2024_0415_17:45:36 16 -0.571875 0.71375
2024_0415_17:45:38 16 -10.419375 10.51625
2024_0415_17:45:43 16 0.026875 60.431875
2024_0415_17:45:48 16 87.130625 -10.72125
2024_0415_17:45:50 16 97.173125 99.418125
2024_0415_17:45:59 16 98.163125 98.22
2024_0415_17:46:45 16 1.331875 -0.086875
2024_0415_17:49:52 16 99.134375 98.70875
2024_0415_17:50:06 16 37.223125 48.70125
2024_0415_17:50:07 16 -4.96125 76.366875
2024_0415_17:50:09 16 0.03125 -0.265625
2024_0415_17:50:12 16 -8.05625 7.955
2024_0415_17:50:14 17 0.39 0.19875
2024_0415_17:50:28 17 -0.24125 0.115625
2024_0415_17:51:58 17 -0.42125 -0.081875
2024_0415_17:51:58 17 57.03875 92.871875
2024_0415_17:52:02 17 39.62125 78.02
2024_0415_17:52:04 17 -41.226875 54.90375
2024_0415_17:52:09 17 0.266875 0.58
2024_0415_17:52:12 17 84.466875 97.995
2024_0415_17:52:21 17 97.968125 99.398125
2024_0415_17:52:54 17 48.525 16.026875
2024_0415_17:54:21 17 1.60125 -1.34625
2024_0415_17:56:01 17 97.585 -0.09
2024_0415_17:56:17 17 1.49625 -0.029375
2024_0415_17:56:24 17 15.57 15.0725
2024_0415_17:56:40 17 12.658125 12.42
2024_0415_17:56:52 17 11.98625 -3.57125
2024_0415_17:58:21 18 -0.14125 0.1525
2024_0415_17:58:23 18 71.92 99.336875
2024_0415_17:58:24 18 98.430625 99.343125
2024_0415_17:58:29 18 -0.141875 -0.345625
2024_0415_17:58:32 18 -0.291875 0.284375
2024_0415_17:58:40 18 0.07 -0.0875
2024_0415_17:58:41 18 -0.40875 -0.11375
2024_0415_17:58:42 18 -19.599375 20.166875
2024_0415_17:59:05 18 -4.948125 3.695
2024_0415_17:59:28 18 12.469375 -12.455625
2024_0415_18:00:47 18 98.67375 96.56875
2024_0415_18:02:30 18 98.489375 98.8
2024_0415_18:02:41 18 0.224375 0.2575
2024_0415_18:02:54 18 0.058125 -0.499375
2024_0415_18:03:02 18 99.059375 99.340625
2024_0415_18:03:58 18 -35.506875 35.411875
2024_0415_18:04:40 18 99.99875 -49.999375
2024_0415_18:04:41 18 27.47 -27.7275
2024_0415_18:04:45 18 -0.01125 0.1675
2024_0415_18:04:52 19 52.014375 -11.9875
2024_0415_18:04:53 18 98.118125 99.041875
2024_0415_18:04:59 18 39.671875 15.585
2024_0415_18:05:00 18 -10.22125 10.26875
2024_0415_18:05:15 19 20.028125 -19.901875
2024_0415_18:05:16 19 14.86875 20.5525
2024_0415_18:07:10 19 98.435625 99.4325
2024_0415_18:08:39 19 49.559375 49.735625
2024_0415_18:08:53 19 98.6525 98.7775
2024_0415_18:09:11 20 47.8075 64.69375
2024_0415_18:09:18 20 2.20375 1.1025
2024_0415_18:10:15 20 83.350625 68.590625
2024_0415_18:11:03 20 8.52125 -8.1
2024_0415_18:11:03 20 71.935625 6.04125
2024_0415_18:11:07 20 99.274375 49.670625
2024_0415_18:11:11 20 0.041875 0.05875
2024_0415_18:11:16 20 -14.3125 15.584375
2024_0415_18:11:19 20 0.155 0.036875
2024_0415_18:11:27 20 40.056875 79.45625
2024_0415_18:11:32 20 0.915625 0.225
2024_0415_18:11:38 20 0.495 47.990625
2024_0415_18:13:25 20 -99.99875 49.999375
2024_0415_18:14:47 14 98.811875 99.328125
2024_0415_18:15:03 17 19.680625 -1.511875
2024_0415_18:15:07 15 99.5 99.560625
2024_0415_18:15:24 17 18.338125 -10.701875
2024_0415_18:15:34 17 9.711875 -9.845625
2024_0415_18:16:18 17 -0.515 -0.335625
2024_0415_18:17:02 17 13.536875 -14.10875
2024_0415_18:17:11 18 -0.00375 -0.165625
2024_0415_18:17:12 19 49.305 53.2875
2024_0415_18:17:22 20 68.723125 89.49125
2024_0415_18:23:34 8 97.8975 95.785625
2024_0415_18:23:35 2 97.7175 99.478125
2024_0415_18:23:37 2 99.416875 99.540625
2024_0415_18:23:38 7 99.393125 97.903125
2024_0415_18:23:38 6 97.39 97.9
2024_0415_18:23:39 3 98.704375 99.4475
2024_0415_18:23:44 4 98.605 99.24125
2024_0415_18:23:52 2 93.795625 99.34875
2024_0415_18:23:53 2 64.581875 99.306875
2024_0415_18:24:05 7 99.33875 96.74375
2024_0415_18:24:10 1 97.448125 99.49625
2024_0415_18:24:22 2 99.305 99.290625
2024_0415_18:24:24 4 98.07375 99.246875
2024_0415_18:24:26 5 99.52375 98.506875
2024_0415_18:24:29 2 98.83125 99.430625
2024_0415_18:24:39 2 49.556875 99.516875
2024_0415_18:29:52 8 97.755625 99.145
2024_0415_18:29:55 11 98.140625 95.29125
2024_0415_18:29:56 9 90.785 99.563125
2024_0415_18:29:57 10 90.481875 99.51
2024_0415_18:29:59 11 -49.99875 -99.9975
2024_0415_18:30:01 11 0.151875 0.06875
2024_0415_18:30:03 11 99.6 -49.998125
2024_0415_18:30:08 11 -0.34375 0.035
2024_0415_18:30:13 11 62.53625 98.7575
2024_0415_18:30:15 11 -0.015 -0.131875
2024_0415_18:30:30 11 0.140625 -0.015625
2024_0415_18:30:30 11 -0.253125 -0.001875
2024_0415_18:30:31 11 99.415 98.51625
2024_0415_18:30:36 11 -0.12875 -0.0175
2024_0415_18:30:44 11 -0.10875 0.270625
2024_0415_18:33:22 11 -0.2825 0.01125
2024_0415_18:36:04 12 -0.046875 -0.07875
2024_0415_18:36:11 11 96.32875 90.649375
2024_0415_18:36:12 11 0.116875 0.039375
2024_0415_18:36:14 11 98.796875 94.98375
2024_0415_18:36:15 11 -0.345625 0.025625
2024_0415_18:36:19 11 49.66 97.258125
2024_0415_18:36:20 12 99.430625 98.015
2024_0415_18:36:21 12 99.35125 98.529375
2024_0415_18:36:26 12 0.05125 -0.265
2024_0415_18:36:26 12 20.298125 19.6825
2024_0415_18:36:34 12 -22.258125 22.165625
2024_0415_18:36:35 12 48.9925 98.483125
2024_0415_18:36:35 12 97.974375 49.6325
2024_0415_18:36:39 12 0.318125 -0.25875
2024_0415_18:36:46 12 0.045625 -0.235
2024_0415_18:39:46 12 0.25375 0.343125
2024_0415_18:42:10 12 49.965625 49.960625
2024_0415_18:42:20 13 0.061875 -0.155625
2024_0415_18:42:22 13 -0.016875 0.009375
2024_0415_18:42:31 13 0.47875 -0.24375
2024_0415_18:42:35 13 98.45 91.20125
2024_0415_18:42:36 13 99.260625 99.28125
2024_0415_18:42:39 13 -0.085625 0.02625
2024_0415_18:42:40 13 37.068125 -10.124375
2024_0415_18:42:41 12 48.543125 48.8875
2024_0415_18:42:42 13 0.319375 -0.036875
2024_0415_18:42:44 13 -0.291875 -0.000625
2024_0415_18:42:44 13 97.503125 98.67125
2024_0415_18:42:48 13 79.55625 79.734375
2024_0415_18:42:48 13 -0.440625 -0.013125
2024_0415_18:42:57 13 0.974375 0.846875
2024_0415_18:46:09 13 -99.99875 99.99875
2024_0415_18:48:15 13 -49.99875 49.99875
2024_0415_18:48:22 13 -0.385 2.27625
2024_0415_18:48:24 13 -0.320625 -0.19
2024_0415_18:48:42 13 24.35375 21.868125
2024_0415_18:48:47 14 -0.255625 0.11
2024_0415_18:48:47 13 49.365625 99.41625
2024_0415_18:48:49 14 -49.999375 49.999375
2024_0415_18:48:51 13 -0.379375 -0.175
2024_0415_18:48:53 13 0.13 0.55125
2024_0415_18:48:56 14 99.15125 86.595
2024_0415_18:48:56 13 10.174375 -10.09125
2024_0415_18:48:59 13 0.283125 0.279375
2024_0415_18:49:02 14 51.36625 46.44875
2024_0415_18:49:06 14 0.416875 0.405
2024_0415_18:49:20 14 84.15375 14.526875
2024_0415_18:52:33 14 17.90875 17.505625
2024_0415_18:54:17 14 -0.154375 -0.176875
2024_0415_18:54:28 14 -2.48125 55.871875
2024_0415_18:54:29 14 -0.146875 0.0375
2024_0415_18:54:46 14 34.493125 34.37125
2024_0415_18:54:53 14 -0.318125 0.215625
2024_0415_18:54:54 14 24.766875 25.684375
2024_0415_18:54:59 14 74.381875 99.295625
2024_0415_18:55:01 14 97.424375 97.878125
2024_0415_18:55:12 14 0.10875 0.06125
2024_0415_18:55:16 14 -99.66625 99.99875
2024_0415_18:55:17 14 98.835 98.13875
2024_0415_18:55:22 14 0.24 -0.06375
2024_0415_18:55:24 14 -20.415625 20.05625
2024_0415_18:55:28 14 44.541875 48.696875
2024_0415_18:55:47 14 42.926875 -39.92625
2024_0415_18:59:01 15 23.59625 67.675625
2024_0415_19:00:26 15 99.1325 98.195625
2024_0415_19:00:28 15 0.1425 0.056875
2024_0415_19:00:42 15 99.021875 82.921875
2024_0415_19:00:58 15 0.053125 0.095
2024_0415_19:01:01 15 -0.0475 -0.460625
2024_0415_19:01:04 15 99.425625 99.2925
2024_0415_19:01:12 15 8.609375 -1.13125
2024_0415_19:01:37 15 79.29 79.436875
2024_0415_19:01:43 15 43.48 39.233125
2024_0415_19:01:47 15 12.46125 11.72375
2024_0415_19:01:50 15 78.809375 76.84125
2024_0415_19:01:50 15 -0.399375 0.094375
2024_0415_19:01:58 15 35.07875 -27.98375
2024_0415_19:02:14 15 -0.621875 0.135
2024_0415_19:04:40 15 99.244375 99.299375
2024_0415_19:05:26 15 0.811875 0.83125
2024_0415_19:06:32 15 49.504375 99.251875
2024_0415_19:06:37 15 92.00875 98.045625
2024_0415_19:06:47 15 0.210625 -0.118125
2024_0415_19:07:04 15 18.16 18.45625
2024_0415_19:07:04 15 66.215625 66.1275
2024_0415_19:07:05 16 0.309375 -0.1925
2024_0415_19:07:59 16 0.4475 0.124375
2024_0415_19:08:09 16 -1.633125 49.72875
2024_0415_19:08:11 16 -8.159375 38.946875
2024_0415_19:08:12 16 93.963125 99.488125
2024_0415_19:08:15 16 -0.13 -0.165
2024_0415_19:08:18 16 49.99875 99.665
2024_0415_19:08:21 16 -0.14375 -0.03375
2024_0415_19:10:43 16 -18.023125 97.40375
2024_0415_19:10:59 16 9.37375 26.99125
2024_0415_19:11:56 16 48.685 49.001875
2024_0415_19:12:47 16 54.726875 58.938125
2024_0415_19:12:53 17 97.084375 99.284375
2024_0415_19:13:08 17 -0.204375 -0.0875
2024_0415_19:13:16 17 76.506875 76.506875
2024_0415_19:13:17 17 86.06 98.366875
2024_0415_19:13:50 17 -0.154375 0.296875
2024_0415_19:14:21 17 -0.05 0.23125
2024_0415_19:14:35 17 0.17375 0.3025
2024_0415_19:14:35 17 15.556875 18.299375
2024_0415_19:14:40 17 19.86 60.704375
2024_0415_19:14:49 17 0.585625 -0.4375
2024_0415_19:16:48 17 16.9525 17.02875
2024_0415_19:17:28 17 29.2825 41.569375
2024_0415_19:18:04 17 0.02875 0.165
2024_0415_19:18:25 17 6.41125 -7.15
2024_0415_19:18:52 17 59.743125 -4.074375
2024_0415_19:19:00 17 99.83 -0.99375
2024_0415_19:19:08 17 -0.1025 0.10375
2024_0415_19:19:21 18 -0.006875 -0.736875
2024_0415_19:19:23 18 81.401875 45.953125
2024_0415_19:19:55 18 98.21125 98.739375
2024_0415_19:20:45 18 92.7575 99.201875
2024_0415_19:21:05 18 -8.2675 7.78375
2024_0415_19:21:05 18 0.181875 0.049375
2024_0415_19:21:07 18 47.8175 -43.1025
2024_0415_19:21:26 18 -42.121875 52.761875
2024_0415_19:22:53 18 -20.8475 22.48
2024_0415_19:23:57 18 54.08625 58.768125
2024_0415_19:24:30 18 -0.039375 -0.2375
2024_0415_19:24:45 18 -50.0 -99.9825
2024_0415_19:25:04 18 0.11 -0.149375
2024_0415_19:25:05 18 39.805625 79.5225
2024_0415_19:25:07 18 -0.32 -0.189375
2024_0415_19:25:25 18 -99.999375 100.0
2024_0415_19:25:33 18 15.7975 14.885625
2024_0415_19:25:40 18 78.111875 79.085625
2024_0415_19:25:57 18 0.086875 -0.304375
2024_0415_19:27:03 18 0.27625 0.230625
2024_0415_19:27:34 19 -6.04 27.09875
2024_0415_19:27:40 19 99.3425 99.688125
2024_0415_19:29:00 19 -2.73625 11.811875
2024_0415_19:30:27 19 -0.164375 -0.319375
2024_0415_19:30:56 19 24.69125 -25.07
2024_0415_19:31:13 19 -9.261875 9.430625
2024_0415_19:31:14 19 10.0975 -9.823125
2024_0415_19:31:15 19 40.138125 -3.515
2024_0415_19:31:28 19 0.344375 -0.0675
2024_0415_19:31:31 19 55.401875 70.63875
2024_0415_19:31:52 20 54.2775 64.7175
2024_0415_19:32:04 20 48.605 49.73875
2024_0415_19:32:26 20 77.718125 77.301875
2024_0415_19:34:03 20 0.065 0.38625
2024_0415_19:34:07 20 15.94 19.758125
2024_0415_19:34:07 20 0.125 0.118125
2024_0415_19:35:10 20 97.4275 90.606875
2024_0415_19:37:01 20 10.395 -10.254375
2024_0415_19:37:20 10 98.00125 99.15
2024_0415_19:37:21 15 48.52625 47.150625
2024_0415_19:37:30 16 12.82125 -7.186875
2024_0415_19:37:32 16 90.93125 31.911875
2024_0415_19:37:40 20 -60.38125 64.08
2024_0415_19:37:54 17 27.68875 30.9625
2024_0415_19:38:07 17 99.74 -30.410625
2024_0415_19:38:49 18 20.25625 -20.12125
2024_0415_19:38:55 18 0.194375 0.156875
2024_0415_19:40:10 19 11.635625 71.144375
2024_0415_19:40:21 19 98.594375 99.12125
2024_0415_19:40:25 20 16.884375 17.641875
2024_0415_19:40:31 20 0.0175 -0.1
2024_0415_19:41:04 20 99.423125 49.39875
2024_0415_19:41:26 20 -8.09125 8.77875
2024_0415_19:43:03 16 -0.418125 -0.998125
2024_0415_19:49:09 2 96.590625 99.35625
2024_0415_19:49:09 2 99.18375 99.528125
2024_0415_19:49:10 2 96.2325 99.488125
2024_0415_19:49:10 2 98.43625 99.290625
2024_0415_19:49:12 4 97.89875 99.4625
2024_0415_19:49:12 2 50.39125 99.5075
2024_0415_19:49:13 3 97.825625 99.219375
2024_0415_19:49:13 2 97.52625 99.31625
2024_0415_19:49:28 2 90.181875 99.381875
2024_0415_19:49:28 2 96.05875 99.4375
2024_0415_19:49:28 1 97.144375 99.5025
2024_0415_19:49:28 1 97.6925 99.51375
2024_0415_19:49:29 2 49.659375 99.43875
2024_0415_19:49:31 2 99.375625 99.30375
2024_0415_19:49:31 2 96.668125 99.44125
2024_0415_19:49:32 3 96.570625 99.2975
2024_0415_19:55:17 7 99.095625 99.436875
2024_0415_19:55:17 8 97.52875 97.62
2024_0415_19:55:18 8 99.205 98.52625
2024_0415_19:55:18 4 71.988125 99.414375
2024_0415_19:55:18 6 99.233125 99.499375
2024_0415_19:55:19 7 98.863125 99.345625
2024_0415_19:55:22 9 99.425625 99.494375
2024_0415_19:55:49 11 -99.66625 99.99875
2024_0415_19:55:51 11 0.333125 -0.531875
2024_0415_19:55:52 11 -0.02875 0.006875
2024_0415_19:55:53 11 -0.255 43.190625
2024_0415_19:55:54 11 0.209375 0.134375
2024_0415_19:55:55 10 79.04125 99.3375
2024_0415_19:55:55 10 92.38875 99.6025
2024_0415_19:55:57 11 98.59 99.44625
2024_0415_19:59:54 11 -49.9575 94.34
2024_0415_20:01:21 11 98.135625 98.2425
2024_0415_20:01:22 11 -0.289375 0.42375
2024_0415_20:01:22 11 99.269375 96.814375
2024_0415_20:01:23 11 -0.2875 -0.02
2024_0415_20:01:25 11 99.458125 98.55375
2024_0415_20:01:25 11 98.685625 98.58875
2024_0415_20:01:29 11 99.396875 97.424375
2024_0415_20:02:13 11 0.065 0.24125
2024_0415_20:02:13 11 0.24875 -0.048125
2024_0415_20:02:15 11 -0.323125 -0.013125
2024_0415_20:02:16 11 0.588125 -0.010625
2024_0415_20:02:19 11 98.904375 89.795625
2024_0415_20:02:21 11 0.490625 -0.47625
2024_0415_20:02:26 11 0.043125 -0.0825
2024_0415_20:02:28 11 -0.033125 0.241875
2024_0415_20:06:00 11 86.216875 99.31125
2024_0415_20:07:24 11 98.68 97.333125
2024_0415_20:07:26 11 95.039375 99.161875
2024_0415_20:07:30 11 96.369375 99.25375
2024_0415_20:07:31 11 98.895625 98.335625
2024_0415_20:07:31 12 0.061875 -0.271875
2024_0415_20:07:36 11 17.829375 16.994375
2024_0415_20:07:38 12 98.3425 97.43
2024_0415_20:08:37 12 0.090625 0.20625
2024_0415_20:08:37 12 -0.303125 0.816875
2024_0415_20:08:38 12 99.13875 99.020625
2024_0415_20:08:39 12 96.399375 99.129375
2024_0415_20:08:42 12 0.049375 -0.355
2024_0415_20:08:47 12 99.48 99.466875
2024_0415_20:08:51 12 -0.42875 0.224375
2024_0415_20:08:52 12 -0.116875 -0.288125
2024_0415_20:12:08 12 99.221875 98.22
2024_0415_20:13:28 12 0.550625 0.263125
2024_0415_20:13:28 12 0.12875 0.121875
2024_0415_20:13:37 12 98.15125 98.9725
2024_0415_20:13:37 12 19.90125 9.009375
2024_0415_20:13:43 12 99.433125 96.313125
2024_0415_20:13:43 12 -0.620625 0.649375
2024_0415_20:13:44 12 0.274375 0.216875
2024_0415_20:14:58 12 -0.105625 0.484375
2024_0415_20:14:59 12 0.0675 -0.305
2024_0415_20:15:03 12 -49.99875 49.99875
2024_0415_20:15:09 13 94.9075 91.283125
2024_0415_20:15:12 13 97.039375 98.969375
2024_0415_20:15:13 13 -0.03 -0.430625
2024_0415_20:15:20 13 98.92875 93.57625
2024_0415_20:15:21 13 99.308125 64.14875
2024_0415_20:18:12 13 -0.026875 -0.96
2024_0415_20:19:32 13 0.13875 0.016875
2024_0415_20:19:36 13 98.6375 99.0675
2024_0415_20:19:44 13 -99.99875 -99.99875
2024_0415_20:19:45 13 98.1725 99.463125
2024_0415_20:19:47 13 95.923125 99.22875
2024_0415_20:19:50 13 0.39375 0.255625
2024_0415_20:19:52 13 99.381875 99.270625
2024_0415_20:21:23 13 -0.155625 0.189375
2024_0415_20:21:25 13 -49.99875 -99.9975
2024_0415_20:21:31 13 98.133125 99.293125
2024_0415_20:21:34 13 10.8975 -10.525
2024_0415_20:21:36 13 0.329375 0.20375
2024_0415_20:21:38 13 62.270625 79.365625
2024_0415_20:21:47 13 97.000625 99.37625
2024_0415_20:21:48 13 99.4575 99.258125
2024_0415_20:24:19 13 99.00875 89.465625
2024_0415_20:25:38 13 -5.34875 20.160625
2024_0415_20:25:38 13 -0.036875 0.129375
2024_0415_20:25:51 13 -49.999375 49.999375
2024_0415_20:25:53 13 9.790625 -10.556875
2024_0415_20:25:55 13 99.06375 93.22625
2024_0415_20:25:56 13 -1.165 49.02375
2024_0415_20:25:57 13 48.584375 49.79625
2024_0415_20:27:46 13 0.023125 0.369375
2024_0415_20:27:52 13 78.799375 78.55
2024_0415_20:27:56 13 -0.1125 -0.013125
2024_0415_20:28:00 13 98.694375 98.164375
2024_0415_20:28:00 14 99.24 99.334375
2024_0415_20:28:02 14 0.125625 0.034375
2024_0415_20:28:11 14 0.044375 0.25375
2024_0415_20:28:17 14 99.0975 87.45625
2024_0415_20:30:24 14 0.11875 0.259375
2024_0415_20:31:45 14 97.501875 99.53625
2024_0415_20:31:47 14 -21.661875 20.72625
2024_0415_20:31:55 14 -0.12875 -0.02875
2024_0415_20:31:58 14 49.996875 -49.998125
2024_0415_20:32:03 14 -1.475 6.935
2024_0415_20:32:03 14 54.86875 99.128125
2024_0415_20:32:04 14 -99.99125 -99.99625
2024_0415_20:34:10 14 -10.58375 10.1
2024_0415_20:34:23 14 1.48625 1.431875
2024_0415_20:34:24 14 -0.060625 0.383125
2024_0415_20:34:24 14 99.35 96.989375
2024_0415_20:34:26 14 -13.755625 13.70875
2024_0415_20:34:27 14 78.1025 79.704375
2024_0415_20:34:28 14 -0.085625 0.1975
2024_0415_20:34:44 14 99.294375 99.0275
2024_0415_20:36:28 14 -0.3125 -0.045625
2024_0415_20:37:52 14 49.406875 97.471875
2024_0415_20:38:02 14 0.298125 -0.0025
2024_0415_20:38:06 14 98.97 98.896875
2024_0415_20:38:09 14 16.39 16.85
2024_0415_20:38:10 14 0.19875 -0.475625
2024_0415_20:38:11 14 99.08625 98.835
2024_0415_20:38:14 14 98.24375 98.898125
2024_0415_20:40:30 15 99.99875 -99.99875
2024_0415_20:40:47 14 -0.706875 -0.534375
2024_0415_20:40:51 14 99.15125 96.380625
2024_0415_20:41:12 15 -0.278125 -0.03875
2024_0415_20:41:34 15 47.0175 43.928125
2024_0415_20:42:41 15 0.130625 -0.148125
2024_0415_20:43:59 15 -0.333125 0.075
2024_0415_20:43:59 15 5.865 7.661875
2024_0415_20:44:07 15 0.0875 -0.053125
2024_0415_20:44:15 15 49.9975 -49.99875
2024_0415_20:44:19 15 99.25625 99.266875
2024_0415_20:44:23 15 50.0 -50.0
2024_0415_20:44:36 15 -9.806875 9.871875
2024_0415_20:45:07 15 0.315 -0.0225
2024_0415_20:46:37 15 0.044375 0.0875
2024_0415_20:47:12 15 0.02375 -0.294375
2024_0415_20:47:13 15 16.46125 39.170625
2024_0415_20:47:16 15 0.266875 -0.134375
2024_0415_20:47:35 15 -0.310625 73.06
2024_0415_20:47:57 15 0.72625 -0.03375
2024_0415_20:48:48 15 2.73125 -0.4875
2024_0415_20:49:12 15 -0.159375 -0.0425
2024_0415_20:50:06 15 -0.175 0.210625
2024_0415_20:50:16 15 99.141875 78.303125
2024_0415_20:50:27 15 -0.04 0.15625
2024_0415_20:50:28 15 98.31875 99.569375
2024_0415_20:50:33 15 -0.028125 -0.6375
2024_0415_20:50:35 15 49.254375 99.4775
2024_0415_20:51:00 15 0.051875 -0.10125
2024_0415_20:52:49 15 95.12625 99.414375
2024_0415_20:53:35 15 19.57375 19.88375
2024_0415_20:53:35 15 -0.43875 -0.25125
2024_0415_20:53:49 15 2.765 1.839375
2024_0415_20:54:03 15 84.135 71.701875
2024_0415_20:54:22 15 99.30125 98.6
2024_0415_20:55:02 16 90.0975 99.19125
2024_0415_20:55:25 16 96.57875 98.059375
2024_0415_20:56:16 16 49.210625 -0.576875
2024_0415_20:56:24 16 48.625 48.48875
2024_0415_20:56:41 16 78.569375 94.535625
2024_0415_20:56:51 16 0.55375 0.05375
2024_0415_20:56:53 16 40.811875 89.815625
2024_0415_20:57:00 16 95.03375 98.298125
2024_0415_20:57:22 16 18.605625 8.780625
2024_0415_20:57:30 16 0.019375 0.134375
2024_0415_20:59:02 16 99.048125 99.31875
2024_0415_20:59:59 16 80.645625 99.015
2024_0415_21:00:14 16 98.72375 77.285625
2024_0415_21:00:20 16 97.930625 99.449375
2024_0415_21:00:38 16 14.134375 -7.98
2024_0415_21:00:50 16 98.660625 98.830625
2024_0415_21:01:31 16 0.141875 -0.01875
2024_0415_21:02:25 16 0.49625 -0.103125
2024_0415_21:02:34 16 99.116875 99.085625
2024_0415_21:02:54 16 18.848125 13.635
2024_0415_21:03:07 17 9.319375 -8.67375
2024_0415_21:03:16 16 -4.0875 80.929375
2024_0415_21:03:19 16 41.139375 44.01375
2024_0415_21:03:56 17 99.518125 98.290625
2024_0415_21:03:58 17 5.06875 -0.645
2024_0415_21:05:14 17 97.261875 -0.136875
2024_0415_21:06:27 17 7.448125 -7.42
2024_0415_21:06:39 17 43.7125 0.08375
2024_0415_21:06:45 17 16.54125 7.72375
2024_0415_21:06:55 17 16.760625 -16.393125
2024_0415_21:07:04 17 98.955625 98.06125
2024_0415_21:07:22 17 64.58 12.90125
2024_0415_21:07:41 17 9.084375 -9.0325
2024_0415_21:08:34 17 -0.19375 0.01375
2024_0415_21:08:45 17 84.175 95.845625
2024_0415_21:09:12 17 81.0975 78.833125
2024_0415_21:09:20 17 49.503125 99.431875
2024_0415_21:09:25 17 98.923125 99.365
2024_0415_21:09:47 17 99.011875 99.151875
2024_0415_21:10:19 17 0.045625 -0.128125
2024_0415_21:10:27 17 99.365625 97.994375
2024_0415_21:11:21 17 0.13375 -0.246875
2024_0415_21:12:57 17 0.26875 -0.05625
2024_0415_21:13:03 17 1.136875 3.21625
2024_0415_21:13:10 17 45.655 45.8
2024_0415_21:13:15 17 98.2375 98.851875
2024_0415_21:13:32 17 -0.205 0.175625
2024_0415_21:13:48 17 0.109375 -0.715
2024_0415_21:13:51 17 38.013125 99.451875
2024_0415_21:14:49 17 25.695 27.3925
2024_0415_21:14:56 18 7.370625 25.314375
2024_0415_21:15:32 18 -2.5125 4.35
2024_0415_21:15:34 18 94.991875 98.766875
2024_0415_21:15:35 18 49.5375 99.368125
2024_0415_21:16:13 18 -0.17 -0.233125
2024_0415_21:16:48 18 98.625625 99.5125
2024_0415_21:16:52 18 -10.123125 9.913125
2024_0415_21:17:33 18 0.694375 -0.195625
2024_0415_21:19:14 18 49.460625 98.4725
2024_0415_21:19:25 18 -0.38375 0.735
2024_0415_21:19:37 18 -0.096875 0.195
2024_0415_21:19:42 18 -0.628125 7.6575
2024_0415_21:19:58 18 1.271875 1.946875
2024_0415_21:19:58 18 44.324375 56.273125
2024_0415_21:20:18 18 99.17125 99.350625
2024_0415_21:21:02 18 -4.90125 45.575625
2024_0415_21:21:11 18 4.928125 3.160625
2024_0415_21:21:39 18 -33.285 33.119375
2024_0415_21:21:41 18 79.268125 9.915
2024_0415_21:21:47 18 8.15 7.946875
2024_0415_21:22:52 18 -0.0025 -0.264375
2024_0415_21:23:17 18 77.93125 99.250625
2024_0415_21:23:19 18 0.33125 0.18375
2024_0415_21:23:44 18 99.280625 98.974375
2024_0415_21:25:21 18 0.1175 0.395
2024_0415_21:25:55 18 96.788125 99.25125
2024_0415_21:26:04 18 95.47 99.175625
2024_0415_21:26:08 18 4.0275 -0.248125
2024_0415_21:26:08 18 13.43375 16.115
2024_0415_21:26:28 18 98.68 99.16
2024_0415_21:26:41 18 49.530625 96.990625
2024_0415_21:27:12 18 0.1125 0.095625
2024_0415_21:27:32 18 98.343125 48.085
2024_0415_21:27:45 19 -50.000625 49.99875
2024_0415_21:27:51 19 50.660625 4.8625
2024_0415_21:27:52 19 54.169375 -45.866875
2024_0415_21:29:21 19 -0.9075 0.834375
2024_0415_21:29:44 19 16.939375 -16.56125
2024_0415_21:29:44 19 -49.891875 49.999375
2024_0415_21:30:08 19 0.3 37.63125
2024_0415_21:31:28 19 -43.7525 43.750625
2024_0415_21:32:14 19 58.045625 -58.023125
2024_0415_21:32:31 19 -32.196875 31.66125
2024_0415_21:32:34 19 98.568125 49.505
2024_0415_21:32:37 19 -0.2875 0.2725
2024_0415_21:32:54 19 0.266875 -0.111875
2024_0415_21:33:07 19 99.454375 99.506875
2024_0415_21:33:19 19 -0.00125 0.075
2024_0415_21:33:55 19 0.186875 0.42
2024_0415_21:33:55 19 -0.1 0.105
2024_0415_21:34:12 19 -0.23625 -0.10625
2024_0415_21:35:53 20 -0.08125 -0.194375
2024_0415_21:36:09 20 99.3525 97.943125
2024_0415_21:36:18 20 14.18375 12.83375
2024_0415_21:36:22 20 98.684375 99.4675
2024_0415_21:36:49 20 98.265 98.98875
2024_0415_21:39:04 20 -0.11125 0.5175
2024_0415_21:39:09 20 -0.006875 -0.2275
2024_0415_21:39:22 20 99.514375 97.883125
2024_0415_21:39:32 20 -0.841875 -0.099375
2024_0415_21:39:35 20 99.44875 99.018125
2024_0415_21:39:55 20 12.19 -12.059375
2024_0415_21:40:02 20 -0.029375 -0.04
2024_0415_21:40:03 20 0.24125 -0.06
2024_0415_21:40:05 20 48.699375 -0.135
2024_0415_21:40:19 20 0.104375 -0.1625
2024_0415_21:41:40 20 33.4425 97.80625
2024_0415_21:42:18 5 99.255625 99.484375
2024_0415_21:42:22 14 95.29125 99.295
2024_0415_21:42:34 14 48.58875 48.065625
2024_0415_21:42:44 14 -0.053125 -0.23875
2024_0415_21:42:49 14 47.8775 26.87
2024_0415_21:45:24 15 1.38125 -0.4225
2024_0415_21:45:30 18 95.955 94.7925
2024_0415_21:45:36 16 9.955625 -10.04375
2024_0415_21:45:45 19 15.403125 5.01875
2024_0415_21:45:59 20 99.355 98.390625
2024_0415_21:49:36 20 8.2375 29.81625
2024_0415_21:50:22 15 99.235625 98.74625
2024_0415_21:51:09 20 99.068125 99.5325
2024_0415_21:57:15 2 98.845 99.410625
2024_0415_21:57:16 1 92.678125 99.47875
2024_0415_21:57:17 1 99.473125 99.528125
2024_0415_21:57:17 2 97.5525 99.4
2024_0415_21:57:18 2 99.15375 99.4
2024_0415_21:57:18 2 98.47125 99.2925
2024_0415_21:57:19 2 99.238125 99.529375
2024_0415_21:57:31 2 98.5775 99.408125
2024_0415_21:57:32 2 98.69125 99.343125
2024_0415_21:57:32 1 88.465 99.48125
2024_0415_21:57:32 1 97.666875 99.496875
2024_0415_21:57:32 1 99.170625 99.52125
2024_0415_21:57:33 2 99.2825 99.43875
2024_0415_21:57:34 1 98.57875 99.515
2024_0415_21:57:35 2 98.12 99.470625
2024_0415_22:00:19 2 99.036875 99.26625
2024_0415_22:03:24 2 98.590625 99.394375
2024_0415_22:03:26 2 98.6175 99.52875
2024_0415_22:03:27 2 98.37875 99.348125
2024_0415_22:03:27 2 99.17125 99.459375
2024_0415_22:03:29 2 99.334375 99.48
2024_0415_22:03:30 2 61.66625 62.14
2024_0415_22:03:30 2 97.3075 99.36125
2024_0415_22:03:53 2 99.033125 99.465625
2024_0415_22:03:54 2 92.98875 99.474375
2024_0415_22:03:56 2 98.6375 99.498125
2024_0415_22:03:57 2 99.38625 99.493125
2024_0415_22:03:58 2 98.99625 99.511875
2024_0415_22:03:58 2 96.634375 99.286875
2024_0415_22:03:58 2 98.996875 99.395
2024_0415_22:03:59 2 88.48 99.4875
2024_0415_22:06:39 2 99.43 99.538125
2024_0415_22:09:46 2 99.299375 95.8775
2024_0415_22:09:49 2 99.539375 99.40875
2024_0415_22:09:51 2 99.48875 98.5025
2024_0415_22:09:53 2 99.50875 96.728125
2024_0415_22:09:53 2 99.439375 99.12625
2024_0415_22:09:53 2 99.31 98.285
2024_0415_22:09:55 2 99.523125 98.606875
2024_0415_22:10:16 2 99.24375 96.46
2024_0415_22:10:18 2 99.233125 98.7475
2024_0415_22:10:18 2 99.250625 98.11
2024_0415_22:10:20 2 99.495625 99.331875
2024_0415_22:10:20 2 99.406875 96.34375
2024_0415_22:10:21 2 99.460625 99.446875
2024_0415_22:10:21 2 99.48875 99.144375
2024_0415_22:10:26 2 99.436875 99.3725
2024_0415_22:12:58 2 99.415625 99.40375
2024_0415_22:16:08 2 99.393125 99.394375
2024_0415_22:16:12 2 99.45 99.475625
2024_0415_22:16:13 2 99.2225 99.286875
2024_0415_22:16:15 2 99.31625 99.385625
2024_0415_22:16:16 2 99.3875 99.293125
2024_0415_22:16:17 2 99.495625 99.37625
2024_0415_22:16:18 2 99.346875 99.458125
2024_0415_22:16:42 2 99.469375 99.47375
2024_0415_22:16:45 2 99.4075 99.469375
2024_0415_22:16:46 2 99.42 99.300625
2024_0415_22:16:46 2 99.31375 99.47
2024_0415_22:16:46 2 99.435 99.53875
2024_0415_22:16:47 2 99.47125 99.47875
2024_0415_22:16:48 2 99.346875 99.525
2024_0415_22:16:50 2 99.495 99.411875
2024_0415_22:19:21 3 99.024375 90.1025
2024_0415_22:22:31 3 97.811875 76.5675
2024_0415_22:22:35 4 49.575 94.086875
2024_0415_22:22:36 4 97.826875 64.13375
2024_0415_22:22:38 4 98.8075 97.66875
2024_0415_22:22:39 4 97.85625 49.54
2024_0415_22:22:39 5 91.295625 99.42875
2024_0415_22:22:40 4 99.205625 93.524375
2024_0415_22:23:06 5 96.235 96.5225
2024_0415_22:23:10 6 99.454375 99.4725
2024_0415_22:23:11 6 99.46375 99.545625
2024_0415_22:23:11 6 99.4425 99.534375
2024_0415_22:23:12 7 97.828125 99.03125
2024_0415_22:23:14 7 98.4525 92.633125
2024_0415_22:23:15 7 99.07 98.518125
2024_0415_22:23:20 7 96.309375 99.264375
2024_0415_22:25:45 7 98.779375 99.471875
2024_0415_22:28:50 8 98.56625 99.3825
2024_0415_22:28:55 8 98.969375 99.101875
2024_0415_22:28:56 8 49.474375 99.41625
2024_0415_22:28:57 8 95.03625 99.48625
2024_0415_22:28:58 8 97.416875 99.403125
2024_0415_22:29:01 8 98.781875 99.288125
2024_0415_22:29:09 9 97.824375 97.3425
2024_0415_22:29:40 9 97.41 99.38
2024_0415_22:29:42 10 68.965625 72.525
2024_0415_22:29:43 10 96.56875 98.360625
2024_0415_22:29:43 11 -0.3425 0.188125
2024_0415_22:29:46 10 98.806875 98.63375
2024_0415_22:29:47 10 84.58625 99.565
2024_0415_22:29:53 10 97.69375 97.960625
2024_0415_22:32:05 11 0.40875 -0.02375
2024_0415_22:33:27 11 -0.444375 -0.07625
2024_0415_22:35:13 11 -10.41625 65.02625
2024_0415_22:35:15 11 -0.050625 0.155
2024_0415_22:35:17 11 -0.401875 0.064375
2024_0415_22:35:19 11 89.7275 99.443125
2024_0415_22:35:19 11 99.511875 97.66375
2024_0415_22:35:21 11 0.2625 0.05
2024_0415_22:35:35 11 99.08625 94.938125
2024_0415_22:36:07 11 -49.999375 49.999375
2024_0415_22:36:07 11 0.33875 0.05
2024_0415_22:36:09 11 -49.999375 49.999375
2024_0415_22:36:10 11 99.05 95.14625
2024_0415_22:36:11 11 -0.22 -0.036875
2024_0415_22:36:11 11 58.8075 98.156875
2024_0415_22:36:22 11 99.30125 91.5975
2024_0415_22:38:27 11 -0.5325 0.461875
2024_0415_22:39:49 11 -0.08125 0.199375
2024_0415_22:41:34 11 -99.99375 -99.99875
2024_0415_22:41:35 11 -0.296875 0.039375
2024_0415_22:41:35 11 -0.650625 0.52875
2024_0415_22:41:38 11 99.289375 98.963125
2024_0415_22:41:41 11 99.289375 97.071875
2024_0415_22:41:42 11 98.97375 99.3575
2024_0415_22:41:57 11 92.4525 99.399375
2024_0415_22:42:32 11 -0.37125 0.20625
2024_0415_22:42:33 11 -0.11 0.425
2024_0415_22:42:34 11 -0.5 0.350625
2024_0415_22:42:37 11 98.16125 99.491875
2024_0415_22:42:39 11 0.384375 -0.1
2024_0415_22:42:39 11 -0.44375 0.2275
2024_0415_22:42:49 11 0.23875 0.0925
2024_0415_22:44:46 11 -0.241875 0.245
2024_0415_22:46:14 11 -0.045625 -0.003125
2024_0415_22:47:52 11 89.056875 99.48
2024_0415_22:47:53 11 0.0725 -0.040625
2024_0415_22:47:54 11 99.44375 99.358125
2024_0415_22:48:02 11 96.21875 98.866875
2024_0415_22:48:03 11 99.333125 93.03375
2024_0415_22:48:06 11 0.3475 0.01625
2024_0415_22:48:20 11 99.17875 99.3575
2024_0415_22:48:57 11 0.320625 0.23875
2024_0415_22:48:58 11 -0.34875 0.169375
2024_0415_22:48:59 11 0.13125 -0.126875
2024_0415_22:49:00 11 0.409375 0.15375
2024_0415_22:49:03 11 49.999375 -49.89125
2024_0415_22:49:05 11 46.31875 49.611875
2024_0415_22:49:13 11 0.24375 0.20375
2024_0415_22:51:03 11 -0.329375 -0.16625
2024_0415_22:52:36 11 99.291875 98.51875
2024_0415_22:54:10 11 -0.191875 0.33375
2024_0415_22:54:11 11 0.270625 0.149375
2024_0415_22:54:12 11 -0.2775 -0.10125
2024_0415_22:54:23 11 0.498125 -0.02125
2024_0415_22:54:27 11 49.99875 99.9975
2024_0415_22:54:30 11 -0.599375 0.28625
2024_0415_22:54:39 11 0.15 -0.24625
2024_0415_22:55:17 11 0.28 -0.10375
2024_0415_22:55:19 11 0.18 -0.31625
2024_0415_22:55:20 11 14.443125 16.911875
2024_0415_22:55:22 11 0.414375 -0.01625
2024_0415_22:55:23 11 99.5675 99.334375
2024_0415_22:55:26 11 98.875625 99.298125
2024_0415_22:55:32 11 0.09125 -0.150625
2024_0415_22:57:23 11 0.305625 0.20875
2024_0415_22:59:03 11 96.91875 95.1625
2024_0415_23:00:32 11 99.52875 99.04625
2024_0415_23:00:32 11 99.428125 99.44625
2024_0415_23:00:34 11 42.101875 -12.518125
2024_0415_23:00:42 11 -99.91375 100.0
2024_0415_23:00:47 11 0.195 0.645
2024_0415_23:00:52 11 83.993125 98.501875
2024_0415_23:00:59 11 0.060625 -0.30125
2024_0415_23:01:39 11 49.999375 -99.9975
2024_0415_23:01:41 11 99.04 98.8775
2024_0415_23:01:44 11 0.15375 -0.005
2024_0415_23:01:44 11 0.076875 -0.045625
2024_0415_23:01:46 11 0.03125 0.485625
2024_0415_23:01:54 11 -0.32375 0.228125
2024_0415_23:02:00 11 0.429375 -0.4825
2024_0415_23:03:43 11 99.504375 99.4725
2024_0415_23:05:28 11 9.00375 -3.3075
2024_0415_23:06:50 11 -0.605 0.216875
2024_0415_23:06:51 11 0.01875 -0.220625
2024_0415_23:06:54 11 49.999375 -99.99875
2024_0415_23:07:01 11 99.143125 98.90625
2024_0415_23:07:05 11 0.0725 0.089375
2024_0415_23:07:09 11 -0.043125 0.07375
2024_0415_23:07:17 11 0.028125 -0.1225
2024_0415_23:08:03 11 -0.12125 -0.048125
2024_0415_23:08:10 11 -0.235625 -0.241875
2024_0415_23:08:13 11 96.21125 99.4425
2024_0415_23:08:14 11 98.5425 98.833125
2024_0415_23:08:21 11 0.560625 0.194375
2024_0415_23:08:23 11 -0.536875 0.515
2024_0415_23:08:31 11 99.181875 99.246875
2024_0415_23:10:03 11 96.533125 97.394375
2024_0415_23:11:51 11 93.25125 99.471875
2024_0415_23:13:08 11 0.2175 -0.280625
2024_0415_23:13:10 11 99.503125 97.355625
2024_0415_23:13:13 11 96.740625 99.4825
2024_0415_23:13:20 11 98.03125 98.828125
2024_0415_23:13:22 11 0.16125 0.0675
2024_0415_23:13:27 11 -0.38625 0.14125
2024_0415_23:13:39 11 0.209375 0.625625
2024_0415_23:14:31 11 99.330625 97.489375
2024_0415_23:14:32 11 -0.343125 -0.1275
2024_0415_23:14:37 11 97.0875 99.52625
2024_0415_23:14:40 11 97.648125 98.65625
2024_0415_23:14:47 11 97.774375 99.45625
2024_0415_23:14:48 11 97.789375 99.148125
2024_0415_23:14:53 11 -0.316875 0.15625
2024_0415_23:16:20 11 -0.0875 0.02125
2024_0415_23:18:14 11 54.310625 8.48375
2024_0415_23:19:24 11 0.12 -0.154375
2024_0415_23:19:26 11 0.3275 0.7075
2024_0415_23:19:36 11 0.295 0.0925
2024_0415_23:19:38 11 -0.37875 -0.045
2024_0415_23:19:40 11 -99.99875 49.999375
2024_0415_23:19:50 11 -99.999375 50.0
2024_0415_23:19:57 11 98.35125 95.730625
2024_0415_23:20:52 11 -0.359375 -0.038125
2024_0415_23:20:53 11 0.065625 -0.49375
2024_0415_23:21:02 11 99.3175 99.3625
2024_0415_23:21:07 11 -0.056875 -0.04875
2024_0415_23:21:10 11 1.230625 1.78625
2024_0415_23:21:13 11 0.001875 0.2675
2024_0415_23:21:25 11 0.311875 -0.203125
2024_0415_23:22:38 11 49.999375 99.99875
2024_0415_23:24:38 11 0.050625 0.18125
2024_0415_23:25:42 11 49.99875 99.9975
2024_0415_23:25:43 11 99.320625 99.446875
2024_0415_23:25:52 11 0.12375 0.66875
2024_0415_23:25:54 11 0.1175 0.313125
2024_0415_23:26:01 11 -0.041875 -0.645625
2024_0415_23:26:05 11 -0.19375 -0.454375
2024_0415_23:26:11 11 0.528125 -0.150625
2024_0415_23:27:16 12 97.23 97.959375
2024_0415_23:27:25 12 0.215 0.120625
2024_0415_23:27:29 12 98.48375 99.4675
2024_0415_23:27:34 12 0.308125 -0.24
2024_0415_23:27:36 12 -0.054375 0.19125
2024_0415_23:27:44 12 97.165 99.43625
2024_0415_23:27:53 12 99.343125 99.495625
2024_0415_23:28:54 12 16.8875 18.115
2024_0415_23:31:21 12 99.256875 98.50375
2024_0415_23:31:59 12 0.014375 0.05
2024_0415_23:32:05 12 98.324375 99.18625
2024_0415_23:32:13 12 49.999375 -99.99875
2024_0415_23:32:14 12 49.999375 -99.99875
2024_0415_23:32:18 12 49.999375 49.999375
2024_0415_23:32:33 12 72.99 98.1275
2024_0415_23:32:39 12 99.09125 97.348125
2024_0415_23:33:42 12 0.59625 -0.39
2024_0415_23:33:51 12 99.40625 99.44125
2024_0415_23:33:58 12 -0.785 -0.408125
2024_0415_23:34:02 12 17.88125 -0.675625
2024_0415_23:34:02 12 -3.455625 42.824375
2024_0415_23:34:11 12 9.253125 57.16375
2024_0415_23:34:17 12 50.0 -100.0
2024_0415_23:35:10 12 -0.225 0.186875
2024_0415_23:37:49 12 99.050625 98.511875
2024_0415_23:38:14 12 0.175625 -0.015625
2024_0415_23:38:21 12 97.64625 88.1325
2024_0415_23:38:30 12 99.49875 99.2175
2024_0415_23:38:33 12 99.508125 99.146875
2024_0415_23:38:34 12 0.19 0.15
2024_0415_23:38:51 12 0.391875 0.01625
2024_0415_23:38:57 12 99.37125 99.3275
2024_0415_23:40:06 12 -0.063125 0.92125
2024_0415_23:40:14 12 -0.00375 -0.11875
2024_0415_23:40:23 12 98.986875 98.604375
2024_0415_23:40:30 12 98.04 90.1825
2024_0415_23:40:31 12 98.90375 92.860625
2024_0415_23:40:34 12 -0.051875 -0.17
2024_0415_23:40:41 12 -0.186875 0.065625
2024_0415_23:41:26 12 0.056875 0.0975
2024_0415_23:44:14 12 1.26 -0.1575
2024_0415_23:44:28 12 -0.109375 -0.5325
2024_0415_23:44:34 12 74.60125 17.161875
2024_0415_23:44:47 12 99.1925 84.4025
2024_0415_23:44:50 12 -0.85625 -0.06125
2024_0415_23:44:54 12 70.834375 63.57625
2024_0415_23:45:06 12 0.59625 0.3675
2024_0415_23:45:16 12 79.61125 66.643125
2024_0415_23:46:30 12 0.115625 0.1975
2024_0415_23:46:40 12 0.230625 -0.283125
2024_0415_23:46:47 12 99.410625 95.373125
2024_0415_23:46:54 12 99.231875 97.645625
2024_0415_23:46:59 12 97.331875 98.945625
2024_0415_23:47:02 12 99.659375 98.3125
2024_0415_23:47:03 12 0.160625 -0.05125
2024_0415_23:47:44 12 99.441875 98.8775
2024_0415_23:50:41 12 79.435625 78.39125
2024_0415_23:50:43 12 52.85125 99.411875
2024_0415_23:50:52 12 99.2925 51.963125
2024_0415_23:51:05 12 97.02125 97.81125
2024_0415_23:51:06 12 0.186875 0.003125
2024_0415_23:51:13 12 -17.20875 16.850625
2024_0415_23:51:20 12 48.9375 48.035625
2024_0415_23:51:29 12 -0.11875 -0.22875
2024_0415_23:52:58 12 86.041875 99.48
2024_0415_23:53:03 12 -0.36 0.5175
2024_0415_23:53:15 12 99.328125 90.395
2024_0415_23:53:20 12 0.048125 -0.18625
2024_0415_23:53:27 12 95.45 97.323125
2024_0415_23:53:28 12 -0.1375 0.481875
2024_0415_23:53:30 12 98.19375 99.16875
2024_0415_23:53:52 12 -0.18875 0.264375
2024_0415_23:56:45 12 0.035 0.538125
2024_0415_23:56:56 12 98.144375 98.008125
2024_0415_23:57:04 12 0.03125 0.239375
2024_0415_23:57:05 12 96.44125 93.814375
2024_0415_23:57:09 12 25.6775 23.1475
2024_0415_23:57:21 12 -0.3725 0.31375
2024_0415_23:57:30 12 98.42625 98.149375
2024_0415_23:57:31 12 -0.344375 0.64
2024_0415_23:59:24 12 -0.248125 0.118125
2024_0415_23:59:27 12 98.648125 97.865625
2024_0415_23:59:42 12 -0.16875 0.063125
2024_0415_23:59:49 12 99.231875 98.96125
2024_0415_23:59:50 12 99.5125 98.17875
2024_0415_23:59:54 12 99.20125 98.88
2024_0415_23:59:56 12 97.97 85.001875
2024_0415_23:59:58 12 0.026875 -0.10125
2024_0416_00:02:47 12 0.063125 -0.490625
2024_0416_00:03:00 12 99.9975 49.99875
2024_0416_00:03:07 12 0.04 -0.183125
2024_0416_00:03:15 12 96.768125 99.43
2024_0416_00:03:30 12 99.504375 98.9175
2024_0416_00:03:32 12 0.89375 -0.256875
2024_0416_00:03:36 12 -49.99375 -99.999375
2024_0416_00:03:38 12 99.33375 49.361875
2024_0416_00:05:48 12 98.016875 97.54375
2024_0416_00:05:56 12 99.32 66.785
2024_0416_00:06:06 12 99.545625 98.975
2024_0416_00:06:07 12 99.9975 49.99875
2024_0416_00:06:17 12 99.413125 98.275625
2024_0416_00:06:18 12 99.51625 99.30875
2024_0416_00:06:20 12 97.988125 98.91875
2024_0416_00:06:27 12 99.30875 99.3225
2024_0416_00:09:01 13 99.03625 99.395625
2024_0416_00:09:15 13 -25.058125 24.904375
2024_0416_00:09:29 13 -0.029375 -0.4025
2024_0416_00:09:30 13 0.196875 -0.174375
2024_0416_00:09:49 13 -0.215625 2.594375
2024_0416_00:09:55 13 9.92875 -10.271875
2024_0416_00:09:57 13 47.949375 49.693125
2024_0416_00:09:58 13 98.068125 99.481875
2024_0416_00:12:12 13 0.035 0.03375
2024_0416_00:12:17 13 -0.225625 0.231875
2024_0416_00:12:19 13 -0.25 0.451875
2024_0416_00:12:30 13 -4.849375 33.01875
2024_0416_00:12:39 13 -0.07625 0.0125
2024_0416_00:12:40 13 10.370625 -9.664375
2024_0416_00:12:44 13 98.9325 84.604375
2024_0416_00:12:52 13 99.755625 23.78
2024_0416_00:15:17 13 99.4175 99.37625
2024_0416_00:15:30 13 99.349375 99.40625
2024_0416_00:15:45 13 17.7025 18.326875
2024_0416_00:15:47 13 99.4475 96.843125
2024_0416_00:16:05 13 0.209375 -0.116875
2024_0416_00:16:08 13 -0.208125 -0.209375
2024_0416_00:16:15 13 49.101875 44.98375
2024_0416_00:16:18 13 -49.841875 49.77
2024_0416_00:18:31 13 49.23875 48.858125
2024_0416_00:18:35 13 -0.19125 0.406875
2024_0416_00:18:43 13 23.9875 65.164375
2024_0416_00:18:52 13 -8.25 8.439375
2024_0416_00:19:03 13 -0.2225 0.290625
2024_0416_00:19:04 13 2.2575 -0.0275
2024_0416_00:19:21 13 99.32625 99.06375
2024_0416_00:19:24 13 1.283125 0.716875
2024_0416_00:21:35 13 -0.1025 0.4225
2024_0416_00:21:51 13 -0.003125 -0.12625
2024_0416_00:21:57 13 -99.99375 99.99875
2024_0416_00:22:04 13 48.61875 48.568125
2024_0416_00:22:19 13 -0.130625 0.26875
2024_0416_00:22:27 13 0.233125 0.100625
2024_0416_00:22:30 13 -0.374375 0.354375
2024_0416_00:22:42 13 79.399375 79.38375
2024_0416_00:24:47 13 -1.633125 97.918125
2024_0416_00:24:59 13 -0.31 -0.12375
2024_0416_00:25:03 13 0.53375 0.1075
2024_0416_00:25:24 13 97.93 49.519375
2024_0416_00:25:25 13 -0.6575 -0.10625
2024_0416_00:25:28 13 15.63625 17.4925
2024_0416_00:25:44 13 -0.263125 0.095625
2024_0416_00:25:46 13 -0.545625 0.403125
2024_0416_00:27:50 13 97.441875 98.37875
2024_0416_00:28:10 13 98.696875 99.646875
2024_0416_00:28:16 13 49.230625 98.465
2024_0416_00:28:19 13 -49.995625 49.995625
2024_0416_00:28:37 13 97.67625 99.00875
2024_0416_00:28:44 13 48.3475 -0.12875
2024_0416_00:28:51 13 -0.549375 -0.553125
2024_0416_00:29:01 13 -0.500625 48.826875
2024_0416_00:30:57 13 -0.105625 0.393125
2024_0416_00:31:20 13 0.434375 0.061875
2024_0416_00:31:27 13 73.341875 74.584375
2024_0416_00:31:41 13 -8.125 7.97375
2024_0416_00:31:42 13 -0.014375 -0.215625
2024_0416_00:31:52 13 97.92625 97.785
2024_0416_00:32:04 13 -0.1025 1.87375
2024_0416_00:32:09 13 -24.63375 48.15875
2024_0416_00:34:04 13 -99.99875 -99.99875
2024_0416_00:34:24 13 0.86 0.611875
2024_0416_00:34:32 13 96.243125 99.466875
2024_0416_00:34:41 13 47.79125 -46.424375
2024_0416_00:34:56 13 99.386875 97.47125
2024_0416_00:34:59 13 0.085625 0.143125
2024_0416_00:35:06 13 0.445625 -0.085625
2024_0416_00:35:23 13 -99.9975 -50.000625
2024_0416_00:37:11 13 -4.95 49.26125
2024_0416_00:37:39 13 0.241875 0.261875
2024_0416_00:37:47 13 -9.955 9.829375
2024_0416_00:37:59 13 1.088125 1.638125
2024_0416_00:38:06 13 0.28125 -0.21625
2024_0416_00:38:15 13 98.245 98.7475
2024_0416_00:38:26 13 -0.390625 0.688125
2024_0416_00:38:31 13 0.274375 -0.426875
2024_0416_00:40:17 13 -10.256875 9.87625
2024_0416_00:40:36 13 -0.011875 -0.098125
2024_0416_00:40:48 13 96.425625 99.354375
2024_0416_00:40:56 13 -49.9975 99.99625
2024_0416_00:41:11 13 42.96125 44.874375
2024_0416_00:41:14 13 99.028125 99.41625
2024_0416_00:41:23 13 97.88625 99.578125
2024_0416_00:41:48 13 98.3675 98.671875
2024_0416_00:43:26 13 0.05375 -0.0425
2024_0416_00:44:06 13 98.1925 99.37375
2024_0416_00:44:08 13 0.2425 0.2975
2024_0416_00:44:22 13 -0.07625 47.508125
2024_0416_00:44:25 13 0.3725 -0.213125
2024_0416_00:44:36 13 -2.82875 31.618125
2024_0416_00:44:50 13 2.72 -0.306875
2024_0416_00:44:54 13 99.4925 99.351875
2024_0416_00:46:29 13 0.114375 -0.236875
2024_0416_00:46:51 13 98.52625 99.35625
2024_0416_00:47:01 13 -0.09 0.218125
2024_0416_00:47:12 13 0.12125 0.15875
2024_0416_00:47:24 13 0.81 4.011875
2024_0416_00:47:30 13 -99.99375 99.99875
2024_0416_00:47:37 13 -0.3275 3.618125
2024_0416_00:48:12 13 0.12 0.13375
2024_0416_00:49:43 13 99.014375 85.83125
2024_0416_00:50:29 13 0.170625 0.051875
2024_0416_00:50:32 13 99.0475 99.108125
2024_0416_00:50:55 13 2.459375 0.77
2024_0416_00:51:14 13 -0.249375 0.35875
2024_0416_00:52:45 13 50.975625 99.415
2024_0416_00:53:17 13 17.02625 18.081875
2024_0416_00:53:30 13 97.47875 98.779375
2024_0416_00:53:41 13 99.303125 49.215625
2024_0416_00:53:46 13 -0.64 49.276875
2024_0416_00:53:53 13 9.611875 17.66
2024_0416_00:54:37 13 49.325625 49.536875
2024_0416_00:54:37 13 98.650625 96.955625
2024_0416_00:55:11 13 41.015625 0.435625
2024_0416_00:55:14 13 -0.5025 0.729375
2024_0416_00:56:02 13 99.475 94.0825
2024_0416_00:56:58 13 88.814375 94.5925
2024_0416_00:57:22 13 14.141875 14.40625
2024_0416_00:57:36 13 0.3675 0.098125
2024_0416_00:58:11 13 99.054375 98.963125
2024_0416_00:58:59 13 47.735625 47.43
2024_0416_00:59:31 13 -0.251875 0.185
2024_0416_00:59:40 13 -0.150625 0.25125
2024_0416_00:59:52 13 0.2675 -0.1
2024_0416_00:59:59 13 99.405 98.835625
2024_0416_01:00:05 13 0.165 0.035
2024_0416_01:00:59 13 -0.415625 -0.2825
2024_0416_01:01:04 13 98.7 94.16
2024_0416_01:01:25 13 -0.218125 0.125625
2024_0416_01:01:30 13 0.795625 0.0525
2024_0416_01:01:34 13 0.391875 0.0075
2024_0416_01:02:12 13 -0.36875 -0.56
2024_0416_01:03:23 13 0.015625 0.45375
2024_0416_01:03:46 13 -0.213125 0.040625
2024_0416_01:03:58 13 0.078125 -0.049375
2024_0416_01:04:33 13 99.558125 99.23125
2024_0416_01:05:12 13 0.1375 -0.479375
2024_0416_01:05:46 13 -2.31875 47.40875
2024_0416_01:05:54 13 -0.290625 -0.215625
2024_0416_01:06:08 13 -0.0625 -0.273125
2024_0416_01:06:14 13 96.485625 99.459375
2024_0416_01:06:30 13 84.465625 49.185
2024_0416_01:07:20 13 0.225 0.399375
2024_0416_01:07:27 13 96.638125 97.951875
2024_0416_01:07:49 13 -0.30875 -0.0575
2024_0416_01:07:52 13 0.10375 -0.180625
2024_0416_01:07:56 13 52.38375 -52.6675
2024_0416_01:08:28 13 91.581875 96.57375
2024_0416_01:09:50 13 70.8975 70.201875
2024_0416_01:10:08 13 -0.0725 28.861875
2024_0416_01:10:21 13 96.88875 99.125
2024_0416_01:10:47 13 -0.108125 0.046875
2024_0416_01:11:26 13 0.035 0.026875
2024_0416_01:12:02 13 96.528125 98.790625
2024_0416_01:12:10 13 99.525625 99.13
2024_0416_01:12:22 13 -0.648125 0.749375
2024_0416_01:12:30 13 -33.16125 33.5975
2024_0416_01:12:47 13 89.390625 99.035
2024_0416_01:13:41 13 0.271875 -0.27875
2024_0416_01:13:50 13 0.430625 0.228125
2024_0416_01:14:10 13 -0.229375 48.489375
2024_0416_01:14:12 13 47.489375 44.10625
2024_0416_01:14:19 13 94.61875 99.345
2024_0416_01:14:44 13 79.551875 79.679375
2024_0416_01:16:17 13 -5.296875 12.355625
2024_0416_01:16:31 13 98.840625 97.558125
2024_0416_01:16:44 13 18.84 18.230625
2024_0416_01:17:03 13 -0.0075 -0.06375
2024_0416_01:17:52 13 99.54875 97.451875
2024_0416_01:18:16 13 -0.025 -0.46
2024_0416_01:18:27 13 -0.0825 -0.225
2024_0416_01:18:45 13 11.445 26.908125
2024_0416_01:19:00 13 15.359375 15.70625
2024_0416_01:19:03 13 98.583125 98.35625
2024_0416_01:20:04 13 99.316875 97.1425
2024_0416_01:20:27 14 -0.224375 -0.02375
2024_0416_01:20:36 14 99.33875 94.2375
2024_0416_01:20:40 14 99.505625 99.498125
2024_0416_01:20:44 14 99.010625 99.271875
2024_0416_01:20:57 14 0.19625 -0.0775
2024_0416_01:22:38 14 15.915625 15.825625
2024_0416_01:22:54 14 0.231875 -0.1925
2024_0416_01:23:06 14 45.910625 46.375625
2024_0416_01:23:23 14 99.24 92.9775
2024_0416_01:24:09 14 0.10125 0.023125
2024_0416_01:24:36 14 94.810625 99.03375
2024_0416_01:24:44 14 -0.0875 0.006875
2024_0416_01:25:04 14 -0.435625 -0.05375
2024_0416_01:25:17 14 -99.9975 99.9975
2024_0416_01:25:18 14 -9.04125 40.545625
2024_0416_01:26:30 14 99.071875 99.480625
2024_0416_01:26:49 14 0.085625 0.48125
2024_0416_01:27:03 14 0.001875 0.1125
2024_0416_01:27:05 14 97.05875 98.986875
2024_0416_01:27:12 14 0.09125 0.035
2024_0416_01:28:40 14 0.19625 -0.4875
2024_0416_01:29:02 14 -45.735625 48.374375
2024_0416_01:29:13 14 0.156875 0.098125
2024_0416_01:29:29 14 0.213125 -0.295
2024_0416_01:29:45 14 99.4875 98.388125
2024_0416_01:30:25 14 -1.10875 38.88
2024_0416_01:30:55 14 77.376875 95.535625
2024_0416_01:31:02 14 41.454375 49.475625
2024_0416_01:31:26 14 99.555 98.725
2024_0416_01:31:32 14 -0.008125 -0.19125
2024_0416_01:31:35 14 -0.14 0.90375
2024_0416_01:32:53 14 -0.23875 -0.30875
2024_0416_01:33:19 14 64.956875 0.38875
2024_0416_01:33:29 14 99.9975 -99.9975
2024_0416_01:33:31 14 99.400625 94.045625
2024_0416_01:33:38 14 0.496875 -0.65875
2024_0416_01:35:03 14 9.340625 16.9625
2024_0416_01:35:26 14 96.795625 98.659375
2024_0416_01:35:36 14 -0.399375 49.284375
2024_0416_01:35:50 14 -0.360625 -0.435625
2024_0416_01:36:02 14 25.615625 89.265625
2024_0416_01:36:48 14 0.17 -0.251875
2024_0416_01:37:14 14 91.990625 99.424375
2024_0416_01:37:16 14 0.00125 0.000625
2024_0416_01:37:38 14 8.07125 -8.01875
2024_0416_01:37:45 14 0.115625 -0.03875
2024_0416_01:37:51 14 96.843125 48.963125
2024_0416_01:39:19 14 98.275625 99.311875
2024_0416_01:39:40 14 -0.32 -0.395625
2024_0416_01:39:54 14 10.135 -10.19875
2024_0416_01:39:54 14 9.5875 13.83875
2024_0416_01:40:00 14 0.105 -0.128125
2024_0416_01:41:32 14 99.128125 96.949375
2024_0416_01:41:47 14 0.065 -0.019375
2024_0416_01:42:03 14 11.015625 71.5375
2024_0416_01:42:13 14 0.4375 -0.018125
2024_0416_01:42:13 14 -99.998125 99.99875
2024_0416_01:43:09 14 83.586875 97.23625
2024_0416_01:43:29 14 -17.089375 17.05375
2024_0416_01:43:34 14 98.565 99.275
2024_0416_01:43:51 14 0.023125 0.019375
2024_0416_01:44:03 14 99.149375 98.1425
2024_0416_01:44:04 14 -9.53125 9.668125
2024_0416_01:45:44 14 98.604375 99.091875
2024_0416_01:46:05 14 98.94875 98.455625
2024_0416_01:46:17 14 98.96625 40.210625
2024_0416_01:46:18 14 98.780625 97.108125
2024_0416_01:46:19 14 -9.910625 10.07
2024_0416_01:47:55 14 41.556875 41.6575
2024_0416_01:48:10 14 98.6575 99.3775
2024_0416_01:48:29 14 98.086875 99.19125
2024_0416_01:48:43 14 0.9275 3.321875
2024_0416_01:48:44 14 97.624375 99.08875
2024_0416_01:49:27 14 0.1125 -0.375625
2024_0416_01:49:44 14 0.12 -0.03375
2024_0416_01:49:47 14 -1.326875 17.870625
2024_0416_01:50:09 14 99.2425 99.34375
2024_0416_01:50:14 14 0.11625 -0.1375
2024_0416_01:50:19 14 -0.05 0.06625
2024_0416_01:52:11 14 98.748125 58.155
2024_0416_01:52:24 14 1.341875 30.835625
2024_0416_01:52:39 14 0.12125 0.45625
2024_0416_01:52:43 14 0.235625 0.124375
2024_0416_01:52:46 14 61.15375 61.838125
2024_0416_01:54:16 14 -2.615625 2.964375
2024_0416_01:54:34 14 11.693125 11.3275
2024_0416_01:54:45 14 0.04875 0.203125
2024_0416_01:54:54 14 97.535 49.4375
2024_0416_01:55:08 14 96.95375 98.753125
2024_0416_01:55:28 14 -20.4175 19.948125
2024_0416_01:55:48 14 -0.195625 -0.061875
2024_0416_01:55:53 14 99.401875 88.061875
2024_0416_01:56:13 14 99.4425 97.2325
2024_0416_01:56:13 14 0.08375 -0.233125
2024_0416_01:56:20 14 99.99875 49.96375
2024_0416_01:58:30 14 -0.15875 0.2775
2024_0416_01:58:32 14 -0.218125 0.553125
2024_0416_01:59:01 14 -0.24375 0.175
2024_0416_01:59:08 14 99.243125 97.631875
2024_0416_02:00:36 14 0.155625 0.103125
2024_0416_02:00:58 14 -0.060625 24.620625
2024_0416_02:00:59 14 98.381875 97.790625
2024_0416_02:01:19 14 99.21875 99.016875
2024_0416_02:01:30 14 -0.239375 -0.27
2024_0416_02:01:35 14 -0.09125 0.188125
2024_0416_02:01:53 14 0.843125 -0.495
2024_0416_02:01:58 14 14.00625 49.028125
2024_0416_02:02:17 14 46.914375 99.05125
2024_0416_02:02:21 14 97.629375 99.08875
2024_0416_02:02:36 14 49.3925 3.08625
2024_0416_02:03:05 14 -47.3925 47.541875
2024_0416_02:04:39 14 -0.24375 -0.733125
2024_0416_02:04:54 14 -25.760625 26.023125
2024_0416_02:05:26 14 0.135625 -0.0975
2024_0416_02:05:49 14 99.196875 99.206875
2024_0416_02:07:00 14 -0.100625 98.96375
2024_0416_02:07:01 14 48.198125 8.62125
2024_0416_02:07:27 14 96.5425 73.16125
2024_0416_02:07:38 14 59.935 -60.07125
2024_0416_02:07:39 14 0.180625 0.373125
2024_0416_02:07:54 14 2.194375 7.811875
2024_0416_02:07:59 14 97.675 99.20875
2024_0416_02:08:02 14 -0.106875 0.0
2024_0416_02:08:22 14 79.17625 39.7775
2024_0416_02:08:29 14 26.949375 81.031875
2024_0416_02:08:46 14 97.780625 80.38
2024_0416_02:10:53 14 99.604375 39.970625
2024_0416_02:11:18 14 -0.14375 -0.11625
2024_0416_02:11:51 14 0.335 -0.178125
2024_0416_02:12:02 14 -0.065625 0.10125
2024_0416_02:12:13 14 91.67125 99.06375
2024_0416_02:13:18 14 -0.063125 0.194375
2024_0416_02:13:25 14 99.34 95.85125
2024_0416_02:13:48 14 51.94625 50.37125
2024_0416_02:13:48 14 0.219375 -0.243125
2024_0416_02:14:01 14 -0.104375 0.004375
2024_0416_02:14:13 14 -0.461875 28.5425
2024_0416_02:14:19 14 99.225 49.706875
2024_0416_02:14:21 14 94.45 92.895625
2024_0416_02:14:37 14 96.98625 99.025
2024_0416_02:14:44 14 49.863125 -44.996875
2024_0416_02:15:02 14 98.314375 99.4925
2024_0416_02:17:10 14 99.51375 98.509375
2024_0416_02:17:41 14 99.3375 98.45875
2024_0416_02:18:17 14 99.00375 99.50125
2024_0416_02:18:22 14 -0.068125 -0.130625
2024_0416_02:18:34 14 -1.55625 49.96875
2024_0416_02:19:35 14 -35.511875 35.498125
2024_0416_02:19:46 14 0.515 0.375625
2024_0416_02:20:07 14 99.374375 98.97
2024_0416_02:20:10 14 31.775 39.351875
2024_0416_02:20:20 14 0.880625 -0.99875
2024_0416_02:20:35 14 50.888125 49.6175
2024_0416_02:20:44 14 -0.263125 0.670625
2024_0416_02:20:52 14 48.486875 48.28375
2024_0416_02:20:55 14 95.34875 79.13375
2024_0416_02:21:03 14 98.69 99.223125
2024_0416_02:21:23 14 0.07125 -0.270625
2024_0416_02:23:35 14 99.4075 99.4275
2024_0416_02:24:00 14 -33.4625 33.355625
2024_0416_02:24:43 14 0.176875 0.01
2024_0416_02:24:47 14 31.844375 -0.331875
2024_0416_02:24:56 14 -8.505625 8.121875
2024_0416_02:26:03 14 16.665 -6.46625
2024_0416_02:26:11 14 -99.99875 99.99875
2024_0416_02:26:33 14 99.223125 97.275
2024_0416_02:26:35 14 -0.208125 -0.21125
2024_0416_02:26:53 14 2.273125 43.68625
2024_0416_02:27:11 14 99.1425 99.07375
2024_0416_02:27:22 15 -0.058125 0.123125
2024_0416_02:27:24 15 95.921875 99.406875
2024_0416_02:27:36 15 19.24125 8.840625
2024_0416_02:27:52 15 48.155 7.603125
2024_0416_02:30:07 15 25.114375 24.28625
2024_0416_02:30:33 15 0.3075 0.748125
2024_0416_02:30:59 15 99.3325 97.3275
2024_0416_02:31:14 15 97.63 99.309375
2024_0416_02:31:19 15 99.31875 83.265625
2024_0416_02:31:27 15 35.24 3.953125
2024_0416_02:32:26 15 -0.39625 -0.26875
2024_0416_02:33:27 15 0.45375 0.044375
2024_0416_02:33:30 15 0.268125 -0.143125
2024_0416_02:33:34 15 9.298125 -10.07875
2024_0416_02:33:46 15 91.608125 90.838125
2024_0416_02:33:51 15 -0.30375 0.1
2024_0416_02:33:59 15 98.85125 98.813125
2024_0416_02:34:17 15 -0.240625 -0.228125
2024_0416_02:34:19 15 99.228125 72.91625
2024_0416_02:36:28 15 19.24875 19.5025
2024_0416_02:37:00 15 24.209375 98.18375
2024_0416_02:37:01 15 41.706875 -16.694375
2024_0416_02:37:22 15 12.596875 -13.00875
2024_0416_02:37:46 15 34.74 -15.500625
2024_0416_02:37:57 15 99.334375 98.20125
2024_0416_02:38:01 15 36.355 -4.200625
2024_0416_02:38:56 15 98.2025 99.03125
2024_0416_02:39:54 15 -0.165 0.376875
2024_0416_02:40:00 15 0.150625 0.094375
2024_0416_02:40:04 15 89.544375 27.65375
2024_0416_02:40:17 15 99.484375 97.966875
2024_0416_02:40:21 15 89.365 59.64875
2024_0416_02:40:27 15 35.705625 -5.866875
2024_0416_02:40:44 15 98.263125 48.01125
2024_0416_02:40:52 15 99.363125 96.791875
2024_0416_02:43:26 15 8.2575 -8.18375
2024_0416_02:43:40 15 0.055 0.36625
2024_0416_02:44:13 15 99.41 99.24125
2024_0416_02:44:22 15 -7.750625 7.66625
2024_0416_02:44:27 15 19.18625 -8.20625
2024_0416_02:45:20 15 -0.205625 -0.261875
2024_0416_02:46:11 15 0.36625 0.428125
2024_0416_02:46:18 15 97.8725 98.36625
2024_0416_02:46:28 15 99.1325 99.264375
2024_0416_02:46:28 15 99.539375 99.13875
2024_0416_02:46:47 15 99.44375 99.216875
2024_0416_02:46:50 15 99.53375 98.218125
2024_0416_02:46:53 15 99.40875 98.639375
2024_0416_02:47:08 15 99.455625 99.1725
2024_0416_02:47:17 15 99.074375 99.159375
2024_0416_02:48:21 15 99.500625 99.323125
2024_0416_02:49:44 15 -0.01125 -0.026875
2024_0416_02:50:11 15 -0.19875 -0.23
2024_0416_02:50:37 15 31.5225 36.201875
2024_0416_02:50:50 15 17.42875 17.636875
2024_0416_02:50:50 15 -3.923125 3.93375
2024_0416_02:51:43 15 79.691875 39.78
2024_0416_02:52:33 15 2.02875 -2.29625
2024_0416_02:52:38 15 -0.035 0.213125
2024_0416_02:52:51 15 99.379375 48.2975
2024_0416_02:52:56 15 99.52875 99.385625
2024_0416_02:53:08 15 -0.49 5.155625
2024_0416_02:53:13 15 -0.804375 48.7825
2024_0416_02:53:18 15 50.316875 52.816875
2024_0416_02:53:57 15 -0.361875 0.135625
2024_0416_02:54:48 15 63.2075 98.668125
2024_0416_02:56:02 15 12.874375 16.479375
2024_0416_02:56:27 15 -9.701875 9.85875
2024_0416_02:56:57 15 99.22 99.001875
2024_0416_02:57:07 15 10.048125 24.8125
2024_0416_02:57:08 15 -0.151875 -0.215625
2024_0416_02:57:08 15 0.491875 -0.4925
2024_0416_02:57:56 15 49.999375 49.999375
2024_0416_02:58:47 15 97.781875 99.279375
2024_0416_02:58:58 15 0.27375 0.223125
2024_0416_02:59:10 15 99.075 98.865625
2024_0416_02:59:11 15 -99.9975 99.99375
2024_0416_02:59:26 15 0.245 -0.00375
2024_0416_02:59:32 15 0.159375 -0.708125
2024_0416_03:00:15 15 -0.8025 49.6225
2024_0416_03:01:00 15 98.43875 92.065
2024_0416_03:02:19 15 98.780625 99.508125
2024_0416_03:02:37 15 42.319375 38.33125
2024_0416_03:03:15 15 47.950625 97.045
2024_0416_03:03:24 15 47.750625 48.535
2024_0416_03:03:26 15 99.10125 99.040625
2024_0416_03:03:31 15 -0.416875 -0.216875
2024_0416_03:04:04 15 0.845625 0.071875
2024_0416_03:04:16 15 98.606875 99.365
2024_0416_03:04:55 15 -9.53 8.16875
2024_0416_03:05:14 15 -50.0 50.0
2024_0416_03:05:29 15 96.6125 99.494375
2024_0416_03:05:34 15 0.05625 -0.1375
2024_0416_03:05:36 15 0.131875 0.31875
2024_0416_03:05:43 15 97.466875 96.5775
2024_0416_03:06:25 15 -12.346875 48.64125
2024_0416_03:07:19 15 0.35875 -0.039375
2024_0416_03:08:38 15 98.20375 98.02375
2024_0416_03:08:43 15 -0.583125 0.29
2024_0416_03:09:35 15 11.95625 -12.880625
2024_0416_03:09:40 15 0.245 0.041875
2024_0416_03:09:44 15 99.245 92.6925
2024_0416_03:09:47 15 99.42875 99.3675
2024_0416_03:10:12 15 -0.438125 0.071875
2024_0416_03:10:21 15 -0.06 -0.628125
2024_0416_03:11:03 15 -0.2075 44.310625
2024_0416_03:11:35 15 -0.08125 0.050625
2024_0416_03:11:49 15 78.275 53.4625
2024_0416_03:11:51 15 0.71625 0.639375
2024_0416_03:11:51 15 -27.5125 64.78
2024_0416_03:11:55 15 99.3775 94.03375
2024_0416_03:12:30 15 -50.0 -100.0
2024_0416_03:13:25 15 46.763125 47.348125
2024_0416_03:14:52 15 36.600625 36.058125
2024_0416_03:15:26 15 89.65875 90.67375
2024_0416_03:15:53 15 -99.99875 99.99875
2024_0416_03:15:53 15 -0.15125 0.475625
2024_0416_03:16:02 15 0.0675 -0.255
2024_0416_03:16:05 15 99.36625 -19.2375
2024_0416_03:16:27 15 -0.043125 -0.1075
2024_0416_03:16:30 15 0.31875 -0.250625
2024_0416_03:17:14 15 99.0325 99.4975
2024_0416_03:17:55 15 99.306875 99.40125
2024_0416_03:18:04 15 99.1875 99.500625
2024_0416_03:18:07 15 1.871875 2.246875
2024_0416_03:18:18 15 33.005 46.66625
2024_0416_03:18:43 15 85.509375 89.4825
2024_0416_03:19:36 15 99.335625 51.0275
2024_0416_03:20:59 15 -0.125625 -0.35375
2024_0416_03:21:31 15 0.385625 0.52125
2024_0416_03:21:48 15 5.77625 -5.289375
2024_0416_03:22:08 15 -0.0025 0.0
2024_0416_03:22:10 15 33.395625 -33.1675
2024_0416_03:22:22 15 27.355625 -27.126875
2024_0416_03:22:23 15 -16.38 17.024375
2024_0416_03:22:39 15 90.038125 49.63125
2024_0416_03:22:57 15 0.05 0.001875
2024_0416_03:23:22 15 6.21625 -5.650625
2024_0416_03:24:20 15 99.37125 94.621875
2024_0416_03:24:20 15 99.436875 98.949375
2024_0416_03:24:23 15 0.23375 0.2975
2024_0416_03:24:34 15 -10.103125 9.9775
2024_0416_03:25:02 15 0.361875 0.886875
2024_0416_03:25:50 15 96.3975 99.279375
2024_0416_03:27:09 15 -0.013125 0.051875
2024_0416_03:27:39 15 0.095625 0.353125
2024_0416_03:28:03 15 -9.813125 10.10875
2024_0416_03:28:21 15 -0.2975 -0.0775
2024_0416_03:28:28 15 44.575 98.6075
2024_0416_03:28:42 15 97.10875 99.476875
2024_0416_03:28:43 15 43.57 13.97375
2024_0416_03:29:07 15 48.980625 -0.495625
2024_0416_03:29:33 15 98.21375 94.9475
2024_0416_03:30:31 15 -0.15875 0.113125
2024_0416_03:30:36 15 0.360625 0.0125
2024_0416_03:30:40 15 96.3175 99.48375
2024_0416_03:30:50 15 15.414375 21.753125
2024_0416_03:31:10 15 96.56375 99.005
2024_0416_03:31:54 15 -20.18625 20.055625
2024_0416_03:32:48 15 0.2675 -0.115625
2024_0416_03:33:18 15 16.526875 16.6275
2024_0416_03:33:54 15 -0.043125 0.55125
2024_0416_03:34:31 16 8.9525 2.130625
2024_0416_03:34:45 16 -0.329375 0.0425
2024_0416_03:34:50 16 90.423125 97.89125
2024_0416_03:35:01 16 76.76625 98.94625
2024_0416_03:35:03 16 94.22375 99.5475
2024_0416_03:35:25 16 99.2475 98.61625
2024_0416_03:35:40 16 18.458125 16.989375
2024_0416_03:36:49 16 -0.111875 -0.255
2024_0416_03:36:55 16 19.79375 -19.845
2024_0416_03:36:58 16 0.11375 0.07375
2024_0416_03:37:07 16 -10.4175 9.92375
2024_0416_03:37:16 16 45.814375 1.426875
2024_0416_03:38:01 16 94.5775 99.251875
2024_0416_03:38:53 16 19.76625 -17.71125
2024_0416_03:39:35 16 99.2875 99.471875
2024_0416_03:40:49 16 65.844375 -18.583125
2024_0416_03:40:57 16 97.836875 10.56
2024_0416_03:41:03 16 19.0775 -19.03625
2024_0416_03:41:08 16 98.239375 98.8925
2024_0416_03:41:23 16 98.059375 98.635
2024_0416_03:41:28 16 46.1825 49.958125
2024_0416_03:41:28 16 0.12875 0.644375
2024_0416_03:41:43 16 16.719375 -16.81875
2024_0416_03:42:58 16 64.6875 64.773125
2024_0416_03:43:16 16 99.015 97.948125
2024_0416_03:43:22 16 0.020625 -0.6275
2024_0416_03:43:22 16 0.218125 0.47375
2024_0416_03:43:24 16 97.7625 99.045
2024_0416_03:44:04 16 -0.06625 0.336875
2024_0416_03:45:01 16 47.733125 99.4925
2024_0416_03:45:48 16 97.885 98.419375
2024_0416_03:47:04 16 49.36375 48.233125
2024_0416_03:47:10 16 0.735 -0.499375
2024_0416_03:47:20 16 16.63125 -16.866875
2024_0416_03:47:32 16 99.465625 98.87125
2024_0416_03:47:36 16 99.394375 97.41
2024_0416_03:47:41 16 16.645625 -16.42875
2024_0416_03:47:46 16 -30.33125 63.879375
2024_0416_03:47:47 16 -6.28 7.323125
2024_0416_03:49:15 16 0.41125 -0.04125
2024_0416_03:49:28 16 -0.025 -0.23875
2024_0416_03:49:39 16 0.376875 0.425625
2024_0416_03:49:43 16 -0.14125 -0.203125
2024_0416_03:50:03 16 -0.096875 0.046875
2024_0416_03:50:11 16 6.8975 -2.098125
2024_0416_03:51:06 16 86.795625 94.833125
2024_0416_03:51:52 16 -0.085 -0.41875
2024_0416_03:53:13 16 14.13625 14.08
2024_0416_03:53:24 16 97.3075 95.4275
2024_0416_03:53:40 16 0.22125 0.441875
2024_0416_03:53:46 16 96.185 99.534375
2024_0416_03:53:50 16 1.029375 1.65625
2024_0416_03:53:52 16 79.364375 79.176875
2024_0416_03:53:59 16 -0.25625 30.616875
2024_0416_03:54:06 16 98.848125 99.43875
2024_0416_03:55:18 16 0.161875 -0.018125
2024_0416_03:55:35 16 99.265 95.84625
2024_0416_03:56:00 16 79.621875 79.78375
2024_0416_03:56:04 16 99.36625 99.19875
2024_0416_03:56:15 16 -0.049375 -0.0325
2024_0416_03:56:21 16 -0.340625 0.02875
2024_0416_03:57:16 16 99.5375 94.144375
2024_0416_03:58:05 16 -10.038125 10.061875
2024_0416_03:59:21 16 77.173125 45.859375
2024_0416_03:59:43 16 99.2175 98.58625
2024_0416_03:59:53 16 69.73875 23.705625
2024_0416_03:59:54 16 39.185 -25.34375
2024_0416_03:59:59 16 99.413125 98.5575
2024_0416_04:00:06 16 -0.324375 0.033125
2024_0416_04:00:17 16 0.170625 0.078125
2024_0416_04:00:25 16 48.564375 8.850625
2024_0416_04:01:24 16 49.03625 98.09625
2024_0416_04:01:43 16 99.595625 99.429375
2024_0416_04:02:16 16 37.5025 -13.03125
2024_0416_04:02:18 16 16.415 32.593125
2024_0416_04:02:25 16 25.0 -23.525
2024_0416_04:02:43 16 99.496875 97.92125
2024_0416_04:04:12 16 99.428125 98.43375
2024_0416_04:05:31 16 97.355625 98.975625
2024_0416_04:05:58 16 -0.20875 0.17
2024_0416_04:06:05 16 48.980625 98.20625
2024_0416_04:06:07 16 -0.79 24.390625
2024_0416_04:06:19 16 99.595 99.325
2024_0416_04:06:20 16 97.9925 97.275
2024_0416_04:06:23 16 -0.1725 -0.454375
2024_0416_04:06:40 16 99.576875 98.08875
2024_0416_04:06:42 16 99.389375 99.231875
2024_0416_04:07:40 16 99.1575 99.459375
2024_0416_04:07:53 16 9.93 -10.05375
2024_0416_04:08:20 16 99.99875 99.99875
2024_0416_04:08:32 16 -0.079375 0.010625
2024_0416_04:08:39 16 -0.0225 0.188125
2024_0416_04:10:19 16 -0.15 0.24875
2024_0416_04:11:34 16 -0.411875 0.505625
2024_0416_04:12:24 16 -8.67875 8.383125
2024_0416_04:12:24 16 97.953125 98.6675
2024_0416_04:12:35 16 -16.859375 16.689375
2024_0416_04:12:41 16 49.999375 99.99875
2024_0416_04:13:00 16 88.308125 99.25375
2024_0416_04:13:11 16 82.369375 43.19125
2024_0416_04:13:44 16 98.201875 99.146875
2024_0416_04:13:56 16 0.275 -0.099375
2024_0416_04:13:59 16 22.824375 22.170625
2024_0416_04:14:35 16 99.193125 98.943125
2024_0416_04:14:55 16 -0.27625 -0.145
2024_0416_04:15:05 16 61.458125 62.77125
2024_0416_04:15:30 16 1.426875 1.899375
2024_0416_04:16:22 16 7.483125 14.184375
2024_0416_04:17:40 16 9.74375 -0.249375
2024_0416_04:18:05 16 99.99875 99.99875
2024_0416_04:18:26 16 0.105 0.28
2024_0416_04:18:42 16 14.91875 15.239375
2024_0416_04:19:05 16 49.005 99.11125
2024_0416_04:19:25 16 -49.999375 49.999375
2024_0416_04:19:26 16 1.82125 0.095
2024_0416_04:19:59 16 66.39625 99.075625
2024_0416_04:20:03 16 -0.18375 48.3825
2024_0416_04:20:15 16 39.493125 -37.903125
2024_0416_04:20:40 17 98.79875 97.87875
2024_0416_04:21:13 17 -0.429375 2.404375
2024_0416_04:21:24 17 98.3725 97.900625
2024_0416_04:21:35 17 98.6925 99.46625
2024_0416_04:22:27 17 -1.471875 -0.02
2024_0416_04:23:42 17 5.18375 48.89
2024_0416_04:24:00 17 98.904375 61.925
2024_0416_04:24:16 17 99.41125 98.925625
2024_0416_04:24:36 17 87.095625 97.94
2024_0416_04:25:04 17 29.61125 59.710625
2024_0416_04:25:23 17 0.25125 0.01875
2024_0416_04:25:51 17 62.875 49.49375
2024_0416_04:26:12 17 -0.07375 0.316875
2024_0416_04:26:18 17 -0.041875 0.0325
2024_0416_04:26:21 17 7.111875 6.600625
2024_0416_04:26:27 17 0.170625 -0.176875
2024_0416_04:26:50 17 49.91375 98.608125
2024_0416_04:27:34 17 26.870625 25.325625
2024_0416_04:27:43 17 40.01125 -40.059375
2024_0416_04:27:51 17 0.48875 0.36125
2024_0416_04:28:37 17 97.39125 99.365625
2024_0416_04:30:03 17 0.240625 -0.185
2024_0416_04:30:07 17 6.07125 -2.96375
2024_0416_04:30:21 17 0.1525 19.6175
2024_0416_04:30:43 17 98.0775 99.084375
2024_0416_04:31:24 17 -1.16125 1.68625
2024_0416_04:31:48 17 48.669375 49.184375
2024_0416_04:32:12 17 18.68625 63.235625
2024_0416_04:32:14 17 -6.2075 6.52
2024_0416_04:32:30 17 -10.42 63.75
2024_0416_04:32:37 17 0.065625 -0.235625
2024_0416_04:32:45 17 -50.125 49.98125
2024_0416_04:32:52 17 48.48 25.4625
2024_0416_04:33:49 17 40.145625 -40.178125
2024_0416_04:33:53 17 17.719375 10.5825
2024_0416_04:34:12 17 99.33 96.9175
2024_0416_04:34:41 17 59.504375 85.386875
2024_0416_04:36:08 17 4.06375 0.175625
2024_0416_04:36:26 17 22.21875 12.694375
2024_0416_04:36:33 17 98.3225 99.364375
2024_0416_04:36:45 17 76.1525 82.255625
2024_0416_04:37:47 17 48.78625 46.36625
2024_0416_04:38:11 17 97.995625 99.156875
2024_0416_04:38:21 17 98.17125 99.106875
2024_0416_04:38:38 17 76.999375 77.94875
2024_0416_04:38:39 17 -7.60375 7.473125
2024_0416_04:38:47 17 -0.09 -0.293125
2024_0416_04:39:03 17 99.464375 92.933125
2024_0416_04:39:21 17 97.71 97.103125
2024_0416_04:39:53 17 98.5875 49.69375
2024_0416_04:40:06 17 -37.380625 32.023125
2024_0416_04:40:28 17 79.615625 79.561875
2024_0416_04:40:46 17 23.753125 4.634375
2024_0416_04:42:09 17 31.38875 25.794375
2024_0416_04:42:34 17 98.778125 99.559375
2024_0416_04:42:41 17 0.0375 -0.09125
2024_0416_04:42:48 17 0.219375 0.15625
2024_0416_04:44:02 17 -8.920625 9.2525
2024_0416_04:44:31 17 72.841875 99.10375
2024_0416_04:44:46 17 2.549375 -2.445
2024_0416_04:44:56 17 10.055625 -10.16
2024_0416_04:44:57 17 99.530625 96.7075
2024_0416_04:45:16 17 -0.19375 0.074375
2024_0416_04:45:40 17 78.584375 79.36625
2024_0416_04:45:55 17 41.8975 43.405
2024_0416_04:46:46 17 -100.0 -99.9975
2024_0416_04:46:46 17 41.91875 99.05625
2024_0416_04:46:51 17 99.416875 99.509375
2024_0416_04:47:44 17 80.6575 98.876875
2024_0416_04:48:10 17 99.538125 92.188125
2024_0416_04:48:32 17 -0.215 0.4425
2024_0416_04:48:56 17 27.346875 7.39
2024_0416_04:49:00 17 22.09625 11.728125
2024_0416_04:50:22 17 0.089375 0.023125
2024_0416_04:50:33 17 11.925625 8.510625
2024_0416_04:51:17 17 98.98 98.759375
2024_0416_04:51:39 17 79.35875 39.710625
2024_0416_04:52:00 17 0.175 -0.071875
2024_0416_04:52:01 17 21.26875 24.526875
2024_0416_04:52:51 17 79.42125 79.06125
2024_0416_04:53:03 17 -0.28125 0.07
2024_0416_04:53:15 17 1.355625 3.484375
2024_0416_04:53:46 17 -19.60375 19.888125
2024_0416_04:54:09 17 -0.045 0.210625
2024_0416_04:54:45 17 61.836875 49.385
2024_0416_04:54:57 17 0.29375 0.185
2024_0416_04:55:19 17 99.410625 98.02625
2024_0416_04:55:23 17 98.725 96.793125
2024_0416_04:56:32 17 10.1 -9.930625
2024_0416_04:56:34 17 -5.946875 6.61625
2024_0416_04:56:40 17 16.665625 16.853125
2024_0416_04:57:36 17 -0.37625 1.020625
2024_0416_04:58:00 17 -8.133125 8.23125
2024_0416_04:58:03 17 12.665625 -12.461875
2024_0416_04:58:23 17 -0.248125 0.115
2024_0416_04:58:56 17 96.37125 98.27375
2024_0416_04:59:21 17 -4.4375 4.525
2024_0416_04:59:36 17 30.953125 13.030625
2024_0416_04:59:44 17 0.56875 -0.39
2024_0416_05:00:13 17 -0.115625 -0.06625
2024_0416_05:00:57 17 99.2525 98.82625
2024_0416_05:01:07 17 69.488125 88.954375
2024_0416_05:01:20 17 -10.488125 13.62
2024_0416_05:01:43 17 0.288125 0.083125
2024_0416_05:02:33 17 0.143125 0.583125
2024_0416_05:02:34 17 -25.05 25.156875
2024_0416_05:03:06 17 98.57375 99.23875
2024_0416_05:03:59 17 -0.033125 0.09625
2024_0416_05:04:19 17 -0.321875 0.11875
2024_0416_05:04:38 17 0.315625 -0.334375
2024_0416_05:04:53 17 39.84875 54.860625
2024_0416_05:05:41 17 0.068125 -0.150625
2024_0416_05:05:56 17 -9.776875 9.851875
2024_0416_05:06:21 17 29.33375 46.931875
2024_0416_05:06:58 17 0.3075 -0.35125
2024_0416_05:07:20 17 99.195 98.173125
2024_0416_05:07:51 17 17.05 17.1775
2024_0416_05:08:03 17 -10.835 10.75
2024_0416_05:08:32 17 -0.299375 -0.04125
2024_0416_05:08:34 17 -0.02 0.34375
2024_0416_05:08:37 17 0.219375 -0.35875
2024_0416_05:09:36 17 -0.035 0.29625
2024_0416_05:10:20 17 0.253125 -0.240625
2024_0416_05:10:39 17 98.5025 99.4975
2024_0416_05:10:57 17 17.14 17.744375
2024_0416_05:10:57 17 0.099375 -0.335
2024_0416_05:11:43 17 0.284375 -0.063125
2024_0416_05:12:06 17 98.794375 99.375625
2024_0416_05:12:14 17 0.064375 0.063125
2024_0416_05:12:23 17 -0.03875 16.564375
2024_0416_05:13:17 17 0.165625 0.176875
2024_0416_05:13:32 17 4.953125 -0.359375
2024_0416_05:14:10 17 3.244375 1.43625
2024_0416_05:14:27 17 78.01375 40.800625
2024_0416_05:14:40 17 93.648125 95.015625
2024_0416_05:15:03 17 0.50375 0.048125
2024_0416_05:15:57 17 26.20625 7.50375
2024_0416_05:16:20 17 17.226875 -11.82625
2024_0416_05:16:59 18 -15.788125 15.54375
2024_0416_05:17:00 17 41.386875 -40.37125
2024_0416_05:17:30 18 79.164375 47.606875
2024_0416_05:17:42 18 49.999375 99.99875
2024_0416_05:18:23 18 -0.149375 0.29875
2024_0416_05:18:28 18 31.30875 -32.463125
2024_0416_05:18:41 18 99.51375 95.826875
2024_0416_05:19:20 18 98.471875 99.621875
2024_0416_05:19:34 18 32.9275 39.379375
2024_0416_05:19:36 18 17.53625 20.2625
2024_0416_05:20:28 18 27.865 -17.369375
2024_0416_05:20:49 18 99.696875 49.02625
2024_0416_05:20:50 18 93.063125 47.16
2024_0416_05:21:24 18 52.07875 -0.3125
2024_0416_05:22:22 18 0.199375 0.076875
2024_0416_05:22:22 18 5.92 28.22875
2024_0416_05:23:00 18 -0.60375 0.395625
2024_0416_05:23:25 18 28.083125 29.486875
2024_0416_05:23:55 18 2.575625 -1.3175
2024_0416_05:24:00 18 50.385 47.205625
2024_0416_05:24:30 18 99.171875 98.723125
2024_0416_05:24:54 18 83.6725 93.118125
2024_0416_05:25:08 18 -7.425625 46.876875
2024_0416_05:25:25 18 20.609375 0.730625
2024_0416_05:25:39 18 97.919375 99.236875
2024_0416_05:25:39 18 0.168125 -0.160625
2024_0416_05:26:50 18 79.125625 64.7725
2024_0416_05:26:56 18 99.56875 98.80375
2024_0416_05:27:14 18 1.08 -0.326875
2024_0416_05:27:44 18 0.15375 0.021875
2024_0416_05:28:26 18 94.846875 99.371875
2024_0416_05:28:45 18 -8.66 20.194375
2024_0416_05:29:09 18 -0.119375 -0.409375
2024_0416_05:29:44 18 -9.775625 9.618125
2024_0416_05:30:14 18 96.425 97.728125
2024_0416_05:30:34 18 0.12625 0.2825
2024_0416_05:30:42 18 98.561875 98.948125
2024_0416_05:31:13 18 0.040625 -0.158125
2024_0416_05:31:28 18 -0.24875 0.0125
2024_0416_05:31:30 18 21.68875 -6.938125
2024_0416_05:31:51 18 95.2975 99.131875
2024_0416_05:33:00 18 -0.005625 0.150625
2024_0416_05:33:11 18 -8.611875 12.479375
2024_0416_05:33:37 18 68.115625 8.380625
2024_0416_05:34:29 18 99.43 99.468125
2024_0416_05:35:09 18 18.229375 15.34
2024_0416_05:35:26 18 -0.515 -0.334375
2024_0416_05:36:04 18 32.8525 39.6825
2024_0416_05:36:21 18 43.708125 44.0675
2024_0416_05:36:38 18 0.088125 0.05375
2024_0416_05:37:03 18 0.256875 0.15625
2024_0416_05:37:32 18 55.0575 55.110625
2024_0416_05:37:34 18 0.050625 -0.09375
2024_0416_05:37:36 18 98.0025 99.33375
2024_0416_05:37:51 18 99.345 99.02125
2024_0416_05:37:57 18 1.931875 -0.675625
2024_0416_05:39:06 18 -0.033125 40.55375
2024_0416_05:39:32 18 -0.18625 0.118125
2024_0416_05:39:43 18 51.99125 39.23375
2024_0416_05:39:59 18 11.139375 34.14
2024_0416_05:40:33 18 0.220625 0.20375
2024_0416_05:41:30 18 -24.696875 49.368125
2024_0416_05:41:34 18 89.83125 66.33375
2024_0416_05:42:22 18 -0.258125 22.489375
2024_0416_05:42:25 18 42.959375 38.335
2024_0416_05:42:41 18 99.999375 49.99875
2024_0416_05:43:38 18 99.40875 88.543125
2024_0416_05:43:41 18 0.32 0.01125
2024_0416_05:44:01 18 99.488125 96.384375
2024_0416_05:44:14 18 97.6275 98.065
2024_0416_05:44:19 18 -36.2525 38.108125
2024_0416_05:44:24 18 -0.2175 0.41625
2024_0416_05:45:09 18 30.993125 37.21
2024_0416_05:45:53 18 89.266875 29.691875
2024_0416_05:46:07 18 49.425625 99.625625
2024_0416_05:46:36 18 69.213125 95.473125
2024_0416_05:46:42 18 40.893125 77.0675
2024_0416_05:47:39 18 -20.016875 20.03375
2024_0416_05:47:55 18 -12.35125 12.07625
2024_0416_05:48:32 18 99.46875 88.433125
2024_0416_05:48:40 18 -0.166875 0.4975
2024_0416_05:49:17 18 47.383125 98.49875
2024_0416_05:49:43 18 98.786875 99.44875
2024_0416_05:50:22 18 0.97125 0.659375
2024_0416_05:50:34 18 0.12125 0.084375
2024_0416_05:50:49 18 99.41375 99.525
2024_0416_05:51:10 18 16.529375 7.8925
2024_0416_05:52:09 18 -13.090625 12.6175
2024_0416_05:52:33 18 95.064375 95.41125
2024_0416_05:52:56 18 19.25625 19.0525
2024_0416_05:52:59 18 -0.1025 0.959375
2024_0416_05:53:56 18 -0.133125 0.105625
2024_0416_05:54:07 18 -2.585 2.54625
2024_0416_05:54:17 18 99.0925 98.3275
2024_0416_05:54:41 18 6.55375 26.451875
2024_0416_05:55:01 18 0.0 0.0
2024_0416_05:55:25 18 98.3075 98.980625
2024_0416_05:55:56 18 98.778125 94.891875
2024_0416_05:56:15 18 83.6025 83.305625
2024_0416_05:56:41 18 98.979375 99.10125
2024_0416_05:57:03 18 48.16875 -0.344375
2024_0416_05:57:12 18 0.153125 -0.05625
2024_0416_05:57:21 18 -2.51625 48.079375
2024_0416_05:59:05 18 -0.03 -0.283125
2024_0416_05:59:09 18 27.5 10.328125
2024_0416_05:59:15 18 11.63375 13.875625
2024_0416_05:59:18 18 0.295625 -1.04375
2024_0416_06:00:18 18 95.055625 99.078125
2024_0416_06:00:19 18 10.02375 -9.985625
2024_0416_06:00:49 18 96.471875 95.610625
2024_0416_06:00:54 18 0.116875 -0.371875
2024_0416_06:01:23 18 99.589375 97.461875
2024_0416_06:01:28 18 -0.20625 0.035625
2024_0416_06:02:03 18 18.42375 16.085625
2024_0416_06:02:51 18 63.37625 60.760625
2024_0416_06:02:52 18 97.626875 96.56875
2024_0416_06:03:31 18 14.611875 14.5075
2024_0416_06:03:34 18 98.29 98.490625
2024_0416_06:03:38 18 49.99875 -49.99875
2024_0416_06:05:13 18 9.188125 8.244375
2024_0416_06:05:26 18 99.9975 -99.99125
2024_0416_06:05:46 18 -0.080625 0.105625
2024_0416_06:05:55 18 78.838125 95.795
2024_0416_06:06:28 18 99.43625 99.344375
2024_0416_06:06:46 18 12.285 -3.791875
2024_0416_06:07:01 18 0.08375 -0.245
2024_0416_06:07:05 18 -0.2325 0.19
2024_0416_06:07:31 18 -3.8975 4.1825
2024_0416_06:07:33 18 2.04875 0.39
2024_0416_06:08:13 18 30.74875 -4.81625
2024_0416_06:08:58 18 99.28125 98.835625
2024_0416_06:09:22 18 97.585 98.431875
2024_0416_06:09:40 18 0.00375 0.2625
2024_0416_06:10:03 18 37.39 6.885
2024_0416_06:10:07 18 -0.25875 0.26375
2024_0416_06:11:23 18 -0.036875 0.143125
2024_0416_06:11:51 18 0.52875 0.070625
2024_0416_06:12:10 18 -0.48625 -0.221875
2024_0416_06:12:20 18 56.689375 58.421875
2024_0416_06:12:35 18 -0.634375 0.92
2024_0416_06:13:12 18 91.3075 70.141875
2024_0416_06:13:40 18 91.880625 99.38625
2024_0416_06:13:41 18 99.128125 98.764375
2024_0416_06:13:48 18 -0.26125 0.1625
2024_0416_06:14:20 18 98.95 98.740625
2024_0416_06:14:40 18 -7.9075 7.829375
2024_0416_06:15:07 18 98.070625 30.7275
2024_0416_06:15:42 18 9.928125 -10.049375
2024_0416_06:15:44 18 99.4125 99.27875
2024_0416_06:16:22 18 8.37375 1.325
2024_0416_06:16:27 18 -0.0875 -0.17875
2024_0416_06:18:11 18 0.068125 0.116875
2024_0416_06:18:31 18 -45.776875 44.955
2024_0416_06:18:41 18 16.91875 15.828125
2024_0416_06:18:43 18 48.6275 0.090625
2024_0416_06:19:44 18 -9.685625 10.12875
2024_0416_06:19:46 18 -0.28875 0.3225
2024_0416_06:20:13 18 7.0925 15.5425
2024_0416_06:20:22 18 8.008125 -8.580625
2024_0416_06:21:04 18 99.04125 97.91
2024_0416_06:21:10 18 10.328125 14.949375
2024_0416_06:22:01 18 -49.999375 -99.99375
2024_0416_06:22:16 18 0.015 -0.145
2024_0416_06:22:52 19 99.354375 97.331875
2024_0416_06:23:17 19 -14.334375 14.249375
2024_0416_06:23:27 19 95.81375 49.216875
2024_0416_06:24:18 19 0.189375 0.074375
2024_0416_06:24:36 19 99.27625 99.381875
2024_0416_06:24:53 19 98.215625 99.25
2024_0416_06:25:15 19 99.07 23.13375
2024_0416_06:25:47 19 -1.229375 1.1325
2024_0416_06:25:56 19 46.9775 99.450625
2024_0416_06:26:29 19 0.213125 0.345
2024_0416_06:26:39 19 -0.565 -0.25625
2024_0416_06:27:18 19 -0.425625 31.218125
2024_0416_06:27:28 19 -0.02 0.253125
2024_0416_06:27:57 19 0.24 0.318125
2024_0416_06:28:21 19 -10.06375 10.18125
2024_0416_06:28:24 19 1.348125 0.538125
2024_0416_06:29:29 19 -0.050625 -0.0275
2024_0416_06:29:37 19 0.500625 -0.69125
2024_0416_06:30:30 19 94.291875 49.689375
2024_0416_06:31:01 19 -0.435 -0.0225
2024_0416_06:31:23 19 99.475625 97.719375
2024_0416_06:32:01 19 49.8275 49.46125
2024_0416_06:32:01 19 0.065 0.695625
2024_0416_06:32:01 19 0.096875 0.270625
2024_0416_06:32:38 19 -0.026875 -0.354375
2024_0416_06:33:03 19 -0.065 -0.385
2024_0416_06:33:24 19 6.565 73.765
2024_0416_06:33:24 19 46.918125 91.5575
2024_0416_06:34:16 19 21.169375 -21.32
2024_0416_06:34:47 19 24.64875 9.7875
2024_0416_06:35:40 19 71.7625 77.085
2024_0416_06:36:05 19 5.253125 6.15875
2024_0416_06:36:40 19 7.864375 -0.161875
2024_0416_06:37:48 19 0.278125 -0.466875
2024_0416_06:37:50 19 0.3475 -0.158125
2024_0416_06:38:05 19 0.03 0.08
2024_0416_06:38:11 19 4.9375 -9.9625
2024_0416_06:38:25 19 -0.03 0.049375
2024_0416_06:38:53 19 13.448125 10.755
2024_0416_06:39:18 19 2.223125 -2.00875
2024_0416_06:39:30 19 99.54 96.21625
2024_0416_06:39:47 19 18.85 -19.2375
2024_0416_06:40:21 19 16.60375 -16.6675
2024_0416_06:41:09 19 48.76875 49.88375
2024_0416_06:41:46 19 6.2625 -12.831875
2024_0416_06:41:54 19 -0.22375 -0.099375
2024_0416_06:42:27 19 1.38875 -1.876875
2024_0416_06:42:50 19 49.37 98.38
2024_0416_06:42:58 19 15.271875 -1.798125
2024_0416_06:44:00 19 0.10125 50.18
2024_0416_06:44:10 19 -0.069375 0.07875
2024_0416_06:44:20 19 42.81625 49.1875
2024_0416_06:44:33 19 99.194375 91.92375
2024_0416_06:44:54 19 -0.050625 0.050625
2024_0416_06:45:27 19 48.881875 98.416875
2024_0416_06:45:50 19 0.126875 -0.105
2024_0416_06:46:22 19 19.74875 -19.69125
2024_0416_06:46:29 19 99.56875 99.40125
2024_0416_06:47:36 19 9.080625 11.43125
2024_0416_06:47:53 19 18.1125 12.458125
2024_0416_06:48:21 19 -10.61875 10.426875
2024_0416_06:48:51 19 48.581875 27.53625
2024_0416_06:49:08 19 -0.536875 0.104375
2024_0416_06:49:09 19 94.050625 99.536875
2024_0416_06:50:07 19 -0.428125 0.315
2024_0416_06:50:34 19 0.326875 -1.12125
2024_0416_06:50:34 19 49.093125 97.1975
2024_0416_06:50:55 19 -49.996875 50.0
2024_0416_06:51:02 19 -0.32 11.519375
2024_0416_06:51:45 19 -0.163125 0.095625
2024_0416_06:52:27 19 -0.2775 0.593125
2024_0416_06:52:37 19 30.07 -34.9175
2024_0416_06:52:50 19 0.073125 0.0525
2024_0416_06:54:04 19 -5.849375 5.103125
2024_0416_06:54:40 20 0.110625 0.294375
2024_0416_06:55:18 20 98.435 28.993125
2024_0416_06:55:21 20 99.208125 99.466875
2024_0416_06:55:25 20 22.423125 9.0
2024_0416_06:56:23 20 2.226875 -1.998125
2024_0416_06:56:46 20 47.966875 48.051875
2024_0416_06:57:01 20 8.90375 49.28375
2024_0416_06:57:04 20 -99.99875 -49.999375
2024_0416_06:57:34 20 0.19 0.116875
2024_0416_06:57:35 20 76.85 78.235
2024_0416_06:57:59 20 23.79875 49.489375
2024_0416_06:58:45 20 -49.998125 100.0
2024_0416_06:58:52 20 -0.07375 -0.344375
2024_0416_06:59:25 20 -0.0375 9.09375
2024_0416_06:59:34 20 16.146875 33.368125
2024_0416_07:00:27 20 10.6325 6.308125
2024_0416_07:01:05 20 7.34 14.050625
2024_0416_07:01:27 20 -0.52625 -0.599375
2024_0416_07:01:33 20 13.169375 13.29625
2024_0416_07:01:49 20 67.383125 99.419375
2024_0416_07:03:28 20 38.334375 42.775
2024_0416_07:03:30 20 98.70375 99.476875
2024_0416_07:03:46 20 99.44125 94.73375
2024_0416_07:03:56 20 -0.226875 -0.074375
2024_0416_07:03:57 20 0.1125 0.483125
2024_0416_07:04:07 20 0.00625 0.266875
2024_0416_07:04:54 20 -11.98375 12.73
2024_0416_07:05:38 20 14.528125 3.083125
2024_0416_07:05:50 20 5.95 -5.269375
2024_0416_07:06:07 20 -0.000625 0.08625
2024_0416_07:06:50 20 99.55625 99.431875
2024_0416_07:07:32 20 16.246875 -16.223125
2024_0416_07:07:32 20 0.000625 -0.00125
2024_0416_07:08:20 20 45.20375 92.356875
2024_0416_07:09:40 20 0.246875 0.175625
2024_0416_07:09:50 20 97.795 99.21
2024_0416_07:10:10 20 1.48875 -1.15875
2024_0416_07:10:15 20 95.808125 98.154375
2024_0416_07:10:21 20 -12.723125 12.191875
2024_0416_07:10:28 20 -0.063125 -0.000625
2024_0416_07:11:09 20 99.49875 99.06125
2024_0416_07:11:10 20 99.126875 99.428125
2024_0416_07:11:45 20 49.996875 49.999375
2024_0416_07:11:56 20 9.445625 9.92625
2024_0416_07:11:59 20 50.08375 -50.156875
2024_0416_07:12:29 20 -3.11875 5.084375
2024_0416_07:13:09 20 -0.149375 0.5525
2024_0416_07:13:43 20 99.08 99.379375
2024_0416_07:13:56 20 0.038125 -0.088125
2024_0416_07:14:49 20 49.064375 1.89125
2024_0416_07:15:57 20 42.444375 48.763125
2024_0416_07:16:15 20 14.60625 15.614375
2024_0416_07:16:15 20 99.40875 90.848125
2024_0416_07:16:27 20 99.38 99.18
2024_0416_07:16:54 20 99.14875 98.755
2024_0416_07:16:57 20 -13.724375 7.343125
2024_0416_07:17:22 20 15.531875 15.4
2024_0416_07:17:33 20 1.895 47.475625
2024_0416_07:18:08 20 -0.20875 -0.035
2024_0416_07:18:12 20 0.318125 0.051875
2024_0416_07:18:20 20 99.3175 99.020625
2024_0416_07:19:00 20 -0.04375 29.179375
2024_0416_07:19:51 20 99.99875 49.999375
2024_0416_07:19:56 20 17.925 16.8475
2024_0416_07:20:29 20 87.955 73.295625
2024_0416_07:21:13 20 -19.871875 19.97
2024_0416_07:22:05 20 60.67 28.99625
2024_0416_07:22:29 20 -6.96 6.504375
2024_0416_07:22:39 20 12.175625 -12.485
2024_0416_07:22:43 20 25.173125 5.165625
2024_0416_07:23:28 20 67.364375 89.470625
2024_0416_07:23:34 20 0.114375 0.864375
2024_0416_07:24:11 20 3.180625 -2.29625
2024_0416_07:24:19 20 99.199375 98.9275
2024_0416_07:24:30 20 62.100625 93.9775
2024_0416_07:24:45 20 75.583125 63.929375
2024_0416_07:25:28 20 0.106875 -0.995625
2024_0416_07:26:10 20 0.18875 0.340625
2024_0416_07:26:30 20 15.828125 11.761875
2024_0416_07:26:52 20 99.99875 49.999375
2024_0416_07:27:41 20 48.510625 94.99625
2024_0416_07:27:48 20 40.021875 -39.94875
2024_0416_07:28:17 20 81.479375 43.555625
2024_0416_07:28:38 20 63.003125 62.47125
2024_0416_07:28:58 20 0.070625 -0.235
2024_0416_07:29:01 20 -0.42 0.21125
2024_0416_07:29:47 20 48.925 99.00875
2024_0416_07:29:51 20 0.115 -0.146875
2024_0416_07:30:22 20 28.415 -10.755
2024_0416_07:30:42 20 0.221875 -0.255625
2024_0416_07:30:44 20 50.365 -0.819375
2024_0416_07:31:07 20 9.3675 48.795
2024_0416_07:31:56 20 7.30125 -7.33125
2024_0416_07:32:21 20 4.01625 1.376875
2024_0416_07:32:50 2 96.176875 99.15125
2024_0416_07:33:18 9 97.38875 99.054375
2024_0416_07:33:58 13 20.043125 -19.895
2024_0416_07:34:06 13 7.658125 15.000625
2024_0416_07:34:21 13 98.449375 98.23625
2024_0416_07:34:42 13 5.991875 0.128125
2024_0416_07:35:02 13 98.36375 97.79875
2024_0416_07:35:16 14 -0.150625 0.089375
2024_0416_07:35:56 14 49.245 99.295625
2024_0416_07:36:15 14 49.37 98.991875
2024_0416_07:36:27 14 0.175625 -0.449375
2024_0416_07:36:47 15 -0.116875 -0.38625
2024_0416_07:36:57 15 93.586875 98.073125
2024_0416_07:37:33 15 -0.45625 0.003125
2024_0416_07:38:23 15 98.543125 99.475
2024_0416_07:38:27 15 -0.058125 -0.353125
2024_0416_07:39:10 15 -0.16 -0.008125
2024_0416_07:39:42 15 6.629375 -6.400625
2024_0416_07:40:20 15 84.909375 98.70625
2024_0416_07:40:27 15 -0.236875 0.146875
2024_0416_07:40:30 16 91.19875 97.046875
2024_0416_07:40:49 16 82.705625 82.535625
2024_0416_07:41:10 16 49.386875 -5.691875
2024_0416_07:41:57 16 0.0375 0.0225
2024_0416_07:42:31 16 -8.19625 56.92
2024_0416_07:42:34 16 0.1325 -0.4025
2024_0416_07:42:53 17 99.45 90.408125
2024_0416_07:43:03 17 98.831875 98.429375
2024_0416_07:43:56 17 -0.40625 21.805625
2024_0416_07:44:38 17 95.634375 97.576875
2024_0416_07:44:43 17 -0.128125 0.235625
2024_0416_07:44:53 17 18.716875 -1.59625
2024_0416_07:45:35 17 -0.25875 16.9025
2024_0416_07:46:42 17 97.50375 99.366875
2024_0416_07:46:49 17 0.01625 -0.3825
2024_0416_07:46:58 18 99.1725 99.256875
2024_0416_07:47:13 18 -0.258125 0.11625
2024_0416_07:48:04 18 17.6 14.95875
2024_0416_07:48:36 18 11.490625 -11.47
2024_0416_07:48:43 18 0.330625 0.0375
2024_0416_07:48:57 18 -0.15375 0.1875
2024_0416_07:49:01 18 99.30625 98.255
2024_0416_07:49:33 19 -5.903125 5.0775
2024_0416_07:50:17 18 17.213125 -17.2
2024_0416_07:50:46 18 19.82 22.0475
2024_0416_07:51:06 19 9.7425 -10.171875
2024_0416_07:51:14 19 25.201875 -25.015625
2024_0416_07:52:09 19 50.86 98.489375
2024_0416_07:52:13 19 7.3825 4.941875
2024_0416_07:52:46 19 15.433125 -15.479375
2024_0416_07:53:04 19 16.6925 16.800625
2024_0416_07:53:15 19 0.07625 0.136875
2024_0416_07:53:19 19 98.869375 99.165
2024_0416_07:54:14 19 17.20625 15.268125
2024_0416_07:54:35 19 -0.295 0.155
2024_0416_07:55:07 19 34.203125 -33.966875
2024_0416_07:55:07 20 54.8475 54.736875
2024_0416_07:55:35 20 -30.099375 30.06
2024_0416_07:56:39 20 0.170625 0.330625
2024_0416_07:56:51 20 0.140625 -0.10125
2024_0416_07:57:22 20 99.185625 98.875625
2024_0416_07:57:39 20 1.04625 0.15375
2024_0416_07:58:26 16 -0.079375 -0.0325
2024_0416_07:58:27 20 10.033125 2.744375
2024_0416_07:58:46 17 -0.135 0.09375
2024_0416_07:58:50 18 -1.21125 97.88
2024_0416_08:03:36 17 55.78125 48.564375
2024_0416_08:03:37 20 49.64 -0.880625
