0.20683000000013646 0.11868500000004831 0.027855000000003193 0.006694999999999811 0.02275500000000163 0.021925000000001377 0.020545000000000955 0.020290000000000877 0.020255000000000866 0.007929999999999762 0.0439749999999993 0.03667500000000213 0.061654999999992445 0.05844999999999369 0.06654999999999617 0.050869999999996626 0.06415999999999378 0.06262999999999225 0.04189000000000011 0.03938000000000108 
2024_0415_14:43:56 2 73.6 99.6
2024_0415_14:43:56 7 99.55 50.0
2024_0415_14:43:56 11 0.05 66.65
2024_0415_14:43:57 3 46.75 98.75
2024_0415_14:43:58 8 -1.45 48.7
2024_0415_14:43:59 4 45.0 98.75
2024_0415_14:44:00 10 49.75 99.55
2024_0415_14:44:00 6 -0.2 48.75
2024_0415_14:44:01 11 -3.1 -1.0
2024_0415_14:44:06 2 49.65 99.5
2024_0415_14:44:07 1 49.7 99.6
2024_0415_14:44:09 1 90.05 99.55
2024_0415_14:44:09 6 17.8 48.8
2024_0415_14:44:09 1 59.1 99.0
2024_0415_14:44:14 9 92.15 99.75
2024_0415_14:50:23 15 -4.95 -0.45
2024_0415_14:50:24 12 16.65 -19.4
2024_0415_14:50:25 13 0.0 0.0
2024_0415_14:50:28 15 2.5 0.65
2024_0415_14:50:28 13 -49.05 49.9
2024_0415_14:50:29 16 -0.1 4.65
2024_0415_14:50:31 14 48.6 62.75
2024_0415_14:50:33 17 0.5 5.6
2024_0415_14:50:35 20 -1.6 -3.85
2024_0415_14:50:37 18 -8.3 11.75
2024_0415_14:50:42 5 5.75 99.9
2024_0415_14:50:46 17 -2.3 1.75
2024_0415_14:50:55 20 -0.05 -1.25
2024_0415_14:51:04 18 31.35 -27.35
2024_0415_14:52:43 19 20.0 21.55
2024_0415_14:59:08 5 99.15 49.9
2024_0415_14:59:09 11 3.55 2.05
2024_0415_14:59:10 1 55.3 99.55
2024_0415_14:59:10 3 47.0 99.35
2024_0415_14:59:10 2 46.1 99.15
2024_0415_14:59:11 2 47.95 99.55
2024_0415_14:59:13 11 49.9 99.8
2024_0415_14:59:14 4 49.8 99.4
2024_0415_14:59:18 8 7.05 46.15
2024_0415_14:59:18 7 99.5 46.85
2024_0415_14:59:19 6 30.2 48.8
2024_0415_14:59:21 11 95.25 73.75
2024_0415_14:59:21 2 45.5 99.85
2024_0415_14:59:24 9 77.2 99.5
2024_0415_14:59:24 10 48.8 97.65
2024_0415_14:59:29 11 1.75 -1.65
2024_0415_15:05:29 11 -1.05 0.25
2024_0415_15:05:34 12 -15.9 17.25
2024_0415_15:05:36 13 14.5 -14.3
2024_0415_15:05:38 15 -3.0 38.15
2024_0415_15:05:38 13 13.15 3.05
2024_0415_15:05:39 13 91.85 98.15
2024_0415_15:05:41 16 -3.25 19.85
2024_0415_15:05:43 13 46.65 98.0
2024_0415_15:05:43 14 58.2 99.65
2024_0415_15:05:45 17 -3.35 -0.6
2024_0415_15:05:49 19 4.3 0.45
2024_0415_15:05:50 18 49.05 98.6
2024_0415_15:05:51 20 -0.15 98.4
2024_0415_15:05:51 20 49.35 -49.65
2024_0415_15:12:15 8 3.2 87.0
2024_0415_15:12:15 11 1.5 0.6
2024_0415_15:12:15 6 60.0 82.75
2024_0415_15:12:17 11 99.7 50.15
2024_0415_15:12:19 12 99.95 48.8
2024_0415_15:12:19 11 49.7 -22.35
2024_0415_15:12:20 10 49.8 99.75
2024_0415_15:12:21 9 49.8 99.7
2024_0415_15:12:27 5 99.65 49.6
2024_0415_15:12:28 1 49.95 99.65
2024_0415_15:12:28 7 99.1 49.6
2024_0415_15:12:30 3 49.95 98.9
2024_0415_15:12:31 2 48.6 99.65
2024_0415_15:12:32 4 44.9 99.45
2024_0415_15:12:33 2 49.9 99.5
2024_0415_15:12:35 10 82.7 99.65
2024_0415_15:18:31 12 1.4 2.85
2024_0415_15:18:34 13 46.5 -4.5
2024_0415_15:18:36 13 2.55 -1.15
2024_0415_15:18:38 14 -0.6 1.95
2024_0415_15:18:42 13 -49.9 49.95
2024_0415_15:18:43 13 94.25 98.75
2024_0415_15:18:44 15 99.6 6.75
2024_0415_15:18:44 13 48.7 98.75
2024_0415_15:19:00 15 26.85 96.6
2024_0415_15:19:01 16 -22.8 9.9
2024_0415_15:19:04 16 17.7 8.9
2024_0415_15:19:08 16 56.35 10.1
2024_0415_15:19:08 18 -71.45 72.35
2024_0415_15:19:08 18 -5.25 -0.2
2024_0415_15:19:09 17 49.7 49.8
2024_0415_15:19:14 18 -11.1 12.85
2024_0415_15:24:48 18 0.85 -0.15
2024_0415_15:24:53 18 -0.15 0.05
2024_0415_15:24:55 19 24.1 -22.7
2024_0415_15:24:57 19 12.55 71.95
2024_0415_15:25:02 20 0.15 -1.1
2024_0415_15:25:04 20 -3.7 0.7
2024_0415_15:25:08 20 -1.2 0.65
2024_0415_15:25:09 20 16.2 -13.45
2024_0415_15:31:12 7 99.55 45.7
2024_0415_15:31:13 8 12.0 48.55
2024_0415_15:31:14 2 49.75 96.0
2024_0415_15:31:15 2 83.95 97.5
2024_0415_15:31:16 3 49.75 98.25
2024_0415_15:31:16 2 49.55 99.7
2024_0415_15:31:17 2 49.7 99.65
2024_0415_15:31:30 5 99.35 74.85
2024_0415_15:31:30 8 16.3 47.35
2024_0415_15:31:31 1 49.8 99.35
2024_0415_15:31:32 2 46.4 99.3
2024_0415_15:31:33 3 49.85 99.2
2024_0415_15:31:34 6 -0.05 63.55
2024_0415_15:31:35 9 49.6 99.65
2024_0415_15:31:38 10 94.55 98.0
2024_0415_15:34:17 11 46.05 42.85
2024_0415_15:37:13 11 2.35 -0.4
2024_0415_15:37:15 11 -0.1 -1.45
2024_0415_15:37:17 11 -1.05 -2.3
2024_0415_15:37:18 11 -0.65 1.1
2024_0415_15:37:19 11 99.45 -2.4
2024_0415_15:37:21 11 -1.65 2.0
2024_0415_15:37:23 11 -50.0 -100.0
2024_0415_15:37:48 12 47.7 49.75
2024_0415_15:37:51 12 49.95 49.55
2024_0415_15:37:51 12 -0.75 -0.25
2024_0415_15:37:52 12 29.35 98.05
2024_0415_15:37:52 13 50.95 -49.2
2024_0415_15:37:54 12 44.55 81.95
2024_0415_15:37:55 12 -2.4 99.2
2024_0415_15:37:59 13 63.4 49.7
2024_0415_15:40:23 13 46.1 -41.6
2024_0415_15:43:21 13 97.6 97.55
2024_0415_15:43:23 13 -1.3 4.1
2024_0415_15:43:24 13 -2.05 16.2
2024_0415_15:43:26 13 2.45 -1.7
2024_0415_15:43:30 13 98.95 99.3
2024_0415_15:43:33 13 -0.05 14.65
2024_0415_15:43:35 13 35.7 11.3
2024_0415_15:44:05 14 1.05 0.0
2024_0415_15:44:08 13 98.85 19.55
2024_0415_15:44:09 14 -2.35 -2.6
2024_0415_15:44:09 14 0.9 -0.8
2024_0415_15:44:12 14 -12.25 9.95
2024_0415_15:44:14 14 92.3 99.3
2024_0415_15:44:15 14 0.3 1.8
2024_0415_15:44:27 14 99.55 44.5
2024_0415_15:46:29 14 12.05 44.8
2024_0415_15:49:30 14 18.5 -4.3
2024_0415_15:49:32 14 99.5 98.9
2024_0415_15:49:34 14 5.05 2.35
2024_0415_15:49:36 14 96.2 98.2
2024_0415_15:49:45 15 -6.05 -3.1
2024_0415_15:50:05 15 -47.25 48.7
2024_0415_15:50:28 15 -0.4 -1.35
2024_0415_15:50:33 15 11.55 25.7
2024_0415_15:50:34 15 1.1 4.5
2024_0415_15:50:36 15 19.85 81.5
2024_0415_15:50:36 15 -1.85 -1.3
2024_0415_15:50:37 15 98.65 98.9
2024_0415_15:50:38 15 -1.1 -1.25
2024_0415_15:50:46 15 -0.5 0.8
2024_0415_15:52:41 15 23.3 22.1
2024_0415_15:54:50 15 -3.75 0.85
2024_0415_15:55:44 16 38.05 79.5
2024_0415_15:55:44 16 38.6 47.8
2024_0415_15:55:44 16 5.9 -7.5
2024_0415_15:55:46 16 9.2 -0.8
2024_0415_15:55:56 16 16.2 -17.0
2024_0415_15:56:17 16 3.15 5.95
2024_0415_15:56:51 17 -3.65 0.75
2024_0415_15:56:51 17 3.45 -0.4
2024_0415_15:56:52 16 -1.3 5.95
2024_0415_15:56:56 17 -78.65 77.85
2024_0415_15:56:57 17 -10.1 6.55
2024_0415_15:56:59 17 47.4 28.3
2024_0415_15:57:08 17 -49.9 49.9
2024_0415_15:58:51 17 0.0 0.7
2024_0415_16:00:09 17 -6.55 4.85
2024_0415_16:01:51 18 -50.0 -100.0
2024_0415_16:01:52 18 -24.3 13.1
2024_0415_16:01:54 18 -49.7 -98.95
2024_0415_16:02:09 18 49.45 -51.0
2024_0415_16:02:26 18 -0.05 0.4
2024_0415_16:03:08 19 -6.7 -12.1
2024_0415_16:03:11 19 -1.05 -1.3
2024_0415_16:03:18 18 41.15 -42.2
2024_0415_16:03:20 19 31.15 -20.7
2024_0415_16:03:21 20 -27.7 5.0
2024_0415_16:03:22 19 -44.65 49.95
2024_0415_16:03:32 20 8.7 1.75
2024_0415_16:05:03 20 -1.45 0.5
2024_0415_16:05:08 20 -2.3 5.0
2024_0415_16:06:03 20 -0.9 3.75
2024_0415_16:06:11 4 72.05 48.8
2024_0415_16:07:51 15 0.75 0.15
2024_0415_16:07:59 18 -11.25 66.9
2024_0415_16:08:09 18 -2.55 8.9
2024_0415_16:08:35 20 -14.4 13.05
2024_0415_16:09:04 17 22.65 -21.2
2024_0415_16:15:12 7 99.7 48.95
2024_0415_16:15:12 2 84.95 99.3
2024_0415_16:15:13 4 48.9 95.75
2024_0415_16:15:13 2 49.55 99.7
2024_0415_16:15:14 2 48.65 99.7
2024_0415_16:15:15 2 49.85 99.65
2024_0415_16:15:16 10 49.85 99.55
2024_0415_16:15:17 10 50.05 97.9
2024_0415_16:15:22 7 98.45 49.3
2024_0415_16:15:23 5 99.25 49.8
2024_0415_16:15:24 1 98.15 99.45
2024_0415_16:15:25 6 0.0 48.8
2024_0415_16:15:27 3 47.6 99.45
2024_0415_16:15:27 9 54.85 99.9
2024_0415_16:15:29 2 47.0 99.45
2024_0415_16:15:31 8 97.3 48.65
2024_0415_16:21:15 11 1.85 2.75
2024_0415_16:21:18 11 -0.65 1.7
2024_0415_16:21:18 11 4.9 -1.85
2024_0415_16:21:20 11 2.85 1.0
2024_0415_16:21:22 11 -1.55 1.15
2024_0415_16:21:22 11 98.1 23.3
2024_0415_16:21:23 11 0.35 -1.9
2024_0415_16:21:24 11 46.55 98.75
2024_0415_16:21:41 11 1.4 1.2
2024_0415_16:21:43 12 -10.55 47.55
2024_0415_16:21:43 12 3.0 -0.8
2024_0415_16:21:44 12 38.8 79.1
2024_0415_16:21:45 12 99.35 24.05
2024_0415_16:21:46 12 67.55 50.0
2024_0415_16:21:50 12 0.0 -4.4
2024_0415_16:21:50 12 0.1 2.5
2024_0415_16:27:22 13 -1.7 0.95
2024_0415_16:27:22 13 -0.6 0.8
2024_0415_16:27:25 13 99.9 -99.9
2024_0415_16:27:30 13 -1.9 2.8
2024_0415_16:27:31 13 99.65 -94.55
2024_0415_16:27:31 13 99.55 87.4
2024_0415_16:27:31 13 0.95 -0.05
2024_0415_16:27:34 13 99.15 99.85
2024_0415_16:27:57 13 3.8 -3.6
2024_0415_16:28:00 13 1.55 -1.85
2024_0415_16:28:02 14 1.6 1.05
2024_0415_16:28:07 13 19.2 11.5
2024_0415_16:28:08 14 98.85 100.0
2024_0415_16:28:12 14 94.4 96.25
2024_0415_16:28:13 14 49.85 96.65
2024_0415_16:28:14 14 24.8 18.65
2024_0415_16:33:29 14 -49.9 99.25
2024_0415_16:33:31 14 2.0 -0.3
2024_0415_16:33:35 14 14.3 47.8
2024_0415_16:33:39 15 0.2 -0.85
2024_0415_16:33:39 14 -1.55 -3.0
2024_0415_16:33:40 14 74.05 79.4
2024_0415_16:33:42 14 1.6 28.55
2024_0415_16:33:47 15 1.95 3.65
2024_0415_16:34:18 15 97.3 99.3
2024_0415_16:34:20 15 -0.8 1.4
2024_0415_16:34:22 15 -79.45 79.1
2024_0415_16:34:28 15 -38.3 46.8
2024_0415_16:34:29 15 0.5 3.35
2024_0415_16:34:32 15 -1.05 -0.8
2024_0415_16:34:33 15 -1.05 0.15
2024_0415_16:34:42 15 95.05 97.25
2024_0415_16:39:37 15 3.7 -1.45
2024_0415_16:39:39 15 38.6 -4.0
2024_0415_16:39:42 16 -9.35 7.3
2024_0415_16:39:43 16 -2.55 3.5
2024_0415_16:39:47 16 -0.1 -4.65
2024_0415_16:39:51 16 11.85 12.85
2024_0415_16:39:54 16 2.3 -2.95
2024_0415_16:39:55 16 2.3 -1.5
2024_0415_16:40:38 16 3.4 1.7
2024_0415_16:40:41 16 -49.95 49.95
2024_0415_16:40:49 17 22.7 74.85
2024_0415_16:40:51 17 97.8 99.35
2024_0415_16:40:54 17 -1.75 -3.65
2024_0415_16:40:56 17 10.4 -10.5
2024_0415_16:41:02 17 -1.3 3.5
2024_0415_16:44:57 17 -0.4 0.75
2024_0415_16:45:44 18 49.8 49.05
2024_0415_16:45:46 18 -1.05 0.45
2024_0415_16:46:00 18 -8.0 13.2
2024_0415_16:46:01 18 99.5 32.0
2024_0415_16:46:01 18 21.8 48.8
2024_0415_16:46:02 18 -1.7 0.85
2024_0415_16:46:05 18 -50.0 50.0
2024_0415_16:46:13 18 66.8 86.0
2024_0415_16:46:57 18 -0.15 2.15
2024_0415_16:47:02 18 -3.75 3.15
2024_0415_16:47:07 19 -0.1 4.85
2024_0415_16:47:15 19 -9.2 20.35
2024_0415_16:47:17 20 -17.7 74.1
2024_0415_16:47:28 20 22.2 -17.9
2024_0415_16:47:37 20 15.45 89.85
2024_0415_16:51:35 20 -99.9 0.0
2024_0415_16:51:49 18 1.05 0.7
2024_0415_16:51:49 17 69.1 49.85
2024_0415_16:51:51 20 -4.8 -1.45
2024_0415_16:54:48 20 99.2 49.15
2024_0415_17:00:55 2 49.95 99.55
2024_0415_17:00:57 2 50.0 99.6
2024_0415_17:00:57 2 49.9 99.1
2024_0415_17:00:57 5 99.75 49.8
2024_0415_17:00:58 2 48.75 99.7
2024_0415_17:00:58 2 48.55 99.25
2024_0415_17:01:00 2 62.45 99.15
2024_0415_17:01:02 3 49.95 99.15
2024_0415_17:01:09 2 47.95 98.95
2024_0415_17:01:10 1 95.95 99.4
2024_0415_17:01:10 7 99.35 49.8
2024_0415_17:01:11 2 48.35 99.0
2024_0415_17:01:12 2 49.4 99.0
2024_0415_17:01:12 4 42.15 97.6
2024_0415_17:01:13 4 47.3 99.4
2024_0415_17:01:13 6 74.25 53.3
2024_0415_17:07:01 7 35.75 99.3
2024_0415_17:07:04 8 79.0 33.65
2024_0415_17:07:04 11 0.8 1.9
2024_0415_17:07:05 8 44.3 7.4
2024_0415_17:07:10 11 90.05 2.15
2024_0415_17:07:10 11 98.5 0.7
2024_0415_17:07:13 10 27.0 98.15
2024_0415_17:07:19 9 49.1 98.75
2024_0415_17:07:27 11 -1.3 0.0
2024_0415_17:07:28 11 0.05 -1.1
2024_0415_17:07:29 11 2.6 -3.0
2024_0415_17:07:29 11 0.75 -9.85
2024_0415_17:07:30 11 94.0 93.8
2024_0415_17:07:30 11 -1.4 2.0
2024_0415_17:07:37 11 -50.0 -99.85
2024_0415_17:07:38 11 49.35 98.5
2024_0415_17:13:05 11 0.6 0.2
2024_0415_17:13:12 11 48.3 44.6
2024_0415_17:13:12 11 1.2 -2.05
2024_0415_17:13:14 11 99.9 -99.9
2024_0415_17:13:17 11 99.35 89.3
2024_0415_17:13:19 11 99.8 33.2
2024_0415_17:13:30 12 99.7 98.3
2024_0415_17:13:31 11 0.0 0.0
2024_0415_17:13:49 12 16.05 -5.7
2024_0415_17:13:50 12 79.4 -1.25
2024_0415_17:13:50 12 0.8 1.2
2024_0415_17:13:50 12 99.55 74.9
2024_0415_17:13:51 12 98.05 99.85
2024_0415_17:13:56 12 49.2 48.65
2024_0415_17:13:57 12 -2.3 0.75
2024_0415_17:13:58 12 49.1 49.3
2024_0415_17:19:10 12 -5.3 3.05
2024_0415_17:19:19 12 48.8 57.8
2024_0415_17:19:21 12 31.2 60.75
2024_0415_17:19:26 12 2.75 -1.6
2024_0415_17:19:26 13 4.8 -0.15
2024_0415_17:19:28 12 85.0 97.55
2024_0415_17:19:36 13 -0.7 -7.0
2024_0415_17:19:38 13 -12.9 7.3
2024_0415_17:20:08 13 47.95 77.75
2024_0415_17:20:12 13 97.4 90.2
2024_0415_17:20:13 13 49.85 95.05
2024_0415_17:20:14 13 5.25 -4.7
2024_0415_17:20:16 13 45.15 39.5
2024_0415_17:20:18 13 97.15 93.7
2024_0415_17:20:18 13 50.0 51.45
2024_0415_17:20:20 13 98.65 47.55
2024_0415_17:25:16 13 0.05 0.55
2024_0415_17:25:27 13 47.85 48.4
2024_0415_17:25:35 13 48.95 49.75
2024_0415_17:25:36 13 93.6 64.75
2024_0415_17:25:37 13 0.0 0.0
2024_0415_17:25:41 13 -0.6 0.0
2024_0415_17:25:42 13 -0.45 -1.4
2024_0415_17:25:46 13 -49.9 49.9
2024_0415_17:26:28 13 -0.75 -0.55
2024_0415_17:26:32 13 -1.95 -2.05
2024_0415_17:26:32 13 1.05 -1.8
2024_0415_17:26:35 13 35.7 99.55
2024_0415_17:26:37 14 0.25 -2.3
2024_0415_17:26:38 14 -49.85 49.85
2024_0415_17:26:40 14 65.05 63.85
2024_0415_17:26:42 14 14.3 18.2
2024_0415_17:31:26 14 1.55 7.7
2024_0415_17:31:34 14 21.7 -22.05
2024_0415_17:31:44 14 -9.75 15.75
2024_0415_17:31:48 14 -0.15 97.6
2024_0415_17:31:50 14 70.0 92.5
2024_0415_17:31:51 14 27.05 78.75
2024_0415_17:31:54 14 -17.75 -10.3
2024_0415_17:32:49 14 35.3 48.95
2024_0415_17:32:52 14 -49.95 -99.9
2024_0415_17:32:54 14 99.45 46.4
2024_0415_17:32:55 14 -9.55 97.8
2024_0415_17:32:56 14 14.95 22.15
2024_0415_17:32:56 14 -22.0 18.05
2024_0415_17:32:58 14 49.65 78.85
2024_0415_17:33:06 14 98.6 24.75
2024_0415_17:34:37 14 6.5 8.35
2024_0415_17:37:39 15 3.65 -3.15
2024_0415_17:37:40 14 8.05 21.4
2024_0415_17:37:53 15 53.95 41.7
2024_0415_17:37:57 15 28.5 -27.5
2024_0415_17:37:58 15 1.85 14.1
2024_0415_17:38:00 15 -96.2 99.6
2024_0415_17:38:04 15 66.1 48.15
2024_0415_17:39:11 15 57.6 50.0
2024_0415_17:39:16 15 64.8 48.0
2024_0415_17:39:16 15 -1.4 -0.5
2024_0415_17:39:17 15 40.6 0.4
2024_0415_17:39:23 15 -5.6 -2.75
2024_0415_17:39:24 15 0.05 -1.45
2024_0415_17:39:26 15 -13.2 11.6
2024_0415_17:39:39 15 48.1 0.3
2024_0415_17:40:40 15 0.0 1.1
2024_0415_17:43:42 15 -0.15 -0.55
2024_0415_17:43:52 15 81.15 38.05
2024_0415_17:43:59 15 -0.35 -2.6
2024_0415_17:44:02 15 -0.3 0.9
2024_0415_17:44:04 15 1.35 -3.75
2024_0415_17:44:08 15 97.5 68.15
2024_0415_17:44:11 15 -2.75 0.7
2024_0415_17:45:33 16 -4.0 -1.2
2024_0415_17:45:36 16 0.4 5.15
2024_0415_17:45:36 16 2.6 0.65
2024_0415_17:45:38 16 -10.85 10.45
2024_0415_17:45:43 16 -1.1 0.1
2024_0415_17:45:48 16 44.15 7.25
2024_0415_17:45:50 16 38.15 98.9
2024_0415_17:45:59 16 99.8 98.05
2024_0415_17:46:45 16 2.05 13.35
2024_0415_17:49:52 16 72.35 40.6
2024_0415_17:50:06 16 1.75 14.9
2024_0415_17:50:07 16 -34.0 49.7
2024_0415_17:50:09 16 -0.5 -2.25
2024_0415_17:50:12 16 -7.8 7.35
2024_0415_17:50:14 17 2.4 1.75
2024_0415_17:50:28 17 -7.15 -0.65
2024_0415_17:51:58 17 -1.05 -5.05
2024_0415_17:51:58 17 5.8 37.05
2024_0415_17:52:02 17 38.5 11.25
2024_0415_17:52:04 17 -24.55 45.5
2024_0415_17:52:09 17 3.2 1.95
2024_0415_17:52:12 17 20.15 12.0
2024_0415_17:52:21 17 48.6 88.95
2024_0415_17:52:54 17 45.85 14.45
2024_0415_17:54:21 17 4.85 -0.6
2024_0415_17:56:01 17 0.0 -0.1
2024_0415_17:56:17 17 -9.45 0.85
2024_0415_17:56:24 17 17.65 15.6
2024_0415_17:56:40 17 8.5 12.7
2024_0415_17:56:52 17 8.95 9.55
2024_0415_17:58:21 18 -3.85 -0.75
2024_0415_17:58:23 18 49.65 93.8
2024_0415_17:58:24 18 49.65 99.1
2024_0415_17:58:29 18 1.55 -0.65
2024_0415_17:58:32 18 -0.2 -0.55
2024_0415_17:58:40 18 -1.75 -4.8
2024_0415_17:58:41 18 -1.35 -1.65
2024_0415_17:58:42 18 -19.25 19.2
2024_0415_17:59:05 18 -1.95 -0.2
2024_0415_17:59:28 18 11.4 -10.85
2024_0415_18:00:47 18 94.25 98.75
2024_0415_18:02:30 18 35.95 56.6
2024_0415_18:02:41 18 4.9 0.0
2024_0415_18:02:54 18 4.85 -0.5
2024_0415_18:03:02 18 79.95 97.35
2024_0415_18:03:58 18 -49.95 50.05
2024_0415_18:04:40 18 99.9 -49.95
2024_0415_18:04:41 18 26.8 -27.35
2024_0415_18:04:45 18 5.7 7.6
2024_0415_18:04:52 19 83.25 -50.55
2024_0415_18:04:53 18 58.35 98.65
2024_0415_18:04:59 18 20.6 13.95
2024_0415_18:05:00 18 -9.5 11.15
2024_0415_18:05:15 19 17.65 -19.6
2024_0415_18:05:16 19 -4.9 -0.25
2024_0415_18:07:10 19 31.0 93.75
2024_0415_18:08:39 19 49.85 49.4
2024_0415_18:08:53 19 46.4 49.0
2024_0415_18:09:11 20 9.5 -6.7
2024_0415_18:09:18 20 1.05 -4.55
2024_0415_18:10:15 20 83.95 61.5
2024_0415_18:11:03 20 10.0 -6.5
2024_0415_18:11:03 20 48.8 -0.35
2024_0415_18:11:07 20 94.55 48.0
2024_0415_18:11:11 20 0.05 0.2
2024_0415_18:11:16 20 -13.3 16.9
2024_0415_18:11:19 20 1.45 1.55
2024_0415_18:11:27 20 38.85 62.9
2024_0415_18:11:32 20 -0.3 2.8
2024_0415_18:11:38 20 0.0 48.1
2024_0415_18:13:25 20 -99.9 49.95
2024_0415_18:14:47 14 49.7 97.2
2024_0415_18:15:03 17 15.95 -16.2
2024_0415_18:15:07 15 93.8 94.1
2024_0415_18:15:24 17 11.9 -16.05
2024_0415_18:15:34 17 9.95 -9.1
2024_0415_18:16:18 17 2.25 -3.95
2024_0415_18:17:02 17 17.25 -12.05
2024_0415_18:17:11 18 0.75 0.75
2024_0415_18:17:12 19 48.5 25.85
2024_0415_18:17:22 20 28.5 89.3
2024_0415_18:23:34 8 0.05 48.9
2024_0415_18:23:35 2 49.55 99.3
2024_0415_18:23:37 2 90.9 99.9
2024_0415_18:23:38 7 96.1 49.7
2024_0415_18:23:38 6 35.05 48.5
2024_0415_18:23:39 3 46.9 98.15
2024_0415_18:23:44 4 49.45 99.4
2024_0415_18:23:52 2 49.65 99.35
2024_0415_18:23:53 2 49.85 97.5
2024_0415_18:24:05 7 98.05 49.65
2024_0415_18:24:10 1 49.75 99.0
2024_0415_18:24:22 2 91.9 99.7
2024_0415_18:24:24 4 38.8 98.85
2024_0415_18:24:26 5 99.45 49.85
2024_0415_18:24:29 2 49.75 99.4
2024_0415_18:24:39 2 47.95 99.55
2024_0415_18:29:52 8 -0.85 68.45
2024_0415_18:29:55 11 4.5 4.5
2024_0415_18:29:55 9 48.8 98.8
2024_0415_18:29:57 10 47.6 98.2
2024_0415_18:29:59 11 -49.9 -99.8
2024_0415_18:30:01 11 5.0 2.45
2024_0415_18:30:03 11 98.4 -52.3
2024_0415_18:30:08 11 -2.55 -0.25
2024_0415_18:30:13 11 36.85 42.7
2024_0415_18:30:15 11 1.35 -1.6
2024_0415_18:30:30 11 -6.7 -1.05
2024_0415_18:30:30 11 -0.75 -0.3
2024_0415_18:30:31 11 93.25 28.1
2024_0415_18:30:36 11 0.55 -1.7
2024_0415_18:30:44 11 1.75 1.5
2024_0415_18:33:22 11 -2.75 0.35
2024_0415_18:36:04 12 1.7 -0.35
2024_0415_18:36:11 11 34.65 0.4
2024_0415_18:36:12 11 0.4 -0.6
2024_0415_18:36:14 11 41.25 -1.35
2024_0415_18:36:15 11 0.3 1.5
2024_0415_18:36:19 11 49.65 49.0
2024_0415_18:36:20 12 99.8 7.15
2024_0415_18:36:21 12 98.8 38.65
2024_0415_18:36:26 12 -5.5 -2.3
2024_0415_18:36:26 12 19.4 30.35
2024_0415_18:36:34 12 -21.95 21.95
2024_0415_18:36:35 12 3.15 22.8
2024_0415_18:36:35 12 -8.8 41.7
2024_0415_18:36:39 12 2.85 -0.75
2024_0415_18:36:46 12 -2.6 2.65
2024_0415_18:39:46 12 -1.8 2.1
2024_0415_18:42:10 12 47.25 50.15
2024_0415_18:42:20 13 -4.85 -0.25
2024_0415_18:42:22 13 -2.85 -1.25
2024_0415_18:42:31 13 1.05 0.2
2024_0415_18:42:35 13 48.8 42.95
2024_0415_18:42:36 13 94.7 98.4
2024_0415_18:42:39 13 -0.05 1.65
2024_0415_18:42:40 13 37.3 -10.5
2024_0415_18:42:41 12 24.4 43.35
2024_0415_18:42:42 13 -1.3 -2.3
2024_0415_18:42:44 13 -1.25 1.8
2024_0415_18:42:44 13 42.9 96.75
2024_0415_18:42:48 13 79.25 80.35
2024_0415_18:42:48 13 2.25 1.15
2024_0415_18:42:57 13 -0.1 5.3
2024_0415_18:46:09 13 -99.9 99.9
2024_0415_18:48:15 13 -49.9 49.9
2024_0415_18:48:22 13 -1.05 -1.1
2024_0415_18:48:24 13 1.2 -1.7
2024_0415_18:48:42 13 10.35 24.85
2024_0415_18:48:47 14 -2.2 -0.1
2024_0415_18:48:47 13 22.85 99.25
2024_0415_18:48:49 14 -49.95 49.95
2024_0415_18:48:51 13 42.85 63.95
2024_0415_18:48:53 13 -1.35 -1.65
2024_0415_18:48:56 14 75.85 49.45
2024_0415_18:48:56 13 13.55 -12.15
2024_0415_18:48:59 13 0.7 2.65
2024_0415_18:49:02 14 -2.8 -3.15
2024_0415_18:49:06 14 0.9 -1.0
2024_0415_18:49:20 14 27.35 2.15
2024_0415_18:52:33 14 -2.2 1.25
2024_0415_18:54:17 14 -0.05 -0.55
2024_0415_18:54:28 14 -4.45 58.7
2024_0415_18:54:29 14 -1.55 3.6
2024_0415_18:54:46 14 -0.25 32.55
2024_0415_18:54:53 14 -3.35 2.75
2024_0415_18:54:54 14 21.6 11.05
2024_0415_18:54:59 14 7.65 98.05
2024_0415_18:55:01 14 -2.15 99.65
2024_0415_18:55:12 14 -3.7 3.25
2024_0415_18:55:16 14 -73.3 99.9
2024_0415_18:55:17 14 70.1 47.4
2024_0415_18:55:22 14 1.45 -0.95
2024_0415_18:55:24 14 -18.8 21.6
2024_0415_18:55:28 14 -1.55 44.3
2024_0415_18:55:47 14 50.0 -47.55
2024_0415_18:59:01 15 21.6 48.15
2024_0415_19:00:26 15 67.5 49.75
2024_0415_19:00:28 15 0.7 -2.95
2024_0415_19:00:42 15 74.3 40.5
2024_0415_19:00:58 15 -1.35 -1.85
2024_0415_19:01:01 15 0.0 0.2
2024_0415_19:01:04 15 97.4 99.6
2024_0415_19:01:12 15 1.15 -0.95
2024_0415_19:01:37 15 80.05 78.8
2024_0415_19:01:43 15 8.9 13.75
2024_0415_19:01:47 15 -0.1 1.85
2024_0415_19:01:50 15 21.2 32.65
2024_0415_19:01:50 15 0.4 -0.25
2024_0415_19:01:58 15 55.0 -6.3
2024_0415_19:02:14 15 3.45 -1.85
2024_0415_19:04:40 15 95.75 97.45
2024_0415_19:05:26 15 2.35 -2.1
2024_0415_19:06:32 15 43.05 92.1
2024_0415_19:06:37 15 17.0 95.1
2024_0415_19:06:47 15 0.35 -0.6
2024_0415_19:07:04 15 14.05 11.8
2024_0415_19:07:04 15 51.15 64.8
2024_0415_19:07:05 16 -2.7 -2.05
2024_0415_19:07:59 16 0.35 -2.25
2024_0415_19:08:09 16 -4.0 47.8
2024_0415_19:08:11 16 -9.15 8.25
2024_0415_19:08:12 16 -0.1 98.55
2024_0415_19:08:15 16 1.6 -0.55
2024_0415_19:08:18 16 49.9 73.2
2024_0415_19:08:21 16 15.6 2.45
2024_0415_19:10:43 16 -24.3 61.9
2024_0415_19:10:59 16 9.65 29.8
2024_0415_19:11:56 16 26.85 32.3
2024_0415_19:12:47 16 49.55 44.95
2024_0415_19:12:53 17 -2.15 87.15
2024_0415_19:13:08 17 -1.85 3.55
2024_0415_19:13:16 17 78.1 53.7
2024_0415_19:13:17 17 49.85 7.6
2024_0415_19:13:50 17 1.8 3.65
2024_0415_19:14:21 17 1.65 -2.2
2024_0415_19:14:35 17 5.35 2.05
2024_0415_19:14:35 17 -0.05 15.4
2024_0415_19:14:40 17 20.4 36.4
2024_0415_19:14:49 17 -5.55 -1.25
2024_0415_19:16:48 17 14.8 12.45
2024_0415_19:17:28 17 30.45 12.5
2024_0415_19:18:04 17 2.35 -1.4
2024_0415_19:18:25 17 0.05 -0.9
2024_0415_19:18:52 17 28.65 -16.1
2024_0415_19:19:00 17 99.1 -4.05
2024_0415_19:19:08 17 -3.65 -1.8
2024_0415_19:19:21 18 -1.1 2.65
2024_0415_19:19:23 18 55.9 41.75
2024_0415_19:19:55 18 27.55 46.25
2024_0415_19:20:45 18 44.6 99.55
2024_0415_19:21:05 18 -10.4 9.95
2024_0415_19:21:05 18 0.25 -1.05
2024_0415_19:21:07 18 48.7 -41.6
2024_0415_19:21:26 18 -36.1 47.75
2024_0415_19:22:53 18 -23.55 20.1
2024_0415_19:23:57 18 13.6 14.1
2024_0415_19:24:30 18 0.0 1.5
2024_0415_19:24:45 18 -50.0 -98.6
2024_0415_19:25:04 18 0.15 -0.45
2024_0415_19:25:05 18 35.55 77.55
2024_0415_19:25:07 18 -0.35 -1.5
2024_0415_19:25:25 18 -99.95 100.0
2024_0415_19:25:33 18 15.65 11.55
2024_0415_19:25:40 18 -0.95 71.2
2024_0415_19:25:57 18 1.0 0.35
2024_0415_19:27:03 18 4.25 -2.2
2024_0415_19:27:34 19 -0.85 24.8
2024_0415_19:27:40 19 90.35 96.55
2024_0415_19:29:00 19 8.15 0.5
2024_0415_19:30:27 19 -0.75 -3.35
2024_0415_19:30:56 19 25.45 -23.85
2024_0415_19:31:13 19 -10.25 10.75
2024_0415_19:31:14 19 12.25 -10.2
2024_0415_19:31:15 19 99.8 -7.0
2024_0415_19:31:28 19 1.9 -2.55
2024_0415_19:31:31 19 37.0 19.45
2024_0415_19:31:52 20 39.6 33.45
2024_0415_19:32:04 20 -28.6 49.75
2024_0415_19:32:26 20 77.95 44.15
2024_0415_19:34:03 20 0.1 -2.0
2024_0415_19:34:07 20 -1.45 9.75
2024_0415_19:34:07 20 3.2 -1.25
2024_0415_19:35:10 20 87.15 92.9
2024_0415_19:37:01 20 9.1 -11.65
2024_0415_19:37:20 10 98.0 63.55
2024_0415_19:37:21 15 49.7 49.65
2024_0415_19:37:30 16 7.1 -11.3
2024_0415_19:37:32 16 91.1 34.3
2024_0415_19:37:40 20 -61.85 69.45
2024_0415_19:37:54 17 29.7 20.55
2024_0415_19:38:07 17 99.9 -44.55
2024_0415_19:38:49 18 18.55 -17.6
2024_0415_19:38:55 18 0.0 0.2
2024_0415_19:40:10 19 -6.25 69.65
2024_0415_19:40:21 19 40.35 98.85
2024_0415_19:40:25 20 17.7 6.85
2024_0415_19:40:31 20 2.95 -1.5
2024_0415_19:41:04 20 99.7 43.65
2024_0415_19:41:26 20 -6.1 8.1
2024_0415_19:43:03 16 -0.25 -2.7
2024_0415_19:49:09 2 49.85 99.1
2024_0415_19:49:09 2 75.0 99.45
2024_0415_19:49:10 2 49.85 99.3
2024_0415_19:49:10 2 49.9 99.85
2024_0415_19:49:12 4 49.45 98.05
2024_0415_19:49:12 2 49.8 99.5
2024_0415_19:49:13 3 49.7 98.55
2024_0415_19:49:13 2 50.0 96.55
2024_0415_19:49:28 2 44.4 99.2
2024_0415_19:49:28 2 48.2 99.1
2024_0415_19:49:28 1 49.9 99.55
2024_0415_19:49:28 1 49.55 99.5
2024_0415_19:49:29 2 46.95 99.5
2024_0415_19:49:31 2 98.05 99.7
2024_0415_19:49:31 2 46.3 98.35
2024_0415_19:49:32 3 48.95 99.4
2024_0415_19:55:17 7 81.2 99.5
2024_0415_19:55:17 8 41.6 -23.1
2024_0415_19:55:18 8 73.7 28.6
2024_0415_19:55:18 4 29.85 90.55
2024_0415_19:55:18 6 79.25 97.1
2024_0415_19:55:19 7 56.2 99.0
2024_0415_19:55:22 9 93.95 98.25
2024_0415_19:55:49 11 -73.3 99.9
2024_0415_19:55:51 11 5.35 -1.05
2024_0415_19:55:52 11 1.85 -4.55
2024_0415_19:55:53 11 -1.65 46.5
2024_0415_19:55:54 11 1.4 0.45
2024_0415_19:55:55 10 48.55 98.4
2024_0415_19:55:55 10 43.5 98.6
2024_0415_19:55:57 11 25.55 97.5
2024_0415_19:59:54 11 -50.95 49.85
2024_0415_20:01:21 11 45.8 48.5
2024_0415_20:01:22 11 4.9 -0.4
2024_0415_20:01:22 11 82.45 -1.25
2024_0415_20:01:23 11 -0.75 0.9
2024_0415_20:01:25 11 99.55 38.25
2024_0415_20:01:25 11 99.0 99.75
2024_0415_20:01:29 11 99.65 43.4
2024_0415_20:02:13 11 1.5 1.1
2024_0415_20:02:13 11 0.65 2.45
2024_0415_20:02:15 11 -4.8 -3.9
2024_0415_20:02:16 11 3.1 -0.3
2024_0415_20:02:19 11 59.9 43.55
2024_0415_20:02:21 11 0.75 -0.7
2024_0415_20:02:26 11 -1.0 -5.0
2024_0415_20:02:28 11 1.8 1.85
2024_0415_20:06:00 11 48.45 92.55
2024_0415_20:07:24 11 44.25 46.9
2024_0415_20:07:26 11 45.4 70.45
2024_0415_20:07:30 11 50.1 82.85
2024_0415_20:07:31 11 55.6 36.8
2024_0415_20:07:31 12 -1.4 1.65
2024_0415_20:07:36 11 13.95 14.9
2024_0415_20:07:38 12 48.75 93.7
2024_0415_20:08:37 12 -1.05 0.4
2024_0415_20:08:37 12 -1.4 -4.75
2024_0415_20:08:38 12 92.65 98.5
2024_0415_20:08:39 12 0.1 76.4
2024_0415_20:08:42 12 -2.25 0.2
2024_0415_20:08:47 12 98.7 99.15
2024_0415_20:08:51 12 -2.5 -3.1
2024_0415_20:08:52 12 2.45 -2.6
2024_0415_20:12:08 12 95.9 48.95
2024_0415_20:13:28 12 2.9 1.1
2024_0415_20:13:28 12 -2.5 -1.65
2024_0415_20:13:37 12 98.25 99.45
2024_0415_20:13:37 12 19.35 9.1
2024_0415_20:13:43 12 99.5 49.3
2024_0415_20:13:43 12 1.05 2.85
2024_0415_20:13:44 12 1.95 -2.75
2024_0415_20:14:58 12 -1.15 5.0
2024_0415_20:14:59 12 0.9 4.25
2024_0415_20:15:03 12 -49.9 49.9
2024_0415_20:15:09 13 0.35 25.0
2024_0415_20:15:12 13 -3.05 54.8
2024_0415_20:15:13 13 2.4 -0.85
2024_0415_20:15:20 13 53.1 49.7
2024_0415_20:15:21 13 83.55 46.4
2024_0415_20:18:12 13 -0.9 -1.85
2024_0415_20:19:32 13 -0.85 1.35
2024_0415_20:19:36 13 46.55 95.45
2024_0415_20:19:44 13 -99.9 -99.9
2024_0415_20:19:45 13 -8.5 92.65
2024_0415_20:19:47 13 -0.75 87.85
2024_0415_20:19:50 13 0.75 -1.95
2024_0415_20:19:52 13 99.2 84.85
2024_0415_20:21:23 13 -3.6 0.2
2024_0415_20:21:25 13 -49.9 -99.8
2024_0415_20:21:31 13 5.65 97.7
2024_0415_20:21:34 13 9.8 -10.65
2024_0415_20:21:36 13 4.7 -1.2
2024_0415_20:21:38 13 -5.85 58.65
2024_0415_20:21:47 13 48.45 97.0
2024_0415_20:21:48 13 99.65 78.5
2024_0415_20:24:19 13 80.3 37.25
2024_0415_20:25:38 13 -0.25 0.1
2024_0415_20:25:38 13 -2.25 4.15
2024_0415_20:25:51 13 -49.95 49.95
2024_0415_20:25:53 13 10.8 -11.6
2024_0415_20:25:55 13 70.1 49.5
2024_0415_20:25:56 13 -22.8 32.6
2024_0415_20:25:57 13 -4.5 39.4
2024_0415_20:27:46 13 -1.1 -0.95
2024_0415_20:27:52 13 65.55 39.95
2024_0415_20:27:56 13 -2.95 2.4
2024_0415_20:28:00 13 50.35 49.9
2024_0415_20:28:00 14 98.35 99.45
2024_0415_20:28:02 14 -2.5 -0.25
2024_0415_20:28:11 14 2.4 0.05
2024_0415_20:28:17 14 66.85 49.75
2024_0415_20:30:24 14 0.1 1.2
2024_0415_20:31:45 14 -0.05 98.8
2024_0415_20:31:47 14 -21.75 23.1
2024_0415_20:31:55 14 -1.65 4.4
2024_0415_20:31:58 14 49.75 -49.85
2024_0415_20:32:03 14 53.0 1.7
2024_0415_20:32:03 14 45.6 84.75
2024_0415_20:32:04 14 -99.3 -99.7
2024_0415_20:34:10 14 -8.75 12.6
2024_0415_20:34:23 14 1.15 -2.35
2024_0415_20:34:24 14 1.9 -3.6
2024_0415_20:34:24 14 97.2 -9.3
2024_0415_20:34:26 14 -13.4 13.35
2024_0415_20:34:27 14 10.35 78.8
2024_0415_20:34:28 14 1.35 0.2
2024_0415_20:34:44 14 98.25 98.2
2024_0415_20:36:28 14 -1.05 -2.9
2024_0415_20:37:52 14 43.8 43.85
2024_0415_20:38:02 14 4.5 -0.6
2024_0415_20:38:06 14 64.8 54.25
2024_0415_20:38:09 14 20.0 12.2
2024_0415_20:38:10 14 -0.55 -1.35
2024_0415_20:38:11 14 66.4 48.1
2024_0415_20:38:14 14 49.75 54.2
2024_0415_20:40:30 15 99.9 -99.9
2024_0415_20:40:47 14 2.5 7.5
2024_0415_20:40:51 14 72.85 -3.2
2024_0415_20:41:12 15 -2.2 38.0
2024_0415_20:41:34 15 49.3 20.35
2024_0415_20:42:41 15 -2.75 1.3
2024_0415_20:43:59 15 1.05 -0.1
2024_0415_20:43:59 15 0.0 -0.5
2024_0415_20:44:07 15 2.85 4.25
2024_0415_20:44:15 15 49.8 -49.95
2024_0415_20:44:19 15 99.0 99.9
2024_0415_20:44:23 15 50.0 -50.0
2024_0415_20:44:36 15 -5.2 11.85
2024_0415_20:45:07 15 -3.1 -0.35
2024_0415_20:46:37 15 1.05 0.8
2024_0415_20:47:12 15 3.5 4.6
2024_0415_20:47:13 15 16.1 49.95
2024_0415_20:47:16 15 -7.4 2.35
2024_0415_20:47:35 15 -0.3 32.3
2024_0415_20:47:57 15 2.5 -0.9
2024_0415_20:48:48 15 32.85 3.15
2024_0415_20:49:12 15 2.9 -1.35
2024_0415_20:50:06 15 -2.65 -0.2
2024_0415_20:50:16 15 75.5 86.1
2024_0415_20:50:27 15 0.05 0.8
2024_0415_20:50:28 15 20.4 99.45
2024_0415_20:50:33 15 -1.35 0.3
2024_0415_20:50:35 15 16.8 99.15
2024_0415_20:51:00 15 1.2 1.4
2024_0415_20:52:49 15 -1.05 98.7
2024_0415_20:53:35 15 7.35 21.25
2024_0415_20:53:35 15 -4.75 0.9
2024_0415_20:53:49 15 -7.2 5.4
2024_0415_20:54:03 15 11.0 73.3
2024_0415_20:54:22 15 98.55 25.15
2024_0415_20:55:02 16 49.05 98.25
2024_0415_20:55:25 16 48.95 97.3
2024_0415_20:56:16 16 47.6 -0.6
2024_0415_20:56:24 16 49.85 49.55
2024_0415_20:56:41 16 53.1 91.25
2024_0415_20:56:51 16 -0.7 0.3
2024_0415_20:56:53 16 39.95 45.85
2024_0415_20:57:00 16 26.3 25.0
2024_0415_20:57:22 16 13.65 7.45
2024_0415_20:57:30 16 5.55 1.35
2024_0415_20:59:02 16 70.95 96.4
2024_0415_20:59:59 16 49.0 73.55
2024_0415_21:00:14 16 51.7 18.4
2024_0415_21:00:20 16 49.6 94.15
2024_0415_21:00:38 16 50.0 -42.8
2024_0415_21:00:50 16 45.9 56.0
2024_0415_21:01:31 16 2.05 -1.75
2024_0415_21:02:25 16 3.7 0.3
2024_0415_21:02:34 16 98.4 83.6
2024_0415_21:02:54 16 28.05 -3.65
2024_0415_21:03:07 17 5.45 -6.3
2024_0415_21:03:16 16 -3.1 13.05
2024_0415_21:03:19 16 38.8 41.6
2024_0415_21:03:56 17 99.6 4.8
2024_0415_21:03:58 17 0.0 -0.8
2024_0415_21:05:14 17 0.85 -2.8
2024_0415_21:06:27 17 3.9 -7.25
2024_0415_21:06:39 17 1.6 -2.9
2024_0415_21:06:45 17 16.3 -4.0
2024_0415_21:06:55 17 15.1 -15.55
2024_0415_21:07:04 17 57.3 -4.7
2024_0415_21:07:22 17 53.3 -27.4
2024_0415_21:07:41 17 11.2 -6.15
2024_0415_21:08:34 17 -2.6 -3.05
2024_0415_21:08:45 17 49.1 20.15
2024_0415_21:09:12 17 82.7 40.5
2024_0415_21:09:20 17 49.65 99.5
2024_0415_21:09:25 17 57.35 96.6
2024_0415_21:09:47 17 56.65 62.15
2024_0415_21:10:19 17 0.4 2.05
2024_0415_21:10:27 17 94.9 48.3
2024_0415_21:11:21 17 3.55 -0.7
2024_0415_21:12:57 17 0.65 0.3
2024_0415_21:13:03 17 -0.9 0.0
2024_0415_21:13:10 17 18.25 19.45
2024_0415_21:13:15 17 21.8 60.95
2024_0415_21:13:32 17 -2.4 3.75
2024_0415_21:13:48 17 9.35 3.05
2024_0415_21:13:51 17 49.45 99.05
2024_0415_21:14:49 17 6.15 7.6
2024_0415_21:14:56 18 -0.65 24.85
2024_0415_21:15:32 18 2.55 0.0
2024_0415_21:15:34 18 6.05 45.8
2024_0415_21:15:35 18 49.95 98.05
2024_0415_21:16:13 18 0.15 0.8
2024_0415_21:16:48 18 49.85 99.1
2024_0415_21:16:52 18 -9.25 12.7
2024_0415_21:17:33 18 -2.95 -2.7
2024_0415_21:19:14 18 40.55 99.75
2024_0415_21:19:25 18 -0.5 0.8
2024_0415_21:19:37 18 0.65 -0.35
2024_0415_21:19:42 18 4.25 3.55
2024_0415_21:19:58 18 1.2 0.95
2024_0415_21:19:58 18 -3.1 99.3
2024_0415_21:20:18 18 88.6 96.75
2024_0415_21:21:02 18 -49.3 44.55
2024_0415_21:21:11 18 -1.2 7.7
2024_0415_21:21:39 18 -30.1 32.95
2024_0415_21:21:41 18 32.8 9.8
2024_0415_21:21:47 18 6.7 -9.3
2024_0415_21:22:52 18 -3.1 1.7
2024_0415_21:23:17 18 27.8 73.85
2024_0415_21:23:19 18 2.3 3.0
2024_0415_21:23:44 18 85.8 51.2
2024_0415_21:25:21 18 1.85 2.05
2024_0415_21:25:55 18 48.25 84.5
2024_0415_21:26:04 18 98.05 99.6
2024_0415_21:26:08 18 -2.75 -3.55
2024_0415_21:26:08 18 14.5 12.75
2024_0415_21:26:28 18 63.55 93.4
2024_0415_21:26:41 18 43.05 -0.25
2024_0415_21:27:12 18 2.8 2.5
2024_0415_21:27:32 18 12.35 -3.5
2024_0415_21:27:45 19 -50.05 49.9
2024_0415_21:27:51 19 46.05 -25.15
2024_0415_21:27:52 19 49.8 -48.9
2024_0415_21:29:21 19 -0.35 0.85
2024_0415_21:29:43 19 13.9 -12.8
2024_0415_21:29:44 19 -41.35 49.95
2024_0415_21:30:08 19 -0.45 6.35
2024_0415_21:31:28 19 -99.9 99.9
2024_0415_21:32:14 19 79.8 -80.3
2024_0415_21:32:31 19 -50.15 48.65
2024_0415_21:32:34 19 33.9 49.3
2024_0415_21:32:37 19 2.0 6.4
2024_0415_21:32:54 19 0.75 -2.55
2024_0415_21:33:07 19 98.25 97.9
2024_0415_21:33:19 19 0.85 1.4
2024_0415_21:33:55 19 -1.3 0.4
2024_0415_21:33:55 19 0.15 -1.35
2024_0415_21:34:12 19 -1.0 -0.6
2024_0415_21:35:53 20 1.25 -1.95
2024_0415_21:36:09 20 99.6 49.95
2024_0415_21:36:18 20 3.4 12.85
2024_0415_21:36:22 20 49.75 99.75
2024_0415_21:36:49 20 15.3 62.75
2024_0415_21:39:04 20 -1.7 -3.8
2024_0415_21:39:09 20 1.15 1.75
2024_0415_21:39:22 20 97.3 -0.05
2024_0415_21:39:32 20 -1.45 3.65
2024_0415_21:39:35 20 99.45 56.95
2024_0415_21:39:55 20 9.9 -10.35
2024_0415_21:40:02 20 0.5 -1.9
2024_0415_21:40:03 20 3.25 -1.0
2024_0415_21:40:05 20 0.0 -2.3
2024_0415_21:40:19 20 2.45 1.45
2024_0415_21:41:40 20 -20.6 40.9
2024_0415_21:42:18 5 79.8 99.6
2024_0415_21:42:22 14 50.0 98.3
2024_0415_21:42:34 14 48.1 35.75
2024_0415_21:42:44 14 -2.25 1.1
2024_0415_21:42:49 14 39.6 25.65
2024_0415_21:45:24 15 2.5 -7.5
2024_0415_21:45:30 18 49.25 49.75
2024_0415_21:45:36 16 5.7 -10.35
2024_0415_21:45:45 19 17.05 4.25
2024_0415_21:45:59 20 99.65 34.85
2024_0415_21:49:36 20 3.0 13.15
2024_0415_21:50:22 15 99.2 47.05
2024_0415_21:51:09 20 62.95 99.65
2024_0415_21:57:15 2 47.75 99.15
2024_0415_21:57:16 1 49.65 98.65
2024_0415_21:57:17 1 96.25 99.95
2024_0415_21:57:17 2 47.55 99.45
2024_0415_21:57:18 2 70.3 99.35
2024_0415_21:57:18 2 49.85 99.7
2024_0415_21:57:19 2 81.9 99.55
2024_0415_21:57:31 2 45.4 98.15
2024_0415_21:57:32 2 49.0 99.0
2024_0415_21:57:32 1 49.45 99.2
2024_0415_21:57:32 1 49.9 99.7
2024_0415_21:57:32 1 71.25 99.2
2024_0415_21:57:33 2 89.25 98.7
2024_0415_21:57:34 1 49.95 99.8
2024_0415_21:57:35 2 48.95 99.85
2024_0415_22:00:19 2 72.65 98.7
2024_0415_22:03:24 2 48.35 98.85
2024_0415_22:03:26 2 47.9 98.4
2024_0415_22:03:27 2 47.5 98.75
2024_0415_22:03:27 2 73.1 98.3
2024_0415_22:03:29 2 94.4 98.35
2024_0415_22:03:30 2 79.3 98.45
2024_0415_22:03:30 2 49.1 98.1
2024_0415_22:03:53 2 67.35 98.5
2024_0415_22:03:54 2 26.15 98.6
2024_0415_22:03:56 2 45.4 98.5
2024_0415_22:03:57 2 89.5 96.75
2024_0415_22:03:58 2 65.25 98.65
2024_0415_22:03:58 2 49.0 98.15
2024_0415_22:03:58 2 60.25 97.5
2024_0415_22:03:59 2 47.35 98.25
2024_0415_22:06:39 2 99.5 97.95
2024_0415_22:09:45 2 97.2 9.15
2024_0415_22:09:49 2 99.8 97.7
2024_0415_22:09:51 2 99.25 39.1
2024_0415_22:09:53 2 99.75 -0.8
2024_0415_22:09:53 2 99.2 74.15
2024_0415_22:09:53 2 99.15 26.4
2024_0415_22:09:55 2 99.8 42.35
2024_0415_22:10:16 2 98.3 21.65
2024_0415_22:10:17 2 98.5 39.4
2024_0415_22:10:18 2 98.75 -0.4
2024_0415_22:10:20 2 99.6 96.7
2024_0415_22:10:20 2 98.05 -0.8
2024_0415_22:10:21 2 99.8 98.3
2024_0415_22:10:21 2 99.4 73.55
2024_0415_22:10:26 2 99.3 96.6
2024_0415_22:12:58 2 91.5 95.95
2024_0415_22:16:08 2 98.4 96.4
2024_0415_22:16:12 2 98.7 97.65
2024_0415_22:16:13 2 97.3 97.7
2024_0415_22:16:15 2 95.75 98.8
2024_0415_22:16:16 2 96.75 95.0
2024_0415_22:16:17 2 98.35 97.05
2024_0415_22:16:18 2 97.95 98.4
2024_0415_22:16:42 2 98.1 95.2
2024_0415_22:16:45 2 97.25 97.95
2024_0415_22:16:46 2 98.6 96.6
2024_0415_22:16:46 2 96.9 96.9
2024_0415_22:16:46 2 98.8 98.3
2024_0415_22:16:47 2 98.8 98.0
2024_0415_22:16:48 2 98.5 98.9
2024_0415_22:16:50 2 97.85 97.05
2024_0415_22:19:21 3 61.05 49.7
2024_0415_22:22:31 3 -1.05 49.4
2024_0415_22:22:35 4 38.45 49.7
2024_0415_22:22:36 4 38.1 49.8
2024_0415_22:22:38 4 46.55 49.8
2024_0415_22:22:39 4 -2.3 49.4
2024_0415_22:22:39 5 48.4 91.85
2024_0415_22:22:40 4 77.95 49.8
2024_0415_22:23:06 5 -0.05 16.3
2024_0415_22:23:10 6 98.2 99.1
2024_0415_22:23:11 6 98.8 99.25
2024_0415_22:23:11 6 98.5 99.6
2024_0415_22:23:12 7 0.1 59.5
2024_0415_22:23:14 7 16.8 14.0
2024_0415_22:23:15 7 57.75 23.15
2024_0415_22:23:20 7 14.05 79.05
2024_0415_22:25:45 7 47.7 99.7
2024_0415_22:28:50 8 23.1 94.45
2024_0415_22:28:55 8 60.0 93.05
2024_0415_22:28:56 8 36.1 92.15
2024_0415_22:28:57 8 -2.95 94.6
2024_0415_22:28:58 8 38.3 96.25
2024_0415_22:29:01 8 50.75 96.25
2024_0415_22:29:09 9 44.15 48.9
2024_0415_22:29:40 9 16.35 80.3
2024_0415_22:29:42 10 -10.1 98.05
2024_0415_22:29:43 10 2.05 88.15
2024_0415_22:29:43 11 4.4 1.85
2024_0415_22:29:46 10 41.6 48.05
2024_0415_22:29:47 10 8.6 98.15
2024_0415_22:29:53 10 66.6 79.05
2024_0415_22:32:05 11 2.35 -2.4
2024_0415_22:33:27 11 1.0 0.15
2024_0415_22:35:13 11 -33.55 49.65
2024_0415_22:35:15 11 -1.25 0.45
2024_0415_22:35:17 11 -5.05 -2.1
2024_0415_22:35:19 11 47.0 98.9
2024_0415_22:35:19 11 99.8 49.3
2024_0415_22:35:21 11 -2.15 -3.4
2024_0415_22:35:35 11 68.85 49.6
2024_0415_22:36:07 11 -49.95 49.95
2024_0415_22:36:07 11 -0.25 0.4
2024_0415_22:36:09 11 -49.95 49.95
2024_0415_22:36:10 11 68.2 49.75
2024_0415_22:36:11 11 1.7 -4.15
2024_0415_22:36:11 11 29.5 -0.05
2024_0415_22:36:22 11 86.25 49.8
2024_0415_22:38:27 11 0.65 -0.15
2024_0415_22:39:49 11 -1.1 1.1
2024_0415_22:41:34 11 -99.5 -99.9
2024_0415_22:41:35 11 -0.7 4.05
2024_0415_22:41:35 11 -0.8 1.0
2024_0415_22:41:38 11 97.75 65.25
2024_0415_22:41:41 11 98.0 96.7
2024_0415_22:41:42 11 60.9 98.75
2024_0415_22:41:57 11 49.75 99.25
2024_0415_22:42:32 11 0.95 1.85
2024_0415_22:42:33 11 -4.85 3.75
2024_0415_22:42:34 11 -1.0 -0.15
2024_0415_22:42:37 11 -0.5 98.8
2024_0415_22:42:39 11 1.75 -0.2
2024_0415_22:42:39 11 -0.55 -0.75
2024_0415_22:42:49 11 -1.3 -4.5
2024_0415_22:44:46 11 1.05 0.05
2024_0415_22:46:14 11 0.65 1.0
2024_0415_22:47:52 11 48.9 97.8
2024_0415_22:47:53 11 0.35 -0.3
2024_0415_22:47:54 11 97.4 93.75
2024_0415_22:48:02 11 -0.65 48.65
2024_0415_22:48:03 11 93.45 43.75
2024_0415_22:48:06 11 -0.15 -3.6
2024_0415_22:48:20 11 77.65 86.7
2024_0415_22:48:57 11 -0.7 3.0
2024_0415_22:48:58 11 4.55 1.1
2024_0415_22:48:59 11 2.8 -0.15
2024_0415_22:49:00 11 1.55 -0.6
2024_0415_22:49:03 11 49.95 -41.3
2024_0415_22:49:05 11 24.75 13.3
2024_0415_22:49:13 11 -4.9 -3.05
2024_0415_22:51:03 11 0.8 4.5
2024_0415_22:52:36 11 80.85 37.3
2024_0415_22:54:10 11 5.15 4.75
2024_0415_22:54:11 11 2.65 3.35
2024_0415_22:54:12 11 -1.9 -1.75
2024_0415_22:54:23 11 1.2 -4.2
2024_0415_22:54:27 11 49.9 99.8
2024_0415_22:54:30 11 0.95 0.3
2024_0415_22:54:39 11 -0.4 -1.35
2024_0415_22:55:17 11 0.85 -0.15
2024_0415_22:55:19 11 1.6 -1.5
2024_0415_22:55:20 11 12.55 19.05
2024_0415_22:55:22 11 -2.2 -3.5
2024_0415_22:55:23 11 99.5 95.5
2024_0415_22:55:26 11 53.65 99.2
2024_0415_22:55:32 11 2.0 0.7
2024_0415_22:57:23 11 1.95 2.35
2024_0415_22:59:03 11 -26.9 99.15
2024_0415_23:00:32 11 99.75 61.35
2024_0415_23:00:32 11 97.7 96.8
2024_0415_23:00:34 11 4.4 -12.5
2024_0415_23:00:42 11 -93.1 100.0
2024_0415_23:00:47 11 0.55 5.55
2024_0415_23:00:52 11 48.55 47.4
2024_0415_23:00:59 11 0.35 1.2
2024_0415_23:01:39 11 49.95 -99.8
2024_0415_23:01:41 11 67.15 56.65
2024_0415_23:01:44 11 -0.8 -0.4
2024_0415_23:01:44 11 3.3 5.15
2024_0415_23:01:46 11 1.2 2.65
2024_0415_23:01:54 11 2.85 1.45
2024_0415_23:02:00 11 -0.85 -0.05
2024_0415_23:03:43 11 99.35 99.65
2024_0415_23:05:28 11 1.7 -7.35
2024_0415_23:06:50 11 -1.2 0.6
2024_0415_23:06:51 11 -0.35 0.3
2024_0415_23:06:54 11 49.95 -99.9
2024_0415_23:07:01 11 71.3 56.9
2024_0415_23:07:05 11 -2.95 -3.45
2024_0415_23:07:09 11 -5.5 3.55
2024_0415_23:07:17 11 4.6 -1.8
2024_0415_23:08:03 11 -0.25 0.5
2024_0415_23:08:10 11 -2.5 -0.4
2024_0415_23:08:13 11 50.0 97.65
2024_0415_23:08:14 11 69.05 89.7
2024_0415_23:08:21 11 -1.1 -1.3
2024_0415_23:08:23 11 -0.85 -2.75
2024_0415_23:08:31 11 75.1 79.9
2024_0415_23:10:03 11 -2.0 -0.5
2024_0415_23:11:51 11 30.1 99.85
2024_0415_23:13:08 11 -0.8 1.35
2024_0415_23:13:10 11 99.6 48.85
2024_0415_23:13:13 11 -11.0 99.5
2024_0415_23:13:20 11 -3.35 49.7
2024_0415_23:13:22 11 -0.2 -2.85
2024_0415_23:13:27 11 -4.7 2.1
2024_0415_23:13:39 11 -0.6 2.0
2024_0415_23:14:31 11 99.45 49.1
2024_0415_23:14:32 11 -1.8 -3.0
2024_0415_23:14:37 11 22.25 99.95
2024_0415_23:14:40 11 62.35 33.4
2024_0415_23:14:47 11 2.4 99.6
2024_0415_23:14:48 11 49.85 70.8
2024_0415_23:14:53 11 3.1 -1.95
2024_0415_23:16:20 11 2.05 -4.05
2024_0415_23:18:14 11 69.5 2.95
2024_0415_23:19:24 11 -0.8 1.05
2024_0415_23:19:26 11 -0.85 4.7
2024_0415_23:19:36 11 2.45 3.5
2024_0415_23:19:38 11 1.15 1.15
2024_0415_23:19:40 11 -99.9 49.95
2024_0415_23:19:50 11 -99.95 50.0
2024_0415_23:19:57 11 87.05 44.65
2024_0415_23:20:52 11 0.95 0.65
2024_0415_23:20:53 11 -1.15 -1.65
2024_0415_23:21:02 11 99.3 96.8
2024_0415_23:21:07 11 1.4 1.75
2024_0415_23:21:10 11 -2.1 6.3
2024_0415_23:21:13 11 -5.25 3.1
2024_0415_23:21:25 11 0.5 -1.8
2024_0415_23:22:38 11 49.95 99.9
2024_0415_23:24:38 11 3.1 -3.9
2024_0415_23:25:42 11 49.9 99.8
2024_0415_23:25:43 11 88.45 99.85
2024_0415_23:25:52 11 -3.8 -3.95
2024_0415_23:25:54 11 -1.25 -0.25
2024_0415_23:26:01 11 0.5 -5.25
2024_0415_23:26:05 11 -2.45 -1.75
2024_0415_23:26:11 11 4.65 -5.35
2024_0415_23:27:16 12 46.05 22.05
2024_0415_23:27:25 12 -2.45 0.25
2024_0415_23:27:29 12 48.75 98.7
2024_0415_23:27:34 12 0.05 -1.35
2024_0415_23:27:36 12 -0.8 1.95
2024_0415_23:27:44 12 49.95 99.35
2024_0415_23:27:53 12 87.35 99.25
2024_0415_23:28:54 12 12.5 14.75
2024_0415_23:31:21 12 79.8 25.65
2024_0415_23:31:59 12 -0.65 -4.75
2024_0415_23:32:05 12 28.3 77.1
2024_0415_23:32:13 12 49.95 -99.9
2024_0415_23:32:14 12 49.95 -99.9
2024_0415_23:32:18 12 49.95 49.95
2024_0415_23:32:33 12 47.8 48.4
2024_0415_23:32:39 12 64.65 49.05
2024_0415_23:33:42 12 10.65 3.65
2024_0415_23:33:51 12 98.85 96.95
2024_0415_23:33:58 12 -4.55 -0.4
2024_0415_23:34:02 12 0.75 -0.5
2024_0415_23:34:02 12 -10.9 34.85
2024_0415_23:34:11 12 5.95 72.4
2024_0415_23:34:17 12 50.0 -100.0
2024_0415_23:35:10 12 0.4 -3.1
2024_0415_23:37:49 12 71.2 49.65
2024_0415_23:38:14 12 -0.5 -1.75
2024_0415_23:38:21 12 48.35 0.0
2024_0415_23:38:30 12 96.3 97.95
2024_0415_23:38:33 12 99.25 70.6
2024_0415_23:38:34 12 -0.25 -0.7
2024_0415_23:38:51 12 -0.1 -1.7
2024_0415_23:38:57 12 92.8 97.1
2024_0415_23:40:06 12 -1.45 -3.25
2024_0415_23:40:14 12 3.9 1.7
2024_0415_23:40:23 12 54.05 99.4
2024_0415_23:40:30 12 0.0 49.8
2024_0415_23:40:31 12 65.75 49.05
2024_0415_23:40:34 12 -2.7 0.1
2024_0415_23:40:41 12 0.25 5.5
2024_0415_23:41:26 12 -4.85 4.15
2024_0415_23:44:14 12 -0.55 -1.1
2024_0415_23:44:28 12 0.45 -5.0
2024_0415_23:44:34 12 79.8 -0.2
2024_0415_23:44:47 12 98.35 21.0
2024_0415_23:44:50 12 -0.45 5.85
2024_0415_23:44:54 12 49.4 99.9
2024_0415_23:45:06 12 -1.5 0.25
2024_0415_23:45:16 12 81.5 38.8
2024_0415_23:46:30 12 -0.8 -0.85
2024_0415_23:46:40 12 0.5 0.6
2024_0415_23:46:47 12 99.8 49.05
2024_0415_23:46:54 12 92.1 49.55
2024_0415_23:46:59 12 41.15 98.3
2024_0415_23:47:02 12 99.65 49.75
2024_0415_23:47:03 12 -1.5 -1.1
2024_0415_23:47:44 12 99.25 54.85
2024_0415_23:50:41 12 77.95 39.0
2024_0415_23:50:43 12 48.3 98.3
2024_0415_23:50:52 12 99.7 48.65
2024_0415_23:51:05 12 23.9 -0.2
2024_0415_23:51:06 12 9.05 2.8
2024_0415_23:51:13 12 -18.3 16.7
2024_0415_23:51:20 12 46.8 24.1
2024_0415_23:51:29 12 0.85 2.05
2024_0415_23:52:58 12 17.2 99.3
2024_0415_23:53:03 12 0.75 -1.1
2024_0415_23:53:15 12 99.5 45.55
2024_0415_23:53:20 12 2.3 0.2
2024_0415_23:53:27 12 99.55 49.5
2024_0415_23:53:28 12 1.45 2.45
2024_0415_23:53:30 12 48.2 93.75
2024_0415_23:53:52 12 2.0 -1.85
2024_0415_23:56:45 12 3.25 -1.55
2024_0415_23:56:56 12 49.15 49.85
2024_0415_23:57:04 12 -2.1 2.05
2024_0415_23:57:05 12 -0.25 19.9
2024_0415_23:57:09 12 9.8 10.2
2024_0415_23:57:21 12 14.45 -3.7
2024_0415_23:57:30 12 46.8 50.05
2024_0415_23:57:31 12 4.0 -4.45
2024_0415_23:59:24 12 -1.35 -1.2
2024_0415_23:59:27 12 47.9 47.95
2024_0415_23:59:42 12 2.25 1.05
2024_0415_23:59:49 12 92.75 57.35
2024_0415_23:59:50 12 98.6 29.85
2024_0415_23:59:54 12 76.75 50.6
2024_0415_23:59:56 12 68.05 49.5
2024_0415_23:59:58 12 -1.45 -1.1
2024_0416_00:02:47 12 1.95 -3.45
2024_0416_00:03:00 12 99.8 49.9
2024_0416_00:03:07 12 -1.55 -2.75
2024_0416_00:03:15 12 49.45 88.95
2024_0416_00:03:30 12 98.85 56.65
2024_0416_00:03:32 12 -1.1 -0.35
2024_0416_00:03:36 12 -49.5 -99.95
2024_0416_00:03:38 12 88.95 35.0
2024_0416_00:05:48 12 -0.7 -1.0
2024_0416_00:05:56 12 85.05 43.85
2024_0416_00:06:06 12 99.6 66.6
2024_0416_00:06:07 12 99.8 49.9
2024_0416_00:06:17 12 99.55 48.8
2024_0416_00:06:18 12 99.1 82.5
2024_0416_00:06:20 12 49.3 74.0
2024_0416_00:06:27 12 98.3 67.5
2024_0416_00:09:01 13 63.8 92.8
2024_0416_00:09:15 13 -25.3 25.7
2024_0416_00:09:29 13 -1.45 3.2
2024_0416_00:09:30 13 0.85 -2.45
2024_0416_00:09:49 13 -0.45 2.05
2024_0416_00:09:55 13 15.1 -3.4
2024_0416_00:09:57 13 22.8 49.65
2024_0416_00:09:58 13 49.65 99.75
2024_0416_00:12:12 13 4.5 0.65
2024_0416_00:12:17 13 -0.4 1.35
2024_0416_00:12:19 13 -1.6 3.6
2024_0416_00:12:30 13 -6.3 27.15
2024_0416_00:12:39 13 -0.3 -3.9
2024_0416_00:12:40 13 9.7 -10.6
2024_0416_00:12:44 13 72.4 -67.25
2024_0416_00:12:52 13 97.35 -13.8
2024_0416_00:15:17 13 97.85 93.7
2024_0416_00:15:30 13 98.6 99.35
2024_0416_00:15:45 13 4.75 10.15
2024_0416_00:15:47 13 98.75 48.55
2024_0416_00:16:05 13 0.05 -0.45
2024_0416_00:16:08 13 -2.0 1.0
2024_0416_00:16:15 13 22.5 21.8
2024_0416_00:16:18 13 -50.25 51.25
2024_0416_00:18:31 13 49.15 45.5
2024_0416_00:18:35 13 1.15 -0.9
2024_0416_00:18:43 13 14.9 46.35
2024_0416_00:18:52 13 1.35 -1.4
2024_0416_00:19:03 13 3.8 -1.6
2024_0416_00:19:04 13 0.5 -2.5
2024_0416_00:19:21 13 95.25 76.7
2024_0416_00:19:24 13 -4.6 3.85
2024_0416_00:21:35 13 5.0 -1.1
2024_0416_00:21:51 13 1.2 1.6
2024_0416_00:21:57 13 -99.5 99.9
2024_0416_00:22:04 13 49.25 48.35
2024_0416_00:22:19 13 1.55 2.45
2024_0416_00:22:27 13 2.45 -0.85
2024_0416_00:22:30 13 0.3 0.45
2024_0416_00:22:42 13 76.3 67.85
2024_0416_00:24:47 13 -0.1 3.3
2024_0416_00:24:59 13 0.85 1.7
2024_0416_00:25:03 13 -2.1 3.15
2024_0416_00:25:24 13 47.65 47.3
2024_0416_00:25:25 13 -2.3 2.35
2024_0416_00:25:28 13 17.05 13.35
2024_0416_00:25:44 13 2.8 -4.65
2024_0416_00:25:46 13 3.3 3.45
2024_0416_00:27:50 13 7.55 49.65
2024_0416_00:28:10 13 37.9 99.45
2024_0416_00:28:16 13 9.9 41.75
2024_0416_00:28:19 13 -49.65 49.65
2024_0416_00:28:37 13 -1.65 65.8
2024_0416_00:28:44 13 18.7 -1.4
2024_0416_00:28:51 13 0.55 -0.8
2024_0416_00:29:01 13 -5.2 46.15
2024_0416_00:30:57 13 1.6 1.35
2024_0416_00:31:20 13 -2.35 0.15
2024_0416_00:31:27 13 24.9 74.15
2024_0416_00:31:41 13 -8.65 4.55
2024_0416_00:31:42 13 -1.6 1.0
2024_0416_00:31:52 13 49.65 39.65
2024_0416_00:32:04 13 -11.8 60.9
2024_0416_00:32:09 13 -17.85 39.65
2024_0416_00:34:04 13 -99.9 -99.9
2024_0416_00:34:24 13 0.05 -7.35
2024_0416_00:34:32 13 -0.05 99.6
2024_0416_00:34:41 13 49.3 -50.25
2024_0416_00:34:56 13 98.35 45.7
2024_0416_00:34:59 13 -2.7 -1.4
2024_0416_00:35:06 13 3.3 -0.9
2024_0416_00:35:23 13 -99.8 -50.05
2024_0416_00:37:11 13 -8.2 23.45
2024_0416_00:37:39 13 -1.5 3.15
2024_0416_00:37:47 13 -7.8 11.6
2024_0416_00:37:59 13 -1.15 -3.45
2024_0416_00:38:06 13 -0.45 1.7
2024_0416_00:38:15 13 -7.65 34.95
2024_0416_00:38:26 13 0.45 1.1
2024_0416_00:38:31 13 2.9 -1.0
2024_0416_00:40:17 13 -12.2 15.0
2024_0416_00:40:36 13 0.5 1.15
2024_0416_00:40:48 13 48.7 99.15
2024_0416_00:40:56 13 -49.8 99.7
2024_0416_00:41:11 13 8.9 30.15
2024_0416_00:41:14 13 63.3 95.8
2024_0416_00:41:23 13 81.15 99.8
2024_0416_00:41:48 13 24.5 49.75
2024_0416_00:43:26 13 -0.35 -2.1
2024_0416_00:44:06 13 49.2 98.5
2024_0416_00:44:08 13 -1.35 0.95
2024_0416_00:44:22 13 -2.5 44.85
2024_0416_00:44:25 13 1.9 5.9
2024_0416_00:44:36 13 0.0 13.4
2024_0416_00:44:50 13 57.55 3.1
2024_0416_00:44:54 13 96.85 96.0
2024_0416_00:46:29 13 -2.75 1.3
2024_0416_00:46:51 13 25.65 99.5
2024_0416_00:47:01 13 0.25 -4.0
2024_0416_00:47:12 13 -1.6 2.7
2024_0416_00:47:24 13 1.75 32.1
2024_0416_00:47:30 13 -99.5 99.9
2024_0416_00:47:37 13 -4.0 5.95
2024_0416_00:48:12 13 -0.25 -1.45
2024_0416_00:49:43 13 63.2 24.4
2024_0416_00:50:29 13 0.4 -1.55
2024_0416_00:50:32 13 98.65 61.0
2024_0416_00:50:55 13 3.0 3.4
2024_0416_00:51:14 13 -0.5 2.95
2024_0416_00:52:45 13 49.0 98.1
2024_0416_00:53:17 13 6.65 15.0
2024_0416_00:53:30 13 -0.15 51.2
2024_0416_00:53:41 13 68.6 48.85
2024_0416_00:53:46 13 -6.2 48.45
2024_0416_00:53:53 13 2.65 16.55
2024_0416_00:54:37 13 22.75 27.9
2024_0416_00:54:37 13 48.5 49.85
2024_0416_00:55:11 13 22.55 -1.35
2024_0416_00:55:14 13 -3.35 77.3
2024_0416_00:56:02 13 96.3 27.75
2024_0416_00:56:58 13 49.6 98.5
2024_0416_00:57:22 13 6.05 16.9
2024_0416_00:57:36 13 -1.65 -1.1
2024_0416_00:58:11 13 85.75 66.3
2024_0416_00:58:59 13 33.75 25.15
2024_0416_00:59:31 13 -3.4 2.3
2024_0416_00:59:40 13 0.45 -1.4
2024_0416_00:59:52 13 1.0 2.3
2024_0416_00:59:59 13 85.75 44.95
2024_0416_01:00:05 13 -0.05 -3.6
2024_0416_01:00:59 13 -3.3 2.95
2024_0416_01:01:04 13 51.3 46.7
2024_0416_01:01:25 13 -1.2 1.75
2024_0416_01:01:30 13 3.85 1.55
2024_0416_01:01:34 13 1.75 3.4
2024_0416_01:02:12 13 2.75 -3.6
2024_0416_01:03:23 13 -0.05 2.1
2024_0416_01:03:46 13 -0.05 1.75
2024_0416_01:03:58 13 -1.85 -0.7
2024_0416_01:04:33 13 99.5 97.95
2024_0416_01:05:12 13 -1.1 1.1
2024_0416_01:05:46 13 -16.35 24.65
2024_0416_01:05:54 13 -3.65 -2.6
2024_0416_01:06:08 13 -1.6 -0.8
2024_0416_01:06:14 13 -0.1 98.8
2024_0416_01:06:30 13 49.35 34.65
2024_0416_01:07:20 13 3.25 2.55
2024_0416_01:07:27 13 49.8 -9.8
2024_0416_01:07:49 13 -1.05 2.1
2024_0416_01:07:52 13 -0.6 -4.8
2024_0416_01:07:56 13 53.75 -51.15
2024_0416_01:08:28 13 16.95 49.95
2024_0416_01:09:50 13 49.9 45.75
2024_0416_01:10:08 13 -6.95 16.65
2024_0416_01:10:21 13 -28.45 71.3
2024_0416_01:10:47 13 0.2 0.0
2024_0416_01:11:26 13 -4.15 -1.25
2024_0416_01:12:02 13 19.85 78.15
2024_0416_01:12:10 13 99.3 99.65
2024_0416_01:12:22 13 -0.05 0.0
2024_0416_01:12:30 13 -33.85 34.15
2024_0416_01:12:47 13 -5.4 55.05
2024_0416_01:13:41 13 1.0 -0.75
2024_0416_01:13:50 13 -0.2 0.0
2024_0416_01:14:10 13 0.0 49.75
2024_0416_01:14:12 13 15.45 23.95
2024_0416_01:14:19 13 25.85 89.75
2024_0416_01:14:44 13 79.5 80.9
2024_0416_01:16:17 13 -4.85 -3.0
2024_0416_01:16:31 13 54.45 49.95
2024_0416_01:16:44 13 -2.25 10.75
2024_0416_01:17:03 13 3.85 -1.8
2024_0416_01:17:52 13 98.9 43.75
2024_0416_01:18:16 13 -0.35 -0.15
2024_0416_01:18:27 13 1.45 -1.25
2024_0416_01:18:45 13 -4.15 21.15
2024_0416_01:19:00 13 18.1 20.9
2024_0416_01:19:03 13 82.9 98.3
2024_0416_01:20:04 13 94.2 99.6
2024_0416_01:20:27 14 1.5 -3.5
2024_0416_01:20:36 14 97.45 95.1
2024_0416_01:20:40 14 99.4 99.4
2024_0416_01:20:44 14 74.75 98.15
2024_0416_01:20:57 14 -1.4 -0.85
2024_0416_01:22:38 14 13.05 16.6
2024_0416_01:22:54 14 3.3 -0.6
2024_0416_01:23:06 14 42.1 49.45
2024_0416_01:23:23 14 77.2 98.25
2024_0416_01:24:09 14 0.3 0.15
2024_0416_01:24:36 14 45.25 99.0
2024_0416_01:24:44 14 0.85 1.35
2024_0416_01:25:04 14 1.65 -2.75
2024_0416_01:25:17 14 -99.8 99.8
2024_0416_01:25:18 14 -1.9 10.45
2024_0416_01:26:30 14 66.9 99.5
2024_0416_01:26:49 14 -2.95 2.25
2024_0416_01:27:03 14 -3.0 0.0
2024_0416_01:27:05 14 45.9 69.8
2024_0416_01:27:12 14 -0.9 -0.5
2024_0416_01:28:40 14 1.65 2.7
2024_0416_01:29:02 14 -45.25 48.0
2024_0416_01:29:13 14 -0.4 -2.5
2024_0416_01:29:29 14 1.5 0.25
2024_0416_01:29:45 14 99.35 12.8
2024_0416_01:30:25 14 -0.75 1.45
2024_0416_01:30:55 14 99.7 -3.95
2024_0416_01:31:02 14 10.6 41.5
2024_0416_01:31:26 14 99.8 38.7
2024_0416_01:31:32 14 -0.35 -2.8
2024_0416_01:31:35 14 -0.25 38.2
2024_0416_01:32:53 14 -4.4 -6.35
2024_0416_01:33:19 14 4.6 -3.8
2024_0416_01:33:29 14 99.8 -99.8
2024_0416_01:33:31 14 99.6 92.9
2024_0416_01:33:38 14 -2.8 -4.9
2024_0416_01:35:03 14 10.15 11.95
2024_0416_01:35:26 14 49.8 48.95
2024_0416_01:35:36 14 3.35 48.0
2024_0416_01:35:50 14 -3.5 1.45
2024_0416_01:36:02 14 27.8 89.95
2024_0416_01:36:48 14 -4.55 2.7
2024_0416_01:37:14 14 47.6 98.75
2024_0416_01:37:16 14 0.1 0.05
2024_0416_01:37:38 14 6.15 -8.65
2024_0416_01:37:45 14 0.2 3.9
2024_0416_01:37:51 14 48.2 37.4
2024_0416_01:39:19 14 17.25 99.35
2024_0416_01:39:40 14 -1.1 -3.0
2024_0416_01:39:54 14 11.25 -8.4
2024_0416_01:39:54 14 7.65 15.55
2024_0416_01:40:00 14 -0.35 -0.55
2024_0416_01:41:32 14 67.3 37.2
2024_0416_01:41:47 14 2.1 1.05
2024_0416_01:42:03 14 -5.65 26.05
2024_0416_01:42:13 14 0.85 -0.6
2024_0416_01:42:13 14 -99.85 99.9
2024_0416_01:43:09 14 44.85 47.15
2024_0416_01:43:29 14 -15.55 16.6
2024_0416_01:43:34 14 23.65 82.75
2024_0416_01:43:51 14 -1.25 -0.45
2024_0416_01:44:03 14 70.4 6.5
2024_0416_01:44:04 14 -8.75 9.3
2024_0416_01:45:44 14 39.55 71.15
2024_0416_01:46:05 14 62.05 28.0
2024_0416_01:46:17 14 60.1 33.1
2024_0416_01:46:18 14 29.15 39.15
2024_0416_01:46:19 14 -10.8 11.05
2024_0416_01:47:55 14 12.7 19.5
2024_0416_01:48:10 14 49.95 93.75
2024_0416_01:48:29 14 1.8 88.45
2024_0416_01:48:43 14 -1.0 -1.0
2024_0416_01:48:44 14 -17.7 72.95
2024_0416_01:49:27 14 3.15 0.45
2024_0416_01:49:44 14 -0.75 -4.6
2024_0416_01:49:47 14 -1.95 11.5
2024_0416_01:50:09 14 77.85 99.05
2024_0416_01:50:14 14 -1.85 -4.45
2024_0416_01:50:19 14 -0.15 0.1
2024_0416_01:52:11 14 42.65 49.5
2024_0416_01:52:24 14 -2.6 0.55
2024_0416_01:52:39 14 -3.65 2.0
2024_0416_01:52:43 14 0.05 0.1
2024_0416_01:52:46 14 28.95 38.7
2024_0416_01:54:16 14 2.2 3.5
2024_0416_01:54:34 14 -2.75 5.0
2024_0416_01:54:45 14 5.0 0.2
2024_0416_01:54:54 14 46.0 48.85
2024_0416_01:55:08 14 47.25 50.2
2024_0416_01:55:28 14 -19.25 23.2
2024_0416_01:55:48 14 1.65 0.95
2024_0416_01:55:53 14 99.45 13.8
2024_0416_01:56:13 14 98.8 24.1
2024_0416_01:56:13 14 -3.05 -1.3
2024_0416_01:56:20 14 99.9 47.1
2024_0416_01:58:30 14 -2.7 -1.0
2024_0416_01:58:32 14 -5.0 -3.85
2024_0416_01:59:01 14 0.0 -0.5
2024_0416_01:59:08 14 99.15 36.35
2024_0416_02:00:36 14 -1.65 3.35
2024_0416_02:00:58 14 -0.7 24.95
2024_0416_02:00:59 14 46.2 69.7
2024_0416_02:01:19 14 78.95 66.05
2024_0416_02:01:30 14 2.05 -0.45
2024_0416_02:01:35 14 -1.85 -4.2
2024_0416_02:01:53 14 -0.75 -0.25
2024_0416_02:01:58 14 -4.55 28.85
2024_0416_02:02:17 14 49.75 66.8
2024_0416_02:02:21 14 46.25 68.65
2024_0416_02:02:36 14 45.85 -6.4
2024_0416_02:03:05 14 -43.2 44.15
2024_0416_02:04:39 14 -3.05 2.7
2024_0416_02:04:54 14 -38.5 38.9
2024_0416_02:05:26 14 1.7 -0.3
2024_0416_02:05:49 14 83.4 72.65
2024_0416_02:07:00 14 -0.6 98.9
2024_0416_02:07:01 14 17.6 3.65
2024_0416_02:07:27 14 47.7 45.35
2024_0416_02:07:38 14 58.05 -60.65
2024_0416_02:07:39 14 -1.4 -0.9
2024_0416_02:07:54 14 -2.7 5.7
2024_0416_02:07:59 14 49.9 85.05
2024_0416_02:08:02 14 -4.2 4.05
2024_0416_02:08:22 14 76.05 40.85
2024_0416_02:08:29 14 5.3 93.6
2024_0416_02:08:46 14 24.0 15.5
2024_0416_02:10:53 14 98.95 43.65
2024_0416_02:11:18 14 -1.6 -0.9
2024_0416_02:11:51 14 -1.65 -2.5
2024_0416_02:12:02 14 2.5 0.65
2024_0416_02:12:13 14 50.0 64.8
2024_0416_02:13:18 14 1.15 3.9
2024_0416_02:13:25 14 98.65 33.55
2024_0416_02:13:48 14 16.55 16.45
2024_0416_02:13:48 14 1.1 -0.15
2024_0416_02:14:01 14 -1.5 0.85
2024_0416_02:14:13 14 -20.85 49.5
2024_0416_02:14:19 14 98.05 49.85
2024_0416_02:14:21 14 46.95 49.95
2024_0416_02:14:37 14 45.9 97.7
2024_0416_02:14:44 14 43.55 -43.4
2024_0416_02:15:02 14 -0.15 98.7
2024_0416_02:17:10 14 99.5 24.55
2024_0416_02:17:41 14 95.45 20.3
2024_0416_02:18:17 14 54.1 98.65
2024_0416_02:18:22 14 -1.65 2.95
2024_0416_02:18:34 14 -19.0 49.0
2024_0416_02:19:35 14 -34.8 34.3
2024_0416_02:19:46 14 -1.3 1.85
2024_0416_02:20:07 14 92.0 86.85
2024_0416_02:20:10 14 24.95 33.2
2024_0416_02:20:20 14 -1.55 1.4
2024_0416_02:20:35 14 51.0 48.65
2024_0416_02:20:44 14 3.2 -5.65
2024_0416_02:20:52 14 42.35 44.45
2024_0416_02:20:55 14 94.3 95.5
2024_0416_02:21:03 14 36.55 88.4
2024_0416_02:21:23 14 -0.05 -8.45
2024_0416_02:23:35 14 98.65 97.85
2024_0416_02:24:00 14 -34.35 33.35
2024_0416_02:24:43 14 2.1 3.5
2024_0416_02:24:47 14 49.85 -0.85
2024_0416_02:24:56 14 -13.8 11.45
2024_0416_02:26:03 14 16.55 -7.6
2024_0416_02:26:11 14 -99.9 99.9
2024_0416_02:26:33 14 75.3 47.0
2024_0416_02:26:35 14 -0.35 -1.05
2024_0416_02:26:53 14 6.2 -0.1
2024_0416_02:27:11 14 97.55 76.7
2024_0416_02:27:22 15 0.75 2.4
2024_0416_02:27:24 15 35.9 95.25
2024_0416_02:27:36 15 -4.85 9.5
2024_0416_02:27:52 15 47.7 42.75
2024_0416_02:30:07 15 28.35 17.1
2024_0416_02:30:33 15 -6.9 8.1
2024_0416_02:30:59 15 98.5 48.35
2024_0416_02:31:14 15 -0.95 97.15
2024_0416_02:31:19 15 98.6 47.6
2024_0416_02:31:27 15 22.05 1.9
2024_0416_02:32:26 15 -1.75 0.05
2024_0416_02:33:27 15 3.85 -0.55
2024_0416_02:33:30 15 -0.15 1.7
2024_0416_02:33:34 15 7.7 -6.3
2024_0416_02:33:46 15 99.6 49.8
2024_0416_02:33:51 15 -3.15 3.45
2024_0416_02:33:59 15 50.05 51.45
2024_0416_02:34:17 15 -2.7 -1.6
2024_0416_02:34:19 15 98.55 57.6
2024_0416_02:36:28 15 13.35 17.95
2024_0416_02:37:00 15 -4.25 53.6
2024_0416_02:37:01 15 42.05 -18.65
2024_0416_02:37:22 15 13.55 -12.45
2024_0416_02:37:46 15 24.9 -25.3
2024_0416_02:37:57 15 95.9 0.7
2024_0416_02:38:01 15 7.5 -8.35
2024_0416_02:38:56 15 46.5 66.2
2024_0416_02:39:54 15 0.95 0.9
2024_0416_02:40:00 15 1.45 -0.3
2024_0416_02:40:04 15 46.1 26.7
2024_0416_02:40:17 15 99.6 49.35
2024_0416_02:40:21 15 69.4 45.35
2024_0416_02:40:27 15 -0.85 -4.7
2024_0416_02:40:44 15 47.5 -1.75
2024_0416_02:40:52 15 97.45 26.25
2024_0416_02:43:26 15 7.25 -6.2
2024_0416_02:43:40 15 -1.4 -1.65
2024_0416_02:44:13 15 97.25 85.5
2024_0416_02:44:22 15 -3.4 15.15
2024_0416_02:44:27 15 0.0 0.0
2024_0416_02:45:20 15 1.55 -0.3
2024_0416_02:46:11 15 -1.75 -0.7
2024_0416_02:46:18 15 2.75 99.75
2024_0416_02:46:28 15 74.55 96.85
2024_0416_02:46:28 15 98.6 78.55
2024_0416_02:46:47 15 99.3 97.0
2024_0416_02:46:50 15 99.55 65.65
2024_0416_02:46:53 15 99.7 47.3
2024_0416_02:47:08 15 97.2 87.1
2024_0416_02:47:17 15 99.55 65.95
2024_0416_02:48:21 15 99.0 86.65
2024_0416_02:49:44 15 4.15 -1.35
2024_0416_02:50:11 15 -0.95 -1.8
2024_0416_02:50:37 15 38.4 4.3
2024_0416_02:50:50 15 16.2 -0.25
2024_0416_02:50:50 15 -4.85 2.65
2024_0416_02:51:43 15 79.2 38.8
2024_0416_02:52:33 15 2.65 0.8
2024_0416_02:52:38 15 -4.55 2.35
2024_0416_02:52:51 15 99.5 46.8
2024_0416_02:52:56 15 99.4 93.4
2024_0416_02:53:08 15 -0.4 -5.15
2024_0416_02:53:13 15 -6.8 43.6
2024_0416_02:53:18 15 49.6 32.3
2024_0416_02:53:57 15 0.0 -0.9
2024_0416_02:54:48 15 49.35 100.0
2024_0416_02:56:02 15 2.4 4.35
2024_0416_02:56:27 15 -11.2 10.2
2024_0416_02:56:57 15 98.75 84.4
2024_0416_02:57:07 15 3.75 23.1
2024_0416_02:57:08 15 0.05 -2.7
2024_0416_02:57:08 15 1.75 0.9
2024_0416_02:57:56 15 49.95 49.95
2024_0416_02:58:47 15 49.3 89.35
2024_0416_02:58:58 15 -1.9 4.35
2024_0416_02:59:10 15 97.85 65.55
2024_0416_02:59:11 15 -99.8 99.5
2024_0416_02:59:26 15 2.55 -0.35
2024_0416_02:59:32 15 0.3 7.35
2024_0416_03:00:15 15 -17.85 24.1
2024_0416_03:01:00 15 23.65 82.25
2024_0416_03:02:19 15 44.15 99.65
2024_0416_03:02:37 15 28.35 41.8
2024_0416_03:03:15 15 48.45 48.95
2024_0416_03:03:24 15 -1.15 25.0
2024_0416_03:03:26 15 67.5 65.65
2024_0416_03:03:31 15 -3.2 -0.75
2024_0416_03:04:04 15 -1.8 1.2
2024_0416_03:04:16 15 39.3 99.55
2024_0416_03:04:55 15 -10.35 10.05
2024_0416_03:05:14 15 -50.0 50.0
2024_0416_03:05:29 15 -0.95 96.65
2024_0416_03:05:34 15 -3.25 0.2
2024_0416_03:05:36 15 -0.15 -0.3
2024_0416_03:05:43 15 48.6 46.9
2024_0416_03:06:25 15 -15.6 43.25
2024_0416_03:07:19 15 1.45 2.5
2024_0416_03:08:38 15 -5.95 24.15
2024_0416_03:08:43 15 -0.5 -0.25
2024_0416_03:09:35 15 14.2 -10.6
2024_0416_03:09:40 15 -1.45 1.85
2024_0416_03:09:44 15 89.1 48.6
2024_0416_03:09:47 15 95.45 97.1
2024_0416_03:10:12 15 -3.65 -4.45
2024_0416_03:10:21 15 2.4 0.6
2024_0416_03:11:03 15 -1.0 28.15
2024_0416_03:11:35 15 0.55 -0.1
2024_0416_03:11:49 15 38.15 38.45
2024_0416_03:11:51 15 -0.95 -1.7
2024_0416_03:11:51 15 -33.15 49.8
2024_0416_03:11:55 15 86.95 74.6
2024_0416_03:12:30 15 -50.0 -100.0
2024_0416_03:13:25 15 36.75 42.8
2024_0416_03:14:52 15 -1.05 0.85
2024_0416_03:15:26 15 3.15 68.9
2024_0416_03:15:53 15 -99.9 99.9
2024_0416_03:15:53 15 1.0 1.6
2024_0416_03:16:02 15 -1.05 6.0
2024_0416_03:16:05 15 99.9 -26.5
2024_0416_03:16:27 15 0.0 3.7
2024_0416_03:16:30 15 -2.25 2.25
2024_0416_03:17:14 15 70.25 97.25
2024_0416_03:17:55 15 98.9 91.9
2024_0416_03:18:04 15 96.1 97.65
2024_0416_03:18:07 15 -2.9 -0.55
2024_0416_03:18:18 15 44.1 25.3
2024_0416_03:18:43 15 83.5 87.0
2024_0416_03:19:36 15 84.75 45.05
2024_0416_03:20:59 15 -1.0 2.7
2024_0416_03:21:31 15 0.0 1.0
2024_0416_03:21:48 15 -0.35 -0.25
2024_0416_03:22:08 15 0.05 0.2
2024_0416_03:22:10 15 34.55 -33.0
2024_0416_03:22:22 15 28.65 -26.2
2024_0416_03:22:23 15 -14.15 17.2
2024_0416_03:22:39 15 44.25 42.95
2024_0416_03:22:57 15 -4.2 0.45
2024_0416_03:23:22 15 -0.35 0.55
2024_0416_03:24:20 15 83.25 38.4
2024_0416_03:24:20 15 99.3 60.0
2024_0416_03:24:23 15 -0.3 -0.65
2024_0416_03:24:34 15 -11.35 8.85
2024_0416_03:25:02 15 0.9 0.0
2024_0416_03:25:50 15 0.05 90.85
2024_0416_03:27:09 15 1.5 1.4
2024_0416_03:27:39 15 1.25 -0.55
2024_0416_03:28:03 15 -11.5 11.5
2024_0416_03:28:21 15 3.8 1.3
2024_0416_03:28:28 15 42.05 42.5
2024_0416_03:28:42 15 -0.5 99.15
2024_0416_03:28:43 15 40.7 13.6
2024_0416_03:29:07 15 3.8 -1.45
2024_0416_03:29:33 15 -4.55 45.95
2024_0416_03:30:31 15 -1.05 -0.65
2024_0416_03:30:36 15 1.25 0.2
2024_0416_03:30:40 15 36.7 90.95
2024_0416_03:30:50 15 2.85 15.25
2024_0416_03:31:10 15 46.05 64.5
2024_0416_03:31:54 15 -23.3 20.55
2024_0416_03:32:48 15 -0.3 -1.95
2024_0416_03:33:18 15 -2.4 15.9
2024_0416_03:33:54 15 3.55 -2.55
2024_0416_03:34:31 16 -2.1 12.5
2024_0416_03:34:45 16 0.1 2.55
2024_0416_03:34:50 16 45.65 98.2
2024_0416_03:35:01 16 45.25 67.8
2024_0416_03:35:03 16 21.5 97.4
2024_0416_03:35:25 16 80.95 49.95
2024_0416_03:35:40 16 12.9 19.5
2024_0416_03:36:49 16 -3.45 2.2
2024_0416_03:36:55 16 19.05 -21.0
2024_0416_03:36:58 16 -4.1 0.1
2024_0416_03:37:07 16 -12.8 10.4
2024_0416_03:37:16 16 -1.15 2.7
2024_0416_03:38:01 16 50.0 99.35
2024_0416_03:38:53 16 14.8 -18.65
2024_0416_03:39:35 16 90.65 99.3
2024_0416_03:40:49 16 49.85 -17.6
2024_0416_03:40:57 16 83.7 17.85
2024_0416_03:41:03 16 12.95 -19.95
2024_0416_03:41:08 16 12.7 50.15
2024_0416_03:41:23 16 17.6 56.75
2024_0416_03:41:28 16 27.5 50.95
2024_0416_03:41:28 16 0.55 1.9
2024_0416_03:41:43 16 16.2 -17.55
2024_0416_03:42:58 16 18.05 49.4
2024_0416_03:43:16 16 78.0 99.55
2024_0416_03:43:22 16 0.4 -4.5
2024_0416_03:43:22 16 2.9 -1.8
2024_0416_03:43:24 16 35.35 57.7
2024_0416_03:44:04 16 1.4 0.45
2024_0416_03:45:01 16 49.1 96.45
2024_0416_03:45:48 16 21.3 38.45
2024_0416_03:47:04 16 25.15 -4.65
2024_0416_03:47:10 16 2.1 1.45
2024_0416_03:47:20 16 17.05 -16.8
2024_0416_03:47:32 16 99.25 50.15
2024_0416_03:47:36 16 97.2 -3.7
2024_0416_03:47:40 16 17.3 -16.9
2024_0416_03:47:46 16 -33.55 49.95
2024_0416_03:47:47 16 -11.35 10.55
2024_0416_03:49:15 16 2.4 -1.05
2024_0416_03:49:28 16 1.15 1.2
2024_0416_03:49:39 16 -1.3 -2.0
2024_0416_03:49:43 16 -1.4 -6.15
2024_0416_03:50:03 16 2.0 -0.2
2024_0416_03:50:11 16 9.45 -9.8
2024_0416_03:51:06 16 49.85 -19.15
2024_0416_03:51:52 16 2.35 0.5
2024_0416_03:53:13 16 20.1 9.35
2024_0416_03:53:24 16 49.85 64.8
2024_0416_03:53:40 16 -3.75 2.85
2024_0416_03:53:46 16 30.45 98.3
2024_0416_03:53:50 16 1.95 3.45
2024_0416_03:53:52 16 63.95 46.2
2024_0416_03:53:59 16 -0.65 31.3
2024_0416_03:54:06 16 61.65 99.9
2024_0416_03:55:18 16 4.75 -2.55
2024_0416_03:55:35 16 97.7 74.45
2024_0416_03:56:00 16 77.55 79.55
2024_0416_03:56:04 16 99.4 71.45
2024_0416_03:56:15 16 1.5 -2.5
2024_0416_03:56:21 16 -4.2 -1.0
2024_0416_03:57:16 16 99.35 54.9
2024_0416_03:58:05 16 -9.6 11.95
2024_0416_03:59:21 16 49.45 44.55
2024_0416_03:59:43 16 99.5 48.9
2024_0416_03:59:53 16 38.65 23.15
2024_0416_03:59:54 16 14.4 -26.35
2024_0416_03:59:59 16 99.1 49.8
2024_0416_04:00:06 16 -1.6 -3.75
2024_0416_04:00:17 16 1.15 -0.55
2024_0416_04:00:25 16 41.05 11.5
2024_0416_04:01:24 16 -4.65 99.1
2024_0416_04:01:43 16 100.0 83.35
2024_0416_04:02:16 16 33.7 -20.1
2024_0416_04:02:18 16 18.35 31.65
2024_0416_04:02:25 16 25.0 -23.5
2024_0416_04:02:43 16 98.6 49.85
2024_0416_04:04:12 16 98.95 49.9
2024_0416_04:05:31 16 17.15 57.7
2024_0416_04:05:58 16 0.5 -2.65
2024_0416_04:06:05 16 4.75 36.45
2024_0416_04:06:07 16 -16.65 0.15
2024_0416_04:06:19 16 99.75 98.2
2024_0416_04:06:20 16 61.95 99.8
2024_0416_04:06:23 16 1.7 -4.0
2024_0416_04:06:40 16 89.5 93.15
2024_0416_04:06:42 16 97.35 83.2
2024_0416_04:07:40 16 70.5 99.0
2024_0416_04:07:53 16 10.05 -9.3
2024_0416_04:08:20 16 99.9 99.9
2024_0416_04:08:32 16 -0.95 -0.65
2024_0416_04:08:39 16 -1.0 -2.85
2024_0416_04:10:19 16 1.35 -0.35
2024_0416_04:11:34 16 0.95 6.7
2024_0416_04:12:24 16 -7.25 9.5
2024_0416_04:12:24 16 -16.3 49.4
2024_0416_04:12:35 16 -18.1 17.55
2024_0416_04:12:41 16 49.95 99.9
2024_0416_04:13:00 16 48.85 99.05
2024_0416_04:13:11 16 58.25 30.75
2024_0416_04:13:44 16 99.0 65.7
2024_0416_04:13:56 16 -1.15 -0.6
2024_0416_04:13:59 16 -13.6 17.4
2024_0416_04:14:35 16 76.05 65.4
2024_0416_04:14:55 16 2.5 -0.25
2024_0416_04:15:05 16 -16.6 32.75
2024_0416_04:15:30 16 9.3 -0.3
2024_0416_04:16:22 16 5.0 14.1
2024_0416_04:17:40 16 -6.9 1.15
2024_0416_04:18:05 16 99.9 99.9
2024_0416_04:18:26 16 -1.75 0.65
2024_0416_04:18:42 16 4.55 0.0
2024_0416_04:19:05 16 20.5 98.55
2024_0416_04:19:25 16 -49.95 49.95
2024_0416_04:19:26 16 0.0 -1.3
2024_0416_04:19:59 16 47.55 74.25
2024_0416_04:20:03 16 -14.4 37.85
2024_0416_04:20:15 16 41.8 -34.5
2024_0416_04:20:40 17 39.8 99.4
2024_0416_04:21:13 17 1.45 -5.4
2024_0416_04:21:24 17 84.7 43.35
2024_0416_04:21:35 17 48.8 99.25
2024_0416_04:22:27 17 35.45 -0.85
2024_0416_04:23:42 17 0.6 49.6
2024_0416_04:24:00 17 90.8 24.75
2024_0416_04:24:16 17 99.75 62.9
2024_0416_04:24:36 17 28.35 49.75
2024_0416_04:25:04 17 31.55 65.25
2024_0416_04:25:23 17 -2.6 -2.25
2024_0416_04:25:51 17 35.65 45.55
2024_0416_04:26:12 17 -0.2 -0.45
2024_0416_04:26:18 17 -1.75 0.6
2024_0416_04:26:21 17 4.55 -4.15
2024_0416_04:26:27 17 -0.2 -2.0
2024_0416_04:26:50 17 49.6 49.25
2024_0416_04:27:34 17 3.05 -2.45
2024_0416_04:27:43 17 40.0 -39.9
2024_0416_04:27:51 17 -0.1 3.4
2024_0416_04:28:37 17 -0.15 89.65
2024_0416_04:30:03 17 -1.2 -3.0
2024_0416_04:30:07 17 3.45 0.0
2024_0416_04:30:21 17 1.55 0.3
2024_0416_04:30:43 17 99.7 67.2
2024_0416_04:31:24 17 0.7 -2.25
2024_0416_04:31:48 17 21.9 17.25
2024_0416_04:32:12 17 -2.55 53.95
2024_0416_04:32:14 17 -5.1 8.2
2024_0416_04:32:30 17 -21.85 60.3
2024_0416_04:32:37 17 -0.55 -2.7
2024_0416_04:32:45 17 -48.7 50.1
2024_0416_04:32:52 17 3.4 -0.3
2024_0416_04:33:49 17 39.45 -39.15
2024_0416_04:33:53 17 -14.5 12.15
2024_0416_04:34:12 17 98.9 19.25
2024_0416_04:34:41 17 55.85 47.25
2024_0416_04:36:08 17 2.7 0.0
2024_0416_04:36:26 17 2.95 4.7
2024_0416_04:36:33 17 22.85 94.45
2024_0416_04:36:45 17 41.15 44.9
2024_0416_04:37:47 17 26.6 24.65
2024_0416_04:38:11 17 5.05 73.7
2024_0416_04:38:21 17 66.4 68.3
2024_0416_04:38:38 17 37.85 59.55
2024_0416_04:38:39 17 -7.8 8.2
2024_0416_04:38:47 17 2.6 -1.4
2024_0416_04:39:03 17 98.65 47.9
2024_0416_04:39:21 17 -0.6 90.65
2024_0416_04:39:53 17 51.15 48.85
2024_0416_04:40:06 17 -37.35 33.15
2024_0416_04:40:28 17 81.1 78.8
2024_0416_04:40:46 17 -2.8 -1.9
2024_0416_04:42:09 17 11.55 1.35
2024_0416_04:42:34 17 47.95 99.5
2024_0416_04:42:41 17 -2.7 -1.35
2024_0416_04:42:48 17 0.4 -0.45
2024_0416_04:44:02 17 -15.7 5.55
2024_0416_04:44:31 17 8.45 97.6
2024_0416_04:44:46 17 6.55 -0.95
2024_0416_04:44:56 17 10.85 -11.15
2024_0416_04:44:57 17 99.3 47.4
2024_0416_04:45:16 17 -1.7 -1.85
2024_0416_04:45:40 17 39.25 45.4
2024_0416_04:45:55 17 20.8 14.7
2024_0416_04:46:46 17 -100.0 -99.8
2024_0416_04:46:46 17 -10.15 94.1
2024_0416_04:46:51 17 90.55 98.6
2024_0416_04:47:44 17 60.2 36.35
2024_0416_04:48:10 17 99.6 49.15
2024_0416_04:48:32 17 -0.55 5.5
2024_0416_04:48:56 17 18.1 -3.55
2024_0416_04:49:00 17 65.2 10.5
2024_0416_04:50:22 17 -1.15 -1.55
2024_0416_04:50:33 17 10.65 2.85
2024_0416_04:51:17 17 57.45 45.35
2024_0416_04:51:39 17 78.5 37.65
2024_0416_04:52:00 17 0.15 0.05
2024_0416_04:52:01 17 5.3 -2.2
2024_0416_04:52:51 17 75.7 41.35
2024_0416_04:53:03 17 -2.95 4.2
2024_0416_04:53:15 17 1.85 16.0
2024_0416_04:53:46 17 -20.1 17.15
2024_0416_04:54:09 17 -3.65 -1.65
2024_0416_04:54:45 17 49.5 22.2
2024_0416_04:54:57 17 -0.7 -0.3
2024_0416_04:55:19 17 99.15 45.75
2024_0416_04:55:23 17 47.95 44.85
2024_0416_04:56:32 17 11.45 -8.8
2024_0416_04:56:34 17 -10.15 10.8
2024_0416_04:56:40 17 14.95 12.9
2024_0416_04:57:36 17 -8.9 4.1
2024_0416_04:58:00 17 -6.6 8.1
2024_0416_04:58:03 17 10.15 -13.4
2024_0416_04:58:23 17 -5.45 0.6
2024_0416_04:58:56 17 -0.9 -0.35
2024_0416_04:59:21 17 -5.85 6.35
2024_0416_04:59:36 17 6.0 6.15
2024_0416_04:59:44 17 1.1 1.35
2024_0416_05:00:13 17 -1.1 0.5
2024_0416_05:00:57 17 91.5 53.0
2024_0416_05:01:07 17 64.05 47.15
2024_0416_05:01:20 17 -11.25 7.25
2024_0416_05:01:43 17 3.45 -2.05
2024_0416_05:02:33 17 -3.4 0.0
2024_0416_05:02:34 17 -26.0 25.25
2024_0416_05:03:06 17 44.95 87.2
2024_0416_05:03:59 17 -1.5 0.8
2024_0416_05:04:19 17 2.55 -3.75
2024_0416_05:04:38 17 1.05 1.4
2024_0416_05:04:53 17 3.6 -0.05
2024_0416_05:05:41 17 0.15 -5.35
2024_0416_05:05:56 17 -13.05 11.1
2024_0416_05:06:21 17 29.4 26.65
2024_0416_05:06:58 17 -0.15 43.4
2024_0416_05:07:20 17 95.75 46.9
2024_0416_05:07:51 17 10.45 2.6
2024_0416_05:08:03 17 -14.65 12.2
2024_0416_05:08:32 17 0.95 2.0
2024_0416_05:08:34 17 2.65 0.3
2024_0416_05:08:37 17 1.2 0.0
2024_0416_05:09:36 17 5.25 1.15
2024_0416_05:10:20 17 3.8 -3.15
2024_0416_05:10:39 17 27.25 99.25
2024_0416_05:10:57 17 14.1 9.5
2024_0416_05:10:57 17 2.75 -0.45
2024_0416_05:11:43 17 2.05 -2.05
2024_0416_05:12:06 17 53.15 95.45
2024_0416_05:12:14 17 1.6 1.7
2024_0416_05:12:23 17 0.85 16.4
2024_0416_05:13:17 17 2.0 0.2
2024_0416_05:13:32 17 -0.2 0.0
2024_0416_05:14:10 17 -0.7 -0.2
2024_0416_05:14:27 17 38.55 40.6
2024_0416_05:14:40 17 -0.7 28.75
2024_0416_05:15:03 17 0.85 3.7
2024_0416_05:15:57 17 11.75 -15.6
2024_0416_05:16:20 17 17.8 -12.7
2024_0416_05:16:59 18 -15.55 14.4
2024_0416_05:17:00 17 49.75 -49.45
2024_0416_05:17:30 18 -11.8 49.85
2024_0416_05:17:42 18 49.95 99.9
2024_0416_05:18:23 18 0.7 -2.9
2024_0416_05:18:28 18 47.25 -48.25
2024_0416_05:18:41 18 99.05 49.75
2024_0416_05:19:20 18 90.7 99.85
2024_0416_05:19:34 18 26.9 16.25
2024_0416_05:19:36 18 -6.9 10.15
2024_0416_05:20:28 18 33.3 -1.5
2024_0416_05:20:49 18 98.4 48.05
2024_0416_05:20:50 18 33.4 45.3
2024_0416_05:21:24 18 49.75 -2.5
2024_0416_05:22:22 18 1.9 -0.45
2024_0416_05:22:22 18 -9.65 18.75
2024_0416_05:23:00 18 -1.25 0.35
2024_0416_05:23:25 18 1.1 1.65
2024_0416_05:23:55 18 11.55 10.55
2024_0416_05:24:00 18 20.75 39.75
2024_0416_05:24:30 18 74.9 44.1
2024_0416_05:24:54 18 85.05 78.85
2024_0416_05:25:08 18 -6.55 6.7
2024_0416_05:25:25 18 9.8 0.0
2024_0416_05:25:39 18 -5.55 95.9
2024_0416_05:25:39 18 2.45 5.4
2024_0416_05:26:50 18 33.65 62.55
2024_0416_05:26:56 18 99.95 36.35
2024_0416_05:27:14 18 67.25 -1.25
2024_0416_05:27:44 18 -1.15 2.6
2024_0416_05:28:26 18 22.3 99.25
2024_0416_05:28:45 18 -49.75 12.1
2024_0416_05:29:09 18 -4.3 6.35
2024_0416_05:29:44 18 -10.2 10.15
2024_0416_05:30:14 18 -12.3 0.7
2024_0416_05:30:34 18 1.25 -4.7
2024_0416_05:30:42 18 46.4 51.85
2024_0416_05:31:13 18 0.4 1.1
2024_0416_05:31:28 18 0.9 3.45
2024_0416_05:31:30 18 19.55 -10.05
2024_0416_05:31:51 18 31.2 85.05
2024_0416_05:33:00 18 -0.7 -4.7
2024_0416_05:33:11 18 -4.4 6.2
2024_0416_05:33:37 18 69.25 3.4
2024_0416_05:34:29 18 99.3 97.95
2024_0416_05:35:09 18 -1.8 18.3
2024_0416_05:35:26 18 -4.35 0.75
2024_0416_05:36:04 18 -1.5 49.9
2024_0416_05:36:21 18 21.25 43.8
2024_0416_05:36:38 18 3.6 0.75
2024_0416_05:37:03 18 -0.4 0.45
2024_0416_05:37:32 18 49.45 50.5
2024_0416_05:37:34 18 2.55 0.0
2024_0416_05:37:36 18 -0.15 86.5
2024_0416_05:37:51 18 84.5 58.85
2024_0416_05:37:57 18 2.15 -3.0
2024_0416_05:39:06 18 1.65 49.65
2024_0416_05:39:32 18 1.55 1.55
2024_0416_05:39:43 18 20.25 22.75
2024_0416_05:39:59 18 -10.45 4.45
2024_0416_05:40:33 18 -0.65 3.3
2024_0416_05:41:30 18 -30.4 50.0
2024_0416_05:41:34 18 27.15 57.95
2024_0416_05:42:22 18 -4.45 23.95
2024_0416_05:42:25 18 47.6 45.4
2024_0416_05:42:41 18 99.95 49.9
2024_0416_05:43:38 18 99.25 49.8
2024_0416_05:43:41 18 -4.2 1.15
2024_0416_05:44:01 18 99.2 -19.65
2024_0416_05:44:14 18 0.1 19.05
2024_0416_05:44:19 18 -39.8 39.9
2024_0416_05:44:24 18 4.35 1.0
2024_0416_05:45:09 18 25.5 16.0
2024_0416_05:45:53 18 64.0 23.45
2024_0416_05:46:07 18 29.15 96.9
2024_0416_05:46:36 18 4.2 36.6
2024_0416_05:46:42 18 16.0 63.1
2024_0416_05:47:39 18 -16.25 20.65
2024_0416_05:47:55 18 -9.6 15.35
2024_0416_05:48:32 18 99.55 49.85
2024_0416_05:48:40 18 2.9 0.65
2024_0416_05:49:17 18 0.0 0.0
2024_0416_05:49:43 18 44.0 97.0
2024_0416_05:50:22 18 -0.2 4.8
2024_0416_05:50:34 18 1.7 -0.55
2024_0416_05:50:49 18 98.3 98.15
2024_0416_05:51:10 18 12.6 5.1
2024_0416_05:52:09 18 -16.2 14.05
2024_0416_05:52:33 18 46.8 97.85
2024_0416_05:52:56 18 15.15 20.95
2024_0416_05:52:59 18 -2.45 0.45
2024_0416_05:53:56 18 1.75 1.4
2024_0416_05:54:07 18 -5.4 1.25
2024_0416_05:54:17 18 87.25 49.6
2024_0416_05:54:41 18 6.6 21.35
2024_0416_05:55:01 18 0.0 0.0
2024_0416_05:55:25 18 14.5 71.3
2024_0416_05:55:56 18 36.0 14.95
2024_0416_05:56:15 18 85.9 42.4
2024_0416_05:56:41 18 61.05 65.75
2024_0416_05:57:03 18 1.85 0.9
2024_0416_05:57:12 18 -0.1 0.6
2024_0416_05:57:21 18 -6.05 49.55
2024_0416_05:59:05 18 1.3 0.75
2024_0416_05:59:08 18 7.5 1.25
2024_0416_05:59:15 18 -1.15 -6.2
2024_0416_05:59:18 18 4.4 -5.35
2024_0416_06:00:18 18 48.55 98.9
2024_0416_06:00:19 18 10.1 -10.9
2024_0416_06:00:49 18 31.25 37.3
2024_0416_06:00:54 18 5.7 -4.8
2024_0416_06:01:23 18 100.0 47.4
2024_0416_06:01:28 18 0.1 1.3
2024_0416_06:02:03 18 -13.95 -2.85
2024_0416_06:02:51 18 21.55 30.35
2024_0416_06:02:52 18 49.7 49.45
2024_0416_06:03:31 18 7.5 2.95
2024_0416_06:03:34 18 9.1 16.95
2024_0416_06:03:38 18 49.9 -49.9
2024_0416_06:05:13 18 6.7 5.5
2024_0416_06:05:26 18 99.8 -99.3
2024_0416_06:05:46 18 -1.95 0.8
2024_0416_06:05:55 18 40.9 48.45
2024_0416_06:06:28 18 93.85 97.6
2024_0416_06:06:46 18 3.75 -12.8
2024_0416_06:07:01 18 0.85 0.6
2024_0416_06:07:05 18 3.25 2.75
2024_0416_06:07:31 18 -3.35 2.15
2024_0416_06:07:33 18 -0.4 -1.15
2024_0416_06:08:13 18 20.3 -10.45
2024_0416_06:08:58 18 87.6 63.45
2024_0416_06:09:22 18 17.95 71.7
2024_0416_06:09:40 18 -2.0 -2.35
2024_0416_06:10:03 18 37.7 3.3
2024_0416_06:10:07 18 0.95 1.4
2024_0416_06:11:23 18 0.85 -1.35
2024_0416_06:11:51 18 5.85 1.1
2024_0416_06:12:10 18 -1.0 -3.8
2024_0416_06:12:20 18 18.05 38.65
2024_0416_06:12:35 18 -0.75 -0.75
2024_0416_06:13:12 18 91.25 100.0
2024_0416_06:13:40 18 39.5 97.55
2024_0416_06:13:41 18 62.6 30.6
2024_0416_06:13:48 18 0.8 -1.75
2024_0416_06:14:20 18 63.05 49.5
2024_0416_06:14:40 18 -6.5 8.45
2024_0416_06:15:07 18 32.75 15.9
2024_0416_06:15:42 18 9.5 -9.25
2024_0416_06:15:44 18 99.7 99.45
2024_0416_06:16:22 18 -7.3 -0.3
2024_0416_06:16:27 18 -0.85 -3.7
2024_0416_06:18:11 18 0.9 1.5
2024_0416_06:18:31 18 -51.4 44.0
2024_0416_06:18:41 18 9.3 0.1
2024_0416_06:18:43 18 49.6 0.65
2024_0416_06:19:44 18 -7.35 11.7
2024_0416_06:19:46 18 1.15 -1.75
2024_0416_06:20:13 18 -14.05 74.0
2024_0416_06:20:22 18 11.4 -9.15
2024_0416_06:21:04 18 60.85 49.55
2024_0416_06:21:10 18 7.75 8.3
2024_0416_06:22:01 18 -49.95 -99.5
2024_0416_06:22:16 18 -1.95 1.9
2024_0416_06:22:52 19 97.6 -1.45
2024_0416_06:23:17 19 -12.95 15.85
2024_0416_06:23:27 19 32.65 30.9
2024_0416_06:24:18 19 1.8 -1.15
2024_0416_06:24:36 19 85.15 97.25
2024_0416_06:24:53 19 -1.4 79.3
2024_0416_06:25:15 19 96.55 -0.35
2024_0416_06:25:47 19 -0.25 4.9
2024_0416_06:25:56 19 91.55 99.65
2024_0416_06:26:29 19 -2.2 5.65
2024_0416_06:26:39 19 -4.15 -0.25
2024_0416_06:27:18 19 -0.25 -0.15
2024_0416_06:27:28 19 6.1 -2.25
2024_0416_06:27:57 19 2.55 -0.8
2024_0416_06:28:21 19 -9.45 9.5
2024_0416_06:28:24 19 2.95 0.75
2024_0416_06:29:29 19 0.7 3.65
2024_0416_06:29:37 19 0.25 -3.85
2024_0416_06:30:30 19 48.4 43.45
2024_0416_06:31:01 19 -1.25 0.8
2024_0416_06:31:23 19 98.1 13.65
2024_0416_06:32:01 19 49.7 25.25
2024_0416_06:32:01 19 0.3 -3.6
2024_0416_06:32:01 19 5.6 0.6
2024_0416_06:32:38 19 0.55 -1.9
2024_0416_06:33:03 19 -1.25 2.4
2024_0416_06:33:24 19 -5.75 51.85
2024_0416_06:33:24 19 10.15 49.85
2024_0416_06:34:16 19 11.75 -15.25
2024_0416_06:34:47 19 20.05 8.25
2024_0416_06:35:40 19 49.4 63.5
2024_0416_06:36:05 19 2.5 4.25
2024_0416_06:36:40 19 0.9 5.0
2024_0416_06:37:48 19 1.4 -1.9
2024_0416_06:37:50 19 2.65 -2.85
2024_0416_06:38:05 19 1.15 -2.95
2024_0416_06:38:11 19 -26.85 16.05
2024_0416_06:38:25 19 2.45 -2.6
2024_0416_06:38:53 19 13.35 18.9
2024_0416_06:39:18 19 -0.9 0.1
2024_0416_06:39:30 19 99.7 -0.2
2024_0416_06:39:47 19 17.4 -24.55
2024_0416_06:40:21 19 16.15 -17.5
2024_0416_06:41:09 19 24.25 47.55
2024_0416_06:41:46 19 4.45 -12.9
2024_0416_06:41:54 19 -2.35 0.0
2024_0416_06:42:27 19 -0.1 -7.15
2024_0416_06:42:50 19 30.75 18.15
2024_0416_06:42:58 19 -1.9 16.35
2024_0416_06:44:00 19 -1.55 49.95
2024_0416_06:44:10 19 1.25 -0.3
2024_0416_06:44:20 19 36.1 49.65
2024_0416_06:44:33 19 98.5 47.3
2024_0416_06:44:54 19 -2.0 -0.85
2024_0416_06:45:27 19 34.95 99.4
2024_0416_06:45:50 19 -1.2 -0.15
2024_0416_06:46:22 19 23.25 -17.4
2024_0416_06:46:29 19 99.0 99.3
2024_0416_06:47:36 19 13.95 0.65
2024_0416_06:47:53 19 -11.3 -6.3
2024_0416_06:48:21 19 -12.0 4.9
2024_0416_06:48:51 19 22.05 -16.6
2024_0416_06:49:08 19 1.4 3.85
2024_0416_06:49:09 19 47.6 97.15
2024_0416_06:50:07 19 2.0 -3.15
2024_0416_06:50:34 19 0.55 1.6
2024_0416_06:50:34 19 49.6 49.85
2024_0416_06:50:55 19 -49.75 50.0
2024_0416_06:51:02 19 -0.4 -1.05
2024_0416_06:51:45 19 0.6 -0.65
2024_0416_06:52:27 19 0.5 -1.3
2024_0416_06:52:37 19 50.0 -49.2
2024_0416_06:52:50 19 -4.3 -1.95
2024_0416_06:54:04 19 -0.7 2.95
2024_0416_06:54:40 20 1.1 -0.7
2024_0416_06:55:18 20 89.1 2.6
2024_0416_06:55:21 20 97.85 98.8
2024_0416_06:55:25 20 15.5 5.6
2024_0416_06:56:23 20 -0.55 0.05
2024_0416_06:56:46 20 4.95 20.3
2024_0416_06:57:01 20 12.55 18.75
2024_0416_06:57:04 20 -99.9 -49.95
2024_0416_06:57:34 20 -1.6 -2.0
2024_0416_06:57:35 20 36.05 74.15
2024_0416_06:57:59 20 -1.75 26.75
2024_0416_06:58:45 20 -49.85 100.0
2024_0416_06:58:52 20 1.2 -2.45
2024_0416_06:59:25 20 -2.25 10.35
2024_0416_06:59:34 20 7.8 33.15
2024_0416_07:00:27 20 9.1 5.55
2024_0416_07:01:05 20 6.1 0.3
2024_0416_07:01:27 20 3.0 -3.5
2024_0416_07:01:33 20 7.0 3.9
2024_0416_07:01:49 20 49.4 92.45
2024_0416_07:03:28 20 17.35 29.6
2024_0416_07:03:30 20 47.15 99.5
2024_0416_07:03:46 20 98.6 49.5
2024_0416_07:03:56 20 -1.7 -2.15
2024_0416_07:03:57 20 -3.4 -0.25
2024_0416_07:04:07 20 -1.4 -2.85
2024_0416_07:04:54 20 -12.6 12.5
2024_0416_07:05:38 20 16.65 1.2
2024_0416_07:05:50 20 8.95 -9.25
2024_0416_07:06:07 20 4.2 -0.6
2024_0416_07:06:50 20 97.35 98.9
2024_0416_07:07:32 20 14.9 -10.05
2024_0416_07:07:32 20 0.05 -0.1
2024_0416_07:08:20 20 39.4 91.1
2024_0416_07:09:40 20 -0.4 -0.75
2024_0416_07:09:50 20 -1.65 92.4
2024_0416_07:10:10 20 2.75 -7.0
2024_0416_07:10:15 20 -0.25 -1.4
2024_0416_07:10:21 20 -14.1 9.7
2024_0416_07:10:28 20 -0.85 0.2
2024_0416_07:11:09 20 99.25 61.15
2024_0416_07:11:10 20 79.95 98.9
2024_0416_07:11:45 20 49.75 49.95
2024_0416_07:11:56 20 7.95 13.6
2024_0416_07:11:59 20 50.35 -49.65
2024_0416_07:12:29 20 -7.2 6.15
2024_0416_07:13:09 20 1.3 1.05
2024_0416_07:13:43 20 74.85 99.3
2024_0416_07:13:56 20 -0.4 -2.9
2024_0416_07:14:49 20 52.8 -0.7
2024_0416_07:15:57 20 -1.1 2.8
2024_0416_07:16:15 20 15.0 16.55
2024_0416_07:16:15 20 99.75 49.65
2024_0416_07:16:27 20 99.25 98.7
2024_0416_07:16:54 20 93.45 48.75
2024_0416_07:16:57 20 -21.85 7.15
2024_0416_07:17:22 20 17.3 13.9
2024_0416_07:17:33 20 -0.25 0.05
2024_0416_07:18:08 20 1.5 -0.7
2024_0416_07:18:12 20 5.7 -1.45
2024_0416_07:18:20 20 81.6 63.7
2024_0416_07:19:00 20 37.25 13.2
2024_0416_07:19:51 20 99.9 49.95
2024_0416_07:19:56 20 4.65 17.0
2024_0416_07:20:29 20 45.45 72.4
2024_0416_07:21:13 20 -17.15 2.35
2024_0416_07:22:05 20 36.05 -10.1
2024_0416_07:22:29 20 -10.1 11.45
2024_0416_07:22:39 20 10.65 -13.55
2024_0416_07:22:43 20 25.45 -1.3
2024_0416_07:23:28 20 31.3 89.45
2024_0416_07:23:34 20 0.2 -3.65
2024_0416_07:24:11 20 2.85 -3.95
2024_0416_07:24:19 20 69.45 47.85
2024_0416_07:24:30 20 -0.25 72.1
2024_0416_07:24:45 20 -33.8 49.9
2024_0416_07:25:28 20 -0.05 -1.4
2024_0416_07:26:10 20 0.45 2.8
2024_0416_07:26:30 20 34.8 45.85
2024_0416_07:26:52 20 99.9 49.95
2024_0416_07:27:41 20 7.5 -9.6
2024_0416_07:27:48 20 39.2 -39.9
2024_0416_07:28:17 20 79.45 37.15
2024_0416_07:28:38 20 4.2 16.85
2024_0416_07:28:58 20 -1.7 -0.7
2024_0416_07:29:01 20 -1.7 2.8
2024_0416_07:29:47 20 13.35 52.8
2024_0416_07:29:51 20 2.7 1.5
2024_0416_07:30:22 20 0.0 -21.4
2024_0416_07:30:42 20 0.95 0.9
2024_0416_07:30:44 20 49.85 -6.0
2024_0416_07:31:07 20 9.4 9.0
2024_0416_07:31:56 20 3.6 -8.2
2024_0416_07:32:21 20 -10.65 22.55
2024_0416_07:32:50 2 49.8 72.55
2024_0416_07:33:18 9 49.55 99.5
2024_0416_07:33:58 13 21.3 -17.8
2024_0416_07:34:06 13 3.9 1.5
2024_0416_07:34:21 13 17.9 58.6
2024_0416_07:34:42 13 43.05 3.5
2024_0416_07:35:02 13 12.15 -0.55
2024_0416_07:35:16 14 3.45 -0.65
2024_0416_07:35:56 14 49.0 84.1
2024_0416_07:36:15 14 49.55 68.65
2024_0416_07:36:27 14 4.35 0.75
2024_0416_07:36:47 15 -0.65 -3.8
2024_0416_07:36:57 15 48.25 9.95
2024_0416_07:37:33 15 1.0 -1.8
2024_0416_07:38:23 15 45.0 99.25
2024_0416_07:38:27 15 -0.25 0.0
2024_0416_07:39:10 15 0.95 -2.65
2024_0416_07:39:42 15 4.1 -4.4
2024_0416_07:40:20 15 49.25 44.2
2024_0416_07:40:27 15 0.9 0.1
2024_0416_07:40:29 16 49.55 -2.35
2024_0416_07:40:49 16 72.7 63.95
2024_0416_07:41:10 16 48.75 -18.6
2024_0416_07:41:57 16 2.7 2.4
2024_0416_07:42:31 16 -6.55 14.55
2024_0416_07:42:34 16 1.95 0.45
2024_0416_07:42:53 17 98.7 49.1
2024_0416_07:43:03 17 45.25 98.6
2024_0416_07:43:56 17 -0.2 8.35
2024_0416_07:44:38 17 51.6 8.85
2024_0416_07:44:43 17 2.0 -0.55
2024_0416_07:44:53 17 50.0 -14.4
2024_0416_07:45:35 17 15.9 19.35
2024_0416_07:46:42 17 -9.8 98.9
2024_0416_07:46:49 17 2.15 -0.55
2024_0416_07:46:58 18 87.4 68.55
2024_0416_07:47:13 18 2.05 -2.05
2024_0416_07:48:04 18 -1.1 18.55
2024_0416_07:48:36 18 11.65 -11.35
2024_0416_07:48:43 18 5.7 -2.5
2024_0416_07:48:57 18 -2.9 0.8
2024_0416_07:49:01 18 81.0 5.3
2024_0416_07:49:33 19 19.8 -20.0
2024_0416_07:50:17 18 18.9 -19.05
2024_0416_07:50:46 18 6.35 20.4
2024_0416_07:51:06 19 8.55 -13.9
2024_0416_07:51:14 19 27.05 -22.15
2024_0416_07:52:09 19 0.15 22.6
2024_0416_07:52:13 19 -3.65 -4.5
2024_0416_07:52:46 19 16.3 -16.45
2024_0416_07:53:04 19 1.95 -1.05
2024_0416_07:53:15 19 1.9 2.85
2024_0416_07:53:19 19 80.4 99.7
2024_0416_07:54:14 19 -14.1 15.2
2024_0416_07:54:35 19 3.2 1.7
2024_0416_07:55:07 19 38.2 -43.3
2024_0416_07:55:07 20 22.65 49.85
2024_0416_07:55:35 20 -31.3 31.85
2024_0416_07:56:39 20 -0.3 3.05
2024_0416_07:56:51 20 4.2 -3.05
2024_0416_07:57:22 20 70.5 55.6
2024_0416_07:57:39 20 1.5 0.15
2024_0416_07:58:26 16 3.25 0.85
2024_0416_07:58:27 20 4.4 -3.8
2024_0416_07:58:46 17 1.9 -1.75
2024_0416_07:58:50 18 -5.2 33.85
2024_0416_08:03:36 17 37.0 -3.25
2024_0416_08:03:37 20 50.0 -3.05
