0.20683000000013646 0.11868500000004831 0.027855000000003193 0.006694999999999811 0.02275500000000163 0.021925000000001377 0.020545000000000955 0.020290000000000877 0.020255000000000866 0.007929999999999762 0.0439749999999993 0.03667500000000213 0.061654999999992445 0.05844999999999369 0.06654999999999617 0.050869999999996626 0.06415999999999378 0.06262999999999225 0.04189000000000011 0.03938000000000108 
2024_0411_20:57:00 4 65.6875 63.975
2024_0411_20:57:00 8 67.2875 70.075
2024_0411_20:57:01 3 55.2625 68.6125
2024_0411_20:57:01 1 72.775 73.6375
2024_0411_20:57:01 1 73.375 73.7875
2024_0411_20:57:01 2 65.675 66.4
2024_0411_20:57:01 6 72.6 73.575
2024_0411_20:57:02 1 72.2625 73.3625
2024_0411_20:57:03 2 61.0875 58.1625
2024_0411_20:57:05 6 72.8875 72.7375
2024_0411_20:57:08 11 52.1625 65.3
2024_0411_20:57:09 9 74.575 74.0875
2024_0411_20:57:16 11 -0.15 -0.4625
2024_0411_20:57:22 7 64.6625 67.35
2024_0411_20:57:23 5 73.4625 73.2625
2024_0411_20:57:28 10 68.35 73.9375
2024_0411_21:04:28 15 -0.5625 -0.625
2024_0411_21:04:31 13 42.1375 45.0375
2024_0411_21:04:31 16 -0.3625 1.325
2024_0411_21:04:35 14 72.55 73.475
2024_0411_21:04:35 13 -44.7625 49.2625
2024_0411_21:04:36 12 53.7875 -11.0875
2024_0411_21:04:41 17 0.1125 -0.075
2024_0411_21:04:44 18 -10.3375 10.5375
2024_0411_21:04:44 17 -0.4125 0.15
2024_0411_21:04:45 15 -0.1875 -0.45
2024_0411_21:04:50 20 -0.375 1.15
2024_0411_21:05:01 18 23.125 -19.9125
2024_0411_21:05:43 20 0.5875 -0.25
2024_0411_21:06:44 19 18.8125 14.0125
2024_0411_21:14:22 11 49.975 99.95
2024_0411_21:14:22 8 73.0375 70.4375
2024_0411_21:14:23 11 -0.075 -0.8125
2024_0411_21:14:23 6 72.8375 73.5
2024_0411_21:14:23 1 73.6375 73.75
2024_0411_21:14:23 3 65.3875 65.925
2024_0411_21:14:26 2 67.2875 60.9625
2024_0411_21:14:27 7 71.075 73.1125
2024_0411_21:14:28 9 73.8875 73.8125
2024_0411_21:14:28 11 68.4875 68.0
2024_0411_21:14:30 4 65.8625 66.4375
2024_0411_21:14:30 11 -1.5875 1.8375
2024_0411_21:14:33 5 72.9125 72.6875
2024_0411_21:14:33 11 1.1875 -1.125
2024_0411_21:14:40 10 73.8875 73.8875
2024_0411_21:15:16 11 -2.075 1.1
2024_0411_21:21:51 12 -16.775 16.5875
2024_0411_21:21:52 15 -11.6875 31.5375
2024_0411_21:21:54 13 4.7375 51.6
2024_0411_21:21:56 13 70.4625 71.225
2024_0411_21:21:57 13 9.9625 -12.8
2024_0411_21:21:58 14 68.4 77.85
2024_0411_21:21:58 16 -8.15 74.0
2024_0411_21:21:58 13 -28.3125 31.0
2024_0411_21:22:00 17 -2.4625 1.2875
2024_0411_21:22:00 13 70.6125 59.375
2024_0411_21:22:01 20 76.375 71.55
2024_0411_21:22:02 19 0.8875 0.2375
2024_0411_21:22:03 20 49.9 -49.8375
2024_0411_21:22:22 18 71.05 71.175
2024_0411_21:30:04 7 67.6125 63.8625
2024_0411_21:30:06 12 1.1375 0.9875
2024_0411_21:30:07 2 72.1125 72.2625
2024_0411_21:30:08 1 73.8 73.575
2024_0411_21:30:08 5 74.6625 72.5125
2024_0411_21:30:09 8 69.6125 73.3625
2024_0411_21:30:09 6 73.5 72.4125
2024_0411_21:30:10 3 58.45 51.0125
2024_0411_21:30:10 11 72.2125 78.7375
2024_0411_21:30:10 11 -0.4625 -0.2
2024_0411_21:30:11 11 54.25 14.8625
2024_0411_21:30:11 12 67.6875 59.525
2024_0411_21:30:13 4 68.125 58.4625
2024_0411_21:30:15 10 67.7125 63.05
2024_0411_21:30:32 9 77.7375 72.5125
2024_0411_21:30:33 11 61.525 62.0
2024_0411_21:37:53 13 33.575 -9.1
2024_0411_21:37:56 13 73.275 73.4375
2024_0411_21:37:56 13 70.175 71.575
2024_0411_21:37:56 14 -0.6625 0.325
2024_0411_21:37:57 13 53.2875 -50.5375
2024_0411_21:37:59 13 -1.4 2.3375
2024_0411_21:38:01 16 42.1375 54.5875
2024_0411_21:38:01 15 67.7125 75.8375
2024_0411_21:38:02 16 -19.775 51.825
2024_0411_21:38:03 17 32.0875 81.65
2024_0411_21:38:07 16 4.2375 -1.8625
2024_0411_21:38:08 16 23.35 10.3375
2024_0411_21:38:13 18 -71.825 72.05
2024_0411_21:38:20 18 -12.0625 11.825
2024_0411_21:38:22 18 -1.15 1.55
2024_0411_21:38:26 18 -0.05 -0.025
2024_0411_21:45:00 19 34.95 -12.65
2024_0411_21:45:02 20 -2.6625 -0.125
2024_0411_21:45:03 18 -0.025 -0.0125
2024_0411_21:45:05 19 10.0 -11.2125
2024_0411_21:45:06 18 -10.6125 22.0625
2024_0411_21:45:07 20 0.575 -0.8
2024_0411_21:45:08 20 -3.2375 2.9125
2024_0411_21:45:10 20 11.7125 -13.6625
2024_0411_21:52:59 8 72.2 73.5625
2024_0411_21:52:59 2 29.6125 50.75
2024_0411_21:52:59 11 0.425 -0.6
2024_0411_21:52:59 1 72.7 73.25
2024_0411_21:52:59 6 73.1875 73.45
2024_0411_21:52:59 5 72.925 74.025
2024_0411_21:53:01 10 73.85 74.5125
2024_0411_21:53:01 9 76.425 75.7375
2024_0411_21:53:01 11 0.9875 -2.4375
2024_0411_21:53:02 7 66.3125 64.35
2024_0411_21:53:05 11 65.65 59.7
2024_0411_21:53:05 11 -49.9875 49.9875
2024_0411_21:53:05 11 0.8375 1.2375
2024_0411_21:53:08 11 0.625 -0.85
2024_0411_21:53:10 3 63.1875 62.7875
2024_0411_21:56:59 11 -0.375 0.925
2024_0411_22:00:44 11 1.275 0.075
2024_0411_22:00:47 12 71.9125 73.425
2024_0411_22:00:48 11 -0.1625 -0.325
2024_0411_22:00:48 13 64.3625 64.4
2024_0411_22:00:49 12 -1.2125 0.825
2024_0411_22:00:49 12 -22.875 51.5625
2024_0411_22:00:51 12 59.9125 29.375
2024_0411_22:00:51 12 59.4375 63.9125
2024_0411_22:00:51 12 28.4625 56.25
2024_0411_22:00:53 13 -0.2125 5.2375
2024_0411_22:00:54 13 32.925 -0.775
2024_0411_22:00:56 13 25.5125 47.75
2024_0411_22:01:02 13 0.4625 1.8375
2024_0411_22:01:03 12 73.8625 71.95
2024_0411_22:01:12 13 37.0125 32.1375
2024_0411_22:04:58 13 1.375 -1.075
2024_0411_22:08:34 13 68.8 75.05
2024_0411_22:08:34 13 -49.9875 -99.95
2024_0411_22:08:35 13 33.85 -1.725
2024_0411_22:08:35 13 1.2375 0.6625
2024_0411_22:08:38 14 1.5125 1.65
2024_0411_22:08:39 14 0.475 1.375
2024_0411_22:08:39 14 55.575 64.775
2024_0411_22:08:40 13 71.55 73.55
2024_0411_22:08:40 14 -3.025 -1.9875
2024_0411_22:08:43 14 -11.175 11.6625
2024_0411_22:08:50 14 61.4375 66.75
2024_0411_22:08:51 14 -0.7625 0.5125
2024_0411_22:09:00 14 31.0875 57.3875
2024_0411_22:09:09 14 0.4125 -1.425
2024_0411_22:09:18 14 73.125 71.1625
2024_0411_22:12:49 14 74.675 75.95
2024_0411_22:16:27 15 60.825 57.4125
2024_0411_22:16:32 14 66.15 64.4
2024_0411_22:16:33 15 0.325 0.3625
2024_0411_22:16:34 15 38.9375 18.325
2024_0411_22:16:36 15 -0.85 -0.775
2024_0411_22:16:41 15 -1.9375 8.2375
2024_0411_22:16:43 14 1.775 2.275
2024_0411_22:16:43 14 0.7375 0.7
2024_0411_22:16:45 15 64.7875 58.775
2024_0411_22:16:48 15 -0.55 -0.75
2024_0411_22:16:51 15 -0.2875 -1.0375
2024_0411_22:16:58 15 -26.225 31.2125
2024_0411_22:16:58 15 73.675 72.7625
2024_0411_22:17:07 15 -0.075 1.325
2024_0411_22:20:47 15 72.85 69.7875
2024_0411_22:23:24 16 19.2875 54.825
2024_0411_22:24:20 16 64.3875 66.4375
2024_0411_22:24:22 16 8.375 -6.6875
2024_0411_22:24:24 16 12.025 -19.9625
2024_0411_22:24:29 17 0.425 1.825
2024_0411_22:24:30 16 11.2625 11.525
2024_0411_22:24:30 16 -15.075 16.8375
2024_0411_22:24:34 16 -9.075 11.4
2024_0411_22:24:35 17 52.525 38.6
2024_0411_22:24:35 17 -0.275 0.2375
2024_0411_22:24:40 17 -80.825 80.2125
2024_0411_22:24:46 17 49.975 -49.975
2024_0411_22:24:48 17 -10.4125 8.55
2024_0411_22:24:57 17 0.375 0.2
2024_0411_22:25:09 17 16.0 12.9875
2024_0411_22:28:46 17 6.2875 3.2875
2024_0411_22:32:13 18 -49.975 -99.9875
2024_0411_22:32:13 18 -49.7875 99.875
2024_0411_22:32:19 18 47.325 -49.875
2024_0411_22:32:22 18 68.9375 69.2
2024_0411_22:32:22 18 72.85 72.1875
2024_0411_22:32:28 18 40.9 -39.9125
2024_0411_22:32:36 18 28.8625 -4.525
2024_0411_22:32:38 18 -25.2125 23.6625
2024_0411_22:32:39 20 -7.7125 64.65
2024_0411_22:32:48 19 -15.2625 28.7875
2024_0411_22:32:51 19 12.0625 20.9125
2024_0411_22:32:53 20 -2.3875 -2.45
2024_0411_22:33:02 20 0.1875 -1.0875
2024_0411_22:35:02 20 0.7625 1.3
2024_0411_22:36:10 20 0.075 -1.775
2024_0411_22:36:22 20 -14.9 12.125
2024_0411_22:39:14 15 1.3625 2.9
2024_0411_22:39:15 4 62.175 60.5375
2024_0411_22:39:21 17 24.3 -11.0125
2024_0411_22:39:22 18 0.3875 1.0
2024_0411_22:39:36 20 23.3125 -11.0
2024_0411_22:47:21 7 72.9375 73.05
2024_0411_22:47:23 3 65.65 51.3625
2024_0411_22:47:24 11 -0.725 -0.1
2024_0411_22:47:25 5 72.4375 74.525
2024_0411_22:47:25 8 64.7875 62.2875
2024_0411_22:47:25 11 0.9625 0.05
2024_0411_22:47:25 4 67.6 64.0
2024_0411_22:47:26 11 -0.65 -0.625
2024_0411_22:47:27 11 -1.525 0.05
2024_0411_22:47:27 6 73.8375 73.2
2024_0411_22:47:28 9 74.8875 75.4875
2024_0411_22:47:28 11 61.1875 65.0
2024_0411_22:47:31 10 73.7 72.275
2024_0411_22:47:31 1 73.475 73.3
2024_0411_22:47:39 11 51.4 62.7625
2024_0411_22:47:52 2 71.4125 69.8375
2024_0411_22:55:12 12 -1.0625 -0.4125
2024_0411_22:55:12 11 73.7875 73.6
2024_0411_22:55:12 12 -1.175 -1.65
2024_0411_22:55:14 12 73.45 72.525
2024_0411_22:55:14 12 73.7375 72.4125
2024_0411_22:55:14 12 66.5875 59.3625
2024_0411_22:55:15 12 -1.7 -0.625
2024_0411_22:55:15 12 56.6625 58.0875
2024_0411_22:55:17 13 -0.3125 -0.1375
2024_0411_22:55:17 13 85.6375 -70.65
2024_0411_22:55:21 13 68.375 69.975
2024_0411_22:55:23 12 64.95 63.8625
2024_0411_22:55:26 13 75.9125 73.6375
2024_0411_22:55:28 13 -2.0625 -0.15
2024_0411_22:55:31 11 0.0375 0.825
2024_0411_22:55:43 13 0.025 0.3375
2024_0411_23:02:56 13 0.2375 0.175
2024_0411_23:03:01 13 0.475 1.2625
2024_0411_23:03:02 13 0.8625 0.05
2024_0411_23:03:03 13 0.8125 -0.575
2024_0411_23:03:05 13 -0.0125 12.8375
2024_0411_23:03:06 14 -99.9625 49.975
2024_0411_23:03:08 13 12.0625 13.3875
2024_0411_23:03:08 14 74.5875 80.6875
2024_0411_23:03:09 14 -0.1125 -0.5375
2024_0411_23:03:09 14 58.0625 62.9375
2024_0411_23:03:16 14 -18.0625 58.275
2024_0411_23:03:16 14 55.05 66.3375
2024_0411_23:03:21 14 42.05 43.1375
2024_0411_23:03:26 13 0.375 1.4
2024_0411_23:03:37 14 62.225 59.3375
2024_0411_23:03:37 14 1.125 0.8875
2024_0411_23:10:48 15 0.6875 -1.95
2024_0411_23:10:48 14 1.8375 0.675
2024_0411_23:10:49 14 -49.95 99.925
2024_0411_23:10:52 14 71.5 72.4375
2024_0411_23:10:54 15 0.0625 -0.125
2024_0411_23:10:59 15 58.0625 71.4875
2024_0411_23:11:00 15 -32.6125 17.4125
2024_0411_23:11:01 15 -76.9625 77.3125
2024_0411_23:11:02 15 0.325 0.2875
2024_0411_23:11:05 15 -3.1 -1.3625
2024_0411_23:11:12 15 0.65 2.1375
2024_0411_23:11:14 15 -0.8875 0.4375
2024_0411_23:11:18 15 63.375 58.3625
2024_0411_23:11:22 15 0.325 -0.8
2024_0411_23:11:26 15 0.1 0.775
2024_0411_23:11:45 15 66.5625 65.7875
2024_0411_23:18:35 16 -1.3125 -2.4625
2024_0411_23:18:40 16 -2.55 -1.35
2024_0411_23:18:41 16 -1.1625 -0.0625
2024_0411_23:18:45 16 0.25 -0.8375
2024_0411_23:18:45 16 99.975 -99.975
2024_0411_23:18:46 16 4.225 4.575
2024_0411_23:18:49 16 -2.825 -0.2
2024_0411_23:18:51 16 0.2625 1.2625
2024_0411_23:18:55 17 9.3625 61.475
2024_0411_23:19:07 17 61.575 58.525
2024_0411_23:19:15 17 75.6125 74.65
2024_0411_23:19:15 17 -0.5 -1.0875
2024_0411_23:19:22 17 10.175 -10.225
2024_0411_23:19:23 17 -0.925 -2.6625
2024_0411_23:19:47 18 -0.05 0.4875
2024_0411_23:24:25 18 70.275 22.8
2024_0411_23:26:29 18 70.5125 72.4875
2024_0411_23:26:30 18 -13.475 11.0375
2024_0411_23:26:35 18 -0.5125 0.0125
2024_0411_23:26:36 18 -5.0375 4.9625
2024_0411_23:26:37 18 -0.975 -1.2
2024_0411_23:26:43 18 1.2875 2.025
2024_0411_23:26:51 18 -0.025 0.0
2024_0411_23:26:52 18 63.4875 66.1875
2024_0411_23:26:52 18 64.125 66.6
2024_0411_23:27:00 19 36.2 -14.1625
2024_0411_23:27:01 19 -1.0125 0.25
2024_0411_23:27:09 20 -19.2375 52.05
2024_0411_23:27:21 19 1.2 0.825
2024_0411_23:27:27 20 55.575 52.9125
2024_0411_23:27:56 20 35.4375 -15.4125
2024_0411_23:31:52 20 0.5 27.875
2024_0411_23:33:23 20 0.0 -99.975
2024_0411_23:33:26 20 71.9125 72.0125
2024_0411_23:33:32 17 73.8 73.9625
2024_0411_23:33:34 18 64.3375 66.6625
2024_0411_23:41:19 11 0.0 0.2875
2024_0411_23:41:20 5 73.3375 72.9
2024_0411_23:41:21 11 0.125 1.4
2024_0411_23:41:22 11 3.35 1.075
2024_0411_23:41:24 11 71.4625 73.375
2024_0411_23:41:25 11 65.7875 66.35
2024_0411_23:41:25 1 72.325 74.9375
2024_0411_23:41:27 7 66.7375 65.9125
2024_0411_23:41:28 4 55.5 63.5875
2024_0411_23:41:28 3 51.175 66.5
2024_0411_23:41:28 10 73.575 70.075
2024_0411_23:41:29 2 64.7 66.7
2024_0411_23:41:31 8 65.2125 67.9875
2024_0411_23:41:39 11 1.25 -0.5
2024_0411_23:41:40 9 75.4125 75.5875
2024_0411_23:41:50 6 73.2125 73.7375
2024_0411_23:49:06 11 -1.425 0.2375
2024_0411_23:49:08 11 49.9875 -99.975
2024_0411_23:49:09 11 -50.0 50.0
2024_0411_23:49:12 11 -2.275 -0.7625
2024_0411_23:49:14 11 60.2375 64.05
2024_0411_23:49:18 11 63.0125 64.7125
2024_0411_23:49:19 11 74.0125 74.625
2024_0411_23:49:20 11 72.9625 74.875
2024_0411_23:49:21 11 49.975 99.95
2024_0411_23:49:22 11 3.2625 6.3625
2024_0411_23:49:24 12 86.375 22.95
2024_0411_23:49:28 11 73.8875 74.0
2024_0411_23:49:31 12 54.775 46.075
2024_0411_23:49:31 12 72.2875 66.925
2024_0411_23:49:32 11 0.025 0.025
2024_0411_23:49:41 12 -2.25 0.7
2024_0411_23:56:58 12 29.75 66.6625
2024_0411_23:56:59 12 1.8625 0.275
2024_0411_23:56:59 12 71.475 72.2125
2024_0411_23:57:01 12 -0.0375 -0.1125
2024_0411_23:57:05 12 68.2625 65.8125
2024_0411_23:57:06 12 50.325 62.825
2024_0411_23:57:10 12 6.6 4.9
2024_0411_23:57:11 12 2.175 -0.65
2024_0411_23:57:13 12 66.8375 67.7125
2024_0411_23:57:14 12 -2.325 1.6375
2024_0411_23:57:16 12 0.8125 0.0875
2024_0411_23:57:20 13 73.1125 72.7
2024_0411_23:57:21 13 71.3625 71.7
2024_0411_23:57:34 13 7.2125 15.95
2024_0411_23:57:35 13 71.6625 67.95
2024_0411_23:57:43 13 79.8625 68.675
2024_0412_00:04:48 13 67.7625 68.725
2024_0412_00:04:53 13 51.4 75.125
2024_0412_00:04:54 13 70.8 32.9875
2024_0412_00:05:00 13 -0.5625 -1.5625
2024_0412_00:05:00 13 1.275 -1.4875
2024_0412_00:05:02 13 -0.2 -0.775
2024_0412_00:05:02 13 49.975 99.95
2024_0412_00:05:03 13 10.3375 8.175
2024_0412_00:05:04 13 65.8875 64.9
2024_0412_00:05:05 13 0.6375 -2.275
2024_0412_00:05:05 13 74.375 74.6
2024_0412_00:05:10 13 65.8875 61.35
2024_0412_00:05:11 13 0.5125 -2.25
2024_0412_00:05:25 13 51.0125 62.9625
2024_0412_00:05:30 13 0.375 -1.3375
2024_0412_00:05:52 13 -2.225 0.3375
2024_0412_00:12:37 13 66.6 65.375
2024_0412_00:12:42 13 3.2875 0.0625
2024_0412_00:12:47 13 -1.375 -0.525
2024_0412_00:12:48 13 0.4875 0.025
2024_0412_00:12:52 14 19.875 17.55
2024_0412_00:12:52 14 -0.65 -1.05
2024_0412_00:12:54 14 -8.3 14.9875
2024_0412_00:12:55 14 21.7125 -17.275
2024_0412_00:12:58 14 63.475 59.8875
2024_0412_00:13:01 14 59.725 57.825
2024_0412_00:13:02 14 2.35 2.0125
2024_0412_00:13:05 14 65.4375 64.65
2024_0412_00:13:18 14 71.8125 70.05
2024_0412_00:13:40 14 99.975 -49.9875
2024_0412_00:13:44 14 63.2875 67.5875
2024_0412_00:16:15 14 74.2125 73.0375
2024_0412_00:20:26 14 61.1375 3.5625
2024_0412_00:20:32 14 -21.8 21.2625
2024_0412_00:20:34 14 47.8375 63.0875
2024_0412_00:20:39 14 79.025 26.3
2024_0412_00:20:42 14 5.5125 5.7125
2024_0412_00:20:42 14 19.675 17.7
2024_0412_00:20:43 14 -99.975 -99.975
2024_0412_00:20:44 14 73.5875 69.8875
2024_0412_00:20:47 14 1.975 1.05
2024_0412_00:20:51 14 22.5625 20.0125
2024_0412_00:20:51 14 0.2 1.875
2024_0412_00:20:56 14 72.5625 73.1375
2024_0412_00:21:26 15 0.55 -0.2625
2024_0412_00:21:39 15 61.9875 59.5375
2024_0412_00:21:56 15 69.35 67.4
2024_0412_00:24:08 15 6.5375 8.85
2024_0412_00:28:15 15 26.7625 -27.575
2024_0412_00:28:19 15 75.15 76.225
2024_0412_00:28:22 15 -86.4125 93.125
2024_0412_00:28:27 15 -0.6125 -0.7
2024_0412_00:28:36 15 0.525 -1.05
2024_0412_00:28:39 15 1.15 0.8625
2024_0412_00:28:40 15 29.4 -5.825
2024_0412_00:28:42 15 -9.5375 10.875
2024_0412_00:28:46 15 -0.4125 1.8875
2024_0412_00:28:56 15 65.525 33.65
2024_0412_00:28:58 15 1.2125 1.55
2024_0412_00:29:11 15 0.0625 -0.1
2024_0412_00:29:17 15 58.5625 58.3375
2024_0412_00:29:25 15 0.65 -1.975
2024_0412_00:29:45 15 -1.2875 0.0
2024_0412_00:31:55 15 -2.0875 1.575
2024_0412_00:35:58 15 19.775 14.0125
2024_0412_00:36:12 15 67.625 54.7125
2024_0412_00:36:13 15 5.475 47.225
2024_0412_00:36:24 15 72.95 74.9875
2024_0412_00:36:26 16 -10.4375 11.1875
2024_0412_00:36:31 16 -0.625 -0.125
2024_0412_00:36:34 16 -1.1875 1.65
2024_0412_00:36:36 16 -1.4625 4.4375
2024_0412_00:36:41 16 69.7375 0.6625
2024_0412_00:36:51 16 73.6125 72.9
2024_0412_00:36:53 16 74.675 76.1375
2024_0412_00:36:54 16 0.9375 3.9125
2024_0412_00:37:14 16 63.9875 62.325
2024_0412_00:37:27 16 25.8625 27.475
2024_0412_00:37:35 16 24.95 20.5125
2024_0412_00:39:40 16 0.35 0.4875
2024_0412_00:43:42 16 -8.0125 8.625
2024_0412_00:43:59 16 0.3375 0.625
2024_0412_00:44:07 17 1.4 0.825
2024_0412_00:44:21 17 -0.7 -0.8875
2024_0412_00:44:24 17 -0.525 -0.0375
2024_0412_00:44:27 17 37.675 35.4
2024_0412_00:44:29 17 -34.9 48.7
2024_0412_00:44:31 17 49.2625 47.5875
2024_0412_00:44:38 17 -1.2625 0.2375
2024_0412_00:44:41 17 72.45 75.1875
2024_0412_00:44:43 17 57.2875 61.0375
2024_0412_00:45:15 17 23.2 7.5875
2024_0412_00:45:17 17 1.8 -1.5625
2024_0412_00:45:36 17 78.625 -5.375
2024_0412_00:47:29 17 7.95 4.625
2024_0412_00:48:20 17 0.55 0.1875
2024_0412_00:51:54 17 4.2 6.1375
2024_0412_00:52:13 17 5.9 4.35
2024_0412_00:52:16 18 -0.8375 -1.4875
2024_0412_00:52:21 17 14.9125 -14.125
2024_0412_00:52:25 18 0.4375 0.9
2024_0412_00:52:26 18 2.4375 -2.05
2024_0412_00:52:32 18 -20.2125 22.725
2024_0412_00:52:32 18 0.3125 -1.275
2024_0412_00:52:46 18 0.5125 -0.3625
2024_0412_00:53:03 18 15.15 -11.8125
2024_0412_00:53:25 18 76.2 73.9125
2024_0412_00:55:23 18 61.4625 61.975
2024_0412_00:55:38 18 0.625 0.175
2024_0412_00:56:04 18 3.925 -0.525
2024_0412_00:56:07 18 64.85 67.3375
2024_0412_00:57:43 18 -49.0 49.15
2024_0412_00:59:54 18 29.0 -26.95
2024_0412_00:59:56 18 99.975 99.975
2024_0412_01:00:05 18 -1.8875 -1.4375
2024_0412_01:00:15 18 -12.7125 20.4375
2024_0412_01:00:17 18 -9.2625 10.2875
2024_0412_01:00:29 18 -0.7625 0.125
2024_0412_01:00:30 18 74.3625 76.025
2024_0412_01:00:35 18 0.6625 -0.85
2024_0412_01:00:50 18 58.8125 20.8625
2024_0412_01:01:13 18 63.1 67.9625
2024_0412_01:03:19 18 66.7375 63.6375
2024_0412_01:03:30 19 -3.775 69.9875
2024_0412_01:03:57 19 89.55 -40.95
2024_0412_01:04:04 19 -0.4125 6.0
2024_0412_01:05:29 19 19.6625 -20.9875
2024_0412_01:07:30 19 -31.2875 45.3875
2024_0412_01:07:44 19 42.5375 71.325
2024_0412_01:07:50 20 25.4125 23.6
2024_0412_01:07:57 20 0.7 1.4625
2024_0412_01:08:07 20 8.65 -7.4
2024_0412_01:08:10 20 52.175 44.8125
2024_0412_01:08:26 20 56.4625 65.3625
2024_0412_01:08:29 20 60.1125 10.15
2024_0412_01:08:36 20 -1.2125 -0.5375
2024_0412_01:08:45 20 -13.7625 15.2625
2024_0412_01:09:04 20 54.025 57.5
2024_0412_01:11:08 20 0.0375 -0.25
2024_0412_01:11:41 20 -0.6375 0.625
2024_0412_01:11:44 20 -3.6 42.35
2024_0412_01:12:33 20 99.975 -99.975
2024_0412_01:12:58 14 65.5 -7.1375
2024_0412_01:14:51 15 63.0 62.7
2024_0412_01:15:08 17 11.975 -5.1625
2024_0412_01:15:13 17 0.975 -0.5
2024_0412_01:15:17 17 9.825 -9.2875
2024_0412_01:15:25 17 14.2875 -15.2625
2024_0412_01:15:35 17 64.5125 65.825
2024_0412_01:15:42 18 -9.1875 9.2375
2024_0412_01:15:49 18 46.375 -43.5125
2024_0412_01:15:52 20 43.55 68.375
2024_0412_01:23:26 11 -1.6625 -1.8875
2024_0412_01:23:28 6 72.5875 72.825
2024_0412_01:23:29 1 75.1 72.7625
2024_0412_01:23:29 11 75.1 -35.1875
2024_0412_01:23:29 11 0.2625 0.6125
2024_0412_01:23:32 5 73.7 73.475
2024_0412_01:23:32 2 64.45 64.9375
2024_0412_01:23:32 4 62.625 65.9625
2024_0412_01:23:32 11 66.275 59.575
2024_0412_01:23:34 7 72.325 72.7125
2024_0412_01:23:35 11 -1.3375 -1.9625
2024_0412_01:23:35 10 74.2875 72.05
2024_0412_01:23:37 11 -1.225 -0.85
2024_0412_01:23:38 8 73.4375 72.4625
2024_0412_01:23:39 3 67.2 61.6125
2024_0412_01:23:45 9 75.45 74.05
2024_0412_01:30:59 11 -1.425 -0.125
2024_0412_01:31:05 11 1.4 0.15
2024_0412_01:31:05 11 58.0625 62.175
2024_0412_01:31:07 11 -0.625 0.2
2024_0412_01:31:08 11 66.45 67.775
2024_0412_01:31:08 11 0.4625 1.2875
2024_0412_01:31:10 11 -0.45 -1.9
2024_0412_01:31:10 11 -0.65 -1.45
2024_0412_01:31:10 11 0.9 0.4625
2024_0412_01:31:16 11 65.875 61.325
2024_0412_01:31:17 11 62.075 67.3125
2024_0412_01:31:17 12 72.7 71.325
2024_0412_01:31:18 11 49.9875 -99.975
2024_0412_01:31:20 12 72.4 71.65
2024_0412_01:31:23 12 46.0875 61.4375
2024_0412_01:31:25 12 -22.325 22.0375
2024_0412_01:38:36 12 65.3625 66.8375
2024_0412_01:38:45 12 1.3 -0.525
2024_0412_01:38:46 12 -0.8375 -0.1875
2024_0412_01:38:49 12 -0.925 1.3625
2024_0412_01:38:50 12 -2.65 0.9875
2024_0412_01:38:51 12 0.3125 0.0625
2024_0412_01:38:51 12 39.1 37.8875
2024_0412_01:38:52 12 70.725 62.875
2024_0412_01:38:53 12 1.25 1.675
2024_0412_01:38:57 12 57.0625 64.9375
2024_0412_01:38:58 13 0.8 -0.3625
2024_0412_01:38:59 12 25.9 20.7
2024_0412_01:38:59 13 59.1875 59.6625
2024_0412_01:39:07 13 -0.125 0.1375
2024_0412_01:39:07 13 25.9875 -11.9625
2024_0412_01:39:15 13 10.1 12.6125
2024_0412_01:46:17 13 61.9625 50.775
2024_0412_01:46:21 13 49.9875 -49.9875
2024_0412_01:46:27 13 0.3375 -0.25
2024_0412_01:46:27 13 0.7375 2.075
2024_0412_01:46:30 13 -1.7375 2.475
2024_0412_01:46:31 13 -99.95 -99.95
2024_0412_01:46:32 13 4.75 -1.0375
2024_0412_01:46:33 13 1.85 -3.325
2024_0412_01:46:34 13 9.6625 -8.425
2024_0412_01:46:36 13 36.25 35.85
2024_0412_01:46:36 13 50.5 49.775
2024_0412_01:46:44 13 69.825 71.0625
2024_0412_01:46:47 13 -0.2125 0.625
2024_0412_01:46:50 13 0.5625 -0.325
2024_0412_01:46:50 13 69.5125 75.0375
2024_0412_01:46:55 13 72.3375 73.775
2024_0412_01:54:05 13 63.425 59.7125
2024_0412_01:54:06 13 0.8375 0.475
2024_0412_01:54:08 14 0.275 0.2125
2024_0412_01:54:10 13 1.7875 2.5875
2024_0412_01:54:10 14 18.7375 15.1625
2024_0412_01:54:11 14 -1.575 0.1625
2024_0412_01:54:12 14 3.55 11.125
2024_0412_01:54:13 14 -14.425 46.4875
2024_0412_01:54:14 14 19.65 19.25
2024_0412_01:54:14 14 0.15 -0.1125
2024_0412_01:54:24 14 68.55 63.7625
2024_0412_01:54:26 14 -0.5125 -1.0125
2024_0412_01:54:29 14 -99.975 -99.975
2024_0412_01:54:30 14 64.175 69.4125
2024_0412_01:54:30 14 51.25 61.1625
2024_0412_01:54:34 14 1.0125 -1.85
2024_0412_02:01:45 14 27.325 27.725
2024_0412_02:01:47 14 42.0 -38.6875
2024_0412_02:01:49 14 -18.875 19.4125
2024_0412_02:01:50 14 -1.5875 0.3
2024_0412_02:01:54 14 -20.1625 22.875
2024_0412_02:01:55 14 63.0375 63.425
2024_0412_02:01:56 14 56.6875 68.6125
2024_0412_02:01:56 14 0.5 -0.4125
2024_0412_02:01:57 14 74.125 74.4375
2024_0412_02:01:58 14 -0.2125 -0.3875
2024_0412_02:02:02 14 0.2125 -0.7
2024_0412_02:02:07 14 49.875 -49.95
2024_0412_02:02:10 15 -0.1375 -1.125
2024_0412_02:02:11 15 0.0875 1.775
2024_0412_02:02:13 15 60.2 57.5875
2024_0412_02:07:13 15 1.0375 -0.4875
2024_0412_02:09:28 15 76.75 65.7625
2024_0412_02:09:30 15 0.525 1.8125
2024_0412_02:09:33 15 24.85 23.325
2024_0412_02:09:36 15 -0.1125 -2.45
2024_0412_02:09:38 15 48.1625 48.675
2024_0412_02:09:38 15 66.025 62.6875
2024_0412_02:09:39 15 45.7125 -19.6125
2024_0412_02:09:40 15 2.3125 1.0625
2024_0412_02:09:42 15 56.7125 59.5625
2024_0412_02:09:45 15 0.4125 -0.975
2024_0412_02:09:48 15 1.925 0.7875
2024_0412_02:09:50 15 -0.5875 -1.0125
2024_0412_02:09:53 15 26.6125 58.2875
2024_0412_02:09:56 15 62.2125 56.9375
2024_0412_02:09:57 15 47.7875 48.2875
2024_0412_02:14:53 15 3.825 0.5375
2024_0412_02:17:04 15 49.9875 49.9875
2024_0412_02:17:14 15 29.075 28.6625
2024_0412_02:17:17 16 -9.4375 17.125
2024_0412_02:17:18 16 -1.175 1.525
2024_0412_02:17:19 16 -2.275 -1.6375
2024_0412_02:17:21 15 2.05 -2.6875
2024_0412_02:17:23 16 -12.8125 45.7625
2024_0412_02:17:24 16 73.2375 71.55
2024_0412_02:17:25 16 -2.55 -2.8625
2024_0412_02:17:31 16 -99.95 -99.925
2024_0412_02:17:36 16 -6.8125 26.7875
2024_0412_02:17:36 16 36.9875 37.0125
2024_0412_02:17:46 16 -22.4 59.475
2024_0412_02:18:47 16 61.9625 66.0
2024_0412_02:22:08 16 60.875 45.1125
2024_0412_02:22:34 16 10.1375 -13.825
2024_0412_02:24:42 17 -0.2125 1.5625
2024_0412_02:24:58 17 -0.3 -1.7125
2024_0412_02:24:58 17 61.6875 30.1
2024_0412_02:25:00 17 47.425 43.875
2024_0412_02:25:00 17 14.125 11.8625
2024_0412_02:25:02 17 0.4125 1.0875
2024_0412_02:25:06 17 25.15 36.4625
2024_0412_02:25:09 17 3.975 0.4
2024_0412_02:25:16 17 21.7 21.5875
2024_0412_02:25:20 17 3.15 6.1375
2024_0412_02:25:22 17 -0.05 1.5625
2024_0412_02:25:40 17 4.4125 19.2125
2024_0412_02:26:33 17 -0.1 -0.4
2024_0412_02:29:11 17 -1.1875 -1.4625
2024_0412_02:29:45 17 57.05 -20.925
2024_0412_02:30:16 17 92.9625 -20.9875
2024_0412_02:32:21 17 -0.4625 0.1375
2024_0412_02:32:38 17 9.8 32.4875
2024_0412_02:32:40 18 -22.4 22.375
2024_0412_02:32:43 17 94.9875 -50.6125
2024_0412_02:32:43 18 0.2875 0.625
2024_0412_02:32:49 18 -0.4 -2.6625
2024_0412_02:32:53 18 99.925 -49.9625
2024_0412_02:32:54 18 -21.2375 34.8875
2024_0412_02:32:57 18 10.9625 10.0875
2024_0412_02:33:09 18 -0.5875 -1.8
2024_0412_02:33:11 18 53.5625 49.125
2024_0412_02:33:24 18 -0.7625 -0.2625
2024_0412_02:34:31 18 12.475 11.075
2024_0412_02:36:51 18 -99.9125 99.9625
2024_0412_02:37:40 18 54.35 53.3625
2024_0412_02:37:55 18 -0.5 0.3125
2024_0412_02:39:56 18 0.9375 0.0625
2024_0412_02:40:18 18 21.075 -21.85
2024_0412_02:40:23 18 -0.2375 -0.6875
2024_0412_02:40:31 18 29.3125 34.05
2024_0412_02:40:34 18 62.2625 64.35
2024_0412_02:40:37 18 0.95 -2.3
2024_0412_02:40:39 18 -0.3875 0.5125
2024_0412_02:40:41 18 69.0875 70.3625
2024_0412_02:40:49 18 -10.7375 9.3375
2024_0412_02:40:54 18 71.35 74.05
2024_0412_02:40:58 19 35.7375 37.75
2024_0412_02:41:09 19 63.6375 63.3875
2024_0412_02:42:19 19 32.55 31.3375
2024_0412_02:44:42 19 64.4625 66.45
2024_0412_02:45:30 19 28.275 67.2125
2024_0412_02:45:40 19 -21.35 28.025
2024_0412_02:47:40 19 -3.9875 5.3125
2024_0412_02:48:00 19 -0.725 3.0875
2024_0412_02:48:08 19 0.6375 0.425
2024_0412_02:48:15 19 24.5375 -25.2125
2024_0412_02:48:22 20 0.025 5.6875
2024_0412_02:48:24 20 26.1875 37.475
2024_0412_02:48:32 20 40.4625 58.0875
2024_0412_02:48:35 20 57.9375 56.4
2024_0412_02:48:38 20 0.3875 -2.4
2024_0412_02:48:46 20 0.675 0.0625
2024_0412_02:48:47 20 6.6 5.075
2024_0412_02:49:11 20 50.1625 69.0625
2024_0412_02:50:07 20 65.4125 65.2875
2024_0412_02:52:56 20 10.6875 -11.2375
2024_0412_02:54:47 20 -57.9125 73.375
2024_0412_02:54:56 20 1.8875 7.3125
2024_0412_02:55:17 15 24.7125 18.3875
2024_0412_02:55:26 16 1.1625 0.2
2024_0412_02:55:36 16 61.2625 64.525
2024_0412_02:55:38 17 10.1875 -8.375
2024_0412_02:55:48 18 0.2 1.1375
2024_0412_02:55:52 20 -1.625 0.65
2024_0412_02:56:55 20 66.2625 24.1
2024_0412_02:58:40 16 75.975 76.8125
2024_0412_03:06:18 7 62.6125 59.8125
2024_0412_03:06:18 11 -1.8 0.7625
2024_0412_03:06:18 11 -9.7625 35.2375
2024_0412_03:06:19 11 55.575 64.225
2024_0412_03:06:20 11 -36.1875 76.0625
2024_0412_03:06:20 5 74.25 73.5375
2024_0412_03:06:21 8 70.1125 71.2125
2024_0412_03:06:22 3 64.8875 55.5625
2024_0412_03:06:23 9 75.7375 71.6625
2024_0412_03:06:23 4 61.3625 63.1625
2024_0412_03:06:24 6 73.925 72.9875
2024_0412_03:06:24 1 73.0875 72.15
2024_0412_03:06:24 2 73.8625 73.85
2024_0412_03:06:25 11 -0.1625 -0.85
2024_0412_03:06:27 9 75.1875 75.425
2024_0412_03:06:35 10 71.2125 66.45
2024_0412_03:13:56 11 -0.15 1.025
2024_0412_03:13:57 11 -1.05 0.7125
2024_0412_03:13:58 11 1.6 2.325
2024_0412_03:13:58 11 75.7125 73.2375
2024_0412_03:14:00 11 60.45 59.6
2024_0412_03:14:00 11 65.6125 62.375
2024_0412_03:14:01 11 1.9875 -1.65
2024_0412_03:14:02 11 72.2375 73.1375
2024_0412_03:14:03 11 -0.575 1.525
2024_0412_03:14:03 11 72.0375 71.575
2024_0412_03:14:07 11 1.0875 1.575
2024_0412_03:14:07 11 -0.225 0.3875
2024_0412_03:14:08 11 68.075 54.75
2024_0412_03:14:11 11 65.6375 59.55
2024_0412_03:14:14 11 -0.475 1.25
2024_0412_03:14:18 11 -0.1625 -0.9875
2024_0412_03:21:33 11 69.1875 66.9375
2024_0412_03:21:34 11 62.7625 66.725
2024_0412_03:21:37 11 75.9875 66.05
2024_0412_03:21:37 12 0.5375 2.0625
2024_0412_03:21:39 12 -2.775 -0.0375
2024_0412_03:21:43 12 66.05 60.8625
2024_0412_03:21:45 12 -1.4625 0.125
2024_0412_03:21:46 11 73.7875 74.6375
2024_0412_03:21:47 12 -0.6 -0.275
2024_0412_03:21:47 11 27.5625 28.95
2024_0412_03:21:48 12 74.4 71.8375
2024_0412_03:21:49 12 0.0375 2.125
2024_0412_03:21:51 12 62.875 79.6875
2024_0412_03:21:54 12 14.4625 13.6125
2024_0412_03:21:54 12 74.85 76.7
2024_0412_03:22:02 12 -0.3125 0.7375
2024_0412_03:29:11 12 -1.175 0.125
2024_0412_03:29:12 12 67.9625 66.3125
2024_0412_03:29:14 12 -0.9375 -1.2625
2024_0412_03:29:15 12 -0.3125 0.1875
2024_0412_03:29:19 12 -99.95 49.975
2024_0412_03:29:22 12 64.5875 64.15
2024_0412_03:29:24 12 0.5125 -0.55
2024_0412_03:29:27 12 73.2875 73.5875
2024_0412_03:29:28 12 61.2875 62.8625
2024_0412_03:29:29 12 0.8 -0.3625
2024_0412_03:29:34 13 65.15 63.6125
2024_0412_03:29:34 13 99.975 99.95
2024_0412_03:29:35 12 1.8125 -0.65
2024_0412_03:29:35 13 72.8875 71.575
2024_0412_03:29:36 13 72.8375 73.975
2024_0412_03:29:50 13 72.45 74.5125
2024_0412_03:36:50 13 49.95 49.9625
2024_0412_03:36:51 13 0.15 0.1375
2024_0412_03:36:52 13 0.05 1.2875
2024_0412_03:36:59 13 10.2875 -9.8375
2024_0412_03:36:59 13 67.3875 66.7
2024_0412_03:37:03 13 1.35 2.0125
2024_0412_03:37:03 13 57.5625 59.1875
2024_0412_03:37:05 13 74.5375 73.025
2024_0412_03:37:06 13 59.5625 39.575
2024_0412_03:37:11 13 -0.05 -0.5625
2024_0412_03:37:12 13 -49.9875 -49.9875
2024_0412_03:37:14 13 1.1125 1.9
2024_0412_03:37:16 13 55.1 58.2625
2024_0412_03:37:18 13 68.325 72.625
2024_0412_03:37:26 13 33.575 34.5125
2024_0412_03:37:35 13 -8.8375 37.0125
2024_0412_03:44:27 13 10.0 -8.55
2024_0412_03:44:27 13 1.6 -3.0375
2024_0412_03:44:36 13 58.9625 57.675
2024_0412_03:44:37 13 1.7 0.8375
2024_0412_03:44:40 13 67.5375 63.5625
2024_0412_03:44:41 13 65.4375 65.2375
2024_0412_03:44:42 13 -25.0125 25.15
2024_0412_03:44:48 13 -0.0125 -0.05
2024_0412_03:44:51 13 0.675 0.8375
2024_0412_03:44:53 13 -0.575 2.25
2024_0412_03:44:53 13 12.25 -8.7875
2024_0412_03:44:55 13 38.575 39.225
2024_0412_03:45:02 13 1.7125 -1.075
2024_0412_03:45:04 13 73.1625 73.7875
2024_0412_03:45:06 13 -3.1125 1.9875
2024_0412_03:45:09 13 1.075 0.775
2024_0412_03:52:07 14 64.2875 64.675
2024_0412_03:52:12 14 99.925 49.9375
2024_0412_03:52:13 13 -20.15 74.325
2024_0412_03:52:20 14 -8.4875 10.4875
2024_0412_03:52:23 14 1.0375 2.2375
2024_0412_03:52:24 14 -0.425 -0.0875
2024_0412_03:52:25 14 63.4625 67.4375
2024_0412_03:52:25 14 -1.9625 -0.1625
2024_0412_03:52:29 14 1.025 -0.9625
2024_0412_03:52:32 14 -12.9875 12.05
2024_0412_03:52:35 14 58.9875 58.5375
2024_0412_03:52:37 14 63.6125 64.7625
2024_0412_03:52:44 14 71.7125 70.6
2024_0412_03:52:44 14 1.3375 -1.15
2024_0412_03:52:56 14 63.875 62.8625
2024_0412_03:52:58 14 65.6125 75.925
2024_0412_03:59:43 14 -1.3125 -0.6
2024_0412_03:59:54 14 63.7125 63.0875
2024_0412_03:59:57 14 5.975 6.5125
2024_0412_04:00:00 14 8.3375 5.525
2024_0412_04:00:06 14 -0.2875 -1.4875
2024_0412_04:00:08 14 72.1 73.0375
2024_0412_04:00:12 14 34.6625 64.0625
2024_0412_04:00:14 14 28.0125 27.75
2024_0412_04:00:17 14 -1.3625 -0.95
2024_0412_04:00:18 14 75.375 69.525
2024_0412_04:00:29 14 20.2375 10.2
2024_0412_04:00:42 14 72.425 72.4125
2024_0412_04:00:50 14 -0.925 0.8375
2024_0412_04:04:10 14 56.7375 68.5
2024_0412_04:05:20 14 70.325 69.35
2024_0412_04:06:42 14 1.1875 1.5
2024_0412_04:07:22 14 7.7 6.4125
2024_0412_04:07:32 14 -0.2 0.9
2024_0412_04:07:35 14 34.7 32.8125
2024_0412_04:07:46 14 65.275 58.525
2024_0412_04:07:46 15 -1.1125 -1.675
2024_0412_04:07:50 15 0.5 -1.6875
2024_0412_04:07:51 15 -1.25 0.125
2024_0412_04:07:55 15 2.35 1.4
2024_0412_04:07:58 15 64.1 66.325
2024_0412_04:08:11 15 49.9625 -49.9875
2024_0412_04:08:30 15 -11.1625 9.9125
2024_0412_04:08:31 15 49.975 -50.0
2024_0412_04:11:52 15 -0.625 0.3375
2024_0412_04:12:57 15 1.95 -1.6625
2024_0412_04:14:31 15 1.0625 -1.1625
2024_0412_04:14:59 15 1.575 32.7375
2024_0412_04:15:03 15 1.3125 -0.8625
2024_0412_04:15:15 15 25.7 0.3875
2024_0412_04:15:19 15 0.075 1.575
2024_0412_04:15:23 15 2.5375 -0.6625
2024_0412_04:15:30 15 1.8 -0.7875
2024_0412_04:15:31 15 0.9875 -0.55
2024_0412_04:15:32 15 -1.325 1.4
2024_0412_04:15:40 15 71.1375 57.5
2024_0412_04:15:48 15 72.275 75.125
2024_0412_04:15:53 15 68.8625 59.3
2024_0412_04:16:12 15 -1.8125 -1.7125
2024_0412_04:16:15 15 1.2125 -0.0375
2024_0412_04:20:36 15 73.2375 68.825
2024_0412_04:22:09 15 -0.025 1.525
2024_0412_04:22:37 15 10.1375 8.1125
2024_0412_04:22:48 15 1.175 7.3875
2024_0412_04:22:55 15 66.65 51.6375
2024_0412_04:22:56 15 67.6875 66.2
2024_0412_04:23:11 16 32.55 -3.0125
2024_0412_04:23:15 15 -0.1125 -1.15
2024_0412_04:23:17 15 64.025 63.8
2024_0412_04:23:27 16 28.4875 27.75
2024_0412_04:23:33 16 -0.1375 -1.0
2024_0412_04:23:37 16 59.45 70.2125
2024_0412_04:24:04 16 60.5375 65.2625
2024_0412_04:24:09 16 70.55 72.65
2024_0412_04:26:22 16 3.1625 -0.25
2024_0412_04:28:22 16 0.2875 -0.125
2024_0412_04:28:59 16 63.9875 66.475
2024_0412_04:29:47 16 68.55 62.55
2024_0412_04:30:29 16 31.8 32.775
2024_0412_04:30:33 16 72.2875 72.475
2024_0412_04:30:37 16 65.0875 59.525
2024_0412_04:30:48 16 34.2375 -24.475
2024_0412_04:30:57 16 0.2875 0.9125
2024_0412_04:31:00 16 1.025 -0.8375
2024_0412_04:31:06 16 22.7625 66.15
2024_0412_04:31:15 16 19.825 9.2125
2024_0412_04:31:17 16 12.3 6.1
2024_0412_04:31:49 16 9.9375 -10.3875
2024_0412_04:31:50 16 -10.925 44.375
2024_0412_04:34:13 16 2.225 22.0625
2024_0412_04:36:20 16 69.325 70.4875
2024_0412_04:36:43 16 -0.7375 -3.5375
2024_0412_04:37:25 16 56.6875 49.925
2024_0412_04:38:06 16 66.475 61.8
2024_0412_04:38:17 17 0.3375 -0.15
2024_0412_04:38:20 16 72.875 72.9
2024_0412_04:38:26 17 62.6375 62.125
2024_0412_04:38:28 17 79.5 -5.125
2024_0412_04:38:40 17 6.225 -8.325
2024_0412_04:38:45 17 2.0875 1.6625
2024_0412_04:38:47 17 7.1875 6.0375
2024_0412_04:38:51 17 64.7625 64.3
2024_0412_04:38:58 17 16.05 -16.1125
2024_0412_04:39:28 17 12.8375 -10.8125
2024_0412_04:39:30 17 47.9375 -2.7375
2024_0412_04:41:55 17 -0.7125 -0.2875
2024_0412_04:44:17 17 70.85 73.7625
2024_0412_04:44:38 17 63.4875 65.9125
2024_0412_04:45:13 17 34.125 61.375
2024_0412_04:45:49 17 70.825 71.2875
2024_0412_04:45:57 17 65.0375 67.55
2024_0412_04:46:04 17 0.2 -1.3875
2024_0412_04:46:10 17 2.2 -0.35
2024_0412_04:46:17 17 65.475 67.3625
2024_0412_04:46:27 17 1.0 -0.525
2024_0412_04:46:33 17 29.1 28.5375
2024_0412_04:46:36 17 68.5875 70.0375
2024_0412_04:46:39 17 0.5 -0.6875
2024_0412_04:46:46 17 -1.225 -0.1125
2024_0412_04:47:12 17 3.025 -0.0625
2024_0412_04:47:21 17 62.325 66.7125
2024_0412_04:49:44 17 2.525 2.075
2024_0412_04:52:01 17 70.1875 62.525
2024_0412_04:52:32 18 0.25 -1.575
2024_0412_04:53:05 18 28.35 78.8125
2024_0412_04:53:30 18 0.8625 -1.0625
2024_0412_04:53:37 18 -0.1125 -0.2
2024_0412_04:53:48 18 -0.1625 -0.25
2024_0412_04:54:01 18 65.625 65.05
2024_0412_04:54:05 18 2.7625 -1.95
2024_0412_04:54:14 18 -33.0875 33.4875
2024_0412_04:54:17 18 -48.45 48.4625
2024_0412_04:54:18 18 65.5625 4.75
2024_0412_04:54:26 18 0.3375 -1.4
2024_0412_04:54:34 18 4.4125 0.075
2024_0412_04:55:08 18 69.975 61.2375
2024_0412_04:55:09 18 -1.425 -0.6625
2024_0412_04:57:40 18 0.1 0.7375
2024_0412_04:59:46 18 70.5375 77.0
2024_0412_05:00:18 18 -2.05 0.35
2024_0412_05:00:48 18 73.1375 72.975
2024_0412_05:01:11 18 61.6 65.675
2024_0412_05:01:23 18 16.1 11.7875
2024_0412_05:01:34 18 64.3 70.975
2024_0412_05:01:43 18 25.15 65.4375
2024_0412_05:01:57 18 -1.4875 -3.175
2024_0412_05:01:59 18 -0.9875 -0.4375
2024_0412_05:02:04 18 73.0375 73.5125
2024_0412_05:02:11 18 65.9875 57.6875
2024_0412_05:02:15 18 -16.9 17.2125
2024_0412_05:02:44 18 2.6625 30.65
2024_0412_05:02:52 18 -99.975 99.975
2024_0412_05:02:57 18 47.9 -46.85
2024_0412_05:05:26 18 75.05 74.85
2024_0412_05:07:29 18 2.875 -0.5125
2024_0412_05:08:07 18 67.525 67.575
2024_0412_05:08:36 18 17.925 30.4625
2024_0412_05:08:54 18 11.5625 11.6125
2024_0412_05:09:15 19 -6.4625 6.95
2024_0412_05:09:26 19 91.825 -34.25
2024_0412_05:09:34 19 -1.7625 -0.775
2024_0412_05:09:39 19 9.075 -8.3375
2024_0412_05:09:48 19 17.4375 47.825
2024_0412_05:09:51 19 63.375 61.3125
2024_0412_05:10:01 19 35.5125 -13.025
2024_0412_05:10:04 19 35.725 42.775
2024_0412_05:10:24 19 -49.9875 49.975
2024_0412_05:10:30 19 49.95 -49.8375
2024_0412_05:10:51 19 -1.2625 1.65
2024_0412_05:13:09 19 99.975 49.9875
2024_0412_05:15:10 19 16.3 -14.875
2024_0412_05:16:00 19 13.475 16.125
2024_0412_05:16:20 19 -99.975 99.95
2024_0412_05:16:53 19 0.9375 -0.2125
2024_0412_05:17:05 19 -49.575 50.35
2024_0412_05:17:10 19 79.6 -79.8
2024_0412_05:17:19 20 -8.3 8.975
2024_0412_05:17:24 19 71.3 69.925
2024_0412_05:17:42 20 73.85 66.8875
2024_0412_05:17:45 20 73.4375 72.7875
2024_0412_05:17:48 20 -0.1125 -0.1625
2024_0412_05:17:51 20 0.8625 3.675
2024_0412_05:18:12 20 55.9 63.1125
2024_0412_05:20:56 20 3.95 15.175
2024_0412_05:21:02 20 0.475 0.525
2024_0412_05:23:01 20 -0.225 1.375
2024_0412_05:23:19 20 71.825 73.625
2024_0412_05:23:42 20 73.2375 73.5125
2024_0412_05:24:10 20 -0.375 1.2375
2024_0412_05:24:34 20 12.625 -13.2625
2024_0412_05:24:54 20 32.8875 -4.1
2024_0412_05:24:56 20 0.2625 -0.05
2024_0412_05:24:56 20 1.2125 -0.6625
2024_0412_05:25:04 20 0.95 -0.3875
2024_0412_05:25:22 14 -0.0875 -0.675
2024_0412_05:25:22 20 23.45 84.5125
2024_0412_05:25:26 14 -1.1625 1.9
2024_0412_05:25:28 14 28.525 65.675
2024_0412_05:25:49 15 0.075 1.4875
2024_0412_05:28:13 15 70.65 72.35
2024_0412_05:28:22 15 2.6125 8.0
2024_0412_05:30:02 16 6.7625 7.9
2024_0412_05:34:28 20 65.325 65.2
2024_0412_05:36:08 20 -6.0125 12.1875
2024_0412_05:43:48 11 -0.575 -0.175
2024_0412_05:43:48 8 53.35 63.2875
2024_0412_05:43:50 2 63.775 60.7625
2024_0412_05:43:50 10 73.2375 73.2125
2024_0412_05:43:51 1 73.6375 72.3125
2024_0412_05:43:51 2 29.275 55.3
2024_0412_05:43:52 7 71.6 72.6875
2024_0412_05:43:53 3 59.3875 63.6375
2024_0412_05:43:54 4 61.775 52.0125
2024_0412_05:43:54 2 67.5875 58.2625
2024_0412_05:43:56 2 67.775 62.9
2024_0412_05:43:57 6 72.775 72.4625
2024_0412_05:43:58 8 71.2375 72.25
2024_0412_05:44:00 2 71.1625 72.025
2024_0412_05:45:24 11 -0.275 0.9875
2024_0412_05:49:41 11 0.4125 1.3375
2024_0412_05:51:26 11 61.95 67.8
2024_0412_05:51:27 11 0.3 -1.4375
2024_0412_05:51:27 11 -24.95 48.0375
2024_0412_05:51:29 11 -1.05 -0.825
2024_0412_05:51:30 11 49.975 49.975
2024_0412_05:51:32 11 73.05 73.175
2024_0412_05:51:33 11 0.7875 0.5
2024_0412_05:51:33 11 99.975 99.975
2024_0412_05:51:36 11 1.1625 -0.0875
2024_0412_05:51:37 11 73.3625 74.975
2024_0412_05:51:41 11 66.45 57.175
2024_0412_05:51:47 11 74.9125 76.075
2024_0412_05:51:48 11 71.8875 73.675
2024_0412_05:51:50 11 -0.75 -0.85
2024_0412_05:53:07 11 0.425 0.7875
2024_0412_05:57:20 11 -0.4625 -1.5875
2024_0412_05:59:03 11 -1.55 0.625
2024_0412_05:59:08 11 63.6875 64.2625
2024_0412_05:59:08 11 -49.9875 99.975
2024_0412_05:59:09 11 63.95 62.3375
2024_0412_05:59:12 11 66.9125 59.0625
2024_0412_05:59:12 11 2.2 -1.25
2024_0412_05:59:14 11 -1.75 -1.1
2024_0412_05:59:14 11 65.75 64.2625
2024_0412_05:59:16 11 0.3125 0.775
2024_0412_05:59:20 11 72.4375 74.0625
2024_0412_05:59:26 11 -0.175 1.7375
2024_0412_05:59:28 11 1.275 0.2375
2024_0412_05:59:29 11 1.85 1.5375
2024_0412_05:59:29 11 1.3 -0.55
2024_0412_06:00:53 11 -0.6625 1.525
2024_0412_06:04:54 11 -0.9625 -1.45
2024_0412_06:06:44 11 66.775 64.7125
2024_0412_06:06:47 11 68.4625 64.2125
2024_0412_06:06:47 11 -1.9375 -0.4125
2024_0412_06:06:50 11 60.1625 62.2125
2024_0412_06:06:53 11 -0.2375 0.025
2024_0412_06:06:53 11 1.05 0.7875
2024_0412_06:06:55 11 71.7 71.3125
2024_0412_06:06:57 11 -0.075 -0.65
2024_0412_06:07:04 11 24.225 26.075
2024_0412_06:07:05 11 -1.125 -0.625
2024_0412_06:07:05 11 -0.6125 0.2625
2024_0412_06:07:06 11 71.4125 72.3125
2024_0412_06:07:07 11 99.975 99.95
2024_0412_06:07:18 11 -1.625 1.0625
2024_0412_06:08:27 11 -0.4625 0.875
2024_0412_06:12:40 11 62.325 63.3125
2024_0412_06:14:26 11 -3.4 0.1625
2024_0412_06:14:27 11 -0.8375 -0.2125
2024_0412_06:14:31 11 -0.3125 -0.0875
2024_0412_06:14:33 11 0.7875 1.8
2024_0412_06:14:34 11 2.75 6.225
2024_0412_06:14:37 11 -49.9625 99.925
2024_0412_06:14:41 11 -0.375 -3.45
2024_0412_06:14:42 11 0.6875 0.45
2024_0412_06:14:45 11 -0.6125 1.7625
2024_0412_06:14:46 11 -0.725 1.3
2024_0412_06:14:51 11 72.6 70.0125
2024_0412_06:14:51 11 1.65 -1.4625
2024_0412_06:14:56 11 72.5625 70.3375
2024_0412_06:14:57 11 -0.7125 -0.225
2024_0412_06:16:07 11 -1.3875 0.0625
2024_0412_06:20:20 11 66.325 59.625
2024_0412_06:22:06 11 63.45 67.1875
2024_0412_06:22:08 11 35.875 -10.0375
2024_0412_06:22:12 11 100.0 100.0
2024_0412_06:22:12 11 0.35 1.7125
2024_0412_06:22:17 11 72.975 73.0875
2024_0412_06:22:20 11 49.975 -99.975
2024_0412_06:22:20 11 0.15 0.9625
2024_0412_06:22:23 11 -1.9375 0.05
2024_0412_06:22:24 11 67.075 66.25
2024_0412_06:22:27 11 -0.8125 0.4875
2024_0412_06:22:27 11 27.1625 63.5875
2024_0412_06:22:28 11 -1.175 -0.5375
2024_0412_06:22:37 11 -1.1 -0.2125
2024_0412_06:22:46 11 1.325 0.875
2024_0412_06:23:47 11 68.4375 59.85
2024_0412_06:28:02 11 7.05 8.7625
2024_0412_06:29:44 11 -1.575 -0.8125
2024_0412_06:29:47 11 49.9875 -49.975
2024_0412_06:29:51 11 0.3 -0.2375
2024_0412_06:29:51 11 73.9 74.25
2024_0412_06:29:52 11 0.0375 0.9
2024_0412_06:29:59 11 1.1125 -2.6125
2024_0412_06:30:00 11 1.25 -0.0375
2024_0412_06:30:05 11 -0.3875 -0.35
2024_0412_06:30:08 11 1.2625 -1.175
2024_0412_06:30:13 11 63.65 59.4625
2024_0412_06:30:13 11 63.8 51.675
2024_0412_06:30:24 11 -0.175 -0.775
2024_0412_06:30:27 11 0.475 -2.325
2024_0412_06:30:30 11 72.5 73.275
2024_0412_06:31:31 11 71.2125 78.875
2024_0412_06:35:40 11 71.425 73.125
2024_0412_06:37:21 11 0.425 0.1875
2024_0412_06:37:23 11 73.3 74.15
2024_0412_06:37:30 11 74.2875 72.1125
2024_0412_06:37:32 11 63.6375 67.15
2024_0412_06:37:33 11 -0.8375 -0.175
2024_0412_06:37:37 11 -0.1875 -2.575
2024_0412_06:37:44 11 0.875 -0.025
2024_0412_06:37:46 11 71.5125 72.3375
2024_0412_06:37:51 11 2.5375 1.9875
2024_0412_06:37:51 11 73.675 63.5
2024_0412_06:37:53 11 72.8375 74.1375
2024_0412_06:38:03 11 63.1375 67.75
2024_0412_06:38:07 11 66.9125 63.0125
2024_0412_06:38:12 11 -0.075 2.2
2024_0412_06:39:11 11 -0.6875 1.2625
2024_0412_06:43:19 11 15.3125 16.725
2024_0412_06:45:06 11 0.6625 0.425
2024_0412_06:45:13 11 -0.3875 -1.5875
2024_0412_06:45:14 11 -99.975 -99.9625
2024_0412_06:45:16 11 49.9875 49.9875
2024_0412_06:45:16 11 1.575 -0.25
2024_0412_06:45:23 11 -0.275 0.925
2024_0412_06:45:27 11 65.25 69.525
2024_0412_06:45:30 11 0.975 0.2625
2024_0412_06:45:32 11 -1.0 1.3875
2024_0412_06:45:33 11 66.9 67.075
2024_0412_06:45:42 11 -0.1 -0.7375
2024_0412_06:45:43 11 20.3875 10.5875
2024_0412_06:45:56 11 -1.15 0.625
2024_0412_06:45:58 11 -0.9125 0.5625
2024_0412_06:46:54 11 -99.975 -49.9875
2024_0412_06:50:58 11 -2.6125 0.975
2024_0412_06:52:43 11 -99.95 99.925
2024_0412_06:52:51 11 71.5875 70.95
2024_0412_06:52:55 11 0.45 -0.0125
2024_0412_06:52:56 11 0.6625 -0.175
2024_0412_06:53:00 12 74.5125 72.7125
2024_0412_06:53:05 12 11.6625 10.675
2024_0412_06:53:07 12 0.725 -0.7625
2024_0412_06:53:08 12 73.375 73.0
2024_0412_06:53:12 12 49.9875 99.975
2024_0412_06:53:19 12 74.7625 68.45
2024_0412_06:53:29 12 49.9875 -99.975
2024_0412_06:53:30 12 49.975 99.95
2024_0412_06:53:33 12 64.3 66.325
2024_0412_06:53:49 12 75.75 75.2625
2024_0412_06:54:40 12 2.1375 1.8625
2024_0412_06:58:45 12 54.775 66.6625
2024_0412_07:00:30 12 -0.5125 2.3375
2024_0412_07:00:39 12 -7.35 29.675
2024_0412_07:00:41 12 0.125 16.125
2024_0412_07:00:43 12 8.3125 7.625
2024_0412_07:00:46 12 100.0 100.0
2024_0412_07:00:50 12 -2.175 1.125
2024_0412_07:00:53 12 -0.8125 -0.6125
2024_0412_07:00:59 12 59.4375 60.875
2024_0412_07:01:05 12 66.625 65.9
2024_0412_07:01:06 12 70.175 71.6125
2024_0412_07:01:15 12 72.475 72.7625
2024_0412_07:01:15 12 -1.4875 0.45
2024_0412_07:01:21 12 0.3125 0.4125
2024_0412_07:01:38 12 66.525 62.2
2024_0412_07:02:47 12 2.05 -0.1125
2024_0412_07:06:33 12 0.8 -0.0625
2024_0412_07:08:17 12 75.0125 75.4875
2024_0412_07:08:28 12 76.025 70.85
2024_0412_07:08:29 12 1.15 0.0125
2024_0412_07:08:31 12 68.175 69.5375
2024_0412_07:08:38 12 0.35 -2.825
2024_0412_07:08:40 12 1.175 -1.6875
2024_0412_07:08:45 12 -1.525 -0.825
2024_0412_07:08:50 12 -1.0 -1.1625
2024_0412_07:08:51 12 18.2 13.3625
2024_0412_07:08:56 12 62.5 64.5625
2024_0412_07:09:04 12 3.125 -0.4625
2024_0412_07:09:06 12 0.475 0.625
2024_0412_07:09:06 12 60.8125 24.6375
2024_0412_07:09:28 12 59.5125 57.6875
2024_0412_07:10:48 12 0.1875 -0.6375
2024_0412_07:14:18 12 -0.2875 -0.85
2024_0412_07:16:05 12 61.7875 63.375
2024_0412_07:16:14 12 65.0 64.4
2024_0412_07:16:20 12 73.65 79.5125
2024_0412_07:16:24 12 0.525 1.175
2024_0412_07:16:31 12 60.3 48.0375
2024_0412_07:16:33 12 58.9 59.85
2024_0412_07:16:40 12 63.825 53.175
2024_0412_07:16:43 12 72.6875 74.725
2024_0412_07:16:44 12 72.9 73.4375
2024_0412_07:16:46 12 72.075 40.15
2024_0412_07:16:50 12 3.175 0.5125
2024_0412_07:16:54 12 -16.0 54.5625
2024_0412_07:16:59 12 29.475 27.95
2024_0412_07:17:12 12 1.475 2.075
2024_0412_07:18:38 12 61.5875 60.5
2024_0412_07:22:07 12 1.5 -0.6125
2024_0412_07:23:57 12 66.775 64.4125
2024_0412_07:24:11 12 1.6625 0.625
2024_0412_07:24:13 12 63.6625 58.425
2024_0412_07:24:19 12 -0.6125 -0.7
2024_0412_07:24:21 12 -0.1375 0.95
2024_0412_07:24:24 12 64.8375 60.1875
2024_0412_07:24:26 12 74.05 72.4
2024_0412_07:24:29 12 0.0 -0.35
2024_0412_07:24:35 12 73.3875 73.1875
2024_0412_07:24:37 12 0.3625 -0.0375
2024_0412_07:24:38 12 7.3625 8.7375
2024_0412_07:24:53 12 63.4625 62.6
2024_0412_07:24:59 12 -1.7625 -0.0125
2024_0412_07:25:02 12 0.5625 -1.8625
2024_0412_07:26:30 12 63.3875 64.9625
2024_0412_07:29:51 12 -0.05 2.225
2024_0412_07:31:58 12 -2.2375 -1.3375
2024_0412_07:32:02 12 59.4 62.525
2024_0412_07:32:05 12 74.3375 74.525
2024_0412_07:32:10 12 70.5 60.4125
2024_0412_07:32:12 12 72.5125 71.75
2024_0412_07:32:13 12 1.3875 -1.575
2024_0412_07:32:17 12 -0.9 0.525
2024_0412_07:32:18 12 -99.95 -49.975
2024_0412_07:32:22 12 -0.7875 2.625
2024_0412_07:32:27 12 73.775 73.9
2024_0412_07:32:32 12 64.9125 63.7625
2024_0412_07:32:45 12 99.9875 49.975
2024_0412_07:32:46 12 1.8625 -0.675
2024_0412_07:32:56 12 65.2 66.8125
2024_0412_07:34:18 12 65.1625 56.325
2024_0412_07:37:41 12 47.45 59.7875
2024_0412_07:39:45 12 -49.975 49.975
2024_0412_07:39:52 12 73.25 73.9375
2024_0412_07:40:03 12 73.725 72.95
2024_0412_07:40:04 12 75.35 76.125
2024_0412_07:40:06 12 58.275 67.325
2024_0412_07:40:07 12 66.55 79.75
2024_0412_07:40:09 12 71.225 70.5375
2024_0412_07:40:14 12 -57.0875 60.4875
2024_0412_07:40:19 12 -16.1625 35.525
2024_0412_07:40:36 12 60.1375 66.2875
2024_0412_07:40:38 12 74.8 73.0
2024_0412_07:40:38 12 32.2125 -34.3125
2024_0412_07:40:40 12 41.8125 36.7375
2024_0412_07:40:48 12 51.5125 68.8125
2024_0412_07:42:09 12 0.8 -0.3625
2024_0412_07:45:38 12 -1.0125 -0.95
2024_0412_07:47:35 12 73.7875 73.4625
2024_0412_07:47:35 12 -99.95 99.9625
2024_0412_07:47:50 12 -1.2625 -0.5
2024_0412_07:47:52 12 65.2875 64.075
2024_0412_07:47:53 12 -35.3375 78.0875
2024_0412_07:47:58 12 31.575 -13.7125
2024_0412_07:48:00 13 10.0375 -10.8375
2024_0412_07:48:00 13 2.0 -1.1375
2024_0412_07:48:08 13 43.3625 66.3375
2024_0412_07:48:24 13 81.4125 0.2875
2024_0412_07:48:29 13 61.2125 57.5125
2024_0412_07:48:30 13 71.825 70.725
2024_0412_07:48:37 13 11.3625 12.2125
2024_0412_07:48:44 13 72.025 71.3
2024_0412_07:49:58 13 -0.75 -0.2375
2024_0412_07:53:24 13 0.825 -0.375
2024_0412_07:55:24 13 -50.0375 50.525
2024_0412_07:55:28 13 29.2375 29.65
2024_0412_07:55:39 13 -0.3 1.4875
2024_0412_07:55:43 13 23.8125 29.6125
2024_0412_07:55:50 13 0.3875 2.65
2024_0412_07:55:50 13 0.7875 -0.6625
2024_0412_07:55:51 13 2.0 0.225
2024_0412_07:55:54 13 4.175 51.75
2024_0412_07:56:18 13 2.075 8.4
2024_0412_07:56:23 13 58.6375 64.9625
2024_0412_07:56:25 13 1.4375 -0.525
2024_0412_07:56:28 13 -49.9875 -49.9875
2024_0412_07:56:35 13 1.225 -0.8125
2024_0412_07:56:36 13 29.425 26.1875
2024_0412_07:57:48 13 -2.475 -1.3625
2024_0412_08:01:13 13 -1.7 -0.2
2024_0412_08:03:09 13 -1.325 -2.1375
2024_0412_08:03:17 13 48.4 48.0875
2024_0412_08:03:27 13 -9.5375 73.15
2024_0412_08:03:27 13 0.225 -0.825
2024_0412_08:03:42 13 -0.025 -0.0625
2024_0412_08:03:44 13 58.0 63.5375
2024_0412_08:03:48 13 -0.2125 -0.3625
2024_0412_08:03:53 13 9.4625 10.125
2024_0412_08:04:04 13 1.175 -0.0875
2024_0412_08:04:13 13 0.6625 -0.3875
2024_0412_08:04:17 13 74.825 75.5875
2024_0412_08:04:20 13 -49.95 99.925
2024_0412_08:04:21 13 75.5875 75.6875
2024_0412_08:04:25 13 64.45 68.05
2024_0412_08:05:33 13 63.0375 62.9375
2024_0412_08:08:56 13 6.5875 -2.25
2024_0412_08:10:57 13 0.6125 1.3375
2024_0412_08:11:07 13 -0.6 -0.2625
2024_0412_08:11:07 13 -0.7375 -1.2125
2024_0412_08:11:10 13 -10.5875 36.175
2024_0412_08:11:27 13 40.9875 55.2125
2024_0412_08:11:29 13 1.3125 0.1375
2024_0412_08:11:33 13 -9.7 8.425
2024_0412_08:11:35 13 68.975 72.3125
2024_0412_08:11:46 13 7.425 -1.7125
2024_0412_08:11:59 13 27.4125 27.275
2024_0412_08:12:00 13 -49.9875 -49.9875
2024_0412_08:12:07 13 5.7 -5.05
2024_0412_08:12:07 13 74.05 73.4
2024_0412_08:12:09 13 42.3875 -29.6625
2024_0412_08:13:18 13 71.3625 71.6125
2024_0412_08:16:36 13 -1.0 -0.725
2024_0412_08:18:45 13 3.275 0.9875
2024_0412_08:18:49 13 0.7 -1.1
2024_0412_08:18:51 13 49.9875 -49.9875
2024_0412_08:18:52 13 -11.6 32.4
2024_0412_08:19:05 13 -10.2 9.9875
2024_0412_08:19:12 13 2.7625 2.5375
2024_0412_08:19:15 13 -0.7625 -2.6
2024_0412_08:19:20 13 67.8625 63.9125
2024_0412_08:19:27 13 0.3875 0.55
2024_0412_08:19:38 13 -10.4 8.1375
2024_0412_08:19:39 13 0.7625 -0.8375
2024_0412_08:19:49 13 -0.175 -0.3875
2024_0412_08:19:49 13 71.7 71.125
2024_0412_08:19:58 13 99.9625 99.8875
2024_0412_08:20:59 13 25.3875 19.0125
2024_0412_08:24:19 13 55.1625 67.6875
2024_0412_08:26:28 13 56.575 70.325
2024_0412_08:26:31 13 72.3125 73.525
2024_0412_08:26:31 13 0.65 1.625
2024_0412_08:26:32 13 70.7875 70.125
2024_0412_08:26:43 13 -0.8875 -0.0375
2024_0412_08:26:55 13 -8.1875 31.025
2024_0412_08:26:56 13 0.8625 -0.1875
2024_0412_08:26:59 13 -10.225 26.0625
2024_0412_08:27:07 13 -2.2625 -1.4
2024_0412_08:27:16 13 -0.425 0.05
2024_0412_08:27:26 13 -2.25 0.8875
2024_0412_08:27:33 13 76.4 59.6
2024_0412_08:27:35 13 74.4 63.8875
2024_0412_08:27:40 13 -1.1125 -0.05
2024_0412_08:28:41 13 2.875 -2.5
2024_0412_08:32:00 13 49.9875 99.975
2024_0412_08:34:10 13 0.8875 0.3875
2024_0412_08:34:11 13 -1.325 2.4625
2024_0412_08:34:13 13 62.75 61.8125
2024_0412_08:34:14 13 1.1 -0.1625
2024_0412_08:34:21 13 75.125 75.3
2024_0412_08:34:47 13 -0.3 -1.35
2024_0412_08:34:49 13 10.7625 14.15
2024_0412_08:35:13 13 39.8 72.0375
2024_0412_08:35:19 13 8.3625 4.775
2024_0412_08:35:28 13 66.075 72.225
2024_0412_08:36:22 13 82.3375 30.45
2024_0412_08:39:13 13 -11.275 39.4125
2024_0412_08:39:42 13 9.95 21.775
2024_0412_08:39:47 13 26.1375 30.3
2024_0412_08:40:00 13 70.725 72.4125
2024_0412_08:41:46 13 18.05 8.775
2024_0412_08:41:53 13 -3.2125 0.8375
2024_0412_08:41:56 13 71.15 59.2375
2024_0412_08:41:58 13 60.55 65.3625
2024_0412_08:42:04 13 12.1 11.7875
2024_0412_08:42:28 13 63.1375 67.1375
2024_0412_08:42:29 13 0.75 0.875
2024_0412_08:42:56 13 29.0875 28.3125
2024_0412_08:42:59 13 0.375 -1.6
2024_0412_08:43:07 13 0.9375 1.375
2024_0412_08:44:01 13 -0.2625 0.7375
2024_0412_08:46:53 13 80.15 71.55
2024_0412_08:47:22 13 0.0 1.3875
2024_0412_08:47:25 13 71.3 68.45
2024_0412_08:47:28 13 -1.325 0.6625
2024_0412_08:47:41 13 0.1 0.2875
2024_0412_08:49:23 13 1.2625 -2.625
2024_0412_08:49:31 13 -2.4625 1.075
2024_0412_08:49:34 13 0.8125 -0.575
2024_0412_08:49:35 13 0.0875 -0.5875
2024_0412_08:49:43 13 -1.0625 -1.325
2024_0412_08:50:14 13 73.0875 69.6
2024_0412_08:50:18 13 -1.4125 2.15
2024_0412_08:50:31 13 0.7375 -0.5375
2024_0412_08:50:37 13 -13.0125 36.1625
2024_0412_08:50:58 13 -0.3625 1.2
2024_0412_08:51:46 13 1.6125 0.1
2024_0412_08:54:42 13 70.6625 72.275
2024_0412_08:55:04 13 1.475 -3.05
2024_0412_08:55:09 13 63.8875 42.1375
2024_0412_08:55:19 13 68.1625 21.0625
2024_0412_08:55:21 13 -1.3125 -1.3875
2024_0412_08:57:03 13 0.325 0.9875
2024_0412_08:57:10 13 52.75 -52.9
2024_0412_08:57:13 13 73.0875 72.7375
2024_0412_08:57:22 13 59.0375 54.5
2024_0412_08:57:28 13 0.6625 20.475
2024_0412_08:57:52 13 51.175 57.0375
2024_0412_08:58:02 13 0.4625 0.475
2024_0412_08:58:17 13 -0.225 1.35
2024_0412_08:58:18 13 78.7625 71.4625
2024_0412_08:58:38 13 73.1625 61.8375
2024_0412_08:59:31 13 -2.725 5.4375
2024_0412_09:02:19 13 -33.275 33.2375
2024_0412_09:02:46 13 57.075 56.6125
2024_0412_09:02:51 13 -1.975 1.975
2024_0412_09:03:01 13 0.975 -0.3125
2024_0412_09:03:06 13 1.0375 29.825
2024_0412_09:04:43 13 28.7375 29.3
2024_0412_09:04:54 13 57.2 56.2875
2024_0412_09:05:01 13 70.45 69.8375
2024_0412_09:05:10 13 60.075 68.975
2024_0412_09:05:11 13 4.875 5.675
2024_0412_09:05:38 13 9.375 13.9625
2024_0412_09:05:45 13 -0.65 -0.075
2024_0412_09:06:00 13 1.95 0.0
2024_0412_09:06:08 13 65.775 68.025
2024_0412_09:06:16 13 -3.4125 1.0875
2024_0412_09:07:34 13 15.5625 13.35
2024_0412_09:10:00 13 3.85 19.6125
2024_0412_09:10:31 13 66.825 67.325
2024_0412_09:10:35 13 77.25 71.1625
2024_0412_09:10:42 13 20.1125 -19.2625
2024_0412_09:10:44 13 5.8375 0.925
2024_0412_09:12:22 13 65.6375 67.975
2024_0412_09:12:31 13 0.325 -3.4875
2024_0412_09:12:42 13 69.65 75.625
2024_0412_09:12:50 13 0.1625 2.7625
2024_0412_09:12:52 13 -0.8125 1.2625
2024_0412_09:13:14 13 1.1 -0.4625
2024_0412_09:13:24 13 -0.2625 2.1375
2024_0412_09:13:37 13 35.2875 -29.6625
2024_0412_09:13:52 13 0.65 -1.4875
2024_0412_09:13:54 13 63.2625 64.2125
2024_0412_09:15:11 13 -0.3125 0.5875
2024_0412_09:17:44 13 67.9875 62.5625
2024_0412_09:18:12 13 72.175 68.2375
2024_0412_09:18:13 13 10.2375 -10.2
2024_0412_09:18:20 13 99.975 -49.9875
2024_0412_09:18:22 13 -0.925 1.375
2024_0412_09:20:04 13 -49.975 49.9875
2024_0412_09:20:13 14 -14.2625 16.5875
2024_0412_09:20:19 14 2.0375 -0.15
2024_0412_09:20:28 14 49.975 -49.95
2024_0412_09:20:34 14 72.7375 73.9125
2024_0412_09:20:54 14 1.4375 1.7125
2024_0412_09:21:16 14 71.6375 72.3875
2024_0412_09:21:32 14 -2.0625 -0.4125
2024_0412_09:21:37 14 -0.3 -0.55
2024_0412_09:23:02 14 5.4625 24.075
2024_0412_09:23:03 14 0.4375 0.3125
2024_0412_09:25:21 14 0.0125 -0.3375
2024_0412_09:25:52 14 -1.4625 -1.8875
2024_0412_09:25:55 14 67.0375 63.0625
2024_0412_09:25:58 14 27.25 22.025
2024_0412_09:26:05 14 27.35 39.8375
2024_0412_09:27:40 14 63.025 10.45
2024_0412_09:27:56 14 -3.3875 -2.9875
2024_0412_09:28:03 14 74.675 72.825
2024_0412_09:28:08 14 -1.25 -0.175
2024_0412_09:28:11 14 0.1625 1.5625
2024_0412_09:28:36 14 -1.0 7.2125
2024_0412_09:28:58 14 74.375 70.4875
2024_0412_09:29:16 14 49.975 -49.9625
2024_0412_09:29:25 14 -2.35 2.4875
2024_0412_09:30:41 14 3.35 7.625
2024_0412_09:30:45 14 62.875 66.65
2024_0412_09:32:55 14 -1.525 32.7625
2024_0412_09:33:28 14 0.9625 0.7625
2024_0412_09:33:36 14 33.85 61.925
2024_0412_09:33:42 14 -2.8 -0.725
2024_0412_09:33:52 14 67.6875 65.2375
2024_0412_09:35:15 14 0.0375 -0.0375
2024_0412_09:35:33 14 10.05 -8.4875
2024_0412_09:35:40 14 1.9375 -0.775
2024_0412_09:35:51 14 63.8375 64.975
2024_0412_09:35:52 14 74.55 32.8125
2024_0412_09:36:08 14 -0.0875 -1.25
2024_0412_09:36:36 14 8.7875 7.075
2024_0412_09:36:54 14 10.525 -11.1625
2024_0412_09:37:10 14 0.825 -1.2
2024_0412_09:38:23 14 0.4 0.925
2024_0412_09:38:30 14 62.075 67.3375
2024_0412_09:40:34 14 -21.425 63.7375
2024_0412_09:41:08 14 -49.9875 -99.9375
2024_0412_09:41:08 14 0.25 -0.2875
2024_0412_09:41:29 14 73.5125 73.1625
2024_0412_09:41:40 14 65.8875 66.6125
2024_0412_09:42:49 14 -16.4625 16.125
2024_0412_09:43:15 14 -0.775 -1.3875
2024_0412_09:43:20 14 72.8625 74.925
2024_0412_09:43:27 14 -10.5875 10.375
2024_0412_09:43:32 14 77.9875 64.175
2024_0412_09:43:44 14 70.475 71.8625
2024_0412_09:44:20 14 -10.3125 9.75
2024_0412_09:44:34 14 61.8875 22.7375
2024_0412_09:45:00 14 68.05 72.7125
2024_0412_09:46:03 14 17.65 22.15
2024_0412_09:46:06 14 72.225 72.5
2024_0412_09:48:12 14 72.175 71.45
2024_0412_09:48:50 14 -0.15 3.65
2024_0412_09:49:03 14 -0.925 6.1125
2024_0412_09:49:10 14 1.675 0.0
2024_0412_09:49:21 14 -0.825 -1.1625
2024_0412_09:50:30 14 13.5125 9.5875
2024_0412_09:51:01 14 0.175 0.15
2024_0412_09:51:01 14 62.825 61.0125
2024_0412_09:51:02 14 0.1875 0.275
2024_0412_09:51:18 14 63.6875 57.975
2024_0412_09:51:33 14 -0.2625 0.9125
2024_0412_09:51:58 14 -0.2875 0.175
2024_0412_09:52:12 14 0.0 -0.9125
2024_0412_09:52:45 14 22.125 34.925
2024_0412_09:53:41 14 -0.8375 0.6875
2024_0412_09:53:44 14 0.4125 5.9875
2024_0412_09:55:53 14 56.725 26.1875
2024_0412_09:56:27 14 68.275 67.6375
2024_0412_09:56:35 14 1.75 1.4375
2024_0412_09:56:47 14 -20.9625 19.075
2024_0412_09:57:00 14 -1.2125 0.4
2024_0412_09:58:11 14 63.1125 58.8125
2024_0412_09:58:35 14 99.975 -49.9875
2024_0412_09:58:41 14 73.575 72.1
2024_0412_09:58:45 14 -0.35 0.025
2024_0412_09:58:55 14 -0.85 0.4
2024_0412_09:59:07 14 -0.4125 -0.2625
2024_0412_09:59:32 14 0.15 -0.0875
2024_0412_09:59:47 14 59.1 62.7375
2024_0412_10:01:18 14 4.725 18.9875
2024_0412_10:01:20 14 0.625 -1.35
2024_0412_10:03:34 14 54.2125 61.1375
2024_0412_10:04:03 14 71.525 74.725
2024_0412_10:04:10 14 1.425 0.7
2024_0412_10:04:22 14 0.05 -0.775
2024_0412_10:04:37 14 -1.2625 0.625
2024_0412_10:04:44 14 11.4375 20.0875
2024_0412_10:05:52 14 22.6375 72.5875
2024_0412_10:06:13 14 64.5875 67.4875
2024_0412_10:06:31 14 12.3375 39.775
2024_0412_10:06:33 14 -39.7625 40.2875
2024_0412_10:06:37 14 27.1875 7.9375
2024_0412_10:06:44 14 0.475 -1.025
2024_0412_10:07:08 14 -0.8 -0.025
2024_0412_10:07:34 14 59.1 63.8
2024_0412_10:09:01 14 25.8625 54.35
2024_0412_10:09:03 14 -1.9125 54.9375
2024_0412_10:11:08 14 26.4875 -6.975
2024_0412_10:11:36 14 -1.6125 0.1125
2024_0412_10:11:49 14 0.725 2.95
2024_0412_10:11:56 14 60.025 -60.225
2024_0412_10:12:13 14 77.3 61.4875
2024_0412_10:12:21 14 -0.625 0.6
2024_0412_10:13:32 14 47.9 49.475
2024_0412_10:13:48 14 66.7875 66.8125
2024_0412_10:14:12 14 62.325 61.7375
2024_0412_10:14:17 14 72.1625 6.475
2024_0412_10:14:20 14 0.2625 2.125
2024_0412_10:14:47 14 0.1875 0.9125
2024_0412_10:15:16 14 0.7375 1.0875
2024_0412_10:16:36 14 63.0875 62.975
2024_0412_10:16:39 14 70.3625 69.45
2024_0412_10:17:11 14 -0.075 -0.6
2024_0412_10:18:55 14 0.1125 9.325
2024_0412_10:19:13 14 -0.875 2.35
2024_0412_10:19:23 14 1.625 1.1625
2024_0412_10:19:37 14 68.075 74.8875
2024_0412_10:19:53 14 -10.4 47.3625
2024_0412_10:20:01 14 63.525 39.0625
2024_0412_10:21:09 14 68.325 59.5625
2024_0412_10:21:25 14 44.7625 -40.2
2024_0412_10:21:51 14 73.5 76.0625
2024_0412_10:21:57 14 73.0625 73.225
2024_0412_10:21:59 14 64.325 58.8375
2024_0412_10:22:26 14 78.7625 73.175
2024_0412_10:22:55 14 1.4125 0.425
2024_0412_10:24:15 14 -24.9 46.725
2024_0412_10:24:20 14 -36.525 36.55
2024_0412_10:24:49 14 -0.25 0.4625
2024_0412_10:26:42 14 17.8625 14.3625
2024_0412_10:26:51 14 70.625 69.15
2024_0412_10:27:00 14 4.3625 -0.6
2024_0412_10:27:20 14 29.975 29.425
2024_0412_10:27:36 14 -1.0375 -2.5625
2024_0412_10:27:49 14 30.8375 27.725
2024_0412_10:28:49 14 58.1125 62.825
2024_0412_10:29:03 14 67.3625 63.2125
2024_0412_10:29:38 14 -34.7125 33.8375
2024_0412_10:29:40 14 65.6125 54.925
2024_0412_10:29:43 14 32.3375 -11.45
2024_0412_10:30:05 14 -1.675 -0.5625
2024_0412_10:30:34 14 47.7125 -10.625
2024_0412_10:31:52 14 -6.975 8.6125
2024_0412_10:32:05 14 48.3875 -12.9375
2024_0412_10:32:25 14 -99.975 -99.95
2024_0412_10:34:21 14 66.35 62.9
2024_0412_10:34:33 14 0.25 -0.5875
2024_0412_10:34:59 14 7.7375 1.1125
2024_0412_10:35:16 14 67.3875 70.7125
2024_0412_10:35:28 14 -1.5 1.8625
2024_0412_10:36:44 14 63.25 34.525
2024_0412_10:36:48 14 74.25 72.0
2024_0412_10:37:17 14 62.3625 62.725
2024_0412_10:37:22 14 1.05 -1.5
2024_0412_10:37:25 14 -0.9375 1.475
2024_0412_10:37:45 14 1.575 -1.3125
2024_0412_10:38:12 14 0.7875 -1.15
2024_0412_10:39:33 14 -0.3875 0.8125
2024_0412_10:39:40 14 75.575 68.35
2024_0412_10:39:43 14 59.5625 74.9375
2024_0412_10:40:03 14 -10.2 9.3375
2024_0412_10:42:00 14 63.6625 58.4875
2024_0412_10:42:16 14 61.3625 59.325
2024_0412_10:42:40 14 2.5 -2.125
2024_0412_10:42:55 14 1.8 -0.1375
2024_0412_10:43:05 14 53.325 60.3125
2024_0412_10:44:22 14 1.175 0.9
2024_0412_10:44:24 14 62.6875 62.4125
2024_0412_10:44:56 14 55.25 67.8125
2024_0412_10:45:02 14 71.7625 71.1875
2024_0412_10:45:09 14 -8.4 29.975
2024_0412_10:45:22 14 -10.2375 47.55
2024_0412_10:45:49 14 -0.1875 -2.025
2024_0412_10:47:11 15 18.6 4.725
2024_0412_10:47:17 15 15.5375 17.525
2024_0412_10:47:28 15 -3.3875 -5.775
2024_0412_10:47:55 15 59.1625 73.35
2024_0412_10:49:36 15 64.3 37.75
2024_0412_10:50:07 15 70.125 72.75
2024_0412_10:50:16 15 23.05 -6.65
2024_0412_10:50:27 15 0.8375 0.75
2024_0412_10:52:17 15 0.025 -0.175
2024_0412_10:52:33 15 -1.1125 0.95
2024_0412_10:52:35 15 11.3375 -10.1375
2024_0412_10:52:45 15 74.8125 72.2375
2024_0412_10:52:57 15 -1.925 1.7
2024_0412_10:53:26 15 64.8375 62.7375
2024_0412_10:54:03 15 70.225 60.8125
2024_0412_10:54:52 15 0.7 0.9375
2024_0412_10:55:04 15 44.95 -27.0625
2024_0412_10:55:04 15 7.275 5.7625
2024_0412_10:55:43 15 1.975 77.0375
2024_0412_10:56:47 15 10.8 -13.15
2024_0412_10:57:18 15 25.4 -24.175
2024_0412_10:57:56 15 65.35 58.0
2024_0412_10:57:59 15 8.25 -8.3375
2024_0412_10:58:06 15 65.0375 68.0875
2024_0412_10:59:58 15 -0.375 -2.1625
2024_0412_11:00:09 15 0.45 -0.6875
2024_0412_11:00:12 15 73.3375 68.4
2024_0412_11:00:27 15 73.1125 73.3375
2024_0412_11:00:36 15 64.025 40.4375
2024_0412_11:01:03 15 6.075 4.9
2024_0412_11:01:39 15 79.7625 31.1375
2024_0412_11:02:33 15 73.075 61.5875
2024_0412_11:02:49 15 73.2625 75.2
2024_0412_11:03:01 15 -0.225 -3.2625
2024_0412_11:03:31 15 8.975 -8.6625
2024_0412_11:04:59 15 61.6375 62.2875
2024_0412_11:05:32 15 -7.7625 7.975
2024_0412_11:05:38 15 -0.05 0.175
2024_0412_11:05:43 15 0.375 0.1
2024_0412_11:07:35 15 0.0375 1.325
2024_0412_11:07:47 15 41.8625 82.625
2024_0412_11:07:58 15 63.125 61.85
2024_0412_11:08:04 15 71.675 74.15
2024_0412_11:08:17 15 68.5375 60.6125
2024_0412_11:08:41 15 52.7125 63.5125
2024_0412_11:09:25 15 72.7625 79.1125
2024_0412_11:09:50 15 59.9625 63.3
2024_0412_11:10:12 15 77.7625 72.075
2024_0412_11:10:30 15 73.2125 73.2875
2024_0412_11:10:31 15 0.4125 0.4375
2024_0412_11:11:15 15 -0.275 0.875
2024_0412_11:12:46 15 16.65 19.65
2024_0412_11:13:14 15 -4.275 4.475
2024_0412_11:13:15 15 11.3625 13.225
2024_0412_11:13:20 15 51.525 51.475
2024_0412_11:15:14 15 2.4125 -2.225
2024_0412_11:15:24 15 0.825 0.9
2024_0412_11:15:36 15 63.3125 31.9125
2024_0412_11:15:51 15 45.85 65.5625
2024_0412_11:15:54 15 0.75 -3.425
2024_0412_11:16:30 15 36.825 38.65
2024_0412_11:17:03 15 -6.525 34.175
2024_0412_11:18:04 15 -0.1875 0.1375
2024_0412_11:18:09 15 5.825 6.325
2024_0412_11:18:30 15 57.0375 76.175
2024_0412_11:19:00 15 -8.5625 10.5625
2024_0412_11:20:29 15 66.0625 34.4875
2024_0412_11:20:49 15 0.0625 0.3125
2024_0412_11:20:51 15 1.6 1.725
2024_0412_11:20:57 15 15.7 14.6875
2024_0412_11:21:54 15 -49.9875 -49.9875
2024_0412_11:22:53 15 70.925 69.575
2024_0412_11:23:08 15 -1.275 1.35
2024_0412_11:23:14 15 -0.075 0.075
2024_0412_11:23:28 15 -99.925 99.925
2024_0412_11:24:08 15 2.0625 2.375
2024_0412_11:24:42 15 -0.7125 2.9125
2024_0412_11:25:48 15 -8.25 46.0375
2024_0412_11:25:52 15 48.5125 62.9625
2024_0412_11:26:09 15 64.5875 65.85
2024_0412_11:26:39 15 32.075 30.45
2024_0412_11:28:10 15 24.475 77.0125
2024_0412_11:28:28 15 35.7125 35.2
2024_0412_11:28:31 15 73.0625 73.125
2024_0412_11:28:54 15 -0.55 -0.1375
2024_0412_11:29:31 15 -3.375 0.75
2024_0412_11:29:51 15 72.625 72.5375
2024_0412_11:30:37 15 -10.45 9.8375
2024_0412_11:30:52 15 -49.9875 49.9625
2024_0412_11:30:52 15 65.0875 65.6
2024_0412_11:31:11 15 -0.8875 0.475
2024_0412_11:31:47 15 1.8625 0.0875
2024_0412_11:32:19 15 64.9625 63.675
2024_0412_11:33:25 15 -17.3875 30.2875
2024_0412_11:33:38 15 0.25 -0.1625
2024_0412_11:33:48 15 75.675 77.225
2024_0412_11:34:13 15 -0.4375 0.075
2024_0412_11:35:50 15 13.4125 -13.85
2024_0412_11:36:05 15 -0.2125 3.425
2024_0412_11:36:17 15 75.65 66.475
2024_0412_11:36:40 15 49.0625 66.425
2024_0412_11:37:05 15 -2.1625 1.225
2024_0412_11:37:26 15 -0.2125 0.7125
2024_0412_11:38:21 15 -2.5125 27.875
2024_0412_11:38:29 15 1.625 1.0875
2024_0412_11:38:33 15 45.975 52.85
2024_0412_11:38:47 15 -24.9625 48.8125
2024_0412_11:39:38 15 1.05 11.3
2024_0412_11:40:05 15 64.5 65.4125
2024_0412_11:41:05 15 99.95 100.0
2024_0412_11:41:16 15 30.175 31.075
2024_0412_11:41:49 15 -1.475 -0.9375
2024_0412_11:41:57 15 47.8 51.775
2024_0412_11:43:24 15 0.525 0.875
2024_0412_11:43:38 15 49.975 -99.95
2024_0412_11:43:50 15 -1.375 0.2625
2024_0412_11:44:19 15 89.8875 -27.45
2024_0412_11:44:44 15 1.025 0.95
2024_0412_11:44:58 15 0.6125 -0.1125
2024_0412_11:46:02 15 66.0375 65.5
2024_0412_11:46:04 15 1.25 0.8375
2024_0412_11:46:07 15 60.825 60.8625
2024_0412_11:46:20 15 63.725 65.4625
2024_0412_11:47:24 15 39.1125 29.6625
2024_0412_11:47:37 15 46.45 62.4875
2024_0412_11:48:42 15 43.2875 59.375
2024_0412_11:48:43 15 66.8 30.2125
2024_0412_11:49:17 15 -1.475 -0.3625
2024_0412_11:49:28 15 4.35 5.6625
2024_0412_11:50:59 15 -0.55 -0.3
2024_0412_11:51:04 15 -0.025 0.0
2024_0412_11:51:14 15 33.3375 -33.4
2024_0412_11:51:47 15 27.1625 -26.9875
2024_0412_11:52:06 15 -16.15 16.325
2024_0412_11:52:25 15 67.225 61.7375
2024_0412_11:53:25 15 -0.1875 0.575
2024_0412_11:53:32 15 71.6375 69.775
2024_0412_11:53:48 15 77.15 70.75
2024_0412_11:54:27 15 -1.05 -1.875
2024_0412_11:54:50 15 -10.8125 8.4625
2024_0412_11:55:12 15 -1.7375 -1.9875
2024_0412_11:56:04 15 1.2625 -0.0125
2024_0412_11:56:08 15 37.3625 64.75
2024_0412_11:56:37 15 0.025 1.0875
2024_0412_11:56:50 15 -9.925 8.6875
2024_0412_11:58:15 15 0.8125 -0.9875
2024_0412_11:58:27 15 34.775 61.8625
2024_0412_11:58:53 15 33.8125 3.425
2024_0412_11:59:14 15 70.825 64.4125
2024_0412_11:59:50 15 33.275 -2.3625
2024_0412_12:00:52 15 62.9125 36.175
2024_0412_12:00:56 15 73.4125 73.6375
2024_0412_12:01:26 15 -0.65 -1.1625
2024_0412_12:01:48 15 -0.7 1.4125
2024_0412_12:02:23 15 10.1 11.3
2024_0412_12:02:43 15 66.95 63.6375
2024_0412_12:03:24 15 -17.9 22.3
2024_0412_12:03:43 15 -0.225 0.15
2024_0412_12:03:57 15 11.975 12.7125
2024_0412_12:04:07 15 0.225 -3.375
2024_0412_12:04:14 15 -0.9375 -0.275
2024_0412_12:05:47 15 69.5 66.8625
2024_0412_12:05:55 15 1.5375 -1.0
2024_0412_12:06:22 15 60.1875 68.4
2024_0412_12:06:38 15 0.8375 -0.6125
2024_0412_12:07:11 15 -0.15 -2.0625
2024_0412_12:08:20 15 3.75 -4.125
2024_0412_12:08:25 15 72.1125 71.2875
2024_0412_12:08:47 15 2.0 -0.025
2024_0412_12:09:09 15 49.9875 99.95
2024_0412_12:09:48 15 1.4875 -2.575
2024_0412_12:10:28 16 -0.8375 -0.3625
2024_0412_12:10:48 16 21.0375 -18.3
2024_0412_12:11:11 16 1.425 -0.15
2024_0412_12:11:27 16 -11.175 10.85
2024_0412_12:11:28 16 21.7875 -8.3375
2024_0412_12:11:40 16 75.7375 74.4375
2024_0412_12:13:11 16 16.2625 -15.1625
2024_0412_12:13:28 16 57.0125 64.9
2024_0412_12:14:04 16 47.9875 -13.525
2024_0412_12:14:34 16 17.125 -17.3
2024_0412_12:15:38 16 66.475 63.075
2024_0412_12:15:51 16 66.2125 63.525
2024_0412_12:15:51 16 36.95 53.4375
2024_0412_12:16:17 16 39.1 36.025
2024_0412_12:16:39 16 -1.8 -0.1625
2024_0412_12:17:14 16 15.6 -16.2
2024_0412_12:17:52 16 32.175 40.9
2024_0412_12:18:15 16 78.2 70.8375
2024_0412_12:18:41 16 2.1375 1.3125
2024_0412_12:18:51 16 -0.2375 -0.9375
2024_0412_12:19:02 16 78.25 73.0375
2024_0412_12:19:03 16 0.25 0.55
2024_0412_12:20:36 16 25.275 70.2625
2024_0412_12:21:03 16 49.3875 64.3875
2024_0412_12:21:27 16 63.4625 62.1
2024_0412_12:22:19 16 1.0875 -1.7875
2024_0412_12:22:58 16 16.625 -16.8375
2024_0412_12:23:18 16 73.8125 74.325
2024_0412_12:23:19 16 17.175 -16.4
2024_0412_12:23:41 16 -40.0125 55.3375
2024_0412_12:24:06 16 64.45 57.3125
2024_0412_12:24:39 16 -4.9 4.2
2024_0412_12:25:21 16 0.0125 -0.4625
2024_0412_12:25:44 16 -0.725 0.275
2024_0412_12:26:11 16 -0.325 -1.275
2024_0412_12:26:20 16 0.375 1.725
2024_0412_12:26:27 16 9.4625 -9.5
2024_0412_12:26:38 16 2.3375 1.0
2024_0412_12:27:57 16 75.2125 63.9625
2024_0412_12:28:28 16 0.7125 -0.15
2024_0412_12:28:52 16 72.65 38.925
2024_0412_12:29:41 16 9.2 8.2125
2024_0412_12:30:24 16 -1.6875 1.1875
2024_0412_12:30:43 16 58.0125 59.3125
2024_0412_12:30:50 16 71.775 73.4375
2024_0412_12:31:17 16 -3.675 18.975
2024_0412_12:31:29 16 62.7625 64.6375
2024_0412_12:31:59 16 -1.425 2.0125
2024_0412_12:32:44 16 1.05 1.55
2024_0412_12:33:17 16 69.6125 47.575
2024_0412_12:33:37 16 58.2625 54.9625
2024_0412_12:33:47 16 66.425 51.825
2024_0412_12:33:52 16 -2.175 -1.6875
2024_0412_12:34:02 16 0.65 -0.6
2024_0412_12:35:22 16 74.3125 71.8625
2024_0412_12:35:58 16 -10.55 9.85
2024_0412_12:36:30 16 64.225 29.475
2024_0412_12:37:06 16 71.3875 69.8125
2024_0412_12:37:46 16 71.7125 72.1375
2024_0412_12:38:08 16 54.425 38.05
2024_0412_12:38:14 16 34.0875 39.3875
2024_0412_12:38:50 16 1.05 0.375
2024_0412_12:38:51 16 0.5375 -0.3
2024_0412_12:39:24 16 12.8 5.45
2024_0412_12:40:08 16 22.625 74.6625
2024_0412_12:40:41 16 74.8625 75.8375
2024_0412_12:40:57 16 24.6625 -20.875
2024_0412_12:41:08 16 25.0 -24.95
2024_0412_12:41:15 16 22.5625 25.325
2024_0412_12:41:36 16 75.65 73.1
2024_0412_12:43:26 16 74.6 73.375
2024_0412_12:44:02 16 61.2875 65.175
2024_0412_12:44:34 16 26.1875 80.6875
2024_0412_12:45:30 16 77.8875 73.75
2024_0412_12:45:32 16 0.6375 0.1625
2024_0412_12:45:41 16 68.1125 55.0875
2024_0412_12:45:55 16 -6.275 22.7875
2024_0412_12:46:14 16 0.4 -0.9875
2024_0412_12:46:37 16 80.5125 71.3
2024_0412_12:46:48 16 64.9625 73.325
2024_0412_12:47:43 16 72.7875 71.925
2024_0412_12:48:14 16 10.1625 -10.5
2024_0412_12:48:21 16 -0.025 -1.9375
2024_0412_12:48:34 16 -49.9875 -49.975
2024_0412_12:48:46 16 0.725 1.125
2024_0412_12:50:56 16 0.6375 -0.425
2024_0412_12:51:35 16 -1.5 0.2375
2024_0412_12:53:10 16 58.675 42.5625
2024_0412_12:53:20 16 -6.3625 9.3375
2024_0412_12:53:32 16 -19.4625 14.2125
2024_0412_12:53:54 16 -99.975 49.9875
2024_0412_12:54:22 16 63.5625 52.575
2024_0412_12:54:51 16 35.2875 14.525
2024_0412_12:54:57 16 74.55 75.725
2024_0412_12:55:51 16 7.65 0.325
2024_0412_12:56:03 16 8.7125 10.025
2024_0412_12:56:13 16 60.225 66.2625
2024_0412_12:56:27 16 -0.1 1.625
2024_0412_12:56:39 16 43.6125 44.9625
2024_0412_12:57:07 16 6.5875 -1.6375
2024_0412_12:58:10 16 6.25 0.3625
2024_0412_12:58:49 16 5.75 -2.4
2024_0412_12:59:22 16 49.9875 -49.9875
2024_0412_13:01:06 16 2.0125 -0.2375
2024_0412_13:01:16 16 8.4375 8.225
2024_0412_13:01:42 16 40.3125 67.875
2024_0412_13:02:14 16 1.0875 3.1625
2024_0412_13:02:34 16 49.9875 -49.9875
2024_0412_13:02:46 16 1.875 27.8
2024_0412_13:03:36 16 72.2375 73.35
2024_0412_13:04:03 16 27.775 -27.0375
2024_0412_13:04:05 16 73.5875 72.9
2024_0412_13:04:23 16 51.3 56.475
2024_0412_13:04:30 16 40.4125 -9.3125
2024_0412_13:06:04 16 0.1875 -1.2
2024_0412_13:06:35 16 -0.25 -0.875
2024_0412_13:07:10 16 -11.7625 11.225
2024_0412_13:07:18 16 -0.425 1.075
2024_0412_13:08:51 16 0.2375 -0.375
2024_0412_13:08:54 16 -0.725 1.0
2024_0412_13:09:03 16 0.2625 1.7875
2024_0412_13:09:36 16 72.825 73.1875
2024_0412_13:10:05 16 10.5875 13.2
2024_0412_13:10:25 16 0.5 -0.0125
2024_0412_13:10:45 16 77.95 72.4875
2024_0412_13:11:25 16 62.4875 71.2125
2024_0412_13:11:54 16 57.8875 57.7875
2024_0412_13:12:10 16 -9.375 9.675
2024_0412_13:12:23 16 -0.25 -1.1375
2024_0412_13:13:58 16 10.0125 -9.4375
2024_0412_13:14:27 16 -1.7125 -0.6625
2024_0412_13:15:00 16 -0.575 0.1125
2024_0412_13:15:10 16 65.7375 64.5375
2024_0412_13:15:52 16 -37.0375 38.275
2024_0412_13:16:39 16 -0.125 1.0875
2024_0412_13:16:52 16 -1.1625 4.0375
2024_0412_13:17:11 16 -0.9625 0.475
2024_0412_13:17:25 17 -0.3125 -0.825
2024_0412_13:17:58 17 52.3 63.5375
2024_0412_13:18:24 17 74.25 71.95
2024_0412_13:18:33 17 0.7125 2.95
2024_0412_13:19:15 17 -15.0125 20.4875
2024_0412_13:19:59 17 65.4625 63.5625
2024_0412_13:20:05 17 71.7875 72.3375
2024_0412_13:20:20 17 68.525 63.625
2024_0412_13:21:49 17 17.375 47.6125
2024_0412_13:22:18 17 -1.3625 0.55
2024_0412_13:22:55 17 44.2125 30.1625
2024_0412_13:23:38 17 -0.575 -1.2875
2024_0412_13:23:49 17 0.1375 0.325
2024_0412_13:24:24 17 7.4625 3.3125
2024_0412_13:24:54 17 -1.25 -2.4625
2024_0412_13:25:09 17 63.5875 64.15
2024_0412_13:25:17 17 5.0875 11.3875
2024_0412_13:25:58 17 -0.9625 -0.5625
2024_0412_13:26:12 17 40.1375 -40.25
2024_0412_13:26:24 17 72.4875 73.4875
2024_0412_13:27:06 17 -1.325 1.65
2024_0412_13:27:55 17 -0.5 1.1625
2024_0412_13:28:03 17 -0.425 -0.375
2024_0412_13:28:11 17 67.85 66.425
2024_0412_13:29:39 17 -0.75 -0.2625
2024_0412_13:30:12 17 34.9125 38.7875
2024_0412_13:30:48 17 1.2125 49.6
2024_0412_13:31:38 17 -1.8375 -0.0375
2024_0412_13:31:41 17 -5.8625 5.45
2024_0412_13:32:19 17 -49.85 51.1625
2024_0412_13:32:43 17 -24.375 53.1
2024_0412_13:32:59 17 6.7125 6.325
2024_0412_13:33:08 17 7.5875 6.075
2024_0412_13:33:55 17 40.425 -40.15
2024_0412_13:33:59 17 37.8875 60.4625
2024_0412_13:34:19 17 39.8875 58.075
2024_0412_13:35:00 17 10.875 1.1125
2024_0412_13:35:47 17 1.1375 -0.2625
2024_0412_13:36:02 17 61.8375 59.9375
2024_0412_13:36:14 17 56.5375 58.875
2024_0412_13:37:36 17 23.4375 24.6375
2024_0412_13:38:07 17 73.0 74.575
2024_0412_13:38:45 17 -4.8875 5.4375
2024_0412_13:39:35 17 56.75 56.8125
2024_0412_13:39:36 17 67.8875 67.6875
2024_0412_13:40:36 17 73.225 73.2375
2024_0412_13:40:43 17 0.4125 -0.2125
2024_0412_13:40:44 17 61.625 50.6625
2024_0412_13:40:58 17 64.275 63.325
2024_0412_13:41:42 17 -10.175 23.625
2024_0412_13:41:55 17 52.6375 51.1125
2024_0412_13:42:09 17 9.95 -10.5875
2024_0412_13:42:48 17 16.7125 17.25
2024_0412_13:43:32 17 1.25 -0.025
2024_0412_13:43:49 17 71.7 75.75
2024_0412_13:44:09 17 2.475 -0.7375
2024_0412_13:45:31 17 -9.95 16.6375
2024_0412_13:46:37 17 55.725 55.0125
2024_0412_13:46:38 17 72.35 72.05
2024_0412_13:47:25 17 10.7 -9.2125
2024_0412_13:48:29 17 0.5875 -3.0375
2024_0412_13:48:32 17 1.9875 0.0875
2024_0412_13:48:46 17 51.075 48.85
2024_0412_13:48:55 17 12.35 14.75
2024_0412_13:49:59 17 -7.65 38.9625
2024_0412_13:50:02 17 73.525 72.6
2024_0412_13:50:04 17 -100.0 -49.925
2024_0412_13:50:51 17 63.5 75.4875
2024_0412_13:51:33 17 74.375 69.975
2024_0412_13:51:42 17 1.475 2.4625
2024_0412_13:51:54 17 -13.8375 11.9625
2024_0412_13:52:27 17 16.175 -0.4375
2024_0412_13:53:46 17 -0.1625 -0.8875
2024_0412_13:54:46 17 6.35 4.8375
2024_0412_13:55:33 17 65.8375 58.4625
2024_0412_13:56:43 17 58.4125 58.3125
2024_0412_13:56:54 17 19.4875 7.0375
2024_0412_13:57:02 17 0.125 0.2625
2024_0412_13:58:07 17 0.15 -1.2125
2024_0412_13:58:15 17 9.25 4.4625
2024_0412_13:58:26 17 44.5125 51.0125
2024_0412_13:59:01 17 -18.475 21.6
2024_0412_13:59:41 17 0.55 1.8625
2024_0412_13:59:52 17 61.6875 45.9625
2024_0412_14:00:27 17 1.0625 -1.4875
2024_0412_14:00:50 17 68.6 67.3875
2024_0412_14:01:01 17 57.6875 74.9125
2024_0412_14:01:53 17 3.9125 2.3125
2024_0412_14:02:30 17 10.35 -9.6375
2024_0412_14:02:57 17 -9.65 9.6375
2024_0412_14:03:38 17 0.5625 -6.8125
2024_0412_14:04:58 17 -8.0875 9.575
2024_0412_14:05:07 17 11.4375 -12.575
2024_0412_14:05:10 17 -0.3375 0.4875
2024_0412_14:06:17 17 73.3875 72.95
2024_0412_14:06:23 17 -5.175 5.55
2024_0412_14:06:32 17 2.1375 2.6125
2024_0412_14:07:08 17 0.05 -0.625
2024_0412_14:07:51 17 0.0125 -0.4625
2024_0412_14:08:01 17 37.7125 59.95
2024_0412_14:08:36 17 64.425 66.1625
2024_0412_14:09:04 17 -8.8875 13.175
2024_0412_14:09:06 17 0.575 0.2
2024_0412_14:10:01 17 0.9125 0.425
2024_0412_14:10:40 17 -25.925 25.125
2024_0412_14:11:08 17 65.025 65.025
2024_0412_14:13:05 17 -1.1875 -0.8125
2024_0412_14:13:10 17 -0.45 0.775
2024_0412_14:13:11 17 -0.925 0.8125
2024_0412_14:14:19 17 0.2125 2.8125
2024_0412_14:14:37 17 -10.25 9.325
2024_0412_14:15:11 17 1.675 -1.075
2024_0412_14:16:05 17 -3.1875 0.925
2024_0412_14:16:20 17 23.8 40.0375
2024_0412_14:17:04 17 27.1875 26.325
2024_0412_14:17:12 17 65.025 63.95
2024_0412_14:17:17 17 -20.15 11.8875
2024_0412_14:17:24 17 0.375 1.3
2024_0412_14:18:05 17 0.25 0.0375
2024_0412_14:18:40 17 -1.1 -1.425
2024_0412_14:19:28 17 -2.5625 -0.4375
2024_0412_14:21:12 17 72.5125 72.2125
2024_0412_14:21:20 17 0.2625 -1.6
2024_0412_14:21:42 17 0.525 0.725
2024_0412_14:22:27 17 14.175 10.8875
2024_0412_14:22:31 17 0.4375 -0.9
2024_0412_14:22:44 17 46.8625 63.0875
2024_0412_14:23:12 17 -0.675 -0.9625
2024_0412_14:24:11 17 23.9625 9.35
2024_0412_14:25:04 17 0.05 -0.325
2024_0412_14:25:25 17 69.5375 30.6375
2024_0412_14:25:27 17 -2.2875 2.5875
2024_0412_14:25:28 17 0.2625 0.225
2024_0412_14:25:39 17 -1.075 0.95
2024_0412_14:26:13 17 69.4625 68.5875
2024_0412_14:27:41 17 17.125 -6.9875
2024_0412_14:29:18 17 10.65 -11.6625
2024_0412_14:29:30 17 48.2625 -50.1375
2024_0412_14:29:59 17 69.8625 75.5125
2024_0412_14:30:34 17 41.8125 67.1125
2024_0412_14:30:40 17 -7.175 4.1875
2024_0412_14:30:58 17 44.9 -18.5625
2024_0412_14:31:16 17 -0.6125 -1.7625
2024_0412_14:32:19 17 25.1875 15.3
2024_0412_14:33:18 17 13.2875 13.2125
2024_0412_14:33:34 17 -0.9625 -1.8875
2024_0412_14:33:39 17 42.9 64.3375
2024_0412_14:33:42 18 32.3625 -15.625
2024_0412_14:34:22 18 74.425 21.8625
2024_0412_14:35:51 18 56.975 59.275
2024_0412_14:36:02 18 46.9875 -10.925
2024_0412_14:36:46 18 -4.3875 14.55
2024_0412_14:37:32 18 1.9375 1.3
2024_0412_14:37:37 18 2.7 0.925
2024_0412_14:38:19 18 0.2125 -0.5875
2024_0412_14:39:01 18 1.4 -2.4375
2024_0412_14:39:05 18 23.275 32.9
2024_0412_14:39:14 18 73.5 73.6
2024_0412_14:39:30 18 47.7 60.925
2024_0412_14:40:34 18 -6.2 16.7
2024_0412_14:41:32 18 10.2875 -0.0875
2024_0412_14:41:39 18 1.475 3.425
2024_0412_14:41:47 18 55.4625 60.825
2024_0412_14:42:09 18 48.5 43.825
2024_0412_14:42:28 18 1.5875 -1.3625
2024_0412_14:43:59 18 78.525 71.2875
2024_0412_14:44:12 18 -2.05 0.975
2024_0412_14:44:49 18 70.875 71.15
2024_0412_14:45:43 18 -6.6375 21.5
2024_0412_14:45:54 18 -3.45 0.55
2024_0412_14:46:24 18 -9.5125 9.3875
2024_0412_14:47:21 18 60.0625 63.9125
2024_0412_14:47:24 18 -2.225 -1.9375
2024_0412_14:47:35 18 -0.8875 0.4
2024_0412_14:47:47 18 64.65 66.7625
2024_0412_14:48:44 18 15.3875 -11.225
2024_0412_14:49:44 18 -0.625 0.075
2024_0412_14:49:56 18 -0.2125 0.825
2024_0412_14:50:01 18 64.3375 60.8625
2024_0412_14:50:17 18 -5.0 5.05
2024_0412_14:50:33 18 0.1375 0.075
2024_0412_14:52:05 18 56.675 -7.8375
2024_0412_14:52:48 18 70.45 72.375
2024_0412_14:53:49 18 6.0625 10.05
2024_0412_14:54:09 18 2.0375 0.8
2024_0412_14:54:21 18 -6.575 -9.65
2024_0412_14:55:19 18 31.3875 32.3625
2024_0412_14:55:29 18 1.5 0.125
2024_0412_14:55:35 18 1.5125 0.0125
2024_0412_14:55:50 18 72.55 74.175
2024_0412_14:56:39 18 28.275 39.05
2024_0412_14:57:48 18 74.1875 73.7875
2024_0412_14:57:51 18 -0.125 -0.2875
2024_0412_14:58:04 18 12.1875 -3.6375
2024_0412_14:58:07 18 -8.8125 44.4375
2024_0412_14:58:18 18 -0.6625 -0.6875
2024_0412_14:58:34 18 22.1 5.4625
2024_0412_15:00:17 18 0.9375 27.6
2024_0412_15:00:57 18 -0.0875 -1.1875
2024_0412_15:01:59 18 60.6375 31.95
2024_0412_15:02:19 18 -30.025 45.6375
2024_0412_15:02:27 18 -8.0 24.4375
2024_0412_15:03:27 18 29.0125 29.05
2024_0412_15:03:33 18 99.9875 -99.9875
2024_0412_15:04:07 18 0.1 -0.025
2024_0412_15:04:49 18 1.1375 -0.3375
2024_0412_15:05:41 18 -37.725 38.875
2024_0412_15:05:56 18 68.35 68.3875
2024_0412_15:05:57 18 78.275 60.4375
2024_0412_15:06:06 18 -0.4125 0.775
2024_0412_15:06:22 18 13.1625 22.8625
2024_0412_15:06:22 18 59.9875 38.45
2024_0412_15:06:41 18 62.1625 64.35
2024_0412_15:08:47 18 70.9625 58.6625
2024_0412_15:09:08 18 15.5125 36.6625
2024_0412_15:10:18 18 -19.575 20.0125
2024_0412_15:10:28 18 -12.2875 11.9
2024_0412_15:10:29 18 -3.1125 2.1375
2024_0412_15:11:40 18 75.0875 72.825
2024_0412_15:12:11 18 31.7 84.1625
2024_0412_15:12:52 18 73.8625 73.7625
2024_0412_15:14:03 18 1.5125 -1.175
2024_0412_15:14:07 18 -1.175 0.475
2024_0412_15:14:13 18 74.2 72.75
2024_0412_15:14:25 18 -13.625 13.075
2024_0412_15:14:25 18 5.4375 6.3125
2024_0412_15:15:02 18 64.675 64.2125
2024_0412_15:16:51 18 10.825 8.8125
2024_0412_15:17:26 18 -4.7 5.725
2024_0412_15:18:23 18 63.0375 62.4
2024_0412_15:18:30 18 -1.7 3.375
2024_0412_15:18:32 18 -7.925 17.3
2024_0412_15:18:40 18 -0.6 -1.25
2024_0412_15:20:02 18 0.0 99.975
2024_0412_15:20:23 18 70.5625 71.7625
2024_0412_15:21:03 18 57.175 69.3375
2024_0412_15:21:34 18 62.85 62.35
2024_0412_15:22:12 18 20.6875 -1.475
2024_0412_15:22:19 18 -0.375 0.2375
2024_0412_15:22:23 18 72.575 72.95
2024_0412_15:22:34 18 -18.75 47.2
2024_0412_15:23:04 18 -2.75 2.4125
2024_0412_15:23:36 18 9.0125 5.8
2024_0412_15:24:57 18 2.3375 -2.4875
2024_0412_15:25:36 18 1.125 -0.525
2024_0412_15:26:28 18 10.3125 -10.7625
2024_0412_15:26:40 18 64.2375 49.2875
2024_0412_15:26:47 18 63.5 64.625
2024_0412_15:26:51 18 1.0875 1.95
2024_0412_15:28:27 18 64.0875 66.725
2024_0412_15:28:32 18 1.5375 0.625
2024_0412_15:29:09 18 6.175 4.675
2024_0412_15:30:01 18 76.3 75.95
2024_0412_15:30:16 18 11.7 37.075
2024_0412_15:30:25 18 99.95 49.975
2024_0412_15:30:28 18 75.8375 61.15
2024_0412_15:30:42 18 7.95 8.9625
2024_0412_15:31:06 18 1.525 3.6125
2024_0412_15:31:42 18 99.95 -50.0
2024_0412_15:33:10 18 -1.2375 0.025
2024_0412_15:33:59 18 71.1875 36.4
2024_0412_15:34:48 18 0.45 1.8625
2024_0412_15:34:48 18 14.125 -5.275
2024_0412_15:34:53 18 35.95 53.0375
2024_0412_15:34:57 18 1.6125 -1.9375
2024_0412_15:36:38 18 -4.1375 1.85
2024_0412_15:36:39 18 0.7125 -0.6
2024_0412_15:37:15 18 15.8375 -12.1875
2024_0412_15:38:11 18 63.9875 59.825
2024_0412_15:38:37 18 0.8125 2.8125
2024_0412_15:38:38 18 58.1375 61.975
2024_0412_15:38:54 18 -0.4 1.15
2024_0412_15:38:55 18 29.575 -2.525
2024_0412_15:39:17 18 0.4875 0.125
2024_0412_15:39:53 18 -0.875 3.225
2024_0412_15:41:17 18 -0.325 -0.05
2024_0412_15:42:06 18 41.2 41.9375
2024_0412_15:43:04 18 -0.0125 -0.3875
2024_0412_15:43:08 18 59.7375 74.0
2024_0412_15:43:23 18 -1.2875 1.0125
2024_0412_15:43:24 18 62.7125 65.5
2024_0412_15:44:43 18 74.5625 74.225
2024_0412_15:44:44 18 72.1125 71.1875
2024_0412_15:45:18 18 -6.2375 8.2
2024_0412_15:46:18 18 65.3 61.1875
2024_0412_15:46:39 18 9.525 -9.7
2024_0412_15:46:39 18 74.525 69.55
2024_0412_15:46:59 18 0.3625 0.6125
2024_0412_15:47:03 18 8.3 -0.0375
2024_0412_15:47:54 18 0.375 -0.55
2024_0412_15:49:20 18 -46.5 45.6375
2024_0412_15:50:08 18 12.8 13.925
2024_0412_15:51:19 18 38.875 -1.2125
2024_0412_15:51:26 18 -9.6375 9.325
2024_0412_15:51:32 18 0.425 0.8125
2024_0412_15:52:42 18 8.9875 -8.125
2024_0412_15:52:51 18 -6.3 40.4125
2024_0412_15:53:37 18 73.525 68.95
2024_0412_15:54:23 18 1.85 2.4375
2024_0412_15:55:00 18 49.9875 -99.9
2024_0412_15:55:01 18 68.1625 68.4
2024_0412_15:55:03 18 -0.75 -1.15
2024_0412_15:55:12 18 -0.6875 0.5375
2024_0412_15:55:15 18 -0.4625 -0.7
2024_0412_15:56:05 18 -0.7625 0.625
2024_0412_15:57:28 18 46.875 -13.8875
2024_0412_15:57:31 18 11.4625 -11.5
2024_0412_15:58:17 18 0.8125 -0.7625
2024_0412_15:59:32 18 67.875 67.175
2024_0412_15:59:35 18 18.2875 -17.625
2024_0412_15:59:44 18 14.5875 14.425
2024_0412_16:00:52 18 -9.2625 62.85
2024_0412_16:01:07 18 1.5875 -1.425
2024_0412_16:01:55 18 47.8375 66.675
2024_0412_16:02:40 18 0.825 1.275
2024_0412_16:03:08 19 70.5375 76.975
2024_0412_16:03:08 19 1.1 -2.625
2024_0412_16:03:29 19 -2.65 -1.8375
2024_0412_16:03:30 19 2.3625 -0.175
2024_0412_16:04:11 19 0.975 -1.0
2024_0412_16:05:34 19 9.1 1.45
2024_0412_16:05:51 19 0.3 1.475
2024_0412_16:06:47 19 62.925 65.775
2024_0412_16:07:50 19 77.7 30.1125
2024_0412_16:08:01 19 -1.6125 0.8375
2024_0412_16:08:01 19 -13.375 14.2875
2024_0412_16:09:05 19 65.0375 60.575
2024_0412_16:09:18 19 67.5125 63.75
2024_0412_16:10:14 19 69.35 37.1
2024_0412_16:11:18 19 -3.4375 0.85
2024_0412_16:11:26 19 68.15 65.7375
2024_0412_16:11:41 19 -2.1125 -0.4375
2024_0412_16:11:47 19 0.175 0.1125
2024_0412_16:11:59 19 1.1375 1.1
2024_0412_16:12:40 19 -2.025 0.875
2024_0412_16:13:39 19 0.6 1.9625
2024_0412_16:13:57 19 -0.0625 -1.625
2024_0412_16:14:48 19 -9.225 9.175
2024_0412_16:15:48 19 1.2 -1.7375
2024_0412_16:15:54 19 -2.4 1.525
2024_0412_16:16:05 19 69.6875 65.125
2024_0412_16:17:02 19 2.3625 2.275
2024_0412_16:17:17 19 41.15 63.7875
2024_0412_16:18:25 19 0.8375 -0.475
2024_0412_16:19:09 19 0.625 1.9
2024_0412_16:19:12 19 38.3875 43.225
2024_0412_16:19:25 19 0.225 -0.6625
2024_0412_16:19:32 19 -0.025 0.05
2024_0412_16:19:59 19 63.9 70.9
2024_0412_16:20:33 19 2.6125 25.0875
2024_0412_16:21:41 19 14.125 -14.125
2024_0412_16:22:39 19 29.7 6.1875
2024_0412_16:23:38 19 40.0125 46.9625
2024_0412_16:23:45 19 -2.275 -1.225
2024_0412_16:23:50 19 0.1125 0.5625
2024_0412_16:25:02 19 2.2375 -0.9625
2024_0412_16:25:10 19 -0.2125 1.525
2024_0412_16:26:00 19 0.2875 1.3375
2024_0412_16:27:00 19 0.1125 0.3625
2024_0412_16:27:05 19 9.075 -12.075
2024_0412_16:27:22 19 7.1 3.85
2024_0412_16:27:25 19 75.8 69.6125
2024_0412_16:27:51 19 2.45 -4.3125
2024_0412_16:28:28 19 15.325 -17.1625
2024_0412_16:29:19 19 16.9375 -17.2875
2024_0412_16:29:28 19 29.9 27.9375
2024_0412_16:30:28 19 0.1625 -1.4875
2024_0412_16:31:27 19 -5.9625 2.675
2024_0412_16:31:41 19 -0.3625 -0.8375
2024_0412_16:31:50 19 -7.6875 17.45
2024_0412_16:32:37 19 50.8 51.0625
2024_0412_16:33:06 19 1.1125 1.4625
2024_0412_16:33:07 19 -3.5875 31.2625
2024_0412_16:33:56 19 37.3 58.025
2024_0412_16:34:49 19 64.675 0.1125
2024_0412_16:35:06 19 -0.7375 -0.3625
2024_0412_16:35:21 19 42.325 63.9125
2024_0412_16:35:36 19 -0.5375 0.175
2024_0412_16:36:27 19 21.8625 -21.1
2024_0412_16:37:11 19 73.6125 72.8375
2024_0412_16:37:36 19 2.65 -0.9625
2024_0412_16:38:18 19 6.775 1.325
2024_0412_16:39:38 19 -3.575 4.8875
2024_0412_16:39:42 19 27.325 28.375
2024_0412_16:40:38 19 70.8 71.575
2024_0412_16:41:03 19 0.6375 0.0625
2024_0412_16:41:06 19 61.7125 66.4375
2024_0412_16:41:14 19 -0.075 -1.2875
2024_0412_16:41:52 19 -0.8375 1.175
2024_0412_16:42:38 19 -49.9 49.9
2024_0412_16:42:56 19 -1.7375 2.925
2024_0412_16:43:17 19 -0.225 -1.8
2024_0412_16:43:43 19 0.225 1.2125
2024_0412_16:44:26 19 -1.175 0.0875
2024_0412_16:44:59 19 49.4875 -48.7375
2024_0412_16:45:27 19 -0.4 0.9375
2024_0412_16:46:21 20 73.0375 73.5875
2024_0412_16:47:41 20 1.7 0.425
2024_0412_16:48:33 20 78.775 54.725
2024_0412_16:48:56 20 10.15 1.5375
2024_0412_16:48:57 20 57.7625 63.325
2024_0412_16:49:14 20 -0.3875 -0.7125
2024_0412_16:49:47 20 24.925 30.275
2024_0412_16:50:31 20 9.225 32.3875
2024_0412_16:50:44 20 49.9875 -99.95
2024_0412_16:51:04 20 48.7875 34.075
2024_0412_16:51:06 20 0.75 -0.575
2024_0412_16:51:45 20 3.825 39.5
2024_0412_16:52:27 20 2.125 0.2875
2024_0412_16:52:48 20 -99.975 50.0
2024_0412_16:53:42 20 -6.2875 18.5125
2024_0412_16:54:12 20 -5.6875 8.4
2024_0412_16:54:31 20 9.6375 -1.575
2024_0412_16:55:30 20 -3.15 2.825
2024_0412_16:56:27 20 65.65 67.25
2024_0412_16:56:43 20 2.8625 -3.4375
2024_0412_16:56:52 20 7.075 8.5625
2024_0412_16:57:29 20 34.375 42.775
2024_0412_16:58:13 20 21.5375 24.05
2024_0412_16:58:39 20 70.9625 75.3
2024_0412_16:58:41 20 69.0125 63.0
2024_0412_16:58:52 20 0.2625 -1.1625
2024_0412_16:58:54 20 0.225 0.3125
2024_0412_16:59:41 20 -0.7375 -0.4375
2024_0412_17:00:22 20 -14.475 13.3375
2024_0412_17:01:37 20 47.2 -2.8375
2024_0412_17:02:12 20 -1.5625 -0.7375
2024_0412_17:02:17 20 10.375 -10.9625
2024_0412_17:03:21 20 68.125 -10.6125
2024_0412_17:04:22 20 16.35 -18.35
2024_0412_17:04:56 20 0.0125 -0.0125
2024_0412_17:05:24 20 62.525 67.5125
2024_0412_17:05:57 20 65.45 64.525
2024_0412_17:06:27 20 -0.125 -1.4
2024_0412_17:06:41 20 -11.2625 12.775
2024_0412_17:06:44 20 0.6875 -1.8875
2024_0412_17:06:46 20 -1.75 0.8
2024_0412_17:07:38 20 60.2875 63.1375
2024_0412_17:07:53 20 31.825 64.2875
2024_0412_17:08:12 20 72.7125 72.375
2024_0412_17:09:28 20 49.9875 99.975
2024_0412_17:09:59 20 4.3125 1.0125
2024_0412_17:10:05 20 -3.8875 4.2
2024_0412_17:10:06 20 49.9 -49.85
2024_0412_17:11:04 20 -1.125 -1.2
2024_0412_17:12:10 20 -0.1875 -0.5125
2024_0412_17:12:50 20 71.775 72.0625
2024_0412_17:13:24 20 30.2125 -3.75
2024_0412_17:13:57 20 15.6125 24.05
2024_0412_17:14:18 20 75.275 69.3875
2024_0412_17:14:28 20 8.9375 6.0125
2024_0412_17:14:38 20 73.7625 66.5875
2024_0412_17:14:48 20 53.8375 69.875
2024_0412_17:15:42 20 -16.275 41.7375
2024_0412_17:15:53 20 9.4375 10.25
2024_0412_17:16:03 20 -2.75 39.8875
2024_0412_17:17:28 20 -2.1 -0.575
2024_0412_17:17:52 20 5.2125 5.5125
2024_0412_17:18:02 20 25.475 27.8
2024_0412_17:18:11 20 67.6125 67.275
2024_0412_17:19:33 20 14.2125 12.9125
2024_0412_17:19:54 20 49.95 -99.9125
2024_0412_17:20:51 20 52.4625 41.025
2024_0412_17:21:14 20 -20.05 19.9375
2024_0412_17:21:47 20 16.4875 20.95
2024_0412_17:22:17 20 12.625 -11.0125
2024_0412_17:22:23 20 -9.4875 11.9875
2024_0412_17:22:34 20 16.675 -4.025
2024_0412_17:23:46 20 -0.4375 -1.1875
2024_0412_17:23:46 20 51.325 67.35
2024_0412_17:24:30 20 62.6625 64.725
2024_0412_17:24:33 20 -1.975 -2.175
2024_0412_17:25:15 20 61.7125 74.35
2024_0412_17:25:51 20 73.5125 72.925
2024_0412_17:25:55 20 -12.9375 87.45
2024_0412_17:26:03 20 0.7 -0.725
2024_0412_17:27:32 20 -1.35 -0.5375
2024_0412_17:27:55 20 11.2375 12.1375
2024_0412_17:28:40 20 49.9875 49.9875
2024_0412_17:29:07 20 31.525 81.9
2024_0412_17:29:54 20 40.2875 -39.6625
2024_0412_17:30:13 20 47.55 59.6875
2024_0412_17:30:22 20 33.7125 38.2
2024_0412_17:30:25 20 -1.275 -0.9375
2024_0412_17:31:36 20 -1.825 0.05
2024_0412_17:31:42 20 -0.475 -0.05
2024_0412_17:32:19 20 30.075 77.8125
2024_0412_17:32:28 20 24.4125 -25.5625
2024_0412_17:33:19 20 -1.0125 -0.475
2024_0412_17:33:44 20 7.8875 34.4625
2024_0412_17:33:49 20 47.55 -9.925
2024_0412_17:33:57 20 7.45 -8.9125
2024_0412_17:35:33 20 -16.6875 25.0375
2024_0412_17:36:31 9 74.275 75.1875
2024_0412_17:36:54 5 74.0625 74.3625
2024_0412_17:37:44 13 25.75 75.3
2024_0412_17:38:00 13 56.8625 77.775
2024_0412_17:38:08 13 2.25 1.6625
2024_0412_17:38:31 13 9.45 -10.5125
2024_0412_17:39:31 13 12.9875 11.35
2024_0412_17:39:33 14 64.125 62.7625
2024_0412_17:40:18 14 0.3625 -0.625
2024_0412_17:40:19 14 -0.4 0.85
2024_0412_17:40:19 14 59.1625 66.875
2024_0412_17:41:08 15 77.1875 70.275
2024_0412_17:41:32 15 65.9375 69.6
2024_0412_17:41:37 15 -0.3 0.8
2024_0412_17:41:41 15 -2.0875 2.5875
2024_0412_17:43:21 15 72.125 74.0875
2024_0412_17:44:17 15 -0.35 0.8625
2024_0412_17:44:45 15 78.2625 72.65
2024_0412_17:45:47 16 40.2125 -39.8625
2024_0412_17:46:01 16 0.7375 0.5375
2024_0412_17:46:16 15 70.575 65.85
2024_0412_17:46:24 16 15.9 -18.125
2024_0412_17:47:19 16 -10.7625 10.2375
2024_0412_17:47:21 16 -9.6375 10.575
2024_0412_17:48:09 16 33.5125 41.6125
2024_0412_17:48:16 16 15.1625 6.575
2024_0412_17:48:20 16 72.55 73.9125
2024_0412_17:49:06 16 -0.225 -7.8
2024_0412_17:49:18 17 1.45 -0.5875
2024_0412_17:49:33 17 32.8375 33.0875
2024_0412_17:51:08 17 0.575 0.2125
2024_0412_17:52:08 17 35.1625 53.7375
2024_0412_17:52:34 17 66.925 24.7625
2024_0412_17:53:35 17 1.55 1.5875
2024_0412_17:53:42 17 49.9875 -49.9875
2024_0412_17:54:05 17 78.15 72.45
2024_0412_17:54:17 17 62.5875 64.85
2024_0412_17:55:12 17 39.575 41.375
2024_0412_17:55:12 17 0.8375 -1.075
2024_0412_17:56:02 17 72.2 73.1625
2024_0412_17:56:14 18 0.025 -1.325
2024_0412_17:56:31 18 -0.35 5.15
2024_0412_17:56:39 18 26.0375 -9.9375
2024_0412_17:56:53 18 12.6 -11.4375
2024_0412_17:57:03 18 21.9625 49.225
2024_0412_17:57:25 18 3.8375 2.075
2024_0412_17:59:01 18 0.1875 19.2375
2024_0412_18:00:02 18 71.7875 71.0
2024_0412_18:00:40 18 56.9125 56.225
2024_0412_18:01:31 19 11.7625 -10.2
2024_0412_18:01:33 19 24.4125 16.6375
2024_0412_18:01:54 19 25.45 -25.85
2024_0412_18:02:22 19 60.6 63.7375
2024_0412_18:03:01 19 1.125 -1.7375
2024_0412_18:03:03 19 16.375 -15.5
2024_0412_18:04:04 19 0.4625 0.35
2024_0412_18:04:05 19 0.9125 0.625
2024_0412_18:04:32 19 67.375 68.5875
2024_0412_18:04:37 19 0.1875 1.3875
2024_0412_18:04:38 19 9.8375 6.9
2024_0412_18:04:53 19 47.9125 -38.1625
2024_0412_18:05:15 19 -2.3625 1.0125
2024_0412_18:06:41 20 31.3125 29.3375
2024_0412_18:07:32 20 -30.9375 29.7875
2024_0412_18:08:06 20 -0.4625 -0.2375
2024_0412_18:08:49 20 71.8625 72.2875
2024_0412_18:08:58 20 -0.125 -0.2375
2024_0412_18:09:15 20 -0.175 1.05
2024_0412_18:09:38 20 11.0125 12.3
2024_0412_18:10:08 17 2.5375 -11.725
