0.20683000000013646 0.11868500000004831 0.027855000000003193 0.006694999999999811 0.02275500000000163 0.021925000000001377 0.020545000000000955 0.020290000000000877 0.020255000000000866 0.007929999999999762 0.0439749999999993 0.03667500000000213 0.061654999999992445 0.05844999999999369 0.06654999999999617 0.050869999999996626 0.06415999999999378 0.06262999999999225 0.04189000000000011 0.03938000000000108 
2024_0411_20:57:00 4 72.37 70.83
2024_0411_20:57:00 8 73.6 75.68
2024_0411_20:57:01 3 64.05 74.34
2024_0411_20:57:01 1 78.0 78.75
2024_0411_20:57:01 1 78.41 78.85
2024_0411_20:57:01 2 71.78 72.65
2024_0411_20:57:01 6 77.85 78.7
2024_0411_20:57:02 1 77.77 78.38
2024_0411_20:57:03 2 68.7 66.46
2024_0411_20:57:05 6 78.11 77.96
2024_0411_20:57:08 11 61.4 71.69
2024_0411_20:57:09 9 79.35 79.14
2024_0411_20:57:16 11 0.06 -0.47
2024_0411_20:57:22 7 71.65 73.74
2024_0411_20:57:23 5 78.58 78.44
2024_0411_20:57:28 10 74.62 79.02
2024_0411_21:04:28 15 -0.79 -0.3
2024_0411_21:04:31 13 43.71 56.03
2024_0411_21:04:31 16 0.21 1.13
2024_0411_21:04:35 14 77.8 78.63
2024_0411_21:04:35 13 -45.04 49.41
2024_0411_21:04:36 12 57.19 -8.86
2024_0411_21:04:41 17 0.24 -0.4
2024_0411_21:04:44 18 -10.35 9.89
2024_0411_21:04:44 17 -0.17 0.24
2024_0411_21:04:45 15 -0.28 -0.59
2024_0411_21:04:50 20 -0.09 0.62
2024_0411_21:05:01 18 24.0 -21.23
2024_0411_21:05:43 20 0.86 -0.47
2024_0411_21:06:44 19 20.07 14.14
2024_0411_21:14:22 11 49.98 99.96
2024_0411_21:14:22 8 78.28 76.17
2024_0411_21:14:23 11 -0.07 -0.93
2024_0411_21:14:23 6 78.1 78.64
2024_0411_21:14:23 1 78.66 78.61
2024_0411_21:14:23 3 72.13 72.51
2024_0411_21:14:26 2 73.64 68.55
2024_0411_21:14:27 7 76.47 78.24
2024_0411_21:14:28 9 78.98 78.83
2024_0411_21:14:28 11 74.23 74.35
2024_0411_21:14:30 4 72.4 72.88
2024_0411_21:14:30 11 -1.38 1.36
2024_0411_21:14:33 5 78.15 78.01
2024_0411_21:14:33 11 1.08 -1.6
2024_0411_21:14:40 10 78.85 78.54
2024_0411_21:15:16 11 -1.49 0.81
2024_0411_21:21:51 12 -16.5 16.17
2024_0411_21:21:52 15 -11.34 32.98
2024_0411_21:21:54 13 8.23 55.64
2024_0411_21:21:56 13 76.05 76.83
2024_0411_21:21:57 13 9.5 -12.48
2024_0411_21:21:58 14 74.38 82.23
2024_0411_21:21:58 16 -6.24 78.59
2024_0411_21:21:58 13 -31.29 34.86
2024_0411_21:22:00 17 -1.5 1.64
2024_0411_21:22:00 13 75.77 67.2
2024_0411_21:22:01 20 80.97 77.16
2024_0411_21:22:02 19 0.13 -0.29
2024_0411_21:22:03 20 49.92 -49.87
2024_0411_21:22:22 18 76.71 76.82
2024_0411_21:30:04 7 73.77 70.81
2024_0411_21:30:06 12 1.52 0.7
2024_0411_21:30:07 2 76.98 77.24
2024_0411_21:30:08 1 78.68 78.73
2024_0411_21:30:08 5 79.57 77.82
2024_0411_21:30:09 8 75.35 78.07
2024_0411_21:30:09 6 78.67 77.76
2024_0411_21:30:10 3 66.56 60.62
2024_0411_21:30:10 11 77.62 82.73
2024_0411_21:30:10 11 -0.55 -0.85
2024_0411_21:30:11 11 58.24 18.5
2024_0411_21:30:11 12 73.69 67.41
2024_0411_21:30:13 4 74.15 66.57
2024_0411_21:30:15 10 73.66 70.05
2024_0411_21:30:32 9 81.99 77.75
2024_0411_21:30:33 11 69.11 69.35
2024_0411_21:37:53 13 36.36 -7.4
2024_0411_21:37:56 13 78.4 78.52
2024_0411_21:37:56 13 75.92 77.09
2024_0411_21:37:56 14 -0.93 0.24
2024_0411_21:37:57 13 52.46 -50.28
2024_0411_21:37:59 13 -1.77 1.92
2024_0411_21:38:01 16 47.79 61.75
2024_0411_21:38:01 15 73.86 80.16
2024_0411_21:38:02 16 -17.82 54.41
2024_0411_21:38:03 17 35.49 85.19
2024_0411_21:38:07 16 2.33 -2.02
2024_0411_21:38:08 16 26.53 11.18
2024_0411_21:38:13 18 -71.68 72.27
2024_0411_21:38:20 18 -11.84 11.81
2024_0411_21:38:22 18 -0.81 0.7
2024_0411_21:38:26 18 0.13 0.11
2024_0411_21:45:00 19 37.32 -11.81
2024_0411_21:45:02 20 -3.59 -0.37
2024_0411_21:45:03 18 -0.04 -0.03
2024_0411_21:45:05 19 9.57 -11.31
2024_0411_21:45:06 18 -9.99 26.19
2024_0411_21:45:07 20 0.93 -1.3
2024_0411_21:45:08 20 -3.18 2.72
2024_0411_21:45:10 20 12.52 -13.82
2024_0411_21:52:59 8 77.67 78.67
2024_0411_21:52:59 2 33.94 60.31
2024_0411_21:52:59 11 1.42 -0.62
2024_0411_21:52:59 1 78.08 78.5
2024_0411_21:52:59 6 78.44 78.43
2024_0411_21:52:59 5 78.11 79.02
2024_0411_21:53:01 10 78.29 79.4
2024_0411_21:53:01 9 80.93 80.45
2024_0411_21:53:01 11 0.55 -2.18
2024_0411_21:53:02 7 72.79 71.25
2024_0411_21:53:05 11 72.16 67.47
2024_0411_21:53:05 11 -49.99 49.99
2024_0411_21:53:05 11 0.61 0.33
2024_0411_21:53:08 11 1.24 -0.52
2024_0411_21:53:10 3 70.32 69.87
2024_0411_21:56:59 11 0.78 -0.08
2024_0411_22:00:44 11 0.5 0.99
2024_0411_22:00:47 12 77.31 78.32
2024_0411_22:00:48 11 -0.2 -0.53
2024_0411_22:00:48 13 71.33 71.37
2024_0411_22:00:49 12 -1.44 1.78
2024_0411_22:00:49 12 -20.32 54.49
2024_0411_22:00:51 12 67.78 33.51
2024_0411_22:00:51 12 67.34 70.56
2024_0411_22:00:51 12 32.76 64.76
2024_0411_22:00:53 13 0.21 5.56
2024_0411_22:00:54 13 35.85 2.24
2024_0411_22:00:56 13 37.63 57.68
2024_0411_22:01:02 13 -0.22 1.08
2024_0411_22:01:03 12 78.89 77.22
2024_0411_22:01:12 13 37.43 33.11
2024_0411_22:04:58 13 1.13 0.17
2024_0411_22:08:34 13 74.38 79.65
2024_0411_22:08:34 13 -49.99 -99.96
2024_0411_22:08:35 13 33.04 -1.25
2024_0411_22:08:35 13 3.2 0.69
2024_0411_22:08:38 14 0.52 0.45
2024_0411_22:08:39 14 0.74 1.96
2024_0411_22:08:39 14 64.22 71.46
2024_0411_22:08:40 13 76.88 78.71
2024_0411_22:08:40 14 -1.52 -1.57
2024_0411_22:08:43 14 -12.25 12.01
2024_0411_22:08:50 14 67.89 73.09
2024_0411_22:08:51 14 -1.11 -0.25
2024_0411_22:09:00 14 43.16 65.38
2024_0411_22:09:09 14 1.12 -1.34
2024_0411_22:09:18 14 78.2 76.6
2024_0411_22:12:49 14 79.28 79.86
2024_0411_22:16:27 15 68.58 65.88
2024_0411_22:16:32 14 72.42 70.79
2024_0411_22:16:33 15 -0.1 0.85
2024_0411_22:16:34 15 40.62 19.36
2024_0411_22:16:36 15 -0.6 -1.01
2024_0411_22:16:41 15 -0.6 6.66
2024_0411_22:16:43 14 0.72 2.5
2024_0411_22:16:43 14 0.1 0.66
2024_0411_22:16:45 15 71.19 66.67
2024_0411_22:16:48 15 -0.86 -0.3
2024_0411_22:16:51 15 0.59 -1.49
2024_0411_22:16:58 15 -31.04 35.09
2024_0411_22:16:58 15 78.6 78.03
2024_0411_22:17:07 15 -0.88 1.05
2024_0411_22:20:47 15 77.97 75.47
2024_0411_22:23:24 16 23.21 59.06
2024_0411_22:24:20 16 71.27 72.91
2024_0411_22:24:22 16 8.18 -7.51
2024_0411_22:24:24 16 13.09 -19.33
2024_0411_22:24:29 17 0.52 0.97
2024_0411_22:24:30 16 13.63 13.01
2024_0411_22:24:30 16 -11.97 13.34
2024_0411_22:24:34 16 -8.99 10.98
2024_0411_22:24:35 17 59.86 43.76
2024_0411_22:24:35 17 0.27 0.78
2024_0411_22:24:40 17 -80.43 79.98
2024_0411_22:24:46 17 49.98 -49.98
2024_0411_22:24:48 17 -10.8 8.22
2024_0411_22:24:57 17 0.14 -0.08
2024_0411_22:25:09 17 19.39 17.67
2024_0411_22:28:46 17 8.4 4.19
2024_0411_22:32:13 18 -49.98 -99.99
2024_0411_22:32:13 18 -49.83 99.9
2024_0411_22:32:19 18 47.86 -50.3
2024_0411_22:32:22 18 74.98 75.13
2024_0411_22:32:22 18 77.89 77.34
2024_0411_22:32:28 18 40.77 -39.28
2024_0411_22:32:36 18 32.46 -3.86
2024_0411_22:32:38 18 -28.23 23.41
2024_0411_22:32:39 20 -4.53 68.14
2024_0411_22:32:48 19 -13.14 32.93
2024_0411_22:32:51 19 13.82 23.94
2024_0411_22:32:53 20 -2.07 -2.01
2024_0411_22:33:02 20 0.5 -0.46
2024_0411_22:35:02 20 1.08 1.37
2024_0411_22:36:10 20 0.19 -1.67
2024_0411_22:36:22 20 -14.43 13.14
2024_0411_22:39:14 15 0.4 3.2
2024_0411_22:39:15 4 69.44 68.15
2024_0411_22:39:21 17 24.43 -9.52
2024_0411_22:39:22 18 0.66 1.51
2024_0411_22:39:36 20 24.91 -10.85
2024_0411_22:47:21 7 78.17 78.02
2024_0411_22:47:23 3 72.35 60.78
2024_0411_22:47:24 11 0.6 -0.94
2024_0411_22:47:25 5 77.83 79.44
2024_0411_22:47:25 8 71.48 69.46
2024_0411_22:47:25 11 0.1 0.22
2024_0411_22:47:25 4 73.61 71.04
2024_0411_22:47:26 11 -1.06 -0.08
2024_0411_22:47:27 11 -0.71 0.49
2024_0411_22:47:27 6 78.91 78.31
2024_0411_22:47:28 9 79.7 80.26
2024_0411_22:47:28 11 68.67 71.66
2024_0411_22:47:31 10 78.61 77.66
2024_0411_22:47:31 1 78.61 78.41
2024_0411_22:47:39 11 60.82 70.05
2024_0411_22:47:52 2 76.81 75.55
2024_0411_22:55:12 12 -1.17 -0.11
2024_0411_22:55:12 11 78.92 78.74
2024_0411_22:55:12 12 -0.29 -1.16
2024_0411_22:55:14 12 78.35 77.62
2024_0411_22:55:14 12 78.73 77.78
2024_0411_22:55:14 12 72.63 67.27
2024_0411_22:55:15 12 -2.18 -0.34
2024_0411_22:55:15 12 60.69 61.77
2024_0411_22:55:17 13 0.32 0.09
2024_0411_22:55:17 13 88.21 -71.0
2024_0411_22:55:21 13 74.36 75.69
2024_0411_22:55:23 12 71.6 71.01
2024_0411_22:55:26 13 80.58 78.8
2024_0411_22:55:28 13 -1.61 0.26
2024_0411_22:55:31 11 -0.55 0.91
2024_0411_22:55:43 13 -0.29 -0.47
2024_0411_23:02:56 13 -0.59 0.59
2024_0411_23:03:01 13 -0.15 1.07
2024_0411_23:03:02 13 0.53 -0.68
2024_0411_23:03:03 13 0.32 -0.23
2024_0411_23:03:05 13 0.73 14.16
2024_0411_23:03:06 14 -99.97 49.98
2024_0411_23:03:08 13 13.09 14.05
2024_0411_23:03:08 14 79.57 84.32
2024_0411_23:03:09 14 -1.12 -0.06
2024_0411_23:03:09 14 66.21 69.95
2024_0411_23:03:16 14 -15.87 61.01
2024_0411_23:03:16 14 63.6 72.68
2024_0411_23:03:21 14 49.09 49.89
2024_0411_23:03:26 13 0.49 1.36
2024_0411_23:03:37 14 69.49 67.32
2024_0411_23:03:37 14 1.12 0.81
2024_0411_23:10:48 15 0.31 -0.3
2024_0411_23:10:48 14 2.37 -0.17
2024_0411_23:10:49 14 -49.96 99.94
2024_0411_23:10:52 14 77.0 77.6
2024_0411_23:10:54 15 -0.15 0.16
2024_0411_23:10:59 15 66.3 77.04
2024_0411_23:11:00 15 -32.49 14.93
2024_0411_23:11:01 15 -76.65 77.21
2024_0411_23:11:02 15 0.39 0.69
2024_0411_23:11:05 15 -1.3 -2.33
2024_0411_23:11:12 15 -0.29 1.99
2024_0411_23:11:14 15 -1.56 0.89
2024_0411_23:11:18 15 69.97 66.3
2024_0411_23:11:22 15 -0.05 -0.64
2024_0411_23:11:26 15 0.99 0.63
2024_0411_23:11:45 15 72.92 72.26
2024_0411_23:18:35 16 -1.09 -2.66
2024_0411_23:18:40 16 -2.23 -1.35
2024_0411_23:18:41 16 -0.77 0.33
2024_0411_23:18:45 16 -0.49 -0.63
2024_0411_23:18:45 16 99.98 -99.98
2024_0411_23:18:46 16 4.78 5.57
2024_0411_23:18:49 16 -2.05 -0.44
2024_0411_23:18:51 16 0.64 1.13
2024_0411_23:18:55 17 12.17 63.72
2024_0411_23:19:07 17 69.14 66.59
2024_0411_23:19:15 17 80.41 79.61
2024_0411_23:19:15 17 0.64 -0.75
2024_0411_23:19:22 17 10.16 -10.23
2024_0411_23:19:23 17 -1.24 -1.41
2024_0411_23:19:47 18 -1.27 0.46
2024_0411_23:24:25 18 75.77 28.07
2024_0411_23:26:29 18 76.08 77.91
2024_0411_23:26:30 18 -13.36 11.41
2024_0411_23:26:35 18 -0.55 -0.34
2024_0411_23:26:36 18 -5.36 4.88
2024_0411_23:26:37 18 -0.39 -1.55
2024_0411_23:26:43 18 0.81 1.15
2024_0411_23:26:51 18 -0.02 0.0
2024_0411_23:26:52 18 70.58 72.67
2024_0411_23:26:52 18 71.05 73.16
2024_0411_23:27:00 19 36.87 -11.52
2024_0411_23:27:01 19 -1.2 0.0
2024_0411_23:27:09 20 -17.48 56.11
2024_0411_23:27:21 19 1.05 0.48
2024_0411_23:27:27 20 64.01 62.02
2024_0411_23:27:56 20 36.29 -12.29
2024_0411_23:31:52 20 0.26 32.78
2024_0411_23:33:23 20 0.0 -99.98
2024_0411_23:33:26 20 77.23 77.36
2024_0411_23:33:32 17 78.83 78.76
2024_0411_23:33:34 18 71.3 73.25
2024_0411_23:41:19 11 -0.17 0.2
2024_0411_23:41:20 5 78.5 78.08
2024_0411_23:41:21 11 -0.36 1.04
2024_0411_23:41:22 11 5.95 2.11
2024_0411_23:41:24 11 76.76 78.5
2024_0411_23:41:25 11 72.34 72.52
2024_0411_23:41:25 1 77.7 79.84
2024_0411_23:41:27 7 73.14 72.58
2024_0411_23:41:28 4 64.13 70.62
2024_0411_23:41:28 3 60.7 72.38
2024_0411_23:41:28 10 78.35 75.68
2024_0411_23:41:29 2 71.57 73.16
2024_0411_23:41:31 8 71.89 74.16
2024_0411_23:41:39 11 0.86 -0.48
2024_0411_23:41:40 9 80.2 80.31
2024_0411_23:41:50 6 78.28 78.75
2024_0411_23:49:06 11 -1.15 -0.34
2024_0411_23:49:08 11 49.99 -99.98
2024_0411_23:49:09 11 -50.0 50.0
2024_0411_23:49:12 11 -1.67 -0.5
2024_0411_23:49:14 11 67.84 70.92
2024_0411_23:49:18 11 70.3 71.55
2024_0411_23:49:19 11 78.94 79.44
2024_0411_23:49:20 11 78.3 79.77
2024_0411_23:49:21 11 49.98 99.96
2024_0411_23:49:22 11 2.08 4.47
2024_0411_23:49:24 12 88.98 28.21
2024_0411_23:49:28 11 78.93 78.94
2024_0411_23:49:31 12 59.36 53.05
2024_0411_23:49:31 12 77.33 73.11
2024_0411_23:49:32 11 -0.23 -0.43
2024_0411_23:49:41 12 -2.13 0.48
2024_0411_23:56:58 12 33.72 72.89
2024_0411_23:56:59 12 1.62 0.38
2024_0411_23:56:59 12 76.94 77.53
2024_0411_23:57:01 12 0.05 0.33
2024_0411_23:57:05 12 74.09 72.33
2024_0411_23:57:06 12 60.08 69.81
2024_0411_23:57:10 12 7.82 6.42
2024_0411_23:57:11 12 2.03 -0.07
2024_0411_23:57:13 12 73.37 73.96
2024_0411_23:57:14 12 -1.77 1.99
2024_0411_23:57:16 12 1.72 -0.5
2024_0411_23:57:20 13 78.3 77.83
2024_0411_23:57:21 13 76.72 77.12
2024_0411_23:57:34 13 11.5 21.31
2024_0411_23:57:35 13 76.86 74.07
2024_0411_23:57:43 13 83.85 74.65
2024_0412_00:04:48 13 73.94 74.3
2024_0412_00:04:53 13 60.85 79.8
2024_0412_00:04:54 13 76.1 36.15
2024_0412_00:05:00 13 -0.25 -1.1
2024_0412_00:05:00 13 1.44 -1.13
2024_0412_00:05:02 13 0.61 -0.95
2024_0412_00:05:02 13 49.98 99.96
2024_0412_00:05:03 13 8.6 7.31
2024_0412_00:05:04 13 72.54 71.73
2024_0412_00:05:05 13 0.06 -2.65
2024_0412_00:05:05 13 79.32 79.53
2024_0412_00:05:10 13 72.48 68.9
2024_0412_00:05:11 13 1.09 -1.28
2024_0412_00:05:25 13 60.56 70.01
2024_0412_00:05:30 13 -0.46 -0.65
2024_0412_00:05:52 13 -1.37 0.88
2024_0412_00:12:37 13 73.14 72.17
2024_0412_00:12:42 13 3.34 0.05
2024_0412_00:12:47 13 -0.82 -0.83
2024_0412_00:12:48 13 -0.04 0.0
2024_0412_00:12:52 14 22.21 22.05
2024_0412_00:12:52 14 -0.85 -0.94
2024_0412_00:12:54 14 -8.94 19.33
2024_0412_00:12:55 14 21.05 -18.28
2024_0412_00:12:58 14 70.53 67.68
2024_0412_00:13:01 14 63.51 61.75
2024_0412_00:13:02 14 3.14 2.69
2024_0412_00:13:05 14 72.27 71.46
2024_0412_00:13:18 14 77.19 75.76
2024_0412_00:13:40 14 99.98 -49.99
2024_0412_00:13:44 14 70.41 73.71
2024_0412_00:16:15 14 79.19 78.24
2024_0412_00:20:26 14 63.33 7.76
2024_0412_00:20:32 14 -20.94 21.25
2024_0412_00:20:34 14 57.96 70.31
2024_0412_00:20:39 14 82.9 30.93
2024_0412_00:20:42 14 7.16 7.07
2024_0412_00:20:42 14 24.06 29.45
2024_0412_00:20:43 14 -99.98 -99.98
2024_0412_00:20:44 14 78.69 75.51
2024_0412_00:20:47 14 1.97 1.25
2024_0412_00:20:51 14 21.66 19.9
2024_0412_00:20:51 14 -0.03 1.39
2024_0412_00:20:56 14 77.9 78.27
2024_0412_00:21:26 15 0.35 -0.95
2024_0412_00:21:39 15 65.95 64.12
2024_0412_00:21:56 15 74.39 72.72
2024_0412_00:24:08 15 8.62 10.53
2024_0412_00:28:15 15 26.71 -27.16
2024_0412_00:28:19 15 80.02 80.68
2024_0412_00:28:22 15 -88.28 94.43
2024_0412_00:28:27 15 0.01 -0.7
2024_0412_00:28:36 15 0.62 -1.81
2024_0412_00:28:39 15 1.89 0.18
2024_0412_00:28:40 15 33.35 -5.35
2024_0412_00:28:42 15 -10.04 10.69
2024_0412_00:28:46 15 -0.18 1.78
2024_0412_00:28:56 15 72.02 46.67
2024_0412_00:28:58 15 0.78 1.02
2024_0412_00:29:11 15 0.73 -0.5
2024_0412_00:29:17 15 62.83 62.02
2024_0412_00:29:25 15 1.36 -1.88
2024_0412_00:29:45 15 -0.13 -0.88
2024_0412_00:31:55 15 -1.61 1.32
2024_0412_00:35:58 15 31.21 17.76
2024_0412_00:36:12 15 73.62 63.52
2024_0412_00:36:13 15 8.74 52.21
2024_0412_00:36:24 15 78.3 79.78
2024_0412_00:36:26 16 -10.24 10.24
2024_0412_00:36:31 16 -0.24 -0.55
2024_0412_00:36:34 16 0.15 0.83
2024_0412_00:36:36 16 -0.91 9.51
2024_0412_00:36:41 16 74.78 4.97
2024_0412_00:36:51 16 78.56 77.91
2024_0412_00:36:53 16 79.51 80.78
2024_0412_00:36:54 16 -2.13 5.12
2024_0412_00:37:14 16 70.83 69.63
2024_0412_00:37:27 16 29.23 31.92
2024_0412_00:37:35 16 26.83 26.05
2024_0412_00:39:40 16 -0.49 1.23
2024_0412_00:43:42 16 -8.03 8.61
2024_0412_00:43:59 16 0.84 -0.85
2024_0412_00:44:07 17 0.87 0.74
2024_0412_00:44:21 17 -0.47 -0.92
2024_0412_00:44:24 17 0.51 1.04
2024_0412_00:44:27 17 41.08 40.27
2024_0412_00:44:29 17 -33.59 50.31
2024_0412_00:44:31 17 55.06 53.45
2024_0412_00:44:38 17 -0.88 -0.14
2024_0412_00:44:41 17 77.7 79.82
2024_0412_00:44:43 17 61.72 68.69
2024_0412_00:45:15 17 28.02 9.26
2024_0412_00:45:17 17 1.73 -0.92
2024_0412_00:45:36 17 82.86 -4.32
2024_0412_00:47:29 17 8.97 6.48
2024_0412_00:48:20 17 1.97 -0.46
2024_0412_00:51:54 17 5.87 6.81
2024_0412_00:52:13 17 6.73 5.02
2024_0412_00:52:16 18 -0.42 -0.22
2024_0412_00:52:21 17 14.95 -14.14
2024_0412_00:52:25 18 0.43 0.6
2024_0412_00:52:26 18 1.94 -1.01
2024_0412_00:52:32 18 -20.17 21.86
2024_0412_00:52:32 18 0.71 -0.41
2024_0412_00:52:46 18 0.2 -0.45
2024_0412_00:53:03 18 15.78 -11.48
2024_0412_00:53:25 18 80.78 78.91
2024_0412_00:55:23 18 68.87 69.35
2024_0412_00:55:38 18 0.62 0.33
2024_0412_00:56:04 18 2.81 1.05
2024_0412_00:56:07 18 71.06 73.33
2024_0412_00:57:43 18 -49.14 49.29
2024_0412_00:59:54 18 28.71 -27.3
2024_0412_00:59:56 18 99.98 99.98
2024_0412_01:00:05 18 -0.86 -0.88
2024_0412_01:00:15 18 -13.04 21.61
2024_0412_01:00:17 18 -10.06 10.76
2024_0412_01:00:29 18 -0.66 -0.09
2024_0412_01:00:30 18 79.37 80.38
2024_0412_01:00:35 18 0.77 -0.88
2024_0412_01:00:50 18 62.62 26.66
2024_0412_01:01:13 18 70.18 74.26
2024_0412_01:03:19 18 72.67 70.66
2024_0412_01:03:30 19 -0.47 72.59
2024_0412_01:03:57 19 91.58 -39.46
2024_0412_01:04:04 19 -0.47 4.57
2024_0412_01:05:29 19 19.33 -21.08
2024_0412_01:07:30 19 -30.54 46.27
2024_0412_01:07:44 19 53.75 76.86
2024_0412_01:07:50 20 28.52 26.82
2024_0412_01:07:57 20 0.17 1.58
2024_0412_01:08:07 20 9.74 -7.95
2024_0412_01:08:10 20 58.49 49.18
2024_0412_01:08:26 20 64.85 72.07
2024_0412_01:08:29 20 62.8 12.53
2024_0412_01:08:36 20 -1.24 -0.19
2024_0412_01:08:45 20 -14.29 16.26
2024_0412_01:09:04 20 59.17 61.4
2024_0412_01:11:08 20 -0.02 -0.18
2024_0412_01:11:41 20 -0.59 0.17
2024_0412_01:11:44 20 -2.94 43.56
2024_0412_01:12:33 20 99.98 -99.98
2024_0412_01:12:58 14 70.86 -3.08
2024_0412_01:14:51 15 69.94 69.6
2024_0412_01:15:08 17 13.58 -6.44
2024_0412_01:15:13 17 0.18 -0.64
2024_0412_01:15:17 17 9.18 -9.14
2024_0412_01:15:25 17 14.15 -14.88
2024_0412_01:15:35 17 71.17 71.96
2024_0412_01:15:42 18 -8.87 9.38
2024_0412_01:15:49 18 46.51 -43.38
2024_0412_01:15:52 20 48.58 72.15
2024_0412_01:23:26 11 -1.45 -1.29
2024_0412_01:23:28 6 77.96 78.07
2024_0412_01:23:29 1 79.85 78.07
2024_0412_01:23:29 11 79.75 -32.27
2024_0412_01:23:29 11 0.8 0.33
2024_0412_01:23:32 5 78.74 78.55
2024_0412_01:23:32 2 71.45 71.63
2024_0412_01:23:32 4 69.97 72.04
2024_0412_01:23:32 11 72.53 67.07
2024_0412_01:23:34 7 77.8 77.97
2024_0412_01:23:35 11 -1.21 -1.69
2024_0412_01:23:35 10 79.02 77.42
2024_0412_01:23:37 11 -1.35 0.09
2024_0412_01:23:38 8 78.52 77.41
2024_0412_01:23:39 3 73.67 69.03
2024_0412_01:23:45 9 80.22 79.12
2024_0412_01:30:59 11 -1.22 0.36
2024_0412_01:31:05 11 1.03 0.2
2024_0412_01:31:05 11 66.14 69.4
2024_0412_01:31:07 11 -0.18 -0.07
2024_0412_01:31:08 11 72.94 73.96
2024_0412_01:31:08 11 0.82 0.62
2024_0412_01:31:10 11 -0.41 -0.86
2024_0412_01:31:10 11 -0.38 -1.53
2024_0412_01:31:10 11 0.71 0.29
2024_0412_01:31:16 11 72.55 68.73
2024_0412_01:31:17 11 69.37 73.7
2024_0412_01:31:17 12 77.75 76.83
2024_0412_01:31:18 11 49.99 -99.98
2024_0412_01:31:20 12 77.48 77.02
2024_0412_01:31:23 12 56.67 68.9
2024_0412_01:31:25 12 -22.31 22.03
2024_0412_01:38:36 12 72.22 73.22
2024_0412_01:38:45 12 1.4 -0.01
2024_0412_01:38:46 12 -0.22 -0.75
2024_0412_01:38:49 12 -0.53 1.7
2024_0412_01:38:50 12 -1.97 0.43
2024_0412_01:38:51 12 0.26 -0.15
2024_0412_01:38:51 12 41.23 39.87
2024_0412_01:38:52 12 76.33 70.17
2024_0412_01:38:53 12 0.97 0.29
2024_0412_01:38:57 12 65.45 71.73
2024_0412_01:38:58 13 0.48 -0.05
2024_0412_01:38:59 12 30.08 25.85
2024_0412_01:38:59 13 62.98 63.54
2024_0412_01:39:07 13 0.06 -0.09
2024_0412_01:39:07 13 27.68 -10.0
2024_0412_01:39:15 13 8.7 10.3
2024_0412_01:46:17 13 68.73 59.35
2024_0412_01:46:21 13 49.99 -49.99
2024_0412_01:46:27 13 0.51 -0.58
2024_0412_01:46:27 13 -0.01 1.62
2024_0412_01:46:30 13 -1.48 1.39
2024_0412_01:46:31 13 -99.96 -99.96
2024_0412_01:46:32 13 7.93 -0.71
2024_0412_01:46:33 13 0.87 -3.59
2024_0412_01:46:34 13 9.61 -8.62
2024_0412_01:46:36 13 38.56 38.05
2024_0412_01:46:36 13 59.97 59.66
2024_0412_01:46:44 13 75.51 76.48
2024_0412_01:46:47 13 -0.79 0.97
2024_0412_01:46:50 13 0.17 -0.26
2024_0412_01:46:50 13 75.23 79.76
2024_0412_01:46:55 13 77.55 78.69
2024_0412_01:54:05 13 70.45 67.5
2024_0412_01:54:06 13 1.44 -0.36
2024_0412_01:54:08 14 0.85 -0.29
2024_0412_01:54:10 13 2.36 2.05
2024_0412_01:54:10 14 21.03 17.73
2024_0412_01:54:11 14 -1.04 -0.4
2024_0412_01:54:12 14 4.69 12.6
2024_0412_01:54:13 14 -12.6 48.88
2024_0412_01:54:14 14 21.2 20.03
2024_0412_01:54:14 14 0.43 -0.21
2024_0412_01:54:24 14 74.65 70.64
2024_0412_01:54:26 14 -0.45 -1.64
2024_0412_01:54:29 14 -99.98 -99.98
2024_0412_01:54:30 14 71.19 75.29
2024_0412_01:54:30 14 60.69 68.65
2024_0412_01:54:34 14 0.76 -1.6
2024_0412_02:01:45 14 31.54 31.87
2024_0412_02:01:47 14 42.77 -39.88
2024_0412_02:01:49 14 -19.1 19.5
2024_0412_02:01:50 14 -0.84 -0.18
2024_0412_02:01:54 14 -20.36 22.6
2024_0412_02:01:55 14 70.19 70.52
2024_0412_02:01:56 14 65.25 74.45
2024_0412_02:01:56 14 0.08 -0.32
2024_0412_02:01:57 14 79.04 79.45
2024_0412_02:01:58 14 -0.52 -0.49
2024_0412_02:02:02 14 -0.13 -0.34
2024_0412_02:02:07 14 49.9 -49.96
2024_0412_02:02:10 15 -0.43 -1.53
2024_0412_02:02:11 15 0.59 1.2
2024_0412_02:02:13 15 67.87 65.61
2024_0412_02:07:13 15 0.63 -0.91
2024_0412_02:09:28 15 81.03 72.43
2024_0412_02:09:30 15 0.22 1.91
2024_0412_02:09:33 15 28.48 27.29
2024_0412_02:09:36 15 -0.74 -2.09
2024_0412_02:09:38 15 53.38 54.53
2024_0412_02:09:38 15 72.22 69.88
2024_0412_02:09:39 15 46.26 -20.98
2024_0412_02:09:40 15 1.29 1.6
2024_0412_02:09:42 15 60.86 64.12
2024_0412_02:09:45 15 0.27 -0.78
2024_0412_02:09:48 15 3.17 -0.31
2024_0412_02:09:50 15 -0.74 -0.72
2024_0412_02:09:53 15 30.96 66.38
2024_0412_02:09:56 15 68.57 64.95
2024_0412_02:09:57 15 50.92 51.44
2024_0412_02:14:53 15 5.88 1.91
2024_0412_02:17:04 15 49.99 49.99
2024_0412_02:17:14 15 32.69 32.29
2024_0412_02:17:17 16 -9.58 20.7
2024_0412_02:17:18 16 -0.71 1.51
2024_0412_02:17:19 16 -1.5 -1.53
2024_0412_02:17:21 15 3.52 -1.92
2024_0412_02:17:23 16 -10.99 46.24
2024_0412_02:17:24 16 78.32 77.06
2024_0412_02:17:25 16 -1.76 -0.63
2024_0412_02:17:31 16 -99.96 -99.94
2024_0412_02:17:36 16 -3.59 27.38
2024_0412_02:17:36 16 39.22 39.14
2024_0412_02:17:46 16 -21.52 67.0
2024_0412_02:18:47 16 69.15 72.42
2024_0412_02:22:08 16 66.88 51.04
2024_0412_02:22:34 16 8.92 -15.08
2024_0412_02:24:42 17 -0.05 1.27
2024_0412_02:24:58 17 0.18 -1.53
2024_0412_02:24:58 17 69.24 34.51
2024_0412_02:25:00 17 53.17 49.95
2024_0412_02:25:00 17 15.12 13.28
2024_0412_02:25:02 17 0.96 2.1
2024_0412_02:25:06 17 29.43 40.48
2024_0412_02:25:09 17 3.27 1.05
2024_0412_02:25:16 17 23.77 22.59
2024_0412_02:25:20 17 3.51 6.42
2024_0412_02:25:22 17 -0.68 1.86
2024_0412_02:25:40 17 7.19 21.58
2024_0412_02:26:33 17 -0.86 -0.15
2024_0412_02:29:11 17 -1.14 -0.92
2024_0412_02:29:45 17 59.7 -16.82
2024_0412_02:30:16 17 94.31 -16.98
2024_0412_02:32:21 17 -0.5 1.22
2024_0412_02:32:38 17 13.67 34.34
2024_0412_02:32:40 18 -22.11 22.19
2024_0412_02:32:43 17 95.86 -45.99
2024_0412_02:32:43 18 0.29 0.55
2024_0412_02:32:49 18 -0.58 -3.32
2024_0412_02:32:53 18 99.94 -49.97
2024_0412_02:32:54 18 -23.57 37.55
2024_0412_02:32:57 18 11.64 11.14
2024_0412_02:33:09 18 -0.29 -1.93
2024_0412_02:33:11 18 58.03 55.42
2024_0412_02:33:24 18 0.05 -0.49
2024_0412_02:34:31 18 12.91 11.83
2024_0412_02:36:51 18 -99.93 99.97
2024_0412_02:37:40 18 58.75 57.58
2024_0412_02:37:55 18 -0.58 0.07
2024_0412_02:39:56 18 0.43 -1.06
2024_0412_02:40:18 18 21.11 -20.92
2024_0412_02:40:23 18 -0.31 -0.73
2024_0412_02:40:31 18 33.43 36.85
2024_0412_02:40:34 18 69.73 71.38
2024_0412_02:40:37 18 0.87 -1.24
2024_0412_02:40:39 18 -0.25 0.5
2024_0412_02:40:41 18 74.97 75.89
2024_0412_02:40:49 18 -10.5 9.34
2024_0412_02:40:54 18 76.72 79.15
2024_0412_02:40:58 19 38.27 39.78
2024_0412_02:41:09 19 70.44 70.59
2024_0412_02:42:19 19 36.28 34.76
2024_0412_02:44:42 19 71.42 72.12
2024_0412_02:45:30 19 32.49 73.43
2024_0412_02:45:40 19 -20.2 28.54
2024_0412_02:47:40 19 -2.82 6.55
2024_0412_02:48:00 19 -0.26 2.33
2024_0412_02:48:08 19 0.74 0.26
2024_0412_02:48:15 19 24.92 -24.79
2024_0412_02:48:22 20 0.1 10.74
2024_0412_02:48:24 20 30.65 39.98
2024_0412_02:48:32 20 43.28 61.85
2024_0412_02:48:35 20 61.97 61.01
2024_0412_02:48:38 20 -0.14 -0.82
2024_0412_02:48:46 20 0.33 -0.2
2024_0412_02:48:47 20 8.3 6.86
2024_0412_02:49:11 20 59.92 74.39
2024_0412_02:50:07 20 72.21 71.83
2024_0412_02:52:56 20 10.45 -10.83
2024_0412_02:54:47 20 -56.92 73.63
2024_0412_02:54:56 20 3.85 9.13
2024_0412_02:55:17 15 28.95 23.74
2024_0412_02:55:26 16 0.95 0.17
2024_0412_02:55:36 16 68.65 71.39
2024_0412_02:55:38 17 10.63 -8.23
2024_0412_02:55:48 18 -0.93 1.03
2024_0412_02:55:52 20 -0.97 -0.03
2024_0412_02:56:55 20 72.87 28.79
2024_0412_02:58:40 16 80.58 81.23
2024_0412_03:06:18 7 69.54 67.69
2024_0412_03:06:18 11 -1.54 1.25
2024_0412_03:06:18 11 -8.36 37.43
2024_0412_03:06:19 11 64.3 71.29
2024_0412_03:06:20 11 -33.45 80.62
2024_0412_03:06:20 5 79.16 78.58
2024_0412_03:06:21 8 75.88 76.59
2024_0412_03:06:22 3 71.57 64.38
2024_0412_03:06:23 9 80.47 77.12
2024_0412_03:06:23 4 68.65 70.19
2024_0412_03:06:24 6 79.02 78.09
2024_0412_03:06:24 1 78.36 77.5
2024_0412_03:06:24 2 78.62 78.86
2024_0412_03:06:25 11 -0.08 -1.14
2024_0412_03:06:27 9 79.9 80.11
2024_0412_03:06:35 10 76.9 71.98
2024_0412_03:13:56 11 -0.08 0.96
2024_0412_03:13:57 11 -1.08 0.87
2024_0412_03:13:58 11 1.5 1.82
2024_0412_03:13:58 11 80.52 78.36
2024_0412_03:14:00 11 68.17 67.42
2024_0412_03:14:00 11 71.94 69.56
2024_0412_03:14:01 11 2.24 -1.54
2024_0412_03:14:02 11 77.54 78.42
2024_0412_03:14:03 11 0.31 0.75
2024_0412_03:14:03 11 77.3 76.81
2024_0412_03:14:07 11 0.99 1.26
2024_0412_03:14:07 11 -0.56 0.26
2024_0412_03:14:08 11 74.3 63.68
2024_0412_03:14:11 11 72.11 67.46
2024_0412_03:14:14 11 -0.82 -0.23
2024_0412_03:14:18 11 -0.59 -1.27
2024_0412_03:21:33 11 74.91 73.31
2024_0412_03:21:34 11 70.1 73.11
2024_0412_03:21:37 11 80.18 72.62
2024_0412_03:21:37 12 -0.87 2.02
2024_0412_03:21:39 12 -3.15 0.87
2024_0412_03:21:43 12 72.53 68.57
2024_0412_03:21:45 12 -1.63 0.64
2024_0412_03:21:46 11 78.85 79.59
2024_0412_03:21:47 12 -0.06 -0.53
2024_0412_03:21:47 11 26.35 27.04
2024_0412_03:21:48 12 79.47 77.2
2024_0412_03:21:49 12 0.11 1.67
2024_0412_03:21:51 12 69.9 83.44
2024_0412_03:21:54 12 15.51 14.59
2024_0412_03:21:54 12 79.73 81.31
2024_0412_03:22:02 12 -0.1 0.36
2024_0412_03:29:11 12 -1.24 -0.38
2024_0412_03:29:12 12 74.07 72.95
2024_0412_03:29:14 12 -1.71 -0.89
2024_0412_03:29:15 12 0.09 -0.45
2024_0412_03:29:19 12 -99.96 49.98
2024_0412_03:29:22 12 71.52 71.2
2024_0412_03:29:24 12 0.87 0.1
2024_0412_03:29:27 12 78.48 78.34
2024_0412_03:29:28 12 68.89 70.1
2024_0412_03:29:29 12 0.47 -0.32
2024_0412_03:29:34 13 71.47 70.63
2024_0412_03:29:34 13 99.98 99.96
2024_0412_03:29:35 12 2.18 -0.24
2024_0412_03:29:35 13 78.14 76.95
2024_0412_03:29:36 13 78.21 79.1
2024_0412_03:29:50 13 77.65 79.57
2024_0412_03:36:50 13 49.96 49.97
2024_0412_03:36:51 13 0.31 0.19
2024_0412_03:36:52 13 0.72 1.43
2024_0412_03:36:59 13 10.16 -9.36
2024_0412_03:36:59 13 73.73 72.98
2024_0412_03:37:03 13 1.06 1.53
2024_0412_03:37:03 13 61.89 62.91
2024_0412_03:37:05 13 79.46 78.18
2024_0412_03:37:06 13 67.2 41.33
2024_0412_03:37:11 13 0.23 -0.84
2024_0412_03:37:12 13 -49.99 -49.99
2024_0412_03:37:14 13 1.16 1.73
2024_0412_03:37:16 13 63.76 64.0
2024_0412_03:37:18 13 73.96 77.43
2024_0412_03:37:26 13 36.08 37.34
2024_0412_03:37:35 13 -8.02 39.11
2024_0412_03:44:27 13 9.75 -8.46
2024_0412_03:44:27 13 0.8 -2.33
2024_0412_03:44:36 13 62.97 62.03
2024_0412_03:44:37 13 1.46 0.43
2024_0412_03:44:40 13 73.73 70.47
2024_0412_03:44:41 13 72.16 71.97
2024_0412_03:44:42 13 -25.07 25.49
2024_0412_03:44:48 13 -0.05 -0.47
2024_0412_03:44:51 13 0.51 0.79
2024_0412_03:44:53 13 -1.3 2.58
2024_0412_03:44:53 13 12.3 -8.65
2024_0412_03:44:55 13 40.59 41.17
2024_0412_03:45:02 13 0.64 -0.71
2024_0412_03:45:04 13 78.33 78.85
2024_0412_03:45:06 13 -2.72 2.15
2024_0412_03:45:09 13 1.5 0.62
2024_0412_03:52:07 14 71.12 71.33
2024_0412_03:52:12 14 99.94 49.95
2024_0412_03:52:13 13 -12.61 79.33
2024_0412_03:52:20 14 -9.02 10.87
2024_0412_03:52:23 14 -1.73 3.78
2024_0412_03:52:24 14 -0.05 0.07
2024_0412_03:52:25 14 70.35 73.78
2024_0412_03:52:25 14 -1.62 0.09
2024_0412_03:52:29 14 1.56 -1.23
2024_0412_03:52:32 14 -13.37 12.33
2024_0412_03:52:35 14 62.59 62.64
2024_0412_03:52:37 14 70.45 71.29
2024_0412_03:52:44 14 77.09 76.31
2024_0412_03:52:44 14 0.74 -1.44
2024_0412_03:52:56 14 70.92 70.19
2024_0412_03:52:58 14 72.07 80.48
2024_0412_03:59:43 14 -0.58 -0.49
2024_0412_03:59:54 14 70.81 70.29
2024_0412_03:59:57 14 7.68 7.24
2024_0412_04:00:00 14 5.6 1.92
2024_0412_04:00:06 14 -0.45 -1.44
2024_0412_04:00:08 14 77.16 78.18
2024_0412_04:00:12 14 47.2 70.61
2024_0412_04:00:14 14 31.79 31.81
2024_0412_04:00:17 14 -1.35 -0.57
2024_0412_04:00:18 14 80.18 75.48
2024_0412_04:00:29 14 23.99 12.01
2024_0412_04:00:42 14 77.75 77.67
2024_0412_04:00:50 14 -0.31 1.14
2024_0412_04:04:10 14 65.1 74.26
2024_0412_04:05:20 14 75.89 75.24
2024_0412_04:06:42 14 0.3 2.21
2024_0412_04:07:22 14 8.97 8.16
2024_0412_04:07:32 14 -0.34 0.97
2024_0412_04:07:35 14 36.97 35.76
2024_0412_04:07:46 14 72.0 66.71
2024_0412_04:07:46 15 -1.69 -1.02
2024_0412_04:07:50 15 0.16 -1.31
2024_0412_04:07:51 15 -1.16 0.54
2024_0412_04:07:55 15 2.98 0.31
2024_0412_04:07:58 15 70.19 72.94
2024_0412_04:08:11 15 49.98 -49.98
2024_0412_04:08:30 15 -9.81 9.62
2024_0412_04:08:31 15 49.98 -50.0
2024_0412_04:11:52 15 -0.25 0.43
2024_0412_04:12:57 15 0.27 -0.64
2024_0412_04:14:31 15 0.98 -0.87
2024_0412_04:14:59 15 4.19 35.08
2024_0412_04:15:03 15 2.37 -0.94
2024_0412_04:15:15 15 33.62 0.71
2024_0412_04:15:19 15 -0.17 1.68
2024_0412_04:15:23 15 1.54 -0.71
2024_0412_04:15:30 15 0.91 -0.39
2024_0412_04:15:31 15 1.42 0.13
2024_0412_04:15:32 15 -1.13 0.74
2024_0412_04:15:40 15 76.62 63.72
2024_0412_04:15:48 15 77.74 79.95
2024_0412_04:15:53 15 74.65 67.08
2024_0412_04:16:12 15 -2.36 -1.07
2024_0412_04:16:15 15 0.87 -0.09
2024_0412_04:20:36 15 78.26 74.81
2024_0412_04:22:09 15 0.09 1.48
2024_0412_04:22:37 15 12.68 10.32
2024_0412_04:22:48 15 0.63 6.3
2024_0412_04:22:55 15 69.95 55.19
2024_0412_04:22:56 15 73.49 72.78
2024_0412_04:23:11 16 35.74 -2.84
2024_0412_04:23:15 15 -0.25 -1.8
2024_0412_04:23:17 15 70.98 70.47
2024_0412_04:23:27 16 32.49 31.78
2024_0412_04:23:33 16 0.12 -1.33
2024_0412_04:23:37 16 63.95 74.83
2024_0412_04:24:04 16 68.23 72.13
2024_0412_04:24:09 16 75.82 77.27
2024_0412_04:26:22 16 4.92 0.54
2024_0412_04:28:22 16 0.21 0.72
2024_0412_04:28:59 16 70.92 72.9
2024_0412_04:29:47 16 74.48 69.67
2024_0412_04:30:29 16 37.12 45.96
2024_0412_04:30:33 16 77.51 77.95
2024_0412_04:30:37 16 71.71 67.38
2024_0412_04:30:48 16 36.47 -28.24
2024_0412_04:30:57 16 -0.47 -0.08
2024_0412_04:31:00 16 1.47 -0.96
2024_0412_04:31:06 16 28.37 72.51
2024_0412_04:31:15 16 23.17 14.51
2024_0412_04:31:17 16 14.63 7.3
2024_0412_04:31:49 16 10.04 -10.22
2024_0412_04:31:50 16 -9.17 45.03
2024_0412_04:34:13 16 2.4 18.77
2024_0412_04:36:20 16 74.33 75.82
2024_0412_04:36:43 16 0.68 -2.33
2024_0412_04:37:25 16 65.22 59.69
2024_0412_04:38:06 16 72.78 69.39
2024_0412_04:38:17 17 0.39 -0.18
2024_0412_04:38:20 16 78.12 78.08
2024_0412_04:38:26 17 69.58 69.53
2024_0412_04:38:28 17 83.44 -3.92
2024_0412_04:38:40 17 6.25 -7.95
2024_0412_04:38:45 17 4.89 1.61
2024_0412_04:38:47 17 8.4 8.09
2024_0412_04:38:51 17 71.52 71.11
2024_0412_04:38:58 17 16.46 -16.3
2024_0412_04:39:28 17 11.1 -9.88
2024_0412_04:39:30 17 50.6 -3.62
2024_0412_04:41:55 17 -1.27 0.15
2024_0412_04:44:17 17 76.46 78.62
2024_0412_04:44:38 17 70.59 72.48
2024_0412_04:45:13 17 37.09 68.99
2024_0412_04:45:49 17 76.39 76.78
2024_0412_04:45:57 17 71.81 73.98
2024_0412_04:46:04 17 0.77 -1.18
2024_0412_04:46:10 17 1.33 -0.59
2024_0412_04:46:17 17 72.09 73.69
2024_0412_04:46:27 17 0.71 -0.67
2024_0412_04:46:33 17 32.47 31.66
2024_0412_04:46:36 17 74.59 75.78
2024_0412_04:46:39 17 0.27 -0.4
2024_0412_04:46:46 17 -1.31 -0.53
2024_0412_04:47:12 17 1.95 0.63
2024_0412_04:47:21 17 68.88 73.11
2024_0412_04:49:44 17 2.89 2.57
2024_0412_04:52:01 17 75.99 69.88
2024_0412_04:52:32 18 0.29 -1.86
2024_0412_04:53:05 18 32.51 82.78
2024_0412_04:53:30 18 0.52 -1.29
2024_0412_04:53:37 18 -0.67 0.56
2024_0412_04:53:48 18 -1.03 0.16
2024_0412_04:54:01 18 71.78 71.58
2024_0412_04:54:05 18 -0.52 -2.85
2024_0412_04:54:14 18 -33.41 33.6
2024_0412_04:54:17 18 -48.68 48.77
2024_0412_04:54:18 18 68.97 6.27
2024_0412_04:54:26 18 0.85 -1.29
2024_0412_04:54:34 18 4.75 0.75
2024_0412_04:55:08 18 75.81 68.93
2024_0412_04:55:09 18 -0.83 -1.0
2024_0412_04:57:40 18 0.24 0.91
2024_0412_04:59:46 18 76.29 81.43
2024_0412_05:00:18 18 -1.33 -0.18
2024_0412_05:00:48 18 78.0 78.14
2024_0412_05:01:11 18 69.05 72.08
2024_0412_05:01:23 18 17.49 12.11
2024_0412_05:01:34 18 70.96 76.47
2024_0412_05:01:43 18 30.41 72.1
2024_0412_05:01:57 18 -1.37 -3.76
2024_0412_05:01:59 18 -0.95 -0.82
2024_0412_05:02:04 18 78.13 78.38
2024_0412_05:02:11 18 72.66 65.92
2024_0412_05:02:15 18 -16.95 16.65
2024_0412_05:02:44 18 1.43 34.52
2024_0412_05:02:52 18 -99.98 99.98
2024_0412_05:02:57 18 47.82 -47.11
2024_0412_05:05:26 18 79.76 79.58
2024_0412_05:07:29 18 2.73 -0.13
2024_0412_05:08:07 18 73.65 72.49
2024_0412_05:08:36 18 20.66 34.0
2024_0412_05:08:54 18 12.43 13.11
2024_0412_05:09:15 19 -7.08 7.09
2024_0412_05:09:26 19 93.1 -27.48
2024_0412_05:09:34 19 -2.62 -0.86
2024_0412_05:09:39 19 9.51 -8.7
2024_0412_05:09:48 19 24.06 52.19
2024_0412_05:09:51 19 70.44 68.49
2024_0412_05:10:01 19 37.61 -9.18
2024_0412_05:10:04 19 40.15 48.38
2024_0412_05:10:24 19 -49.99 49.98
2024_0412_05:10:30 19 49.96 -49.87
2024_0412_05:10:51 19 -1.53 1.61
2024_0412_05:13:09 19 99.98 49.99
2024_0412_05:15:10 19 16.58 -15.89
2024_0412_05:16:00 19 14.16 17.07
2024_0412_05:16:20 19 -99.98 99.96
2024_0412_05:16:53 19 1.67 -0.92
2024_0412_05:17:05 19 -49.67 50.38
2024_0412_05:17:10 19 79.74 -79.8
2024_0412_05:17:19 20 -8.9 9.29
2024_0412_05:17:24 19 76.69 75.75
2024_0412_05:17:42 20 78.92 73.24
2024_0412_05:17:45 20 78.53 78.19
2024_0412_05:17:48 20 -0.16 -0.07
2024_0412_05:17:51 20 2.03 4.69
2024_0412_05:18:12 20 64.56 70.14
2024_0412_05:20:56 20 6.42 16.88
2024_0412_05:21:02 20 0.14 0.06
2024_0412_05:23:01 20 0.36 1.05
2024_0412_05:23:19 20 76.98 78.25
2024_0412_05:23:42 20 78.27 78.61
2024_0412_05:24:10 20 -0.67 1.33
2024_0412_05:24:34 20 13.04 -13.34
2024_0412_05:24:54 20 36.02 -3.35
2024_0412_05:24:56 20 0.28 0.7
2024_0412_05:24:56 20 -0.12 0.18
2024_0412_05:25:04 20 0.24 -0.9
2024_0412_05:25:22 14 0.06 -0.67
2024_0412_05:25:22 20 28.54 87.52
2024_0412_05:25:26 14 -0.59 1.74
2024_0412_05:25:28 14 32.45 72.3
2024_0412_05:25:49 15 -0.15 0.54
2024_0412_05:28:13 15 76.43 77.73
2024_0412_05:28:22 15 4.4 9.79
2024_0412_05:30:02 16 8.49 8.14
2024_0412_05:34:28 20 71.58 71.76
2024_0412_05:36:08 20 -4.32 15.19
2024_0412_05:43:48 11 0.0 -0.28
2024_0412_05:43:48 8 62.49 70.02
2024_0412_05:43:50 2 70.68 68.26
2024_0412_05:43:50 10 78.16 78.37
2024_0412_05:43:51 1 78.7 77.73
2024_0412_05:43:51 2 37.91 64.01
2024_0412_05:43:52 7 77.12 77.95
2024_0412_05:43:53 3 67.39 70.79
2024_0412_05:43:54 4 69.16 61.05
2024_0412_05:43:54 2 73.81 66.39
2024_0412_05:43:56 2 73.89 70.12
2024_0412_05:43:57 6 78.0 77.57
2024_0412_05:43:58 8 76.79 77.43
2024_0412_05:44:00 2 76.42 76.97
2024_0412_05:45:24 11 -0.59 0.14
2024_0412_05:49:41 11 0.48 2.19
2024_0412_05:51:26 11 69.51 73.64
2024_0412_05:51:27 11 0.36 -1.44
2024_0412_05:51:27 11 -22.28 51.55
2024_0412_05:51:29 11 -1.56 -0.93
2024_0412_05:51:30 11 49.98 49.98
2024_0412_05:51:32 11 78.37 78.26
2024_0412_05:51:33 11 -0.18 0.45
2024_0412_05:51:33 11 99.98 99.98
2024_0412_05:51:36 11 0.67 0.0
2024_0412_05:51:37 11 78.26 79.69
2024_0412_05:51:41 11 73.0 65.4
2024_0412_05:51:47 11 79.75 80.54
2024_0412_05:51:48 11 77.35 78.41
2024_0412_05:51:50 11 -0.48 -0.51
2024_0412_05:53:07 11 0.34 0.44
2024_0412_05:57:20 11 -0.65 -1.36
2024_0412_05:59:03 11 -1.12 0.25
2024_0412_05:59:08 11 70.73 71.1
2024_0412_05:59:08 11 -49.99 99.98
2024_0412_05:59:09 11 70.96 69.3
2024_0412_05:59:12 11 73.41 67.01
2024_0412_05:59:12 11 1.29 -1.24
2024_0412_05:59:14 11 -1.41 -0.92
2024_0412_05:59:14 11 72.19 71.26
2024_0412_05:59:16 11 -0.39 0.31
2024_0412_05:59:20 11 77.5 79.0
2024_0412_05:59:26 11 0.4 1.75
2024_0412_05:59:28 11 0.96 -0.57
2024_0412_05:59:29 11 1.92 1.72
2024_0412_05:59:29 11 1.05 -0.02
2024_0412_06:00:53 11 -1.19 1.93
2024_0412_06:04:54 11 -1.47 -0.95
2024_0412_06:06:44 11 73.2 71.45
2024_0412_06:06:47 11 74.42 71.29
2024_0412_06:06:47 11 -1.82 -0.43
2024_0412_06:06:50 11 67.94 69.61
2024_0412_06:06:53 11 -0.82 0.08
2024_0412_06:06:53 11 0.9 0.86
2024_0412_06:06:55 11 77.17 76.7
2024_0412_06:06:57 11 -1.21 -0.32
2024_0412_06:07:04 11 29.17 30.89
2024_0412_06:07:05 11 -0.65 0.12
2024_0412_06:07:05 11 -0.84 -0.26
2024_0412_06:07:06 11 77.06 77.61
2024_0412_06:07:07 11 99.98 99.96
2024_0412_06:07:18 11 -1.76 0.47
2024_0412_06:08:27 11 -0.15 1.27
2024_0412_06:12:40 11 69.55 70.2
2024_0412_06:14:26 11 -2.71 0.61
2024_0412_06:14:27 11 -0.3 0.46
2024_0412_06:14:31 11 -0.66 0.27
2024_0412_06:14:33 11 0.79 1.72
2024_0412_06:14:34 11 5.32 8.64
2024_0412_06:14:37 11 -49.97 99.94
2024_0412_06:14:41 11 0.19 -3.2
2024_0412_06:14:42 11 -0.32 1.22
2024_0412_06:14:45 11 -0.61 0.99
2024_0412_06:14:46 11 -0.77 0.49
2024_0412_06:14:51 11 77.77 75.77
2024_0412_06:14:51 11 0.67 -1.3
2024_0412_06:14:56 11 77.93 75.88
2024_0412_06:14:57 11 -1.55 -0.12
2024_0412_06:16:07 11 -0.75 0.11
2024_0412_06:20:20 11 72.87 67.53
2024_0412_06:22:06 11 70.6 73.49
2024_0412_06:22:08 11 38.02 -8.71
2024_0412_06:22:12 11 100.0 100.0
2024_0412_06:22:12 11 0.65 1.84
2024_0412_06:22:17 11 78.24 78.21
2024_0412_06:22:20 11 49.98 -99.98
2024_0412_06:22:20 11 -0.11 0.75
2024_0412_06:22:23 11 -1.23 1.38
2024_0412_06:22:24 11 73.34 72.61
2024_0412_06:22:27 11 -0.95 0.55
2024_0412_06:22:27 11 31.6 70.36
2024_0412_06:22:28 11 -1.09 -0.01
2024_0412_06:22:37 11 -1.34 0.2
2024_0412_06:22:46 11 0.9 0.99
2024_0412_06:23:47 11 74.5 67.47
2024_0412_06:28:02 11 8.23 10.76
2024_0412_06:29:44 11 -1.04 -0.67
2024_0412_06:29:47 11 49.99 -49.98
2024_0412_06:29:51 11 1.24 0.03
2024_0412_06:29:51 11 78.98 79.11
2024_0412_06:29:52 11 0.31 0.76
2024_0412_06:29:59 11 0.85 -1.87
2024_0412_06:30:00 11 1.11 0.48
2024_0412_06:30:05 11 -0.28 -0.58
2024_0412_06:30:08 11 1.09 -0.86
2024_0412_06:30:13 11 70.61 67.37
2024_0412_06:30:13 11 70.98 61.08
2024_0412_06:30:24 11 0.17 -0.46
2024_0412_06:30:27 11 -0.84 -1.77
2024_0412_06:30:30 11 77.77 78.41
2024_0412_06:31:31 11 76.77 82.98
2024_0412_06:35:40 11 76.76 78.26
2024_0412_06:37:21 11 -0.06 0.5
2024_0412_06:37:23 11 78.46 79.07
2024_0412_06:37:30 11 79.23 77.49
2024_0412_06:37:32 11 70.6 73.59
2024_0412_06:37:33 11 -1.41 -0.58
2024_0412_06:37:37 11 -0.32 -2.7
2024_0412_06:37:44 11 0.98 -0.61
2024_0412_06:37:46 11 76.65 76.97
2024_0412_06:37:51 11 1.47 1.79
2024_0412_06:37:51 11 78.85 70.37
2024_0412_06:37:53 11 78.02 79.01
2024_0412_06:38:03 11 70.36 73.94
2024_0412_06:38:07 11 73.35 70.12
2024_0412_06:38:12 11 0.66 1.45
2024_0412_06:39:11 11 -0.4 0.68
2024_0412_06:43:19 11 22.95 16.87
2024_0412_06:45:06 11 0.9 0.4
2024_0412_06:45:13 11 -0.03 -1.16
2024_0412_06:45:14 11 -99.98 -99.97
2024_0412_06:45:16 11 49.99 49.99
2024_0412_06:45:16 11 1.42 -1.02
2024_0412_06:45:23 11 0.33 0.69
2024_0412_06:45:27 11 71.88 75.4
2024_0412_06:45:30 11 0.98 0.62
2024_0412_06:45:32 11 -1.54 1.55
2024_0412_06:45:33 11 73.32 73.16
2024_0412_06:45:42 11 0.38 -0.49
2024_0412_06:45:43 11 16.91 9.97
2024_0412_06:45:56 11 -0.04 0.58
2024_0412_06:45:58 11 -0.81 0.35
2024_0412_06:46:54 11 -99.98 -49.99
2024_0412_06:50:58 11 -2.98 1.12
2024_0412_06:52:43 11 -99.96 99.94
2024_0412_06:52:51 11 77.11 76.66
2024_0412_06:52:55 11 0.1 -0.38
2024_0412_06:52:56 11 0.09 0.19
2024_0412_06:53:00 12 79.49 78.02
2024_0412_06:53:05 12 12.8 12.42
2024_0412_06:53:07 12 0.58 -0.73
2024_0412_06:53:08 12 78.53 78.0
2024_0412_06:53:12 12 49.99 99.98
2024_0412_06:53:19 12 78.66 74.17
2024_0412_06:53:29 12 49.99 -99.98
2024_0412_06:53:30 12 49.98 99.96
2024_0412_06:53:33 12 70.91 72.77
2024_0412_06:53:49 12 80.44 80.07
2024_0412_06:54:40 12 1.5 1.33
2024_0412_06:58:45 12 63.45 73.06
2024_0412_07:00:30 12 -0.34 1.61
2024_0412_07:00:39 12 -5.89 33.21
2024_0412_07:00:41 12 3.84 16.27
2024_0412_07:00:43 12 9.15 9.26
2024_0412_07:00:46 12 100.0 100.0
2024_0412_07:00:50 12 -1.89 0.23
2024_0412_07:00:53 12 -0.78 -0.89
2024_0412_07:00:59 12 67.26 68.51
2024_0412_07:01:05 12 73.09 72.31
2024_0412_07:01:06 12 75.57 77.04
2024_0412_07:01:15 12 77.81 78.05
2024_0412_07:01:15 12 -1.82 0.89
2024_0412_07:01:21 12 -0.38 0.78
2024_0412_07:01:38 12 72.74 69.6
2024_0412_07:02:47 12 3.08 -1.73
2024_0412_07:06:33 12 -0.15 0.75
2024_0412_07:08:17 12 79.86 80.18
2024_0412_07:08:28 12 80.4 76.46
2024_0412_07:08:29 12 1.05 -0.08
2024_0412_07:08:31 12 74.15 75.38
2024_0412_07:08:38 12 -0.26 -2.45
2024_0412_07:08:40 12 1.82 -1.77
2024_0412_07:08:45 12 -1.64 -0.38
2024_0412_07:08:50 12 -0.26 -0.95
2024_0412_07:08:51 12 26.68 15.94
2024_0412_07:08:56 12 69.48 71.52
2024_0412_07:09:04 12 1.44 -0.47
2024_0412_07:09:06 12 0.47 0.57
2024_0412_07:09:06 12 68.65 24.91
2024_0412_07:09:28 12 63.73 61.39
2024_0412_07:10:48 12 0.65 -0.09
2024_0412_07:14:18 12 -0.53 0.11
2024_0412_07:16:05 12 69.18 70.55
2024_0412_07:16:14 12 71.51 71.24
2024_0412_07:16:20 12 78.85 83.55
2024_0412_07:16:24 12 0.82 1.06
2024_0412_07:16:31 12 68.14 58.32
2024_0412_07:16:33 12 63.0 63.28
2024_0412_07:16:40 12 70.68 62.39
2024_0412_07:16:43 12 77.98 79.58
2024_0412_07:16:44 12 78.24 78.43
2024_0412_07:16:46 12 77.39 42.14
2024_0412_07:16:50 12 2.65 -0.54
2024_0412_07:16:54 12 -14.79 57.72
2024_0412_07:16:59 12 33.02 31.77
2024_0412_07:17:12 12 1.47 1.75
2024_0412_07:18:38 12 69.18 68.24
2024_0412_07:22:07 12 0.6 -0.77
2024_0412_07:23:57 12 73.14 71.02
2024_0412_07:24:11 12 0.62 -0.05
2024_0412_07:24:13 12 70.8 66.61
2024_0412_07:24:19 12 -0.55 -0.46
2024_0412_07:24:21 12 -0.06 0.27
2024_0412_07:24:24 12 71.6 68.02
2024_0412_07:24:26 12 79.05 77.86
2024_0412_07:24:29 12 -0.45 -0.48
2024_0412_07:24:35 12 78.6 78.32
2024_0412_07:24:37 12 0.07 -0.8
2024_0412_07:24:38 12 9.72 12.08
2024_0412_07:24:53 12 70.16 69.87
2024_0412_07:24:59 12 -0.31 0.29
2024_0412_07:25:02 12 2.31 -1.91
2024_0412_07:26:30 12 69.97 71.72
2024_0412_07:29:51 12 0.08 1.29
2024_0412_07:31:58 12 -1.42 -0.8
2024_0412_07:32:02 12 67.26 69.74
2024_0412_07:32:05 12 79.35 79.5
2024_0412_07:32:10 12 76.08 68.11
2024_0412_07:32:12 12 77.76 77.16
2024_0412_07:32:13 12 1.32 -0.53
2024_0412_07:32:17 12 -1.76 0.37
2024_0412_07:32:18 12 -99.96 -49.98
2024_0412_07:32:22 12 -1.07 1.54
2024_0412_07:32:27 12 78.88 78.86
2024_0412_07:32:32 12 71.73 70.63
2024_0412_07:32:45 12 99.99 49.98
2024_0412_07:32:46 12 1.61 -0.12
2024_0412_07:32:56 12 71.8 73.11
2024_0412_07:34:18 12 71.85 65.01
2024_0412_07:37:41 12 57.8 67.68
2024_0412_07:39:45 12 -49.98 49.98
2024_0412_07:39:52 12 78.3 78.81
2024_0412_07:40:03 12 78.8 78.05
2024_0412_07:40:04 12 80.15 80.72
2024_0412_07:40:06 12 66.53 73.5
2024_0412_07:40:07 12 72.78 83.73
2024_0412_07:40:09 12 76.64 76.23
2024_0412_07:40:14 12 -56.92 60.44
2024_0412_07:40:19 12 -21.69 38.41
2024_0412_07:40:36 12 67.82 72.42
2024_0412_07:40:38 12 79.57 77.89
2024_0412_07:40:38 12 32.0 -33.8
2024_0412_07:40:40 12 43.18 39.21
2024_0412_07:40:48 12 55.72 73.27
2024_0412_07:42:09 12 0.32 -0.27
2024_0412_07:45:38 12 -1.47 -1.08
2024_0412_07:47:35 12 78.91 78.55
2024_0412_07:47:35 12 -99.96 99.97
2024_0412_07:47:50 12 -3.06 -1.98
2024_0412_07:47:52 12 72.03 71.09
2024_0412_07:47:53 12 -32.71 81.76
2024_0412_07:47:58 12 34.5 -12.61
2024_0412_07:48:00 13 10.09 -10.57
2024_0412_07:48:00 13 1.68 -1.31
2024_0412_07:48:08 13 54.36 72.83
2024_0412_07:48:24 13 84.91 5.18
2024_0412_07:48:29 13 68.5 65.78
2024_0412_07:48:30 13 77.15 76.29
2024_0412_07:48:37 13 12.36 13.15
2024_0412_07:48:44 13 77.35 76.69
2024_0412_07:49:58 13 -0.9 0.33
2024_0412_07:53:24 13 1.49 0.01
2024_0412_07:55:24 13 -50.1 50.23
2024_0412_07:55:28 13 32.98 33.35
2024_0412_07:55:39 13 0.17 1.73
2024_0412_07:55:43 13 28.79 32.76
2024_0412_07:55:50 13 0.01 2.15
2024_0412_07:55:50 13 0.83 -0.87
2024_0412_07:55:51 13 1.75 -0.64
2024_0412_07:55:54 13 7.78 55.94
2024_0412_07:56:18 13 1.23 7.03
2024_0412_07:56:23 13 66.55 71.81
2024_0412_07:56:25 13 1.52 -0.93
2024_0412_07:56:28 13 -49.99 -49.99
2024_0412_07:56:35 13 1.9 -0.53
2024_0412_07:56:36 13 33.19 30.33
2024_0412_07:57:48 13 -2.32 -0.44
2024_0412_08:01:13 13 -1.53 0.07
2024_0412_08:03:09 13 -1.16 -1.11
2024_0412_08:03:17 13 53.98 53.64
2024_0412_08:03:27 13 -7.81 77.99
2024_0412_08:03:27 13 -0.08 -0.43
2024_0412_08:03:42 13 0.29 -0.64
2024_0412_08:03:44 13 66.14 70.58
2024_0412_08:03:48 13 -0.09 -0.11
2024_0412_08:03:53 13 10.73 10.81
2024_0412_08:04:04 13 0.05 -1.62
2024_0412_08:04:13 13 1.07 -0.98
2024_0412_08:04:17 13 79.61 80.25
2024_0412_08:04:20 13 -49.96 99.94
2024_0412_08:04:21 13 80.29 80.41
2024_0412_08:04:25 13 71.34 73.98
2024_0412_08:05:33 13 69.94 70.05
2024_0412_08:08:56 13 6.53 -1.98
2024_0412_08:10:57 13 0.38 1.44
2024_0412_08:11:07 13 -0.29 -1.01
2024_0412_08:11:07 13 -0.81 -1.04
2024_0412_08:11:10 13 -8.47 37.84
2024_0412_08:11:27 13 47.11 59.01
2024_0412_08:11:29 13 0.77 -0.5
2024_0412_08:11:33 13 -9.04 7.78
2024_0412_08:11:35 13 74.84 77.56
2024_0412_08:11:46 13 8.16 -1.36
2024_0412_08:11:59 13 31.4 31.63
2024_0412_08:12:00 13 -49.99 -49.99
2024_0412_08:12:07 13 4.69 -4.7
2024_0412_08:12:07 13 79.09 78.53
2024_0412_08:12:09 13 43.85 -30.82
2024_0412_08:13:18 13 76.93 76.98
2024_0412_08:16:36 13 -0.8 -0.89
2024_0412_08:18:45 13 3.23 0.93
2024_0412_08:18:49 13 0.58 -0.77
2024_0412_08:18:51 13 49.99 -49.99
2024_0412_08:18:52 13 -10.32 35.18
2024_0412_08:19:05 13 -10.3 9.68
2024_0412_08:19:12 13 2.77 2.23
2024_0412_08:19:15 13 -0.85 -2.47
2024_0412_08:19:20 13 73.67 70.95
2024_0412_08:19:27 13 0.26 0.38
2024_0412_08:19:38 13 -9.15 8.1
2024_0412_08:19:39 13 -0.19 -0.16
2024_0412_08:19:49 13 -0.28 -0.06
2024_0412_08:19:49 13 77.1 76.67
2024_0412_08:19:58 13 99.97 99.91
2024_0412_08:20:59 13 22.85 19.45
2024_0412_08:24:19 13 63.8 73.9
2024_0412_08:26:28 13 65.04 76.05
2024_0412_08:26:31 13 77.68 78.74
2024_0412_08:26:31 13 0.6 1.85
2024_0412_08:26:32 13 76.0 75.82
2024_0412_08:26:43 13 -0.59 -0.22
2024_0412_08:26:55 13 -6.61 34.54
2024_0412_08:26:56 13 0.71 0.14
2024_0412_08:26:59 13 -9.31 27.98
2024_0412_08:27:07 13 -2.64 -1.33
2024_0412_08:27:16 13 -0.91 -0.48
2024_0412_08:27:26 13 -2.22 0.11
2024_0412_08:27:33 13 81.0 67.52
2024_0412_08:27:35 13 79.02 70.97
2024_0412_08:27:40 13 -0.99 0.09
2024_0412_08:28:41 13 0.99 -2.56
2024_0412_08:32:00 13 49.99 99.98
2024_0412_08:34:10 13 1.22 -0.58
2024_0412_08:34:11 13 -2.94 2.79
2024_0412_08:34:13 13 70.03 69.4
2024_0412_08:34:14 13 0.71 -0.71
2024_0412_08:34:21 13 79.88 80.11
2024_0412_08:34:47 13 0.06 -0.62
2024_0412_08:34:49 13 9.98 11.28
2024_0412_08:35:13 13 41.77 77.45
2024_0412_08:35:19 13 9.81 6.18
2024_0412_08:35:28 13 72.44 77.4
2024_0412_08:36:22 13 85.79 34.26
2024_0412_08:39:13 13 -9.48 40.86
2024_0412_08:39:42 13 15.53 27.74
2024_0412_08:39:47 13 30.0 33.17
2024_0412_08:40:00 13 76.36 77.81
2024_0412_08:41:46 13 20.25 13.01
2024_0412_08:41:53 13 -2.99 0.52
2024_0412_08:41:56 13 76.81 67.27
2024_0412_08:41:58 13 68.24 72.02
2024_0412_08:42:04 13 13.17 12.53
2024_0412_08:42:28 13 70.03 73.55
2024_0412_08:42:29 13 0.25 -0.06
2024_0412_08:42:56 13 32.99 31.68
2024_0412_08:42:59 13 -0.1 -1.41
2024_0412_08:43:07 13 0.79 0.82
2024_0412_08:44:01 13 0.73 0.91
2024_0412_08:46:53 13 83.99 76.99
2024_0412_08:47:22 13 0.95 1.36
2024_0412_08:47:25 13 76.53 74.44
2024_0412_08:47:28 13 -0.77 0.79
2024_0412_08:47:41 13 0.3 -0.51
2024_0412_08:49:23 13 1.09 -2.09
2024_0412_08:49:31 13 -2.83 0.72
2024_0412_08:49:34 13 0.48 -0.14
2024_0412_08:49:35 13 -0.35 -1.34
2024_0412_08:49:43 13 -1.63 -1.89
2024_0412_08:50:14 13 78.35 75.56
2024_0412_08:50:18 13 -1.52 2.32
2024_0412_08:50:31 13 0.71 -0.99
2024_0412_08:50:37 13 -11.42 38.58
2024_0412_08:50:58 13 -0.15 0.61
2024_0412_08:51:46 13 2.36 -0.17
2024_0412_08:54:42 13 76.27 77.56
2024_0412_08:55:04 13 1.07 -2.16
2024_0412_08:55:09 13 70.8 53.2
2024_0412_08:55:19 13 73.99 26.0
2024_0412_08:55:21 13 -1.49 0.15
2024_0412_08:57:03 13 0.01 1.13
2024_0412_08:57:10 13 52.76 -52.98
2024_0412_08:57:13 13 78.39 78.01
2024_0412_08:57:22 13 67.19 63.56
2024_0412_08:57:28 13 1.7 21.21
2024_0412_08:57:52 13 60.62 65.47
2024_0412_08:58:02 13 0.35 0.21
2024_0412_08:58:17 13 0.38 0.78
2024_0412_08:58:18 13 82.78 77.04
2024_0412_08:58:38 13 78.2 69.22
2024_0412_08:59:31 13 -2.32 4.79
2024_0412_09:02:19 13 -33.6 33.23
2024_0412_09:02:46 13 65.17 65.1
2024_0412_09:02:51 13 -1.44 1.19
2024_0412_09:03:01 13 1.0 -0.4
2024_0412_09:03:06 13 0.8 33.56
2024_0412_09:04:43 13 32.44 32.77
2024_0412_09:04:54 13 61.77 60.98
2024_0412_09:05:01 13 76.02 75.62
2024_0412_09:05:10 13 67.9 74.44
2024_0412_09:05:11 13 6.18 6.73
2024_0412_09:05:38 13 11.15 14.78
2024_0412_09:05:45 13 -0.56 -0.33
2024_0412_09:06:00 13 1.62 -0.12
2024_0412_09:06:08 13 72.4 74.07
2024_0412_09:06:16 13 -2.77 1.06
2024_0412_09:07:34 13 16.09 14.41
2024_0412_09:10:00 13 5.06 21.84
2024_0412_09:10:31 13 73.26 73.56
2024_0412_09:10:35 13 81.7 76.8
2024_0412_09:10:42 13 20.31 -19.38
2024_0412_09:10:44 13 7.38 2.15
2024_0412_09:12:22 13 72.35 73.74
2024_0412_09:12:31 13 0.76 -2.96
2024_0412_09:12:42 13 75.55 80.26
2024_0412_09:12:50 13 -0.37 4.06
2024_0412_09:12:52 13 0.56 0.7
2024_0412_09:13:14 13 0.25 0.0
2024_0412_09:13:24 13 -0.34 1.62
2024_0412_09:13:37 13 37.17 -27.75
2024_0412_09:13:52 13 0.28 -1.14
2024_0412_09:13:54 13 70.5 71.25
2024_0412_09:15:11 13 -0.79 1.29
2024_0412_09:17:44 13 74.15 69.82
2024_0412_09:18:12 13 77.32 74.46
2024_0412_09:18:13 13 10.06 -10.02
2024_0412_09:18:20 13 99.98 -49.99
2024_0412_09:18:22 13 -0.55 -0.06
2024_0412_09:20:04 13 -49.98 49.99
2024_0412_09:20:13 14 -14.52 15.56
2024_0412_09:20:19 14 1.6 -0.16
2024_0412_09:20:28 14 49.98 -49.96
2024_0412_09:20:34 14 77.99 78.89
2024_0412_09:20:54 14 1.14 1.6
2024_0412_09:21:16 14 77.05 77.0
2024_0412_09:21:32 14 -1.07 -1.0
2024_0412_09:21:37 14 0.89 -0.7
2024_0412_09:23:02 14 7.63 28.14
2024_0412_09:23:03 14 -0.23 0.87
2024_0412_09:25:21 14 -0.04 -0.72
2024_0412_09:25:52 14 -1.21 -1.13
2024_0412_09:25:55 14 73.01 69.91
2024_0412_09:25:58 14 35.51 32.05
2024_0412_09:26:05 14 41.76 48.65
2024_0412_09:27:40 14 69.95 18.1
2024_0412_09:27:56 14 -1.81 -2.91
2024_0412_09:28:03 14 79.38 78.14
2024_0412_09:28:08 14 -0.72 0.0
2024_0412_09:28:11 14 -0.02 1.91
2024_0412_09:28:36 14 -0.21 6.83
2024_0412_09:28:58 14 79.26 76.16
2024_0412_09:29:16 14 49.98 -49.97
2024_0412_09:29:25 14 -1.15 0.01
2024_0412_09:30:41 14 3.97 8.04
2024_0412_09:30:45 14 70.07 73.08
2024_0412_09:32:55 14 -1.64 36.16
2024_0412_09:33:28 14 0.88 0.51
2024_0412_09:33:36 14 40.87 67.31
2024_0412_09:33:42 14 -1.89 -0.56
2024_0412_09:33:52 14 73.99 71.96
2024_0412_09:35:15 14 0.03 -0.03
2024_0412_09:35:33 14 9.31 -8.93
2024_0412_09:35:40 14 1.67 -0.46
2024_0412_09:35:51 14 70.93 71.37
2024_0412_09:35:52 14 79.47 36.04
2024_0412_09:36:08 14 0.77 -1.41
2024_0412_09:36:36 14 9.15 7.9
2024_0412_09:36:54 14 10.96 -11.41
2024_0412_09:37:10 14 0.79 -0.94
2024_0412_09:38:23 14 -0.37 1.09
2024_0412_09:38:30 14 69.29 73.79
2024_0412_09:40:34 14 -20.52 65.78
2024_0412_09:41:08 14 -49.99 -99.95
2024_0412_09:41:08 14 0.29 -0.79
2024_0412_09:41:29 14 78.62 78.29
2024_0412_09:41:40 14 72.52 73.15
2024_0412_09:42:49 14 -16.98 16.31
2024_0412_09:43:15 14 0.11 -1.33
2024_0412_09:43:20 14 78.17 79.73
2024_0412_09:43:27 14 -9.89 9.82
2024_0412_09:43:32 14 82.0 71.26
2024_0412_09:43:44 14 76.15 77.22
2024_0412_09:44:20 14 -10.34 9.63
2024_0412_09:44:34 14 69.38 27.37
2024_0412_09:45:00 14 73.83 77.8
2024_0412_09:46:03 14 22.65 25.45
2024_0412_09:46:06 14 77.56 77.73
2024_0412_09:48:12 14 77.44 76.77
2024_0412_09:48:50 14 0.12 3.82
2024_0412_09:49:03 14 -3.16 9.05
2024_0412_09:49:10 14 1.99 0.29
2024_0412_09:49:21 14 -0.03 -1.19
2024_0412_09:50:30 14 14.21 10.89
2024_0412_09:51:01 14 0.22 0.12
2024_0412_09:51:01 14 70.05 68.54
2024_0412_09:51:02 14 -0.01 -0.02
2024_0412_09:51:18 14 70.8 66.31
2024_0412_09:51:33 14 -0.64 0.84
2024_0412_09:51:58 14 -0.3 0.17
2024_0412_09:52:12 14 0.21 -0.23
2024_0412_09:52:45 14 27.22 37.85
2024_0412_09:53:41 14 0.11 0.83
2024_0412_09:53:44 14 1.76 6.77
2024_0412_09:55:53 14 65.23 30.74
2024_0412_09:56:27 14 74.08 73.44
2024_0412_09:56:35 14 1.27 1.21
2024_0412_09:56:47 14 -21.07 19.13
2024_0412_09:57:00 14 -1.22 0.44
2024_0412_09:58:11 14 70.43 66.87
2024_0412_09:58:35 14 99.98 -49.99
2024_0412_09:58:41 14 78.74 77.44
2024_0412_09:58:45 14 -0.01 0.18
2024_0412_09:58:55 14 -0.31 1.09
2024_0412_09:59:07 14 -0.35 -0.12
2024_0412_09:59:32 14 0.26 0.37
2024_0412_09:59:47 14 66.9 69.89
2024_0412_10:01:18 14 6.26 20.63
2024_0412_10:01:20 14 0.22 -0.84
2024_0412_10:03:34 14 62.97 68.68
2024_0412_10:04:03 14 77.1 79.58
2024_0412_10:04:10 14 1.25 -0.15
2024_0412_10:04:22 14 0.67 -1.65
2024_0412_10:04:37 14 1.46 0.19
2024_0412_10:04:44 14 13.1 25.0
2024_0412_10:05:52 14 26.79 77.86
2024_0412_10:06:13 14 71.18 73.78
2024_0412_10:06:31 14 3.98 41.37
2024_0412_10:06:33 14 -39.99 40.27
2024_0412_10:06:37 14 31.16 6.31
2024_0412_10:06:44 14 0.49 -1.09
2024_0412_10:07:08 14 -0.04 -0.51
2024_0412_10:07:34 14 66.94 70.84
2024_0412_10:09:01 14 29.51 63.01
2024_0412_10:09:03 14 -1.51 63.35
2024_0412_10:11:08 14 28.99 -5.13
2024_0412_10:11:36 14 -1.51 -0.76
2024_0412_10:11:49 14 0.43 2.35
2024_0412_10:11:56 14 60.12 -60.1
2024_0412_10:12:13 14 81.8 68.68
2024_0412_10:12:21 14 -0.31 0.48
2024_0412_10:13:32 14 54.18 54.92
2024_0412_10:13:48 14 73.22 73.21
2024_0412_10:14:12 14 69.68 69.16
2024_0412_10:14:17 14 77.04 11.84
2024_0412_10:14:20 14 0.17 1.51
2024_0412_10:14:47 14 -0.64 1.23
2024_0412_10:15:16 14 0.79 0.62
2024_0412_10:16:36 14 70.19 70.13
2024_0412_10:16:39 14 76.01 75.16
2024_0412_10:17:11 14 0.11 0.03
2024_0412_10:18:55 14 0.82 9.53
2024_0412_10:19:13 14 -0.95 1.09
2024_0412_10:19:23 14 1.01 0.97
2024_0412_10:19:37 14 74.32 79.69
2024_0412_10:19:53 14 -8.45 47.89
2024_0412_10:20:01 14 70.35 40.9
2024_0412_10:21:09 14 74.36 66.84
2024_0412_10:21:25 14 45.53 -41.01
2024_0412_10:21:51 14 78.62 80.68
2024_0412_10:21:57 14 78.17 78.43
2024_0412_10:21:59 14 71.11 66.88
2024_0412_10:22:26 14 82.87 78.44
2024_0412_10:22:55 14 1.61 0.3
2024_0412_10:24:15 14 -20.05 47.23
2024_0412_10:24:20 14 -36.02 36.13
2024_0412_10:24:49 14 0.52 1.26
2024_0412_10:26:42 14 23.98 16.51
2024_0412_10:26:51 14 76.36 75.08
2024_0412_10:27:00 14 3.42 -0.85
2024_0412_10:27:20 14 32.99 32.84
2024_0412_10:27:36 14 -0.91 -0.47
2024_0412_10:27:49 14 34.03 31.67
2024_0412_10:28:49 14 66.04 69.95
2024_0412_10:29:03 14 73.54 69.9
2024_0412_10:29:38 14 -34.64 33.78
2024_0412_10:29:40 14 72.26 63.73
2024_0412_10:29:43 14 35.14 -10.22
2024_0412_10:30:05 14 -1.18 -1.37
2024_0412_10:30:34 14 48.18 -8.56
2024_0412_10:31:52 14 -6.72 8.68
2024_0412_10:32:05 14 52.68 -12.36
2024_0412_10:32:25 14 -99.98 -99.96
2024_0412_10:34:21 14 72.84 70.03
2024_0412_10:34:33 14 0.03 -0.52
2024_0412_10:34:59 14 8.21 2.01
2024_0412_10:35:16 14 73.58 75.96
2024_0412_10:35:28 14 -1.46 2.26
2024_0412_10:36:44 14 70.23 46.02
2024_0412_10:36:48 14 78.54 77.3
2024_0412_10:37:17 14 69.7 69.99
2024_0412_10:37:22 14 0.96 -0.12
2024_0412_10:37:25 14 -1.59 1.71
2024_0412_10:37:45 14 1.5 -1.4
2024_0412_10:38:12 14 1.89 -0.03
2024_0412_10:39:33 14 0.07 1.18
2024_0412_10:39:40 14 79.99 74.47
2024_0412_10:39:43 14 67.37 79.69
2024_0412_10:40:03 14 -10.68 9.35
2024_0412_10:42:00 14 70.66 66.45
2024_0412_10:42:16 14 65.4 63.62
2024_0412_10:42:40 14 4.01 -2.02
2024_0412_10:42:55 14 0.99 -0.2
2024_0412_10:43:05 14 62.54 67.68
2024_0412_10:44:22 14 1.37 0.66
2024_0412_10:44:24 14 69.98 69.48
2024_0412_10:44:56 14 64.08 73.69
2024_0412_10:45:02 14 77.17 76.37
2024_0412_10:45:09 14 -7.37 32.95
2024_0412_10:45:22 14 -8.28 48.02
2024_0412_10:45:49 14 0.25 -1.73
2024_0412_10:47:11 15 23.48 5.61
2024_0412_10:47:17 15 17.07 19.9
2024_0412_10:47:28 15 -2.72 -4.56
2024_0412_10:47:55 15 66.99 78.49
2024_0412_10:49:36 15 71.03 49.95
2024_0412_10:50:07 15 75.78 78.06
2024_0412_10:50:16 15 24.42 -5.05
2024_0412_10:50:27 15 0.41 0.01
2024_0412_10:52:17 15 -0.1 -0.14
2024_0412_10:52:33 15 -1.15 0.58
2024_0412_10:52:35 15 11.72 -9.72
2024_0412_10:52:45 15 79.64 77.6
2024_0412_10:52:57 15 -1.38 0.94
2024_0412_10:53:26 15 71.67 69.9
2024_0412_10:54:03 15 75.79 64.79
2024_0412_10:54:52 15 -0.03 -0.02
2024_0412_10:55:04 15 45.32 -25.44
2024_0412_10:55:04 15 7.27 7.25
2024_0412_10:55:43 15 6.34 81.35
2024_0412_10:56:47 15 11.5 -12.55
2024_0412_10:57:18 15 26.55 -23.03
2024_0412_10:57:56 15 71.87 66.21
2024_0412_10:57:59 15 8.19 -8.23
2024_0412_10:58:06 15 71.74 74.05
2024_0412_10:59:58 15 0.22 -1.02
2024_0412_11:00:09 15 -0.13 -0.71
2024_0412_11:00:12 15 78.32 74.44
2024_0412_11:00:27 15 78.31 78.49
2024_0412_11:00:36 15 69.29 45.31
2024_0412_11:01:03 15 11.67 6.04
2024_0412_11:01:39 15 83.73 34.71
2024_0412_11:02:33 15 78.13 69.07
2024_0412_11:02:49 15 78.37 79.79
2024_0412_11:03:01 15 0.06 -1.99
2024_0412_11:03:31 15 10.14 -9.44
2024_0412_11:04:59 15 69.08 69.52
2024_0412_11:05:32 15 -8.07 7.36
2024_0412_11:05:38 15 -0.05 0.07
2024_0412_11:05:43 15 0.25 0.07
2024_0412_11:07:35 15 -0.18 1.53
2024_0412_11:07:47 15 52.97 86.01
2024_0412_11:07:58 15 70.33 69.32
2024_0412_11:08:04 15 76.85 78.88
2024_0412_11:08:17 15 74.0 67.03
2024_0412_11:08:41 15 61.69 70.6
2024_0412_11:09:25 15 78.06 82.96
2024_0412_11:09:50 15 67.85 70.35
2024_0412_11:10:12 15 82.08 77.46
2024_0412_11:10:30 15 78.43 78.53
2024_0412_11:10:31 15 0.55 0.62
2024_0412_11:11:15 15 -0.13 2.01
2024_0412_11:12:46 15 20.1 22.98
2024_0412_11:13:14 15 -3.84 4.62
2024_0412_11:13:15 15 13.68 13.54
2024_0412_11:13:20 15 56.66 56.86
2024_0412_11:15:14 15 2.01 -1.56
2024_0412_11:15:24 15 0.59 0.7
2024_0412_11:15:36 15 70.57 34.93
2024_0412_11:15:51 15 56.18 72.23
2024_0412_11:15:54 15 0.76 -2.57
2024_0412_11:16:30 15 39.12 40.66
2024_0412_11:17:03 15 -5.79 37.0
2024_0412_11:18:04 15 0.09 -0.13
2024_0412_11:18:09 15 5.08 7.51
2024_0412_11:18:30 15 60.03 80.05
2024_0412_11:19:00 15 -8.88 9.92
2024_0412_11:20:29 15 72.33 37.21
2024_0412_11:20:49 15 0.74 0.6
2024_0412_11:20:51 15 1.63 1.74
2024_0412_11:20:57 15 17.78 15.45
2024_0412_11:21:54 15 -49.99 -49.99
2024_0412_11:22:53 15 76.56 75.32
2024_0412_11:23:08 15 -1.13 1.04
2024_0412_11:23:14 15 -0.06 0.06
2024_0412_11:23:28 15 -99.94 99.94
2024_0412_11:24:08 15 2.23 2.07
2024_0412_11:24:42 15 -1.4 1.94
2024_0412_11:25:48 15 -6.65 46.8
2024_0412_11:25:52 15 58.63 69.69
2024_0412_11:26:09 15 71.42 72.38
2024_0412_11:26:39 15 34.08 32.78
2024_0412_11:28:10 15 29.44 81.54
2024_0412_11:28:28 15 38.37 37.81
2024_0412_11:28:31 15 78.26 78.21
2024_0412_11:28:54 15 -0.82 0.07
2024_0412_11:29:31 15 -2.48 0.6
2024_0412_11:29:51 15 77.95 77.77
2024_0412_11:30:37 15 -10.15 9.86
2024_0412_11:30:52 15 -49.99 49.97
2024_0412_11:30:52 15 71.89 72.06
2024_0412_11:31:11 15 -0.99 -0.12
2024_0412_11:31:47 15 1.05 -0.04
2024_0412_11:32:19 15 71.77 70.47
2024_0412_11:33:25 15 -17.09 32.63
2024_0412_11:33:38 15 0.01 0.37
2024_0412_11:33:48 15 80.31 81.65
2024_0412_11:34:13 15 -0.26 -0.32
2024_0412_11:35:50 15 13.8 -14.04
2024_0412_11:36:05 15 -0.15 2.46
2024_0412_11:36:17 15 80.34 72.82
2024_0412_11:36:40 15 59.14 72.44
2024_0412_11:37:05 15 -3.44 0.25
2024_0412_11:37:26 15 -0.14 1.16
2024_0412_11:38:21 15 -2.55 31.89
2024_0412_11:38:29 15 1.75 1.33
2024_0412_11:38:33 15 52.26 58.08
2024_0412_11:38:47 15 -23.65 51.03
2024_0412_11:39:38 15 0.61 8.87
2024_0412_11:40:05 15 71.12 72.21
2024_0412_11:41:05 15 99.96 100.0
2024_0412_11:41:16 15 32.22 32.78
2024_0412_11:41:49 15 -1.54 -0.53
2024_0412_11:41:57 15 56.48 59.2
2024_0412_11:43:24 15 0.81 0.2
2024_0412_11:43:38 15 49.98 -99.96
2024_0412_11:43:50 15 -1.39 0.6
2024_0412_11:44:19 15 91.91 -27.97
2024_0412_11:44:44 15 0.38 0.7
2024_0412_11:44:58 15 0.48 0.48
2024_0412_11:46:02 15 72.53 64.16
2024_0412_11:46:04 15 2.0 1.56
2024_0412_11:46:07 15 68.63 68.48
2024_0412_11:46:20 15 70.75 72.15
2024_0412_11:47:24 15 40.73 33.81
2024_0412_11:47:37 15 57.0 69.74
2024_0412_11:48:42 15 51.78 64.71
2024_0412_11:48:43 15 73.2 33.53
2024_0412_11:49:17 15 -0.91 -0.48
2024_0412_11:49:28 15 3.62 4.45
2024_0412_11:50:59 15 -0.7 -0.16
2024_0412_11:51:04 15 -0.02 0.0
2024_0412_11:51:14 15 33.35 -33.93
2024_0412_11:51:47 15 27.88 -27.03
2024_0412_11:52:06 15 -16.32 16.85
2024_0412_11:52:25 15 73.58 68.99
2024_0412_11:53:25 15 0.35 0.44
2024_0412_11:53:32 15 77.12 75.42
2024_0412_11:53:48 15 81.6 76.48
2024_0412_11:54:27 15 -0.63 -1.3
2024_0412_11:54:50 15 -10.66 8.25
2024_0412_11:55:12 15 -1.22 -1.69
2024_0412_11:56:04 15 0.42 0.47
2024_0412_11:56:08 15 49.71 71.62
2024_0412_11:56:37 15 -0.08 0.08
2024_0412_11:56:50 15 -9.62 9.59
2024_0412_11:58:15 15 0.82 -0.53
2024_0412_11:58:27 15 37.14 69.24
2024_0412_11:58:53 15 35.35 5.41
2024_0412_11:59:14 15 76.27 71.4
2024_0412_11:59:50 15 36.35 -1.96
2024_0412_12:00:52 15 69.97 48.76
2024_0412_12:00:56 15 78.4 78.51
2024_0412_12:01:26 15 -0.6 -1.33
2024_0412_12:01:48 15 -0.98 0.99
2024_0412_12:02:23 15 12.0 11.32
2024_0412_12:02:43 15 73.13 70.76
2024_0412_12:03:24 15 -18.23 21.7
2024_0412_12:03:43 15 0.56 -0.23
2024_0412_12:03:57 15 13.23 13.83
2024_0412_12:04:07 15 0.29 -2.57
2024_0412_12:04:14 15 -1.26 -0.14
2024_0412_12:05:47 15 75.32 73.37
2024_0412_12:05:55 15 1.11 -0.87
2024_0412_12:06:22 15 67.62 74.45
2024_0412_12:06:38 15 0.35 -1.04
2024_0412_12:07:11 15 -0.86 -2.16
2024_0412_12:08:20 15 3.86 -3.92
2024_0412_12:08:25 15 77.53 76.34
2024_0412_12:08:47 15 0.99 0.54
2024_0412_12:09:09 15 49.99 99.96
2024_0412_12:09:48 15 1.67 -2.53
2024_0412_12:10:28 16 -0.63 -0.81
2024_0412_12:10:48 16 19.94 -18.46
2024_0412_12:11:11 16 0.83 0.6
2024_0412_12:11:27 16 -11.06 10.95
2024_0412_12:11:28 16 26.14 -7.36
2024_0412_12:11:40 16 80.49 79.18
2024_0412_12:13:11 16 16.11 -15.78
2024_0412_12:13:28 16 65.47 71.72
2024_0412_12:14:04 16 50.89 -12.06
2024_0412_12:14:34 16 16.92 -16.89
2024_0412_12:15:38 16 72.9 70.0
2024_0412_12:15:51 16 72.7 70.28
2024_0412_12:15:51 16 45.9 61.81
2024_0412_12:16:17 16 40.3 38.57
2024_0412_12:16:39 16 -0.34 -1.02
2024_0412_12:17:14 16 15.48 -15.98
2024_0412_12:17:52 16 38.47 45.58
2024_0412_12:18:15 16 82.48 76.44
2024_0412_12:18:41 16 1.96 0.53
2024_0412_12:18:51 16 -0.34 -1.2
2024_0412_12:19:02 16 82.37 78.32
2024_0412_12:19:03 16 -0.23 0.39
2024_0412_12:20:36 16 29.04 76.0
2024_0412_12:21:03 16 59.15 71.12
2024_0412_12:21:27 16 70.6 69.19
2024_0412_12:22:19 16 0.4 -1.15
2024_0412_12:22:58 16 16.11 -16.63
2024_0412_12:23:18 16 78.94 79.41
2024_0412_12:23:19 16 17.07 -16.37
2024_0412_12:23:41 16 -37.87 57.26
2024_0412_12:24:06 16 71.37 65.77
2024_0412_12:24:39 16 -4.62 5.94
2024_0412_12:25:21 16 -0.24 -0.36
2024_0412_12:25:44 16 -0.75 0.72
2024_0412_12:26:11 16 -0.36 -0.55
2024_0412_12:26:20 16 0.65 1.22
2024_0412_12:26:27 16 9.48 -9.42
2024_0412_12:26:38 16 1.46 1.64
2024_0412_12:27:57 16 79.57 70.83
2024_0412_12:28:28 16 0.04 0.39
2024_0412_12:28:52 16 77.89 42.19
2024_0412_12:29:41 16 10.49 9.38
2024_0412_12:30:24 16 -2.38 0.49
2024_0412_12:30:43 16 62.7 63.26
2024_0412_12:30:50 16 77.23 78.46
2024_0412_12:31:17 16 -3.09 21.03
2024_0412_12:31:29 16 70.09 71.42
2024_0412_12:31:59 16 0.22 2.4
2024_0412_12:32:44 16 1.73 1.3
2024_0412_12:33:17 16 74.59 53.06
2024_0412_12:33:37 16 61.7 59.82
2024_0412_12:33:47 16 72.91 61.05
2024_0412_12:33:52 16 -1.06 -0.94
2024_0412_12:34:02 16 0.52 -0.87
2024_0412_12:35:22 16 79.42 77.27
2024_0412_12:35:58 16 -10.35 9.76
2024_0412_12:36:30 16 67.46 32.83
2024_0412_12:37:06 16 76.91 75.38
2024_0412_12:37:46 16 77.09 77.55
2024_0412_12:38:08 16 57.24 41.27
2024_0412_12:38:14 16 34.56 50.09
2024_0412_12:38:50 16 0.25 0.17
2024_0412_12:38:51 16 0.28 -0.14
2024_0412_12:39:24 16 16.06 6.93
2024_0412_12:40:08 16 27.83 78.78
2024_0412_12:40:41 16 79.77 80.6
2024_0412_12:40:57 16 25.64 -20.21
2024_0412_12:41:08 16 25.0 -24.83
2024_0412_12:41:15 16 24.37 25.82
2024_0412_12:41:36 16 80.4 78.12
2024_0412_12:43:26 16 79.45 78.41
2024_0412_12:44:02 16 68.74 71.88
2024_0412_12:44:34 16 30.75 84.04
2024_0412_12:45:30 16 82.27 78.74
2024_0412_12:45:32 16 0.59 -0.06
2024_0412_12:45:41 16 74.43 63.79
2024_0412_12:45:55 16 -5.85 23.85
2024_0412_12:46:14 16 0.64 -1.17
2024_0412_12:46:37 16 84.2 76.8
2024_0412_12:46:48 16 71.75 77.8
2024_0412_12:47:43 16 78.0 77.35
2024_0412_12:48:14 16 10.14 -10.31
2024_0412_12:48:21 16 -0.6 -0.38
2024_0412_12:48:34 16 -49.99 -49.98
2024_0412_12:48:46 16 0.39 1.17
2024_0412_12:50:56 16 0.49 -0.11
2024_0412_12:51:35 16 -1.81 0.02
2024_0412_12:53:10 16 66.66 43.9
2024_0412_12:53:20 16 -6.85 9.47
2024_0412_12:53:32 16 -17.83 14.83
2024_0412_12:53:54 16 -99.98 49.99
2024_0412_12:54:22 16 70.54 61.73
2024_0412_12:54:51 16 44.87 17.18
2024_0412_12:54:57 16 79.45 80.32
2024_0412_12:55:51 16 6.15 0.13
2024_0412_12:56:03 16 12.08 13.3
2024_0412_12:56:13 16 68.04 72.78
2024_0412_12:56:27 16 0.46 0.99
2024_0412_12:56:39 16 48.12 47.39
2024_0412_12:57:07 16 4.57 -1.44
2024_0412_12:58:10 16 7.99 0.59
2024_0412_12:58:49 16 6.18 -2.78
2024_0412_12:59:22 16 49.99 -49.99
2024_0412_13:01:06 16 2.14 -0.8
2024_0412_13:01:16 16 10.25 9.22
2024_0412_13:01:42 16 42.24 73.83
2024_0412_13:02:14 16 1.17 2.85
2024_0412_13:02:34 16 49.99 -49.99
2024_0412_13:02:46 16 1.42 31.94
2024_0412_13:03:36 16 77.44 78.18
2024_0412_13:04:03 16 29.83 -28.77
2024_0412_13:04:05 16 78.58 77.88
2024_0412_13:04:23 16 57.28 61.3
2024_0412_13:04:30 16 41.45 -8.01
2024_0412_13:06:04 16 -0.42 -0.5
2024_0412_13:06:35 16 0.04 -0.55
2024_0412_13:07:10 16 -11.07 10.09
2024_0412_13:07:18 16 -0.12 0.36
2024_0412_13:08:51 16 0.33 -0.38
2024_0412_13:08:54 16 -0.74 0.96
2024_0412_13:09:03 16 0.59 0.98
2024_0412_13:09:36 16 78.08 78.38
2024_0412_13:10:05 16 10.18 17.11
2024_0412_13:10:25 16 1.17 0.01
2024_0412_13:10:45 16 82.16 77.7
2024_0412_13:11:25 16 69.82 76.52
2024_0412_13:11:54 16 61.64 61.78
2024_0412_13:12:10 16 -9.4 9.85
2024_0412_13:12:23 16 0.26 -0.06
2024_0412_13:13:58 16 10.25 -9.62
2024_0412_13:14:27 16 -1.9 -0.25
2024_0412_13:15:00 16 -0.38 0.22
2024_0412_13:15:10 16 72.35 71.33
2024_0412_13:15:52 16 -37.89 38.61
2024_0412_13:16:39 16 0.23 0.74
2024_0412_13:16:52 16 -0.68 4.58
2024_0412_13:17:11 16 0.03 1.01
2024_0412_13:17:25 17 -0.52 -1.14
2024_0412_13:17:58 17 61.62 70.71
2024_0412_13:18:24 17 79.27 77.47
2024_0412_13:18:33 17 0.52 4.75
2024_0412_13:19:15 17 -15.25 22.76
2024_0412_13:19:59 17 72.31 70.37
2024_0412_13:20:05 17 77.22 77.72
2024_0412_13:20:20 17 74.07 69.94
2024_0412_13:21:49 17 19.26 51.18
2024_0412_13:22:18 17 -1.17 0.63
2024_0412_13:22:55 17 47.67 33.8
2024_0412_13:23:38 17 -0.38 -0.75
2024_0412_13:23:49 17 0.57 0.51
2024_0412_13:24:24 17 8.08 3.34
2024_0412_13:24:54 17 -1.13 -2.14
2024_0412_13:25:09 17 70.0 70.82
2024_0412_13:25:17 17 8.13 12.53
2024_0412_13:25:58 17 -0.91 -0.07
2024_0412_13:26:12 17 40.16 -40.14
2024_0412_13:26:24 17 77.82 78.35
2024_0412_13:27:06 17 -0.61 0.97
2024_0412_13:27:55 17 -0.17 0.62
2024_0412_13:28:03 17 -0.63 -0.3
2024_0412_13:28:11 17 73.83 72.95
2024_0412_13:29:39 17 -1.81 -0.15
2024_0412_13:30:12 17 37.78 40.96
2024_0412_13:30:48 17 4.07 51.08
2024_0412_13:31:38 17 -1.27 -0.04
2024_0412_13:31:41 17 -4.89 6.11
2024_0412_13:32:19 17 -49.73 51.39
2024_0412_13:32:43 17 -22.1 55.19
2024_0412_13:32:59 17 6.1 8.71
2024_0412_13:33:08 17 9.29 6.97
2024_0412_13:33:55 17 40.73 -40.07
2024_0412_13:33:59 17 49.8 68.05
2024_0412_13:34:19 17 43.11 63.66
2024_0412_13:35:00 17 12.83 3.66
2024_0412_13:35:47 17 0.57 0.27
2024_0412_13:36:02 17 66.04 64.46
2024_0412_13:36:14 17 64.92 66.53
2024_0412_13:37:36 17 27.56 28.45
2024_0412_13:38:07 17 78.07 79.39
2024_0412_13:38:45 17 -5.39 6.11
2024_0412_13:39:35 17 60.27 60.82
2024_0412_13:39:36 17 74.01 73.58
2024_0412_13:40:36 17 78.39 78.4
2024_0412_13:40:43 17 0.11 -0.2
2024_0412_13:40:44 17 68.36 55.01
2024_0412_13:40:58 17 71.28 70.41
2024_0412_13:41:42 17 -9.03 25.5
2024_0412_13:41:55 17 58.03 56.34
2024_0412_13:42:09 17 11.71 -9.42
2024_0412_13:42:48 17 19.58 20.17
2024_0412_13:43:32 17 1.42 0.36
2024_0412_13:43:49 17 77.22 80.25
2024_0412_13:44:09 17 2.36 -0.63
2024_0412_13:45:31 17 -11.32 20.42
2024_0412_13:46:37 17 58.94 63.87
2024_0412_13:46:38 17 77.63 77.53
2024_0412_13:47:25 17 10.99 -9.59
2024_0412_13:48:29 17 0.92 -3.48
2024_0412_13:48:32 17 0.95 -0.14
2024_0412_13:48:46 17 56.79 54.7
2024_0412_13:48:55 17 13.25 15.36
2024_0412_13:49:59 17 -5.54 38.18
2024_0412_13:50:02 17 78.54 77.79
2024_0412_13:50:04 17 -100.0 -49.94
2024_0412_13:50:51 17 70.55 80.26
2024_0412_13:51:33 17 78.95 75.79
2024_0412_13:51:42 17 0.41 1.77
2024_0412_13:51:54 17 -13.36 11.59
2024_0412_13:52:27 17 16.4 -0.19
2024_0412_13:53:46 17 -0.21 -1.07
2024_0412_13:54:46 17 7.81 5.65
2024_0412_13:55:33 17 72.18 65.61
2024_0412_13:56:43 17 62.34 62.37
2024_0412_13:56:54 17 22.86 9.22
2024_0412_13:57:02 17 -0.53 0.26
2024_0412_13:58:07 17 0.09 -1.21
2024_0412_13:58:15 17 10.24 3.39
2024_0412_13:58:26 17 51.14 56.37
2024_0412_13:59:01 17 -18.85 22.52
2024_0412_13:59:41 17 0.17 1.65
2024_0412_13:59:52 17 69.13 50.91
2024_0412_14:00:27 17 0.43 -1.61
2024_0412_14:00:50 17 74.56 73.78
2024_0412_14:01:01 17 65.98 79.71
2024_0412_14:01:53 17 5.41 3.25
2024_0412_14:02:30 17 10.28 -9.16
2024_0412_14:02:57 17 -9.81 9.98
2024_0412_14:03:38 17 1.62 -5.57
2024_0412_14:04:58 17 -7.92 8.71
2024_0412_14:05:07 17 12.11 -13.57
2024_0412_14:05:10 17 -0.03 0.69
2024_0412_14:06:17 17 78.49 78.17
2024_0412_14:06:23 17 -5.07 5.63
2024_0412_14:06:32 17 2.0 2.53
2024_0412_14:07:08 17 -0.39 -0.98
2024_0412_14:07:51 17 -0.6 -1.51
2024_0412_14:08:01 17 43.64 66.08
2024_0412_14:08:36 17 71.43 72.5
2024_0412_14:09:04 17 -8.7 12.94
2024_0412_14:09:06 17 -0.37 0.3
2024_0412_14:10:01 17 0.85 -0.42
2024_0412_14:10:40 17 -26.31 25.08
2024_0412_14:11:08 17 71.87 71.56
2024_0412_14:13:05 17 -0.96 -0.49
2024_0412_14:13:10 17 0.26 0.66
2024_0412_14:13:11 17 -1.63 0.79
2024_0412_14:14:19 17 6.49 1.9
2024_0412_14:14:37 17 -10.2 10.49
2024_0412_14:15:11 17 2.04 -1.45
2024_0412_14:16:05 17 -2.82 -0.15
2024_0412_14:16:20 17 24.11 41.51
2024_0412_14:17:04 17 27.11 26.24
2024_0412_14:17:12 17 71.85 70.89
2024_0412_14:17:17 17 -20.55 13.21
2024_0412_14:17:24 17 0.17 1.02
2024_0412_14:18:05 17 0.34 1.11
2024_0412_14:18:40 17 -1.35 -1.34
2024_0412_14:19:28 17 -2.57 -0.59
2024_0412_14:21:12 17 77.62 77.51
2024_0412_14:21:20 17 -0.3 -2.19
2024_0412_14:21:42 17 0.88 0.1
2024_0412_14:22:27 17 14.99 12.19
2024_0412_14:22:31 17 0.25 -0.85
2024_0412_14:22:44 17 56.7 70.21
2024_0412_14:23:12 17 -0.34 -0.94
2024_0412_14:24:11 17 28.67 11.69
2024_0412_14:25:04 17 -0.5 -0.2
2024_0412_14:25:25 17 75.28 32.16
2024_0412_14:25:27 17 -2.99 1.56
2024_0412_14:25:28 17 0.33 0.06
2024_0412_14:25:39 17 -1.6 0.76
2024_0412_14:26:13 17 74.69 73.76
2024_0412_14:27:41 17 17.61 -5.93
2024_0412_14:29:18 17 10.68 -10.75
2024_0412_14:29:30 17 48.4 -50.19
2024_0412_14:29:59 17 75.54 80.15
2024_0412_14:30:34 17 53.41 73.27
2024_0412_14:30:40 17 -5.96 4.23
2024_0412_14:30:58 17 45.66 -14.91
2024_0412_14:31:16 17 -0.55 -1.06
2024_0412_14:32:19 17 20.91 17.55
2024_0412_14:33:18 17 14.54 13.93
2024_0412_14:33:34 17 -1.55 -1.32
2024_0412_14:33:39 17 53.08 70.87
2024_0412_14:33:42 18 32.56 -12.76
2024_0412_14:34:22 18 79.45 27.31
2024_0412_14:35:51 18 64.26 66.28
2024_0412_14:36:02 18 47.56 -8.84
2024_0412_14:36:46 18 -3.18 16.36
2024_0412_14:37:32 18 2.54 0.74
2024_0412_14:37:37 18 2.17 1.17
2024_0412_14:38:19 18 0.09 -0.43
2024_0412_14:39:01 18 1.41 -1.38
2024_0412_14:39:05 18 22.29 31.61
2024_0412_14:39:14 18 78.61 78.59
2024_0412_14:39:30 18 55.25 66.86
2024_0412_14:40:34 18 -6.08 21.03
2024_0412_14:41:32 18 11.29 -0.16
2024_0412_14:41:39 18 1.01 2.33
2024_0412_14:41:47 18 63.69 68.32
2024_0412_14:42:09 18 53.29 48.73
2024_0412_14:42:28 18 2.6 0.05
2024_0412_14:43:59 18 82.72 76.97
2024_0412_14:44:12 18 -1.71 0.42
2024_0412_14:44:49 18 76.33 76.77
2024_0412_14:45:43 18 -6.14 26.03
2024_0412_14:45:54 18 -2.34 -0.46
2024_0412_14:46:24 18 -9.0 9.66
2024_0412_14:47:21 18 67.04 70.61
2024_0412_14:47:24 18 -1.53 -2.36
2024_0412_14:47:35 18 -0.27 -0.33
2024_0412_14:47:47 18 71.45 73.19
2024_0412_14:48:44 18 15.93 -10.94
2024_0412_14:49:44 18 -0.55 0.25
2024_0412_14:49:56 18 0.13 0.84
2024_0412_14:50:01 18 71.15 68.64
2024_0412_14:50:17 18 -4.85 5.28
2024_0412_14:50:33 18 0.34 -0.18
2024_0412_14:52:05 18 58.49 -5.32
2024_0412_14:52:48 18 76.01 77.59
2024_0412_14:53:49 18 8.42 10.43
2024_0412_14:54:09 18 1.61 0.12
2024_0412_14:54:21 18 -7.42 -13.55
2024_0412_14:55:19 18 33.55 34.2
2024_0412_14:55:29 18 1.83 0.73
2024_0412_14:55:35 18 1.25 0.03
2024_0412_14:55:50 18 77.8 79.17
2024_0412_14:56:39 18 32.77 42.0
2024_0412_14:57:48 18 79.23 78.69
2024_0412_14:57:51 18 -0.36 -0.64
2024_0412_14:58:04 18 12.9 -3.08
2024_0412_14:58:07 18 -6.89 45.51
2024_0412_14:58:18 18 -0.45 -0.45
2024_0412_14:58:34 18 25.2 8.84
2024_0412_15:00:17 18 1.88 28.63
2024_0412_15:00:57 18 -0.67 -0.98
2024_0412_15:01:59 18 66.53 37.84
2024_0412_15:02:19 18 -29.49 46.45
2024_0412_15:02:27 18 -7.08 25.13
2024_0412_15:03:27 18 33.05 32.85
2024_0412_15:03:33 18 99.99 -99.99
2024_0412_15:04:07 18 0.08 -0.02
2024_0412_15:04:49 18 0.91 -0.29
2024_0412_15:05:41 18 -37.4 38.65
2024_0412_15:05:56 18 73.96 74.41
2024_0412_15:05:57 18 82.38 68.15
2024_0412_15:06:06 18 -0.55 1.53
2024_0412_15:06:22 18 15.79 26.91
2024_0412_15:06:22 18 65.66 44.66
2024_0412_15:06:41 18 69.3 70.73
2024_0412_15:08:47 18 76.77 66.16
2024_0412_15:09:08 18 18.1 44.59
2024_0412_15:10:18 18 -19.73 19.86
2024_0412_15:10:28 18 -11.84 11.91
2024_0412_15:10:29 18 -2.05 2.04
2024_0412_15:11:40 18 79.78 77.96
2024_0412_15:12:11 18 35.2 87.13
2024_0412_15:12:52 18 78.94 78.75
2024_0412_15:14:03 18 1.68 0.07
2024_0412_15:14:07 18 -0.86 1.23
2024_0412_15:14:13 18 79.05 78.03
2024_0412_15:14:25 18 -12.83 13.82
2024_0412_15:14:25 18 7.18 7.76
2024_0412_15:15:02 18 71.52 71.25
2024_0412_15:16:51 18 11.92 10.32
2024_0412_15:17:26 18 -3.09 4.8
2024_0412_15:18:23 18 70.02 69.76
2024_0412_15:18:30 18 -1.98 3.43
2024_0412_15:18:32 18 -8.38 18.54
2024_0412_15:18:40 18 -0.05 -0.82
2024_0412_15:20:02 18 0.0 99.98
2024_0412_15:20:23 18 76.33 77.1
2024_0412_15:21:03 18 65.21 75.02
2024_0412_15:21:34 18 66.73 66.42
2024_0412_15:22:12 18 26.31 -1.03
2024_0412_15:22:19 18 -0.33 0.1
2024_0412_15:22:23 18 77.88 78.1
2024_0412_15:22:34 18 -15.66 47.76
2024_0412_15:23:04 18 -2.94 2.09
2024_0412_15:23:36 18 10.18 7.43
2024_0412_15:24:57 18 1.65 -2.47
2024_0412_15:25:36 18 1.73 -0.68
2024_0412_15:26:28 18 10.08 -10.9
2024_0412_15:26:40 18 71.25 59.09
2024_0412_15:26:47 18 70.55 71.34
2024_0412_15:26:51 18 0.39 0.91
2024_0412_15:28:27 18 63.91 71.77
2024_0412_15:28:32 18 1.29 0.49
2024_0412_15:29:09 18 7.91 6.26
2024_0412_15:30:01 18 80.9 80.6
2024_0412_15:30:16 18 16.52 42.6
2024_0412_15:30:25 18 99.96 49.98
2024_0412_15:30:28 18 79.56 68.01
2024_0412_15:30:42 18 10.21 10.6
2024_0412_15:31:06 18 2.27 4.44
2024_0412_15:31:42 18 99.96 -50.0
2024_0412_15:33:10 18 -1.32 -0.07
2024_0412_15:33:59 18 75.62 46.78
2024_0412_15:34:48 18 1.07 2.15
2024_0412_15:34:48 18 12.91 -5.4
2024_0412_15:34:53 18 48.38 62.25
2024_0412_15:34:57 18 0.52 -1.6
2024_0412_15:36:38 18 -4.37 3.03
2024_0412_15:36:39 18 -0.01 -0.78
2024_0412_15:37:15 18 16.84 -11.37
2024_0412_15:38:11 18 70.56 67.25
2024_0412_15:38:37 18 0.91 2.26
2024_0412_15:38:38 18 66.31 69.1
2024_0412_15:38:54 18 0.45 0.73
2024_0412_15:38:55 18 31.3 -1.51
2024_0412_15:39:17 18 0.76 0.09
2024_0412_15:39:53 18 -0.23 2.35
2024_0412_15:41:17 18 0.96 0.83
2024_0412_15:42:06 18 44.15 44.66
2024_0412_15:43:04 18 -0.05 -0.41
2024_0412_15:43:08 18 63.28 79.07
2024_0412_15:43:23 18 -0.95 1.13
2024_0412_15:43:24 18 69.89 72.19
2024_0412_15:44:43 18 79.6 79.04
2024_0412_15:44:44 18 77.44 76.75
2024_0412_15:45:18 18 -6.42 7.77
2024_0412_15:46:18 18 72.05 68.67
2024_0412_15:46:39 18 9.49 -9.99
2024_0412_15:46:39 18 79.55 75.56
2024_0412_15:46:59 18 0.15 0.05
2024_0412_15:47:03 18 9.79 0.19
2024_0412_15:47:54 18 0.81 -0.38
2024_0412_15:49:20 18 -47.2 45.61
2024_0412_15:50:08 18 13.95 15.05
2024_0412_15:51:19 18 40.82 -1.12
2024_0412_15:51:26 18 -11.14 9.28
2024_0412_15:51:32 18 -0.17 0.66
2024_0412_15:52:42 18 9.1 -7.94
2024_0412_15:52:51 18 -3.34 44.98
2024_0412_15:53:37 18 78.57 74.8
2024_0412_15:54:23 18 3.59 2.83
2024_0412_15:55:00 18 49.99 -99.92
2024_0412_15:55:01 18 74.14 73.68
2024_0412_15:55:03 18 -0.83 -1.74
2024_0412_15:55:12 18 -0.69 -0.06
2024_0412_15:55:15 18 -1.45 0.68
2024_0412_15:56:05 18 -0.75 0.1
2024_0412_15:57:28 18 47.46 -11.25
2024_0412_15:57:31 18 11.35 -11.41
2024_0412_15:58:17 18 1.12 -0.84
2024_0412_15:59:32 18 73.9 73.58
2024_0412_15:59:35 18 18.05 -17.1
2024_0412_15:59:44 18 15.09 14.87
2024_0412_16:00:52 18 -8.75 69.59
2024_0412_16:01:07 18 1.95 -1.35
2024_0412_16:01:55 18 57.87 72.71
2024_0412_16:02:40 18 0.14 1.25
2024_0412_16:03:08 19 76.14 81.4
2024_0412_16:03:08 19 0.08 -1.54
2024_0412_16:03:29 19 -2.47 -1.31
2024_0412_16:03:30 19 1.95 -0.21
2024_0412_16:04:11 19 0.02 0.15
2024_0412_16:05:34 19 9.95 2.95
2024_0412_16:05:51 19 0.29 0.95
2024_0412_16:06:47 19 70.04 72.38
2024_0412_16:07:50 19 82.03 33.73
2024_0412_16:08:01 19 -1.26 0.87
2024_0412_16:08:01 19 -13.21 13.86
2024_0412_16:09:05 19 71.7 68.27
2024_0412_16:09:18 19 73.69 70.6
2024_0412_16:10:14 19 74.74 39.26
2024_0412_16:11:18 19 -2.97 0.47
2024_0412_16:11:26 19 74.33 72.25
2024_0412_16:11:41 19 -1.77 -0.22
2024_0412_16:11:47 19 0.4 0.27
2024_0412_16:11:59 19 0.26 0.15
2024_0412_16:12:40 19 -1.81 0.9
2024_0412_16:13:39 19 1.23 1.4
2024_0412_16:13:57 19 -0.21 -0.71
2024_0412_16:14:48 19 -9.52 9.15
2024_0412_16:15:48 19 -0.14 -1.68
2024_0412_16:15:54 19 -1.74 1.38
2024_0412_16:16:05 19 74.82 71.67
2024_0412_16:17:02 19 2.03 1.86
2024_0412_16:17:17 19 42.77 70.81
2024_0412_16:18:25 19 1.02 -0.61
2024_0412_16:19:09 19 0.69 1.63
2024_0412_16:19:12 19 40.53 44.29
2024_0412_16:19:25 19 0.16 -0.04
2024_0412_16:19:32 19 -1.06 -0.89
2024_0412_16:19:59 19 70.93 76.63
2024_0412_16:20:33 19 2.52 33.26
2024_0412_16:21:41 19 14.78 -14.38
2024_0412_16:22:39 19 30.93 7.23
2024_0412_16:23:38 19 42.62 50.32
2024_0412_16:23:45 19 -1.91 -0.44
2024_0412_16:23:50 19 0.29 1.46
2024_0412_16:25:02 19 2.28 -0.99
2024_0412_16:25:10 19 -1.01 0.67
2024_0412_16:26:00 19 0.15 0.4
2024_0412_16:27:00 19 0.94 -0.29
2024_0412_16:27:05 19 9.13 -10.85
2024_0412_16:27:22 19 7.74 4.78
2024_0412_16:27:25 19 80.48 75.55
2024_0412_16:27:51 19 2.55 -3.82
2024_0412_16:28:28 19 14.97 -16.72
2024_0412_16:29:19 19 16.95 -17.35
2024_0412_16:29:28 19 32.93 31.92
2024_0412_16:30:28 19 -0.2 -0.95
2024_0412_16:31:27 19 -7.4 3.32
2024_0412_16:31:41 19 0.0 -2.52
2024_0412_16:31:50 19 -7.31 18.22
2024_0412_16:32:37 19 60.29 60.36
2024_0412_16:33:06 19 0.78 1.36
2024_0412_16:33:07 19 -2.81 34.28
2024_0412_16:33:56 19 49.52 66.24
2024_0412_16:34:49 19 68.12 4.51
2024_0412_16:35:06 19 -1.28 -0.72
2024_0412_16:35:21 19 50.5 70.3
2024_0412_16:35:36 19 -0.43 0.34
2024_0412_16:36:27 19 20.57 -20.78
2024_0412_16:37:11 19 78.65 77.93
2024_0412_16:37:36 19 3.2 0.01
2024_0412_16:38:18 19 7.63 2.89
2024_0412_16:39:38 19 -4.72 9.73
2024_0412_16:39:42 19 31.49 32.19
2024_0412_16:40:38 19 76.33 76.98
2024_0412_16:41:03 19 0.14 -0.48
2024_0412_16:41:06 19 69.23 73.01
2024_0412_16:41:14 19 -0.82 -1.5
2024_0412_16:41:52 19 -1.24 1.2
2024_0412_16:42:38 19 -49.92 49.92
2024_0412_16:42:56 19 -1.07 4.77
2024_0412_16:43:17 19 0.08 -1.47
2024_0412_16:43:43 19 -0.05 0.74
2024_0412_16:44:26 19 -0.73 0.03
2024_0412_16:44:59 19 49.59 -48.83
2024_0412_16:45:27 19 -0.27 0.54
2024_0412_16:46:21 20 78.24 78.83
2024_0412_16:47:41 20 1.36 -0.54
2024_0412_16:48:33 20 82.9 61.79
2024_0412_16:48:56 20 11.27 2.5
2024_0412_16:48:57 20 65.74 70.51
2024_0412_16:49:14 20 -0.11 -0.33
2024_0412_16:49:47 20 29.38 33.24
2024_0412_16:50:31 20 9.8 35.64
2024_0412_16:50:44 20 49.99 -99.96
2024_0412_16:51:04 20 55.14 42.53
2024_0412_16:51:06 20 -0.38 0.5
2024_0412_16:51:45 20 8.01 41.52
2024_0412_16:52:27 20 0.69 0.21
2024_0412_16:52:48 20 -99.98 50.0
2024_0412_16:53:42 20 -7.07 19.04
2024_0412_16:54:12 20 -4.93 8.85
2024_0412_16:54:31 20 10.84 -0.57
2024_0412_16:55:30 20 -3.53 2.23
2024_0412_16:56:27 20 72.27 73.29
2024_0412_16:56:43 20 2.14 -2.94
2024_0412_16:56:52 20 8.03 8.93
2024_0412_16:57:29 20 38.67 47.31
2024_0412_16:58:13 20 25.07 27.16
2024_0412_16:58:39 20 76.61 80.17
2024_0412_16:58:41 20 75.05 70.15
2024_0412_16:58:52 20 0.31 -0.45
2024_0412_16:58:54 20 0.22 0.46
2024_0412_16:59:41 20 -1.0 -0.36
2024_0412_17:00:22 20 -13.58 13.52
2024_0412_17:01:37 20 57.34 -2.56
2024_0412_17:02:12 20 -0.98 -0.21
2024_0412_17:02:17 20 9.88 -10.92
2024_0412_17:03:21 20 73.69 -8.14
2024_0412_17:04:22 20 15.91 -17.38
2024_0412_17:04:56 20 0.01 -0.01
2024_0412_17:05:24 20 66.56 72.12
2024_0412_17:05:57 20 72.22 71.22
2024_0412_17:06:27 20 -0.63 -1.39
2024_0412_17:06:41 20 -11.6 12.5
2024_0412_17:06:44 20 0.51 -1.33
2024_0412_17:06:46 20 -0.42 -0.17
2024_0412_17:07:38 20 67.85 70.29
2024_0412_17:07:53 20 42.64 70.74
2024_0412_17:08:12 20 78.03 77.53
2024_0412_17:09:28 20 49.99 99.98
2024_0412_17:09:59 20 4.0 2.71
2024_0412_17:10:05 20 -3.43 4.17
2024_0412_17:10:06 20 49.99 -49.76
2024_0412_17:11:04 20 -0.47 -1.72
2024_0412_17:12:10 20 -0.84 -0.06
2024_0412_17:12:50 20 77.35 77.28
2024_0412_17:13:24 20 33.64 -1.66
2024_0412_17:13:57 20 20.49 28.19
2024_0412_17:14:18 20 79.94 75.3
2024_0412_17:14:28 20 10.05 7.75
2024_0412_17:14:38 20 78.57 73.03
2024_0412_17:14:48 20 62.99 75.47
2024_0412_17:15:42 20 -15.9 47.39
2024_0412_17:15:53 20 11.3 11.22
2024_0412_17:16:03 20 -2.21 41.67
2024_0412_17:17:28 20 -1.75 -1.15
2024_0412_17:17:52 20 4.41 4.88
2024_0412_17:18:02 20 29.89 31.77
2024_0412_17:18:11 20 73.88 73.49
2024_0412_17:19:33 20 15.34 13.85
2024_0412_17:19:54 20 49.96 -99.93
2024_0412_17:20:51 20 59.65 47.43
2024_0412_17:21:14 20 -20.06 19.57
2024_0412_17:21:47 20 20.72 24.87
2024_0412_17:22:17 20 11.94 -11.25
2024_0412_17:22:23 20 -9.85 11.35
2024_0412_17:22:34 20 17.51 -2.75
2024_0412_17:23:46 20 -0.54 -1.69
2024_0412_17:23:46 20 54.85 71.58
2024_0412_17:24:30 20 69.71 71.44
2024_0412_17:24:33 20 -1.4 -1.7
2024_0412_17:25:15 20 69.16 79.3
2024_0412_17:25:51 20 78.75 78.12
2024_0412_17:25:55 20 -10.38 89.9
2024_0412_17:26:03 20 0.38 -0.9
2024_0412_17:27:32 20 -1.36 -0.2
2024_0412_17:27:55 20 13.84 14.06
2024_0412_17:28:40 20 49.99 49.99
2024_0412_17:29:07 20 35.08 85.37
2024_0412_17:29:54 20 40.18 -39.77
2024_0412_17:30:13 20 54.3 64.3
2024_0412_17:30:22 20 38.43 43.65
2024_0412_17:30:25 20 -0.58 -0.73
2024_0412_17:31:36 20 -1.46 0.14
2024_0412_17:31:42 20 -0.17 -0.03
2024_0412_17:32:19 20 33.79 82.06
2024_0412_17:32:28 20 25.88 -24.75
2024_0412_17:33:19 20 -1.13 -0.83
2024_0412_17:33:44 20 8.06 37.5
2024_0412_17:33:49 20 48.0 -8.48
2024_0412_17:33:57 20 7.6 -8.96
2024_0412_17:35:33 20 -15.86 25.26
2024_0412_17:36:31 9 79.33 79.98
2024_0412_17:36:54 5 79.0 79.22
2024_0412_17:37:44 13 30.44 80.05
2024_0412_17:38:00 13 65.19 82.02
2024_0412_17:38:08 13 2.22 2.55
2024_0412_17:38:31 13 9.25 -9.92
2024_0412_17:39:31 13 14.65 12.01
2024_0412_17:39:33 14 71.04 70.06
2024_0412_17:40:18 14 0.18 -0.31
2024_0412_17:40:19 14 -0.46 0.09
2024_0412_17:40:19 14 67.03 73.01
2024_0412_17:41:08 15 81.15 75.83
2024_0412_17:41:32 15 72.49 75.03
2024_0412_17:41:37 15 -0.99 0.6
2024_0412_17:41:41 15 -2.92 0.36
2024_0412_17:43:21 15 77.44 78.98
2024_0412_17:44:17 15 0.14 0.99
2024_0412_17:44:45 15 82.53 77.83
2024_0412_17:45:47 16 40.21 -39.75
2024_0412_17:46:01 16 0.94 0.23
2024_0412_17:46:16 15 75.49 72.3
2024_0412_17:46:24 16 16.02 -17.48
2024_0412_17:47:19 16 -10.16 10.25
2024_0412_17:47:21 16 -7.94 10.2
2024_0412_17:48:09 16 39.82 46.03
2024_0412_17:48:16 16 15.1 7.85
2024_0412_17:48:20 16 77.89 78.91
2024_0412_17:49:06 16 -0.51 -7.23
2024_0412_17:49:18 17 1.5 -0.68
2024_0412_17:49:33 17 35.75 35.77
2024_0412_17:51:08 17 0.06 0.15
2024_0412_17:52:08 17 39.25 60.13
2024_0412_17:52:34 17 73.33 29.59
2024_0412_17:53:35 17 1.32 1.72
2024_0412_17:53:42 17 49.99 -49.99
2024_0412_17:54:05 17 82.38 77.88
2024_0412_17:54:17 17 69.81 71.77
2024_0412_17:55:12 17 46.52 47.98
2024_0412_17:55:12 17 1.21 -1.31
2024_0412_17:56:02 17 77.66 78.32
2024_0412_17:56:14 18 0.75 -1.85
2024_0412_17:56:31 18 -0.04 6.71
2024_0412_17:56:39 18 29.7 -9.94
2024_0412_17:56:53 18 12.57 -11.38
2024_0412_17:57:03 18 25.68 54.15
2024_0412_17:57:25 18 4.6 2.12
2024_0412_17:59:01 18 1.58 23.51
2024_0412_18:00:02 18 76.93 76.68
2024_0412_18:00:40 18 61.02 59.82
2024_0412_18:01:31 19 11.48 -9.65
2024_0412_18:01:33 19 24.12 23.31
2024_0412_18:01:54 19 25.14 -25.59
2024_0412_18:02:22 19 68.17 70.62
2024_0412_18:03:01 19 1.5 -0.85
2024_0412_18:03:03 19 16.14 -14.96
2024_0412_18:04:04 19 -0.15 0.21
2024_0412_18:04:05 19 0.8 0.84
2024_0412_18:04:32 19 73.31 74.52
2024_0412_18:04:37 19 0.02 0.86
2024_0412_18:04:38 19 11.01 9.26
2024_0412_18:04:53 19 48.33 -37.85
2024_0412_18:05:15 19 -1.88 0.77
2024_0412_18:06:41 20 35.75 34.36
2024_0412_18:07:32 20 -30.31 30.12
2024_0412_18:08:06 20 -0.32 0.62
2024_0412_18:08:49 20 77.18 77.33
2024_0412_18:08:58 20 -0.2 -0.42
2024_0412_18:09:15 20 -1.06 1.04
2024_0412_18:09:38 20 12.18 12.38
2024_0412_18:10:08 17 0.57 -12.09
