0.20683000000013646 0.11868500000004831 0.027855000000003193 0.006694999999999811 0.02275500000000163 0.021925000000001377 0.020545000000000955 0.020290000000000877 0.020255000000000866 0.007929999999999762 0.0439749999999993 0.03667500000000213 0.061654999999992445 0.05844999999999369 0.06654999999999617 0.050869999999996626 0.06415999999999378 0.06262999999999225 0.04189000000000011 0.03938000000000108 
2024_0412_09:55:29 11 -0.188 0.081
2024_0412_09:55:30 2 96.229 96.417
2024_0412_09:55:31 5 96.824 96.98
2024_0412_09:55:31 8 95.984 96.322
2024_0412_09:55:33 1 96.89 96.889
2024_0412_09:55:33 11 96.343 95.934
2024_0412_09:55:33 3 96.268 96.387
2024_0412_09:55:34 10 96.849 96.739
2024_0412_09:55:35 4 96.485 96.064
2024_0412_09:55:35 2 95.793 96.088
2024_0412_09:55:37 1 96.968 96.783
2024_0412_09:55:37 9 97.223 97.299
2024_0412_09:56:07 6 97.064 96.889
2024_0412_09:56:16 6 96.96 97.004
2024_0412_09:56:21 7 96.143 96.16
2024_0412_09:56:23 1 96.977 96.97
2024_0412_10:00:59 12 72.698 -0.952
2024_0412_10:01:01 13 28.018 53.5
2024_0412_10:01:02 15 -0.164 0.217
2024_0412_10:01:04 16 -0.084 -0.171
2024_0412_10:01:04 14 96.663 96.545
2024_0412_10:01:06 13 -46.115 49.735
2024_0412_10:01:06 15 -0.434 0.081
2024_0412_10:01:09 17 -0.609 -0.003
2024_0412_10:01:10 18 -10.372 10.16
2024_0412_10:01:12 17 -0.285 -0.051
2024_0412_10:01:21 18 26.871 -23.884
2024_0412_10:02:12 20 0.009 0.44
2024_0412_10:02:12 20 0.181 0.53
2024_0412_10:03:48 19 23.914 18.214
2024_0412_10:09:18 11 -0.162 -0.239
2024_0412_10:09:19 8 96.652 96.716
2024_0412_10:09:19 11 -0.181 0.086
2024_0412_10:09:20 11 -99.994 -49.998
2024_0412_10:09:20 11 96.263 96.695
2024_0412_10:09:21 6 97.021 96.931
2024_0412_10:09:22 1 96.851 97.044
2024_0412_10:09:22 11 -0.326 0.135
2024_0412_10:09:23 3 96.183 96.358
2024_0412_10:09:23 9 96.88 97.06
2024_0412_10:09:24 2 96.397 96.409
2024_0412_10:09:26 4 95.741 95.673
2024_0412_10:09:52 7 96.704 96.248
2024_0412_10:09:57 10 96.796 96.174
2024_0412_10:10:07 5 96.992 96.979
2024_0412_10:10:38 11 0.011 -0.278
2024_0412_10:14:51 12 -16.488 16.561
2024_0412_10:14:52 13 22.021 72.941
2024_0412_10:14:53 11 72.832 31.638
2024_0412_10:14:53 13 11.129 -10.979
2024_0412_10:14:55 13 96.473 96.592
2024_0412_10:14:55 14 96.252 97.569
2024_0412_10:14:55 16 -0.766 97.051
2024_0412_10:14:56 15 -11.97 39.444
2024_0412_10:14:57 13 96.751 96.655
2024_0412_10:14:58 17 0.216 0.1
2024_0412_10:14:58 18 96.446 96.612
2024_0412_10:15:02 19 -0.315 -0.394
2024_0412_10:15:53 20 49.997 -49.993
2024_0412_10:16:00 20 97.456 97.175
2024_0412_10:21:29 11 0.29 -0.307
2024_0412_10:21:31 5 96.789 96.938
2024_0412_10:21:32 11 96.271 96.113
2024_0412_10:21:32 3 95.651 95.967
2024_0412_10:21:33 1 97.005 96.982
2024_0412_10:21:33 6 96.998 96.893
2024_0412_10:21:33 2 96.449 96.632
2024_0412_10:21:33 7 96.57 96.573
2024_0412_10:21:34 8 96.429 96.674
2024_0412_10:21:34 11 96.882 97.721
2024_0412_10:21:37 4 96.385 95.814
2024_0412_10:21:38 10 96.489 96.818
2024_0412_10:22:06 12 -0.481 0.217
2024_0412_10:22:14 12 96.834 95.983
2024_0412_10:22:21 11 0.351 -0.075
2024_0412_10:22:51 9 97.464 97.331
2024_0412_10:27:00 13 -0.201 0.078
2024_0412_10:27:01 14 0.245 -0.019
2024_0412_10:27:03 13 96.353 96.311
2024_0412_10:27:04 13 48.297 -0.711
2024_0412_10:27:06 15 96.248 96.151
2024_0412_10:27:06 16 44.04 7.968
2024_0412_10:27:07 13 -43.009 46.94
2024_0412_10:27:08 13 96.901 96.889
2024_0412_10:27:08 15 95.267 96.001
2024_0412_10:27:10 16 -10.861 64.706
2024_0412_10:27:12 16 66.937 86.565
2024_0412_10:27:14 17 47.973 98.007
2024_0412_10:28:30 18 -1.431 1.247
2024_0412_10:28:33 18 -12.951 11.605
2024_0412_10:28:54 18 -72.343 72.138
2024_0412_10:28:57 18 -0.684 -0.185
2024_0412_10:32:29 18 4.147 -3.046
2024_0412_10:32:31 20 0.837 0.085
2024_0412_10:32:31 19 48.363 -3.402
2024_0412_10:32:35 19 9.213 -10.346
2024_0412_10:32:35 18 -7.619 45.461
2024_0412_10:32:35 20 -0.097 0.093
2024_0412_10:32:37 20 -1.376 2.14
2024_0412_10:32:38 20 10.069 -4.507
2024_0412_10:38:09 11 -0.613 -0.417
2024_0412_10:38:10 11 49.997 49.999
2024_0412_10:38:10 10 96.874 96.984
2024_0412_10:38:11 7 96.502 47.987
2024_0412_10:38:11 8 96.827 95.854
2024_0412_10:38:11 11 0.217 0.088
2024_0412_10:38:12 6 96.925 96.937
2024_0412_10:38:12 11 -0.538 -0.341
2024_0412_10:38:12 11 96.275 96.421
2024_0412_10:38:13 1 97.105 96.991
2024_0412_10:38:13 9 97.371 97.326
2024_0412_10:38:42 5 96.896 96.958
2024_0412_10:38:47 3 96.202 95.203
2024_0412_10:39:04 2 96.263 96.375
2024_0412_10:39:12 11 -0.165 0.027
2024_0412_10:40:58 11 0.119 0.014
2024_0412_10:43:38 11 -0.01 -0.616
2024_0412_10:43:39 11 -0.154 0.099
2024_0412_10:43:42 11 96.263 96.49
2024_0412_10:43:42 12 -0.127 -0.369
2024_0412_10:43:43 13 50.421 -49.552
2024_0412_10:43:43 12 -11.519 65.104
2024_0412_10:43:43 12 95.767 96.631
2024_0412_10:43:44 12 96.903 96.98
2024_0412_10:43:46 12 96.523 95.721
2024_0412_10:43:47 12 96.306 96.223
2024_0412_10:43:47 12 95.919 96.156
2024_0412_10:44:46 13 96.493 96.698
2024_0412_10:44:50 13 48.37 14.221
2024_0412_10:45:31 13 -0.082 0.379
2024_0412_10:45:46 13 96.351 94.836
2024_0412_10:46:31 13 -0.255 0.034
2024_0412_10:49:11 13 0.419 -0.286
2024_0412_10:49:12 14 0.406 0.399
2024_0412_10:49:13 13 96.98 97.027
2024_0412_10:49:13 13 38.762 37.941
2024_0412_10:49:15 13 1.136 -0.298
2024_0412_10:49:16 13 96.434 96.5
2024_0412_10:49:16 14 0.285 -0.101
2024_0412_10:49:18 14 -11.947 12.072
2024_0412_10:49:18 14 0.055 -0.211
2024_0412_10:49:19 14 96.188 96.52
2024_0412_10:49:23 14 96.964 96.339
2024_0412_10:50:47 14 0.064 -0.223
2024_0412_10:50:56 14 47.905 95.531
2024_0412_10:52:04 14 1.506 -1.729
2024_0412_10:52:05 14 97.083 96.644
2024_0412_10:52:23 14 95.624 94.257
2024_0412_10:54:41 14 0.265 0.307
2024_0412_10:54:45 14 -0.021 0.228
2024_0412_10:54:49 14 95.987 96.435
2024_0412_10:54:49 15 0.053 -0.031
2024_0412_10:54:53 15 -0.171 -0.058
2024_0412_10:54:54 15 4.047 4.931
2024_0412_10:54:55 15 48.031 28.549
2024_0412_10:54:57 15 -43.278 50.586
2024_0412_10:54:58 15 -0.167 0.21
2024_0412_10:54:59 15 96.036 94.736
2024_0412_10:57:04 15 96.853 96.902
2024_0412_10:57:08 15 -0.008 -0.348
2024_0412_10:57:39 15 96.773 96.253
2024_0412_10:58:16 15 -0.219 -0.214
2024_0412_10:58:44 15 -0.505 0.009
2024_0412_10:59:01 16 0.834 -0.258
2024_0412_11:00:14 16 62.409 75.962
2024_0412_11:00:19 16 96.271 96.352
2024_0412_11:00:20 16 8.248 -8.272
2024_0412_11:00:22 16 16.649 -16.756
2024_0412_11:00:27 17 -79.928 79.667
2024_0412_11:00:27 16 18.427 16.981
2024_0412_11:00:28 17 -0.126 -0.146
2024_0412_11:00:29 16 -3.409 3.639
2024_0412_11:00:35 17 30.769 34.474
2024_0412_11:00:38 17 86.753 66.366
2024_0412_11:03:12 17 -49.998 99.994
2024_0412_11:03:16 17 0.159 -0.116
2024_0412_11:03:36 17 -8.955 8.941
2024_0412_11:04:58 17 0.04 0.025
2024_0412_11:05:00 17 17.035 17.555
2024_0412_11:05:44 18 -99.99 49.987
2024_0412_11:05:48 18 -50.0 -99.999
2024_0412_11:05:53 18 48.194 -1.088
2024_0412_11:05:54 18 97.082 -50.534
2024_0412_11:05:59 18 96.671 96.113
2024_0412_11:06:01 19 25.267 39.643
2024_0412_11:06:04 18 41.039 -39.428
2024_0412_11:06:04 18 -19.273 13.061
2024_0412_11:06:13 19 -39.547 48.265
2024_0412_11:06:16 19 39.801 -2.252
2024_0412_11:08:43 20 3.253 87.067
2024_0412_11:09:25 20 0.057 0.24
2024_0412_11:10:36 20 -12.756 12.391
2024_0412_11:10:48 20 0.047 -0.55
2024_0412_11:11:05 20 4.288 -1.762
2024_0412_11:11:05 20 -0.375 -0.581
2024_0412_11:11:10 4 95.951 95.739
2024_0412_11:11:14 15 -0.228 -0.441
2024_0412_11:11:18 17 8.366 -3.218
2024_0412_11:11:19 18 96.364 96.109
2024_0412_11:11:35 20 56.581 36.698
2024_0412_11:17:04 7 96.565 96.474
2024_0412_11:17:05 7 96.516 96.693
2024_0412_11:17:06 11 0.245 0.362
2024_0412_11:17:07 8 95.869 96.328
2024_0412_11:17:07 5 97.061 96.894
2024_0412_11:17:08 6 97.002 96.829
2024_0412_11:17:08 11 96.939 96.972
2024_0412_11:17:09 10 96.447 96.547
2024_0412_11:17:09 1 96.929 97.002
2024_0412_11:17:10 9 97.291 97.364
2024_0412_11:17:10 11 -0.007 -0.126
2024_0412_11:17:11 11 95.952 96.109
2024_0412_11:17:42 3 96.553 96.424
2024_0412_11:17:43 2 96.547 96.751
2024_0412_11:17:48 11 -0.423 0.425
2024_0412_11:18:57 4 95.806 96.364
2024_0412_11:22:31 11 0.147 0.721
2024_0412_11:22:33 12 -0.292 0.002
2024_0412_11:22:34 11 96.475 96.679
2024_0412_11:22:38 11 96.421 96.296
2024_0412_11:22:38 12 96.801 96.495
2024_0412_11:22:38 12 96.31 96.345
2024_0412_11:22:38 11 17.213 9.584
2024_0412_11:22:40 12 -0.069 0.357
2024_0412_11:22:40 12 0.022 0.57
2024_0412_11:22:40 13 58.304 10.603
2024_0412_11:22:40 12 77.027 76.995
2024_0412_11:22:43 12 95.909 96.392
2024_0412_11:23:44 13 99.998 99.998
2024_0412_11:23:45 13 -0.369 -0.14
2024_0412_11:24:13 13 96.367 96.42
2024_0412_11:27:02 13 97.847 -89.063
2024_0412_11:27:59 13 -0.052 0.116
2024_0412_11:28:04 13 97.36 97.386
2024_0412_11:28:05 13 -0.11 -0.137
2024_0412_11:28:07 13 -0.067 0.163
2024_0412_11:28:09 13 -0.276 -0.127
2024_0412_11:28:09 13 0.046 0.505
2024_0412_11:28:09 14 50.0 -50.0
2024_0412_11:28:12 14 97.241 97.97
2024_0412_11:28:12 14 96.323 96.273
2024_0412_11:28:12 13 18.005 18.515
2024_0412_11:28:13 14 95.959 95.603
2024_0412_11:28:14 14 -0.658 -0.212
2024_0412_11:29:45 14 -0.715 0.243
2024_0412_11:29:46 14 -0.99 73.024
2024_0412_11:30:22 14 77.143 76.523
2024_0412_11:33:29 14 0.284 0.134
2024_0412_11:33:31 14 49.997 -99.994
2024_0412_11:33:37 15 -0.034 0.038
2024_0412_11:33:38 14 96.68 96.688
2024_0412_11:33:41 14 96.337 96.541
2024_0412_11:33:42 15 0.023 -0.074
2024_0412_11:33:43 15 -76.97 78.289
2024_0412_11:33:44 15 -39.656 47.056
2024_0412_11:33:44 15 0.189 0.003
2024_0412_11:33:44 15 -1.372 1.379
2024_0412_11:33:45 15 96.168 96.552
2024_0412_11:33:46 15 -0.024 -0.481
2024_0412_11:33:50 15 96.369 96.298
2024_0412_11:35:46 15 -0.313 0.333
2024_0412_11:36:32 15 1.392 2.179
2024_0412_11:36:34 15 96.166 96.389
2024_0412_11:38:59 16 -0.14 0.047
2024_0412_11:39:01 16 -10.088 9.287
2024_0412_11:39:12 16 0.68 0.025
2024_0412_11:39:12 16 0.394 -0.854
2024_0412_11:39:12 16 0.083 -0.271
2024_0412_11:39:14 16 -49.999 -99.998
2024_0412_11:39:14 16 -0.74 0.194
2024_0412_11:39:15 17 23.422 73.483
2024_0412_11:39:17 17 97.265 97.33
2024_0412_11:39:20 17 95.621 96.043
2024_0412_11:39:25 17 10.109 -9.979
2024_0412_11:41:02 16 14.669 14.682
2024_0412_11:41:50 17 2.58 -0.063
2024_0412_11:42:37 17 0.321 0.011
2024_0412_11:42:46 17 96.903 96.779
2024_0412_11:42:59 18 0.384 0.785
2024_0412_11:44:36 18 0.172 0.497
2024_0412_11:44:45 18 -13.099 12.598
2024_0412_11:44:46 18 96.537 46.934
2024_0412_11:44:46 18 96.36 96.853
2024_0412_11:44:52 18 -5.865 5.829
2024_0412_11:44:52 18 0.156 -0.33
2024_0412_11:44:53 18 96.598 96.381
2024_0412_11:44:54 18 -0.168 0.14
2024_0412_11:44:55 19 0.144 -0.144
2024_0412_11:44:55 18 -0.387 -0.221
2024_0412_11:46:35 18 -50.0 50.0
2024_0412_11:48:00 19 -0.586 0.124
2024_0412_11:48:05 19 13.185 81.768
2024_0412_11:48:25 20 95.926 95.179
2024_0412_11:48:39 20 13.705 0.07
2024_0412_11:48:49 20 -6.826 72.308
2024_0412_11:50:10 20 0.0 0.0
2024_0412_11:50:11 20 2.273 49.118
2024_0412_11:50:11 20 96.275 48.275
2024_0412_11:50:12 17 0.561 -0.018
2024_0412_11:50:23 18 96.514 96.643
2024_0412_11:55:53 7 92.524 96.178
2024_0412_11:55:54 11 -0.281 0.151
2024_0412_11:55:55 11 -0.356 0.227
2024_0412_11:55:55 5 96.902 96.942
2024_0412_11:55:55 11 -0.354 -0.099
2024_0412_11:55:57 3 96.127 96.339
2024_0412_11:55:57 6 96.985 96.987
2024_0412_11:55:57 2 96.286 96.465
2024_0412_11:55:58 11 0.925 -0.468
2024_0412_11:55:58 8 95.433 96.513
2024_0412_11:55:58 4 96.451 96.479
2024_0412_11:56:00 1 96.921 96.983
2024_0412_11:56:37 7 96.228 96.482
2024_0412_11:56:51 9 97.262 97.341
2024_0412_11:58:00 10 96.915 47.832
2024_0412_11:58:17 11 -99.999 -49.998
2024_0412_12:01:25 11 -0.427 -0.141
2024_0412_12:01:25 11 99.998 -49.999
2024_0412_12:01:26 11 97.106 96.948
2024_0412_12:01:26 11 95.987 96.15
2024_0412_12:01:28 11 49.998 99.996
2024_0412_12:01:29 11 97.443 -21.56
2024_0412_12:01:29 11 96.846 96.834
2024_0412_12:01:30 11 -0.165 -0.295
2024_0412_12:01:31 11 96.547 96.347
2024_0412_12:01:31 11 1.945 2.67
2024_0412_12:01:33 11 97.012 96.944
2024_0412_12:01:33 11 -0.325 -0.078
2024_0412_12:02:51 11 0.178 -0.239
2024_0412_12:03:07 11 96.134 96.386
2024_0412_12:05:39 12 96.979 97.019
2024_0412_12:06:30 12 98.406 46.563
2024_0412_12:06:55 12 96.764 96.864
2024_0412_12:06:57 12 0.31 -0.261
2024_0412_12:06:58 12 96.626 96.484
2024_0412_12:06:59 12 0.116 -0.231
2024_0412_12:07:00 12 76.267 76.991
2024_0412_12:07:00 12 96.082 96.62
2024_0412_12:07:01 12 -0.055 0.105
2024_0412_12:07:02 12 96.11 95.953
2024_0412_12:07:04 12 -0.273 0.055
2024_0412_12:07:05 12 96.132 96.132
2024_0412_12:07:07 12 96.834 96.472
2024_0412_12:07:08 12 0.391 -0.169
2024_0412_12:09:05 12 18.868 18.84
2024_0412_12:09:21 12 -0.252 0.273
2024_0412_12:12:28 13 0.179 -0.043
2024_0412_12:12:31 13 96.339 95.26
2024_0412_12:12:32 13 96.125 96.516
2024_0412_12:12:33 13 97.695 96.321
2024_0412_12:12:34 13 0.154 0.087
2024_0412_12:12:34 13 96.805 96.759
2024_0412_12:12:35 13 96.413 48.528
2024_0412_12:12:37 13 96.259 95.833
2024_0412_12:12:38 13 94.616 70.773
2024_0412_12:12:38 13 95.673 96.953
2024_0412_12:12:41 13 1.349 5.148
2024_0412_12:12:45 13 -0.124 0.06
2024_0412_12:13:21 13 5.938 28.454
2024_0412_12:15:21 13 97.015 96.99
2024_0412_12:15:37 13 94.387 96.168
2024_0412_12:15:57 13 -0.063 0.314
2024_0412_12:17:57 13 0.046 -0.196
2024_0412_12:18:01 13 0.343 0.286
2024_0412_12:18:01 13 49.998 99.994
2024_0412_12:18:02 13 -0.464 0.372
2024_0412_12:18:06 13 0.255 -0.471
2024_0412_12:18:07 14 -0.744 0.343
2024_0412_12:18:09 13 96.467 96.31
2024_0412_12:18:09 13 94.971 95.519
2024_0412_12:18:09 14 38.001 33.766
2024_0412_12:18:11 14 20.03 -20.325
2024_0412_12:18:19 14 -7.421 42.955
2024_0412_12:18:20 14 96.136 95.362
2024_0412_12:21:11 14 96.172 96.024
2024_0412_12:21:53 14 77.953 77.949
2024_0412_12:23:28 14 96.552 96.648
2024_0412_12:23:31 14 -99.998 -49.999
2024_0412_12:23:33 14 96.973 96.939
2024_0412_12:23:34 14 72.816 22.68
2024_0412_12:23:38 14 96.169 96.31
2024_0412_12:23:39 14 -19.879 19.661
2024_0412_12:23:42 14 96.953 96.494
2024_0412_12:23:43 14 96.908 47.002
2024_0412_12:23:44 14 21.509 21.632
2024_0412_12:23:46 14 15.685 17.812
2024_0412_12:23:49 14 46.28 -0.514
2024_0412_12:23:50 14 49.999 -99.998
2024_0412_12:24:15 14 96.249 95.682
2024_0412_12:25:28 14 12.794 10.229
2024_0412_12:27:33 14 -0.125 -0.321
2024_0412_12:29:01 15 0.489 0.104
2024_0412_12:29:02 14 96.932 96.847
2024_0412_12:29:05 15 80.509 80.565
2024_0412_12:29:09 15 17.343 16.823
2024_0412_12:29:12 15 94.437 94.118
2024_0412_12:29:13 15 26.917 -27.016
2024_0412_12:29:15 15 -93.593 99.163
2024_0412_12:29:17 15 96.982 97.234
2024_0412_12:29:22 15 0.781 -0.958
2024_0412_12:29:24 15 95.99 95.869
2024_0412_12:29:27 15 0.242 0.133
2024_0412_12:29:31 14 0.151 -0.422
2024_0412_12:29:44 15 0.102 -0.002
2024_0412_12:30:29 15 0.428 -0.345
2024_0412_12:33:35 15 -9.885 9.921
2024_0412_12:33:47 15 48.248 -0.434
2024_0412_12:34:28 15 -0.822 0.321
2024_0412_12:34:30 15 -0.161 0.324
2024_0412_12:34:36 15 77.398 77.525
2024_0412_12:34:40 15 0.17 0.224
2024_0412_12:34:45 15 0.188 0.005
2024_0412_12:34:47 15 -0.43 0.0
2024_0412_12:34:47 15 -0.33 45.602
2024_0412_12:34:53 15 96.479 95.665
2024_0412_12:34:59 16 -0.511 -0.8
2024_0412_12:35:00 16 -9.626 10.996
2024_0412_12:35:01 15 97.315 97.307
2024_0412_12:35:13 16 -1.405 0.825
2024_0412_12:36:43 16 1.334 55.35
2024_0412_12:36:52 16 -0.198 -0.212
2024_0412_12:39:58 16 0.121 0.818
2024_0412_12:40:03 16 96.804 96.798
2024_0412_12:40:03 16 97.221 97.443
2024_0412_12:40:09 16 95.948 95.91
2024_0412_12:40:17 16 36.148 46.494
2024_0412_12:40:17 16 0.04 0.284
2024_0412_12:40:20 16 33.433 47.339
2024_0412_12:40:22 16 -8.033 7.934
2024_0412_12:40:28 16 -0.046 0.139
2024_0412_12:40:33 16 -0.047 0.225
2024_0412_12:40:38 17 -0.397 -0.497
2024_0412_12:41:05 16 85.222 16.486
2024_0412_12:41:31 17 0.067 -0.254
2024_0412_12:42:52 17 -30.894 57.595
2024_0412_12:42:56 17 67.124 84.743
2024_0412_12:45:00 17 77.117 76.572
2024_0412_12:45:28 17 0.398 -0.068
2024_0412_12:45:37 17 97.054 96.932
2024_0412_12:45:39 17 44.269 14.124
2024_0412_12:45:50 17 1.521 -1.365
2024_0412_12:45:50 17 97.476 -0.616
2024_0412_12:45:56 17 16.774 16.081
2024_0412_12:46:04 17 1.075 0.731
2024_0412_12:46:20 17 85.962 95.533
2024_0412_12:46:37 17 16.028 16.276
2024_0412_12:47:07 17 14.2 -12.864
2024_0412_12:48:15 18 95.971 96.171
2024_0412_12:48:27 18 -0.058 -0.076
2024_0412_12:48:48 17 10.21 -1.944
2024_0412_12:49:08 18 0.175 0.132
2024_0412_12:49:13 18 -0.31 0.479
2024_0412_12:51:04 18 -20.088 20.176
2024_0412_12:51:12 18 -10.181 9.565
2024_0412_12:51:21 18 12.338 -12.084
2024_0412_12:51:27 18 97.206 97.188
2024_0412_12:51:29 18 96.096 96.19
2024_0412_12:51:45 18 0.911 1.181
2024_0412_12:52:04 18 -0.416 -0.088
2024_0412_12:52:40 18 1.474 -0.313
2024_0412_12:52:45 18 -49.519 49.714
2024_0412_12:52:55 18 95.488 95.928
2024_0412_12:53:25 18 27.554 -27.862
2024_0412_12:54:03 18 0.445 -0.517
2024_0412_12:54:11 18 -49.999 99.998
2024_0412_12:54:57 18 -9.974 10.03
2024_0412_12:55:02 18 97.337 97.3
2024_0412_12:55:39 18 -36.079 15.063
2024_0412_12:57:10 18 0.023 -0.232
2024_0412_12:57:20 18 0.302 0.46
2024_0412_12:57:22 18 79.693 42.967
2024_0412_12:57:34 19 -0.92 -0.657
2024_0412_12:57:58 19 19.869 -20.121
2024_0412_12:58:42 19 95.212 96.199
2024_0412_12:58:58 19 -26.582 49.408
2024_0412_12:59:01 19 84.618 -27.931
2024_0412_12:59:26 20 44.404 58.256
2024_0412_12:59:50 19 48.405 48.577
2024_0412_13:00:03 20 0.54 0.679
2024_0412_13:00:12 20 81.585 66.575
2024_0412_13:00:53 20 7.826 -8.4
2024_0412_13:01:02 20 73.373 6.186
2024_0412_13:02:02 20 -0.112 0.586
2024_0412_13:02:37 20 96.184 96.173
2024_0412_13:03:03 20 -14.581 15.384
2024_0412_13:03:20 20 4.101 1.478
2024_0412_13:03:21 20 76.895 76.445
2024_0412_13:03:26 20 -0.156 -0.158
2024_0412_13:03:57 20 0.487 0.113
2024_0412_13:04:35 20 -0.468 49.291
2024_0412_13:05:11 14 94.171 14.0
2024_0412_13:05:14 16 -2.157 49.545
2024_0412_13:05:54 17 9.721 -9.931
2024_0412_13:05:55 17 0.634 -0.349
2024_0412_13:06:04 15 22.54 72.691
2024_0412_13:06:34 17 14.069 -13.551
2024_0412_13:06:43 17 96.309 96.39
2024_0412_13:06:46 17 15.855 -9.016
2024_0412_13:08:09 18 96.544 94.445
2024_0412_13:08:11 18 96.043 96.244
2024_0412_13:14:03 4 95.75 96.277
2024_0412_13:14:03 6 97.049 96.942
2024_0412_13:14:03 11 96.006 96.397
2024_0412_13:14:04 11 -0.046 0.165
2024_0412_13:14:04 8 96.528 96.673
2024_0412_13:14:04 5 96.97 96.927
2024_0412_13:14:05 7 96.307 96.205
2024_0412_13:14:05 11 0.294 0.072
2024_0412_13:14:05 11 -0.348 0.341
2024_0412_13:14:08 3 96.558 96.434
2024_0412_13:14:08 1 96.946 96.932
2024_0412_13:14:09 9 97.278 97.339
2024_0412_13:14:18 7 96.307 96.177
2024_0412_13:14:20 2 96.018 96.499
2024_0412_13:15:14 10 96.663 96.819
2024_0412_13:15:30 10 96.668 96.118
2024_0412_13:19:49 11 96.516 96.359
2024_0412_13:19:51 11 -0.405 0.415
2024_0412_13:19:51 11 -0.136 -0.238
2024_0412_13:19:52 11 0.339 0.059
2024_0412_13:19:52 11 -0.395 0.198
2024_0412_13:19:52 11 95.912 96.34
2024_0412_13:19:54 11 -0.036 -0.422
2024_0412_13:19:54 11 -99.998 49.999
2024_0412_13:19:56 11 0.056 -0.352
2024_0412_13:19:56 11 -0.978 47.682
2024_0412_13:19:56 11 -0.158 -0.312
2024_0412_13:19:57 11 96.142 96.363
2024_0412_13:20:39 11 -0.342 -0.011
2024_0412_13:20:46 11 96.771 96.559
2024_0412_13:22:08 11 -21.502 97.13
2024_0412_13:22:41 12 96.61 96.727
2024_0412_13:25:39 12 96.93 96.827
2024_0412_13:25:40 12 95.403 47.965
2024_0412_13:25:42 12 0.447 0.021
2024_0412_13:25:44 12 -0.099 0.295
2024_0412_13:25:44 12 -22.25 22.188
2024_0412_13:25:45 12 0.424 0.268
2024_0412_13:25:46 12 96.435 96.261
2024_0412_13:25:49 12 -0.179 -0.183
2024_0412_13:25:50 12 47.981 47.822
2024_0412_13:25:51 12 49.554 49.211
2024_0412_13:25:51 12 95.923 96.189
2024_0412_13:25:51 12 96.636 96.22
2024_0412_13:26:51 12 0.054 -0.126
2024_0412_13:26:59 13 0.284 0.073
2024_0412_13:29:12 13 96.323 96.159
2024_0412_13:30:21 13 -0.234 0.15
2024_0412_13:31:23 13 -0.059 0.322
2024_0412_13:31:25 13 0.126 0.151
2024_0412_13:31:26 13 77.53 77.451
2024_0412_13:31:33 13 49.998 49.998
2024_0412_13:31:34 13 34.638 -2.989
2024_0412_13:31:34 13 0.067 0.151
2024_0412_13:31:35 13 99.998 99.996
2024_0412_13:31:36 13 3.992 4.07
2024_0412_13:31:37 13 0.167 0.182
2024_0412_13:31:38 13 1.048 -0.652
2024_0412_13:31:38 13 0.174 0.572
2024_0412_13:31:39 13 96.644 95.948
2024_0412_13:33:01 13 -0.096 0.087
2024_0412_13:33:12 13 0.499 -0.096
2024_0412_13:36:12 13 0.229 0.383
2024_0412_13:37:14 13 38.476 38.576
2024_0412_13:37:16 13 -0.236 -0.22
2024_0412_13:37:16 13 95.889 93.813
2024_0412_13:37:22 13 96.398 96.649
2024_0412_13:37:25 13 8.937 -9.678
2024_0412_13:37:25 14 -0.076 -0.646
2024_0412_13:37:25 13 96.229 96.493
2024_0412_13:37:26 14 0.151 0.039
2024_0412_13:37:27 14 0.347 0.166
2024_0412_13:37:29 14 16.496 16.288
2024_0412_13:37:29 14 -2.437 58.501
2024_0412_13:37:31 14 33.841 34.74
2024_0412_13:37:31 14 24.211 24.74
2024_0412_13:39:17 14 96.563 96.502
2024_0412_13:39:29 14 95.973 95.768
2024_0412_13:43:01 14 0.241 0.232
2024_0412_13:43:01 14 49.999 99.998
2024_0412_13:43:04 14 96.461 96.88
2024_0412_13:43:06 14 47.968 48.195
2024_0412_13:43:08 14 0.262 0.352
2024_0412_13:43:12 14 0.301 -0.493
2024_0412_13:43:13 14 96.325 96.465
2024_0412_13:43:15 14 -0.306 0.336
2024_0412_13:43:16 14 0.05 -0.417
2024_0412_13:43:16 14 39.541 -43.831
2024_0412_13:43:22 14 95.541 96.454
2024_0412_13:43:22 14 -21.459 21.536
2024_0412_13:43:26 14 96.736 96.869
2024_0412_13:44:57 14 -20.351 19.877
2024_0412_13:45:27 14 0.352 0.041
2024_0412_13:45:48 15 96.504 95.97
2024_0412_13:48:44 15 -0.526 0.409
2024_0412_13:48:53 15 -0.167 -0.442
2024_0412_13:48:56 15 96.309 93.947
2024_0412_13:49:01 15 96.751 95.388
2024_0412_13:49:06 15 3.868 -1.662
2024_0412_13:49:07 15 42.457 42.402
2024_0412_13:49:08 15 77.349 77.172
2024_0412_13:49:14 15 0.145 -0.084
2024_0412_13:49:15 15 3.907 4.482
2024_0412_13:49:16 15 77.116 77.086
2024_0412_13:49:20 15 49.322 -43.961
2024_0412_13:50:20 15 -0.036 0.198
2024_0412_13:51:37 15 96.088 95.565
2024_0412_13:51:57 15 0.305 -0.428
2024_0412_13:52:10 15 -0.34 -0.368
2024_0412_13:52:47 15 94.526 94.593
2024_0412_13:54:32 15 47.41 95.984
2024_0412_13:54:46 15 -0.1 0.121
2024_0412_13:54:52 15 0.863 17.742
2024_0412_13:54:53 15 64.326 65.074
2024_0412_13:54:58 15 47.733 47.062
2024_0412_13:54:59 15 99.998 99.998
2024_0412_13:55:03 16 97.069 96.865
2024_0412_13:55:08 16 -8.592 36.882
2024_0412_13:55:08 16 -0.659 -0.036
2024_0412_13:55:08 16 -0.526 -0.871
2024_0412_13:57:21 16 99.996 -49.997
2024_0412_13:57:21 16 8.454 34.342
2024_0412_13:57:43 16 -17.307 92.123
2024_0412_13:58:16 16 48.629 48.534
2024_0412_13:59:25 16 96.249 96.265
2024_0412_13:59:43 16 88.748 71.793
2024_0412_14:00:23 16 10.32 -16.614
2024_0412_14:00:42 16 0.732 -0.326
2024_0412_14:00:44 17 0.158 0.246
2024_0412_14:00:49 16 96.163 96.21
2024_0412_14:00:57 17 96.829 95.879
2024_0412_14:00:58 17 73.458 73.788
2024_0412_14:01:01 17 -0.265 -0.002
2024_0412_14:01:01 17 19.279 19.2
2024_0412_14:01:01 17 -0.274 -0.311
2024_0412_14:03:20 17 47.062 59.009
2024_0412_14:04:01 17 -0.145 -0.146
2024_0412_14:05:41 17 33.622 46.333
2024_0412_14:05:42 17 -0.416 0.672
2024_0412_14:06:17 17 -0.332 0.464
2024_0412_14:06:28 17 33.305 32.438
2024_0412_14:06:31 17 3.138 -4.101
2024_0412_14:06:32 17 99.333 -2.152
2024_0412_14:06:36 17 73.182 -3.049
2024_0412_14:06:41 17 0.205 -0.045
2024_0412_14:06:53 17 9.453 -9.255
2024_0412_14:06:53 17 99.418 -32.157
2024_0412_14:06:54 17 28.022 47.819
2024_0412_14:06:58 18 -8.251 8.375
2024_0412_14:07:07 18 47.434 -43.061
2024_0412_14:09:12 18 -0.173 0.155
2024_0412_14:10:16 18 -20.994 22.632
2024_0412_14:10:17 18 -37.695 51.37
2024_0412_14:11:39 18 41.513 45.825
2024_0412_14:12:07 18 49.998 -100.0
2024_0412_14:12:22 18 0.115 0.246
2024_0412_14:12:27 18 76.804 76.638
2024_0412_14:12:27 18 -99.996 99.998
2024_0412_14:12:39 18 20.633 21.63
2024_0412_14:12:42 18 -0.352 -0.202
2024_0412_14:12:43 18 0.078 0.088
2024_0412_14:12:48 18 20.099 -19.626
2024_0412_14:12:50 18 -0.372 -0.256
2024_0412_14:12:54 18 76.823 76.544
2024_0412_14:13:00 18 -0.723 -0.283
2024_0412_14:13:30 18 0.078 -0.114
2024_0412_14:15:07 18 47.885 48.539
2024_0412_14:16:31 18 -2.786 7.933
2024_0412_14:17:35 19 96.004 95.094
2024_0412_14:18:11 19 53.507 53.373
2024_0412_14:18:24 19 97.47 95.234
2024_0412_14:18:25 18 95.889 96.089
2024_0412_14:18:26 19 -7.363 34.039
2024_0412_14:18:29 19 96.171 96.436
2024_0412_14:18:37 19 -1.413 8.335
2024_0412_14:18:39 19 -3.38 8.994
2024_0412_14:18:42 19 0.188 -0.115
2024_0412_14:18:46 19 24.934 -24.855
2024_0412_14:18:53 20 -99.998 -99.998
2024_0412_14:19:06 20 67.252 87.53
2024_0412_14:19:52 20 53.271 77.02
2024_0412_14:20:15 19 -9.066 30.479
2024_0412_14:22:42 20 47.233 48.522
2024_0412_14:23:37 20 75.665 75.354
2024_0412_14:24:21 20 47.822 94.404
2024_0412_14:24:22 20 14.595 17.219
2024_0412_14:24:26 20 -0.644 -0.358
2024_0412_14:24:33 20 93.053 91.767
2024_0412_14:24:35 20 9.09 -9.887
2024_0412_14:24:41 15 -0.959 -0.205
2024_0412_14:24:46 16 97.238 97.184
2024_0412_14:24:51 16 47.712 -0.894
2024_0412_14:25:01 16 47.763 47.659
2024_0412_14:25:33 20 0.137 -0.148
2024_0412_14:26:07 17 96.274 96.103
2024_0412_14:26:22 17 2.305 -1.415
2024_0412_14:26:27 18 0.394 -0.421
2024_0412_14:27:05 18 96.03 96.222
2024_0412_14:29:12 20 -52.835 74.696
2024_0412_14:31:48 20 16.658 16.672
2024_0412_14:37:39 7 96.565 96.506
2024_0412_14:37:43 8 96.754 96.59
2024_0412_14:37:43 2 96.595 96.563
2024_0412_14:37:45 6 96.882 97.076
2024_0412_14:37:47 11 96.39 47.957
2024_0412_14:37:48 5 96.931 96.757
2024_0412_14:37:48 4 95.638 95.488
2024_0412_14:37:48 3 95.81 96.213
2024_0412_14:37:49 1 96.767 96.957
2024_0412_14:37:50 7 96.577 96.212
2024_0412_14:37:50 11 96.927 96.934
2024_0412_14:37:50 10 96.949 96.62
2024_0412_14:38:02 11 97.312 97.167
2024_0412_14:38:03 9 97.211 96.615
2024_0412_14:38:30 7 96.402 96.362
2024_0412_14:39:45 10 97.063 96.85
2024_0412_14:43:30 11 96.437 96.561
2024_0412_14:43:33 11 0.066 -0.708
2024_0412_14:43:34 11 0.036 0.541
2024_0412_14:43:38 11 -0.333 0.273
2024_0412_14:43:41 11 -0.408 0.465
2024_0412_14:43:41 11 96.449 95.747
2024_0412_14:43:41 11 -0.516 0.15
2024_0412_14:43:42 11 0.052 0.184
2024_0412_14:43:44 11 -0.214 -0.048
2024_0412_14:43:45 11 96.728 96.62
2024_0412_14:43:49 11 -0.071 0.7
2024_0412_14:43:51 11 0.704 0.476
2024_0412_14:44:13 11 96.452 96.263
2024_0412_14:44:15 11 96.409 96.27
2024_0412_14:45:52 11 23.707 22.927
2024_0412_14:46:53 11 96.435 96.341
2024_0412_14:49:25 11 96.605 96.27
2024_0412_14:49:27 11 96.973 96.861
2024_0412_14:49:29 11 0.426 0.836
2024_0412_14:49:30 11 -0.268 -0.268
2024_0412_14:49:33 11 -0.358 0.09
2024_0412_14:49:35 11 96.633 95.722
2024_0412_14:49:35 11 0.096 -0.113
2024_0412_14:49:36 11 -11.102 65.016
2024_0412_14:49:43 12 0.513 1.391
2024_0412_14:49:43 12 0.265 -0.494
2024_0412_14:49:45 12 96.3 96.188
2024_0412_14:49:45 12 96.998 97.018
2024_0412_14:50:19 12 -0.046 0.61
2024_0412_14:50:25 12 -0.154 -0.414
2024_0412_14:52:57 12 95.51 97.187
2024_0412_14:53:45 12 -0.473 -0.025
2024_0412_14:55:20 12 -0.359 0.037
2024_0412_14:55:22 12 0.191 0.28
2024_0412_14:55:22 12 19.333 19.383
2024_0412_14:55:24 12 97.193 97.297
2024_0412_14:55:24 12 -0.045 -0.141
2024_0412_14:55:27 12 -0.581 1.062
2024_0412_14:55:28 12 48.013 96.625
2024_0412_14:55:29 12 99.996 -99.996
2024_0412_14:55:35 12 -0.094 0.283
2024_0412_14:55:38 12 96.838 96.986
2024_0412_14:55:39 12 96.046 96.247
2024_0412_14:55:46 12 0.248 -0.003
2024_0412_14:56:28 12 0.05 -0.034
2024_0412_14:56:31 12 -0.286 -0.195
2024_0412_15:00:20 13 96.945 96.963
2024_0412_15:00:37 13 -0.213 0.322
2024_0412_15:01:16 13 0.926 0.174
2024_0412_15:01:18 13 -0.215 0.119
2024_0412_15:01:19 13 96.621 96.548
2024_0412_15:01:20 13 48.11 96.217
2024_0412_15:01:20 13 96.971 96.91
2024_0412_15:01:20 13 99.998 -49.999
2024_0412_15:01:21 13 96.371 96.091
2024_0412_15:01:24 13 97.016 97.033
2024_0412_15:01:32 13 0.392 0.546
2024_0412_15:01:33 13 -0.247 -0.446
2024_0412_15:01:34 13 49.997 -49.995
2024_0412_15:01:46 13 95.702 96.17
2024_0412_15:02:35 13 10.434 -10.492
2024_0412_15:03:28 13 77.281 77.735
2024_0412_15:06:44 13 95.518 48.762
2024_0412_15:07:06 13 99.996 49.999
2024_0412_15:07:09 13 97.032 96.974
2024_0412_15:07:10 13 0.061 0.113
2024_0412_15:07:11 13 1.023 4.96
2024_0412_15:07:15 13 -1.898 48.089
2024_0412_15:07:15 13 95.708 96.586
2024_0412_15:07:16 13 95.823 87.284
2024_0412_15:07:20 13 49.594 49.949
2024_0412_15:07:23 13 10.45 -9.929
2024_0412_15:07:26 13 0.306 -0.283
2024_0412_15:07:34 13 77.378 77.263
2024_0412_15:07:39 13 -0.108 0.363
2024_0412_15:07:40 13 0.063 -0.474
2024_0412_15:08:44 13 95.967 95.748
2024_0412_15:10:53 13 95.647 96.323
2024_0412_15:12:50 13 -25.197 24.972
2024_0412_15:12:59 13 0.185 0.558
2024_0412_15:13:01 13 0.435 0.21
2024_0412_15:13:03 14 49.995 -49.997
2024_0412_15:13:09 13 49.282 49.395
2024_0412_15:13:09 14 -0.144 -0.31
2024_0412_15:13:10 14 99.994 -99.984
2024_0412_15:13:11 14 96.061 96.144
2024_0412_15:13:14 14 -10.295 10.188
2024_0412_15:13:22 14 -0.577 0.568
2024_0412_15:13:24 14 -0.044 -0.684
2024_0412_15:13:32 14 95.909 47.383
2024_0412_15:13:41 14 77.734 77.424
2024_0412_15:14:50 14 -0.057 0.559
2024_0412_15:15:12 14 -13.867 13.425
2024_0412_15:18:01 14 96.018 95.667
2024_0412_15:18:50 14 96.228 97.245
2024_0412_15:18:56 14 -0.436 -0.147
2024_0412_15:19:00 14 96.748 96.682
2024_0412_15:19:02 14 96.112 96.425
2024_0412_15:19:02 14 -0.455 -0.435
2024_0412_15:19:03 14 15.812 16.851
2024_0412_15:19:05 14 -0.178 0.294
2024_0412_15:19:06 14 96.265 96.091
2024_0412_15:19:17 14 0.071 3.606
2024_0412_15:19:35 14 96.646 96.866
2024_0412_15:19:43 14 95.659 95.534
2024_0412_15:22:18 14 48.147 48.198
2024_0412_15:23:27 14 96.943 96.257
2024_0412_15:23:58 14 -0.337 -0.207
2024_0412_15:24:15 14 -0.599 0.265
2024_0412_15:24:44 14 96.983 96.758
2024_0412_15:24:52 14 -0.252 0.303
2024_0412_15:24:55 15 47.794 47.211
2024_0412_15:24:57 14 96.283 96.414
2024_0412_15:24:58 15 -0.943 -0.069
2024_0412_15:25:01 15 0.07 -0.303
2024_0412_15:25:01 15 -0.101 0.415
2024_0412_15:25:09 14 47.299 28.456
2024_0412_15:25:14 15 -0.305 -0.58
2024_0412_15:25:34 15 49.996 -49.998
2024_0412_15:25:41 15 96.014 96.144
2024_0412_15:27:33 14 96.408 96.459
2024_0412_15:29:25 15 50.0 -49.999
2024_0412_15:30:06 15 -9.826 9.636
2024_0412_15:30:07 15 0.383 -0.067
2024_0412_15:30:33 15 -0.017 -0.104
2024_0412_15:30:45 15 -0.646 -0.222
2024_0412_15:30:51 15 15.107 48.414
2024_0412_15:30:53 15 28.26 58.014
2024_0412_15:30:53 15 0.191 -0.174
2024_0412_15:30:56 15 0.321 -0.431
2024_0412_15:30:58 15 1.923 -0.251
2024_0412_15:31:15 15 0.305 -0.242
2024_0412_15:31:29 15 -0.229 -0.218
2024_0412_15:31:39 15 96.755 84.671
2024_0412_15:32:21 15 0.105 -0.111
2024_0412_15:33:53 15 95.555 96.46
2024_0412_15:35:18 15 0.036 -0.193
2024_0412_15:35:22 15 96.793 97.222
2024_0412_15:36:15 15 0.028 -0.188
2024_0412_15:36:24 15 97.083 96.474
2024_0412_15:36:36 15 0.327 0.243
2024_0412_15:36:43 15 19.171 18.243
2024_0412_15:36:49 15 83.469 69.669
2024_0412_15:36:52 15 2.965 2.886
2024_0412_15:36:52 15 96.334 96.68
2024_0412_15:37:13 15 -0.062 1.36
2024_0412_15:37:32 15 89.431 96.447
2024_0412_15:37:39 15 0.135 -0.317
2024_0412_15:39:39 16 -0.591 1.01
2024_0412_15:40:47 16 96.154 96.585
2024_0412_15:41:06 16 96.25 96.37
2024_0412_15:41:16 16 16.32 7.739
2024_0412_15:41:49 16 79.468 92.315
2024_0412_15:41:53 16 -0.284 0.524
2024_0412_15:42:13 16 95.64 96.364
2024_0412_15:42:29 16 95.981 96.291
2024_0412_15:42:37 16 88.446 70.416
2024_0412_15:42:43 16 96.982 96.972
2024_0412_15:42:46 16 54.508 -8.944
2024_0412_15:42:47 16 95.902 95.807
2024_0412_15:43:07 16 0.342 0.275
2024_0412_15:43:27 16 -0.017 0.083
2024_0412_15:43:38 16 95.086 96.106
2024_0412_15:45:53 16 23.636 14.575
2024_0412_15:46:43 16 39.952 42.374
2024_0412_15:47:10 16 -2.698 27.427
2024_0412_15:47:11 16 10.348 -9.832
2024_0412_15:48:04 16 0.438 0.594
2024_0412_15:48:21 16 96.806 95.646
2024_0412_15:48:37 16 96.895 96.798
2024_0412_15:48:40 17 97.592 -0.666
2024_0412_15:48:41 17 29.244 0.079
2024_0412_15:48:41 17 7.483 -7.6
2024_0412_15:48:42 16 96.746 96.336
2024_0412_15:49:03 17 15.704 15.511
2024_0412_15:49:22 17 96.05 96.403
2024_0412_15:49:26 16 95.294 95.394
2024_0412_15:49:35 17 16.599 -16.861
2024_0412_15:49:36 16 -0.718 2.789
2024_0412_15:52:11 17 60.473 -11.66
2024_0412_15:52:36 17 10.273 -10.052
2024_0412_15:53:01 17 0.229 0.227
2024_0412_15:53:07 17 96.201 96.34
2024_0412_15:54:06 17 80.632 85.584
2024_0412_15:54:19 17 48.432 95.982
2024_0412_15:54:31 17 96.659 96.617
2024_0412_15:54:35 17 -0.407 -0.159
2024_0412_15:54:38 17 96.902 96.454
2024_0412_15:54:38 17 95.946 96.591
2024_0412_15:54:51 17 0.091 -0.042
2024_0412_15:55:01 17 0.221 -0.805
2024_0412_15:55:25 17 42.653 44.311
2024_0412_15:55:34 17 -0.107 0.104
2024_0412_15:56:48 17 96.275 96.376
2024_0412_15:57:09 17 0.116 0.089
2024_0412_15:58:27 17 95.726 96.297
2024_0412_15:58:30 17 -0.589 -0.323
2024_0412_15:58:53 17 -3.101 8.156
2024_0412_15:59:04 17 94.478 96.752
2024_0412_16:00:02 17 -0.504 0.127
2024_0412_16:00:15 17 96.778 97.584
2024_0412_16:00:25 17 96.808 96.867
2024_0412_16:00:32 18 96.865 97.085
2024_0412_16:00:33 18 -9.939 9.695
2024_0412_16:00:34 18 0.465 -0.316
2024_0412_16:01:00 18 47.636 97.333
2024_0412_16:01:05 18 0.259 -0.344
2024_0412_16:01:24 18 -0.431 0.347
2024_0412_16:01:31 18 -0.052 2.484
2024_0412_16:03:52 18 0.365 3.097
2024_0412_16:04:28 18 -8.148 21.817
2024_0412_16:04:42 18 96.292 96.278
2024_0412_16:04:47 18 -0.27 0.554
2024_0412_16:04:57 18 -33.535 33.263
2024_0412_16:05:09 18 4.618 -3.782
2024_0412_16:05:55 18 81.451 11.675
2024_0412_16:06:09 18 8.245 7.526
2024_0412_16:06:25 18 0.044 0.016
2024_0412_16:06:27 18 96.685 97.294
2024_0412_16:06:28 18 96.94 95.947
2024_0412_16:06:29 18 -0.036 -0.097
2024_0412_16:06:53 18 0.509 2.086
2024_0412_16:07:19 18 96.995 97.111
2024_0412_16:07:22 18 96.171 96.632
2024_0412_16:07:27 18 22.914 14.555
2024_0412_16:10:24 18 -0.994 -0.608
2024_0412_16:10:42 18 -0.156 -0.285
2024_0412_16:10:55 18 96.179 96.428
2024_0412_16:10:56 18 94.944 95.851
2024_0412_16:10:59 18 96.118 96.153
2024_0412_16:11:49 18 -15.543 15.077
2024_0412_16:12:08 18 -12.537 78.988
2024_0412_16:12:15 18 99.998 -49.999
2024_0412_16:12:15 18 -0.01 -0.915
2024_0412_16:12:20 18 43.01 -42.59
2024_0412_16:12:27 18 97.043 97.025
2024_0412_16:12:57 19 0.127 0.195
2024_0412_16:13:06 18 96.947 96.849
2024_0412_16:13:18 19 10.065 -9.888
2024_0412_16:13:22 19 52.004 69.519
2024_0412_16:13:33 19 69.031 -4.831
2024_0412_16:16:24 19 58.4 69.668
2024_0412_16:16:35 19 96.161 46.963
2024_0412_16:16:51 19 66.647 -66.657
2024_0412_16:17:12 19 47.519 5.228
2024_0412_16:17:40 19 -1.289 1.411
2024_0412_16:17:59 19 99.998 99.998
2024_0412_16:18:07 19 16.223 -16.703
2024_0412_16:18:16 19 63.998 3.348
2024_0412_16:18:18 19 -99.996 99.998
2024_0412_16:18:32 19 0.548 0.31
2024_0412_16:18:40 19 -49.998 49.998
2024_0412_16:18:50 19 -47.24 47.327
2024_0412_16:19:12 19 96.177 95.531
2024_0412_16:19:15 19 0.028 0.543
2024_0412_16:19:48 20 -0.627 0.21
2024_0412_16:20:58 19 79.744 -79.808
2024_0412_16:22:20 20 96.066 47.06
2024_0412_16:22:24 20 -8.424 7.974
2024_0412_16:22:51 20 -0.021 0.01
2024_0412_16:23:31 20 96.405 95.991
2024_0412_16:23:34 20 96.977 96.891
2024_0412_16:23:51 20 11.936 12.626
2024_0412_16:24:01 20 95.78 92.761
2024_0412_16:24:38 20 21.323 31.088
2024_0412_16:24:45 20 0.083 0.272
2024_0412_16:25:08 20 96.348 96.46
2024_0412_16:25:10 20 96.91 96.881
2024_0412_16:25:49 20 12.639 -12.375
2024_0412_16:26:03 20 -1.512 -0.686
2024_0412_16:26:20 20 0.101 0.472
2024_0412_16:28:00 20 0.861 -0.198
2024_0412_16:28:09 20 -0.018 -0.518
2024_0412_16:28:14 20 -0.38 -0.494
2024_0412_16:28:30 20 47.702 -0.352
2024_0412_16:28:35 14 16.419 16.781
2024_0412_16:29:19 14 -0.577 0.25
2024_0412_16:29:37 15 96.553 97.019
2024_0412_16:29:39 14 47.976 48.271
2024_0412_16:29:48 15 15.431 15.194
2024_0412_16:30:22 15 43.245 11.221
2024_0412_16:30:31 16 16.976 16.072
2024_0412_16:30:57 20 46.02 98.01
2024_0412_16:38:51 20 96.532 95.951
2024_0412_16:44:42 2 96.393 96.549
2024_0412_16:44:43 7 96.517 96.306
2024_0412_16:44:43 7 96.457 96.067
2024_0412_16:44:43 7 96.192 96.426
2024_0412_16:44:44 7 95.84 96.199
2024_0412_16:44:45 7 96.361 96.029
2024_0412_16:44:45 7 96.34 96.336
2024_0412_16:44:46 2 96.042 96.175
2024_0412_16:44:47 1 96.881 96.842
2024_0412_16:44:48 7 96.336 96.418
2024_0412_16:44:51 4 95.49 96.098
2024_0412_16:45:03 7 96.546 96.457
2024_0412_16:45:04 7 96.445 96.773
2024_0412_16:46:13 6 96.99 96.924
2024_0412_16:47:19 3 95.813 96.279
2024_0412_16:49:06 7 96.452 96.542
2024_0412_16:50:30 8 96.121 96.56
2024_0412_16:50:34 9 97.137 97.251
2024_0412_16:50:34 10 96.838 95.901
2024_0412_16:50:37 10 97.03 96.792
2024_0412_16:50:38 10 96.464 96.693
2024_0412_16:50:39 11 96.848 96.942
2024_0412_16:50:39 10 96.775 96.375
2024_0412_16:50:40 11 -0.173 -0.345
2024_0412_16:50:41 11 -0.104 -0.028
2024_0412_16:50:42 10 96.453 96.736
2024_0412_16:51:12 11 96.794 96.968
2024_0412_16:51:38 11 96.826 96.926
2024_0412_16:53:21 11 -0.504 -0.095
2024_0412_16:53:28 11 -99.998 99.996
2024_0412_16:54:22 11 -49.998 49.999
2024_0412_16:54:56 11 96.138 96.672
2024_0412_16:56:18 11 -0.087 0.005
2024_0412_16:56:21 11 0.062 0.026
2024_0412_16:56:21 11 -49.999 99.998
2024_0412_16:56:21 11 0.131 -0.022
2024_0412_16:56:26 11 96.956 97.032
2024_0412_16:56:26 11 -0.109 -0.16
2024_0412_16:56:29 11 -0.672 0.339
2024_0412_16:56:29 11 96.165 96.328
2024_0412_16:56:32 11 96.081 95.998
2024_0412_16:56:33 11 96.631 96.567
2024_0412_16:57:18 11 95.871 95.855
2024_0412_16:57:24 11 0.859 -0.244
2024_0412_16:59:38 11 97.117 96.948
2024_0412_16:59:51 11 0.012 -0.036
2024_0412_17:00:38 11 -0.163 0.0
2024_0412_17:02:04 11 -0.527 -0.327
2024_0412_17:02:07 11 0.287 0.08
2024_0412_17:02:08 11 -0.287 0.091
2024_0412_17:02:09 11 0.337 0.084
2024_0412_17:02:14 11 96.1 96.603
2024_0412_17:02:16 11 -0.341 -0.269
2024_0412_17:02:18 11 96.592 96.49
2024_0412_17:02:22 11 0.047 -0.056
2024_0412_17:02:22 11 95.9 96.012
2024_0412_17:02:25 11 96.222 96.395
2024_0412_17:03:09 11 0.068 -0.13
2024_0412_17:03:18 11 49.772 49.804
2024_0412_17:03:26 11 96.994 96.803
2024_0412_17:05:46 11 -0.254 -0.328
2024_0412_17:06:21 11 -0.332 -0.277
2024_0412_17:06:49 11 -0.112 -0.158
2024_0412_17:07:51 11 49.999 -99.998
2024_0412_17:07:52 11 -0.324 0.017
2024_0412_17:07:56 11 -0.067 0.304
2024_0412_17:07:56 11 -0.154 -0.333
2024_0412_17:08:02 11 96.184 96.046
2024_0412_17:08:05 11 0.277 -0.25
2024_0412_17:08:08 11 0.131 -0.197
2024_0412_17:08:13 11 0.075 0.346
2024_0412_17:08:14 11 -0.437 0.24
2024_0412_17:08:17 11 -0.407 -0.032
2024_0412_17:09:07 11 0.187 -0.066
2024_0412_17:09:32 11 48.062 18.252
2024_0412_17:11:51 11 0.519 -0.371
2024_0412_17:12:08 11 99.996 99.996
2024_0412_17:12:11 11 96.334 96.362
2024_0412_17:13:36 11 -0.102 0.288
2024_0412_17:13:40 11 96.683 96.203
2024_0412_17:13:41 11 -0.328 -0.401
2024_0412_17:13:42 11 0.29 -0.419
2024_0412_17:13:52 11 95.825 96.518
2024_0412_17:13:54 11 47.916 -0.635
2024_0412_17:13:59 11 97.002 96.931
2024_0412_17:13:59 11 96.344 96.407
2024_0412_17:14:00 11 -50.0 -99.996
2024_0412_17:14:04 11 0.098 -0.005
2024_0412_17:14:12 11 0.413 -0.397
2024_0412_17:14:56 11 96.432 96.04
2024_0412_17:15:36 11 0.313 -0.669
2024_0412_17:17:55 11 -49.999 99.998
2024_0412_17:18:00 11 0.292 0.261
2024_0412_17:18:51 11 96.372 96.102
2024_0412_17:19:23 11 -0.116 -0.149
2024_0412_17:19:27 11 -0.211 0.393
2024_0412_17:19:27 11 0.745 0.464
2024_0412_17:19:34 11 0.859 0.187
2024_0412_17:19:42 11 96.142 96.44
2024_0412_17:19:45 11 -0.402 -0.447
2024_0412_17:19:46 11 -0.209 -0.214
2024_0412_17:19:47 11 17.595 18.287
2024_0412_17:19:49 11 -99.998 -99.996
2024_0412_17:19:55 11 97.122 96.859
2024_0412_17:20:43 11 0.315 0.135
2024_0412_17:21:40 11 -0.013 -0.161
2024_0412_17:22:50 11 0.672 0.12
2024_0412_17:23:57 11 95.411 95.694
2024_0412_17:24:00 11 0.491 0.089
2024_0412_17:25:08 11 -0.258 -0.317
2024_0412_17:25:12 11 0.128 0.362
2024_0412_17:25:13 11 0.378 -0.108
2024_0412_17:25:16 11 96.446 96.324
2024_0412_17:25:18 11 96.934 96.857
2024_0412_17:25:34 11 96.942 97.67
2024_0412_17:25:37 11 -0.748 -0.241
2024_0412_17:25:37 11 96.908 97.144
2024_0412_17:25:42 11 96.941 96.987
2024_0412_17:25:45 11 96.858 96.919
2024_0412_17:26:29 11 -0.609 0.215
2024_0412_17:27:45 11 -0.229 0.355
2024_0412_17:29:22 11 95.773 95.936
2024_0412_17:29:47 11 -0.585 -0.097
2024_0412_17:29:48 11 96.578 96.2
2024_0412_17:30:09 11 -0.146 0.016
2024_0412_17:30:59 11 96.903 96.973
2024_0412_17:31:02 11 96.797 96.59
2024_0412_17:31:03 11 0.165 -0.075
2024_0412_17:31:05 11 96.461 96.641
2024_0412_17:31:08 11 96.316 95.647
2024_0412_17:31:21 11 0.422 -0.267
2024_0412_17:31:23 11 -0.532 -0.206
2024_0412_17:31:26 11 -0.328 -0.014
2024_0412_17:31:29 11 43.7 18.316
2024_0412_17:31:39 11 0.117 -0.502
2024_0412_17:32:16 11 -99.998 49.999
2024_0412_17:35:35 11 -99.999 99.999
2024_0412_17:35:37 11 0.116 0.381
2024_0412_17:35:54 11 96.745 97.129
2024_0412_17:36:02 11 0.053 0.321
2024_0412_17:36:50 11 -0.307 -0.819
2024_0412_17:36:55 11 96.28 95.91
2024_0412_17:36:56 11 -0.545 -0.146
2024_0412_17:36:57 11 3.989 3.365
2024_0412_17:36:58 11 -0.025 0.011
2024_0412_17:37:06 11 0.028 0.439
2024_0412_17:37:06 11 99.998 -49.999
2024_0412_17:37:09 11 0.003 0.259
2024_0412_17:37:12 11 49.998 -99.994
2024_0412_17:37:22 11 96.108 96.098
2024_0412_17:37:30 11 0.226 -0.242
2024_0412_17:38:03 11 0.391 -0.194
2024_0412_17:41:23 11 0.126 0.146
2024_0412_17:41:43 11 -0.008 0.117
2024_0412_17:41:58 11 -0.406 -0.05
2024_0412_17:42:39 11 96.27 96.418
2024_0412_17:42:42 11 0.388 -0.111
2024_0412_17:42:43 11 0.169 0.516
2024_0412_17:42:46 11 1.293 0.563
2024_0412_17:42:47 11 0.04 0.106
2024_0412_17:42:57 12 96.12 95.843
2024_0412_17:42:59 12 96.95 97.064
2024_0412_17:43:03 12 18.384 17.736
2024_0412_17:43:20 12 96.813 96.983
2024_0412_17:43:24 12 97.008 96.741
2024_0412_17:43:48 12 0.458 -0.03
2024_0412_17:44:01 11 0.76 -0.181
2024_0412_17:45:41 11 -0.065 0.067
2024_0412_17:47:09 12 99.998 99.996
2024_0412_17:47:46 12 99.998 99.998
2024_0412_17:48:02 12 -99.998 49.999
2024_0412_17:48:30 12 -0.076 1.814
2024_0412_17:48:33 12 96.373 96.179
2024_0412_17:48:34 12 -0.334 0.016
2024_0412_17:48:36 12 95.864 96.417
2024_0412_17:48:37 12 97.212 97.362
2024_0412_17:48:46 12 56.274 -0.607
2024_0412_17:48:46 12 -2.442 48.003
2024_0412_17:48:52 12 17.723 9.622
2024_0412_17:49:10 12 -99.996 100.0
2024_0412_17:49:13 12 0.356 -0.705
2024_0412_17:49:39 12 96.508 96.602
2024_0412_17:50:37 12 0.346 -0.346
2024_0412_17:53:02 12 96.203 96.35
2024_0412_17:53:24 12 47.828 96.361
2024_0412_17:53:51 12 96.8 96.795
2024_0412_17:54:07 12 -0.121 -0.146
2024_0412_17:54:21 12 -0.285 -0.121
2024_0412_17:54:22 12 0.55 -0.403
2024_0412_17:54:27 12 0.067 -0.022
2024_0412_17:54:37 12 96.598 96.559
2024_0412_17:54:43 12 96.313 96.301
2024_0412_17:54:43 12 0.272 0.051
2024_0412_17:54:44 12 97.148 97.232
2024_0412_17:55:05 12 -0.024 -0.333
2024_0412_17:55:31 12 -0.496 0.049
2024_0412_17:55:56 12 97.381 97.337
2024_0412_17:56:28 12 0.779 -0.251
2024_0412_17:57:00 12 0.284 -0.016
2024_0412_17:58:51 12 0.043 0.605
2024_0412_17:59:15 12 96.533 95.999
2024_0412_17:59:57 12 4.189 0.479
2024_0412_18:00:10 12 0.001 -0.069
2024_0412_18:00:13 12 77.598 77.722
2024_0412_18:00:17 12 0.324 0.226
2024_0412_18:00:19 12 96.842 95.467
2024_0412_18:00:28 12 47.794 96.409
2024_0412_18:00:29 12 0.118 0.235
2024_0412_18:00:34 12 96.487 95.383
2024_0412_18:00:36 12 96.324 96.248
2024_0412_18:00:59 12 97.428 98.064
2024_0412_18:01:19 12 -0.099 -0.746
2024_0412_18:02:25 12 77.551 77.866
2024_0412_18:04:21 12 95.892 96.314
2024_0412_18:04:44 12 96.849 48.954
2024_0412_18:05:08 12 97.004 96.917
2024_0412_18:05:35 12 96.78 97.008
2024_0412_18:06:00 12 -1.572 72.761
2024_0412_18:06:03 12 0.152 -0.687
2024_0412_18:06:04 12 47.975 48.166
2024_0412_18:06:07 12 0.489 -0.208
2024_0412_18:06:11 12 -0.085 -0.045
2024_0412_18:06:20 12 -0.065 -0.511
2024_0412_18:06:24 12 95.999 96.475
2024_0412_18:06:30 12 96.563 96.417
2024_0412_18:06:31 12 96.091 96.281
2024_0412_18:06:51 12 -0.175 -0.112
2024_0412_18:07:09 12 96.173 92.666
2024_0412_18:08:18 12 0.072 -0.4
2024_0412_18:10:33 12 -0.051 0.587
2024_0412_18:11:00 12 96.872 96.869
2024_0412_18:11:44 12 0.276 0.019
2024_0412_18:11:55 12 96.358 96.722
2024_0412_18:11:55 12 -0.383 0.345
2024_0412_18:12:00 12 96.505 95.608
2024_0412_18:12:08 12 -0.036 0.132
2024_0412_18:12:10 12 1.79 0.916
2024_0412_18:12:14 12 -0.277 0.04
2024_0412_18:12:24 12 96.843 97.088
2024_0412_18:12:41 12 96.029 96.171
2024_0412_18:12:43 12 -0.432 0.111
2024_0412_18:13:01 12 96.121 96.841
2024_0412_18:13:10 12 96.877 97.089
2024_0412_18:13:31 12 23.894 24.537
2024_0412_18:14:10 12 96.554 96.646
2024_0412_18:16:19 12 0.032 0.005
2024_0412_18:16:47 12 49.998 49.998
2024_0412_18:17:32 12 -0.076 -0.056
2024_0412_18:17:44 12 96.868 96.875
2024_0412_18:17:46 12 96.436 95.937
2024_0412_18:17:50 12 -0.255 0.074
2024_0412_18:17:53 12 -99.994 -99.999
2024_0412_18:18:04 12 96.532 96.113
2024_0412_18:18:18 12 95.919 96.384
2024_0412_18:18:19 12 96.513 94.23
2024_0412_18:18:42 12 96.825 96.742
2024_0412_18:18:49 12 -49.998 -99.996
2024_0412_18:18:56 12 95.8 95.589
2024_0412_18:20:03 12 96.376 97.987
2024_0412_18:21:23 12 97.37 97.335
2024_0412_18:21:52 12 96.832 97.132
2024_0412_18:22:07 12 96.633 96.545
2024_0412_18:22:41 12 -41.594 49.233
2024_0412_18:23:21 12 -55.541 59.842
2024_0412_18:23:37 12 34.848 -34.875
2024_0412_18:23:38 12 95.933 96.495
2024_0412_18:23:42 12 96.945 97.02
2024_0412_18:23:45 12 50.347 50.592
2024_0412_18:23:55 12 72.522 89.121
2024_0412_18:24:04 12 0.09 0.294
2024_0412_18:24:25 12 0.228 -0.365
2024_0412_18:24:37 12 96.998 97.019
2024_0412_18:24:48 13 97.123 97.024
2024_0412_18:25:00 13 -1.866 2.131
2024_0412_18:25:58 13 10.872 -10.692
2024_0412_18:27:50 13 -0.271 -0.449
2024_0412_18:28:22 13 0.696 -0.619
2024_0412_18:28:34 13 -6.926 41.778
2024_0412_18:29:08 13 10.258 -10.076
2024_0412_18:29:19 13 -0.136 -0.48
2024_0412_18:29:25 13 0.486 -0.094
2024_0412_18:29:26 13 96.543 96.389
2024_0412_18:29:36 13 96.153 96.179
2024_0412_18:29:47 13 96.066 96.875
2024_0412_18:30:00 13 96.888 96.938
2024_0412_18:30:25 13 0.501 -0.014
2024_0412_18:30:32 13 -0.059 -0.271
2024_0412_18:30:35 13 18.044 17.618
2024_0412_18:31:10 13 -50.13 50.032
2024_0412_18:31:52 13 47.638 48.024
2024_0412_18:32:32 13 98.075 22.118
2024_0412_18:33:41 13 -0.44 -0.146
2024_0412_18:34:15 13 47.839 47.957
2024_0412_18:35:03 13 0.126 0.047
2024_0412_18:35:15 13 0.122 0.643
2024_0412_18:35:29 13 96.199 96.33
2024_0412_18:35:29 13 2.15 0.788
2024_0412_18:35:33 13 22.852 72.953
2024_0412_18:36:00 13 -0.358 -0.123
2024_0412_18:36:07 13 0.227 -0.418
2024_0412_18:36:17 13 0.23 0.102
2024_0412_18:36:17 13 -99.998 -99.998
2024_0412_18:36:25 13 47.892 48.042
2024_0412_18:36:42 13 0.373 -0.43
2024_0412_18:37:22 13 0.22 -0.124
2024_0412_18:37:48 13 -0.376 0.316
2024_0412_18:38:30 13 77.266 76.693
2024_0412_18:39:35 13 -1.185 96.34
2024_0412_18:40:04 13 -0.484 -0.207
2024_0412_18:40:52 13 0.063 0.399
2024_0412_18:41:08 13 -0.148 0.296
2024_0412_18:41:24 13 17.21 17.016
2024_0412_18:41:25 13 96.598 96.056
2024_0412_18:41:48 13 -0.223 0.031
2024_0412_18:42:11 13 97.345 97.401
2024_0412_18:42:13 13 -99.994 49.997
2024_0412_18:42:27 13 -0.387 -0.656
2024_0412_18:42:52 13 95.953 95.634
2024_0412_18:43:31 13 2.626 -0.615
2024_0412_18:43:37 13 -0.009 -0.168
2024_0412_18:43:56 13 97.099 97.201
2024_0412_18:44:21 13 -2.094 48.77
2024_0412_18:44:38 13 96.412 96.162
2024_0412_18:45:20 13 0.048 -0.116
2024_0412_18:45:51 13 0.517 -0.107
2024_0412_18:46:41 13 70.701 72.806
2024_0412_18:46:54 13 -8.365 8.053
2024_0412_18:47:12 13 0.208 0.12
2024_0412_18:47:18 13 96.243 96.561
2024_0412_18:47:39 13 1.36 0.07
2024_0412_18:48:00 13 47.366 47.816
2024_0412_18:48:02 13 -49.999 99.998
2024_0412_18:48:15 13 3.009 -1.695
2024_0412_18:49:01 13 96.914 96.912
2024_0412_18:49:34 13 96.541 96.236
2024_0412_18:49:45 13 47.216 -43.022
2024_0412_18:50:10 13 0.604 0.536
2024_0412_18:51:11 13 -3.762 47.693
2024_0412_18:51:37 13 0.062 0.28
2024_0412_18:52:11 13 -0.101 -0.536
2024_0412_18:52:34 13 -10.346 9.655
2024_0412_18:52:41 13 1.255 1.292
2024_0412_18:53:02 13 0.188 0.134
2024_0412_18:53:10 13 96.298 97.017
2024_0412_18:53:16 13 -99.999 -99.996
2024_0412_18:53:27 13 -0.166 0.457
2024_0412_18:53:50 13 -10.272 10.186
2024_0412_18:53:54 13 0.593 0.168
2024_0412_18:54:01 13 0.087 0.186
2024_0412_18:55:09 13 96.324 96.603
2024_0412_18:55:25 13 50.0 -99.998
2024_0412_18:55:54 13 31.683 32.542
2024_0412_18:55:59 13 95.518 96.089
2024_0412_18:57:00 13 96.813 95.898
2024_0412_18:57:22 13 96.902 97.035
2024_0412_18:58:27 13 96.912 96.863
2024_0412_18:58:29 13 1.315 -0.172
2024_0412_18:58:55 13 -0.68 48.279
2024_0412_18:58:58 13 0.086 -0.062
2024_0412_18:59:20 13 0.038 0.078
2024_0412_18:59:40 13 96.461 95.58
2024_0412_18:59:43 13 0.004 0.527
2024_0412_18:59:53 13 96.486 96.09
2024_0412_19:01:02 13 0.049 -0.338
2024_0412_19:01:16 13 -0.145 -0.127
2024_0412_19:01:16 13 0.222 -0.408
2024_0412_19:01:20 13 -3.404 33.258
2024_0412_19:01:46 13 49.999 -49.999
2024_0412_19:02:05 13 0.058 -0.549
2024_0412_19:02:51 13 0.39 -0.727
2024_0412_19:03:11 13 0.019 0.741
2024_0412_19:04:16 13 0.125 -0.224
2024_0412_19:04:20 13 94.743 96.492
2024_0412_19:04:44 13 97.218 97.113
2024_0412_19:05:11 13 3.499 2.573
2024_0412_19:05:32 13 0.193 0.041
2024_0412_19:07:25 13 16.99 17.16
2024_0412_19:07:37 13 97.97 47.857
2024_0412_19:08:16 13 -1.611 48.865
2024_0412_19:08:29 13 49.006 96.61
2024_0412_19:08:42 13 54.988 18.06
2024_0412_19:08:46 13 47.518 47.629
2024_0412_19:09:01 13 96.743 96.816
2024_0412_19:09:15 13 4.809 36.014
2024_0412_19:09:20 13 -0.199 -0.427
2024_0412_19:10:11 13 96.682 96.956
2024_0412_19:10:12 13 96.268 96.146
2024_0412_19:10:23 13 95.533 96.812
2024_0412_19:11:01 13 19.05 18.71
2024_0412_19:11:22 13 0.615 0.301
2024_0412_19:11:54 13 96.413 96.211
2024_0412_19:13:26 13 0.578 -0.745
2024_0412_19:13:33 13 48.151 47.943
2024_0412_19:14:22 13 0.05 -0.497
2024_0412_19:14:31 13 0.445 0.491
2024_0412_19:14:33 13 97.637 96.936
2024_0412_19:14:43 13 96.827 95.68
2024_0412_19:14:52 13 0.327 -0.137
2024_0412_19:15:04 13 0.275 0.418
2024_0412_19:15:11 13 0.533 0.124
2024_0412_19:15:34 13 -0.055 -0.616
2024_0412_19:16:01 13 -0.334 -0.686
2024_0412_19:16:02 13 0.02 -0.624
2024_0412_19:16:58 13 0.236 -0.344
2024_0412_19:17:15 13 -0.101 -0.118
2024_0412_19:17:57 13 96.632 48.766
2024_0412_19:19:18 13 0.754 -0.243
2024_0412_19:19:42 13 -3.298 48.42
2024_0412_19:19:44 13 -0.03 0.041
2024_0412_19:20:18 13 0.118 -0.357
2024_0412_19:20:28 13 96.672 96.629
2024_0412_19:20:41 13 95.68 91.516
2024_0412_19:20:45 13 -0.445 -0.207
2024_0412_19:20:58 13 93.467 96.343
2024_0412_19:21:02 13 -0.301 0.346
2024_0412_19:21:06 13 -0.607 -0.793
2024_0412_19:21:53 13 52.397 -52.556
2024_0412_19:21:55 13 96.775 96.993
2024_0412_19:21:59 13 0.231 0.089
2024_0412_19:22:55 13 96.747 79.986
2024_0412_19:23:09 13 7.637 28.881
2024_0412_19:23:48 13 96.075 95.888
2024_0412_19:25:08 13 0.033 0.165
2024_0412_19:25:54 13 97.574 96.904
2024_0412_19:26:09 13 96.707 94.351
2024_0412_19:26:18 13 -1.225 2.0
2024_0412_19:26:29 13 -0.231 -0.503
2024_0412_19:26:30 13 -33.376 33.165
2024_0412_19:26:39 13 96.73 96.468
2024_0412_19:26:47 13 -0.367 0.012
2024_0412_19:26:59 13 0.268 46.944
2024_0412_19:27:44 13 47.771 48.004
2024_0412_19:27:48 13 96.941 96.636
2024_0412_19:28:11 13 76.215 77.031
2024_0412_19:28:50 13 14.562 14.506
2024_0412_19:29:05 13 96.423 96.931
2024_0412_19:29:38 13 17.619 17.227
2024_0412_19:30:34 13 -2.875 -2.873
2024_0412_19:31:01 13 0.143 0.04
2024_0412_19:32:00 13 0.226 -0.206
2024_0412_19:32:10 13 96.699 96.556
2024_0412_19:32:13 13 0.376 0.237
2024_0412_19:32:22 13 14.126 31.879
2024_0412_19:32:34 13 97.667 96.813
2024_0412_19:32:41 13 96.488 96.42
2024_0412_19:32:53 13 20.086 -20.471
2024_0412_19:33:37 14 96.2 96.005
2024_0412_19:33:39 14 -0.001 0.36
2024_0412_19:33:39 13 22.447 21.362
2024_0412_19:34:22 14 95.632 96.115
2024_0412_19:34:45 14 -0.216 0.229
2024_0412_19:34:59 14 -0.302 0.156
2024_0412_19:35:31 14 -11.866 13.814
2024_0412_19:37:19 14 96.978 96.911
2024_0412_19:37:53 14 -0.057 0.031
2024_0412_19:38:09 14 96.437 96.499
2024_0412_19:38:13 14 -0.158 -0.029
2024_0412_19:38:28 14 0.454 -0.085
2024_0412_19:38:40 14 -0.116 -0.001
2024_0412_19:39:03 14 15.394 23.852
2024_0412_19:39:25 14 -0.142 -0.263
2024_0412_19:39:35 14 -0.097 -0.095
2024_0412_19:39:51 14 0.568 66.276
2024_0412_19:39:53 14 96.57 96.147
2024_0412_19:39:58 14 99.996 -49.998
2024_0412_19:40:21 14 96.408 96.091
2024_0412_19:40:44 14 96.433 46.71
2024_0412_19:40:56 14 97.003 96.965
2024_0412_19:41:21 14 -0.52 0.027
2024_0412_19:43:45 14 0.397 -0.423
2024_0412_19:43:59 14 0.414 0.034
2024_0412_19:44:07 14 1.651 1.92
2024_0412_19:44:09 14 96.926 96.445
2024_0412_19:44:16 14 -49.998 99.996
2024_0412_19:44:38 14 -0.524 -0.546
2024_0412_19:44:59 14 17.081 15.574
2024_0412_19:45:19 14 96.228 96.391
2024_0412_19:45:28 14 -0.491 46.578
2024_0412_19:46:00 14 0.374 -0.017
2024_0412_19:46:18 14 96.752 96.981
2024_0412_19:46:21 14 67.188 87.034
2024_0412_19:46:36 14 0.005 -0.002
2024_0412_19:46:45 14 8.397 -7.59
2024_0412_19:47:10 14 -0.025 -0.495
2024_0412_19:49:10 14 -0.308 0.322
2024_0412_19:49:38 14 96.179 47.3
2024_0412_19:49:57 14 -0.319 -0.341
2024_0412_19:50:00 14 11.968 11.812
2024_0412_19:50:11 14 9.738 -9.63
2024_0412_19:50:11 14 95.607 95.728
2024_0412_19:50:27 14 -0.319 0.211
2024_0412_19:50:57 14 96.489 96.656
2024_0412_19:51:06 14 0.182 -0.014
2024_0412_19:51:22 14 10.343 72.544
2024_0412_19:52:06 14 -0.201 -0.033
2024_0412_19:52:06 14 -49.999 -49.998
2024_0412_19:52:30 14 91.216 96.469
2024_0412_19:52:33 14 -16.24 17.188
2024_0412_19:52:58 14 -0.365 -0.065
2024_0412_19:55:15 14 96.902 96.892
2024_0412_19:55:33 14 -10.237 9.603
2024_0412_19:55:55 14 97.16 95.94
2024_0412_19:55:57 14 96.44 96.451
2024_0412_19:56:09 14 -10.086 9.877
2024_0412_19:56:09 14 96.832 97.026
2024_0412_19:56:22 14 96.841 47.665
2024_0412_19:56:24 14 96.064 97.4
2024_0412_19:56:53 14 42.199 42.059
2024_0412_19:57:05 14 96.692 96.574
2024_0412_19:57:20 14 96.575 96.453
2024_0412_19:58:11 14 94.345 53.41
2024_0412_19:58:20 14 -1.257 -1.175
2024_0412_19:58:29 14 0.338 -0.061
2024_0412_19:58:29 14 -0.121 0.339
2024_0412_19:58:57 14 8.927 17.961
2024_0412_20:01:29 14 0.067 -0.017
2024_0412_20:01:49 14 0.247 -0.545
2024_0412_20:01:55 14 47.68 96.334
2024_0412_20:02:11 14 -0.102 -0.438
2024_0412_20:02:16 14 -0.315 -0.063
2024_0412_20:02:20 14 48.137 54.252
2024_0412_20:02:50 14 0.418 0.222
2024_0412_20:02:58 14 10.457 10.556
2024_0412_20:03:15 14 0.984 12.243
2024_0412_20:03:18 14 96.173 96.244
2024_0412_20:04:12 14 96.391 96.75
2024_0412_20:04:21 14 -20.121 19.347
2024_0412_20:04:27 14 0.809 0.572
2024_0412_20:04:27 14 0.101 0.174
2024_0412_20:04:40 14 95.629 96.826
2024_0412_20:04:55 14 96.251 96.357
2024_0412_20:07:22 14 97.05 96.652
2024_0412_20:07:42 14 -0.381 -0.352
2024_0412_20:07:48 14 99.998 -49.999
2024_0412_20:08:01 14 -0.384 0.015
2024_0412_20:08:11 14 0.293 -0.248
2024_0412_20:08:49 14 96.133 95.909
2024_0412_20:09:07 14 0.196 -0.304
2024_0412_20:09:13 14 -12.51 22.703
2024_0412_20:09:21 14 -0.246 -0.26
2024_0412_20:10:14 14 96.767 96.77
2024_0412_20:10:16 14 96.843 96.917
2024_0412_20:10:24 14 0.198 0.16
2024_0412_20:10:52 14 22.461 46.399
2024_0412_20:11:05 14 0.349 -0.007
2024_0412_20:12:15 14 42.173 96.766
2024_0412_20:12:37 14 0.559 4.004
2024_0412_20:13:21 14 96.207 96.557
2024_0412_20:13:42 14 46.87 3.842
2024_0412_20:13:49 14 50.357 44.781
2024_0412_20:13:56 14 -33.621 33.79
2024_0412_20:14:05 14 0.497 1.422
2024_0412_20:14:47 14 0.143 -0.029
2024_0412_20:15:08 14 -0.153 95.007
2024_0412_20:15:33 14 95.495 95.807
2024_0412_20:16:08 14 96.43 95.784
2024_0412_20:16:10 14 47.844 3.114
2024_0412_20:16:11 14 -0.292 0.497
2024_0412_20:16:22 14 0.383 -0.934
2024_0412_20:16:48 14 59.973 -60.057
2024_0412_20:18:10 14 0.078 0.619
2024_0412_20:18:47 14 77.125 76.897
2024_0412_20:19:20 14 96.694 96.177
2024_0412_20:19:37 14 95.251 96.377
2024_0412_20:19:56 14 97.183 31.79
2024_0412_20:20:00 14 0.166 0.432
2024_0412_20:20:35 14 96.647 47.464
2024_0412_20:20:45 14 0.411 0.16
2024_0412_20:21:06 14 0.108 -0.065
2024_0412_20:21:46 14 95.925 96.013
2024_0412_20:22:04 14 0.247 0.132
2024_0412_20:22:07 14 96.331 96.356
2024_0412_20:22:08 14 9.5 18.641
2024_0412_20:22:16 14 -0.191 -0.099
2024_0412_20:22:49 14 49.559 96.906
2024_0412_20:23:01 14 -0.003 0.387
2024_0412_20:24:04 14 -1.215 34.078
2024_0412_20:25:02 14 95.89 48.779
2024_0412_20:25:17 14 95.891 95.801
2024_0412_20:25:34 14 13.439 -21.93
2024_0412_20:25:54 14 96.788 96.836
2024_0412_20:25:55 14 97.05 96.839
2024_0412_20:26:44 14 97.479 96.963
2024_0412_20:27:01 14 -0.354 -0.38
2024_0412_20:27:58 14 -35.746 35.602
2024_0412_20:27:58 14 -2.189 50.375
2024_0412_20:28:04 14 0.519 -0.055
2024_0412_20:28:06 14 32.718 47.917
2024_0412_20:28:08 14 96.233 95.297
2024_0412_20:28:44 14 1.349 -0.04
2024_0412_20:30:07 14 48.342 48.009
2024_0412_20:30:14 14 47.952 48.846
2024_0412_20:30:35 14 95.777 95.681
2024_0412_20:31:12 14 96.286 95.845
2024_0412_20:31:14 14 0.54 0.122
2024_0412_20:31:27 14 96.026 95.272
2024_0412_20:31:49 14 96.452 95.631
2024_0412_20:31:51 14 48.233 -1.244
2024_0412_20:32:38 14 -33.46 33.301
2024_0412_20:33:00 14 -0.39 0.201
2024_0412_20:33:52 14 49.645 -1.274
2024_0412_20:34:01 14 99.998 49.999
2024_0412_20:34:02 14 96.439 96.58
2024_0412_20:34:03 14 72.182 -4.445
2024_0412_20:34:42 14 -0.293 0.187
2024_0412_20:36:01 14 4.87 43.17
2024_0412_20:36:24 14 -8.564 8.679
2024_0412_20:36:55 14 96.226 96.713
2024_0412_20:37:05 14 -0.207 0.175
2024_0412_20:37:25 14 96.026 96.29
2024_0412_20:37:42 14 -0.065 0.171
2024_0412_20:37:47 14 96.429 95.59
2024_0412_20:38:34 14 -0.107 0.407
2024_0412_20:38:39 14 96.828 96.523
2024_0412_20:38:55 14 -0.385 -0.122
2024_0412_20:39:45 14 0.776 -0.279
2024_0412_20:39:53 14 96.019 96.756
2024_0412_20:39:59 14 97.097 96.364
2024_0412_20:40:01 14 0.1 0.021
2024_0412_20:40:17 14 -9.497 10.425
2024_0412_20:40:42 15 29.259 29.843
2024_0412_20:42:00 15 1.439 2.109
2024_0412_20:43:08 15 96.107 96.732
2024_0412_20:43:10 15 96.13 96.23
2024_0412_20:43:22 15 31.752 1.011
2024_0412_20:43:37 15 -0.714 0.159
2024_0412_20:44:05 15 95.21 96.276
2024_0412_20:44:48 15 -0.09 -0.196
2024_0412_20:45:31 15 9.526 -9.87
2024_0412_20:45:42 15 94.043 94.384
2024_0412_20:45:49 15 -0.156 0.361
2024_0412_20:45:56 15 95.486 96.107
2024_0412_20:45:59 15 96.337 72.823
2024_0412_20:46:07 15 -0.074 -0.005
2024_0412_20:46:41 15 18.927 19.492
2024_0412_20:47:58 15 48.969 -18.081
2024_0412_20:48:20 15 21.568 97.732
2024_0412_20:49:07 15 12.675 -13.156
2024_0412_20:49:23 15 32.252 -18.78
2024_0412_20:49:27 15 -0.026 -7.823
2024_0412_20:49:38 15 96.502 96.421
2024_0412_20:50:15 15 -0.197 0.184
2024_0412_20:50:21 15 96.505 95.387
2024_0412_20:50:50 15 0.704 -0.329
2024_0412_20:51:25 15 -0.299 0.535
2024_0412_20:51:42 15 95.226 48.656
2024_0412_20:51:53 15 97.013 97.004
2024_0412_20:51:59 15 5.891 -5.788
2024_0412_20:51:59 15 86.32 58.324
2024_0412_20:52:48 15 95.983 95.614
2024_0412_20:53:17 15 97.55 47.886
2024_0412_20:54:02 15 96.99 97.049
2024_0412_20:54:26 15 -0.717 0.221
2024_0412_20:55:06 15 7.992 -8.358
2024_0412_20:55:25 15 47.754 95.708
2024_0412_20:55:36 15 -8.331 8.231
2024_0412_20:56:33 15 -0.431 0.114
2024_0412_20:56:48 15 0.041 -0.231
2024_0412_20:57:20 15 94.271 97.599
2024_0412_20:57:46 15 96.395 96.042
2024_0412_20:57:55 15 96.633 96.693
2024_0412_20:58:01 15 93.384 95.923
2024_0412_20:58:05 15 96.201 95.753
2024_0412_20:58:53 15 96.901 97.739
2024_0412_20:59:56 15 97.75 97.124
2024_0412_20:59:57 15 26.694 -4.77
2024_0412_21:00:05 15 96.857 96.971
2024_0412_21:00:23 15 -0.037 0.399
2024_0412_21:00:51 15 96.451 96.414
2024_0412_21:01:12 15 -0.691 7.182
2024_0412_21:01:23 15 37.167 37.109
2024_0412_21:01:39 15 -3.097 3.151
2024_0412_21:02:48 15 18.071 17.526
2024_0412_21:02:50 15 76.704 76.222
2024_0412_21:03:25 15 2.658 -1.505
2024_0412_21:03:49 15 -0.048 0.22
2024_0412_21:03:58 15 96.135 47.767
2024_0412_21:04:10 15 96.305 96.26
2024_0412_21:04:11 15 3.217 4.73
2024_0412_21:05:00 15 49.195 48.989
2024_0412_21:06:06 15 -0.88 48.091
2024_0412_21:06:16 15 0.073 0.001
2024_0412_21:06:40 15 97.13 97.479
2024_0412_21:07:13 15 -9.706 10.556
2024_0412_21:07:28 15 95.928 48.491
2024_0412_21:07:41 15 -0.57 -0.057
2024_0412_21:08:49 15 23.767 21.024
2024_0412_21:09:01 15 0.194 0.097
2024_0412_21:09:24 15 49.998 -99.998
2024_0412_21:09:53 15 96.454 96.569
2024_0412_21:09:58 15 0.641 -0.504
2024_0412_21:10:14 15 -99.99 99.997
2024_0412_21:10:22 15 15.271 15.483
2024_0412_21:11:03 15 -0.203 -0.685
2024_0412_21:11:27 15 -0.005 0.011
2024_0412_21:12:18 15 -0.041 0.664
2024_0412_21:12:21 15 -1.326 49.593
2024_0412_21:12:47 15 95.652 96.327
2024_0412_21:13:12 15 96.255 96.448
2024_0412_21:13:31 15 43.027 43.079
2024_0412_21:13:46 15 47.408 97.526
2024_0412_21:14:51 15 48.4 48.399
2024_0412_21:15:17 15 96.944 96.851
2024_0412_21:15:26 15 -0.099 -0.51
2024_0412_21:15:26 15 0.014 -0.019
2024_0412_21:15:56 15 96.646 96.609
2024_0412_21:15:59 15 -9.648 10.157
2024_0412_21:16:17 15 -49.998 99.997
2024_0412_21:17:07 15 -0.284 -0.025
2024_0412_21:18:23 15 -12.916 47.371
2024_0412_21:18:30 15 96.269 47.777
2024_0412_21:18:42 15 0.492 0.569
2024_0412_21:18:56 15 0.018 -0.122
2024_0412_21:19:10 15 97.268 97.26
2024_0412_21:19:30 15 0.073 0.213
2024_0412_21:19:48 15 11.89 -11.362
2024_0412_21:20:10 15 96.805 86.305
2024_0412_21:20:49 15 0.368 -0.137
2024_0412_21:21:24 15 0.231 0.797
2024_0412_21:21:25 15 96.262 95.731
2024_0412_21:21:31 15 97.059 95.982
2024_0412_21:21:56 15 0.376 0.124
2024_0412_21:21:59 15 -0.502 46.406
2024_0412_21:22:22 15 -0.641 -0.025
2024_0412_21:23:10 15 77.2 77.019
2024_0412_21:24:19 15 -15.628 64.923
2024_0412_21:24:56 15 49.998 99.998
2024_0412_21:25:05 15 43.384 42.839
2024_0412_21:25:19 15 2.083 0.51
2024_0412_21:25:23 15 47.768 96.266
2024_0412_21:25:47 15 87.448 86.873
2024_0412_21:25:49 15 0.092 0.028
2024_0412_21:26:45 15 99.994 -99.998
2024_0412_21:27:23 15 0.024 0.305
2024_0412_21:27:28 15 98.969 -31.275
2024_0412_21:27:50 15 0.173 -0.322
2024_0412_21:27:56 15 -0.173 0.539
2024_0412_21:28:02 15 96.09 96.076
2024_0412_21:28:26 15 95.789 94.245
2024_0412_21:29:07 15 1.373 2.141
2024_0412_21:29:54 15 -0.44 0.286
2024_0412_21:30:21 15 95.941 96.322
2024_0412_21:31:06 15 50.973 50.492
2024_0412_21:31:36 15 96.165 94.048
2024_0412_21:31:45 15 -0.195 -0.259
2024_0412_21:31:50 15 2.487 2.864
2024_0412_21:32:39 15 82.706 86.958
2024_0412_21:32:45 15 4.085 -3.701
2024_0412_21:33:21 15 0.004 0.007
2024_0412_21:33:31 15 33.434 -33.323
2024_0412_21:33:53 15 -16.845 16.502
2024_0412_21:34:03 15 27.703 -27.237
2024_0412_21:34:03 15 96.236 95.714
2024_0412_21:34:24 15 3.16 -3.241
2024_0412_21:34:49 15 96.676 95.961
2024_0412_21:35:06 15 97.217 96.496
2024_0412_21:36:16 15 -11.199 9.8
2024_0412_21:37:15 15 -0.267 -0.49
2024_0412_21:37:42 15 -0.473 -0.024
2024_0412_21:37:46 15 -0.605 0.276
2024_0412_21:37:48 15 96.253 96.41
2024_0412_21:38:41 15 0.119 0.06
2024_0412_21:39:19 15 43.604 96.521
2024_0412_21:39:43 15 -0.134 -0.096
2024_0412_21:39:43 15 -9.584 10.937
2024_0412_21:39:55 15 96.579 95.67
2024_0412_21:40:01 15 47.825 -0.451
2024_0412_21:40:24 15 96.332 95.568
2024_0412_21:40:48 15 96.882 96.762
2024_0412_21:41:16 15 -0.483 -0.58
2024_0412_21:42:08 15 -0.179 -0.289
2024_0412_21:43:15 15 14.045 15.112
2024_0412_21:43:39 15 -19.976 20.845
2024_0412_21:43:39 15 95.969 96.453
2024_0412_21:44:01 15 18.751 19.561
2024_0412_21:44:03 15 0.178 -0.183
2024_0412_21:44:40 15 -0.324 -0.256
2024_0412_21:45:17 15 -0.197 -0.591
2024_0412_21:45:41 15 96.339 96.425
2024_0412_21:45:53 15 0.09 0.429
2024_0412_21:45:57 15 0.066 0.419
2024_0412_21:46:21 15 96.276 96.244
2024_0412_21:46:24 15 4.098 -3.93
2024_0412_21:46:47 15 96.829 96.808
2024_0412_21:47:08 15 -0.368 0.318
2024_0412_21:47:59 15 99.998 49.999
2024_0412_21:49:13 15 3.017 -3.017
2024_0412_21:49:36 15 96.41 96.214
2024_0412_21:49:36 15 97.21 96.384
2024_0412_21:50:15 15 0.771 0.092
2024_0412_21:50:21 16 -0.249 0.141
2024_0412_21:50:24 15 -0.369 0.381
2024_0412_21:50:37 16 19.565 -19.701
2024_0412_21:51:16 16 -0.131 -0.115
2024_0412_21:51:40 16 -10.802 10.325
2024_0412_21:51:47 16 47.486 0.829
2024_0412_21:51:54 16 97.371 97.213
2024_0412_21:52:32 16 96.075 96.565
2024_0412_21:53:03 16 64.952 -4.49
2024_0412_21:53:18 16 19.592 -18.481
2024_0412_21:53:54 16 16.941 -16.392
2024_0412_21:55:14 16 88.581 95.837
2024_0412_21:55:32 16 93.934 94.437
2024_0412_21:55:33 16 95.559 95.171
2024_0412_21:56:18 16 0.773 -0.157
2024_0412_21:56:30 16 50.643 50.189
2024_0412_21:56:36 16 97.775 97.012
2024_0412_21:56:51 16 16.72 -16.767
2024_0412_21:57:12 16 63.759 64.239
2024_0412_21:57:15 16 0.164 -0.23
2024_0412_21:57:38 16 -0.118 0.575
2024_0412_21:57:43 16 97.646 96.847
2024_0412_21:57:49 16 0.267 0.123
2024_0412_21:58:34 16 47.427 96.599
2024_0412_21:59:03 16 96.568 95.986
2024_0412_21:59:55 16 -0.354 0.306
2024_0412_22:01:11 16 16.593 -16.654
2024_0412_22:01:27 16 16.717 -16.846
2024_0412_22:01:31 16 96.936 96.809
2024_0412_22:02:14 16 -29.223 65.017
2024_0412_22:02:33 16 -6.94 6.815
2024_0412_22:02:42 16 96.849 95.85
2024_0412_22:02:49 16 96.542 96.558
2024_0412_22:03:11 16 -0.036 0.047
2024_0412_22:03:26 16 0.075 0.07
2024_0412_22:03:36 16 0.258 -0.217
2024_0412_22:03:46 16 6.147 -8.862
2024_0412_22:03:49 16 -0.158 -0.158
2024_0412_22:04:34 16 97.046 95.129
2024_0412_22:04:57 16 -0.077 0.232
2024_0412_22:05:17 16 0.724 0.064
2024_0412_22:05:56 16 96.704 54.545
2024_0412_22:07:13 16 17.795 17.648
2024_0412_22:07:29 16 77.404 76.99
2024_0412_22:07:43 16 -0.107 -0.056
2024_0412_22:08:13 16 96.832 96.887
2024_0412_22:08:32 16 -0.487 30.199
2024_0412_22:08:56 16 94.974 96.284
2024_0412_22:08:59 16 0.067 1.724
2024_0412_22:09:07 16 0.626 0.063
2024_0412_22:09:34 16 77.497 77.368
2024_0412_22:09:39 16 96.51 95.742
2024_0412_22:09:43 16 96.585 96.533
2024_0412_22:09:49 16 -0.159 0.143
2024_0412_22:10:34 16 -0.193 -0.114
2024_0412_22:10:51 16 97.265 96.618
2024_0412_22:11:56 16 80.202 44.513
2024_0412_22:13:14 16 96.643 95.981
2024_0412_22:13:25 16 96.619 96.565
2024_0412_22:14:10 16 40.28 90.049
2024_0412_22:14:22 16 69.952 53.751
2024_0412_22:14:25 16 -0.149 -0.07
2024_0412_22:14:57 16 45.481 13.786
2024_0412_22:15:03 16 47.589 97.413
2024_0412_22:15:06 16 -0.159 0.464
2024_0412_22:15:30 16 97.326 97.233
2024_0412_22:15:39 16 25.0 -22.925
2024_0412_22:15:47 16 32.123 32.382
2024_0412_22:15:47 16 -9.951 9.974
2024_0412_22:15:48 16 37.856 -14.937
2024_0412_22:16:36 16 96.939 96.798
2024_0412_22:17:56 16 96.731 96.928
2024_0412_22:19:13 16 95.987 93.381
2024_0412_22:19:25 16 46.998 97.405
2024_0412_22:19:35 16 97.639 96.941
2024_0412_22:20:08 16 0.061 -0.553
2024_0412_22:20:22 16 -2.923 28.2
2024_0412_22:20:57 16 -0.128 -0.208
2024_0412_22:20:58 16 96.207 94.276
2024_0412_22:21:04 16 97.783 96.992
2024_0412_22:21:19 16 96.123 96.825
2024_0412_22:21:35 16 96.829 96.984
2024_0412_22:21:38 16 9.982 -10.041
2024_0412_22:21:45 16 0.139 -0.585
2024_0412_22:22:20 16 -0.054 0.304
2024_0412_22:23:47 16 -0.448 -0.239
2024_0412_22:24:07 16 49.999 99.998
2024_0412_22:25:11 16 -0.141 -0.173
2024_0412_22:25:37 16 96.046 95.234
2024_0412_22:26:21 16 -8.976 8.424
2024_0412_22:26:57 16 -15.997 16.544
2024_0412_22:27:06 16 95.733 96.184
2024_0412_22:27:14 16 76.213 44.318
2024_0412_22:27:31 16 99.996 -49.999
2024_0412_22:27:32 16 97.184 97.304
2024_0412_22:27:36 16 28.116 28.546
2024_0412_22:27:39 16 1.971 -0.864
2024_0412_22:27:52 16 95.914 96.504
2024_0412_22:29:14 16 62.371 62.082
2024_0412_22:29:44 16 3.084 0.594
2024_0412_22:30:16 16 14.468 14.519
2024_0412_22:31:13 16 18.14 -1.053
2024_0412_22:31:17 16 -49.999 49.999
2024_0412_22:31:35 16 -0.078 -0.174
2024_0412_22:32:20 16 18.877 18.188
2024_0412_22:32:37 16 0.012 0.674
2024_0412_22:33:08 16 48.952 96.028
2024_0412_22:33:20 16 2.037 0.885
2024_0412_22:33:32 16 96.328 96.623
2024_0412_22:33:44 16 39.163 -35.478
2024_0412_22:33:47 16 0.224 46.53
2024_0412_22:33:57 16 97.056 96.89
2024_0412_22:35:13 16 80.195 80.282
2024_0412_22:35:40 16 49.905 -5.62
2024_0412_22:36:13 16 -49.999 49.999
2024_0412_22:37:07 16 -0.214 -0.025
2024_0412_22:37:09 16 -0.137 -0.449
2024_0412_22:37:33 16 -0.197 -0.637
2024_0412_22:37:36 16 -8.248 45.358
2024_0412_22:38:19 16 0.01 0.256
2024_0412_22:39:05 16 -0.009 0.248
2024_0412_22:39:22 16 97.04 96.934
2024_0412_22:39:28 16 0.058 0.222
2024_0412_22:39:39 16 -0.331 0.139
2024_0412_22:39:42 16 97.551 96.833
2024_0412_22:40:01 16 95.946 96.279
2024_0412_22:41:10 16 76.759 77.168
2024_0412_22:41:27 16 1.197 1.828
2024_0412_22:41:35 16 -10.51 10.005
2024_0412_22:42:57 16 13.577 -8.996
2024_0412_22:43:03 16 0.221 -0.254
2024_0412_22:43:08 16 -0.368 -0.409
2024_0412_22:43:31 17 -0.044 0.169
2024_0412_22:43:36 17 -20.059 46.165
2024_0412_22:44:25 17 96.264 95.547
2024_0412_22:44:41 16 0.185 -0.256
2024_0412_22:45:09 17 96.619 96.609
2024_0412_22:45:24 17 88.204 96.884
2024_0412_22:45:24 17 26.363 60.685
2024_0412_22:45:42 17 60.843 47.17
2024_0412_22:46:26 17 -0.442 -0.062
2024_0412_22:46:32 17 -0.178 -0.399
2024_0412_22:47:14 17 0.301 -0.143
2024_0412_22:47:32 17 0.183 -0.36
2024_0412_22:48:58 17 96.175 96.395
2024_0412_22:49:01 17 24.746 24.677
2024_0412_22:49:15 17 -0.032 -0.1
2024_0412_22:49:28 17 39.944 -40.036
2024_0412_22:49:39 17 96.941 96.94
2024_0412_22:50:18 17 -0.235 0.05
2024_0412_22:50:50 17 14.287 15.092
2024_0412_22:51:04 17 7.414 1.305
2024_0412_22:51:10 17 -0.014 -0.013
2024_0412_22:51:24 17 -0.444 -0.086
2024_0412_22:51:25 17 96.653 96.869
2024_0412_22:51:45 17 47.967 47.983
2024_0412_22:52:43 17 -7.045 6.032
2024_0412_22:53:12 17 0.348 0.117
2024_0412_22:53:29 17 -49.554 50.345
2024_0412_22:54:57 17 -11.776 64.718
2024_0412_22:54:57 17 17.369 61.834
2024_0412_22:54:58 17 5.565 22.911
2024_0412_22:55:15 17 19.492 20.081
2024_0412_22:55:27 17 39.908 -39.993
2024_0412_22:55:38 17 95.135 95.468
2024_0412_22:56:16 17 57.187 86.348
2024_0412_22:57:11 17 24.549 16.063
2024_0412_22:57:12 17 96.027 95.858
2024_0412_22:57:24 17 80.987 81.055
2024_0412_22:57:26 17 42.858 47.695
2024_0412_22:57:46 17 97.0 96.873
2024_0412_22:59:00 17 -6.693 6.775
2024_0412_22:59:10 17 95.737 96.339
2024_0412_22:59:27 17 -0.239 -0.159
2024_0412_22:59:28 17 75.697 75.298
2024_0412_23:00:45 17 -0.097 -0.334
2024_0412_23:01:06 17 94.888 71.4
2024_0412_23:01:12 17 96.181 96.194
2024_0412_23:01:23 17 -3.604 33.654
2024_0412_23:01:34 17 97.017 96.918
2024_0412_23:01:34 17 77.028 76.89
2024_0412_23:02:15 17 13.326 -4.501
2024_0412_23:03:09 17 -0.616 -0.363
2024_0412_23:03:21 17 96.122 96.769
2024_0412_23:03:23 17 0.048 -0.275
2024_0412_23:03:44 17 -9.334 45.111
2024_0412_23:05:09 17 72.616 95.311
2024_0412_23:05:19 17 31.258 31.451
2024_0412_23:05:21 17 9.885 -10.002
2024_0412_23:05:40 17 96.982 96.849
2024_0412_23:06:36 17 3.148 -3.54
2024_0412_23:07:00 17 0.151 -0.054
2024_0412_23:07:08 17 75.359 76.945
2024_0412_23:07:21 17 32.967 35.472
2024_0412_23:07:34 17 96.974 96.876
2024_0412_23:07:59 17 37.798 96.596
2024_0412_23:08:11 17 -100.0 100.0
2024_0412_23:09:07 17 48.426 96.957
2024_0412_23:09:18 17 -0.027 0.723
2024_0412_23:09:20 17 96.659 96.843
2024_0412_23:09:43 17 26.912 7.641
2024_0412_23:11:05 17 0.158 -0.034
2024_0412_23:12:11 17 -8.839 13.455
2024_0412_23:12:39 17 95.357 96.465
2024_0412_23:13:01 17 13.031 10.006
2024_0412_23:13:02 17 77.426 77.66
2024_0412_23:13:06 17 40.247 25.798
2024_0412_23:13:20 17 0.011 0.431
2024_0412_23:13:33 17 77.042 76.767
2024_0412_23:14:08 17 0.764 0.363
2024_0412_23:14:09 17 1.071 0.21
2024_0412_23:15:03 17 -20.077 20.48
2024_0412_23:15:13 17 0.125 0.264
2024_0412_23:15:15 17 95.896 86.96
2024_0412_23:15:29 17 -0.382 -0.189
2024_0412_23:15:48 17 96.219 96.063
2024_0412_23:17:00 17 94.037 96.739
2024_0412_23:17:16 17 15.614 16.156
2024_0412_23:18:17 17 9.724 -10.051
2024_0412_23:18:57 17 -8.564 7.991
2024_0412_23:19:05 17 12.432 -12.532
2024_0412_23:19:19 17 -0.265 0.59
2024_0412_23:19:34 17 -8.457 8.084
2024_0412_23:19:34 17 96.882 96.918
2024_0412_23:20:00 17 0.468 1.057
2024_0412_23:20:18 17 -5.503 5.66
2024_0412_23:20:56 17 0.072 -0.665
2024_0412_23:21:08 17 -0.203 0.234
2024_0412_23:21:11 17 66.934 86.555
2024_0412_23:21:17 17 -0.857 -1.657
2024_0412_23:21:24 17 96.41 95.963
2024_0412_23:21:45 17 -10.369 38.594
2024_0412_23:22:53 17 -0.232 -0.432
2024_0412_23:23:06 17 0.127 0.011
2024_0412_23:24:24 17 -24.832 24.77
2024_0412_23:24:58 17 96.16 96.119
2024_0412_23:25:15 17 0.206 0.429
2024_0412_23:25:30 17 0.465 -0.283
2024_0412_23:25:57 17 0.162 -0.513
2024_0412_23:26:52 17 -9.85 9.841
2024_0412_23:27:05 17 -0.193 -0.368
2024_0412_23:27:12 17 26.02 47.136
2024_0412_23:27:33 17 22.661 22.452
2024_0412_23:27:42 17 96.548 95.713
2024_0412_23:27:57 17 0.285 -0.076
2024_0412_23:28:31 17 0.01 0.29
2024_0412_23:28:47 17 -10.324 23.555
2024_0412_23:28:56 17 -0.302 -0.347
2024_0412_23:29:14 17 0.461 0.491
2024_0412_23:30:29 17 -0.221 0.171
2024_0412_23:30:57 17 -0.354 0.26
2024_0412_23:31:30 17 -0.446 -0.428
2024_0412_23:31:36 17 96.487 96.152
2024_0412_23:31:53 17 -0.28 0.338
2024_0412_23:32:40 17 18.029 17.368
2024_0412_23:32:45 17 0.23 -0.421
2024_0412_23:33:03 17 95.552 95.711
2024_0412_23:33:04 17 0.402 -0.081
2024_0412_23:33:29 17 46.685 21.11
2024_0412_23:34:12 17 4.802 -3.2
2024_0412_23:34:45 17 96.637 43.756
2024_0412_23:34:46 17 -1.41 1.736
2024_0412_23:34:53 17 -0.559 0.38
2024_0412_23:35:16 17 94.104 94.032
2024_0412_23:36:14 17 0.178 0.444
2024_0412_23:36:54 17 25.47 5.518
2024_0412_23:37:29 17 13.627 -9.009
2024_0412_23:37:31 17 49.69 -49.681
2024_0412_23:37:50 17 96.761 97.151
2024_0412_23:38:42 17 -1.422 0.33
2024_0412_23:38:51 17 96.53 96.78
2024_0412_23:38:54 17 0.157 -0.222
2024_0412_23:39:04 17 30.42 -3.069
2024_0412_23:39:25 17 60.145 40.989
2024_0412_23:40:11 17 5.262 18.972
2024_0412_23:40:43 17 0.472 -0.203
2024_0412_23:41:19 17 96.176 95.862
2024_0412_23:42:53 17 46.498 44.883
2024_0412_23:43:12 17 -0.234 -0.089
2024_0412_23:43:13 17 60.765 84.914
2024_0412_23:43:29 17 97.089 47.447
2024_0412_23:43:31 17 3.096 3.526
2024_0412_23:43:42 17 99.998 49.999
2024_0412_23:44:41 17 97.59 96.929
2024_0412_23:44:54 18 31.419 47.79
2024_0412_23:45:02 18 97.463 96.028
2024_0412_23:45:02 18 17.841 17.701
2024_0412_23:45:21 18 33.086 -2.766
2024_0412_23:45:34 17 -0.253 0.375
2024_0412_23:46:10 18 97.21 47.29
2024_0412_23:46:37 18 91.548 92.139
2024_0412_23:47:16 18 49.714 -1.194
2024_0412_23:48:14 18 4.868 25.461
2024_0412_23:48:48 18 -0.203 0.534
2024_0412_23:49:10 18 11.513 10.937
2024_0412_23:49:30 18 1.148 0.706
2024_0412_23:49:35 18 25.366 30.626
2024_0412_23:49:42 18 96.95 96.992
2024_0412_23:50:40 18 -0.423 0.263
2024_0412_23:50:42 18 80.119 90.295
2024_0412_23:50:52 18 -6.536 43.643
2024_0412_23:50:57 18 0.63 -0.457
2024_0412_23:51:15 18 16.352 -2.018
2024_0412_23:51:18 18 95.829 95.682
2024_0412_23:52:09 18 1.34 0.601
2024_0412_23:52:31 18 97.51 96.948
2024_0412_23:53:12 18 -0.005 -0.012
2024_0412_23:54:02 18 75.882 62.685
2024_0412_23:54:23 18 96.322 96.011
2024_0412_23:54:42 18 -12.733 27.623
2024_0412_23:55:06 18 -0.114 0.043
2024_0412_23:55:27 18 -10.349 10.317
2024_0412_23:55:46 18 95.503 95.91
2024_0412_23:55:47 18 95.991 96.569
2024_0412_23:56:35 18 0.45 0.595
2024_0412_23:56:46 18 19.943 -9.056
2024_0412_23:56:55 18 0.227 0.055
2024_0412_23:57:15 18 96.492 94.909
2024_0412_23:57:29 18 10.302 17.157
2024_0412_23:58:09 18 -7.039 10.14
2024_0412_23:58:25 18 -0.167 0.093
2024_0412_23:59:07 18 -0.253 -0.915
2024_0412_23:59:10 18 69.003 6.406
2024_0413_00:00:30 18 96.461 96.406
2024_0413_00:00:42 18 15.015 15.758
2024_0413_00:01:09 18 -0.103 -0.359
2024_0413_00:01:17 18 7.346 3.622
2024_0413_00:01:42 18 0.574 0.509
2024_0413_00:01:46 18 42.904 43.228
2024_0413_00:02:31 18 -0.362 0.064
2024_0413_00:02:43 18 96.938 96.751
2024_0413_00:02:54 18 53.395 53.227
2024_0413_00:03:10 18 96.821 97.141
2024_0413_00:04:09 18 18.5 -0.458
2024_0413_00:04:22 18 -0.74 49.452
2024_0413_00:04:48 18 0.335 0.148
2024_0413_00:05:06 18 44.101 34.484
2024_0413_00:05:41 18 -0.658 0.319
2024_0413_00:06:39 18 0.284 0.356
2024_0413_00:06:42 18 86.153 63.742
2024_0413_00:07:02 18 -25.167 49.326
2024_0413_00:07:15 18 -0.46 31.739
2024_0413_00:07:33 18 99.999 -99.999
2024_0413_00:07:36 18 48.043 47.979
2024_0413_00:08:03 18 9.897 34.91
2024_0413_00:08:34 18 -0.001 0.004
2024_0413_00:08:51 18 -0.465 0.474
2024_0413_00:09:14 18 -36.635 38.688
2024_0413_00:09:28 18 95.874 96.021
2024_0413_00:10:05 18 97.377 95.053
2024_0413_00:10:17 18 0.602 0.035
2024_0413_00:11:02 18 87.106 66.662
2024_0413_00:11:57 18 96.698 96.909
2024_0413_00:12:43 18 39.469 74.335
2024_0413_00:12:59 18 95.799 74.65
2024_0413_00:13:03 18 -19.848 20.53
2024_0413_00:13:10 18 29.404 42.414
2024_0413_00:13:13 18 -12.317 12.397
2024_0413_00:13:20 18 0.01 -0.087
2024_0413_00:13:35 18 96.922 96.964
2024_0413_00:14:48 18 97.052 96.937
2024_0413_00:15:18 18 0.673 2.393
2024_0413_00:15:22 18 0.194 0.496
2024_0413_00:15:58 18 48.113 98.567
2024_0413_00:16:17 18 97.039 97.057
2024_0413_00:16:56 18 15.703 15.425
2024_0413_00:18:07 18 -12.409 12.073
2024_0413_00:18:24 18 96.44 96.501
2024_0413_00:18:43 18 16.732 16.995
2024_0413_00:19:05 18 0.311 -0.103
2024_0413_00:19:07 18 -2.502 2.587
2024_0413_00:19:14 18 -9.781 19.263
2024_0413_00:19:14 18 2.688 2.337
2024_0413_00:19:26 18 -99.987 -99.994
2024_0413_00:20:43 18 96.109 95.707
2024_0413_00:21:15 18 81.32 81.297
2024_0413_00:21:16 18 95.638 97.167
2024_0413_00:21:47 18 95.798 96.327
2024_0413_00:21:56 18 46.832 -0.287
2024_0413_00:22:10 18 0.081 -0.101
2024_0413_00:22:41 18 96.92 96.806
2024_0413_00:22:57 18 -4.155 49.656
2024_0413_00:24:30 18 23.399 15.238
2024_0413_00:24:36 18 0.187 5.646
2024_0413_00:24:38 18 0.733 -0.563
2024_0413_00:25:02 18 -0.046 0.208
2024_0413_00:25:03 18 10.299 -10.106
2024_0413_00:25:07 18 96.295 95.324
2024_0413_00:25:22 18 0.036 0.404
2024_0413_00:25:29 18 96.163 96.251
2024_0413_00:26:48 18 96.88 96.51
2024_0413_00:27:05 18 -0.087 0.18
2024_0413_00:27:08 18 16.355 16.469
2024_0413_00:27:53 18 61.741 61.845
2024_0413_00:28:12 18 97.053 96.698
2024_0413_00:28:55 18 23.665 22.395
2024_0413_00:29:19 18 -99.996 -49.998
2024_0413_00:30:09 18 97.36 97.338
2024_0413_00:30:27 18 10.602 9.19
2024_0413_00:30:37 18 0.46 0.696
2024_0413_00:30:58 18 12.38 -3.781
2024_0413_00:31:01 18 96.245 96.162
2024_0413_00:31:10 18 94.776 88.787
2024_0413_00:31:13 18 0.173 0.032
2024_0413_00:31:38 18 0.182 -0.033
2024_0413_00:32:19 18 99.996 -49.999
2024_0413_00:32:48 18 1.25 -1.193
2024_0413_00:32:59 18 -3.636 4.539
2024_0413_00:33:02 18 26.429 -3.748
2024_0413_00:33:53 18 95.998 95.781
2024_0413_00:34:16 18 95.272 95.423
2024_0413_00:34:57 18 -0.068 -0.214
2024_0413_00:35:31 18 39.137 5.125
2024_0413_00:36:25 18 0.409 -0.316
2024_0413_00:36:34 18 -0.117 -0.356
2024_0413_00:36:51 18 0.275 -0.334
2024_0413_00:36:57 18 55.638 57.482
2024_0413_00:37:06 18 -1.464 1.429
2024_0413_00:37:08 18 0.027 -0.307
2024_0413_00:37:11 18 97.97 -0.244
2024_0413_00:38:16 18 93.634 70.96
2024_0413_00:38:43 18 0.149 0.079
2024_0413_00:38:47 18 95.482 96.422
2024_0413_00:38:53 18 97.348 97.419
2024_0413_00:38:57 18 96.73 96.849
2024_0413_00:39:48 18 -7.693 7.866
2024_0413_00:40:13 18 95.746 96.282
2024_0413_00:40:49 18 10.017 -10.081
2024_0413_00:41:39 18 96.879 96.173
2024_0413_00:42:16 18 17.404 18.732
2024_0413_00:42:26 18 0.675 0.201
2024_0413_00:42:47 18 0.476 0.593
2024_0413_00:42:47 18 -13.536 22.852
2024_0413_00:43:00 18 -46.193 44.835
2024_0413_00:43:11 18 48.783 -0.242
2024_0413_00:43:52 18 18.963 19.268
2024_0413_00:44:41 18 0.239 0.051
2024_0413_00:44:48 18 11.814 71.759
2024_0413_00:44:50 18 7.945 -8.641
2024_0413_00:44:56 18 -10.164 9.649
2024_0413_00:45:48 18 48.265 95.885
2024_0413_00:46:06 18 11.092 11.511
2024_0413_00:46:43 18 -99.998 49.999
2024_0413_00:48:00 18 -0.551 0.318
2024_0413_00:48:13 18 96.489 96.256
2024_0413_00:48:18 18 -0.204 -0.493
2024_0413_00:48:42 18 0.396 -0.1
2024_0413_00:48:45 18 -0.226 0.19
2024_0413_00:49:08 18 0.056 -0.619
2024_0413_00:49:34 18 11.413 -11.509
2024_0413_00:50:32 18 17.099 -17.66
2024_0413_00:50:43 18 96.44 96.382
2024_0413_00:50:43 18 19.503 19.913
2024_0413_00:50:44 18 -1.878 94.848
2024_0413_00:51:07 19 96.696 97.338
2024_0413_00:51:44 19 0.029 -0.597
2024_0413_00:52:03 19 96.007 96.345
2024_0413_00:52:42 19 0.191 0.181
2024_0413_00:54:07 19 -0.084 0.149
2024_0413_00:54:08 19 15.024 4.371
2024_0413_00:54:22 19 -0.538 0.251
2024_0413_00:54:27 19 96.097 96.09
2024_0413_00:54:46 19 -13.909 13.783
2024_0413_00:54:47 19 97.341 47.714
2024_0413_00:55:09 19 -0.404 -0.329
2024_0413_00:55:56 19 96.524 96.089
2024_0413_00:56:28 19 96.531 96.292
2024_0413_00:56:39 19 -0.894 0.897
2024_0413_00:57:18 19 95.609 48.638
2024_0413_00:57:43 19 -0.046 -0.265
2024_0413_00:57:44 19 96.062 96.003
2024_0413_00:57:58 19 0.126 -0.398
2024_0413_00:58:38 19 0.168 -0.571
2024_0413_01:00:00 19 0.041 0.053
2024_0413_01:00:01 19 -2.242 1.175
2024_0413_01:00:02 19 0.769 0.677
2024_0413_01:00:38 19 0.251 -0.263
2024_0413_01:00:41 19 -0.417 0.277
2024_0413_01:01:06 19 -10.26 10.151
2024_0413_01:01:08 19 96.685 96.011
2024_0413_01:02:05 19 -0.195 -0.14
2024_0413_01:02:30 19 49.0 96.015
2024_0413_01:02:43 19 0.155 0.362
2024_0413_01:03:32 19 0.75 0.281
2024_0413_01:03:52 19 -0.07 0.0
2024_0413_01:03:56 19 -0.471 -0.111
2024_0413_01:04:02 19 48.912 48.889
2024_0413_01:04:02 19 96.674 48.129
2024_0413_01:04:31 19 5.772 67.897
2024_0413_01:06:01 19 18.487 -19.235
2024_0413_01:06:36 19 35.886 11.068
2024_0413_01:06:41 19 53.829 62.879
2024_0413_01:07:04 19 -0.201 0.132
2024_0413_01:07:50 19 4.973 4.52
2024_0413_01:08:24 19 0.639 -0.222
2024_0413_01:08:29 19 0.144 0.597
2024_0413_01:08:37 19 0.254 -0.789
2024_0413_01:09:27 19 0.433 0.25
2024_0413_01:09:48 19 12.464 -9.988
2024_0413_01:09:56 19 2.904 -1.409
2024_0413_01:10:15 19 11.747 13.073
2024_0413_01:10:44 19 97.282 96.633
2024_0413_01:11:02 19 16.334 -16.306
2024_0413_01:11:53 19 16.483 -16.612
2024_0413_01:12:03 19 47.949 47.992
2024_0413_01:12:24 19 -0.454 0.016
2024_0413_01:12:37 19 14.983 25.799
2024_0413_01:12:57 19 0.995 -0.805
2024_0413_01:13:45 19 1.404 6.179
2024_0413_01:14:07 19 47.837 95.896
2024_0413_01:14:26 19 -0.301 47.418
2024_0413_01:14:35 19 95.239 96.396
2024_0413_01:15:04 19 -0.048 0.482
2024_0413_01:15:24 19 89.692 16.343
2024_0413_01:15:44 19 0.207 0.351
2024_0413_01:15:49 19 89.269 81.453
2024_0413_01:16:31 19 71.859 94.448
2024_0413_01:17:01 19 -0.531 0.169
2024_0413_01:17:03 19 20.072 -20.011
2024_0413_01:17:50 19 96.892 96.929
2024_0413_01:17:59 19 8.011 11.288
2024_0413_01:18:18 19 16.838 13.134
2024_0413_01:18:56 19 -10.643 10.772
2024_0413_01:19:40 19 47.828 48.024
2024_0413_01:20:26 19 -0.372 0.424
2024_0413_01:20:26 19 -0.466 -0.11
2024_0413_01:21:07 19 96.772 96.654
2024_0413_01:21:25 19 -0.957 -0.186
2024_0413_01:21:35 19 -49.993 49.997
2024_0413_01:21:43 19 0.316 7.756
2024_0413_01:21:45 19 96.78 96.517
2024_0413_01:22:48 19 -0.211 0.072
2024_0413_01:22:52 19 0.192 0.209
2024_0413_01:23:15 19 -0.221 0.547
2024_0413_01:23:46 19 49.893 -49.374
2024_0413_01:23:54 19 -3.659 3.303
2024_0413_01:24:19 19 18.386 45.75
2024_0413_01:24:52 19 9.974 -10.648
2024_0413_01:25:31 19 25.586 -25.051
2024_0413_01:26:30 20 97.19 96.962
2024_0413_01:26:31 20 6.157 25.782
2024_0413_01:27:17 20 0.348 -0.45
2024_0413_01:27:33 20 22.559 9.235
2024_0413_01:27:33 20 97.204 17.477
2024_0413_01:27:39 20 95.792 96.768
2024_0413_01:28:30 20 0.6 -0.479
2024_0413_01:28:51 20 8.509 47.773
2024_0413_01:29:04 20 47.939 48.141
2024_0413_01:29:37 20 75.193 75.358
2024_0413_01:29:39 20 99.998 -49.999
2024_0413_01:29:47 20 0.424 -0.029
2024_0413_01:30:15 20 21.684 49.228
2024_0413_01:30:46 20 0.254 0.596
2024_0413_01:31:29 20 -49.995 -50.001
2024_0413_01:32:28 20 0.931 -1.02
2024_0413_01:32:40 20 -5.498 23.958
2024_0413_01:33:10 20 1.855 8.456
2024_0413_01:33:20 20 0.046 0.016
2024_0413_01:33:29 20 11.644 11.358
2024_0413_01:33:32 20 96.087 96.167
2024_0413_01:35:19 20 42.161 42.145
2024_0413_01:35:24 20 58.591 66.493
2024_0413_01:35:29 20 -0.27 -0.852
2024_0413_01:35:37 20 0.181 -0.295
2024_0413_01:35:41 20 95.87 96.489
2024_0413_01:36:08 20 -0.405 -0.214
2024_0413_01:36:39 20 -12.34 12.639
2024_0413_01:37:27 20 94.824 -10.083
2024_0413_01:37:39 20 96.722 97.048
2024_0413_01:38:28 20 0.289 0.423
2024_0413_01:38:30 20 9.77 -10.085
2024_0413_01:39:05 20 96.81 95.791
2024_0413_01:39:12 20 16.546 -16.101
2024_0413_01:39:20 20 0.001 0.001
2024_0413_01:41:21 20 -0.072 -0.128
2024_0413_01:41:34 20 -13.165 12.273
2024_0413_01:41:37 20 1.231 -1.375
2024_0413_01:41:38 20 82.592 89.03
2024_0413_01:42:01 20 95.821 95.056
2024_0413_01:42:03 20 -0.537 -0.344
2024_0413_01:42:30 20 96.538 95.958
2024_0413_01:43:15 20 99.998 49.999
2024_0413_01:43:20 20 96.921 96.908
2024_0413_01:43:55 20 7.467 8.375
2024_0413_01:44:18 20 -2.765 7.164
2024_0413_01:44:23 20 49.952 -49.669
2024_0413_01:44:53 20 0.431 -0.401
2024_0413_01:44:56 20 96.191 47.806
2024_0413_01:45:04 20 0.253 -0.118
2024_0413_01:45:08 20 96.705 96.654
2024_0413_01:47:16 20 47.878 3.147
2024_0413_01:47:27 20 96.849 96.211
2024_0413_01:47:34 20 40.827 47.354
2024_0413_01:47:50 20 18.448 17.542
2024_0413_01:47:57 20 94.811 96.604
2024_0413_01:48:23 20 -15.771 16.527
2024_0413_01:48:44 20 96.288 94.535
2024_0413_01:49:07 20 -0.313 48.822
2024_0413_01:49:10 20 18.785 18.863
2024_0413_01:50:12 20 0.736 0.576
2024_0413_01:50:13 20 0.006 -0.376
2024_0413_01:50:22 20 96.254 96.402
2024_0413_01:50:50 20 5.075 32.904
2024_0413_01:50:53 20 17.221 18.701
2024_0413_01:50:56 20 -99.995 99.998
2024_0413_01:52:15 20 86.452 70.628
2024_0413_01:53:06 20 -20.202 20.761
2024_0413_01:53:19 20 61.09 41.44
2024_0413_01:53:29 20 -10.142 9.735
2024_0413_01:53:49 20 25.607 1.715
2024_0413_01:54:03 20 12.216 -12.0
2024_0413_01:55:01 20 2.505 1.672
2024_0413_01:55:24 20 96.439 96.379
2024_0413_01:55:31 20 68.068 87.354
2024_0413_01:55:59 20 -1.347 1.465
2024_0413_01:56:19 20 96.976 96.949
2024_0413_01:56:26 20 95.251 97.177
2024_0413_01:56:46 20 39.48 91.468
2024_0413_01:56:47 20 -0.24 0.251
2024_0413_01:56:54 20 0.104 -0.482
2024_0413_01:57:42 20 18.789 17.15
2024_0413_01:58:41 20 99.998 -49.999
2024_0413_01:59:01 20 47.957 97.865
2024_0413_01:59:20 20 40.122 -39.919
2024_0413_01:59:28 20 78.269 82.734
2024_0413_01:59:45 20 61.452 61.043
2024_0413_02:00:31 20 -0.012 -0.075
2024_0413_02:00:52 20 0.208 -0.302
2024_0413_02:01:17 20 -0.173 0.379
2024_0413_02:01:52 20 28.269 -21.437
2024_0413_02:02:07 20 47.891 97.577
2024_0413_02:02:22 20 0.299 0.137
2024_0413_02:02:39 20 9.188 47.611
2024_0413_02:02:40 20 8.014 -7.931
2024_0413_02:02:44 20 49.703 -1.035
2024_0413_02:02:48 20 -9.351 17.484
2024_0413_02:04:50 20 -30.044 30.417
2024_0413_02:04:53 20 52.99 53.051
2024_0413_02:05:10 20 -0.261 0.021
2024_0413_02:05:18 5 97.019 96.939
2024_0413_02:05:37 9 97.269 97.366
2024_0413_02:06:40 13 87.28 96.845
2024_0413_02:06:48 13 0.54 -0.035
2024_0413_02:07:06 13 96.598 97.3
2024_0413_02:07:14 13 13.577 14.18
2024_0413_02:07:37 13 1.439 1.431
2024_0413_02:08:12 14 81.178 80.786
2024_0413_02:08:25 14 -0.34 0.104
2024_0413_02:08:26 14 -0.13 1.677
2024_0413_02:08:33 15 96.61 97.058
2024_0413_02:08:39 14 95.831 96.168
2024_0413_02:08:55 15 -0.005 0.496
2024_0413_02:10:35 15 -0.031 -0.588
2024_0413_02:11:03 15 97.58 96.964
2024_0413_02:11:08 15 35.511 28.613
2024_0413_02:11:20 15 96.616 47.539
2024_0413_02:11:22 15 0.029 -0.272
2024_0413_02:12:32 15 -9.025 53.376
2024_0413_02:12:33 15 0.038 -0.042
2024_0413_02:12:57 15 0.178 0.161
2024_0413_02:13:26 16 -26.026 25.976
2024_0413_02:14:00 16 96.504 96.352
2024_0413_02:14:02 16 -0.003 -0.644
2024_0413_02:14:14 16 2.068 5.905
2024_0413_02:14:18 16 39.956 -39.986
2024_0413_02:14:21 16 0.021 2.278
2024_0413_02:15:07 16 16.885 -16.202
2024_0413_02:16:03 16 0.619 -0.154
2024_0413_02:16:21 16 -9.824 9.678
2024_0413_02:17:00 17 0.196 0.358
2024_0413_02:17:11 17 97.0 96.924
2024_0413_02:17:12 17 73.319 73.326
2024_0413_02:17:35 17 96.222 87.021
2024_0413_02:18:20 17 7.202 -6.539
2024_0413_02:18:22 17 -10.574 10.519
2024_0413_02:18:49 17 77.596 77.662
2024_0413_02:19:15 17 -0.545 0.444
2024_0413_02:19:52 17 -0.164 -0.694
2024_0413_02:20:04 17 10.227 -9.677
2024_0413_02:20:12 17 -0.048 -0.521
2024_0413_02:20:13 17 42.534 32.428
2024_0413_02:20:40 17 96.978 97.043
2024_0413_02:21:41 17 -0.161 -0.201
2024_0413_02:22:19 18 69.739 47.936
2024_0413_02:22:51 18 -0.251 0.03
2024_0413_02:23:05 18 -0.851 40.954
2024_0413_02:23:10 18 -0.032 0.161
2024_0413_02:23:27 18 1.502 -1.903
2024_0413_02:24:12 18 12.457 -12.759
2024_0413_02:24:13 18 76.684 76.627
2024_0413_02:24:37 18 52.832 -11.335
2024_0413_02:24:51 19 96.13 96.343
2024_0413_02:25:05 19 4.186 5.311
2024_0413_02:25:45 19 15.655 -15.263
2024_0413_02:25:56 19 -0.245 0.818
2024_0413_02:26:04 19 95.828 95.641
2024_0413_02:26:07 19 -0.22 0.008
2024_0413_02:27:39 19 16.189 16.712
2024_0413_02:28:05 19 49.475 -34.991
2024_0413_02:28:27 19 -0.312 0.005
2024_0413_02:28:41 19 -0.102 -0.088
2024_0413_02:28:54 19 0.022 -0.592
2024_0413_02:28:57 20 0.122 -0.016
2024_0413_02:29:54 20 96.33 96.872
2024_0413_02:29:55 20 0.116 0.179
2024_0413_02:29:56 20 19.233 19.551
2024_0413_02:30:31 20 49.708 -1.126
2024_0413_02:30:43 20 49.977 -49.973
2024_0413_02:31:23 20 0.943 0.225
2024_0413_02:33:48 20 49.999 -49.999
