0.20683000000013646 0.11868500000004831 0.027855000000003193 0.006694999999999811 0.02275500000000163 0.021925000000001377 0.020545000000000955 0.020290000000000877 0.020255000000000866 0.007929999999999762 0.0439749999999993 0.03667500000000213 0.061654999999992445 0.05844999999999369 0.06654999999999617 0.050869999999996626 0.06415999999999378 0.06262999999999225 0.04189000000000011 0.03938000000000108 
2024_0412_09:55:29 11 0.2375 0.465
2024_0412_09:55:30 2 92.165 92.4575
2024_0412_09:55:31 5 93.825 93.9125
2024_0412_09:55:31 8 91.34 92.1725
2024_0412_09:55:33 1 93.76 93.6375
2024_0412_09:55:33 11 92.34 91.3375
2024_0412_09:55:33 3 92.2125 92.665
2024_0412_09:55:34 10 93.285 93.07
2024_0412_09:55:35 4 92.68 91.89
2024_0412_09:55:35 2 91.06 91.6375
2024_0412_09:55:37 1 93.815 93.54
2024_0412_09:55:37 9 94.485 94.495
2024_0412_09:56:07 6 94.075 93.7225
2024_0412_09:56:16 6 93.9025 94.03
2024_0412_09:56:21 7 91.78 91.75
2024_0412_09:56:23 1 93.785 93.89
2024_0412_10:00:59 12 70.0225 -2.185
2024_0412_10:01:01 13 39.315 52.235
2024_0412_10:01:02 15 -0.5025 0.6125
2024_0412_10:01:04 16 -0.1375 -0.73
2024_0412_10:01:04 14 93.055 92.76
2024_0412_10:01:06 13 -46.6975 49.3525
2024_0412_10:01:06 15 -0.42 -0.36
2024_0412_10:01:09 17 -0.25 -0.2425
2024_0412_10:01:10 18 -11.165 10.4225
2024_0412_10:01:12 17 -0.725 -0.42
2024_0412_10:01:21 18 26.6275 -23.035
2024_0412_10:02:12 20 -0.0675 0.2675
2024_0412_10:02:12 20 0.4775 0.515
2024_0412_10:03:48 19 22.5775 16.5625
2024_0412_10:09:18 11 -0.4625 -0.0025
2024_0412_10:09:19 8 93.12 93.215
2024_0412_10:09:19 11 -0.23 -0.095
2024_0412_10:09:20 11 -99.985 -49.995
2024_0412_10:09:20 11 92.365 93.2025
2024_0412_10:09:21 6 94.085 93.8725
2024_0412_10:09:22 1 93.655 94.135
2024_0412_10:09:22 11 0.2 -0.3275
2024_0412_10:09:23 3 91.9875 92.3925
2024_0412_10:09:23 9 93.8075 94.07
2024_0412_10:09:24 2 92.53 92.6075
2024_0412_10:09:26 4 90.73 90.66
2024_0412_10:09:52 7 93.26 92.1825
2024_0412_10:09:57 10 93.1375 91.635
2024_0412_10:10:07 5 93.955 93.9
2024_0412_10:10:38 11 0.4475 -0.23
2024_0412_10:14:51 12 -16.27 16.555
2024_0412_10:14:52 13 19.0275 70.555
2024_0412_10:14:53 11 70.5725 29.585
2024_0412_10:14:53 13 10.95 -10.9775
2024_0412_10:14:55 13 93.1125 93.36
2024_0412_10:14:55 14 92.4675 94.9875
2024_0412_10:14:55 16 -1.0725 93.93
2024_0412_10:14:56 15 -11.545 38.885
2024_0412_10:14:57 13 93.24 92.715
2024_0412_10:14:58 17 -0.655 -0.5425
2024_0412_10:14:58 18 92.9625 93.14
2024_0412_10:15:02 19 -0.3875 -0.4275
2024_0412_10:15:53 20 49.9925 -49.9825
2024_0412_10:16:00 20 94.725 94.215
2024_0412_10:21:29 11 0.75 -0.2575
2024_0412_10:21:31 5 93.6075 93.94
2024_0412_10:21:32 11 92.3525 91.75
2024_0412_10:21:32 3 90.7675 91.3675
2024_0412_10:21:33 1 93.91 93.9525
2024_0412_10:21:33 6 93.995 93.89
2024_0412_10:21:33 2 92.7625 93.1325
2024_0412_10:21:33 7 92.8475 92.89
2024_0412_10:21:34 8 92.5525 93.2375
2024_0412_10:21:34 11 93.58 95.305
2024_0412_10:21:37 4 92.53 91.1275
2024_0412_10:21:38 10 92.485 93.225
2024_0412_10:22:06 12 -0.665 0.03
2024_0412_10:22:14 12 93.2 91.2625
2024_0412_10:22:21 11 0.2475 -0.2375
2024_0412_10:22:51 9 94.76 94.595
2024_0412_10:27:00 13 -0.175 -0.395
2024_0412_10:27:01 14 -0.035 0.2275
2024_0412_10:27:03 13 92.925 92.8675
2024_0412_10:27:04 13 46.2625 -1.6125
2024_0412_10:27:06 15 92.395 91.7025
2024_0412_10:27:06 16 41.785 8.9225
2024_0412_10:27:07 13 -42.135 48.2575
2024_0412_10:27:08 13 93.725 93.7525
2024_0412_10:27:08 15 89.7175 91.7725
2024_0412_10:27:10 16 -11.9125 62.31
2024_0412_10:27:12 16 63.3175 82.79
2024_0412_10:27:14 17 45.805 95.9175
2024_0412_10:28:30 18 -1.395 0.87
2024_0412_10:28:33 18 -13.915 10.99
2024_0412_10:28:54 18 -72.22 72.5125
2024_0412_10:28:57 18 -0.7075 0.1725
2024_0412_10:32:29 18 0.13 0.0
2024_0412_10:32:31 20 -0.6325 0.0025
2024_0412_10:32:31 19 46.715 -5.07
2024_0412_10:32:35 19 9.6925 -9.9325
2024_0412_10:32:35 18 -7.7625 42.2175
2024_0412_10:32:35 20 -0.26 0.4475
2024_0412_10:32:37 20 -1.335 2.3825
2024_0412_10:32:38 20 10.435 -5.51
2024_0412_10:38:09 11 -0.5225 -0.655
2024_0412_10:38:10 11 49.9925 49.9975
2024_0412_10:38:10 10 93.5575 93.5125
2024_0412_10:38:11 7 92.83 45.695
2024_0412_10:38:11 8 93.46 91.33
2024_0412_10:38:11 11 0.4575 -0.5
2024_0412_10:38:12 6 93.675 93.9075
2024_0412_10:38:12 11 -1.0175 -0.355
2024_0412_10:38:12 11 92.195 92.6025
2024_0412_10:38:13 1 94.0775 93.89
2024_0412_10:38:13 9 94.635 94.4975
2024_0412_10:38:42 5 93.785 93.8425
2024_0412_10:38:47 3 91.9475 89.54
2024_0412_10:39:04 2 92.19 92.365
2024_0412_10:39:12 11 -0.2475 -0.13
2024_0412_10:40:58 11 -0.2475 -0.1825
2024_0412_10:43:38 11 -0.0225 -1.84
2024_0412_10:43:39 11 -0.1825 0.0675
2024_0412_10:43:42 11 92.115 92.795
2024_0412_10:43:42 12 0.2575 -0.3375
2024_0412_10:43:43 13 50.4325 -49.615
2024_0412_10:43:43 12 -13.56 63.2875
2024_0412_10:43:43 12 91.0625 93.175
2024_0412_10:43:44 12 93.77 93.82
2024_0412_10:43:46 12 92.7675 90.7925
2024_0412_10:43:47 12 91.975 92.2125
2024_0412_10:43:47 12 91.34 91.94
2024_0412_10:44:46 13 92.425 93.1125
2024_0412_10:44:50 13 46.4225 11.7175
2024_0412_10:45:31 13 0.415 0.68
2024_0412_10:45:46 13 92.62 89.5425
2024_0412_10:46:31 13 -0.7125 -0.0425
2024_0412_10:49:11 13 0.095 -0.635
2024_0412_10:49:12 14 0.14 -0.0825
2024_0412_10:49:13 13 93.76 93.9175
2024_0412_10:49:13 13 38.45 37.41
2024_0412_10:49:15 13 2.215 -0.1325
2024_0412_10:49:16 13 92.69 92.6775
2024_0412_10:49:16 14 0.46 -0.405
2024_0412_10:49:18 14 -11.81 13.285
2024_0412_10:49:18 14 0.0625 0.23
2024_0412_10:49:19 14 91.89 92.485
2024_0412_10:49:23 14 93.93 92.9375
2024_0412_10:50:47 14 -0.2225 -0.66
2024_0412_10:50:56 14 45.52 90.16
2024_0412_10:52:04 14 1.5375 -2.0475
2024_0412_10:52:05 14 93.7575 93.23
2024_0412_10:52:23 14 90.6875 87.375
2024_0412_10:54:41 14 0.3975 0.1775
2024_0412_10:54:45 14 0.2875 -0.1125
2024_0412_10:54:49 14 91.27 92.295
2024_0412_10:54:49 15 0.0425 -0.1475
2024_0412_10:54:53 15 -0.23 -0.09
2024_0412_10:54:54 15 5.9675 4.4425
2024_0412_10:54:55 15 45.78 27.5375
2024_0412_10:54:57 15 -40.4825 48.855
2024_0412_10:54:58 15 0.095 0.4825
2024_0412_10:54:59 15 91.4625 89.6925
2024_0412_10:57:04 15 93.85 93.6725
2024_0412_10:57:08 15 0.2425 -0.52
2024_0412_10:57:39 15 93.49 92.695
2024_0412_10:58:16 15 -0.47 -0.575
2024_0412_10:58:44 15 -1.3175 0.9325
2024_0412_10:59:01 16 0.3275 0.1425
2024_0412_11:00:14 16 35.13 73.0875
2024_0412_11:00:19 16 92.3675 92.5225
2024_0412_11:00:20 16 8.2625 -8.5425
2024_0412_11:00:22 16 17.4675 -17.0625
2024_0412_11:00:27 17 -80.2125 80.035
2024_0412_11:00:27 16 17.9 15.8175
2024_0412_11:00:28 17 0.0825 0.155
2024_0412_11:00:29 16 -5.16 5.895
2024_0412_11:00:35 17 25.305 28.3025
2024_0412_11:00:38 17 82.9725 62.3175
2024_0412_11:03:12 17 -49.995 99.985
2024_0412_11:03:16 17 0.22 0.1825
2024_0412_11:03:36 17 -8.8 9.0325
2024_0412_11:04:58 17 0.1 -0.2125
2024_0412_11:05:00 17 15.845 14.9725
2024_0412_11:05:44 18 -99.975 49.9675
2024_0412_11:05:48 18 -50.0 -99.9975
2024_0412_11:05:53 18 45.9675 -2.2525
2024_0412_11:05:54 18 94.3075 -50.475
2024_0412_11:05:59 18 93.2375 91.7725
2024_0412_11:06:01 19 24.165 37.0975
2024_0412_11:06:04 18 40.8025 -39.805
2024_0412_11:06:04 18 -27.93 23.4475
2024_0412_11:06:13 19 -37.3425 45.7325
2024_0412_11:06:16 19 38.8925 -3.8725
2024_0412_11:08:43 20 0.735 84.0775
2024_0412_11:09:25 20 -1.005 -0.1425
2024_0412_11:10:36 20 -11.4575 12.43
2024_0412_11:10:48 20 -0.065 -0.3675
2024_0412_11:11:05 20 3.5025 -0.7025
2024_0412_11:11:05 20 -0.855 0.05
2024_0412_11:11:10 4 91.3 90.86
2024_0412_11:11:14 15 0.29 -0.445
2024_0412_11:11:18 17 24.5975 -2.6525
2024_0412_11:11:19 18 92.1975 91.705
2024_0412_11:11:35 20 32.1775 1.855
2024_0412_11:17:04 7 92.8625 92.75
2024_0412_11:17:05 7 92.71 93.1
2024_0412_11:17:06 11 -0.245 0.7
2024_0412_11:17:07 8 91.2275 92.2525
2024_0412_11:17:07 5 94.1075 93.7025
2024_0412_11:17:08 6 94.075 93.7225
2024_0412_11:17:08 11 93.89 93.8075
2024_0412_11:17:09 10 92.6075 92.7475
2024_0412_11:17:09 1 93.87 94.02
2024_0412_11:17:10 9 94.565 94.485
2024_0412_11:17:10 11 -0.015 -0.325
2024_0412_11:17:11 11 91.345 91.925
2024_0412_11:17:42 3 93.0575 92.5375
2024_0412_11:17:43 2 92.9925 93.45
2024_0412_11:17:48 11 -0.1725 0.57
2024_0412_11:18:57 4 90.9175 92.4725
2024_0412_11:22:31 11 -0.3325 0.445
2024_0412_11:22:33 12 -0.4 0.525
2024_0412_11:22:34 11 92.655 93.2125
2024_0412_11:22:38 11 92.54 92.1325
2024_0412_11:22:38 12 93.405 92.5825
2024_0412_11:22:38 12 92.2275 92.5425
2024_0412_11:22:38 11 13.91 9.2925
2024_0412_11:22:40 12 0.015 0.9175
2024_0412_11:22:40 12 -0.0575 0.54
2024_0412_11:22:40 13 64.74 0.1625
2024_0412_11:22:40 12 73.715 73.595
2024_0412_11:22:43 12 91.3175 92.395
2024_0412_11:23:44 13 99.995 99.995
2024_0412_11:23:45 13 0.0 -0.9775
2024_0412_11:24:13 13 93.045 93.12
2024_0412_11:27:02 13 95.5775 -89.8275
2024_0412_11:27:59 13 -0.4325 0.02
2024_0412_11:28:04 13 94.4125 94.5275
2024_0412_11:28:05 13 0.1975 -0.9025
2024_0412_11:28:07 13 -0.1075 0.5175
2024_0412_11:28:09 13 -0.365 -0.19
2024_0412_11:28:09 13 -0.29 0.065
2024_0412_11:28:09 14 50.0 -50.0
2024_0412_11:28:12 14 94.1475 95.7175
2024_0412_11:28:12 14 92.365 92.3475
2024_0412_11:28:12 13 16.3475 18.3075
2024_0412_11:28:13 14 91.375 90.4925
2024_0412_11:28:14 14 -0.6325 -1.4225
2024_0412_11:29:45 14 -0.74 0.2
2024_0412_11:29:46 14 -2.2725 71.0475
2024_0412_11:30:22 14 73.83 72.8325
2024_0412_11:33:29 14 -0.1975 0.6775
2024_0412_11:33:31 14 49.9925 -99.985
2024_0412_11:33:37 15 0.04 0.07
2024_0412_11:33:38 14 93.425 93.3675
2024_0412_11:33:41 14 92.455 92.9375
2024_0412_11:33:42 15 0.0475 -0.24
2024_0412_11:33:43 15 -76.9375 78.245
2024_0412_11:33:44 15 -38.7225 44.29
2024_0412_11:33:44 15 0.095 0.8825
2024_0412_11:33:44 15 -1.0025 1.59
2024_0412_11:33:45 15 91.67 92.5275
2024_0412_11:33:46 15 -0.2725 -0.3925
2024_0412_11:33:50 15 92.3525 92.22
2024_0412_11:35:46 15 -0.27 1.005
2024_0412_11:36:32 15 1.3775 1.7025
2024_0412_11:36:34 15 91.87 92.4925
2024_0412_11:38:59 16 -0.705 0.7125
2024_0412_11:39:01 16 -10.2375 8.875
2024_0412_11:39:12 16 1.11 0.2
2024_0412_11:39:12 16 -0.67 -0.12
2024_0412_11:39:12 16 0.205 -0.0075
2024_0412_11:39:14 16 -49.9975 -99.995
2024_0412_11:39:14 16 -1.0475 0.49
2024_0412_11:39:15 17 21.83 71.8825
2024_0412_11:39:17 17 94.395 94.5325
2024_0412_11:39:20 17 90.89 91.8275
2024_0412_11:39:25 17 10.18 -9.975
2024_0412_11:41:02 16 13.2125 11.4325
2024_0412_11:41:50 17 2.8475 0.205
2024_0412_11:42:37 17 0.0025 0.0525
2024_0412_11:42:46 17 93.7225 93.67
2024_0412_11:42:59 18 0.405 1.5225
2024_0412_11:44:36 18 0.7025 0.8875
2024_0412_11:44:45 18 -11.6025 13.13
2024_0412_11:44:46 18 92.6475 43.4575
2024_0412_11:44:46 18 93.0175 93.88
2024_0412_11:44:52 18 -6.185 5.54
2024_0412_11:44:52 18 0.2275 0.335
2024_0412_11:44:53 18 93.0225 92.49
2024_0412_11:44:54 18 0.0975 -0.33
2024_0412_11:44:55 19 -0.12 -0.33
2024_0412_11:44:55 18 -0.4275 -0.2325
2024_0412_11:46:35 18 -50.0 50.0
2024_0412_11:48:00 19 -0.385 0.865
2024_0412_11:48:05 19 8.9325 78.91
2024_0412_11:48:25 20 91.53 90.0475
2024_0412_11:48:39 20 39.265 -4.4625
2024_0412_11:48:49 20 -9.39 69.785
2024_0412_11:50:10 20 0.0 0.0
2024_0412_11:50:11 20 2.81 49.0675
2024_0412_11:50:11 20 91.9675 46.455
2024_0412_11:50:12 17 1.0375 0.015
2024_0412_11:50:23 18 92.835 93.175
2024_0412_11:55:53 7 82.9225 92.105
2024_0412_11:55:54 11 0.1375 -0.2775
2024_0412_11:55:55 11 -0.09 0.655
2024_0412_11:55:55 5 93.73 93.8575
2024_0412_11:55:55 11 -0.1425 0.315
2024_0412_11:55:57 3 91.765 92.3825
2024_0412_11:55:57 6 93.94 93.98
2024_0412_11:55:57 2 92.47 92.6375
2024_0412_11:55:58 11 0.455 -0.2575
2024_0412_11:55:58 8 90.09 92.8
2024_0412_11:55:58 4 92.4525 92.6825
2024_0412_11:56:00 1 93.71 94.0
2024_0412_11:56:37 7 92.0175 92.7025
2024_0412_11:56:51 9 94.3225 94.575
2024_0412_11:58:00 10 93.74 45.41
2024_0412_11:58:17 11 -99.9975 -49.995
2024_0412_12:01:25 11 -1.1975 -0.76
2024_0412_12:01:25 11 99.995 -49.9975
2024_0412_12:01:26 11 94.2275 93.9625
2024_0412_12:01:26 11 91.66 92.0275
2024_0412_12:01:28 11 49.995 99.99
2024_0412_12:01:29 11 95.175 -23.6475
2024_0412_12:01:29 11 93.91 93.455
2024_0412_12:01:30 11 0.12 -0.355
2024_0412_12:01:31 11 92.945 92.5
2024_0412_12:01:31 11 1.395 3.915
2024_0412_12:01:33 11 93.8625 93.865
2024_0412_12:01:33 11 0.0375 0.11
2024_0412_12:02:51 11 -0.225 -0.75
2024_0412_12:03:07 11 92.015 92.385
2024_0412_12:05:39 12 94.0475 93.98
2024_0412_12:06:30 12 96.705 42.9425
2024_0412_12:06:55 12 93.5625 93.455
2024_0412_12:06:57 12 -0.3175 -0.3425
2024_0412_12:06:58 12 92.79 92.48
2024_0412_12:06:59 12 0.725 -0.16
2024_0412_12:07:00 12 71.6 73.3475
2024_0412_12:07:00 12 91.805 93.0725
2024_0412_12:07:01 12 -0.54 0.5225
2024_0412_12:07:02 12 91.79 91.46
2024_0412_12:07:04 12 -0.3775 0.565
2024_0412_12:07:05 12 91.9925 91.73
2024_0412_12:07:07 12 93.3 92.505
2024_0412_12:07:08 12 0.4775 0.3825
2024_0412_12:09:05 12 17.54 17.0825
2024_0412_12:09:21 12 -0.035 0.56
2024_0412_12:12:28 13 -0.2325 0.0975
2024_0412_12:12:31 13 92.475 89.61
2024_0412_12:12:32 13 91.89 92.915
2024_0412_12:12:33 13 95.3925 92.6675
2024_0412_12:12:34 13 0.19 0.2075
2024_0412_12:12:34 13 93.1825 93.02
2024_0412_12:12:35 13 93.0 47.0125
2024_0412_12:12:37 13 92.23 91.365
2024_0412_12:12:38 13 88.255 28.7675
2024_0412_12:12:38 13 91.175 93.9275
2024_0412_12:12:41 13 -2.385 2.415
2024_0412_12:12:45 13 0.2725 0.225
2024_0412_12:13:21 13 2.35 25.8725
2024_0412_12:15:21 13 94.075 93.92
2024_0412_12:15:37 13 87.545 91.81
2024_0412_12:15:57 13 -0.12 1.08
2024_0412_12:17:57 13 0.025 -0.5375
2024_0412_12:18:01 13 0.8325 0.26
2024_0412_12:18:01 13 49.995 99.985
2024_0412_12:18:02 13 -0.4 -0.015
2024_0412_12:18:06 13 0.19 -0.49
2024_0412_12:18:07 14 -1.1125 0.34
2024_0412_12:18:09 13 92.6525 92.2
2024_0412_12:18:09 13 89.335 91.2775
2024_0412_12:18:09 14 32.8025 32.155
2024_0412_12:18:11 14 20.0275 -20.43
2024_0412_12:18:19 14 -7.845 35.9
2024_0412_12:18:20 14 91.82 89.9
2024_0412_12:21:11 14 92.07 91.9475
2024_0412_12:21:53 14 74.4475 74.63
2024_0412_12:23:28 14 93.2325 93.275
2024_0412_12:23:31 14 -99.995 -49.9975
2024_0412_12:23:33 14 93.8625 93.7875
2024_0412_12:23:34 14 70.33 20.025
2024_0412_12:23:38 14 92.035 92.205
2024_0412_12:23:39 14 -20.545 19.69
2024_0412_12:23:42 14 94.0525 93.0375
2024_0412_12:23:43 14 93.48 43.4975
2024_0412_12:23:44 14 21.03 20.9075
2024_0412_12:23:46 14 13.8775 15.015
2024_0412_12:23:49 14 21.5925 -0.1975
2024_0412_12:23:50 14 49.9975 -99.995
2024_0412_12:24:15 14 92.3525 91.0
2024_0412_12:25:28 14 10.605 7.115
2024_0412_12:27:33 14 -0.2175 -0.07
2024_0412_12:29:01 15 0.3 -0.38
2024_0412_12:29:02 14 93.95 93.75
2024_0412_12:29:05 15 77.7325 77.6875
2024_0412_12:29:09 15 15.745 14.92
2024_0412_12:29:12 15 91.0 90.375
2024_0412_12:29:13 15 26.8875 -26.8775
2024_0412_12:29:15 15 -93.2625 98.1875
2024_0412_12:29:17 15 93.765 94.105
2024_0412_12:29:22 15 1.2075 -0.8975
2024_0412_12:29:24 15 91.035 90.8175
2024_0412_12:29:27 15 -0.135 0.34
2024_0412_12:29:31 14 0.5675 -0.355
2024_0412_12:29:44 15 0.91 0.4575
2024_0412_12:30:29 15 1.1975 -0.18
2024_0412_12:33:35 15 -9.855 9.93
2024_0412_12:33:47 15 46.1825 -0.395
2024_0412_12:34:28 15 -0.56 -0.0475
2024_0412_12:34:30 15 -0.59 0.155
2024_0412_12:34:36 15 74.93 75.18
2024_0412_12:34:40 15 0.6 -0.215
2024_0412_12:34:45 15 0.6525 0.295
2024_0412_12:34:47 15 -0.3775 -0.36
2024_0412_12:34:47 15 -0.5475 22.9
2024_0412_12:34:53 15 92.705 91.2825
2024_0412_12:34:59 16 0.0225 -0.0875
2024_0412_12:35:00 16 -9.165 11.0025
2024_0412_12:35:01 15 94.52 94.53
2024_0412_12:35:13 16 -1.1725 0.19
2024_0412_12:36:43 16 -0.47 42.3475
2024_0412_12:36:52 16 -0.395 -1.52
2024_0412_12:39:58 16 -1.2775 0.875
2024_0412_12:40:03 16 93.6 93.6075
2024_0412_12:40:03 16 94.3475 94.7325
2024_0412_12:40:09 16 91.715 91.65
2024_0412_12:40:17 16 34.35 43.23
2024_0412_12:40:17 16 0.4025 0.445
2024_0412_12:40:20 16 25.565 45.5625
2024_0412_12:40:22 16 -7.9075 8.155
2024_0412_12:40:28 16 -0.725 0.2325
2024_0412_12:40:33 16 0.235 -0.49
2024_0412_12:40:38 17 -0.5375 -1.1775
2024_0412_12:41:05 16 85.3375 14.62
2024_0412_12:41:31 17 -0.2825 -0.9175
2024_0412_12:42:52 17 -26.605 56.7525
2024_0412_12:42:56 17 51.67 79.905
2024_0412_12:45:00 17 73.6875 72.6575
2024_0412_12:45:28 17 0.7925 0.355
2024_0412_12:45:37 17 94.0725 93.94
2024_0412_12:45:39 17 39.2625 13.135
2024_0412_12:45:50 17 1.505 -1.805
2024_0412_12:45:50 17 95.0 -1.23
2024_0412_12:45:56 17 15.49 12.755
2024_0412_12:46:04 17 1.0825 0.38
2024_0412_12:46:20 17 82.2975 90.8575
2024_0412_12:46:37 17 14.08 14.2
2024_0412_12:47:07 17 14.675 -14.595
2024_0412_12:48:15 18 91.5825 92.2675
2024_0412_12:48:27 18 -0.0075 -0.33
2024_0412_12:48:48 17 8.1725 1.61
2024_0412_12:49:08 18 0.495 0.9825
2024_0412_12:49:13 18 -0.7325 0.89
2024_0412_12:51:04 18 -20.2625 20.5925
2024_0412_12:51:12 18 0.1125 -0.1625
2024_0412_12:51:21 18 12.13 -11.95
2024_0412_12:51:27 18 94.2225 94.05
2024_0412_12:51:29 18 92.13 92.4275
2024_0412_12:51:45 18 0.39 0.225
2024_0412_12:52:04 18 -0.7175 -0.6825
2024_0412_12:52:40 18 3.41 -0.0075
2024_0412_12:52:45 18 -49.4775 49.5
2024_0412_12:52:55 18 90.665 91.76
2024_0412_12:53:25 18 27.59 -27.925
2024_0412_12:54:03 18 0.85 -0.365
2024_0412_12:54:11 18 -49.9975 99.995
2024_0412_12:54:57 18 -9.9375 10.005
2024_0412_12:55:02 18 94.5225 94.345
2024_0412_12:55:39 18 -30.93 13.775
2024_0412_12:57:10 18 -0.675 0.08
2024_0412_12:57:20 18 0.2925 0.645
2024_0412_12:57:22 18 76.84 39.555
2024_0412_12:57:34 19 -1.6275 -0.6675
2024_0412_12:57:58 19 20.8475 -20.0225
2024_0412_12:58:42 19 90.115 92.0725
2024_0412_12:58:58 19 -27.385 48.6975
2024_0412_12:59:01 19 97.3775 -35.14
2024_0412_12:59:26 20 38.355 38.55
2024_0412_12:59:50 19 46.8025 47.0125
2024_0412_13:00:03 20 0.415 0.605
2024_0412_13:00:12 20 78.375 63.1075
2024_0412_13:00:53 20 7.765 -8.195
2024_0412_13:01:02 20 71.5775 5.8425
2024_0412_13:02:02 20 0.0275 0.49
2024_0412_13:02:37 20 92.2875 92.3625
2024_0412_13:03:03 20 -14.7475 15.7975
2024_0412_13:03:20 20 5.1025 0.935
2024_0412_13:03:21 20 73.9 73.17
2024_0412_13:03:26 20 -0.4875 0.15
2024_0412_13:03:57 20 -0.645 0.8225
2024_0412_13:04:35 20 -0.77 48.225
2024_0412_13:05:11 14 90.1825 11.9125
2024_0412_13:05:14 16 -3.77 48.995
2024_0412_13:05:54 17 9.47 -9.645
2024_0412_13:05:55 17 1.17 0.0275
2024_0412_13:06:04 15 19.48 69.9
2024_0412_13:06:34 17 15.1825 -13.695
2024_0412_13:06:43 17 92.1225 92.4
2024_0412_13:06:46 17 13.82 -9.0025
2024_0412_13:08:09 18 92.765 87.3725
2024_0412_13:08:11 18 91.8825 92.4175
2024_0412_13:14:03 4 90.955 92.2275
2024_0412_13:14:03 6 93.8875 93.7875
2024_0412_13:14:03 11 91.7275 92.52
2024_0412_13:14:04 11 -0.2375 0.3
2024_0412_13:14:04 8 92.795 93.1725
2024_0412_13:14:04 5 93.9075 93.8725
2024_0412_13:14:05 7 92.31 92.0425
2024_0412_13:14:05 11 0.65 0.4775
2024_0412_13:14:05 11 -0.15 1.0525
2024_0412_13:14:08 3 92.9675 92.66
2024_0412_13:14:08 1 93.7925 93.895
2024_0412_13:14:09 9 94.2425 94.515
2024_0412_13:14:18 7 92.2425 91.8775
2024_0412_13:14:20 2 91.6275 92.73
2024_0412_13:15:14 10 92.8025 93.195
2024_0412_13:15:30 10 93.085 91.7725
2024_0412_13:19:49 11 92.665 92.585
2024_0412_13:19:51 11 -1.28 0.3525
2024_0412_13:19:51 11 -0.54 0.1725
2024_0412_13:19:52 11 -0.115 -0.15
2024_0412_13:19:52 11 0.0825 -0.025
2024_0412_13:19:52 11 91.2025 92.4825
2024_0412_13:19:54 11 0.24 -0.53
2024_0412_13:19:54 11 -99.995 49.9975
2024_0412_13:19:56 11 0.4475 -1.0425
2024_0412_13:19:56 11 -2.2675 45.38
2024_0412_13:19:56 11 -0.065 0.0575
2024_0412_13:19:57 11 91.8075 92.34
2024_0412_13:20:39 11 0.2725 -0.1425
2024_0412_13:20:46 11 93.3875 92.785
2024_0412_13:22:08 11 -23.54 94.38
2024_0412_13:22:41 12 93.3225 93.485
2024_0412_13:25:39 12 93.8625 93.625
2024_0412_13:25:40 12 90.0275 45.605
2024_0412_13:25:42 12 0.515 -0.0575
2024_0412_13:25:44 12 0.15 0.82
2024_0412_13:25:44 12 -22.2725 22.2375
2024_0412_13:25:45 12 -0.5275 0.915
2024_0412_13:25:46 12 92.4925 92.225
2024_0412_13:25:49 12 0.0825 0.03
2024_0412_13:25:50 12 45.595 45.3175
2024_0412_13:25:51 12 48.555 47.8775
2024_0412_13:25:51 12 91.3475 91.9525
2024_0412_13:25:51 12 92.5825 91.8975
2024_0412_13:26:51 12 -0.2625 -0.5425
2024_0412_13:26:59 13 0.4275 0.23
2024_0412_13:29:12 13 92.4 91.79
2024_0412_13:30:21 13 -1.015 -0.3875
2024_0412_13:31:23 13 -0.2425 -0.145
2024_0412_13:31:25 13 0.37 0.0525
2024_0412_13:31:26 13 74.9775 74.925
2024_0412_13:31:33 13 49.995 49.995
2024_0412_13:31:34 13 34.04 -4.14
2024_0412_13:31:34 13 0.0075 0.9525
2024_0412_13:31:35 13 99.995 99.99
2024_0412_13:31:36 13 5.0175 4.6975
2024_0412_13:31:37 13 0.7525 0.005
2024_0412_13:31:38 13 2.6925 -0.96
2024_0412_13:31:38 13 0.5575 0.505
2024_0412_13:31:39 13 92.5475 91.5875
2024_0412_13:33:01 13 0.3525 0.3025
2024_0412_13:33:12 13 0.51 -0.065
2024_0412_13:36:12 13 0.725 0.86
2024_0412_13:37:14 13 47.0025 46.8925
2024_0412_13:37:16 13 -0.4 -0.165
2024_0412_13:37:16 13 91.1675 86.2825
2024_0412_13:37:22 13 92.625 93.13
2024_0412_13:37:25 13 8.7975 -10.255
2024_0412_13:37:25 14 0.1275 0.0225
2024_0412_13:37:25 13 92.71 93.0175
2024_0412_13:37:26 14 0.1625 -0.0175
2024_0412_13:37:27 14 0.1725 0.23
2024_0412_13:37:29 14 15.585 14.1225
2024_0412_13:37:29 14 -4.04 56.695
2024_0412_13:37:31 14 31.225 32.615
2024_0412_13:37:31 14 24.03 24.4425
2024_0412_13:39:17 14 92.9 92.7025
2024_0412_13:39:29 14 91.6575 91.1825
2024_0412_13:43:01 14 0.1425 0.11
2024_0412_13:43:01 14 49.9975 99.995
2024_0412_13:43:04 14 92.6525 93.32
2024_0412_13:43:06 14 45.5325 46.1
2024_0412_13:43:08 14 0.495 0.295
2024_0412_13:43:12 14 0.14 -0.0975
2024_0412_13:43:13 14 92.3375 92.57
2024_0412_13:43:15 14 -0.9025 -0.0525
2024_0412_13:43:16 14 -0.325 0.065
2024_0412_13:43:16 14 38.0425 -43.0125
2024_0412_13:43:22 14 90.3375 92.55
2024_0412_13:43:22 14 -21.3375 21.7375
2024_0412_13:43:26 14 93.675 93.7975
2024_0412_13:44:57 14 -20.6675 19.96
2024_0412_13:45:27 14 0.945 0.035
2024_0412_13:45:48 15 92.805 91.455
2024_0412_13:48:44 15 -1.455 -0.0075
2024_0412_13:48:53 15 0.39 -0.495
2024_0412_13:48:56 15 92.245 86.4125
2024_0412_13:49:01 15 92.86 90.0525
2024_0412_13:49:06 15 4.9475 -1.4675
2024_0412_13:49:07 15 40.0575 40.025
2024_0412_13:49:08 15 74.565 75.205
2024_0412_13:49:14 15 -0.3425 0.1925
2024_0412_13:49:15 15 -0.2625 -0.165
2024_0412_13:49:16 15 74.0575 73.815
2024_0412_13:49:20 15 48.01 -40.3125
2024_0412_13:50:20 15 -0.5525 0.3525
2024_0412_13:51:37 15 91.9925 90.5625
2024_0412_13:51:57 15 0.9675 -0.7975
2024_0412_13:52:10 15 -0.0775 -0.69
2024_0412_13:52:47 15 90.33 90.3
2024_0412_13:54:32 15 44.555 91.8775
2024_0412_13:54:46 15 -0.0775 0.2775
2024_0412_13:54:52 15 1.74 14.7225
2024_0412_13:54:53 15 62.7025 63.3425
2024_0412_13:54:58 15 45.2675 44.0125
2024_0412_13:54:59 15 99.995 99.995
2024_0412_13:55:03 16 94.0275 93.6975
2024_0412_13:55:08 16 -9.515 31.975
2024_0412_13:55:08 16 -0.62 -0.395
2024_0412_13:55:08 16 0.0175 -1.45
2024_0412_13:57:21 16 99.99 -49.9925
2024_0412_13:57:21 16 6.945 32.555
2024_0412_13:57:43 16 -17.5325 86.6225
2024_0412_13:58:16 16 47.2275 46.995
2024_0412_13:59:25 16 92.1625 92.3475
2024_0412_13:59:43 16 85.7275 68.2525
2024_0412_14:00:23 16 3.64 -16.8325
2024_0412_14:00:42 16 -0.2625 -0.775
2024_0412_14:00:44 17 0.2425 -0.015
2024_0412_14:00:49 16 92.0825 92.285
2024_0412_14:00:57 17 93.415 90.79
2024_0412_14:00:58 17 69.525 70.1875
2024_0412_14:01:01 17 -0.405 0.1375
2024_0412_14:01:01 17 18.045 18.535
2024_0412_14:01:01 17 -0.71 -0.7875
2024_0412_14:03:20 17 44.185 56.5175
2024_0412_14:04:01 17 -0.7525 0.745
2024_0412_14:05:41 17 28.845 41.53
2024_0412_14:05:42 17 -0.92 0.4875
2024_0412_14:06:17 17 -0.6375 0.14
2024_0412_14:06:28 17 32.415 31.715
2024_0412_14:06:31 17 -0.345 -0.03
2024_0412_14:06:32 17 98.605 -4.12
2024_0412_14:06:36 17 70.96 -4.5125
2024_0412_14:06:41 17 0.86 -0.32
2024_0412_14:06:53 17 9.675 -8.98
2024_0412_14:06:53 17 98.745 -33.4575
2024_0412_14:06:54 17 25.1575 42.685
2024_0412_14:06:58 18 -7.9025 8.5725
2024_0412_14:07:07 18 47.015 -43.405
2024_0412_14:09:12 18 -0.0025 0.405
2024_0412_14:10:16 18 -21.065 22.5175
2024_0412_14:10:17 18 -36.535 51.1325
2024_0412_14:11:39 18 16.0025 16.5975
2024_0412_14:12:07 18 49.995 -100.0
2024_0412_14:12:22 18 0.7 0.105
2024_0412_14:12:27 18 73.2775 73.21
2024_0412_14:12:27 18 -99.99 99.995
2024_0412_14:12:39 18 18.5825 20.295
2024_0412_14:12:42 18 -0.9425 0.305
2024_0412_14:12:43 18 0.785 0.6075
2024_0412_14:12:48 18 20.845 -19.5425
2024_0412_14:12:50 18 -0.3825 -0.765
2024_0412_14:12:54 18 73.8725 73.4875
2024_0412_14:13:00 18 -0.915 -0.395
2024_0412_14:13:30 18 0.52 -0.1175
2024_0412_14:15:07 18 44.95 46.52
2024_0412_14:16:31 18 -0.45 -0.04
2024_0412_14:17:35 19 92.0675 89.4575
2024_0412_14:18:11 19 50.55 50.1925
2024_0412_14:18:24 19 94.43 89.255
2024_0412_14:18:25 18 91.7725 92.26
2024_0412_14:18:26 19 -10.345 31.87
2024_0412_14:18:29 19 92.0475 92.595
2024_0412_14:18:37 19 -2.1325 7.41
2024_0412_14:18:39 19 0.69 -0.63
2024_0412_14:18:42 19 0.37 0.01
2024_0412_14:18:46 19 24.675 -24.925
2024_0412_14:18:53 20 -99.995 -99.995
2024_0412_14:19:06 20 64.8275 85.295
2024_0412_14:19:52 20 51.7225 74.6
2024_0412_14:20:15 19 -8.875 11.2575
2024_0412_14:22:42 20 44.2475 46.95
2024_0412_14:23:37 20 73.86 72.24
2024_0412_14:24:21 20 45.685 90.655
2024_0412_14:24:22 20 13.57 13.5175
2024_0412_14:24:26 20 -0.795 -0.3725
2024_0412_14:24:33 20 92.9775 91.5725
2024_0412_14:24:35 20 8.535 -9.7625
2024_0412_14:24:41 15 -1.38 -0.6525
2024_0412_14:24:46 16 94.22 94.285
2024_0412_14:24:51 16 44.8325 -1.28
2024_0412_14:25:01 16 45.34 45.055
2024_0412_14:25:33 20 0.2075 0.26
2024_0412_14:26:07 17 92.01 91.785
2024_0412_14:26:22 17 0.605 -0.3175
2024_0412_14:26:27 18 0.8275 -1.355
2024_0412_14:27:05 18 91.51 92.1475
2024_0412_14:29:12 20 -53.9425 74.3125
2024_0412_14:31:48 20 15.1925 13.9825
2024_0412_14:37:39 7 92.88 92.7625
2024_0412_14:37:43 8 93.3775 92.905
2024_0412_14:37:43 2 92.9475 93.14
2024_0412_14:37:45 6 93.7 94.0875
2024_0412_14:37:47 11 92.5175 45.6575
2024_0412_14:37:48 5 93.7225 93.4725
2024_0412_14:37:48 4 90.72 90.07
2024_0412_14:37:48 3 90.9825 91.97
2024_0412_14:37:49 1 93.6525 93.9275
2024_0412_14:37:50 7 92.8575 91.9025
2024_0412_14:37:50 11 93.6775 93.88
2024_0412_14:37:50 10 93.3675 92.705
2024_0412_14:38:02 11 94.4875 94.175
2024_0412_14:38:03 9 94.475 93.3075
2024_0412_14:38:30 7 92.4 92.4825
2024_0412_14:39:45 10 93.87 93.23
2024_0412_14:43:30 11 92.7825 92.7075
2024_0412_14:43:33 11 0.2175 -0.9875
2024_0412_14:43:34 11 -0.8375 0.78
2024_0412_14:43:38 11 -0.7875 0.505
2024_0412_14:43:41 11 -0.6625 0.54
2024_0412_14:43:41 11 92.4775 90.8125
2024_0412_14:43:41 11 -0.275 0.025
2024_0412_14:43:42 11 -0.1275 0.7375
2024_0412_14:43:44 11 -0.2775 -0.4175
2024_0412_14:43:45 11 93.46 93.5575
2024_0412_14:43:49 11 0.4275 0.52
2024_0412_14:43:51 11 1.315 1.31
2024_0412_14:44:13 11 92.495 92.215
2024_0412_14:44:15 11 92.72 92.1375
2024_0412_14:45:52 11 23.535 23.155
2024_0412_14:46:53 11 92.535 92.4075
2024_0412_14:49:25 11 92.8025 92.4425
2024_0412_14:49:27 11 93.86 93.725
2024_0412_14:49:29 11 0.7 0.515
2024_0412_14:49:30 11 -0.365 -0.5575
2024_0412_14:49:33 11 0.2375 0.6375
2024_0412_14:49:35 11 93.22 90.675
2024_0412_14:49:35 11 0.405 -0.0925
2024_0412_14:49:36 11 -12.4825 63.0925
2024_0412_14:49:43 12 -0.23 -0.2175
2024_0412_14:49:43 12 0.72 -0.1675
2024_0412_14:49:45 12 92.48 91.9825
2024_0412_14:49:45 12 94.015 93.935
2024_0412_14:50:19 12 -0.2475 0.03
2024_0412_14:50:25 12 0.0 -0.5625
2024_0412_14:52:57 12 90.64 94.1125
2024_0412_14:53:45 12 -1.035 0.24
2024_0412_14:55:20 12 -1.205 0.3175
2024_0412_14:55:22 12 0.3975 -0.145
2024_0412_14:55:22 12 18.665 18.78
2024_0412_14:55:24 12 94.285 94.4825
2024_0412_14:55:24 12 0.09 -0.1025
2024_0412_14:55:27 12 -0.96 0.59
2024_0412_14:55:28 12 45.755 93.0625
2024_0412_14:55:29 12 99.99 -99.99
2024_0412_14:55:35 12 -0.02 0.48
2024_0412_14:55:38 12 93.68 93.8625
2024_0412_14:55:39 12 91.4475 92.2075
2024_0412_14:55:46 12 0.31 -0.1025
2024_0412_14:56:28 12 0.56 -0.6825
2024_0412_14:56:31 12 0.06 0.0175
2024_0412_15:00:20 13 93.9825 93.9875
2024_0412_15:00:37 13 0.09 0.6025
2024_0412_15:01:16 13 1.3775 -0.7675
2024_0412_15:01:18 13 -0.035 -0.25
2024_0412_15:01:19 13 93.4175 93.3475
2024_0412_15:01:20 13 46.015 92.125
2024_0412_15:01:20 13 93.685 93.73
2024_0412_15:01:20 13 99.995 -49.9975
2024_0412_15:01:21 13 92.295 91.9125
2024_0412_15:01:24 13 93.9725 94.1925
2024_0412_15:01:32 13 0.5775 0.67
2024_0412_15:01:33 13 -0.7575 -0.4375
2024_0412_15:01:34 13 49.9925 -49.9875
2024_0412_15:01:46 13 91.01 92.235
2024_0412_15:02:35 13 10.415 -10.185
2024_0412_15:03:28 13 74.1375 75.1375
2024_0412_15:06:44 13 90.7325 47.585
2024_0412_15:07:06 13 99.99 49.9975
2024_0412_15:07:09 13 93.975 93.7925
2024_0412_15:07:10 13 -0.1 1.0225
2024_0412_15:07:11 13 1.5525 1.585
2024_0412_15:07:15 13 -3.575 46.37
2024_0412_15:07:15 13 90.74 93.035
2024_0412_15:07:16 13 91.925 84.89
2024_0412_15:07:20 13 46.1025 47.05
2024_0412_15:07:23 13 10.995 -10.2125
2024_0412_15:07:26 13 0.145 -1.1075
2024_0412_15:07:34 13 74.67 74.4
2024_0412_15:07:39 13 -0.5975 -0.2675
2024_0412_15:07:40 13 -0.195 0.0475
2024_0412_15:08:44 13 91.655 91.46
2024_0412_15:10:53 13 90.47 92.5175
2024_0412_15:12:50 13 -25.0275 25.04
2024_0412_15:12:59 13 0.6875 0.41
2024_0412_15:13:01 13 0.3075 0.1625
2024_0412_15:13:03 14 49.9875 -49.9925
2024_0412_15:13:09 13 47.98 48.09
2024_0412_15:13:09 14 -0.575 0.06
2024_0412_15:13:10 14 99.985 -99.96
2024_0412_15:13:11 14 92.12 92.0975
2024_0412_15:13:14 14 -10.6125 10.23
2024_0412_15:13:22 14 -0.4025 0.225
2024_0412_15:13:24 14 -0.63 -1.2275
2024_0412_15:13:32 14 91.31 44.2
2024_0412_15:13:41 14 74.9075 74.935
2024_0412_15:14:50 14 0.4225 0.285
2024_0412_15:15:12 14 -13.96 13.175
2024_0412_15:18:01 14 91.91 90.9925
2024_0412_15:18:50 14 92.1575 94.1
2024_0412_15:18:56 14 -0.3625 -0.075
2024_0412_15:19:00 14 93.615 93.445
2024_0412_15:19:02 14 91.68 92.4
2024_0412_15:19:02 14 -0.3025 0.1825
2024_0412_15:19:03 14 13.7125 15.3125
2024_0412_15:19:05 14 -0.495 0.415
2024_0412_15:19:06 14 92.1325 91.6675
2024_0412_15:19:17 14 -0.0725 -0.8325
2024_0412_15:19:35 14 93.22 93.62
2024_0412_15:19:43 14 91.4975 90.9025
2024_0412_15:22:18 14 46.165 46.05
2024_0412_15:23:27 14 93.645 92.1975
2024_0412_15:23:58 14 0.0025 -0.705
2024_0412_15:24:15 14 0.2825 -0.0175
2024_0412_15:24:44 14 93.88 93.3575
2024_0412_15:24:52 14 0.605 0.5675
2024_0412_15:24:55 15 45.26 43.95
2024_0412_15:24:57 14 92.6775 92.8925
2024_0412_15:24:58 15 -0.8475 0.65
2024_0412_15:25:01 15 0.5775 -0.3925
2024_0412_15:25:01 15 -0.335 -0.4625
2024_0412_15:25:09 14 44.785 25.7025
2024_0412_15:25:14 15 -0.0325 -0.755
2024_0412_15:25:34 15 49.99 -49.995
2024_0412_15:25:41 15 92.09 92.735
2024_0412_15:27:33 14 92.5625 92.6
2024_0412_15:29:25 15 50.0 -49.9975
2024_0412_15:30:06 15 -10.025 9.445
2024_0412_15:30:07 15 -0.1025 -0.1225
2024_0412_15:30:33 15 -0.6675 -0.405
2024_0412_15:30:45 15 -0.3975 -0.505
2024_0412_15:30:51 15 13.32 46.5425
2024_0412_15:30:53 15 -0.335 52.2275
2024_0412_15:30:53 15 0.6375 0.095
2024_0412_15:30:56 15 0.655 -0.8875
2024_0412_15:30:58 15 0.58 -0.1125
2024_0412_15:31:15 15 -0.2975 0.0325
2024_0412_15:31:29 15 -0.2475 0.0175
2024_0412_15:31:39 15 93.555 85.6325
2024_0412_15:32:21 15 -0.36 -0.3075
2024_0412_15:33:53 15 90.4275 92.5075
2024_0412_15:35:18 15 -0.335 -0.6625
2024_0412_15:35:22 15 93.615 94.3825
2024_0412_15:36:15 15 -0.0325 -0.045
2024_0412_15:36:24 15 94.145 92.8675
2024_0412_15:36:36 15 0.5125 0.4525
2024_0412_15:36:43 15 17.8125 16.3175
2024_0412_15:36:49 15 80.6775 66.7725
2024_0412_15:36:52 15 6.2575 -0.335
2024_0412_15:36:52 15 92.3625 93.095
2024_0412_15:37:13 15 0.9125 0.22
2024_0412_15:37:32 15 74.9675 92.4925
2024_0412_15:37:39 15 -0.24 -0.0025
2024_0412_15:39:39 16 0.035 2.9975
2024_0412_15:40:47 16 92.99 93.0975
2024_0412_15:41:06 16 92.21 92.585
2024_0412_15:41:16 16 15.0875 6.185
2024_0412_15:41:49 16 76.14 89.39
2024_0412_15:41:53 16 -0.565 0.8775
2024_0412_15:42:13 16 90.5775 92.2775
2024_0412_15:42:29 16 91.6325 92.4475
2024_0412_15:42:37 16 72.52 49.0475
2024_0412_15:42:43 16 93.8175 93.73
2024_0412_15:42:46 16 49.6 -24.59
2024_0412_15:42:47 16 91.425 91.5775
2024_0412_15:43:07 16 0.9525 0.2575
2024_0412_15:43:27 16 -0.705 0.245
2024_0412_15:43:38 16 89.4075 91.8325
2024_0412_15:45:53 16 21.25 13.265
2024_0412_15:46:43 16 37.0325 39.09
2024_0412_15:47:10 16 -4.255 32.1525
2024_0412_15:47:11 16 10.265 -10.51
2024_0412_15:48:04 16 0.0075 0.4775
2024_0412_15:48:21 16 93.4375 90.7225
2024_0412_15:48:37 16 93.7275 93.61
2024_0412_15:48:40 17 95.0825 -1.2725
2024_0412_15:48:41 17 13.535 0.0275
2024_0412_15:48:41 17 7.705 -8.0475
2024_0412_15:48:42 16 92.9925 92.0475
2024_0412_15:49:03 17 14.0025 13.3125
2024_0412_15:49:22 17 91.6075 92.4675
2024_0412_15:49:26 16 92.065 92.6275
2024_0412_15:49:35 17 16.2975 -17.06
2024_0412_15:49:36 16 0.5425 1.12
2024_0412_15:52:11 17 58.615 -16.5275
2024_0412_15:52:36 17 11.0875 -9.71
2024_0412_15:53:01 17 0.37 0.6775
2024_0412_15:53:07 17 92.27 92.26
2024_0412_15:54:06 17 85.6375 87.985
2024_0412_15:54:19 17 46.7225 91.6325
2024_0412_15:54:31 17 93.4725 93.1725
2024_0412_15:54:35 17 -0.705 -0.0025
2024_0412_15:54:38 17 93.525 92.405
2024_0412_15:54:38 17 91.35 92.6175
2024_0412_15:54:51 17 -0.415 -0.0375
2024_0412_15:55:01 17 0.115 -0.755
2024_0412_15:55:25 17 40.09 41.5225
2024_0412_15:55:34 17 0.23 0.4175
2024_0412_15:56:48 17 92.78 93.1175
2024_0412_15:57:09 17 0.635 0.015
2024_0412_15:58:27 17 90.94 92.295
2024_0412_15:58:30 17 -1.4975 0.495
2024_0412_15:58:53 17 -1.1275 3.855
2024_0412_15:59:04 17 87.38 93.245
2024_0412_16:00:02 17 0.645 0.7675
2024_0412_16:00:15 17 93.02 94.72
2024_0412_16:00:25 17 93.57 93.805
2024_0412_16:00:32 18 93.695 94.0875
2024_0412_16:00:33 18 -10.2675 9.56
2024_0412_16:00:34 18 -0.2675 0.425
2024_0412_16:01:00 18 44.9525 94.275
2024_0412_16:01:05 18 0.3325 -0.8275
2024_0412_16:01:24 18 -0.0275 1.3775
2024_0412_16:01:31 18 0.445 1.7075
2024_0412_16:03:52 18 -0.1475 3.3925
2024_0412_16:04:28 18 -23.1025 37.6525
2024_0412_16:04:42 18 92.255 92.1225
2024_0412_16:04:47 18 -0.485 -0.1375
2024_0412_16:04:57 18 -33.745 32.845
2024_0412_16:05:09 18 4.2075 3.5625
2024_0412_16:05:55 18 79.215 10.765
2024_0412_16:06:09 18 6.9125 5.155
2024_0412_16:06:25 18 0.115 0.4425
2024_0412_16:06:27 18 93.3325 94.5675
2024_0412_16:06:28 18 93.275 91.25
2024_0412_16:06:29 18 0.3475 -0.3675
2024_0412_16:06:53 18 0.5925 2.5
2024_0412_16:07:19 18 94.0 94.03
2024_0412_16:07:22 18 91.89 93.085
2024_0412_16:07:27 18 21.8875 13.34
2024_0412_16:10:24 18 -1.2425 1.335
2024_0412_16:10:42 18 -0.39 -0.2425
2024_0412_16:10:55 18 91.895 92.645
2024_0412_16:10:56 18 90.29 91.755
2024_0412_16:10:59 18 91.7525 91.8575
2024_0412_16:11:49 18 -15.47 14.5475
2024_0412_16:12:08 18 -9.94 66.51
2024_0412_16:12:15 18 99.995 -49.9975
2024_0412_16:12:15 18 0.1375 -0.5975
2024_0412_16:12:20 18 47.455 -47.3625
2024_0412_16:12:27 18 94.2025 94.0075
2024_0412_16:12:57 19 -0.355 -0.3125
2024_0412_16:13:06 18 93.8275 93.8825
2024_0412_16:13:18 19 9.625 -9.785
2024_0412_16:13:22 19 47.4025 66.32
2024_0412_16:13:33 19 98.37 -6.605
2024_0412_16:16:24 19 55.5875 66.6075
2024_0412_16:16:35 19 92.3175 43.81
2024_0412_16:16:51 19 49.9925 -49.995
2024_0412_16:17:12 19 44.8275 2.7125
2024_0412_16:17:40 19 -1.525 1.2625
2024_0412_16:17:59 19 99.995 99.995
2024_0412_16:18:07 19 15.8875 -16.5075
2024_0412_16:18:16 19 37.735 4.13
2024_0412_16:18:18 19 -99.99 99.995
2024_0412_16:18:32 19 0.0175 0.2875
2024_0412_16:18:40 19 -49.995 49.995
2024_0412_16:18:50 19 -49.7325 49.9175
2024_0412_16:19:12 19 92.3625 90.5775
2024_0412_16:19:15 19 -0.1225 -0.275
2024_0412_16:19:48 20 -1.0425 -0.19
2024_0412_16:20:58 19 79.9 -79.445
2024_0412_16:22:20 20 92.3275 44.0175
2024_0412_16:22:24 20 -8.16 7.7
2024_0412_16:22:51 20 0.1375 -0.225
2024_0412_16:23:31 20 92.505 92.02
2024_0412_16:23:34 20 93.9425 93.71
2024_0412_16:23:51 20 10.26 10.8375
2024_0412_16:24:01 20 91.6075 83.53
2024_0412_16:24:38 20 18.36 29.435
2024_0412_16:24:45 20 0.2275 0.0275
2024_0412_16:25:08 20 92.5125 92.7525
2024_0412_16:25:10 20 93.675 93.6425
2024_0412_16:25:49 20 13.11 -12.3275
2024_0412_16:26:03 20 -1.7325 -1.025
2024_0412_16:26:20 20 0.28 0.77
2024_0412_16:28:00 20 1.36 0.4275
2024_0412_16:28:09 20 -0.3525 -0.425
2024_0412_16:28:14 20 -0.2175 -0.11
2024_0412_16:28:30 20 45.46 -0.7625
2024_0412_16:28:35 14 14.45 14.415
2024_0412_16:29:19 14 -0.3075 0.135
2024_0412_16:29:37 15 93.2725 94.13
2024_0412_16:29:39 14 45.0875 45.955
2024_0412_16:29:48 15 11.6575 14.91
2024_0412_16:30:22 15 38.61 10.255
2024_0412_16:30:31 16 14.6275 14.245
2024_0412_16:30:57 20 41.745 96.075
2024_0412_16:38:51 20 92.9325 91.445
2024_0412_16:44:42 2 92.5375 92.9475
2024_0412_16:44:43 7 92.5275 92.4425
2024_0412_16:44:43 7 92.66 91.805
2024_0412_16:44:43 7 92.07 92.58
2024_0412_16:44:44 7 91.085 91.9575
2024_0412_16:44:45 7 92.5325 91.525
2024_0412_16:44:45 7 92.2775 92.285
2024_0412_16:44:46 2 91.7225 91.925
2024_0412_16:44:47 1 93.69 93.805
2024_0412_16:44:48 7 92.425 92.4625
2024_0412_16:44:51 4 91.8275 92.2675
2024_0412_16:45:03 7 92.855 92.46
2024_0412_16:45:04 7 92.4225 93.2175
2024_0412_16:46:13 6 94.015 93.7325
2024_0412_16:47:19 3 91.0175 92.2625
2024_0412_16:49:06 7 92.735 92.925
2024_0412_16:50:30 8 91.9225 92.8575
2024_0412_16:50:34 9 93.96 94.29
2024_0412_16:50:34 10 93.19 91.095
2024_0412_16:50:37 10 93.73 93.33
2024_0412_16:50:38 10 92.635 93.24
2024_0412_16:50:39 11 93.795 93.7625
2024_0412_16:50:39 10 93.1 92.02
2024_0412_16:50:40 11 0.06 0.04
2024_0412_16:50:41 11 0.185 -0.71
2024_0412_16:50:42 10 92.34 92.965
2024_0412_16:51:12 11 93.51 94.0
2024_0412_16:51:38 11 93.75 93.73
2024_0412_16:53:21 11 0.1625 -0.35
2024_0412_16:53:28 11 -99.995 99.99
2024_0412_16:54:22 11 -49.995 49.9975
2024_0412_16:54:56 11 91.885 93.195
2024_0412_16:56:18 11 -0.425 -0.64
2024_0412_16:56:21 11 -0.01 0.48
2024_0412_16:56:21 11 -49.9975 99.995
2024_0412_16:56:21 11 -0.695 0.07
2024_0412_16:56:26 11 93.885 93.885
2024_0412_16:56:26 11 -0.3425 -0.7575
2024_0412_16:56:29 11 -1.205 0.0
2024_0412_16:56:29 11 92.1025 92.49
2024_0412_16:56:32 11 91.67 91.5025
2024_0412_16:56:33 11 92.9675 92.8575
2024_0412_16:57:18 11 91.3 91.21
2024_0412_16:57:24 11 0.935 -0.2975
2024_0412_16:59:38 11 94.1175 93.8725
2024_0412_16:59:51 11 -0.285 -0.445
2024_0412_17:00:38 11 0.205 0.0075
2024_0412_17:02:04 11 -0.2675 0.22
2024_0412_17:02:07 11 -0.0275 0.585
2024_0412_17:02:08 11 -0.7325 0.395
2024_0412_17:02:09 11 0.4325 -0.1275
2024_0412_17:02:14 11 91.85 93.005
2024_0412_17:02:16 11 0.1 -0.3175
2024_0412_17:02:18 11 93.035 92.6825
2024_0412_17:02:22 11 -0.13 -0.5325
2024_0412_17:02:22 11 91.18 91.57
2024_0412_17:02:25 11 92.1175 92.4
2024_0412_17:03:09 11 -0.3375 -0.41
2024_0412_17:03:18 11 47.3225 47.0875
2024_0412_17:03:26 11 93.97 93.7925
2024_0412_17:05:46 11 -0.545 -0.2675
2024_0412_17:06:21 11 -0.215 -0.6625
2024_0412_17:06:49 11 0.0025 -0.1075
2024_0412_17:07:51 11 49.9975 -99.995
2024_0412_17:07:52 11 -0.425 -0.485
2024_0412_17:07:56 11 0.885 -0.065
2024_0412_17:07:56 11 -0.18 -0.34
2024_0412_17:08:02 11 91.8025 91.5975
2024_0412_17:08:05 11 0.8325 -0.15
2024_0412_17:08:08 11 -0.0775 0.05
2024_0412_17:08:13 11 0.1125 0.785
2024_0412_17:08:14 11 -0.075 0.35
2024_0412_17:08:17 11 0.0525 0.085
2024_0412_17:09:07 11 0.365 -0.0875
2024_0412_17:09:32 11 43.035 16.7775
2024_0412_17:11:51 11 0.83 -0.21
2024_0412_17:12:08 11 99.99 99.99
2024_0412_17:12:11 11 92.2575 92.14
2024_0412_17:13:36 11 0.205 -0.0075
2024_0412_17:13:40 11 93.0875 91.845
2024_0412_17:13:41 11 -1.2625 -0.3325
2024_0412_17:13:42 11 0.6075 -0.6425
2024_0412_17:13:52 11 91.275 92.8325
2024_0412_17:13:54 11 45.2275 -1.415
2024_0412_17:13:59 11 94.025 93.9375
2024_0412_17:13:59 11 92.545 92.3825
2024_0412_17:14:00 11 -50.0 -99.99
2024_0412_17:14:04 11 1.155 -0.21
2024_0412_17:14:12 11 -0.1325 -0.1875
2024_0412_17:14:56 11 92.345 91.7
2024_0412_17:15:36 11 0.64 -0.4325
2024_0412_17:17:55 11 -49.9975 99.995
2024_0412_17:18:00 11 -0.1575 0.0875
2024_0412_17:18:51 11 92.19 91.6625
2024_0412_17:19:23 11 -0.055 -0.33
2024_0412_17:19:27 11 -0.88 0.59
2024_0412_17:19:27 11 0.405 0.8225
2024_0412_17:19:34 11 0.155 0.6875
2024_0412_17:19:42 11 92.0125 92.615
2024_0412_17:19:45 11 -0.54 -0.4125
2024_0412_17:19:46 11 -0.575 -0.3275
2024_0412_17:19:47 11 15.66 16.69
2024_0412_17:19:49 11 -99.995 -99.99
2024_0412_17:19:55 11 94.2375 93.5275
2024_0412_17:20:43 11 0.0675 0.3575
2024_0412_17:21:40 11 -0.1875 -0.2475
2024_0412_17:22:50 11 0.5 0.46
2024_0412_17:23:57 11 90.6775 91.8825
2024_0412_17:24:00 11 0.115 0.7225
2024_0412_17:25:08 11 -0.0525 -0.67
2024_0412_17:25:12 11 0.135 0.5175
2024_0412_17:25:13 11 0.0875 -0.0875
2024_0412_17:25:16 11 92.8075 92.265
2024_0412_17:25:18 11 93.9975 93.675
2024_0412_17:25:34 11 93.845 95.15
2024_0412_17:25:37 11 -0.4075 -0.7475
2024_0412_17:25:37 11 93.7225 94.3775
2024_0412_17:25:42 11 93.83 93.95
2024_0412_17:25:45 11 93.8425 93.715
2024_0412_17:26:29 11 -0.7075 -0.27
2024_0412_17:27:45 11 0.3625 0.8175
2024_0412_17:29:22 11 90.995 91.3425
2024_0412_17:29:47 11 -0.53 0.1525
2024_0412_17:29:48 11 93.035 92.0025
2024_0412_17:30:09 11 -0.3825 0.125
2024_0412_17:30:59 11 93.78 93.82
2024_0412_17:31:02 11 93.1 92.67
2024_0412_17:31:03 11 0.4025 -0.055
2024_0412_17:31:05 11 92.845 93.1775
2024_0412_17:31:08 11 92.285 90.6075
2024_0412_17:31:21 11 0.5175 0.1875
2024_0412_17:31:23 11 -0.505 -0.5275
2024_0412_17:31:26 11 -0.1125 0.075
2024_0412_17:31:29 11 43.9075 16.44
2024_0412_17:31:39 11 0.41 -0.0325
2024_0412_17:32:16 11 -99.995 49.9975
2024_0412_17:35:35 11 -99.9975 99.9975
2024_0412_17:35:37 11 0.1475 0.34
2024_0412_17:35:54 11 92.9425 94.11
2024_0412_17:36:02 11 0.715 0.4975
2024_0412_17:36:50 11 -0.405 -0.5125
2024_0412_17:36:55 11 92.215 91.2125
2024_0412_17:36:56 11 -1.2175 0.195
2024_0412_17:36:57 11 4.31 3.62
2024_0412_17:36:58 11 -0.3375 0.055
2024_0412_17:37:06 11 -0.0175 0.8375
2024_0412_17:37:06 11 99.995 -49.9975
2024_0412_17:37:09 11 0.1625 -0.0625
2024_0412_17:37:12 11 49.995 -99.985
2024_0412_17:37:22 11 91.8475 91.7475
2024_0412_17:37:30 11 0.205 0.8875
2024_0412_17:38:03 11 0.9575 -0.7175
2024_0412_17:41:23 11 0.16 0.5875
2024_0412_17:41:43 11 -0.48 0.215
2024_0412_17:41:58 11 0.2975 -0.1675
2024_0412_17:42:39 11 92.2075 92.4475
2024_0412_17:42:42 11 0.95 -0.1525
2024_0412_17:42:43 11 0.2325 0.38
2024_0412_17:42:46 11 1.6925 2.04
2024_0412_17:42:47 11 0.75 0.795
2024_0412_17:42:57 12 91.855 90.96
2024_0412_17:42:59 12 93.8 94.1125
2024_0412_17:43:03 12 18.6575 16.81
2024_0412_17:43:20 12 93.4975 93.845
2024_0412_17:43:24 12 93.4525 93.58
2024_0412_17:43:48 12 0.8725 0.2475
2024_0412_17:44:01 11 0.1375 -0.25
2024_0412_17:45:41 11 0.0475 0.36
2024_0412_17:47:09 12 99.995 99.99
2024_0412_17:47:46 12 99.995 99.995
2024_0412_17:48:02 12 -99.995 49.9975
2024_0412_17:48:30 12 -0.725 0.2975
2024_0412_17:48:33 12 92.605 91.885
2024_0412_17:48:34 12 -0.235 0.2075
2024_0412_17:48:36 12 91.045 92.585
2024_0412_17:48:37 12 94.2875 94.5925
2024_0412_17:48:46 12 45.9375 -1.49
2024_0412_17:48:46 12 -3.9275 45.4025
2024_0412_17:48:52 12 14.4725 9.105
2024_0412_17:49:10 12 -99.99 100.0
2024_0412_17:49:13 12 -0.6225 -0.665
2024_0412_17:49:39 12 93.1475 93.5525
2024_0412_17:50:37 12 0.0525 -0.355
2024_0412_17:53:02 12 92.0475 92.3225
2024_0412_17:53:24 12 45.325 92.495
2024_0412_17:53:51 12 93.4825 93.73
2024_0412_17:54:07 12 0.3225 0.1825
2024_0412_17:54:21 12 -0.155 -0.5875
2024_0412_17:54:22 12 -0.4225 -0.3825
2024_0412_17:54:27 12 0.2225 -0.1125
2024_0412_17:54:37 12 92.905 92.9
2024_0412_17:54:43 12 92.845 92.7475
2024_0412_17:54:43 12 0.455 0.5
2024_0412_17:54:44 12 94.095 94.31
2024_0412_17:55:05 12 -0.0075 0.195
2024_0412_17:55:31 12 -1.475 -0.7525
2024_0412_17:55:56 12 94.4825 94.585
2024_0412_17:56:28 12 1.8825 -0.4475
2024_0412_17:57:00 12 0.045 -0.45
2024_0412_17:58:51 12 0.9025 0.01
2024_0412_17:59:15 12 92.83 91.5575
2024_0412_17:59:57 12 4.8025 1.2225
2024_0412_18:00:10 12 0.055 0.04
2024_0412_18:00:13 12 75.005 75.4325
2024_0412_18:00:17 12 0.5875 -0.165
2024_0412_18:00:19 12 92.4 88.9475
2024_0412_18:00:28 12 45.095 92.4475
2024_0412_18:00:29 12 -0.2325 0.365
2024_0412_18:00:34 12 92.8725 89.995
2024_0412_18:00:36 12 92.1425 92.0925
2024_0412_18:00:59 12 94.6325 95.925
2024_0412_18:01:19 12 -0.265 -0.51
2024_0412_18:02:25 12 74.89 75.465
2024_0412_18:04:21 12 91.3075 92.3575
2024_0412_18:04:44 12 93.67 47.7
2024_0412_18:05:08 12 93.955 93.78
2024_0412_18:05:35 12 93.5025 93.8625
2024_0412_18:06:00 12 -3.6575 70.1725
2024_0412_18:06:03 12 -0.285 -1.165
2024_0412_18:06:04 12 45.6125 46.1275
2024_0412_18:06:07 12 1.4525 -0.155
2024_0412_18:06:11 12 -0.35 -0.2875
2024_0412_18:06:20 12 0.135 -0.8325
2024_0412_18:06:24 12 91.6825 92.7125
2024_0412_18:06:30 12 92.8375 92.3375
2024_0412_18:06:31 12 91.7625 92.115
2024_0412_18:06:51 12 0.0775 -0.24
2024_0412_18:07:09 12 92.055 82.9175
2024_0412_18:08:18 12 0.5075 -0.7975
2024_0412_18:10:33 12 -0.41 0.3975
2024_0412_18:11:00 12 93.7 93.7425
2024_0412_18:11:44 12 0.1875 -0.2325
2024_0412_18:11:55 12 92.385 93.46
2024_0412_18:11:55 12 -0.93 0.8875
2024_0412_18:12:00 12 92.7225 90.68
2024_0412_18:12:08 12 -0.4325 0.0075
2024_0412_18:12:10 12 1.7025 0.4775
2024_0412_18:12:14 12 -0.26 0.0875
2024_0412_18:12:24 12 93.445 94.32
2024_0412_18:12:41 12 91.5 91.98
2024_0412_18:12:43 12 -0.805 -0.445
2024_0412_18:13:01 12 91.405 93.3025
2024_0412_18:13:10 12 93.6025 94.045
2024_0412_18:13:31 12 23.4575 23.4825
2024_0412_18:14:10 12 92.9925 93.2775
2024_0412_18:16:19 12 0.19 -0.615
2024_0412_18:16:47 12 49.995 49.995
2024_0412_18:17:32 12 0.2825 -0.035
2024_0412_18:17:44 12 93.6 93.93
2024_0412_18:17:46 12 92.5675 91.4275
2024_0412_18:17:50 12 0.0975 0.4225
2024_0412_18:17:53 12 -99.985 -99.9975
2024_0412_18:18:04 12 92.9525 91.8275
2024_0412_18:18:18 12 91.19 92.4225
2024_0412_18:18:19 12 92.775 87.095
2024_0412_18:18:42 12 93.5 93.3225
2024_0412_18:18:49 12 -49.995 -99.99
2024_0412_18:18:56 12 91.205 90.605
2024_0412_18:20:03 12 92.9575 95.72
2024_0412_18:21:23 12 94.8275 94.515
2024_0412_18:21:52 12 93.76 94.115
2024_0412_18:22:07 12 93.4325 93.2825
2024_0412_18:22:41 12 -38.9825 46.61
2024_0412_18:23:21 12 -55.58 59.385
2024_0412_18:23:37 12 34.8325 -34.365
2024_0412_18:23:38 12 91.4275 92.7625
2024_0412_18:23:42 12 93.9 93.88
2024_0412_18:23:45 12 48.51 49.1625
2024_0412_18:23:55 12 70.3275 86.6425
2024_0412_18:24:04 12 0.005 0.1425
2024_0412_18:24:25 12 0.1175 -0.7
2024_0412_18:24:37 12 93.77 93.99
2024_0412_18:24:48 13 94.1175 93.975
2024_0412_18:25:00 13 -1.945 2.14
2024_0412_18:25:58 13 11.215 -11.195
2024_0412_18:27:50 13 -0.205 -0.07
2024_0412_18:28:22 13 0.9375 -1.1075
2024_0412_18:28:34 13 -10.6625 31.625
2024_0412_18:29:08 13 10.1925 -9.985
2024_0412_18:29:19 13 0.1875 -0.7225
2024_0412_18:29:25 13 0.2575 0.74
2024_0412_18:29:26 13 92.755 92.4525
2024_0412_18:29:36 13 91.955 91.9575
2024_0412_18:29:47 13 92.015 93.685
2024_0412_18:30:00 13 93.48 93.9675
2024_0412_18:30:25 13 0.45 0.3775
2024_0412_18:30:32 13 0.33 -0.29
2024_0412_18:30:35 13 18.1475 16.575
2024_0412_18:31:10 13 -49.9975 49.7675
2024_0412_18:31:52 13 44.76 45.705
2024_0412_18:32:32 13 95.665 18.7325
2024_0412_18:33:41 13 -0.49 -0.4275
2024_0412_18:34:15 13 45.2375 45.7275
2024_0412_18:35:03 13 0.0325 -0.79
2024_0412_18:35:15 13 0.9275 0.415
2024_0412_18:35:29 13 92.15 92.5375
2024_0412_18:35:29 13 1.49 0.925
2024_0412_18:35:33 13 20.46 70.655
2024_0412_18:36:00 13 -0.045 -0.1775
2024_0412_18:36:07 13 0.4325 -0.995
2024_0412_18:36:17 13 0.31 0.615
2024_0412_18:36:17 13 -99.995 -99.995
2024_0412_18:36:25 13 45.4325 45.7175
2024_0412_18:36:42 13 -0.63 -0.13
2024_0412_18:37:22 13 0.5225 -0.2075
2024_0412_18:37:48 13 -0.265 0.8375
2024_0412_18:38:30 13 73.995 72.8875
2024_0412_18:39:35 13 -2.3675 93.04
2024_0412_18:40:04 13 -0.625 -0.8875
2024_0412_18:40:52 13 0.1725 0.65
2024_0412_18:41:08 13 -0.165 0.1275
2024_0412_18:41:24 13 13.87 13.9125
2024_0412_18:41:25 13 92.8975 91.51
2024_0412_18:41:48 13 -0.8425 -0.1925
2024_0412_18:42:11 13 94.36 94.7475
2024_0412_18:42:13 13 -99.985 49.9925
2024_0412_18:42:27 13 -0.64 -1.03
2024_0412_18:42:52 13 91.5175 90.99
2024_0412_18:43:31 13 3.785 -1.4375
2024_0412_18:43:37 13 -0.1525 0.055
2024_0412_18:43:56 13 94.1 94.39
2024_0412_18:44:21 13 -3.7 47.22
2024_0412_18:44:38 13 92.6225 91.9475
2024_0412_18:45:20 13 0.4975 -0.095
2024_0412_18:45:51 13 0.5025 -0.1725
2024_0412_18:46:41 13 65.275 70.415
2024_0412_18:46:54 13 -8.47 7.6175
2024_0412_18:47:12 13 0.5175 -0.3075
2024_0412_18:47:18 13 92.5 92.53
2024_0412_18:47:39 13 2.1925 -0.085
2024_0412_18:48:00 13 44.0225 45.2475
2024_0412_18:48:02 13 -49.9975 99.995
2024_0412_18:48:15 13 4.2625 -2.165
2024_0412_18:49:01 13 93.695 93.7525
2024_0412_18:49:34 13 92.99 92.2275
2024_0412_18:49:45 13 44.52 -41.63
2024_0412_18:50:10 13 0.4425 0.1275
2024_0412_18:51:11 13 -5.14 44.6575
2024_0412_18:51:37 13 -0.455 -0.2825
2024_0412_18:52:11 13 -0.03 -0.5425
2024_0412_18:52:34 13 -9.935 10.0775
2024_0412_18:52:41 13 1.1975 1.4325
2024_0412_18:53:02 13 1.1 0.42
2024_0412_18:53:10 13 91.8175 93.73
2024_0412_18:53:16 13 -99.9975 -99.99
2024_0412_18:53:27 13 -0.6675 -0.41
2024_0412_18:53:50 13 -10.6225 10.37
2024_0412_18:53:54 13 -0.0475 0.62
2024_0412_18:54:01 13 -0.5175 0.3325
2024_0412_18:55:09 13 92.9125 93.3325
2024_0412_18:55:25 13 50.0 -99.995
2024_0412_18:55:54 13 20.925 40.5775
2024_0412_18:55:59 13 90.4425 91.57
2024_0412_18:57:00 13 93.395 91.06
2024_0412_18:57:22 13 93.5625 93.8825
2024_0412_18:58:27 13 93.4375 93.585
2024_0412_18:58:29 13 -0.3175 -0.625
2024_0412_18:58:55 13 -1.575 46.18
2024_0412_18:58:58 13 -0.275 0.0175
2024_0412_18:59:20 13 0.2075 -1.2575
2024_0412_18:59:40 13 92.55 90.805
2024_0412_18:59:43 13 0.1425 0.7475
2024_0412_18:59:53 13 92.9225 92.2125
2024_0412_19:01:02 13 -0.06 -0.3
2024_0412_19:01:16 13 -0.2475 -0.4875
2024_0412_19:01:16 13 0.115 -0.9425
2024_0412_19:01:20 13 -4.28 31.0275
2024_0412_19:01:46 13 49.9975 -49.9975
2024_0412_19:02:05 13 0.4325 0.0
2024_0412_19:02:51 13 0.1975 -0.445
2024_0412_19:03:11 13 0.375 0.945
2024_0412_19:04:16 13 -0.34 -0.9875
2024_0412_19:04:20 13 88.3725 92.7025
2024_0412_19:04:44 13 94.2475 93.9725
2024_0412_19:05:11 13 3.6825 4.0075
2024_0412_19:05:32 13 -0.0675 0.6075
2024_0412_19:07:25 13 14.9325 15.825
2024_0412_19:07:37 13 95.85 45.6125
2024_0412_19:08:16 13 -2.68 47.4725
2024_0412_19:08:29 13 47.9175 93.5425
2024_0412_19:08:42 13 52.935 16.355
2024_0412_19:08:46 13 45.2225 45.2025
2024_0412_19:09:01 13 93.26 93.49
2024_0412_19:09:15 13 16.995 34.3075
2024_0412_19:09:20 13 -0.5625 -0.605
2024_0412_19:10:11 13 93.05 93.5975
2024_0412_19:10:12 13 92.285 91.8625
2024_0412_19:10:23 13 91.7975 93.4975
2024_0412_19:11:01 13 18.0175 17.73
2024_0412_19:11:22 13 0.9425 -0.395
2024_0412_19:11:54 13 92.315 92.22
2024_0412_19:13:26 13 0.4 -0.22
2024_0412_19:13:33 13 45.99 45.45
2024_0412_19:14:22 13 0.325 -0.575
2024_0412_19:14:31 13 0.175 0.7875
2024_0412_19:14:33 13 95.0675 93.7175
2024_0412_19:14:43 13 93.4525 92.085
2024_0412_19:14:52 13 0.7425 -0.49
2024_0412_19:15:04 13 0.3625 0.3
2024_0412_19:15:11 13 -0.245 0.0675
2024_0412_19:15:34 13 0.0175 -0.8725
2024_0412_19:16:01 13 -0.4175 -1.04
2024_0412_19:16:02 13 -0.5525 -0.3075
2024_0412_19:16:58 13 0.14 -0.6375
2024_0412_19:17:15 13 -0.0625 0.51
2024_0412_19:17:57 13 93.13 47.3075
2024_0412_19:19:18 13 0.8475 -0.81
2024_0412_19:19:42 13 -4.795 46.355
2024_0412_19:19:44 13 -0.0075 -0.44
2024_0412_19:20:18 13 -0.6575 -0.1925
2024_0412_19:20:28 13 93.5525 93.3325
2024_0412_19:20:41 13 91.7 81.4075
2024_0412_19:20:45 13 -1.1225 0.13
2024_0412_19:20:58 13 85.1 92.355
2024_0412_19:21:02 13 -0.405 0.41
2024_0412_19:21:06 13 -1.05 -1.1025
2024_0412_19:21:53 13 52.45 -52.695
2024_0412_19:21:55 13 93.565 94.025
2024_0412_19:21:59 13 0.49 0.345
2024_0412_19:22:55 13 92.1725 50.32
2024_0412_19:23:09 13 5.53 27.065
2024_0412_19:23:48 13 91.53 91.25
2024_0412_19:25:08 13 0.09 -0.0275
2024_0412_19:25:54 13 94.9225 93.69
2024_0412_19:26:09 13 93.1275 87.685
2024_0412_19:26:18 13 -1.4825 2.425
2024_0412_19:26:29 13 -0.0975 -0.6375
2024_0412_19:26:30 13 -33.0975 33.1925
2024_0412_19:26:39 13 93.115 92.49
2024_0412_19:26:47 13 -0.1625 0.7725
2024_0412_19:26:59 13 0.4225 44.5225
2024_0412_19:27:44 13 45.1225 45.5975
2024_0412_19:27:48 13 93.75 93.0925
2024_0412_19:28:11 13 72.2925 73.1325
2024_0412_19:28:50 13 12.2675 12.8575
2024_0412_19:29:05 13 92.3675 93.4025
2024_0412_19:29:38 13 15.4875 15.6
2024_0412_19:30:34 13 -0.7525 -0.3925
2024_0412_19:31:01 13 0.1125 0.4075
2024_0412_19:32:00 13 0.1875 -0.04
2024_0412_19:32:10 13 93.1025 92.925
2024_0412_19:32:13 13 0.0375 0.2
2024_0412_19:32:22 13 12.01 29.955
2024_0412_19:32:34 13 95.265 93.47
2024_0412_19:32:41 13 92.305 92.53
2024_0412_19:32:53 13 20.4725 -20.235
2024_0412_19:33:37 14 92.0175 91.5
2024_0412_19:33:39 14 -0.0425 0.0825
2024_0412_19:33:39 13 22.1475 19.6675
2024_0412_19:34:22 14 90.815 92.095
2024_0412_19:34:45 14 0.295 0.8025
2024_0412_19:34:59 14 0.0825 0.1925
2024_0412_19:35:31 14 -11.495 13.2
2024_0412_19:37:19 14 93.8375 93.9
2024_0412_19:37:53 14 -0.14 -0.86
2024_0412_19:38:09 14 92.57 92.72
2024_0412_19:38:13 14 0.07 0.605
2024_0412_19:38:28 14 0.3075 -0.06
2024_0412_19:38:40 14 -0.63 -0.565
2024_0412_19:39:03 14 13.9 22.3475
2024_0412_19:39:25 14 -0.435 -0.475
2024_0412_19:39:35 14 -0.5075 -0.05
2024_0412_19:39:51 14 0.1675 69.57
2024_0412_19:39:53 14 92.9025 91.775
2024_0412_19:39:58 14 99.99 -49.995
2024_0412_19:40:21 14 91.73 90.8075
2024_0412_19:40:44 14 92.835 42.9225
2024_0412_19:40:56 14 94.125 93.74
2024_0412_19:41:21 14 -0.2125 1.045
2024_0412_19:43:45 14 0.0125 -0.3275
2024_0412_19:43:59 14 0.3 -0.0275
2024_0412_19:44:07 14 2.125 1.01
2024_0412_19:44:09 14 93.955 93.11
2024_0412_19:44:16 14 -49.995 99.99
2024_0412_19:44:38 14 -0.6 0.12
2024_0412_19:44:59 14 14.225 12.01
2024_0412_19:45:19 14 92.0125 92.5575
2024_0412_19:45:28 14 -0.745 42.86
2024_0412_19:46:00 14 0.6175 0.07
2024_0412_19:46:18 14 93.0325 93.71
2024_0412_19:46:21 14 63.8025 83.79
2024_0412_19:46:36 14 0.0125 -0.005
2024_0412_19:46:45 14 8.6675 -7.725
2024_0412_19:47:10 14 0.6125 -0.8675
2024_0412_19:49:10 14 0.2175 -0.8025
2024_0412_19:49:38 14 91.915 44.325
2024_0412_19:49:57 14 0.51 -0.3125
2024_0412_19:50:00 14 11.185 11.2725
2024_0412_19:50:11 14 9.8175 -9.56
2024_0412_19:50:11 14 91.225 91.5925
2024_0412_19:50:27 14 0.475 0.355
2024_0412_19:50:57 14 92.665 92.9275
2024_0412_19:51:06 14 -0.5375 0.015
2024_0412_19:51:22 14 9.42 70.425
2024_0412_19:52:06 14 -0.015 0.3625
2024_0412_19:52:06 14 -49.9975 -49.995
2024_0412_19:52:30 14 79.7025 92.7775
2024_0412_19:52:33 14 -16.3325 16.9625
2024_0412_19:52:58 14 -0.685 -0.0425
2024_0412_19:55:15 14 93.6225 93.975
2024_0412_19:55:33 14 -10.1225 9.0825
2024_0412_19:55:55 14 94.16 91.5925
2024_0412_19:55:57 14 92.9925 93.425
2024_0412_19:56:09 14 -10.14 9.865
2024_0412_19:56:09 14 93.7 94.145
2024_0412_19:56:22 14 93.29 45.07
2024_0412_19:56:24 14 91.2125 94.205
2024_0412_19:56:53 14 40.2175 39.2425
2024_0412_19:57:05 14 93.41 93.2
2024_0412_19:57:20 14 93.255 92.985
2024_0412_19:58:11 14 87.585 55.23
2024_0412_19:58:20 14 -1.86 -1.9875
2024_0412_19:58:29 14 0.265 -0.405
2024_0412_19:58:29 14 -0.4075 0.09
2024_0412_19:58:57 14 7.5125 15.5425
2024_0412_20:01:29 14 0.0175 -0.1275
2024_0412_20:01:49 14 -0.3575 -0.1925
2024_0412_20:01:55 14 45.095 92.4725
2024_0412_20:02:11 14 -0.1825 -0.0425
2024_0412_20:02:16 14 -0.235 -0.39
2024_0412_20:02:20 14 45.7475 49.89
2024_0412_20:02:50 14 0.425 -0.2075
2024_0412_20:02:58 14 9.2425 9.1325
2024_0412_20:03:15 14 0.9825 -0.0775
2024_0412_20:03:18 14 91.8675 92.1425
2024_0412_20:04:12 14 92.1275 93.065
2024_0412_20:04:21 14 -19.735 18.91
2024_0412_20:04:27 14 0.6175 0.665
2024_0412_20:04:27 14 0.09 0.435
2024_0412_20:04:40 14 90.6175 93.4025
2024_0412_20:04:55 14 91.9875 92.48
2024_0412_20:07:22 14 94.025 93.34
2024_0412_20:07:42 14 -0.1275 -0.6425
2024_0412_20:07:48 14 99.995 -49.9975
2024_0412_20:08:01 14 0.0925 0.045
2024_0412_20:08:11 14 0.065 -0.44
2024_0412_20:08:49 14 92.005 91.6075
2024_0412_20:09:07 14 0.04 -0.53
2024_0412_20:09:13 14 -12.525 18.6025
2024_0412_20:09:21 14 0.4075 0.245
2024_0412_20:10:14 14 93.315 93.3525
2024_0412_20:10:16 14 93.6475 93.9475
2024_0412_20:10:24 14 0.495 -0.04
2024_0412_20:10:52 14 18.9625 43.5625
2024_0412_20:11:05 14 -0.7875 0.235
2024_0412_20:12:15 14 34.715 93.64
2024_0412_20:12:37 14 0.7675 -1.0675
2024_0412_20:13:21 14 92.1075 93.02
2024_0412_20:13:42 14 43.4625 3.805
2024_0412_20:13:49 14 28.3825 43.3275
2024_0412_20:13:56 14 -40.02 39.905
2024_0412_20:14:05 14 0.56 0.08
2024_0412_20:14:47 14 0.265 -0.26
2024_0412_20:15:08 14 -0.52 90.2425
2024_0412_20:15:33 14 90.8 91.6875
2024_0412_20:16:08 14 92.635 91.2125
2024_0412_20:16:10 14 45.3125 1.6375
2024_0412_20:16:11 14 -0.5875 0.6125
2024_0412_20:16:22 14 1.0575 -0.7475
2024_0412_20:16:48 14 60.1575 -60.065
2024_0412_20:18:10 14 0.2325 0.1175
2024_0412_20:18:47 14 73.405 73.6075
2024_0412_20:19:20 14 92.8075 91.6925
2024_0412_20:19:37 14 89.8575 92.4
2024_0412_20:19:56 14 93.6625 31.105
2024_0412_20:20:00 14 0.455 0.22
2024_0412_20:20:35 14 92.9975 45.0575
2024_0412_20:20:45 14 -0.0875 0.4125
2024_0412_20:21:06 14 0.0925 -0.355
2024_0412_20:21:46 14 91.2975 91.6375
2024_0412_20:22:04 14 0.3775 -0.01
2024_0412_20:22:07 14 92.915 93.0325
2024_0412_20:22:08 14 8.8025 16.7175
2024_0412_20:22:16 14 0.18 0.4775
2024_0412_20:22:49 14 47.335 93.6375
2024_0412_20:23:01 14 0.3825 -0.57
2024_0412_20:24:04 14 -2.45 49.4
2024_0412_20:25:02 14 91.625 47.6025
2024_0412_20:25:17 14 91.36 91.4675
2024_0412_20:25:34 14 31.53 -1.75
2024_0412_20:25:54 14 93.5675 93.69
2024_0412_20:25:55 14 94.055 93.7425
2024_0412_20:26:44 14 94.9775 93.8675
2024_0412_20:27:01 14 -0.5125 0.3125
2024_0412_20:27:58 14 -35.915 35.41
2024_0412_20:27:58 14 -3.68 50.9375
2024_0412_20:28:04 14 1.085 0.0975
2024_0412_20:28:06 14 33.6525 44.8525
2024_0412_20:28:08 14 92.2475 90.135
2024_0412_20:28:44 14 0.0 -0.48
2024_0412_20:30:07 14 46.21 45.44
2024_0412_20:30:14 14 44.4125 45.95
2024_0412_20:30:35 14 91.195 90.98
2024_0412_20:31:12 14 92.2025 91.145
2024_0412_20:31:14 14 0.4875 0.8525
2024_0412_20:31:27 14 91.58 89.4925
2024_0412_20:31:49 14 92.6275 90.5625
2024_0412_20:31:51 14 46.195 -3.0075
2024_0412_20:32:38 14 -33.3725 33.0025
2024_0412_20:33:00 14 -1.2925 0.16
2024_0412_20:33:52 14 49.2575 -2.53
2024_0412_20:34:01 14 99.995 49.9975
2024_0412_20:34:02 14 92.65 92.99
2024_0412_20:34:03 14 69.465 -5.965
2024_0412_20:34:42 14 0.2525 0.525
2024_0412_20:36:01 14 6.4175 39.3725
2024_0412_20:36:24 14 -8.4525 9.0775
2024_0412_20:36:55 14 92.715 93.3975
2024_0412_20:37:05 14 -0.4125 -0.055
2024_0412_20:37:25 14 91.9625 92.5125
2024_0412_20:37:42 14 -0.4375 -0.3325
2024_0412_20:37:47 14 92.67 90.5
2024_0412_20:38:34 14 -0.185 0.1475
2024_0412_20:38:39 14 93.505 92.8325
2024_0412_20:38:55 14 0.0775 0.33
2024_0412_20:39:45 14 0.765 0.9025
2024_0412_20:39:53 14 91.7125 93.1975
2024_0412_20:39:59 14 94.1475 92.7725
2024_0412_20:40:01 14 -0.025 -0.0775
2024_0412_20:40:17 14 -9.375 10.6325
2024_0412_20:40:42 15 26.9925 28.0225
2024_0412_20:42:00 15 3.1675 1.7175
2024_0412_20:43:08 15 92.495 93.535
2024_0412_20:43:10 15 92.3275 92.4325
2024_0412_20:43:22 15 30.445 0.0375
2024_0412_20:43:37 15 -0.1575 0.4575
2024_0412_20:44:05 15 90.22 92.5475
2024_0412_20:44:48 15 0.0275 -0.1075
2024_0412_20:45:31 15 10.0775 -10.47
2024_0412_20:45:42 15 93.41 93.9925
2024_0412_20:45:49 15 0.0375 0.0325
2024_0412_20:45:56 15 90.37 92.005
2024_0412_20:45:59 15 92.9775 70.9325
2024_0412_20:46:07 15 -0.55 0.2475
2024_0412_20:46:41 15 17.1325 18.4325
2024_0412_20:47:58 15 47.7025 -19.75
2024_0412_20:48:20 15 17.5625 95.065
2024_0412_20:49:07 15 12.555 -12.5075
2024_0412_20:49:23 15 30.85 -19.695
2024_0412_20:49:27 15 7.92 -8.1925
2024_0412_20:49:38 15 92.8875 92.7225
2024_0412_20:50:15 15 -0.47 0.065
2024_0412_20:50:21 15 92.6525 89.7225
2024_0412_20:50:50 15 1.4475 -0.11
2024_0412_20:51:25 15 -0.5675 1.16
2024_0412_20:51:42 15 92.5725 46.6775
2024_0412_20:51:53 15 93.8925 93.9975
2024_0412_20:51:59 15 7.5925 -5.74
2024_0412_20:51:59 15 81.96 56.0325
2024_0412_20:52:48 15 91.2375 91.07
2024_0412_20:53:17 15 95.1925 45.7625
2024_0412_20:54:02 15 94.0825 94.1575
2024_0412_20:54:26 15 -0.0575 0.665
2024_0412_20:55:06 15 8.35 -8.1925
2024_0412_20:55:25 15 45.435 91.0075
2024_0412_20:55:36 15 -7.7525 8.55
2024_0412_20:56:33 15 -0.04 -0.4325
2024_0412_20:56:48 15 -0.1275 -0.05
2024_0412_20:57:20 15 88.615 94.75
2024_0412_20:57:46 15 92.72 91.915
2024_0412_20:57:55 15 92.9975 93.2875
2024_0412_20:58:01 15 85.1 91.935
2024_0412_20:58:05 15 92.255 90.735
2024_0412_20:58:53 15 93.6825 95.3125
2024_0412_20:59:56 15 95.3725 94.0075
2024_0412_20:59:57 15 0.42 -0.0625
2024_0412_21:00:05 15 93.77 93.985
2024_0412_21:00:23 15 -0.39 0.435
2024_0412_21:00:51 15 92.6725 92.57
2024_0412_21:01:12 15 -1.6775 4.105
2024_0412_21:01:23 15 34.6975 34.7275
2024_0412_21:01:39 15 -2.84 3.15
2024_0412_21:02:48 15 17.02 17.175
2024_0412_21:02:50 15 72.96 72.0825
2024_0412_21:03:25 15 2.82 -2.055
2024_0412_21:03:49 15 -0.155 0.17
2024_0412_21:03:58 15 92.02 44.8525
2024_0412_21:04:10 15 92.4125 92.23
2024_0412_21:04:11 15 -0.0775 10.9925
2024_0412_21:05:00 15 48.3075 47.86
2024_0412_21:06:06 15 -1.225 45.81
2024_0412_21:06:16 15 0.495 -0.44
2024_0412_21:06:40 15 93.9825 95.0475
2024_0412_21:07:13 15 -9.49 10.045
2024_0412_21:07:28 15 91.485 46.705
2024_0412_21:07:41 15 -0.7025 0.0525
2024_0412_21:08:49 15 22.855 16.445
2024_0412_21:09:01 15 0.7125 0.045
2024_0412_21:09:24 15 49.995 -99.995
2024_0412_21:09:53 15 93.0125 93.27
2024_0412_21:09:58 15 0.38 -0.29
2024_0412_21:10:14 15 -99.975 99.9925
2024_0412_21:10:22 15 12.175 14.0225
2024_0412_21:11:03 15 0.355 -0.5
2024_0412_21:11:27 15 -0.0125 0.0275
2024_0412_21:12:18 15 0.17 -0.825
2024_0412_21:12:21 15 -2.1375 49.1475
2024_0412_21:12:47 15 91.01 92.5225
2024_0412_21:13:12 15 92.1775 92.485
2024_0412_21:13:31 15 41.5275 41.435
2024_0412_21:13:46 15 44.335 94.4
2024_0412_21:14:51 15 46.8425 46.8025
2024_0412_21:15:17 15 93.76 93.6375
2024_0412_21:15:26 15 -0.08 0.345
2024_0412_21:15:26 15 0.32 0.57
2024_0412_21:15:56 15 93.325 93.23
2024_0412_21:15:59 15 -9.8625 9.9875
2024_0412_21:16:17 15 -49.995 99.9925
2024_0412_21:17:07 15 -0.0425 -0.0875
2024_0412_21:18:23 15 -13.215 43.255
2024_0412_21:18:30 15 92.4525 45.4775
2024_0412_21:18:42 15 0.3275 -0.535
2024_0412_21:18:56 15 0.1775 -0.0875
2024_0412_21:19:10 15 94.39 94.47
2024_0412_21:19:30 15 0.4375 0.235
2024_0412_21:19:48 15 11.715 -11.3325
2024_0412_21:20:10 15 93.395 67.2775
2024_0412_21:20:49 15 1.08 -0.075
2024_0412_21:21:24 15 -0.8225 0.48
2024_0412_21:21:25 15 92.18 90.975
2024_0412_21:21:31 15 93.9575 91.8125
2024_0412_21:21:56 15 0.765 0.2675
2024_0412_21:21:59 15 -1.17 42.5725
2024_0412_21:22:22 15 -0.27 0.4325
2024_0412_21:23:10 15 74.6925 73.075
2024_0412_21:24:19 15 -17.6625 62.865
2024_0412_21:24:56 15 49.995 99.995
2024_0412_21:25:05 15 42.1 41.79
2024_0412_21:25:19 15 2.375 2.1225
2024_0412_21:25:23 15 45.1675 92.1425
2024_0412_21:25:47 15 83.0125 81.1325
2024_0412_21:25:49 15 0.3825 -0.22
2024_0412_21:26:45 15 99.985 -99.995
2024_0412_21:27:23 15 -0.205 0.4
2024_0412_21:27:28 15 97.6725 -29.9925
2024_0412_21:27:50 15 0.585 -0.2125
2024_0412_21:27:56 15 -0.025 0.3325
2024_0412_21:28:02 15 91.8275 91.3475
2024_0412_21:28:26 15 91.0775 87.5575
2024_0412_21:29:07 15 1.865 2.555
2024_0412_21:29:54 15 -0.8375 -0.0775
2024_0412_21:30:21 15 91.4925 92.265
2024_0412_21:31:06 15 49.4075 49.0225
2024_0412_21:31:36 15 91.825 93.9825
2024_0412_21:31:45 15 0.655 -0.525
2024_0412_21:31:50 15 0.7675 2.4275
2024_0412_21:32:39 15 79.4925 83.385
2024_0412_21:32:45 15 -0.4075 0.3375
2024_0412_21:33:21 15 0.0075 0.005
2024_0412_21:33:31 15 33.665 -33.2525
2024_0412_21:33:53 15 -16.7625 16.46
2024_0412_21:34:03 15 27.3 -27.375
2024_0412_21:34:03 15 92.095 91.225
2024_0412_21:34:24 15 -0.4575 -0.3475
2024_0412_21:34:49 15 92.965 91.55
2024_0412_21:35:06 15 94.3525 92.9675
2024_0412_21:36:16 15 -10.65 10.155
2024_0412_21:37:15 15 -0.7675 -1.19
2024_0412_21:37:42 15 -0.395 -0.23
2024_0412_21:37:46 15 -0.825 0.1025
2024_0412_21:37:48 15 92.13 92.4275
2024_0412_21:38:41 15 0.2375 0.335
2024_0412_21:39:19 15 42.47 93.17
2024_0412_21:39:43 15 0.445 -0.1925
2024_0412_21:39:43 15 -10.2175 11.5
2024_0412_21:39:55 15 92.865 90.8575
2024_0412_21:40:01 15 45.8875 -0.6625
2024_0412_21:40:24 15 92.355 90.5075
2024_0412_21:40:48 15 93.7325 93.4625
2024_0412_21:41:16 15 -0.755 -1.25
2024_0412_21:42:08 15 -0.595 -0.08
2024_0412_21:43:15 15 13.46 14.57
2024_0412_21:43:39 15 -19.745 20.32
2024_0412_21:43:39 15 91.65 92.3675
2024_0412_21:44:01 15 18.145 18.47
2024_0412_21:44:03 15 -0.1325 0.2775
2024_0412_21:44:40 15 0.02 0.125
2024_0412_21:45:17 15 0.2925 -1.21
2024_0412_21:45:41 15 92.27 92.57
2024_0412_21:45:53 15 -0.0125 0.0275
2024_0412_21:45:57 15 1.2325 0.8175
2024_0412_21:46:21 15 92.5325 92.1225
2024_0412_21:46:24 15 4.12 -4.045
2024_0412_21:46:47 15 93.4325 93.5275
2024_0412_21:47:08 15 -1.1225 0.0575
2024_0412_21:47:59 15 99.995 49.9975
2024_0412_21:49:13 15 3.01 -3.29
2024_0412_21:49:36 15 92.55 92.055
2024_0412_21:49:36 15 93.8875 92.6225
2024_0412_21:50:15 15 0.7425 -0.4325
2024_0412_21:50:21 16 0.205 -0.0575
2024_0412_21:50:24 15 -0.1725 0.495
2024_0412_21:50:37 16 18.85 -19.0075
2024_0412_21:51:16 16 -0.32 -0.8975
2024_0412_21:51:40 16 -11.5725 10.4525
2024_0412_21:51:47 16 45.3125 -1.115
2024_0412_21:51:54 16 94.7025 94.2825
2024_0412_21:52:32 16 91.7075 93.125
2024_0412_21:53:03 16 62.8875 -6.14
2024_0412_21:53:18 16 19.93 -18.8825
2024_0412_21:53:54 16 16.8175 -16.36
2024_0412_21:55:14 16 72.4975 90.8825
2024_0412_21:55:32 16 88.3325 88.8075
2024_0412_21:55:33 16 91.34 90.49
2024_0412_21:56:18 16 0.3625 -0.525
2024_0412_21:56:30 16 48.945 47.3925
2024_0412_21:56:36 16 95.3675 93.845
2024_0412_21:56:51 16 16.8525 -16.8275
2024_0412_21:57:12 16 60.34 61.4275
2024_0412_21:57:15 16 0.3175 -0.275
2024_0412_21:57:38 16 -0.0525 0.9025
2024_0412_21:57:43 16 95.2725 93.565
2024_0412_21:57:49 16 0.13 0.2225
2024_0412_21:58:34 16 44.6225 92.8125
2024_0412_21:59:03 16 92.7025 91.53
2024_0412_21:59:55 16 0.2675 0.1775
2024_0412_22:01:11 16 16.6125 -16.4525
2024_0412_22:01:27 16 16.54 -16.9525
2024_0412_22:01:31 16 93.9225 93.68
2024_0412_22:02:14 16 -30.9375 62.8375
2024_0412_22:02:33 16 -6.7725 6.4875
2024_0412_22:02:42 16 93.6075 91.4675
2024_0412_22:02:49 16 92.625 92.8425
2024_0412_22:03:11 16 1.0 0.0275
2024_0412_22:03:26 16 -0.2475 -0.155
2024_0412_22:03:36 16 0.025 -0.39
2024_0412_22:03:46 16 10.035 -10.13
2024_0412_22:03:49 16 0.595 -0.0925
2024_0412_22:04:34 16 94.17 89.945
2024_0412_22:04:57 16 0.135 0.6425
2024_0412_22:05:17 16 2.6525 0.1675
2024_0412_22:05:56 16 93.455 52.5775
2024_0412_22:07:13 16 16.295 16.155
2024_0412_22:07:29 16 74.2475 73.985
2024_0412_22:07:43 16 -0.0075 -0.6
2024_0412_22:08:13 16 93.69 93.795
2024_0412_22:08:32 16 -1.055 28.845
2024_0412_22:08:56 16 89.59 92.3725
2024_0412_22:08:59 16 -0.015 0.7925
2024_0412_22:09:07 16 0.8325 0.8125
2024_0412_22:09:34 16 74.965 74.8725
2024_0412_22:09:39 16 92.5 91.2775
2024_0412_22:09:43 16 92.725 92.8075
2024_0412_22:09:49 16 0.045 0.12
2024_0412_22:10:34 16 -0.055 0.285
2024_0412_22:10:51 16 94.3775 93.21
2024_0412_22:11:56 16 78.3425 42.4325
2024_0412_22:13:14 16 93.1725 92.03
2024_0412_22:13:25 16 93.285 93.075
2024_0412_22:14:10 16 38.555 85.845
2024_0412_22:14:22 16 68.055 52.065
2024_0412_22:14:25 16 0.345 0.005
2024_0412_22:14:57 16 42.38 12.5575
2024_0412_22:15:03 16 44.88 94.3975
2024_0412_22:15:06 16 -0.495 0.405
2024_0412_22:15:30 16 94.5625 94.4025
2024_0412_22:15:39 16 25.0 -23.1075
2024_0412_22:15:47 16 31.605 32.1975
2024_0412_22:15:47 16 -9.84 10.005
2024_0412_22:15:48 16 37.1075 -15.5475
2024_0412_22:16:36 16 93.725 93.515
2024_0412_22:17:56 16 93.22 93.815
2024_0412_22:19:13 16 91.5375 90.175
2024_0412_22:19:25 16 43.5425 94.6125
2024_0412_22:19:35 16 95.2075 93.8025
2024_0412_22:20:08 16 -0.0475 -0.895
2024_0412_22:20:22 16 -4.2275 25.7525
2024_0412_22:20:57 16 -0.69 -0.395
2024_0412_22:20:58 16 92.1 87.55
2024_0412_22:21:04 16 95.3775 93.695
2024_0412_22:21:19 16 92.035 93.5625
2024_0412_22:21:35 16 93.855 93.8275
2024_0412_22:21:38 16 9.8525 -10.11
2024_0412_22:21:45 16 0.5825 -0.525
2024_0412_22:22:20 16 0.0075 0.415
2024_0412_22:23:47 16 0.1425 -0.1525
2024_0412_22:24:07 16 49.9975 99.995
2024_0412_22:25:11 16 0.4675 -0.76
2024_0412_22:25:37 16 92.0825 89.745
2024_0412_22:26:21 16 -8.8075 8.3025
2024_0412_22:26:57 16 -16.185 16.8275
2024_0412_22:27:06 16 91.105 92.38
2024_0412_22:27:14 16 67.6225 40.08
2024_0412_22:27:31 16 99.99 -49.9975
2024_0412_22:27:32 16 94.1575 94.3
2024_0412_22:27:36 16 25.1475 25.5275
2024_0412_22:27:39 16 0.9925 -0.015
2024_0412_22:27:52 16 91.285 92.8675
2024_0412_22:29:14 16 59.88 59.1725
2024_0412_22:29:44 16 2.47 0.4675
2024_0412_22:30:16 16 11.5125 12.0325
2024_0412_22:31:13 16 16.7125 -0.925
2024_0412_22:31:17 16 -49.9975 49.9975
2024_0412_22:31:35 16 0.765 0.1225
2024_0412_22:32:20 16 17.895 16.43
2024_0412_22:32:37 16 0.79 1.1425
2024_0412_22:33:08 16 47.73 92.655
2024_0412_22:33:20 16 0.4225 1.5775
2024_0412_22:33:32 16 92.335 93.065
2024_0412_22:33:44 16 37.245 -34.9575
2024_0412_22:33:47 16 0.45 43.5825
2024_0412_22:33:57 16 94.035 93.7
2024_0412_22:35:13 16 77.01 77.04
2024_0412_22:35:40 16 47.8525 -5.24
2024_0412_22:36:13 16 -49.9975 49.9975
2024_0412_22:37:07 16 -0.245 -0.3525
2024_0412_22:37:09 16 -0.295 -0.4475
2024_0412_22:37:33 16 0.1675 -0.2425
2024_0412_22:37:36 16 -8.7925 36.1125
2024_0412_22:38:19 16 0.8225 -0.38
2024_0412_22:39:05 16 -0.17 0.265
2024_0412_22:39:22 16 93.9825 93.805
2024_0412_22:39:28 16 -0.1775 -0.09
2024_0412_22:39:39 16 -0.87 -0.3025
2024_0412_22:39:42 16 95.0475 93.3925
2024_0412_22:40:01 16 91.2475 91.7975
2024_0412_22:41:10 16 73.325 73.945
2024_0412_22:41:27 16 3.135 2.7325
2024_0412_22:41:35 16 -9.9875 10.265
2024_0412_22:42:57 16 12.1975 -9.465
2024_0412_22:43:03 16 0.1675 -0.7125
2024_0412_22:43:08 16 0.05 -0.76
2024_0412_22:43:31 17 0.8125 0.3525
2024_0412_22:43:36 17 -19.685 42.8425
2024_0412_22:44:25 17 91.63 90.4325
2024_0412_22:44:41 16 0.69 -0.5975
2024_0412_22:45:09 17 93.4275 93.2625
2024_0412_22:45:24 17 71.5675 93.2675
2024_0412_22:45:24 17 24.87 60.27
2024_0412_22:45:42 17 59.35 44.41
2024_0412_22:46:26 17 -0.705 -0.5
2024_0412_22:46:32 17 -0.3075 0.195
2024_0412_22:47:14 17 0.02 -0.645
2024_0412_22:47:32 17 0.2925 -0.1425
2024_0412_22:48:58 17 91.845 92.58
2024_0412_22:49:01 17 23.56 21.895
2024_0412_22:49:15 17 -0.185 -0.3575
2024_0412_22:49:28 17 39.8925 -40.1475
2024_0412_22:49:39 17 93.7525 93.9675
2024_0412_22:50:18 17 0.315 -0.015
2024_0412_22:50:50 17 12.945 14.4725
2024_0412_22:51:04 17 1.815 3.3025
2024_0412_22:51:10 17 0.02 -0.3225
2024_0412_22:51:24 17 -0.3225 -0.4525
2024_0412_22:51:25 17 92.8325 93.295
2024_0412_22:51:45 17 45.47 45.545
2024_0412_22:52:43 17 -6.7675 5.6825
2024_0412_22:53:12 17 0.1975 0.785
2024_0412_22:53:29 17 -49.7075 50.2075
2024_0412_22:54:57 17 -14.1725 62.285
2024_0412_22:54:57 17 15.34 60.24
2024_0412_22:54:58 17 4.94 20.23
2024_0412_22:55:15 17 17.7075 18.21
2024_0412_22:55:27 17 40.055 -40.01
2024_0412_22:55:38 17 89.8675 90.265
2024_0412_22:56:16 17 54.44 82.625
2024_0412_22:57:11 17 20.0825 13.8275
2024_0412_22:57:12 17 91.65 91.6425
2024_0412_22:57:24 17 78.65 78.435
2024_0412_22:57:26 17 41.4475 45.055
2024_0412_22:57:46 17 94.0675 93.8975
2024_0412_22:59:00 17 -6.61 6.855
2024_0412_22:59:10 17 90.9925 92.3325
2024_0412_22:59:27 17 -0.4675 -0.28
2024_0412_22:59:28 17 71.785 71.4475
2024_0412_23:00:45 17 -0.525 -0.44
2024_0412_23:01:06 17 89.465 68.8575
2024_0412_23:01:12 17 92.2575 92.3025
2024_0412_23:01:23 17 -4.9125 31.9325
2024_0412_23:01:34 17 93.9875 93.7875
2024_0412_23:01:34 17 73.6575 73.325
2024_0412_23:02:15 17 13.5925 -10.95
2024_0412_23:03:09 17 -0.4525 -1.0525
2024_0412_23:03:21 17 91.945 93.29
2024_0412_23:03:23 17 -0.275 -0.04
2024_0412_23:03:44 17 -9.47 40.615
2024_0412_23:05:09 17 70.2275 90.345
2024_0412_23:05:19 17 28.6425 29.12
2024_0412_23:05:21 17 9.765 -10.005
2024_0412_23:05:40 17 93.5575 93.3
2024_0412_23:06:36 17 3.0925 -3.5125
2024_0412_23:07:00 17 0.215 -0.4625
2024_0412_23:07:08 17 70.245 74.08
2024_0412_23:07:21 17 17.5525 18.29
2024_0412_23:07:34 17 93.8225 93.7275
2024_0412_23:07:59 17 20.66 92.7475
2024_0412_23:08:11 17 -100.0 100.0
2024_0412_23:09:07 17 46.6075 93.33
2024_0412_23:09:18 17 0.1975 1.49
2024_0412_23:09:20 17 93.37 93.63
2024_0412_23:09:43 17 25.005 5.4
2024_0412_23:11:05 17 0.625 0.755
2024_0412_23:12:11 17 -10.6625 12.0525
2024_0412_23:12:39 17 89.88 92.55
2024_0412_23:13:01 17 12.04 8.8375
2024_0412_23:13:02 17 75.165 75.0675
2024_0412_23:13:06 17 38.1875 23.9
2024_0412_23:13:20 17 0.225 0.72
2024_0412_23:13:33 17 73.9625 72.8625
2024_0412_23:14:08 17 1.335 0.6175
2024_0412_23:14:09 17 2.025 1.85
2024_0412_23:15:03 17 -19.8275 20.5875
2024_0412_23:15:13 17 0.1675 0.595
2024_0412_23:15:15 17 91.5675 86.4175
2024_0412_23:15:29 17 -0.36 0.2925
2024_0412_23:15:48 17 92.13 91.85
2024_0412_23:17:00 17 88.545 93.2775
2024_0412_23:17:16 17 13.9175 14.77
2024_0412_23:18:17 17 10.1775 -10.96
2024_0412_23:18:57 17 -8.4 7.2225
2024_0412_23:19:05 17 12.235 -12.685
2024_0412_23:19:19 17 -0.42 0.07
2024_0412_23:19:34 17 -10.1075 10.1525
2024_0412_23:19:34 17 93.62 93.8075
2024_0412_23:20:00 17 0.89 0.9475
2024_0412_23:20:18 17 -5.5675 5.5825
2024_0412_23:20:56 17 -0.2125 -1.25
2024_0412_23:21:08 17 -0.2675 0.77
2024_0412_23:21:11 17 63.4375 82.5125
2024_0412_23:21:17 17 -2.435 -0.6525
2024_0412_23:21:24 17 92.465 91.405
2024_0412_23:21:45 17 -10.7275 33.3375
2024_0412_23:22:53 17 -0.2775 -0.5775
2024_0412_23:23:06 17 -0.2375 -0.5025
2024_0412_23:24:24 17 -25.055 24.88
2024_0412_23:24:58 17 92.23 92.11
2024_0412_23:25:15 17 0.1775 0.3025
2024_0412_23:25:30 17 0.415 -0.7625
2024_0412_23:25:57 17 1.205 -1.6725
2024_0412_23:26:52 17 -9.96 9.1225
2024_0412_23:27:05 17 -0.7475 -0.455
2024_0412_23:27:12 17 25.4475 46.1075
2024_0412_23:27:33 17 21.915 22.0925
2024_0412_23:27:42 17 92.975 90.815
2024_0412_23:27:57 17 0.19 0.365
2024_0412_23:28:31 17 -0.0775 0.13
2024_0412_23:28:47 17 -10.2925 21.245
2024_0412_23:28:56 17 -0.28 -0.1225
2024_0412_23:29:14 17 1.2325 0.96
2024_0412_23:30:29 17 -0.1675 0.175
2024_0412_23:30:57 17 -0.3975 0.335
2024_0412_23:31:30 17 -1.0025 -0.6275
2024_0412_23:31:36 17 92.7125 91.87
2024_0412_23:31:53 17 -0.625 0.4675
2024_0412_23:32:40 17 16.9175 17.1775
2024_0412_23:32:45 17 0.54 -0.5325
2024_0412_23:33:03 17 90.95 90.985
2024_0412_23:33:04 17 0.615 -0.31
2024_0412_23:33:29 17 43.715 18.1925
2024_0412_23:34:12 17 -0.02 0.2325
2024_0412_23:34:45 17 93.2 39.905
2024_0412_23:34:46 17 -3.96 2.0125
2024_0412_23:34:53 17 -0.045 1.0775
2024_0412_23:35:16 17 91.025 91.385
2024_0412_23:36:14 17 0.09 0.605
2024_0412_23:36:54 17 22.9975 4.1275
2024_0412_23:37:29 17 13.335 -9.35
2024_0412_23:37:31 17 49.6725 -49.3925
2024_0412_23:37:50 17 93.2925 94.3925
2024_0412_23:38:42 17 -2.235 0.705
2024_0412_23:38:51 17 92.35 93.035
2024_0412_23:38:54 17 0.0225 -0.9225
2024_0412_23:39:04 17 48.105 -5.4975
2024_0412_23:39:25 17 47.745 1.3
2024_0412_23:40:11 17 17.865 18.5775
2024_0412_23:40:43 17 0.2325 -0.115
2024_0412_23:41:19 17 92.0275 90.94
2024_0412_23:42:53 17 44.66 42.8225
2024_0412_23:43:12 17 -0.495 -0.27
2024_0412_23:43:13 17 58.3475 80.435
2024_0412_23:43:29 17 93.6575 44.4375
2024_0412_23:43:31 17 2.965 3.095
2024_0412_23:43:42 17 99.995 49.9975
2024_0412_23:44:41 17 95.0175 93.6775
2024_0412_23:44:54 18 28.64 45.3575
2024_0412_23:45:02 18 94.2875 91.3275
2024_0412_23:45:02 18 16.8375 16.705
2024_0412_23:45:21 18 32.74 -4.56
2024_0412_23:45:34 17 -0.5575 -0.22
2024_0412_23:46:10 18 93.885 44.15
2024_0412_23:46:37 18 87.2525 88.75
2024_0412_23:47:16 18 49.435 -2.415
2024_0412_23:48:14 18 2.855 23.195
2024_0412_23:48:48 18 0.16 0.1475
2024_0412_23:49:10 18 0.195 0.57
2024_0412_23:49:30 18 -0.195 1.28
2024_0412_23:49:35 18 23.4 30.0025
2024_0412_23:49:42 18 93.965 93.9925
2024_0412_23:50:40 18 -0.365 0.175
2024_0412_23:50:42 18 75.7325 86.6725
2024_0412_23:50:52 18 -5.525 39.3725
2024_0412_23:50:57 18 -0.015 -1.07
2024_0412_23:51:15 18 15.07 -1.01
2024_0412_23:51:18 18 91.675 91.0875
2024_0412_23:52:09 18 -0.1075 0.055
2024_0412_23:52:31 18 94.8725 93.6375
2024_0412_23:53:12 18 0.325 -0.7825
2024_0412_23:54:02 18 71.79 60.2225
2024_0412_23:54:23 18 92.775 91.955
2024_0412_23:54:42 18 -16.1325 29.6975
2024_0412_23:55:06 18 0.0825 -0.45
2024_0412_23:55:27 18 -11.105 10.33
2024_0412_23:55:46 18 90.575 91.7425
2024_0412_23:55:47 18 91.2175 92.91
2024_0412_23:56:35 18 0.2625 -0.0025
2024_0412_23:56:46 18 18.8125 -9.3325
2024_0412_23:56:55 18 0.67 -0.2175
2024_0412_23:57:15 18 92.845 89.3925
2024_0412_23:57:29 18 1.6375 1.75
2024_0412_23:58:09 18 -4.1075 5.34
2024_0412_23:58:25 18 -0.3025 -0.34
2024_0412_23:59:07 18 0.2 -1.6025
2024_0412_23:59:10 18 67.4075 4.4
2024_0413_00:00:30 18 92.485 92.3375
2024_0413_00:00:42 18 12.89 13.8675
2024_0413_00:01:09 18 0.1375 -0.775
2024_0413_00:01:17 18 -2.8225 -3.1425
2024_0413_00:01:42 18 0.415 0.65
2024_0413_00:01:46 18 41.6025 41.7125
2024_0413_00:02:31 18 -0.455 0.3775
2024_0413_00:02:43 18 93.91 93.565
2024_0413_00:02:54 18 50.2925 50.3675
2024_0413_00:03:10 18 93.245 94.0875
2024_0413_00:04:09 18 16.39 -0.84
2024_0413_00:04:22 18 -1.15 48.8225
2024_0413_00:04:48 18 -0.0125 -0.0175
2024_0413_00:05:06 18 41.365 31.7975
2024_0413_00:05:41 18 -1.085 -0.035
2024_0413_00:06:39 18 -0.065 0.5425
2024_0413_00:06:42 18 79.3725 60.7925
2024_0413_00:07:02 18 -26.8875 48.6175
2024_0413_00:07:15 18 -1.025 30.9325
2024_0413_00:07:33 18 99.9975 -99.9975
2024_0413_00:07:36 18 45.8125 45.63
2024_0413_00:08:03 18 7.725 34.1225
2024_0413_00:08:34 18 -0.0025 0.01
2024_0413_00:08:51 18 -0.6075 0.71
2024_0413_00:09:14 18 -36.97 38.135
2024_0413_00:09:28 18 92.2 92.495
2024_0413_00:10:05 18 94.9525 90.495
2024_0413_00:10:17 18 0.915 0.4525
2024_0413_00:11:02 18 83.835 63.275
2024_0413_00:11:57 18 92.84 93.46
2024_0413_00:12:43 18 38.1125 70.4
2024_0413_00:12:59 18 89.5075 47.6175
2024_0413_00:13:03 18 -19.465 20.815
2024_0413_00:13:10 18 25.905 40.0775
2024_0413_00:13:13 18 -11.8625 12.6725
2024_0413_00:13:20 18 0.0775 -0.3975
2024_0413_00:13:35 18 93.79 94.0425
2024_0413_00:14:48 18 94.0475 93.83
2024_0413_00:15:18 18 -0.3325 0.81
2024_0413_00:15:22 18 0.305 0.27
2024_0413_00:15:58 18 45.9625 96.9925
2024_0413_00:16:17 18 94.01 93.8925
2024_0413_00:16:56 18 14.5475 13.675
2024_0413_00:18:07 18 -12.6925 12.5125
2024_0413_00:18:24 18 92.8675 92.6675
2024_0413_00:18:43 18 16.04 16.1725
2024_0413_00:19:05 18 0.295 -1.205
2024_0413_00:19:07 18 -2.28 2.65
2024_0413_00:19:14 18 -9.14 18.4425
2024_0413_00:19:14 18 2.17 1.77
2024_0413_00:19:26 18 -99.9675 -99.985
2024_0413_00:20:43 18 92.185 90.9775
2024_0413_00:21:15 18 78.875 78.6175
2024_0413_00:21:16 18 90.2425 93.6775
2024_0413_00:21:47 18 91.5425 92.475
2024_0413_00:21:56 18 43.37 -1.455
2024_0413_00:22:10 18 0.0525 -0.5075
2024_0413_00:22:41 18 93.97 93.38
2024_0413_00:22:57 18 -6.38 49.265
2024_0413_00:24:30 18 16.0025 15.76
2024_0413_00:24:36 18 -1.4225 4.8575
2024_0413_00:24:37 18 0.5775 -0.1625
2024_0413_00:25:02 18 0.2 -0.51
2024_0413_00:25:03 18 10.575 -9.91
2024_0413_00:25:07 18 92.295 90.88
2024_0413_00:25:22 18 -0.0075 0.3525
2024_0413_00:25:29 18 91.7875 91.6975
2024_0413_00:26:48 18 93.585 92.67
2024_0413_00:27:05 18 0.6025 -0.235
2024_0413_00:27:08 18 13.485 14.655
2024_0413_00:27:53 18 58.9675 58.3175
2024_0413_00:28:12 18 93.795 93.3625
2024_0413_00:28:55 18 21.94 22.145
2024_0413_00:29:19 18 -99.99 -49.995
2024_0413_00:30:09 18 94.66 94.5875
2024_0413_00:30:27 18 9.105 8.7725
2024_0413_00:30:37 18 0.87 -0.1325
2024_0413_00:30:58 18 11.865 -4.605
2024_0413_00:31:01 18 91.9675 91.8875
2024_0413_00:31:10 18 91.855 80.605
2024_0413_00:31:13 18 0.3825 0.36
2024_0413_00:31:38 18 0.14 -0.0925
2024_0413_00:32:19 18 99.99 -49.9975
2024_0413_00:32:48 18 -0.1325 -0.255
2024_0413_00:32:59 18 -2.625 4.5575
2024_0413_00:33:02 18 23.1175 -5.3275
2024_0413_00:33:53 18 91.71 91.3275
2024_0413_00:34:16 18 90.88 91.38
2024_0413_00:34:57 18 0.75 -0.65
2024_0413_00:35:31 18 37.895 3.875
2024_0413_00:36:25 18 0.6275 0.0075
2024_0413_00:36:34 18 0.5725 -1.6125
2024_0413_00:36:51 18 0.34 -1.21
2024_0413_00:36:57 18 53.5625 55.8
2024_0413_00:37:06 18 -0.6125 0.6875
2024_0413_00:37:08 18 0.8675 0.035
2024_0413_00:37:11 18 95.565 -2.44
2024_0413_00:38:16 18 88.77 94.0575
2024_0413_00:38:43 18 -0.06 0.3375
2024_0413_00:38:47 18 90.1775 92.62
2024_0413_00:38:53 18 94.4575 94.7125
2024_0413_00:38:57 18 93.46 93.6825
2024_0413_00:39:48 18 -7.8 7.995
2024_0413_00:40:13 18 91.255 92.54
2024_0413_00:40:49 18 10.02 -10.0775
2024_0413_00:41:39 18 93.775 92.495
2024_0413_00:42:16 18 14.12 16.3475
2024_0413_00:42:26 18 1.0825 -0.025
2024_0413_00:42:47 18 0.6 0.4275
2024_0413_00:42:47 18 -14.5275 45.4325
2024_0413_00:43:00 18 -46.83 44.175
2024_0413_00:43:11 18 47.5675 -1.03
2024_0413_00:43:52 18 17.9775 18.6675
2024_0413_00:44:41 18 0.9475 -0.36
2024_0413_00:44:48 18 7.9925 68.17
2024_0413_00:44:50 18 7.92 -9.05
2024_0413_00:44:56 18 -10.4875 9.1625
2024_0413_00:45:48 18 46.4725 91.6325
2024_0413_00:46:06 18 9.4425 10.075
2024_0413_00:46:43 18 -99.995 49.9975
2024_0413_00:48:00 18 -0.57 0.51
2024_0413_00:48:13 18 92.6275 91.9075
2024_0413_00:48:18 18 -0.3375 -0.145
2024_0413_00:48:42 18 -0.595 0.025
2024_0413_00:48:45 18 0.0925 0.1325
2024_0413_00:49:08 18 0.5225 -0.39
2024_0413_00:49:34 18 11.635 -11.5375
2024_0413_00:50:32 18 17.17 -18.05
2024_0413_00:50:43 18 92.4575 92.43
2024_0413_00:50:43 18 17.6325 17.6325
2024_0413_00:50:44 18 -2.9875 91.1075
2024_0413_00:51:07 19 93.4525 94.645
2024_0413_00:51:44 19 0.005 -0.7275
2024_0413_00:52:03 19 91.4275 92.4325
2024_0413_00:52:42 19 -0.0325 -0.2175
2024_0413_00:54:07 19 -0.7775 0.11
2024_0413_00:54:08 19 14.85 3.4
2024_0413_00:54:22 19 -0.6025 0.1925
2024_0413_00:54:27 19 91.9475 91.9425
2024_0413_00:54:46 19 -14.3325 13.5125
2024_0413_00:54:47 19 94.8525 45.39
2024_0413_00:55:09 19 0.215 -0.1625
2024_0413_00:55:56 19 92.78 91.74
2024_0413_00:56:28 19 92.69 92.0725
2024_0413_00:56:39 19 -0.5775 0.9275
2024_0413_00:57:18 19 91.9525 47.12
2024_0413_00:57:43 19 -0.43 -0.5175
2024_0413_00:57:44 19 93.025 91.62
2024_0413_00:57:58 19 0.1875 -0.33
2024_0413_00:58:38 19 0.4725 -0.77
2024_0413_01:00:00 19 -0.6975 0.2975
2024_0413_01:00:01 19 -1.585 2.1375
2024_0413_01:00:02 19 0.975 0.4775
2024_0413_01:00:38 19 0.175 0.125
2024_0413_01:00:41 19 -0.985 -0.185
2024_0413_01:01:06 19 -10.125 9.44
2024_0413_01:01:08 19 93.155 91.585
2024_0413_01:02:05 19 0.065 -0.3625
2024_0413_01:02:30 19 47.9475 92.005
2024_0413_01:02:43 19 0.7725 0.0475
2024_0413_01:03:32 19 0.9925 0.24
2024_0413_01:03:52 19 0.005 -1.065
2024_0413_01:03:56 19 -0.385 -0.65
2024_0413_01:04:02 19 47.97 47.8675
2024_0413_01:04:02 19 93.0 45.89
2024_0413_01:04:31 19 5.24 62.4825
2024_0413_01:06:01 19 13.5275 -14.545
2024_0413_01:06:36 19 34.58 11.16
2024_0413_01:06:41 19 51.205 60.615
2024_0413_01:07:04 19 -0.6425 -0.845
2024_0413_01:07:50 19 4.57 3.6675
2024_0413_01:08:24 19 -0.335 0.9525
2024_0413_01:08:29 19 -0.1875 0.6025
2024_0413_01:08:37 19 0.165 -0.67
2024_0413_01:09:27 19 1.0825 0.8525
2024_0413_01:09:48 19 12.2025 -9.78
2024_0413_01:09:56 19 2.6 -1.52
2024_0413_01:10:15 19 10.01 11.1025
2024_0413_01:10:44 19 94.5625 93.0825
2024_0413_01:11:02 19 16.2925 -16.83
2024_0413_01:11:53 19 16.3975 -16.505
2024_0413_01:12:03 19 44.96 45.8275
2024_0413_01:12:24 19 -0.695 0.2
2024_0413_01:12:37 19 12.605 21.4175
2024_0413_01:12:57 19 0.6075 -0.82
2024_0413_01:13:45 19 -9.62 19.1225
2024_0413_01:14:07 19 45.4525 91.475
2024_0413_01:14:26 19 -0.1925 45.9575
2024_0413_01:14:35 19 90.1225 92.3975
2024_0413_01:15:04 19 -0.3775 1.29
2024_0413_01:15:24 19 87.7875 17.7225
2024_0413_01:15:44 19 0.22 0.7825
2024_0413_01:15:49 19 89.465 86.4225
2024_0413_01:16:31 19 86.03 90.0
2024_0413_01:17:01 19 -0.11 0.3025
2024_0413_01:17:03 19 20.6175 -20.16
2024_0413_01:17:50 19 93.695 93.8775
2024_0413_01:17:59 19 5.435 9.6925
2024_0413_01:18:18 19 15.7375 10.84
2024_0413_01:18:56 19 -11.955 10.9175
2024_0413_01:19:40 19 45.5025 45.655
2024_0413_01:20:26 19 -0.4475 0.1825
2024_0413_01:20:26 19 0.195 0.33
2024_0413_01:21:07 19 93.405 93.305
2024_0413_01:21:25 19 -0.48 -0.87
2024_0413_01:21:35 19 -49.9825 49.9925
2024_0413_01:21:43 19 0.49 8.25
2024_0413_01:21:45 19 93.2 92.375
2024_0413_01:22:48 19 -0.53 0.7275
2024_0413_01:22:52 19 -0.33 0.2025
2024_0413_01:23:15 19 -0.415 0.645
2024_0413_01:23:46 19 49.745 -49.39
2024_0413_01:23:54 19 -0.1925 -0.37
2024_0413_01:24:19 19 20.2525 39.3775
2024_0413_01:24:52 19 10.4375 -10.82
2024_0413_01:25:31 19 25.375 -24.705
2024_0413_01:26:30 20 94.1625 93.9075
2024_0413_01:26:31 20 4.455 23.9325
2024_0413_01:27:17 20 0.55 -1.3
2024_0413_01:27:33 20 21.2125 8.4625
2024_0413_01:27:33 20 94.0275 15.095
2024_0413_01:27:39 20 91.305 93.175
2024_0413_01:28:30 20 -0.0275 -0.3225
2024_0413_01:28:51 20 11.225 45.49
2024_0413_01:29:04 20 45.62 45.985
2024_0413_01:29:37 20 71.885 71.6
2024_0413_01:29:39 20 99.995 -49.9975
2024_0413_01:29:47 20 0.735 -0.785
2024_0413_01:30:15 20 20.9575 48.075
2024_0413_01:30:46 20 0.305 0.42
2024_0413_01:31:29 20 -49.9875 -50.0025
2024_0413_01:32:28 20 0.39 -0.4
2024_0413_01:32:40 20 -7.6075 23.515
2024_0413_01:33:10 20 1.7925 4.4475
2024_0413_01:33:20 20 -0.355 -0.055
2024_0413_01:33:29 20 11.885 10.5625
2024_0413_01:33:32 20 91.645 91.8025
2024_0413_01:35:19 20 39.9325 39.32
2024_0413_01:35:24 20 54.9525 63.0325
2024_0413_01:35:29 20 0.14 -0.095
2024_0413_01:35:37 20 -0.2125 0.1
2024_0413_01:35:41 20 91.19 92.8075
2024_0413_01:36:08 20 -0.655 -0.865
2024_0413_01:36:39 20 -12.4975 12.6825
2024_0413_01:37:27 20 90.39 -7.685
2024_0413_01:37:39 20 93.375 93.9975
2024_0413_01:38:28 20 -0.02 0.3425
2024_0413_01:38:30 20 9.98 -9.78
2024_0413_01:39:05 20 93.4775 91.0025
2024_0413_01:39:12 20 15.98 -16.21
2024_0413_01:39:20 20 0.0025 0.0025
2024_0413_01:41:21 20 0.3625 -0.125
2024_0413_01:41:34 20 -13.445 12.9675
2024_0413_01:41:37 20 1.24 -1.6875
2024_0413_01:41:38 20 79.6575 86.1075
2024_0413_01:42:01 20 91.165 89.1525
2024_0413_01:42:03 20 0.1 -0.71
2024_0413_01:42:30 20 92.9 91.575
2024_0413_01:43:15 20 99.995 49.9975
2024_0413_01:43:20 20 93.73 93.76
2024_0413_01:43:55 20 7.13 6.7975
2024_0413_01:44:18 20 -2.4275 5.5575
2024_0413_01:44:23 20 49.9625 -49.765
2024_0413_01:44:53 20 0.5475 -0.255
2024_0413_01:44:56 20 92.1675 45.2425
2024_0413_01:45:04 20 0.485 0.1775
2024_0413_01:45:08 20 93.295 93.4425
2024_0413_01:47:16 20 45.5525 3.865
2024_0413_01:47:27 20 93.8625 92.58
2024_0413_01:47:34 20 37.525 44.69
2024_0413_01:47:50 20 16.63 15.87
2024_0413_01:47:57 20 89.195 93.16
2024_0413_01:48:23 20 -14.9325 16.33
2024_0413_01:48:44 20 92.6575 88.7575
2024_0413_01:49:07 20 -0.63 47.62
2024_0413_01:49:10 20 17.365 17.095
2024_0413_01:50:12 20 1.1525 0.01
2024_0413_01:50:13 20 0.335 -0.67
2024_0413_01:50:22 20 92.225 92.6925
2024_0413_01:50:50 20 40.6275 43.9175
2024_0413_01:50:53 20 17.205 18.285
2024_0413_01:50:56 20 -99.9875 99.995
2024_0413_01:52:15 20 83.015 67.65
2024_0413_01:53:06 20 -20.0775 20.465
2024_0413_01:53:19 20 57.3425 37.985
2024_0413_01:53:29 20 -10.4275 9.1925
2024_0413_01:53:49 20 25.1825 1.34
2024_0413_01:54:03 20 12.3025 -11.435
2024_0413_01:55:01 20 2.0925 1.405
2024_0413_01:55:24 20 92.5425 92.515
2024_0413_01:55:31 20 65.645 84.5175
2024_0413_01:55:59 20 -1.1675 0.83
2024_0413_01:56:19 20 93.99 94.045
2024_0413_01:56:26 20 89.1775 94.085
2024_0413_01:56:46 20 -3.1975 96.85
2024_0413_01:56:47 20 -0.3075 0.8375
2024_0413_01:56:54 20 -0.41 -0.745
2024_0413_01:57:42 20 20.6225 20.75
2024_0413_01:58:41 20 99.995 -49.9975
2024_0413_01:59:01 20 45.745 95.57
2024_0413_01:59:20 20 40.125 -40.0475
2024_0413_01:59:28 20 74.06 79.4625
2024_0413_01:59:45 20 58.3125 58.395
2024_0413_02:00:31 20 -0.7075 0.01
2024_0413_02:00:52 20 0.3425 -0.1575
2024_0413_02:01:17 20 0.4025 0.2275
2024_0413_02:01:52 20 27.6175 -23.7425
2024_0413_02:02:07 20 45.845 95.01
2024_0413_02:02:22 20 0.5175 0.1575
2024_0413_02:02:39 20 9.0575 44.5975
2024_0413_02:02:40 20 7.915 -7.815
2024_0413_02:02:44 20 49.3875 -2.3825
2024_0413_02:02:48 20 -12.1 24.7675
2024_0413_02:04:50 20 -29.8975 30.1
2024_0413_02:04:53 20 50.0675 50.155
2024_0413_02:05:10 20 -0.4075 -0.1625
2024_0413_02:05:18 5 94.055 93.755
2024_0413_02:05:37 9 94.36 94.65
2024_0413_02:06:40 13 69.365 93.3425
2024_0413_02:06:48 13 1.405 0.0275
2024_0413_02:07:06 13 93.21 94.4675
2024_0413_02:07:14 13 11.0475 11.5525
2024_0413_02:07:37 13 -1.1925 2.08
2024_0413_02:08:12 14 78.675 77.755
2024_0413_02:08:25 14 -0.1675 0.5325
2024_0413_02:08:26 14 -0.6375 4.27
2024_0413_02:08:33 15 93.13 94.0825
2024_0413_02:08:39 14 91.4775 92.145
2024_0413_02:08:55 15 -0.0625 0.0275
2024_0413_02:10:35 15 -0.83 -0.375
2024_0413_02:11:03 15 95.065 93.8325
2024_0413_02:11:08 15 23.3275 13.66
2024_0413_02:11:20 15 93.1775 30.7525
2024_0413_02:11:22 15 -0.1075 -0.3925
2024_0413_02:12:32 15 -3.74 48.6775
2024_0413_02:12:33 15 -0.1325 0.445
2024_0413_02:12:57 15 0.43 -0.45
2024_0413_02:13:26 16 -37.5025 37.575
2024_0413_02:14:00 16 92.6725 92.3275
2024_0413_02:14:02 16 0.665 -0.2525
2024_0413_02:14:14 16 1.655 3.7
2024_0413_02:14:18 16 39.84 -39.9725
2024_0413_02:14:21 16 -1.115 0.7125
2024_0413_02:15:07 16 17.0075 -16.38
2024_0413_02:16:03 16 1.075 -0.42
2024_0413_02:16:21 16 -10.3175 9.6125
2024_0413_02:17:00 17 0.7025 0.0675
2024_0413_02:17:11 17 93.975 93.7725
2024_0413_02:17:12 17 70.0175 70.1275
2024_0413_02:17:35 17 91.7675 69.11
2024_0413_02:18:20 17 7.51 -5.8875
2024_0413_02:18:22 17 -10.0425 10.635
2024_0413_02:18:49 17 74.745 75.2675
2024_0413_02:19:15 17 -0.5275 0.5925
2024_0413_02:19:52 17 0.05 -0.5225
2024_0413_02:20:04 17 10.0275 -10.3425
2024_0413_02:20:12 17 0.3225 -0.6675
2024_0413_02:20:13 17 40.0725 30.2225
2024_0413_02:20:40 17 93.74 93.8575
2024_0413_02:21:41 17 -0.5575 -0.475
2024_0413_02:22:19 18 91.9075 45.55
2024_0413_02:22:51 18 -0.5375 -0.01
2024_0413_02:23:05 18 -1.3525 31.815
2024_0413_02:23:10 18 -0.22 0.1
2024_0413_02:23:27 18 2.6975 -1.48
2024_0413_02:24:12 18 12.84 -13.035
2024_0413_02:24:13 18 73.3325 73.1525
2024_0413_02:24:36 18 43.5675 -9.1275
2024_0413_02:24:51 19 91.6675 92.3125
2024_0413_02:25:05 19 2.54 4.35
2024_0413_02:25:45 19 15.29 -14.985
2024_0413_02:25:56 19 -0.26 0.9825
2024_0413_02:26:04 19 92.24 92.0125
2024_0413_02:26:07 19 -0.2375 0.245
2024_0413_02:27:39 19 14.2025 14.3575
2024_0413_02:28:05 19 48.7925 -36.4325
2024_0413_02:28:27 19 -0.295 0.205
2024_0413_02:28:41 19 0.4925 -0.11
2024_0413_02:28:54 19 0.2075 -0.52
2024_0413_02:28:57 20 -0.3225 0.6525
2024_0413_02:29:54 20 92.435 93.5975
2024_0413_02:29:55 20 0.495 -0.2025
2024_0413_02:29:56 20 17.8825 17.8725
2024_0413_02:30:31 20 49.41 -2.31
2024_0413_02:30:43 20 49.9425 -49.9325
2024_0413_02:31:23 20 1.3175 0.5475
2024_0413_02:33:48 20 49.9975 -49.9975
