0.20683000000013646 0.11868500000004831 0.027855000000003193 0.006694999999999811 0.02275500000000163 0.021925000000001377 0.020545000000000955 0.020290000000000877 0.020255000000000866 0.007929999999999762 0.0439749999999993 0.03667500000000213 0.061654999999992445 0.05844999999999369 0.06654999999999617 0.050869999999996626 0.06415999999999378 0.06262999999999225 0.04189000000000011 0.03938000000000108 
2024_0412_09:55:29 11 -0.2235 0.4235
2024_0412_09:55:30 2 97.596 97.7245
2024_0412_09:55:31 5 97.906 97.968
2024_0412_09:55:31 8 97.4965 97.754
2024_0412_09:55:33 1 97.8945 97.9295
2024_0412_09:55:33 11 97.662 97.5155
2024_0412_09:55:33 3 97.618 97.7155
2024_0412_09:55:34 10 97.951 97.9235
2024_0412_09:55:35 4 97.7235 97.537
2024_0412_09:55:35 2 97.424 97.5545
2024_0412_09:55:37 1 98.0255 97.9125
2024_0412_09:55:37 9 98.1915 98.27
2024_0412_09:56:07 6 98.0625 97.976
2024_0412_09:56:16 6 97.962 98.0275
2024_0412_09:56:21 7 97.5265 97.577
2024_0412_09:56:23 1 98.009 97.9975
2024_0412_10:00:59 12 73.5765 -0.556
2024_0412_10:01:01 13 39.706 41.794
2024_0412_10:01:02 15 -0.121 -0.078
2024_0412_10:01:04 16 0.0265 -0.117
2024_0412_10:01:04 14 97.748 97.791
2024_0412_10:01:06 13 -45.9795 49.8675
2024_0412_10:01:06 15 -10.2195 10.1585
2024_0412_10:01:09 17 -0.399 0.254
2024_0412_10:01:10 18 -10.1805 10.214
2024_0412_10:01:12 17 -0.2055 -0.0455
2024_0412_10:01:21 18 27.038 -24.2315
2024_0412_10:02:12 20 -0.1105 0.0155
2024_0412_10:02:12 20 0.365 0.2695
2024_0412_10:03:48 19 24.6975 18.8655
2024_0412_10:09:18 11 0.1235 -0.0705
2024_0412_10:09:19 8 97.778 97.8425
2024_0412_10:09:19 11 -0.3585 0.323
2024_0412_10:09:20 11 -99.997 -49.999
2024_0412_10:09:20 11 97.5845 97.829
2024_0412_10:09:21 6 98.009 98.0325
2024_0412_10:09:22 1 97.9315 98.0815
2024_0412_10:09:22 11 -0.318 0.01
2024_0412_10:09:23 3 97.561 97.69
2024_0412_10:09:23 9 97.904 98.0225
2024_0412_10:09:24 2 97.6875 97.6885
2024_0412_10:09:26 4 97.333 97.3055
2024_0412_10:09:52 7 97.871 97.631
2024_0412_10:09:57 10 98.014 97.656
2024_0412_10:10:07 5 97.988 97.971
2024_0412_10:10:38 11 -0.1075 -0.0135
2024_0412_10:14:51 12 -16.45 16.702
2024_0412_10:14:52 13 23.1565 73.708
2024_0412_10:14:53 11 73.5165 32.365
2024_0412_10:14:53 13 11.0335 -11.0515
2024_0412_10:14:55 13 97.641 97.6315
2024_0412_10:14:55 14 97.52 98.392
2024_0412_10:14:55 16 -0.5505 98.0965
2024_0412_10:14:56 15 -11.747 39.7915
2024_0412_10:14:57 13 97.9165 97.935
2024_0412_10:14:58 17 0.034 -0.1675
2024_0412_10:14:58 18 97.6285 97.68
2024_0412_10:15:02 19 -0.0905 -0.032
2024_0412_10:15:53 20 49.9985 -49.9965
2024_0412_10:16:00 20 98.3605 98.1395
2024_0412_10:21:29 11 0.1505 0.1165
2024_0412_10:21:31 5 97.884 97.9945
2024_0412_10:21:32 11 97.5885 97.548
2024_0412_10:21:32 3 97.3515 97.4825
2024_0412_10:21:33 1 98.0225 98.03
2024_0412_10:21:33 6 98.0065 97.899
2024_0412_10:21:33 2 97.747 97.852
2024_0412_10:21:33 7 97.762 97.7555
2024_0412_10:21:34 8 97.6935 97.817
2024_0412_10:21:34 11 98.01 98.4925
2024_0412_10:21:37 4 97.7595 97.389
2024_0412_10:21:38 10 97.8195 98.003
2024_0412_10:22:06 12 -0.355 0.161
2024_0412_10:22:14 12 98.048 97.5775
2024_0412_10:22:21 11 0.4335 -0.188
2024_0412_10:22:51 9 98.314 98.279
2024_0412_10:27:00 13 0.174 -0.129
2024_0412_10:27:01 14 0.112 -0.024
2024_0412_10:27:03 13 97.4995 97.5325
2024_0412_10:27:04 13 48.996 -0.4165
2024_0412_10:27:06 15 97.5705 97.6025
2024_0412_10:27:06 16 44.739 6.6315
2024_0412_10:27:07 13 -43.8235 46.0205
2024_0412_10:27:08 13 97.9865 97.9425
2024_0412_10:27:08 15 96.983 97.442
2024_0412_10:27:10 16 -10.494 65.5175
2024_0412_10:27:12 16 68.3485 87.861
2024_0412_10:27:14 17 48.707 98.7145
2024_0412_10:28:30 18 -1.1525 1.133
2024_0412_10:28:33 18 -12.571 11.899
2024_0412_10:28:54 18 -72.3075 72.272
2024_0412_10:28:57 18 -0.36 -0.181
2024_0412_10:32:29 18 9.102 -5.0985
2024_0412_10:32:31 20 2.102 0.1245
2024_0412_10:32:31 19 48.9295 -2.779
2024_0412_10:32:35 19 9.533 -9.7025
2024_0412_10:32:35 18 -7.4155 46.6465
2024_0412_10:32:35 20 0.006 -0.05
2024_0412_10:32:37 20 -1.9555 2.1285
2024_0412_10:32:38 20 10.348 -4.0345
2024_0412_10:38:09 11 -0.311 -0.038
2024_0412_10:38:10 11 49.9985 49.9995
2024_0412_10:38:10 10 97.991 98.0855
2024_0412_10:38:11 7 97.7585 48.768
2024_0412_10:38:11 8 97.958 97.3875
2024_0412_10:38:11 11 0.3815 -0.04
2024_0412_10:38:12 6 97.9665 97.9335
2024_0412_10:38:12 11 -0.2925 -0.1385
2024_0412_10:38:12 11 97.596 97.7535
2024_0412_10:38:13 1 98.04 98.0195
2024_0412_10:38:13 9 98.3185 98.2725
2024_0412_10:38:42 5 97.931 97.967
2024_0412_10:38:47 3 97.6665 97.1565
2024_0412_10:39:04 2 97.65 97.6665
2024_0412_10:39:12 11 0.133 -0.155
2024_0412_10:40:58 11 0.4545 -0.017
2024_0412_10:43:38 11 0.016 0.089
2024_0412_10:43:39 11 0.05 -0.1385
2024_0412_10:43:42 11 97.606 97.7105
2024_0412_10:43:42 12 0.204 -0.1975
2024_0412_10:43:43 13 50.0135 -49.991
2024_0412_10:43:43 12 -10.833 65.739
2024_0412_10:43:43 12 97.3835 97.8
2024_0412_10:43:44 12 97.9675 97.985
2024_0412_10:43:46 12 97.8205 97.367
2024_0412_10:43:47 12 97.653 97.6135
2024_0412_10:43:47 12 97.4635 97.589
2024_0412_10:44:46 13 97.309 97.6705
2024_0412_10:44:50 13 49.046 15.18
2024_0412_10:45:31 13 0.086 0.3495
2024_0412_10:45:46 13 97.681 96.621
2024_0412_10:46:31 13 -0.0435 0.0365
2024_0412_10:49:11 13 0.1035 -0.039
2024_0412_10:49:12 14 0.486 0.106
2024_0412_10:49:13 13 98.025 98.0525
2024_0412_10:49:13 13 38.909 38.0255
2024_0412_10:49:15 13 0.435 -0.389
2024_0412_10:49:16 13 97.733 97.7675
2024_0412_10:49:16 14 0.5475 -0.3845
2024_0412_10:49:18 14 -12.481 12.3765
2024_0412_10:49:18 14 0.1345 -0.1145
2024_0412_10:49:19 14 97.636 97.816
2024_0412_10:49:23 14 97.9055 97.4645
2024_0412_10:50:47 14 0.175 -0.3435
2024_0412_10:50:56 14 48.718 97.233
2024_0412_10:52:04 14 2.6375 -1.2615
2024_0412_10:52:05 14 98.025 97.8755
2024_0412_10:52:23 14 97.279 96.527
2024_0412_10:54:41 14 0.0855 0.35
2024_0412_10:54:45 14 0.1495 1.7455
2024_0412_10:54:49 14 97.5025 97.6745
2024_0412_10:54:49 15 -0.004 0.468
2024_0412_10:54:53 15 -0.0025 -0.2305
2024_0412_10:54:54 15 5.959 11.257
2024_0412_10:54:55 15 48.733 29.195
2024_0412_10:54:57 15 -44.5985 51.3035
2024_0412_10:54:58 15 0.0165 -0.0885
2024_0412_10:54:59 15 97.448 96.5965
2024_0412_10:57:04 15 97.9535 97.954
2024_0412_10:57:08 15 0.0805 -0.2485
2024_0412_10:57:39 15 97.8485 97.434
2024_0412_10:58:16 15 -0.083 -0.1035
2024_0412_10:58:44 15 -0.2275 -0.3685
2024_0412_10:59:01 16 0.185 0.297
2024_0412_11:00:14 16 77.5085 83.18
2024_0412_11:00:19 16 97.6185 97.711
2024_0412_11:00:20 16 8.1795 -8.43
2024_0412_11:00:22 16 16.189 -16.3265
2024_0412_11:00:27 17 -79.9565 79.9215
2024_0412_11:00:27 16 19.1705 17.439
2024_0412_11:00:28 17 0.2435 -0.38
2024_0412_11:00:29 16 -3.0045 2.9035
2024_0412_11:00:35 17 32.9045 37.826
2024_0412_11:00:38 17 87.9475 67.9475
2024_0412_11:03:12 17 -49.999 99.997
2024_0412_11:03:16 17 0.1075 -0.421
2024_0412_11:03:36 17 -8.847 9.0615
2024_0412_11:04:58 17 -0.036 -0.002
2024_0412_11:05:00 17 17.5585 17.8075
2024_0412_11:05:44 18 -99.995 49.9935
2024_0412_11:05:48 18 -50.0 -99.9995
2024_0412_11:05:53 18 48.876 -0.3585
2024_0412_11:05:54 18 97.971 -14.8035
2024_0412_11:05:59 18 97.7985 97.5245
2024_0412_11:06:01 19 25.291 40.4705
2024_0412_11:06:04 18 41.1455 -39.273
2024_0412_11:06:04 18 -5.6815 20.7335
2024_0412_11:06:13 19 -39.31 49.0045
2024_0412_11:06:16 19 40.109 -3.0135
2024_0412_11:08:43 20 4.3515 88.092
2024_0412_11:09:25 20 0.0645 0.194
2024_0412_11:10:36 20 -12.8975 12.513
2024_0412_11:10:48 20 0.0985 -0.2005
2024_0412_11:11:05 20 4.042 -2.339
2024_0412_11:11:05 20 -0.3765 -0.053
2024_0412_11:11:10 4 97.456 97.318
2024_0412_11:11:14 15 0.0015 -0.3415
2024_0412_11:11:18 17 11.2405 0.3735
2024_0412_11:11:19 18 97.6755 97.584
2024_0412_11:11:35 20 64.8595 52.5115
2024_0412_11:17:04 7 97.7865 97.7195
2024_0412_11:17:05 7 97.7495 97.84
2024_0412_11:17:06 11 0.1525 0.126
2024_0412_11:17:07 8 97.437 97.623
2024_0412_11:17:07 5 98.0005 97.8805
2024_0412_11:17:08 6 98.0055 97.929
2024_0412_11:17:08 11 97.9275 98.0125
2024_0412_11:17:09 10 97.789 97.852
2024_0412_11:17:09 1 97.9405 97.986
2024_0412_11:17:10 9 98.234 98.269
2024_0412_11:17:10 11 -0.1355 -0.0685
2024_0412_11:17:11 11 97.4395 97.528
2024_0412_11:17:42 3 97.75 97.729
2024_0412_11:17:43 2 97.738 97.833
2024_0412_11:17:48 11 -0.215 0.1625
2024_0412_11:18:57 4 97.3615 97.6455
2024_0412_11:22:31 11 -0.186 0.148
2024_0412_11:22:33 12 -0.1405 -0.1355
2024_0412_11:22:34 11 97.757 97.8605
2024_0412_11:22:38 11 97.7035 97.666
2024_0412_11:22:38 12 97.9045 97.7525
2024_0412_11:22:38 12 97.6725 97.6685
2024_0412_11:22:38 11 17.9745 9.6105
2024_0412_11:22:40 12 -0.056 0.109
2024_0412_11:22:40 12 -0.268 0.562
2024_0412_11:22:40 13 60.8215 37.0155
2024_0412_11:22:40 12 78.099 78.155
2024_0412_11:22:43 12 97.4775 97.6845
2024_0412_11:23:44 13 99.999 99.999
2024_0412_11:23:45 13 -0.3505 0.126
2024_0412_11:24:13 13 97.5125 97.536
2024_0412_11:27:02 13 98.6235 -90.7705
2024_0412_11:27:59 13 0.0775 -0.0355
2024_0412_11:28:04 13 98.309 98.3265
2024_0412_11:28:05 13 -0.25 0.131
2024_0412_11:28:07 13 0.1045 0.093
2024_0412_11:28:09 13 -0.0335 0.229
2024_0412_11:28:09 13 -0.046 0.1795
2024_0412_11:28:09 14 50.0 -50.0
2024_0412_11:28:12 14 98.289 98.737
2024_0412_11:28:12 14 97.6275 97.6295
2024_0412_11:28:12 13 18.13 18.35
2024_0412_11:28:13 14 97.514 97.294
2024_0412_11:28:14 14 -0.347 -0.0285
2024_0412_11:29:45 14 -0.336 -0.16
2024_0412_11:29:46 14 -0.4325 73.6705
2024_0412_11:30:22 14 78.1755 77.8205
2024_0412_11:33:29 14 0.2385 0.154
2024_0412_11:33:31 14 49.9985 -99.997
2024_0412_11:33:37 15 -0.0335 -0.103
2024_0412_11:33:38 14 97.6875 97.7595
2024_0412_11:33:41 14 97.6865 97.802
2024_0412_11:33:42 15 0.101 -0.1575
2024_0412_11:33:43 15 -53.791 57.3315
2024_0412_11:33:44 15 -40.2925 47.9405
2024_0412_11:33:44 15 0.1035 -0.0125
2024_0412_11:33:44 15 -1.2895 1.0655
2024_0412_11:33:45 15 97.694 97.876
2024_0412_11:33:46 15 0.3335 -0.5235
2024_0412_11:33:50 15 76.2865 61.381
2024_0412_11:35:46 15 -0.3045 0.0155
2024_0412_11:36:32 15 0.9725 0.6515
2024_0412_11:36:34 15 97.567 97.682
2024_0412_11:38:59 16 -0.1845 -0.054
2024_0412_11:39:01 16 -10.063 9.5875
2024_0412_11:39:12 16 0.2275 -0.0715
2024_0412_11:39:12 16 -0.2735 -0.654
2024_0412_11:39:12 16 0.144 -0.102
2024_0412_11:39:14 16 -49.9995 -99.999
2024_0412_11:39:14 16 -0.3235 0.144
2024_0412_11:39:15 17 23.9515 73.972
2024_0412_11:39:17 17 98.2705 98.2605
2024_0412_11:39:20 17 97.2305 97.3775
2024_0412_11:39:25 17 18.088 1.616
2024_0412_11:41:02 16 15.3345 15.91
2024_0412_11:41:50 17 1.2895 -0.0955
2024_0412_11:42:37 17 0.5535 0.149
2024_0412_11:42:46 17 98.017 97.8485
2024_0412_11:42:59 18 0.1195 0.4415
2024_0412_11:44:36 18 -0.139 0.5835
2024_0412_11:44:45 18 -12.7035 12.334
2024_0412_11:44:46 18 97.848 48.0795
2024_0412_11:44:46 18 97.41 97.862
2024_0412_11:44:52 18 -5.8355 5.7725
2024_0412_11:44:52 18 0.505 -0.6935
2024_0412_11:44:53 18 97.7475 97.6825
2024_0412_11:44:54 18 -0.111 -0.053
2024_0412_11:44:55 19 0.11 -0.0665
2024_0412_11:44:55 18 -0.32 -0.2525
2024_0412_11:46:35 18 -50.0 50.0
2024_0412_11:48:00 19 -0.131 -0.002
2024_0412_11:48:05 19 13.4925 82.8015
2024_0412_11:48:25 20 97.3905 97.048
2024_0412_11:48:39 20 14.787 6.815
2024_0412_11:48:49 20 -6.0775 73.2445
2024_0412_11:50:10 20 0.0 0.0
2024_0412_11:50:11 20 2.44 57.8705
2024_0412_11:50:11 20 97.647 48.897
2024_0412_11:50:12 17 0.1155 0.08
2024_0412_11:50:23 18 97.7635 97.8315
2024_0412_11:55:53 7 95.75 97.6015
2024_0412_11:55:54 11 -0.007 0.0415
2024_0412_11:55:55 11 -0.0355 -0.0835
2024_0412_11:55:55 5 97.9665 97.975
2024_0412_11:55:55 11 -0.0535 -0.2355
2024_0412_11:55:57 3 97.5685 97.6945
2024_0412_11:55:57 6 97.9845 97.9485
2024_0412_11:55:57 2 97.5785 97.766
2024_0412_11:55:58 11 0.2695 -0.0655
2024_0412_11:55:58 8 97.236 97.737
2024_0412_11:55:58 4 97.736 97.742
2024_0412_11:56:00 1 97.9525 97.989
2024_0412_11:56:37 7 97.63 97.753
2024_0412_11:56:51 9 98.248 98.2055
2024_0412_11:58:00 10 98.017 48.6455
2024_0412_11:58:17 11 -99.9995 -49.999
2024_0412_12:01:25 11 -0.0125 -0.0855
2024_0412_12:01:25 11 99.999 -49.9995
2024_0412_12:01:26 11 98.0375 97.9935
2024_0412_12:01:26 11 97.517 97.5415
2024_0412_12:01:28 11 49.999 99.998
2024_0412_12:01:29 11 98.142 -20.8685
2024_0412_12:01:29 11 97.9635 97.9135
2024_0412_12:01:30 11 -0.2465 0.007
2024_0412_12:01:31 11 97.8005 97.6145
2024_0412_12:01:31 11 2.6305 3.081
2024_0412_12:01:33 11 98.0045 97.965
2024_0412_12:01:33 11 0.027 0.0535
2024_0412_12:02:51 11 0.097 -0.0945
2024_0412_12:03:07 11 97.528 97.699
2024_0412_12:05:39 12 97.947 98.005
2024_0412_12:06:30 12 98.9625 47.751
2024_0412_12:06:55 12 97.878 97.9595
2024_0412_12:06:57 12 0.261 -0.054
2024_0412_12:06:58 12 35.867 50.3815
2024_0412_12:06:59 12 -0.121 -0.269
2024_0412_12:07:00 12 77.699 78.18
2024_0412_12:07:00 12 97.4985 97.8125
2024_0412_12:07:01 12 -0.1745 0.008
2024_0412_12:07:02 12 97.536 97.4755
2024_0412_12:07:04 12 -0.2345 -0.0195
2024_0412_12:07:05 12 97.5705 97.5655
2024_0412_12:07:07 12 98.0385 97.841
2024_0412_12:07:08 12 -0.0735 -0.417
2024_0412_12:09:05 12 19.2535 19.227
2024_0412_12:09:21 12 -0.257 0.0315
2024_0412_12:12:28 13 0.1165 -0.051
2024_0412_12:12:31 13 97.678 97.133
2024_0412_12:12:32 13 97.579 97.7465
2024_0412_12:12:33 13 98.4265 97.515
2024_0412_12:12:34 13 0.079 0.051
2024_0412_12:12:34 13 98.0115 97.9665
2024_0412_12:12:35 13 97.5945 49.0275
2024_0412_12:12:37 13 97.583 97.259
2024_0412_12:12:38 13 96.8335 84.863
2024_0412_12:12:38 13 97.2025 98.0015
2024_0412_12:12:41 13 4.9585 5.524
2024_0412_12:12:45 13 -0.108 -0.072
2024_0412_12:13:21 13 7.2925 29.025
2024_0412_12:15:21 13 97.9965 98.0095
2024_0412_12:15:37 13 96.655 97.593
2024_0412_12:15:57 13 0.1 0.106
2024_0412_12:17:57 13 0.321 -0.2705
2024_0412_12:18:01 13 0.362 0.0495
2024_0412_12:18:01 13 49.999 99.997
2024_0412_12:18:02 13 -0.171 0.5735
2024_0412_12:18:07 13 0.1965 -0.3555
2024_0412_12:18:07 14 -0.52 -0.282
2024_0412_12:18:09 13 97.7155 97.683
2024_0412_12:18:09 13 96.7755 97.078
2024_0412_12:18:09 14 43.9825 34.106
2024_0412_12:18:11 14 20.025 -20.3105
2024_0412_12:18:19 14 -7.3595 45.176
2024_0412_12:18:20 14 97.549 97.173
2024_0412_12:21:11 14 97.556 97.4935
2024_0412_12:21:53 14 79.7585 79.8305
2024_0412_12:23:28 14 97.6435 97.762
2024_0412_12:23:31 14 -99.999 -49.9995
2024_0412_12:23:33 14 97.986 97.924
2024_0412_12:23:34 14 73.625 23.5735
2024_0412_12:23:38 14 97.57 97.646
2024_0412_12:23:39 14 -20.0885 19.608
2024_0412_12:23:42 14 97.887 97.5845
2024_0412_12:23:43 14 98.07 48.101
2024_0412_12:23:44 14 21.5375 21.5115
2024_0412_12:23:46 14 16.774 18.7945
2024_0412_12:23:49 14 55.7125 -0.17
2024_0412_12:23:50 14 49.9995 -99.999
2024_0412_12:24:15 14 97.5765 97.2195
2024_0412_12:25:28 14 13.6135 12.0675
2024_0412_12:27:33 14 -0.1305 0.044
2024_0412_12:29:01 15 0.244 -0.0595
2024_0412_12:29:02 14 97.9445 97.913
2024_0412_12:29:05 15 81.2705 81.6535
2024_0412_12:29:09 15 17.683 17.2585
2024_0412_12:29:12 15 95.5285 95.427
2024_0412_12:29:13 15 26.986 -27.013
2024_0412_12:29:15 15 -93.5585 99.476
2024_0412_12:29:17 15 98.091 98.201
2024_0412_12:29:22 15 0.449 -0.3735
2024_0412_12:29:24 15 97.633 97.5545
2024_0412_12:29:27 15 0.2345 0.1295
2024_0412_12:29:31 14 0.2165 -0.0545
2024_0412_12:29:44 15 0.171 -0.112
2024_0412_12:30:29 15 0.3605 -0.3545
2024_0412_12:33:35 15 -9.872 9.901
2024_0412_12:33:47 15 48.9145 -0.075
2024_0412_12:34:28 15 -0.436 0.3785
2024_0412_12:34:30 15 -0.1485 -0.214
2024_0412_12:34:36 15 78.282 78.5155
2024_0412_12:34:40 15 0.1745 0.195
2024_0412_12:34:45 15 -0.114 -0.244
2024_0412_12:34:47 15 -0.495 0.0925
2024_0412_12:34:47 15 0.006 54.338
2024_0412_12:34:53 15 97.6755 97.251
2024_0412_12:34:59 16 -0.4565 -0.1445
2024_0412_12:35:00 16 -10.051 10.687
2024_0412_12:35:01 15 98.2485 98.3025
2024_0412_12:35:13 16 -0.9235 0.9325
2024_0412_12:36:43 16 33.5285 62.5175
2024_0412_12:36:52 16 -0.2405 -0.01
2024_0412_12:39:58 16 0.375 0.185
2024_0412_12:40:03 16 97.872 97.856
2024_0412_12:40:03 16 98.208 98.2985
2024_0412_12:40:09 16 97.357 97.389
2024_0412_12:40:17 16 36.7595 47.447
2024_0412_12:40:17 16 0.011 0.151
2024_0412_12:40:20 16 32.4775 48.3175
2024_0412_12:40:22 16 -8.0095 7.974
2024_0412_12:40:28 16 -0.0185 -0.084
2024_0412_12:40:33 16 -0.072 0.378
2024_0412_12:40:38 17 -0.4595 -0.533
2024_0412_12:41:05 16 86.0875 17.1225
2024_0412_12:41:31 17 -0.079 -0.1565
2024_0412_12:42:52 17 -35.17 45.6095
2024_0412_12:42:56 17 68.419 87.369
2024_0412_12:45:01 17 78.0395 77.941
2024_0412_12:45:28 17 0.1115 -0.2155
2024_0412_12:45:37 17 98.0445 97.9625
2024_0412_12:45:39 17 45.858 14.516
2024_0412_12:45:50 17 1.529 -1.5415
2024_0412_12:45:50 17 98.36 -0.402
2024_0412_12:45:56 17 17.288 17.13
2024_0412_12:46:04 17 1.14 0.553
2024_0412_12:46:20 17 86.431 97.06
2024_0412_12:46:37 17 16.969 16.954
2024_0412_12:47:07 17 13.9685 -11.2475
2024_0412_12:48:15 18 97.359 97.5175
2024_0412_12:48:27 18 -0.013 -0.0435
2024_0412_12:48:48 17 11.472 -0.882
2024_0412_12:49:08 18 0.269 -0.1325
2024_0412_12:49:13 18 -0.241 0.201
2024_0412_12:51:04 18 -19.9705 20.0065
2024_0412_12:51:12 18 -3.195 3.1685
2024_0412_12:51:21 18 12.4625 -12.5175
2024_0412_12:51:27 18 93.221 93.063
2024_0412_12:51:29 18 97.4425 97.3885
2024_0412_12:51:45 18 0.876 1.333
2024_0412_12:52:04 18 -0.3605 0.1145
2024_0412_12:52:40 18 0.763 -0.304
2024_0412_12:52:45 18 -28.2365 27.7095
2024_0412_12:52:55 18 97.1595 97.3875
2024_0412_12:53:25 18 27.705 -27.918
2024_0412_12:54:03 18 0.2745 -0.0685
2024_0412_12:54:11 18 -49.9995 99.999
2024_0412_12:54:57 18 -9.811 9.986
2024_0412_12:55:02 18 98.292 98.236
2024_0412_12:55:39 18 -34.3935 15.419
2024_0412_12:57:10 18 -0.033 -0.1825
2024_0412_12:57:20 18 0.2675 0.1595
2024_0412_12:57:22 18 72.3475 34.917
2024_0412_12:57:34 19 -0.4405 0.682
2024_0412_12:57:58 19 20.127 -20.211
2024_0412_12:58:42 19 96.8715 97.567
2024_0412_12:58:58 19 -26.4205 49.646
2024_0412_12:59:01 19 39.228 -11.431
2024_0412_12:59:26 20 47.6385 67.3735
2024_0412_12:59:50 19 49.02 49.1195
2024_0412_13:00:03 20 1.0075 1.4655
2024_0412_13:00:12 20 82.708 68.1005
2024_0412_13:00:53 20 8.036 -8.432
2024_0412_13:01:02 20 73.9225 6.3635
2024_0412_13:02:02 20 0.1965 0.456
2024_0412_13:02:37 20 97.493 97.4715
2024_0412_13:03:03 20 -14.5435 15.5905
2024_0412_13:03:20 20 4.35 1.8295
2024_0412_13:03:21 20 77.754 77.836
2024_0412_13:03:26 20 -0.063 -0.177
2024_0412_13:03:57 20 1.4565 -0.38
2024_0412_13:04:35 20 -0.437 49.6455
2024_0412_13:05:11 14 95.8675 15.1205
2024_0412_13:05:14 16 -1.6275 49.4615
2024_0412_13:05:54 17 9.891 -9.7595
2024_0412_13:05:55 17 0.254 -0.0885
2024_0412_13:06:04 15 23.5495 73.603
2024_0412_13:06:34 17 13.915 -13.6655
2024_0412_13:06:43 17 97.6285 97.738
2024_0412_13:06:46 17 17.6435 -9.6025
2024_0412_13:08:09 18 97.7665 96.767
2024_0412_13:08:11 18 97.454 97.5065
2024_0412_13:14:03 4 97.364 97.624
2024_0412_13:14:03 6 97.984 97.9415
2024_0412_13:14:03 11 97.4905 97.682
2024_0412_13:14:04 11 -0.072 0.273
2024_0412_13:14:04 8 97.765 97.9095
2024_0412_13:14:04 5 97.953 97.927
2024_0412_13:14:05 7 97.645 97.585
2024_0412_13:14:05 11 0.0935 0.1665
2024_0412_13:14:05 11 -0.0475 0.1465
2024_0412_13:14:08 3 97.766 97.698
2024_0412_13:14:08 1 97.965 97.9755
2024_0412_13:14:09 9 98.233 98.2845
2024_0412_13:14:18 7 97.598 97.557
2024_0412_13:14:20 2 97.4645 97.775
2024_0412_13:15:14 10 97.987 98.042
2024_0412_13:15:30 10 97.8355 97.5745
2024_0412_13:19:49 11 97.733 97.704
2024_0412_13:19:51 11 -0.3385 0.1785
2024_0412_13:19:51 11 -0.0345 -0.266
2024_0412_13:19:52 11 0.093 0.0145
2024_0412_13:19:52 11 -0.3405 0.3425
2024_0412_13:19:52 11 97.458 97.6855
2024_0412_13:19:54 11 0.0395 -0.5275
2024_0412_13:19:54 11 -99.999 49.9995
2024_0412_13:19:56 11 0.101 -0.2155
2024_0412_13:19:56 11 -0.557 48.6245
2024_0412_13:19:56 11 -0.0495 -0.053
2024_0412_13:19:57 11 97.6325 97.7085
2024_0412_13:20:39 11 0.0695 0.185
2024_0412_13:20:46 11 97.9095 97.756
2024_0412_13:22:08 11 -20.8335 98.045
2024_0412_13:22:41 12 97.687 97.777
2024_0412_13:25:39 12 97.9955 97.9355
2024_0412_13:25:40 12 97.226 48.737
2024_0412_13:25:42 12 0.3235 0.02
2024_0412_13:25:44 12 -0.0325 0.4675
2024_0412_13:25:44 12 -22.2345 22.193
2024_0412_13:25:45 12 0.4165 0.0895
2024_0412_13:25:46 12 97.7455 97.661
2024_0412_13:25:49 12 -0.0665 -0.1245
2024_0412_13:25:50 12 48.797 48.703
2024_0412_13:25:51 12 49.9065 49.7445
2024_0412_13:25:51 12 97.4375 97.6335
2024_0412_13:25:51 12 97.9615 97.6405
2024_0412_13:26:51 12 -0.069 -0.099
2024_0412_13:26:59 13 0.0985 0.073
2024_0412_13:29:12 13 97.634 97.603
2024_0412_13:30:21 13 -0.0065 -0.017
2024_0412_13:31:23 13 0.0125 0.0095
2024_0412_13:31:25 13 0.0565 0.0665
2024_0412_13:31:26 13 78.346 78.3855
2024_0412_13:31:33 13 49.999 49.999
2024_0412_13:31:34 13 35.9145 -2.6605
2024_0412_13:31:34 13 0.2565 0.447
2024_0412_13:31:35 13 99.999 99.998
2024_0412_13:31:36 13 3.6455 3.187
2024_0412_13:31:37 13 0.2825 -0.081
2024_0412_13:31:38 13 0.9185 -0.399
2024_0412_13:31:38 13 0.0685 0.322
2024_0412_13:31:39 13 97.8915 97.374
2024_0412_13:33:01 13 0.0445 -0.162
2024_0412_13:33:12 13 -0.1275 -0.0985
2024_0412_13:36:12 13 0.1075 0.3505
2024_0412_13:37:14 13 19.353 19.261
2024_0412_13:37:16 13 0.054 0.0365
2024_0412_13:37:16 13 97.4715 96.417
2024_0412_13:37:22 13 97.6545 97.9315
2024_0412_13:37:25 13 9.628 -9.8745
2024_0412_13:37:25 14 0.093 -0.4575
2024_0412_13:37:25 13 97.3245 97.66
2024_0412_13:37:26 14 0.202 0.071
2024_0412_13:37:27 14 -0.008 0.1665
2024_0412_13:37:29 14 17.1725 17.223
2024_0412_13:37:29 14 -2.2125 59.0985
2024_0412_13:37:31 14 34.5705 35.5225
2024_0412_13:37:31 14 24.6195 24.3905
2024_0412_13:39:17 14 97.7825 97.782
2024_0412_13:39:29 14 97.3785 97.266
2024_0412_13:43:01 14 0.0265 0.1455
2024_0412_13:43:01 14 49.9995 99.999
2024_0412_13:43:04 14 97.755 98.073
2024_0412_13:43:06 14 48.7345 48.886
2024_0412_13:43:08 14 0.201 0.1235
2024_0412_13:43:12 14 -0.0405 -0.2875
2024_0412_13:43:13 14 97.658 97.719
2024_0412_13:43:15 14 -0.4265 0.045
2024_0412_13:43:16 14 -0.129 -0.159
2024_0412_13:43:16 14 39.729 -31.0995
2024_0412_13:43:22 14 97.2705 97.7505
2024_0412_13:43:22 14 -21.457 21.913
2024_0412_13:43:26 14 97.848 97.9395
2024_0412_13:44:57 14 -20.161 19.953
2024_0412_13:45:27 14 0.1965 -0.122
2024_0412_13:45:48 15 97.796 97.5115
2024_0412_13:48:44 15 -0.1695 0.284
2024_0412_13:48:53 15 0.023 -0.1165
2024_0412_13:48:56 15 97.6425 96.485
2024_0412_13:49:01 15 98.038 97.176
2024_0412_13:49:06 15 3.3385 -1.801
2024_0412_13:49:07 15 43.2925 43.217
2024_0412_13:49:08 15 78.2865 78.052
2024_0412_13:49:14 15 0.0565 -0.0945
2024_0412_13:49:15 15 16.3055 16.1145
2024_0412_13:49:16 15 78.2055 78.163
2024_0412_13:49:20 15 38.9735 -40.218
2024_0412_13:50:20 15 0.123 0.3225
2024_0412_13:51:37 15 97.4855 97.1525
2024_0412_13:51:57 15 -0.0795 -0.2425
2024_0412_13:52:10 15 -0.3995 0.101
2024_0412_13:52:47 15 95.7925 95.936
2024_0412_13:54:32 15 48.3865 97.4435
2024_0412_13:54:46 15 -0.163 -0.2035
2024_0412_13:54:52 15 0.3765 18.652
2024_0412_13:54:53 15 64.9305 65.5305
2024_0412_13:54:58 15 48.5885 48.248
2024_0412_13:54:59 15 99.999 99.999
2024_0412_13:55:03 16 98.0085 97.9725
2024_0412_13:55:08 16 -8.4065 38.212
2024_0412_13:55:08 16 -0.6075 0.011
2024_0412_13:55:08 16 0.7095 0.5545
2024_0412_13:57:21 16 99.998 -49.9985
2024_0412_13:57:21 16 8.379 23.4755
2024_0412_13:57:43 16 -17.174 94.405
2024_0412_13:58:16 16 49.099 49.047
2024_0412_13:59:25 16 97.5405 97.5985
2024_0412_13:59:43 16 89.8305 73.082
2024_0412_14:00:23 16 10.014 -16.18
2024_0412_14:00:42 16 0.575 -0.0465
2024_0412_14:00:44 17 0.247 0.2345
2024_0412_14:00:49 16 97.507 97.557
2024_0412_14:00:57 17 98.021 97.5165
2024_0412_14:00:58 17 74.8605 75.358
2024_0412_14:01:01 17 -0.061 0.126
2024_0412_14:01:01 17 3.9375 26.8
2024_0412_14:01:01 17 -0.2655 -0.1635
2024_0412_14:03:20 17 48.2475 59.765
2024_0412_14:04:01 17 0.3015 -0.2475
2024_0412_14:05:41 17 36.014 47.9185
2024_0412_14:05:42 17 -0.1025 0.3775
2024_0412_14:06:17 17 -0.1415 0.23
2024_0412_14:06:28 17 32.887 33.014
2024_0412_14:06:31 17 6.666 -6.252
2024_0412_14:06:32 17 99.593 -1.2035
2024_0412_14:06:36 17 59.5625 -7.6625
2024_0412_14:06:41 17 0.235 -0.1075
2024_0412_14:06:53 17 9.1275 -8.7845
2024_0412_14:06:53 17 99.637 -31.551
2024_0412_14:06:54 17 28.399 48.8945
2024_0412_14:06:58 18 -8.428 8.437
2024_0412_14:07:07 18 47.518 -37.8395
2024_0412_14:09:12 18 -0.0615 0.249
2024_0412_14:10:16 18 -20.861 22.575
2024_0412_14:10:17 18 -37.9045 51.2545
2024_0412_14:11:39 18 62.432 66.184
2024_0412_14:12:07 18 49.999 -100.0
2024_0412_14:12:22 18 0.0965 -0.016
2024_0412_14:12:27 18 77.7625 77.8605
2024_0412_14:12:27 18 -99.997 99.999
2024_0412_14:12:39 18 21.2625 22.358
2024_0412_14:12:42 18 -0.1555 -0.3175
2024_0412_14:12:43 18 0.0485 0.1045
2024_0412_14:12:48 18 19.998 -19.733
2024_0412_14:12:50 18 -0.0625 -0.306
2024_0412_14:12:54 18 77.67 77.6135
2024_0412_14:13:00 18 -0.1775 -0.1915
2024_0412_14:13:30 18 -0.0505 -0.076
2024_0412_14:15:07 18 48.9025 49.2395
2024_0412_14:16:31 18 -2.07 2.0385
2024_0412_14:17:35 19 97.374 96.96
2024_0412_14:18:11 19 52.08 52.4255
2024_0412_14:18:24 19 98.51 97.264
2024_0412_14:18:25 18 97.2745 97.441
2024_0412_14:18:26 19 -5.7555 34.8095
2024_0412_14:18:29 19 97.5805 97.753
2024_0412_14:18:37 19 -0.7655 9.456
2024_0412_14:18:39 19 -1.291 11.8005
2024_0412_14:18:42 19 0.1745 -0.1115
2024_0412_14:18:46 19 25.203 -24.7685
2024_0412_14:18:53 20 -99.999 -99.999
2024_0412_14:19:06 20 68.18 88.344
2024_0412_14:19:52 20 54.0495 77.882
2024_0412_14:20:15 19 -9.2655 38.986
2024_0412_14:22:42 20 48.2335 49.071
2024_0412_14:23:37 20 76.757 76.392
2024_0412_14:24:21 20 48.506 96.0015
2024_0412_14:24:22 20 15.656 18.371
2024_0412_14:24:26 20 -0.4545 -0.2415
2024_0412_14:24:33 20 90.587 85.9165
2024_0412_14:24:35 20 9.6955 -10.165
2024_0412_14:24:41 15 0.6645 -0.239
2024_0412_14:24:46 16 98.194 98.222
2024_0412_14:24:51 16 48.6935 -0.851
2024_0412_14:25:01 16 48.579 48.495
2024_0412_14:25:33 20 0.2025 -0.1445
2024_0412_14:26:07 17 97.6355 97.493
2024_0412_14:26:22 17 2.8195 -4.7435
2024_0412_14:26:27 18 0.3305 0.09
2024_0412_14:27:05 18 97.4705 97.581
2024_0412_14:29:12 20 -67.555 44.887
2024_0412_14:31:48 20 17.4165 17.2
2024_0412_14:37:39 7 97.785 97.725
2024_0412_14:37:43 8 97.837 97.8035
2024_0412_14:37:43 2 97.7595 97.7975
2024_0412_14:37:45 6 97.9635 98.0955
2024_0412_14:37:47 11 97.6905 48.717
2024_0412_14:37:48 5 97.964 97.8695
2024_0412_14:37:48 4 97.248 97.2455
2024_0412_14:37:48 3 97.3885 97.673
2024_0412_14:37:49 1 97.8745 97.9705
2024_0412_14:37:50 7 97.776 97.616
2024_0412_14:37:50 11 97.9545 97.8945
2024_0412_14:37:50 10 98.106 97.8795
2024_0412_14:38:02 11 98.228 98.1685
2024_0412_14:38:03 9 98.012 97.864
2024_0412_14:38:30 7 97.733 97.691
2024_0412_14:39:45 10 98.172 98.0425
2024_0412_14:43:30 11 97.669 97.8035
2024_0412_14:43:33 11 0.5225 -0.3505
2024_0412_14:43:34 11 0.019 0.12
2024_0412_14:43:38 11 -0.476 0.164
2024_0412_14:43:41 11 -0.133 0.192
2024_0412_14:43:41 11 97.769 97.338
2024_0412_14:43:41 11 -0.518 0.033
2024_0412_14:43:42 11 -0.214 0.073
2024_0412_14:43:44 11 -0.204 -0.081
2024_0412_14:43:45 11 97.7885 97.6965
2024_0412_14:43:49 11 -0.359 0.357
2024_0412_14:43:51 11 0.344 0.2015
2024_0412_14:44:13 11 97.737 97.659
2024_0412_14:44:15 11 97.642 97.645
2024_0412_14:45:52 11 23.257 22.956
2024_0412_14:46:53 11 97.719 97.6625
2024_0412_14:49:25 11 97.85 97.619
2024_0412_14:49:27 11 97.99 97.884
2024_0412_14:49:29 11 0.055 0.223
2024_0412_14:49:30 11 -0.1775 -0.157
2024_0412_14:49:33 11 -0.171 -0.066
2024_0412_14:49:35 11 97.804 97.3675
2024_0412_14:49:35 11 0.235 -0.1165
2024_0412_14:49:36 11 -10.612 65.683
2024_0412_14:49:43 12 0.257 1.147
2024_0412_14:49:43 12 0.445 -0.073
2024_0412_14:49:45 12 97.652 97.559
2024_0412_14:49:45 12 98.023 98.0355
2024_0412_14:50:19 12 0.531 0.2065
2024_0412_14:50:25 12 0.025 -0.3455
2024_0412_14:52:57 12 97.192 98.1945
2024_0412_14:53:45 12 -0.3265 -0.1675
2024_0412_14:55:20 12 -0.1155 0.224
2024_0412_14:55:22 12 -0.104 0.083
2024_0412_14:55:22 12 19.5715 19.5885
2024_0412_14:55:24 12 98.1815 98.1995
2024_0412_14:55:24 12 -0.1975 -0.2085
2024_0412_14:55:27 12 -0.2845 0.2315
2024_0412_14:55:28 12 48.7595 97.823
2024_0412_14:55:29 12 99.998 -99.998
2024_0412_14:55:35 12 -0.1275 0.258
2024_0412_14:55:38 12 97.926 98.0235
2024_0412_14:55:39 12 97.5075 97.6585
2024_0412_14:55:46 12 0.1855 0.2795
2024_0412_14:56:28 12 0.2865 -0.206
2024_0412_14:56:31 12 -0.0075 -0.329
2024_0412_15:00:20 13 97.999 97.957
2024_0412_15:00:37 13 -0.1835 0.0795
2024_0412_15:01:16 13 0.472 -0.043
2024_0412_15:01:18 13 -0.2845 0.1175
2024_0412_15:01:19 13 97.7625 97.662
2024_0412_15:01:20 13 48.8205 97.5685
2024_0412_15:01:20 13 97.974 97.9255
2024_0412_15:01:20 13 99.999 -49.9995
2024_0412_15:01:21 13 97.7445 97.4865
2024_0412_15:01:24 13 98.0025 97.996
2024_0412_15:01:32 13 0.2415 0.1775
2024_0412_15:01:33 13 -0.153 -0.307
2024_0412_15:01:34 13 49.9985 -49.9975
2024_0412_15:01:46 13 97.2335 97.4785
2024_0412_15:02:35 13 10.5505 -10.5635
2024_0412_15:03:28 13 78.3105 78.452
2024_0412_15:06:44 13 97.161 48.457
2024_0412_15:07:06 13 99.998 49.9995
2024_0412_15:07:09 13 98.0185 97.9505
2024_0412_15:07:10 13 -0.0765 -0.0755
2024_0412_15:07:11 13 1.0595 26.6125
2024_0412_15:07:15 13 -1.646 48.77
2024_0412_15:07:15 13 97.3335 97.7535
2024_0412_15:07:16 13 97.219 88.2585
2024_0412_15:07:20 13 50.401 50.5885
2024_0412_15:07:23 13 10.466 -9.9115
2024_0412_15:07:26 13 0.15 0.064
2024_0412_15:07:34 13 78.256 78.234
2024_0412_15:07:39 13 -0.095 0.0185
2024_0412_15:07:40 13 0.1205 -0.16
2024_0412_15:08:44 13 97.422 97.113
2024_0412_15:10:53 13 97.234 97.66
2024_0412_15:12:50 13 -24.9965 24.865
2024_0412_15:12:59 13 -0.055 0.3835
2024_0412_15:13:01 13 0.03 -0.217
2024_0412_15:13:03 14 49.9975 -49.9985
2024_0412_15:13:09 13 49.782 49.8115
2024_0412_15:13:09 14 -0.2725 -0.026
2024_0412_15:13:10 14 99.997 -99.992
2024_0412_15:13:11 14 97.466 97.47
2024_0412_15:13:14 14 -9.9745 10.052
2024_0412_15:13:22 14 -0.634 0.0815
2024_0412_15:13:24 14 0.152 -0.287
2024_0412_15:13:32 14 97.436 48.456
2024_0412_15:13:41 14 78.5625 78.2235
2024_0412_15:14:50 14 0.0575 0.451
2024_0412_15:15:12 14 -13.7395 13.5345
2024_0412_15:18:01 14 97.368 97.199
2024_0412_15:18:50 14 97.617 98.2845
2024_0412_15:18:56 14 -0.1915 -0.033
2024_0412_15:19:00 14 97.7755 97.737
2024_0412_15:19:02 14 97.531 97.671
2024_0412_15:19:02 14 -0.037 -0.0595
2024_0412_15:19:03 14 17.037 16.9375
2024_0412_15:19:05 14 -0.257 0.195
2024_0412_15:19:06 14 97.6425 97.542
2024_0412_15:19:17 14 -0.1585 2.735
2024_0412_15:19:35 14 97.73 97.912
2024_0412_15:19:43 14 97.1215 97.058
2024_0412_15:22:18 14 48.849 48.8675
2024_0412_15:23:27 14 98.0195 97.5465
2024_0412_15:23:58 14 -0.0575 -0.0005
2024_0412_15:24:15 14 -0.4745 0.237
2024_0412_15:24:44 14 97.949 97.829
2024_0412_15:24:52 14 0.255 0.113
2024_0412_15:24:55 15 48.624 48.2945
2024_0412_15:24:57 14 97.464 97.5965
2024_0412_15:24:58 15 -0.3945 -0.2095
2024_0412_15:25:01 15 0.142 -0.0345
2024_0412_15:25:01 15 0.0235 4.5665
2024_0412_15:25:09 14 48.471 29.008
2024_0412_15:25:14 15 -0.3465 -0.072
2024_0412_15:25:34 15 49.9985 -49.9995
2024_0412_15:25:41 15 97.285 97.4045
2024_0412_15:27:33 14 97.6855 97.72
2024_0412_15:29:25 15 50.0 -49.9995
2024_0412_15:30:06 15 -10.0285 10.0435
2024_0412_15:30:07 15 -0.024 0.079
2024_0412_15:30:33 15 -0.0125 0.04
2024_0412_15:30:45 15 -0.1945 -0.009
2024_0412_15:30:51 15 15.6855 49.0605
2024_0412_15:30:53 15 46.024 62.0135
2024_0412_15:30:53 15 0.973 -0.0495
2024_0412_15:30:56 15 -0.0915 -0.766
2024_0412_15:30:58 15 0.6715 0.4935
2024_0412_15:31:15 15 0.2305 -0.1055
2024_0412_15:31:29 15 -0.257 -0.1725
2024_0412_15:31:39 15 97.7745 83.7675
2024_0412_15:32:21 15 0.3195 -0.0685
2024_0412_15:33:53 15 97.2465 97.721
2024_0412_15:35:18 15 -0.121 -0.0335
2024_0412_15:35:22 15 97.819 98.1905
2024_0412_15:36:15 15 -0.176 -0.102
2024_0412_15:36:24 15 97.967 97.617
2024_0412_15:36:36 15 0.228 0.055
2024_0412_15:36:43 15 19.878 19.063
2024_0412_15:36:49 15 84.0195 70.3925
2024_0412_15:36:52 15 1.767 3.772
2024_0412_15:36:52 15 97.711 97.812
2024_0412_15:37:13 15 -0.2055 0.868
2024_0412_15:37:32 15 94.2665 97.8105
2024_0412_15:37:39 15 -0.0815 -0.127
2024_0412_15:39:39 16 1.9415 0.572
2024_0412_15:40:47 16 97.249 97.69
2024_0412_15:41:06 16 89.6165 89.6285
2024_0412_15:41:16 16 17.0555 8.818
2024_0412_15:41:49 16 80.186 93.134
2024_0412_15:41:53 16 -0.195 0.2795
2024_0412_15:42:13 16 97.2945 97.6895
2024_0412_15:42:29 16 96.1515 96.4255
2024_0412_15:42:37 16 93.7765 84.685
2024_0412_15:42:43 16 97.9605 98.0415
2024_0412_15:42:46 16 56.455 -10.785
2024_0412_15:42:47 16 97.3915 97.278
2024_0412_15:43:07 16 0.23 -0.116
2024_0412_15:43:27 16 -0.2485 0.1805
2024_0412_15:43:38 16 96.9675 97.421
2024_0412_15:45:53 16 24.3695 14.8475
2024_0412_15:46:43 16 40.936 43.239
2024_0412_15:47:10 16 -1.994 54.4325
2024_0412_15:47:11 16 10.2985 -9.85
2024_0412_15:48:04 16 0.3935 0.4355
2024_0412_15:48:21 16 97.8935 97.275
2024_0412_15:48:37 16 97.8745 97.919
2024_0412_15:48:40 17 98.4095 -0.399
2024_0412_15:48:41 17 34.6385 0.651
2024_0412_15:48:41 17 7.3505 -7.651
2024_0412_15:48:42 16 98.009 97.79
2024_0412_15:49:03 17 15.8415 16.1905
2024_0412_15:49:22 17 97.5405 97.705
2024_0412_15:49:26 16 95.8895 95.8655
2024_0412_15:49:35 17 16.588 -16.858
2024_0412_15:49:36 16 10.582 6.533
2024_0412_15:52:11 17 60.863 -2.528
2024_0412_15:52:36 17 10.7275 -10.835
2024_0412_15:53:01 17 -0.211 0.1595
2024_0412_15:53:07 17 97.57 97.736
2024_0412_15:54:06 17 78.383 83.942
2024_0412_15:54:19 17 49.0135 97.4945
2024_0412_15:54:31 17 97.697 97.6575
2024_0412_15:54:35 17 -0.297 -0.2325
2024_0412_15:54:38 17 98.08 97.887
2024_0412_15:54:38 17 97.589 97.8555
2024_0412_15:54:51 17 0.156 0.0685
2024_0412_15:55:01 17 0.1905 -0.215
2024_0412_15:55:25 17 44.4345 45.2445
2024_0412_15:55:34 17 -1.5115 0.367
2024_0412_15:56:48 17 97.4005 97.4655
2024_0412_15:57:09 17 -0.199 0.2255
2024_0412_15:58:27 17 97.3765 97.641
2024_0412_15:58:30 17 -0.787 -0.0765
2024_0412_15:58:53 17 -8.766 16.3125
2024_0412_15:59:04 17 96.823 97.989
2024_0412_16:00:02 17 0.0255 0.661
2024_0412_16:00:15 17 98.035 98.522
2024_0412_16:00:25 17 97.921 97.937
2024_0412_16:00:32 18 98.012 98.0045
2024_0412_16:00:33 18 -10.139 10.176
2024_0412_16:00:34 18 0.536 -0.615
2024_0412_16:01:00 18 48.516 98.3325
2024_0412_16:01:05 18 0.753 -1.2205
2024_0412_16:01:24 18 -0.4215 0.233
2024_0412_16:01:31 18 -0.167 4.0045
2024_0412_16:03:52 18 0.779 2.521
2024_0412_16:04:28 18 -5.673 16.5115
2024_0412_16:04:42 18 97.645 97.6455
2024_0412_16:04:47 18 -0.2255 0.72
2024_0412_16:04:57 18 -33.3125 33.354
2024_0412_16:05:09 18 4.721 17.533
2024_0412_16:05:55 18 82.083 11.981
2024_0412_16:06:09 18 9.0435 8.758
2024_0412_16:06:25 18 0.0175 0.0575
2024_0412_16:06:27 18 97.7755 98.1925
2024_0412_16:06:28 18 98.1085 97.4895
2024_0412_16:06:29 18 -0.683 -0.665
2024_0412_16:06:53 18 0.57 0.7075
2024_0412_16:07:19 18 98.018 98.095
2024_0412_16:07:22 18 97.555 97.871
2024_0412_16:07:27 18 23.297 15.1705
2024_0412_16:10:24 18 2.961 0.0455
2024_0412_16:10:42 18 0.194 -0.0045
2024_0412_16:10:55 18 97.586 97.724
2024_0412_16:10:56 18 96.5 97.043
2024_0412_16:10:59 18 97.5605 97.5685
2024_0412_16:11:49 18 -15.394 15.2415
2024_0412_16:12:08 18 -13.7985 83.328
2024_0412_16:12:15 18 99.999 -49.9995
2024_0412_16:12:15 18 0.1485 -0.343
2024_0412_16:12:20 18 27.0595 -26.882
2024_0412_16:12:27 18 98.07 98.0225
2024_0412_16:12:57 19 -0.1535 0.1375
2024_0412_16:13:06 18 97.973 97.955
2024_0412_16:13:18 19 9.6905 -10.018
2024_0412_16:13:22 19 53.8375 70.823
2024_0412_16:13:33 19 32.7 -2.5385
2024_0412_16:16:24 19 59.4905 70.57
2024_0412_16:16:35 19 97.435 48.0035
2024_0412_16:16:51 19 16.6845 -33.3355
2024_0412_16:17:12 19 48.384 5.809
2024_0412_16:17:40 19 -1.1575 1.309
2024_0412_16:17:59 19 99.999 99.999
2024_0412_16:18:07 19 16.2265 -16.742
2024_0412_16:18:16 19 72.738 3.1915
2024_0412_16:18:18 19 -25.001 25.0005
2024_0412_16:18:32 19 -0.055 0.1765
2024_0412_16:18:40 19 -49.999 49.999
2024_0412_16:18:50 19 -23.6875 23.5855
2024_0412_16:19:12 19 97.4505 97.1475
2024_0412_16:19:15 19 0.2985 -0.025
2024_0412_16:19:48 20 -0.6755 0.1835
2024_0412_16:20:58 19 43.966 -43.891
2024_0412_16:22:20 20 97.4285 48.0855
2024_0412_16:22:24 20 -8.415 8.2725
2024_0412_16:22:51 20 0.1125 -0.1115
2024_0412_16:23:31 20 97.648 97.363
2024_0412_16:23:34 20 97.994 97.9545
2024_0412_16:23:51 20 12.581 12.6615
2024_0412_16:24:01 20 97.2635 95.8445
2024_0412_16:24:38 20 22.7635 31.846
2024_0412_16:24:45 20 -0.193 -0.1645
2024_0412_16:25:08 20 97.692 97.74
2024_0412_16:25:10 20 97.938 97.993
2024_0412_16:25:49 20 12.2315 -12.6745
2024_0412_16:26:03 20 -0.726 -0.4795
2024_0412_16:26:20 20 -0.037 0.3215
2024_0412_16:28:00 20 0.3875 -0.1135
2024_0412_16:28:09 20 -0.048 -0.5195
2024_0412_16:28:14 20 0.328 -0.294
2024_0412_16:28:30 20 48.4065 -0.199
2024_0412_16:28:35 14 17.047 17.366
2024_0412_16:29:19 14 -0.3585 0.139
2024_0412_16:29:37 15 97.6845 97.9335
2024_0412_16:29:39 14 48.699 48.8745
2024_0412_16:29:48 15 17.835 15.1055
2024_0412_16:30:22 15 45.3255 11.348
2024_0412_16:30:31 16 17.625 16.8665
2024_0412_16:30:57 20 47.5245 98.7395
2024_0412_16:38:51 20 97.624 97.323
2024_0412_16:44:42 2 97.7025 97.7955
2024_0412_16:44:43 7 97.7705 97.661
2024_0412_16:44:43 7 97.7405 97.561
2024_0412_16:44:43 7 97.57 97.721
2024_0412_16:44:44 7 97.4195 97.594
2024_0412_16:44:45 7 97.6905 97.4775
2024_0412_16:44:45 7 97.673 97.68
2024_0412_16:44:46 2 97.499 97.555
2024_0412_16:44:47 1 97.9455 97.929
2024_0412_16:44:48 7 97.658 97.6625
2024_0412_16:44:51 4 96.0725 97.2575
2024_0412_16:45:03 7 97.8205 97.7015
2024_0412_16:45:04 7 97.7065 97.839
2024_0412_16:46:13 6 98.0255 97.959
2024_0412_16:47:19 3 97.3945 97.647
2024_0412_16:49:06 7 97.728 97.765
2024_0412_16:50:30 8 97.5455 97.7465
2024_0412_16:50:34 9 98.2015 98.268
2024_0412_16:50:34 10 98.0405 97.5475
2024_0412_16:50:37 10 98.132 98.0265
2024_0412_16:50:38 10 97.7195 97.8465
2024_0412_16:50:39 11 97.913 97.988
2024_0412_16:50:39 10 98.0205 97.7735
2024_0412_16:50:40 11 -0.0195 -0.3875
2024_0412_16:50:41 11 0.1805 0.133
2024_0412_16:50:42 10 97.866 97.957
2024_0412_16:51:12 11 97.8615 97.977
2024_0412_16:51:38 11 97.943 97.9275
2024_0412_16:53:21 11 -0.167 -0.1265
2024_0412_16:53:28 11 -99.999 99.998
2024_0412_16:54:22 11 -49.999 49.9995
2024_0412_16:54:56 11 97.5815 97.793
2024_0412_16:56:18 11 -0.2405 0.0685
2024_0412_16:56:21 11 -0.009 -0.2635
2024_0412_16:56:21 11 -49.9995 99.999
2024_0412_16:56:21 11 -0.226 0.054
2024_0412_16:56:26 11 97.8735 98.0445
2024_0412_16:56:26 11 0.05 0.153
2024_0412_16:56:29 11 -0.3945 0.479
2024_0412_16:56:29 11 97.599 97.682
2024_0412_16:56:32 11 97.6255 97.4905
2024_0412_16:56:33 11 97.837 97.7715
2024_0412_16:57:18 11 97.449 97.384
2024_0412_16:57:24 11 0.3765 -0.071
2024_0412_16:59:38 11 98.0255 98.0285
2024_0412_16:59:51 11 -0.1125 0.0535
2024_0412_17:00:38 11 -0.169 -0.23
2024_0412_17:02:04 11 -0.277 -0.075
2024_0412_17:02:07 11 0.079 -0.1965
2024_0412_17:02:08 11 0.0525 -0.324
2024_0412_17:02:09 11 0.1345 -0.0405
2024_0412_17:02:14 11 97.559 97.782
2024_0412_17:02:16 11 -0.2115 -0.0405
2024_0412_17:02:18 11 97.801 97.707
2024_0412_17:02:22 11 0.104 -0.011
2024_0412_17:02:22 11 97.5105 97.4965
2024_0412_17:02:25 11 97.6325 97.6755
2024_0412_17:03:09 11 -0.1715 -0.064
2024_0412_17:03:18 11 50.8015 50.7215
2024_0412_17:03:26 11 97.9525 97.8515
2024_0412_17:05:46 11 -0.2085 -0.043
2024_0412_17:06:21 11 -0.36 0.1205
2024_0412_17:06:49 11 0.002 0.089
2024_0412_17:07:51 11 49.9995 -99.999
2024_0412_17:07:52 11 -0.509 0.141
2024_0412_17:07:56 11 -0.053 0.0205
2024_0412_17:07:56 11 -0.174 -0.122
2024_0412_17:08:02 11 97.625 97.5465
2024_0412_17:08:05 11 0.3445 -0.2475
2024_0412_17:08:08 11 0.5045 0.2565
2024_0412_17:08:13 11 0.302 0.219
2024_0412_17:08:14 11 -0.506 0.198
2024_0412_17:08:17 11 -0.375 -0.005
2024_0412_17:09:07 11 0.1485 -0.1125
2024_0412_17:09:32 11 47.3005 19.0905
2024_0412_17:11:51 11 0.325 -0.3035
2024_0412_17:12:08 11 99.998 99.998
2024_0412_17:12:11 11 97.751 97.734
2024_0412_17:13:36 11 0.198 0.0715
2024_0412_17:13:40 11 97.879 97.627
2024_0412_17:13:41 11 -0.1315 -0.5395
2024_0412_17:13:42 11 -0.2485 0.087
2024_0412_17:13:52 11 97.3945 97.776
2024_0412_17:13:54 11 48.796 -0.37
2024_0412_17:13:59 11 98.0075 97.941
2024_0412_17:13:59 11 97.6555 97.7325
2024_0412_17:14:00 11 -50.0 -99.998
2024_0412_17:14:04 11 -0.132 0.0835
2024_0412_17:14:12 11 0.2555 -0.161
2024_0412_17:14:56 11 97.7395 97.506
2024_0412_17:15:36 11 0.289 -0.2865
2024_0412_17:17:55 11 -49.9995 99.999
2024_0412_17:18:00 11 0.1115 0.0265
2024_0412_17:18:51 11 97.6965 97.595
2024_0412_17:19:23 11 -0.053 -0.2295
2024_0412_17:19:27 11 -0.3785 -0.0265
2024_0412_17:19:27 11 0.064 0.3175
2024_0412_17:19:34 11 0.148 0.2155
2024_0412_17:19:42 11 97.6215 97.739
2024_0412_17:19:45 11 -0.3855 -0.4755
2024_0412_17:19:46 11 -0.068 -0.2995
2024_0412_17:19:47 11 18.448 18.923
2024_0412_17:19:49 11 -99.999 -99.998
2024_0412_17:19:55 11 98.093 97.9425
2024_0412_17:20:43 11 0.2595 0.0485
2024_0412_17:21:40 11 0.073 -0.2785
2024_0412_17:22:50 11 0.3015 0.222
2024_0412_17:23:57 11 96.8865 97.1535
2024_0412_17:24:00 11 0.402 -0.014
2024_0412_17:25:08 11 -0.402 -0.02
2024_0412_17:25:12 11 0.2065 0.3325
2024_0412_17:25:13 11 0.44 -0.0805
2024_0412_17:25:16 11 97.7475 97.666
2024_0412_17:25:18 11 97.888 97.942
2024_0412_17:25:34 11 98.023 98.4935
2024_0412_17:25:37 11 -0.3435 -0.4295
2024_0412_17:25:37 11 97.9215 98.0995
2024_0412_17:25:42 11 97.943 97.996
2024_0412_17:25:45 11 97.9075 97.9695
2024_0412_17:26:29 11 -0.3275 0.3915
2024_0412_17:27:45 11 -0.13 -0.0945
2024_0412_17:29:22 11 97.392 97.451
2024_0412_17:29:47 11 -0.467 0.253
2024_0412_17:29:48 11 97.765 97.6295
2024_0412_17:30:09 11 -0.1785 0.0235
2024_0412_17:30:59 11 97.916 98.0165
2024_0412_17:31:02 11 98.039 97.825
2024_0412_17:31:03 11 0.1085 -0.048
2024_0412_17:31:05 11 97.7505 97.77
2024_0412_17:31:08 11 97.651 97.3175
2024_0412_17:31:21 11 0.1975 0.0975
2024_0412_17:31:23 11 -0.363 -0.0325
2024_0412_17:31:26 11 0.151 -0.292
2024_0412_17:31:29 11 46.868 18.968
2024_0412_17:31:39 11 0.477 -0.1715
2024_0412_17:32:16 11 -99.999 49.9995
2024_0412_17:35:35 11 -99.9995 99.9995
2024_0412_17:35:37 11 0.037 0.222
2024_0412_17:35:54 11 97.941 98.172
2024_0412_17:36:02 11 0.101 -0.032
2024_0412_17:36:50 11 -0.101 -0.497
2024_0412_17:36:55 11 97.6375 97.484
2024_0412_17:36:56 11 -0.1 0.21
2024_0412_17:36:57 11 3.4495 3.224
2024_0412_17:36:58 11 0.262 0.261
2024_0412_17:37:06 11 0.084 0.1725
2024_0412_17:37:06 11 99.999 -49.9995
2024_0412_17:37:09 11 -0.174 -0.058
2024_0412_17:37:12 11 49.999 -99.997
2024_0412_17:37:22 11 97.491 97.4695
2024_0412_17:37:30 11 0.376 -0.17
2024_0412_17:38:03 11 0.3195 -0.2255
2024_0412_17:41:23 11 0.0865 0.146
2024_0412_17:41:43 11 0.083 0.25
2024_0412_17:41:58 11 -0.3085 -0.1265
2024_0412_17:42:39 11 97.649 97.714
2024_0412_17:42:42 11 0.1105 -0.1315
2024_0412_17:42:43 11 -0.141 0.2745
2024_0412_17:42:46 11 1.3125 -0.1495
2024_0412_17:42:47 11 0.034 0.262
2024_0412_17:42:57 12 97.5535 97.439
2024_0412_17:42:59 12 97.933 98.0725
2024_0412_17:43:03 12 18.257 17.915
2024_0412_17:43:20 12 97.9325 98.0465
2024_0412_17:43:24 12 98.161 97.7915
2024_0412_17:43:48 12 0.3565 -0.0205
2024_0412_17:44:01 11 0.066 0.0055
2024_0412_17:45:41 11 0.306 -0.1665
2024_0412_17:47:09 12 99.999 99.998
2024_0412_17:47:46 12 99.999 99.999
2024_0412_17:48:02 12 -99.999 49.9995
2024_0412_17:48:30 12 -0.1055 0.9345
2024_0412_17:48:33 12 97.6655 97.6055
2024_0412_17:48:34 12 -0.284 -0.1365
2024_0412_17:48:36 12 97.413 97.742
2024_0412_17:48:37 12 98.192 98.275
2024_0412_17:48:46 12 62.5665 -0.455
2024_0412_17:48:46 12 -2.027 48.829
2024_0412_17:48:52 12 18.854 9.4895
2024_0412_17:49:10 12 -99.998 100.0
2024_0412_17:49:13 12 0.398 -0.265
2024_0412_17:49:39 12 97.6285 97.6425
2024_0412_17:50:37 12 0.249 -0.203
2024_0412_17:53:02 12 97.5695 97.72
2024_0412_17:53:24 12 48.656 97.6675
2024_0412_17:53:51 12 97.9465 97.887
2024_0412_17:54:07 12 -0.117 0.093
2024_0412_17:54:21 12 -0.0795 0.167
2024_0412_17:54:22 12 0.4385 0.12
2024_0412_17:54:27 12 0.5325 -0.0015
2024_0412_17:54:37 12 97.779 97.7785
2024_0412_17:54:43 12 97.412 97.3835
2024_0412_17:54:43 12 0.1205 0.0285
2024_0412_17:54:44 12 98.106 98.233
2024_0412_17:55:05 12 0.181 -0.041
2024_0412_17:55:31 12 0.106 0.1275
2024_0412_17:55:56 12 98.3025 98.307
2024_0412_17:56:28 12 0.302 -0.1955
2024_0412_17:57:00 12 0.289 -0.1425
2024_0412_17:58:51 12 -0.193 15.0405
2024_0412_17:59:15 12 97.7495 97.4815
2024_0412_17:59:57 12 2.06 0.205
2024_0412_18:00:10 12 0.2205 0.1405
2024_0412_18:00:13 12 78.214 78.4275
2024_0412_18:00:17 12 -0.083 0.362
2024_0412_18:00:19 12 98.318 97.6375
2024_0412_18:00:28 12 48.664 97.712
2024_0412_18:00:29 12 0.1685 0.2375
2024_0412_18:00:34 12 97.767 97.1665
2024_0412_18:00:36 12 97.678 97.558
2024_0412_18:00:59 12 98.4005 98.772
2024_0412_18:01:19 12 0.0885 -0.317
2024_0412_18:02:25 12 78.285 78.5765
2024_0412_18:04:21 12 97.4845 97.652
2024_0412_18:04:44 12 97.8255 49.4085
2024_0412_18:05:08 12 98.0445 97.9925
2024_0412_18:05:35 12 97.863 98.013
2024_0412_18:06:00 12 -0.8745 73.659
2024_0412_18:06:03 12 0.054 -0.187
2024_0412_18:06:04 12 48.7105 48.874
2024_0412_18:06:07 12 0.2215 -0.2315
2024_0412_18:06:11 12 -0.101 -0.0065
2024_0412_18:06:20 12 -0.0465 -0.1515
2024_0412_18:06:24 12 97.4535 97.767
2024_0412_18:06:30 12 97.789 97.7575
2024_0412_18:06:31 12 97.554 97.6545
2024_0412_18:06:51 12 0.067 0.2565
2024_0412_18:07:09 12 97.5215 95.8645
2024_0412_18:08:18 12 0.0275 -0.168
2024_0412_18:10:33 12 -0.3305 0.285
2024_0412_18:11:00 12 97.975 97.9775
2024_0412_18:11:44 12 0.199 0.1175
2024_0412_18:11:55 12 97.709 97.8685
2024_0412_18:11:55 12 -0.3625 -0.0165
2024_0412_18:12:00 12 97.6965 97.2325
2024_0412_18:12:08 12 -0.115 -0.097
2024_0412_18:12:10 12 1.052 0.655
2024_0412_18:12:14 12 0.0595 -0.1835
2024_0412_18:12:24 12 97.9205 98.0795
2024_0412_18:12:41 12 97.52 97.6
2024_0412_18:12:43 12 -0.1455 -0.1285
2024_0412_18:13:01 12 97.6505 98.034
2024_0412_18:13:10 12 97.928 98.062
2024_0412_18:13:31 12 25.0275 23.815
2024_0412_18:14:10 12 97.7635 97.826
2024_0412_18:16:19 12 0.1345 -0.1825
2024_0412_18:16:47 12 49.999 49.999
2024_0412_18:17:32 12 -0.2105 0.027
2024_0412_18:17:44 12 98.022 97.977
2024_0412_18:17:46 12 97.698 97.436
2024_0412_18:17:50 12 -0.122 -0.071
2024_0412_18:17:53 12 -99.997 -99.9995
2024_0412_18:18:04 12 97.783 97.574
2024_0412_18:18:18 12 97.459 97.668
2024_0412_18:18:19 12 97.745 96.679
2024_0412_18:18:42 12 98.002 97.914
2024_0412_18:18:49 12 -49.999 -99.998
2024_0412_18:18:56 12 97.359 97.2905
2024_0412_18:20:03 12 97.5065 98.7305
2024_0412_18:21:23 12 98.264 98.3235
2024_0412_18:21:52 12 97.87 98.1095
2024_0412_18:22:07 12 97.6665 97.576
2024_0412_18:22:41 12 -42.3795 50.125
2024_0412_18:23:21 12 -55.113 59.839
2024_0412_18:23:37 12 34.8805 -34.524
2024_0412_18:23:38 12 97.4535 97.7425
2024_0412_18:23:42 12 97.984 98.007
2024_0412_18:23:45 12 51.0875 51.278
2024_0412_18:23:55 12 73.4605 90.016
2024_0412_18:24:04 12 0.2665 0.0655
2024_0412_18:24:25 12 0.0305 -0.2015
2024_0412_18:24:37 12 98.066 98.0065
2024_0412_18:24:48 13 98.0305 98.0375
2024_0412_18:25:00 13 -1.6655 2.0965
2024_0412_18:25:58 13 10.356 -10.2785
2024_0412_18:27:50 13 -0.072 -0.0705
2024_0412_18:28:22 13 0.49 -0.4985
2024_0412_18:28:34 13 -4.303 45.7275
2024_0412_18:29:08 13 10.3465 -10.056
2024_0412_18:29:19 13 0.2575 -0.0055
2024_0412_18:29:25 13 0.3205 -0.2835
2024_0412_18:29:26 13 97.7915 97.7205
2024_0412_18:29:36 13 97.589 97.5935
2024_0412_18:29:47 13 97.4365 98.02
2024_0412_18:30:00 13 98.01 97.9765
2024_0412_18:30:25 13 0.189 0.137
2024_0412_18:30:32 13 -0.215 0.249
2024_0412_18:30:35 13 18.0565 18.0105
2024_0412_18:31:10 13 -50.157 49.958
2024_0412_18:31:52 13 48.6145 48.769
2024_0412_18:32:32 13 98.836 23.2625
2024_0412_18:33:41 13 0.108 -0.222
2024_0412_18:34:15 13 48.7115 48.736
2024_0412_18:35:03 13 -11.653 11.839
2024_0412_18:35:15 13 0.234 1.545
2024_0412_18:35:29 13 97.5775 97.5985
2024_0412_18:35:29 13 2.88 0.869
2024_0412_18:35:33 13 23.6785 73.7145
2024_0412_18:36:00 13 -0.1685 0.221
2024_0412_18:36:07 13 0.2245 -0.068
2024_0412_18:36:17 13 0.189 0.0445
2024_0412_18:36:17 13 -99.999 -99.999
2024_0412_18:36:25 13 48.728 48.8395
2024_0412_18:36:42 13 0.4225 -0.342
2024_0412_18:37:22 13 -0.2505 0.166
2024_0412_18:37:48 13 0.318 0.661
2024_0412_18:38:30 13 78.2065 77.8995
2024_0412_18:39:35 13 -0.798 97.4745
2024_0412_18:40:04 13 -0.492 0.119
2024_0412_18:40:52 13 0.152 -0.0345
2024_0412_18:41:08 13 -0.0545 0.217
2024_0412_18:41:24 13 17.648 17.994
2024_0412_18:41:25 13 97.788 97.5445
2024_0412_18:41:48 13 -0.262 -0.0305
2024_0412_18:42:11 13 98.27 98.3165
2024_0412_18:42:13 13 -99.997 49.9985
2024_0412_18:42:27 13 -0.536 -0.0325
2024_0412_18:42:52 13 97.343 97.173
2024_0412_18:43:32 13 16.517 -0.3485
2024_0412_18:43:37 13 -0.15 -0.11
2024_0412_18:43:56 13 98.1285 98.1895
2024_0412_18:44:21 13 -1.5555 49.259
2024_0412_18:44:38 13 97.6615 97.609
2024_0412_18:45:20 13 -0.07 -0.0885
2024_0412_18:45:51 13 0.445 -0.22
2024_0412_18:46:41 13 72.5175 73.569
2024_0412_18:46:54 13 -8.285 8.1635
2024_0412_18:47:12 13 0.543 0.072
2024_0412_18:47:18 13 97.5525 97.8575
2024_0412_18:47:39 13 0.703 -0.3935
2024_0412_18:48:00 13 48.4645 48.7135
2024_0412_18:48:02 13 -49.9995 99.999
2024_0412_18:48:15 13 2.4335 -1.236
2024_0412_18:49:01 13 97.891 97.9695
2024_0412_18:49:34 13 97.8045 97.666
2024_0412_18:49:45 13 48.2515 -43.3575
2024_0412_18:50:10 13 0.233 0.4665
2024_0412_18:51:11 13 -3.234 48.6815
2024_0412_18:51:37 13 0.1365 0.15
2024_0412_18:52:11 13 -0.0885 -0.3065
2024_0412_18:52:34 13 -10.2125 9.6705
2024_0412_18:52:41 13 1.251 1.2425
2024_0412_18:53:02 13 0.02 0.234
2024_0412_18:53:10 13 97.756 98.114
2024_0412_18:53:16 13 -99.9995 -99.998
2024_0412_18:53:27 13 0.0865 -0.0165
2024_0412_18:53:50 13 -10.3945 10.1805
2024_0412_18:53:54 13 0.1595 -0.033
2024_0412_18:54:01 13 -0.168 0.0525
2024_0412_18:55:09 13 97.564 97.6965
2024_0412_18:55:25 13 50.0 -99.999
2024_0412_18:55:54 13 33.1665 34.959
2024_0412_18:55:59 13 97.2235 97.6045
2024_0412_18:57:00 13 97.9955 97.5375
2024_0412_18:57:22 13 98.0275 98.061
2024_0412_18:58:27 13 98.038 97.924
2024_0412_18:58:29 13 0.557 -0.218
2024_0412_18:58:55 13 -0.3955 48.958
2024_0412_18:58:58 13 0.061 -0.0465
2024_0412_18:59:20 13 0.0085 0.58
2024_0412_18:59:40 13 97.8145 97.283
2024_0412_18:59:43 13 0.03 0.2335
2024_0412_18:59:53 13 97.6655 97.416
2024_0412_19:01:02 13 0.188 -0.2835
2024_0412_19:01:16 13 0.118 -0.3135
2024_0412_19:01:16 13 0.2825 0.229
2024_0412_19:01:20 13 -3.1465 34.135
2024_0412_19:01:46 13 49.9995 -49.9995
2024_0412_19:02:05 13 -0.1875 -0.741
2024_0412_19:02:51 13 0.107 -0.6955
2024_0412_19:03:11 13 0.001 0.6235
2024_0412_19:04:16 13 0.0825 -0.2
2024_0412_19:04:20 13 96.8225 97.741
2024_0412_19:04:44 13 98.2215 98.168
2024_0412_19:05:11 13 3.2965 2.225
2024_0412_19:05:32 13 0.129 -0.0605
2024_0412_19:07:25 13 30.056 32.0555
2024_0412_19:07:37 13 98.6985 48.589
2024_0412_19:08:16 13 -1.086 49.331
2024_0412_19:08:29 13 49.4125 97.7525
2024_0412_19:08:42 13 53.395 18.734
2024_0412_19:08:47 13 48.396 48.584
2024_0412_19:09:01 13 97.835 97.8925
2024_0412_19:09:15 13 4.281 36.5025
2024_0412_19:09:20 13 0.39 -0.368
2024_0412_19:10:11 13 97.9495 98.076
2024_0412_19:10:12 13 97.654 97.5505
2024_0412_19:10:23 13 96.7725 97.7935
2024_0412_19:11:01 13 12.643 25.7345
2024_0412_19:11:22 13 0.345 -0.025
2024_0412_19:11:54 13 97.6325 97.594
2024_0412_19:13:26 13 0.328 -0.6125
2024_0412_19:13:33 13 48.828 48.7465
2024_0412_19:14:22 13 0.1345 -0.236
2024_0412_19:14:31 13 -0.022 -0.0535
2024_0412_19:14:33 13 98.474 97.9865
2024_0412_19:14:43 13 97.6115 96.8875
2024_0412_19:14:52 13 0.313 -0.1985
2024_0412_19:15:04 13 0.1645 0.168
2024_0412_19:15:11 13 0.121 0.168
2024_0412_19:15:34 13 -0.107 -0.52
2024_0412_19:16:01 13 -0.3025 -0.1885
2024_0412_19:16:02 13 -0.06 -0.0645
2024_0412_19:16:58 13 0.1755 -0.207
2024_0412_19:17:15 13 -0.1025 -0.061
2024_0412_19:17:57 13 97.8725 49.243
2024_0412_19:19:18 13 0.4335 -0.2255
2024_0412_19:19:42 13 -2.8955 49.113
2024_0412_19:19:44 13 0.204 -0.078
2024_0412_19:20:18 13 -0.097 -0.4125
2024_0412_19:20:28 13 97.7455 97.744
2024_0412_19:20:41 13 96.985 94.957
2024_0412_19:20:45 13 -0.099 -0.0735
2024_0412_19:20:58 13 96.1765 97.6375
2024_0412_19:21:02 13 -0.074 0.1075
2024_0412_19:21:06 13 -0.4145 -0.018
2024_0412_19:21:53 13 52.5645 -52.558
2024_0412_19:21:55 13 97.8945 97.9535
2024_0412_19:21:59 13 -0.238 -0.041
2024_0412_19:22:55 13 95.0935 89.891
2024_0412_19:23:09 13 8.403 29.426
2024_0412_19:23:48 13 97.5345 97.4885
2024_0412_19:25:08 13 0.0105 0.1305
2024_0412_19:25:54 13 98.467 97.9825
2024_0412_19:26:09 13 97.914 96.599
2024_0412_19:26:18 13 -1.1325 1.868
2024_0412_19:26:29 13 -0.185 -0.2495
2024_0412_19:26:30 13 -33.3695 33.309
2024_0412_19:26:39 13 97.9385 97.8955
2024_0412_19:26:47 13 0.0925 -0.048
2024_0412_19:26:59 13 0.1985 47.83
2024_0412_19:27:44 13 48.663 48.7945
2024_0412_19:27:48 13 97.9595 97.795
2024_0412_19:28:11 13 77.741 78.1845
2024_0412_19:28:50 13 15.0845 15.044
2024_0412_19:29:05 13 97.7165 98.0705
2024_0412_19:29:38 13 18.447 17.6495
2024_0412_19:30:34 13 -3.0215 -1.5665
2024_0412_19:31:01 13 -0.0845 0.133
2024_0412_19:32:00 13 -0.0205 -0.0985
2024_0412_19:32:10 13 97.815 97.7715
2024_0412_19:32:13 13 0.186 -0.229
2024_0412_19:32:22 13 15.094 32.498
2024_0412_19:32:34 13 98.5115 97.9625
2024_0412_19:32:41 13 97.924 97.788
2024_0412_19:32:53 13 19.91 -20.1795
2024_0412_19:33:37 14 97.578 97.5125
2024_0412_19:33:39 14 -0.025 0.3965
2024_0412_19:33:39 13 22.5895 22.2
2024_0412_19:34:22 14 97.092 97.1135
2024_0412_19:34:45 14 0.0885 -0.0875
2024_0412_19:34:59 14 0.0075 0.179
2024_0412_19:35:31 14 -11.9665 13.3295
2024_0412_19:37:19 14 98.019 97.955
2024_0412_19:37:53 14 -0.346 -0.164
2024_0412_19:38:09 14 97.679 97.716
2024_0412_19:38:13 14 -0.066 -0.0085
2024_0412_19:38:28 14 0.208 -0.037
2024_0412_19:38:40 14 -0.117 -0.2285
2024_0412_19:39:03 14 15.918 24.3815
2024_0412_19:39:25 14 -0.031 0.2015
2024_0412_19:39:35 14 -0.201 -0.069
2024_0412_19:39:51 14 26.2665 65.5205
2024_0412_19:39:53 14 97.821 97.5745
2024_0412_19:39:58 14 99.998 -49.999
2024_0412_19:40:21 14 96.9365 97.1735
2024_0412_19:40:44 14 97.648 47.947
2024_0412_19:40:56 14 98.028 98.003
2024_0412_19:41:21 14 -0.3465 1.245
2024_0412_19:43:45 14 0.0005 0.1425
2024_0412_19:43:59 14 0.6995 -0.2245
2024_0412_19:44:07 14 2.2825 1.4725
2024_0412_19:44:09 14 97.792 91.202
2024_0412_19:44:16 14 -49.999 99.998
2024_0412_19:44:38 14 0.3535 -0.3465
2024_0412_19:44:59 14 18.443 17.5395
2024_0412_19:45:19 14 97.5795 97.7015
2024_0412_19:45:28 14 -0.427 47.9135
2024_0412_19:46:00 14 0.2595 0.0565
2024_0412_19:46:18 14 97.9725 98.114
2024_0412_19:46:21 14 68.1785 88.103
2024_0412_19:46:36 14 0.0025 -0.001
2024_0412_19:46:45 14 8.3465 -7.967
2024_0412_19:47:10 14 -0.1515 -0.2375
2024_0412_19:49:10 14 0.375 -0.267
2024_0412_19:49:38 14 97.5105 48.275
2024_0412_19:49:57 14 -0.112 -0.008
2024_0412_19:50:00 14 11.897 11.944
2024_0412_19:50:11 14 9.838 -9.7875
2024_0412_19:50:11 14 97.116 97.134
2024_0412_19:50:27 14 -0.393 0.3835
2024_0412_19:50:57 14 97.965 97.865
2024_0412_19:51:06 14 -0.0695 0.1785
2024_0412_19:51:22 14 10.8735 73.268
2024_0412_19:52:06 14 -0.336 -0.104
2024_0412_19:52:06 14 -49.9995 -49.999
2024_0412_19:52:30 14 95.1315 97.7155
2024_0412_19:52:33 14 -16.517 16.8105
2024_0412_19:52:58 14 -0.017 0.0965
2024_0412_19:55:15 14 97.971 97.929
2024_0412_19:55:33 14 -9.9965 9.9135
2024_0412_19:55:55 14 98.2375 97.283
2024_0412_19:55:57 14 97.5845 97.5855
2024_0412_19:56:09 14 -9.992 9.773
2024_0412_19:56:09 14 97.9155 97.988
2024_0412_19:56:22 14 98.042 37.7285
2024_0412_19:56:24 14 97.683 98.4755
2024_0412_19:56:53 14 42.985 43.0475
2024_0412_19:57:05 14 97.7715 97.7495
2024_0412_19:57:20 14 97.6725 97.601
2024_0412_19:58:11 14 96.563 51.541
2024_0412_19:58:20 14 -1.573 -0.909
2024_0412_19:58:29 14 -0.254 0.0675
2024_0412_19:58:29 14 0.273 -0.2405
2024_0412_19:58:57 14 9.544 18.7725
2024_0412_20:01:29 14 0.05 -0.0045
2024_0412_20:01:49 14 0.269 -0.0425
2024_0412_20:01:55 14 48.586 97.6935
2024_0412_20:02:11 14 0.118 -0.457
2024_0412_20:02:16 14 -2.1375 1.425
2024_0412_20:02:20 14 48.903 57.7285
2024_0412_20:02:50 14 -3.3665 3.669
2024_0412_20:02:58 14 11.1565 11.718
2024_0412_20:03:15 14 0.953 15.899
2024_0412_20:03:18 14 97.5915 97.6625
2024_0412_20:04:12 14 97.8265 97.954
2024_0412_20:04:21 14 -20.297 19.705
2024_0412_20:04:27 14 0.5385 0.3315
2024_0412_20:04:27 14 -0.0945 0.076
2024_0412_20:04:40 14 97.3585 97.8545
2024_0412_20:04:55 14 97.612 97.7215
2024_0412_20:07:22 14 97.949 97.8255
2024_0412_20:07:42 14 -0.3125 -0.09
2024_0412_20:07:48 14 99.999 -49.9995
2024_0412_20:08:01 14 -0.1805 -0.1245
2024_0412_20:08:11 14 0.226 -0.276
2024_0412_20:08:49 14 97.379 97.3335
2024_0412_20:09:07 14 -0.0925 -0.329
2024_0412_20:09:13 14 -12.5045 29.7385
2024_0412_20:09:21 14 -0.281 -0.1625
2024_0412_20:10:14 14 98.017 97.979
2024_0412_20:10:16 14 97.893 97.8945
2024_0412_20:10:24 14 0.004 0.356
2024_0412_20:10:52 14 23.649 47.511
2024_0412_20:11:05 14 0.2965 -0.2985
2024_0412_20:12:15 14 45.1085 97.8645
2024_0412_20:12:37 14 0.2975 2.128
2024_0412_20:13:21 14 97.5435 97.769
2024_0412_20:13:42 14 48.0085 3.7305
2024_0412_20:13:49 14 62.1605 44.4955
2024_0412_20:13:56 14 -23.1445 22.926
2024_0412_20:14:05 14 -0.048 1.523
2024_0412_20:14:47 14 0.1375 -0.185
2024_0412_20:15:08 14 -0.016 96.573
2024_0412_20:15:33 14 96.964 97.2355
2024_0412_20:16:08 14 97.6725 97.3995
2024_0412_20:16:10 14 48.6855 3.841
2024_0412_20:16:11 14 -0.1575 0.309
2024_0412_20:16:22 14 0.031 0.1245
2024_0412_20:16:48 14 59.948 -60.081
2024_0412_20:18:10 14 0.0275 0.3435
2024_0412_20:18:47 14 78.2195 78.094
2024_0412_20:19:20 14 1.0815 73.425
2024_0412_20:19:37 14 97.119 97.7085
2024_0412_20:19:56 14 98.3605 26.9875
2024_0412_20:20:00 14 0.206 0.3095
2024_0412_20:20:35 14 97.826 48.3415
2024_0412_20:20:45 14 0.2955 0.1685
2024_0412_20:21:06 14 0.06 -0.128
2024_0412_20:21:46 14 97.454 97.523
2024_0412_20:22:04 14 0.1465 -0.142
2024_0412_20:22:07 14 97.5135 97.5435
2024_0412_20:22:08 14 9.596 18.84
2024_0412_20:22:16 14 -0.381 -0.2985
2024_0412_20:22:49 14 50.3035 97.9955
2024_0412_20:23:01 14 0.0685 0.278
2024_0412_20:24:04 14 -0.8285 15.381
2024_0412_20:25:02 14 97.318 49.1875
2024_0412_20:25:17 14 97.434 97.1995
2024_0412_20:25:34 14 6.7195 -32.936
2024_0412_20:25:54 14 97.865 97.9525
2024_0412_20:25:55 14 98.0245 97.8885
2024_0412_20:26:44 14 98.315 98.0315
2024_0412_20:27:01 14 0.0545 -0.4745
2024_0412_20:27:58 14 -35.552 35.654
2024_0412_20:27:58 14 -1.577 50.1895
2024_0412_20:28:04 14 0.2355 0.1945
2024_0412_20:28:06 14 32.1795 48.9265
2024_0412_20:28:08 14 97.5115 97.0875
2024_0412_20:28:44 14 0.5715 0.213
2024_0412_20:30:07 14 49.0415 48.863
2024_0412_20:30:14 14 51.017 51.4425
2024_0412_20:30:35 14 97.2945 97.2345
2024_0412_20:31:12 14 97.5995 97.398
2024_0412_20:31:14 14 0.2065 -0.078
2024_0412_20:31:27 14 97.504 97.165
2024_0412_20:31:49 14 97.7235 97.2875
2024_0412_20:31:51 14 48.934 -0.6755
2024_0412_20:32:38 14 -33.4055 33.389
2024_0412_20:33:00 14 -0.2165 0.2075
2024_0412_20:33:52 14 26.245 -0.847
2024_0412_20:34:01 14 99.999 49.9995
2024_0412_20:34:02 14 97.655 97.78
2024_0412_20:34:03 14 73.1745 -3.75
2024_0412_20:34:42 14 -0.245 0.037
2024_0412_20:36:01 14 4.5485 44.4635
2024_0412_20:36:24 14 -8.6605 8.716
2024_0412_20:36:55 14 97.4705 97.832
2024_0412_20:37:05 14 -0.111 0.043
2024_0412_20:37:25 14 97.4095 97.5255
2024_0412_20:37:42 14 0.155 0.118
2024_0412_20:37:47 14 97.721 97.3035
2024_0412_20:38:34 14 0.04 0.2755
2024_0412_20:38:39 14 97.9205 97.7595
2024_0412_20:38:55 14 -0.0495 0.264
2024_0412_20:39:45 14 0.535 -0.18
2024_0412_20:39:53 14 97.4905 97.87
2024_0412_20:39:59 14 98.1845 97.7695
2024_0412_20:40:01 14 0.0995 -0.005
2024_0412_20:40:17 14 -9.4955 10.059
2024_0412_20:40:42 15 29.993 30.56
2024_0412_20:42:00 15 0.4885 2.4875
2024_0412_20:43:08 15 97.3935 97.804
2024_0412_20:43:10 15 97.47 97.5325
2024_0412_20:43:22 15 32.2205 1.3685
2024_0412_20:43:37 15 -0.522 0.1855
2024_0412_20:44:05 15 96.9795 97.6205
2024_0412_20:44:48 15 0.209 -0.0005
2024_0412_20:45:31 15 9.7085 -9.9895
2024_0412_20:45:42 15 88.0695 88.204
2024_0412_20:45:49 15 -0.2385 0.215
2024_0412_20:45:56 15 97.0765 97.4125
2024_0412_20:45:59 15 97.3275 73.1245
2024_0412_20:46:07 15 0.086 0.062
2024_0412_20:46:41 15 19.42 19.935
2024_0412_20:47:58 15 49.4445 -17.5715
2024_0412_20:48:20 15 22.9105 98.653
2024_0412_20:49:07 15 12.604 -12.349
2024_0412_20:49:23 15 32.784 -17.9975
2024_0412_20:49:27 15 0.25 -17.849
2024_0412_20:49:38 15 97.7425 97.7305
2024_0412_20:50:15 15 -0.2155 0.4515
2024_0412_20:50:21 15 97.7565 97.2495
2024_0412_20:50:50 15 0.2385 -0.1665
2024_0412_20:51:25 15 -0.5425 0.4005
2024_0412_20:51:42 15 95.8745 48.937
2024_0412_20:51:53 15 97.998 98.0515
2024_0412_20:51:59 15 3.7665 -3.192
2024_0412_20:51:59 15 87.752 59.056
2024_0412_20:52:48 15 97.572 97.379
2024_0412_20:53:17 15 98.356 48.566
2024_0412_20:54:02 15 97.9945 98.0155
2024_0412_20:54:26 15 -0.4785 0.135
2024_0412_20:55:06 15 8.3 -8.404
2024_0412_20:55:25 15 48.5535 97.2805
2024_0412_20:55:36 15 -8.1405 7.9365
2024_0412_20:56:33 15 -0.1895 0.261
2024_0412_20:56:48 15 -0.06 0.045
2024_0412_20:57:20 15 96.2675 98.5635
2024_0412_20:57:46 15 97.6235 97.39
2024_0412_20:57:55 15 97.8315 97.8335
2024_0412_20:58:01 15 96.15 97.239
2024_0412_20:58:05 15 97.535 97.4565
2024_0412_20:58:53 15 97.998 98.5225
2024_0412_20:59:56 15 98.5455 98.148
2024_0412_20:59:57 15 10.889 -3.3645
2024_0412_21:00:05 15 97.9055 98.004
2024_0412_21:00:23 15 0.1 0.319
2024_0412_21:00:51 15 97.7515 97.714
2024_0412_21:01:12 15 -0.153 3.2325
2024_0412_21:01:23 15 37.823 37.7795
2024_0412_21:01:39 15 -4.557 4.349
2024_0412_21:02:48 15 18.3485 18.38
2024_0412_21:02:50 15 77.9995 77.761
2024_0412_21:03:25 15 2.6075 -1.7755
2024_0412_21:03:49 15 -0.245 -0.123
2024_0412_21:03:58 15 97.4435 48.7215
2024_0412_21:04:10 15 97.6255 97.5215
2024_0412_21:04:11 15 9.261 2.204
2024_0412_21:05:00 15 49.485 49.4015
2024_0412_21:06:06 15 -0.318 48.87
2024_0412_21:06:16 15 0.1975 -0.3695
2024_0412_21:06:40 15 98.2145 98.445
2024_0412_21:07:13 15 -9.89 10.6105
2024_0412_21:07:28 15 97.4345 49.0725
2024_0412_21:07:41 15 -0.0855 0.22
2024_0412_21:08:49 15 24.126 23.139
2024_0412_21:09:01 15 0.1345 0.2705
2024_0412_21:09:24 15 49.999 -99.999
2024_0412_21:09:53 15 97.572 97.614
2024_0412_21:09:58 15 0.3715 0.0985
2024_0412_21:10:14 15 -99.995 99.9985
2024_0412_21:10:22 15 15.6185 15.9335
2024_0412_21:11:03 15 -0.2545 -0.7205
2024_0412_21:11:27 15 -0.0025 0.0055
2024_0412_21:12:18 15 -0.067 0.9695
2024_0412_21:12:21 15 -1.0295 49.747
2024_0412_21:12:47 15 97.165 97.6375
2024_0412_21:13:12 15 97.6255 97.793
2024_0412_21:13:31 15 40.074 23.4815
2024_0412_21:13:46 15 48.443 98.5405
2024_0412_21:14:51 15 48.9515 48.924
2024_0412_21:15:17 15 98.011 97.903
2024_0412_21:15:26 15 0.0705 -0.181
2024_0412_21:15:26 15 0.275 -0.24
2024_0412_21:15:56 15 97.6885 97.715
2024_0412_21:15:59 15 -10.231 9.238
2024_0412_21:16:17 15 -49.999 99.9985
2024_0412_21:17:07 15 -0.0235 -0.269
2024_0412_21:18:23 15 -12.63 48.4945
2024_0412_21:18:30 15 97.529 48.583
2024_0412_21:18:42 15 0.1725 0.298
2024_0412_21:18:56 15 0.089 0.103
2024_0412_21:19:10 15 98.237 98.2205
2024_0412_21:19:30 15 -0.521 0.9125
2024_0412_21:19:48 15 12.167 -12.0245
2024_0412_21:20:10 15 97.937 92.6355
2024_0412_21:20:49 15 0.591 0.2245
2024_0412_21:21:24 15 0.021 0.374
2024_0412_21:21:25 15 97.6685 97.386
2024_0412_21:21:31 15 98.037 97.414
2024_0412_21:21:56 15 0.392 0.3255
2024_0412_21:21:59 15 -0.29 47.7175
2024_0412_21:22:22 15 -0.2095 -0.0995
2024_0412_21:23:10 15 78.245 78.238
2024_0412_21:24:19 15 -14.9795 65.6485
2024_0412_21:24:56 15 49.999 99.999
2024_0412_21:25:05 15 55.76 56.5105
2024_0412_21:25:19 15 1.898 1.611
2024_0412_21:25:23 15 48.6695 97.61
2024_0412_21:25:47 15 88.9245 88.706
2024_0412_21:25:49 15 48.841 48.8465
2024_0412_21:26:45 15 99.997 -99.999
2024_0412_21:27:23 15 -0.007 0.4095
2024_0412_21:27:28 15 99.3895 -30.985
2024_0412_21:27:50 15 -0.0055 0.0615
2024_0412_21:27:56 15 -0.049 0.2785
2024_0412_21:28:02 15 97.54 97.5335
2024_0412_21:28:26 15 97.376 96.7845
2024_0412_21:29:07 15 1.5835 2.0455
2024_0412_21:29:54 15 -0.206 0.287
2024_0412_21:30:21 15 97.4935 97.6405
2024_0412_21:31:06 15 28.7945 49.9295
2024_0412_21:31:36 15 97.582 96.7305
2024_0412_21:31:45 15 -0.1565 -0.0875
2024_0412_21:31:50 15 2.9095 2.5345
2024_0412_21:32:39 15 84.018 88.0105
2024_0412_21:32:45 15 5.7175 -5.3695
2024_0412_21:33:21 15 0.0045 0.005
2024_0412_21:33:31 15 33.271 -33.3055
2024_0412_21:33:53 15 -16.6585 16.57
2024_0412_21:34:03 15 27.398 -27.267
2024_0412_21:34:03 15 97.5575 97.2545
2024_0412_21:34:24 15 6.46 -6.446
2024_0412_21:34:49 15 97.863 97.3555
2024_0412_21:35:06 15 98.151 97.7385
2024_0412_21:36:16 15 -10.54 9.9455
2024_0412_21:37:15 15 0.5085 -0.363
2024_0412_21:37:42 15 -0.2035 0.105
2024_0412_21:37:46 15 -0.439 0.125
2024_0412_21:37:48 15 97.6205 97.7045
2024_0412_21:38:41 15 -0.1415 0.0865
2024_0412_21:39:19 15 44.041 97.618
2024_0412_21:39:43 15 -0.109 -0.2345
2024_0412_21:39:43 15 -10.049 10.3655
2024_0412_21:39:55 15 97.764 97.335
2024_0412_21:40:01 15 48.432 -0.3525
2024_0412_21:40:24 15 97.6525 97.267
2024_0412_21:40:48 15 98.0325 97.9025
2024_0412_21:41:16 15 -0.349 -0.2505
2024_0412_21:42:08 15 -0.0875 -0.4635
2024_0412_21:43:15 15 14.635 15.0855
2024_0412_21:43:39 15 -19.8115 20.3615
2024_0412_21:43:39 15 97.4375 97.6885
2024_0412_21:44:01 15 19.3525 19.726
2024_0412_21:44:03 15 0.03 0.1705
2024_0412_21:44:40 15 -0.3225 -0.274
2024_0412_21:45:17 15 -0.523 0.0965
2024_0412_21:45:41 15 97.657 97.6745
2024_0412_21:45:53 15 0.003 0.1585
2024_0412_21:45:57 15 -0.218 -0.2085
2024_0412_21:46:21 15 97.508 97.6915
2024_0412_21:46:24 15 8.974 -9.237
2024_0412_21:46:47 15 97.8945 97.898
2024_0412_21:47:08 15 -0.171 -0.0335
2024_0412_21:47:59 15 99.999 49.9995
2024_0412_21:49:13 15 2.879 -3.0795
2024_0412_21:49:36 15 97.7025 97.6305
2024_0412_21:49:36 15 98.2885 97.5685
2024_0412_21:50:15 15 0.598 0.28
2024_0412_21:50:21 16 0.0735 -0.273
2024_0412_21:50:24 15 -0.3605 0.068
2024_0412_21:50:37 16 22.525 -21.3385
2024_0412_21:51:16 16 0.194 0.0945
2024_0412_21:51:40 16 -10.1735 10.2625
2024_0412_21:51:47 16 48.217 1.3255
2024_0412_21:51:54 16 98.3 98.227
2024_0412_21:52:32 16 97.5545 97.8205
2024_0412_21:53:03 16 65.6775 -3.7475
2024_0412_21:53:18 16 19.5975 -18.403
2024_0412_21:53:54 16 20.9645 -20.852
2024_0412_21:55:14 16 93.8995 97.5205
2024_0412_21:55:32 16 95.998 96.3665
2024_0412_21:55:33 16 97.0 96.762
2024_0412_21:56:18 16 0.1465 0.076
2024_0412_21:56:30 16 51.4695 50.922
2024_0412_21:56:36 16 98.5405 98.057
2024_0412_21:56:51 16 16.5965 -16.765
2024_0412_21:57:12 16 64.914 65.158
2024_0412_21:57:15 16 0.2815 -0.2355
2024_0412_21:57:38 16 -0.252 0.355
2024_0412_21:57:43 16 98.4995 97.972
2024_0412_21:57:49 16 0.072 0.264
2024_0412_21:58:34 16 48.392 97.821
2024_0412_21:59:03 16 97.688 97.4665
2024_0412_21:59:55 16 -0.1575 0.304
2024_0412_22:01:11 16 16.586 -16.6725
2024_0412_22:01:27 16 16.71 -16.8105
2024_0412_22:01:31 16 97.987 97.893
2024_0412_22:02:14 16 -28.9795 65.751
2024_0412_22:02:33 16 -6.748 7.0065
2024_0412_22:02:42 16 98.006 97.411
2024_0412_22:02:49 16 97.784 97.7695
2024_0412_22:03:11 16 -0.2095 0.2305
2024_0412_22:03:26 16 -0.01 0.0795
2024_0412_22:03:36 16 0.024 -0.184
2024_0412_22:03:46 16 1.307 -3.092
2024_0412_22:03:49 16 0.061 -0.169
2024_0412_22:04:34 16 98.0415 96.8715
2024_0412_22:04:57 16 -0.0785 0.035
2024_0412_22:05:17 16 0.3705 -0.561
2024_0412_22:05:56 16 97.787 55.156
2024_0412_22:07:13 16 17.834 16.769
2024_0412_22:07:29 16 78.4805 78.014
2024_0412_22:07:43 16 0.0775 -0.163
2024_0412_22:08:13 16 97.9295 97.948
2024_0412_22:08:32 16 -0.311 30.656
2024_0412_22:08:56 16 96.8265 97.5695
2024_0412_22:08:59 16 0.288 1.6045
2024_0412_22:09:07 16 0.163 0.052
2024_0412_22:09:34 16 63.966 73.603
2024_0412_22:09:39 16 97.883 97.177
2024_0412_22:09:43 16 97.782 97.787
2024_0412_22:09:49 16 -0.143 0.014
2024_0412_22:10:34 16 0.038 0.166
2024_0412_22:10:51 16 98.2 97.682
2024_0412_22:11:56 16 80.8405 45.1135
2024_0412_22:13:14 16 97.7905 97.2875
2024_0412_22:13:25 16 97.659 97.734
2024_0412_22:14:10 16 41.104 92.4405
2024_0412_22:14:22 16 70.629 54.6585
2024_0412_22:14:25 16 -0.36 -0.001
2024_0412_22:14:57 16 46.588 14.431
2024_0412_22:15:03 16 48.4925 98.4235
2024_0412_22:15:06 16 0.0155 0.3925
2024_0412_22:15:30 16 98.309 98.2105
2024_0412_22:15:39 16 25.0 -22.9075
2024_0412_22:15:47 16 32.334 32.824
2024_0412_22:15:47 16 -9.987 10.0355
2024_0412_22:15:48 16 38.3675 -15.226
2024_0412_22:16:36 16 97.969 97.846
2024_0412_22:17:56 16 97.8925 97.963
2024_0412_22:19:13 16 97.49 94.4125
2024_0412_22:19:25 16 48.0875 98.3435
2024_0412_22:19:35 16 98.47 98.059
2024_0412_22:20:08 16 0.193 -0.5595
2024_0412_22:20:22 16 -2.432 29.0055
2024_0412_22:20:57 16 -0.126 0.003
2024_0412_22:20:58 16 97.609 96.542
2024_0412_22:21:04 16 98.58 97.999
2024_0412_22:21:19 16 97.5065 97.966
2024_0412_22:21:35 16 97.93 98.021
2024_0412_22:21:38 16 9.943 -10.056
2024_0412_22:21:45 16 0.128 -0.289
2024_0412_22:22:20 16 -0.1435 0.141
2024_0412_22:23:47 16 -0.3695 -0.235
2024_0412_22:24:07 16 49.9995 99.999
2024_0412_22:25:11 16 0.1505 -0.0665
2024_0412_22:25:37 16 97.393 97.088
2024_0412_22:26:21 16 -8.782 8.616
2024_0412_22:26:57 16 -16.6315 16.8045
2024_0412_22:27:06 16 97.262 97.498
2024_0412_22:27:14 16 79.2945 48.159
2024_0412_22:27:31 16 99.998 -49.9995
2024_0412_22:27:32 16 98.1815 98.234
2024_0412_22:27:36 16 29.215 29.38
2024_0412_22:27:39 16 2.507 1.525
2024_0412_22:27:52 16 97.473 97.7535
2024_0412_22:29:14 16 62.546 62.8145
2024_0412_22:29:44 16 1.2125 0.8735
2024_0412_22:30:16 16 15.4005 15.253
2024_0412_22:31:13 16 19.066 -0.595
2024_0412_22:31:17 16 -49.9995 49.9995
2024_0412_22:31:35 16 0.292 -0.054
2024_0412_22:32:20 16 19.351 21.9225
2024_0412_22:32:37 16 -0.3615 0.523
2024_0412_22:33:08 16 49.3955 97.178
2024_0412_22:33:20 16 2.866 2.4635
2024_0412_22:33:32 16 97.6825 97.812
2024_0412_22:33:44 16 39.8475 -35.7395
2024_0412_22:33:47 16 0.1345 47.646
2024_0412_22:33:57 16 98.0695 98.026
2024_0412_22:35:13 16 81.229 81.4885
2024_0412_22:35:40 16 50.6235 -5.412
2024_0412_22:36:13 16 -49.9995 49.9995
2024_0412_22:37:07 16 0.049 -0.025
2024_0412_22:37:09 16 -0.312 -0.028
2024_0412_22:37:33 16 0.082 0.0005
2024_0412_22:37:36 16 -8.613 45.979
2024_0412_22:38:19 16 -0.3635 -0.053
2024_0412_22:39:05 16 0.0185 0.2055
2024_0412_22:39:22 16 98.022 97.9675
2024_0412_22:39:28 16 -0.0215 0.0835
2024_0412_22:39:39 16 -0.1335 -0.1025
2024_0412_22:39:42 16 98.4125 97.9435
2024_0412_22:40:01 16 97.5035 97.82
2024_0412_22:41:10 16 77.9355 78.182
2024_0412_22:41:27 16 2.831 1.8065
2024_0412_22:41:35 16 -10.441 10.2325
2024_0412_22:42:57 16 14.275 -7.2005
2024_0412_22:43:03 16 0.149 -0.081
2024_0412_22:43:08 16 -0.2515 -0.361
2024_0412_22:43:31 17 1.413 -0.0085
2024_0412_22:43:36 17 -20.621 47.16
2024_0412_22:44:25 17 97.4995 97.2955
2024_0412_22:44:41 16 0.129 -0.0735
2024_0412_22:45:09 17 97.6955 97.772
2024_0412_22:45:24 17 93.686 98.0105
2024_0412_22:45:24 17 26.4925 58.011
2024_0412_22:45:42 17 62.9605 48.1865
2024_0412_22:46:26 17 -0.2805 0.076
2024_0412_22:46:32 17 -0.183 -0.2235
2024_0412_22:47:14 17 0.1655 -0.127
2024_0412_22:47:32 17 0.3985 -0.193
2024_0412_22:48:58 17 97.569 97.6785
2024_0412_22:49:01 17 25.518 25.565
2024_0412_22:49:15 17 -0.0795 -0.1915
2024_0412_22:49:28 17 40.0105 -40.0185
2024_0412_22:49:39 17 97.967 97.9455
2024_0412_22:50:18 17 -0.105 0.237
2024_0412_22:50:50 17 15.1485 15.8095
2024_0412_22:51:04 17 5.5895 -0.172
2024_0412_22:51:10 17 -0.191 0.1025
2024_0412_22:51:24 17 -1.1255 -0.402
2024_0412_22:51:25 17 97.9495 98.0215
2024_0412_22:51:45 17 48.7515 48.7305
2024_0412_22:52:43 17 -6.512 6.3205
2024_0412_22:53:12 17 0.0935 0.1455
2024_0412_22:53:29 17 -49.841 50.1495
2024_0412_22:54:57 17 -10.9515 65.5235
2024_0412_22:54:57 17 18.181 62.4555
2024_0412_22:54:58 17 7.8955 25.341
2024_0412_22:55:15 17 20.4415 20.828
2024_0412_22:55:27 17 40.0575 -39.899
2024_0412_22:55:38 17 96.8535 97.192
2024_0412_22:56:16 17 58.2495 87.6355
2024_0412_22:57:11 17 26.026 14.204
2024_0412_22:57:12 17 97.44 97.3085
2024_0412_22:57:24 17 81.7115 81.7355
2024_0412_22:57:26 17 43.143 48.592
2024_0412_22:57:46 17 98.0185 97.941
2024_0412_22:59:00 17 -6.696 6.9835
2024_0412_22:59:10 17 97.3405 97.655
2024_0412_22:59:27 17 -0.1385 -0.4005
2024_0412_22:59:28 17 77.0865 76.9105
2024_0412_23:00:45 17 -0.001 -0.2735
2024_0412_23:01:06 17 96.761 72.1845
2024_0412_23:01:12 17 97.5155 97.509
2024_0412_23:01:23 17 -3.1235 34.454
2024_0412_23:01:34 17 97.945 97.997
2024_0412_23:01:34 17 78.2465 77.9325
2024_0412_23:02:15 17 12.4645 -1.084
2024_0412_23:03:09 17 0.0285 -0.17
2024_0412_23:03:21 17 97.514 97.9615
2024_0412_23:03:23 17 0.034 -0.3475
2024_0412_23:03:44 17 -8.652 46.583
2024_0412_23:05:09 17 73.407 96.9295
2024_0412_23:05:19 17 32.1235 32.2455
2024_0412_23:05:21 17 10.1405 -9.9195
2024_0412_23:05:40 17 98.0535 98.0345
2024_0412_23:06:36 17 3.018 -3.369
2024_0412_23:07:00 17 0.0635 0.088
2024_0412_23:07:08 17 77.187 78.205
2024_0412_23:07:21 17 43.8625 45.675
2024_0412_23:07:34 17 97.98 97.973
2024_0412_23:07:59 17 43.4495 97.863
2024_0412_23:08:11 17 -100.0 100.0
2024_0412_23:09:07 17 49.0125 98.156
2024_0412_23:09:18 17 -0.0525 0.0265
2024_0412_23:09:20 17 97.853 97.92
2024_0412_23:09:43 17 27.4595 8.578
2024_0412_23:11:05 17 0.0095 0.0295
2024_0412_23:12:11 17 -8.244 15.385
2024_0412_23:12:39 17 97.151 97.7835
2024_0412_23:13:01 17 13.527 10.448
2024_0412_23:13:02 17 78.377 78.436
2024_0412_23:13:06 17 40.878 26.6395
2024_0412_23:13:20 17 -0.0405 0.3395
2024_0412_23:13:33 17 77.967 77.9385
2024_0412_23:14:08 17 0.4995 0.217
2024_0412_23:14:09 17 0.7995 -0.036
2024_0412_23:15:03 17 -20.547 20.4635
2024_0412_23:15:13 17 0.2695 -0.0765
2024_0412_23:15:15 17 97.3525 89.075
2024_0412_23:15:29 17 0.088 -0.19
2024_0412_23:15:48 17 97.581 97.4735
2024_0412_23:17:00 17 95.69 97.9
2024_0412_23:17:16 17 16.334 16.212
2024_0412_23:18:17 17 10.1105 -10.0225
2024_0412_23:18:57 17 -8.4365 8.1295
2024_0412_23:19:05 17 12.884 -12.4085
2024_0412_23:19:19 17 -0.203 -0.026
2024_0412_23:19:34 17 -5.738 5.4125
2024_0412_23:19:34 17 97.9425 97.991
2024_0412_23:20:00 17 0.3625 2.179
2024_0412_23:20:18 17 -3.896 3.3705
2024_0412_23:20:56 17 0.038 -0.1865
2024_0412_23:21:08 17 -0.2095 0.1455
2024_0412_23:21:11 17 68.124 87.861
2024_0412_23:21:17 17 -0.2125 -0.908
2024_0412_23:21:24 17 97.7415 97.455
2024_0412_23:21:45 17 -10.2185 40.3755
2024_0412_23:22:53 17 0.189 0.192
2024_0412_23:23:06 17 -0.304 0.0425
2024_0412_23:24:24 17 -24.9865 24.8585
2024_0412_23:24:58 17 97.4405 97.4165
2024_0412_23:25:15 17 0.176 -0.0595
2024_0412_23:25:30 17 0.0505 -0.2935
2024_0412_23:25:57 17 0.268 -0.349
2024_0412_23:26:52 17 -10.23 9.838
2024_0412_23:27:05 17 -0.2865 -0.0115
2024_0412_23:27:12 17 26.141 47.4215
2024_0412_23:27:33 17 22.689 22.8115
2024_0412_23:27:42 17 97.79 97.3825
2024_0412_23:27:57 17 0.174 -0.131
2024_0412_23:28:31 17 -0.124 -0.0535
2024_0412_23:28:47 17 -10.038 23.7815
2024_0412_23:28:56 17 -0.0775 -0.1655
2024_0412_23:29:14 17 0.118 0.411
2024_0412_23:30:29 17 -0.0745 -0.093
2024_0412_23:30:57 17 -0.2795 0.1125
2024_0412_23:31:30 17 -0.6185 0.201
2024_0412_23:31:36 17 97.7405 97.607
2024_0412_23:31:53 17 -0.045 0.122
2024_0412_23:32:40 17 18.434 17.713
2024_0412_23:32:45 17 -0.2345 -0.0935
2024_0412_23:33:03 17 97.1105 97.3
2024_0412_23:33:04 17 0.1685 0.2225
2024_0412_23:33:29 17 47.6215 22.0545
2024_0412_23:34:12 17 3.506 -1.1545
2024_0412_23:34:45 17 97.663 45.413
2024_0412_23:34:46 17 -0.034 2.152
2024_0412_23:34:53 17 -0.322 0.349
2024_0412_23:35:16 17 95.163 95.1475
2024_0412_23:36:14 17 -0.037 0.262
2024_0412_23:36:54 17 26.8445 6.0135
2024_0412_23:37:29 17 13.732 -8.7795
2024_0412_23:37:31 17 32.3215 -32.6185
2024_0412_23:37:50 17 97.8225 98.157
2024_0412_23:38:42 17 -1.096 0.2185
2024_0412_23:38:51 17 97.882 97.992
2024_0412_23:38:54 17 0.0685 -0.3075
2024_0412_23:39:04 17 15.923 -2.263
2024_0412_23:39:25 17 75.858 60.4155
2024_0412_23:40:11 17 -8.66 19.5315
2024_0412_23:40:43 17 0.2185 -0.2075
2024_0412_23:41:19 17 97.611 97.401
2024_0412_23:42:53 17 58.255 52.012
2024_0412_23:43:12 17 -0.119 -0.227
2024_0412_23:43:13 17 62.0065 86.36
2024_0412_23:43:29 17 98.2365 48.4155
2024_0412_23:43:31 17 5.0145 5.832
2024_0412_23:43:42 17 99.999 49.9995
2024_0412_23:44:41 17 98.4765 97.9615
2024_0412_23:44:54 18 32.233 33.2665
2024_0412_23:45:02 18 98.292 97.387
2024_0412_23:45:02 18 17.785 17.6645
2024_0412_23:45:21 18 25.7035 -18.552
2024_0412_23:45:34 17 -0.1555 0.395
2024_0412_23:46:10 18 98.305 48.3305
2024_0412_23:46:37 18 93.0205 93.197
2024_0412_23:47:16 18 44.4475 -0.8215
2024_0412_23:48:14 18 5.7195 26.5495
2024_0412_23:48:48 18 0.0215 0.292
2024_0412_23:49:10 18 47.4715 48.585
2024_0412_23:49:30 18 0.717 0.8335
2024_0412_23:49:35 18 25.972 30.9035
2024_0412_23:49:42 18 98.0065 97.966
2024_0412_23:50:40 18 -0.1065 0.6855
2024_0412_23:50:42 18 81.8505 91.414
2024_0412_23:50:52 18 -7.4415 45.1935
2024_0412_23:50:57 18 0.6535 -0.511
2024_0412_23:51:15 18 21.87 1.3465
2024_0412_23:51:18 18 97.2065 97.044
2024_0412_23:52:09 18 0.3805 0.264
2024_0412_23:52:31 18 98.392 98.057
2024_0412_23:53:12 18 -0.2205 0.112
2024_0412_23:54:02 18 77.488 63.4475
2024_0412_23:54:23 18 97.6345 97.408
2024_0412_23:54:42 18 -9.996 38.646
2024_0412_23:55:06 18 -0.1065 0.033
2024_0412_23:55:27 18 -10.1705 10.0835
2024_0412_23:55:46 18 97.16 97.3655
2024_0412_23:55:47 18 97.4785 97.8005
2024_0412_23:56:35 18 1.3165 1.253
2024_0412_23:56:46 18 20.6105 -8.834
2024_0412_23:56:55 18 0.149 -0.0655
2024_0412_23:57:15 18 97.752 96.7395
2024_0412_23:57:29 18 26.2305 34.9195
2024_0412_23:58:09 18 -9.5185 12.492
2024_0412_23:58:25 18 -0.1595 0.3085
2024_0412_23:59:07 18 -0.104 -0.302
2024_0412_23:59:10 18 69.294 7.3665
2024_0413_00:00:30 18 97.6995 97.7005
2024_0413_00:00:42 18 16.315 16.8855
2024_0413_00:01:09 18 -0.1195 -0.3225
2024_0413_00:01:17 18 9.338 11.571
2024_0413_00:01:42 18 0.238 0.2015
2024_0413_00:01:46 18 43.4625 43.644
2024_0413_00:02:31 18 -0.273 0.034
2024_0413_00:02:43 18 97.922 97.8335
2024_0413_00:02:54 18 54.3455 54.0905
2024_0413_00:03:10 18 97.9965 98.1725
2024_0413_00:04:09 18 19.46 -0.3365
2024_0413_00:04:22 18 -0.5545 27.4105
2024_0413_00:04:48 18 0.338 0.252
2024_0413_00:05:06 18 45.5545 37.757
2024_0413_00:05:41 18 -0.2575 0.2965
2024_0413_00:06:39 18 0.1105 0.1075
2024_0413_00:06:42 18 88.4255 64.9535
2024_0413_00:07:02 18 -24.5945 49.587
2024_0413_00:07:15 18 -0.248 31.9485
2024_0413_00:07:33 18 99.9995 -99.9995
2024_0413_00:07:36 18 40.032 31.732
2024_0413_00:08:03 18 10.3615 35.715
2024_0413_00:08:34 18 -0.001 0.012
2024_0413_00:08:51 18 -0.174 0.4275
2024_0413_00:09:14 18 -36.215 38.8245
2024_0413_00:09:28 18 97.114 97.1305
2024_0413_00:10:05 18 98.1755 96.584
2024_0413_00:10:17 18 0.275 0.144
2024_0413_00:11:02 18 88.159 67.8035
2024_0413_00:11:57 18 97.8825 98.067
2024_0413_00:12:43 18 40.743 75.654
2024_0413_00:12:59 18 97.8995 87.323
2024_0413_00:13:03 18 -19.8725 20.129
2024_0413_00:13:10 18 24.9745 35.255
2024_0413_00:13:13 18 -12.456 12.3765
2024_0413_00:13:20 18 0.1575 -0.005
2024_0413_00:13:35 18 97.9625 97.977
2024_0413_00:14:48 18 98.0525 97.9445
2024_0413_00:15:18 18 1.3185 2.3735
2024_0413_00:15:22 18 0.101 0.2
2024_0413_00:15:58 18 48.78 99.0935
2024_0413_00:16:17 18 98.0485 98.034
2024_0413_00:16:56 18 15.893 16.122
2024_0413_00:18:07 18 -12.353 12.3025
2024_0413_00:18:24 18 97.3735 97.67
2024_0413_00:18:43 18 17.184 17.3485
2024_0413_00:19:05 18 0.289 -0.054
2024_0413_00:19:07 18 -2.282 2.489
2024_0413_00:19:14 18 -9.91 19.7105
2024_0413_00:19:14 18 2.659 2.44
2024_0413_00:19:26 18 -99.9935 -99.997
2024_0413_00:20:43 18 97.448 97.157
2024_0413_00:21:15 18 82.33 82.203
2024_0413_00:21:16 18 97.355 98.258
2024_0413_00:21:47 18 97.2745 97.63
2024_0413_00:21:56 18 48.2635 0.081
2024_0413_00:22:10 18 0.171 -0.07
2024_0413_00:22:41 18 98.0015 97.903
2024_0413_00:22:57 18 -3.7 50.4925
2024_0413_00:24:30 18 34.2705 16.7385
2024_0413_00:24:36 18 1.197 4.8815
2024_0413_00:24:38 18 0.3695 -0.1785
2024_0413_00:25:02 18 -0.141 -0.165
2024_0413_00:25:03 18 10.254 -9.941
2024_0413_00:25:07 18 97.642 96.826
2024_0413_00:25:22 18 -0.1935 0.176
2024_0413_00:25:29 18 94.744 96.548
2024_0413_00:26:48 18 98.0515 97.8355
2024_0413_00:27:05 18 -0.191 0.0935
2024_0413_00:27:08 18 17.4135 17.338
2024_0413_00:27:53 18 63.303 62.921
2024_0413_00:28:12 18 98.0215 97.875
2024_0413_00:28:55 18 24.3665 23.337
2024_0413_00:29:19 18 -99.998 -49.999
2024_0413_00:30:09 18 98.317 98.237
2024_0413_00:30:27 18 11.2165 9.09
2024_0413_00:30:37 18 -0.1675 0.4145
2024_0413_00:30:58 18 12.3635 -3.6475
2024_0413_00:31:01 18 97.5925 97.609
2024_0413_00:31:10 18 95.6885 91.875
2024_0413_00:31:13 18 -0.0565 0.003
2024_0413_00:31:38 18 0.167 -0.1175
2024_0413_00:32:19 18 99.998 -49.9995
2024_0413_00:32:48 18 -0.5715 0.8855
2024_0413_00:32:59 18 -3.864 4.503
2024_0413_00:33:02 18 27.8215 -2.3075
2024_0413_00:33:53 18 97.3915 97.246
2024_0413_00:34:16 18 96.7725 96.8605
2024_0413_00:34:57 18 -0.06 -0.09
2024_0413_00:35:31 18 39.298 5.981
2024_0413_00:36:25 18 0.263 -0.2035
2024_0413_00:36:34 18 -0.0455 -0.0145
2024_0413_00:36:51 18 0.1515 -0.0125
2024_0413_00:36:57 18 56.3295 58.0725
2024_0413_00:37:06 18 -0.9 0.1615
2024_0413_00:37:08 18 -0.0115 -0.121
2024_0413_00:37:11 18 98.814 0.3665
2024_0413_00:38:16 18 90.34 63.7415
2024_0413_00:38:43 18 0.0385 0.0205
2024_0413_00:38:47 18 97.2425 97.666
2024_0413_00:38:53 18 98.2965 98.3075
2024_0413_00:38:57 18 97.777 97.844
2024_0413_00:39:48 18 -7.634 7.8955
2024_0413_00:40:13 18 97.289 97.5175
2024_0413_00:40:49 18 9.988 -10.041
2024_0413_00:41:39 18 97.873 97.451
2024_0413_00:42:16 18 18.418 19.0265
2024_0413_00:42:26 18 0.5465 0.125
2024_0413_00:42:47 18 0.02 0.0885
2024_0413_00:42:47 18 -12.5365 17.0345
2024_0413_00:43:00 18 -26.1505 36.6845
2024_0413_00:43:11 18 49.183 -0.658
2024_0413_00:43:52 18 19.449 19.529
2024_0413_00:44:41 18 -0.0715 0.2155
2024_0413_00:44:48 18 26.1475 -5.2875
2024_0413_00:44:50 18 8.187 -8.204
2024_0413_00:44:56 18 -9.9945 9.978
2024_0413_00:45:48 18 48.881 97.2335
2024_0413_00:46:06 18 11.517 11.8105
2024_0413_00:46:43 18 -99.999 49.9995
2024_0413_00:48:00 18 0.1075 -0.06
2024_0413_00:48:13 18 97.8185 97.7665
2024_0413_00:48:18 18 0.3545 -0.4585
2024_0413_00:48:42 18 0.38 -0.434
2024_0413_00:48:45 18 -0.1635 0.1235
2024_0413_00:49:08 18 0.268 -0.5705
2024_0413_00:49:34 18 11.38 -11.4625
2024_0413_00:50:32 18 16.929 -16.9385
2024_0413_00:50:43 18 97.7275 97.643
2024_0413_00:50:43 18 20.124 21.0255
2024_0413_00:50:44 18 -1.38 96.1255
2024_0413_00:51:07 19 97.7915 98.19
2024_0413_00:51:44 19 -0.2415 -0.225
2024_0413_00:52:03 19 97.156 97.2885
2024_0413_00:52:42 19 0.231 0.0415
2024_0413_00:54:07 19 0.137 0.0035
2024_0413_00:54:08 19 14.893 4.7835
2024_0413_00:54:22 19 -0.4115 0.094
2024_0413_00:54:27 19 97.4275 97.466
2024_0413_00:54:46 19 -14.0445 13.9415
2024_0413_00:54:47 19 98.2115 48.467
2024_0413_00:55:09 19 -0.171 -0.359
2024_0413_00:55:56 19 97.73 97.5605
2024_0413_00:56:28 19 97.7545 97.63
2024_0413_00:56:39 19 -1.2265 1.118
2024_0413_00:57:18 19 96.792 49.147
2024_0413_00:57:43 19 -0.1265 0.0285
2024_0413_00:57:44 19 23.114 97.3745
2024_0413_00:57:58 19 0.1585 -0.085
2024_0413_00:58:38 19 0.195 -0.438
2024_0413_01:00:00 19 0.138 0.3225
2024_0413_01:00:01 19 -1.899 0.669
2024_0413_01:00:02 19 1.05 0.8405
2024_0413_01:00:38 19 0.0065 -0.054
2024_0413_01:00:41 19 -0.0985 0.1915
2024_0413_01:01:06 19 -10.027 10.058
2024_0413_01:01:08 19 97.8785 97.471
2024_0413_01:02:05 19 -0.2015 -0.162
2024_0413_01:02:30 19 49.3585 97.4085
2024_0413_01:02:43 19 0.052 0.517
2024_0413_01:03:32 19 0.316 0.0695
2024_0413_01:03:52 19 -0.292 -0.0815
2024_0413_01:03:56 19 -0.101 -0.0015
2024_0413_01:04:02 19 49.283 49.2685
2024_0413_01:04:02 19 97.93 48.882
2024_0413_01:04:31 19 7.5435 69.899
2024_0413_01:06:01 19 21.5655 -21.847
2024_0413_01:06:36 19 36.4115 11.3965
2024_0413_01:06:41 19 76.301 80.89
2024_0413_01:07:04 19 -0.0375 -0.168
2024_0413_01:07:50 19 5.651 4.9075
2024_0413_01:08:24 19 0.2515 0.1575
2024_0413_01:08:29 19 0.304 0.1725
2024_0413_01:08:37 19 0.427 -0.5305
2024_0413_01:09:27 19 0.1715 0.1515
2024_0413_01:09:48 19 12.2015 -9.86
2024_0413_01:09:56 19 2.5085 -1.834
2024_0413_01:10:15 19 12.825 13.012
2024_0413_01:10:44 19 98.2095 97.7955
2024_0413_01:11:02 19 20.04 -19.5325
2024_0413_01:11:53 19 16.6415 -16.6335
2024_0413_01:12:03 19 48.7095 48.7995
2024_0413_01:12:24 19 -0.1235 -0.1435
2024_0413_01:12:37 19 15.561 28.394
2024_0413_01:12:57 19 1.624 -1.5975
2024_0413_01:13:45 19 16.8375 0.4405
2024_0413_01:14:07 19 48.655 97.3595
2024_0413_01:14:26 19 -0.278 41.698
2024_0413_01:14:35 19 96.9755 97.661
2024_0413_01:15:04 19 0.0615 0.1325
2024_0413_01:15:24 19 90.0495 14.4795
2024_0413_01:15:44 19 0.0345 0.05
2024_0413_01:15:49 19 74.7745 41.304
2024_0413_01:16:31 19 60.987 95.518
2024_0413_01:17:01 19 -0.1985 0.0315
2024_0413_01:17:03 19 19.9515 -20.0535
2024_0413_01:17:50 19 97.994 97.882
2024_0413_01:17:59 19 8.9935 10.728
2024_0413_01:18:18 19 14.0785 10.3915
2024_0413_01:18:56 19 -9.7875 8.7335
2024_0413_01:19:40 19 48.8275 15.862
2024_0413_01:20:26 19 -0.623 0.3385
2024_0413_01:20:26 19 -0.39 -0.0075
2024_0413_01:21:07 19 97.8845 97.7925
2024_0413_01:21:25 19 -0.535 0.126
2024_0413_01:21:35 19 -49.9965 49.9985
2024_0413_01:21:43 19 0.108 7.904
2024_0413_01:21:45 19 97.9975 97.905
2024_0413_01:22:48 19 -0.0485 -0.122
2024_0413_01:22:52 19 -0.2615 0.462
2024_0413_01:23:15 19 0.2335 0.3995
2024_0413_01:23:46 19 19.4715 -28.264
2024_0413_01:23:54 19 -6.454 6.4125
2024_0413_01:24:19 19 -7.822 47.875
2024_0413_01:24:52 19 10.152 -10.101
2024_0413_01:25:31 19 25.176 -25.3655
2024_0413_01:26:30 20 98.112 98.0205
2024_0413_01:26:31 20 7.402 26.915
2024_0413_01:27:17 20 0.1305 -0.365
2024_0413_01:27:33 20 22.6205 9.5295
2024_0413_01:27:33 20 98.2565 18.3125
2024_0413_01:27:39 20 97.294 97.996
2024_0413_01:28:30 20 2.711 -3.0115
2024_0413_01:28:51 20 7.117 48.5375
2024_0413_01:29:04 20 48.665 48.856
2024_0413_01:29:37 20 76.5655 76.551
2024_0413_01:29:39 20 99.999 -49.9995
2024_0413_01:29:47 20 0.0625 -0.1695
2024_0413_01:30:15 20 21.2195 49.618
2024_0413_01:30:46 20 0.166 0.3195
2024_0413_01:31:29 20 -49.9975 -50.0005
2024_0413_01:32:28 20 1.049 -1.0035
2024_0413_01:32:40 20 -4.1835 24.1825
2024_0413_01:33:10 20 2.2435 10.5835
2024_0413_01:33:20 20 -0.169 0.12
2024_0413_01:33:29 20 11.884 11.35
2024_0413_01:33:32 20 97.5145 97.621
2024_0413_01:35:19 20 42.752 43.556
2024_0413_01:35:24 20 59.6045 67.7055
2024_0413_01:35:29 20 -0.1075 -0.5875
2024_0413_01:35:37 20 -0.1065 0.033
2024_0413_01:35:41 20 97.4325 97.7195
2024_0413_01:36:08 20 -0.052 -0.0235
2024_0413_01:36:39 20 -12.4075 13.0245
2024_0413_01:37:27 20 96.2085 -10.9305
2024_0413_01:37:39 20 97.851 98.0845
2024_0413_01:38:28 20 0.149 -0.006
2024_0413_01:38:30 20 4.249 -4.8675
2024_0413_01:39:05 20 97.923 97.323
2024_0413_01:39:12 20 16.74 -16.252
2024_0413_01:39:20 20 0.0 0.001
2024_0413_01:41:21 20 -0.0525 -0.208
2024_0413_01:41:34 20 -12.8625 12.564
2024_0413_01:41:37 20 1.069 -0.8705
2024_0413_01:41:38 20 83.4355 90.133
2024_0413_01:42:01 20 97.3905 97.0315
2024_0413_01:42:03 20 -0.3665 -0.2465
2024_0413_01:42:30 20 97.784 97.478
2024_0413_01:43:15 20 99.999 49.9995
2024_0413_01:43:20 20 97.9495 97.947
2024_0413_01:43:55 20 7.529 9.5775
2024_0413_01:44:19 20 -2.7665 7.5725
2024_0413_01:44:23 20 49.976 -49.7525
2024_0413_01:44:53 20 0.129 -0.307
2024_0413_01:44:56 20 97.4955 48.609
2024_0413_01:45:04 20 -0.132 -0.1915
2024_0413_01:45:08 20 97.769 97.7615
2024_0413_01:47:16 20 48.7135 3.856
2024_0413_01:47:27 20 97.879 97.428
2024_0413_01:47:34 20 42.4765 48.2475
2024_0413_01:47:50 20 19.2105 18.087
2024_0413_01:47:57 20 96.8155 97.703
2024_0413_01:48:23 20 -16.2245 16.5875
2024_0413_01:48:44 20 97.63 96.5345
2024_0413_01:49:07 20 16.185 48.5565
2024_0413_01:49:10 20 19.2405 19.2175
2024_0413_01:50:12 20 0.587 0.294
2024_0413_01:50:13 20 0.234 -0.1615
2024_0413_01:50:22 20 97.6605 97.725
2024_0413_01:50:50 20 0.326 29.053
2024_0413_01:50:53 20 18.129 18.1225
2024_0413_01:50:56 20 -99.9975 99.999
2024_0413_01:52:15 20 87.529 71.9755
2024_0413_01:53:06 20 -20.0925 20.589
2024_0413_01:53:19 20 62.4805 41.7735
2024_0413_01:53:29 20 -5.8825 6.0205
2024_0413_01:53:49 20 22.5205 1.941
2024_0413_01:54:03 20 11.4305 -10.544
2024_0413_01:55:01 20 1.296 0.706
2024_0413_01:55:24 20 97.7385 97.6615
2024_0413_01:55:31 20 68.9485 88.1875
2024_0413_01:55:59 20 -1.397 1.5945
2024_0413_01:56:19 20 68.9875 49.844
2024_0413_01:56:26 20 97.213 98.193
2024_0413_01:56:46 20 67.6615 94.4595
2024_0413_01:56:47 20 1.3935 -0.641
2024_0413_01:56:54 20 -0.0515 -0.122
2024_0413_01:57:42 20 16.738 14.556
2024_0413_01:58:41 20 99.999 -49.9995
2024_0413_01:59:01 20 48.671 98.6425
2024_0413_01:59:20 20 40.0955 -39.929
2024_0413_01:59:28 20 79.723 83.7455
2024_0413_01:59:45 20 62.7735 62.0135
2024_0413_02:00:31 20 -0.2315 -0.2225
2024_0413_02:00:52 20 0.1685 -0.2325
2024_0413_02:01:17 20 -0.0195 0.1925
2024_0413_02:01:52 20 28.7075 -20.3795
2024_0413_02:02:07 20 48.5985 98.359
2024_0413_02:02:22 20 0.3705 -0.215
2024_0413_02:02:39 20 9.384 48.592
2024_0413_02:02:40 20 6.092 -5.818
2024_0413_02:02:44 20 31.8165 -0.8195
2024_0413_02:02:48 20 7.456 9.6485
2024_0413_02:04:50 20 -30.1045 30.368
2024_0413_02:04:53 20 54.095 53.926
2024_0413_02:05:10 20 -0.275 -0.0465
2024_0413_02:05:18 5 97.986 97.9545
2024_0413_02:05:37 9 98.2645 98.2285
2024_0413_02:06:40 13 93.237 98.033
2024_0413_02:06:48 13 0.291 -0.1895
2024_0413_02:07:06 13 97.737 98.1915
2024_0413_02:07:14 13 15.0695 15.1775
2024_0413_02:07:37 13 -0.0525 1.05
2024_0413_02:08:12 14 81.8125 81.6325
2024_0413_02:08:25 14 0.258 0.051
2024_0413_02:08:26 14 -0.1345 0.991
2024_0413_02:08:33 15 97.749 98.0015
2024_0413_02:08:39 14 97.285 97.518
2024_0413_02:08:55 15 -0.0845 0.1115
2024_0413_02:10:35 15 0.1195 -0.26
2024_0413_02:11:03 15 98.4265 98.0245
2024_0413_02:11:08 15 40.0555 45.3065
2024_0413_02:11:20 15 97.722 73.194
2024_0413_02:11:22 15 0.005 -0.0695
2024_0413_02:12:32 15 -4.522 58.3235
2024_0413_02:12:33 15 0.0995 -0.1315
2024_0413_02:12:57 15 0.17 0.0925
2024_0413_02:13:26 16 -6.943 7.3465
2024_0413_02:14:00 16 97.766 97.645
2024_0413_02:14:02 16 0.103 -0.183
2024_0413_02:14:14 16 1.6855 7.308
2024_0413_02:14:18 16 40.0495 -39.9975
2024_0413_02:14:21 16 0.5 1.219
2024_0413_02:15:07 16 16.634 -16.4175
2024_0413_02:16:03 16 0.22 -0.3735
2024_0413_02:16:21 16 -10.0355 9.6585
2024_0413_02:17:00 17 0.4305 0.5945
2024_0413_02:17:11 17 98.0065 98.0
2024_0413_02:17:12 17 74.129 74.2235
2024_0413_02:17:35 17 97.679 92.9625
2024_0413_02:18:20 17 6.8695 -7.2395
2024_0413_02:18:22 17 -10.219 10.625
2024_0413_02:18:49 17 78.1635 78.1935
2024_0413_02:19:15 17 -0.3665 0.0065
2024_0413_02:19:52 17 1.223 -1.7275
2024_0413_02:20:04 17 10.327 -9.7835
2024_0413_02:20:12 17 0.066 -0.5765
2024_0413_02:20:13 17 43.3515 32.944
2024_0413_02:20:40 17 98.0545 98.026
2024_0413_02:21:41 17 -0.162 0.071
2024_0413_02:22:19 18 71.5715 48.583
2024_0413_02:22:51 18 -0.1435 0.212
2024_0413_02:23:05 18 -0.3285 37.2405
2024_0413_02:23:10 18 3.021 -1.156
2024_0413_02:23:27 18 1.7095 -1.3795
2024_0413_02:24:12 18 12.9095 -12.6335
2024_0413_02:24:13 18 77.881 77.8105
2024_0413_02:24:37 18 54.3025 -14.446
2024_0413_02:24:51 19 97.54 97.724
2024_0413_02:25:05 19 4.695 5.078
2024_0413_02:25:45 19 15.573 -15.161
2024_0413_02:25:56 19 -0.123 0.345
2024_0413_02:26:04 19 97.0085 96.922
2024_0413_02:26:07 19 28.0225 27.9215
2024_0413_02:27:39 19 17.582 17.321
2024_0413_02:28:05 19 40.1575 -34.8775
2024_0413_02:28:27 19 -0.27 -0.3565
2024_0413_02:28:41 19 0.0335 -0.1225
2024_0413_02:28:54 19 0.0585 -0.124
2024_0413_02:28:57 20 0.0275 0.023
2024_0413_02:29:54 20 97.611 97.9415
2024_0413_02:29:55 20 3.815 2.331
2024_0413_02:29:56 20 19.525 19.7525
2024_0413_02:30:31 20 49.798 -0.626
2024_0413_02:30:43 20 49.9885 -49.9865
2024_0413_02:31:23 20 0.3905 0.311
2024_0413_02:33:48 20 49.9995 -49.9995
