0.20683000000013646 0.11868500000004831 0.027855000000003193 0.006694999999999811 0.02275500000000163 0.021925000000001377 0.020545000000000955 0.020290000000000877 0.020255000000000866 0.007929999999999762 0.0439749999999993 0.03667500000000213 0.061654999999992445 0.05844999999999369 0.06654999999999617 0.050869999999996626 0.06415999999999378 0.06262999999999225 0.04189000000000011 0.03938000000000108 
2024_0412_09:55:29 11 0.384375 0.4
2024_0412_09:55:30 2 90.45625 90.728125
2024_0412_09:55:31 5 92.503125 92.5875
2024_0412_09:55:31 8 89.40625 90.478125
2024_0412_09:55:33 1 92.4125 92.3125
2024_0412_09:55:33 11 90.65 89.5125
2024_0412_09:55:33 3 90.5 91.096875
2024_0412_09:55:34 10 91.778125 91.553125
2024_0412_09:55:34 4 91.06875 90.140625
2024_0412_09:55:35 2 89.046875 89.759375
2024_0412_09:55:37 1 92.509375 92.1625
2024_0412_09:55:37 9 93.284375 93.265625
2024_0412_09:56:07 6 92.890625 92.446875
2024_0412_09:56:16 6 92.634375 92.775
2024_0412_09:56:21 7 90.003125 90.05625
2024_0412_09:56:23 1 92.446875 92.665625
2024_0412_10:00:59 12 68.896875 -2.7
2024_0412_10:01:01 13 49.94375 48.93125
2024_0412_10:01:02 15 -0.215625 0.39375
2024_0412_10:01:04 16 -0.0625 -0.275
2024_0412_10:01:04 14 91.609375 91.353125
2024_0412_10:01:06 13 -46.7 49.20625
2024_0412_10:01:06 15 -0.490625 -0.259375
2024_0412_10:01:09 17 -0.39375 -0.346875
2024_0412_10:01:10 18 -10.921875 10.603125
2024_0412_10:01:12 17 -0.496875 -0.246875
2024_0412_10:01:21 18 26.203125 -22.609375
2024_0412_10:02:12 20 -0.54375 0.2375
2024_0412_10:02:12 20 0.325 0.64375
2024_0412_10:03:48 19 22.41875 15.9375
2024_0412_10:09:18 11 -0.434375 0.128125
2024_0412_10:09:19 8 91.625 91.70625
2024_0412_10:09:19 11 -0.19375 -0.13125
2024_0412_10:09:20 11 -99.98125 -49.99375
2024_0412_10:09:20 11 90.7125 91.725
2024_0412_10:09:21 6 92.921875 92.521875
2024_0412_10:09:22 1 92.3375 92.853125
2024_0412_10:09:22 11 0.296875 -0.815625
2024_0412_10:09:23 3 90.209375 90.784375
2024_0412_10:09:23 9 92.5 92.884375
2024_0412_10:09:24 2 90.9375 90.984375
2024_0412_10:09:26 4 88.703125 88.54375
2024_0412_10:09:52 7 91.765625 90.44375
2024_0412_10:09:57 10 91.61875 89.721875
2024_0412_10:10:07 5 92.6375 92.69375
2024_0412_10:10:38 11 0.38125 0.0875
2024_0412_10:14:51 12 -16.53125 16.625
2024_0412_10:14:52 13 17.896875 69.55625
2024_0412_10:14:53 11 69.65 28.784375
2024_0412_10:14:53 13 11.234375 -11.240625
2024_0412_10:14:55 13 91.828125 91.965625
2024_0412_10:14:55 14 91.0 93.91875
2024_0412_10:14:55 16 -1.6375 92.63125
2024_0412_10:14:56 15 -11.1375 38.11875
2024_0412_10:14:57 13 91.7375 91.096875
2024_0412_10:14:58 17 -0.34375 -0.809375
2024_0412_10:14:58 18 91.584375 91.721875
2024_0412_10:15:02 19 -0.5125 -0.696875
2024_0412_10:15:53 20 49.990625 -49.978125
2024_0412_10:16:00 20 93.609375 92.9875
2024_0412_10:21:29 11 0.4875 -0.3125
2024_0412_10:21:31 5 92.228125 92.64375
2024_0412_10:21:32 11 90.675 90.059375
2024_0412_10:21:32 3 88.73125 89.41875
2024_0412_10:21:33 1 92.625 92.6625
2024_0412_10:21:33 6 92.71875 92.640625
2024_0412_10:21:33 2 91.215625 91.696875
2024_0412_10:21:33 7 91.3375 91.396875
2024_0412_10:21:34 8 90.928125 91.784375
2024_0412_10:21:34 11 92.2 94.259375
2024_0412_10:21:37 4 91.040625 89.128125
2024_0412_10:21:38 10 90.703125 91.74375
2024_0412_10:22:06 12 -0.73125 -0.1875
2024_0412_10:22:14 12 91.69375 89.26875
2024_0412_10:22:21 11 0.0875 -0.090625
2024_0412_10:22:51 9 93.628125 93.415625
2024_0412_10:27:00 13 0.00625 -0.246875
2024_0412_10:27:01 14 0.253125 0.159375
2024_0412_10:27:03 13 91.6 91.61875
2024_0412_10:27:04 13 45.49375 -1.990625
2024_0412_10:27:06 15 90.784375 89.790625
2024_0412_10:27:06 16 40.809375 9.45625
2024_0412_10:27:07 13 -41.740625 48.59375
2024_0412_10:27:08 13 92.465625 92.43125
2024_0412_10:27:08 15 87.53125 90.040625
2024_0412_10:27:10 16 -12.371875 61.309375
2024_0412_10:27:12 16 61.496875 81.26875
2024_0412_10:27:14 17 44.8875 95.034375
2024_0412_10:28:30 18 -1.33125 1.065625
2024_0412_10:28:33 18 -13.803125 10.94375
2024_0412_10:28:54 18 -72.096875 72.553125
2024_0412_10:28:57 18 -0.825 0.2625
2024_0412_10:32:29 18 0.071875 -0.00625
2024_0412_10:32:31 20 -1.103125 -0.346875
2024_0412_10:32:31 19 46.065625 -5.625
2024_0412_10:32:35 19 9.35625 -10.028125
2024_0412_10:32:35 18 -7.915625 40.903125
2024_0412_10:32:35 20 -0.6125 0.1875
2024_0412_10:32:37 20 -1.375 2.121875
2024_0412_10:32:38 20 10.140625 -6.090625
2024_0412_10:38:09 11 -0.36875 -0.325
2024_0412_10:38:10 11 49.990625 49.996875
2024_0412_10:38:10 10 92.071875 92.103125
2024_0412_10:38:11 7 91.290625 44.775
2024_0412_10:38:11 8 92.09375 89.434375
2024_0412_10:38:11 11 0.5375 -1.1
2024_0412_10:38:12 6 92.378125 92.621875
2024_0412_10:38:12 11 -1.53125 -0.29375
2024_0412_10:38:12 11 90.55 91.05625
2024_0412_10:38:13 1 92.871875 92.628125
2024_0412_10:38:13 9 93.478125 93.325
2024_0412_10:38:42 5 92.475 92.58125
2024_0412_10:38:47 3 90.15 87.16875
2024_0412_10:39:04 2 90.525 90.675
2024_0412_10:39:12 11 -0.71875 0.346875
2024_0412_10:40:58 11 -0.353125 0.321875
2024_0412_10:43:38 11 -0.090625 -2.065625
2024_0412_10:43:39 11 -0.03125 0.125
2024_0412_10:43:42 11 90.375 91.15
2024_0412_10:43:42 12 0.190625 -0.253125
2024_0412_10:43:43 13 50.103125 -49.6875
2024_0412_10:43:43 12 -14.43125 62.4875
2024_0412_10:43:43 12 89.2 91.709375
2024_0412_10:43:44 12 92.415625 92.56875
2024_0412_10:43:46 12 91.24375 88.75625
2024_0412_10:43:47 12 90.196875 90.453125
2024_0412_10:43:47 12 89.33125 90.2125
2024_0412_10:44:46 13 90.740625 91.615625
2024_0412_10:44:50 13 45.590625 10.7625
2024_0412_10:45:31 13 0.940625 0.309375
2024_0412_10:45:46 13 91.046875 87.20625
2024_0412_10:46:31 13 -0.596875 -0.015625
2024_0412_10:49:11 13 0.034375 -0.75
2024_0412_10:49:12 14 0.690625 -0.1375
2024_0412_10:49:13 13 92.428125 92.634375
2024_0412_10:49:13 13 38.384375 37.009375
2024_0412_10:49:15 13 1.403125 -0.71875
2024_0412_10:49:16 13 91.06875 91.09375
2024_0412_10:49:16 14 0.484375 -0.115625
2024_0412_10:49:18 14 -11.575 13.2375
2024_0412_10:49:18 14 0.38125 -0.375
2024_0412_10:49:19 14 90.05 90.88125
2024_0412_10:49:23 14 92.78125 91.490625
2024_0412_10:50:47 14 -0.284375 -0.60625
2024_0412_10:50:56 14 44.528125 87.88125
2024_0412_10:52:04 14 1.59375 -2.25
2024_0412_10:52:05 14 92.409375 91.5375
2024_0412_10:52:23 14 88.775 84.528125
2024_0412_10:54:41 14 0.484375 0.078125
2024_0412_10:54:45 14 0.346875 -0.040625
2024_0412_10:54:49 14 89.25 90.565625
2024_0412_10:54:49 15 -0.3 0.225
2024_0412_10:54:53 15 0.33125 0.3
2024_0412_10:54:54 15 6.528125 3.75625
2024_0412_10:54:55 15 44.175 26.775
2024_0412_10:54:57 15 -39.403125 48.1125
2024_0412_10:54:58 15 -0.134375 0.590625
2024_0412_10:54:59 15 89.659375 87.546875
2024_0412_10:57:04 15 92.5375 92.28125
2024_0412_10:57:08 15 -0.059375 -0.35625
2024_0412_10:57:39 15 92.103125 91.325
2024_0412_10:58:16 15 -0.4875 -0.540625
2024_0412_10:58:44 15 -1.421875 0.796875
2024_0412_10:59:01 16 -0.234375 0.3625
2024_0412_11:00:14 16 34.4 71.49375
2024_0412_11:00:19 16 90.753125 90.83125
2024_0412_11:00:20 16 8.325 -8.76875
2024_0412_11:00:22 16 16.909375 -17.23125
2024_0412_11:00:27 17 -80.41875 79.821875
2024_0412_11:00:27 16 17.615625 14.996875
2024_0412_11:00:28 17 0.359375 0.103125
2024_0412_11:00:29 16 -6.678125 6.975
2024_0412_11:00:35 17 23.128125 26.403125
2024_0412_11:00:38 17 81.559375 60.490625
2024_0412_11:03:12 17 -49.99375 99.98125
2024_0412_11:03:16 17 0.21875 -0.071875
2024_0412_11:03:36 17 -8.91875 9.45
2024_0412_11:04:58 17 0.025 -0.175
2024_0412_11:05:00 17 15.84375 13.928125
2024_0412_11:05:44 18 -99.96875 49.959375
2024_0412_11:05:48 18 -50.0 -99.996875
2024_0412_11:05:53 18 45.0375 -2.2875
2024_0412_11:05:54 18 93.165625 -50.378125
2024_0412_11:05:59 18 91.85625 89.903125
2024_0412_11:06:01 19 23.2625 36.071875
2024_0412_11:06:04 18 40.74375 -39.91875
2024_0412_11:06:04 18 -24.565625 23.3375
2024_0412_11:06:13 19 -36.55 44.71875
2024_0412_11:06:16 19 38.509375 -4.534375
2024_0412_11:08:43 20 0.26875 82.784375
2024_0412_11:09:25 20 -0.65625 -0.38125
2024_0412_11:10:36 20 -11.4 12.15625
2024_0412_11:10:48 20 0.165625 -0.46875
2024_0412_11:11:05 20 3.678125 -0.34375
2024_0412_11:11:05 20 -0.453125 -0.203125
2024_0412_11:11:10 4 89.371875 88.85
2024_0412_11:11:14 15 0.378125 -0.43125
2024_0412_11:11:18 17 24.503125 -3.153125
2024_0412_11:11:19 18 90.5375 89.953125
2024_0412_11:11:35 20 25.2 -8.49375
2024_0412_11:17:04 7 91.24375 91.190625
2024_0412_11:17:05 7 91.2 91.58125
2024_0412_11:17:06 11 -0.584375 1.034375
2024_0412_11:17:07 8 89.240625 90.490625
2024_0412_11:17:07 5 92.8 92.4
2024_0412_11:17:08 6 92.86875 92.44375
2024_0412_11:17:08 11 92.5375 92.575
2024_0412_11:17:09 10 91.03125 91.125
2024_0412_11:17:09 1 92.55625 92.771875
2024_0412_11:17:10 9 93.3625 93.246875
2024_0412_11:17:10 11 0.25625 -0.578125
2024_0412_11:17:11 11 89.35 90.109375
2024_0412_11:17:42 3 91.56875 90.928125
2024_0412_11:17:43 2 91.546875 92.090625
2024_0412_11:17:48 11 -0.00625 0.040625
2024_0412_11:18:57 4 88.925 90.7375
2024_0412_11:22:31 11 -0.725 0.18125
2024_0412_11:22:33 12 -0.19375 0.459375
2024_0412_11:22:34 11 91.08125 91.75625
2024_0412_11:22:38 11 91.01875 90.471875
2024_0412_11:22:38 12 91.984375 90.975
2024_0412_11:22:38 12 90.540625 90.90625
2024_0412_11:22:38 11 12.7125 9.2875
2024_0412_11:22:40 12 -0.025 0.634375
2024_0412_11:22:40 12 0.071875 0.63125
2024_0412_11:22:40 13 61.5875 0.509375
2024_0412_11:22:40 12 72.409375 72.296875
2024_0412_11:22:43 12 89.396875 90.784375
2024_0412_11:23:44 13 99.99375 99.99375
2024_0412_11:23:45 13 -0.290625 -0.95625
2024_0412_11:24:13 13 91.603125 91.75
2024_0412_11:27:02 13 94.603125 -88.50625
2024_0412_11:27:59 13 -0.165625 0.0375
2024_0412_11:28:04 13 93.259375 93.26875
2024_0412_11:28:05 13 0.303125 -0.646875
2024_0412_11:28:07 13 -0.109375 0.2875
2024_0412_11:28:09 13 -0.578125 -0.296875
2024_0412_11:28:09 13 0.01875 -0.30625
2024_0412_11:28:09 14 50.0 -50.0
2024_0412_11:28:12 14 92.89375 94.84375
2024_0412_11:28:12 14 90.75625 90.759375
2024_0412_11:28:12 13 16.16875 18.0625
2024_0412_11:28:13 14 89.50625 88.325
2024_0412_11:28:14 14 -0.8125 -1.296875
2024_0412_11:29:45 14 -0.971875 0.21875
2024_0412_11:29:46 14 -2.88125 70.171875
2024_0412_11:30:22 14 72.4125 71.271875
2024_0412_11:33:29 14 -0.0375 0.8
2024_0412_11:33:31 14 49.990625 -99.98125
2024_0412_11:33:37 15 0.04375 0.04375
2024_0412_11:33:38 14 91.990625 91.984375
2024_0412_11:33:41 14 90.86875 91.446875
2024_0412_11:33:42 15 0.05 -0.1875
2024_0412_11:33:43 15 -77.228125 78.140625
2024_0412_11:33:44 15 -38.415625 43.115625
2024_0412_11:33:44 15 0.24375 1.08125
2024_0412_11:33:44 15 -1.15625 1.74375
2024_0412_11:33:45 15 89.790625 90.86875
2024_0412_11:33:46 15 -0.496875 -0.5
2024_0412_11:33:50 15 90.634375 90.490625
2024_0412_11:35:46 15 -0.478125 0.725
2024_0412_11:36:32 15 0.990625 2.040625
2024_0412_11:36:34 15 90.146875 90.884375
2024_0412_11:38:59 16 -0.80625 0.784375
2024_0412_11:39:01 16 -10.353125 9.428125
2024_0412_11:39:12 16 0.571875 -0.29375
2024_0412_11:39:12 16 -1.015625 -0.271875
2024_0412_11:39:12 16 0.671875 -0.14375
2024_0412_11:39:14 16 -49.996875 -99.99375
2024_0412_11:39:14 16 -0.65 0.53125
2024_0412_11:39:15 17 21.16875 71.1875
2024_0412_11:39:17 17 93.153125 93.34375
2024_0412_11:39:20 17 88.95625 90.1125
2024_0412_11:39:25 17 10.203125 -9.878125
2024_0412_11:41:02 16 12.565625 10.98125
2024_0412_11:41:50 17 2.0625 0.653125
2024_0412_11:42:37 17 -0.203125 -0.140625
2024_0412_11:42:46 17 92.4125 92.29375
2024_0412_11:42:59 18 0.14375 1.8125
2024_0412_11:44:36 18 0.740625 0.51875
2024_0412_11:44:45 18 -12.06875 13.640625
2024_0412_11:44:46 18 91.075 42.05625
2024_0412_11:44:46 18 91.65 92.6875
2024_0412_11:44:52 18 -6.053125 5.428125
2024_0412_11:44:52 18 0.20625 0.396875
2024_0412_11:44:53 18 91.525 90.9875
2024_0412_11:44:54 18 -0.234375 -0.375
2024_0412_11:44:55 19 -0.040625 -0.340625
2024_0412_11:44:55 18 -0.525 0.45625
2024_0412_11:46:35 18 -50.0 50.0
2024_0412_11:48:00 19 -0.296875 1.1
2024_0412_11:48:05 19 6.65 77.784375
2024_0412_11:48:25 20 89.7 87.84375
2024_0412_11:48:39 20 39.178125 -5.125
2024_0412_11:48:49 20 -9.690625 68.75625
2024_0412_11:50:10 20 0.0 0.0
2024_0412_11:50:11 20 3.084375 49.228125
2024_0412_11:50:11 20 90.240625 45.728125
2024_0412_11:50:12 17 1.11875 0.040625
2024_0412_11:50:23 18 91.26875 91.671875
2024_0412_11:55:53 7 79.009375 90.4125
2024_0412_11:55:54 11 0.36875 -0.628125
2024_0412_11:55:55 11 0.128125 0.109375
2024_0412_11:55:55 5 92.434375 92.575
2024_0412_11:55:55 11 0.071875 0.528125
2024_0412_11:55:57 3 89.925 90.625
2024_0412_11:55:57 6 92.646875 92.6375
2024_0412_11:55:57 2 90.853125 91.053125
2024_0412_11:55:58 11 0.128125 -0.771875
2024_0412_11:55:58 8 87.921875 91.271875
2024_0412_11:55:58 4 90.7875 91.178125
2024_0412_11:56:00 1 92.353125 92.7125
2024_0412_11:56:37 7 90.3125 91.234375
2024_0412_11:56:51 9 93.128125 93.440625
2024_0412_11:58:00 10 92.359375 44.378125
2024_0412_11:58:17 11 -99.996875 -49.99375
2024_0412_12:01:25 11 -1.2625 -0.928125
2024_0412_12:01:25 11 99.99375 -49.996875
2024_0412_12:01:26 11 92.975 92.64375
2024_0412_12:01:26 11 89.903125 90.2625
2024_0412_12:01:28 11 49.99375 99.9875
2024_0412_12:01:29 11 94.1875 -24.521875
2024_0412_12:01:29 11 92.625 92.2
2024_0412_12:01:30 11 0.409375 -0.4125
2024_0412_12:01:31 11 91.434375 90.809375
2024_0412_12:01:31 11 0.421875 4.634375
2024_0412_12:01:33 11 92.559375 92.571875
2024_0412_12:01:33 11 0.24375 -0.09375
2024_0412_12:02:51 11 0.184375 -0.996875
2024_0412_12:03:07 11 90.271875 90.715625
2024_0412_12:05:39 12 92.70625 92.7125
2024_0412_12:06:30 12 95.9875 41.428125
2024_0412_12:06:55 12 92.159375 92.1625
2024_0412_12:06:57 12 -0.9125 -0.025
2024_0412_12:06:58 12 91.228125 90.8125
2024_0412_12:06:59 12 0.315625 -0.18125
2024_0412_12:07:00 12 69.571875 72.14375
2024_0412_12:07:00 12 89.94375 91.546875
2024_0412_12:07:01 12 -0.228125 0.35625
2024_0412_12:07:02 12 89.98125 89.609375
2024_0412_12:07:04 12 0.0 0.678125
2024_0412_12:07:05 12 90.24375 89.85
2024_0412_12:07:07 12 91.85 90.865625
2024_0412_12:07:08 12 0.615625 0.346875
2024_0412_12:09:05 12 16.684375 16.046875
2024_0412_12:09:21 12 -0.35625 0.725
2024_0412_12:12:28 13 -0.3 -0.065625
2024_0412_12:12:31 13 90.81875 87.275
2024_0412_12:12:32 13 90.165625 91.409375
2024_0412_12:12:33 13 94.415625 91.01875
2024_0412_12:12:34 13 0.590625 0.059375
2024_0412_12:12:34 13 91.640625 91.45625
2024_0412_12:12:35 13 91.525 46.29375
2024_0412_12:12:37 13 90.609375 89.471875
2024_0412_12:12:38 13 85.609375 12.128125
2024_0412_12:12:38 13 89.16875 92.65
2024_0412_12:12:41 13 -2.253125 3.75
2024_0412_12:12:45 13 0.23125 -0.028125
2024_0412_12:13:21 13 1.10625 25.0
2024_0412_12:15:21 13 92.85 92.7
2024_0412_12:15:37 13 84.684375 90.015625
2024_0412_12:15:57 13 -0.296875 1.31875
2024_0412_12:17:57 13 0.325 -0.49375
2024_0412_12:18:01 13 1.671875 0.15
2024_0412_12:18:01 13 49.99375 99.98125
2024_0412_12:18:02 13 -0.5375 -0.115625
2024_0412_12:18:06 13 0.375 -0.421875
2024_0412_12:18:07 14 -0.896875 0.6
2024_0412_12:18:09 13 91.046875 90.51875
2024_0412_12:18:09 13 87.0 89.453125
2024_0412_12:18:09 14 32.05625 31.41875
2024_0412_12:18:11 14 19.8625 -20.265625
2024_0412_12:18:19 14 -7.915625 33.13125
2024_0412_12:18:20 14 90.1 87.678125
2024_0412_12:21:11 14 90.365625 90.3625
2024_0412_12:21:53 14 73.384375 73.55
2024_0412_12:23:28 14 91.909375 91.865625
2024_0412_12:23:31 14 -99.99375 -49.996875
2024_0412_12:23:33 14 92.534375 92.4875
2024_0412_12:23:34 14 69.3 18.9375
2024_0412_12:23:38 14 90.43125 90.53125
2024_0412_12:23:39 14 -20.40625 19.771875
2024_0412_12:23:42 14 92.740625 91.5625
2024_0412_12:23:43 14 92.05 41.978125
2024_0412_12:23:44 14 21.44375 20.675
2024_0412_12:23:46 14 13.196875 13.878125
2024_0412_12:23:49 14 7.6375 0.49375
2024_0412_12:23:50 14 49.996875 -99.99375
2024_0412_12:24:15 14 90.771875 89.125
2024_0412_12:25:28 14 9.790625 5.871875
2024_0412_12:27:33 14 -0.6875 0.21875
2024_0412_12:29:01 15 0.38125 0.171875
2024_0412_12:29:02 14 92.653125 92.378125
2024_0412_12:29:05 15 76.509375 76.5
2024_0412_12:29:09 15 14.934375 14.659375
2024_0412_12:29:12 15 89.496875 89.203125
2024_0412_12:29:13 15 27.0 -26.9
2024_0412_12:29:15 15 -93.071875 97.8125
2024_0412_12:29:17 15 92.45 92.91875
2024_0412_12:29:22 15 1.4375 0.021875
2024_0412_12:29:24 15 89.0375 88.6875
2024_0412_12:29:27 15 0.034375 0.55625
2024_0412_12:29:31 14 0.528125 -0.478125
2024_0412_12:29:44 15 0.83125 0.915625
2024_0412_12:30:29 15 1.14375 -0.23125
2024_0412_12:33:35 15 -10.021875 9.471875
2024_0412_12:33:47 15 45.278125 -0.640625
2024_0412_12:34:28 15 -0.503125 -0.18125
2024_0412_12:34:30 15 -0.525 0.153125
2024_0412_12:34:36 15 73.80625 74.296875
2024_0412_12:34:40 15 0.640625 0.35
2024_0412_12:34:45 15 0.7375 0.1
2024_0412_12:34:47 15 -0.5875 -1.175
2024_0412_12:34:47 15 -1.103125 6.978125
2024_0412_12:34:53 15 91.121875 89.40625
2024_0412_12:34:59 16 0.703125 -0.4125
2024_0412_12:35:00 16 -9.375 11.096875
2024_0412_12:35:01 15 93.38125 93.4
2024_0412_12:35:13 16 -1.00625 0.2625
2024_0412_12:36:43 16 -0.771875 36.121875
2024_0412_12:36:52 16 -0.046875 -1.6625
2024_0412_12:39:58 16 -2.23125 0.78125
2024_0412_12:40:03 16 92.25625 92.175
2024_0412_12:40:03 16 93.15 93.634375
2024_0412_12:40:09 16 89.946875 89.965625
2024_0412_12:40:17 16 33.571875 41.996875
2024_0412_12:40:17 16 0.353125 0.578125
2024_0412_12:40:20 16 21.165625 45.25
2024_0412_12:40:22 16 -7.8125 8.134375
2024_0412_12:40:28 16 -0.584375 0.11875
2024_0412_12:40:33 16 0.075 -0.5375
2024_0412_12:40:38 17 -0.890625 -1.08125
2024_0412_12:41:05 16 84.61875 13.09375
2024_0412_12:41:31 17 -0.009375 -1.190625
2024_0412_12:42:52 17 -27.11875 55.996875
2024_0412_12:42:56 17 45.91875 77.56875
2024_0412_12:45:00 17 72.33125 71.246875
2024_0412_12:45:28 17 0.690625 0.3625
2024_0412_12:45:37 17 92.85 92.634375
2024_0412_12:45:39 17 37.05 12.46875
2024_0412_12:45:50 17 1.603125 -1.68125
2024_0412_12:45:50 17 93.89375 -1.49375
2024_0412_12:45:56 17 14.865625 12.0875
2024_0412_12:46:04 17 1.8375 0.45625
2024_0412_12:46:20 17 80.709375 89.009375
2024_0412_12:46:37 17 13.215625 13.615625
2024_0412_12:47:07 17 14.94375 -14.59375
2024_0412_12:48:15 18 89.84375 90.634375
2024_0412_12:48:27 18 -0.025 -0.315625
2024_0412_12:48:48 17 7.35 2.58125
2024_0412_12:49:08 18 0.68125 0.56875
2024_0412_12:49:13 18 -0.88125 0.796875
2024_0412_12:51:04 18 -20.340625 20.38125
2024_0412_12:51:12 18 0.06875 -0.184375
2024_0412_12:51:21 18 12.31875 -11.784375
2024_0412_12:51:27 18 92.990625 92.784375
2024_0412_12:51:29 18 90.41875 90.759375
2024_0412_12:51:45 18 0.25 0.115625
2024_0412_12:52:04 18 -0.059375 -0.8125
2024_0412_12:52:40 18 4.475 0.134375
2024_0412_12:52:45 18 -49.521875 49.428125
2024_0412_12:52:55 18 88.63125 90.103125
2024_0412_12:53:25 18 27.703125 -28.121875
2024_0412_12:54:03 18 0.2625 0.065625
2024_0412_12:54:11 18 -49.996875 99.99375
2024_0412_12:54:57 18 -9.9375 10.246875
2024_0412_12:55:02 18 93.340625 93.13125
2024_0412_12:55:39 18 -28.86875 13.803125
2024_0412_12:57:10 18 -0.9 0.275
2024_0412_12:57:20 18 0.475 0.271875
2024_0412_12:57:22 18 75.675 38.015625
2024_0412_12:57:34 19 -2.95 -0.39375
2024_0412_12:57:58 19 20.85 -19.809375
2024_0412_12:58:42 19 87.978125 90.353125
2024_0412_12:58:58 19 -27.803125 48.4
2024_0412_12:59:01 19 96.871875 -35.525
2024_0412_12:59:26 20 37.440625 37.3375
2024_0412_12:59:50 19 46.065625 46.35
2024_0412_13:00:03 20 0.2625 -0.140625
2024_0412_13:00:12 20 76.96875 61.34375
2024_0412_13:00:53 20 8.05625 -8.05
2024_0412_13:01:02 20 70.921875 5.128125
2024_0412_13:02:02 20 -0.221875 0.775
2024_0412_13:02:37 20 90.73125 90.765625
2024_0412_13:03:03 20 -14.678125 15.58125
2024_0412_13:03:20 20 5.5125 0.328125
2024_0412_13:03:21 20 72.49375 72.096875
2024_0412_13:03:26 20 -0.559375 0.1625
2024_0412_13:03:57 20 -0.740625 0.221875
2024_0412_13:04:35 20 -0.91875 47.784375
2024_0412_13:05:11 14 88.475 11.071875
2024_0412_13:05:14 16 -4.49375 48.771875
2024_0412_13:05:54 17 9.59375 -9.45
2024_0412_13:05:55 17 1.4125 -0.3375
2024_0412_13:06:04 15 18.371875 68.728125
2024_0412_13:06:34 17 15.228125 -14.05625
2024_0412_13:06:43 17 90.334375 90.75
2024_0412_13:06:46 17 13.04375 -8.796875
2024_0412_13:08:09 18 91.20625 84.428125
2024_0412_13:08:11 18 90.215625 90.884375
2024_0412_13:14:03 4 88.990625 90.55625
2024_0412_13:14:03 6 92.628125 92.5125
2024_0412_13:14:03 11 89.928125 90.9125
2024_0412_13:14:04 11 -0.553125 0.471875
2024_0412_13:14:04 8 91.259375 91.83125
2024_0412_13:14:04 5 92.571875 92.63125
2024_0412_13:14:05 7 90.659375 90.3
2024_0412_13:14:05 11 0.503125 0.703125
2024_0412_13:14:05 11 -0.090625 1.16875
2024_0412_13:14:08 3 91.421875 91.10625
2024_0412_13:14:08 1 92.471875 92.60625
2024_0412_13:14:09 9 93.003125 93.3
2024_0412_13:14:18 7 90.534375 90.04375
2024_0412_13:14:20 2 89.78125 91.1375
2024_0412_13:15:14 10 91.15 91.684375
2024_0412_13:15:30 10 91.70625 89.95625
2024_0412_13:19:49 11 91.2 90.95
2024_0412_13:19:51 11 -1.85 0.50625
2024_0412_13:19:51 11 -0.853125 0.16875
2024_0412_13:19:52 11 0.071875 -0.034375
2024_0412_13:19:52 11 0.196875 0.178125
2024_0412_13:19:52 11 89.21875 90.8625
2024_0412_13:19:54 11 0.234375 -0.584375
2024_0412_13:19:54 11 -99.99375 49.996875
2024_0412_13:19:56 11 0.353125 -1.09375
2024_0412_13:19:56 11 -2.790625 44.703125
2024_0412_13:19:56 11 -0.034375 0.096875
2024_0412_13:19:57 11 89.990625 90.615625
2024_0412_13:20:39 11 0.49375 0.159375
2024_0412_13:20:46 11 91.971875 91.203125
2024_0412_13:22:08 11 -24.40625 93.196875
2024_0412_13:22:41 12 91.96875 92.078125
2024_0412_13:25:39 12 92.540625 92.209375
2024_0412_13:25:40 12 87.7875 44.6
2024_0412_13:25:42 12 0.425 -0.18125
2024_0412_13:25:44 12 0.65 0.490625
2024_0412_13:25:44 12 -22.25625 22.215625
2024_0412_13:25:45 12 -0.903125 1.009375
2024_0412_13:25:46 12 90.85 90.6125
2024_0412_13:25:49 12 0.50625 -0.165625
2024_0412_13:25:50 12 44.590625 44.278125
2024_0412_13:25:51 12 48.103125 47.403125
2024_0412_13:25:51 12 89.4125 90.30625
2024_0412_13:25:51 12 90.9 90.06875
2024_0412_13:26:51 12 -0.103125 -0.83125
2024_0412_13:26:59 13 -0.115625 -0.121875
2024_0412_13:29:12 13 90.765625 89.99375
2024_0412_13:30:21 13 -1.040625 -0.55625
2024_0412_13:31:23 13 -0.596875 -0.0875
2024_0412_13:31:25 13 0.571875 0.125
2024_0412_13:31:26 13 73.8625 73.86875
2024_0412_13:31:33 13 49.99375 49.99375
2024_0412_13:31:34 13 33.703125 -4.646875
2024_0412_13:31:34 13 -0.021875 0.828125
2024_0412_13:31:35 13 99.99375 99.9875
2024_0412_13:31:36 13 5.421875 5.090625
2024_0412_13:31:37 13 0.64375 0.121875
2024_0412_13:31:38 13 1.8125 -1.21875
2024_0412_13:31:38 13 0.971875 0.36875
2024_0412_13:31:39 13 90.9 89.60625
2024_0412_13:33:01 13 0.384375 0.553125
2024_0412_13:33:12 13 0.575 -0.725
2024_0412_13:36:12 13 1.04375 1.134375
2024_0412_13:37:14 13 46.34375 46.209375
2024_0412_13:37:16 13 -0.65 -1.03125
2024_0412_13:37:16 13 89.209375 83.10625
2024_0412_13:37:22 13 91.034375 91.63125
2024_0412_13:37:25 13 8.559375 -10.053125
2024_0412_13:37:25 14 0.475 0.2375
2024_0412_13:37:25 13 91.284375 91.546875
2024_0412_13:37:26 14 0.771875 -0.09375
2024_0412_13:37:27 14 0.19375 -0.034375
2024_0412_13:37:29 14 15.353125 13.546875
2024_0412_13:37:29 14 -4.28125 55.96875
2024_0412_13:37:31 14 30.015625 31.578125
2024_0412_13:37:31 14 23.34375 24.36875
2024_0412_13:39:17 14 91.240625 91.15
2024_0412_13:39:29 14 89.946875 89.334375
2024_0412_13:43:01 14 0.059375 0.24375
2024_0412_13:43:01 14 49.996875 99.99375
2024_0412_13:43:04 14 91.0375 91.80625
2024_0412_13:43:06 14 44.521875 45.215625
2024_0412_13:43:08 14 0.6625 -0.1625
2024_0412_13:43:12 14 -0.25625 -0.0125
2024_0412_13:43:13 14 90.678125 90.921875
2024_0412_13:43:15 14 -1.084375 0.33125
2024_0412_13:43:16 14 -0.440625 0.34375
2024_0412_13:43:16 14 37.578125 -42.86875
2024_0412_13:43:22 14 88.25625 90.928125
2024_0412_13:43:22 14 -20.728125 21.384375
2024_0412_13:43:26 14 92.43125 92.584375
2024_0412_13:44:57 14 -20.6375 19.7625
2024_0412_13:45:27 14 1.040625 -0.271875
2024_0412_13:45:48 15 91.2875 89.640625
2024_0412_13:48:44 15 -1.353125 0.109375
2024_0412_13:48:53 15 0.984375 -0.753125
2024_0412_13:48:56 15 90.5125 83.36875
2024_0412_13:49:01 15 91.209375 87.85
2024_0412_13:49:06 15 5.371875 -1.634375
2024_0412_13:49:07 15 39.0625 39.040625
2024_0412_13:49:08 15 73.26875 74.2875
2024_0412_13:49:14 15 -0.434375 0.321875
2024_0412_13:49:15 15 -0.14375 -0.6125
2024_0412_13:49:16 15 72.634375 72.603125
2024_0412_13:49:20 15 47.4875 -37.9
2024_0412_13:50:20 15 -0.6625 0.590625
2024_0412_13:51:37 15 90.215625 88.509375
2024_0412_13:51:57 15 1.5125 -0.115625
2024_0412_13:52:10 15 -0.025 -1.053125
2024_0412_13:52:47 15 88.440625 88.596875
2024_0412_13:54:32 15 43.34375 90.146875
2024_0412_13:54:46 15 0.2 0.26875
2024_0412_13:54:52 15 2.209375 14.221875
2024_0412_13:54:53 15 62.0625 62.228125
2024_0412_13:54:58 15 44.13125 43.09375
2024_0412_13:54:59 15 99.99375 99.99375
2024_0412_13:55:03 16 92.8375 92.4
2024_0412_13:55:08 16 -9.4375 29.421875
2024_0412_13:55:08 16 -0.4375 -0.678125
2024_0412_13:55:08 16 0.05 -1.43125
2024_0412_13:57:21 16 99.9875 -49.990625
2024_0412_13:57:21 16 5.809375 32.15625
2024_0412_13:57:43 16 -18.184375 84.44375
2024_0412_13:58:16 16 46.6625 46.36875
2024_0412_13:59:25 16 90.56875 90.65625
2024_0412_13:59:43 16 84.503125 66.84375
2024_0412_14:00:23 16 4.1875 -16.59375
2024_0412_14:00:42 16 0.05625 -0.571875
2024_0412_14:00:44 17 0.309375 0.503125
2024_0412_14:00:49 16 90.409375 90.615625
2024_0412_14:00:57 17 92.0125 88.703125
2024_0412_14:00:58 17 67.74375 68.409375
2024_0412_14:01:01 17 0.090625 0.20625
2024_0412_14:01:01 17 17.728125 18.221875
2024_0412_14:01:01 17 -0.421875 -0.546875
2024_0412_14:03:20 17 43.025 55.346875
2024_0412_14:04:01 17 -1.4 0.328125
2024_0412_14:05:41 17 27.16875 39.584375
2024_0412_14:05:42 17 -0.953125 0.34375
2024_0412_14:06:17 17 -0.49375 -0.0125
2024_0412_14:06:28 17 32.184375 31.3
2024_0412_14:06:31 17 -0.596875 0.190625
2024_0412_14:06:32 17 98.334375 -5.0625
2024_0412_14:06:36 17 70.071875 -5.225
2024_0412_14:06:41 17 0.609375 -0.44375
2024_0412_14:06:53 17 9.615625 -8.946875
2024_0412_14:06:53 17 98.45 -34.58125
2024_0412_14:06:54 17 23.853125 40.45
2024_0412_14:06:58 18 -7.621875 8.728125
2024_0412_14:07:07 18 46.69375 -43.471875
2024_0412_14:09:12 18 -0.134375 0.159375
2024_0412_14:10:16 18 -20.934375 22.546875
2024_0412_14:10:17 18 -36.0875 51.028125
2024_0412_14:11:39 18 14.734375 14.965625
2024_0412_14:12:07 18 49.99375 -100.0
2024_0412_14:12:22 18 0.553125 0.0
2024_0412_14:12:27 18 71.68125 71.584375
2024_0412_14:12:27 18 -99.9875 99.99375
2024_0412_14:12:39 18 18.009375 19.559375
2024_0412_14:12:42 18 -1.075 0.128125
2024_0412_14:12:43 18 0.7875 0.7625
2024_0412_14:12:48 18 20.51875 -19.99375
2024_0412_14:12:50 18 -0.725 -0.928125
2024_0412_14:12:54 18 72.453125 72.109375
2024_0412_14:13:00 18 -1.078125 -0.075
2024_0412_14:13:30 18 0.715625 -0.215625
2024_0412_14:15:07 18 43.709375 45.6625
2024_0412_14:16:31 18 -0.51875 -0.69375
2024_0412_14:17:35 19 90.35 87.09375
2024_0412_14:18:11 19 49.43125 48.790625
2024_0412_14:18:24 19 93.15625 86.771875
2024_0412_14:18:25 18 90.053125 90.65625
2024_0412_14:18:26 19 -11.05625 31.184375
2024_0412_14:18:29 19 90.253125 91.0125
2024_0412_14:18:37 19 -2.26875 7.621875
2024_0412_14:18:39 19 0.153125 -0.553125
2024_0412_14:18:42 19 0.0625 0.00625
2024_0412_14:18:46 19 24.76875 -24.04375
2024_0412_14:18:53 20 -99.99375 -99.99375
2024_0412_14:19:06 20 63.88125 84.428125
2024_0412_14:19:52 20 50.971875 73.490625
2024_0412_14:20:15 19 -8.696875 9.6125
2024_0412_14:22:42 20 43.021875 46.3
2024_0412_14:23:37 20 72.846875 71.3875
2024_0412_14:24:21 20 44.790625 89.4875
2024_0412_14:24:22 20 12.996875 12.16875
2024_0412_14:24:26 20 -1.0 0.10625
2024_0412_14:24:33 20 91.49375 89.74375
2024_0412_14:24:35 20 8.55625 -9.359375
2024_0412_14:24:41 15 -1.23125 -1.16875
2024_0412_14:24:46 16 92.9625 93.24375
2024_0412_14:24:51 16 43.6125 -1.1875
2024_0412_14:25:01 16 44.28125 43.959375
2024_0412_14:25:33 20 0.23125 0.221875
2024_0412_14:26:07 17 90.30625 90.090625
2024_0412_14:26:22 17 0.596875 -0.265625
2024_0412_14:26:27 18 0.35625 -1.4625
2024_0412_14:27:05 18 89.603125 90.4125
2024_0412_14:29:12 20 -54.51875 74.15
2024_0412_14:31:48 20 14.884375 13.696875
2024_0412_14:37:39 7 91.3375 91.178125
2024_0412_14:37:43 8 91.978125 91.475
2024_0412_14:37:43 2 91.453125 91.725
2024_0412_14:37:45 6 92.446875 92.825
2024_0412_14:37:47 11 90.975 44.725
2024_0412_14:37:48 5 92.3625 92.05625
2024_0412_14:37:48 4 88.615625 87.84375
2024_0412_14:37:48 3 88.99375 90.16875
2024_0412_14:37:49 1 92.365625 92.625
2024_0412_14:37:50 7 91.315625 90.1125
2024_0412_14:37:50 11 92.246875 92.675
2024_0412_14:37:50 10 91.89375 91.0875
2024_0412_14:38:02 11 93.2875 93.00625
2024_0412_14:38:03 9 93.26875 91.9375
2024_0412_14:38:30 7 90.734375 90.8625
2024_0412_14:39:45 10 92.55 91.65625
2024_0412_14:43:30 11 91.175 91.103125
2024_0412_14:43:33 11 0.08125 -1.33125
2024_0412_14:43:34 11 -0.790625 1.3125
2024_0412_14:43:38 11 -0.559375 0.5875
2024_0412_14:43:41 11 -0.784375 0.30625
2024_0412_14:43:41 11 90.859375 88.7875
2024_0412_14:43:41 11 -0.484375 -0.271875
2024_0412_14:43:42 11 -0.2875 0.91875
2024_0412_14:43:44 11 -0.3125 -0.940625
2024_0412_14:43:45 11 92.040625 92.196875
2024_0412_14:43:49 11 0.559375 0.815625
2024_0412_14:43:51 11 1.50625 1.4875
2024_0412_14:44:13 11 90.85 90.440625
2024_0412_14:44:15 11 91.165625 90.415625
2024_0412_14:45:52 11 23.79375 22.996875
2024_0412_14:46:53 11 90.925 90.71875
2024_0412_14:49:25 11 91.23125 90.75625
2024_0412_14:49:27 11 92.590625 92.4125
2024_0412_14:49:29 11 0.8125 0.58125
2024_0412_14:49:30 11 -0.115625 -0.3875
2024_0412_14:49:33 11 0.615625 1.025
2024_0412_14:49:35 11 91.80625 88.571875
2024_0412_14:49:35 11 -0.009375 -0.209375
2024_0412_14:49:36 11 -13.078125 62.2875
2024_0412_14:49:43 12 -0.096875 -0.359375
2024_0412_14:49:43 12 0.534375 0.73125
2024_0412_14:49:45 12 90.80625 90.228125
2024_0412_14:49:45 12 92.76875 92.725
2024_0412_14:50:19 12 -0.490625 0.296875
2024_0412_14:50:25 12 0.234375 -0.61875
2024_0412_14:52:57 12 88.565625 92.815625
2024_0412_14:53:45 12 -0.39375 -0.1625
2024_0412_14:55:20 12 -1.05 0.3625
2024_0412_14:55:22 12 -0.175 0.221875
2024_0412_14:55:22 12 18.4125 18.540625
2024_0412_14:55:24 12 93.003125 93.34375
2024_0412_14:55:24 12 0.071875 0.184375
2024_0412_14:55:27 12 -0.25 -0.009375
2024_0412_14:55:28 12 44.915625 91.6125
2024_0412_14:55:29 12 99.9875 -99.9875
2024_0412_14:55:35 12 0.34375 0.584375
2024_0412_14:55:38 12 92.328125 92.59375
2024_0412_14:55:39 12 89.453125 90.5
2024_0412_14:55:46 12 0.496875 -0.35
2024_0412_14:56:28 12 0.678125 -0.440625
2024_0412_14:56:31 12 0.121875 -0.159375
2024_0412_15:00:20 13 92.76875 92.728125
2024_0412_15:00:37 13 0.03125 0.471875
2024_0412_15:01:16 13 2.1125 -0.959375
2024_0412_15:01:18 13 0.075 -0.2125
2024_0412_15:01:19 13 92.09375 91.953125
2024_0412_15:01:20 13 45.1875 90.365625
2024_0412_15:01:20 13 92.35 92.453125
2024_0412_15:01:20 13 99.99375 -49.996875
2024_0412_15:01:21 13 90.665625 90.1875
2024_0412_15:01:24 13 92.734375 92.965625
2024_0412_15:01:32 13 0.65 0.490625
2024_0412_15:01:33 13 -0.359375 -0.60625
2024_0412_15:01:34 13 49.990625 -49.984375
2024_0412_15:01:46 13 89.05 90.615625
2024_0412_15:02:35 13 10.4125 -10.10625
2024_0412_15:03:28 13 73.26875 74.278125
2024_0412_15:06:44 13 88.80625 47.096875
2024_0412_15:07:06 13 99.9875 49.996875
2024_0412_15:07:09 13 92.628125 92.5
2024_0412_15:07:10 13 0.30625 1.1375
2024_0412_15:07:11 13 1.71875 1.215625
2024_0412_15:07:15 13 -4.2 45.55625
2024_0412_15:07:15 13 88.65 91.578125
2024_0412_15:07:16 13 90.3 82.246875
2024_0412_15:07:20 13 44.915625 46.01875
2024_0412_15:07:23 13 10.7 -10.471875
2024_0412_15:07:26 13 0.375 -0.709375
2024_0412_15:07:34 13 73.69375 73.3125
2024_0412_15:07:39 13 -0.128125 -0.278125
2024_0412_15:07:40 13 0.415625 0.190625
2024_0412_15:08:44 13 89.846875 89.68125
2024_0412_15:10:53 13 88.346875 90.78125
2024_0412_15:12:50 13 -24.9 25.034375
2024_0412_15:12:59 13 1.009375 0.090625
2024_0412_15:13:01 13 0.59375 0.415625
2024_0412_15:13:03 14 49.984375 -49.990625
2024_0412_15:13:09 13 47.321875 47.578125
2024_0412_15:13:09 14 -0.259375 -0.078125
2024_0412_15:13:10 14 99.98125 -99.95
2024_0412_15:13:11 14 90.625 90.403125
2024_0412_15:13:14 14 -11.00625 10.296875
2024_0412_15:13:22 14 -0.55 0.15
2024_0412_15:13:24 14 -1.059375 -1.340625
2024_0412_15:13:32 14 89.40625 42.846875
2024_0412_15:13:41 14 73.88125 73.828125
2024_0412_15:14:50 14 0.66875 0.121875
2024_0412_15:15:12 14 -13.878125 13.303125
2024_0412_15:18:01 14 90.3125 89.3
2024_0412_15:18:50 14 90.503125 92.80625
2024_0412_15:18:56 14 -0.3375 -0.328125
2024_0412_15:19:00 14 92.340625 92.028125
2024_0412_15:19:02 14 89.828125 90.715625
2024_0412_15:19:02 14 0.165625 0.0
2024_0412_15:19:03 14 13.2 14.990625
2024_0412_15:19:05 14 -1.29375 0.80625
2024_0412_15:19:06 14 90.396875 89.809375
2024_0412_15:19:17 14 -0.396875 -0.9125
2024_0412_15:19:35 14 91.80625 92.31875
2024_0412_15:19:43 14 89.778125 89.025
2024_0412_15:22:18 14 45.340625 45.178125
2024_0412_15:23:27 14 92.275 90.421875
2024_0412_15:23:58 14 0.275 -0.228125
2024_0412_15:24:15 14 0.496875 0.065625
2024_0412_15:24:44 14 92.653125 91.928125
2024_0412_15:24:52 14 0.4625 0.503125
2024_0412_15:24:55 15 44.225 42.615625
2024_0412_15:24:57 14 91.096875 91.34375
2024_0412_15:24:58 15 -0.8625 0.2625
2024_0412_15:25:01 15 0.653125 -0.528125
2024_0412_15:25:01 15 -0.321875 -0.4125
2024_0412_15:25:09 14 43.94375 25.415625
2024_0412_15:25:14 15 -0.375 -1.090625
2024_0412_15:25:34 15 49.990625 -49.996875
2024_0412_15:25:41 15 90.45625 91.340625
2024_0412_15:27:33 14 91.028125 90.95
2024_0412_15:29:25 15 50.0 -49.996875
2024_0412_15:30:06 15 -9.790625 9.953125
2024_0412_15:30:07 15 -0.315625 0.203125
2024_0412_15:30:33 15 -0.85 -0.54375
2024_0412_15:30:45 15 -0.64375 -0.496875
2024_0412_15:30:51 15 12.55625 45.746875
2024_0412_15:30:53 15 -1.353125 47.9375
2024_0412_15:30:53 15 -0.334375 0.659375
2024_0412_15:30:56 15 0.725 -0.7
2024_0412_15:30:58 15 1.51875 -0.55
2024_0412_15:31:15 15 -0.1125 -0.075
2024_0412_15:31:29 15 0.015625 0.184375
2024_0412_15:31:39 15 92.240625 85.075
2024_0412_15:32:21 15 -0.44375 -0.803125
2024_0412_15:33:53 15 88.290625 90.91875
2024_0412_15:35:18 15 -0.609375 -0.371875
2024_0412_15:35:22 15 92.2875 93.2125
2024_0412_15:36:15 15 -0.378125 -0.3875
2024_0412_15:36:24 15 92.89375 91.3375
2024_0412_15:36:36 15 0.65 0.328125
2024_0412_15:36:43 15 17.4 16.2125
2024_0412_15:36:49 15 79.65625 66.09375
2024_0412_15:36:52 15 7.109375 -0.934375
2024_0412_15:36:52 15 90.671875 91.590625
2024_0412_15:37:13 15 0.984375 0.009375
2024_0412_15:37:32 15 68.903125 90.8375
2024_0412_15:37:39 15 -0.04375 0.1625
2024_0412_15:39:39 16 -0.29375 4.2375
2024_0412_15:40:47 16 91.640625 91.70625
2024_0412_15:41:06 16 90.465625 91.034375
2024_0412_15:41:16 16 14.38125 6.425
2024_0412_15:41:49 16 74.665625 88.2125
2024_0412_15:41:53 16 -1.071875 1.03125
2024_0412_15:42:13 16 88.478125 90.596875
2024_0412_15:42:29 16 89.815625 90.8875
2024_0412_15:42:37 16 65.91875 48.5375
2024_0412_15:42:43 16 92.553125 92.465625
2024_0412_15:42:46 16 49.20625 -33.89375
2024_0412_15:42:47 16 89.63125 89.778125
2024_0412_15:43:07 16 1.165625 0.5625
2024_0412_15:43:27 16 -0.06875 0.059375
2024_0412_15:43:38 16 87.04375 90.08125
2024_0412_15:45:53 16 20.671875 12.659375
2024_0412_15:46:43 16 35.8625 37.346875
2024_0412_15:47:10 16 -4.825 34.525
2024_0412_15:47:11 16 10.53125 -10.78125
2024_0412_15:48:04 16 0.040625 0.234375
2024_0412_15:48:21 16 92.046875 88.63125
2024_0412_15:48:37 16 92.3625 92.38125
2024_0412_15:48:40 17 94.01875 -1.534375
2024_0412_15:48:41 17 8.784375 0.075
2024_0412_15:48:41 17 7.334375 -7.740625
2024_0412_15:48:42 16 91.44375 90.2625
2024_0412_15:49:03 17 13.61875 12.971875
2024_0412_15:49:22 17 89.76875 90.878125
2024_0412_15:49:26 16 90.746875 91.18125
2024_0412_15:49:35 17 16.184375 -17.3375
2024_0412_15:49:36 16 2.103125 2.59375
2024_0412_15:52:11 17 57.9125 -16.053125
2024_0412_15:52:36 17 11.003125 -9.44375
2024_0412_15:53:01 17 0.33125 0.7375
2024_0412_15:53:07 17 90.61875 90.540625
2024_0412_15:54:06 17 86.29375 87.596875
2024_0412_15:54:19 17 45.940625 89.9
2024_0412_15:54:31 17 92.1625 91.90625
2024_0412_15:54:35 17 -0.853125 0.209375
2024_0412_15:54:38 17 92.13125 90.765625
2024_0412_15:54:38 17 89.44375 90.984375
2024_0412_15:54:51 17 -0.228125 0.271875
2024_0412_15:55:01 17 0.30625 -0.09375
2024_0412_15:55:25 17 39.03125 40.39375
2024_0412_15:55:34 17 0.346875 0.7625
2024_0412_15:56:48 17 91.33125 91.73125
2024_0412_15:57:09 17 0.415625 0.046875
2024_0412_15:58:27 17 88.921875 90.640625
2024_0412_15:58:30 17 -1.809375 0.528125
2024_0412_15:58:53 17 -0.99375 3.05625
2024_0412_15:59:04 17 84.41875 91.7625
2024_0412_16:00:02 17 -0.6625 0.515625
2024_0412_16:00:15 17 91.421875 93.528125
2024_0412_16:00:25 17 92.265625 92.634375
2024_0412_16:00:32 18 92.3875 92.828125
2024_0412_16:00:33 18 -10.2375 9.884375
2024_0412_16:00:34 18 -0.615625 0.521875
2024_0412_16:01:00 18 43.859375 93.0375
2024_0412_16:01:05 18 0.3 -0.896875
2024_0412_16:01:24 18 -0.19375 1.26875
2024_0412_16:01:31 18 0.45625 1.46875
2024_0412_16:03:52 18 -0.65625 3.034375
2024_0412_16:04:28 18 -29.19375 44.11875
2024_0412_16:04:42 18 90.528125 90.44375
2024_0412_16:04:47 18 -0.33125 0.28125
2024_0412_16:04:57 18 -33.821875 32.75625
2024_0412_16:05:09 18 5.35 3.240625
2024_0412_16:05:55 18 78.325 10.38125
2024_0412_16:06:09 18 6.471875 4.634375
2024_0412_16:06:25 18 0.55625 0.240625
2024_0412_16:06:27 18 91.90625 93.465625
2024_0412_16:06:28 18 91.753125 89.225
2024_0412_16:06:29 18 0.2375 -0.3875
2024_0412_16:06:53 18 0.225 2.571875
2024_0412_16:07:19 18 92.83125 92.728125
2024_0412_16:07:22 18 90.1375 91.596875
2024_0412_16:07:27 18 21.290625 12.7125
2024_0412_16:10:24 18 -1.928125 0.89375
2024_0412_16:10:42 18 -0.553125 -0.175
2024_0412_16:10:55 18 90.1875 91.13125
2024_0412_16:10:56 18 88.4125 90.075
2024_0412_16:10:59 18 90.003125 90.071875
2024_0412_16:11:49 18 -15.78125 14.765625
2024_0412_16:12:08 18 -8.140625 60.078125
2024_0412_16:12:15 18 99.99375 -49.996875
2024_0412_16:12:15 18 0.2625 0.05
2024_0412_16:12:20 18 47.646875 -47.5375
2024_0412_16:12:27 18 92.98125 92.803125
2024_0412_16:12:57 19 -0.88125 -1.003125
2024_0412_16:13:06 18 92.546875 92.58125
2024_0412_16:13:18 19 9.440625 -9.659375
2024_0412_16:13:22 19 45.24375 65.178125
2024_0412_16:13:33 19 97.9875 -7.98125
2024_0412_16:16:24 19 54.503125 65.553125
2024_0412_16:16:35 19 90.690625 42.571875
2024_0412_16:16:51 19 49.990625 -49.99375
2024_0412_16:17:12 19 44.409375 1.9125
2024_0412_16:17:40 19 -1.64375 1.221875
2024_0412_16:17:59 19 99.99375 99.99375
2024_0412_16:18:07 19 15.640625 -16.69375
2024_0412_16:18:16 19 26.15 4.8125
2024_0412_16:18:18 19 -99.9875 99.99375
2024_0412_16:18:32 19 -0.521875 -0.04375
2024_0412_16:18:40 19 -49.99375 49.99375
2024_0412_16:18:50 19 -49.75 49.96875
2024_0412_16:19:12 19 90.6875 88.496875
2024_0412_16:19:15 19 -0.334375 -0.16875
2024_0412_16:19:48 20 -1.6125 -0.04375
2024_0412_16:20:58 19 80.01875 -79.39375
2024_0412_16:22:20 20 90.796875 42.69375
2024_0412_16:22:24 20 -8.175 8.015625
2024_0412_16:22:51 20 0.1625 -0.25
2024_0412_16:23:31 20 90.8875 90.296875
2024_0412_16:23:34 20 92.69375 92.45625
2024_0412_16:23:51 20 9.9 9.759375
2024_0412_16:24:01 20 89.8125 79.634375
2024_0412_16:24:38 20 17.328125 28.3875
2024_0412_16:24:45 20 0.134375 -0.03125
2024_0412_16:25:08 20 90.8375 91.1625
2024_0412_16:25:10 20 92.35 92.346875
2024_0412_16:25:49 20 13.159375 -12.771875
2024_0412_16:26:03 20 -2.090625 -1.534375
2024_0412_16:26:20 20 0.0375 1.00625
2024_0412_16:28:00 20 1.515625 0.490625
2024_0412_16:28:09 20 0.096875 -0.74375
2024_0412_16:28:14 20 0.053125 0.15625
2024_0412_16:28:30 20 44.5125 -0.95
2024_0412_16:28:35 14 13.775 13.509375
2024_0412_16:29:19 14 -0.16875 -0.16875
2024_0412_16:29:37 15 91.875 92.871875
2024_0412_16:29:39 14 43.95625 45.10625
2024_0412_16:29:48 15 11.31875 14.215625
2024_0412_16:30:22 15 37.88125 9.55625
2024_0412_16:30:31 16 14.284375 13.296875
2024_0412_16:30:57 20 39.984375 95.225
2024_0412_16:38:51 20 91.415625 89.5875
2024_0412_16:44:42 2 90.8875 91.38125
2024_0412_16:44:43 7 90.959375 90.746875
2024_0412_16:44:43 7 91.0125 89.98125
2024_0412_16:44:43 7 90.325 90.9125
2024_0412_16:44:44 7 89.15 90.21875
2024_0412_16:44:45 7 90.98125 89.69375
2024_0412_16:44:45 7 90.584375 90.584375
2024_0412_16:44:46 2 89.909375 90.128125
2024_0412_16:44:47 1 92.425 92.565625
2024_0412_16:44:48 7 90.74375 90.834375
2024_0412_16:44:51 4 90.04375 90.659375
2024_0412_16:45:03 7 91.340625 90.825
2024_0412_16:45:04 7 90.834375 91.8
2024_0412_16:46:13 6 92.74375 92.44375
2024_0412_16:47:19 3 88.971875 90.58125
2024_0412_16:49:06 7 91.1875 91.425
2024_0412_16:50:30 8 90.134375 91.40625
2024_0412_16:50:34 9 92.675 93.075
2024_0412_16:50:34 10 91.71875 88.96875
2024_0412_16:50:37 10 92.328125 91.909375
2024_0412_16:50:38 10 91.075 91.834375
2024_0412_16:50:39 11 92.471875 92.45
2024_0412_16:50:39 10 91.634375 90.18125
2024_0412_16:50:40 11 0.234375 0.025
2024_0412_16:50:41 11 0.246875 -0.621875
2024_0412_16:50:42 10 90.696875 91.45625
2024_0412_16:51:12 11 92.14375 92.703125
2024_0412_16:51:38 11 92.49375 92.428125
2024_0412_16:53:21 11 0.19375 -0.434375
2024_0412_16:53:28 11 -99.99375 99.9875
2024_0412_16:54:22 11 -49.99375 49.996875
2024_0412_16:54:56 11 90.03125 91.709375
2024_0412_16:56:18 11 -0.221875 -0.490625
2024_0412_16:56:21 11 -0.121875 0.834375
2024_0412_16:56:21 11 -49.996875 99.99375
2024_0412_16:56:21 11 -0.740625 0.55625
2024_0412_16:56:26 11 92.56875 92.603125
2024_0412_16:56:26 11 -0.040625 -0.553125
2024_0412_16:56:29 11 -1.8 0.0625
2024_0412_16:56:29 11 90.359375 90.884375
2024_0412_16:56:32 11 89.9125 89.6375
2024_0412_16:56:33 11 91.45 91.3125
2024_0412_16:57:18 11 89.453125 89.25
2024_0412_16:57:24 11 0.890625 0.003125
2024_0412_16:59:38 11 92.859375 92.63125
2024_0412_16:59:51 11 -0.340625 -0.59375
2024_0412_17:00:38 11 0.63125 0.025
2024_0412_17:02:04 11 -0.5375 0.553125
2024_0412_17:02:07 11 -0.05 0.5125
2024_0412_17:02:08 11 -1.234375 -0.184375
2024_0412_17:02:09 11 0.33125 -0.165625
2024_0412_17:02:14 11 90.15625 91.546875
2024_0412_17:02:16 11 -0.196875 -0.26875
2024_0412_17:02:18 11 91.5 91.090625
2024_0412_17:02:22 11 -0.24375 -0.44375
2024_0412_17:02:22 11 89.203125 89.70625
2024_0412_17:02:25 11 90.478125 90.771875
2024_0412_17:03:09 11 -0.221875 -0.071875
2024_0412_17:03:18 11 46.115625 46.184375
2024_0412_17:03:26 11 92.7 92.425
2024_0412_17:05:46 11 -0.928125 -0.20625
2024_0412_17:06:21 11 -0.165625 -0.425
2024_0412_17:06:49 11 -0.1125 0.15625
2024_0412_17:07:51 11 49.996875 -99.99375
2024_0412_17:07:52 11 0.20625 -0.65625
2024_0412_17:07:56 11 0.6625 -0.3
2024_0412_17:07:56 11 -0.353125 -0.453125
2024_0412_17:08:02 11 89.9375 89.796875
2024_0412_17:08:05 11 0.821875 -0.1625
2024_0412_17:08:08 11 -0.215625 0.159375
2024_0412_17:08:13 11 0.05625 0.7
2024_0412_17:08:14 11 -0.1 0.584375
2024_0412_17:08:17 11 -0.13125 -0.096875
2024_0412_17:09:07 11 0.55625 -0.109375
2024_0412_17:09:32 11 39.975 16.621875
2024_0412_17:11:51 11 1.571875 -0.384375
2024_0412_17:12:08 11 99.9875 99.9875
2024_0412_17:12:11 11 90.565625 90.403125
2024_0412_17:13:36 11 1.159375 -0.359375
2024_0412_17:13:40 11 91.6625 90.1
2024_0412_17:13:41 11 -1.259375 -0.275
2024_0412_17:13:42 11 0.78125 -0.4875
2024_0412_17:13:52 11 89.484375 91.359375
2024_0412_17:13:54 11 44.078125 -1.746875
2024_0412_17:13:59 11 92.7875 92.628125
2024_0412_17:13:59 11 90.946875 90.80625
2024_0412_17:14:00 11 -50.0 -99.9875
2024_0412_17:14:04 11 0.53125 -0.24375
2024_0412_17:14:12 11 -0.2375 -0.34375
2024_0412_17:14:56 11 90.6 89.8875
2024_0412_17:15:36 11 0.484375 0.125
2024_0412_17:17:55 11 -49.996875 99.99375
2024_0412_17:18:00 11 -0.36875 0.06875
2024_0412_17:18:51 11 90.446875 89.88125
2024_0412_17:19:23 11 -0.08125 -0.496875
2024_0412_17:19:27 11 -0.525 0.634375
2024_0412_17:19:27 11 0.621875 0.734375
2024_0412_17:19:34 11 0.61875 0.71875
2024_0412_17:19:42 11 90.184375 91.01875
2024_0412_17:19:45 11 -0.384375 -0.5125
2024_0412_17:19:46 11 -0.584375 -0.203125
2024_0412_17:19:47 11 15.31875 15.840625
2024_0412_17:19:49 11 -99.99375 -99.9875
2024_0412_17:19:55 11 93.1 92.234375
2024_0412_17:20:43 11 -0.359375 0.375
2024_0412_17:21:40 11 0.040625 -0.653125
2024_0412_17:22:50 11 0.36875 0.640625
2024_0412_17:23:57 11 88.865625 90.221875
2024_0412_17:24:00 11 -0.403125 0.603125
2024_0412_17:25:08 11 -0.03125 -0.784375
2024_0412_17:25:12 11 -0.009375 0.096875
2024_0412_17:25:13 11 0.01875 -0.046875
2024_0412_17:25:16 11 91.284375 90.55
2024_0412_17:25:18 11 92.734375 92.309375
2024_0412_17:25:34 11 92.54375 94.14375
2024_0412_17:25:37 11 -0.809375 -0.7375
2024_0412_17:25:37 11 92.434375 93.23125
2024_0412_17:25:42 11 92.490625 92.59375
2024_0412_17:25:45 11 92.55625 92.396875
2024_0412_17:26:29 11 -0.91875 -0.3625
2024_0412_17:27:45 11 0.090625 0.53125
2024_0412_17:29:22 11 88.953125 89.446875
2024_0412_17:29:47 11 -0.803125 0.075
2024_0412_17:29:48 11 91.55 90.184375
2024_0412_17:30:09 11 -0.465625 0.159375
2024_0412_17:30:59 11 92.45 92.553125
2024_0412_17:31:02 11 91.625 90.96875
2024_0412_17:31:03 11 0.18125 -0.740625
2024_0412_17:31:05 11 91.34375 91.69375
2024_0412_17:31:08 11 90.59375 88.528125
2024_0412_17:31:21 11 -0.2 0.375
2024_0412_17:31:23 11 -0.625 -0.59375
2024_0412_17:31:26 11 -0.371875 -0.353125
2024_0412_17:31:29 11 48.871875 15.15625
2024_0412_17:31:39 11 0.5 0.353125
2024_0412_17:32:16 11 -99.99375 49.996875
2024_0412_17:35:35 11 -99.996875 99.996875
2024_0412_17:35:37 11 0.6625 0.271875
2024_0412_17:35:54 11 91.484375 92.815625
2024_0412_17:36:02 11 0.734375 0.590625
2024_0412_17:36:50 11 -0.296875 -0.165625
2024_0412_17:36:55 11 90.5375 89.315625
2024_0412_17:36:56 11 -1.153125 0.184375
2024_0412_17:36:57 11 5.23125 4.021875
2024_0412_17:36:58 11 -0.334375 0.01875
2024_0412_17:37:06 11 -0.559375 1.215625
2024_0412_17:37:06 11 99.99375 -49.996875
2024_0412_17:37:09 11 -0.003125 -0.05
2024_0412_17:37:12 11 49.99375 -99.98125
2024_0412_17:37:22 11 90.028125 89.953125
2024_0412_17:37:30 11 0.19375 0.778125
2024_0412_17:38:03 11 1.165625 -0.615625
2024_0412_17:41:23 11 0.10625 0.328125
2024_0412_17:41:43 11 -0.1 0.215625
2024_0412_17:41:58 11 0.15625 0.25
2024_0412_17:42:39 11 90.528125 90.7875
2024_0412_17:42:42 11 0.975 0.35625
2024_0412_17:42:43 11 0.134375 0.359375
2024_0412_17:42:46 11 1.93125 1.434375
2024_0412_17:42:47 11 0.878125 0.828125
2024_0412_17:42:57 12 90.01875 89.01875
2024_0412_17:42:59 12 92.475 92.896875
2024_0412_17:43:03 12 18.634375 17.109375
2024_0412_17:43:20 12 92.175 92.484375
2024_0412_17:43:24 12 91.940625 92.384375
2024_0412_17:43:48 12 0.50625 0.315625
2024_0412_17:44:01 11 0.103125 -0.328125
2024_0412_17:45:41 11 -0.140625 0.30625
2024_0412_17:47:09 12 99.99375 99.9875
2024_0412_17:47:46 12 99.99375 99.99375
2024_0412_17:48:02 12 -99.99375 49.996875
2024_0412_17:48:30 12 -1.3125 -0.51875
2024_0412_17:48:33 12 91.059375 90.128125
2024_0412_17:48:34 12 -0.159375 0.428125
2024_0412_17:48:36 12 89.1125 91.015625
2024_0412_17:48:37 12 93.0875 93.384375
2024_0412_17:48:46 12 46.434375 -1.7875
2024_0412_17:48:46 12 -4.596875 44.321875
2024_0412_17:48:52 12 13.5875 8.884375
2024_0412_17:49:10 12 -99.9875 100.0
2024_0412_17:49:13 12 -0.728125 -0.671875
2024_0412_17:49:39 12 91.6375 92.18125
2024_0412_17:50:37 12 0.265625 -0.659375
2024_0412_17:53:02 12 90.290625 90.71875
2024_0412_17:53:24 12 44.284375 90.875
2024_0412_17:53:51 12 92.065625 92.475
2024_0412_17:54:07 12 0.5125 -0.29375
2024_0412_17:54:21 12 -0.18125 -0.703125
2024_0412_17:54:22 12 -0.690625 -0.190625
2024_0412_17:54:27 12 0.08125 -0.16875
2024_0412_17:54:37 12 91.40625 91.340625
2024_0412_17:54:43 12 91.36875 91.3375
2024_0412_17:54:43 12 0.421875 0.3
2024_0412_17:54:44 12 92.7625 93.05
2024_0412_17:55:05 12 0.015625 0.071875
2024_0412_17:55:31 12 -1.50625 -1.29375
2024_0412_17:55:56 12 93.309375 93.40625
2024_0412_17:56:28 12 1.60625 -0.353125
2024_0412_17:57:00 12 -0.1625 0.053125
2024_0412_17:58:51 12 1.58125 -0.078125
2024_0412_17:59:15 12 91.275 89.7375
2024_0412_17:59:57 12 -0.24375 0.325
2024_0412_18:00:10 12 0.11875 0.334375
2024_0412_18:00:13 12 74.1 74.571875
2024_0412_18:00:17 12 0.303125 -0.025
2024_0412_18:00:19 12 90.55 86.221875
2024_0412_18:00:28 12 44.040625 90.840625
2024_0412_18:00:29 12 -0.084375 0.603125
2024_0412_18:00:34 12 91.403125 87.803125
2024_0412_18:00:36 12 90.403125 90.284375
2024_0412_18:00:59 12 93.465625 95.009375
2024_0412_18:01:19 12 -0.91875 -0.30625
2024_0412_18:02:25 12 73.7875 74.571875
2024_0412_18:04:21 12 89.396875 90.753125
2024_0412_18:04:44 12 92.421875 47.1625
2024_0412_18:05:08 12 92.68125 92.459375
2024_0412_18:05:35 12 92.165625 92.60625
2024_0412_18:06:00 12 -4.5375 69.128125
2024_0412_18:06:03 12 0.28125 -1.071875
2024_0412_18:06:04 12 44.590625 45.29375
2024_0412_18:06:07 12 1.475 -0.04375
2024_0412_18:06:11 12 -0.671875 0.178125
2024_0412_18:06:20 12 -0.071875 -1.415625
2024_0412_18:06:24 12 89.878125 91.1125
2024_0412_18:06:30 12 91.375 90.634375
2024_0412_18:06:31 12 89.975 90.3375
2024_0412_18:06:51 12 0.08125 -0.184375
2024_0412_18:07:09 12 90.371875 78.91875
2024_0412_18:08:18 12 0.65 -0.515625
2024_0412_18:10:33 12 -0.55 0.20625
2024_0412_18:11:00 12 92.434375 92.484375
2024_0412_18:11:44 12 -0.365625 0.028125
2024_0412_18:11:55 12 90.640625 92.046875
2024_0412_18:11:55 12 -0.8375 0.40625
2024_0412_18:12:00 12 91.1125 88.6875
2024_0412_18:12:08 12 -0.603125 0.309375
2024_0412_18:12:10 12 2.175 0.1125
2024_0412_18:12:14 12 -0.0125 0.053125
2024_0412_18:12:24 12 92.10625 93.0625
2024_0412_18:12:41 12 89.659375 90.175
2024_0412_18:12:43 12 -0.95625 -0.61875
2024_0412_18:13:01 12 89.45 91.853125
2024_0412_18:13:10 12 92.246875 92.81875
2024_0412_18:13:31 12 22.8875 22.403125
2024_0412_18:14:10 12 91.446875 91.821875
2024_0412_18:16:19 12 -0.009375 -1.15
2024_0412_18:16:47 12 49.99375 49.99375
2024_0412_18:17:32 12 0.10625 -0.15
2024_0412_18:17:44 12 92.271875 92.665625
2024_0412_18:17:46 12 90.984375 89.53125
2024_0412_18:17:50 12 0.11875 0.84375
2024_0412_18:17:53 12 -99.98125 -99.996875
2024_0412_18:18:04 12 91.453125 89.99375
2024_0412_18:18:18 12 89.275 90.7875
2024_0412_18:18:19 12 91.221875 84.090625
2024_0412_18:18:42 12 92.103125 91.99375
2024_0412_18:18:49 12 -49.99375 -99.9875
2024_0412_18:18:56 12 89.2875 88.465625
2024_0412_18:20:03 12 91.4875 94.809375
2024_0412_18:21:23 12 93.70625 93.325
2024_0412_18:21:52 12 92.446875 92.896875
2024_0412_18:22:07 12 92.159375 91.8125
2024_0412_18:22:41 12 -37.359375 45.390625
2024_0412_18:23:21 12 -55.403125 59.49375
2024_0412_18:23:37 12 34.725 -34.171875
2024_0412_18:23:38 12 89.55625 91.1625
2024_0412_18:23:42 12 92.63125 92.646875
2024_0412_18:23:45 12 47.671875 48.53125
2024_0412_18:23:55 12 69.425 85.696875
2024_0412_18:24:04 12 0.359375 -0.165625
2024_0412_18:24:25 12 -0.465625 -0.253125
2024_0412_18:24:37 12 92.48125 92.7
2024_0412_18:24:48 13 92.8375 92.690625
2024_0412_18:25:00 13 -2.140625 2.271875
2024_0412_18:25:58 13 11.19375 -10.978125
2024_0412_18:27:50 13 -0.359375 -0.0625
2024_0412_18:28:22 13 0.55625 -0.78125
2024_0412_18:28:34 13 -11.528125 30.5375
2024_0412_18:29:08 13 10.35625 -10.025
2024_0412_18:29:19 13 -0.24375 -0.865625
2024_0412_18:29:25 13 0.790625 0.4875
2024_0412_18:29:26 13 91.20625 90.803125
2024_0412_18:29:36 13 90.18125 90.16875
2024_0412_18:29:47 13 90.35 92.271875
2024_0412_18:30:00 13 92.146875 92.734375
2024_0412_18:30:25 13 0.409375 -0.140625
2024_0412_18:30:32 13 0.625 -0.5125
2024_0412_18:30:35 13 17.671875 16.00625
2024_0412_18:31:10 13 -49.9125 50.140625
2024_0412_18:31:52 13 43.60625 44.75625
2024_0412_18:32:32 13 94.678125 17.325
2024_0412_18:33:41 13 -0.69375 -0.66875
2024_0412_18:34:15 13 44.121875 44.803125
2024_0412_18:35:03 13 0.25625 -0.15
2024_0412_18:35:15 13 0.246875 0.678125
2024_0412_18:35:29 13 90.5 90.971875
2024_0412_18:35:29 13 1.00625 1.10625
2024_0412_18:35:33 13 19.396875 69.703125
2024_0412_18:36:00 13 0.30625 -0.246875
2024_0412_18:36:07 13 0.953125 -1.10625
2024_0412_18:36:17 13 0.353125 1.134375
2024_0412_18:36:17 13 -99.99375 -99.99375
2024_0412_18:36:25 13 44.4625 44.79375
2024_0412_18:36:42 13 -0.228125 -0.453125
2024_0412_18:37:22 13 0.634375 -0.265625
2024_0412_18:37:48 13 -1.18125 1.46875
2024_0412_18:38:30 13 72.746875 71.1375
2024_0412_18:39:35 13 -2.73125 91.61875
2024_0412_18:40:04 13 -0.6375 -0.740625
2024_0412_18:40:52 13 0.340625 0.746875
2024_0412_18:41:08 13 -0.14375 -0.109375
2024_0412_18:41:24 13 13.26875 12.590625
2024_0412_18:41:25 13 91.340625 89.70625
2024_0412_18:41:48 13 -0.678125 -0.2
2024_0412_18:42:11 13 93.134375 93.65625
2024_0412_18:42:13 13 -99.98125 49.990625
2024_0412_18:42:27 13 -0.5 -0.846875
2024_0412_18:42:52 13 89.65625 89.159375
2024_0412_18:43:31 13 4.053125 -1.75625
2024_0412_18:43:37 13 -0.3125 0.078125
2024_0412_18:43:56 13 92.8125 93.140625
2024_0412_18:44:21 13 -4.265625 46.578125
2024_0412_18:44:38 13 91.065625 90.228125
2024_0412_18:45:20 13 0.159375 -0.634375
2024_0412_18:45:51 13 0.565625 -0.3125
2024_0412_18:46:41 13 63.0 69.390625
2024_0412_18:46:54 13 -8.65 7.475
2024_0412_18:47:12 13 0.325 -0.25
2024_0412_18:47:18 13 90.95 90.93125
2024_0412_18:47:39 13 2.1375 -0.378125
2024_0412_18:48:00 13 42.65 44.2
2024_0412_18:48:02 13 -49.996875 99.99375
2024_0412_18:48:15 13 5.1125 -2.290625
2024_0412_18:49:01 13 92.378125 92.425
2024_0412_18:49:34 13 91.428125 90.496875
2024_0412_18:49:45 13 43.63125 -41.509375
2024_0412_18:50:10 13 0.68125 -0.0875
2024_0412_18:51:11 13 -6.03125 43.390625
2024_0412_18:51:37 13 -0.459375 -0.278125
2024_0412_18:52:11 13 0.04375 -0.60625
2024_0412_18:52:34 13 -9.89375 10.478125
2024_0412_18:52:41 13 1.25 1.496875
2024_0412_18:53:02 13 1.084375 0.640625
2024_0412_18:53:10 13 90.0 92.446875
2024_0412_18:53:16 13 -99.996875 -99.9875
2024_0412_18:53:27 13 -0.434375 -0.16875
2024_0412_18:53:50 13 -10.325 10.475
2024_0412_18:53:54 13 -0.165625 0.5625
2024_0412_18:54:01 13 -0.41875 0.5125
2024_0412_18:55:09 13 91.43125 91.959375
2024_0412_18:55:25 13 50.0 -99.99375
2024_0412_18:55:54 13 23.946875 41.640625
2024_0412_18:55:59 13 88.353125 89.634375
2024_0412_18:57:00 13 91.834375 88.9625
2024_0412_18:57:22 13 92.2125 92.5875
2024_0412_18:58:27 13 92.009375 92.265625
2024_0412_18:58:29 13 -0.00625 -0.659375
2024_0412_18:58:55 13 -1.946875 45.30625
2024_0412_18:58:58 13 -0.33125 -0.146875
2024_0412_18:59:20 13 -0.040625 -1.20625
2024_0412_18:59:40 13 90.93125 88.7625
2024_0412_18:59:43 13 -0.446875 0.5875
2024_0412_18:59:53 13 91.50625 90.515625
2024_0412_19:01:02 13 0.4375 -0.434375
2024_0412_19:01:16 13 -0.640625 -0.91875
2024_0412_19:01:16 13 -0.1375 -0.84375
2024_0412_19:01:20 13 -4.590625 30.69375
2024_0412_19:01:46 13 49.996875 -49.996875
2024_0412_19:02:05 13 1.265625 -0.290625
2024_0412_19:02:51 13 0.540625 -0.76875
2024_0412_19:03:11 13 0.35 0.9
2024_0412_19:04:16 13 -0.29375 -0.821875
2024_0412_19:04:20 13 85.796875 91.0875
2024_0412_19:04:44 13 93.053125 92.709375
2024_0412_19:05:11 13 3.834375 4.878125
2024_0412_19:05:32 13 0.271875 0.659375
2024_0412_19:07:25 13 14.446875 15.38125
2024_0412_19:07:37 13 94.915625 44.653125
2024_0412_19:08:16 13 -3.284375 46.896875
2024_0412_19:08:29 13 47.409375 92.278125
2024_0412_19:08:42 13 49.596875 15.1375
2024_0412_19:08:46 13 44.171875 44.25
2024_0412_19:09:01 13 91.85625 92.078125
2024_0412_19:09:15 13 20.396875 33.2
2024_0412_19:09:20 13 -1.090625 -1.28125
2024_0412_19:10:11 13 91.515625 92.246875
2024_0412_19:10:12 13 90.665625 90.1375
2024_0412_19:10:23 13 90.134375 92.215625
2024_0412_19:11:01 13 17.68125 17.384375
2024_0412_19:11:22 13 0.834375 -0.375
2024_0412_19:11:54 13 90.653125 90.628125
2024_0412_19:13:26 13 0.7875 -0.459375
2024_0412_19:13:33 13 45.13125 44.48125
2024_0412_19:14:22 13 0.6375 -0.7375
2024_0412_19:14:31 13 0.1375 0.85625
2024_0412_19:14:33 13 93.975 92.475
2024_0412_19:14:43 13 92.146875 90.753125
2024_0412_19:14:52 13 0.615625 -0.29375
2024_0412_19:15:04 13 -0.184375 -0.040625
2024_0412_19:15:11 13 -0.2875 0.31875
2024_0412_19:15:34 13 -0.040625 -0.99375
2024_0412_19:16:01 13 -0.340625 -1.115625
2024_0412_19:16:02 13 -0.7375 -0.415625
2024_0412_19:16:58 13 -0.36875 -0.503125
2024_0412_19:17:15 13 0.365625 0.44375
2024_0412_19:17:57 13 91.68125 46.70625
2024_0412_19:19:18 13 0.784375 -0.671875
2024_0412_19:19:42 13 -5.471875 45.490625
2024_0412_19:19:44 13 -0.08125 -0.68125
2024_0412_19:20:18 13 -0.79375 -0.225
2024_0412_19:20:28 13 92.228125 92.046875
2024_0412_19:20:41 13 89.946875 77.109375
2024_0412_19:20:45 13 -0.86875 -0.015625
2024_0412_19:20:58 13 81.571875 90.621875
2024_0412_19:21:02 13 -0.4125 0.653125
2024_0412_19:21:06 13 -1.228125 -1.6
2024_0412_19:21:53 13 52.29375 -52.475
2024_0412_19:21:55 13 92.240625 92.828125
2024_0412_19:21:59 13 0.478125 -0.059375
2024_0412_19:22:55 13 90.315625 42.3
2024_0412_19:23:09 13 4.428125 26.684375
2024_0412_19:23:48 13 89.69375 89.3125
2024_0412_19:25:08 13 0.2 -0.13125
2024_0412_19:25:54 13 93.83125 92.3625
2024_0412_19:26:09 13 91.6375 84.80625
2024_0412_19:26:18 13 -1.590625 2.6
2024_0412_19:26:29 13 -0.1875 -0.7625
2024_0412_19:26:30 13 -32.8625 33.334375
2024_0412_19:26:39 13 91.584375 90.7375
2024_0412_19:26:47 13 0.14375 0.95625
2024_0412_19:26:59 13 0.46875 43.621875
2024_0412_19:27:44 13 44.05 44.63125
2024_0412_19:27:48 13 92.396875 91.61875
2024_0412_19:28:11 13 70.4875 71.6875
2024_0412_19:28:50 13 11.328125 12.240625
2024_0412_19:29:05 13 90.796875 91.853125
2024_0412_19:29:38 13 14.384375 15.28125
2024_0412_19:30:34 13 -0.56875 -0.240625
2024_0412_19:31:01 13 -0.0875 0.31875
2024_0412_19:32:00 13 0.24375 -0.15
2024_0412_19:32:10 13 91.63125 91.303125
2024_0412_19:32:13 13 0.15625 0.0375
2024_0412_19:32:22 13 11.075 29.16875
2024_0412_19:32:34 13 94.296875 92.028125
2024_0412_19:32:41 13 90.4625 90.85625
2024_0412_19:32:53 13 20.425 -20.14375
2024_0412_19:33:37 14 90.265625 89.64375
2024_0412_19:33:39 14 -0.0375 0.10625
2024_0412_19:33:39 13 22.30625 19.175
2024_0412_19:34:22 14 88.80625 90.4125
2024_0412_19:34:45 14 0.4875 0.690625
2024_0412_19:34:59 14 -0.03125 0.253125
2024_0412_19:35:31 14 -12.503125 13.64375
2024_0412_19:37:19 14 92.53125 92.60625
2024_0412_19:37:53 14 0.4375 -0.878125
2024_0412_19:38:09 14 90.95625 91.06875
2024_0412_19:38:13 14 0.128125 0.578125
2024_0412_19:38:28 14 0.65625 -0.3625
2024_0412_19:38:40 14 -0.990625 -0.259375
2024_0412_19:39:03 14 13.234375 21.884375
2024_0412_19:39:25 14 -0.55 -0.5625
2024_0412_19:39:35 14 -0.59375 0.33125
2024_0412_19:39:51 14 -0.0875 65.6875
2024_0412_19:39:53 14 91.421875 89.8625
2024_0412_19:39:58 14 99.9875 -49.99375
2024_0412_19:40:21 14 89.7 88.596875
2024_0412_19:40:44 14 91.38125 41.4375
2024_0412_19:40:56 14 92.89375 92.50625
2024_0412_19:41:21 14 -0.275 1.025
2024_0412_19:43:45 14 0.2625 -0.58125
2024_0412_19:43:59 14 0.296875 -0.009375
2024_0412_19:44:07 14 2.278125 1.1375
2024_0412_19:44:09 14 92.75625 91.75625
2024_0412_19:44:16 14 -49.99375 99.9875
2024_0412_19:44:38 14 -0.528125 0.878125
2024_0412_19:44:59 14 13.209375 10.9625
2024_0412_19:45:19 14 90.284375 90.878125
2024_0412_19:45:28 14 -0.834375 41.25625
2024_0412_19:46:00 14 0.921875 0.015625
2024_0412_19:46:18 14 91.46875 92.40625
2024_0412_19:46:21 14 62.4125 82.49375
2024_0412_19:46:36 14 0.015625 -0.00625
2024_0412_19:46:45 14 8.540625 -8.115625
2024_0412_19:47:10 14 0.625 -0.878125
2024_0412_19:49:10 14 -0.05625 -0.709375
2024_0412_19:49:38 14 90.3375 43.084375
2024_0412_19:49:57 14 0.50625 -0.440625
2024_0412_19:50:00 14 10.775 11.165625
2024_0412_19:50:11 14 10.0625 -9.79375
2024_0412_19:50:11 14 89.459375 89.74375
2024_0412_19:50:27 14 0.309375 0.496875
2024_0412_19:50:57 14 91.046875 91.40625
2024_0412_19:51:06 14 -0.575 0.078125
2024_0412_19:51:22 14 9.04375 69.721875
2024_0412_19:52:06 14 -0.534375 0.634375
2024_0412_19:52:06 14 -49.996875 -49.99375
2024_0412_19:52:30 14 74.946875 91.146875
2024_0412_19:52:33 14 -15.65 16.890625
2024_0412_19:52:58 14 -0.9375 0.05
2024_0412_19:55:15 14 92.290625 92.721875
2024_0412_19:55:33 14 -10.490625 8.634375
2024_0412_19:55:55 14 92.978125 89.8625
2024_0412_19:55:57 14 91.559375 92.05
2024_0412_19:56:09 14 -10.159375 9.921875
2024_0412_19:56:09 14 92.31875 92.91875
2024_0412_19:56:22 14 91.79375 43.934375
2024_0412_19:56:24 14 89.209375 92.921875
2024_0412_19:56:53 14 39.4 38.3625
2024_0412_19:57:05 14 92.071875 91.79375
2024_0412_19:57:20 14 91.9 91.609375
2024_0412_19:58:11 14 84.871875 54.696875
2024_0412_19:58:20 14 -2.121875 -1.871875
2024_0412_19:58:29 14 -0.00625 -0.259375
2024_0412_19:58:29 14 -0.059375 0.40625
2024_0412_19:58:57 14 6.85625 14.590625
2024_0412_20:01:29 14 -0.140625 0.021875
2024_0412_20:01:49 14 -0.284375 -0.21875
2024_0412_20:01:55 14 43.9625 90.83125
2024_0412_20:02:11 14 -0.084375 -0.065625
2024_0412_20:02:16 14 -0.384375 -0.3625
2024_0412_20:02:20 14 44.778125 52.871875
2024_0412_20:02:50 14 0.85 -0.09375
2024_0412_20:02:58 14 8.8875 8.66875
2024_0412_20:03:15 14 1.503125 -0.515625
2024_0412_20:03:18 14 90.090625 90.3875
2024_0412_20:04:12 14 90.4125 91.5875
2024_0412_20:04:21 14 -19.634375 18.896875
2024_0412_20:04:27 14 0.290625 0.890625
2024_0412_20:04:27 14 0.4125 0.975
2024_0412_20:04:40 14 88.575 91.99375
2024_0412_20:04:55 14 90.3125 90.81875
2024_0412_20:07:22 14 92.7625 91.9375
2024_0412_20:07:42 14 -0.46875 -0.446875
2024_0412_20:07:48 14 99.99375 -49.996875
2024_0412_20:08:01 14 -0.065625 0.1875
2024_0412_20:08:11 14 0.04375 -0.25625
2024_0412_20:08:49 14 90.190625 89.89375
2024_0412_20:09:07 14 0.015625 -0.621875
2024_0412_20:09:13 14 -12.521875 17.94375
2024_0412_20:09:21 14 -0.09375 -0.15
2024_0412_20:10:14 14 91.85 91.946875
2024_0412_20:10:16 14 92.275 92.7625
2024_0412_20:10:24 14 0.35 -0.003125
2024_0412_20:10:52 14 17.71875 42.259375
2024_0412_20:11:05 14 -0.575 -0.284375
2024_0412_20:12:15 14 33.053125 92.321875
2024_0412_20:12:37 14 0.875 -1.546875
2024_0412_20:13:21 14 90.309375 91.446875
2024_0412_20:13:42 14 41.965625 3.51875
2024_0412_20:13:49 14 15.06875 42.59375
2024_0412_20:13:56 14 -40.1125 39.759375
2024_0412_20:14:05 14 0.596875 -0.184375
2024_0412_20:14:47 14 0.178125 -0.246875
2024_0412_20:15:08 14 -0.68125 88.29375
2024_0412_20:15:33 14 88.840625 89.9625
2024_0412_20:16:08 14 91.075 89.29375
2024_0412_20:16:10 14 44.290625 1.021875
2024_0412_20:16:11 14 -0.58125 1.05
2024_0412_20:16:22 14 1.184375 -0.2625
2024_0412_20:16:48 14 60.075 -60.109375
2024_0412_20:18:10 14 0.48125 0.325
2024_0412_20:18:47 14 71.984375 72.1
2024_0412_20:19:20 14 91.171875 89.79375
2024_0412_20:19:37 14 87.634375 90.70625
2024_0412_20:19:56 14 92.16875 34.915625
2024_0412_20:20:00 14 0.415625 0.640625
2024_0412_20:20:35 14 91.4875 43.978125
2024_0412_20:20:45 14 0.05625 0.725
2024_0412_20:21:06 14 0.559375 -0.596875
2024_0412_20:21:46 14 89.340625 89.821875
2024_0412_20:22:04 14 0.484375 0.28125
2024_0412_20:22:07 14 91.371875 91.64375
2024_0412_20:22:08 14 8.509375 16.228125
2024_0412_20:22:16 14 0.13125 0.459375
2024_0412_20:22:49 14 46.465625 92.284375
2024_0412_20:23:01 14 0.528125 -0.890625
2024_0412_20:24:04 14 -2.934375 49.28125
2024_0412_20:25:02 14 89.846875 47.1
2024_0412_20:25:17 14 89.446875 89.534375
2024_0412_20:25:34 14 34.778125 -2.1875
2024_0412_20:25:54 14 92.253125 92.38125
2024_0412_20:25:55 14 92.865625 92.5375
2024_0412_20:26:44 14 93.94375 92.696875
2024_0412_20:27:01 14 -0.440625 0.896875
2024_0412_20:27:58 14 -36.0125 35.4875
2024_0412_20:27:58 14 -4.5 51.396875
2024_0412_20:28:04 14 1.303125 0.10625
2024_0412_20:28:06 14 32.75625 43.571875
2024_0412_20:28:08 14 90.578125 87.934375
2024_0412_20:28:44 14 0.39375 -0.78125
2024_0412_20:30:07 14 45.325 44.325
2024_0412_20:30:14 14 43.246875 44.59375
2024_0412_20:30:35 14 89.309375 88.9875
2024_0412_20:31:12 14 90.478125 89.190625
2024_0412_20:31:14 14 0.203125 0.81875
2024_0412_20:31:27 14 89.75 87.06875
2024_0412_20:31:49 14 91.08125 88.4
2024_0412_20:31:51 14 45.30625 -3.709375
2024_0412_20:32:38 14 -33.384375 33.0875
2024_0412_20:33:00 14 -1.6125 -0.228125
2024_0412_20:33:52 14 49.1375 -3.05625
2024_0412_20:34:01 14 99.99375 49.996875
2024_0412_20:34:02 14 91.09375 91.621875
2024_0412_20:34:03 14 68.275 -6.384375
2024_0412_20:34:42 14 0.978125 0.43125
2024_0412_20:36:01 14 6.640625 37.85625
2024_0412_20:36:24 14 -8.428125 8.9125
2024_0412_20:36:55 14 91.3375 92.0625
2024_0412_20:37:05 14 -0.603125 -0.553125
2024_0412_20:37:25 14 90.171875 90.8625
2024_0412_20:37:42 14 -0.021875 -0.009375
2024_0412_20:37:47 14 91.065625 88.290625
2024_0412_20:38:34 14 -0.409375 0.35625
2024_0412_20:38:39 14 92.0875 91.271875
2024_0412_20:38:55 14 -0.503125 0.0875
2024_0412_20:39:45 14 0.7125 0.425
2024_0412_20:39:53 14 89.878125 91.746875
2024_0412_20:39:59 14 92.909375 91.2
2024_0412_20:40:01 14 0.09375 -0.715625
2024_0412_20:40:17 14 -9.259375 10.628125
2024_0412_20:40:42 15 26.165625 27.396875
2024_0412_20:42:00 15 3.621875 1.865625
2024_0412_20:43:08 15 91.096875 92.175
2024_0412_20:43:10 15 90.696875 90.759375
2024_0412_20:43:22 15 29.425 0.121875
2024_0412_20:43:37 15 -0.009375 0.228125
2024_0412_20:44:05 15 88.153125 91.009375
2024_0412_20:44:48 15 -0.309375 -0.575
2024_0412_20:45:31 15 10.3 -10.4875
2024_0412_20:45:42 15 91.9875 92.66875
2024_0412_20:45:49 15 -0.346875 0.046875
2024_0412_20:45:56 15 88.3125 90.271875
2024_0412_20:45:59 15 91.46875 69.5125
2024_0412_20:46:07 15 -0.496875 -0.39375
2024_0412_20:46:41 15 16.584375 17.703125
2024_0412_20:47:58 15 47.315625 -20.53125
2024_0412_20:48:20 15 15.91875 93.975
2024_0412_20:49:07 15 12.359375 -12.909375
2024_0412_20:49:23 15 30.234375 -19.978125
2024_0412_20:49:27 15 8.428125 -8.328125
2024_0412_20:49:38 15 91.434375 91.134375
2024_0412_20:50:15 15 -0.16875 0.428125
2024_0412_20:50:21 15 91.0 87.31875
2024_0412_20:50:50 15 0.9375 -0.50625
2024_0412_20:51:25 15 -0.58125 1.40625
2024_0412_20:51:42 15 91.003125 45.9875
2024_0412_20:51:53 15 92.603125 92.7375
2024_0412_20:51:59 15 6.834375 -6.93125
2024_0412_20:51:59 15 80.190625 55.15
2024_0412_20:52:48 15 89.209375 89.16875
2024_0412_20:53:17 15 94.1625 44.83125
2024_0412_20:54:02 15 92.79375 92.88125
2024_0412_20:54:26 15 0.528125 1.003125
2024_0412_20:55:06 15 8.540625 -8.284375
2024_0412_20:55:25 15 44.453125 89.046875
2024_0412_20:55:36 15 -7.5125 8.78125
2024_0412_20:56:33 15 0.321875 -0.93125
2024_0412_20:56:48 15 -0.41875 0.24375
2024_0412_20:57:20 15 86.30625 93.6125
2024_0412_20:57:46 15 91.0875 90.19375
2024_0412_20:57:55 15 91.49375 91.8375
2024_0412_20:58:01 15 81.646875 90.271875
2024_0412_20:58:05 15 90.590625 88.671875
2024_0412_20:58:53 15 92.30625 94.2625
2024_0412_20:59:56 15 94.403125 92.834375
2024_0412_20:59:57 15 0.025 -0.06875
2024_0412_21:00:05 15 92.415625 92.66875
2024_0412_21:00:23 15 -0.75625 0.721875
2024_0412_21:00:51 15 91.0875 91.10625
2024_0412_21:01:12 15 -1.090625 4.15
2024_0412_21:01:23 15 33.9625 33.95
2024_0412_21:01:39 15 -2.834375 3.29375
2024_0412_21:02:48 15 16.3375 16.815625
2024_0412_21:02:50 15 71.59375 70.190625
2024_0412_21:03:25 15 2.646875 -1.965625
2024_0412_21:03:49 15 -0.475 0.18125
2024_0412_21:03:58 15 90.359375 43.61875
2024_0412_21:04:10 15 90.7875 90.63125
2024_0412_21:04:11 15 -0.10625 6.771875
2024_0412_21:05:00 15 47.91875 47.375
2024_0412_21:06:06 15 -1.20625 44.896875
2024_0412_21:06:16 15 0.7125 -0.278125
2024_0412_21:06:40 15 92.56875 94.0
2024_0412_21:07:13 15 -8.903125 10.653125
2024_0412_21:07:28 15 89.725 45.975
2024_0412_21:07:41 15 -0.8375 -0.0125
2024_0412_21:08:49 15 22.303125 15.478125
2024_0412_21:09:01 15 0.73125 -0.415625
2024_0412_21:09:24 15 49.99375 -99.99375
2024_0412_21:09:53 15 91.65 91.934375
2024_0412_21:09:58 15 0.5875 0.28125
2024_0412_21:10:14 15 -99.96875 99.990625
2024_0412_21:10:22 15 11.321875 13.528125
2024_0412_21:11:03 15 0.596875 -0.553125
2024_0412_21:11:27 15 -0.015625 0.034375
2024_0412_21:12:18 15 0.53125 -1.3625
2024_0412_21:12:21 15 -2.546875 48.953125
2024_0412_21:12:47 15 88.975 90.896875
2024_0412_21:13:12 15 90.4375 90.853125
2024_0412_21:13:31 15 40.865625 40.8125
2024_0412_21:13:46 15 43.065625 93.096875
2024_0412_21:14:51 15 46.1625 46.115625
2024_0412_21:15:17 15 92.484375 92.33125
2024_0412_21:15:26 15 -0.53125 0.53125
2024_0412_21:15:26 15 -0.73125 0.56875
2024_0412_21:15:56 15 91.909375 91.896875
2024_0412_21:15:59 15 -9.78125 9.95625
2024_0412_21:16:17 15 -49.99375 99.990625
2024_0412_21:17:07 15 -0.240625 -0.146875
2024_0412_21:18:23 15 -13.446875 41.946875
2024_0412_21:18:30 15 90.83125 44.45
2024_0412_21:18:42 15 0.146875 -0.196875
2024_0412_21:18:56 15 0.596875 -0.146875
2024_0412_21:19:10 15 93.20625 93.234375
2024_0412_21:19:30 15 0.3125 -0.065625
2024_0412_21:19:48 15 12.05625 -11.496875
2024_0412_21:20:10 15 92.03125 59.4
2024_0412_21:20:49 15 1.175 -0.190625
2024_0412_21:21:24 15 -0.834375 0.684375
2024_0412_21:21:25 15 90.390625 88.965625
2024_0412_21:21:31 15 92.696875 90.125
2024_0412_21:21:56 15 0.728125 0.521875
2024_0412_21:21:59 15 -1.45 40.984375
2024_0412_21:22:22 15 -0.1 0.625
2024_0412_21:23:10 15 73.478125 71.71875
2024_0412_21:24:19 15 -18.26875 61.98125
2024_0412_21:24:56 15 49.99375 99.99375
2024_0412_21:25:05 15 41.209375 40.653125
2024_0412_21:25:19 15 2.26875 2.340625
2024_0412_21:25:23 15 44.06875 90.434375
2024_0412_21:25:47 15 81.228125 78.81875
2024_0412_21:25:49 15 0.209375 -0.278125
2024_0412_21:26:45 15 99.98125 -99.99375
2024_0412_21:27:23 15 -0.115625 0.15625
2024_0412_21:27:28 15 97.159375 -30.55625
2024_0412_21:27:50 15 -0.040625 -0.353125
2024_0412_21:27:56 15 0.19375 0.015625
2024_0412_21:28:02 15 90.0875 89.365625
2024_0412_21:28:26 15 89.05625 84.753125
2024_0412_21:29:07 15 1.715625 2.24375
2024_0412_21:29:54 15 -0.559375 -0.146875
2024_0412_21:30:21 15 89.625 90.6
2024_0412_21:31:06 15 48.690625 48.590625
2024_0412_21:31:36 15 90.0625 92.478125
2024_0412_21:31:45 15 0.903125 -0.475
2024_0412_21:31:50 15 0.675 1.39375
2024_0412_21:32:39 15 78.021875 81.86875
2024_0412_21:32:45 15 -0.375 0.596875
2024_0412_21:33:21 15 0.009375 0.00625
2024_0412_21:33:31 15 33.559375 -33.346875
2024_0412_21:33:53 15 -16.96875 16.796875
2024_0412_21:34:03 15 27.409375 -27.475
2024_0412_21:34:03 15 90.43125 89.25625
2024_0412_21:34:24 15 -0.296875 -0.325
2024_0412_21:34:49 15 91.490625 89.815625
2024_0412_21:35:06 15 93.103125 91.521875
2024_0412_21:36:16 15 -10.84375 10.221875
2024_0412_21:37:15 15 -0.834375 -1.34375
2024_0412_21:37:42 15 -0.73125 -0.628125
2024_0412_21:37:46 15 -1.05625 -0.06875
2024_0412_21:37:48 15 90.403125 90.725
2024_0412_21:38:41 15 0.16875 0.5
2024_0412_21:39:19 15 41.91875 91.765625
2024_0412_21:39:43 15 0.55 -0.05
2024_0412_21:39:43 15 -10.475 11.6375
2024_0412_21:39:55 15 91.3125 88.821875
2024_0412_21:40:01 15 45.10625 -0.834375
2024_0412_21:40:24 15 90.659375 88.509375
2024_0412_21:40:48 15 92.48125 92.075
2024_0412_21:41:16 15 -0.809375 -0.55625
2024_0412_21:42:08 15 -0.775 -0.059375
2024_0412_21:43:15 15 13.175 14.0
2024_0412_21:43:39 15 -19.4875 20.6
2024_0412_21:43:39 15 89.771875 90.665625
2024_0412_21:44:01 15 17.81875 18.00625
2024_0412_21:44:03 15 -0.165625 0.25
2024_0412_21:44:40 15 0.040625 -0.05
2024_0412_21:45:17 15 0.215625 -1.021875
2024_0412_21:45:41 15 90.625 91.06875
2024_0412_21:45:53 15 -0.1875 -0.096875
2024_0412_21:45:57 15 0.61875 1.28125
2024_0412_21:46:21 15 90.975 90.409375
2024_0412_21:46:24 15 4.125 -3.975
2024_0412_21:46:47 15 92.01875 92.196875
2024_0412_21:47:08 15 -0.709375 0.40625
2024_0412_21:47:59 15 99.99375 49.996875
2024_0412_21:49:13 15 3.021875 -3.303125
2024_0412_21:49:36 15 90.928125 90.346875
2024_0412_21:49:36 15 92.50625 91.0
2024_0412_21:50:15 15 0.084375 -0.465625
2024_0412_21:50:21 16 0.1 -0.284375
2024_0412_21:50:24 15 -0.209375 0.69375
2024_0412_21:50:37 16 18.925 -18.59375
2024_0412_21:51:16 16 -0.35 -0.978125
2024_0412_21:51:40 16 -11.496875 10.40625
2024_0412_21:51:47 16 44.259375 -1.79375
2024_0412_21:51:54 16 93.51875 93.021875
2024_0412_21:52:32 16 89.85 91.59375
2024_0412_21:53:03 16 62.003125 -7.053125
2024_0412_21:53:18 16 19.678125 -18.421875
2024_0412_21:53:54 16 16.828125 -16.046875
2024_0412_21:55:14 16 65.690625 88.809375
2024_0412_21:55:32 16 86.109375 86.35625
2024_0412_21:55:33 16 89.546875 88.625
2024_0412_21:56:18 16 0.559375 -0.36875
2024_0412_21:56:30 16 48.096875 46.003125
2024_0412_21:56:36 16 94.3875 92.575
2024_0412_21:56:51 16 16.95625 -16.815625
2024_0412_21:57:12 16 58.978125 60.25625
2024_0412_21:57:15 16 0.384375 -0.346875
2024_0412_21:57:38 16 -0.24375 0.778125
2024_0412_21:57:43 16 94.203125 92.209375
2024_0412_21:57:49 16 0.075 0.228125
2024_0412_21:58:34 16 43.515625 91.2125
2024_0412_21:59:03 16 91.1125 89.66875
2024_0412_21:59:55 16 0.1625 0.028125
2024_0412_22:01:11 16 16.775 -16.68125
2024_0412_22:01:27 16 16.5875 -16.96875
2024_0412_22:01:31 16 92.665625 92.403125
2024_0412_22:02:14 16 -31.9625 61.940625
2024_0412_22:02:33 16 -7.546875 7.178125
2024_0412_22:02:42 16 92.2125 89.634375
2024_0412_22:02:49 16 91.05625 91.215625
2024_0412_22:03:11 16 1.371875 0.18125
2024_0412_22:03:26 16 -0.625 -0.034375
2024_0412_22:03:36 16 0.178125 -0.23125
2024_0412_22:03:46 16 10.01875 -10.159375
2024_0412_22:03:49 16 0.31875 -0.403125
2024_0412_22:04:34 16 92.9875 87.834375
2024_0412_22:04:57 16 0.4875 0.828125
2024_0412_22:05:17 16 2.6625 0.221875
2024_0412_22:05:56 16 92.08125 51.71875
2024_0412_22:07:13 16 15.8125 15.65625
2024_0412_22:07:29 16 72.65 72.65625
2024_0412_22:07:43 16 -0.521875 -0.64375
2024_0412_22:08:13 16 92.39375 92.528125
2024_0412_22:08:32 16 -1.284375 28.20625
2024_0412_22:08:56 16 87.25 90.740625
2024_0412_22:08:59 16 -0.1875 0.76875
2024_0412_22:09:07 16 0.825 0.546875
2024_0412_22:09:34 16 73.7625 73.4875
2024_0412_22:09:39 16 90.85 89.415625
2024_0412_22:09:43 16 91.184375 91.309375
2024_0412_22:09:49 16 -0.159375 0.571875
2024_0412_22:10:34 16 -0.146875 1.025
2024_0412_22:10:51 16 93.2 91.81875
2024_0412_22:11:56 16 77.653125 41.928125
2024_0412_22:13:14 16 91.646875 90.453125
2024_0412_22:13:25 16 91.925 91.59375
2024_0412_22:14:10 16 37.565625 83.875
2024_0412_22:14:22 16 67.240625 51.103125
2024_0412_22:14:25 16 0.2375 0.059375
2024_0412_22:14:57 16 41.046875 12.09375
2024_0412_22:15:03 16 43.7875 93.184375
2024_0412_22:15:06 16 -0.33125 0.596875
2024_0412_22:15:30 16 93.3625 93.128125
2024_0412_22:15:39 16 25.0 -23.18125
2024_0412_22:15:47 16 30.746875 32.06875
2024_0412_22:15:47 16 -9.953125 10.0125
2024_0412_22:15:48 16 36.49375 -16.3
2024_0412_22:16:36 16 92.35625 92.08125
2024_0412_22:17:56 16 91.81875 92.403125
2024_0412_22:19:13 16 89.759375 88.60625
2024_0412_22:19:25 16 42.134375 93.471875
2024_0412_22:19:35 16 94.140625 92.50625
2024_0412_22:20:08 16 0.046875 -1.0125
2024_0412_22:20:22 16 -4.465625 24.753125
2024_0412_22:20:57 16 -1.00625 -0.065625
2024_0412_22:20:58 16 90.39375 84.81875
2024_0412_22:21:04 16 94.4 92.378125
2024_0412_22:21:19 16 90.309375 92.225
2024_0412_22:21:35 16 92.53125 92.54375
2024_0412_22:21:38 16 9.809375 -10.1875
2024_0412_22:21:45 16 0.475 -0.7625
2024_0412_22:22:20 16 0.446875 0.54375
2024_0412_22:23:47 16 0.346875 -0.2125
2024_0412_22:24:07 16 49.996875 99.99375
2024_0412_22:25:11 16 0.5625 -0.684375
2024_0412_22:25:37 16 90.45 87.459375
2024_0412_22:26:21 16 -8.503125 8.790625
2024_0412_22:26:57 16 -16.4625 17.190625
2024_0412_22:27:06 16 89.1625 90.715625
2024_0412_22:27:14 16 64.45 39.028125
2024_0412_22:27:31 16 99.9875 -49.996875
2024_0412_22:27:32 16 92.840625 93.075
2024_0412_22:27:36 16 24.165625 24.265625
2024_0412_22:27:39 16 0.31875 0.2875
2024_0412_22:27:52 16 89.2875 91.3125
2024_0412_22:29:14 16 59.078125 58.259375
2024_0412_22:29:44 16 2.453125 0.35625
2024_0412_22:30:16 16 10.70625 11.175
2024_0412_22:31:13 16 16.596875 -0.88125
2024_0412_22:31:17 16 -49.996875 49.996875
2024_0412_22:31:35 16 1.01875 0.28125
2024_0412_22:32:20 16 17.434375 15.8625
2024_0412_22:32:37 16 0.503125 1.396875
2024_0412_22:33:08 16 47.228125 91.284375
2024_0412_22:33:20 16 0.05 2.6375
2024_0412_22:33:32 16 90.603125 91.571875
2024_0412_22:33:44 16 36.553125 -34.378125
2024_0412_22:33:47 16 0.5375 42.290625
2024_0412_22:33:57 16 92.7625 92.315625
2024_0412_22:35:13 16 75.734375 75.890625
2024_0412_22:35:40 16 46.93125 -5.634375
2024_0412_22:36:13 16 -49.996875 49.996875
2024_0412_22:37:07 16 -0.446875 -0.528125
2024_0412_22:37:09 16 -0.6125 -0.2875
2024_0412_22:37:33 16 0.80625 -0.578125
2024_0412_22:37:36 16 -8.540625 31.4625
2024_0412_22:38:19 16 1.028125 -0.1125
2024_0412_22:39:05 16 -0.375 0.490625
2024_0412_22:39:22 16 92.715625 92.521875
2024_0412_22:39:28 16 -0.075 -0.18125
2024_0412_22:39:39 16 -1.071875 -0.021875
2024_0412_22:39:42 16 93.9375 91.91875
2024_0412_22:40:01 16 89.340625 89.896875
2024_0412_22:41:10 16 72.05625 72.74375
2024_0412_22:41:27 16 3.178125 3.409375
2024_0412_22:41:35 16 -9.746875 9.746875
2024_0412_22:42:57 16 12.178125 -9.540625
2024_0412_22:43:03 16 0.26875 -0.578125
2024_0412_22:43:08 16 0.10625 -0.878125
2024_0412_22:43:31 17 0.459375 0.275
2024_0412_22:43:36 17 -19.540625 41.534375
2024_0412_22:44:25 17 89.778125 88.465625
2024_0412_22:44:41 16 0.859375 -0.815625
2024_0412_22:45:09 17 92.06875 91.946875
2024_0412_22:45:24 17 64.63125 91.846875
2024_0412_22:45:24 17 24.278125 59.16875
2024_0412_22:45:42 17 58.603125 43.221875
2024_0412_22:46:26 17 -0.55 -0.2625
2024_0412_22:46:32 17 -0.340625 0.56875
2024_0412_22:47:14 17 -0.0875 -0.659375
2024_0412_22:47:32 17 0.603125 0.090625
2024_0412_22:48:58 17 90.053125 90.953125
2024_0412_22:49:01 17 22.73125 21.30625
2024_0412_22:49:15 17 -0.25625 -0.23125
2024_0412_22:49:28 17 40.034375 -40.0875
2024_0412_22:49:39 17 92.44375 92.64375
2024_0412_22:50:18 17 -0.209375 0.2125
2024_0412_22:50:50 17 12.225 13.58125
2024_0412_22:51:04 17 -0.078125 3.203125
2024_0412_22:51:10 17 -0.403125 -0.196875
2024_0412_22:51:24 17 -0.109375 -0.684375
2024_0412_22:51:25 17 91.2625 91.70625
2024_0412_22:51:45 17 44.428125 44.5125
2024_0412_22:52:43 17 -6.803125 5.3375
2024_0412_22:53:12 17 0.046875 0.80625
2024_0412_22:53:29 17 -50.009375 50.25
2024_0412_22:54:57 17 -15.178125 61.33125
2024_0412_22:54:57 17 14.259375 59.984375
2024_0412_22:54:58 17 4.49375 19.071875
2024_0412_22:55:15 17 17.346875 17.18125
2024_0412_22:55:27 17 40.121875 -39.965625
2024_0412_22:55:38 17 87.671875 88.1
2024_0412_22:56:16 17 53.38125 81.05
2024_0412_22:57:11 17 18.659375 13.33125
2024_0412_22:57:12 17 89.840625 89.828125
2024_0412_22:57:24 17 77.525 77.33125
2024_0412_22:57:26 17 40.7 43.890625
2024_0412_22:57:46 17 92.884375 92.634375
2024_0412_22:59:00 17 -6.434375 6.89375
2024_0412_22:59:10 17 88.94375 90.66875
2024_0412_22:59:27 17 -0.359375 -0.45625
2024_0412_22:59:28 17 70.79375 70.4375
2024_0412_23:00:45 17 -0.734375 -0.503125
2024_0412_23:01:06 17 87.234375 67.846875
2024_0412_23:01:12 17 90.5625 90.621875
2024_0412_23:01:23 17 -5.3875 31.815625
2024_0412_23:01:34 17 92.671875 92.421875
2024_0412_23:01:34 17 72.253125 71.7
2024_0412_23:02:15 17 12.846875 -11.81875
2024_0412_23:03:09 17 -0.7 -1.3875
2024_0412_23:03:21 17 90.228125 91.803125
2024_0412_23:03:23 17 -0.525 -0.109375
2024_0412_23:03:44 17 -9.628125 38.740625
2024_0412_23:05:09 17 69.1875 88.3
2024_0412_23:05:19 17 27.5125 28.153125
2024_0412_23:05:21 17 9.778125 -10.275
2024_0412_23:05:40 17 92.103125 91.784375
2024_0412_23:06:36 17 2.825 -3.56875
2024_0412_23:07:00 17 0.5625 -0.740625
2024_0412_23:07:08 17 67.934375 72.778125
2024_0412_23:07:21 17 17.25625 18.046875
2024_0412_23:07:34 17 92.4625 92.425
2024_0412_23:07:59 17 13.540625 91.153125
2024_0412_23:08:11 17 -100.0 100.0
2024_0412_23:09:07 17 45.878125 91.775
2024_0412_23:09:18 17 -0.078125 0.93125
2024_0412_23:09:20 17 91.996875 92.496875
2024_0412_23:09:43 17 25.040625 4.13125
2024_0412_23:11:05 17 0.725 0.80625
2024_0412_23:12:11 17 -10.43125 11.365625
2024_0412_23:12:39 17 87.596875 90.93125
2024_0412_23:13:01 17 11.7875 8.44375
2024_0412_23:13:02 17 74.090625 73.734375
2024_0412_23:13:06 17 37.059375 23.41875
2024_0412_23:13:20 17 0.46875 0.453125
2024_0412_23:13:33 17 72.73125 71.275
2024_0412_23:14:08 17 1.253125 0.6
2024_0412_23:14:09 17 1.9 2.13125
2024_0412_23:15:03 17 -19.5 20.746875
2024_0412_23:15:13 17 0.215625 0.71875
2024_0412_23:15:15 17 89.70625 83.665625
2024_0412_23:15:29 17 -0.021875 0.2875
2024_0412_23:15:48 17 90.425 90.071875
2024_0412_23:17:00 17 86.18125 91.884375
2024_0412_23:17:16 17 12.58125 14.096875
2024_0412_23:18:17 17 10.28125 -11.35
2024_0412_23:18:57 17 -8.509375 7.08125
2024_0412_23:19:05 17 12.5 -12.603125
2024_0412_23:19:19 17 -0.66875 -0.153125
2024_0412_23:19:34 17 -10.146875 10.15625
2024_0412_23:19:34 17 92.26875 92.490625
2024_0412_23:20:00 17 1.021875 1.01875
2024_0412_23:20:18 17 -5.484375 5.65625
2024_0412_23:20:56 17 0.3875 -1.2375
2024_0412_23:21:08 17 -0.3 1.015625
2024_0412_23:21:11 17 61.8875 80.740625
2024_0412_23:21:17 17 -0.6125 -1.2625
2024_0412_23:21:24 17 90.934375 89.5
2024_0412_23:21:45 17 -11.109375 31.2125
2024_0412_23:22:53 17 -0.2 -0.384375
2024_0412_23:23:06 17 -0.084375 -0.84375
2024_0412_23:24:24 17 -24.715625 25.221875
2024_0412_23:24:58 17 90.53125 90.346875
2024_0412_23:25:15 17 0.278125 0.134375
2024_0412_23:25:30 17 0.559375 -0.396875
2024_0412_23:25:57 17 0.153125 -1.64375
2024_0412_23:26:52 17 -9.86875 9.309375
2024_0412_23:27:05 17 -0.659375 0.24375
2024_0412_23:27:12 17 25.215625 45.709375
2024_0412_23:27:33 17 21.621875 22.509375
2024_0412_23:27:42 17 91.50625 88.7
2024_0412_23:27:57 17 0.290625 0.215625
2024_0412_23:28:31 17 -0.48125 0.34375
2024_0412_23:28:47 17 -10.86875 20.33125
2024_0412_23:28:56 17 -0.6125 -0.578125
2024_0412_23:29:14 17 1.7375 1.1625
2024_0412_23:30:29 17 -0.3375 -0.003125
2024_0412_23:30:57 17 -0.378125 0.53125
2024_0412_23:31:30 17 -0.6625 -0.621875
2024_0412_23:31:36 17 91.16875 90.13125
2024_0412_23:31:53 17 -1.134375 0.646875
2024_0412_23:32:40 17 16.20625 16.534375
2024_0412_23:32:45 17 0.65625 -0.496875
2024_0412_23:33:03 17 89.0375 89.071875
2024_0412_23:33:04 17 0.534375 -0.175
2024_0412_23:33:29 17 42.521875 17.321875
2024_0412_23:34:12 17 -0.134375 0.25
2024_0412_23:34:45 17 91.71875 38.484375
2024_0412_23:34:46 17 -4.053125 1.896875
2024_0412_23:34:53 17 0.065625 1.10625
2024_0412_23:35:16 17 89.634375 90.275
2024_0412_23:36:14 17 0.496875 0.153125
2024_0412_23:36:54 17 22.06875 2.98125
2024_0412_23:37:29 17 12.803125 -9.665625
2024_0412_23:37:31 17 49.66875 -49.60625
2024_0412_23:37:50 17 91.8125 93.225
2024_0412_23:38:42 17 -2.60625 0.853125
2024_0412_23:38:51 17 90.64375 91.55
2024_0412_23:38:54 17 -0.3 -0.921875
2024_0412_23:39:04 17 47.6625 -6.240625
2024_0412_23:39:25 17 46.609375 -4.90625
2024_0412_23:40:11 17 17.325 18.3375
2024_0412_23:40:43 17 0.0875 -0.353125
2024_0412_23:41:19 17 90.196875 88.925
2024_0412_23:42:53 17 43.95 42.0875
2024_0412_23:43:12 17 -0.484375 0.3125
2024_0412_23:43:13 17 56.95625 78.553125
2024_0412_23:43:29 17 92.178125 43.20625
2024_0412_23:43:31 17 2.6875 2.853125
2024_0412_23:43:42 17 99.99375 49.996875
2024_0412_23:44:41 17 93.9375 92.24375
2024_0412_23:44:54 18 28.91875 44.321875
2024_0412_23:45:02 18 92.93125 89.275
2024_0412_23:45:02 18 16.01875 16.33125
2024_0412_23:45:21 18 32.596875 -5.3625
2024_0412_23:45:34 17 -0.603125 -0.028125
2024_0412_23:46:10 18 92.46875 42.85
2024_0412_23:46:37 18 85.403125 87.25
2024_0412_23:47:16 18 49.321875 -2.90625
2024_0412_23:48:14 18 2.290625 22.353125
2024_0412_23:48:48 18 -0.0125 0.278125
2024_0412_23:49:10 18 0.109375 0.45625
2024_0412_23:49:30 18 0.084375 1.428125
2024_0412_23:49:35 18 23.33125 29.878125
2024_0412_23:49:42 18 92.665625 92.778125
2024_0412_23:50:40 18 -0.0375 0.284375
2024_0412_23:50:42 18 73.4875 85.15
2024_0412_23:50:52 18 -5.38125 37.625
2024_0412_23:50:57 18 0.4 -0.453125
2024_0412_23:51:15 18 14.525 -0.334375
2024_0412_23:51:18 18 89.859375 89.19375
2024_0412_23:52:09 18 1.3375 0.253125
2024_0412_23:52:31 18 93.771875 92.23125
2024_0412_23:53:12 18 0.384375 -0.76875
2024_0412_23:54:02 18 70.521875 59.534375
2024_0412_23:54:23 18 91.18125 90.246875
2024_0412_23:54:42 18 -19.2 25.234375
2024_0412_23:55:06 18 0.071875 -0.559375
2024_0412_23:55:27 18 -10.909375 10.00625
2024_0412_23:55:46 18 88.5625 90.034375
2024_0412_23:55:47 18 89.175 91.378125
2024_0412_23:56:35 18 0.00625 0.071875
2024_0412_23:56:46 18 18.634375 -9.525
2024_0412_23:56:55 18 0.64375 -0.484375
2024_0412_23:57:15 18 91.303125 87.225
2024_0412_23:57:29 18 1.315625 1.753125
2024_0412_23:58:09 18 -4.2625 5.36875
2024_0412_23:58:25 18 -0.553125 0.15625
2024_0412_23:59:07 18 0.28125 -1.828125
2024_0412_23:59:10 18 66.790625 3.45625
2024_0413_00:00:30 18 90.840625 90.684375
2024_0413_00:00:42 18 12.221875 13.028125
2024_0413_00:01:09 18 0.421875 -0.921875
2024_0413_00:01:17 18 -7.38125 -2.346875
2024_0413_00:01:42 18 0.51875 0.315625
2024_0413_00:01:46 18 41.03125 41.28125
2024_0413_00:02:31 18 -0.184375 0.434375
2024_0413_00:02:43 18 92.64375 92.221875
2024_0413_00:02:54 18 49.384375 49.334375
2024_0413_00:03:10 18 91.728125 92.821875
2024_0413_00:04:09 18 15.759375 -1.03125
2024_0413_00:04:22 18 -1.4 48.53125
2024_0413_00:04:48 18 0.078125 0.078125
2024_0413_00:05:06 18 39.946875 31.0875
2024_0413_00:05:41 18 -1.45625 -0.05625
2024_0413_00:06:39 18 -0.190625 0.378125
2024_0413_00:06:42 18 76.6125 59.5625
2024_0413_00:07:02 18 -27.478125 48.3375
2024_0413_00:07:15 18 -1.375 30.3375
2024_0413_00:07:33 18 99.996875 -99.996875
2024_0413_00:07:36 18 44.878125 44.6625
2024_0413_00:08:03 18 7.553125 34.196875
2024_0413_00:08:34 18 -0.003125 0.0125
2024_0413_00:08:51 18 -0.56875 0.453125
2024_0413_00:09:14 18 -36.88125 38.103125
2024_0413_00:09:28 18 90.80625 91.05
2024_0413_00:10:05 18 93.871875 88.596875
2024_0413_00:10:17 18 0.828125 -0.153125
2024_0413_00:11:02 18 82.41875 61.678125
2024_0413_00:11:57 18 91.240625 92.0125
2024_0413_00:12:43 18 36.23125 68.821875
2024_0413_00:12:59 18 86.884375 51.56875
2024_0413_00:13:03 18 -19.440625 20.959375
2024_0413_00:13:10 18 24.71875 39.14375
2024_0413_00:13:13 18 -11.671875 12.59375
2024_0413_00:13:20 18 0.3125 -0.659375
2024_0413_00:13:35 18 92.5 92.896875
2024_0413_00:14:48 18 92.8375 92.50625
2024_0413_00:15:18 18 -0.5375 0.7625
2024_0413_00:15:22 18 0.540625 0.315625
2024_0413_00:15:58 18 45.053125 96.296875
2024_0413_00:16:17 18 92.7625 92.596875
2024_0413_00:16:56 18 14.025 12.7375
2024_0413_00:18:07 18 -12.18125 12.84375
2024_0413_00:18:24 18 91.315625 91.153125
2024_0413_00:18:43 18 15.690625 15.6875
2024_0413_00:19:05 18 0.00625 -1.034375
2024_0413_00:19:07 18 -2.0625 2.54375
2024_0413_00:19:14 18 -9.31875 18.059375
2024_0413_00:19:14 18 2.253125 2.33125
2024_0413_00:19:26 18 -99.959375 -99.98125
2024_0413_00:20:43 18 90.675 89.240625
2024_0413_00:21:15 18 77.759375 77.425
2024_0413_00:21:16 18 88.00625 92.290625
2024_0413_00:21:47 18 89.678125 90.95
2024_0413_00:21:56 18 41.84375 -1.503125
2024_0413_00:22:10 18 0.10625 -0.5375
2024_0413_00:22:41 18 92.675 92.040625
2024_0413_00:22:57 18 -7.61875 49.0875
2024_0413_00:24:30 18 15.390625 15.06875
2024_0413_00:24:36 18 -3.359375 4.509375
2024_0413_00:24:37 18 0.15625 0.096875
2024_0413_00:25:02 18 0.340625 -0.28125
2024_0413_00:25:03 18 10.25 -9.909375
2024_0413_00:25:07 18 90.73125 89.1875
2024_0413_00:25:22 18 -0.15 0.221875
2024_0413_00:25:29 18 89.996875 89.996875
2024_0413_00:26:48 18 92.09375 91.10625
2024_0413_00:27:05 18 0.775 -0.015625
2024_0413_00:27:08 18 13.403125 13.41875
2024_0413_00:27:53 18 57.315625 56.971875
2024_0413_00:28:12 18 92.365625 91.903125
2024_0413_00:28:55 18 21.1875 21.565625
2024_0413_00:29:19 18 -99.9875 -49.99375
2024_0413_00:30:09 18 93.51875 93.45
2024_0413_00:30:27 18 8.50625 8.440625
2024_0413_00:30:37 18 1.028125 -0.396875
2024_0413_00:30:58 18 11.796875 -4.834375
2024_0413_00:31:01 18 90.2125 90.065625
2024_0413_00:31:10 18 90.534375 77.3375
2024_0413_00:31:13 18 0.6 0.25
2024_0413_00:31:38 18 0.1125 -0.428125
2024_0413_00:32:19 18 99.9875 -49.996875
2024_0413_00:32:48 18 -0.15 -0.275
2024_0413_00:32:59 18 -2.053125 4.5125
2024_0413_00:33:02 18 21.90625 -5.96875
2024_0413_00:33:53 18 90.028125 89.515625
2024_0413_00:34:16 18 88.871875 89.665625
2024_0413_00:34:57 18 0.4875 -0.6
2024_0413_00:35:31 18 37.353125 3.603125
2024_0413_00:36:25 18 0.81875 -0.459375
2024_0413_00:36:34 18 1.03125 -1.98125
2024_0413_00:36:51 18 0.33125 -1.190625
2024_0413_00:36:57 18 52.803125 55.096875
2024_0413_00:37:06 18 -0.18125 0.20625
2024_0413_00:37:08 18 0.934375 0.0
2024_0413_00:37:11 18 94.58125 -3.471875
2024_0413_00:38:16 18 86.56875 92.765625
2024_0413_00:38:43 18 -0.103125 0.14375
2024_0413_00:38:47 18 87.978125 91.1
2024_0413_00:38:53 18 93.275 93.56875
2024_0413_00:38:57 18 92.184375 92.44375
2024_0413_00:39:48 18 -7.50625 7.509375
2024_0413_00:40:13 18 89.303125 90.959375
2024_0413_00:40:49 18 9.99375 -10.215625
2024_0413_00:41:39 18 92.48125 90.896875
2024_0413_00:42:16 18 12.96875 15.60625
2024_0413_00:42:26 18 0.9375 0.23125
2024_0413_00:42:47 18 0.565625 0.225
2024_0413_00:42:47 18 -14.7875 44.315625
2024_0413_00:43:00 18 -46.98125 44.634375
2024_0413_00:43:11 18 47.125 -1.815625
2024_0413_00:43:52 18 17.834375 18.128125
2024_0413_00:44:41 18 1.078125 -0.49375
2024_0413_00:44:48 18 6.0 66.703125
2024_0413_00:44:50 18 7.921875 -8.9625
2024_0413_00:44:56 18 -10.471875 9.203125
2024_0413_00:45:48 18 45.66875 89.85625
2024_0413_00:46:06 18 8.778125 9.503125
2024_0413_00:46:43 18 -99.99375 49.996875
2024_0413_00:48:00 18 -0.78125 0.35625
2024_0413_00:48:13 18 91.059375 90.059375
2024_0413_00:48:18 18 -0.078125 -0.0625
2024_0413_00:48:42 18 -1.040625 0.253125
2024_0413_00:48:45 18 -0.028125 0.65625
2024_0413_00:49:08 18 0.9625 -0.246875
2024_0413_00:49:34 18 11.74375 -11.5375
2024_0413_00:50:32 18 17.071875 -18.09375
2024_0413_00:50:43 18 90.84375 90.821875
2024_0413_00:50:43 18 17.428125 17.41875
2024_0413_00:50:44 18 -3.39375 89.559375
2024_0413_00:51:07 19 92.059375 93.521875
2024_0413_00:51:44 19 -0.00625 -1.271875
2024_0413_00:52:03 19 89.521875 90.771875
2024_0413_00:52:42 19 0.203125 0.0875
2024_0413_00:54:07 19 -1.3 0.503125
2024_0413_00:54:08 19 14.375 3.2625
2024_0413_00:54:22 19 -0.775 0.459375
2024_0413_00:54:27 19 90.234375 90.246875
2024_0413_00:54:46 19 -14.26875 13.375
2024_0413_00:54:47 19 93.784375 44.503125
2024_0413_00:55:09 19 0.384375 -0.246875
2024_0413_00:55:56 19 91.1875 89.8875
2024_0413_00:56:28 19 91.1 90.31875
2024_0413_00:56:39 19 -0.2625 1.38125
2024_0413_00:57:18 19 90.421875 46.528125
2024_0413_00:57:43 19 -0.403125 -0.596875
2024_0413_00:57:44 19 91.45625 89.771875
2024_0413_00:57:58 19 0.4 -0.15
2024_0413_00:58:38 19 0.515625 -1.084375
2024_0413_01:00:00 19 -0.871875 0.09375
2024_0413_01:00:01 19 -1.415625 1.303125
2024_0413_01:00:02 19 0.46875 0.56875
2024_0413_01:00:38 19 0.275 -0.553125
2024_0413_01:00:41 19 -1.0125 -0.609375
2024_0413_01:01:06 19 -9.9 9.5125
2024_0413_01:01:08 19 91.675 89.64375
2024_0413_01:02:05 19 -0.146875 -0.48125
2024_0413_01:02:30 19 47.49375 90.36875
2024_0413_01:02:43 19 0.1875 0.115625
2024_0413_01:03:32 19 1.003125 0.10625
2024_0413_01:03:52 19 0.06875 -1.190625
2024_0413_01:03:56 19 -0.75 -0.290625
2024_0413_01:04:02 19 47.621875 47.446875
2024_0413_01:04:02 19 91.428125 44.965625
2024_0413_01:04:31 19 5.971875 62.290625
2024_0413_01:06:01 19 13.278125 -14.446875
2024_0413_01:06:36 19 33.959375 11.315625
2024_0413_01:06:41 19 50.596875 59.875
2024_0413_01:07:04 19 -0.715625 -0.93125
2024_0413_01:07:50 19 4.596875 3.11875
2024_0413_01:08:24 19 0.059375 1.425
2024_0413_01:08:29 19 0.096875 0.475
2024_0413_01:08:37 19 0.04375 -0.65625
2024_0413_01:09:27 19 1.1875 0.91875
2024_0413_01:09:48 19 12.128125 -10.290625
2024_0413_01:09:56 19 3.003125 -1.609375
2024_0413_01:10:15 19 10.31875 10.83125
2024_0413_01:10:44 19 93.334375 91.628125
2024_0413_01:11:02 19 16.859375 -16.75625
2024_0413_01:11:53 19 16.4375 -16.39375
2024_0413_01:12:03 19 43.9625 44.778125
2024_0413_01:12:24 19 -0.93125 -0.090625
2024_0413_01:12:37 19 12.071875 21.0375
2024_0413_01:12:57 19 0.4625 -0.571875
2024_0413_01:13:45 19 -9.059375 22.25625
2024_0413_01:14:07 19 44.428125 89.74375
2024_0413_01:14:26 19 -0.06875 45.078125
2024_0413_01:14:35 19 88.0 90.6875
2024_0413_01:15:04 19 -0.65625 1.49375
2024_0413_01:15:24 19 86.171875 12.44375
2024_0413_01:15:44 19 0.365625 1.125
2024_0413_01:15:49 19 87.95 83.184375
2024_0413_01:16:31 19 83.153125 88.184375
2024_0413_01:17:01 19 -0.203125 0.284375
2024_0413_01:17:03 19 20.21875 -20.265625
2024_0413_01:17:50 19 92.36875 92.565625
2024_0413_01:17:59 19 4.7125 8.790625
2024_0413_01:18:18 19 15.55625 9.91875
2024_0413_01:18:56 19 -11.478125 10.628125
2024_0413_01:19:40 19 44.54375 44.653125
2024_0413_01:20:26 19 -0.715625 0.41875
2024_0413_01:20:26 19 0.2125 0.178125
2024_0413_01:21:07 19 92.078125 91.928125
2024_0413_01:21:25 19 -0.2 -1.24375
2024_0413_01:21:35 19 -49.978125 49.990625
2024_0413_01:21:43 19 0.421875 8.11875
2024_0413_01:21:45 19 91.671875 90.696875
2024_0413_01:22:48 19 -0.603125 0.715625
2024_0413_01:22:52 19 -0.140625 0.3625
2024_0413_01:23:15 19 -0.4375 1.0
2024_0413_01:23:46 19 49.68125 -49.371875
2024_0413_01:23:54 19 -0.015625 -0.2375
2024_0413_01:24:19 19 20.034375 36.721875
2024_0413_01:24:52 19 10.609375 -10.853125
2024_0413_01:25:31 19 24.990625 -24.784375
2024_0413_01:26:30 20 92.91875 92.58125
2024_0413_01:26:31 20 4.35625 23.2875
2024_0413_01:27:17 20 0.41875 -1.2125
2024_0413_01:27:33 20 20.109375 8.178125
2024_0413_01:27:33 20 92.759375 14.315625
2024_0413_01:27:39 20 89.41875 91.684375
2024_0413_01:28:30 20 -0.2125 -0.50625
2024_0413_01:28:51 20 12.221875 44.55
2024_0413_01:29:04 20 44.68125 45.1125
2024_0413_01:29:37 20 70.528125 70.046875
2024_0413_01:29:39 20 99.99375 -49.996875
2024_0413_01:29:47 20 0.63125 -0.453125
2024_0413_01:30:15 20 20.85625 47.625
2024_0413_01:30:46 20 0.36875 -0.303125
2024_0413_01:31:29 20 -49.984375 -50.003125
2024_0413_01:32:28 20 0.11875 0.1125
2024_0413_01:32:40 20 -7.321875 23.0125
2024_0413_01:33:10 20 1.159375 2.9375
2024_0413_01:33:20 20 0.096875 -0.053125
2024_0413_01:33:29 20 11.85625 10.428125
2024_0413_01:33:32 20 89.89375 89.946875
2024_0413_01:35:19 20 38.75 38.35625
2024_0413_01:35:24 20 53.1 61.4625
2024_0413_01:35:29 20 0.14375 0.18125
2024_0413_01:35:37 20 0.128125 0.1625
2024_0413_01:35:41 20 89.221875 91.303125
2024_0413_01:36:08 20 -0.5125 -0.690625
2024_0413_01:36:39 20 -12.89375 12.459375
2024_0413_01:37:27 20 88.728125 -7.134375
2024_0413_01:37:39 20 91.978125 92.728125
2024_0413_01:38:28 20 0.04375 0.4625
2024_0413_01:38:30 20 9.3625 -9.690625
2024_0413_01:39:05 20 92.04375 89.13125
2024_0413_01:39:12 20 16.084375 -15.73125
2024_0413_01:39:20 20 0.003125 0.003125
2024_0413_01:41:21 20 0.1 -0.284375
2024_0413_01:41:34 20 -13.4875 12.80625
2024_0413_01:41:37 20 1.6375 -1.578125
2024_0413_01:41:38 20 78.7125 84.775
2024_0413_01:42:01 20 89.171875 86.740625
2024_0413_01:42:03 20 0.31875 -0.54375
2024_0413_01:42:30 20 91.25625 89.6875
2024_0413_01:43:15 20 99.99375 49.996875
2024_0413_01:43:20 20 92.546875 92.425
2024_0413_01:43:55 20 6.00625 6.76875
2024_0413_01:44:18 20 -2.23125 5.04375
2024_0413_01:44:23 20 50.075 -49.871875
2024_0413_01:44:53 20 0.365625 -0.1125
2024_0413_01:44:56 20 90.50625 44.265625
2024_0413_01:45:04 20 0.74375 0.253125
2024_0413_01:45:08 20 91.9 92.05
2024_0413_01:47:16 20 44.6125 3.81875
2024_0413_01:47:27 20 92.546875 91.0375
2024_0413_01:47:34 20 36.05 43.565625
2024_0413_01:47:50 20 15.915625 15.35
2024_0413_01:47:57 20 86.81875 91.7125
2024_0413_01:48:23 20 -14.5875 16.296875
2024_0413_01:48:44 20 91.08125 86.321875
2024_0413_01:49:07 20 -0.746875 47.1
2024_0413_01:49:10 20 17.015625 16.41875
2024_0413_01:50:12 20 1.8125 -0.125
2024_0413_01:50:13 20 0.365625 -0.8875
2024_0413_01:50:22 20 90.5125 91.01875
2024_0413_01:50:50 20 44.18125 44.353125
2024_0413_01:50:53 20 16.365625 18.54375
2024_0413_01:50:56 20 -99.984375 99.99375
2024_0413_01:52:15 20 81.7125 66.25625
2024_0413_01:53:06 20 -20.2 20.665625
2024_0413_01:53:19 20 55.5625 36.075
2024_0413_01:53:29 20 -10.1875 9.01875
2024_0413_01:53:49 20 24.69375 1.084375
2024_0413_01:54:03 20 12.565625 -11.196875
2024_0413_01:55:01 20 3.740625 1.709375
2024_0413_01:55:24 20 90.9375 90.953125
2024_0413_01:55:31 20 64.58125 83.325
2024_0413_01:55:59 20 -1.53125 0.79375
2024_0413_01:56:19 20 92.675 92.784375
2024_0413_01:56:26 20 86.659375 92.765625
2024_0413_01:56:46 20 -3.890625 96.171875
2024_0413_01:56:47 20 -0.265625 0.96875
2024_0413_01:56:54 20 -0.153125 -0.703125
2024_0413_01:57:42 20 20.240625 20.409375
2024_0413_01:58:41 20 99.99375 -49.996875
2024_0413_01:59:01 20 44.828125 94.571875
2024_0413_01:59:20 20 40.1375 -40.034375
2024_0413_01:59:28 20 72.103125 78.1125
2024_0413_01:59:45 20 57.390625 56.925
2024_0413_02:00:31 20 -0.703125 0.1375
2024_0413_02:00:52 20 0.590625 -0.365625
2024_0413_02:01:17 20 0.19375 -0.08125
2024_0413_02:01:52 20 27.6125 -24.01875
2024_0413_02:02:07 20 45.03125 93.9875
2024_0413_02:02:22 20 0.665625 -0.053125
2024_0413_02:02:39 20 9.0 43.33125
2024_0413_02:02:40 20 8.08125 -7.85625
2024_0413_02:02:44 20 49.2375 -3.003125
2024_0413_02:02:48 20 -12.575 24.64375
2024_0413_02:04:50 20 -30.190625 30.615625
2024_0413_02:04:53 20 48.934375 48.8875
2024_0413_02:05:10 20 -0.43125 -0.25
2024_0413_02:05:18 5 92.828125 92.4375
2024_0413_02:05:37 9 93.090625 93.4625
2024_0413_02:06:40 13 61.928125 91.88125
2024_0413_02:06:48 13 1.175 -0.28125
2024_0413_02:07:06 13 91.7125 93.2625
2024_0413_02:07:14 13 9.975 10.70625
2024_0413_02:07:37 13 -1.328125 2.0375
2024_0413_02:08:12 14 77.7125 76.646875
2024_0413_02:08:25 14 -0.2375 0.56875
2024_0413_02:08:26 14 -0.61875 1.115625
2024_0413_02:08:33 15 91.66875 92.834375
2024_0413_02:08:39 14 89.6625 90.446875
2024_0413_02:08:55 15 0.05 0.109375
2024_0413_02:10:35 15 -0.73125 -0.728125
2024_0413_02:11:03 15 93.95625 92.525
2024_0413_02:11:08 15 15.08125 14.33125
2024_0413_02:11:20 15 91.753125 36.846875
2024_0413_02:11:22 15 -0.175 -0.190625
2024_0413_02:12:32 15 -5.35 47.5
2024_0413_02:12:33 15 -0.128125 0.2375
2024_0413_02:12:57 15 0.55625 -0.284375
2024_0413_02:13:26 16 -37.609375 37.615625
2024_0413_02:14:00 16 91.16875 90.646875
2024_0413_02:14:02 16 0.965625 -0.61875
2024_0413_02:14:14 16 1.4625 3.384375
2024_0413_02:14:18 16 39.85 -39.915625
2024_0413_02:14:21 16 -1.0875 0.21875
2024_0413_02:15:07 16 17.1 -16.09375
2024_0413_02:16:03 16 0.921875 -0.240625
2024_0413_02:16:21 16 -10.05625 8.784375
2024_0413_02:17:00 17 0.4 -0.159375
2024_0413_02:17:11 17 92.878125 92.43125
2024_0413_02:17:12 17 68.603125 69.025
2024_0413_02:17:35 17 89.9625 61.528125
2024_0413_02:18:20 17 8.553125 -4.13125
2024_0413_02:18:22 17 -9.85 10.696875
2024_0413_02:18:49 17 73.571875 74.328125
2024_0413_02:19:15 17 -0.209375 0.85
2024_0413_02:19:52 17 0.140625 -0.509375
2024_0413_02:20:04 17 10.146875 -10.409375
2024_0413_02:20:12 17 0.3875 -0.478125
2024_0413_02:20:13 17 39.028125 29.190625
2024_0413_02:20:40 17 92.428125 92.590625
2024_0413_02:21:41 17 -0.75625 -0.503125
2024_0413_02:22:19 18 90.1875 44.525
2024_0413_02:22:51 18 -0.7 -0.140625
2024_0413_02:23:05 18 -1.53125 22.596875
2024_0413_02:23:10 18 -0.05 0.190625
2024_0413_02:23:27 18 2.709375 -1.496875
2024_0413_02:24:12 18 12.86875 -13.546875
2024_0413_02:24:13 18 71.815625 71.390625
2024_0413_02:24:36 18 42.425 -9.265625
2024_0413_02:24:51 19 89.896875 90.684375
2024_0413_02:25:05 19 2.1375 3.946875
2024_0413_02:25:45 19 15.03125 -15.121875
2024_0413_02:25:56 19 -0.5 0.578125
2024_0413_02:26:04 19 90.7 90.58125
2024_0413_02:26:07 19 -0.34375 0.190625
2024_0413_02:27:39 19 13.41875 14.090625
2024_0413_02:28:05 19 48.540625 -36.75625
2024_0413_02:28:27 19 -0.146875 0.134375
2024_0413_02:28:41 19 0.496875 0.090625
2024_0413_02:28:54 19 0.003125 -0.321875
2024_0413_02:28:57 20 -0.58125 0.871875
2024_0413_02:29:54 20 90.75625 92.221875
2024_0413_02:29:55 20 0.7 -0.390625
2024_0413_02:29:56 20 17.20625 17.671875
2024_0413_02:30:31 20 49.278125 -2.996875
2024_0413_02:30:43 20 49.928125 -49.915625
2024_0413_02:31:23 20 1.715625 0.85
2024_0413_02:33:48 20 49.996875 -49.996875
