0.20683000000013646 0.11868500000004831 0.027855000000003193 0.006694999999999811 0.02275500000000163 0.021925000000001377 0.020545000000000955 0.020290000000000877 0.020255000000000866 0.007929999999999762 0.0439749999999993 0.03667500000000213 0.061654999999992445 0.05844999999999369 0.06654999999999617 0.050869999999996626 0.06415999999999378 0.06262999999999225 0.04189000000000011 0.03938000000000108 
2024_0412_09:55:29 11 1.03 -0.03
2024_0412_09:55:30 2 85.275 85.58
2024_0412_09:55:31 5 88.6 88.675
2024_0412_09:55:31 8 83.71 85.37
2024_0412_09:55:33 1 88.395 88.4
2024_0412_09:55:33 11 85.73 83.88
2024_0412_09:55:33 3 85.515 86.325
2024_0412_09:55:34 10 87.315 86.915
2024_0412_09:55:34 4 86.285 84.95
2024_0412_09:55:35 2 82.97 84.365
2024_0412_09:55:37 1 88.62 88.205
2024_0412_09:55:37 9 89.745 89.63
2024_0412_09:56:07 6 89.235 88.705
2024_0412_09:56:16 6 88.665 89.1
2024_0412_09:56:21 7 84.475 84.785
2024_0412_09:56:23 1 88.44 88.82
2024_0412_10:00:59 12 65.52 -4.265
2024_0412_10:01:01 13 71.095 57.385
2024_0412_10:01:02 15 -0.05 0.965
2024_0412_10:01:04 16 -0.235 -0.8
2024_0412_10:01:04 14 87.26 86.75
2024_0412_10:01:06 13 -46.215 48.95
2024_0412_10:01:06 15 0.595 -0.2
2024_0412_10:01:09 17 0.14 -1.165
2024_0412_10:01:10 18 -11.09 10.145
2024_0412_10:01:12 17 -0.1 0.485
2024_0412_10:01:21 18 24.88 -21.905
2024_0412_10:02:12 20 -0.76 0.93
2024_0412_10:02:12 20 -0.7 0.745
2024_0412_10:03:48 19 20.94 15.105
2024_0412_10:09:18 11 0.21 -0.57
2024_0412_10:09:19 8 87.2 87.325
2024_0412_10:09:19 11 -0.735 -0.45
2024_0412_10:09:20 11 -99.97 -49.99
2024_0412_10:09:20 11 85.725 87.235
2024_0412_10:09:21 6 89.3 88.505
2024_0412_10:09:22 1 88.305 89.075
2024_0412_10:09:22 11 0.705 -0.365
2024_0412_10:09:23 3 84.915 85.71
2024_0412_10:09:23 9 88.53 89.24
2024_0412_10:09:24 2 85.965 86.12
2024_0412_10:09:26 4 82.555 82.245
2024_0412_10:09:52 7 87.375 85.195
2024_0412_10:09:57 10 87.165 84.065
2024_0412_10:10:07 5 89.005 88.895
2024_0412_10:10:38 11 -0.055 1.035
2024_0412_10:14:51 12 -16.555 16.53
2024_0412_10:14:52 13 14.545 66.635
2024_0412_10:14:53 11 66.765 26.265
2024_0412_10:14:53 13 11.335 -11.4
2024_0412_10:14:55 13 87.615 87.79
2024_0412_10:14:55 14 86.46 90.78
2024_0412_10:14:55 16 -2.38 88.915
2024_0412_10:14:56 15 -9.84 37.21
2024_0412_10:14:57 13 87.21 86.205
2024_0412_10:14:58 17 -0.545 -0.855
2024_0412_10:14:58 18 87.415 87.675
2024_0412_10:15:02 19 0.41 -0.36
2024_0412_10:15:53 20 49.985 -49.965
2024_0412_10:16:00 20 90.265 89.25
2024_0412_10:21:29 11 0.3 0.01
2024_0412_10:21:31 5 88.25 88.725
2024_0412_10:21:32 11 85.7 84.675
2024_0412_10:21:32 3 82.54 83.655
2024_0412_10:21:33 1 88.645 88.795
2024_0412_10:21:33 6 89.005 88.64
2024_0412_10:21:33 2 86.62 87.255
2024_0412_10:21:33 7 86.745 86.885
2024_0412_10:21:34 8 86.28 87.3
2024_0412_10:21:34 11 88.22 91.25
2024_0412_10:21:37 4 86.26 83.315
2024_0412_10:21:38 10 85.615 87.2
2024_0412_10:22:06 12 -0.735 0.03
2024_0412_10:22:14 12 87.115 83.425
2024_0412_10:22:21 11 -0.06 0.045
2024_0412_10:22:51 9 90.29 89.9
2024_0412_10:27:00 13 0.405 -0.99
2024_0412_10:27:01 14 0.625 0.61
2024_0412_10:27:03 13 87.255 87.47
2024_0412_10:27:04 13 42.995 -3.17
2024_0412_10:27:06 15 86.03 84.175
2024_0412_10:27:06 16 37.855 10.555
2024_0412_10:27:07 13 -40.555 49.895
2024_0412_10:27:08 13 88.58 88.4
2024_0412_10:27:08 15 80.77 84.64
2024_0412_10:27:10 16 -13.67 58.35
2024_0412_10:27:12 16 57.155 76.415
2024_0412_10:27:14 17 42.255 92.37
2024_0412_10:28:30 18 -0.345 1.405
2024_0412_10:28:33 18 -15.365 11.065
2024_0412_10:28:54 18 -72.17 72.25
2024_0412_10:28:57 18 -0.215 0.5
2024_0412_10:32:29 18 0.065 0.03
2024_0412_10:32:31 20 -1.52 1.885
2024_0412_10:32:31 19 44.03 -8.13
2024_0412_10:32:35 19 7.87 -9.855
2024_0412_10:32:35 18 -7.96 36.85
2024_0412_10:32:35 20 -0.31 0.33
2024_0412_10:32:37 20 -1.75 2.46
2024_0412_10:32:38 20 9.41 -5.695
2024_0412_10:38:09 11 0.12 -0.595
2024_0412_10:38:10 11 49.985 49.995
2024_0412_10:38:10 10 87.82 87.785
2024_0412_10:38:11 7 86.58 41.9
2024_0412_10:38:11 8 87.81 83.68
2024_0412_10:38:11 11 0.69 -0.885
2024_0412_10:38:12 6 88.48 88.835
2024_0412_10:38:12 11 -1.815 -0.225
2024_0412_10:38:12 11 85.485 86.22
2024_0412_10:38:13 1 89.075 88.695
2024_0412_10:38:13 9 89.91 89.845
2024_0412_10:38:42 5 88.355 88.825
2024_0412_10:38:47 3 84.865 80.015
2024_0412_10:39:04 2 85.385 85.72
2024_0412_10:39:12 11 -0.6 -0.095
2024_0412_10:40:58 11 0.04 0.25
2024_0412_10:43:38 11 0.38 -2.605
2024_0412_10:43:39 11 -0.91 0.745
2024_0412_10:43:42 11 85.255 86.31
2024_0412_10:43:42 12 0.115 0.68
2024_0412_10:43:43 13 50.955 -49.57
2024_0412_10:43:43 12 -17.035 60.07
2024_0412_10:43:43 12 83.255 87.28
2024_0412_10:43:44 12 88.555 88.645
2024_0412_10:43:46 12 86.555 82.59
2024_0412_10:43:47 12 84.99 85.36
2024_0412_10:43:47 12 83.47 84.97
2024_0412_10:44:46 13 85.95 87.085
2024_0412_10:44:50 13 43.195 8.61
2024_0412_10:45:31 13 2.745 1.295
2024_0412_10:45:46 13 86.27 80.475
2024_0412_10:46:31 13 -1.07 -0.03
2024_0412_10:49:11 13 0.07 -1.235
2024_0412_10:49:12 14 0.91 0.04
2024_0412_10:49:13 13 88.37 88.695
2024_0412_10:49:13 13 38.005 36.555
2024_0412_10:49:15 13 1.92 -1.63
2024_0412_10:49:16 13 86.385 86.225
2024_0412_10:49:16 14 -0.005 -0.12
2024_0412_10:49:18 14 -11.315 13.44
2024_0412_10:49:18 14 0.645 -0.23
2024_0412_10:49:19 14 84.66 85.66
2024_0412_10:49:23 14 89.1 87.07
2024_0412_10:50:47 14 0.155 -0.935
2024_0412_10:50:56 14 41.615 81.105
2024_0412_10:52:04 14 2.02 -2.72
2024_0412_10:52:05 14 88.405 86.46
2024_0412_10:52:23 14 82.37 75.94
2024_0412_10:54:41 14 1.5 0.075
2024_0412_10:54:45 14 -0.175 -0.635
2024_0412_10:54:49 14 83.325 85.64
2024_0412_10:54:49 15 -0.645 0.385
2024_0412_10:54:53 15 0.53 0.15
2024_0412_10:54:54 15 8.355 2.975
2024_0412_10:54:55 15 41.725 25.05
2024_0412_10:54:57 15 -35.345 46.42
2024_0412_10:54:58 15 -0.095 0.145
2024_0412_10:54:59 15 84.075 80.77
2024_0412_10:57:04 15 88.58 88.46
2024_0412_10:57:08 15 -0.23 -0.07
2024_0412_10:57:39 15 88.09 87.045
2024_0412_10:58:16 15 -0.845 0.12
2024_0412_10:58:44 15 -1.41 1.195
2024_0412_10:59:01 16 -0.185 0.59
2024_0412_11:00:14 16 31.07 66.65
2024_0412_11:00:19 16 85.96 86.01
2024_0412_11:00:20 16 8.985 -9.06
2024_0412_11:00:22 16 14.885 -17.11
2024_0412_11:00:27 17 -80.775 79.73
2024_0412_11:00:27 16 16.71 14.465
2024_0412_11:00:28 17 0.495 -0.07
2024_0412_11:00:29 16 -10.39 7.765
2024_0412_11:00:35 17 18.76 22.58
2024_0412_11:00:38 17 76.96 54.75
2024_0412_11:03:12 17 -49.99 99.97
2024_0412_11:03:16 17 0.36 -0.555
2024_0412_11:03:36 17 -8.95 9.79
2024_0412_11:04:58 17 -0.215 -0.56
2024_0412_11:05:00 17 13.97 11.295
2024_0412_11:05:44 18 -99.95 49.935
2024_0412_11:05:48 18 -50.0 -99.995
2024_0412_11:05:53 18 42.33 -3.42
2024_0412_11:05:54 18 89.87 -50.7
2024_0412_11:05:59 18 87.715 84.535
2024_0412_11:06:01 19 18.41 33.385
2024_0412_11:06:04 18 40.695 -40.31
2024_0412_11:06:04 18 -21.955 23.865
2024_0412_11:06:13 19 -33.475 41.68
2024_0412_11:06:16 19 37.42 -6.26
2024_0412_11:08:43 20 0.34 78.87
2024_0412_11:09:25 20 -1.175 0.425
2024_0412_11:10:36 20 -11.315 12.39
2024_0412_11:10:48 20 -0.09 -0.7
2024_0412_11:11:05 20 3.59 0.69
2024_0412_11:11:05 20 -0.265 -0.69
2024_0412_11:11:10 4 83.565 82.705
2024_0412_11:11:14 15 0.845 -0.93
2024_0412_11:11:18 17 24.23 -4.51
2024_0412_11:11:19 18 85.525 84.5
2024_0412_11:11:35 20 22.645 -10.325
2024_0412_11:17:04 7 86.595 86.55
2024_0412_11:17:05 7 86.42 87.14
2024_0412_11:17:06 11 -0.735 1.13
2024_0412_11:17:07 8 83.31 85.38
2024_0412_11:17:07 5 89.125 88.455
2024_0412_11:17:08 6 89.05 88.55
2024_0412_11:17:08 11 88.585 88.795
2024_0412_11:17:09 10 86.15 86.235
2024_0412_11:17:09 1 88.69 88.965
2024_0412_11:17:10 9 89.855 89.65
2024_0412_11:17:10 11 0.88 -1.32
2024_0412_11:17:11 11 83.585 84.905
2024_0412_11:17:42 3 87.24 86.17
2024_0412_11:17:43 2 87.145 87.9
2024_0412_11:17:48 11 0.15 0.95
2024_0412_11:18:57 4 83.085 85.835
2024_0412_11:22:31 11 -1.57 -0.34
2024_0412_11:22:33 12 -0.425 1.005
2024_0412_11:22:34 11 86.34 87.315
2024_0412_11:22:38 11 86.375 85.4
2024_0412_11:22:38 12 87.64 86.205
2024_0412_11:22:38 12 85.515 86.16
2024_0412_11:22:38 11 10.01 7.655
2024_0412_11:22:40 12 -0.16 0.215
2024_0412_11:22:40 12 -0.74 0.555
2024_0412_11:22:40 13 57.61 0.095
2024_0412_11:22:40 12 68.045 68.84
2024_0412_11:22:43 12 83.745 85.755
2024_0412_11:23:44 13 99.99 99.99
2024_0412_11:23:45 13 0.775 -1.485
2024_0412_11:24:13 13 87.56 87.825
2024_0412_11:27:02 13 91.915 -85.37
2024_0412_11:27:59 13 -0.26 -0.005
2024_0412_11:28:04 13 89.59 89.58
2024_0412_11:28:05 13 0.655 -0.94
2024_0412_11:28:07 13 -0.27 0.1
2024_0412_11:28:09 13 -0.455 0.465
2024_0412_11:28:09 13 -0.205 -0.895
2024_0412_11:28:09 14 50.0 -50.0
2024_0412_11:28:12 14 89.075 91.99
2024_0412_11:28:12 14 85.77 85.79
2024_0412_11:28:12 13 14.57 16.485
2024_0412_11:28:13 14 83.875 81.905
2024_0412_11:28:14 14 -1.465 -1.405
2024_0412_11:29:45 14 -1.11 0.2
2024_0412_11:29:46 14 -4.625 67.59
2024_0412_11:30:22 14 68.135 66.925
2024_0412_11:33:29 14 -0.12 0.635
2024_0412_11:33:31 14 49.985 -99.97
2024_0412_11:33:37 15 -0.085 0.25
2024_0412_11:33:38 14 87.845 87.7
2024_0412_11:33:41 14 86.01 86.88
2024_0412_11:33:42 15 -0.005 0.015
2024_0412_11:33:43 15 -77.55 78.39
2024_0412_11:33:44 15 -34.195 39.585
2024_0412_11:33:44 15 -0.285 0.75
2024_0412_11:33:44 15 -0.985 2.785
2024_0412_11:33:45 15 84.265 85.775
2024_0412_11:33:46 15 -0.465 0.315
2024_0412_11:33:50 15 85.56 85.76
2024_0412_11:35:46 15 -0.905 0.215
2024_0412_11:36:32 15 1.55 2.685
2024_0412_11:36:34 15 84.725 85.855
2024_0412_11:38:59 16 -1.83 1.005
2024_0412_11:39:01 16 -11.285 9.785
2024_0412_11:39:12 16 0.67 -0.055
2024_0412_11:39:12 16 -1.99 -0.355
2024_0412_11:39:12 16 0.56 -0.585
2024_0412_11:39:14 16 -49.995 -99.99
2024_0412_11:39:14 16 -0.445 -0.035
2024_0412_11:39:15 17 19.195 69.155
2024_0412_11:39:17 17 89.49 89.94
2024_0412_11:39:20 17 82.92 84.84
2024_0412_11:39:25 17 10.065 -10.08
2024_0412_11:41:02 16 9.93 9.495
2024_0412_11:41:50 17 1.515 0.575
2024_0412_11:42:37 17 -0.58 -0.98
2024_0412_11:42:46 17 88.585 88.095
2024_0412_11:42:59 18 -0.015 1.705
2024_0412_11:44:36 18 0.53 0.795
2024_0412_11:44:45 18 -12.2 13.135
2024_0412_11:44:46 18 86.19 37.87
2024_0412_11:44:46 18 87.355 88.965
2024_0412_11:44:52 18 -6.13 5.16
2024_0412_11:44:52 18 0.555 0.295
2024_0412_11:44:53 18 86.925 86.05
2024_0412_11:44:54 18 -0.185 -0.875
2024_0412_11:44:55 19 -0.565 0.385
2024_0412_11:44:55 18 0.35 0.215
2024_0412_11:46:35 18 -50.0 50.0
2024_0412_11:48:00 19 -0.4 0.86
2024_0412_11:48:05 19 1.32 74.01
2024_0412_11:48:25 20 84.325 81.33
2024_0412_11:48:39 20 38.365 -6.89
2024_0412_11:48:49 20 -14.35 65.745
2024_0412_11:50:10 20 0.0 0.0
2024_0412_11:50:11 20 3.24 43.795
2024_0412_11:50:11 20 84.935 43.51
2024_0412_11:50:12 17 1.355 0.705
2024_0412_11:50:23 18 86.56 87.13
2024_0412_11:55:53 7 66.985 85.335
2024_0412_11:55:54 11 0.085 -0.94
2024_0412_11:55:55 11 0.17 -0.125
2024_0412_11:55:55 5 88.61 88.645
2024_0412_11:55:55 11 0.735 0.64
2024_0412_11:55:57 3 84.425 85.55
2024_0412_11:55:57 6 88.725 88.845
2024_0412_11:55:57 2 86.07 86.32
2024_0412_11:55:58 11 0.32 -1.135
2024_0412_11:55:58 8 81.265 86.56
2024_0412_11:55:58 4 85.925 86.58
2024_0412_11:56:00 1 88.355 88.98
2024_0412_11:56:37 7 85.23 86.525
2024_0412_11:56:51 9 89.51 89.975
2024_0412_11:58:00 10 88.34 41.425
2024_0412_11:58:17 11 -99.995 -49.99
2024_0412_12:01:25 11 -0.905 -1.06
2024_0412_12:01:25 11 99.99 -49.995
2024_0412_12:01:26 11 89.455 88.785
2024_0412_12:01:26 11 84.515 85.0
2024_0412_12:01:28 11 49.99 99.98
2024_0412_12:01:29 11 91.4 -27.17
2024_0412_12:01:29 11 88.765 87.99
2024_0412_12:01:30 11 0.13 -0.645
2024_0412_12:01:31 11 86.85 85.93
2024_0412_12:01:31 11 -2.275 6.565
2024_0412_12:01:33 11 88.615 88.935
2024_0412_12:01:33 11 0.5 1.08
2024_0412_12:02:51 11 0.06 -0.88
2024_0412_12:03:07 11 85.065 85.87
2024_0412_12:05:39 12 88.78 89.04
2024_0412_12:06:30 12 93.83 36.795
2024_0412_12:06:55 12 88.03 88.05
2024_0412_12:06:57 12 -0.68 0.09
2024_0412_12:06:58 12 86.445 85.765
2024_0412_12:06:59 12 0.33 0.02
2024_0412_12:07:00 12 64.38 67.705
2024_0412_12:07:00 12 84.6 87.01
2024_0412_12:07:01 12 0.0 -0.1
2024_0412_12:07:02 12 84.395 84.005
2024_0412_12:07:04 12 0.42 1.09
2024_0412_12:07:05 12 85.045 84.3
2024_0412_12:07:07 12 87.55 85.99
2024_0412_12:07:08 12 0.685 -0.75
2024_0412_12:09:05 12 14.215 14.72
2024_0412_12:09:21 12 -0.68 0.0
2024_0412_12:12:28 13 -0.8 -0.685
2024_0412_12:12:31 13 85.825 80.225
2024_0412_12:12:32 13 84.93 86.805
2024_0412_12:12:33 13 91.32 86.205
2024_0412_12:12:34 13 0.58 0.075
2024_0412_12:12:34 13 87.155 86.85
2024_0412_12:12:35 13 86.995 44.365
2024_0412_12:12:37 13 85.725 84.045
2024_0412_12:12:38 13 77.415 4.965
2024_0412_12:12:38 13 83.28 88.935
2024_0412_12:12:41 13 -2.87 6.475
2024_0412_12:12:45 13 -0.495 0.565
2024_0412_12:13:21 13 -1.605 21.975
2024_0412_12:15:21 13 89.29 88.76
2024_0412_12:15:37 13 76.285 84.555
2024_0412_12:15:57 13 -0.355 1.215
2024_0412_12:17:57 13 0.175 0.53
2024_0412_12:18:01 13 0.915 0.675
2024_0412_12:18:01 13 49.99 99.97
2024_0412_12:18:02 13 0.465 -1.37
2024_0412_12:18:06 13 -0.475 0.29
2024_0412_12:18:07 14 -1.225 -0.235
2024_0412_12:18:09 13 86.125 85.405
2024_0412_12:18:09 13 79.96 84.155
2024_0412_12:18:09 14 30.105 28.77
2024_0412_12:18:11 14 18.585 -20.485
2024_0412_12:18:19 14 -7.665 26.8
2024_0412_12:18:20 14 84.66 80.83
2024_0412_12:21:11 14 85.395 85.295
2024_0412_12:21:53 14 70.25 70.51
2024_0412_12:23:28 14 87.84 87.75
2024_0412_12:23:31 14 -99.99 -49.995
2024_0412_12:23:33 14 88.575 88.515
2024_0412_12:23:34 14 66.155 15.6
2024_0412_12:23:38 14 85.395 85.34
2024_0412_12:23:39 14 -20.125 20.36
2024_0412_12:23:42 14 88.925 87.38
2024_0412_12:23:43 14 87.61 37.625
2024_0412_12:23:44 14 21.975 20.765
2024_0412_12:23:46 14 11.32 11.955
2024_0412_12:23:49 14 1.845 0.485
2024_0412_12:23:50 14 49.995 -99.99
2024_0412_12:24:15 14 85.895 83.3
2024_0412_12:25:28 14 7.05 3.955
2024_0412_12:27:33 14 -0.575 -0.57
2024_0412_12:29:01 15 0.045 -0.325
2024_0412_12:29:02 14 88.87 88.525
2024_0412_12:29:05 15 72.96 73.18
2024_0412_12:29:09 15 13.195 12.795
2024_0412_12:29:12 15 85.61 84.655
2024_0412_12:29:13 15 27.06 -26.78
2024_0412_12:29:15 15 -91.95 96.645
2024_0412_12:29:17 15 88.75 89.13
2024_0412_12:29:22 15 2.2 -0.595
2024_0412_12:29:24 15 82.99 82.34
2024_0412_12:29:27 15 -0.13 -0.35
2024_0412_12:29:31 14 -0.14 -0.095
2024_0412_12:29:44 15 1.44 1.22
2024_0412_12:30:29 15 0.92 -0.185
2024_0412_12:33:35 15 -9.7 9.36
2024_0412_12:33:47 15 42.66 -1.42
2024_0412_12:34:28 15 -0.145 -0.19
2024_0412_12:34:30 15 -0.455 -0.42
2024_0412_12:34:36 15 71.265 71.34
2024_0412_12:34:40 15 0.89 0.39
2024_0412_12:34:45 15 1.05 0.275
2024_0412_12:34:47 15 -0.695 -1.06
2024_0412_12:34:47 15 -1.33 2.765
2024_0412_12:34:53 15 86.52 83.865
2024_0412_12:34:59 16 1.1 -0.825
2024_0412_12:35:00 16 -9.275 10.46
2024_0412_12:35:01 15 89.96 89.81
2024_0412_12:35:13 16 -1.945 0.775
2024_0412_12:36:43 16 -1.075 11.185
2024_0412_12:36:52 16 -0.205 -1.395
2024_0412_12:39:58 16 -1.195 0.71
2024_0412_12:40:03 16 88.265 88.12
2024_0412_12:40:03 16 89.61 90.225
2024_0412_12:40:09 16 84.775 84.7
2024_0412_12:40:17 16 31.335 38.09
2024_0412_12:40:17 16 0.585 0.6
2024_0412_12:40:20 16 21.225 44.065
2024_0412_12:40:22 16 -7.725 8.16
2024_0412_12:40:28 16 -0.735 -0.15
2024_0412_12:40:33 16 0.1 -1.16
2024_0412_12:40:38 17 -0.38 -0.17
2024_0412_12:41:05 16 82.925 11.28
2024_0412_12:41:31 17 -0.27 -0.985
2024_0412_12:42:52 17 -27.585 54.15
2024_0412_12:42:56 17 42.42 67.3
2024_0412_12:45:00 17 67.74 67.325
2024_0412_12:45:28 17 0.23 1.035
2024_0412_12:45:37 17 89.3 88.835
2024_0412_12:45:39 17 33.1 11.86
2024_0412_12:45:50 17 2.095 -2.07
2024_0412_12:45:50 17 90.8 -2.28
2024_0412_12:45:56 17 12.9 10.875
2024_0412_12:46:04 17 0.795 -0.52
2024_0412_12:46:20 17 75.79 83.01
2024_0412_12:46:37 17 11.12 12.22
2024_0412_12:47:07 17 15.1 -14.74
2024_0412_12:48:15 18 84.61 85.775
2024_0412_12:48:27 18 0.0 -0.475
2024_0412_12:48:48 17 5.63 2.345
2024_0412_12:49:08 18 1.545 2.23
2024_0412_12:49:13 18 -1.545 1.195
2024_0412_12:51:04 18 -20.095 20.55
2024_0412_12:51:12 18 0.155 -0.045
2024_0412_12:51:21 18 12.745 -11.28
2024_0412_12:51:27 18 89.505 89.25
2024_0412_12:51:29 18 85.39 86.02
2024_0412_12:51:45 18 0.115 -0.11
2024_0412_12:52:04 18 -0.03 -0.9
2024_0412_12:52:40 18 6.49 4.19
2024_0412_12:52:45 18 -49.41 49.485
2024_0412_12:52:55 18 82.475 84.68
2024_0412_12:53:25 18 27.755 -27.805
2024_0412_12:54:03 18 1.065 0.235
2024_0412_12:54:11 18 -49.995 99.99
2024_0412_12:54:57 18 -9.335 9.925
2024_0412_12:55:02 18 89.725 89.43
2024_0412_12:55:39 18 -24.355 13.195
2024_0412_12:57:10 18 -0.91 0.28
2024_0412_12:57:20 18 0.39 0.745
2024_0412_12:57:22 18 72.33 33.815
2024_0412_12:57:34 19 -3.255 2.425
2024_0412_12:57:58 19 20.755 -18.755
2024_0412_12:58:42 19 81.5 85.075
2024_0412_12:58:58 19 -28.755 47.55
2024_0412_12:59:01 19 95.19 -36.615
2024_0412_12:59:26 20 34.31 34.195
2024_0412_12:59:50 19 43.87 44.44
2024_0412_13:00:03 20 -0.065 -0.49
2024_0412_13:00:12 20 72.73 57.535
2024_0412_13:00:53 20 7.93 -7.55
2024_0412_13:01:02 20 68.865 4.635
2024_0412_13:02:02 20 -0.87 0.71
2024_0412_13:02:37 20 85.99 85.93
2024_0412_13:03:03 20 -14.73 15.99
2024_0412_13:03:20 20 5.26 0.765
2024_0412_13:03:21 20 68.49 67.85
2024_0412_13:03:26 20 -0.935 0.055
2024_0412_13:03:57 20 -0.355 0.32
2024_0412_13:04:35 20 -1.365 46.45
2024_0412_13:05:11 14 83.305 8.325
2024_0412_13:05:14 16 -6.065 48.105
2024_0412_13:05:54 17 9.805 -9.52
2024_0412_13:05:55 17 1.0 -0.52
2024_0412_13:06:04 15 15.005 65.265
2024_0412_13:06:34 17 14.025 -14.1
2024_0412_13:06:43 17 85.16 85.77
2024_0412_13:06:46 17 11.225 -8.175
2024_0412_13:08:09 18 86.59 75.69
2024_0412_13:08:10 18 85.325 85.87
2024_0412_13:14:03 4 82.97 85.505
2024_0412_13:14:03 6 88.95 88.605
2024_0412_13:14:03 11 84.43 85.97
2024_0412_13:14:04 11 0.045 -0.245
2024_0412_13:14:04 8 86.57 87.755
2024_0412_13:14:04 5 88.625 88.72
2024_0412_13:14:05 7 85.835 85.125
2024_0412_13:14:05 11 1.175 0.735
2024_0412_13:14:05 11 0.185 1.76
2024_0412_13:14:08 3 86.785 86.325
2024_0412_13:14:08 1 88.53 88.78
2024_0412_13:14:09 9 89.295 89.725
2024_0412_13:14:18 7 85.465 84.5
2024_0412_13:14:20 2 84.375 86.45
2024_0412_13:15:14 10 86.36 87.245
2024_0412_13:15:30 10 87.19 84.505
2024_0412_13:19:49 11 86.635 86.205
2024_0412_13:19:51 11 -1.91 0.595
2024_0412_13:19:51 11 -0.605 0.4
2024_0412_13:19:52 11 0.935 -0.225
2024_0412_13:19:52 11 0.37 0.605
2024_0412_13:19:52 11 83.47 86.06
2024_0412_13:19:54 11 -0.5 -0.28
2024_0412_13:19:54 11 -99.99 49.995
2024_0412_13:19:56 11 0.2 -0.8
2024_0412_13:19:56 11 -4.38 42.4
2024_0412_13:19:56 11 -0.59 0.605
2024_0412_13:19:57 11 84.53 85.54
2024_0412_13:20:39 11 0.355 0.44
2024_0412_13:20:46 11 87.71 86.7
2024_0412_13:22:08 11 -26.91 89.8
2024_0412_13:22:41 12 87.855 88.05
2024_0412_13:25:39 12 88.585 88.195
2024_0412_13:25:40 12 81.12 41.74
2024_0412_13:25:42 12 0.32 -0.235
2024_0412_13:25:44 12 0.045 0.51
2024_0412_13:25:44 12 -22.32 22.225
2024_0412_13:25:45 12 -1.09 1.715
2024_0412_13:25:46 12 85.89 85.51
2024_0412_13:25:49 12 0.98 -1.155
2024_0412_13:25:50 12 41.64 41.075
2024_0412_13:25:51 12 46.905 45.765
2024_0412_13:25:51 12 83.72 84.995
2024_0412_13:25:51 12 85.875 84.69
2024_0412_13:26:51 12 -0.325 -1.035
2024_0412_13:26:59 13 0.32 0.245
2024_0412_13:29:12 13 85.85 84.67
2024_0412_13:30:21 13 -0.97 -0.69
2024_0412_13:31:23 13 -0.39 -0.025
2024_0412_13:31:25 13 0.875 0.005
2024_0412_13:31:26 13 70.31 70.585
2024_0412_13:31:33 13 49.99 49.99
2024_0412_13:31:34 13 31.825 -5.91
2024_0412_13:31:34 13 0.2 1.045
2024_0412_13:31:35 13 99.99 99.98
2024_0412_13:31:36 13 7.24 6.59
2024_0412_13:31:37 13 1.235 0.86
2024_0412_13:31:38 13 0.43 -1.005
2024_0412_13:31:38 13 0.715 0.635
2024_0412_13:31:39 13 85.86 84.465
2024_0412_13:33:01 13 0.275 0.355
2024_0412_13:33:12 13 -0.085 -0.41
2024_0412_13:36:12 13 0.925 0.405
2024_0412_13:37:14 13 44.445 44.295
2024_0412_13:37:16 13 -1.135 -1.17
2024_0412_13:37:16 13 83.395 73.635
2024_0412_13:37:22 13 86.29 87.31
2024_0412_13:37:25 13 8.85 -10.045
2024_0412_13:37:25 14 0.275 -0.05
2024_0412_13:37:25 13 86.905 87.125
2024_0412_13:37:26 14 0.77 0.47
2024_0412_13:37:27 14 0.08 -0.405
2024_0412_13:37:29 14 14.38 10.99
2024_0412_13:37:29 14 -5.7 53.705
2024_0412_13:37:31 14 27.585 29.61
2024_0412_13:37:31 14 23.225 23.88
2024_0412_13:39:17 14 86.685 86.44
2024_0412_13:39:29 14 84.59 83.66
2024_0412_13:43:01 14 0.335 -0.17
2024_0412_13:43:01 14 49.995 99.99
2024_0412_13:43:04 14 86.07 87.35
2024_0412_13:43:06 14 41.475 42.59
2024_0412_13:43:08 14 0.525 -0.48
2024_0412_13:43:12 14 -0.325 -0.63
2024_0412_13:43:13 14 85.85 86.035
2024_0412_13:43:15 14 -1.18 0.75
2024_0412_13:43:16 14 -0.785 0.525
2024_0412_13:43:16 14 38.585 -40.75
2024_0412_13:43:22 14 81.87 86.38
2024_0412_13:43:22 14 -20.99 21.85
2024_0412_13:43:26 14 88.345 88.85
2024_0412_13:44:57 14 -21.1 19.385
2024_0412_13:45:27 14 0.46 -0.565
2024_0412_13:45:48 15 86.49 84.14
2024_0412_13:48:44 15 -0.625 1.605
2024_0412_13:48:53 15 0.75 -1.2
2024_0412_13:48:56 15 85.55 74.01
2024_0412_13:49:01 15 86.375 81.215
2024_0412_13:49:06 15 5.905 -2.015
2024_0412_13:49:07 15 35.995 36.03
2024_0412_13:49:08 15 70.345 70.945
2024_0412_13:49:14 15 -0.52 0.635
2024_0412_13:49:15 15 -0.455 -1.13
2024_0412_13:49:16 15 68.26 68.94
2024_0412_13:49:20 15 46.015 -30.02
2024_0412_13:50:20 15 -0.9 0.75
2024_0412_13:51:37 15 85.155 82.36
2024_0412_13:51:57 15 3.42 -1.02
2024_0412_13:52:10 15 -0.55 -1.14
2024_0412_13:52:47 15 83.5 83.595
2024_0412_13:54:32 15 39.63 85.02
2024_0412_13:54:46 15 0.29 0.61
2024_0412_13:54:52 15 3.215 11.575
2024_0412_13:54:53 15 59.0 59.71
2024_0412_13:54:58 15 40.86 40.37
2024_0412_13:54:59 15 99.99 99.99
2024_0412_13:55:03 16 89.225 88.54
2024_0412_13:55:08 16 -10.685 25.43
2024_0412_13:55:08 16 -0.505 -0.36
2024_0412_13:55:08 16 -0.1 -1.195
2024_0412_13:57:21 16 99.98 -49.985
2024_0412_13:57:21 16 1.585 30.375
2024_0412_13:57:43 16 -19.04 77.78
2024_0412_13:58:16 16 45.01 44.545
2024_0412_13:59:25 16 85.49 85.715
2024_0412_13:59:43 16 80.57 62.265
2024_0412_14:00:23 16 5.86 -14.94
2024_0412_14:00:42 16 -0.01 -0.075
2024_0412_14:00:44 17 0.35 0.415
2024_0412_14:00:49 16 85.325 85.78
2024_0412_14:00:57 17 87.64 82.415
2024_0412_14:00:58 17 63.295 63.445
2024_0412_14:01:01 17 0.91 -0.05
2024_0412_14:01:01 17 16.705 17.65
2024_0412_14:01:01 17 0.085 -0.115
2024_0412_14:03:20 17 39.575 52.485
2024_0412_14:04:01 17 -2.285 0.78
2024_0412_14:05:41 17 20.57 33.825
2024_0412_14:05:42 17 -1.045 0.14
2024_0412_14:06:17 17 -0.89 -0.505
2024_0412_14:06:28 17 31.445 30.355
2024_0412_14:06:31 17 -0.395 -0.195
2024_0412_14:06:32 17 97.52 -7.9
2024_0412_14:06:36 17 67.245 -6.945
2024_0412_14:06:41 17 1.625 -0.52
2024_0412_14:06:53 17 9.3 -9.12
2024_0412_14:06:53 17 97.635 -36.025
2024_0412_14:06:54 17 20.915 36.095
2024_0412_14:06:58 18 -7.625 9.43
2024_0412_14:07:07 18 46.05 -43.375
2024_0412_14:09:12 18 -0.2 0.245
2024_0412_14:10:16 18 -21.425 22.725
2024_0412_14:10:17 18 -32.165 49.155
2024_0412_14:11:39 18 13.955 13.95
2024_0412_14:12:07 18 49.99 -100.0
2024_0412_14:12:22 18 0.445 0.33
2024_0412_14:12:27 18 67.355 67.915
2024_0412_14:12:27 18 -99.98 99.99
2024_0412_14:12:39 18 16.405 18.19
2024_0412_14:12:42 18 -1.12 -0.025
2024_0412_14:12:43 18 1.025 0.345
2024_0412_14:12:48 18 20.5 -20.29
2024_0412_14:12:50 18 -0.89 -0.735
2024_0412_14:12:54 18 68.43 68.205
2024_0412_14:13:00 18 -0.825 -0.41
2024_0412_14:13:30 18 0.505 -0.22
2024_0412_14:15:07 18 39.98 43.125
2024_0412_14:16:31 18 -0.32 -0.51
2024_0412_14:17:35 19 85.295 79.995
2024_0412_14:18:11 19 45.835 44.65
2024_0412_14:18:24 19 89.25 79.6
2024_0412_14:18:25 18 85.06 85.595
2024_0412_14:18:26 19 -12.915 29.415
2024_0412_14:18:29 19 85.085 86.12
2024_0412_14:18:37 19 -3.615 7.315
2024_0412_14:18:39 19 -0.255 -1.16
2024_0412_14:18:42 19 -0.105 0.25
2024_0412_14:18:46 19 25.17 -23.455
2024_0412_14:18:53 20 -99.99 -99.99
2024_0412_14:19:06 20 60.825 81.465
2024_0412_14:19:52 20 49.955 70.545
2024_0412_14:20:15 19 -8.75 8.625
2024_0412_14:22:42 20 39.315 44.34
2024_0412_14:23:37 20 69.725 68.39
2024_0412_14:24:21 20 42.16 84.19
2024_0412_14:24:22 20 11.32 9.48
2024_0412_14:24:26 20 -1.0 -0.655
2024_0412_14:24:33 20 86.745 84.175
2024_0412_14:24:35 20 7.935 -9.575
2024_0412_14:24:41 15 -1.51 -1.305
2024_0412_14:24:46 16 89.05 89.44
2024_0412_14:24:51 16 40.03 -1.26
2024_0412_14:25:01 16 41.295 40.7
2024_0412_14:25:33 20 0.4 0.705
2024_0412_14:26:07 17 84.995 84.85
2024_0412_14:26:22 17 0.59 -0.27
2024_0412_14:26:27 18 0.98 -1.795
2024_0412_14:27:05 18 83.745 85.425
2024_0412_14:29:12 20 -55.49 73.685
2024_0412_14:31:48 20 13.83 10.755
2024_0412_14:37:39 7 86.745 86.415
2024_0412_14:37:43 8 87.615 86.77
2024_0412_14:37:43 2 86.925 87.28
2024_0412_14:37:45 6 88.475 89.16
2024_0412_14:37:47 11 86.135 41.88
2024_0412_14:37:48 5 88.485 87.865
2024_0412_14:37:48 4 82.425 81.13
2024_0412_14:37:48 3 83.01 84.78
2024_0412_14:37:49 1 88.245 88.825
2024_0412_14:37:50 7 86.61 84.785
2024_0412_14:37:50 11 88.305 88.895
2024_0412_14:37:50 10 87.495 86.02
2024_0412_14:38:02 11 89.805 89.34
2024_0412_14:38:03 9 89.76 87.735
2024_0412_14:38:30 7 85.725 86.125
2024_0412_14:39:45 10 88.46 87.195
2024_0412_14:43:30 11 86.395 86.395
2024_0412_14:43:33 11 0.115 -1.33
2024_0412_14:43:34 11 -0.985 1.075
2024_0412_14:43:38 11 -0.195 0.51
2024_0412_14:43:41 11 -0.52 -0.255
2024_0412_14:43:41 11 86.05 82.52
2024_0412_14:43:41 11 -0.52 -0.405
2024_0412_14:43:42 11 -0.18 0.62
2024_0412_14:43:44 11 -1.22 -0.66
2024_0412_14:43:45 11 87.96 88.165
2024_0412_14:43:49 11 0.455 1.525
2024_0412_14:43:51 11 2.035 1.61
2024_0412_14:44:13 11 85.955 85.4
2024_0412_14:44:15 11 86.395 85.09
2024_0412_14:45:52 11 23.47 23.155
2024_0412_14:46:53 11 85.96 85.71
2024_0412_14:49:25 11 86.455 85.815
2024_0412_14:49:27 11 88.85 88.545
2024_0412_14:49:29 11 1.39 0.67
2024_0412_14:49:30 11 0.12 -0.455
2024_0412_14:49:33 11 0.345 0.765
2024_0412_14:49:35 11 87.31 82.28
2024_0412_14:49:35 11 0.39 -0.91
2024_0412_14:49:36 11 -14.85 59.855
2024_0412_14:49:43 12 -1.065 -1.35
2024_0412_14:49:43 12 0.17 1.055
2024_0412_14:49:45 12 85.94 84.945
2024_0412_14:49:45 12 89.02 88.965
2024_0412_14:50:19 12 -0.925 0.715
2024_0412_14:50:25 12 0.375 -1.515
2024_0412_14:52:57 12 82.5 88.86
2024_0412_14:53:45 12 -0.605 0.075
2024_0412_14:55:20 12 -0.675 0.43
2024_0412_14:55:22 12 0.245 0.155
2024_0412_14:55:22 12 17.535 17.74
2024_0412_14:55:24 12 89.26 89.755
2024_0412_14:55:24 12 0.185 1.29
2024_0412_14:55:27 12 -0.805 0.14
2024_0412_14:55:28 12 42.315 87.15
2024_0412_14:55:29 12 99.98 -99.98
2024_0412_14:55:35 12 0.49 -0.19
2024_0412_14:55:38 12 88.345 88.925
2024_0412_14:55:39 12 83.86 85.495
2024_0412_14:55:46 12 0.535 -0.4
2024_0412_14:56:28 12 0.05 -1.37
2024_0412_14:56:31 12 0.845 -0.055
2024_0412_15:00:20 13 88.875 88.895
2024_0412_15:00:37 13 -0.605 -0.095
2024_0412_15:01:16 13 1.79 -1.5
2024_0412_15:01:18 13 0.38 -0.14
2024_0412_15:01:19 13 88.115 87.685
2024_0412_15:01:20 13 42.545 85.05
2024_0412_15:01:20 13 88.405 88.54
2024_0412_15:01:20 13 99.99 -49.995
2024_0412_15:01:21 13 85.73 84.825
2024_0412_15:01:24 13 88.875 89.31
2024_0412_15:01:32 13 0.325 -0.135
2024_0412_15:01:33 13 0.115 -0.365
2024_0412_15:01:34 13 49.985 -49.975
2024_0412_15:01:46 13 83.155 85.475
2024_0412_15:02:35 13 10.53 -10.58
2024_0412_15:03:28 13 69.91 71.565
2024_0412_15:06:44 13 82.83 45.62
2024_0412_15:07:06 13 99.98 49.995
2024_0412_15:07:09 13 88.93 88.575
2024_0412_15:07:10 13 0.47 1.405
2024_0412_15:07:11 13 1.71 1.04
2024_0412_15:07:15 13 -6.05 43.52
2024_0412_15:07:15 13 82.42 87.175
2024_0412_15:07:16 13 85.53 77.23
2024_0412_15:07:20 13 40.3 42.805
2024_0412_15:07:23 13 10.99 -10.24
2024_0412_15:07:26 13 0.005 -0.88
2024_0412_15:07:34 13 70.45 70.455
2024_0412_15:07:39 13 0.82 -0.515
2024_0412_15:07:40 13 0.445 1.035
2024_0412_15:08:44 13 84.43 84.165
2024_0412_15:10:53 13 82.125 85.915
2024_0412_15:12:50 13 -24.805 24.79
2024_0412_15:12:59 13 0.51 0.435
2024_0412_15:13:01 13 1.28 0.105
2024_0412_15:13:03 14 49.975 -49.985
2024_0412_15:13:09 13 45.385 45.775
2024_0412_15:13:09 14 -1.485 0.455
2024_0412_15:13:10 14 99.97 -99.92
2024_0412_15:13:11 14 85.505 85.4
2024_0412_15:13:14 14 -11.06 10.6
2024_0412_15:13:22 14 -0.655 0.21
2024_0412_15:13:24 14 -0.55 -1.11
2024_0412_15:13:32 14 83.6 38.9
2024_0412_15:13:41 14 70.635 70.97
2024_0412_15:14:50 14 0.71 0.0
2024_0412_15:15:12 14 -13.525 13.115
2024_0412_15:18:01 14 85.135 83.875
2024_0412_15:18:50 14 85.385 88.855
2024_0412_15:18:56 14 -0.47 -0.97
2024_0412_15:19:00 14 88.535 87.825
2024_0412_15:19:02 14 84.3 85.86
2024_0412_15:19:02 14 0.42 0.405
2024_0412_15:19:03 14 11.49 13.77
2024_0412_15:19:05 14 -0.465 0.075
2024_0412_15:19:06 14 85.35 84.38
2024_0412_15:19:17 14 -0.395 -1.91
2024_0412_15:19:35 14 87.625 88.49
2024_0412_15:19:43 14 84.365 83.285
2024_0412_15:22:18 14 42.745 42.65
2024_0412_15:23:27 14 88.205 85.06
2024_0412_15:23:58 14 0.025 -0.34
2024_0412_15:24:15 14 0.71 0.475
2024_0412_15:24:44 14 88.73 87.7
2024_0412_15:24:52 14 0.16 0.885
2024_0412_15:24:55 15 41.21 38.46
2024_0412_15:24:57 14 86.595 87.02
2024_0412_15:24:58 15 -0.945 -0.08
2024_0412_15:25:01 15 0.435 -0.19
2024_0412_15:25:01 15 -0.585 -0.495
2024_0412_15:25:09 14 41.685 22.44
2024_0412_15:25:14 15 -0.485 -1.2
2024_0412_15:25:34 15 49.985 -49.995
2024_0412_15:25:41 15 85.485 86.995
2024_0412_15:27:33 14 86.185 86.13
2024_0412_15:29:25 15 50.0 -49.995
2024_0412_15:30:06 15 -9.915 9.78
2024_0412_15:30:07 15 0.33 0.21
2024_0412_15:30:33 15 0.16 -0.14
2024_0412_15:30:45 15 -1.335 -0.435
2024_0412_15:30:51 15 10.26 43.35
2024_0412_15:30:53 15 -1.955 43.495
2024_0412_15:30:53 15 -0.045 0.755
2024_0412_15:30:56 15 0.57 -1.55
2024_0412_15:30:58 15 2.275 1.64
2024_0412_15:31:15 15 -0.27 -0.26
2024_0412_15:31:29 15 0.195 0.18
2024_0412_15:31:39 15 88.29 78.205
2024_0412_15:32:21 15 -0.635 -1.685
2024_0412_15:33:53 15 81.805 86.115
2024_0412_15:35:18 15 -0.425 -0.025
2024_0412_15:35:22 15 88.465 89.51
2024_0412_15:36:15 15 -0.615 -0.265
2024_0412_15:36:24 15 89.26 86.88
2024_0412_15:36:36 15 0.995 0.155
2024_0412_15:36:43 15 16.575 15.31
2024_0412_15:36:49 15 76.55 63.185
2024_0412_15:36:52 15 9.04 -1.64
2024_0412_15:36:52 15 85.665 87.23
2024_0412_15:37:13 15 0.25 0.83
2024_0412_15:37:32 15 50.925 85.89
2024_0412_15:37:39 15 -0.635 0.295
2024_0412_15:39:39 16 0.505 5.485
2024_0412_15:40:47 16 87.58 87.365
2024_0412_15:41:06 16 85.42 86.285
2024_0412_15:41:16 16 12.755 5.16
2024_0412_15:41:49 16 70.765 84.805
2024_0412_15:41:53 16 -1.575 1.09
2024_0412_15:42:13 16 82.26 85.565
2024_0412_15:42:29 16 84.245 86.195
2024_0412_15:42:37 16 46.0 45.205
2024_0412_15:42:43 16 88.655 88.495
2024_0412_15:42:46 16 47.77 -36.615
2024_0412_15:42:47 16 84.16 84.29
2024_0412_15:43:07 16 1.365 1.75
2024_0412_15:43:27 16 -0.345 0.63
2024_0412_15:43:38 16 79.885 84.855
2024_0412_15:45:53 16 18.47 10.645
2024_0412_15:46:43 16 32.395 34.215
2024_0412_15:47:10 16 -7.535 39.47
2024_0412_15:47:11 16 10.155 -10.74
2024_0412_15:48:04 16 -0.885 -0.38
2024_0412_15:48:21 16 87.665 82.46
2024_0412_15:48:37 16 88.4 88.435
2024_0412_15:48:40 17 90.895 -1.915
2024_0412_15:48:41 17 -0.01 -0.54
2024_0412_15:48:41 17 7.22 -7.93
2024_0412_15:48:42 16 86.685 84.855
2024_0412_15:49:03 17 11.635 10.625
2024_0412_15:49:22 17 84.17 86.08
2024_0412_15:49:26 16 86.48 86.96
2024_0412_15:49:35 17 16.255 -17.345
2024_0412_15:49:36 16 6.355 0.85
2024_0412_15:52:11 17 56.775 -14.05
2024_0412_15:52:36 17 9.6 -7.4
2024_0412_15:53:01 17 0.055 0.97
2024_0412_15:53:07 17 85.78 85.335
2024_0412_15:54:06 17 86.115 85.09
2024_0412_15:54:19 17 43.76 84.54
2024_0412_15:54:31 17 88.17 87.915
2024_0412_15:54:35 17 -1.25 -0.53
2024_0412_15:54:38 17 87.89 85.685
2024_0412_15:54:38 17 83.51 86.085
2024_0412_15:54:51 17 -0.915 -0.23
2024_0412_15:55:01 17 0.27 0.19
2024_0412_15:55:25 17 36.035 37.935
2024_0412_15:55:34 17 0.335 0.535
2024_0412_15:56:48 17 87.08 87.68
2024_0412_15:57:09 17 0.495 -0.33
2024_0412_15:58:27 17 82.885 85.69
2024_0412_15:58:30 17 -1.22 0.64
2024_0412_15:58:53 17 -1.305 2.045
2024_0412_15:59:04 17 75.35 87.22
2024_0412_16:00:02 17 -1.115 2.115
2024_0412_16:00:15 17 86.525 89.945
2024_0412_16:00:25 17 88.35 88.705
2024_0412_16:00:32 18 88.295 89.365
2024_0412_16:00:33 18 -9.895 9.745
2024_0412_16:00:34 18 -0.67 0.965
2024_0412_16:01:00 18 40.545 89.285
2024_0412_16:01:05 18 0.18 -0.675
2024_0412_16:01:24 18 -0.405 0.41
2024_0412_16:01:31 18 0.775 1.35
2024_0412_16:03:52 18 0.04 3.03
2024_0412_16:04:28 18 -47.475 48.26
2024_0412_16:04:42 18 85.39 85.065
2024_0412_16:04:47 18 2.0 0.19
2024_0412_16:04:57 18 -33.93 32.72
2024_0412_16:05:09 18 5.845 0.11
2024_0412_16:05:55 18 75.9 9.23
2024_0412_16:06:09 18 6.145 3.5
2024_0412_16:06:25 18 0.665 0.75
2024_0412_16:06:27 18 87.815 90.075
2024_0412_16:06:28 18 87.2 83.385
2024_0412_16:06:29 18 -0.315 -0.455
2024_0412_16:06:53 18 0.73 1.055
2024_0412_16:07:19 18 89.16 89.065
2024_0412_16:07:22 18 84.75 87.26
2024_0412_16:07:27 18 20.35 12.04
2024_0412_16:10:24 18 -1.57 4.125
2024_0412_16:10:42 18 -0.715 -0.22
2024_0412_16:10:55 18 84.905 86.34
2024_0412_16:10:56 18 82.705 84.85
2024_0412_16:10:59 18 84.585 84.65
2024_0412_16:11:49 18 -16.155 14.285
2024_0412_16:12:08 18 2.965 49.605
2024_0412_16:12:15 18 99.99 -49.995
2024_0412_16:12:15 18 0.775 0.015
2024_0412_16:12:20 18 47.74 -47.865
2024_0412_16:12:27 18 89.345 89.14
2024_0412_16:12:57 19 -1.3 -0.645
2024_0412_16:13:06 18 88.665 88.625
2024_0412_16:13:18 19 9.115 -9.6
2024_0412_16:13:22 19 39.565 61.245
2024_0412_16:13:33 19 96.96 -11.37
2024_0412_16:16:24 19 51.2 61.7
2024_0412_16:16:35 19 85.94 38.78
2024_0412_16:16:51 19 49.985 -49.99
2024_0412_16:17:12 19 41.47 -0.1
2024_0412_16:17:40 19 -1.55 1.18
2024_0412_16:17:59 19 99.99 99.99
2024_0412_16:18:07 19 15.435 -16.51
2024_0412_16:18:16 19 14.145 8.585
2024_0412_16:18:18 19 -99.98 99.99
2024_0412_16:18:32 19 -1.11 0.255
2024_0412_16:18:40 19 -49.99 49.99
2024_0412_16:18:50 19 -49.865 49.795
2024_0412_16:19:12 19 85.755 82.155
2024_0412_16:19:15 19 0.085 0.085
2024_0412_16:19:48 20 -1.17 0.585
2024_0412_16:20:58 19 80.22 -79.09
2024_0412_16:22:20 20 86.055 38.985
2024_0412_16:22:24 20 -8.045 7.59
2024_0412_16:22:51 20 0.055 -0.185
2024_0412_16:23:31 20 86.31 85.33
2024_0412_16:23:34 20 88.98 88.44
2024_0412_16:23:51 20 8.045 8.27
2024_0412_16:24:01 20 84.495 70.31
2024_0412_16:24:38 20 16.26 26.04
2024_0412_16:24:45 20 0.5 0.095
2024_0412_16:25:08 20 85.965 86.5
2024_0412_16:25:10 20 88.495 88.41
2024_0412_16:25:49 20 11.66 -12.405
2024_0412_16:26:03 20 -1.93 -1.29
2024_0412_16:26:20 20 -0.04 0.69
2024_0412_16:28:00 20 1.9 0.055
2024_0412_16:28:09 20 0.485 -0.295
2024_0412_16:28:14 20 -0.475 0.53
2024_0412_16:28:30 20 41.94 -1.5
2024_0412_16:28:35 14 11.865 11.16
2024_0412_16:29:19 14 -0.49 -0.475
2024_0412_16:29:37 15 87.69 89.095
2024_0412_16:29:39 14 40.47 42.015
2024_0412_16:29:48 15 7.195 12.48
2024_0412_16:30:22 15 35.795 9.095
2024_0412_16:30:31 16 12.35 11.505
2024_0412_16:30:57 20 34.49 92.605
2024_0412_16:38:51 20 86.78 83.79
2024_0412_16:44:42 2 86.135 86.89
2024_0412_16:44:43 7 86.17 85.84
2024_0412_16:44:43 7 86.415 84.615
2024_0412_16:44:43 7 85.165 85.885
2024_0412_16:44:44 7 83.21 84.95
2024_0412_16:44:45 7 85.965 83.995
2024_0412_16:44:45 7 85.54 85.51
2024_0412_16:44:46 2 84.475 84.795
2024_0412_16:44:47 1 88.71 88.74
2024_0412_16:44:48 7 85.775 85.775
2024_0412_16:44:51 4 85.57 86.045
2024_0412_16:45:03 7 86.665 85.655
2024_0412_16:45:04 7 86.0 87.42
2024_0412_16:46:13 6 88.94 88.36
2024_0412_16:47:19 3 82.845 85.54
2024_0412_16:49:06 7 86.465 87.0
2024_0412_16:50:30 8 84.875 86.8
2024_0412_16:50:34 9 88.805 89.36
2024_0412_16:50:34 10 87.115 82.755
2024_0412_16:50:37 10 88.385 87.5
2024_0412_16:50:38 10 86.165 87.825
2024_0412_16:50:39 11 88.64 88.485
2024_0412_16:50:39 10 87.02 84.815
2024_0412_16:50:40 11 1.115 -0.39
2024_0412_16:50:41 11 0.795 -0.14
2024_0412_16:50:42 10 85.685 86.855
2024_0412_16:51:12 11 88.015 88.65
2024_0412_16:51:38 11 88.625 88.345
2024_0412_16:53:21 11 0.5 -0.04
2024_0412_16:53:28 11 -99.99 99.98
2024_0412_16:54:22 11 -49.99 49.995
2024_0412_16:54:56 11 84.76 87.28
2024_0412_16:56:18 11 -0.09 -0.74
2024_0412_16:56:21 11 -0.165 1.19
2024_0412_16:56:21 11 -49.995 99.99
2024_0412_16:56:21 11 -0.665 1.08
2024_0412_16:56:26 11 88.56 88.905
2024_0412_16:56:26 11 -0.425 -0.265
2024_0412_16:56:29 11 -1.935 0.35
2024_0412_16:56:29 11 85.355 86.115
2024_0412_16:56:32 11 84.44 84.125
2024_0412_16:56:33 11 86.965 86.795
2024_0412_16:57:18 11 83.835 83.345
2024_0412_16:57:24 11 0.325 -0.37
2024_0412_16:59:38 11 89.06 89.035
2024_0412_16:59:51 11 -0.165 0.14
2024_0412_17:00:38 11 0.665 0.675
2024_0412_17:02:04 11 -0.475 0.24
2024_0412_17:02:07 11 0.075 0.53
2024_0412_17:02:08 11 -1.325 0.15
2024_0412_17:02:09 11 -0.18 0.075
2024_0412_17:02:14 11 84.87 87.035
2024_0412_17:02:16 11 0.025 -1.04
2024_0412_17:02:18 11 87.055 86.42
2024_0412_17:02:22 11 -0.665 0.245
2024_0412_17:02:22 11 83.365 84.04
2024_0412_17:02:25 11 85.315 85.96
2024_0412_17:03:09 11 0.08 0.125
2024_0412_17:03:18 11 42.735 43.055
2024_0412_17:03:26 11 88.755 88.48
2024_0412_17:05:46 11 -0.895 -0.15
2024_0412_17:06:21 11 -0.475 -1.045
2024_0412_17:06:49 11 -0.825 -0.055
2024_0412_17:07:51 11 49.995 -99.99
2024_0412_17:07:52 11 0.01 -0.145
2024_0412_17:07:56 11 0.785 -0.21
2024_0412_17:07:56 11 -0.86 -1.275
2024_0412_17:08:02 11 84.44 84.17
2024_0412_17:08:05 11 -0.065 -0.345
2024_0412_17:08:08 11 0.02 0.63
2024_0412_17:08:13 11 0.085 0.415
2024_0412_17:08:14 11 -0.355 0.765
2024_0412_17:08:17 11 0.085 -0.575
2024_0412_17:09:07 11 0.51 0.305
2024_0412_17:09:32 11 22.39 14.13
2024_0412_17:11:51 11 1.995 -0.675
2024_0412_17:12:08 11 99.98 99.98
2024_0412_17:12:11 11 85.435 85.295
2024_0412_17:13:36 11 1.555 -0.575
2024_0412_17:13:40 11 87.3 84.68
2024_0412_17:13:41 11 -0.715 -0.17
2024_0412_17:13:42 11 0.91 -0.245
2024_0412_17:13:52 11 83.895 86.72
2024_0412_17:13:54 11 40.78 -2.695
2024_0412_17:13:59 11 89.085 88.73
2024_0412_17:13:59 11 86.06 86.11
2024_0412_17:14:00 11 -50.0 -99.98
2024_0412_17:14:04 11 -0.335 -0.555
2024_0412_17:14:12 11 -0.04 -1.27
2024_0412_17:14:56 11 85.66 84.485
2024_0412_17:15:36 11 1.16 -0.27
2024_0412_17:17:55 11 -49.995 99.99
2024_0412_17:18:00 11 -0.155 0.145
2024_0412_17:18:51 11 85.245 84.49
2024_0412_17:19:23 11 0.265 -0.495
2024_0412_17:19:27 11 -0.44 0.41
2024_0412_17:19:27 11 1.335 0.605
2024_0412_17:19:34 11 -0.045 1.295
2024_0412_17:19:42 11 84.735 86.085
2024_0412_17:19:45 11 -0.23 -1.025
2024_0412_17:19:46 11 0.62 0.16
2024_0412_17:19:47 11 11.895 13.58
2024_0412_17:19:49 11 -99.99 -99.98
2024_0412_17:19:55 11 89.345 88.295
2024_0412_17:20:43 11 -0.875 0.425
2024_0412_17:21:40 11 -0.065 -0.605
2024_0412_17:22:50 11 0.785 0.34
2024_0412_17:23:57 11 83.32 85.375
2024_0412_17:24:00 11 -1.085 0.795
2024_0412_17:25:08 11 0.08 -0.115
2024_0412_17:25:12 11 -0.15 -0.16
2024_0412_17:25:13 11 -0.715 -0.36
2024_0412_17:25:16 11 86.585 85.475
2024_0412_17:25:18 11 89.005 88.465
2024_0412_17:25:34 11 88.5 90.91
2024_0412_17:25:37 11 -0.97 -0.95
2024_0412_17:25:37 11 88.635 89.745
2024_0412_17:25:42 11 88.6 88.79
2024_0412_17:25:45 11 88.745 88.48
2024_0412_17:26:29 11 -0.825 -1.1
2024_0412_17:27:45 11 0.575 0.4
2024_0412_17:29:22 11 82.94 83.695
2024_0412_17:29:47 11 -1.49 0.075
2024_0412_17:29:48 11 87.045 85.22
2024_0412_17:30:09 11 -0.485 -0.14
2024_0412_17:30:59 11 88.665 88.69
2024_0412_17:31:02 11 87.255 86.285
2024_0412_17:31:03 11 0.33 -1.375
2024_0412_17:31:05 11 86.8 87.275
2024_0412_17:31:08 11 85.67 82.305
2024_0412_17:31:21 11 -0.23 -0.245
2024_0412_17:31:23 11 -0.53 -0.4
2024_0412_17:31:26 11 -0.265 -0.48
2024_0412_17:31:29 11 44.39 12.165
2024_0412_17:31:39 11 0.63 1.085
2024_0412_17:32:16 11 -99.99 49.995
2024_0412_17:35:35 11 -99.995 99.995
2024_0412_17:35:37 11 1.87 0.425
2024_0412_17:35:54 11 86.73 88.86
2024_0412_17:36:02 11 0.215 -0.35
2024_0412_17:36:50 11 -0.395 -0.48
2024_0412_17:36:55 11 85.485 83.695
2024_0412_17:36:56 11 -0.585 1.18
2024_0412_17:36:57 11 7.295 5.13
2024_0412_17:36:58 11 -0.535 -0.38
2024_0412_17:37:06 11 -0.115 0.495
2024_0412_17:37:06 11 99.99 -49.995
2024_0412_17:37:09 11 0.2 0.0
2024_0412_17:37:12 11 49.99 -99.97
2024_0412_17:37:22 11 84.725 84.35
2024_0412_17:37:30 11 0.46 0.61
2024_0412_17:38:03 11 0.78 -0.585
2024_0412_17:41:23 11 -0.095 1.21
2024_0412_17:41:43 11 0.255 -0.08
2024_0412_17:41:58 11 0.115 0.415
2024_0412_17:42:39 11 85.505 85.975
2024_0412_17:42:42 11 1.42 0.63
2024_0412_17:42:43 11 1.06 0.325
2024_0412_17:42:46 11 3.745 -0.035
2024_0412_17:42:47 11 0.195 1.275
2024_0412_17:42:57 12 84.74 83.23
2024_0412_17:42:59 12 88.55 89.165
2024_0412_17:43:03 12 17.845 16.855
2024_0412_17:43:20 12 88.045 88.675
2024_0412_17:43:24 12 87.895 87.95
2024_0412_17:43:48 12 0.17 -0.16
2024_0412_17:44:01 11 -0.15 -0.6
2024_0412_17:45:41 11 -0.08 0.24
2024_0412_17:47:09 12 99.99 99.98
2024_0412_17:47:46 12 99.99 99.99
2024_0412_17:48:02 12 -99.99 49.995
2024_0412_17:48:30 12 -1.02 -0.56
2024_0412_17:48:33 12 86.22 84.705
2024_0412_17:48:34 12 -0.33 0.89
2024_0412_17:48:36 12 83.235 86.4
2024_0412_17:48:37 12 89.48 89.96
2024_0412_17:48:46 12 25.085 -1.345
2024_0412_17:48:46 12 -6.17 41.16
2024_0412_17:48:52 12 11.545 8.445
2024_0412_17:49:10 12 -99.98 100.0
2024_0412_17:49:13 12 -0.57 -0.36
2024_0412_17:49:39 12 87.215 88.125
2024_0412_17:50:37 12 -0.17 -1.465
2024_0412_17:53:02 12 84.955 85.885
2024_0412_17:53:24 12 41.17 86.395
2024_0412_17:53:51 12 87.97 88.7
2024_0412_17:54:07 12 0.84 -0.195
2024_0412_17:54:21 12 0.055 -0.61
2024_0412_17:54:22 12 -1.185 1.63
2024_0412_17:54:27 12 0.3 -0.66
2024_0412_17:54:37 12 86.73 86.64
2024_0412_17:54:43 12 86.865 86.955
2024_0412_17:54:43 12 0.315 -0.26
2024_0412_17:54:44 12 88.77 89.55
2024_0412_17:55:05 12 0.765 -0.335
2024_0412_17:55:31 12 -1.86 -1.16
2024_0412_17:55:56 12 89.745 89.935
2024_0412_17:56:28 12 2.05 -0.99
2024_0412_17:57:00 12 0.085 -0.355
2024_0412_17:58:51 12 0.94 -1.305
2024_0412_17:59:15 12 86.855 84.26
2024_0412_17:59:57 12 -0.64 0.78
2024_0412_18:00:10 12 -0.01 0.6
2024_0412_18:00:13 12 70.54 72.0
2024_0412_18:00:17 12 0.09 0.14
2024_0412_18:00:19 12 86.805 78.095
2024_0412_18:00:28 12 40.775 86.0
2024_0412_18:00:29 12 -0.32 0.165
2024_0412_18:00:34 12 86.785 81.15
2024_0412_18:00:36 12 85.335 85.005
2024_0412_18:00:59 12 90.145 92.29
2024_0412_18:01:19 12 -1.395 -1.25
2024_0412_18:02:25 12 70.42 71.905
2024_0412_18:04:21 12 83.775 85.91
2024_0412_18:04:44 12 88.52 45.58
2024_0412_18:05:08 12 88.84 88.65
2024_0412_18:05:35 12 88.385 88.615
2024_0412_18:06:00 12 -7.225 65.83
2024_0412_18:06:03 12 0.22 -0.27
2024_0412_18:06:04 12 41.585 42.7
2024_0412_18:06:07 12 1.645 0.005
2024_0412_18:06:11 12 -0.86 -0.155
2024_0412_18:06:20 12 0.405 -1.625
2024_0412_18:06:24 12 84.39 86.34
2024_0412_18:06:30 12 86.79 85.685
2024_0412_18:06:31 12 84.59 85.21
2024_0412_18:06:51 12 0.38 -0.49
2024_0412_18:07:09 12 85.285 66.995
2024_0412_18:08:18 12 0.835 -0.055
2024_0412_18:10:33 12 -0.15 -0.09
2024_0412_18:11:00 12 88.5 88.65
2024_0412_18:11:44 12 -1.04 0.345
2024_0412_18:11:55 12 85.66 87.775
2024_0412_18:11:55 12 -1.84 -0.075
2024_0412_18:12:00 12 86.46 82.675
2024_0412_18:12:08 12 -0.065 0.15
2024_0412_18:12:10 12 1.19 1.025
2024_0412_18:12:14 12 -0.1 -0.645
2024_0412_18:12:24 12 88.145 89.56
2024_0412_18:12:41 12 83.875 84.86
2024_0412_18:12:43 12 -1.155 0.13
2024_0412_18:13:01 12 83.715 87.505
2024_0412_18:13:10 12 87.96 89.175
2024_0412_18:13:31 12 21.575 20.29
2024_0412_18:14:10 12 86.865 87.36
2024_0412_18:16:19 12 -0.44 -0.82
2024_0412_18:16:47 12 49.99 49.99
2024_0412_18:17:32 12 -0.065 -0.67
2024_0412_18:17:44 12 88.295 88.9
2024_0412_18:17:46 12 86.08 83.74
2024_0412_18:17:50 12 0.45 1.735
2024_0412_18:17:53 12 -99.97 -99.995
2024_0412_18:18:04 12 87.065 84.57
2024_0412_18:18:18 12 83.32 86.01
2024_0412_18:18:19 12 86.455 75.15
2024_0412_18:18:42 12 88.025 87.955
2024_0412_18:18:49 12 -49.99 -99.98
2024_0412_18:18:56 12 83.365 82.22
2024_0412_18:20:03 12 87.26 92.025
2024_0412_18:21:23 12 90.415 89.755
2024_0412_18:21:52 12 88.32 89.085
2024_0412_18:22:07 12 88.125 87.53
2024_0412_18:22:41 12 -31.74 42.545
2024_0412_18:23:21 12 -55.72 58.36
2024_0412_18:23:37 12 34.95 -33.78
2024_0412_18:23:38 12 83.855 86.545
2024_0412_18:23:42 12 88.71 88.74
2024_0412_18:23:45 12 45.145 47.12
2024_0412_18:23:55 12 66.32 82.59
2024_0412_18:24:04 12 0.25 0.36
2024_0412_18:24:25 12 -0.505 0.605
2024_0412_18:24:37 12 88.57 88.96
2024_0412_18:24:48 13 89.11 89.0
2024_0412_18:25:00 13 -3.175 2.005
2024_0412_18:25:58 13 10.805 -10.82
2024_0412_18:27:50 13 -0.06 0.065
2024_0412_18:28:22 13 -0.395 -0.695
2024_0412_18:28:34 13 -13.205 28.97
2024_0412_18:29:08 13 10.54 -9.945
2024_0412_18:29:19 13 -1.12 -0.415
2024_0412_18:29:25 13 0.77 0.185
2024_0412_18:29:26 13 86.58 85.845
2024_0412_18:29:36 13 84.83 85.08
2024_0412_18:29:47 13 85.25 88.375
2024_0412_18:30:00 13 88.25 88.96
2024_0412_18:30:25 13 -0.165 -0.055
2024_0412_18:30:32 13 0.81 -0.155
2024_0412_18:30:35 13 16.535 14.905
2024_0412_18:31:10 13 -50.305 50.37
2024_0412_18:31:52 13 40.03 41.82
2024_0412_18:32:32 13 91.605 12.965
2024_0412_18:33:41 13 -0.49 -1.175
2024_0412_18:34:15 13 40.925 41.975
2024_0412_18:35:03 13 0.325 1.655
2024_0412_18:35:15 13 0.445 1.465
2024_0412_18:35:29 13 85.465 86.14
2024_0412_18:35:29 13 -1.08 1.295
2024_0412_18:35:33 13 16.93 66.81
2024_0412_18:36:00 13 0.87 -0.23
2024_0412_18:36:07 13 0.47 -0.775
2024_0412_18:36:17 13 0.63 1.005
2024_0412_18:36:17 13 -99.99 -99.99
2024_0412_18:36:25 13 41.42 41.925
2024_0412_18:36:42 13 -0.12 -0.215
2024_0412_18:37:22 13 -0.005 -0.18
2024_0412_18:37:48 13 -2.245 4.4
2024_0412_18:38:30 13 68.97 66.57
2024_0412_18:39:35 13 -4.22 87.605
2024_0412_18:40:04 13 -0.205 -0.9
2024_0412_18:40:52 13 0.27 0.625
2024_0412_18:41:08 13 -0.48 0.215
2024_0412_18:41:24 13 11.86 9.785
2024_0412_18:41:25 13 86.65 84.065
2024_0412_18:41:48 13 -0.525 0.0
2024_0412_18:42:11 13 89.58 90.285
2024_0412_18:42:13 13 -99.97 49.985
2024_0412_18:42:27 13 -1.055 -0.895
2024_0412_18:42:52 13 84.1 83.37
2024_0412_18:43:31 13 4.08 -2.085
2024_0412_18:43:37 13 -0.41 -0.98
2024_0412_18:43:56 13 89.06 89.47
2024_0412_18:44:21 13 -6.155 44.82
2024_0412_18:44:38 13 86.37 85.025
2024_0412_18:45:20 13 -0.225 -0.79
2024_0412_18:45:51 13 0.795 -1.025
2024_0412_18:46:41 13 56.27 66.34
2024_0412_18:46:54 13 -7.895 7.305
2024_0412_18:47:12 13 -0.445 -0.22
2024_0412_18:47:18 13 86.16 85.94
2024_0412_18:47:39 13 2.035 -1.06
2024_0412_18:48:00 13 38.495 40.955
2024_0412_18:48:02 13 -49.995 99.99
2024_0412_18:48:15 13 5.85 -2.95
2024_0412_18:49:01 13 88.405 88.605
2024_0412_18:49:34 13 86.755 85.435
2024_0412_18:49:45 13 41.96 -39.775
2024_0412_18:50:10 13 0.515 -0.43
2024_0412_18:51:11 13 -8.27 39.665
2024_0412_18:51:37 13 -0.4 0.145
2024_0412_18:52:11 13 0.115 -0.575
2024_0412_18:52:34 13 -10.275 10.05
2024_0412_18:52:41 13 1.485 1.515
2024_0412_18:53:02 13 1.425 0.68
2024_0412_18:53:10 13 84.5 88.275
2024_0412_18:53:16 13 -99.995 -99.98
2024_0412_18:53:27 13 -0.015 0.7
2024_0412_18:53:50 13 -9.1 10.755
2024_0412_18:53:54 13 -0.255 0.725
2024_0412_18:54:01 13 0.355 -0.12
2024_0412_18:55:09 13 87.145 87.92
2024_0412_18:55:25 13 50.0 -99.99
2024_0412_18:55:54 13 32.315 43.165
2024_0412_18:55:59 13 82.04 83.805
2024_0412_18:57:00 13 87.345 82.93
2024_0412_18:57:22 13 88.04 88.895
2024_0412_18:58:27 13 87.83 88.255
2024_0412_18:58:29 13 1.775 -1.165
2024_0412_18:58:55 13 -3.075 42.63
2024_0412_18:58:58 13 -0.33 0.295
2024_0412_18:59:20 13 1.15 -1.79
2024_0412_18:59:40 13 86.0 82.53
2024_0412_18:59:43 13 0.115 0.585
2024_0412_18:59:53 13 87.095 85.45
2024_0412_19:01:02 13 0.465 -0.73
2024_0412_19:01:16 13 -1.165 -1.08
2024_0412_19:01:16 13 0.025 -0.95
2024_0412_19:01:20 13 -5.68 30.455
2024_0412_19:01:46 13 49.995 -49.995
2024_0412_19:02:05 13 2.275 0.805
2024_0412_19:02:51 13 0.47 0.32
2024_0412_19:03:11 13 0.55 1.18
2024_0412_19:04:16 13 -0.2 -0.85
2024_0412_19:04:20 13 77.93 86.27
2024_0412_19:04:44 13 89.465 89.02
2024_0412_19:05:11 13 3.855 7.01
2024_0412_19:05:32 13 0.32 0.71
2024_0412_19:07:25 13 13.09 13.68
2024_0412_19:07:37 13 92.205 41.905
2024_0412_19:08:16 13 -4.925 45.2
2024_0412_19:08:29 13 45.945 88.26
2024_0412_19:08:42 13 44.96 13.07
2024_0412_19:08:46 13 41.075 40.97
2024_0412_19:09:01 13 87.645 87.96
2024_0412_19:09:15 13 25.03 26.485
2024_0412_19:09:20 13 -1.2 -1.61
2024_0412_19:10:11 13 86.92 87.995
2024_0412_19:10:12 13 85.77 84.8
2024_0412_19:10:23 13 85.215 88.245
2024_0412_19:11:01 13 16.42 16.56
2024_0412_19:11:22 13 0.75 -1.055
2024_0412_19:11:54 13 85.86 85.625
2024_0412_19:13:26 13 0.58 -0.935
2024_0412_19:13:33 13 42.39 41.51
2024_0412_19:14:22 13 0.73 -1.635
2024_0412_19:14:31 13 0.09 1.365
2024_0412_19:14:33 13 90.7 88.4
2024_0412_19:14:43 13 88.055 86.255
2024_0412_19:14:52 13 0.145 0.595
2024_0412_19:15:04 13 -0.085 -0.67
2024_0412_19:15:11 13 0.21 0.81
2024_0412_19:15:34 13 0.315 -0.67
2024_0412_19:16:01 13 -0.83 -1.01
2024_0412_19:16:02 13 -0.785 -0.84
2024_0412_19:16:58 13 -0.2 -1.445
2024_0412_19:17:15 13 -0.395 0.2
2024_0412_19:17:57 13 87.26 44.84
2024_0412_19:19:18 13 0.695 -0.75
2024_0412_19:19:42 13 -7.045 42.995
2024_0412_19:19:44 13 -0.475 -0.45
2024_0412_19:20:18 13 -0.685 -0.49
2024_0412_19:20:28 13 88.17 87.985
2024_0412_19:20:41 13 84.905 64.435
2024_0412_19:20:45 13 -1.195 0.235
2024_0412_19:20:58 13 71.285 85.625
2024_0412_19:21:02 13 0.415 0.61
2024_0412_19:21:06 13 -1.415 -2.61
2024_0412_19:21:53 13 52.005 -52.35
2024_0412_19:21:55 13 88.0 89.105
2024_0412_19:21:59 13 0.25 -0.345
2024_0412_19:22:55 13 84.655 56.27
2024_0412_19:23:09 13 1.38 24.475
2024_0412_19:23:48 13 84.27 83.63
2024_0412_19:25:08 13 0.34 -0.31
2024_0412_19:25:54 13 90.555 88.295
2024_0412_19:26:09 13 87.12 76.515
2024_0412_19:26:18 13 -1.895 3.26
2024_0412_19:26:29 13 -0.125 -0.11
2024_0412_19:26:30 13 -32.215 33.21
2024_0412_19:26:39 13 87.03 85.665
2024_0412_19:26:47 13 -1.04 0.675
2024_0412_19:26:59 13 0.68 40.655
2024_0412_19:27:44 13 40.69 41.645
2024_0412_19:27:48 13 88.46 87.265
2024_0412_19:28:11 13 65.56 67.36
2024_0412_19:28:50 13 9.49 10.73
2024_0412_19:29:05 13 85.645 87.525
2024_0412_19:29:38 13 11.975 14.34
2024_0412_19:30:34 13 0.055 -0.12
2024_0412_19:31:01 13 -0.435 0.595
2024_0412_19:32:00 13 0.195 -0.185
2024_0412_19:32:10 13 87.175 86.67
2024_0412_19:32:13 13 0.11 0.12
2024_0412_19:32:22 13 8.69 26.985
2024_0412_19:32:34 13 91.23 87.905
2024_0412_19:32:41 13 85.11 85.98
2024_0412_19:32:53 13 20.89 -20.14
2024_0412_19:33:37 14 85.255 84.14
2024_0412_19:33:39 14 -0.07 0.18
2024_0412_19:33:39 13 22.83 17.26
2024_0412_19:34:22 14 82.845 85.31
2024_0412_19:34:45 14 0.495 0.68
2024_0412_19:34:59 14 -0.135 0.72
2024_0412_19:35:31 14 -14.205 14.75
2024_0412_19:37:19 14 88.62 88.8
2024_0412_19:37:53 14 0.095 -0.225
2024_0412_19:38:09 14 86.23 86.335
2024_0412_19:38:13 14 0.375 0.3
2024_0412_19:38:28 14 0.47 -0.38
2024_0412_19:38:40 14 -1.3 -0.67
2024_0412_19:39:03 14 11.385 20.04
2024_0412_19:39:25 14 -0.875 -0.91
2024_0412_19:39:35 14 -0.735 -0.055
2024_0412_19:39:51 14 -0.675 66.23
2024_0412_19:39:53 14 86.975 84.375
2024_0412_19:39:58 14 99.98 -49.99
2024_0412_19:40:21 14 83.78 81.855
2024_0412_19:40:44 14 86.885 36.85
2024_0412_19:40:56 14 89.325 88.75
2024_0412_19:41:21 14 -0.085 0.69
2024_0412_19:43:45 14 -0.155 -1.125
2024_0412_19:43:59 14 0.385 -0.4
2024_0412_19:44:07 14 3.49 1.715
2024_0412_19:44:09 14 89.245 87.54
2024_0412_19:44:16 14 -49.99 99.98
2024_0412_19:44:38 14 -0.325 -0.23
2024_0412_19:44:59 14 9.92 9.03
2024_0412_19:45:19 14 84.985 85.885
2024_0412_19:45:28 14 -1.255 36.495
2024_0412_19:46:00 14 0.445 -0.16
2024_0412_19:46:18 14 86.765 88.24
2024_0412_19:46:21 14 58.26 78.425
2024_0412_19:46:36 14 0.025 -0.01
2024_0412_19:46:45 14 8.64 -8.435
2024_0412_19:47:10 14 1.205 -0.675
2024_0412_19:49:10 14 -0.63 -0.42
2024_0412_19:49:38 14 85.16 39.57
2024_0412_19:49:57 14 1.345 -0.755
2024_0412_19:50:00 14 10.575 11.15
2024_0412_19:50:11 14 9.835 -10.275
2024_0412_19:50:11 14 84.325 84.36
2024_0412_19:50:27 14 0.185 0.985
2024_0412_19:50:57 14 86.03 86.96
2024_0412_19:51:06 14 -1.145 -0.02
2024_0412_19:51:22 14 7.755 67.78
2024_0412_19:52:06 14 -0.615 -0.07
2024_0412_19:52:06 14 -49.995 -49.99
2024_0412_19:52:30 14 60.525 86.31
2024_0412_19:52:33 14 -15.735 17.5
2024_0412_19:52:58 14 -0.57 -0.29
2024_0412_19:55:15 14 88.32 89.015
2024_0412_19:55:33 14 -11.37 7.725
2024_0412_19:55:55 14 89.23 84.655
2024_0412_19:55:57 14 87.215 88.07
2024_0412_19:56:09 14 -10.265 9.855
2024_0412_19:56:09 14 88.235 89.13
2024_0412_19:56:22 14 87.32 40.64
2024_0412_19:56:24 14 83.2 88.93
2024_0412_19:56:53 14 36.86 35.245
2024_0412_19:57:05 14 87.78 87.585
2024_0412_19:57:20 14 87.935 87.345
2024_0412_19:58:11 14 76.515 52.67
2024_0412_19:58:20 14 -1.865 -0.485
2024_0412_19:58:29 14 0.0 0.34
2024_0412_19:58:29 14 -0.18 0.335
2024_0412_19:58:57 14 5.625 12.28
2024_0412_20:01:29 14 -0.14 -0.115
2024_0412_20:01:49 14 0.49 0.145
2024_0412_20:01:55 14 40.73 85.86
2024_0412_20:02:11 14 -0.115 0.835
2024_0412_20:02:16 14 -0.045 -0.55
2024_0412_20:02:20 14 41.905 43.295
2024_0412_20:02:50 14 1.11 -0.04
2024_0412_20:02:58 14 7.29 6.225
2024_0412_20:03:15 14 1.095 -0.52
2024_0412_20:03:18 14 84.625 85.33
2024_0412_20:04:12 14 85.115 87.07
2024_0412_20:04:21 14 -19.31 19.21
2024_0412_20:04:27 14 0.095 0.58
2024_0412_20:04:27 14 0.345 0.26
2024_0412_20:04:40 14 82.555 87.66
2024_0412_20:04:55 14 85.065 85.965
2024_0412_20:07:22 14 88.94 87.68
2024_0412_20:07:42 14 -0.97 -0.925
2024_0412_20:07:48 14 99.99 -49.995
2024_0412_20:08:01 14 0.715 0.64
2024_0412_20:08:11 14 0.695 -0.055
2024_0412_20:08:49 14 85.02 84.325
2024_0412_20:09:07 14 -0.945 0.15
2024_0412_20:09:13 14 -12.56 18.02
2024_0412_20:09:21 14 -0.285 0.345
2024_0412_20:10:14 14 87.37 87.635
2024_0412_20:10:16 14 88.31 89.12
2024_0412_20:10:24 14 0.21 -0.115
2024_0412_20:10:52 14 15.105 38.875
2024_0412_20:11:05 14 -0.53 -0.795
2024_0412_20:12:15 14 28.805 88.575
2024_0412_20:12:37 14 1.54 -0.975
2024_0412_20:13:21 14 85.005 86.83
2024_0412_20:13:42 14 37.765 1.425
2024_0412_20:13:49 14 0.35 42.54
2024_0412_20:13:56 14 -40.17 39.625
2024_0412_20:14:05 14 0.05 -0.585
2024_0412_20:14:47 14 0.71 -0.36
2024_0412_20:15:08 14 -1.095 82.58
2024_0412_20:15:33 14 83.085 84.8
2024_0412_20:16:08 14 86.155 83.51
2024_0412_20:16:10 14 41.05 -0.975
2024_0412_20:16:11 14 -0.535 0.335
2024_0412_20:16:22 14 -0.225 -0.285
2024_0412_20:16:48 14 60.26 -59.905
2024_0412_20:18:10 14 0.735 1.045
2024_0412_20:18:47 14 67.88 68.705
2024_0412_20:19:20 14 86.365 84.21
2024_0412_20:19:37 14 80.81 85.805
2024_0412_20:19:56 14 87.75 35.965
2024_0412_20:20:00 14 1.345 0.425
2024_0412_20:20:35 14 87.035 40.895
2024_0412_20:20:45 14 1.335 0.3
2024_0412_20:21:06 14 1.08 -0.53
2024_0412_20:21:46 14 83.465 84.295
2024_0412_20:22:04 14 0.67 0.6
2024_0412_20:22:07 14 86.795 87.46
2024_0412_20:22:08 14 7.67 14.22
2024_0412_20:22:16 14 -0.645 0.495
2024_0412_20:22:49 14 43.98 88.195
2024_0412_20:23:01 14 0.585 -0.61
2024_0412_20:24:04 14 -4.485 48.9
2024_0412_20:25:02 14 84.61 45.61
2024_0412_20:25:17 14 83.715 84.12
2024_0412_20:25:34 14 40.11 -3.5
2024_0412_20:25:54 14 88.19 88.425
2024_0412_20:25:55 14 89.095 88.61
2024_0412_20:26:44 14 90.665 88.925
2024_0412_20:27:01 14 -0.715 1.42
2024_0412_20:27:58 14 -35.975 35.145
2024_0412_20:27:58 14 -6.415 52.25
2024_0412_20:28:04 14 1.265 0.01
2024_0412_20:28:06 14 36.59 39.735
2024_0412_20:28:08 14 85.715 81.59
2024_0412_20:28:44 14 1.64 -0.945
2024_0412_20:30:07 14 42.58 41.245
2024_0412_20:30:14 14 39.42 41.05
2024_0412_20:30:35 14 83.76 83.075
2024_0412_20:31:12 14 85.375 83.16
2024_0412_20:31:14 14 0.33 1.645
2024_0412_20:31:27 14 84.12 80.07
2024_0412_20:31:49 14 86.23 82.095
2024_0412_20:31:51 14 42.755 -5.825
2024_0412_20:32:38 14 -33.29 33.25
2024_0412_20:33:00 14 -1.715 -0.045
2024_0412_20:33:52 14 48.645 -4.51
2024_0412_20:34:01 14 99.99 49.995
2024_0412_20:34:02 14 86.21 87.31
2024_0412_20:34:03 14 64.94 -9.805
2024_0412_20:34:42 14 1.185 0.5
2024_0412_20:36:01 14 7.285 33.15
2024_0412_20:36:24 14 -8.935 9.205
2024_0412_20:36:55 14 87.025 87.855
2024_0412_20:37:05 14 0.355 -0.615
2024_0412_20:37:25 14 85.105 86.01
2024_0412_20:37:42 14 0.02 -0.28
2024_0412_20:37:47 14 86.205 81.9
2024_0412_20:38:34 14 -0.97 0.845
2024_0412_20:38:39 14 88.08 86.78
2024_0412_20:38:55 14 -0.23 0.005
2024_0412_20:39:45 14 0.075 1.035
2024_0412_20:39:53 14 84.34 87.425
2024_0412_20:39:59 14 89.11 86.68
2024_0412_20:40:01 14 -0.08 -0.015
2024_0412_20:40:17 14 -8.695 11.755
2024_0412_20:40:42 15 23.965 25.995
2024_0412_20:42:00 15 4.1 3.455
2024_0412_20:43:08 15 86.835 88.22
2024_0412_20:43:10 15 85.93 85.955
2024_0412_20:43:22 15 27.87 -0.95
2024_0412_20:43:37 15 -0.565 0.195
2024_0412_20:44:05 15 81.925 86.08
2024_0412_20:44:48 15 -0.365 -0.45
2024_0412_20:45:31 15 10.425 -9.91
2024_0412_20:45:42 15 87.855 88.975
2024_0412_20:45:49 15 -0.555 -0.055
2024_0412_20:45:56 15 82.065 85.305
2024_0412_20:45:59 15 87.23 68.44
2024_0412_20:46:07 15 -0.49 -1.46
2024_0412_20:46:41 15 14.245 16.5
2024_0412_20:47:58 15 46.08 -22.925
2024_0412_20:48:20 15 10.715 90.715
2024_0412_20:49:07 15 11.725 -13.44
2024_0412_20:49:23 15 28.32 -20.44
2024_0412_20:49:27 15 8.365 -8.295
2024_0412_20:49:38 15 86.995 86.48
2024_0412_20:50:15 15 1.14 0.27
2024_0412_20:50:21 15 86.2 80.47
2024_0412_20:50:50 15 0.795 -1.14
2024_0412_20:51:25 15 -0.605 1.73
2024_0412_20:51:42 15 86.225 43.77
2024_0412_20:51:53 15 88.945 88.945
2024_0412_20:51:59 15 7.64 -7.965
2024_0412_20:51:59 15 75.265 51.79
2024_0412_20:52:48 15 83.31 83.35
2024_0412_20:53:17 15 90.975 42.225
2024_0412_20:54:02 15 89.0 89.53
2024_0412_20:54:26 15 0.855 1.315
2024_0412_20:55:06 15 8.78 -8.36
2024_0412_20:55:25 15 41.405 83.245
2024_0412_20:55:36 15 -8.155 8.92
2024_0412_20:56:33 15 -0.08 -1.045
2024_0412_20:56:48 15 -0.985 0.035
2024_0412_20:57:20 15 79.28 89.995
2024_0412_20:57:46 15 86.455 85.145
2024_0412_20:57:55 15 87.065 87.45
2024_0412_20:58:01 15 71.365 85.29
2024_0412_20:58:05 15 85.48 82.585
2024_0412_20:58:53 15 88.09 91.135
2024_0412_20:59:56 15 91.49 89.045
2024_0412_20:59:57 15 0.01 -0.055
2024_0412_21:00:05 15 88.49 88.875
2024_0412_21:00:23 15 -0.925 0.85
2024_0412_21:00:51 15 86.36 86.445
2024_0412_21:01:12 15 -1.855 0.265
2024_0412_21:01:23 15 31.415 31.38
2024_0412_21:01:39 15 -3.255 3.35
2024_0412_21:02:48 15 15.74 16.035
2024_0412_21:02:50 15 66.89 65.025
2024_0412_21:03:25 15 2.855 -1.66
2024_0412_21:03:49 15 0.24 0.36
2024_0412_21:03:58 15 85.165 39.965
2024_0412_21:04:10 15 85.925 85.725
2024_0412_21:04:11 15 -0.34 -1.63
2024_0412_21:05:00 15 46.805 45.975
2024_0412_21:06:06 15 -0.88 42.055
2024_0412_21:06:16 15 1.055 -0.335
2024_0412_21:06:40 15 88.54 90.815
2024_0412_21:07:13 15 -9.305 10.965
2024_0412_21:07:28 15 84.165 43.78
2024_0412_21:07:41 15 -0.66 0.08
2024_0412_21:08:49 15 20.34 14.355
2024_0412_21:09:01 15 0.34 -0.67
2024_0412_21:09:24 15 49.99 -99.99
2024_0412_21:09:53 15 87.605 87.73
2024_0412_21:09:58 15 0.12 -0.505
2024_0412_21:10:14 15 -99.95 99.985
2024_0412_21:10:22 15 8.765 11.345
2024_0412_21:11:03 15 0.31 0.115
2024_0412_21:11:27 15 -0.025 0.055
2024_0412_21:12:18 15 1.49 0.315
2024_0412_21:12:21 15 -3.575 48.4
2024_0412_21:12:47 15 83.4 85.98
2024_0412_21:13:12 15 85.235 85.95
2024_0412_21:13:31 15 38.82 38.995
2024_0412_21:13:46 15 39.2 89.12
2024_0412_21:14:51 15 44.14 44.13
2024_0412_21:15:17 15 88.585 88.325
2024_0412_21:15:26 15 -0.48 0.335
2024_0412_21:15:26 15 -0.57 0.39
2024_0412_21:15:56 15 87.875 87.635
2024_0412_21:15:59 15 -9.735 9.985
2024_0412_21:16:17 15 -49.99 99.985
2024_0412_21:17:07 15 0.48 -0.22
2024_0412_21:18:23 15 -14.07 38.95
2024_0412_21:18:30 15 86.005 41.48
2024_0412_21:18:42 15 -0.015 0.365
2024_0412_21:18:56 15 0.195 0.7
2024_0412_21:19:10 15 89.59 89.475
2024_0412_21:19:30 15 0.68 0.32
2024_0412_21:19:48 15 12.0 -10.7
2024_0412_21:20:10 15 87.835 41.065
2024_0412_21:20:49 15 0.11 -0.315
2024_0412_21:21:24 15 -0.88 0.46
2024_0412_21:21:25 15 85.225 83.09
2024_0412_21:21:31 15 88.765 84.9
2024_0412_21:21:56 15 0.96 0.335
2024_0412_21:21:59 15 -2.225 36.38
2024_0412_21:22:22 15 0.39 0.585
2024_0412_21:23:10 15 69.88 66.975
2024_0412_21:24:19 15 -21.51 59.395
2024_0412_21:24:56 15 49.99 99.99
2024_0412_21:25:05 15 39.525 38.65
2024_0412_21:25:19 15 2.105 3.46
2024_0412_21:25:23 15 40.845 85.38
2024_0412_21:25:47 15 75.54 72.12
2024_0412_21:25:49 15 -0.395 -0.425
2024_0412_21:26:45 15 99.97 -99.99
2024_0412_21:27:23 15 -0.065 0.11
2024_0412_21:27:28 15 95.525 -28.905
2024_0412_21:27:50 15 0.235 -0.43
2024_0412_21:27:56 15 0.425 -0.295
2024_0412_21:28:02 15 84.525 83.535
2024_0412_21:28:26 15 83.065 75.605
2024_0412_21:29:07 15 1.97 1.955
2024_0412_21:29:54 15 -0.5 -0.125
2024_0412_21:30:21 15 83.97 85.66
2024_0412_21:31:06 15 47.595 47.13
2024_0412_21:31:36 15 84.705 87.965
2024_0412_21:31:45 15 1.505 -0.375
2024_0412_21:31:50 15 1.57 -0.015
2024_0412_21:32:39 15 73.95 77.935
2024_0412_21:32:45 15 -0.37 0.69
2024_0412_21:33:21 15 0.015 0.01
2024_0412_21:33:31 15 33.74 -33.395
2024_0412_21:33:53 15 -16.7 16.78
2024_0412_21:34:03 15 27.08 -27.49
2024_0412_21:34:03 15 85.31 83.715
2024_0412_21:34:24 15 -0.66 0.18
2024_0412_21:34:49 15 87.075 84.335
2024_0412_21:35:06 15 89.665 87.22
2024_0412_21:36:16 15 -10.405 9.115
2024_0412_21:37:15 15 -0.54 -1.87
2024_0412_21:37:42 15 -0.85 0.095
2024_0412_21:37:46 15 -1.335 -0.355
2024_0412_21:37:48 15 85.28 85.685
2024_0412_21:38:41 15 0.03 0.245
2024_0412_21:39:19 15 40.005 87.565
2024_0412_21:39:43 15 1.015 -0.04
2024_0412_21:39:43 15 -10.27 11.81
2024_0412_21:39:55 15 86.47 82.655
2024_0412_21:40:01 15 42.885 -1.055
2024_0412_21:40:24 15 85.725 82.245
2024_0412_21:40:48 15 88.51 88.16
2024_0412_21:41:16 15 -0.455 -0.345
2024_0412_21:42:08 15 -1.185 0.595
2024_0412_21:43:15 15 12.67 13.85
2024_0412_21:43:39 15 -18.87 21.26
2024_0412_21:43:39 15 84.265 85.475
2024_0412_21:44:01 15 16.87 17.18
2024_0412_21:44:03 15 -0.935 -0.195
2024_0412_21:44:40 15 -0.525 0.39
2024_0412_21:45:17 15 -0.05 -0.91
2024_0412_21:45:41 15 85.645 86.395
2024_0412_21:45:53 15 0.365 0.015
2024_0412_21:45:57 15 0.625 6.02
2024_0412_21:46:21 15 86.21 85.23
2024_0412_21:46:24 15 4.09 -3.97
2024_0412_21:46:47 15 87.775 88.025
2024_0412_21:47:08 15 -1.52 0.16
2024_0412_21:47:59 15 99.99 49.995
2024_0412_21:49:13 15 3.27 -3.405
2024_0412_21:49:36 15 86.07 85.17
2024_0412_21:49:36 15 88.56 86.43
2024_0412_21:50:15 15 1.535 -0.66
2024_0412_21:50:21 16 -0.66 -1.015
2024_0412_21:50:24 15 -0.38 0.645
2024_0412_21:50:37 16 19.145 -17.925
2024_0412_21:51:16 16 -0.22 -1.2
2024_0412_21:51:40 16 -11.24 9.365
2024_0412_21:51:47 16 41.595 -2.745
2024_0412_21:51:54 16 90.16 89.445
2024_0412_21:52:32 16 84.605 87.055
2024_0412_21:53:03 16 59.365 -9.88
2024_0412_21:53:18 16 18.935 -18.21
2024_0412_21:53:54 16 17.025 -16.235
2024_0412_21:55:14 16 45.965 82.805
2024_0412_21:55:32 16 79.52 79.19
2024_0412_21:55:33 16 84.195 82.49
2024_0412_21:56:18 16 0.835 -1.225
2024_0412_21:56:30 16 45.435 43.42
2024_0412_21:56:36 16 91.48 88.645
2024_0412_21:56:51 16 17.145 -16.985
2024_0412_21:57:12 16 54.755 56.83
2024_0412_21:57:15 16 0.46 -0.34
2024_0412_21:57:38 16 -0.32 1.0
2024_0412_21:57:43 16 91.005 88.13
2024_0412_21:57:49 16 0.06 0.82
2024_0412_21:58:34 16 40.2 86.68
2024_0412_21:59:03 16 86.345 84.045
2024_0412_21:59:55 16 0.475 -0.025
2024_0412_22:01:11 16 16.74 -16.415
2024_0412_22:01:27 16 16.415 -16.85
2024_0412_22:01:31 16 88.81 88.7
2024_0412_22:02:14 16 -34.115 59.38
2024_0412_22:02:33 16 -7.51 6.635
2024_0412_22:02:42 16 88.03 84.08
2024_0412_22:02:49 16 86.455 86.4
2024_0412_22:03:11 16 0.42 -0.01
2024_0412_22:03:26 16 -0.5 0.35
2024_0412_22:03:36 16 -0.6 -0.235
2024_0412_22:03:46 16 10.2 -9.995
2024_0412_22:03:49 16 0.78 -0.85
2024_0412_22:04:34 16 89.405 81.43
2024_0412_22:04:57 16 -0.185 2.235
2024_0412_22:05:17 16 1.745 -0.49
2024_0412_22:05:56 16 88.035 49.32
2024_0412_22:07:13 16 13.86 13.86
2024_0412_22:07:29 16 68.75 69.035
2024_0412_22:07:43 16 0.37 -1.055
2024_0412_22:08:13 16 88.3 88.665
2024_0412_22:08:32 16 -1.955 26.515
2024_0412_22:08:56 16 80.39 85.79
2024_0412_22:08:59 16 0.415 0.67
2024_0412_22:09:07 16 -0.205 0.95
2024_0412_22:09:34 16 70.21 70.425
2024_0412_22:09:39 16 85.945 83.97
2024_0412_22:09:43 16 86.435 86.815
2024_0412_22:09:49 16 -0.275 -0.855
2024_0412_22:10:34 16 -1.175 0.335
2024_0412_22:10:51 16 89.665 87.64
2024_0412_22:11:56 16 74.94 38.92
2024_0412_22:13:14 16 87.39 85.46
2024_0412_22:13:25 16 87.765 87.395
2024_0412_22:14:10 16 34.895 77.65
2024_0412_22:14:22 16 65.035 48.925
2024_0412_22:14:25 16 0.095 0.445
2024_0412_22:14:57 16 37.165 10.475
2024_0412_22:15:03 16 40.415 89.55
2024_0412_22:15:06 16 -0.56 0.765
2024_0412_22:15:30 16 89.68 89.495
2024_0412_22:15:39 16 25.0 -24.14
2024_0412_22:15:47 16 29.6 31.94
2024_0412_22:15:47 16 -9.99 9.98
2024_0412_22:15:48 16 34.625 -17.625
2024_0412_22:16:36 16 88.51 87.925
2024_0412_22:17:56 16 87.37 88.485
2024_0412_22:19:13 16 84.2 84.32
2024_0412_22:19:25 16 37.875 89.92
2024_0412_22:19:35 16 91.095 88.53
2024_0412_22:20:08 16 -0.335 -1.005
2024_0412_22:20:22 16 -5.525 22.315
2024_0412_22:20:57 16 -1.085 -0.585
2024_0412_22:20:58 16 85.22 76.225
2024_0412_22:21:04 16 91.455 88.425
2024_0412_22:21:19 16 85.18 87.995
2024_0412_22:21:35 16 88.79 88.745
2024_0412_22:21:38 16 9.79 -10.18
2024_0412_22:21:45 16 0.055 -0.615
2024_0412_22:22:20 16 0.175 1.14
2024_0412_22:23:47 16 -0.61 0.27
2024_0412_22:24:07 16 49.995 99.99
2024_0412_22:25:11 16 0.745 -1.055
2024_0412_22:25:37 16 85.43 80.59
2024_0412_22:26:21 16 -9.09 8.51
2024_0412_22:26:57 16 -15.69 17.74
2024_0412_22:27:06 16 83.34 85.72
2024_0412_22:27:14 16 54.525 35.59
2024_0412_22:27:31 16 99.98 -49.995
2024_0412_22:27:32 16 88.925 89.44
2024_0412_22:27:36 16 21.875 22.105
2024_0412_22:27:39 16 -0.615 0.37
2024_0412_22:27:52 16 83.53 86.835
2024_0412_22:29:14 16 56.825 55.445
2024_0412_22:29:44 16 0.575 -0.775
2024_0412_22:30:16 16 9.37 8.815
2024_0412_22:31:13 16 13.295 -0.505
2024_0412_22:31:17 16 -49.995 49.995
2024_0412_22:31:35 16 0.735 0.54
2024_0412_22:32:20 16 16.28 13.865
2024_0412_22:32:37 16 0.52 0.995
2024_0412_22:33:08 16 45.685 86.765
2024_0412_22:33:20 16 0.825 3.61
2024_0412_22:33:32 16 85.62 87.195
2024_0412_22:33:44 16 34.35 -33.44
2024_0412_22:33:47 16 0.755 38.745
2024_0412_22:33:57 16 89.055 88.205
2024_0412_22:35:13 16 71.81 71.845
2024_0412_22:35:40 16 44.985 -5.08
2024_0412_22:36:13 16 -49.995 49.995
2024_0412_22:37:07 16 -0.23 -0.39
2024_0412_22:37:09 16 0.185 -0.495
2024_0412_22:37:33 16 1.405 -0.55
2024_0412_22:37:36 16 -8.605 22.17
2024_0412_22:38:19 16 0.99 -0.405
2024_0412_22:39:05 16 0.61 0.605
2024_0412_22:39:22 16 88.925 88.56
2024_0412_22:39:28 16 -0.4 0.25
2024_0412_22:39:39 16 -1.54 0.185
2024_0412_22:39:42 16 90.635 87.65
2024_0412_22:40:01 16 83.38 84.195
2024_0412_22:41:10 16 67.965 68.29
2024_0412_22:41:27 16 2.105 3.665
2024_0412_22:41:35 16 -10.215 9.76
2024_0412_22:42:57 16 11.84 -9.01
2024_0412_22:43:03 16 -0.19 -1.1
2024_0412_22:43:08 16 -0.12 -0.87
2024_0412_22:43:31 17 2.585 -0.75
2024_0412_22:43:36 17 -19.115 37.515
2024_0412_22:44:25 17 84.065 82.41
2024_0412_22:44:41 16 0.77 -0.41
2024_0412_22:45:09 17 88.055 87.895
2024_0412_22:45:24 17 44.11 87.335
2024_0412_22:45:24 17 22.46 56.415
2024_0412_22:45:42 17 55.61 40.36
2024_0412_22:46:26 17 -0.815 -0.635
2024_0412_22:46:32 17 -0.355 1.255
2024_0412_22:47:14 17 -0.645 -0.89
2024_0412_22:47:32 17 0.55 0.01
2024_0412_22:48:58 17 84.77 86.095
2024_0412_22:49:01 17 20.715 17.645
2024_0412_22:49:15 17 -0.61 0.15
2024_0412_22:49:28 17 40.305 -40.205
2024_0412_22:49:39 17 88.515 88.815
2024_0412_22:50:18 17 -0.33 0.49
2024_0412_22:50:50 17 10.35 11.765
2024_0412_22:51:04 17 -0.29 3.68
2024_0412_22:51:10 17 -0.455 -0.37
2024_0412_22:51:24 17 0.05 -1.05
2024_0412_22:51:25 17 86.485 87.22
2024_0412_22:51:45 17 41.34 41.465
2024_0412_22:52:43 17 -6.04 4.605
2024_0412_22:53:12 17 -0.955 0.525
2024_0412_22:53:29 17 -49.99 50.085
2024_0412_22:54:57 17 -18.17 58.375
2024_0412_22:54:57 17 11.535 58.24
2024_0412_22:54:58 17 4.07 15.8
2024_0412_22:55:15 17 15.46 16.38
2024_0412_22:55:27 17 40.39 -40.15
2024_0412_22:55:38 17 81.15 81.42
2024_0412_22:56:16 17 49.625 76.075
2024_0412_22:57:11 17 15.19 11.55
2024_0412_22:57:12 17 84.24 84.245
2024_0412_22:57:24 17 74.61 74.35
2024_0412_22:57:26 17 38.64 40.595
2024_0412_22:57:46 17 89.13 88.68
2024_0412_22:59:00 17 -6.135 6.805
2024_0412_22:59:10 17 83.145 85.75
2024_0412_22:59:27 17 -0.775 -0.205
2024_0412_22:59:28 17 67.72 67.065
2024_0412_23:00:45 17 -0.86 -0.27
2024_0412_23:01:06 17 80.535 64.815
2024_0412_23:01:12 17 85.575 85.83
2024_0412_23:01:23 17 -7.14 29.855
2024_0412_23:01:34 17 88.78 88.67
2024_0412_23:01:34 17 68.385 67.105
2024_0412_23:02:15 17 10.48 -11.555
2024_0412_23:03:09 17 -0.52 -1.88
2024_0412_23:03:21 17 85.005 87.305
2024_0412_23:03:23 17 -0.205 -0.295
2024_0412_23:03:44 17 -8.735 33.425
2024_0412_23:05:09 17 66.06 81.9
2024_0412_23:05:19 17 24.415 25.325
2024_0412_23:05:21 17 9.315 -10.23
2024_0412_23:05:40 17 87.92 87.31
2024_0412_23:06:36 17 3.655 -3.915
2024_0412_23:07:00 17 0.5 -0.73
2024_0412_23:07:08 17 61.415 68.215
2024_0412_23:07:21 17 16.39 17.225
2024_0412_23:07:34 17 88.645 88.425
2024_0412_23:07:59 17 -6.24 86.4
2024_0412_23:08:11 17 -100.0 100.0
2024_0412_23:09:07 17 43.595 87.12
2024_0412_23:09:18 17 -0.185 0.835
2024_0412_23:09:20 17 87.615 88.395
2024_0412_23:09:43 17 22.815 0.4
2024_0412_23:11:05 17 0.8 0.715
2024_0412_23:12:11 17 -10.055 10.795
2024_0412_23:12:39 17 80.94 86.01
2024_0412_23:13:01 17 10.865 7.2
2024_0412_23:13:02 17 71.06 70.805
2024_0412_23:13:06 17 32.9 20.825
2024_0412_23:13:20 17 0.695 0.655
2024_0412_23:13:33 17 69.22 67.095
2024_0412_23:14:08 17 1.41 0.995
2024_0412_23:14:09 17 3.39 4.875
2024_0412_23:15:03 17 -18.95 20.405
2024_0412_23:15:13 17 0.295 0.35
2024_0412_23:15:15 17 84.005 77.765
2024_0412_23:15:29 17 -0.59 0.195
2024_0412_23:15:48 17 85.29 84.685
2024_0412_23:17:00 17 79.43 87.58
2024_0412_23:17:16 17 11.485 12.07
2024_0412_23:18:17 17 10.795 -10.695
2024_0412_23:18:57 17 -8.5 7.475
2024_0412_23:19:05 17 12.03 -12.505
2024_0412_23:19:19 17 -1.155 -0.01
2024_0412_23:19:34 17 -9.94 9.995
2024_0412_23:19:34 17 88.135 88.59
2024_0412_23:20:00 17 1.385 1.33
2024_0412_23:20:18 17 -5.59 5.685
2024_0412_23:20:56 17 0.6 -1.26
2024_0412_23:21:08 17 -0.945 -0.13
2024_0412_23:21:11 17 56.735 75.885
2024_0412_23:21:17 17 0.155 -1.36
2024_0412_23:21:24 17 86.1 83.83
2024_0412_23:21:45 17 -10.94 24.86
2024_0412_23:22:53 17 0.065 -0.145
2024_0412_23:23:06 17 0.17 -0.985
2024_0412_23:24:24 17 -24.67 24.995
2024_0412_23:24:58 17 85.475 85.3
2024_0412_23:25:15 17 0.125 -0.24
2024_0412_23:25:30 17 1.025 -0.03
2024_0412_23:25:57 17 -0.775 0.465
2024_0412_23:26:52 17 -9.33 9.235
2024_0412_23:27:05 17 -1.13 0.465
2024_0412_23:27:12 17 24.28 44.955
2024_0412_23:27:33 17 22.34 22.165
2024_0412_23:27:42 17 86.955 82.425
2024_0412_23:27:57 17 -0.23 0.605
2024_0412_23:28:31 17 0.435 1.015
2024_0412_23:28:47 17 -11.56 18.86
2024_0412_23:28:56 17 -1.605 -1.06
2024_0412_23:29:14 17 1.48 1.575
2024_0412_23:30:29 17 -0.84 -0.47
2024_0412_23:30:57 17 0.14 0.645
2024_0412_23:31:30 17 -0.05 -2.01
2024_0412_23:31:36 17 86.415 84.84
2024_0412_23:31:53 17 -1.015 1.165
2024_0412_23:32:40 17 15.185 14.71
2024_0412_23:32:45 17 -0.355 -0.86
2024_0412_23:33:03 17 83.205 83.14
2024_0412_23:33:04 17 0.425 0.205
2024_0412_23:33:29 17 39.01 15.115
2024_0412_23:34:12 17 -0.31 0.07
2024_0412_23:34:45 17 87.37 35.345
2024_0412_23:34:46 17 -4.435 2.915
2024_0412_23:34:53 17 0.54 1.25
2024_0412_23:35:16 17 85.915 86.855
2024_0412_23:36:14 17 0.105 0.26
2024_0412_23:36:54 17 19.53 0.94
2024_0412_23:37:29 17 11.985 -10.265
2024_0412_23:37:31 17 49.46 -49.23
2024_0412_23:37:50 17 87.66 89.93
2024_0412_23:38:42 17 -3.72 1.32
2024_0412_23:38:51 17 85.52 86.89
2024_0412_23:38:54 17 0.23 0.0
2024_0412_23:39:04 17 46.335 -7.85
2024_0412_23:39:25 17 43.275 -33.765
2024_0412_23:40:11 17 16.08 17.625
2024_0412_23:40:43 17 0.555 -0.345
2024_0412_23:41:19 17 84.97 82.795
2024_0412_23:42:53 17 41.74 40.11
2024_0412_23:43:12 17 -0.405 0.34
2024_0412_23:43:13 17 53.005 73.55
2024_0412_23:43:29 17 87.8 39.505
2024_0412_23:43:31 17 2.255 1.87
2024_0412_23:43:42 17 99.99 49.995
2024_0412_23:44:41 17 90.8 87.87
2024_0412_23:44:54 18 26.49 41.24
2024_0412_23:45:02 18 89.06 83.185
2024_0412_23:45:02 18 13.86 14.85
2024_0412_23:45:21 18 32.17 -7.05
2024_0412_23:45:34 17 -0.79 -0.86
2024_0412_23:46:10 18 88.235 38.955
2024_0412_23:46:37 18 80.08 83.2
2024_0412_23:47:16 18 49.01 -4.39
2024_0412_23:48:14 18 1.765 19.985
2024_0412_23:48:48 18 0.18 0.45
2024_0412_23:49:10 18 0.055 0.55
2024_0412_23:49:30 18 1.03 0.585
2024_0412_23:49:35 18 23.745 30.265
2024_0412_23:49:42 18 88.88 88.97
2024_0412_23:50:40 18 -0.475 0.715
2024_0412_23:50:42 18 68.11 80.9
2024_0412_23:50:52 18 -5.8 32.25
2024_0412_23:50:57 18 1.08 -0.25
2024_0412_23:51:15 18 13.605 -0.31
2024_0412_23:51:18 18 84.535 83.505
2024_0412_23:52:09 18 0.96 2.02
2024_0412_23:52:31 18 90.565 88.285
2024_0412_23:53:12 18 0.76 -0.92
2024_0412_23:54:02 18 66.21 55.385
2024_0412_23:54:23 18 86.635 85.04
2024_0412_23:54:42 18 -17.18 21.91
2024_0412_23:55:06 18 0.815 -0.585
2024_0412_23:55:27 18 -11.115 9.475
2024_0412_23:55:46 18 82.39 84.78
2024_0412_23:55:47 18 83.37 86.71
2024_0412_23:56:35 18 0.055 0.305
2024_0412_23:56:46 18 17.855 -9.8
2024_0412_23:56:55 18 0.21 -0.005
2024_0412_23:57:15 18 86.685 80.43
2024_0412_23:57:29 18 0.685 1.69
2024_0412_23:58:09 18 -4.395 5.365
2024_0412_23:58:25 18 -0.68 -0.155
2024_0412_23:59:07 18 1.09 -2.41
2024_0412_23:59:10 18 65.45 0.78
2024_0413_00:00:30 18 85.885 85.83
2024_0413_00:00:42 18 11.325 10.975
2024_0413_00:01:09 18 0.655 -0.93
2024_0413_00:01:17 18 -15.83 -18.875
2024_0413_00:01:42 18 0.875 -0.18
2024_0413_00:01:46 18 39.46 39.705
2024_0413_00:02:31 18 0.415 0.365
2024_0413_00:02:43 18 88.76 88.07
2024_0413_00:02:54 18 45.67 46.38
2024_0413_00:03:10 18 87.27 89.075
2024_0413_00:04:09 18 14.34 -1.6
2024_0413_00:04:22 18 -2.705 47.85
2024_0413_00:04:48 18 0.4 0.275
2024_0413_00:05:06 18 33.125 28.26
2024_0413_00:05:41 18 -0.765 -0.07
2024_0413_00:06:39 18 -0.27 0.12
2024_0413_00:06:42 18 68.07 55.46
2024_0413_00:07:02 18 -28.315 47.575
2024_0413_00:07:15 18 -1.745 29.78
2024_0413_00:07:33 18 99.995 -99.995
2024_0413_00:07:36 18 42.085 41.68
2024_0413_00:08:03 18 5.745 33.59
2024_0413_00:08:34 18 -0.005 0.02
2024_0413_00:08:51 18 -0.865 1.015
2024_0413_00:09:14 18 -37.435 37.045
2024_0413_00:09:28 18 86.405 86.495
2024_0413_00:10:05 18 90.63 83.155
2024_0413_00:10:17 18 1.32 -0.365
2024_0413_00:11:02 18 78.335 57.36
2024_0413_00:11:57 18 86.435 87.67
2024_0413_00:12:43 18 32.835 63.995
2024_0413_00:12:59 18 79.03 59.595
2024_0413_00:13:03 18 -19.3 20.665
2024_0413_00:13:10 18 21.71 36.38
2024_0413_00:13:13 18 -11.74 12.535
2024_0413_00:13:20 18 0.19 -0.64
2024_0413_00:13:35 18 88.42 89.005
2024_0413_00:14:48 18 89.055 88.645
2024_0413_00:15:18 18 -2.095 0.52
2024_0413_00:15:22 18 0.425 0.26
2024_0413_00:15:58 18 42.245 94.125
2024_0413_00:16:17 18 89.04 88.605
2024_0413_00:16:56 18 13.14 10.63
2024_0413_00:18:07 18 -12.335 12.79
2024_0413_00:18:24 18 86.77 86.355
2024_0413_00:18:43 18 14.62 14.635
2024_0413_00:19:05 18 0.28 -1.62
2024_0413_00:19:07 18 -2.365 2.84
2024_0413_00:19:14 18 -9.565 16.92
2024_0413_00:19:14 18 1.935 3.105
2024_0413_00:19:26 18 -99.935 -99.97
2024_0413_00:20:43 18 85.665 83.455
2024_0413_00:21:15 18 74.555 73.9
2024_0413_00:21:16 18 81.245 88.025
2024_0413_00:21:47 18 84.275 86.105
2024_0413_00:21:56 18 37.35 -2.86
2024_0413_00:22:10 18 0.21 -0.475
2024_0413_00:22:41 18 88.865 87.97
2024_0413_00:22:57 18 -10.445 48.585
2024_0413_00:24:30 18 13.19 14.125
2024_0413_00:24:36 18 -4.275 4.495
2024_0413_00:24:37 18 0.58 0.09
2024_0413_00:25:02 18 0.505 0.135
2024_0413_00:25:03 18 10.505 -9.98
2024_0413_00:25:07 18 85.775 83.71
2024_0413_00:25:22 18 -0.97 0.055
2024_0413_00:25:29 18 84.61 84.59
2024_0413_00:26:48 18 87.735 86.12
2024_0413_00:27:05 18 0.475 0.39
2024_0413_00:27:08 18 12.085 10.9
2024_0413_00:27:53 18 53.795 51.88
2024_0413_00:28:12 18 88.175 87.55
2024_0413_00:28:55 18 19.155 19.445
2024_0413_00:29:19 18 -99.98 -49.99
2024_0413_00:30:09 18 90.045 89.895
2024_0413_00:30:27 18 6.86 7.005
2024_0413_00:30:37 18 0.285 -0.61
2024_0413_00:30:58 18 11.535 -5.15
2024_0413_00:31:01 18 85.01 84.815
2024_0413_00:31:10 18 87.125 70.075
2024_0413_00:31:13 18 0.71 0.46
2024_0413_00:31:38 18 0.28 0.01
2024_0413_00:32:19 18 99.98 -49.995
2024_0413_00:32:48 18 0.43 -0.43
2024_0413_00:32:59 18 -0.435 4.135
2024_0413_00:33:02 18 19.365 -6.955
2024_0413_00:33:53 18 84.74 83.915
2024_0413_00:34:16 18 83.005 84.49
2024_0413_00:34:57 18 0.505 -0.84
2024_0413_00:35:31 18 35.705 1.835
2024_0413_00:36:25 18 1.22 -0.955
2024_0413_00:36:34 18 0.395 -1.62
2024_0413_00:36:51 18 -0.395 -0.9
2024_0413_00:36:57 18 50.195 52.96
2024_0413_00:37:06 18 -0.4 0.295
2024_0413_00:37:08 18 1.255 -0.445
2024_0413_00:37:11 18 91.56 -5.575
2024_0413_00:38:16 18 80.745 89.175
2024_0413_00:38:43 18 -0.365 0.465
2024_0413_00:38:47 18 81.225 86.335
2024_0413_00:38:53 18 89.565 90.085
2024_0413_00:38:57 18 88.365 88.605
2024_0413_00:39:48 18 -8.12 7.88
2024_0413_00:40:13 18 83.835 86.28
2024_0413_00:40:49 18 9.875 -10.205
2024_0413_00:41:39 18 88.695 86.38
2024_0413_00:42:16 18 10.355 14.205
2024_0413_00:42:26 18 0.87 -0.015
2024_0413_00:42:47 18 0.94 -0.04
2024_0413_00:42:47 18 -16.67 42.08
2024_0413_00:43:00 18 -46.565 44.405
2024_0413_00:43:11 18 45.61 -2.01
2024_0413_00:43:52 18 16.64 17.865
2024_0413_00:44:41 18 1.38 -0.32
2024_0413_00:44:48 18 3.365 62.39
2024_0413_00:44:50 18 7.94 -8.935
2024_0413_00:44:56 18 -10.125 9.38
2024_0413_00:45:48 18 43.29 84.425
2024_0413_00:46:06 18 7.49 8.785
2024_0413_00:46:43 18 -99.99 49.995
2024_0413_00:48:00 18 -0.47 0.89
2024_0413_00:48:13 18 86.045 84.435
2024_0413_00:48:18 18 -0.13 -0.99
2024_0413_00:48:42 18 -1.005 0.68
2024_0413_00:48:45 18 0.335 1.285
2024_0413_00:49:08 18 0.26 -0.39
2024_0413_00:49:34 18 11.77 -11.38
2024_0413_00:50:32 18 16.995 -18.47
2024_0413_00:50:43 18 85.89 85.93
2024_0413_00:50:43 18 15.16 14.405
2024_0413_00:50:44 18 -5.32 85.01
2024_0413_00:51:07 19 87.795 90.205
2024_0413_00:51:44 19 0.0 -1.445
2024_0413_00:52:03 19 83.885 85.82
2024_0413_00:52:42 19 0.495 -0.22
2024_0413_00:54:07 19 -1.385 0.2
2024_0413_00:54:08 19 14.495 2.69
2024_0413_00:54:22 19 -0.875 0.36
2024_0413_00:54:27 19 85.35 85.235
2024_0413_00:54:46 19 -14.135 13.71
2024_0413_00:54:47 19 90.62 41.73
2024_0413_00:55:09 19 0.925 -0.355
2024_0413_00:55:56 19 86.64 84.33
2024_0413_00:56:28 19 86.395 85.17
2024_0413_00:56:39 19 -0.43 1.755
2024_0413_00:57:18 19 86.195 44.59
2024_0413_00:57:43 19 -0.765 -0.62
2024_0413_00:57:44 19 86.765 84.28
2024_0413_00:57:58 19 0.85 -0.165
2024_0413_00:58:38 19 1.125 -1.18
2024_0413_01:00:00 19 -1.31 -0.555
2024_0413_01:00:01 19 -1.155 1.28
2024_0413_01:00:02 19 -0.26 -0.065
2024_0413_01:00:38 19 0.165 -0.14
2024_0413_01:00:41 19 -0.345 -0.71
2024_0413_01:01:06 19 -10.145 9.575
2024_0413_01:01:08 19 87.185 83.99
2024_0413_01:02:05 19 0.625 -0.665
2024_0413_01:02:30 19 46.135 85.295
2024_0413_01:02:43 19 -0.065 0.655
2024_0413_01:03:32 19 0.785 -0.395
2024_0413_01:03:52 19 0.215 -1.365
2024_0413_01:03:56 19 -1.185 0.615
2024_0413_01:04:02 19 46.495 46.185
2024_0413_01:04:02 19 86.805 42.18
2024_0413_01:04:31 19 5.05 56.03
2024_0413_01:06:01 19 13.65 -13.795
2024_0413_01:06:36 19 31.35 9.24
2024_0413_01:06:41 19 49.07 57.68
2024_0413_01:07:04 19 -1.52 0.385
2024_0413_01:07:50 19 4.295 2.135
2024_0413_01:08:24 19 0.29 0.985
2024_0413_01:08:29 19 0.055 0.215
2024_0413_01:08:37 19 0.81 -1.165
2024_0413_01:09:27 19 1.51 1.55
2024_0413_01:09:48 19 11.455 -10.055
2024_0413_01:09:56 19 3.3 -1.71
2024_0413_01:10:15 19 9.01 10.425
2024_0413_01:10:44 19 89.91 87.185
2024_0413_01:11:02 19 17.65 -17.2
2024_0413_01:11:53 19 16.51 -16.43
2024_0413_01:12:03 19 40.55 41.645
2024_0413_01:12:24 19 -1.245 0.22
2024_0413_01:12:37 19 10.365 18.125
2024_0413_01:12:57 19 0.505 -0.38
2024_0413_01:13:45 19 -10.755 24.245
2024_0413_01:14:07 19 41.44 84.07
2024_0413_01:14:26 19 -0.595 42.365
2024_0413_01:14:35 19 81.56 85.76
2024_0413_01:15:04 19 -0.505 1.71
2024_0413_01:15:24 19 82.325 4.355
2024_0413_01:15:44 19 0.215 1.505
2024_0413_01:15:49 19 82.15 77.055
2024_0413_01:16:31 19 80.465 82.615
2024_0413_01:17:01 19 -0.795 -0.085
2024_0413_01:17:03 19 20.065 -21.015
2024_0413_01:17:50 19 88.495 88.955
2024_0413_01:17:59 19 4.145 7.175
2024_0413_01:18:18 19 13.17 7.785
2024_0413_01:18:56 19 -8.92 10.395
2024_0413_01:19:40 19 41.515 41.75
2024_0413_01:20:26 19 -0.175 0.29
2024_0413_01:20:26 19 0.895 0.55
2024_0413_01:21:07 19 87.91 87.595
2024_0413_01:21:25 19 -0.76 -1.28
2024_0413_01:21:35 19 -49.965 49.985
2024_0413_01:21:43 19 -0.085 7.35
2024_0413_01:21:45 19 87.18 85.81
2024_0413_01:22:48 19 0.275 0.61
2024_0413_01:22:52 19 0.645 0.495
2024_0413_01:23:15 19 -0.43 1.525
2024_0413_01:23:46 19 49.52 -49.395
2024_0413_01:23:54 19 -0.085 -0.275
2024_0413_01:24:19 19 20.05 28.755
2024_0413_01:24:52 19 11.01 -10.56
2024_0413_01:25:31 19 23.79 -25.26
2024_0413_01:26:30 20 89.275 88.765
2024_0413_01:26:31 20 3.07 20.79
2024_0413_01:27:17 20 1.295 -1.605
2024_0413_01:27:33 20 17.745 6.895
2024_0413_01:27:33 20 88.82 11.3
2024_0413_01:27:39 20 83.705 87.185
2024_0413_01:28:30 20 0.055 -0.43
2024_0413_01:28:51 20 12.845 41.835
2024_0413_01:29:04 20 41.73 42.36
2024_0413_01:29:37 20 66.375 65.19
2024_0413_01:29:39 20 99.99 -49.995
2024_0413_01:29:47 20 0.485 -0.95
2024_0413_01:30:15 20 18.295 46.415
2024_0413_01:30:46 20 0.08 -0.63
2024_0413_01:31:29 20 -49.975 -50.005
2024_0413_01:32:28 20 -0.355 0.925
2024_0413_01:32:40 20 -8.88 22.635
2024_0413_01:33:10 20 1.21 1.065
2024_0413_01:33:20 20 0.74 -0.09
2024_0413_01:33:29 20 10.945 9.785
2024_0413_01:33:32 20 84.54 84.58
2024_0413_01:35:19 20 35.825 35.135
2024_0413_01:35:24 20 49.02 56.73
2024_0413_01:35:29 20 0.34 0.065
2024_0413_01:35:37 20 -0.4 0.195
2024_0413_01:35:41 20 83.425 86.815
2024_0413_01:36:08 20 -0.975 -0.415
2024_0413_01:36:39 20 -13.16 12.04
2024_0413_01:37:27 20 83.365 -3.21
2024_0413_01:37:39 20 87.8 88.86
2024_0413_01:38:28 20 0.825 0.135
2024_0413_01:38:30 20 9.44 -8.865
2024_0413_01:39:05 20 87.915 83.13
2024_0413_01:39:12 20 15.345 -16.05
2024_0413_01:39:20 20 0.005 0.005
2024_0413_01:41:21 20 -0.15 -0.445
2024_0413_01:41:34 20 -12.895 13.085
2024_0413_01:41:37 20 2.07 -1.6
2024_0413_01:41:38 20 75.25 80.93
2024_0413_01:42:01 20 83.345 79.235
2024_0413_01:42:03 20 0.17 -1.23
2024_0413_01:42:30 20 86.63 84.12
2024_0413_01:43:15 20 99.99 49.995
2024_0413_01:43:20 20 88.685 88.72
2024_0413_01:43:55 20 4.37 5.775
2024_0413_01:44:18 20 -2.62 4.1
2024_0413_01:44:23 20 49.92 -49.69
2024_0413_01:44:53 20 0.04 -0.245
2024_0413_01:44:56 20 85.625 41.075
2024_0413_01:45:04 20 1.59 0.53
2024_0413_01:45:08 20 87.955 87.99
2024_0413_01:47:16 20 41.605 2.385
2024_0413_01:47:27 20 88.895 86.25
2024_0413_01:47:34 20 32.405 40.115
2024_0413_01:47:50 20 14.55 13.94
2024_0413_01:47:57 20 79.775 87.325
2024_0413_01:48:23 20 -14.39 16.11
2024_0413_01:48:44 20 86.58 78.97
2024_0413_01:49:07 20 -1.145 45.605
2024_0413_01:49:10 20 15.35 14.865
2024_0413_01:50:12 20 2.21 0.47
2024_0413_01:50:13 20 1.175 -1.28
2024_0413_01:50:22 20 85.545 86.19
2024_0413_01:50:50 20 41.21 41.375
2024_0413_01:50:53 20 15.49 17.88
2024_0413_01:50:56 20 -99.975 99.99
2024_0413_01:52:15 20 77.155 62.555
2024_0413_01:53:06 20 -20.61 19.985
2024_0413_01:53:19 20 50.875 32.445
2024_0413_01:53:29 20 -10.12 9.44
2024_0413_01:53:49 20 23.77 0.305
2024_0413_01:54:03 20 13.01 -11.405
2024_0413_01:55:01 20 4.05 0.33
2024_0413_01:55:24 20 86.155 86.12
2024_0413_01:55:31 20 62.255 79.81
2024_0413_01:55:59 20 -1.4 0.33
2024_0413_01:56:19 20 88.825 89.035
2024_0413_01:56:26 20 79.28 88.95
2024_0413_01:56:46 20 -5.885 94.11
2024_0413_01:56:47 20 0.55 1.695
2024_0413_01:56:54 20 0.235 -1.175
2024_0413_01:57:42 20 18.135 18.62
2024_0413_01:58:41 20 99.99 -49.995
2024_0413_01:59:01 20 42.065 91.62
2024_0413_01:59:20 20 40.135 -39.78
2024_0413_01:59:28 20 67.23 74.01
2024_0413_01:59:45 20 53.03 54.355
2024_0413_02:00:31 20 -0.42 0.275
2024_0413_02:00:52 20 0.35 -0.34
2024_0413_02:01:17 20 0.01 0.285
2024_0413_02:01:52 20 28.02 -24.03
2024_0413_02:02:07 20 42.58 90.935
2024_0413_02:02:22 20 1.23 0.01
2024_0413_02:02:39 20 8.57 39.645
2024_0413_02:02:40 20 8.57 -8.145
2024_0413_02:02:44 20 48.8 -4.155
2024_0413_02:02:48 20 -13.915 24.28
2024_0413_02:04:50 20 -30.015 30.295
2024_0413_02:04:53 20 45.525 44.825
2024_0413_02:05:10 20 -0.295 0.45
2024_0413_02:05:18 5 89.045 88.47
2024_0413_02:05:37 9 89.58 90.065
2024_0413_02:06:40 13 42.115 87.385
2024_0413_02:06:48 13 0.6 0.785
2024_0413_02:07:06 13 87.385 89.92
2024_0413_02:07:14 13 7.985 9.03
2024_0413_02:07:37 13 -0.795 3.96
2024_0413_02:08:12 14 74.62 72.965
2024_0413_02:08:25 14 -0.745 0.46
2024_0413_02:08:26 14 -1.045 -0.125
2024_0413_02:08:33 15 87.205 89.16
2024_0413_02:08:39 14 84.19 85.38
2024_0413_02:08:55 15 -0.26 0.115
2024_0413_02:10:35 15 -1.07 -1.235
2024_0413_02:11:03 15 90.79 88.41
2024_0413_02:11:08 15 11.92 12.61
2024_0413_02:11:20 15 87.805 44.515
2024_0413_02:11:22 15 -0.05 -0.44
2024_0413_02:12:32 15 -7.375 56.49
2024_0413_02:12:33 15 0.32 0.06
2024_0413_02:12:57 15 -0.165 -1.495
2024_0413_02:13:26 16 -37.975 37.895
2024_0413_02:14:00 16 86.41 85.535
2024_0413_02:14:02 16 0.475 -0.63
2024_0413_02:14:14 16 1.675 3.1
2024_0413_02:14:18 16 39.965 -39.835
2024_0413_02:14:21 16 -0.985 3.51
2024_0413_02:15:07 16 16.695 -16.46
2024_0413_02:16:03 16 0.81 -0.3
2024_0413_02:16:21 16 -10.53 8.33
2024_0413_02:17:00 17 0.09 0.0
2024_0413_02:17:11 17 89.145 88.495
2024_0413_02:17:12 17 64.45 65.17
2024_0413_02:17:35 17 84.47 42.76
2024_0413_02:18:20 17 6.91 -7.065
2024_0413_02:18:22 17 -9.555 9.745
2024_0413_02:18:49 17 70.215 70.99
2024_0413_02:19:15 17 -0.605 1.605
2024_0413_02:19:52 17 -0.025 0.005
2024_0413_02:20:04 17 9.35 -9.915
2024_0413_02:20:12 17 0.24 -0.935
2024_0413_02:20:13 17 36.07 26.585
2024_0413_02:20:40 17 88.33 88.675
2024_0413_02:21:41 17 -0.965 -1.085
2024_0413_02:22:19 18 84.84 41.55
2024_0413_02:22:51 18 -0.51 0.44
2024_0413_02:23:05 18 -1.71 5.66
2024_0413_02:23:10 18 -0.325 0.535
2024_0413_02:23:27 18 2.85 -1.725
2024_0413_02:24:12 18 12.885 -13.835
2024_0413_02:24:13 18 67.325 66.25
2024_0413_02:24:36 18 39.17 -9.58
2024_0413_02:24:51 19 84.505 85.78
2024_0413_02:25:05 19 1.195 3.35
2024_0413_02:25:45 19 15.09 -15.205
2024_0413_02:25:56 19 -0.335 0.32
2024_0413_02:26:04 19 86.185 85.88
2024_0413_02:26:07 19 -0.32 0.17
2024_0413_02:27:39 19 11.23 12.98
2024_0413_02:28:05 19 48.015 -37.92
2024_0413_02:28:27 19 -0.235 0.295
2024_0413_02:28:41 19 0.505 0.63
2024_0413_02:28:54 19 0.09 -0.25
2024_0413_02:28:57 20 0.105 1.47
2024_0413_02:29:54 20 85.89 87.99
2024_0413_02:29:55 20 -0.08 0.0
2024_0413_02:29:56 20 15.93 15.54
2024_0413_02:30:31 20 48.915 -4.18
2024_0413_02:30:43 20 49.885 -49.865
2024_0413_02:31:23 20 1.92 1.28
2024_0413_02:33:48 20 49.995 -49.995
