0.20683000000013646 0.11868500000004831 0.027855000000003193 0.006694999999999811 0.02275500000000163 0.021925000000001377 0.020545000000000955 0.020290000000000877 0.020255000000000866 0.007929999999999762 0.0439749999999993 0.03667500000000213 0.061654999999992445 0.05844999999999369 0.06654999999999617 0.050869999999996626 0.06415999999999378 0.06262999999999225 0.04189000000000011 0.03938000000000108 
2024_0412_09:55:29 11 -0.1675 0.05625
2024_0412_09:55:30 2 95.5525 95.77875
2024_0412_09:55:31 5 96.35375 96.4525
2024_0412_09:55:31 8 95.18375 95.62375
2024_0412_09:55:33 1 96.37625 96.33625
2024_0412_09:55:33 11 95.63875 95.1775
2024_0412_09:55:33 3 95.57125 95.705
2024_0412_09:55:34 10 96.23375 96.09375
2024_0412_09:55:35 4 95.84375 95.36625
2024_0412_09:55:35 2 95.0125 95.37
2024_0412_09:55:37 1 96.49625 96.235
2024_0412_09:55:37 9 96.77875 96.8075
2024_0412_09:56:07 6 96.58 96.3275
2024_0412_09:56:16 6 96.3975 96.54125
2024_0412_09:56:21 7 95.41875 95.39
2024_0412_09:56:23 1 96.475 96.475
2024_0412_10:00:59 12 72.265 -1.1575
2024_0412_10:01:01 13 34.74 52.50125
2024_0412_10:01:02 15 -0.5025 0.07
2024_0412_10:01:04 16 -0.065 -0.3025
2024_0412_10:01:04 14 96.0625 95.91875
2024_0412_10:01:06 13 -46.28875 49.66875
2024_0412_10:01:06 15 -0.2375 0.0425
2024_0412_10:01:09 17 -0.58125 0.0525
2024_0412_10:01:10 18 -10.55875 10.31
2024_0412_10:01:12 17 -0.24875 -0.16125
2024_0412_10:01:21 18 27.1 -23.40125
2024_0412_10:02:12 20 0.2525 0.23375
2024_0412_10:02:12 20 -0.02375 0.53375
2024_0412_10:03:48 19 23.64875 17.735
2024_0412_10:09:18 11 0.12 -0.20125
2024_0412_10:09:19 8 96.11125 96.13
2024_0412_10:09:19 11 -0.3525 0.1
2024_0412_10:09:20 11 -99.9925 -49.9975
2024_0412_10:09:20 11 95.59125 96.1275
2024_0412_10:09:21 6 96.535 96.435
2024_0412_10:09:22 1 96.3475 96.52
2024_0412_10:09:22 11 -0.27125 -0.15125
2024_0412_10:09:23 3 95.46125 95.7225
2024_0412_10:09:23 9 96.33875 96.57125
2024_0412_10:09:24 2 95.75375 95.7575
2024_0412_10:09:26 4 94.9175 94.86625
2024_0412_10:09:52 7 96.12875 95.5875
2024_0412_10:09:57 10 96.15375 95.38
2024_0412_10:10:07 5 96.4825 96.4375
2024_0412_10:10:38 11 -0.13875 -0.4775
2024_0412_10:14:51 12 -16.4625 16.5925
2024_0412_10:14:52 13 21.48375 72.51875
2024_0412_10:14:53 11 72.4475 31.31125
2024_0412_10:14:53 13 11.02125 -10.94375
2024_0412_10:14:55 13 95.90125 96.07375
2024_0412_10:14:55 14 95.60875 97.13875
2024_0412_10:14:55 16 -0.72875 96.52625
2024_0412_10:14:56 15 -11.9025 39.16625
2024_0412_10:14:57 13 96.205 96.0275
2024_0412_10:14:58 17 0.1475 0.05375
2024_0412_10:14:58 18 95.805 96.04875
2024_0412_10:15:02 19 -0.4925 -0.47375
2024_0412_10:15:53 20 49.99625 -49.99125
2024_0412_10:16:00 20 96.96 96.72625
2024_0412_10:21:29 11 0.4425 -0.33625
2024_0412_10:21:31 5 96.205 96.4525
2024_0412_10:21:32 11 95.62375 95.38875
2024_0412_10:21:32 3 94.8525 95.19875
2024_0412_10:21:33 1 96.49125 96.4925
2024_0412_10:21:33 6 96.51875 96.3875
2024_0412_10:21:33 2 95.82625 96.08875
2024_0412_10:21:33 7 95.95375 95.99375
2024_0412_10:21:34 8 95.82375 96.10625
2024_0412_10:21:34 11 96.3425 97.34625
2024_0412_10:21:37 4 95.75875 95.065
2024_0412_10:21:38 10 95.8075 96.23
2024_0412_10:22:06 12 -0.375 0.12375
2024_0412_10:22:14 12 96.235 95.20875
2024_0412_10:22:21 11 0.44625 0.115
2024_0412_10:22:51 9 97.01 96.89125
2024_0412_10:27:00 13 -0.005 0.09
2024_0412_10:27:01 14 0.03625 0.0375
2024_0412_10:27:03 13 95.7675 95.765
2024_0412_10:27:04 13 47.97125 -0.8575
2024_0412_10:27:06 15 95.5975 95.4225
2024_0412_10:27:06 16 43.66875 8.3675
2024_0412_10:27:07 13 -42.99625 47.335
2024_0412_10:27:08 13 96.3525 96.38375
2024_0412_10:27:08 15 94.33125 95.28
2024_0412_10:27:10 16 -11.04625 64.3225
2024_0412_10:27:12 16 66.5325 85.94
2024_0412_10:27:14 17 47.5975 97.675
2024_0412_10:28:30 18 -1.37625 0.86125
2024_0412_10:28:33 18 -12.865 11.325
2024_0412_10:28:54 18 -72.32 72.14875
2024_0412_10:28:57 18 -0.755 -0.11125
2024_0412_10:32:29 18 2.50375 -2.4725
2024_0412_10:32:31 20 1.06 -0.17
2024_0412_10:32:31 19 48.06 -3.73
2024_0412_10:32:35 19 9.30875 -10.85625
2024_0412_10:32:35 18 -7.98375 44.93625
2024_0412_10:32:35 20 -0.14125 0.07625
2024_0412_10:32:37 20 -1.48375 1.94625
2024_0412_10:32:38 20 10.4 -4.73
2024_0412_10:38:09 11 -0.87 -0.19125
2024_0412_10:38:10 11 49.99625 49.99875
2024_0412_10:38:10 10 96.285 96.4075
2024_0412_10:38:11 7 95.88375 47.61
2024_0412_10:38:11 8 96.2675 95.05875
2024_0412_10:38:11 11 0.21375 0.08
2024_0412_10:38:12 6 96.38 96.4225
2024_0412_10:38:12 11 -0.5875 -0.4225
2024_0412_10:38:12 11 95.58 95.76125
2024_0412_10:38:13 1 96.58875 96.42875
2024_0412_10:38:13 9 96.90125 96.865
2024_0412_10:38:42 5 96.395 96.42125
2024_0412_10:38:47 3 95.53375 94.245
2024_0412_10:39:04 2 95.5675 95.70375
2024_0412_10:39:12 11 -0.10875 0.0725
2024_0412_10:40:58 11 -0.09625 -0.0075
2024_0412_10:43:38 11 -0.09 -0.62625
2024_0412_10:43:39 11 0.16625 -0.12375
2024_0412_10:43:42 11 95.56625 95.85875
2024_0412_10:43:42 12 -0.0875 -0.4
2024_0412_10:43:43 13 50.70625 -49.8575
2024_0412_10:43:43 12 -11.87 64.7775
2024_0412_10:43:43 12 95.00625 96.08125
2024_0412_10:43:44 12 96.3525 96.415
2024_0412_10:43:46 12 95.89375 94.88875
2024_0412_10:43:47 12 95.5625 95.5925
2024_0412_10:43:47 12 95.1075 95.47375
2024_0412_10:44:46 13 95.83625 96.0725
2024_0412_10:44:50 13 48.06 13.75875
2024_0412_10:45:31 13 0.23375 0.26
2024_0412_10:45:46 13 95.74 93.92625
2024_0412_10:46:31 13 -0.39625 -0.11875
2024_0412_10:49:11 13 0.305 -0.00625
2024_0412_10:49:12 14 0.12125 0.47625
2024_0412_10:49:13 13 96.47375 96.48375
2024_0412_10:49:13 13 38.82375 37.5325
2024_0412_10:49:15 13 1.90875 -0.07875
2024_0412_10:49:16 13 95.83375 95.88
2024_0412_10:49:16 14 0.5125 -0.02
2024_0412_10:49:18 14 -11.9875 12.35
2024_0412_10:49:18 14 0.2875 -0.1375
2024_0412_10:49:19 14 95.42 95.8125
2024_0412_10:49:23 14 96.4425 95.7825
2024_0412_10:50:47 14 0.24 -0.295
2024_0412_10:50:56 14 47.52 94.62625
2024_0412_10:52:04 14 1.41875 -1.55375
2024_0412_10:52:05 14 96.52375 96.1525
2024_0412_10:52:23 14 94.80625 93.05
2024_0412_10:54:41 14 0.33625 0.30875
2024_0412_10:54:45 14 0.05625 0.19875
2024_0412_10:54:49 14 95.2125 95.74375
2024_0412_10:54:49 15 -0.08625 -0.14875
2024_0412_10:54:53 15 -0.1625 -0.28125
2024_0412_10:54:54 15 3.87375 4.4075
2024_0412_10:54:55 15 47.47875 28.28375
2024_0412_10:54:57 15 -42.4575 50.24375
2024_0412_10:54:58 15 -0.03 0.3275
2024_0412_10:54:59 15 95.2825 93.92375
2024_0412_10:57:04 15 96.34375 96.39
2024_0412_10:57:08 15 0.3025 -0.34125
2024_0412_10:57:39 15 96.2725 95.64375
2024_0412_10:58:16 15 -0.27375 -0.21875
2024_0412_10:58:44 15 -0.54 0.1925
2024_0412_10:59:01 16 0.8375 -0.20375
2024_0412_11:00:14 16 57.245 75.49375
2024_0412_11:00:19 16 95.6275 95.70125
2024_0412_11:00:20 16 8.09 -8.09
2024_0412_11:00:22 16 16.44625 -16.8225
2024_0412_11:00:27 17 -80.005 79.64625
2024_0412_11:00:27 16 18.07 16.5425
2024_0412_11:00:28 17 -0.26125 0.09375
2024_0412_11:00:29 16 -4.1725 4.065
2024_0412_11:00:35 17 29.20375 33.6775
2024_0412_11:00:38 17 86.11125 65.935
2024_0412_11:03:12 17 -49.9975 99.9925
2024_0412_11:03:16 17 0.25125 -0.20625
2024_0412_11:03:36 17 -8.95375 8.66125
2024_0412_11:04:58 17 0.045 -0.11125
2024_0412_11:05:00 17 16.59 17.1475
2024_0412_11:05:44 18 -99.9875 49.98375
2024_0412_11:05:48 18 -50.0 -99.99875
2024_0412_11:05:53 18 47.81375 -1.1975
2024_0412_11:05:54 18 96.57 -50.48375
2024_0412_11:05:59 18 96.105 95.38375
2024_0412_11:06:01 19 25.12375 39.2275
2024_0412_11:06:04 18 40.92 -39.455
2024_0412_11:06:04 18 -22.9675 14.935
2024_0412_11:06:13 19 -39.1475 47.82625
2024_0412_11:06:16 19 39.66625 -2.55
2024_0412_11:08:43 20 2.75 86.60875
2024_0412_11:09:25 20 -0.335 -0.07
2024_0412_11:10:36 20 -12.48 12.23125
2024_0412_11:10:48 20 0.16 -0.55625
2024_0412_11:11:05 20 4.44375 -1.3925
2024_0412_11:11:05 20 -0.47125 -0.44
2024_0412_11:11:10 4 95.18 94.91
2024_0412_11:11:14 15 -0.345 -0.43625
2024_0412_11:11:18 17 9.8775 -3.0825
2024_0412_11:11:19 18 95.6375 95.38625
2024_0412_11:11:35 20 52.555 29.34375
2024_0412_11:17:04 7 95.9 95.8125
2024_0412_11:17:05 7 95.875 96.08625
2024_0412_11:17:06 11 0.3025 0.20125
2024_0412_11:17:07 8 95.1075 95.67375
2024_0412_11:17:07 5 96.54375 96.37875
2024_0412_11:17:08 6 96.50125 96.31
2024_0412_11:17:08 11 96.44 96.42625
2024_0412_11:17:09 10 95.825 95.94
2024_0412_11:17:09 1 96.45125 96.5275
2024_0412_11:17:10 9 96.80375 96.87625
2024_0412_11:17:10 11 0.03375 -0.12875
2024_0412_11:17:11 11 95.185 95.3875
2024_0412_11:17:42 3 95.965 95.73625
2024_0412_11:17:43 2 95.97125 96.21375
2024_0412_11:17:48 11 -0.47375 0.565
2024_0412_11:18:57 4 95.04375 95.715
2024_0412_11:22:31 11 -0.1 0.87375
2024_0412_11:22:33 12 -0.31625 0.1975
2024_0412_11:22:34 11 95.81625 96.04625
2024_0412_11:22:38 11 95.76 95.5775
2024_0412_11:22:38 12 96.19875 95.84375
2024_0412_11:22:38 12 95.6025 95.69625
2024_0412_11:22:38 11 16.665 9.6125
2024_0412_11:22:40 12 0.12125 0.52
2024_0412_11:22:40 12 -0.22125 0.565
2024_0412_11:22:40 13 59.99375 1.495
2024_0412_11:22:40 12 76.54625 76.5425
2024_0412_11:22:43 12 95.13 95.755
2024_0412_11:23:44 13 99.9975 99.9975
2024_0412_11:23:45 13 -0.37 -0.37625
2024_0412_11:24:13 13 95.78375 95.9075
2024_0412_11:27:02 13 97.45875 -88.4125
2024_0412_11:27:59 13 -0.25 -0.04125
2024_0412_11:28:04 13 96.84375 96.875
2024_0412_11:28:05 13 -0.045 -0.12125
2024_0412_11:28:07 13 0.0425 0.15375
2024_0412_11:28:09 13 -0.395 -0.26375
2024_0412_11:28:09 13 0.00125 0.3725
2024_0412_11:28:09 14 50.0 -50.0
2024_0412_11:28:12 14 96.69875 97.61
2024_0412_11:28:12 14 95.65875 95.62
2024_0412_11:28:12 13 17.48125 18.64375
2024_0412_11:28:13 14 95.19625 94.76875
2024_0412_11:28:14 14 -0.44875 -0.285
2024_0412_11:29:45 14 -0.5875 0.2575
2024_0412_11:29:46 14 -1.3225 72.6925
2024_0412_11:30:22 14 76.665 75.91625
2024_0412_11:33:29 14 0.14375 0.02
2024_0412_11:33:31 14 49.99625 -99.9925
2024_0412_11:33:37 15 0.01875 -0.085
2024_0412_11:33:38 14 96.1525 96.12625
2024_0412_11:33:41 14 95.6475 95.95625
2024_0412_11:33:42 15 0.0575 -0.0625
2024_0412_11:33:43 15 -77.09 78.36375
2024_0412_11:33:44 15 -39.69375 46.61125
2024_0412_11:33:44 15 0.4125 0.28625
2024_0412_11:33:44 15 -1.56875 1.40875
2024_0412_11:33:45 15 95.4 95.9075
2024_0412_11:33:46 15 -0.41375 -0.50125
2024_0412_11:33:50 15 95.69625 95.56625
2024_0412_11:35:46 15 -0.39625 0.33875
2024_0412_11:36:32 15 1.4125 0.3725
2024_0412_11:36:34 15 95.45125 95.74875
2024_0412_11:38:59 16 -0.32125 0.32
2024_0412_11:39:01 16 -10.10375 9.405
2024_0412_11:39:12 16 0.73375 -0.0175
2024_0412_11:39:12 16 0.215 -0.97625
2024_0412_11:39:12 16 0.15125 -0.19875
2024_0412_11:39:14 16 -49.99875 -99.9975
2024_0412_11:39:14 16 -0.78625 0.41
2024_0412_11:39:15 17 23.18625 73.1925
2024_0412_11:39:17 17 96.75125 96.87125
2024_0412_11:39:20 17 94.8625 95.38375
2024_0412_11:39:25 17 10.12 -10.005
2024_0412_11:41:02 16 14.4775 13.89625
2024_0412_11:41:50 17 2.7725 0.12125
2024_0412_11:42:37 17 0.24625 0.1175
2024_0412_11:42:46 17 96.4125 96.205
2024_0412_11:42:59 18 0.23625 0.9575
2024_0412_11:44:36 18 0.27 0.535
2024_0412_11:44:45 18 -12.68375 12.97875
2024_0412_11:44:46 18 95.93375 46.355
2024_0412_11:44:46 18 95.8425 96.2925
2024_0412_11:44:52 18 -5.835 5.72875
2024_0412_11:44:52 18 0.04375 -0.285
2024_0412_11:44:53 18 96.0225 95.7375
2024_0412_11:44:54 18 -0.21 -0.07375
2024_0412_11:44:55 19 0.05375 -0.17625
2024_0412_11:44:55 18 -0.46 -0.2375
2024_0412_11:46:35 18 -50.0 50.0
2024_0412_11:48:00 19 -0.5125 0.45375
2024_0412_11:48:05 19 12.9175 81.335
2024_0412_11:48:25 20 95.2025 94.32375
2024_0412_11:48:39 20 19.87875 -2.65875
2024_0412_11:48:49 20 -7.1475 71.915
2024_0412_11:50:10 20 0.0 0.0
2024_0412_11:50:11 20 2.115 48.17625
2024_0412_11:50:11 20 95.5425 48.0175
2024_0412_11:50:12 17 0.5475 -0.165
2024_0412_11:50:23 18 95.855 96.06625
2024_0412_11:55:53 7 90.94 95.49375
2024_0412_11:55:54 11 -0.0525 -0.085
2024_0412_11:55:55 11 -0.25625 0.39
2024_0412_11:55:55 5 96.38 96.39875
2024_0412_11:55:55 11 -0.41875 -0.38875
2024_0412_11:55:57 3 95.41125 95.70875
2024_0412_11:55:57 6 96.46875 96.46
2024_0412_11:55:57 2 95.6625 95.80125
2024_0412_11:55:58 11 0.57625 -0.5975
2024_0412_11:55:58 8 94.54125 95.955
2024_0412_11:55:58 4 95.765 95.86125
2024_0412_11:56:00 1 96.39875 96.47375
2024_0412_11:56:37 7 95.57 95.8275
2024_0412_11:56:51 9 96.79 96.885
2024_0412_11:58:00 10 96.38375 47.435
2024_0412_11:58:17 11 -99.99875 -49.9975
2024_0412_12:01:25 11 -0.69125 -0.05625
2024_0412_12:01:25 11 99.9975 -49.99875
2024_0412_12:01:26 11 96.6175 96.46125
2024_0412_12:01:26 11 95.28375 95.47
2024_0412_12:01:28 11 49.9975 99.995
2024_0412_12:01:29 11 97.0525 -21.90875
2024_0412_12:01:29 11 96.35 96.25125
2024_0412_12:01:30 11 -0.22875 -0.63125
2024_0412_12:01:31 11 95.92375 95.6825
2024_0412_12:01:31 11 1.90625 3.04375
2024_0412_12:01:33 11 96.46375 96.455
2024_0412_12:01:33 11 -0.3525 -0.2325
2024_0412_12:02:51 11 0.26625 -0.49625
2024_0412_12:03:07 11 95.45875 95.75625
2024_0412_12:05:39 12 96.48875 96.53625
2024_0412_12:06:30 12 98.12 45.9075
2024_0412_12:06:55 12 96.19125 96.31375
2024_0412_12:06:57 12 0.37625 -0.36
2024_0412_12:06:58 12 95.99625 95.85875
2024_0412_12:06:59 12 -0.06625 -0.20375
2024_0412_12:07:00 12 75.525 76.44625
2024_0412_12:07:00 12 95.35 95.9975
2024_0412_12:07:01 12 -0.3275 0.24125
2024_0412_12:07:02 12 95.415 95.25375
2024_0412_12:07:04 12 -0.31125 0.00625
2024_0412_12:07:05 12 95.42625 95.3925
2024_0412_12:07:07 12 96.23125 95.85875
2024_0412_12:07:08 12 0.49125 -0.32125
2024_0412_12:09:05 12 18.72625 18.255
2024_0412_12:09:21 12 -0.22125 0.27625
2024_0412_12:12:28 13 -0.09 0.085
2024_0412_12:12:31 13 95.7175 94.3025
2024_0412_12:12:32 13 95.39625 95.9275
2024_0412_12:12:33 13 97.27875 95.74125
2024_0412_12:12:34 13 0.0225 -0.0025
2024_0412_12:12:34 13 96.195 96.17
2024_0412_12:12:35 13 95.86 48.2675
2024_0412_12:12:37 13 95.56125 95.0875
2024_0412_12:12:38 13 93.58625 63.6975
2024_0412_12:12:38 13 94.8875 96.46875
2024_0412_12:12:41 13 -0.02 4.3125
2024_0412_12:12:45 13 -0.08 0.36125
2024_0412_12:13:21 13 5.08625 28.09375
2024_0412_12:15:21 13 96.57875 96.455
2024_0412_12:15:37 13 93.22375 95.435
2024_0412_12:15:57 13 -0.225 0.57
2024_0412_12:17:57 13 -0.1425 -0.17
2024_0412_12:18:01 13 0.33875 0.48125
2024_0412_12:18:01 13 49.9975 99.9925
2024_0412_12:18:02 13 -0.26875 0.185
2024_0412_12:18:06 13 0.20375 -0.3275
2024_0412_12:18:07 14 -0.775 0.585
2024_0412_12:18:09 13 95.8425 95.6625
2024_0412_12:18:09 13 93.99875 94.85375
2024_0412_12:18:09 14 35.96 33.63625
2024_0412_12:18:11 14 20.31875 -20.32375
2024_0412_12:18:19 14 -7.635 41.80375
2024_0412_12:18:20 14 95.46125 94.51625
2024_0412_12:21:11 14 95.48125 95.37625
2024_0412_12:21:53 14 77.315 76.9925
2024_0412_12:23:28 14 95.9775 96.09875
2024_0412_12:23:31 14 -99.9975 -49.99875
2024_0412_12:23:33 14 96.465 96.4225
2024_0412_12:23:34 14 72.38 22.23375
2024_0412_12:23:38 14 95.47625 95.61
2024_0412_12:23:39 14 -20.12125 19.58125
2024_0412_12:23:42 14 96.47375 95.88
2024_0412_12:23:43 14 96.35125 46.4125
2024_0412_12:23:44 14 21.44625 21.46875
2024_0412_12:23:46 14 15.1475 17.35375
2024_0412_12:23:49 14 42.555 -0.55875
2024_0412_12:23:50 14 49.99875 -99.9975
2024_0412_12:24:15 14 95.625 94.9025
2024_0412_12:25:28 14 12.36125 9.50375
2024_0412_12:27:33 14 -0.2075 -0.4575
2024_0412_12:29:01 15 0.10625 -0.1
2024_0412_12:29:02 14 96.42 96.31875
2024_0412_12:29:05 15 80.16625 80.03875
2024_0412_12:29:09 15 17.31125 16.4475
2024_0412_12:29:12 15 93.765 93.45
2024_0412_12:29:13 15 26.8875 -26.92
2024_0412_12:29:15 15 -93.66125 99.00625
2024_0412_12:29:17 15 96.46 96.7425
2024_0412_12:29:22 15 1.205 -0.79
2024_0412_12:29:24 15 95.1725 95.01625
2024_0412_12:29:27 15 0.26 -0.04
2024_0412_12:29:31 14 0.04875 -0.51625
2024_0412_12:29:44 15 0.165 0.22625
2024_0412_12:30:29 15 0.73 -0.365
2024_0412_12:33:35 15 -9.905 10.00125
2024_0412_12:33:47 15 47.9 -0.4
2024_0412_12:34:28 15 -0.67625 0.25625
2024_0412_12:34:30 15 -0.3975 0.14875
2024_0412_12:34:36 15 76.92625 76.99125
2024_0412_12:34:40 15 0.25875 0.3
2024_0412_12:34:45 15 0.06625 -0.15375
2024_0412_12:34:47 15 -0.125 0.06
2024_0412_12:34:47 15 -0.4225 42.84
2024_0412_12:34:53 15 95.86625 94.945
2024_0412_12:34:59 16 -0.1725 -0.76125
2024_0412_12:35:00 16 -9.19625 10.99875
2024_0412_12:35:01 15 96.85875 96.875
2024_0412_12:35:13 16 -1.325 0.6625
2024_0412_12:36:43 16 0.015 52.685
2024_0412_12:36:52 16 -0.3375 -0.68625
2024_0412_12:39:58 16 0.28875 0.7625
2024_0412_12:40:03 16 96.255 96.31625
2024_0412_12:40:03 16 96.76625 97.04
2024_0412_12:40:09 16 95.22875 95.17875
2024_0412_12:40:17 16 35.84125 46.0
2024_0412_12:40:17 16 0.24125 0.3775
2024_0412_12:40:20 16 32.895 47.105
2024_0412_12:40:22 16 -7.99875 7.99875
2024_0412_12:40:28 16 0.0475 -0.17
2024_0412_12:40:33 16 -0.1925 -0.02
2024_0412_12:40:38 17 -0.37 -0.62125
2024_0412_12:41:05 16 84.46125 16.31125
2024_0412_12:41:31 17 -0.03875 -0.39875
2024_0412_12:42:52 17 -25.9125 58.03625
2024_0412_12:42:56 17 63.86625 83.60375
2024_0412_12:45:00 17 76.52625 75.96875
2024_0412_12:45:28 17 0.6525 -0.03125
2024_0412_12:45:37 17 96.55 96.48625
2024_0412_12:45:39 17 43.4325 14.05125
2024_0412_12:45:50 17 1.58 -1.45125
2024_0412_12:45:50 17 97.035 -0.725
2024_0412_12:45:56 17 16.39 15.60125
2024_0412_12:46:04 17 0.89 1.07375
2024_0412_12:46:20 17 84.095 94.73625
2024_0412_12:46:37 17 15.695 16.13125
2024_0412_12:47:07 17 14.26875 -13.3675
2024_0412_12:48:15 18 95.2675 95.5
2024_0412_12:48:27 18 0.13125 -0.175
2024_0412_12:48:48 17 9.71 -1.02125
2024_0412_12:49:08 18 -0.19125 0.005
2024_0412_12:49:13 18 -0.0775 0.3975
2024_0412_12:51:04 18 -20.30625 20.24625
2024_0412_12:51:12 18 -7.64125 6.59125
2024_0412_12:51:21 18 11.9475 -12.0275
2024_0412_12:51:27 18 96.73625 96.67125
2024_0412_12:51:29 18 95.425 95.53625
2024_0412_12:51:45 18 0.7375 0.8775
2024_0412_12:52:04 18 -0.57375 -0.3125
2024_0412_12:52:40 18 1.8525 -0.29625
2024_0412_12:52:45 18 -49.5 49.6925
2024_0412_12:52:55 18 94.68125 95.245
2024_0412_12:53:25 18 27.69 -27.8325
2024_0412_12:54:03 18 0.4725 -0.44125
2024_0412_12:54:11 18 -49.99875 99.9975
2024_0412_12:54:57 18 -9.84875 10.0075
2024_0412_12:55:02 18 96.82375 96.805
2024_0412_12:55:39 18 -36.305 15.04875
2024_0412_12:57:10 18 -0.08375 -0.11125
2024_0412_12:57:20 18 0.29 0.4825
2024_0412_12:57:22 18 79.3 42.405
2024_0412_12:57:34 19 -0.08375 -0.76125
2024_0412_12:57:58 19 20.08 -19.99625
2024_0412_12:58:42 19 94.34 95.51375
2024_0412_12:58:58 19 -26.7275 49.29875
2024_0412_12:59:01 19 98.51875 -34.13125
2024_0412_12:59:26 20 43.56875 53.71
2024_0412_12:59:50 19 48.13625 48.315
2024_0412_13:00:03 20 0.73125 0.7575
2024_0412_13:00:12 20 81.105 66.0675
2024_0412_13:00:53 20 7.92625 -8.4575
2024_0412_13:01:02 20 73.06 5.91
2024_0412_13:02:02 20 0.0125 0.56
2024_0412_13:02:37 20 95.49 95.56375
2024_0412_13:03:03 20 -14.485 15.5025
2024_0412_13:03:20 20 4.73 0.97125
2024_0412_13:03:21 20 76.195 75.93375
2024_0412_13:03:26 20 -0.21625 -0.01375
2024_0412_13:03:57 20 -0.00875 0.3175
2024_0412_13:04:35 20 -0.54125 49.11375
2024_0412_13:05:11 14 93.5725 13.79375
2024_0412_13:05:14 16 -2.43875 49.4475
2024_0412_13:05:54 17 9.775 -9.84625
2024_0412_13:05:55 17 1.04125 -0.40125
2024_0412_13:06:04 15 22.0375 72.2275
2024_0412_13:06:34 17 14.3675 -13.7125
2024_0412_13:06:43 17 95.65375 95.73125
2024_0412_13:06:46 17 15.4175 -9.03
2024_0412_13:08:09 18 95.91625 93.2675
2024_0412_13:08:11 18 95.37625 95.6
2024_0412_13:14:03 4 94.975 95.605
2024_0412_13:14:03 6 96.50125 96.3875
2024_0412_13:14:03 11 95.30875 95.73625
2024_0412_13:14:04 11 -0.22875 0.2375
2024_0412_13:14:04 8 95.925 96.10375
2024_0412_13:14:04 5 96.44875 96.4175
2024_0412_13:14:05 7 95.67375 95.4925
2024_0412_13:14:05 11 0.3625 -0.135
2024_0412_13:14:05 11 -0.3975 0.035
2024_0412_13:14:08 3 95.96 95.83125
2024_0412_13:14:08 1 96.43875 96.44
2024_0412_13:14:09 9 96.76375 96.89
2024_0412_13:14:18 7 95.6175 95.43125
2024_0412_13:14:20 2 95.2375 95.85625
2024_0412_13:15:14 10 95.99375 96.2525
2024_0412_13:15:30 10 96.045 95.405
2024_0412_13:19:49 11 95.8825 95.74875
2024_0412_13:19:51 11 -0.58125 0.34
2024_0412_13:19:51 11 -0.3725 0.00375
2024_0412_13:19:52 11 0.035 0.155
2024_0412_13:19:52 11 -0.29 0.2175
2024_0412_13:19:52 11 95.13125 95.7
2024_0412_13:19:54 11 -0.12875 -0.40125
2024_0412_13:19:54 11 -99.9975 49.99875
2024_0412_13:19:56 11 0.1525 -0.57125
2024_0412_13:19:56 11 -1.18875 47.16625
2024_0412_13:19:56 11 -0.28125 -0.26875
2024_0412_13:19:57 11 95.41 95.69625
2024_0412_13:20:39 11 -0.36125 -0.13
2024_0412_13:20:46 11 96.21375 95.9225
2024_0412_13:22:08 11 -21.84875 96.6375
2024_0412_13:22:41 12 96.07875 96.18875
2024_0412_13:25:39 12 96.40625 96.27125
2024_0412_13:25:40 12 94.5 47.56875
2024_0412_13:25:42 12 0.43125 -0.28875
2024_0412_13:25:44 12 0.14625 0.2975
2024_0412_13:25:44 12 -22.24375 22.1975
2024_0412_13:25:45 12 0.3575 0.34875
2024_0412_13:25:46 12 95.8 95.5925
2024_0412_13:25:49 12 -0.2425 -0.32
2024_0412_13:25:50 12 47.57875 47.41875
2024_0412_13:25:51 12 49.37 49.01125
2024_0412_13:25:51 12 95.15875 95.48125
2024_0412_13:25:51 12 95.9675 95.47
2024_0412_13:26:51 12 0.00375 -0.0625
2024_0412_13:26:59 13 0.345 0.0
2024_0412_13:29:12 13 95.6225 95.43875
2024_0412_13:30:21 13 -0.5575 0.08125
2024_0412_13:31:23 13 -0.1 0.1875
2024_0412_13:31:25 13 0.26625 0.235
2024_0412_13:31:26 13 77.13125 76.97
2024_0412_13:31:33 13 49.9975 49.9975
2024_0412_13:31:34 13 34.40875 -3.18625
2024_0412_13:31:34 13 -0.29 0.475
2024_0412_13:31:35 13 99.9975 99.995
2024_0412_13:31:36 13 4.18375 4.3375
2024_0412_13:31:37 13 0.35875 0.20875
2024_0412_13:31:38 13 1.3075 -0.66875
2024_0412_13:31:38 13 0.365 0.75875
2024_0412_13:31:39 13 95.92125 95.17125
2024_0412_13:33:01 13 -0.0175 0.125
2024_0412_13:33:12 13 0.6125 -0.2125
2024_0412_13:36:12 13 0.36 0.57375
2024_0412_13:37:14 13 48.2175 48.17625
2024_0412_13:37:16 13 -0.34625 -0.38375
2024_0412_13:37:16 13 95.10625 92.61875
2024_0412_13:37:22 13 95.765 96.01375
2024_0412_13:37:25 13 8.7775 -10.01
2024_0412_13:37:25 14 -0.16375 -0.61375
2024_0412_13:37:25 13 95.5925 95.89125
2024_0412_13:37:26 14 0.22875 0.045
2024_0412_13:37:27 14 0.4025 0.44
2024_0412_13:37:29 14 16.43875 15.89375
2024_0412_13:37:29 14 -2.69875 58.1425
2024_0412_13:37:31 14 33.61125 34.33625
2024_0412_13:37:31 14 23.8525 24.88875
2024_0412_13:39:17 14 95.915 95.85375
2024_0412_13:39:29 14 95.25375 95.005
2024_0412_13:43:01 14 0.3875 0.26
2024_0412_13:43:01 14 49.99875 99.9975
2024_0412_13:43:04 14 95.825 96.32125
2024_0412_13:43:06 14 47.57 47.86125
2024_0412_13:43:08 14 0.3325 0.36625
2024_0412_13:43:12 14 0.35875 -0.45
2024_0412_13:43:13 14 95.625 95.80875
2024_0412_13:43:15 14 -0.63625 0.33375
2024_0412_13:43:16 14 -0.30625 -0.63125
2024_0412_13:43:16 14 39.0125 -43.51
2024_0412_13:43:22 14 94.65875 95.80125
2024_0412_13:43:22 14 -21.35 21.38125
2024_0412_13:43:26 14 96.19875 96.325
2024_0412_13:44:57 14 -20.2025 19.94
2024_0412_13:45:27 14 0.31375 -0.07125
2024_0412_13:45:48 15 95.8775 95.19875
2024_0412_13:48:44 15 -0.48625 0.47625
2024_0412_13:48:53 15 0.105 -0.35375
2024_0412_13:48:56 15 95.59125 92.665
2024_0412_13:49:01 15 96.13125 94.51375
2024_0412_13:49:06 15 4.06875 -1.66875
2024_0412_13:49:07 15 42.055 41.99125
2024_0412_13:49:08 15 76.90625 76.82
2024_0412_13:49:14 15 0.19375 0.0775
2024_0412_13:49:15 15 0.31125 0.17875
2024_0412_13:49:16 15 76.7425 76.55
2024_0412_13:49:20 15 49.07 -43.31625
2024_0412_13:50:20 15 -0.17125 0.28125
2024_0412_13:51:37 15 95.39625 94.70375
2024_0412_13:51:57 15 0.7125 -0.15875
2024_0412_13:52:10 15 -0.05125 -0.7625
2024_0412_13:52:47 15 93.94125 93.8275
2024_0412_13:54:32 15 46.9725 95.27
2024_0412_13:54:46 15 0.0375 0.185
2024_0412_13:54:52 15 0.8925 17.295
2024_0412_13:54:53 15 64.09625 64.7
2024_0412_13:54:58 15 47.2925 46.50125
2024_0412_13:54:59 15 99.9975 99.9975
2024_0412_13:55:03 16 96.6225 96.305
2024_0412_13:55:08 16 -8.83 35.89875
2024_0412_13:55:08 16 -0.43375 -0.2175
2024_0412_13:55:08 16 0.26125 -1.11375
2024_0412_13:57:21 16 99.995 -49.99625
2024_0412_13:57:21 16 8.21 33.79875
2024_0412_13:57:43 16 -17.64375 91.22875
2024_0412_13:58:16 16 48.40625 48.26125
2024_0412_13:59:25 16 95.57125 95.6275
2024_0412_13:59:43 16 88.25375 71.11875
2024_0412_14:00:23 16 10.02 -16.4175
2024_0412_14:00:42 16 0.7225 -0.64375
2024_0412_14:00:44 17 0.25125 0.1775
2024_0412_14:00:49 16 95.4875 95.595
2024_0412_14:00:57 17 96.25375 95.0025
2024_0412_14:00:58 17 72.81875 73.35
2024_0412_14:01:01 17 -0.42125 -0.215
2024_0412_14:01:01 17 19.13875 19.0575
2024_0412_14:01:01 17 -0.53125 -0.1325
2024_0412_14:03:20 17 46.55 58.35
2024_0412_14:04:01 17 -0.22375 0.06625
2024_0412_14:05:41 17 32.775 45.56875
2024_0412_14:05:42 17 -0.33375 0.91
2024_0412_14:06:17 17 -0.53625 0.42375
2024_0412_14:06:28 17 32.73125 32.3425
2024_0412_14:06:31 17 2.76375 -3.07125
2024_0412_14:06:32 17 99.21 -2.5025
2024_0412_14:06:36 17 72.8 -3.3325
2024_0412_14:06:41 17 0.27625 -0.095
2024_0412_14:06:53 17 9.36625 -8.97875
2024_0412_14:06:53 17 99.30375 -32.365
2024_0412_14:06:54 17 27.5525 47.1275
2024_0412_14:06:58 18 -8.0425 8.14625
2024_0412_14:07:07 18 47.44875 -43.005
2024_0412_14:09:12 18 -0.46875 0.2025
2024_0412_14:10:16 18 -21.045 22.64875
2024_0412_14:10:17 18 -37.46125 51.3025
2024_0412_14:11:39 18 34.6275 38.84375
2024_0412_14:12:07 18 49.9975 -100.0
2024_0412_14:12:22 18 -0.05125 0.4375
2024_0412_14:12:27 18 76.03625 76.17375
2024_0412_14:12:27 18 -99.995 99.9975
2024_0412_14:12:39 18 20.2225 21.1825
2024_0412_14:12:42 18 -0.5725 -0.1625
2024_0412_14:12:43 18 0.1875 0.1175
2024_0412_14:12:48 18 20.155 -19.155
2024_0412_14:12:50 18 -0.3225 -0.48875
2024_0412_14:12:54 18 76.30625 76.14
2024_0412_14:13:00 18 -0.685 -0.36875
2024_0412_14:13:30 18 0.395 -0.225
2024_0412_14:15:07 18 47.39875 48.20625
2024_0412_14:16:31 18 -2.93625 9.135
2024_0412_14:17:35 19 95.36375 94.09875
2024_0412_14:18:11 19 53.17375 53.0425
2024_0412_14:18:24 19 96.95875 94.2
2024_0412_14:18:25 18 95.21 95.3875
2024_0412_14:18:26 19 -7.92 33.6675
2024_0412_14:18:29 19 95.4675 95.82
2024_0412_14:18:37 19 -2.01 8.07
2024_0412_14:18:39 19 -2.43625 5.37125
2024_0412_14:18:42 19 0.33625 0.0475
2024_0412_14:18:46 19 25.065 -24.67
2024_0412_14:18:53 20 -99.9975 -99.9975
2024_0412_14:19:06 20 66.82375 87.27875
2024_0412_14:19:52 20 52.925 76.74125
2024_0412_14:20:15 19 -9.04375 26.26375
2024_0412_14:22:42 20 46.72375 48.2875
2024_0412_14:23:37 20 75.32125 74.99375
2024_0412_14:24:21 20 47.47875 93.70875
2024_0412_14:24:22 20 14.65375 16.7375
2024_0412_14:24:26 20 -0.66625 -0.22875
2024_0412_14:24:33 20 92.10125 91.58
2024_0412_14:24:35 20 8.79875 -10.07875
2024_0412_14:24:41 15 -1.2075 -0.31
2024_0412_14:24:46 16 96.715 96.6875
2024_0412_14:24:51 16 47.245 -0.8075
2024_0412_14:25:01 16 47.365 47.25
2024_0412_14:25:33 20 -0.0025 -0.09875
2024_0412_14:26:07 17 95.5025 95.35375
2024_0412_14:26:22 17 2.0275 -0.55875
2024_0412_14:26:27 18 0.68 -0.585
2024_0412_14:27:05 18 95.24 95.51
2024_0412_14:29:12 20 -53.055 74.6325
2024_0412_14:31:48 20 16.3525 16.32375
2024_0412_14:37:39 7 95.95 95.90375
2024_0412_14:37:43 8 96.18375 96.0175
2024_0412_14:37:43 2 96.02 95.9575
2024_0412_14:37:45 6 96.36375 96.5775
2024_0412_14:37:47 11 95.7225 47.5675
2024_0412_14:37:48 5 96.37125 96.22125
2024_0412_14:37:48 4 94.85 94.55625
2024_0412_14:37:48 3 95.0175 95.4875
2024_0412_14:37:49 1 96.2375 96.4425
2024_0412_14:37:50 7 95.91625 95.49625
2024_0412_14:37:50 11 96.37625 96.4175
2024_0412_14:37:50 10 96.38125 95.96
2024_0412_14:38:02 11 96.84625 96.66375
2024_0412_14:38:03 9 96.75125 96.08375
2024_0412_14:38:30 7 95.71875 95.735
2024_0412_14:39:45 10 96.50625 96.23625
2024_0412_14:43:30 11 95.82625 95.945
2024_0412_14:43:33 11 0.25875 -0.51125
2024_0412_14:43:34 11 -0.04 0.485
2024_0412_14:43:38 11 -0.2325 0.27875
2024_0412_14:43:41 11 -0.47625 0.34625
2024_0412_14:43:41 11 95.74625 94.9475
2024_0412_14:43:41 11 -0.76875 0.225
2024_0412_14:43:42 11 0.235 0.25875
2024_0412_14:43:44 11 -0.23125 -0.13
2024_0412_14:43:45 11 96.15875 96.07625
2024_0412_14:43:49 11 0.0 0.695
2024_0412_14:43:51 11 0.88 0.5125
2024_0412_14:44:13 11 95.82375 95.53875
2024_0412_14:44:15 11 95.78125 95.5725
2024_0412_14:45:52 11 23.835 22.725
2024_0412_14:46:53 11 95.7975 95.67625
2024_0412_14:49:25 11 95.985 95.5975
2024_0412_14:49:27 11 96.4375 96.34125
2024_0412_14:49:29 11 0.31875 0.81375
2024_0412_14:49:30 11 -0.4725 -0.115
2024_0412_14:49:33 11 -0.1075 0.325
2024_0412_14:49:35 11 96.05125 94.88875
2024_0412_14:49:35 11 0.23125 -0.01
2024_0412_14:49:36 11 -11.34 64.71125
2024_0412_14:49:43 12 0.4425 1.07125
2024_0412_14:49:43 12 0.205 -0.42375
2024_0412_14:49:45 12 95.6175 95.51
2024_0412_14:49:45 12 96.52 96.485
2024_0412_14:50:19 12 -0.29125 0.6375
2024_0412_14:50:25 12 -0.14875 -0.43625
2024_0412_14:52:57 12 94.69875 96.64875
2024_0412_14:53:45 12 -0.42 0.04375
2024_0412_14:55:20 12 -0.55 -0.08125
2024_0412_14:55:22 12 0.285 0.51
2024_0412_14:55:22 12 19.24375 19.2575
2024_0412_14:55:24 12 96.705 96.83375
2024_0412_14:55:24 12 0.155 -0.17375
2024_0412_14:55:27 12 -0.81875 0.85375
2024_0412_14:55:28 12 47.64875 96.02875
2024_0412_14:55:29 12 99.995 -99.995
2024_0412_14:55:35 12 0.17875 0.2475
2024_0412_14:55:38 12 96.3175 96.50375
2024_0412_14:55:39 12 95.29125 95.61875
2024_0412_14:55:46 12 0.36875 -0.01875
2024_0412_14:56:28 12 0.36375 -0.3325
2024_0412_14:56:31 12 -0.1675 0.02625
2024_0412_15:00:20 13 96.49375 96.51375
2024_0412_15:00:37 13 -0.38 0.25125
2024_0412_15:01:16 13 0.56625 0.3375
2024_0412_15:01:18 13 -0.2625 0.05125
2024_0412_15:01:19 13 96.03875 96.03125
2024_0412_15:01:20 13 47.77 95.5375
2024_0412_15:01:20 13 96.4 96.37375
2024_0412_15:01:20 13 99.9975 -49.99875
2024_0412_15:01:21 13 95.6975 95.43
2024_0412_15:01:24 13 96.47625 96.5925
2024_0412_15:01:32 13 0.32125 0.5275
2024_0412_15:01:33 13 -0.28875 -0.38375
2024_0412_15:01:34 13 49.99625 -49.99375
2024_0412_15:01:46 13 94.90875 95.50625
2024_0412_15:02:35 13 10.375 -10.48
2024_0412_15:03:28 13 76.77875 77.24375
2024_0412_15:06:44 13 94.70375 48.56125
2024_0412_15:07:06 13 99.995 49.99875
2024_0412_15:07:09 13 96.53125 96.385
2024_0412_15:07:10 13 0.0725 0.63
2024_0412_15:07:11 13 2.205 2.2075
2024_0412_15:07:15 13 -2.19 47.7575
2024_0412_15:07:15 13 94.84875 95.97375
2024_0412_15:07:16 13 95.1975 85.9675
2024_0412_15:07:20 13 49.0875 49.615
2024_0412_15:07:23 13 10.1825 -10.08125
2024_0412_15:07:26 13 0.13375 -0.58
2024_0412_15:07:34 13 76.82 76.8025
2024_0412_15:07:39 13 -0.47 0.105
2024_0412_15:07:40 13 -0.13125 -0.6
2024_0412_15:08:44 13 95.26375 95.0675
2024_0412_15:10:53 13 94.7925 95.65
2024_0412_15:12:50 13 -25.1825 24.89125
2024_0412_15:12:59 13 0.05875 0.32625
2024_0412_15:13:01 13 0.4875 0.24
2024_0412_15:13:03 14 49.99375 -49.99625
2024_0412_15:13:09 13 49.05125 49.17125
2024_0412_15:13:09 14 -0.0275 -0.3425
2024_0412_15:13:10 14 99.9925 -99.98
2024_0412_15:13:11 14 95.42125 95.44
2024_0412_15:13:14 14 -10.4975 10.0725
2024_0412_15:13:22 14 -0.61625 0.4775
2024_0412_15:13:24 14 -0.26 -0.6875
2024_0412_15:13:32 14 95.165 46.86125
2024_0412_15:13:41 14 77.31 77.1275
2024_0412_15:14:50 14 0.0425 0.3925
2024_0412_15:15:12 14 -13.685 13.04625
2024_0412_15:18:01 14 95.33 94.84125
2024_0412_15:18:50 14 95.51875 96.7575
2024_0412_15:18:56 14 -0.6225 -0.1375
2024_0412_15:19:00 14 96.235 96.18875
2024_0412_15:19:02 14 95.4025 95.73875
2024_0412_15:19:02 14 -0.3075 -0.655
2024_0412_15:19:03 14 15.38375 16.325
2024_0412_15:19:05 14 -0.28875 0.59375
2024_0412_15:19:06 14 95.62625 95.3625
2024_0412_15:19:17 14 0.15 -0.485
2024_0412_15:19:35 14 96.10625 96.31875
2024_0412_15:19:43 14 94.9675 94.77875
2024_0412_15:22:18 14 47.81875 47.8375
2024_0412_15:23:27 14 96.42 95.5775
2024_0412_15:23:58 14 -0.3725 -0.425
2024_0412_15:24:15 14 -0.40875 0.02625
2024_0412_15:24:44 14 96.54125 96.185
2024_0412_15:24:52 14 -0.02375 0.24
2024_0412_15:24:55 15 47.37125 46.68
2024_0412_15:24:57 14 95.69875 95.79125
2024_0412_15:24:58 15 -0.76125 -0.01625
2024_0412_15:25:01 15 0.02875 -0.4875
2024_0412_15:25:01 15 0.0175 0.00375
2024_0412_15:25:09 14 46.81375 28.00375
2024_0412_15:25:14 15 -0.09625 -0.3375
2024_0412_15:25:34 15 49.99625 -49.99875
2024_0412_15:25:41 15 95.2925 95.545
2024_0412_15:27:33 14 95.75 95.80625
2024_0412_15:29:25 15 50.0 -49.99875
2024_0412_15:30:06 15 -9.87125 9.6925
2024_0412_15:30:07 15 0.085 -0.23125
2024_0412_15:30:33 15 0.0075 -0.02375
2024_0412_15:30:45 15 -0.65 -0.27875
2024_0412_15:30:51 15 14.82625 48.09125
2024_0412_15:30:53 15 23.0325 55.74375
2024_0412_15:30:53 15 0.195 -0.115
2024_0412_15:30:56 15 0.0375 -0.11
2024_0412_15:30:58 15 0.24875 -0.33375
2024_0412_15:31:15 15 0.04125 -0.22
2024_0412_15:31:29 15 -0.1675 -0.12875
2024_0412_15:31:39 15 96.16625 89.2475
2024_0412_15:32:21 15 0.25875 -0.3225
2024_0412_15:33:53 15 94.7 95.7925
2024_0412_15:35:18 15 -0.13125 -0.3025
2024_0412_15:35:22 15 96.255 96.7525
2024_0412_15:36:15 15 0.1475 -0.1375
2024_0412_15:36:24 15 96.62125 95.85
2024_0412_15:36:36 15 0.29 -0.11875
2024_0412_15:36:43 15 18.9375 17.78
2024_0412_15:36:49 15 82.99375 69.16625
2024_0412_15:36:52 15 3.73625 2.00125
2024_0412_15:36:52 15 95.6725 96.0725
2024_0412_15:37:13 15 0.18125 2.035
2024_0412_15:37:32 15 87.025 95.7575
2024_0412_15:37:39 15 0.03375 -0.28125
2024_0412_15:39:39 16 -0.775 1.16125
2024_0412_15:40:47 16 95.69375 95.95375
2024_0412_15:41:06 16 95.6275 95.7775
2024_0412_15:41:16 16 15.8575 7.0
2024_0412_15:41:49 16 78.83375 91.79
2024_0412_15:41:53 16 0.075 0.51375
2024_0412_15:42:13 16 94.7625 95.68
2024_0412_15:42:29 16 95.33625 95.6275
2024_0412_15:42:37 16 85.78625 63.2675
2024_0412_15:42:43 16 96.475 96.4575
2024_0412_15:42:46 16 51.66125 -10.70125
2024_0412_15:42:47 16 95.1225 95.13125
2024_0412_15:43:07 16 0.36125 0.3725
2024_0412_15:43:27 16 -0.2925 -0.08875
2024_0412_15:43:38 16 94.15625 95.41375
2024_0412_15:45:53 16 23.23375 14.27375
2024_0412_15:46:43 16 39.6375 41.8375
2024_0412_15:47:10 16 -2.815 27.76375
2024_0412_15:47:11 16 10.0875 -9.98875
2024_0412_15:48:04 16 0.30875 0.445
2024_0412_15:48:21 16 96.23625 94.83625
2024_0412_15:48:37 16 96.34 96.24875
2024_0412_15:48:40 17 97.19625 -0.8925
2024_0412_15:48:41 17 27.37375 0.3275
2024_0412_15:48:41 17 7.50625 -7.545
2024_0412_15:48:42 16 96.12 95.625
2024_0412_15:49:03 17 15.54875 15.105
2024_0412_15:49:22 17 95.32 95.7525
2024_0412_15:49:26 16 94.7325 94.975
2024_0412_15:49:35 17 16.46625 -16.8675
2024_0412_15:49:36 16 -0.9475 1.72625
2024_0412_15:52:11 17 60.27875 -15.1275
2024_0412_15:52:36 17 10.0825 -9.8825
2024_0412_15:53:01 17 0.54375 0.48625
2024_0412_15:53:07 17 95.60875 95.64875
2024_0412_15:54:06 17 81.975 86.4575
2024_0412_15:54:19 17 48.13625 95.285
2024_0412_15:54:31 17 96.12 96.04375
2024_0412_15:54:35 17 -0.53 -0.39125
2024_0412_15:54:38 17 96.33875 95.80125
2024_0412_15:54:38 17 95.1775 95.90375
2024_0412_15:54:51 17 0.05125 -0.2425
2024_0412_15:55:01 17 0.31375 -0.6975
2024_0412_15:55:25 17 41.9575 43.83125
2024_0412_15:55:34 17 0.005 0.185
2024_0412_15:56:48 17 95.70875 95.77875
2024_0412_15:57:09 17 0.0775 0.21875
2024_0412_15:58:27 17 94.9325 95.575
2024_0412_15:58:30 17 -0.7375 -0.10125
2024_0412_15:58:53 17 -2.90625 5.585
2024_0412_15:59:04 17 93.24 96.175
2024_0412_16:00:02 17 -0.38375 0.235
2024_0412_16:00:15 17 96.17125 97.1075
2024_0412_16:00:25 17 96.26 96.3375
2024_0412_16:00:32 18 96.34125 96.56375
2024_0412_16:00:33 18 -9.92875 9.6775
2024_0412_16:00:34 18 0.325 -0.10875
2024_0412_16:01:00 18 47.2175 96.82625
2024_0412_16:01:05 18 0.415 -0.41625
2024_0412_16:01:24 18 -0.11125 0.5775
2024_0412_16:01:31 18 0.54625 1.4125
2024_0412_16:03:52 18 0.37125 3.33375
2024_0412_16:04:28 18 -9.86875 23.44375
2024_0412_16:04:42 18 95.6225 95.54
2024_0412_16:04:47 18 -0.17375 -0.1575
2024_0412_16:04:57 18 -33.6525 33.06625
2024_0412_16:05:09 18 3.65 -2.2825
2024_0412_16:05:55 18 81.11375 11.52625
2024_0412_16:06:09 18 8.0775 6.9175
2024_0412_16:06:25 18 0.06625 0.26125
2024_0412_16:06:27 18 96.1925 96.80125
2024_0412_16:06:28 18 96.32875 95.16625
2024_0412_16:06:29 18 -0.01625 0.05375
2024_0412_16:06:53 18 0.51375 2.21375
2024_0412_16:07:19 18 96.56875 96.57875
2024_0412_16:07:22 18 95.485 96.0875
2024_0412_16:07:27 18 22.99875 14.13625
2024_0412_16:10:24 18 -1.02125 -0.885
2024_0412_16:10:42 18 -0.23875 -0.41125
2024_0412_16:10:55 18 95.48375 95.77125
2024_0412_16:10:56 18 94.14625 95.24625
2024_0412_16:10:59 18 95.36 95.42
2024_0412_16:11:49 18 -15.4975 14.8375
2024_0412_16:12:08 18 -11.64875 76.5675
2024_0412_16:12:15 18 99.9975 -49.99875
2024_0412_16:12:15 18 0.0975 -0.99375
2024_0412_16:12:20 18 43.735 -43.3425
2024_0412_16:12:27 18 96.5725 96.53375
2024_0412_16:12:57 19 0.27625 -0.3925
2024_0412_16:13:06 18 96.43375 96.3875
2024_0412_16:13:18 19 9.72375 -9.76875
2024_0412_16:13:22 19 51.1075 69.10625
2024_0412_16:13:33 19 87.62125 -4.8125
2024_0412_16:16:24 19 57.92625 69.22
2024_0412_16:16:35 19 95.505 46.4
2024_0412_16:16:51 19 58.30875 -58.32125
2024_0412_16:17:12 19 47.05625 4.70125
2024_0412_16:17:40 19 -1.29375 1.29125
2024_0412_16:17:59 19 99.9975 99.9975
2024_0412_16:18:07 19 16.4825 -16.6275
2024_0412_16:18:16 19 58.83125 3.28125
2024_0412_16:18:18 19 -99.995 99.9975
2024_0412_16:18:32 19 0.31 0.29
2024_0412_16:18:40 19 -49.9975 49.9975
2024_0412_16:18:50 19 -49.8275 50.075
2024_0412_16:19:12 19 95.51 94.7375
2024_0412_16:19:15 19 -0.07 0.19625
2024_0412_16:19:48 20 -0.7275 0.3275
2024_0412_16:20:58 19 79.825 -79.8225
2024_0412_16:22:20 20 95.435 46.555
2024_0412_16:22:24 20 -8.42875 8.17375
2024_0412_16:22:51 20 -0.1325 -0.1125
2024_0412_16:23:31 20 95.7375 95.27
2024_0412_16:23:34 20 96.4525 96.3625
2024_0412_16:23:51 20 11.5625 12.00375
2024_0412_16:24:01 20 95.12125 91.2
2024_0412_16:24:38 20 20.6975 30.95625
2024_0412_16:24:45 20 0.11875 0.3975
2024_0412_16:25:08 20 95.72875 95.86125
2024_0412_16:25:10 20 96.3525 96.37
2024_0412_16:25:49 20 12.8225 -12.0125
2024_0412_16:26:03 20 -1.5275 -0.5675
2024_0412_16:26:20 20 -0.1325 0.3425
2024_0412_16:28:00 20 0.92625 -0.16375
2024_0412_16:28:09 20 -0.06125 -0.57375
2024_0412_16:28:14 20 -0.32375 -0.32375
2024_0412_16:28:30 20 47.35125 -0.41875
2024_0412_16:28:35 14 16.2 16.135
2024_0412_16:29:19 14 -0.54125 0.39625
2024_0412_16:29:37 15 96.03375 96.525
2024_0412_16:29:39 14 47.5525 48.0175
2024_0412_16:29:48 15 14.17 15.41125
2024_0412_16:30:22 15 42.22625 11.2725
2024_0412_16:30:31 16 16.57 15.89375
2024_0412_16:30:57 20 45.34 97.665
2024_0412_16:38:51 20 95.9 95.1925
2024_0412_16:44:42 2 95.78125 95.96625
2024_0412_16:44:43 7 95.83 95.6625
2024_0412_16:44:43 7 95.83375 95.33875
2024_0412_16:44:43 7 95.46875 95.8075
2024_0412_16:44:44 7 95.05625 95.52375
2024_0412_16:44:45 7 95.7675 95.29125
2024_0412_16:44:45 7 95.67375 95.67
2024_0412_16:44:46 2 95.3375 95.4125
2024_0412_16:44:47 1 96.3775 96.36125
2024_0412_16:44:48 7 95.695 95.7475
2024_0412_16:44:51 4 95.0225 95.51375
2024_0412_16:45:03 7 95.90875 95.7675
2024_0412_16:45:04 7 95.7625 96.19
2024_0412_16:46:13 6 96.5025 96.42875
2024_0412_16:47:19 3 95.0425 95.61875
2024_0412_16:49:06 7 95.8325 95.965
2024_0412_16:50:30 8 95.4325 95.905
2024_0412_16:50:34 9 96.58875 96.76625
2024_0412_16:50:34 10 96.26625 95.1225
2024_0412_16:50:37 10 96.4875 96.21
2024_0412_16:50:38 10 95.845 96.1225
2024_0412_16:50:39 11 96.33375 96.42
2024_0412_16:50:39 10 96.1725 95.64625
2024_0412_16:50:40 11 0.055 -0.51875
2024_0412_16:50:41 11 -0.0425 -0.0925
2024_0412_16:50:42 10 95.75375 96.08625
2024_0412_16:51:12 11 96.2675 96.49625
2024_0412_16:51:38 11 96.3425 96.38
2024_0412_16:53:21 11 -0.57875 -0.22
2024_0412_16:53:28 11 -99.9975 99.995
2024_0412_16:54:22 11 -49.9975 49.99875
2024_0412_16:54:56 11 95.41875 96.10875
2024_0412_16:56:18 11 -0.15875 -0.05
2024_0412_16:56:21 11 -0.0775 -0.17
2024_0412_16:56:21 11 -49.99875 99.9975
2024_0412_16:56:21 11 -0.14125 0.13125
2024_0412_16:56:26 11 96.4025 96.47875
2024_0412_16:56:26 11 -0.5775 -0.33375
2024_0412_16:56:29 11 -0.875 0.11875
2024_0412_16:56:29 11 95.47875 95.675
2024_0412_16:56:32 11 95.35875 95.24375
2024_0412_16:56:33 11 96.0175 95.90375
2024_0412_16:57:18 11 95.1475 95.1
2024_0412_16:57:24 11 0.59 -0.5325
2024_0412_16:59:38 11 96.62125 96.41375
2024_0412_16:59:51 11 0.015 0.07125
2024_0412_17:00:38 11 -0.1575 -0.16125
2024_0412_17:02:04 11 -0.4375 -0.21875
2024_0412_17:02:07 11 0.19875 0.33125
2024_0412_17:02:08 11 -0.45375 0.19
2024_0412_17:02:09 11 0.43125 -0.00375
2024_0412_17:02:14 11 95.39 95.97875
2024_0412_17:02:16 11 -0.24125 -0.42125
2024_0412_17:02:18 11 96.03875 95.85625
2024_0412_17:02:22 11 0.005 -0.1025
2024_0412_17:02:22 11 95.12375 95.27375
2024_0412_17:02:25 11 95.5625 95.72625
2024_0412_17:03:09 11 -0.03625 -0.19
2024_0412_17:03:18 11 49.41375 49.2575
2024_0412_17:03:26 11 96.51625 96.36625
2024_0412_17:05:46 11 -0.32375 -0.27125
2024_0412_17:06:21 11 -0.42 0.01625
2024_0412_17:06:49 11 0.02375 0.22625
2024_0412_17:07:51 11 49.99875 -99.9975
2024_0412_17:07:52 11 -0.3675 -0.29125
2024_0412_17:07:56 11 0.10125 0.18125
2024_0412_17:07:56 11 -0.20625 -0.335
2024_0412_17:08:02 11 95.42375 95.27875
2024_0412_17:08:05 11 0.31875 -0.08
2024_0412_17:08:08 11 -0.36375 -0.2425
2024_0412_17:08:13 11 0.2275 0.3
2024_0412_17:08:14 11 -0.2575 0.125
2024_0412_17:08:17 11 -0.34125 -0.17125
2024_0412_17:09:07 11 0.0175 -0.17875
2024_0412_17:09:32 11 48.49375 18.11875
2024_0412_17:11:51 11 0.625 -0.3225
2024_0412_17:12:08 11 99.995 99.995
2024_0412_17:12:11 11 95.64625 95.6475
2024_0412_17:13:36 11 -0.05875 0.275
2024_0412_17:13:40 11 96.0925 95.47375
2024_0412_17:13:41 11 -0.375 -0.31375
2024_0412_17:13:42 11 0.36625 -0.5675
2024_0412_17:13:52 11 95.10875 95.855
2024_0412_17:13:54 11 47.455 -0.75875
2024_0412_17:13:59 11 96.4825 96.42875
2024_0412_17:13:59 11 95.68 95.73
2024_0412_17:14:00 11 -50.0 -99.995
2024_0412_17:14:04 11 0.14 0.23375
2024_0412_17:14:12 11 0.44125 -0.455
2024_0412_17:14:56 11 95.715 95.2775
2024_0412_17:15:36 11 0.29625 -0.79125
2024_0412_17:17:55 11 -49.99875 99.9975
2024_0412_17:18:00 11 0.19 0.03125
2024_0412_17:18:51 11 95.675 95.41
2024_0412_17:19:23 11 -0.165 -0.03125
2024_0412_17:19:27 11 -0.47 0.315
2024_0412_17:19:27 11 0.62375 0.67875
2024_0412_17:19:34 11 0.58 0.50125
2024_0412_17:19:42 11 95.47875 95.83
2024_0412_17:19:45 11 -0.12875 -0.5725
2024_0412_17:19:46 11 -0.485 -0.32625
2024_0412_17:19:47 11 17.095 18.05625
2024_0412_17:19:49 11 -99.9975 -99.995
2024_0412_17:19:55 11 96.62 96.31125
2024_0412_17:20:43 11 0.13 0.2
2024_0412_17:21:40 11 -0.02125 -0.26125
2024_0412_17:22:50 11 0.675 0.10375
2024_0412_17:23:57 11 94.60625 95.09125
2024_0412_17:24:00 11 0.48375 -0.015
2024_0412_17:25:08 11 -0.3575 -0.6675
2024_0412_17:25:12 11 0.145 0.37125
2024_0412_17:25:13 11 0.63375 -0.26
2024_0412_17:25:16 11 95.795 95.65625
2024_0412_17:25:18 11 96.4025 96.34125
2024_0412_17:25:34 11 96.43125 97.225
2024_0412_17:25:37 11 -0.835 -0.44875
2024_0412_17:25:37 11 96.37 96.69
2024_0412_17:25:42 11 96.4575 96.47
2024_0412_17:25:45 11 96.37375 96.38
2024_0412_17:26:29 11 -0.49125 0.1875
2024_0412_17:27:45 11 -0.1425 0.21
2024_0412_17:29:22 11 94.9675 95.18
2024_0412_17:29:47 11 -0.5375 -0.05625
2024_0412_17:29:48 11 95.97625 95.51
2024_0412_17:30:09 11 -0.43375 0.01375
2024_0412_17:30:59 11 96.3875 96.40375
2024_0412_17:31:02 11 96.18 95.86625
2024_0412_17:31:03 11 -0.07875 -0.32625
2024_0412_17:31:05 11 95.825 96.08625
2024_0412_17:31:08 11 95.6175 94.82875
2024_0412_17:31:21 11 0.365 -0.33625
2024_0412_17:31:23 11 -0.56375 -0.44125
2024_0412_17:31:26 11 -0.58375 -0.21125
2024_0412_17:31:29 11 42.7875 18.01875
2024_0412_17:31:39 11 0.08375 -0.54125
2024_0412_17:32:16 11 -99.9975 49.99875
2024_0412_17:35:35 11 -99.99875 99.99875
2024_0412_17:35:37 11 -0.10625 0.54375
2024_0412_17:35:54 11 96.105 96.65
2024_0412_17:36:02 11 0.26125 0.52
2024_0412_17:36:50 11 -0.41125 -0.83625
2024_0412_17:36:55 11 95.61375 95.14125
2024_0412_17:36:56 11 -0.68 -0.02125
2024_0412_17:36:57 11 4.22 3.58
2024_0412_17:36:58 11 -0.10625 0.2375
2024_0412_17:37:06 11 -0.09375 0.54
2024_0412_17:37:06 11 99.9975 -49.99875
2024_0412_17:37:09 11 0.03875 0.36375
2024_0412_17:37:12 11 49.9975 -99.9925
2024_0412_17:37:22 11 95.37375 95.365
2024_0412_17:37:30 11 0.39 -0.005
2024_0412_17:38:03 11 0.5075 -0.28125
2024_0412_17:41:23 11 -0.12125 0.29125
2024_0412_17:41:43 11 -0.20375 0.02125
2024_0412_17:41:58 11 -0.16625 -0.505
2024_0412_17:42:39 11 95.59125 95.75125
2024_0412_17:42:42 11 0.49375 -0.1675
2024_0412_17:42:43 11 0.1 0.59375
2024_0412_17:42:46 11 1.8625 0.18
2024_0412_17:42:47 11 0.18375 0.305
2024_0412_17:42:57 12 95.36875 95.02
2024_0412_17:42:59 12 96.39125 96.59625
2024_0412_17:43:03 12 18.29125 17.44
2024_0412_17:43:20 12 96.23 96.42875
2024_0412_17:43:24 12 96.40875 96.28
2024_0412_17:43:48 12 0.3325 0.0325
2024_0412_17:44:01 11 0.81625 -0.1525
2024_0412_17:45:41 11 0.08 -0.04125
2024_0412_17:47:09 12 99.9975 99.995
2024_0412_17:47:46 12 99.9975 99.9975
2024_0412_17:48:02 12 -99.9975 49.99875
2024_0412_17:48:30 12 -0.525 0.19625
2024_0412_17:48:33 12 95.71375 95.47
2024_0412_17:48:34 12 -0.2675 0.03375
2024_0412_17:48:36 12 95.08375 95.78125
2024_0412_17:48:37 12 96.745 96.90625
2024_0412_17:48:46 12 54.00125 -0.76375
2024_0412_17:48:46 12 -2.67 47.5875
2024_0412_17:48:52 12 17.22375 9.58
2024_0412_17:49:10 12 -99.995 100.0
2024_0412_17:49:13 12 0.605 -0.90875
2024_0412_17:49:39 12 95.93 96.07
2024_0412_17:50:37 12 0.14875 -0.225
2024_0412_17:53:02 12 95.51125 95.65125
2024_0412_17:53:24 12 47.42875 95.66
2024_0412_17:53:51 12 96.2125 96.29
2024_0412_17:54:07 12 0.02875 -0.21
2024_0412_17:54:21 12 -0.11 -0.16125
2024_0412_17:54:22 12 0.1475 -0.38
2024_0412_17:54:27 12 0.28 0.11375
2024_0412_17:54:37 12 95.96 95.9275
2024_0412_17:54:43 12 95.715 95.65875
2024_0412_17:54:43 12 0.30875 0.4525
2024_0412_17:54:44 12 96.69375 96.735
2024_0412_17:55:05 12 -0.47125 -0.20625
2024_0412_17:55:31 12 -0.6875 -0.0275
2024_0412_17:55:56 12 96.8875 96.8625
2024_0412_17:56:28 12 0.81125 -0.475
2024_0412_17:57:00 12 -0.1075 -0.2825
2024_0412_17:58:51 12 -0.07125 -0.01625
2024_0412_17:59:15 12 95.90625 95.28125
2024_0412_17:59:57 12 5.3475 0.80125
2024_0412_18:00:10 12 0.1275 -0.36625
2024_0412_18:00:13 12 77.0675 77.365
2024_0412_18:00:17 12 0.3725 0.125
2024_0412_18:00:19 12 96.105 94.38375
2024_0412_18:00:28 12 47.34 95.76375
2024_0412_18:00:29 12 0.17 0.1775
2024_0412_18:00:34 12 95.87875 94.52125
2024_0412_18:00:36 12 95.6425 95.54875
2024_0412_18:00:59 12 96.895 97.71875
2024_0412_18:01:19 12 0.2 -0.65375
2024_0412_18:02:25 12 77.15875 77.455
2024_0412_18:04:21 12 95.12875 95.69375
2024_0412_18:04:44 12 96.2975 48.72125
2024_0412_18:05:08 12 96.5125 96.41
2024_0412_18:05:35 12 96.16125 96.50625
2024_0412_18:06:00 12 -1.91 72.31
2024_0412_18:06:03 12 0.47375 -0.62625
2024_0412_18:06:04 12 47.58625 47.8375
2024_0412_18:06:07 12 0.62125 -0.2375
2024_0412_18:06:11 12 0.15875 0.0025
2024_0412_18:06:20 12 0.13125 -0.4925
2024_0412_18:06:24 12 95.31875 95.815
2024_0412_18:06:30 12 95.93625 95.75625
2024_0412_18:06:31 12 95.3775 95.63125
2024_0412_18:06:51 12 -0.0525 -0.28
2024_0412_18:07:09 12 95.46 91.0475
2024_0412_18:08:18 12 0.355 -0.40625
2024_0412_18:10:33 12 -0.1425 0.48
2024_0412_18:11:00 12 96.37 96.335
2024_0412_18:11:44 12 0.39 -0.22125
2024_0412_18:11:55 12 95.6625 96.14375
2024_0412_18:11:55 12 -0.3525 0.44625
2024_0412_18:12:00 12 95.8925 94.79375
2024_0412_18:12:08 12 -0.00375 -0.14125
2024_0412_18:12:10 12 0.91 1.13875
2024_0412_18:12:14 12 -0.23375 0.0475
2024_0412_18:12:24 12 96.28375 96.65125
2024_0412_18:12:41 12 95.28875 95.46875
2024_0412_18:12:43 12 -0.385 0.085
2024_0412_18:13:01 12 95.33625 96.3025
2024_0412_18:13:10 12 96.3025 96.64375
2024_0412_18:13:31 12 23.5475 24.64
2024_0412_18:14:10 12 95.98125 96.06
2024_0412_18:16:19 12 0.0375 0.08
2024_0412_18:16:47 12 49.9975 49.9975
2024_0412_18:17:32 12 -0.4175 -0.245
2024_0412_18:17:44 12 96.29 96.42375
2024_0412_18:17:46 12 95.78875 95.20625
2024_0412_18:17:50 12 -0.31125 -0.1325
2024_0412_18:17:53 12 -99.9925 -99.99875
2024_0412_18:18:04 12 95.91375 95.3875
2024_0412_18:18:18 12 95.15375 95.695
2024_0412_18:18:19 12 95.845 93.0475
2024_0412_18:18:42 12 96.26375 96.155
2024_0412_18:18:49 12 -49.9975 -99.995
2024_0412_18:18:56 12 95.0675 94.79625
2024_0412_18:20:03 12 95.7625 97.62375
2024_0412_18:21:23 12 96.96875 96.85875
2024_0412_18:21:52 12 96.29 96.6625
2024_0412_18:22:07 12 96.09875 95.9925
2024_0412_18:22:41 12 -40.9475 48.73125
2024_0412_18:23:21 12 -55.52125 59.825
2024_0412_18:23:37 12 34.7625 -34.8075
2024_0412_18:23:38 12 95.185 95.88625
2024_0412_18:23:42 12 96.405 96.52375
2024_0412_18:23:45 12 50.08625 50.42875
2024_0412_18:23:55 12 72.25 88.73875
2024_0412_18:24:04 12 0.14 0.01625
2024_0412_18:24:25 12 -0.0225 -0.27875
2024_0412_18:24:37 12 96.43 96.5075
2024_0412_18:24:48 13 96.6025 96.5675
2024_0412_18:25:00 13 -2.02375 2.80625
2024_0412_18:25:58 13 11.0775 -10.63125
2024_0412_18:27:50 13 0.06375 -0.28625
2024_0412_18:28:22 13 0.77125 -0.67875
2024_0412_18:28:34 13 -8.215 39.80625
2024_0412_18:29:08 13 10.27625 -9.99625
2024_0412_18:29:19 13 -0.2725 -0.605
2024_0412_18:29:25 13 0.45125 0.1375
2024_0412_18:29:26 13 95.8825 95.73375
2024_0412_18:29:36 13 95.48125 95.53125
2024_0412_18:29:47 13 95.36875 96.37
2024_0412_18:30:00 13 96.29875 96.35875
2024_0412_18:30:25 13 0.825 0.05125
2024_0412_18:30:32 13 -0.0175 -0.44875
2024_0412_18:30:35 13 18.18375 17.55375
2024_0412_18:31:10 13 -50.205 50.05
2024_0412_18:31:52 13 47.16875 47.63375
2024_0412_18:32:32 13 97.68125 21.55
2024_0412_18:33:41 13 -0.365 -0.1225
2024_0412_18:34:15 13 47.39 47.62
2024_0412_18:35:03 13 -0.20875 -0.4875
2024_0412_18:35:15 13 0.20375 0.57125
2024_0412_18:35:29 13 95.5625 95.67125
2024_0412_18:35:29 13 2.0375 0.82875
2024_0412_18:35:33 13 22.41875 72.58
2024_0412_18:36:00 13 -0.5125 -0.1725
2024_0412_18:36:07 13 0.1725 -0.4425
2024_0412_18:36:17 13 0.285 0.34
2024_0412_18:36:17 13 -99.9975 -99.9975
2024_0412_18:36:25 13 47.46625 47.6575
2024_0412_18:36:42 13 0.32625 -0.3425
2024_0412_18:37:22 13 0.62375 -0.0775
2024_0412_18:37:48 13 -0.36125 0.34625
2024_0412_18:38:30 13 76.745 76.1475
2024_0412_18:39:35 13 -1.3875 95.73375
2024_0412_18:40:04 13 -0.57625 -0.51375
2024_0412_18:40:52 13 -0.03875 0.48375
2024_0412_18:41:08 13 0.05 0.0825
2024_0412_18:41:24 13 16.74125 16.65
2024_0412_18:41:25 13 96.02125 95.3025
2024_0412_18:41:48 13 -0.43625 -0.06
2024_0412_18:42:11 13 96.83125 96.95625
2024_0412_18:42:13 13 -99.9925 49.99625
2024_0412_18:42:27 13 -0.46 -0.53375
2024_0412_18:42:52 13 95.21875 94.9125
2024_0412_18:43:31 13 2.5275 -0.76875
2024_0412_18:43:37 13 -0.1975 -0.0975
2024_0412_18:43:56 13 96.595 96.7275
2024_0412_18:44:21 13 -2.345 48.50125
2024_0412_18:44:38 13 95.77125 95.44
2024_0412_18:45:20 13 0.1 -0.22125
2024_0412_18:45:51 13 0.59125 -0.12625
2024_0412_18:46:41 13 69.745 72.38875
2024_0412_18:46:54 13 -8.5325 8.36
2024_0412_18:47:12 13 0.12125 0.22125
2024_0412_18:47:18 13 95.5525 95.90875
2024_0412_18:47:39 13 1.11 0.09375
2024_0412_18:48:00 13 46.8225 47.38125
2024_0412_18:48:02 13 -49.99875 99.9975
2024_0412_18:48:15 13 3.01125 -1.795
2024_0412_18:49:01 13 96.3425 96.37
2024_0412_18:49:34 13 95.9175 95.575
2024_0412_18:49:45 13 46.7475 -42.355
2024_0412_18:50:10 13 0.78375 0.40625
2024_0412_18:51:11 13 -3.96 47.17125
2024_0412_18:51:37 13 -0.00125 0.245
2024_0412_18:52:11 13 -0.20625 -0.635
2024_0412_18:52:34 13 -9.78625 9.5925
2024_0412_18:52:41 13 1.27375 1.28
2024_0412_18:53:02 13 0.275 0.055
2024_0412_18:53:10 13 95.5725 96.5475
2024_0412_18:53:16 13 -99.99875 -99.995
2024_0412_18:53:27 13 -0.2375 0.5125
2024_0412_18:53:50 13 -10.425 10.4575
2024_0412_18:53:54 13 0.44625 0.11875
2024_0412_18:54:01 13 -0.265 0.14875
2024_0412_18:55:09 13 95.80625 96.0925
2024_0412_18:55:25 13 50.0 -99.9975
2024_0412_18:55:54 13 29.975 36.425
2024_0412_18:55:59 13 94.62125 95.34
2024_0412_18:57:00 13 96.23125 95.1325
2024_0412_18:57:22 13 96.33 96.5125
2024_0412_18:58:27 13 96.32375 96.2725
2024_0412_18:58:29 13 -0.3225 -0.345
2024_0412_18:58:55 13 -0.82625 47.92375
2024_0412_18:58:58 13 -0.25375 -0.21125
2024_0412_18:59:20 13 0.255 0.03125
2024_0412_18:59:40 13 95.855 94.81
2024_0412_18:59:43 13 -0.04375 0.63625
2024_0412_18:59:53 13 95.925 95.48375
2024_0412_19:01:02 13 -0.08125 -0.29625
2024_0412_19:01:16 13 -0.13875 -0.0975
2024_0412_19:01:16 13 0.0 -0.6525
2024_0412_19:01:20 13 -3.5775 32.76875
2024_0412_19:01:46 13 49.99875 -49.99875
2024_0412_19:02:05 13 0.0125 -0.57875
2024_0412_19:02:51 13 0.385 -0.995
2024_0412_19:03:11 13 0.16875 0.8125
2024_0412_19:04:16 13 0.0325 -0.345
2024_0412_19:04:20 13 93.69 95.88125
2024_0412_19:04:44 13 96.7025 96.57625
2024_0412_19:05:11 13 3.145 2.90625
2024_0412_19:05:32 13 0.1225 0.1125
2024_0412_19:07:25 13 16.5825 16.91375
2024_0412_19:07:37 13 97.63375 47.46125
2024_0412_19:08:16 13 -1.75125 48.6325
2024_0412_19:08:29 13 48.82375 96.06375
2024_0412_19:08:42 13 54.34625 17.53
2024_0412_19:08:46 13 47.11875 47.2375
2024_0412_19:09:01 13 96.195 96.25375
2024_0412_19:09:15 13 6.37375 36.235
2024_0412_19:09:20 13 -0.5725 -0.6975
2024_0412_19:10:11 13 96.09125 96.41125
2024_0412_19:10:12 13 95.615 95.39375
2024_0412_19:10:23 13 94.99625 96.27375
2024_0412_19:11:01 13 18.69 18.5225
2024_0412_19:11:22 13 0.8675 0.30375
2024_0412_19:11:54 13 95.7725 95.53
2024_0412_19:13:26 13 0.7175 -0.80375
2024_0412_19:13:33 13 47.78375 47.525
2024_0412_19:14:22 13 0.2 -0.63125
2024_0412_19:14:31 13 0.1825 0.665
2024_0412_19:14:33 13 97.24875 96.395
2024_0412_19:14:43 13 96.22375 95.10125
2024_0412_19:14:52 13 0.43125 0.035
2024_0412_19:15:04 13 0.49125 0.40875
2024_0412_19:15:11 13 0.48875 0.06375
2024_0412_19:15:34 13 -0.25375 -0.65875
2024_0412_19:16:01 13 -0.3775 -0.68625
2024_0412_19:16:02 13 0.04625 -0.595
2024_0412_19:16:58 13 0.355 -0.25875
2024_0412_19:17:15 13 0.245 0.0875
2024_0412_19:17:57 13 96.1 48.50875
2024_0412_19:19:18 13 0.5875 -0.39125
2024_0412_19:19:42 13 -3.56375 48.06375
2024_0412_19:19:44 13 -0.06375 0.0175
2024_0412_19:20:18 13 -0.18625 -0.39
2024_0412_19:20:28 13 96.2075 96.07375
2024_0412_19:20:41 13 95.015 89.77375
2024_0412_19:20:45 13 -0.59 -0.22125
2024_0412_19:20:58 13 92.11375 95.66375
2024_0412_19:21:02 13 -0.39625 0.4
2024_0412_19:21:06 13 -0.5425 -0.80375
2024_0412_19:21:53 13 52.4525 -52.6575
2024_0412_19:21:55 13 96.245 96.5475
2024_0412_19:21:59 13 0.23375 -0.04
2024_0412_19:22:55 13 95.99125 75.045
2024_0412_19:23:09 13 7.5725 28.8275
2024_0412_19:23:48 13 95.32875 95.1225
2024_0412_19:25:08 13 0.075 0.1825
2024_0412_19:25:54 13 97.13625 96.32125
2024_0412_19:26:09 13 96.17 93.29375
2024_0412_19:26:18 13 -1.29125 2.055
2024_0412_19:26:29 13 -0.16 -0.2775
2024_0412_19:26:30 13 -33.39125 33.23125
2024_0412_19:26:39 13 96.1075 95.80625
2024_0412_19:26:47 13 -0.3525 0.15125
2024_0412_19:26:59 13 0.295 46.62375
2024_0412_19:27:44 13 47.325 47.59125
2024_0412_19:27:48 13 96.4275 96.0325
2024_0412_19:28:11 13 75.6 76.605
2024_0412_19:28:50 13 14.125 14.20875
2024_0412_19:29:05 13 95.77375 96.31375
2024_0412_19:29:38 13 17.4075 17.3
2024_0412_19:30:34 13 -3.12875 -1.23625
2024_0412_19:31:01 13 0.19375 0.4175
2024_0412_19:32:00 13 0.0825 -0.23625
2024_0412_19:32:10 13 96.12375 95.95625
2024_0412_19:32:13 13 0.42625 0.29375
2024_0412_19:32:22 13 13.68875 31.56125
2024_0412_19:32:34 13 97.2925 96.29125
2024_0412_19:32:41 13 95.7875 95.7525
2024_0412_19:32:53 13 20.005 -20.53125
2024_0412_19:33:37 14 95.51375 95.27125
2024_0412_19:33:39 14 0.07875 0.455
2024_0412_19:33:39 13 22.53875 20.99625
2024_0412_19:34:22 14 94.8375 95.40625
2024_0412_19:34:45 14 -0.01625 0.24125
2024_0412_19:34:59 14 -0.13375 0.345
2024_0412_19:35:31 14 -12.6025 13.8475
2024_0412_19:37:19 14 96.4625 96.40875
2024_0412_19:37:53 14 0.2675 -0.49375
2024_0412_19:38:09 14 95.83375 95.905
2024_0412_19:38:13 14 -0.12375 -0.13375
2024_0412_19:38:28 14 0.365 -0.1925
2024_0412_19:38:40 14 -0.2675 0.0775
2024_0412_19:39:03 14 15.145 23.5825
2024_0412_19:39:25 14 -0.07625 -0.355
2024_0412_19:39:35 14 -0.17875 -0.2475
2024_0412_19:39:51 14 0.3725 66.50375
2024_0412_19:39:53 14 95.9425 95.4
2024_0412_19:39:58 14 99.995 -49.9975
2024_0412_19:40:21 14 95.66 95.22375
2024_0412_19:40:44 14 95.885 46.08875
2024_0412_19:40:56 14 96.52375 96.45
2024_0412_19:41:21 14 -0.30125 0.23125
2024_0412_19:43:45 14 0.49375 -0.31875
2024_0412_19:43:59 14 0.585 0.265
2024_0412_19:44:07 14 1.4575 2.14875
2024_0412_19:44:09 14 96.43625 95.85625
2024_0412_19:44:16 14 -49.9975 99.995
2024_0412_19:44:38 14 -0.6725 -0.5675
2024_0412_19:44:59 14 16.5675 14.41125
2024_0412_19:45:19 14 95.5175 95.72125
2024_0412_19:45:28 14 -0.75 45.94
2024_0412_19:46:00 14 0.44375 0.38625
2024_0412_19:46:18 14 96.12375 96.43625
2024_0412_19:46:21 14 66.58125 86.5
2024_0412_19:46:36 14 0.00625 -0.0025
2024_0412_19:46:45 14 8.4525 -7.57375
2024_0412_19:47:10 14 0.17125 -0.4925
2024_0412_19:49:10 14 -0.21625 0.12125
2024_0412_19:49:38 14 95.4675 46.84875
2024_0412_19:49:57 14 -0.06875 -0.1775
2024_0412_19:50:00 14 11.6375 11.61125
2024_0412_19:50:11 14 9.57375 -9.605
2024_0412_19:50:11 14 94.895 95.09625
2024_0412_19:50:27 14 -0.33875 0.05
2024_0412_19:50:57 14 95.85375 96.01125
2024_0412_19:51:06 14 0.0525 -0.105
2024_0412_19:51:22 14 10.16125 72.21375
2024_0412_19:52:06 14 0.00125 0.02375
2024_0412_19:52:06 14 -49.99875 -49.9975
2024_0412_19:52:30 14 89.32875 95.87625
2024_0412_19:52:33 14 -15.865 16.97625
2024_0412_19:52:58 14 -0.32125 -0.0975
2024_0412_19:55:15 14 96.34 96.37625
2024_0412_19:55:33 14 -10.1875 9.7775
2024_0412_19:55:55 14 96.63 95.22375
2024_0412_19:55:57 14 95.8625 95.94625
2024_0412_19:56:09 14 -10.035 9.91125
2024_0412_19:56:09 14 96.385 96.56375
2024_0412_19:56:22 14 96.245 47.19875
2024_0412_19:56:24 14 95.25125 96.9075
2024_0412_19:56:53 14 41.81125 41.69
2024_0412_19:57:05 14 96.165 96.005
2024_0412_19:57:20 14 95.9675 95.88125
2024_0412_19:58:11 14 93.1525 54.16125
2024_0412_19:58:20 14 -1.2975 -1.42
2024_0412_19:58:29 14 0.32 -0.2975
2024_0412_19:58:29 14 -0.42375 0.47
2024_0412_19:58:57 14 8.6275 17.81125
2024_0412_20:01:29 14 0.08875 0.02125
2024_0412_20:01:49 14 0.1625 -0.3525
2024_0412_20:01:55 14 47.2425 95.68375
2024_0412_20:02:11 14 -0.12 -0.39375
2024_0412_20:02:16 14 -0.275 0.03125
2024_0412_20:02:20 14 47.74625 53.97375
2024_0412_20:02:50 14 0.50875 0.22375
2024_0412_20:02:58 14 10.31 10.64375
2024_0412_20:03:15 14 1.03875 10.06625
2024_0412_20:03:18 14 95.4825 95.615
2024_0412_20:04:12 14 95.675 96.13125
2024_0412_20:04:21 14 -20.02 19.5925
2024_0412_20:04:27 14 0.745 0.7025
2024_0412_20:04:27 14 -0.02125 0.4175
2024_0412_20:04:40 14 94.835 96.22125
2024_0412_20:04:55 14 95.515 95.75125
2024_0412_20:07:22 14 96.4575 96.095
2024_0412_20:07:42 14 -0.5325 -0.56625
2024_0412_20:07:48 14 99.9975 -49.99875
2024_0412_20:08:01 14 -0.345 -0.06
2024_0412_20:08:11 14 0.1775 -0.18625
2024_0412_20:08:49 14 95.46625 95.13625
2024_0412_20:09:07 14 0.13875 -0.50875
2024_0412_20:09:13 14 -12.51375 20.92625
2024_0412_20:09:21 14 -0.2725 -0.15125
2024_0412_20:10:14 14 96.225 96.22125
2024_0412_20:10:16 14 96.2825 96.4
2024_0412_20:10:24 14 0.44375 0.07875
2024_0412_20:10:52 14 21.86 45.91
2024_0412_20:11:05 14 0.265 0.0
2024_0412_20:12:15 14 40.6875 96.26625
2024_0412_20:12:37 14 0.43 3.78375
2024_0412_20:13:21 14 95.5 95.945
2024_0412_20:13:42 14 46.30875 3.79625
2024_0412_20:13:49 14 45.495 44.4275
2024_0412_20:13:56 14 -38.87625 39.035
2024_0412_20:14:05 14 0.70375 -0.39125
2024_0412_20:14:47 14 0.1475 -0.04625
2024_0412_20:15:08 14 -0.21625 94.185
2024_0412_20:15:33 14 94.71125 95.10875
2024_0412_20:16:08 14 95.7225 95.0425
2024_0412_20:16:10 14 47.3925 2.8525
2024_0412_20:16:11 14 -0.2675 0.42875
2024_0412_20:16:22 14 0.4375 -0.96125
2024_0412_20:16:48 14 60.00375 -60.10125
2024_0412_20:18:10 14 -0.04375 0.51
2024_0412_20:18:47 14 76.54 76.48375
2024_0412_20:19:20 14 96.05125 95.4625
2024_0412_20:19:37 14 94.36375 95.66375
2024_0412_20:19:56 14 96.59375 34.28875
2024_0412_20:20:00 14 0.195 0.1975
2024_0412_20:20:35 14 96.01 47.045
2024_0412_20:20:45 14 0.31 0.11125
2024_0412_20:21:06 14 -0.03125 -0.3775
2024_0412_20:21:46 14 95.12375 95.2725
2024_0412_20:22:04 14 0.40125 -0.07
2024_0412_20:22:07 14 95.78625 95.8175
2024_0412_20:22:08 14 9.4975 18.37125
2024_0412_20:22:16 14 -0.00875 -0.0225
2024_0412_20:22:49 14 49.18875 96.3725
2024_0412_20:23:01 14 0.0475 0.19125
2024_0412_20:24:04 14 -1.42125 42.78
2024_0412_20:25:02 14 95.20375 48.5775
2024_0412_20:25:17 14 95.1725 95.06
2024_0412_20:25:34 14 16.79875 -16.3375
2024_0412_20:25:54 14 96.26125 96.295
2024_0412_20:25:55 14 96.56375 96.36375
2024_0412_20:26:44 14 97.06 96.45375
2024_0412_20:27:01 14 -0.45 -0.26625
2024_0412_20:27:58 14 -35.7775 35.58125
2024_0412_20:27:58 14 -2.415 50.46375
2024_0412_20:28:04 14 0.57125 0.24125
2024_0412_20:28:06 14 32.285 47.40125
2024_0412_20:28:08 14 95.58125 94.39125
2024_0412_20:28:44 14 2.0275 -0.0375
2024_0412_20:30:07 14 47.9975 47.57
2024_0412_20:30:14 14 47.59375 48.5075
2024_0412_20:30:35 14 95.03875 94.9225
2024_0412_20:31:12 14 95.595 95.02875
2024_0412_20:31:14 14 0.20125 0.27125
2024_0412_20:31:27 14 95.31625 94.31125
2024_0412_20:31:49 14 95.8 94.77375
2024_0412_20:31:51 14 47.8975 -1.54125
2024_0412_20:32:38 14 -33.3275 33.13
2024_0412_20:33:00 14 -0.4625 0.4025
2024_0412_20:33:52 14 49.57375 -1.47
2024_0412_20:34:01 14 99.9975 49.99875
2024_0412_20:34:02 14 95.805 95.99875
2024_0412_20:34:03 14 71.735 -4.68125
2024_0412_20:34:42 14 -0.05375 0.375
2024_0412_20:36:01 14 5.15125 42.5325
2024_0412_20:36:24 14 -8.6125 8.71
2024_0412_20:36:55 14 95.58625 96.1775
2024_0412_20:37:05 14 -0.155 0.11
2024_0412_20:37:25 14 95.3225 95.5925
2024_0412_20:37:42 14 -0.2375 0.31375
2024_0412_20:37:47 14 95.7925 94.74625
2024_0412_20:38:34 14 -0.28 0.28625
2024_0412_20:38:39 14 96.2675 95.9475
2024_0412_20:38:55 14 -0.4225 0.00875
2024_0412_20:39:45 14 0.83375 -0.14625
2024_0412_20:39:53 14 95.29 96.20375
2024_0412_20:39:59 14 96.61625 95.73875
2024_0412_20:40:01 14 -0.0925 -0.045
2024_0412_20:40:17 14 -9.57 10.495
2024_0412_20:40:42 15 28.6225 29.485
2024_0412_20:42:00 15 1.77125 2.06375
2024_0412_20:43:08 15 95.49875 96.21
2024_0412_20:43:10 15 95.5075 95.5475
2024_0412_20:43:22 15 31.57875 0.745
2024_0412_20:43:37 15 -0.4975 0.10125
2024_0412_20:44:05 15 94.3575 95.67
2024_0412_20:44:48 15 -0.0275 -0.09625
2024_0412_20:45:31 15 9.66625 -9.89875
2024_0412_20:45:42 15 96.1875 96.425
2024_0412_20:45:49 15 -0.07 -0.0175
2024_0412_20:45:56 15 94.6125 95.4475
2024_0412_20:45:59 15 95.77875 72.34625
2024_0412_20:46:07 15 -0.235 0.175
2024_0412_20:46:41 15 18.4475 19.025
2024_0412_20:47:58 15 48.865 -18.34375
2024_0412_20:48:20 15 20.8575 97.2425
2024_0412_20:49:07 15 12.6275 -13.00875
2024_0412_20:49:23 15 32.0725 -18.74375
2024_0412_20:49:27 15 0.84125 -6.22
2024_0412_20:49:38 15 95.91875 95.82125
2024_0412_20:50:15 15 -0.23875 -0.10625
2024_0412_20:50:21 15 95.84875 94.4225
2024_0412_20:50:50 15 0.84 -0.2925
2024_0412_20:51:25 15 -0.285 0.37375
2024_0412_20:51:42 15 94.63875 48.14
2024_0412_20:51:53 15 96.51 96.48875
2024_0412_20:51:59 15 6.03375 -6.565
2024_0412_20:51:59 15 85.66625 58.0225
2024_0412_20:52:48 15 95.1675 94.87625
2024_0412_20:53:17 15 97.16625 47.53125
2024_0412_20:54:02 15 96.46125 96.62625
2024_0412_20:54:26 15 -0.55125 0.5925
2024_0412_20:55:06 15 8.19375 -8.165
2024_0412_20:55:25 15 47.35125 94.92375
2024_0412_20:55:36 15 -8.35375 8.17875
2024_0412_20:56:33 15 -0.2425 -0.08625
2024_0412_20:56:48 15 0.15125 -0.3425
2024_0412_20:57:20 15 93.28625 97.145
2024_0412_20:57:46 15 95.76 95.3875
2024_0412_20:57:55 15 96.03875 96.1025
2024_0412_20:58:01 15 92.025 95.2625
2024_0412_20:58:05 15 95.515 94.92875
2024_0412_20:58:53 15 96.39 97.3275
2024_0412_20:59:56 15 97.36625 96.61375
2024_0412_20:59:57 15 21.78125 -8.09875
2024_0412_21:00:05 15 96.35375 96.45125
2024_0412_21:00:23 15 -0.1025 0.36625
2024_0412_21:00:51 15 95.80875 95.72625
2024_0412_21:01:12 15 -0.67375 5.1075
2024_0412_21:01:23 15 36.86875 36.76375
2024_0412_21:01:39 15 -3.21375 2.96125
2024_0412_21:02:48 15 17.79875 17.55375
2024_0412_21:02:50 15 76.055 75.54375
2024_0412_21:03:25 15 2.21125 -1.79875
2024_0412_21:03:49 15 -0.07 0.05375
2024_0412_21:03:58 15 95.39875 47.27375
2024_0412_21:04:10 15 95.6475 95.58375
2024_0412_21:04:11 15 2.025 6.54875
2024_0412_21:05:00 15 49.04 48.81
2024_0412_21:06:06 15 -0.94125 47.71625
2024_0412_21:06:16 15 -0.2425 0.055
2024_0412_21:06:40 15 96.55625 97.0175
2024_0412_21:07:13 15 -9.68375 10.45375
2024_0412_21:07:28 15 95.1675 48.19625
2024_0412_21:07:41 15 -0.39 -0.12875
2024_0412_21:08:49 15 23.52875 20.0925
2024_0412_21:09:01 15 0.14375 -0.13375
2024_0412_21:09:24 15 49.9975 -99.9975
2024_0412_21:09:53 15 95.8925 95.995
2024_0412_21:09:58 15 1.00125 -0.3525
2024_0412_21:10:14 15 -99.9875 99.99625
2024_0412_21:10:22 15 14.73125 14.7725
2024_0412_21:11:03 15 -0.165 -0.615
2024_0412_21:11:27 15 -0.00625 0.01375
2024_0412_21:12:18 15 -0.04625 -0.125
2024_0412_21:12:21 15 -1.4525 49.515
2024_0412_21:12:47 15 94.82 95.715
2024_0412_21:13:12 15 95.5425 95.785
2024_0412_21:13:31 15 42.78875 42.84375
2024_0412_21:13:46 15 46.87875 97.00125
2024_0412_21:14:51 15 48.13375 48.12875
2024_0412_21:15:17 15 96.3675 96.3425
2024_0412_21:15:26 15 -0.215 -0.2275
2024_0412_21:15:26 15 0.2375 0.265
2024_0412_21:15:56 15 96.06875 96.0225
2024_0412_21:15:59 15 -9.8575 9.89375
2024_0412_21:16:17 15 -49.9975 99.99625
2024_0412_21:17:07 15 -0.075 -0.01875
2024_0412_21:18:23 15 -12.98 46.635
2024_0412_21:18:30 15 95.62125 47.3775
2024_0412_21:18:42 15 0.545 0.38625
2024_0412_21:18:56 15 0.135 -0.3475
2024_0412_21:19:10 15 96.8025 96.82375
2024_0412_21:19:30 15 0.14125 -0.00375
2024_0412_21:19:48 15 11.58125 -11.555
2024_0412_21:20:10 15 96.26625 83.12
2024_0412_21:20:49 15 0.4325 0.1175
2024_0412_21:21:24 15 0.305 1.0125
2024_0412_21:21:25 15 95.57125 94.9275
2024_0412_21:21:31 15 96.50125 95.33125
2024_0412_21:21:56 15 0.4675 0.435
2024_0412_21:21:59 15 -0.6375 45.7
2024_0412_21:22:22 15 -0.5425 0.22625
2024_0412_21:23:10 15 76.54 76.33
2024_0412_21:24:19 15 -16.03 64.60625
2024_0412_21:24:56 15 49.9975 99.9975
2024_0412_21:25:05 15 43.06375 42.60125
2024_0412_21:25:19 15 2.13625 0.7475
2024_0412_21:25:23 15 47.305 95.52625
2024_0412_21:25:47 15 86.735 85.91125
2024_0412_21:25:49 15 0.33375 -0.15
2024_0412_21:26:45 15 99.9925 -99.9975
2024_0412_21:27:23 15 -0.03125 0.03125
2024_0412_21:27:28 15 98.74625 -31.36625
2024_0412_21:27:50 15 0.24375 -0.13375
2024_0412_21:27:56 15 -0.21375 0.545
2024_0412_21:28:02 15 95.3925 95.3075
2024_0412_21:28:26 15 95.0375 93.36625
2024_0412_21:29:07 15 1.1675 2.44625
2024_0412_21:29:54 15 -0.615 0.045
2024_0412_21:30:21 15 95.175 95.6425
2024_0412_21:31:06 15 50.58625 50.0625
2024_0412_21:31:36 15 95.47875 96.36625
2024_0412_21:31:45 15 -0.10875 -0.3225
2024_0412_21:31:50 15 2.21 2.915
2024_0412_21:32:39 15 82.10125 86.28875
2024_0412_21:32:45 15 2.5825 -2.31875
2024_0412_21:33:21 15 0.00375 0.0025
2024_0412_21:33:31 15 33.45125 -33.33
2024_0412_21:33:53 15 -16.72625 16.4375
2024_0412_21:34:03 15 27.63875 -27.24875
2024_0412_21:34:03 15 95.55375 94.9275
2024_0412_21:34:24 15 1.1825 -1.43875
2024_0412_21:34:49 15 96.0325 95.24875
2024_0412_21:35:06 15 96.755 95.9175
2024_0412_21:36:16 15 -11.1375 9.745
2024_0412_21:37:15 15 -0.385 -0.63375
2024_0412_21:37:42 15 -0.39875 -0.0575
2024_0412_21:37:46 15 -0.73875 0.32125
2024_0412_21:37:48 15 95.6125 95.7325
2024_0412_21:38:41 15 0.21625 0.03375
2024_0412_21:39:19 15 43.42625 95.92625
2024_0412_21:39:43 15 -0.205 0.00375
2024_0412_21:39:43 15 -9.61875 11.195
2024_0412_21:39:55 15 95.9925 94.87875
2024_0412_21:40:01 15 47.53125 -0.52
2024_0412_21:40:24 15 95.6275 94.7225
2024_0412_21:40:48 15 96.3625 96.21625
2024_0412_21:41:16 15 -0.46125 -0.5725
2024_0412_21:42:08 15 -0.29375 -0.2325
2024_0412_21:43:15 15 14.07625 14.785
2024_0412_21:43:39 15 -20.11125 20.53625
2024_0412_21:43:39 15 95.28625 95.73625
2024_0412_21:44:01 15 18.5775 19.32
2024_0412_21:44:03 15 -0.13 -0.39375
2024_0412_21:44:40 15 -0.1 -0.3975
2024_0412_21:45:17 15 -0.2275 -0.715
2024_0412_21:45:41 15 95.66 95.79125
2024_0412_21:45:53 15 0.27 0.25125
2024_0412_21:45:57 15 0.185 0.45125
2024_0412_21:46:21 15 95.63625 95.5425
2024_0412_21:46:24 15 4.1325 -4.02
2024_0412_21:46:47 15 96.245 96.23625
2024_0412_21:47:08 15 -0.38375 0.31625
2024_0412_21:47:59 15 99.9975 49.99875
2024_0412_21:49:13 15 2.965 -3.01
2024_0412_21:49:36 15 95.77875 95.48625
2024_0412_21:49:36 15 96.6825 95.73
2024_0412_21:50:15 15 0.72 0.0475
2024_0412_21:50:21 16 -0.20875 0.0675
2024_0412_21:50:24 15 -0.23625 0.48
2024_0412_21:50:37 16 19.5225 -19.4425
2024_0412_21:51:16 16 -0.16 -0.1525
2024_0412_21:51:40 16 -10.6775 10.3575
2024_0412_21:51:47 16 47.1275 0.68375
2024_0412_21:51:54 16 96.9675 96.7075
2024_0412_21:52:32 16 95.3225 96.04125
2024_0412_21:53:03 16 64.62125 -4.9525
2024_0412_21:53:18 16 19.67875 -18.465
2024_0412_21:53:54 16 17.055 -16.47375
2024_0412_21:55:14 16 85.94125 94.98375
2024_0412_21:55:32 16 93.0075 93.54125
2024_0412_21:55:33 16 94.87875 94.3625
2024_0412_21:56:18 16 0.5125 -0.18625
2024_0412_21:56:30 16 50.265 49.6575
2024_0412_21:56:36 16 97.35625 96.53625
2024_0412_21:56:51 16 16.655 -16.78875
2024_0412_21:57:12 16 63.17375 63.76625
2024_0412_21:57:15 16 0.15375 -0.26125
2024_0412_21:57:38 16 -0.23 0.5625
2024_0412_21:57:43 16 97.255 96.27625
2024_0412_21:57:49 16 0.23 0.25
2024_0412_21:58:34 16 46.975 95.9675
2024_0412_21:59:03 16 95.88875 95.2675
2024_0412_21:59:55 16 -0.34625 -0.04125
2024_0412_22:01:11 16 16.5825 -16.58625
2024_0412_22:01:27 16 16.71375 -16.83375
2024_0412_22:01:31 16 96.45625 96.31125
2024_0412_22:02:14 16 -29.33625 64.655
2024_0412_22:02:33 16 -6.9975 6.76
2024_0412_22:02:42 16 96.3425 95.08625
2024_0412_22:02:49 16 95.87625 95.90625
2024_0412_22:03:11 16 0.1575 -0.16125
2024_0412_22:03:26 16 0.05375 -0.185
2024_0412_22:03:36 16 0.08 -0.2225
2024_0412_22:03:46 16 7.37375 -9.50625
2024_0412_22:03:49 16 -0.0225 -0.06875
2024_0412_22:04:34 16 96.57 94.33
2024_0412_22:04:57 16 0.1475 0.1575
2024_0412_22:05:17 16 1.005 -0.31625
2024_0412_22:05:56 16 96.15125 54.29
2024_0412_22:07:13 16 17.67 17.3425
2024_0412_22:07:29 16 76.77125 76.5875
2024_0412_22:07:43 16 0.005 0.09625
2024_0412_22:08:13 16 96.38 96.39625
2024_0412_22:08:32 16 -0.575 29.99875
2024_0412_22:08:56 16 94.07375 95.6375
2024_0412_22:08:59 16 0.14375 1.55625
2024_0412_22:09:07 16 0.7825 0.3425
2024_0412_22:09:34 16 76.97875 76.87375
2024_0412_22:09:39 16 95.85 94.96375
2024_0412_22:09:43 16 95.9325 95.88375
2024_0412_22:09:49 16 -0.14625 0.26
2024_0412_22:10:34 16 -0.0925 -0.21
2024_0412_22:10:51 16 96.77875 96.0775
2024_0412_22:11:56 16 79.8825 44.38
2024_0412_22:13:14 16 96.0775 95.33625
2024_0412_22:13:25 16 96.0725 95.9575
2024_0412_22:14:10 16 40.0975 89.24375
2024_0412_22:14:22 16 69.60875 53.41375
2024_0412_22:14:25 16 -0.2725 0.2725
2024_0412_22:14:57 16 44.9875 13.55875
2024_0412_22:15:03 16 47.10875 96.915
2024_0412_22:15:06 16 -0.3075 0.7425
2024_0412_22:15:30 16 96.8075 96.755
2024_0412_22:15:39 16 25.0 -22.96125
2024_0412_22:15:47 16 31.785 32.20875
2024_0412_22:15:47 16 -9.92125 9.9825
2024_0412_22:15:48 16 37.75625 -15.4175
2024_0412_22:16:36 16 96.41 96.22125
2024_0412_22:17:56 16 96.16375 96.46
2024_0412_22:19:13 16 95.2725 92.885
2024_0412_22:19:25 16 46.44 96.91375
2024_0412_22:19:35 16 97.2175 96.43
2024_0412_22:20:08 16 0.13375 -0.69125
2024_0412_22:20:22 16 -3.23875 27.79
2024_0412_22:20:57 16 -0.4225 0.09125
2024_0412_22:20:58 16 95.56125 93.16625
2024_0412_22:21:04 16 97.37125 96.415
2024_0412_22:21:19 16 95.4825 96.2825
2024_0412_22:21:35 16 96.33375 96.4825
2024_0412_22:21:38 16 9.975 -10.1325
2024_0412_22:21:45 16 0.29125 -0.7375
2024_0412_22:22:20 16 -0.19375 0.11875
2024_0412_22:23:47 16 -0.3875 -0.18375
2024_0412_22:24:07 16 49.99875 99.9975
2024_0412_22:25:11 16 -0.10875 -0.1475
2024_0412_22:25:37 16 95.3875 94.28375
2024_0412_22:26:21 16 -9.16875 8.2775
2024_0412_22:26:57 16 -15.825 16.5775
2024_0412_22:27:06 16 94.9575 95.51875
2024_0412_22:27:14 16 74.62625 43.16
2024_0412_22:27:31 16 99.995 -49.99875
2024_0412_22:27:32 16 96.62375 96.8025
2024_0412_22:27:36 16 27.65 28.09875
2024_0412_22:27:39 16 1.8575 -0.595
2024_0412_22:27:52 16 95.13 95.87875
2024_0412_22:29:14 16 61.93875 61.5825
2024_0412_22:29:44 16 1.75 -0.0575
2024_0412_22:30:16 16 14.025 14.01125
2024_0412_22:31:13 16 17.66125 -1.05625
2024_0412_22:31:17 16 -49.99875 49.99875
2024_0412_22:31:35 16 0.12 -0.15875
2024_0412_22:32:20 16 18.7225 18.0675
2024_0412_22:32:37 16 0.26125 0.7325
2024_0412_22:33:08 16 48.75625 95.43875
2024_0412_22:33:20 16 1.68 0.58375
2024_0412_22:33:32 16 95.69125 96.03625
2024_0412_22:33:44 16 38.69375 -35.7125
2024_0412_22:33:47 16 0.275 46.06375
2024_0412_22:33:57 16 96.54625 96.3325
2024_0412_22:35:13 16 79.58875 79.70875
2024_0412_22:35:40 16 49.79375 -5.8325
2024_0412_22:36:13 16 -49.99875 49.99875
2024_0412_22:37:07 16 -0.26 0.01625
2024_0412_22:37:09 16 -0.10625 -0.505
2024_0412_22:37:33 16 0.11375 -0.55875
2024_0412_22:37:36 16 -8.14375 44.6875
2024_0412_22:38:19 16 0.3525 0.38125
2024_0412_22:39:05 16 -0.17 0.2475
2024_0412_22:39:22 16 96.56125 96.4075
2024_0412_22:39:28 16 0.14 0.08
2024_0412_22:39:39 16 -0.40375 -0.05875
2024_0412_22:39:42 16 97.12125 96.23
2024_0412_22:40:01 16 95.2 95.55
2024_0412_22:41:10 16 76.15 76.56125
2024_0412_22:41:27 16 1.5 1.82125
2024_0412_22:41:35 16 -10.4175 9.9425
2024_0412_22:42:57 16 13.18375 -9.11
2024_0412_22:43:03 16 0.22125 -0.23875
2024_0412_22:43:08 16 -0.39125 -0.4775
2024_0412_22:43:31 17 0.3525 0.22625
2024_0412_22:43:36 17 -20.0025 45.635
2024_0412_22:44:25 17 95.535 94.62
2024_0412_22:44:41 16 0.255 -0.34125
2024_0412_22:45:09 17 96.02625 96.04375
2024_0412_22:45:24 17 85.42875 96.29125
2024_0412_22:45:24 17 26.43375 61.6725
2024_0412_22:45:42 17 60.5025 46.735
2024_0412_22:46:26 17 -0.605 -0.05125
2024_0412_22:46:32 17 -0.05625 -0.40625
2024_0412_22:47:14 17 0.2825 -0.1875
2024_0412_22:47:32 17 0.175 -0.24875
2024_0412_22:48:58 17 95.45875 95.7275
2024_0412_22:49:01 17 24.7625 24.02625
2024_0412_22:49:15 17 -0.0225 -0.12625
2024_0412_22:49:28 17 39.97 -40.04
2024_0412_22:49:39 17 96.36625 96.465
2024_0412_22:50:18 17 -0.13 -0.05375
2024_0412_22:50:50 17 14.00125 14.82
2024_0412_22:51:04 17 7.96625 1.6875
2024_0412_22:51:10 17 -0.045 0.00625
2024_0412_22:51:24 17 -0.47 -0.00625
2024_0412_22:51:25 17 95.9775 96.3025
2024_0412_22:51:45 17 47.5325 47.60875
2024_0412_22:52:43 17 -7.065 5.77875
2024_0412_22:53:12 17 0.53 0.21625
2024_0412_22:53:29 17 -49.455 50.29125
2024_0412_22:54:57 17 -12.185 64.28125
2024_0412_22:54:57 17 16.90375 61.5075
2024_0412_22:54:58 17 5.55625 22.44875
2024_0412_22:55:15 17 18.935 19.92375
2024_0412_22:55:27 17 39.85125 -39.96125
2024_0412_22:55:38 17 94.19375 94.595
2024_0412_22:56:16 17 56.69 85.6375
2024_0412_22:57:11 17 23.54625 15.215
2024_0412_22:57:12 17 95.2475 95.17
2024_0412_22:57:24 17 80.57625 80.6075
2024_0412_22:57:26 17 42.73 47.26875
2024_0412_22:57:46 17 96.44375 96.36625
2024_0412_22:59:00 17 -6.83 6.77875
2024_0412_22:59:10 17 94.9475 95.73125
2024_0412_22:59:27 17 -0.3475 -0.28375
2024_0412_22:59:28 17 74.97375 74.59875
2024_0412_23:00:45 17 -0.26125 -0.32375
2024_0412_23:01:06 17 93.98125 70.98375
2024_0412_23:01:12 17 95.53375 95.5225
2024_0412_23:01:23 17 -3.87 33.185
2024_0412_23:01:34 17 96.5075 96.37375
2024_0412_23:01:34 17 76.4175 76.32125
2024_0412_23:02:15 17 13.7425 -5.815
2024_0412_23:03:09 17 -0.60875 -0.3825
2024_0412_23:03:21 17 95.43875 96.17375
2024_0412_23:03:23 17 0.0575 -0.325
2024_0412_23:03:44 17 -9.315 44.335
2024_0412_23:05:09 17 72.22375 94.53875
2024_0412_23:05:19 17 30.82125 31.04625
2024_0412_23:05:21 17 9.97125 -9.9425
2024_0412_23:05:40 17 96.395 96.2225
2024_0412_23:06:36 17 3.085 -3.51875
2024_0412_23:07:00 17 0.3725 0.04875
2024_0412_23:07:08 17 74.57875 76.4725
2024_0412_23:07:21 17 19.8625 20.255
2024_0412_23:07:34 17 96.46125 96.3475
2024_0412_23:07:59 17 34.94875 95.96375
2024_0412_23:08:11 17 -100.0 100.0
2024_0412_23:09:07 17 48.145 96.38375
2024_0412_23:09:18 17 0.11 0.7825
2024_0412_23:09:20 17 96.10875 96.33375
2024_0412_23:09:43 17 26.12625 7.65125
2024_0412_23:11:05 17 0.22625 0.16375
2024_0412_23:12:11 17 -11.655 12.79875
2024_0412_23:12:39 17 94.44625 95.7525
2024_0412_23:13:01 17 12.84375 9.88125
2024_0412_23:13:02 17 77.07375 76.97875
2024_0412_23:13:06 17 39.6775 25.66
2024_0412_23:13:20 17 0.08375 0.5975
2024_0412_23:13:33 17 76.39 76.0875
2024_0412_23:14:08 17 0.90625 0.34625
2024_0412_23:14:09 17 1.53125 0.5975
2024_0412_23:15:03 17 -19.94625 20.55375
2024_0412_23:15:13 17 0.3425 0.35875
2024_0412_23:15:15 17 95.16375 88.9525
2024_0412_23:15:29 17 -0.24625 -0.13875
2024_0412_23:15:48 17 95.57 95.36625
2024_0412_23:17:00 17 93.175 96.12125
2024_0412_23:17:16 17 15.10375 15.77875
2024_0412_23:18:17 17 9.96125 -10.04
2024_0412_23:18:57 17 -8.61875 7.86
2024_0412_23:19:05 17 12.4225 -12.4575
2024_0412_23:19:19 17 -0.5025 0.66875
2024_0412_23:19:34 17 -9.64375 9.09125
2024_0412_23:19:34 17 96.3975 96.41875
2024_0412_23:20:00 17 0.555 1.05875
2024_0412_23:20:18 17 -5.49875 5.67625
2024_0412_23:20:56 17 0.1 -0.87
2024_0412_23:21:08 17 -0.3425 0.71875
2024_0412_23:21:11 17 66.335 85.845
2024_0412_23:21:17 17 -0.5875 -1.62375
2024_0412_23:21:24 17 95.7575 95.1925
2024_0412_23:21:45 17 -10.38 37.62875
2024_0412_23:22:53 17 0.09875 -0.57
2024_0412_23:23:06 17 0.0725 0.14125
2024_0412_23:24:24 17 -24.57625 24.87625
2024_0412_23:24:58 17 95.4425 95.43625
2024_0412_23:25:15 17 0.15 0.25375
2024_0412_23:25:30 17 0.68375 -0.3625
2024_0412_23:25:57 17 0.335 -1.035
2024_0412_23:26:52 17 -9.86375 9.81
2024_0412_23:27:05 17 -0.22375 -0.43375
2024_0412_23:27:12 17 25.98 46.93625
2024_0412_23:27:33 17 22.4425 22.01375
2024_0412_23:27:42 17 95.9125 94.9225
2024_0412_23:27:57 17 0.11625 -0.21
2024_0412_23:28:31 17 0.06125 0.47125
2024_0412_23:28:47 17 -10.10125 22.94875
2024_0412_23:28:56 17 -0.39875 -0.26
2024_0412_23:29:14 17 0.615 0.5525
2024_0412_23:30:29 17 -0.12125 0.14875
2024_0412_23:30:57 17 -0.505 0.48625
2024_0412_23:31:30 17 0.045 -0.61125
2024_0412_23:31:36 17 95.91 95.435
2024_0412_23:31:53 17 -0.32375 0.2775
2024_0412_23:32:40 17 17.93 17.3975
2024_0412_23:32:45 17 0.3875 -0.735
2024_0412_23:33:03 17 94.775 94.96
2024_0412_23:33:04 17 0.4675 0.02625
2024_0412_23:33:29 17 46.1775 20.56625
2024_0412_23:34:12 17 3.34625 -2.39125
2024_0412_23:34:45 17 96.0225 43.035
2024_0412_23:34:46 17 -1.9075 1.8575
2024_0412_23:34:53 17 -0.49875 0.4875
2024_0412_23:35:16 17 93.65875 93.6175
2024_0412_23:36:14 17 0.2075 0.6425
2024_0412_23:36:54 17 24.86 5.57625
2024_0412_23:37:29 17 14.01125 -8.5975
2024_0412_23:37:31 17 49.78375 -49.52875
2024_0412_23:37:50 17 96.165 96.69875
2024_0412_23:38:42 17 -1.52 0.39375
2024_0412_23:38:51 17 95.805 96.11
2024_0412_23:38:54 17 0.02125 -0.50875
2024_0412_23:39:04 17 39.54625 -3.51
2024_0412_23:39:25 17 52.25375 46.9025
2024_0412_23:40:11 17 18.77625 18.795
2024_0412_23:40:43 17 0.27125 -0.28375
2024_0412_23:41:19 17 95.49375 95.08125
2024_0412_23:42:53 17 45.695 44.17875
2024_0412_23:43:12 17 -0.31 -0.22375
2024_0412_23:43:13 17 60.21 84.20375
2024_0412_23:43:29 17 96.51 46.94125
2024_0412_23:43:31 17 2.825 3.3175
2024_0412_23:43:42 17 99.9975 49.99875
2024_0412_23:44:41 17 97.20625 96.37375
2024_0412_23:44:54 18 31.0 47.385
2024_0412_23:45:02 18 96.955 95.25875
2024_0412_23:45:02 18 17.8625 17.895
2024_0412_23:45:21 18 33.03 -3.13
2024_0412_23:45:34 17 -0.3975 0.6175
2024_0412_23:46:10 18 96.67 46.7575
2024_0412_23:46:37 18 90.8875 91.68375
2024_0412_23:47:16 18 49.66125 -1.39375
2024_0412_23:48:14 18 4.67625 24.95875
2024_0412_23:48:48 18 -0.24625 0.47375
2024_0412_23:49:10 18 6.755 6.39625
2024_0412_23:49:30 18 0.3375 1.22375
2024_0412_23:49:35 18 25.28875 30.4025
2024_0412_23:49:42 18 96.46875 96.4825
2024_0412_23:50:40 18 -0.19875 0.12375
2024_0412_23:50:42 18 79.40875 89.7025
2024_0412_23:50:52 18 -6.14875 42.7275
2024_0412_23:50:57 18 0.47375 -0.63125
2024_0412_23:51:15 18 14.945 -2.22125
2024_0412_23:51:18 18 95.1625 94.88875
2024_0412_23:52:09 18 2.2625 0.6725
2024_0412_23:52:31 18 97.075 96.40125
2024_0412_23:53:12 18 0.17625 -0.31
2024_0412_23:54:02 18 75.28 62.35375
2024_0412_23:54:23 18 95.70125 95.29625
2024_0412_23:54:42 18 -12.2875 22.2525
2024_0412_23:55:06 18 -0.16625 0.2375
2024_0412_23:55:27 18 -10.67 10.3525
2024_0412_23:55:46 18 94.6575 95.22875
2024_0412_23:55:47 18 95.19125 95.94875
2024_0412_23:56:35 18 0.38 0.395
2024_0412_23:56:46 18 19.76375 -9.0325
2024_0412_23:56:55 18 0.29375 0.0525
2024_0412_23:57:15 18 95.935 93.92375
2024_0412_23:57:29 18 8.1775 4.9675
2024_0412_23:58:09 18 -5.32 8.48625
2024_0412_23:58:25 18 -0.25 0.05875
2024_0412_23:59:07 18 -0.0875 -1.10375
2024_0412_23:59:10 18 68.66375 6.075
2024_0413_00:00:30 18 95.80875 95.72125
2024_0413_00:00:42 18 14.69 15.6275
2024_0413_00:01:09 18 -0.1475 -0.50125
2024_0413_00:01:17 18 4.08625 2.91375
2024_0413_00:01:42 18 0.4475 0.53875
2024_0413_00:01:46 18 42.7125 42.995
2024_0413_00:02:31 18 -0.33625 -0.03125
2024_0413_00:02:43 18 96.4575 96.24875
2024_0413_00:02:54 18 52.90125 52.64875
2024_0413_00:03:10 18 96.215 96.625
2024_0413_00:04:09 18 18.15125 -0.46375
2024_0413_00:04:22 18 -0.775 49.35375
2024_0413_00:04:48 18 0.3075 0.15875
2024_0413_00:05:06 18 43.2275 33.82
2024_0413_00:05:41 18 -0.76625 0.0125
2024_0413_00:06:39 18 0.15875 0.39875
2024_0413_00:06:42 18 84.98375 63.42625
2024_0413_00:07:02 18 -25.53 49.20875
2024_0413_00:07:15 18 -0.4725 31.75625
2024_0413_00:07:33 18 99.99875 -99.99875
2024_0413_00:07:36 18 47.655 47.6125
2024_0413_00:08:03 18 9.53875 34.84875
2024_0413_00:08:34 18 -0.00125 0.005
2024_0413_00:08:51 18 -0.395 0.57
2024_0413_00:09:14 18 -36.39375 38.34625
2024_0413_00:09:28 18 95.29875 95.4775
2024_0413_00:10:05 18 96.9875 94.38
2024_0413_00:10:17 18 0.71375 0.2975
2024_0413_00:11:02 18 86.58 66.03375
2024_0413_00:11:57 18 96.04625 96.39375
2024_0413_00:12:43 18 38.63875 73.6725
2024_0413_00:12:59 18 94.74875 68.3125
2024_0413_00:13:03 18 -19.725 20.58
2024_0413_00:13:10 18 28.835 41.9575
2024_0413_00:13:13 18 -12.32875 12.2775
2024_0413_00:13:20 18 -0.14625 -0.1375
2024_0413_00:13:35 18 96.395 96.4575
2024_0413_00:14:48 18 96.605 96.44375
2024_0413_00:15:18 18 0.6025 2.11375
2024_0413_00:15:22 18 0.2875 0.685
2024_0413_00:15:58 18 47.73625 98.26875
2024_0413_00:16:17 18 96.59 96.5575
2024_0413_00:16:56 18 15.60375 15.2075
2024_0413_00:18:07 18 -12.245 12.16625
2024_0413_00:18:24 18 95.83 95.8375
2024_0413_00:18:43 18 16.81625 16.9875
2024_0413_00:19:05 18 0.15625 -0.2325
2024_0413_00:19:07 18 -2.425 2.66625
2024_0413_00:19:14 18 -9.74375 19.08125
2024_0413_00:19:14 18 2.64125 2.36875
2024_0413_00:19:26 18 -99.98375 -99.9925
2024_0413_00:20:43 18 95.45125 94.85375
2024_0413_00:21:15 18 80.92375 80.825
2024_0413_00:21:16 18 94.7325 96.60125
2024_0413_00:21:47 18 95.065 95.6975
2024_0413_00:21:56 18 46.1325 -0.6025
2024_0413_00:22:10 18 0.11875 -0.2675
2024_0413_00:22:41 18 96.4325 96.255
2024_0413_00:22:57 18 -4.46 49.5975
2024_0413_00:24:30 18 19.0625 16.29125
2024_0413_00:24:36 18 -1.29 5.345
2024_0413_00:24:38 18 0.9175 -0.5625
2024_0413_00:25:02 18 -0.11625 0.31625
2024_0413_00:25:03 18 10.3375 -9.7875
2024_0413_00:25:07 18 95.5825 94.6
2024_0413_00:25:22 18 -0.045 0.62
2024_0413_00:25:29 18 95.44 95.51375
2024_0413_00:26:48 18 96.37 95.975
2024_0413_00:27:05 18 0.40625 0.03875
2024_0413_00:27:08 18 15.585 16.5575
2024_0413_00:27:53 18 61.31875 61.51625
2024_0413_00:28:12 18 96.515 96.18125
2024_0413_00:28:55 18 23.3275 21.795
2024_0413_00:29:19 18 -99.995 -49.9975
2024_0413_00:30:09 18 96.93 96.865
2024_0413_00:30:27 18 10.2325 9.14875
2024_0413_00:30:37 18 0.815 0.79125
2024_0413_00:30:58 18 12.50875 -4.36375
2024_0413_00:31:01 18 95.485 95.47
2024_0413_00:31:10 18 94.225 87.4375
2024_0413_00:31:13 18 0.3425 0.015
2024_0413_00:31:38 18 0.36625 0.04875
2024_0413_00:32:19 18 99.995 -49.99875
2024_0413_00:32:48 18 0.435 -0.36625
2024_0413_00:32:59 18 -3.5175 4.3775
2024_0413_00:33:02 18 25.51375 -3.76375
2024_0413_00:33:53 18 95.32 94.99375
2024_0413_00:34:16 18 94.57125 94.81625
2024_0413_00:34:57 18 -0.03625 0.005
2024_0413_00:35:31 18 38.935 4.95375
2024_0413_00:36:25 18 0.7825 -0.03
2024_0413_00:36:34 18 0.02 -0.4125
2024_0413_00:36:51 18 0.04625 -0.4825
2024_0413_00:36:57 18 55.33625 57.23625
2024_0413_00:37:06 18 -1.69625 1.59625
2024_0413_00:37:08 18 0.3325 -0.4025
2024_0413_00:37:11 18 97.6075 -0.5525
2024_0413_00:38:16 18 93.28125 77.58625
2024_0413_00:38:43 18 -0.01375 0.07125
2024_0413_00:38:47 18 94.62 95.795
2024_0413_00:38:53 18 96.88625 96.9275
2024_0413_00:38:57 18 96.20625 96.30625
2024_0413_00:39:48 18 -7.6475 7.69625
2024_0413_00:40:13 18 95.0075 95.6525
2024_0413_00:40:49 18 10.0225 -10.08125
2024_0413_00:41:39 18 96.34125 95.6
2024_0413_00:42:16 18 16.80625 18.3975
2024_0413_00:42:26 18 0.73375 0.42
2024_0413_00:42:47 18 0.82125 0.73
2024_0413_00:42:47 18 -13.76625 31.2925
2024_0413_00:43:00 18 -46.08375 44.69
2024_0413_00:43:11 18 48.585 -0.40625
2024_0413_00:43:52 18 18.77 19.08375
2024_0413_00:44:41 18 0.1625 -0.03625
2024_0413_00:44:48 18 11.095 71.185
2024_0413_00:44:50 18 8.0425 -8.52875
2024_0413_00:44:56 18 -9.97 9.4825
2024_0413_00:45:48 18 47.93875 95.15
2024_0413_00:46:06 18 10.70875 11.22375
2024_0413_00:46:43 18 -99.9975 49.99875
2024_0413_00:48:00 18 -0.45875 0.31125
2024_0413_00:48:13 18 95.84625 95.50875
2024_0413_00:48:18 18 -0.1525 -0.4825
2024_0413_00:48:42 18 0.16 0.2575
2024_0413_00:48:45 18 -0.09 0.36375
2024_0413_00:49:08 18 0.19875 -0.6675
2024_0413_00:49:34 18 11.455 -11.36875
2024_0413_00:50:32 18 17.0325 -17.66625
2024_0413_00:50:43 18 95.7875 95.7275
2024_0413_00:50:43 18 19.1425 18.7275
2024_0413_00:50:44 18 -2.05625 94.28875
2024_0413_00:51:07 19 96.18875 96.88
2024_0413_00:51:44 19 0.0275 -0.49375
2024_0413_00:52:03 19 95.21125 95.7025
2024_0413_00:52:42 19 0.1925 0.1475
2024_0413_00:54:07 19 -0.11625 -0.06625
2024_0413_00:54:08 19 14.91125 4.005
2024_0413_00:54:22 19 -0.47625 0.41375
2024_0413_00:54:27 19 95.395 95.38375
2024_0413_00:54:46 19 -13.97625 13.7375
2024_0413_00:54:47 19 96.9625 47.3325
2024_0413_00:55:09 19 -0.20375 -0.24
2024_0413_00:55:56 19 95.94625 95.38875
2024_0413_00:56:28 19 95.8925 95.57
2024_0413_00:56:39 19 -0.875 0.5675
2024_0413_00:57:18 19 95.0175 48.35875
2024_0413_00:57:43 19 0.00875 -0.34125
2024_0413_00:57:44 19 96.0 95.24875
2024_0413_00:57:58 19 -0.18 -0.46375
2024_0413_00:58:38 19 -0.0175 -0.71875
2024_0413_01:00:00 19 -0.1475 -0.07375
2024_0413_01:00:01 19 -1.765 1.40375
2024_0413_01:00:02 19 0.74125 0.61375
2024_0413_01:00:38 19 0.1375 -0.0725
2024_0413_01:00:41 19 -0.4775 0.20375
2024_0413_01:01:06 19 -10.2275 9.8075
2024_0413_01:01:08 19 96.0925 95.265
2024_0413_01:02:05 19 -0.23 -0.0225
2024_0413_01:02:30 19 48.83 95.33375
2024_0413_01:02:43 19 0.465 0.5775
2024_0413_01:03:32 19 0.835 0.01125
2024_0413_01:03:52 19 -0.1275 -0.1725
2024_0413_01:03:56 19 -0.34625 -0.1875
2024_0413_01:04:02 19 48.76625 48.70375
2024_0413_01:04:02 19 96.0075 47.76875
2024_0413_01:04:31 19 5.70375 67.0025
2024_0413_01:06:01 19 15.09625 -16.26125
2024_0413_01:06:36 19 35.79375 11.25375
2024_0413_01:06:41 19 52.81125 62.065
2024_0413_01:07:04 19 -0.395 -0.16
2024_0413_01:07:50 19 5.02125 4.55875
2024_0413_01:08:24 19 0.4325 -0.2575
2024_0413_01:08:29 19 0.205 0.48
2024_0413_01:08:37 19 0.1275 -0.605
2024_0413_01:09:27 19 0.57625 0.3825
2024_0413_01:09:48 19 12.335 -10.105
2024_0413_01:09:56 19 2.91125 -1.30875
2024_0413_01:10:15 19 11.1275 12.85375
2024_0413_01:10:44 19 96.83625 96.01875
2024_0413_01:11:02 19 16.89 -16.56375
2024_0413_01:11:53 19 16.54375 -16.64
2024_0413_01:12:03 19 47.31875 47.55375
2024_0413_01:12:24 19 -0.57125 0.0225
2024_0413_01:12:37 19 14.64375 24.9575
2024_0413_01:12:57 19 1.07125 -0.65875
2024_0413_01:13:45 19 -4.115 9.04875
2024_0413_01:14:07 19 47.4275 95.1775
2024_0413_01:14:26 19 -0.3575 44.1525
2024_0413_01:14:35 19 94.385 95.7375
2024_0413_01:15:04 19 0.04375 0.5075
2024_0413_01:15:24 19 89.5 18.0325
2024_0413_01:15:44 19 0.38625 0.4925
2024_0413_01:15:49 19 93.15875 88.94875
2024_0413_01:16:31 19 75.61125 93.63125
2024_0413_01:17:01 19 -0.515 0.14625
2024_0413_01:17:03 19 19.96125 -20.10125
2024_0413_01:17:50 19 96.4375 96.42875
2024_0413_01:17:59 19 7.59375 11.2125
2024_0413_01:18:18 19 16.895 12.56625
2024_0413_01:18:56 19 -10.73625 10.6275
2024_0413_01:19:40 19 47.47 47.6125
2024_0413_01:20:26 19 -0.395 0.35375
2024_0413_01:20:26 19 -0.18375 -0.075
2024_0413_01:21:07 19 96.1975 96.1075
2024_0413_01:21:25 19 -0.45625 -0.3575
2024_0413_01:21:35 19 -49.99125 49.99625
2024_0413_01:21:43 19 0.3475 7.69375
2024_0413_01:21:45 19 96.195 95.8425
2024_0413_01:22:48 19 -0.2975 0.27875
2024_0413_01:22:52 19 0.2875 0.3125
2024_0413_01:23:15 19 -0.245 0.47375
2024_0413_01:23:46 19 49.865 -49.37625
2024_0413_01:23:54 19 -2.39875 2.33625
2024_0413_01:24:19 19 20.19875 44.74
2024_0413_01:24:52 19 9.9525 -10.82375
2024_0413_01:25:31 19 25.70375 -24.985
2024_0413_01:26:30 20 96.70375 96.48625
2024_0413_01:26:31 20 5.83375 25.59375
2024_0413_01:27:17 20 0.54625 -0.61125
2024_0413_01:27:33 20 22.36625 9.23625
2024_0413_01:27:33 20 96.635 16.90375
2024_0413_01:27:39 20 95.06 96.155
2024_0413_01:28:30 20 -0.01125 0.02625
2024_0413_01:28:51 20 9.29125 47.435
2024_0413_01:29:04 20 47.54125 47.765
2024_0413_01:29:37 20 74.735 74.725
2024_0413_01:29:39 20 99.9975 -49.99875
2024_0413_01:29:47 20 0.4825 -0.10125
2024_0413_01:30:15 20 21.62625 49.04125
2024_0413_01:30:46 20 -0.06 0.4075
2024_0413_01:31:29 20 -49.99375 -50.00125
2024_0413_01:32:28 20 0.715 -0.935
2024_0413_01:32:40 20 -5.9975 23.765
2024_0413_01:33:10 20 1.3625 7.46
2024_0413_01:33:20 20 0.225 -0.105
2024_0413_01:33:29 20 11.79 11.325
2024_0413_01:33:32 20 95.32375 95.41125
2024_0413_01:35:19 20 41.7975 41.47125
2024_0413_01:35:24 20 57.91625 65.8975
2024_0413_01:35:29 20 0.0575 -0.5975
2024_0413_01:35:37 20 0.14 -0.2425
2024_0413_01:35:41 20 95.12 95.87625
2024_0413_01:36:08 20 -0.28125 -0.39125
2024_0413_01:36:39 20 -12.2375 12.735
2024_0413_01:37:27 20 94.1525 -9.82125
2024_0413_01:37:39 20 96.14625 96.52
2024_0413_01:38:28 20 0.26 0.49875
2024_0413_01:38:30 20 9.51875 -10.3075
2024_0413_01:39:05 20 96.29375 94.9775
2024_0413_01:39:12 20 15.9875 -16.89125
2024_0413_01:39:20 20 0.00125 0.00125
2024_0413_01:41:21 20 0.0 -0.1225
2024_0413_01:41:34 20 -13.18375 12.1725
2024_0413_01:41:37 20 1.32125 -1.54375
2024_0413_01:41:38 20 82.10125 88.59875
2024_0413_01:42:01 20 95.06875 94.11875
2024_0413_01:42:03 20 -0.3025 -0.37125
2024_0413_01:42:30 20 95.9025 95.1825
2024_0413_01:43:15 20 99.9975 49.99875
2024_0413_01:43:20 20 96.36375 96.38125
2024_0413_01:43:55 20 7.85625 8.03875
2024_0413_01:44:18 20 -2.82625 6.84125
2024_0413_01:44:23 20 49.94 -49.66625
2024_0413_01:44:53 20 0.37625 -0.47125
2024_0413_01:44:56 20 95.5025 47.39
2024_0413_01:45:04 20 0.2525 -0.12625
2024_0413_01:45:08 20 96.13125 96.1575
2024_0413_01:47:16 20 47.5075 3.0225
2024_0413_01:47:27 20 96.3375 95.60375
2024_0413_01:47:34 20 40.2675 46.9475
2024_0413_01:47:50 20 17.98 17.3
2024_0413_01:47:57 20 93.86625 95.98875
2024_0413_01:48:23 20 -15.35875 16.49125
2024_0413_01:48:44 20 95.7 93.635
2024_0413_01:49:07 20 -0.365 48.62375
2024_0413_01:49:10 20 18.64625 18.57375
2024_0413_01:50:12 20 0.595 0.39125
2024_0413_01:50:13 20 0.09375 -0.3425
2024_0413_01:50:22 20 95.58625 95.78
2024_0413_01:50:50 20 10.6225 34.75375
2024_0413_01:50:53 20 17.25 18.74
2024_0413_01:50:56 20 -99.99375 99.9975
2024_0413_01:52:15 20 85.85375 70.2825
2024_0413_01:53:06 20 -20.52375 20.7075
2024_0413_01:53:19 20 60.4725 40.99125
2024_0413_01:53:29 20 -9.97625 9.60125
2024_0413_01:53:49 20 26.28375 1.695
2024_0413_01:54:03 20 12.2275 -12.05125
2024_0413_01:55:01 20 1.6375 2.105
2024_0413_01:55:24 20 95.78625 95.72375
2024_0413_01:55:31 20 67.685 86.82875
2024_0413_01:55:59 20 -1.13125 1.24125
2024_0413_01:56:19 20 96.475 96.49
2024_0413_01:56:26 20 94.25875 96.67
2024_0413_01:56:46 20 26.09125 90.40125
2024_0413_01:56:47 20 -0.27375 0.32875
2024_0413_01:56:54 20 0.06875 -0.585
2024_0413_01:57:42 20 19.68625 18.13875
2024_0413_01:58:41 20 99.9975 -49.99875
2024_0413_01:59:01 20 47.60125 97.47875
2024_0413_01:59:20 20 40.085 -39.9125
2024_0413_01:59:28 20 77.785 82.18125
2024_0413_01:59:45 20 60.9025 60.63
2024_0413_02:00:31 20 -0.20625 -0.04125
2024_0413_02:00:52 20 0.28125 -0.23875
2024_0413_02:01:17 20 0.03875 0.46375
2024_0413_02:01:52 20 28.0175 -22.62875
2024_0413_02:02:07 20 47.5675 97.14875
2024_0413_02:02:22 20 0.3325 0.2275
2024_0413_02:02:39 20 9.24375 47.11
2024_0413_02:02:40 20 7.925 -7.62125
2024_0413_02:02:44 20 49.66625 -1.30875
2024_0413_02:02:48 20 -11.31875 23.105
2024_0413_02:04:50 20 -30.07625 30.4925
2024_0413_02:04:53 20 52.54375 52.515
2024_0413_02:05:10 20 -0.41125 -0.12625
2024_0413_02:05:18 5 96.4825 96.4175
2024_0413_02:05:37 9 96.77875 96.91875
2024_0413_02:06:40 13 84.2625 96.29625
2024_0413_02:06:48 13 0.41 0.295
2024_0413_02:07:06 13 96.0725 96.805
2024_0413_02:07:14 13 13.34 13.5175
2024_0413_02:07:37 13 -0.87 1.265
2024_0413_02:08:12 14 80.77875 80.3025
2024_0413_02:08:25 14 -0.3525 0.3375
2024_0413_02:08:26 14 -0.235 2.3475
2024_0413_02:08:33 15 96.01875 96.58125
2024_0413_02:08:39 14 95.0975 95.46
2024_0413_02:08:55 15 -0.35375 0.57875
2024_0413_02:10:35 15 -0.42875 -0.51125
2024_0413_02:11:03 15 97.185 96.42
2024_0413_02:11:08 15 32.81125 22.95875
2024_0413_02:11:20 15 96.10625 34.745
2024_0413_02:11:22 15 -0.01375 -0.25625
2024_0413_02:12:32 15 -7.905 52.28625
2024_0413_02:12:33 15 0.105 0.20375
2024_0413_02:12:57 15 0.21 0.005
2024_0413_02:13:26 16 -35.58125 35.805
2024_0413_02:14:00 16 95.87875 95.6575
2024_0413_02:14:02 16 0.28 -0.445
2024_0413_02:14:14 16 1.9125 5.2725
2024_0413_02:14:18 16 39.90625 -40.0125
2024_0413_02:14:21 16 0.1775 2.58125
2024_0413_02:15:07 16 16.8325 -16.17
2024_0413_02:16:03 16 0.66625 -0.16125
2024_0413_02:16:21 16 -9.7225 9.5575
2024_0413_02:17:00 17 0.335 0.2125
2024_0413_02:17:11 17 96.5225 96.40625
2024_0413_02:17:12 17 72.83125 72.73375
2024_0413_02:17:35 17 95.5 84.0575
2024_0413_02:18:20 17 7.3725 -6.3875
2024_0413_02:18:22 17 -10.56625 10.62375
2024_0413_02:18:49 17 77.04125 77.295
2024_0413_02:19:15 17 -0.70125 0.56
2024_0413_02:19:52 17 -0.33625 -0.3525
2024_0413_02:20:04 17 10.16 -9.82375
2024_0413_02:20:12 17 0.0175 -0.32375
2024_0413_02:20:13 17 42.12625 32.2025
2024_0413_02:20:40 17 96.46625 96.54
2024_0413_02:21:41 17 -0.105 -0.27125
2024_0413_02:22:19 18 64.80125 47.57
2024_0413_02:22:51 18 -0.1925 -0.135
2024_0413_02:23:05 18 -1.09375 38.41625
2024_0413_02:23:10 18 -0.12375 0.38875
2024_0413_02:23:27 18 1.91125 -1.85375
2024_0413_02:24:12 18 12.39 -12.63
2024_0413_02:24:13 18 76.10375 76.06375
2024_0413_02:24:37 18 46.655 -8.82
2024_0413_02:24:51 19 95.3725 95.67
2024_0413_02:25:05 19 3.7175 5.135
2024_0413_02:25:45 19 15.54 -15.1325
2024_0413_02:25:56 19 -0.385 0.635
2024_0413_02:26:04 19 95.33625 95.10625
2024_0413_02:26:07 19 -0.075 0.03375
2024_0413_02:27:39 19 16.525 15.8625
2024_0413_02:28:05 19 49.36625 -35.26375
2024_0413_02:28:27 19 -0.4675 0.10125
2024_0413_02:28:41 19 0.0725 -0.15125
2024_0413_02:28:54 19 0.025 -0.61625
2024_0413_02:28:57 20 0.25875 0.065
2024_0413_02:29:54 20 95.65375 96.28875
2024_0413_02:29:55 20 0.52 0.045
2024_0413_02:29:56 20 18.84125 19.07875
2024_0413_02:30:31 20 49.67125 -1.26625
2024_0413_02:30:43 20 49.97125 -49.96625
2024_0413_02:31:23 20 1.0275 0.0475
2024_0413_02:33:48 20 49.99875 -49.99875
