0.20683000000013646 0.11868500000004831 0.027855000000003193 0.006694999999999811 0.02275500000000163 0.021925000000001377 0.020545000000000955 0.020290000000000877 0.020255000000000866 0.007929999999999762 0.0439749999999993 0.03667500000000213 0.061654999999992445 0.05844999999999369 0.06654999999999617 0.050869999999996626 0.06415999999999378 0.06262999999999225 0.04189000000000011 0.03938000000000108 
2024_0412_09:55:29 11 1.0 2.15
2024_0412_09:55:30 2 8.5 0.6
2024_0412_09:55:31 5 23.25 25.3
2024_0412_09:55:31 8 -1.7 -2.5
2024_0412_09:55:33 1 25.15 21.55
2024_0412_09:55:33 11 0.2 -0.5
2024_0412_09:55:33 3 2.4 9.15
2024_0412_09:55:34 10 9.15 10.05
2024_0412_09:55:34 4 10.35 1.25
2024_0412_09:55:35 2 0.85 -8.75
2024_0412_09:55:37 1 18.35 19.2
2024_0412_09:55:37 9 28.45 26.75
2024_0412_09:56:07 6 26.5 23.05
2024_0412_09:56:16 6 23.65 24.95
2024_0412_09:56:21 7 -7.3 6.4
2024_0412_09:56:23 1 20.35 21.45
2024_0412_10:00:59 12 26.7 -21.35
2024_0412_10:01:01 13 -1.1 3.1
2024_0412_10:01:02 15 0.45 -0.95
2024_0412_10:01:04 16 0.85 2.5
2024_0412_10:01:04 14 7.6 13.55
2024_0412_10:01:06 13 -45.7 47.2
2024_0412_10:01:06 15 -2.8 1.0
2024_0412_10:01:09 17 -0.45 -1.95
2024_0412_10:01:10 18 -5.65 7.05
2024_0412_10:01:12 17 1.75 0.2
2024_0412_10:01:21 18 16.55 -5.15
2024_0412_10:02:12 20 -4.35 2.1
2024_0412_10:02:12 20 -4.15 1.85
2024_0412_10:03:48 19 1.7 5.75
2024_0412_10:09:18 11 -0.9 -1.85
2024_0412_10:09:19 8 9.7 10.25
2024_0412_10:09:19 11 2.2 2.05
2024_0412_10:09:20 11 -99.7 -49.9
2024_0412_10:09:20 11 6.45 10.8
2024_0412_10:09:21 6 23.75 22.05
2024_0412_10:09:22 1 21.2 25.3
2024_0412_10:09:22 11 2.05 4.25
2024_0412_10:09:23 3 6.55 2.95
2024_0412_10:09:23 9 23.65 23.75
2024_0412_10:09:24 2 6.2 5.6
2024_0412_10:09:26 4 -2.4 -4.2
2024_0412_10:09:52 7 18.6 3.35
2024_0412_10:09:57 10 3.65 -16.1
2024_0412_10:10:07 5 26.45 22.05
2024_0412_10:10:38 11 0.95 3.05
2024_0412_10:14:51 12 -19.05 15.8
2024_0412_10:14:52 13 -22.6 26.5
2024_0412_10:14:53 11 21.55 -8.3
2024_0412_10:14:53 13 12.85 -9.0
2024_0412_10:14:55 13 16.65 18.4
2024_0412_10:14:55 14 11.5 34.7
2024_0412_10:14:55 16 -15.2 24.75
2024_0412_10:14:56 15 -11.75 19.3
2024_0412_10:14:57 13 11.75 11.7
2024_0412_10:14:58 17 -1.4 -3.4
2024_0412_10:14:58 18 14.75 17.25
2024_0412_10:15:02 19 -1.4 3.0
2024_0412_10:15:53 20 49.85 -49.65
2024_0412_10:16:00 20 32.95 23.45
2024_0412_10:21:29 11 -0.6 3.25
2024_0412_10:21:31 5 20.3 24.55
2024_0412_10:21:32 11 8.3 3.95
2024_0412_10:21:32 3 3.45 2.1
2024_0412_10:21:33 1 24.85 22.95
2024_0412_10:21:33 6 24.6 23.1
2024_0412_10:21:33 2 3.85 14.7
2024_0412_10:21:33 7 9.05 8.55
2024_0412_10:21:34 8 6.8 13.4
2024_0412_10:21:34 11 14.7 37.4
2024_0412_10:21:37 4 10.7 -0.45
2024_0412_10:21:38 10 0.35 7.55
2024_0412_10:22:06 12 0.0 1.55
2024_0412_10:22:14 12 8.35 -8.7
2024_0412_10:22:21 11 1.8 -2.2
2024_0412_10:22:51 9 31.95 29.0
2024_0412_10:27:00 13 1.55 -0.9
2024_0412_10:27:01 14 1.3 1.45
2024_0412_10:27:03 13 16.1 17.1
2024_0412_10:27:04 13 15.05 -11.6
2024_0412_10:27:06 15 3.55 10.75
2024_0412_10:27:06 16 1.8 0.9
2024_0412_10:27:07 13 -2.35 17.95
2024_0412_10:27:08 13 21.2 18.7
2024_0412_10:27:08 15 -7.8 6.65
2024_0412_10:27:10 16 -27.7 31.45
2024_0412_10:27:12 16 -4.85 13.1
2024_0412_10:27:14 17 -6.3 44.45
2024_0412_10:28:30 18 -2.1 -0.5
2024_0412_10:28:33 18 -13.4 9.8
2024_0412_10:28:54 18 -73.0 72.0
2024_0412_10:28:57 18 -1.45 1.3
2024_0412_10:32:29 18 0.0 0.0
2024_0412_10:32:31 20 -0.45 -5.4
2024_0412_10:32:31 19 19.4 -16.85
2024_0412_10:32:35 19 6.2 -10.55
2024_0412_10:32:35 18 -10.0 12.45
2024_0412_10:32:35 20 -1.8 0.25
2024_0412_10:32:37 20 -0.15 2.5
2024_0412_10:32:38 20 8.85 -15.4
2024_0412_10:38:09 11 -0.9 4.5
2024_0412_10:38:10 11 49.85 49.95
2024_0412_10:38:10 10 10.55 14.35
2024_0412_10:38:11 7 5.5 -0.5
2024_0412_10:38:11 8 13.35 -11.95
2024_0412_10:38:11 11 1.75 -1.15
2024_0412_10:38:12 6 20.2 24.25
2024_0412_10:38:12 11 1.0 0.8
2024_0412_10:38:12 11 1.95 7.4
2024_0412_10:38:13 1 23.45 22.25
2024_0412_10:38:13 9 27.55 24.8
2024_0412_10:38:42 5 19.85 23.7
2024_0412_10:38:47 3 -3.05 5.2
2024_0412_10:39:04 2 -3.0 3.9
2024_0412_10:39:12 11 3.6 -0.8
2024_0412_10:40:58 11 2.4 2.65
2024_0412_10:43:38 11 1.75 -2.4
2024_0412_10:43:39 11 2.6 -0.3
2024_0412_10:43:42 11 7.75 9.65
2024_0412_10:43:42 12 -1.3 -0.75
2024_0412_10:43:43 13 50.15 -52.45
2024_0412_10:43:43 12 -33.8 34.8
2024_0412_10:43:43 12 -2.25 12.7
2024_0412_10:43:44 12 23.0 22.25
2024_0412_10:43:46 12 7.3 -14.15
2024_0412_10:43:47 12 14.05 -0.95
2024_0412_10:43:47 12 -6.4 -1.8
2024_0412_10:44:46 13 0.35 11.0
2024_0412_10:44:50 13 17.0 -17.55
2024_0412_10:45:31 13 3.75 -2.85
2024_0412_10:45:46 13 10.15 4.2
2024_0412_10:46:31 13 -3.5 -0.75
2024_0412_10:49:11 13 3.7 -1.95
2024_0412_10:49:12 14 1.9 1.6
2024_0412_10:49:13 13 18.55 24.05
2024_0412_10:49:13 13 29.1 19.1
2024_0412_10:49:15 13 4.35 -0.4
2024_0412_10:49:16 13 -0.05 7.4
2024_0412_10:49:16 14 -0.5 -1.4
2024_0412_10:49:18 14 -9.3 15.85
2024_0412_10:49:18 14 1.25 0.05
2024_0412_10:49:19 14 -0.4 2.3
2024_0412_10:49:23 14 26.55 17.1
2024_0412_10:50:47 14 2.0 1.75
2024_0412_10:50:56 14 -6.2 -9.0
2024_0412_10:52:04 14 3.25 -2.5
2024_0412_10:52:05 14 17.8 20.7
2024_0412_10:52:23 14 -1.7 -3.2
2024_0412_10:54:41 14 3.0 0.4
2024_0412_10:54:45 14 1.3 -1.15
2024_0412_10:54:49 14 -4.7 1.4
2024_0412_10:54:49 15 0.45 -2.05
2024_0412_10:54:53 15 -2.75 -0.5
2024_0412_10:54:54 15 1.0 3.2
2024_0412_10:54:55 15 19.5 -2.45
2024_0412_10:54:57 15 14.5 3.75
2024_0412_10:54:58 15 0.65 1.2
2024_0412_10:54:59 15 7.3 -0.55
2024_0412_10:57:04 15 24.5 22.45
2024_0412_10:57:08 15 -5.6 -0.9
2024_0412_10:57:39 15 19.0 17.9
2024_0412_10:58:16 15 -4.45 -2.05
2024_0412_10:58:44 15 4.35 9.3
2024_0412_10:59:01 16 -1.4 -0.95
2024_0412_11:00:14 16 -5.75 12.7
2024_0412_11:00:19 16 6.9 0.2
2024_0412_11:00:20 16 6.5 -10.7
2024_0412_11:00:22 16 13.9 -18.95
2024_0412_11:00:27 17 -81.35 79.75
2024_0412_11:00:27 16 12.7 1.6
2024_0412_11:00:28 17 -0.25 -0.8
2024_0412_11:00:29 16 -39.05 41.95
2024_0412_11:00:35 17 5.5 -7.95
2024_0412_11:00:38 17 19.55 -8.45
2024_0412_11:03:12 17 -49.9 99.7
2024_0412_11:03:16 17 3.25 1.65
2024_0412_11:03:36 17 -11.45 8.5
2024_0412_11:04:58 17 -0.4 1.5
2024_0412_11:05:00 17 -3.45 1.8
2024_0412_11:05:44 18 -99.5 49.35
2024_0412_11:05:48 18 -50.0 -99.95
2024_0412_11:05:53 18 9.75 -14.7
2024_0412_11:05:54 18 45.45 -44.8
2024_0412_11:05:59 18 16.3 -0.7
2024_0412_11:06:01 19 1.05 1.65
2024_0412_11:06:04 18 39.25 -40.85
2024_0412_11:06:04 18 -16.45 14.95
2024_0412_11:06:13 19 2.75 1.25
2024_0412_11:06:16 19 33.05 -31.25
2024_0412_11:08:43 20 -27.75 30.95
2024_0412_11:09:25 20 -2.2 3.8
2024_0412_11:10:36 20 -8.3 10.2
2024_0412_11:10:48 20 -1.55 -0.85
2024_0412_11:11:05 20 0.3 0.15
2024_0412_11:11:05 20 0.4 1.7
2024_0412_11:11:10 4 -9.35 2.1
2024_0412_11:11:14 15 1.05 -0.35
2024_0412_11:11:18 17 22.2 -21.95
2024_0412_11:11:19 18 -1.3 -5.9
2024_0412_11:11:35 20 10.1 -5.3
2024_0412_11:17:04 7 7.45 6.25
2024_0412_11:17:05 7 10.35 13.9
2024_0412_11:17:06 11 -0.85 6.05
2024_0412_11:17:07 8 0.25 -0.9
2024_0412_11:17:07 5 24.1 20.25
2024_0412_11:17:08 6 26.0 20.95
2024_0412_11:17:08 11 25.5 25.6
2024_0412_11:17:09 10 4.2 6.6
2024_0412_11:17:09 1 24.1 21.7
2024_0412_11:17:10 9 30.0 27.0
2024_0412_11:17:10 11 -0.65 -2.1
2024_0412_11:17:11 11 0.4 3.2
2024_0412_11:17:42 3 11.55 5.5
2024_0412_11:17:43 2 12.7 21.4
2024_0412_11:17:48 11 -1.4 1.8
2024_0412_11:18:57 4 0.65 6.05
2024_0412_11:22:31 11 2.2 2.3
2024_0412_11:22:33 12 -2.35 -0.9
2024_0412_11:22:34 11 2.85 11.0
2024_0412_11:22:38 11 9.85 4.1
2024_0412_11:22:38 12 16.35 4.4
2024_0412_11:22:38 12 -0.65 7.05
2024_0412_11:22:38 11 -0.7 3.4
2024_0412_11:22:40 12 0.5 0.35
2024_0412_11:22:40 12 -0.65 0.0
2024_0412_11:22:40 13 -2.1 1.45
2024_0412_11:22:40 12 -0.7 5.4
2024_0412_11:22:43 12 9.95 6.1
2024_0412_11:23:44 13 99.9 99.9
2024_0412_11:23:45 13 -1.4 -0.4
2024_0412_11:24:13 13 17.75 20.4
2024_0412_11:27:02 13 62.0 -60.45
2024_0412_11:27:59 13 -1.25 -0.75
2024_0412_11:28:04 13 23.2 25.35
2024_0412_11:28:05 13 1.6 1.55
2024_0412_11:28:07 13 1.85 1.9
2024_0412_11:28:09 13 4.0 0.15
2024_0412_11:28:09 13 0.45 4.8
2024_0412_11:28:09 14 50.0 -50.0
2024_0412_11:28:12 14 21.9 39.55
2024_0412_11:28:12 14 9.45 13.65
2024_0412_11:28:12 13 1.0 5.2
2024_0412_11:28:13 14 0.3 2.2
2024_0412_11:28:14 14 -4.7 0.05
2024_0412_11:29:45 14 0.2 -1.55
2024_0412_11:29:46 14 -25.25 31.2
2024_0412_11:30:22 14 1.8 0.1
2024_0412_11:33:29 14 -2.7 2.7
2024_0412_11:33:31 14 49.85 -99.7
2024_0412_11:33:37 15 -0.75 -0.45
2024_0412_11:33:38 14 21.65 19.05
2024_0412_11:33:41 14 11.8 15.6
2024_0412_11:33:42 15 -0.4 1.2
2024_0412_11:33:43 15 -76.45 79.8
2024_0412_11:33:44 15 -22.1 24.65
2024_0412_11:33:44 15 -1.85 2.35
2024_0412_11:33:44 15 -1.7 3.4
2024_0412_11:33:45 15 -1.9 2.35
2024_0412_11:33:46 15 -2.55 2.2
2024_0412_11:33:50 15 12.15 12.9
2024_0412_11:35:46 15 -1.1 -1.15
2024_0412_11:36:32 15 3.3 2.9
2024_0412_11:36:34 15 -7.1 6.3
2024_0412_11:38:59 16 -2.6 -2.5
2024_0412_11:39:01 16 -12.45 5.3
2024_0412_11:39:12 16 -4.3 -1.3
2024_0412_11:39:12 16 -4.35 6.3
2024_0412_11:39:12 16 0.9 -2.25
2024_0412_11:39:14 16 -49.95 -99.9
2024_0412_11:39:14 16 -2.95 -2.2
2024_0412_11:39:15 17 -13.4 34.05
2024_0412_11:39:17 17 24.75 28.4
2024_0412_11:39:20 17 -3.1 6.3
2024_0412_11:39:25 17 10.3 -9.75
2024_0412_11:41:02 16 1.4 0.1
2024_0412_11:41:50 17 -0.85 -2.15
2024_0412_11:42:37 17 -2.15 -1.25
2024_0412_11:42:46 17 25.85 20.25
2024_0412_11:42:59 18 0.45 0.4
2024_0412_11:44:36 18 -0.25 -0.55
2024_0412_11:44:45 18 -9.9 12.15
2024_0412_11:44:46 18 26.1 -22.55
2024_0412_11:44:46 18 19.6 24.55
2024_0412_11:44:52 18 -6.1 4.4
2024_0412_11:44:52 18 -1.05 0.1
2024_0412_11:44:53 18 16.05 5.25
2024_0412_11:44:54 18 2.55 1.4
2024_0412_11:44:55 19 -2.3 3.1
2024_0412_11:44:55 18 0.0 -2.9
2024_0412_11:46:35 18 -50.0 50.0
2024_0412_11:48:00 19 1.45 2.55
2024_0412_11:48:05 19 -26.15 26.25
2024_0412_11:48:25 20 8.9 1.35
2024_0412_11:48:39 20 34.0 -33.35
2024_0412_11:48:49 20 -24.55 26.95
2024_0412_11:50:10 20 0.0 0.0
2024_0412_11:50:11 20 8.95 1.6
2024_0412_11:50:11 20 2.0 7.75
2024_0412_11:50:12 17 2.8 0.9
2024_0412_11:50:23 18 15.2 5.3
2024_0412_11:55:53 7 -0.05 0.2
2024_0412_11:55:54 11 1.85 -2.95
2024_0412_11:55:55 11 2.35 1.45
2024_0412_11:55:55 5 22.1 22.7
2024_0412_11:55:55 11 1.1 0.95
2024_0412_11:55:57 3 4.45 3.25
2024_0412_11:55:57 6 23.45 22.8
2024_0412_11:55:57 2 12.7 13.4
2024_0412_11:55:58 11 -0.05 -2.65
2024_0412_11:55:58 8 -1.15 11.75
2024_0412_11:55:58 4 1.35 7.3
2024_0412_11:56:00 1 23.85 23.5
2024_0412_11:56:37 7 10.1 11.05
2024_0412_11:56:51 9 25.45 27.7
2024_0412_11:58:00 10 23.35 -14.55
2024_0412_11:58:17 11 -99.95 -49.9
2024_0412_12:01:25 11 0.35 -0.1
2024_0412_12:01:25 11 99.9 -49.95
2024_0412_12:01:26 11 28.45 24.1
2024_0412_12:01:26 11 5.1 1.2
2024_0412_12:01:28 11 49.9 99.8
2024_0412_12:01:29 11 49.25 -49.35
2024_0412_12:01:29 11 22.7 20.95
2024_0412_12:01:30 11 -2.5 -1.75
2024_0412_12:01:31 11 10.55 4.35
2024_0412_12:01:31 11 2.6 1.0
2024_0412_12:01:33 11 20.4 25.25
2024_0412_12:01:33 11 -2.65 3.85
2024_0412_12:02:51 11 2.2 -0.45
2024_0412_12:03:07 11 -1.35 5.05
2024_0412_12:05:39 12 20.35 23.35
2024_0412_12:06:30 12 55.9 -40.65
2024_0412_12:06:55 12 19.45 24.35
2024_0412_12:06:57 12 -0.1 0.95
2024_0412_12:06:58 12 11.15 3.85
2024_0412_12:06:59 12 -2.05 0.7
2024_0412_12:07:00 12 -4.05 1.25
2024_0412_12:07:00 12 -7.3 14.5
2024_0412_12:07:01 12 -1.0 1.95
2024_0412_12:07:02 12 1.0 1.25
2024_0412_12:07:04 12 2.95 -1.25
2024_0412_12:07:05 12 1.55 -4.05
2024_0412_12:07:07 12 11.85 8.0
2024_0412_12:07:08 12 1.75 -1.85
2024_0412_12:09:05 12 -4.6 -0.45
2024_0412_12:09:21 12 -1.9 -0.1
2024_0412_12:12:28 13 0.4 -2.3
2024_0412_12:12:31 13 -3.0 -3.5
2024_0412_12:12:32 13 1.7 9.55
2024_0412_12:12:33 13 41.95 7.2
2024_0412_12:12:34 13 2.45 -2.7
2024_0412_12:12:34 13 4.85 3.55
2024_0412_12:12:35 13 18.3 10.3
2024_0412_12:12:37 13 14.05 -4.1
2024_0412_12:12:38 13 -3.1 3.35
2024_0412_12:12:38 13 -13.5 25.7
2024_0412_12:12:41 13 -7.75 9.25
2024_0412_12:12:45 13 0.5 0.0
2024_0412_12:13:21 13 -10.75 10.1
2024_0412_12:15:21 13 27.5 24.85
2024_0412_12:15:37 13 -0.95 -0.4
2024_0412_12:15:57 13 -3.3 1.6
2024_0412_12:17:57 13 -0.8 2.3
2024_0412_12:18:01 13 2.15 3.15
2024_0412_12:18:01 13 49.9 99.7
2024_0412_12:18:02 13 1.15 -0.25
2024_0412_12:18:06 13 -0.8 4.8
2024_0412_12:18:07 14 -1.2 -1.55
2024_0412_12:18:09 13 15.9 -4.05
2024_0412_12:18:09 13 -4.8 3.0
2024_0412_12:18:09 14 -2.1 0.85
2024_0412_12:18:11 14 15.5 -17.9
2024_0412_12:18:19 14 -3.9 10.55
2024_0412_12:18:20 14 -0.65 8.65
2024_0412_12:21:11 14 4.4 1.3
2024_0412_12:21:53 14 18.05 17.15
2024_0412_12:23:28 14 21.3 18.0
2024_0412_12:23:31 14 -99.9 -49.95
2024_0412_12:23:33 14 21.15 21.55
2024_0412_12:23:34 14 22.65 -23.8
2024_0412_12:23:38 14 -5.1 0.8
2024_0412_12:23:39 14 -19.7 21.1
2024_0412_12:23:42 14 27.95 16.6
2024_0412_12:23:43 14 19.8 -24.0
2024_0412_12:23:44 14 25.55 7.8
2024_0412_12:23:46 14 -0.35 3.75
2024_0412_12:23:49 14 -1.0 -0.6
2024_0412_12:23:50 14 49.95 -99.9
2024_0412_12:24:15 14 14.75 5.1
2024_0412_12:25:28 14 -1.2 -1.3
2024_0412_12:27:33 14 3.35 -4.0
2024_0412_12:29:01 15 -3.75 -0.85
2024_0412_12:29:02 14 24.3 21.6
2024_0412_12:29:05 15 17.0 19.3
2024_0412_12:29:09 15 0.15 1.0
2024_0412_12:29:12 15 12.3 14.55
2024_0412_12:29:13 15 25.85 -26.15
2024_0412_12:29:15 15 -78.2 79.6
2024_0412_12:29:17 15 21.8 25.4
2024_0412_12:29:22 15 -0.25 -2.35
2024_0412_12:29:24 15 -7.2 2.75
2024_0412_12:29:27 15 -2.55 -1.05
2024_0412_12:29:31 14 -0.2 -2.0
2024_0412_12:29:44 15 5.4 2.9
2024_0412_12:30:29 15 -0.3 -1.55
2024_0412_12:33:35 15 -9.8 10.35
2024_0412_12:33:47 15 11.05 -8.55
2024_0412_12:34:28 15 -1.55 -4.0
2024_0412_12:34:30 15 -3.25 1.85
2024_0412_12:34:36 15 19.35 17.85
2024_0412_12:34:40 15 0.6 1.45
2024_0412_12:34:45 15 1.25 4.9
2024_0412_12:34:47 15 -1.15 -1.65
2024_0412_12:34:47 15 -5.75 -5.0
2024_0412_12:34:53 15 12.75 -5.65
2024_0412_12:34:59 16 0.5 0.4
2024_0412_12:35:00 16 -8.8 5.0
2024_0412_12:35:01 15 28.45 29.05
2024_0412_12:35:13 16 -4.45 4.2
2024_0412_12:36:43 16 2.45 -5.85
2024_0412_12:36:52 16 -2.1 0.05
2024_0412_12:39:58 16 3.45 2.05
2024_0412_12:40:03 16 20.5 18.1
2024_0412_12:40:03 16 29.85 31.3
2024_0412_12:40:09 16 1.55 0.35
2024_0412_12:40:17 16 14.8 -16.3
2024_0412_12:40:17 16 1.9 0.45
2024_0412_12:40:20 16 13.75 -3.45
2024_0412_12:40:22 16 -8.2 8.9
2024_0412_12:40:28 16 -3.05 0.2
2024_0412_12:40:33 16 1.95 -2.15
2024_0412_12:40:38 17 -2.0 0.25
2024_0412_12:41:05 16 33.2 -27.2
2024_0412_12:41:31 17 -3.9 -2.9
2024_0412_12:42:52 17 -41.0 39.5
2024_0412_12:42:56 17 4.3 8.65
2024_0412_12:45:00 17 7.65 6.75
2024_0412_12:45:28 17 -5.15 -0.1
2024_0412_12:45:37 17 26.65 23.15
2024_0412_12:45:39 17 5.7 2.8
2024_0412_12:45:50 17 3.3 -4.25
2024_0412_12:45:50 17 38.5 -15.5
2024_0412_12:45:56 17 -2.2 0.2
2024_0412_12:46:04 17 1.6 3.1
2024_0412_12:46:20 17 -1.6 -8.5
2024_0412_12:46:37 17 0.75 1.05
2024_0412_12:47:07 17 15.15 -15.35
2024_0412_12:48:15 18 -5.4 12.9
2024_0412_12:48:27 18 2.1 2.55
2024_0412_12:48:48 17 0.9 -0.3
2024_0412_12:49:08 18 -0.55 3.75
2024_0412_12:49:13 18 -3.5 3.6
2024_0412_12:51:04 18 -20.3 22.85
2024_0412_12:51:12 18 -1.05 0.05
2024_0412_12:51:21 18 9.2 -10.95
2024_0412_12:51:27 18 25.5 26.95
2024_0412_12:51:29 18 4.8 8.9
2024_0412_12:51:45 18 0.6 -0.75
2024_0412_12:52:04 18 -1.1 -3.1
2024_0412_12:52:40 18 -3.6 3.15
2024_0412_12:52:45 18 -48.7 48.65
2024_0412_12:52:55 18 1.35 -0.85
2024_0412_12:53:25 18 25.8 -28.0
2024_0412_12:54:03 18 -1.1 2.75
2024_0412_12:54:11 18 -49.95 99.9
2024_0412_12:54:57 18 -10.65 10.65
2024_0412_12:55:02 18 25.9 24.8
2024_0412_12:55:39 18 -13.15 -1.4
2024_0412_12:57:10 18 -0.25 -2.1
2024_0412_12:57:20 18 -0.55 3.9
2024_0412_12:57:22 18 21.95 -22.55
2024_0412_12:57:34 19 -10.4 -2.0
2024_0412_12:57:58 19 22.45 -15.35
2024_0412_12:58:42 19 -17.25 24.8
2024_0412_12:58:58 19 -37.7 39.15
2024_0412_12:59:01 19 70.45 -56.8
2024_0412_12:59:26 20 -6.95 2.5
2024_0412_12:59:50 19 8.85 12.25
2024_0412_13:00:03 20 2.75 0.5
2024_0412_13:00:12 20 9.65 -6.0
2024_0412_13:00:53 20 8.7 -3.1
2024_0412_13:01:02 20 38.2 -12.4
2024_0412_13:02:02 20 0.55 0.55
2024_0412_13:02:37 20 7.25 9.6
2024_0412_13:03:03 20 -15.85 19.3
2024_0412_13:03:20 20 4.25 -1.6
2024_0412_13:03:21 20 4.45 -1.85
2024_0412_13:03:26 20 -2.3 -1.0
2024_0412_13:03:57 20 0.3 -0.4
2024_0412_13:04:35 20 -8.5 24.75
2024_0412_13:05:11 14 33.25 -32.6
2024_0412_13:05:14 16 -36.35 39.35
2024_0412_13:05:54 17 12.25 -11.45
2024_0412_13:05:55 17 -2.05 2.85
2024_0412_13:06:04 15 -26.05 23.6
2024_0412_13:06:34 17 16.5 -10.85
2024_0412_13:06:43 17 3.15 3.15
2024_0412_13:06:46 17 -1.45 2.4
2024_0412_13:08:09 18 8.75 -2.1
2024_0412_13:08:10 18 5.95 9.2
2024_0412_13:14:03 4 -5.65 1.8
2024_0412_13:14:03 6 22.9 23.2
2024_0412_13:14:03 11 -4.45 10.65
2024_0412_13:14:04 11 -1.85 0.7
2024_0412_13:14:04 8 2.55 16.2
2024_0412_13:14:04 5 22.55 21.0
2024_0412_13:14:05 7 4.45 4.35
2024_0412_13:14:05 11 -2.15 -3.65
2024_0412_13:14:05 11 0.75 3.3
2024_0412_13:14:08 3 9.3 9.15
2024_0412_13:14:08 1 23.4 24.6
2024_0412_13:14:09 9 26.8 27.45
2024_0412_13:14:18 7 6.1 3.8
2024_0412_13:14:20 2 3.35 8.25
2024_0412_13:15:14 10 5.55 7.9
2024_0412_13:15:30 10 7.4 7.1
2024_0412_13:19:49 11 4.45 7.6
2024_0412_13:19:51 11 0.3 -1.55
2024_0412_13:19:51 11 -1.8 -1.5
2024_0412_13:19:52 11 1.2 1.4
2024_0412_13:19:52 11 4.05 -1.6
2024_0412_13:19:52 11 -3.45 7.5
2024_0412_13:19:54 11 0.15 -2.2
2024_0412_13:19:54 11 -99.9 49.95
2024_0412_13:19:56 11 2.55 2.3
2024_0412_13:19:56 11 -15.05 15.8
2024_0412_13:19:56 11 0.55 2.45
2024_0412_13:19:57 11 -6.0 6.4
2024_0412_13:20:39 11 -2.3 2.8
2024_0412_13:20:46 11 13.0 11.0
2024_0412_13:22:08 11 -51.5 50.8
2024_0412_13:22:41 12 19.7 19.55
2024_0412_13:25:39 12 24.2 19.8
2024_0412_13:25:40 12 -3.7 -0.25
2024_0412_13:25:42 12 -0.85 0.3
2024_0412_13:25:44 12 -0.15 -3.2
2024_0412_13:25:44 12 -22.55 22.1
2024_0412_13:25:45 12 -1.65 3.3
2024_0412_13:25:46 12 2.45 1.95
2024_0412_13:25:49 12 0.2 -2.0
2024_0412_13:25:50 12 5.3 -6.05
2024_0412_13:25:51 12 19.1 15.1
2024_0412_13:25:51 12 -12.85 7.35
2024_0412_13:25:51 12 13.35 -4.15
2024_0412_13:26:51 12 -1.95 -0.1
2024_0412_13:26:59 13 -0.5 -0.8
2024_0412_13:29:12 13 3.0 -0.5
2024_0412_13:30:21 13 -2.2 -3.35
2024_0412_13:31:23 13 -0.3 -2.35
2024_0412_13:31:25 13 0.9 2.85
2024_0412_13:31:26 13 16.65 17.4
2024_0412_13:31:33 13 49.9 49.9
2024_0412_13:31:34 13 17.1 -16.65
2024_0412_13:31:34 13 -0.45 3.0
2024_0412_13:31:35 13 99.9 99.8
2024_0412_13:31:36 13 15.0 21.95
2024_0412_13:31:37 13 1.4 2.95
2024_0412_13:31:38 13 0.95 -4.0
2024_0412_13:31:38 13 0.5 2.05
2024_0412_13:31:39 13 9.15 0.95
2024_0412_13:33:01 13 -0.65 -0.6
2024_0412_13:33:12 13 -3.6 1.9
2024_0412_13:36:12 13 0.15 -0.05
2024_0412_13:37:14 13 11.05 12.1
2024_0412_13:37:16 13 -3.55 -1.2
2024_0412_13:37:16 13 2.95 2.9
2024_0412_13:37:22 13 0.1 14.2
2024_0412_13:37:25 13 11.85 -10.2
2024_0412_13:37:25 14 1.05 0.35
2024_0412_13:37:25 13 19.65 13.1
2024_0412_13:37:26 14 -1.5 -2.85
2024_0412_13:37:27 14 -0.1 3.55
2024_0412_13:37:29 14 -0.25 1.2
2024_0412_13:37:29 14 -29.7 34.3
2024_0412_13:37:31 14 -3.05 4.6
2024_0412_13:37:31 14 1.85 4.6
2024_0412_13:39:17 14 7.15 4.8
2024_0412_13:39:29 14 4.35 6.0
2024_0412_13:43:01 14 0.65 1.1
2024_0412_13:43:01 14 49.95 99.9
2024_0412_13:43:04 14 -3.85 15.4
2024_0412_13:43:06 14 1.8 4.9
2024_0412_13:43:08 14 0.15 -0.8
2024_0412_13:43:12 14 0.0 -1.05
2024_0412_13:43:13 14 4.25 2.55
2024_0412_13:43:15 14 -3.65 0.15
2024_0412_13:43:16 14 -5.2 0.3
2024_0412_13:43:16 14 39.3 -33.6
2024_0412_13:43:22 14 -1.45 2.65
2024_0412_13:43:22 14 -20.05 27.6
2024_0412_13:43:26 14 23.35 25.25
2024_0412_13:44:57 14 -23.1 17.1
2024_0412_13:45:27 14 2.0 -1.65
2024_0412_13:45:48 15 9.55 0.7
2024_0412_13:48:44 15 0.45 3.65
2024_0412_13:48:53 15 -0.65 3.15
2024_0412_13:48:56 15 -5.5 -6.2
2024_0412_13:49:01 15 28.15 -14.75
2024_0412_13:49:06 15 11.0 -5.15
2024_0412_13:49:07 15 -1.75 -2.05
2024_0412_13:49:08 15 15.05 16.1
2024_0412_13:49:14 15 -2.5 -0.15
2024_0412_13:49:15 15 1.5 -3.7
2024_0412_13:49:16 15 5.8 5.65
2024_0412_13:49:20 15 35.95 -37.5
2024_0412_13:50:20 15 -0.2 2.05
2024_0412_13:51:37 15 5.65 -1.95
2024_0412_13:51:57 15 2.25 -3.5
2024_0412_13:52:10 15 0.4 1.45
2024_0412_13:52:47 15 2.4 8.25
2024_0412_13:54:32 15 4.35 6.65
2024_0412_13:54:46 15 0.05 -0.95
2024_0412_13:54:52 15 2.1 2.25
2024_0412_13:54:53 15 14.8 14.55
2024_0412_13:54:58 15 2.45 -1.75
2024_0412_13:54:59 15 99.9 99.9
2024_0412_13:55:03 16 25.7 24.1
2024_0412_13:55:08 16 -13.85 12.0
2024_0412_13:55:08 16 -5.65 1.0
2024_0412_13:55:08 16 0.65 1.4
2024_0412_13:57:21 16 99.8 -49.85
2024_0412_13:57:21 16 -20.0 12.05
2024_0412_13:57:43 16 -17.45 20.25
2024_0412_13:58:16 16 15.55 15.7
2024_0412_13:59:25 16 6.8 8.8
2024_0412_13:59:43 16 16.55 -6.95
2024_0412_14:00:23 16 10.75 -12.5
2024_0412_14:00:42 16 2.55 0.55
2024_0412_14:00:44 17 3.3 0.4
2024_0412_14:00:49 16 -0.4 13.25
2024_0412_14:00:57 17 17.35 -2.3
2024_0412_14:00:58 17 -3.75 3.65
2024_0412_14:01:01 17 5.4 0.2
2024_0412_14:01:01 17 5.7 3.5
2024_0412_14:01:01 17 0.35 0.55
2024_0412_14:03:20 17 -2.25 9.7
2024_0412_14:04:01 17 -0.05 4.8
2024_0412_14:05:41 17 -4.65 0.45
2024_0412_14:05:42 17 -3.8 3.0
2024_0412_14:06:17 17 -1.45 2.15
2024_0412_14:06:28 17 9.2 7.05
2024_0412_14:06:31 17 1.9 -3.0
2024_0412_14:06:32 17 85.25 -58.7
2024_0412_14:06:36 17 40.95 -38.6
2024_0412_14:06:41 17 3.8 -1.15
2024_0412_14:06:53 17 11.9 -11.85
2024_0412_14:06:53 17 87.65 -85.35
2024_0412_14:06:54 17 -4.35 18.05
2024_0412_14:06:58 18 -6.65 5.55
2024_0412_14:07:07 18 42.9 -42.15
2024_0412_14:09:12 18 2.25 0.35
2024_0412_14:10:16 18 -21.9 22.7
2024_0412_14:10:17 18 -15.45 4.45
2024_0412_14:11:39 18 4.15 3.5
2024_0412_14:12:07 18 49.9 -100.0
2024_0412_14:12:22 18 4.15 0.5
2024_0412_14:12:27 18 0.7 4.85
2024_0412_14:12:27 18 -99.8 99.9
2024_0412_14:12:39 18 4.7 2.6
2024_0412_14:12:42 18 3.1 -3.5
2024_0412_14:12:43 18 1.35 -1.35
2024_0412_14:12:48 18 20.4 -26.4
2024_0412_14:12:50 18 2.95 0.25
2024_0412_14:12:54 18 9.25 11.2
2024_0412_14:13:00 18 1.7 0.85
2024_0412_14:13:30 18 0.85 -2.7
2024_0412_14:15:07 18 -13.8 17.2
2024_0412_14:16:31 18 0.2 0.4
2024_0412_14:17:35 19 11.95 -9.0
2024_0412_14:18:11 19 1.1 1.45
2024_0412_14:18:24 19 32.45 -26.75
2024_0412_14:18:25 18 3.15 5.45
2024_0412_14:18:26 19 -22.95 22.7
2024_0412_14:18:29 19 1.85 7.5
2024_0412_14:18:37 19 -4.4 -0.45
2024_0412_14:18:39 19 -4.85 0.45
2024_0412_14:18:42 19 0.3 0.95
2024_0412_14:18:46 19 25.95 -22.75
2024_0412_14:18:53 20 -99.9 -99.9
2024_0412_14:19:06 20 3.4 30.65
2024_0412_14:19:52 20 15.35 16.5
2024_0412_14:20:15 19 -7.35 3.5
2024_0412_14:22:42 20 -17.7 13.05
2024_0412_14:23:37 20 22.7 13.6
2024_0412_14:24:21 20 1.3 -0.4
2024_0412_14:24:22 20 5.15 -3.55
2024_0412_14:24:26 20 -1.75 -3.15
2024_0412_14:24:33 20 16.3 -5.85
2024_0412_14:24:35 20 11.5 -9.65
2024_0412_14:24:41 15 -0.35 0.6
2024_0412_14:24:46 16 25.25 25.55
2024_0412_14:24:51 16 12.1 -9.15
2024_0412_14:25:01 16 3.8 1.2
2024_0412_14:25:33 20 2.05 1.55
2024_0412_14:26:07 17 3.05 4.15
2024_0412_14:26:22 17 0.35 0.05
2024_0412_14:26:27 18 3.75 1.3
2024_0412_14:27:05 18 -0.4 9.35
2024_0412_14:29:12 20 -70.15 70.6
2024_0412_14:31:48 20 2.95 1.45
2024_0412_14:37:39 7 17.35 9.15
2024_0412_14:37:43 8 8.2 8.75
2024_0412_14:37:43 2 10.4 8.45
2024_0412_14:37:45 6 20.9 26.0
2024_0412_14:37:47 11 11.2 0.15
2024_0412_14:37:48 5 22.7 18.15
2024_0412_14:37:48 4 -1.95 -7.35
2024_0412_14:37:48 3 3.5 -1.8
2024_0412_14:37:49 1 20.45 23.25
2024_0412_14:37:50 7 9.95 4.65
2024_0412_14:37:50 11 20.2 23.85
2024_0412_14:37:50 10 6.65 -2.2
2024_0412_14:38:02 11 27.05 25.75
2024_0412_14:38:03 9 30.3 13.7
2024_0412_14:38:30 7 6.4 8.6
2024_0412_14:39:45 10 12.25 4.95
2024_0412_14:43:30 11 9.9 1.8
2024_0412_14:43:33 11 -3.05 -3.1
2024_0412_14:43:34 11 -1.9 -1.85
2024_0412_14:43:38 11 1.35 -5.85
2024_0412_14:43:41 11 -3.5 -0.85
2024_0412_14:43:41 11 8.3 9.2
2024_0412_14:43:41 11 1.0 -0.8
2024_0412_14:43:42 11 4.0 -3.1
2024_0412_14:43:44 11 -4.65 0.95
2024_0412_14:43:45 11 19.3 20.5
2024_0412_14:43:49 11 -0.4 2.45
2024_0412_14:43:51 11 4.45 6.1
2024_0412_14:44:13 11 1.5 11.4
2024_0412_14:44:15 11 6.2 5.6
2024_0412_14:45:52 11 18.2 18.55
2024_0412_14:46:53 11 6.8 5.55
2024_0412_14:49:25 11 16.0 3.45
2024_0412_14:49:27 11 24.3 22.75
2024_0412_14:49:29 11 4.1 0.3
2024_0412_14:49:30 11 -0.8 1.15
2024_0412_14:49:33 11 0.5 -0.7
2024_0412_14:49:35 11 11.6 -3.7
2024_0412_14:49:35 11 1.0 1.1
2024_0412_14:49:36 11 -31.2 35.15
2024_0412_14:49:43 12 1.15 -1.95
2024_0412_14:49:43 12 -2.45 0.55
2024_0412_14:49:45 12 3.85 4.8
2024_0412_14:49:45 12 26.15 25.15
2024_0412_14:50:19 12 -1.25 -4.1
2024_0412_14:50:25 12 0.8 -0.85
2024_0412_14:52:57 12 -16.5 25.5
2024_0412_14:53:45 12 -1.6 2.6
2024_0412_14:55:20 12 0.85 -0.1
2024_0412_14:55:22 12 -0.35 -2.15
2024_0412_14:55:22 12 2.15 3.75
2024_0412_14:55:24 12 25.85 34.3
2024_0412_14:55:24 12 0.75 0.75
2024_0412_14:55:27 12 0.55 -2.65
2024_0412_14:55:28 12 -1.85 14.7
2024_0412_14:55:29 12 99.8 -99.8
2024_0412_14:55:35 12 2.95 -2.2
2024_0412_14:55:38 12 25.4 26.8
2024_0412_14:55:39 12 1.4 1.75
2024_0412_14:55:46 12 1.5 -0.9
2024_0412_14:56:28 12 -1.15 -1.4
2024_0412_14:56:31 12 3.8 4.3
2024_0412_15:00:20 13 24.8 29.55
2024_0412_15:00:37 13 0.6 -1.9
2024_0412_15:01:16 13 -0.35 -4.0
2024_0412_15:01:18 13 3.4 2.05
2024_0412_15:01:19 13 21.25 21.2
2024_0412_15:01:20 13 4.95 6.6
2024_0412_15:01:20 13 23.45 22.7
2024_0412_15:01:20 13 99.9 -49.95
2024_0412_15:01:21 13 10.45 -1.9
2024_0412_15:01:24 13 24.7 25.65
2024_0412_15:01:32 13 -0.6 -1.4
2024_0412_15:01:33 13 1.35 2.35
2024_0412_15:01:34 13 49.85 -49.75
2024_0412_15:01:46 13 -7.75 7.3
2024_0412_15:02:35 13 9.45 -9.15
2024_0412_15:03:28 13 15.6 20.85
2024_0412_15:06:44 13 -6.45 18.55
2024_0412_15:07:06 13 99.8 49.95
2024_0412_15:07:09 13 24.6 22.9
2024_0412_15:07:10 13 -1.3 0.75
2024_0412_15:07:11 13 -0.2 2.85
2024_0412_15:07:15 13 -9.0 11.4
2024_0412_15:07:15 13 -2.6 11.6
2024_0412_15:07:16 13 -0.05 1.75
2024_0412_15:07:20 13 -11.55 9.65
2024_0412_15:07:23 13 12.2 -12.2
2024_0412_15:07:26 13 -0.25 -2.85
2024_0412_15:07:34 13 17.7 14.8
2024_0412_15:07:39 13 1.75 1.0
2024_0412_15:07:40 13 1.9 0.4
2024_0412_15:08:44 13 -1.9 1.45
2024_0412_15:10:53 13 -7.4 0.8
2024_0412_15:12:50 13 -25.15 24.1
2024_0412_15:12:59 13 -1.05 -1.15
2024_0412_15:13:01 13 0.35 0.85
2024_0412_15:13:03 14 49.75 -49.85
2024_0412_15:13:09 13 12.45 10.8
2024_0412_15:13:09 14 0.75 -3.7
2024_0412_15:13:10 14 99.7 -99.2
2024_0412_15:13:11 14 1.45 7.9
2024_0412_15:13:14 14 -12.6 11.85
2024_0412_15:13:22 14 -3.5 -2.55
2024_0412_15:13:24 14 2.6 3.6
2024_0412_15:13:32 14 -1.55 -8.45
2024_0412_15:13:41 14 19.7 19.75
2024_0412_15:14:50 14 2.3 1.65
2024_0412_15:15:12 14 -14.65 9.15
2024_0412_15:18:01 14 3.5 0.85
2024_0412_15:18:50 14 -4.9 22.25
2024_0412_15:18:56 14 -2.1 1.4
2024_0412_15:19:00 14 24.35 22.2
2024_0412_15:19:02 14 9.75 4.55
2024_0412_15:19:02 14 1.55 1.15
2024_0412_15:19:03 14 2.5 5.65
2024_0412_15:19:05 14 -3.2 0.15
2024_0412_15:19:06 14 6.55 1.4
2024_0412_15:19:17 14 -2.2 -1.0
2024_0412_15:19:35 14 21.0 20.45
2024_0412_15:19:43 14 4.0 -5.95
2024_0412_15:22:18 14 1.5 5.05
2024_0412_15:23:27 14 16.0 -5.2
2024_0412_15:23:58 14 1.25 0.4
2024_0412_15:24:15 14 4.55 -5.5
2024_0412_15:24:44 14 26.2 18.65
2024_0412_15:24:52 14 -2.25 2.9
2024_0412_15:24:55 15 3.5 -6.65
2024_0412_15:24:57 14 8.95 8.6
2024_0412_15:24:58 15 -0.35 -0.2
2024_0412_15:25:01 15 -2.15 0.95
2024_0412_15:25:01 15 0.65 -1.15
2024_0412_15:25:09 14 9.05 -17.4
2024_0412_15:25:14 15 -5.8 0.25
2024_0412_15:25:34 15 49.85 -49.95
2024_0412_15:25:41 15 -2.2 10.3
2024_0412_15:27:33 14 5.2 3.6
2024_0412_15:29:25 15 50.0 -49.95
2024_0412_15:30:06 15 -11.45 11.7
2024_0412_15:30:07 15 -2.15 -1.2
2024_0412_15:30:33 15 -3.6 1.0
2024_0412_15:30:45 15 -0.55 1.75
2024_0412_15:30:51 15 -16.0 18.15
2024_0412_15:30:53 15 -5.35 3.75
2024_0412_15:30:53 15 -2.05 1.5
2024_0412_15:30:56 15 -0.8 -3.2
2024_0412_15:30:58 15 7.5 -1.95
2024_0412_15:31:15 15 0.55 -0.1
2024_0412_15:31:29 15 2.0 0.5
2024_0412_15:31:39 15 23.05 18.5
2024_0412_15:32:21 15 3.5 -0.5
2024_0412_15:33:53 15 8.05 1.8
2024_0412_15:35:18 15 2.6 -0.65
2024_0412_15:35:22 15 21.7 25.75
2024_0412_15:36:15 15 0.7 -1.1
2024_0412_15:36:24 15 27.5 11.1
2024_0412_15:36:36 15 0.85 0.1
2024_0412_15:36:43 15 1.8 10.65
2024_0412_15:36:49 15 23.05 11.1
2024_0412_15:36:52 15 -2.4 -0.9
2024_0412_15:36:52 15 7.4 9.7
2024_0412_15:37:13 15 -0.2 -0.35
2024_0412_15:37:32 15 -0.55 8.1
2024_0412_15:37:39 15 4.9 -0.85
2024_0412_15:39:39 16 8.6 0.75
2024_0412_15:40:47 16 19.1 14.7
2024_0412_15:41:06 16 4.1 8.1
2024_0412_15:41:16 16 6.55 -2.25
2024_0412_15:41:49 16 12.9 24.6
2024_0412_15:41:53 16 0.5 1.5
2024_0412_15:42:13 16 -1.45 1.8
2024_0412_15:42:29 16 3.05 9.15
2024_0412_15:42:37 16 1.25 -7.05
2024_0412_15:42:43 16 24.7 21.55
2024_0412_15:42:46 16 11.2 3.8
2024_0412_15:42:47 16 8.9 -4.7
2024_0412_15:43:07 16 2.5 1.7
2024_0412_15:43:27 16 0.5 1.1
2024_0412_15:43:38 16 -10.85 10.6
2024_0412_15:45:53 16 2.75 -2.55
2024_0412_15:46:43 16 6.0 -2.95
2024_0412_15:47:10 16 -22.95 33.8
2024_0412_15:47:11 16 9.85 -9.75
2024_0412_15:48:04 16 -2.8 -0.15
2024_0412_15:48:21 16 17.25 -4.6
2024_0412_15:48:37 16 23.05 20.2
2024_0412_15:48:40 17 38.3 -12.7
2024_0412_15:48:41 17 0.75 0.7
2024_0412_15:48:41 17 11.5 -7.35
2024_0412_15:48:42 16 12.9 5.6
2024_0412_15:49:03 17 2.3 0.95
2024_0412_15:49:22 17 6.8 5.1
2024_0412_15:49:26 16 23.6 13.85
2024_0412_15:49:35 17 16.0 -19.3
2024_0412_15:49:36 16 6.0 -3.4
2024_0412_15:52:11 17 21.8 20.15
2024_0412_15:52:36 17 11.5 1.25
2024_0412_15:53:01 17 -0.45 0.05
2024_0412_15:53:07 17 4.3 2.15
2024_0412_15:54:06 17 8.15 4.5
2024_0412_15:54:19 17 9.3 -11.2
2024_0412_15:54:31 17 19.8 19.6
2024_0412_15:54:35 17 -0.95 -0.7
2024_0412_15:54:38 17 14.6 8.2
2024_0412_15:54:38 17 -6.6 2.25
2024_0412_15:54:51 17 -1.5 -3.45
2024_0412_15:55:01 17 2.1 0.65
2024_0412_15:55:25 17 5.95 9.95
2024_0412_15:55:34 17 -0.2 -1.0
2024_0412_15:56:48 17 16.75 23.15
2024_0412_15:57:09 17 2.65 -1.95
2024_0412_15:58:27 17 -4.4 2.55
2024_0412_15:58:30 17 3.25 0.1
2024_0412_15:58:53 17 -4.65 1.45
2024_0412_15:59:04 17 1.0 13.7
2024_0412_16:00:02 17 1.8 3.1
2024_0412_16:00:15 17 3.6 21.6
2024_0412_16:00:25 17 20.5 20.65
2024_0412_16:00:32 18 20.4 24.55
2024_0412_16:00:33 18 -13.6 7.5
2024_0412_16:00:34 18 -5.6 2.2
2024_0412_16:01:00 18 -11.85 23.9
2024_0412_16:01:05 18 -0.7 2.15
2024_0412_16:01:24 18 -3.95 -2.15
2024_0412_16:01:31 18 -1.7 0.0
2024_0412_16:03:52 18 -1.8 2.3
2024_0412_16:04:28 18 -46.6 45.25
2024_0412_16:04:42 18 3.45 1.75
2024_0412_16:04:47 18 -1.65 -1.55
2024_0412_16:04:57 18 -34.15 32.25
2024_0412_16:05:09 18 -7.3 -4.35
2024_0412_16:05:55 18 31.25 -10.25
2024_0412_16:06:09 18 -0.05 -3.75
2024_0412_16:06:25 18 -0.1 -1.75
2024_0412_16:06:27 18 16.9 30.65
2024_0412_16:06:28 18 13.0 -10.05
2024_0412_16:06:29 18 -1.05 -0.85
2024_0412_16:06:53 18 -2.9 6.5
2024_0412_16:07:19 18 28.0 25.65
2024_0412_16:07:22 18 -5.7 12.15
2024_0412_16:07:27 18 4.45 -3.25
2024_0412_16:10:24 18 -0.95 -1.7
2024_0412_16:10:42 18 2.9 0.55
2024_0412_16:10:55 18 -1.75 9.3
2024_0412_16:10:56 18 -10.0 14.5
2024_0412_16:10:59 18 6.5 2.2
2024_0412_16:11:49 18 -13.4 13.3
2024_0412_16:12:08 18 0.25 9.25
2024_0412_16:12:15 18 99.9 -49.95
2024_0412_16:12:15 18 -1.0 2.05
2024_0412_16:12:20 18 47.2 -48.05
2024_0412_16:12:27 18 29.75 25.2
2024_0412_16:12:57 19 2.5 -2.85
2024_0412_16:13:06 18 23.1 21.55
2024_0412_16:13:18 19 12.35 -6.85
2024_0412_16:13:22 19 -17.2 14.2
2024_0412_16:13:33 19 81.6 -76.4
2024_0412_16:16:24 19 0.05 5.15
2024_0412_16:16:35 19 16.65 -17.9
2024_0412_16:16:51 19 49.85 -49.9
2024_0412_16:17:12 19 24.0 -28.5
2024_0412_16:17:40 19 -0.2 1.05
2024_0412_16:17:59 19 99.9 99.9
2024_0412_16:18:07 19 12.2 -15.15
2024_0412_16:18:16 19 18.0 14.6
2024_0412_16:18:18 19 -99.8 99.9
2024_0412_16:18:32 19 2.9 -1.1
2024_0412_16:18:40 19 -49.9 49.9
2024_0412_16:18:50 19 -49.05 49.05
2024_0412_16:19:12 19 7.6 5.2
2024_0412_16:19:15 19 -1.85 0.7
2024_0412_16:19:48 20 1.4 2.6
2024_0412_16:20:58 19 80.7 -79.7
2024_0412_16:22:20 20 15.3 -12.95
2024_0412_16:22:24 20 -5.1 8.7
2024_0412_16:22:51 20 -1.85 -1.25
2024_0412_16:23:31 20 14.2 2.75
2024_0412_16:23:34 20 25.05 19.75
2024_0412_16:23:51 20 3.75 -0.05
2024_0412_16:24:01 20 2.9 19.5
2024_0412_16:24:38 20 -7.75 8.25
2024_0412_16:24:45 20 -1.8 1.55
2024_0412_16:25:08 20 6.65 16.0
2024_0412_16:25:10 20 21.4 21.6
2024_0412_16:25:49 20 12.05 -10.95
2024_0412_16:26:03 20 -2.5 1.7
2024_0412_16:26:20 20 -4.7 3.7
2024_0412_16:28:00 20 2.9 1.25
2024_0412_16:28:09 20 3.1 0.7
2024_0412_16:28:14 20 -6.2 0.1
2024_0412_16:28:30 20 6.95 -6.15
2024_0412_16:28:35 14 1.55 0.65
2024_0412_16:29:19 14 0.3 0.4
2024_0412_16:29:37 15 18.0 28.5
2024_0412_16:29:39 14 1.0 6.8
2024_0412_16:29:48 15 -0.45 -1.45
2024_0412_16:30:22 15 2.1 -2.85
2024_0412_16:30:31 16 -0.8 4.1
2024_0412_16:30:57 20 -42.65 52.7
2024_0412_16:38:51 20 10.55 2.6
2024_0412_16:44:42 2 10.55 11.65
2024_0412_16:44:43 7 10.6 1.45
2024_0412_16:44:43 7 8.05 5.4
2024_0412_16:44:43 7 0.1 -1.1
2024_0412_16:44:44 7 1.2 -3.3
2024_0412_16:44:45 7 -3.9 0.8
2024_0412_16:44:45 7 -1.15 3.85
2024_0412_16:44:46 2 -2.65 7.75
2024_0412_16:44:47 1 23.4 23.05
2024_0412_16:44:48 7 2.5 2.2
2024_0412_16:44:51 4 1.15 13.5
2024_0412_16:45:03 7 9.2 11.45
2024_0412_16:45:04 7 5.45 12.6
2024_0412_16:46:13 6 24.0 20.9
2024_0412_16:47:19 3 -8.0 3.2
2024_0412_16:49:06 7 6.4 14.85
2024_0412_16:50:30 8 2.7 10.95
2024_0412_16:50:34 9 20.6 25.25
2024_0412_16:50:34 10 2.0 -0.25
2024_0412_16:50:37 10 14.65 8.25
2024_0412_16:50:38 10 4.65 14.0
2024_0412_16:50:39 11 21.3 19.55
2024_0412_16:50:39 10 10.1 -7.1
2024_0412_16:50:40 11 0.5 2.75
2024_0412_16:50:41 11 -1.1 -1.6
2024_0412_16:50:42 10 3.2 6.4
2024_0412_16:51:12 11 19.55 22.55
2024_0412_16:51:38 11 22.5 19.5
2024_0412_16:53:21 11 -1.25 -2.1
2024_0412_16:53:28 11 -99.9 99.8
2024_0412_16:54:22 11 -49.9 49.95
2024_0412_16:54:56 11 6.15 12.15
2024_0412_16:56:18 11 -0.8 -0.85
2024_0412_16:56:21 11 2.2 3.35
2024_0412_16:56:21 11 -49.95 99.9
2024_0412_16:56:21 11 -6.75 0.9
2024_0412_16:56:26 11 23.2 28.85
2024_0412_16:56:26 11 -0.95 0.5
2024_0412_16:56:29 11 -4.85 1.25
2024_0412_16:56:29 11 -2.9 1.9
2024_0412_16:56:32 11 -13.25 1.1
2024_0412_16:56:33 11 2.75 13.2
2024_0412_16:57:18 11 -1.05 1.85
2024_0412_16:57:24 11 -0.2 -0.7
2024_0412_16:59:38 11 23.45 23.75
2024_0412_16:59:51 11 -1.85 2.1
2024_0412_17:00:38 11 2.35 -3.2
2024_0412_17:02:04 11 0.5 2.75
2024_0412_17:02:07 11 -1.45 -0.15
2024_0412_17:02:08 11 -3.25 -0.4
2024_0412_17:02:09 11 0.0 -1.65
2024_0412_17:02:14 11 4.1 9.35
2024_0412_17:02:16 11 6.7 1.25
2024_0412_17:02:18 11 9.25 11.5
2024_0412_17:02:22 11 1.45 -1.2
2024_0412_17:02:22 11 -2.0 -1.65
2024_0412_17:02:25 11 -4.65 5.4
2024_0412_17:03:09 11 3.15 0.95
2024_0412_17:03:18 11 8.4 0.95
2024_0412_17:03:26 11 23.2 20.2
2024_0412_17:05:46 11 4.3 -0.1
2024_0412_17:06:21 11 -1.45 -0.25
2024_0412_17:06:49 11 -1.1 3.05
2024_0412_17:07:51 11 49.95 -99.9
2024_0412_17:07:52 11 -3.6 0.0
2024_0412_17:07:56 11 0.15 2.15
2024_0412_17:07:56 11 -2.2 -2.6
2024_0412_17:08:02 11 -10.1 0.3
2024_0412_17:08:05 11 0.35 0.75
2024_0412_17:08:08 11 -3.65 -0.85
2024_0412_17:08:13 11 -2.75 -1.8
2024_0412_17:08:14 11 -0.95 4.65
2024_0412_17:08:17 11 0.0 1.7
2024_0412_17:09:07 11 0.05 1.5
2024_0412_17:09:32 11 -1.1 4.35
2024_0412_17:11:51 11 3.95 -0.45
2024_0412_17:12:08 11 99.8 99.8
2024_0412_17:12:11 11 7.85 -0.95
2024_0412_17:13:36 11 5.4 -3.85
2024_0412_17:13:40 11 10.85 -1.1
2024_0412_17:13:41 11 -3.5 2.1
2024_0412_17:13:42 11 -0.45 -1.6
2024_0412_17:13:52 11 0.6 11.05
2024_0412_17:13:54 11 18.25 -13.95
2024_0412_17:13:59 11 21.75 22.6
2024_0412_17:13:59 11 11.95 5.1
2024_0412_17:14:00 11 -50.0 -99.8
2024_0412_17:14:04 11 -2.25 1.7
2024_0412_17:14:12 11 -0.15 -2.0
2024_0412_17:14:56 11 -1.2 0.95
2024_0412_17:15:36 11 0.85 -0.25
2024_0412_17:17:55 11 -49.95 99.9
2024_0412_17:18:00 11 1.4 2.05
2024_0412_17:18:51 11 4.75 2.1
2024_0412_17:19:23 11 -4.55 -4.1
2024_0412_17:19:27 11 -0.6 3.25
2024_0412_17:19:27 11 2.1 -1.3
2024_0412_17:19:34 11 1.3 -0.85
2024_0412_17:19:42 11 -0.05 4.55
2024_0412_17:19:45 11 -3.1 -0.5
2024_0412_17:19:46 11 0.35 2.85
2024_0412_17:19:47 11 -0.05 3.85
2024_0412_17:19:49 11 -99.9 -99.8
2024_0412_17:19:55 11 25.5 20.95
2024_0412_17:20:43 11 0.55 -0.1
2024_0412_17:21:40 11 -5.95 -1.35
2024_0412_17:22:50 11 -3.2 1.65
2024_0412_17:23:57 11 -1.1 9.05
2024_0412_17:24:00 11 -1.15 -0.05
2024_0412_17:25:08 11 0.9 2.85
2024_0412_17:25:12 11 0.25 -0.75
2024_0412_17:25:13 11 -3.6 -0.15
2024_0412_17:25:16 11 4.3 7.6
2024_0412_17:25:18 11 26.05 21.65
2024_0412_17:25:34 11 18.8 37.25
2024_0412_17:25:37 11 -1.35 0.85
2024_0412_17:25:37 11 24.8 29.05
2024_0412_17:25:42 11 23.5 25.0
2024_0412_17:25:45 11 23.3 21.25
2024_0412_17:26:29 11 -2.25 -2.95
2024_0412_17:27:45 11 1.85 -1.6
2024_0412_17:29:22 11 -0.1 3.25
2024_0412_17:29:47 11 -2.9 3.25
2024_0412_17:29:48 11 11.2 2.95
2024_0412_17:30:09 11 2.0 0.3
2024_0412_17:30:59 11 21.8 23.55
2024_0412_17:31:02 11 17.65 1.3
2024_0412_17:31:03 11 1.8 -0.1
2024_0412_17:31:05 11 9.3 12.1
2024_0412_17:31:08 11 9.7 6.0
2024_0412_17:31:21 11 -2.65 0.05
2024_0412_17:31:23 11 1.7 3.65
2024_0412_17:31:26 11 1.5 -0.1
2024_0412_17:31:29 11 3.25 2.85
2024_0412_17:31:39 11 3.65 3.75
2024_0412_17:32:16 11 -99.9 49.95
2024_0412_17:35:35 11 -99.95 99.95
2024_0412_17:35:37 11 1.25 -1.7
2024_0412_17:35:54 11 14.55 18.9
2024_0412_17:36:02 11 0.3 1.2
2024_0412_17:36:50 11 -3.1 2.65
2024_0412_17:36:55 11 4.9 -1.45
2024_0412_17:36:56 11 0.8 0.3
2024_0412_17:36:57 11 24.4 6.95
2024_0412_17:36:58 11 -0.6 -0.35
2024_0412_17:37:06 11 1.25 1.3
2024_0412_17:37:06 11 99.9 -49.95
2024_0412_17:37:09 11 -1.05 0.85
2024_0412_17:37:12 11 49.9 -99.7
2024_0412_17:37:22 11 6.7 9.55
2024_0412_17:37:30 11 3.0 -0.25
2024_0412_17:38:03 11 1.4 -2.65
2024_0412_17:41:23 11 3.0 -2.0
2024_0412_17:41:43 11 0.05 0.3
2024_0412_17:41:58 11 -1.3 0.0
2024_0412_17:42:39 11 1.7 7.95
2024_0412_17:42:42 11 2.65 -1.35
2024_0412_17:42:43 11 -2.55 1.1
2024_0412_17:42:46 11 -3.75 -1.3
2024_0412_17:42:47 11 -1.75 -1.45
2024_0412_17:42:57 12 1.9 -4.0
2024_0412_17:42:59 12 21.45 25.45
2024_0412_17:43:03 12 2.8 0.35
2024_0412_17:43:20 12 17.55 21.65
2024_0412_17:43:24 12 10.3 21.9
2024_0412_17:43:48 12 -5.15 2.05
2024_0412_17:44:01 11 0.45 1.85
2024_0412_17:45:41 11 -2.0 -2.65
2024_0412_17:47:09 12 99.9 99.8
2024_0412_17:47:46 12 99.9 99.9
2024_0412_17:48:02 12 -99.9 49.95
2024_0412_17:48:30 12 -2.25 0.7
2024_0412_17:48:33 12 7.45 4.9
2024_0412_17:48:34 12 -1.5 4.4
2024_0412_17:48:36 12 1.95 7.3
2024_0412_17:48:37 12 25.0 26.4
2024_0412_17:48:46 12 0.95 -1.05
2024_0412_17:48:46 12 -18.05 13.25
2024_0412_17:48:52 12 0.55 0.75
2024_0412_17:49:10 12 -99.8 100.0
2024_0412_17:49:13 12 -0.5 -2.15
2024_0412_17:49:39 12 18.15 20.35
2024_0412_17:50:37 12 1.2 -4.0
2024_0412_17:53:02 12 2.05 1.15
2024_0412_17:53:24 12 -2.3 3.3
2024_0412_17:53:51 12 18.45 23.0
2024_0412_17:54:07 12 3.05 -2.05
2024_0412_17:54:21 12 -2.15 1.25
2024_0412_17:54:22 12 0.8 1.35
2024_0412_17:54:27 12 0.75 -5.75
2024_0412_17:54:37 12 11.0 10.35
2024_0412_17:54:43 12 17.1 17.5
2024_0412_17:54:43 12 3.9 -1.65
2024_0412_17:54:44 12 22.0 28.85
2024_0412_17:55:05 12 3.85 -1.0
2024_0412_17:55:31 12 -0.25 -2.8
2024_0412_17:55:56 12 28.55 28.5
2024_0412_17:56:28 12 -1.8 -0.05
2024_0412_17:57:00 12 -2.4 0.65
2024_0412_17:58:51 12 6.85 -0.7
2024_0412_17:59:15 12 4.9 -0.05
2024_0412_17:59:57 12 0.05 5.3
2024_0412_18:00:10 12 -1.4 0.65
2024_0412_18:00:13 12 18.35 19.9
2024_0412_18:00:17 12 2.3 -1.55
2024_0412_18:00:19 12 2.65 5.8
2024_0412_18:00:28 12 -4.6 3.8
2024_0412_18:00:29 12 -0.1 -0.7
2024_0412_18:00:34 12 17.0 1.3
2024_0412_18:00:36 12 6.2 -3.95
2024_0412_18:00:59 12 26.55 42.75
2024_0412_18:01:19 12 -4.7 -0.2
2024_0412_18:02:25 12 16.9 24.1
2024_0412_18:04:21 12 -4.65 6.35
2024_0412_18:04:44 12 21.85 14.1
2024_0412_18:05:08 12 25.5 20.5
2024_0412_18:05:35 12 19.35 21.85
2024_0412_18:06:00 12 -32.35 23.45
2024_0412_18:06:03 12 -4.2 3.1
2024_0412_18:06:04 12 -0.9 3.65
2024_0412_18:06:07 12 5.25 0.25
2024_0412_18:06:11 12 -0.55 -3.3
2024_0412_18:06:20 12 3.25 -7.1
2024_0412_18:06:24 12 3.3 14.3
2024_0412_18:06:30 12 8.9 -3.7
2024_0412_18:06:31 12 -1.5 -6.75
2024_0412_18:06:51 12 1.4 -2.9
2024_0412_18:07:09 12 -6.75 11.5
2024_0412_18:08:18 12 1.95 -2.15
2024_0412_18:10:33 12 0.35 -1.2
2024_0412_18:11:00 12 19.85 21.5
2024_0412_18:11:44 12 0.2 2.05
2024_0412_18:11:55 12 0.8 14.3
2024_0412_18:11:55 12 -3.05 1.35
2024_0412_18:12:00 12 3.05 -4.5
2024_0412_18:12:08 12 -0.7 5.15
2024_0412_18:12:10 12 5.35 1.35
2024_0412_18:12:14 12 -1.4 1.9
2024_0412_18:12:24 12 18.05 30.4
2024_0412_18:12:41 12 -2.05 4.55
2024_0412_18:12:43 12 0.45 -3.45
2024_0412_18:13:01 12 -11.8 8.75
2024_0412_18:13:10 12 19.35 26.1
2024_0412_18:13:31 12 3.2 0.9
2024_0412_18:14:10 12 8.2 14.6
2024_0412_18:16:19 12 1.4 0.5
2024_0412_18:16:47 12 49.9 49.9
2024_0412_18:17:32 12 -1.2 -4.9
2024_0412_18:17:44 12 19.85 24.6
2024_0412_18:17:46 12 2.25 0.2
2024_0412_18:17:50 12 3.95 -0.2
2024_0412_18:17:53 12 -99.7 -99.95
2024_0412_18:18:04 12 8.2 -8.05
2024_0412_18:18:18 12 2.6 11.35
2024_0412_18:18:19 12 11.1 -3.9
2024_0412_18:18:42 12 20.45 18.65
2024_0412_18:18:49 12 -49.9 -99.8
2024_0412_18:18:56 12 2.65 -7.6
2024_0412_18:20:03 12 12.4 46.6
2024_0412_18:21:23 12 31.55 26.35
2024_0412_18:21:52 12 23.0 27.5
2024_0412_18:22:07 12 22.5 18.75
2024_0412_18:22:41 12 10.95 3.1
2024_0412_18:23:21 12 -57.25 56.2
2024_0412_18:23:37 12 33.8 -29.7
2024_0412_18:23:38 12 -4.85 8.75
2024_0412_18:23:42 12 23.9 25.75
2024_0412_18:23:45 12 12.65 18.5
2024_0412_18:23:55 12 9.4 30.6
2024_0412_18:24:04 12 -0.8 3.35
2024_0412_18:24:25 12 -1.0 3.5
2024_0412_18:24:37 12 20.2 21.85
2024_0412_18:24:48 13 24.05 24.55
2024_0412_18:25:00 13 -1.9 2.1
2024_0412_18:25:58 13 11.9 -10.85
2024_0412_18:27:50 13 0.2 -1.45
2024_0412_18:28:22 13 -2.65 4.35
2024_0412_18:28:34 13 -30.9 28.2
2024_0412_18:29:08 13 11.2 -10.0
2024_0412_18:29:19 13 0.1 2.45
2024_0412_18:29:25 13 -0.4 -0.8
2024_0412_18:29:26 13 -1.15 9.5
2024_0412_18:29:36 13 -3.85 -0.4
2024_0412_18:29:47 13 2.65 17.15
2024_0412_18:30:00 13 21.5 23.1
2024_0412_18:30:25 13 -3.15 -0.6
2024_0412_18:30:32 13 2.0 0.4
2024_0412_18:30:35 13 4.4 1.8
2024_0412_18:31:10 13 -51.25 51.9
2024_0412_18:31:52 13 1.55 3.0
2024_0412_18:32:32 13 53.1 -49.35
2024_0412_18:33:41 13 0.05 -4.05
2024_0412_18:34:15 13 0.55 0.6
2024_0412_18:35:03 13 -0.5 3.35
2024_0412_18:35:15 13 -1.85 2.15
2024_0412_18:35:29 13 6.55 13.15
2024_0412_18:35:29 13 3.9 -0.95
2024_0412_18:35:33 13 -24.75 27.65
2024_0412_18:36:00 13 -1.05 -2.95
2024_0412_18:36:07 13 -1.7 -2.3
2024_0412_18:36:17 13 0.25 -0.4
2024_0412_18:36:17 13 -99.9 -99.9
2024_0412_18:36:25 13 2.85 1.8
2024_0412_18:36:42 13 -4.05 6.1
2024_0412_18:37:22 13 -1.5 -3.65
2024_0412_18:37:48 13 -4.75 0.4
2024_0412_18:38:30 13 8.2 1.9
2024_0412_18:39:35 13 -22.65 31.8
2024_0412_18:40:04 13 1.4 -1.35
2024_0412_18:40:52 13 6.8 -0.6
2024_0412_18:41:08 13 -1.15 -0.35
2024_0412_18:41:24 13 -3.75 -0.55
2024_0412_18:41:25 13 8.3 -9.8
2024_0412_18:41:48 13 0.7 1.1
2024_0412_18:42:11 13 26.85 27.55
2024_0412_18:42:13 13 -99.7 49.85
2024_0412_18:42:27 13 -0.35 -0.45
2024_0412_18:42:52 13 -1.9 2.55
2024_0412_18:43:31 13 3.3 -2.25
2024_0412_18:43:37 13 -0.35 -5.05
2024_0412_18:43:56 13 22.65 28.2
2024_0412_18:44:21 13 -25.25 27.5
2024_0412_18:44:38 13 1.65 1.15
2024_0412_18:45:20 13 -2.3 -1.0
2024_0412_18:45:51 13 -1.75 -2.7
2024_0412_18:46:41 13 -2.2 18.65
2024_0412_18:46:54 13 -10.25 12.75
2024_0412_18:47:12 13 -0.7 -0.05
2024_0412_18:47:18 13 6.2 4.95
2024_0412_18:47:39 13 -0.7 -5.85
2024_0412_18:48:00 13 0.65 -0.9
2024_0412_18:48:02 13 -49.95 99.9
2024_0412_18:48:15 13 12.35 -11.9
2024_0412_18:49:01 13 20.85 23.85
2024_0412_18:49:34 13 8.3 6.8
2024_0412_18:49:45 13 16.6 -9.8
2024_0412_18:50:10 13 0.45 1.95
2024_0412_18:51:11 13 -15.75 18.2
2024_0412_18:51:37 13 2.45 0.15
2024_0412_18:52:11 13 -1.65 -2.85
2024_0412_18:52:34 13 -11.55 5.8
2024_0412_18:52:41 13 2.6 1.6
2024_0412_18:53:02 13 2.3 -3.0
2024_0412_18:53:10 13 -8.15 11.5
2024_0412_18:53:16 13 -99.95 -99.8
2024_0412_18:53:27 13 0.95 5.05
2024_0412_18:53:50 13 -6.35 9.0
2024_0412_18:53:54 13 -4.0 1.95
2024_0412_18:54:01 13 0.05 -1.1
2024_0412_18:55:09 13 18.45 17.8
2024_0412_18:55:25 13 50.0 -99.9
2024_0412_18:55:54 13 8.0 11.8
2024_0412_18:55:59 13 -12.3 5.85
2024_0412_18:57:00 13 8.25 4.15
2024_0412_18:57:22 13 19.45 23.35
2024_0412_18:58:27 13 20.6 23.95
2024_0412_18:58:29 13 0.4 1.9
2024_0412_18:58:55 13 -14.65 18.6
2024_0412_18:58:58 13 1.45 0.95
2024_0412_18:59:20 13 2.7 -8.55
2024_0412_18:59:40 13 16.35 -16.6
2024_0412_18:59:43 13 -1.35 -2.35
2024_0412_18:59:53 13 14.85 5.35
2024_0412_19:01:02 13 0.55 -2.85
2024_0412_19:01:16 13 3.6 -1.6
2024_0412_19:01:16 13 -3.05 0.25
2024_0412_19:01:20 13 -16.45 16.0
2024_0412_19:01:46 13 49.95 -49.95
2024_0412_19:02:05 13 -1.6 1.3
2024_0412_19:02:51 13 2.6 -3.0
2024_0412_19:03:11 13 2.85 -0.8
2024_0412_19:04:16 13 -1.35 -1.0
2024_0412_19:04:20 13 0.8 3.75
2024_0412_19:04:44 13 24.2 24.65
2024_0412_19:05:11 13 -2.4 14.1
2024_0412_19:05:32 13 -2.45 1.2
2024_0412_19:07:25 13 1.3 -2.85
2024_0412_19:07:37 13 45.35 -8.4
2024_0412_19:08:16 13 -25.45 26.4
2024_0412_19:08:29 13 15.9 23.05
2024_0412_19:08:42 13 -5.4 -1.8
2024_0412_19:08:46 13 -4.7 -0.65
2024_0412_19:09:01 13 14.2 17.3
2024_0412_19:09:15 13 0.45 10.15
2024_0412_19:09:20 13 -4.4 -0.95
2024_0412_19:10:11 13 15.3 13.5
2024_0412_19:10:12 13 2.3 -2.9
2024_0412_19:10:23 13 11.8 21.9
2024_0412_19:11:01 13 2.95 4.85
2024_0412_19:11:22 13 2.3 -3.6
2024_0412_19:11:54 13 11.6 12.1
2024_0412_19:13:26 13 2.6 1.35
2024_0412_19:13:33 13 7.3 4.0
2024_0412_19:14:22 13 4.55 0.35
2024_0412_19:14:31 13 1.4 -0.05
2024_0412_19:14:33 13 34.8 17.15
2024_0412_19:14:43 13 20.9 16.7
2024_0412_19:14:52 13 -4.8 2.9
2024_0412_19:15:04 13 -0.6 -1.25
2024_0412_19:15:11 13 2.4 -3.2
2024_0412_19:15:34 13 1.7 -3.0
2024_0412_19:16:01 13 -0.75 -1.35
2024_0412_19:16:02 13 -0.8 0.75
2024_0412_19:16:58 13 -1.8 -2.15
2024_0412_19:17:15 13 -1.1 3.1
2024_0412_19:17:57 13 10.95 11.6
2024_0412_19:19:18 13 -0.5 -0.95
2024_0412_19:19:42 13 -22.15 23.4
2024_0412_19:19:44 13 -1.4 -0.15
2024_0412_19:20:18 13 -0.8 2.9
2024_0412_19:20:28 13 19.35 17.55
2024_0412_19:20:41 13 7.9 2.15
2024_0412_19:20:45 13 -2.6 -0.45
2024_0412_19:20:58 13 3.4 6.55
2024_0412_19:21:02 13 -0.4 4.0
2024_0412_19:21:06 13 -0.95 -4.15
2024_0412_19:21:53 13 50.95 -52.55
2024_0412_19:21:55 13 21.75 27.3
2024_0412_19:21:59 13 -1.25 -1.15
2024_0412_19:22:55 13 -2.95 12.7
2024_0412_19:23:09 13 -14.45 9.15
2024_0412_19:23:48 13 1.95 -4.55
2024_0412_19:25:08 13 0.9 -0.55
2024_0412_19:25:54 13 34.3 16.8
2024_0412_19:26:09 13 13.9 -25.0
2024_0412_19:26:18 13 -6.25 8.25
2024_0412_19:26:29 13 1.35 1.6
2024_0412_19:26:30 13 -31.65 33.6
2024_0412_19:26:39 13 9.25 6.7
2024_0412_19:26:47 13 -1.05 -0.45
2024_0412_19:26:59 13 3.7 3.15
2024_0412_19:27:44 13 0.45 1.2
2024_0412_19:27:48 13 21.95 16.35
2024_0412_19:28:11 13 -6.95 -0.55
2024_0412_19:28:50 13 2.65 -1.7
2024_0412_19:29:05 13 -0.35 15.75
2024_0412_19:29:38 13 -2.05 1.2
2024_0412_19:30:34 13 0.2 0.5
2024_0412_19:31:01 13 -1.0 3.5
2024_0412_19:32:00 13 -0.7 -3.8
2024_0412_19:32:10 13 12.15 9.95
2024_0412_19:32:13 13 -2.3 0.0
2024_0412_19:32:22 13 -6.1 12.15
2024_0412_19:32:34 13 39.0 16.05
2024_0412_19:32:41 13 -5.3 0.6
2024_0412_19:32:53 13 20.5 -19.5
2024_0412_19:33:37 14 3.35 -5.2
2024_0412_19:33:39 14 -0.15 -0.15
2024_0412_19:33:39 13 5.75 10.35
2024_0412_19:34:22 14 -3.1 3.5
2024_0412_19:34:45 14 -2.75 -1.7
2024_0412_19:34:59 14 0.65 3.85
2024_0412_19:35:31 14 -18.05 22.1
2024_0412_19:37:19 14 22.75 23.35
2024_0412_19:37:53 14 -0.4 -1.8
2024_0412_19:38:09 14 8.0 9.7
2024_0412_19:38:13 14 -1.2 -1.25
2024_0412_19:38:28 14 1.85 -0.8
2024_0412_19:38:40 14 -1.6 -1.85
2024_0412_19:39:03 14 -10.55 8.6
2024_0412_19:39:25 14 2.2 3.85
2024_0412_19:39:35 14 -3.75 2.55
2024_0412_19:39:51 14 1.0 2.15
2024_0412_19:39:53 14 13.15 1.75
2024_0412_19:39:58 14 99.8 -49.9
2024_0412_19:40:21 14 21.95 -9.0
2024_0412_19:40:44 14 23.7 -20.1
2024_0412_19:40:56 14 28.8 26.75
2024_0412_19:41:21 14 1.7 3.65
2024_0412_19:43:45 14 3.1 -4.15
2024_0412_19:43:59 14 0.1 0.15
2024_0412_19:44:07 14 5.7 -6.5
2024_0412_19:44:09 14 29.6 14.8
2024_0412_19:44:16 14 -49.9 99.8
2024_0412_19:44:38 14 0.0 -3.5
2024_0412_19:44:59 14 1.1 6.1
2024_0412_19:45:19 14 -8.85 -0.65
2024_0412_19:45:28 14 -1.6 5.35
2024_0412_19:46:00 14 0.45 -0.1
2024_0412_19:46:18 14 8.55 23.45
2024_0412_19:46:21 14 -4.15 13.8
2024_0412_19:46:36 14 0.25 -0.1
2024_0412_19:46:45 14 5.85 -9.9
2024_0412_19:47:10 14 -2.15 -2.55
2024_0412_19:49:10 14 -2.15 -0.8
2024_0412_19:49:38 14 7.9 -6.4
2024_0412_19:49:57 14 -1.2 -1.25
2024_0412_19:50:00 14 1.85 2.5
2024_0412_19:50:11 14 5.3 -15.3
2024_0412_19:50:11 14 0.6 2.4
2024_0412_19:50:27 14 -0.2 1.0
2024_0412_19:50:57 14 2.65 8.5
2024_0412_19:51:06 14 -2.9 1.9
2024_0412_19:51:22 14 -12.15 45.5
2024_0412_19:52:06 14 -2.3 1.75
2024_0412_19:52:06 14 -49.95 -49.9
2024_0412_19:52:30 14 2.6 7.2
2024_0412_19:52:33 14 -15.1 21.75
2024_0412_19:52:58 14 -2.7 1.2
2024_0412_19:55:15 14 19.7 22.4
2024_0412_19:55:33 14 -6.9 6.75
2024_0412_19:55:55 14 24.65 -7.3
2024_0412_19:55:57 14 21.3 24.05
2024_0412_19:56:09 14 -10.45 9.55
2024_0412_19:56:09 14 20.9 28.35
2024_0412_19:56:22 14 26.85 -7.7
2024_0412_19:56:24 14 -28.8 20.0
2024_0412_19:56:53 14 0.95 -2.45
2024_0412_19:57:05 14 19.55 18.9
2024_0412_19:57:20 14 23.35 20.45
2024_0412_19:58:11 14 -10.4 4.1
2024_0412_19:58:20 14 0.9 3.15
2024_0412_19:58:29 14 1.85 1.35
2024_0412_19:58:29 14 -0.2 1.15
2024_0412_19:58:57 14 -3.85 0.3
2024_0412_20:01:29 14 -0.85 -0.4
2024_0412_20:01:49 14 -1.45 0.2
2024_0412_20:01:55 14 -4.05 11.3
2024_0412_20:02:11 14 -2.85 4.5
2024_0412_20:02:16 14 -1.15 -1.65
2024_0412_20:02:20 14 -2.85 2.85
2024_0412_20:02:50 14 -3.15 -0.7
2024_0412_20:02:58 14 -0.2 1.65
2024_0412_20:03:15 14 0.35 -2.8
2024_0412_20:03:18 14 0.15 4.1
2024_0412_20:04:12 14 1.65 10.7
2024_0412_20:04:21 14 -17.3 21.55
2024_0412_20:04:27 14 -1.0 1.0
2024_0412_20:04:27 14 0.5 -0.55
2024_0412_20:04:40 14 -12.25 20.4
2024_0412_20:04:55 14 -2.35 7.8
2024_0412_20:07:22 14 25.3 18.5
2024_0412_20:07:42 14 0.55 -1.3
2024_0412_20:07:48 14 99.9 -49.95
2024_0412_20:08:01 14 2.55 -1.45
2024_0412_20:08:11 14 -1.8 0.25
2024_0412_20:08:49 14 4.2 -0.5
2024_0412_20:09:07 14 -1.05 0.6
2024_0412_20:09:13 14 -9.75 12.1
2024_0412_20:09:21 14 -5.15 2.2
2024_0412_20:10:14 14 15.25 10.1
2024_0412_20:10:16 14 17.75 26.85
2024_0412_20:10:24 14 -2.8 0.9
2024_0412_20:10:52 14 2.75 1.4
2024_0412_20:11:05 14 -4.5 0.5
2024_0412_20:12:15 14 0.15 23.85
2024_0412_20:12:37 14 -0.95 0.15
2024_0412_20:13:21 14 3.7 12.4
2024_0412_20:13:42 14 4.35 2.05
2024_0412_20:13:49 14 16.8 -0.85
2024_0412_20:13:56 14 -40.75 39.25
2024_0412_20:14:05 14 1.4 0.55
2024_0412_20:14:47 14 0.25 -2.1
2024_0412_20:15:08 14 -2.9 4.1
2024_0412_20:15:33 14 0.15 8.5
2024_0412_20:16:08 14 3.65 -5.05
2024_0412_20:16:10 14 9.05 -12.0
2024_0412_20:16:11 14 -3.2 4.2
2024_0412_20:16:22 14 -1.7 -0.4
2024_0412_20:16:48 14 60.2 -60.8
2024_0412_20:18:10 14 -2.15 -1.5
2024_0412_20:18:47 14 1.4 4.95
2024_0412_20:19:20 14 1.15 9.5
2024_0412_20:19:37 14 -5.75 -0.95
2024_0412_20:19:56 14 31.3 -24.55
2024_0412_20:20:00 14 -0.35 -2.1
2024_0412_20:20:35 14 24.1 -12.9
2024_0412_20:20:45 14 2.15 1.0
2024_0412_20:21:06 14 -1.6 1.1
2024_0412_20:21:46 14 4.15 -2.25
2024_0412_20:22:04 14 1.15 0.45
2024_0412_20:22:07 14 15.5 19.1
2024_0412_20:22:08 14 1.5 1.4
2024_0412_20:22:16 14 -1.45 3.05
2024_0412_20:22:49 14 7.15 18.3
2024_0412_20:23:01 14 1.0 -3.45
2024_0412_20:24:04 14 -29.8 42.5
2024_0412_20:25:02 14 -5.55 20.05
2024_0412_20:25:17 14 13.75 -9.2
2024_0412_20:25:34 14 38.1 -29.45
2024_0412_20:25:54 14 20.45 19.0
2024_0412_20:25:55 14 26.15 24.6
2024_0412_20:26:44 14 34.05 18.9
2024_0412_20:27:01 14 -3.35 4.55
2024_0412_20:27:58 14 -36.65 34.1
2024_0412_20:27:58 14 -36.3 42.45
2024_0412_20:28:04 14 4.15 -2.5
2024_0412_20:28:06 14 7.1 -3.6
2024_0412_20:28:08 14 3.5 -8.5
2024_0412_20:28:44 14 0.7 6.8
2024_0412_20:30:07 14 5.8 8.6
2024_0412_20:30:14 14 -0.4 -0.4
2024_0412_20:30:35 14 -4.8 2.3
2024_0412_20:31:12 14 4.45 -0.4
2024_0412_20:31:14 14 2.75 -1.7
2024_0412_20:31:27 14 -2.9 5.15
2024_0412_20:31:49 14 12.15 2.8
2024_0412_20:31:51 14 15.85 -15.1
2024_0412_20:32:38 14 -32.4 34.3
2024_0412_20:33:00 14 2.25 -1.45
2024_0412_20:33:52 14 40.85 -31.15
2024_0412_20:34:01 14 99.9 49.95
2024_0412_20:34:02 14 7.45 14.75
2024_0412_20:34:03 14 19.9 -17.3
2024_0412_20:34:42 14 -2.3 -1.7
2024_0412_20:36:01 14 17.45 -12.05
2024_0412_20:36:24 14 -10.2 14.75
2024_0412_20:36:55 14 17.6 22.95
2024_0412_20:37:05 14 -1.55 -3.15
2024_0412_20:37:25 14 4.75 10.45
2024_0412_20:37:42 14 -3.75 -0.35
2024_0412_20:37:47 14 13.15 0.8
2024_0412_20:38:34 14 -2.8 1.15
2024_0412_20:38:39 14 14.8 8.0
2024_0412_20:38:55 14 2.85 -0.3
2024_0412_20:39:45 14 -1.3 3.2
2024_0412_20:39:53 14 -4.15 22.35
2024_0412_20:39:59 14 22.05 6.55
2024_0412_20:40:01 14 0.0 1.05
2024_0412_20:40:17 14 -9.85 10.05
2024_0412_20:40:42 15 -0.35 3.75
2024_0412_20:42:00 15 3.2 15.35
2024_0412_20:43:08 15 17.1 24.1
2024_0412_20:43:10 15 3.75 9.75
2024_0412_20:43:22 15 18.0 -12.25
2024_0412_20:43:37 15 -2.9 1.1
2024_0412_20:44:05 15 -12.6 5.25
2024_0412_20:44:48 15 1.75 -0.15
2024_0412_20:45:31 15 10.8 -12.5
2024_0412_20:45:42 15 17.95 22.75
2024_0412_20:45:49 15 -1.8 -3.45
2024_0412_20:45:56 15 -7.85 3.1
2024_0412_20:45:59 15 20.55 27.3
2024_0412_20:46:07 15 -0.3 -2.9
2024_0412_20:46:41 15 1.65 -3.0
2024_0412_20:47:58 15 35.3 -35.75
2024_0412_20:48:20 15 -48.95 50.55
2024_0412_20:49:07 15 10.25 -16.35
2024_0412_20:49:23 15 24.0 -23.3
2024_0412_20:49:27 15 8.85 -7.8
2024_0412_20:49:38 15 17.45 1.5
2024_0412_20:50:15 15 -0.4 2.35
2024_0412_20:50:21 15 13.0 -2.3
2024_0412_20:50:50 15 1.0 1.1
2024_0412_20:51:25 15 -4.2 2.9
2024_0412_20:51:42 15 7.25 9.2
2024_0412_20:51:53 15 26.9 26.55
2024_0412_20:51:59 15 7.0 -13.3
2024_0412_20:51:59 15 1.15 3.9
2024_0412_20:52:48 15 13.15 -17.75
2024_0412_20:53:17 15 38.1 -2.45
2024_0412_20:54:02 15 23.85 27.25
2024_0412_20:54:26 15 -0.95 4.5
2024_0412_20:55:06 15 8.2 -6.55
2024_0412_20:55:25 15 -2.75 -9.0
2024_0412_20:55:36 15 -7.1 6.25
2024_0412_20:56:33 15 -3.05 1.75
2024_0412_20:56:48 15 -1.15 -3.6
2024_0412_20:57:20 15 -30.8 33.0
2024_0412_20:57:46 15 9.3 2.35
2024_0412_20:57:55 15 8.4 18.3
2024_0412_20:58:01 15 -3.3 0.75
2024_0412_20:58:05 15 -2.65 -9.55
2024_0412_20:58:53 15 14.35 37.25
2024_0412_20:59:56 15 43.8 21.55
2024_0412_20:59:57 15 0.15 -0.05
2024_0412_21:00:05 15 19.35 25.05
2024_0412_21:00:23 15 -5.3 1.7
2024_0412_21:00:51 15 8.05 13.65
2024_0412_21:01:12 15 -2.1 5.8
2024_0412_21:01:23 15 -0.5 1.45
2024_0412_21:01:39 15 -1.6 1.6
2024_0412_21:02:48 15 6.15 8.7
2024_0412_21:02:50 15 -6.6 -8.05
2024_0412_21:03:25 15 -0.95 -3.75
2024_0412_21:03:49 15 0.6 4.35
2024_0412_21:03:58 15 -0.2 -13.3
2024_0412_21:04:10 15 7.6 2.25
2024_0412_21:04:11 15 4.75 -2.1
2024_0412_21:05:00 15 22.6 16.45
2024_0412_21:06:06 15 -7.95 7.5
2024_0412_21:06:16 15 0.85 -0.65
2024_0412_21:06:40 15 34.15 27.45
2024_0412_21:07:13 15 -8.1 10.35
2024_0412_21:07:28 15 -5.8 14.85
2024_0412_21:07:41 15 0.9 0.75
2024_0412_21:08:49 15 -2.95 7.3
2024_0412_21:09:01 15 3.75 0.35
2024_0412_21:09:24 15 49.9 -99.9
2024_0412_21:09:53 15 20.3 21.7
2024_0412_21:09:58 15 1.95 1.25
2024_0412_21:10:14 15 -99.5 99.85
2024_0412_21:10:22 15 -5.15 -1.35
2024_0412_21:11:03 15 1.55 -2.8
2024_0412_21:11:27 15 -0.25 0.55
2024_0412_21:12:18 15 1.05 -1.95
2024_0412_21:12:21 15 -23.9 38.0
2024_0412_21:12:47 15 -10.7 16.1
2024_0412_21:13:12 15 5.9 9.05
2024_0412_21:13:31 15 8.25 9.45
2024_0412_21:13:46 15 -32.65 25.75
2024_0412_21:14:51 15 11.9 10.6
2024_0412_21:15:17 15 22.2 18.15
2024_0412_21:15:26 15 -2.4 0.8
2024_0412_21:15:26 15 -0.2 -3.5
2024_0412_21:15:56 15 18.8 19.15
2024_0412_21:15:59 15 -9.3 10.5
2024_0412_21:16:17 15 -49.9 99.85
2024_0412_21:17:07 15 -1.05 -2.35
2024_0412_21:18:23 15 -22.55 26.1
2024_0412_21:18:30 15 4.75 -3.0
2024_0412_21:18:42 15 0.8 1.5
2024_0412_21:18:56 15 1.0 -3.0
2024_0412_21:19:10 15 26.55 27.65
2024_0412_21:19:30 15 -1.6 0.25
2024_0412_21:19:48 15 13.5 -11.35
2024_0412_21:20:10 15 18.55 -4.3
2024_0412_21:20:49 15 -1.3 -1.4
2024_0412_21:21:24 15 -2.4 -1.2
2024_0412_21:21:25 15 -3.2 -2.85
2024_0412_21:21:31 15 22.4 -3.85
2024_0412_21:21:56 15 2.8 -0.25
2024_0412_21:21:59 15 0.7 -1.35
2024_0412_21:22:22 15 0.15 -3.25
2024_0412_21:23:10 15 7.8 -7.6
2024_0412_21:24:19 15 -30.35 31.65
2024_0412_21:24:56 15 49.9 99.9
2024_0412_21:25:05 15 6.7 7.15
2024_0412_21:25:19 15 -1.15 4.35
2024_0412_21:25:23 15 -6.05 1.8
2024_0412_21:25:47 15 3.4 6.5
2024_0412_21:25:49 15 2.5 -0.7
2024_0412_21:26:45 15 99.7 -99.9
2024_0412_21:27:23 15 1.7 0.4
2024_0412_21:27:28 15 66.45 -22.15
2024_0412_21:27:50 15 2.65 1.85
2024_0412_21:27:56 15 -2.2 0.05
2024_0412_21:28:02 15 0.2 -14.0
2024_0412_21:28:26 15 6.0 -0.8
2024_0412_21:29:07 15 3.7 -0.95
2024_0412_21:29:54 15 -3.05 1.4
2024_0412_21:30:21 15 10.4 9.75
2024_0412_21:31:06 15 10.55 14.65
2024_0412_21:31:36 15 1.5 6.65
2024_0412_21:31:45 15 1.25 1.35
2024_0412_21:31:50 15 -1.85 -10.95
2024_0412_21:32:39 15 2.4 11.9
2024_0412_21:32:45 15 -0.05 0.8
2024_0412_21:33:21 15 0.15 0.1
2024_0412_21:33:31 15 33.0 -34.45
2024_0412_21:33:53 15 -17.9 14.7
2024_0412_21:34:03 15 28.55 -28.2
2024_0412_21:34:03 15 5.35 4.05
2024_0412_21:34:24 15 -2.7 0.15
2024_0412_21:34:49 15 9.6 -5.0
2024_0412_21:35:06 15 29.3 11.25
2024_0412_21:36:16 15 -8.35 9.2
2024_0412_21:37:15 15 -9.5 -0.55
2024_0412_21:37:42 15 -4.0 0.05
2024_0412_21:37:46 15 1.5 0.45
2024_0412_21:37:48 15 1.7 7.45
2024_0412_21:38:41 15 2.15 2.9
2024_0412_21:39:19 15 9.15 12.55
2024_0412_21:39:43 15 2.6 -1.3
2024_0412_21:39:43 15 -9.2 10.55
2024_0412_21:39:55 15 9.85 -6.6
2024_0412_21:40:01 15 5.0 -2.5
2024_0412_21:40:24 15 5.55 -7.4
2024_0412_21:40:48 15 25.4 15.9
2024_0412_21:41:16 15 -2.2 1.25
2024_0412_21:42:08 15 -0.15 1.65
2024_0412_21:43:15 15 2.05 4.2
2024_0412_21:43:39 15 -19.8 21.45
2024_0412_21:43:39 15 6.2 3.05
2024_0412_21:44:01 15 3.75 4.0
2024_0412_21:44:03 15 -0.65 -2.7
2024_0412_21:44:40 15 -4.4 0.8
2024_0412_21:45:17 15 1.95 -2.9
2024_0412_21:45:41 15 2.3 7.3
2024_0412_21:45:53 15 0.0 -1.2
2024_0412_21:45:57 15 -2.15 -3.8
2024_0412_21:46:21 15 6.8 9.35
2024_0412_21:46:24 15 3.8 -5.7
2024_0412_21:46:47 15 24.1 17.9
2024_0412_21:47:08 15 -1.7 -6.35
2024_0412_21:47:59 15 99.9 49.95
2024_0412_21:49:13 15 4.8 -2.0
2024_0412_21:49:36 15 7.05 8.05
2024_0412_21:49:36 15 20.05 6.95
2024_0412_21:50:15 15 0.95 0.75
2024_0412_21:50:21 16 0.85 1.55
2024_0412_21:50:24 15 -1.0 0.9
2024_0412_21:50:37 16 20.8 -21.2
2024_0412_21:51:16 16 -1.55 -0.9
2024_0412_21:51:40 16 -9.6 7.05
2024_0412_21:51:47 16 7.65 -13.6
2024_0412_21:51:54 16 27.55 27.3
2024_0412_21:52:32 16 3.3 10.5
2024_0412_21:53:03 16 29.05 -27.45
2024_0412_21:53:18 16 17.45 -15.8
2024_0412_21:53:54 16 15.95 -16.8
2024_0412_21:55:14 16 4.15 7.8
2024_0412_21:55:32 16 0.9 9.05
2024_0412_21:55:33 16 0.9 4.15
2024_0412_21:56:18 16 0.4 -1.3
2024_0412_21:56:30 16 6.9 1.05
2024_0412_21:56:36 16 37.8 20.45
2024_0412_21:56:51 16 16.7 -15.7
2024_0412_21:57:12 16 -7.0 1.85
2024_0412_21:57:15 16 -0.85 2.9
2024_0412_21:57:38 16 2.3 0.45
2024_0412_21:57:43 16 35.6 14.9
2024_0412_21:57:49 16 2.2 -0.15
2024_0412_21:58:34 16 -4.9 7.65
2024_0412_21:59:03 16 2.1 3.1
2024_0412_21:59:55 16 2.4 1.9
2024_0412_22:01:11 16 14.85 -15.75
2024_0412_22:01:27 16 16.85 -19.65
2024_0412_22:01:31 16 24.4 21.75
2024_0412_22:02:14 16 -44.95 45.6
2024_0412_22:02:33 16 -10.5 10.85
2024_0412_22:02:42 16 16.9 -8.8
2024_0412_22:02:49 16 9.3 5.1
2024_0412_22:03:11 16 4.35 -0.65
2024_0412_22:03:26 16 -1.95 1.5
2024_0412_22:03:36 16 -0.4 1.8
2024_0412_22:03:46 16 10.4 -9.25
2024_0412_22:03:49 16 2.1 1.45
2024_0412_22:04:34 16 25.45 -14.55
2024_0412_22:04:57 16 2.3 2.25
2024_0412_22:05:17 16 -2.3 2.85
2024_0412_22:05:56 16 21.3 14.85
2024_0412_22:07:13 16 0.5 1.3
2024_0412_22:07:29 16 3.0 3.4
2024_0412_22:07:43 16 1.35 -0.65
2024_0412_22:08:13 16 20.5 22.4
2024_0412_22:08:32 16 -9.5 10.0
2024_0412_22:08:56 16 -5.55 10.65
2024_0412_22:08:59 16 7.05 -3.25
2024_0412_22:09:07 16 -5.45 -2.2
2024_0412_22:09:34 16 16.9 13.35
2024_0412_22:09:39 16 6.8 -2.9
2024_0412_22:09:43 16 6.55 15.05
2024_0412_22:09:49 16 0.45 -0.55
2024_0412_22:10:34 16 -1.55 1.5
2024_0412_22:10:51 16 29.35 17.55
2024_0412_22:11:56 16 35.2 -6.15
2024_0412_22:13:14 16 15.5 2.95
2024_0412_22:13:25 16 17.5 17.95
2024_0412_22:14:10 16 23.1 -21.35
2024_0412_22:14:22 16 25.45 6.6
2024_0412_22:14:25 16 -2.35 -1.35
2024_0412_22:14:57 16 -0.65 0.65
2024_0412_22:15:03 16 -16.25 30.85
2024_0412_22:15:06 16 -2.65 2.75
2024_0412_22:15:30 16 25.35 25.5
2024_0412_22:15:39 16 25.0 -25.0
2024_0412_22:15:47 16 6.05 11.45
2024_0412_22:15:47 16 -9.25 9.05
2024_0412_22:15:48 16 27.15 -25.25
2024_0412_22:16:36 16 22.85 18.35
2024_0412_22:17:56 16 17.2 21.95
2024_0412_22:19:13 16 -6.9 7.55
2024_0412_22:19:25 16 -25.35 36.7
2024_0412_22:19:35 16 34.95 17.55
2024_0412_22:20:08 16 -2.85 -2.0
2024_0412_22:20:22 16 -9.5 8.15
2024_0412_22:20:57 16 1.1 -2.75
2024_0412_22:20:58 16 8.55 -10.15
2024_0412_22:21:04 16 36.85 15.3
2024_0412_22:21:19 16 -6.15 18.05
2024_0412_22:21:35 16 23.75 22.4
2024_0412_22:21:38 16 10.95 -10.3
2024_0412_22:21:45 16 1.3 -2.95
2024_0412_22:22:20 16 5.65 1.4
2024_0412_22:23:47 16 1.05 0.15
2024_0412_22:24:07 16 49.95 99.9
2024_0412_22:25:11 16 -0.2 -3.2
2024_0412_22:25:37 16 10.7 28.7
2024_0412_22:26:21 16 -9.3 10.5
2024_0412_22:26:57 16 -16.0 21.0
2024_0412_22:27:06 16 -3.4 14.0
2024_0412_22:27:14 16 -0.15 -5.6
2024_0412_22:27:31 16 99.8 -49.95
2024_0412_22:27:32 16 23.45 25.75
2024_0412_22:27:36 16 -1.6 0.5
2024_0412_22:27:39 16 -11.55 0.55
2024_0412_22:27:52 16 2.75 17.65
2024_0412_22:29:14 16 11.45 10.2
2024_0412_22:29:44 16 6.85 -5.15
2024_0412_22:30:16 16 2.6 -1.55
2024_0412_22:31:13 16 0.5 3.2
2024_0412_22:31:17 16 -49.95 49.95
2024_0412_22:31:35 16 -2.35 2.9
2024_0412_22:32:20 16 1.2 -0.3
2024_0412_22:32:37 16 -5.95 -1.5
2024_0412_22:33:08 16 17.7 19.2
2024_0412_22:33:20 16 0.5 3.3
2024_0412_22:33:32 16 6.7 12.35
2024_0412_22:33:44 16 9.2 -18.0
2024_0412_22:33:47 16 3.05 3.95
2024_0412_22:33:57 16 24.75 21.0
2024_0412_22:35:13 16 0.2 10.65
2024_0412_22:35:40 16 28.45 -12.85
2024_0412_22:36:13 16 -49.95 49.95
2024_0412_22:37:07 16 -0.05 2.15
2024_0412_22:37:09 16 -0.4 2.5
2024_0412_22:37:33 16 1.8 -0.2
2024_0412_22:37:36 16 -5.4 12.2
2024_0412_22:38:19 16 0.65 -2.8
2024_0412_22:39:05 16 0.25 1.3
2024_0412_22:39:22 16 24.5 18.8
2024_0412_22:39:28 16 -1.1 1.05
2024_0412_22:39:39 16 -5.25 1.7
2024_0412_22:39:42 16 33.15 13.35
2024_0412_22:40:01 16 -13.6 9.55
2024_0412_22:41:10 16 3.35 2.85
2024_0412_22:41:27 16 -1.5 6.55
2024_0412_22:41:35 16 -10.3 11.0
2024_0412_22:42:57 16 9.6 -8.05
2024_0412_22:43:03 16 -2.2 -0.15
2024_0412_22:43:08 16 -1.35 0.55
2024_0412_22:43:31 17 1.75 2.8
2024_0412_22:43:36 17 -15.45 9.1
2024_0412_22:44:25 17 11.4 11.25
2024_0412_22:44:41 16 1.35 0.7
2024_0412_22:45:09 17 20.5 21.65
2024_0412_22:45:24 17 -2.05 10.85
2024_0412_22:45:24 17 9.05 15.95
2024_0412_22:45:42 17 9.7 7.8
2024_0412_22:46:26 17 0.05 1.4
2024_0412_22:46:32 17 -3.8 -1.45
2024_0412_22:47:14 17 -1.35 0.6
2024_0412_22:47:32 17 0.8 0.35
2024_0412_22:48:58 17 -0.25 7.8
2024_0412_22:49:01 17 -2.6 4.85
2024_0412_22:49:15 17 -3.2 -2.45
2024_0412_22:49:28 17 40.85 -41.25
2024_0412_22:49:39 17 24.0 22.15
2024_0412_22:50:18 17 0.95 2.15
2024_0412_22:50:50 17 0.45 0.85
2024_0412_22:51:04 17 -2.55 1.25
2024_0412_22:51:10 17 2.15 0.55
2024_0412_22:51:24 17 -0.35 -3.2
2024_0412_22:51:25 17 8.25 5.35
2024_0412_22:51:45 17 -0.85 5.95
2024_0412_22:52:43 17 -2.7 2.35
2024_0412_22:53:12 17 -0.7 4.8
2024_0412_22:53:29 17 -50.8 50.25
2024_0412_22:54:57 17 -37.3 29.85
2024_0412_22:54:57 17 -10.45 28.8
2024_0412_22:54:58 17 4.0 -10.0
2024_0412_22:55:15 17 -0.75 -1.05
2024_0412_22:55:27 17 38.75 -39.6
2024_0412_22:55:38 17 3.45 -1.3
2024_0412_22:56:16 17 -6.6 6.05
2024_0412_22:57:11 17 4.75 -4.05
2024_0412_22:57:12 17 -0.45 -2.65
2024_0412_22:57:24 17 22.75 17.5
2024_0412_22:57:26 17 -1.4 4.35
2024_0412_22:57:46 17 22.6 25.1
2024_0412_22:59:00 17 -0.05 1.85
2024_0412_22:59:10 17 -5.3 2.3
2024_0412_22:59:27 17 -0.15 -0.8
2024_0412_22:59:28 17 17.1 14.95
2024_0412_23:00:45 17 -0.2 0.55
2024_0412_23:01:06 17 -2.95 13.95
2024_0412_23:01:12 17 6.55 7.25
2024_0412_23:01:23 17 -19.0 16.25
2024_0412_23:01:34 17 23.85 22.85
2024_0412_23:01:34 17 5.5 -3.9
2024_0412_23:02:15 17 12.05 -6.35
2024_0412_23:03:09 17 1.95 -4.7
2024_0412_23:03:21 17 -6.45 11.45
2024_0412_23:03:23 17 1.8 -3.35
2024_0412_23:03:44 17 -8.9 8.75
2024_0412_23:05:09 17 16.8 -2.7
2024_0412_23:05:19 17 -3.05 0.25
2024_0412_23:05:21 17 9.8 -11.75
2024_0412_23:05:40 17 14.0 5.45
2024_0412_23:06:36 17 1.1 -3.45
2024_0412_23:07:00 17 2.3 1.55
2024_0412_23:07:08 17 -2.65 8.95
2024_0412_23:07:21 17 4.45 4.8
2024_0412_23:07:34 17 21.8 21.35
2024_0412_23:07:59 17 -10.25 18.5
2024_0412_23:08:11 17 -100.0 100.0
2024_0412_23:09:07 17 1.25 0.7
2024_0412_23:09:18 17 -1.2 0.35
2024_0412_23:09:20 17 19.35 15.55
2024_0412_23:09:43 17 12.35 -14.25
2024_0412_23:11:05 17 3.1 1.4
2024_0412_23:12:11 17 -8.55 11.9
2024_0412_23:12:39 17 0.15 3.9
2024_0412_23:13:01 17 2.45 1.05
2024_0412_23:13:02 17 18.65 18.7
2024_0412_23:13:06 17 5.5 -7.05
2024_0412_23:13:20 17 1.9 0.0
2024_0412_23:13:33 17 3.35 2.35
2024_0412_23:14:08 17 -2.35 0.85
2024_0412_23:14:09 17 -1.9 -8.4
2024_0412_23:15:03 17 -14.55 16.4
2024_0412_23:15:13 17 3.1 -2.5
2024_0412_23:15:15 17 0.4 -0.35
2024_0412_23:15:29 17 -0.9 0.65
2024_0412_23:15:48 17 0.25 -0.15
2024_0412_23:17:00 17 -14.75 15.05
2024_0412_23:17:16 17 -0.25 0.75
2024_0412_23:18:17 17 11.45 -11.4
2024_0412_23:18:57 17 -8.55 3.65
2024_0412_23:19:05 17 14.2 -13.55
2024_0412_23:19:19 17 -4.2 0.35
2024_0412_23:19:34 17 -9.45 10.9
2024_0412_23:19:34 17 19.4 22.7
2024_0412_23:20:00 17 3.2 3.15
2024_0412_23:20:18 17 -4.65 5.25
2024_0412_23:20:56 17 -1.05 0.7
2024_0412_23:21:08 17 0.1 3.5
2024_0412_23:21:11 17 -8.85 7.9
2024_0412_23:21:17 17 1.45 0.2
2024_0412_23:21:24 17 0.65 7.25
2024_0412_23:21:45 17 -10.75 13.7
2024_0412_23:22:53 17 -0.9 5.9
2024_0412_23:23:06 17 -2.4 -5.15
2024_0412_23:24:24 17 -21.05 23.05
2024_0412_23:24:58 17 8.35 7.75
2024_0412_23:25:15 17 -0.05 1.45
2024_0412_23:25:30 17 0.45 -1.35
2024_0412_23:25:57 17 -3.35 2.25
2024_0412_23:26:52 17 -13.9 8.5
2024_0412_23:27:05 17 -1.7 2.35
2024_0412_23:27:12 17 -0.8 19.35
2024_0412_23:27:33 17 19.45 20.75
2024_0412_23:27:42 17 5.0 -1.0
2024_0412_23:27:57 17 -1.4 3.3
2024_0412_23:28:31 17 0.85 -1.15
2024_0412_23:28:47 17 -18.25 11.35
2024_0412_23:28:56 17 0.55 -1.9
2024_0412_23:29:14 17 2.7 1.2
2024_0412_23:30:29 17 0.1 -1.3
2024_0412_23:30:57 17 0.7 2.15
2024_0412_23:31:30 17 -5.1 -4.85
2024_0412_23:31:36 17 9.45 2.1
2024_0412_23:31:53 17 -0.05 2.45
2024_0412_23:32:40 17 3.95 3.15
2024_0412_23:32:45 17 -0.1 0.1
2024_0412_23:33:03 17 1.9 -4.15
2024_0412_23:33:04 17 2.1 -3.65
2024_0412_23:33:29 17 2.15 0.85
2024_0412_23:34:12 17 -0.45 -0.2
2024_0412_23:34:45 17 14.65 14.1
2024_0412_23:34:46 17 -6.05 2.3
2024_0412_23:34:53 17 -0.05 -1.25
2024_0412_23:35:16 17 20.7 24.9
2024_0412_23:36:14 17 3.85 -2.15
2024_0412_23:36:54 17 11.75 -7.8
2024_0412_23:37:29 17 11.5 -15.6
2024_0412_23:37:31 17 50.7 -49.95
2024_0412_23:37:50 17 13.85 33.75
2024_0412_23:38:42 17 -13.2 9.0
2024_0412_23:38:51 17 0.6 0.35
2024_0412_23:38:54 17 2.0 -4.55
2024_0412_23:39:04 17 39.4 -40.15
2024_0412_23:39:25 17 -2.9 -3.3
2024_0412_23:40:11 17 4.4 4.0
2024_0412_23:40:43 17 2.8 0.0
2024_0412_23:41:19 17 5.95 0.85
2024_0412_23:42:53 17 10.75 9.35
2024_0412_23:43:12 17 -1.65 1.55
2024_0412_23:43:13 17 5.45 2.9
2024_0412_23:43:29 17 28.55 -24.0
2024_0412_23:43:31 17 -0.65 -1.45
2024_0412_23:43:42 17 99.9 49.95
2024_0412_23:44:41 17 33.7 15.9
2024_0412_23:44:54 18 -4.05 10.55
2024_0412_23:45:02 18 20.55 -17.4
2024_0412_23:45:02 18 1.7 3.0
2024_0412_23:45:21 18 30.85 -30.2
2024_0412_23:45:34 17 0.2 0.15
2024_0412_23:46:10 18 25.45 -33.25
2024_0412_23:46:37 18 1.55 11.5
2024_0412_23:47:16 18 43.25 -30.3
2024_0412_23:48:14 18 -10.55 11.0
2024_0412_23:48:48 18 -0.05 -1.7
2024_0412_23:49:10 18 -0.5 2.35
2024_0412_23:49:30 18 0.3 -1.35
2024_0412_23:49:35 18 9.55 15.4
2024_0412_23:49:42 18 25.75 28.3
2024_0412_23:50:40 18 -2.2 -0.2
2024_0412_23:50:42 18 -12.75 11.8
2024_0412_23:50:52 18 -8.4 8.95
2024_0412_23:50:57 18 -2.3 -0.85
2024_0412_23:51:15 18 0.25 1.05
2024_0412_23:51:18 18 -2.2 5.1
2024_0412_23:52:09 18 1.3 -1.3
2024_0412_23:52:31 18 32.65 18.95
2024_0412_23:53:12 18 -0.35 -2.55
2024_0412_23:54:02 18 1.5 8.35
2024_0412_23:54:23 18 9.85 0.55
2024_0412_23:54:42 18 -19.25 19.8
2024_0412_23:55:06 18 4.65 -2.25
2024_0412_23:55:27 18 -10.25 5.75
2024_0412_23:55:46 18 -2.05 6.3
2024_0412_23:55:47 18 5.8 -0.95
2024_0412_23:56:35 18 -1.3 0.55
2024_0412_23:56:46 18 12.95 -11.95
2024_0412_23:56:55 18 -0.7 -0.2
2024_0412_23:57:15 18 20.25 -20.9
2024_0412_23:57:29 18 -0.6 -0.45
2024_0412_23:58:09 18 -4.65 5.0
2024_0412_23:58:25 18 -3.7 -0.2
2024_0412_23:59:07 18 -1.65 -6.95
2024_0412_23:59:10 18 37.6 -33.6
2024_0413_00:00:30 18 3.25 1.75
2024_0413_00:00:42 18 0.8 -0.9
2024_0413_00:01:09 18 -0.75 -0.8
2024_0413_00:01:17 18 1.25 -12.4
2024_0413_00:01:42 18 -3.25 1.85
2024_0413_00:01:46 18 13.75 11.85
2024_0413_00:02:31 18 -1.1 -2.7
2024_0413_00:02:43 18 23.85 20.6
2024_0413_00:02:54 18 -7.7 11.25
2024_0413_00:03:10 18 2.7 21.6
2024_0413_00:04:09 18 7.3 -6.05
2024_0413_00:04:22 18 -20.35 36.35
2024_0413_00:04:48 18 3.75 -0.45
2024_0413_00:05:06 18 1.35 0.6
2024_0413_00:05:41 18 3.5 -0.55
2024_0413_00:06:39 18 -0.9 1.15
2024_0413_00:06:42 18 -6.2 -1.35
2024_0413_00:07:02 18 -42.05 36.65
2024_0413_00:07:15 18 -9.45 18.55
2024_0413_00:07:33 18 99.95 -99.95
2024_0413_00:07:36 18 -0.25 -0.35
2024_0413_00:08:03 18 -8.15 22.35
2024_0413_00:08:34 18 -0.05 0.2
2024_0413_00:08:51 18 -3.7 0.5
2024_0413_00:09:14 18 -39.6 36.2
2024_0413_00:09:28 18 17.2 14.7
2024_0413_00:10:05 18 40.45 -10.15
2024_0413_00:10:17 18 3.45 -0.2
2024_0413_00:11:02 18 9.9 -4.25
2024_0413_00:11:57 18 6.55 16.05
2024_0413_00:12:43 18 10.05 -4.95
2024_0413_00:12:59 18 -10.45 18.0
2024_0413_00:13:03 18 -19.65 22.6
2024_0413_00:13:10 18 0.6 4.65
2024_0413_00:13:13 18 -10.85 11.7
2024_0413_00:13:20 18 1.1 -1.5
2024_0413_00:13:35 18 27.4 24.3
2024_0413_00:14:48 18 26.35 22.55
2024_0413_00:15:18 18 -12.95 -0.2
2024_0413_00:15:22 18 3.1 -1.9
2024_0413_00:15:58 18 -7.2 54.8
2024_0413_00:16:17 18 24.95 23.95
2024_0413_00:16:56 18 1.75 -0.4
2024_0413_00:18:07 18 -14.15 10.3
2024_0413_00:18:24 18 12.25 8.1
2024_0413_00:18:43 18 1.7 3.05
2024_0413_00:19:05 18 0.25 -5.35
2024_0413_00:19:07 18 -3.15 5.45
2024_0413_00:19:14 18 -7.9 12.75
2024_0413_00:19:14 18 -18.85 11.0
2024_0413_00:19:26 18 -99.35 -99.7
2024_0413_00:20:43 18 6.25 -2.05
2024_0413_00:21:15 18 20.95 19.85
2024_0413_00:21:16 18 -22.8 13.95
2024_0413_00:21:47 18 8.1 12.7
2024_0413_00:21:56 18 -4.75 -5.5
2024_0413_00:22:10 18 0.9 -0.1
2024_0413_00:22:41 18 24.8 19.6
2024_0413_00:22:57 18 -42.5 45.1
2024_0413_00:24:30 18 3.75 0.5
2024_0413_00:24:36 18 -10.45 1.7
2024_0413_00:24:37 18 -0.3 -1.7
2024_0413_00:25:02 18 -0.45 6.7
2024_0413_00:25:03 18 10.7 -7.95
2024_0413_00:25:07 18 16.35 2.8
2024_0413_00:25:22 18 -0.9 0.2
2024_0413_00:25:29 18 7.5 2.75
2024_0413_00:26:48 18 23.35 7.6
2024_0413_00:27:05 18 1.1 -2.1
2024_0413_00:27:08 18 2.25 0.6
2024_0413_00:27:53 18 3.2 -1.6
2024_0413_00:28:12 18 14.4 6.55
2024_0413_00:28:55 18 -0.3 8.15
2024_0413_00:29:19 18 -99.8 -49.9
2024_0413_00:30:09 18 27.35 27.85
2024_0413_00:30:27 18 -0.5 1.25
2024_0413_00:30:37 18 -0.15 2.05
2024_0413_00:30:58 18 8.95 -6.85
2024_0413_00:31:01 18 3.55 7.35
2024_0413_00:31:10 18 43.9 -34.6
2024_0413_00:31:13 18 -2.9 2.6
2024_0413_00:31:38 18 -0.05 -0.25
2024_0413_00:32:19 18 99.8 -49.95
2024_0413_00:32:48 18 -1.15 -2.0
2024_0413_00:32:59 18 -1.45 4.5
2024_0413_00:33:02 18 13.05 -11.4
2024_0413_00:33:53 18 9.9 -1.55
2024_0413_00:34:16 18 4.45 2.8
2024_0413_00:34:57 18 0.9 -0.85
2024_0413_00:35:31 18 15.35 -5.55
2024_0413_00:36:25 18 2.35 -0.85
2024_0413_00:36:34 18 -2.25 4.4
2024_0413_00:36:51 18 -6.0 -2.9
2024_0413_00:36:57 18 5.8 17.55
2024_0413_00:37:06 18 -0.35 -0.35
2024_0413_00:37:08 18 -2.8 0.75
2024_0413_00:37:11 18 51.75 -48.5
2024_0413_00:38:16 18 27.75 22.3
2024_0413_00:38:43 18 0.05 -0.6
2024_0413_00:38:47 18 2.7 11.85
2024_0413_00:38:53 18 28.95 26.55
2024_0413_00:38:57 18 25.0 22.15
2024_0413_00:39:48 18 -6.85 4.15
2024_0413_00:40:13 18 3.1 -1.25
2024_0413_00:40:49 18 10.3 -9.1
2024_0413_00:41:39 18 27.05 9.95
2024_0413_00:42:16 18 2.7 1.05
2024_0413_00:42:26 18 1.15 1.8
2024_0413_00:42:47 18 2.75 2.25
2024_0413_00:42:47 18 -22.7 22.5
2024_0413_00:43:00 18 -46.95 43.8
2024_0413_00:43:11 18 19.1 -7.55
2024_0413_00:43:52 18 5.4 2.45
2024_0413_00:44:41 18 2.6 2.3
2024_0413_00:44:48 18 -24.6 22.4
2024_0413_00:44:50 18 11.55 -8.05
2024_0413_00:44:56 18 -12.8 7.25
2024_0413_00:45:48 18 7.45 -3.05
2024_0413_00:46:06 18 -1.15 3.1
2024_0413_00:46:43 18 -99.9 49.95
2024_0413_00:48:00 18 -5.65 2.15
2024_0413_00:48:13 18 -0.4 5.3
2024_0413_00:48:18 18 -1.9 3.65
2024_0413_00:48:42 18 -1.5 -2.45
2024_0413_00:48:45 18 -1.3 2.55
2024_0413_00:49:08 18 -0.7 1.4
2024_0413_00:49:34 18 11.05 -11.8
2024_0413_00:50:32 18 17.2 -18.45
2024_0413_00:50:43 18 9.25 6.15
2024_0413_00:50:43 18 2.05 0.55
2024_0413_00:50:44 18 -10.75 14.7
2024_0413_00:51:07 19 16.05 32.3
2024_0413_00:51:44 19 2.0 -2.65
2024_0413_00:52:03 19 -0.3 -1.65
2024_0413_00:52:42 19 4.4 -0.1
2024_0413_00:54:07 19 -2.85 -1.55
2024_0413_00:54:08 19 4.45 -1.75
2024_0413_00:54:22 19 -1.15 3.15
2024_0413_00:54:27 19 8.3 4.0
2024_0413_00:54:46 19 -11.55 15.3
2024_0413_00:54:47 19 36.6 -5.0
2024_0413_00:55:09 19 3.15 1.0
2024_0413_00:55:56 19 7.7 2.1
2024_0413_00:56:28 19 18.75 -3.55
2024_0413_00:56:39 19 -0.5 3.15
2024_0413_00:57:18 19 16.4 16.4
2024_0413_00:57:43 19 -0.65 0.6
2024_0413_00:57:44 19 20.0 -8.45
2024_0413_00:57:58 19 -1.3 0.8
2024_0413_00:58:38 19 5.95 0.15
2024_0413_01:00:00 19 -3.25 -1.4
2024_0413_01:00:01 19 -0.75 1.55
2024_0413_01:00:02 19 -1.55 -0.45
2024_0413_01:00:38 19 -0.5 1.05
2024_0413_01:00:41 19 1.75 -1.65
2024_0413_01:01:06 19 -10.0 11.75
2024_0413_01:01:08 19 12.1 4.1
2024_0413_01:02:05 19 -1.25 0.95
2024_0413_01:02:30 19 21.75 6.1
2024_0413_01:02:43 19 -4.7 1.7
2024_0413_01:03:32 19 1.25 1.45
2024_0413_01:03:52 19 -1.9 -3.1
2024_0413_01:03:56 19 -0.5 0.65
2024_0413_01:04:02 19 23.65 19.25
2024_0413_01:04:02 19 1.3 -5.4
2024_0413_01:04:31 19 3.75 -4.25
2024_0413_01:06:01 19 13.3 -18.15
2024_0413_01:06:36 19 18.9 -14.05
2024_0413_01:06:41 19 13.6 14.1
2024_0413_01:07:04 19 -1.3 4.2
2024_0413_01:07:50 19 -1.55 -1.35
2024_0413_01:08:24 19 -1.0 -0.8
2024_0413_01:08:29 19 2.7 1.0
2024_0413_01:08:37 19 1.0 1.85
2024_0413_01:09:27 19 0.4 -0.45
2024_0413_01:09:48 19 5.75 -7.15
2024_0413_01:09:56 19 -0.4 0.95
2024_0413_01:10:15 19 2.05 2.95
2024_0413_01:10:44 19 32.55 11.05
2024_0413_01:11:02 19 11.45 -16.3
2024_0413_01:11:53 19 15.5 -17.4
2024_0413_01:12:03 19 5.05 -2.8
2024_0413_01:12:24 19 -5.9 1.6
2024_0413_01:12:37 19 -0.5 -0.55
2024_0413_01:12:57 19 -1.6 -3.55
2024_0413_01:13:45 19 -18.1 18.55
2024_0413_01:14:07 19 -0.2 -1.2
2024_0413_01:14:26 19 -11.75 11.35
2024_0413_01:14:35 19 -11.35 31.05
2024_0413_01:15:04 19 -3.4 0.6
2024_0413_01:15:24 19 40.8 -29.85
2024_0413_01:15:44 19 -0.7 3.0
2024_0413_01:15:49 19 13.5 -5.7
2024_0413_01:16:31 19 11.75 11.1
2024_0413_01:17:01 19 -2.75 2.0
2024_0413_01:17:03 19 18.75 -17.95
2024_0413_01:17:50 19 18.95 26.1
2024_0413_01:17:59 19 -3.15 0.3
2024_0413_01:18:18 19 5.25 -2.6
2024_0413_01:18:56 19 -9.5 13.5
2024_0413_01:19:40 19 4.4 3.15
2024_0413_01:20:26 19 -2.3 -1.25
2024_0413_01:20:26 19 0.75 -1.95
2024_0413_01:21:07 19 19.15 19.65
2024_0413_01:21:25 19 -2.6 0.55
2024_0413_01:21:35 19 -49.65 49.85
2024_0413_01:21:43 19 -0.65 5.25
2024_0413_01:21:45 19 13.7 -3.8
2024_0413_01:22:48 19 4.7 -0.5
2024_0413_01:22:52 19 -5.9 -4.0
2024_0413_01:23:15 19 -2.75 1.25
2024_0413_01:23:46 19 48.6 -48.8
2024_0413_01:23:54 19 0.4 -0.05
2024_0413_01:24:19 19 25.55 -25.8
2024_0413_01:24:52 19 11.35 -11.25
2024_0413_01:25:31 19 23.15 -24.3
2024_0413_01:26:30 20 25.6 24.65
2024_0413_01:26:31 20 -10.4 13.75
2024_0413_01:27:17 20 2.35 1.65
2024_0413_01:27:33 20 7.55 -0.75
2024_0413_01:27:33 20 33.6 -33.25
2024_0413_01:27:39 20 8.7 11.45
2024_0413_01:28:30 20 -0.85 -0.4
2024_0413_01:28:51 20 -4.75 0.1
2024_0413_01:29:04 20 -3.6 7.95
2024_0413_01:29:37 20 6.9 10.85
2024_0413_01:29:39 20 99.9 -49.95
2024_0413_01:29:47 20 0.7 -1.05
2024_0413_01:30:15 20 -21.15 30.1
2024_0413_01:30:46 20 -3.4 -0.7
2024_0413_01:31:29 20 -49.75 -50.05
2024_0413_01:32:28 20 -8.75 3.4
2024_0413_01:32:40 20 -19.7 18.1
2024_0413_01:33:10 20 2.35 1.35
2024_0413_01:33:20 20 3.95 5.15
2024_0413_01:33:29 20 4.85 0.95
2024_0413_01:33:32 20 -5.95 2.0
2024_0413_01:35:19 20 0.0 -4.3
2024_0413_01:35:24 20 12.7 -5.6
2024_0413_01:35:29 20 -4.5 1.75
2024_0413_01:35:37 20 1.6 1.3
2024_0413_01:35:41 20 -0.05 15.8
2024_0413_01:36:08 20 3.65 -1.4
2024_0413_01:36:39 20 -12.65 10.85
2024_0413_01:37:27 20 9.2 -4.95
2024_0413_01:37:39 20 18.75 27.0
2024_0413_01:38:28 20 2.05 3.15
2024_0413_01:38:30 20 5.75 -6.2
2024_0413_01:39:05 20 17.15 -3.45
2024_0413_01:39:12 20 14.95 -16.3
2024_0413_01:39:20 20 0.05 0.05
2024_0413_01:41:21 20 2.7 -3.4
2024_0413_01:41:34 20 -12.65 13.25
2024_0413_01:41:37 20 1.55 -0.45
2024_0413_01:41:38 20 15.5 20.2
2024_0413_01:42:01 20 6.1 2.55
2024_0413_01:42:03 20 2.1 3.55
2024_0413_01:42:30 20 12.4 2.6
2024_0413_01:43:15 20 99.9 49.95
2024_0413_01:43:20 20 26.8 25.3
2024_0413_01:43:55 20 3.3 1.2
2024_0413_01:44:18 20 -1.35 3.5
2024_0413_01:44:23 20 49.85 -50.25
2024_0413_01:44:53 20 3.0 -2.0
2024_0413_01:44:56 20 7.1 -3.9
2024_0413_01:45:04 20 -1.45 -2.8
2024_0413_01:45:08 20 20.1 22.6
2024_0413_01:47:16 20 9.5 -2.3
2024_0413_01:47:27 20 28.9 10.4
2024_0413_01:47:34 20 2.55 -3.25
2024_0413_01:47:50 20 2.1 2.2
2024_0413_01:47:57 20 -17.55 25.8
2024_0413_01:48:23 20 -16.8 14.65
2024_0413_01:48:44 20 12.5 -7.75
2024_0413_01:49:07 20 -7.85 19.65
2024_0413_01:49:10 20 0.45 0.65
2024_0413_01:50:12 20 4.85 3.6
2024_0413_01:50:13 20 -1.5 -0.05
2024_0413_01:50:22 20 4.9 0.65
2024_0413_01:50:50 20 2.7 -2.8
2024_0413_01:50:53 20 7.15 7.75
2024_0413_01:50:56 20 -99.75 99.9
2024_0413_01:52:15 20 5.45 -7.35
2024_0413_01:53:06 20 -22.7 18.45
2024_0413_01:53:19 20 8.6 -8.8
2024_0413_01:53:29 20 -10.0 10.9
2024_0413_01:53:49 20 18.1 -12.2
2024_0413_01:54:03 20 11.75 -7.55
2024_0413_01:55:01 20 -2.7 0.55
2024_0413_01:55:24 20 0.4 8.1
2024_0413_01:55:31 20 16.0 20.4
2024_0413_01:55:59 20 -1.85 -0.4
2024_0413_01:56:19 20 22.65 25.8
2024_0413_01:56:26 20 -3.85 22.15
2024_0413_01:56:46 20 -40.25 61.0
2024_0413_01:56:47 20 1.4 2.1
2024_0413_01:56:54 20 -4.35 2.45
2024_0413_01:57:42 20 1.2 2.8
2024_0413_01:58:41 20 99.9 -49.95
2024_0413_01:59:01 20 -6.1 41.95
2024_0413_01:59:20 20 40.65 -40.05
2024_0413_01:59:28 20 -15.1 11.55
2024_0413_01:59:45 20 -6.25 11.5
2024_0413_02:00:31 20 0.5 1.5
2024_0413_02:00:52 20 -0.35 -2.0
2024_0413_02:01:17 20 0.25 2.8
2024_0413_02:01:52 20 28.35 -23.15
2024_0413_02:02:07 20 -0.1 39.15
2024_0413_02:02:22 20 3.75 -0.85
2024_0413_02:02:39 20 3.4 -3.35
2024_0413_02:02:40 20 9.05 -10.55
2024_0413_02:02:44 20 41.9 -30.45
2024_0413_02:02:48 20 -22.65 22.75
2024_0413_02:04:50 20 -29.7 28.45
2024_0413_02:04:53 20 -2.85 -4.75
2024_0413_02:05:10 20 -0.4 -0.1
2024_0413_02:05:18 5 24.9 22.9
2024_0413_02:05:37 9 29.5 29.15
2024_0413_02:06:40 13 -3.75 17.75
2024_0413_02:06:48 13 1.85 -0.5
2024_0413_02:07:06 13 16.3 31.85
2024_0413_02:07:14 13 0.75 3.45
2024_0413_02:07:37 13 -4.75 -0.7
2024_0413_02:08:12 14 18.75 14.0
2024_0413_02:08:25 14 -1.0 -4.5
2024_0413_02:08:26 14 -2.05 2.85
2024_0413_02:08:32 15 13.05 27.2
2024_0413_02:08:39 14 2.25 9.55
2024_0413_02:08:55 15 -0.45 -4.85
2024_0413_02:10:35 15 0.35 4.4
2024_0413_02:11:03 15 35.5 13.55
2024_0413_02:11:08 15 1.1 -5.2
2024_0413_02:11:20 15 13.95 7.55
2024_0413_02:11:22 15 -1.8 -1.5
2024_0413_02:12:32 15 -15.4 11.45
2024_0413_02:12:33 15 1.65 -1.25
2024_0413_02:12:57 15 -0.8 0.75
2024_0413_02:13:26 16 -38.4 40.05
2024_0413_02:14:00 16 12.45 3.55
2024_0413_02:14:02 16 1.25 0.2
2024_0413_02:14:14 16 -7.55 6.25
2024_0413_02:14:18 16 39.45 -40.9
2024_0413_02:14:21 16 1.95 2.75
2024_0413_02:15:07 16 17.7 -16.45
2024_0413_02:16:03 16 1.2 0.1
2024_0413_02:16:21 16 -8.7 6.65
2024_0413_02:17:00 17 -0.9 -0.85
2024_0413_02:17:11 17 24.5 19.45
2024_0413_02:17:12 17 13.2 3.15
2024_0413_02:17:35 17 11.4 2.2
2024_0413_02:18:20 17 20.0 -6.85
2024_0413_02:18:22 17 -9.2 7.5
2024_0413_02:18:49 17 18.8 17.75
2024_0413_02:19:15 17 -5.9 -3.05
2024_0413_02:19:52 17 0.35 -0.35
2024_0413_02:20:04 17 8.65 -11.2
2024_0413_02:20:12 17 -3.3 -1.05
2024_0413_02:20:13 17 17.95 -8.3
2024_0413_02:20:40 17 21.55 26.2
2024_0413_02:21:41 17 -1.55 0.45
2024_0413_02:22:19 18 -3.4 -1.3
2024_0413_02:22:51 18 -5.75 3.1
2024_0413_02:23:05 18 -1.75 -1.8
2024_0413_02:23:10 18 1.0 1.15
2024_0413_02:23:27 18 3.5 0.05
2024_0413_02:24:12 18 16.6 -14.55
2024_0413_02:24:13 18 -3.85 -1.7
2024_0413_02:24:36 18 10.55 -10.1
2024_0413_02:24:51 19 5.65 4.75
2024_0413_02:25:05 19 0.75 1.05
2024_0413_02:25:45 19 16.3 -14.55
2024_0413_02:25:56 19 -0.35 -0.45
2024_0413_02:26:04 19 19.0 15.25
2024_0413_02:26:07 19 -2.7 2.2
2024_0413_02:27:39 19 2.05 -1.2
2024_0413_02:28:05 19 43.6 -43.65
2024_0413_02:28:27 19 0.25 1.2
2024_0413_02:28:41 19 -0.15 2.75
2024_0413_02:28:54 19 2.45 1.85
2024_0413_02:28:57 20 -0.2 2.9
2024_0413_02:29:54 20 3.95 16.65
2024_0413_02:29:55 20 -1.8 -2.75
2024_0413_02:29:56 20 2.85 -0.35
2024_0413_02:30:31 20 43.15 -28.2
2024_0413_02:30:43 20 48.85 -48.65
2024_0413_02:31:23 20 0.85 -1.55
2024_0413_02:33:48 20 49.95 -49.95
