0.20683000000013646 0.11868500000004831 0.027855000000003193 0.006694999999999811 0.02275500000000163 0.021925000000001377 0.020545000000000955 0.020290000000000877 0.020255000000000866 0.007929999999999762 0.0439749999999993 0.03667500000000213 0.061654999999992445 0.05844999999999369 0.06654999999999617 0.050869999999996626 0.06415999999999378 0.06262999999999225 0.04189000000000011 0.03938000000000108 
2024_0412_09:55:29 11 -0.014 0.544
2024_0412_09:55:30 2 93.508 93.764
2024_0412_09:55:31 5 94.792 94.916
2024_0412_09:55:31 8 92.91 93.524
2024_0412_09:55:33 1 94.826 94.772
2024_0412_09:55:33 11 93.598 92.874
2024_0412_09:55:33 3 93.58 93.956
2024_0412_09:55:34 10 94.496 94.294
2024_0412_09:55:35 4 93.956 93.262
2024_0412_09:55:35 2 92.608 93.128
2024_0412_09:55:37 1 94.842 94.596
2024_0412_09:55:37 9 95.324 95.446
2024_0412_09:56:07 6 95.08 94.746
2024_0412_09:56:16 6 94.944 95.034
2024_0412_09:56:21 7 93.268 93.146
2024_0412_09:56:23 1 94.876 94.942
2024_0412_10:00:59 12 70.922 -1.766
2024_0412_10:01:01 13 41.776 54.71
2024_0412_10:01:02 15 -0.646 0.234
2024_0412_10:01:04 16 0.262 -0.688
2024_0412_10:01:04 14 94.2 94.016
2024_0412_10:01:06 13 -46.566 49.47
2024_0412_10:01:06 15 -0.132 -0.042
2024_0412_10:01:09 17 -0.636 0.014
2024_0412_10:01:10 18 -11.03 10.524
2024_0412_10:01:12 17 -0.396 -0.278
2024_0412_10:01:21 18 26.576 -23.264
2024_0412_10:02:12 20 -0.174 0.514
2024_0412_10:02:12 20 0.274 0.574
2024_0412_10:03:48 19 22.902 16.966
2024_0412_10:09:18 11 -0.034 0.028
2024_0412_10:09:19 8 94.3 94.362
2024_0412_10:09:19 11 -0.098 0.052
2024_0412_10:09:20 11 -99.988 -49.996
2024_0412_10:09:20 11 93.616 94.408
2024_0412_10:09:21 6 95.108 94.92
2024_0412_10:09:22 1 94.714 95.098
2024_0412_10:09:22 11 0.164 -0.046
2024_0412_10:09:23 3 93.404 93.67
2024_0412_10:09:23 9 94.834 95.052
2024_0412_10:09:24 2 93.85 93.812
2024_0412_10:09:26 4 92.402 92.418
2024_0412_10:09:52 7 94.408 93.554
2024_0412_10:09:57 10 94.364 93.158
2024_0412_10:10:07 5 94.966 94.9
2024_0412_10:10:38 11 -0.012 -0.63
2024_0412_10:14:51 12 -16.306 16.632
2024_0412_10:14:52 13 19.984 71.368
2024_0412_10:14:53 11 71.314 30.282
2024_0412_10:14:53 13 11.172 -10.914
2024_0412_10:14:55 13 94.256 94.492
2024_0412_10:14:55 14 93.7 95.85
2024_0412_10:14:55 16 -1.02 94.87
2024_0412_10:14:56 15 -11.736 38.99
2024_0412_10:14:57 13 94.438 94.09
2024_0412_10:14:58 17 -0.146 -0.62
2024_0412_10:14:58 18 94.138 94.264
2024_0412_10:15:02 19 -0.234 -0.454
2024_0412_10:15:53 20 49.994 -49.986
2024_0412_10:16:00 20 95.632 95.264
2024_0412_10:21:29 11 0.468 -0.186
2024_0412_10:21:31 5 94.722 94.93
2024_0412_10:21:32 11 93.646 93.176
2024_0412_10:21:32 3 92.366 92.95
2024_0412_10:21:33 1 94.948 94.968
2024_0412_10:21:33 6 95.082 94.86
2024_0412_10:21:33 2 93.95 94.316
2024_0412_10:21:33 7 94.066 94.178
2024_0412_10:21:34 8 93.88 94.376
2024_0412_10:21:34 11 94.64 96.152
2024_0412_10:21:37 4 93.836 92.672
2024_0412_10:21:38 10 93.812 94.454
2024_0412_10:22:06 12 -0.736 0.104
2024_0412_10:22:14 12 94.436 92.874
2024_0412_10:22:21 11 0.334 -0.012
2024_0412_10:22:51 9 95.704 95.494
2024_0412_10:27:00 13 -0.148 0.016
2024_0412_10:27:01 14 0.218 0.006
2024_0412_10:27:03 13 94.07 94.038
2024_0412_10:27:04 13 46.92 -1.302
2024_0412_10:27:06 15 93.662 93.246
2024_0412_10:27:06 16 42.538 8.398
2024_0412_10:27:07 13 -42.774 48.122
2024_0412_10:27:08 13 94.736 94.718
2024_0412_10:27:08 15 91.606 93.208
2024_0412_10:27:10 16 -11.568 63.108
2024_0412_10:27:12 16 64.91 84.134
2024_0412_10:27:14 17 46.5 96.592
2024_0412_10:28:30 18 -1.184 0.542
2024_0412_10:28:33 18 -13.772 10.838
2024_0412_10:28:54 18 -72.366 72.33
2024_0412_10:28:57 18 -0.65 0.256
2024_0412_10:32:29 18 1.294 -0.824
2024_0412_10:32:31 20 1.07 -0.134
2024_0412_10:32:31 19 47.274 -4.634
2024_0412_10:32:35 19 9.084 -10.386
2024_0412_10:32:35 18 -7.916 43.176
2024_0412_10:32:35 20 -0.09 0.148
2024_0412_10:32:37 20 -1.346 2.278
2024_0412_10:32:38 20 10.636 -5.3
2024_0412_10:38:09 11 -0.594 -0.16
2024_0412_10:38:10 11 49.994 49.998
2024_0412_10:38:10 10 94.65 94.658
2024_0412_10:38:11 7 94.062 46.452
2024_0412_10:38:11 8 94.548 92.812
2024_0412_10:38:11 11 0.1 -0.11
2024_0412_10:38:12 6 94.81 94.94
2024_0412_10:38:12 11 -1.17 -0.346
2024_0412_10:38:12 11 93.51 93.882
2024_0412_10:38:13 1 95.116 94.918
2024_0412_10:38:13 9 95.546 95.424
2024_0412_10:38:42 5 94.848 94.874
2024_0412_10:38:47 3 93.398 91.442
2024_0412_10:39:04 2 93.55 93.684
2024_0412_10:39:12 11 -0.244 -0.288
2024_0412_10:40:58 11 -0.234 -0.128
2024_0412_10:43:38 11 0.152 -1.338
2024_0412_10:43:39 11 0.168 -0.16
2024_0412_10:43:42 11 93.5 94.092
2024_0412_10:43:42 12 -0.078 -0.39
2024_0412_10:43:43 13 50.588 -49.914
2024_0412_10:43:43 12 -12.89 63.872
2024_0412_10:43:43 12 92.588 94.332
2024_0412_10:43:44 12 94.828 94.878
2024_0412_10:43:46 12 94.032 92.396
2024_0412_10:43:47 12 93.41 93.546
2024_0412_10:43:47 12 92.816 93.326
2024_0412_10:44:46 13 93.802 94.214
2024_0412_10:44:50 13 47.06 12.358
2024_0412_10:45:31 13 0.006 0.1
2024_0412_10:45:46 13 93.912 91.316
2024_0412_10:46:31 13 -0.504 -0.25
2024_0412_10:49:11 13 0.214 -0.186
2024_0412_10:49:12 14 0.004 0.304
2024_0412_10:49:13 13 94.82 94.966
2024_0412_10:49:13 13 38.894 37.526
2024_0412_10:49:15 13 2.478 -0.324
2024_0412_10:49:16 13 93.934 93.972
2024_0412_10:49:16 14 0.662 -0.088
2024_0412_10:49:18 14 -11.892 12.99
2024_0412_10:49:18 14 -0.096 0.342
2024_0412_10:49:19 14 93.312 93.816
2024_0412_10:49:23 14 94.91 94.072
2024_0412_10:50:47 14 0.106 -0.308
2024_0412_10:50:56 14 46.306 91.938
2024_0412_10:52:04 14 1.576 -2.114
2024_0412_10:52:05 14 94.934 94.584
2024_0412_10:52:23 14 92.336 89.632
2024_0412_10:54:41 14 0.808 -0.024
2024_0412_10:54:45 14 0.17 -0.08
2024_0412_10:54:49 14 92.862 93.706
2024_0412_10:54:49 15 0.094 -0.038
2024_0412_10:54:53 15 -0.132 -0.268
2024_0412_10:54:54 15 5.13 4.624
2024_0412_10:54:55 15 46.422 27.868
2024_0412_10:54:57 15 -41.288 49.294
2024_0412_10:54:58 15 -0.368 0.48
2024_0412_10:54:59 15 93.008 91.312
2024_0412_10:57:04 15 94.874 94.73
2024_0412_10:57:08 15 0.352 -0.718
2024_0412_10:57:39 15 94.56 93.93
2024_0412_10:58:16 15 -0.464 -0.414
2024_0412_10:58:44 15 -0.81 0.56
2024_0412_10:59:01 16 0.4 0.26
2024_0412_11:00:14 16 42.254 73.666
2024_0412_11:00:19 16 93.702 93.784
2024_0412_11:00:20 16 8.186 -8.37
2024_0412_11:00:22 16 16.89 -16.634
2024_0412_11:00:27 17 -80.022 79.922
2024_0412_11:00:27 16 17.978 16.234
2024_0412_11:00:28 17 0.024 -0.04
2024_0412_11:00:29 16 -4.716 4.298
2024_0412_11:00:35 17 26.878 30.708
2024_0412_11:00:38 17 84.24 63.898
2024_0412_11:03:12 17 -49.996 99.988
2024_0412_11:03:16 17 -0.074 -0.06
2024_0412_11:03:36 17 -8.902 8.844
2024_0412_11:04:58 17 0.08 -0.05
2024_0412_11:05:00 17 16.212 15.55
2024_0412_11:05:44 18 -99.98 49.974
2024_0412_11:05:48 18 -50.0 -99.998
2024_0412_11:05:53 18 46.756 -1.8
2024_0412_11:05:54 18 95.212 -50.486
2024_0412_11:05:59 18 94.466 93.304
2024_0412_11:06:01 19 24.556 38.04
2024_0412_11:06:04 18 40.918 -39.57
2024_0412_11:06:04 18 -29.284 20.602
2024_0412_11:06:13 19 -38.134 46.514
2024_0412_11:06:16 19 39.206 -3.39
2024_0412_11:08:43 20 1.512 85.096
2024_0412_11:09:25 20 -0.998 -0.29
2024_0412_11:10:36 20 -12.288 12.658
2024_0412_11:10:48 20 -0.022 -0.75
2024_0412_11:11:05 20 4.114 -1.066
2024_0412_11:11:05 20 -0.786 -0.368
2024_0412_11:11:10 4 92.884 92.536
2024_0412_11:11:14 15 0.002 -0.372
2024_0412_11:11:18 17 16.67 -1.906
2024_0412_11:11:19 18 93.54 93.148
2024_0412_11:11:35 20 40.202 8.474
2024_0412_11:17:04 7 94.096 93.99
2024_0412_11:17:05 7 93.972 94.236
2024_0412_11:17:06 11 0.078 0.7
2024_0412_11:17:07 8 92.762 93.628
2024_0412_11:17:07 5 95.084 94.772
2024_0412_11:17:08 6 95.042 94.752
2024_0412_11:17:08 11 94.886 94.83
2024_0412_11:17:09 10 93.876 94.034
2024_0412_11:17:09 1 94.93 95.014
2024_0412_11:17:10 9 95.424 95.466
2024_0412_11:17:10 11 0.188 -0.552
2024_0412_11:17:11 11 92.87 93.328
2024_0412_11:17:42 3 94.2 93.872
2024_0412_11:17:43 2 94.2 94.578
2024_0412_11:17:48 11 -0.218 0.6
2024_0412_11:18:57 4 92.596 93.72
2024_0412_11:22:31 11 0.154 0.458
2024_0412_11:22:33 12 -0.37 0.512
2024_0412_11:22:34 11 93.912 94.342
2024_0412_11:22:38 11 93.826 93.48
2024_0412_11:22:38 12 94.524 93.902
2024_0412_11:22:38 12 93.536 93.844
2024_0412_11:22:38 11 15.006 9.24
2024_0412_11:22:40 12 0.354 0.774
2024_0412_11:22:40 12 -0.242 0.642
2024_0412_11:22:40 13 65.588 0.456
2024_0412_11:22:40 12 75.066 74.538
2024_0412_11:22:43 12 92.854 93.746
2024_0412_11:23:44 13 99.996 99.996
2024_0412_11:23:45 13 -0.306 -0.922
2024_0412_11:24:13 13 94.134 94.254
2024_0412_11:27:02 13 96.33 -90.18
2024_0412_11:27:59 13 -0.256 0.058
2024_0412_11:28:04 13 95.39 95.474
2024_0412_11:28:05 13 -0.168 -0.67
2024_0412_11:28:07 13 0.116 0.622
2024_0412_11:28:09 13 -0.204 -0.566
2024_0412_11:28:09 13 -0.18 0.126
2024_0412_11:28:09 14 50.0 -50.0
2024_0412_11:28:12 14 95.142 96.502
2024_0412_11:28:12 14 93.7 93.66
2024_0412_11:28:12 13 16.846 18.142
2024_0412_11:28:13 14 92.886 92.242
2024_0412_11:28:14 14 -0.116 -1.018
2024_0412_11:29:45 14 -0.65 0.392
2024_0412_11:29:46 14 -1.948 71.7
2024_0412_11:30:22 14 74.912 74.154
2024_0412_11:33:29 14 -0.192 0.27
2024_0412_11:33:31 14 49.994 -99.988
2024_0412_11:33:37 15 0.196 -0.076
2024_0412_11:33:38 14 94.498 94.496
2024_0412_11:33:41 14 93.738 94.138
2024_0412_11:33:42 15 0.018 -0.152
2024_0412_11:33:43 15 -77.082 78.17
2024_0412_11:33:44 15 -38.638 45.224
2024_0412_11:33:44 15 0.242 0.288
2024_0412_11:33:44 15 -0.936 1.476
2024_0412_11:33:45 15 93.174 93.864
2024_0412_11:33:46 15 -0.292 -0.398
2024_0412_11:33:50 15 93.666 93.564
2024_0412_11:35:46 15 -0.46 0.828
2024_0412_11:36:32 15 1.124 1.49
2024_0412_11:36:34 15 93.288 93.766
2024_0412_11:38:59 16 -0.588 0.808
2024_0412_11:39:01 16 -10.366 9.602
2024_0412_11:39:12 16 0.744 0.164
2024_0412_11:39:12 16 -0.172 -0.398
2024_0412_11:39:12 16 0.052 -0.104
2024_0412_11:39:14 16 -49.998 -99.996
2024_0412_11:39:14 16 -1.038 0.298
2024_0412_11:39:15 17 22.394 72.406
2024_0412_11:39:17 17 95.404 95.482
2024_0412_11:39:20 17 92.452 93.252
2024_0412_11:39:25 17 10.188 -9.95
2024_0412_11:41:02 16 13.87 12.114
2024_0412_11:41:50 17 1.53 -0.31
2024_0412_11:42:37 17 -0.116 0.088
2024_0412_11:42:46 17 94.842 94.684
2024_0412_11:42:59 18 0.21 1.246
2024_0412_11:44:36 18 0.11 0.824
2024_0412_11:44:45 18 -12.036 12.872
2024_0412_11:44:46 18 93.99 44.648
2024_0412_11:44:46 18 94.174 94.808
2024_0412_11:44:52 18 -5.822 5.722
2024_0412_11:44:52 18 0.22 0.122
2024_0412_11:44:53 18 94.164 93.732
2024_0412_11:44:54 18 -0.196 -0.076
2024_0412_11:44:55 19 -0.21 -0.454
2024_0412_11:44:55 18 -0.55 -0.248
2024_0412_11:46:35 18 -50.0 50.0
2024_0412_11:48:00 19 -0.328 0.608
2024_0412_11:48:05 19 10.974 79.81
2024_0412_11:48:25 20 92.986 91.736
2024_0412_11:48:39 20 39.382 -3.93
2024_0412_11:48:49 20 -8.78 70.568
2024_0412_11:50:10 20 0.0 0.0
2024_0412_11:50:11 20 2.592 48.462
2024_0412_11:50:11 20 93.404 47.072
2024_0412_11:50:12 17 0.82 -0.046
2024_0412_11:50:23 18 94.05 94.362
2024_0412_11:55:53 7 86.118 93.412
2024_0412_11:55:54 11 0.036 -0.554
2024_0412_11:55:55 11 -0.058 0.53
2024_0412_11:55:55 5 94.772 94.834
2024_0412_11:55:55 11 -0.134 0.078
2024_0412_11:55:57 3 93.234 93.704
2024_0412_11:55:57 6 94.92 94.958
2024_0412_11:55:57 2 93.72 93.936
2024_0412_11:55:58 11 0.724 -0.466
2024_0412_11:55:58 8 91.89 94.068
2024_0412_11:55:58 4 93.8 93.928
2024_0412_11:56:00 1 94.792 94.976
2024_0412_11:56:37 7 93.418 93.984
2024_0412_11:56:51 9 95.328 95.488
2024_0412_11:58:00 10 94.75 46.194
2024_0412_11:58:17 11 -99.998 -49.996
2024_0412_12:01:25 11 -1.03 -0.576
2024_0412_12:01:25 11 99.996 -49.998
2024_0412_12:01:26 11 95.16 94.962
2024_0412_12:01:26 11 93.098 93.386
2024_0412_12:01:28 11 49.996 99.992
2024_0412_12:01:29 11 95.912 -22.948
2024_0412_12:01:29 11 94.866 94.596
2024_0412_12:01:30 11 0.15 -0.814
2024_0412_12:01:31 11 94.21 93.812
2024_0412_12:01:31 11 1.652 3.85
2024_0412_12:01:33 11 94.926 94.886
2024_0412_12:01:33 11 0.164 0.064
2024_0412_12:02:51 11 -0.218 -0.524
2024_0412_12:03:07 11 93.388 93.8
2024_0412_12:05:39 12 95.094 95.022
2024_0412_12:06:30 12 97.268 44.098
2024_0412_12:06:55 12 94.61 94.624
2024_0412_12:06:57 12 0.296 -0.376
2024_0412_12:06:58 12 94.056 93.844
2024_0412_12:06:59 12 0.612 0.08
2024_0412_12:07:00 12 73.144 74.526
2024_0412_12:07:00 12 93.262 94.26
2024_0412_12:07:01 12 0.012 0.384
2024_0412_12:07:02 12 93.28 93.014
2024_0412_12:07:04 12 -0.436 0.286
2024_0412_12:07:05 12 93.338 93.188
2024_0412_12:07:07 12 94.492 93.83
2024_0412_12:07:08 12 0.348 0.14
2024_0412_12:09:05 12 18.412 17.658
2024_0412_12:09:21 12 -0.23 0.42
2024_0412_12:12:28 13 -0.264 -0.3
2024_0412_12:12:31 13 93.76 91.462
2024_0412_12:12:32 13 93.288 94.126
2024_0412_12:12:33 13 96.144 93.83
2024_0412_12:12:34 13 0.062 0.216
2024_0412_12:12:34 13 94.38 94.264
2024_0412_12:12:35 13 94.024 47.522
2024_0412_12:12:37 13 93.602 92.82
2024_0412_12:12:38 13 90.298 42.716
2024_0412_12:12:38 13 92.696 94.966
2024_0412_12:12:41 13 -2.336 3.472
2024_0412_12:12:45 13 0.12 0.464
2024_0412_12:13:21 13 3.338 26.978
2024_0412_12:15:21 13 95.062 94.96
2024_0412_12:15:37 13 89.772 93.18
2024_0412_12:15:57 13 0.016 0.808
2024_0412_12:17:57 13 -0.096 -0.522
2024_0412_12:18:01 13 0.368 0.284
2024_0412_12:18:01 13 49.996 99.988
2024_0412_12:18:02 13 -0.352 -0.002
2024_0412_12:18:06 13 0.242 -0.62
2024_0412_12:18:07 14 -0.998 0.782
2024_0412_12:18:09 13 93.896 93.604
2024_0412_12:18:09 13 91.178 92.72
2024_0412_12:18:09 14 33.496 32.7
2024_0412_12:18:11 14 20.368 -20.412
2024_0412_12:18:19 14 -7.814 38.214
2024_0412_12:18:20 14 93.284 91.774
2024_0412_12:21:11 14 93.416 93.312
2024_0412_12:21:53 14 75.69 75.476
2024_0412_12:23:28 14 94.272 94.4
2024_0412_12:23:31 14 -99.996 -49.998
2024_0412_12:23:33 14 94.884 94.888
2024_0412_12:23:34 14 71.124 20.934
2024_0412_12:23:38 14 93.43 93.524
2024_0412_12:23:39 14 -20.46 19.782
2024_0412_12:23:42 14 95.032 94.18
2024_0412_12:23:43 14 94.594 44.722
2024_0412_12:23:44 14 21.086 21.244
2024_0412_12:23:46 14 14.464 16.122
2024_0412_12:23:49 14 32.734 -0.464
2024_0412_12:23:50 14 49.998 -99.996
2024_0412_12:24:15 14 93.634 92.59
2024_0412_12:25:28 14 11.282 7.992
2024_0412_12:27:33 14 -0.04 -0.182
2024_0412_12:29:01 15 -0.01 -0.238
2024_0412_12:29:02 14 94.968 94.72
2024_0412_12:29:05 15 78.728 78.502
2024_0412_12:29:09 15 16.188 15.558
2024_0412_12:29:12 15 92.122 91.754
2024_0412_12:29:13 15 26.84 -26.852
2024_0412_12:29:15 15 -93.452 98.518
2024_0412_12:29:17 15 94.84 95.168
2024_0412_12:29:22 15 1.532 -1.04
2024_0412_12:29:24 15 92.74 92.51
2024_0412_12:29:27 15 0.196 0.0
2024_0412_12:29:31 14 0.406 -0.596
2024_0412_12:29:44 15 0.868 0.31
2024_0412_12:30:29 15 1.088 -0.38
2024_0412_12:33:35 15 -9.686 10.028
2024_0412_12:33:47 15 46.894 -0.358
2024_0412_12:34:28 15 -0.476 0.272
2024_0412_12:34:30 15 -0.768 0.34
2024_0412_12:34:36 15 75.588 75.822
2024_0412_12:34:40 15 0.436 0.048
2024_0412_12:34:45 15 0.518 0.064
2024_0412_12:34:47 15 -0.144 -0.06
2024_0412_12:34:47 15 -0.136 31.198
2024_0412_12:34:53 15 93.97 92.774
2024_0412_12:34:59 16 -0.266 -0.292
2024_0412_12:35:00 16 -9.232 10.836
2024_0412_12:35:01 15 95.488 95.496
2024_0412_12:35:13 16 -1.266 -0.164
2024_0412_12:36:43 16 -0.596 45.414
2024_0412_12:36:52 16 -0.218 -1.026
2024_0412_12:39:58 16 -0.432 1.282
2024_0412_12:40:03 16 94.668 94.702
2024_0412_12:40:03 16 95.37 95.686
2024_0412_12:40:09 16 93.158 93.136
2024_0412_12:40:17 16 34.95 44.214
2024_0412_12:40:17 16 0.23 0.246
2024_0412_12:40:20 16 28.914 46.102
2024_0412_12:40:22 16 -7.874 8.048
2024_0412_12:40:28 16 -0.442 0.048
2024_0412_12:40:33 16 0.258 -0.336
2024_0412_12:40:38 17 -0.782 -0.916
2024_0412_12:41:05 16 86.332 14.758
2024_0412_12:41:31 17 -0.362 -0.692
2024_0412_12:42:52 17 -26.2 57.312
2024_0412_12:42:56 17 59.406 80.732
2024_0412_12:45:00 17 75.006 73.854
2024_0412_12:45:28 17 0.564 0.496
2024_0412_12:45:37 17 95.066 94.994
2024_0412_12:45:39 17 40.882 13.602
2024_0412_12:45:50 17 1.474 -1.746
2024_0412_12:45:50 17 95.764 -1.02
2024_0412_12:45:56 17 16.13 13.696
2024_0412_12:46:04 17 0.678 0.722
2024_0412_12:46:20 17 83.586 92.358
2024_0412_12:46:37 17 14.774 14.892
2024_0412_12:47:07 17 13.702 -14.182
2024_0412_12:48:15 18 93.074 93.574
2024_0412_12:48:27 18 0.124 -0.344
2024_0412_12:48:48 17 8.642 1.002
2024_0412_12:49:08 18 0.416 0.528
2024_0412_12:49:13 18 -0.224 0.64
2024_0412_12:51:04 18 -20.006 20.51
2024_0412_12:51:12 18 0.034 -0.048
2024_0412_12:51:21 18 12.336 -12.156
2024_0412_12:51:27 18 95.196 95.124
2024_0412_12:51:29 18 93.474 93.654
2024_0412_12:51:45 18 0.478 0.416
2024_0412_12:52:04 18 -0.596 -0.622
2024_0412_12:52:40 18 2.902 -0.07
2024_0412_12:52:45 18 -49.526 49.584
2024_0412_12:52:55 18 92.28 93.242
2024_0412_12:53:25 18 27.462 -27.998
2024_0412_12:54:03 18 1.11 -0.34
2024_0412_12:54:11 18 -49.998 99.996
2024_0412_12:54:57 18 -9.922 9.838
2024_0412_12:55:02 18 95.438 95.3
2024_0412_12:55:39 18 -32.68 14.754
2024_0412_12:57:10 18 -0.412 0.194
2024_0412_12:57:20 18 0.624 0.604
2024_0412_12:57:22 18 77.842 40.558
2024_0412_12:57:34 19 0.22 0.518
2024_0412_12:57:58 19 20.594 -19.908
2024_0412_12:58:42 19 91.78 93.476
2024_0412_12:58:58 19 -27.182 48.944
2024_0412_12:59:01 19 97.838 -34.846
2024_0412_12:59:26 20 40.558 40.982
2024_0412_12:59:50 19 47.35 47.518
2024_0412_13:00:03 20 0.538 0.92
2024_0412_13:00:12 20 79.48 65.904
2024_0412_13:00:53 20 7.8 -8.352
2024_0412_13:01:02 20 72.17 5.15
2024_0412_13:02:02 20 0.154 0.576
2024_0412_13:02:37 20 93.592 93.678
2024_0412_13:03:03 20 -14.542 15.824
2024_0412_13:03:20 20 4.9 0.954
2024_0412_13:03:21 20 74.698 74.07
2024_0412_13:03:26 20 -0.366 0.13
2024_0412_13:03:57 20 -0.612 0.788
2024_0412_13:04:35 20 -0.676 48.58
2024_0412_13:05:11 14 91.486 12.528
2024_0412_13:05:14 16 -3.2 49.168
2024_0412_13:05:54 17 9.456 -9.746
2024_0412_13:05:55 17 1.266 -0.202
2024_0412_13:06:04 15 20.522 70.85
2024_0412_13:06:34 17 14.992 -13.74
2024_0412_13:06:43 17 93.524 93.718
2024_0412_13:06:46 17 14.362 -9.052
2024_0412_13:08:09 18 94.042 89.744
2024_0412_13:08:11 18 93.25 93.666
2024_0412_13:14:03 4 92.568 93.602
2024_0412_13:14:03 6 94.932 94.824
2024_0412_13:14:03 11 93.112 93.826
2024_0412_13:14:04 11 -0.262 0.278
2024_0412_13:14:04 8 94.064 94.296
2024_0412_13:14:04 5 94.896 94.934
2024_0412_13:14:05 7 93.698 93.474
2024_0412_13:14:05 11 0.41 0.072
2024_0412_13:14:05 11 -0.148 0.692
2024_0412_13:14:08 3 94.192 93.906
2024_0412_13:14:08 1 94.87 94.89
2024_0412_13:14:09 9 95.248 95.442
2024_0412_13:14:18 7 93.594 93.35
2024_0412_13:14:20 2 93.062 93.99
2024_0412_13:15:14 10 94.096 94.376
2024_0412_13:15:30 10 94.218 93.156
2024_0412_13:19:49 11 93.934 93.888
2024_0412_13:19:51 11 -0.788 0.162
2024_0412_13:19:51 11 -0.444 0.134
2024_0412_13:19:52 11 -0.232 -0.034
2024_0412_13:19:52 11 -0.098 0.214
2024_0412_13:19:52 11 92.78 93.81
2024_0412_13:19:54 11 -0.256 -0.58
2024_0412_13:19:54 11 -99.996 49.998
2024_0412_13:19:56 11 0.214 -0.842
2024_0412_13:19:56 11 -1.834 46.02
2024_0412_13:19:56 11 -0.122 -0.3
2024_0412_13:19:57 11 93.318 93.708
2024_0412_13:20:39 11 -0.052 -0.134
2024_0412_13:20:46 11 94.526 94.046
2024_0412_13:22:08 11 -22.852 95.268
2024_0412_13:22:41 12 94.42 94.61
2024_0412_13:25:39 12 94.908 94.678
2024_0412_13:25:40 12 91.812 46.39
2024_0412_13:25:42 12 0.216 -0.24
2024_0412_13:25:44 12 0.15 0.438
2024_0412_13:25:44 12 -22.262 22.254
2024_0412_13:25:45 12 0.234 0.528
2024_0412_13:25:46 12 93.84 93.616
2024_0412_13:25:49 12 0.242 -0.252
2024_0412_13:25:50 12 46.412 46.166
2024_0412_13:25:51 12 48.9 48.332
2024_0412_13:25:51 12 92.88 93.412
2024_0412_13:25:51 12 93.94 93.362
2024_0412_13:26:51 12 -0.194 -0.104
2024_0412_13:26:59 13 0.552 0.314
2024_0412_13:29:12 13 93.674 93.248
2024_0412_13:30:21 13 -0.768 -0.34
2024_0412_13:31:23 13 -0.464 -0.432
2024_0412_13:31:25 13 0.198 0.36
2024_0412_13:31:26 13 76.038 75.688
2024_0412_13:31:33 13 49.996 49.996
2024_0412_13:31:34 13 33.824 -3.656
2024_0412_13:31:34 13 0.208 0.618
2024_0412_13:31:35 13 99.996 99.992
2024_0412_13:31:36 13 4.628 4.458
2024_0412_13:31:37 13 0.882 -0.028
2024_0412_13:31:38 13 4.768 -1.124
2024_0412_13:31:38 13 0.452 0.87
2024_0412_13:31:39 13 93.882 92.888
2024_0412_13:33:01 13 0.364 0.296
2024_0412_13:33:12 13 0.348 0.05
2024_0412_13:36:12 13 0.66 0.378
2024_0412_13:37:14 13 47.458 47.4
2024_0412_13:37:16 13 -0.196 0.098
2024_0412_13:37:16 13 92.726 88.878
2024_0412_13:37:22 13 93.894 94.246
2024_0412_13:37:25 13 8.96 -10.412
2024_0412_13:37:25 14 0.474 -0.348
2024_0412_13:37:25 13 93.918 94.182
2024_0412_13:37:26 14 0.434 0.12
2024_0412_13:37:27 14 0.372 0.272
2024_0412_13:37:29 14 15.826 15.378
2024_0412_13:37:29 14 -3.234 57.306
2024_0412_13:37:31 14 32.306 33.266
2024_0412_13:37:31 14 23.854 24.484
2024_0412_13:39:17 14 94.118 93.97
2024_0412_13:39:29 14 93.038 92.672
2024_0412_13:43:01 14 0.702 -0.214
2024_0412_13:43:01 14 49.998 99.996
2024_0412_13:43:04 14 93.936 94.53
2024_0412_13:43:06 14 46.346 46.816
2024_0412_13:43:08 14 0.056 0.452
2024_0412_13:43:12 14 0.192 -0.276
2024_0412_13:43:13 14 93.622 93.822
2024_0412_13:43:15 14 -0.536 -0.004
2024_0412_13:43:16 14 -0.194 -0.056
2024_0412_13:43:16 14 38.156 -42.886
2024_0412_13:43:22 14 92.074 93.782
2024_0412_13:43:22 14 -21.222 22.052
2024_0412_13:43:26 14 94.654 94.798
2024_0412_13:44:57 14 -20.446 19.88
2024_0412_13:45:27 14 0.58 -0.092
2024_0412_13:45:48 15 94.088 92.952
2024_0412_13:48:44 15 -0.95 0.562
2024_0412_13:48:53 15 0.418 -0.302
2024_0412_13:48:56 15 93.622 88.904
2024_0412_13:49:01 15 94.106 91.796
2024_0412_13:49:06 15 4.588 -1.034
2024_0412_13:49:07 15 40.824 40.816
2024_0412_13:49:08 15 75.324 75.742
2024_0412_13:49:14 15 -0.116 0.142
2024_0412_13:49:15 15 0.018 -0.37
2024_0412_13:49:16 15 75.078 74.83
2024_0412_13:49:20 15 48.43 -39.608
2024_0412_13:50:20 15 -0.218 0.534
2024_0412_13:51:37 15 93.36 92.256
2024_0412_13:51:57 15 0.458 -0.14
2024_0412_13:52:10 15 -0.186 -0.876
2024_0412_13:52:47 15 91.67 91.604
2024_0412_13:54:32 15 45.498 93.244
2024_0412_13:54:46 15 0.18 0.264
2024_0412_13:54:52 15 1.492 15.78
2024_0412_13:54:53 15 63.244 63.874
2024_0412_13:54:58 15 46.052 44.922
2024_0412_13:54:59 15 99.996 99.996
2024_0412_13:55:03 16 95.072 94.788
2024_0412_13:55:08 16 -9.296 33.602
2024_0412_13:55:08 16 -0.72 -0.052
2024_0412_13:55:08 16 -0.01 -1.084
2024_0412_13:57:21 16 99.992 -49.994
2024_0412_13:57:21 16 7.526 32.902
2024_0412_13:57:43 16 -17.612 88.344
2024_0412_13:58:16 16 47.734 47.494
2024_0412_13:59:25 16 93.496 93.65
2024_0412_13:59:43 16 86.744 69.256
2024_0412_14:00:23 16 6.924 -17.526
2024_0412_14:00:42 16 0.188 -0.54
2024_0412_14:00:44 17 0.18 0.366
2024_0412_14:00:49 16 93.414 93.592
2024_0412_14:00:57 17 94.578 92.464
2024_0412_14:00:58 17 70.812 71.334
2024_0412_14:01:01 17 -0.752 -0.048
2024_0412_14:01:01 17 18.504 18.838
2024_0412_14:01:01 17 -0.804 -0.556
2024_0412_14:03:20 17 45.086 57.148
2024_0412_14:04:01 17 -0.572 0.678
2024_0412_14:05:41 17 30.062 43.138
2024_0412_14:05:42 17 0.014 0.918
2024_0412_14:06:17 17 -0.8 0.236
2024_0412_14:06:28 17 32.286 31.94
2024_0412_14:06:31 17 0.348 -1.024
2024_0412_14:06:32 17 98.826 -3.336
2024_0412_14:06:36 17 71.694 -3.998
2024_0412_14:06:41 17 0.4 -0.362
2024_0412_14:06:53 17 9.6 -8.902
2024_0412_14:06:53 17 98.958 -32.706
2024_0412_14:06:54 17 25.792 44.276
2024_0412_14:06:58 18 -7.482 8.114
2024_0412_14:07:07 18 47.162 -43.002
2024_0412_14:09:12 18 -0.122 0.25
2024_0412_14:10:16 18 -20.948 22.742
2024_0412_14:10:17 18 -36.302 51.268
2024_0412_14:11:39 18 23.342 25.384
2024_0412_14:12:07 18 49.996 -100.0
2024_0412_14:12:22 18 0.658 0.308
2024_0412_14:12:27 18 74.358 74.33
2024_0412_14:12:27 18 -99.992 99.996
2024_0412_14:12:39 18 19.326 20.756
2024_0412_14:12:42 18 -0.808 0.118
2024_0412_14:12:43 18 0.692 0.164
2024_0412_14:12:48 18 20.556 -19.132
2024_0412_14:12:50 18 -0.182 -0.406
2024_0412_14:12:54 18 74.852 74.588
2024_0412_14:13:00 18 -0.736 -0.314
2024_0412_14:13:30 18 0.562 -0.212
2024_0412_14:15:07 18 45.936 47.19
2024_0412_14:16:31 18 -2.342 2.41
2024_0412_14:17:35 19 93.402 91.338
2024_0412_14:18:11 19 51.414 51.35
2024_0412_14:18:24 19 95.45 91.23
2024_0412_14:18:25 18 93.12 93.488
2024_0412_14:18:26 19 -9.272 32.424
2024_0412_14:18:29 19 93.456 93.854
2024_0412_14:18:37 19 -1.608 7.976
2024_0412_14:18:39 19 0.336 -0.516
2024_0412_14:18:42 19 0.246 0.072
2024_0412_14:18:46 19 24.896 -24.826
2024_0412_14:18:53 20 -99.996 -99.996
2024_0412_14:19:06 20 65.732 86.124
2024_0412_14:19:52 20 52.248 75.368
2024_0412_14:20:15 19 -8.868 14.314
2024_0412_14:22:42 20 45.266 47.506
2024_0412_14:23:37 20 74.306 73.464
2024_0412_14:24:21 20 46.462 91.734
2024_0412_14:24:22 20 13.854 14.53
2024_0412_14:24:26 20 -1.012 0.016
2024_0412_14:24:33 20 94.024 92.888
2024_0412_14:24:35 20 8.76 -10.212
2024_0412_14:24:41 15 -1.268 -0.376
2024_0412_14:24:46 16 95.236 95.248
2024_0412_14:24:51 16 45.794 -1.288
2024_0412_14:25:01 16 46.14 45.938
2024_0412_14:25:33 20 0.04 0.198
2024_0412_14:26:07 17 93.354 93.188
2024_0412_14:26:22 17 0.624 -0.368
2024_0412_14:26:27 18 1.012 -0.87
2024_0412_14:27:05 18 93.01 93.454
2024_0412_14:29:12 20 -53.618 74.438
2024_0412_14:31:48 20 15.586 15.176
2024_0412_14:37:39 7 94.104 94.06
2024_0412_14:37:43 8 94.534 94.176
2024_0412_14:37:43 2 94.164 94.274
2024_0412_14:37:45 6 94.708 95.074
2024_0412_14:37:47 11 93.774 46.444
2024_0412_14:37:48 5 94.746 94.568
2024_0412_14:37:48 4 92.336 91.882
2024_0412_14:37:48 3 92.58 93.348
2024_0412_14:37:49 1 94.656 94.932
2024_0412_14:37:50 7 94.126 93.334
2024_0412_14:37:50 11 94.766 94.884
2024_0412_14:37:50 10 94.608 94.02
2024_0412_14:38:02 11 95.442 95.196
2024_0412_14:38:03 9 95.384 94.454
2024_0412_14:38:30 7 93.668 93.782
2024_0412_14:39:45 10 94.906 94.434
2024_0412_14:43:30 11 94.044 94.034
2024_0412_14:43:33 11 0.306 -0.702
2024_0412_14:43:34 11 -0.426 0.534
2024_0412_14:43:38 11 -0.4 0.44
2024_0412_14:43:41 11 -0.618 0.384
2024_0412_14:43:41 11 93.774 92.468
2024_0412_14:43:41 11 -0.578 -0.018
2024_0412_14:43:42 11 0.096 0.45
2024_0412_14:43:44 11 -0.238 -0.402
2024_0412_14:43:45 11 94.538 94.516
2024_0412_14:43:49 11 0.428 0.75
2024_0412_14:43:51 11 1.168 1.252
2024_0412_14:44:13 11 93.814 93.54
2024_0412_14:44:15 11 93.944 93.518
2024_0412_14:45:52 11 23.474 22.896
2024_0412_14:46:53 11 93.794 93.68
2024_0412_14:49:25 11 94.058 93.692
2024_0412_14:49:27 11 94.958 94.74
2024_0412_14:49:29 11 0.708 0.514
2024_0412_14:49:30 11 -0.686 -0.476
2024_0412_14:49:33 11 0.164 0.45
2024_0412_14:49:35 11 94.356 92.354
2024_0412_14:49:35 11 0.046 -0.05
2024_0412_14:49:36 11 -12.028 63.742
2024_0412_14:49:43 12 0.034 0.124
2024_0412_14:49:43 12 0.468 -0.322
2024_0412_14:49:45 12 93.7 93.39
2024_0412_14:49:45 12 95.052 94.97
2024_0412_14:50:19 12 -0.246 0.316
2024_0412_14:50:25 12 0.122 -0.614
2024_0412_14:52:57 12 92.264 95.098
2024_0412_14:53:45 12 -0.922 -0.054
2024_0412_14:55:20 12 -1.068 0.396
2024_0412_14:55:22 12 0.684 0.142
2024_0412_14:55:22 12 18.876 18.956
2024_0412_14:55:24 12 95.264 95.362
2024_0412_14:55:24 12 0.2 -0.194
2024_0412_14:55:27 12 -0.698 0.724
2024_0412_14:55:28 12 46.5 94.282
2024_0412_14:55:29 12 99.992 -99.992
2024_0412_14:55:35 12 -0.072 0.552
2024_0412_14:55:38 12 94.736 94.95
2024_0412_14:55:39 12 93.014 93.602
2024_0412_14:55:46 12 0.55 0.012
2024_0412_14:56:28 12 0.214 -0.928
2024_0412_14:56:31 12 0.154 -0.138
2024_0412_15:00:20 13 94.954 94.94
2024_0412_15:00:37 13 -0.238 0.246
2024_0412_15:01:16 13 1.16 -0.502
2024_0412_15:01:18 13 -0.178 -0.18
2024_0412_15:01:19 13 94.47 94.492
2024_0412_15:01:20 13 46.736 93.524
2024_0412_15:01:20 13 94.81 94.794
2024_0412_15:01:20 13 99.996 -49.998
2024_0412_15:01:21 13 93.682 93.288
2024_0412_15:01:24 13 94.95 95.218
2024_0412_15:01:32 13 0.386 0.688
2024_0412_15:01:33 13 -0.432 -0.682
2024_0412_15:01:34 13 49.994 -49.99
2024_0412_15:01:46 13 92.566 93.526
2024_0412_15:02:35 13 10.396 -10.238
2024_0412_15:03:28 13 74.996 75.944
2024_0412_15:06:44 13 92.352 47.986
2024_0412_15:07:06 13 99.992 49.998
2024_0412_15:07:09 13 94.976 94.854
2024_0412_15:07:10 13 -0.174 0.746
2024_0412_15:07:11 13 1.734 1.814
2024_0412_15:07:15 13 -2.99 46.904
2024_0412_15:07:15 13 92.366 94.204
2024_0412_15:07:16 13 93.23 85.278
2024_0412_15:07:20 13 47.102 47.852
2024_0412_15:07:23 13 10.484 -10.1
2024_0412_15:07:26 13 0.17 -0.75
2024_0412_15:07:34 13 75.53 75.332
2024_0412_15:07:39 13 -0.962 0.01
2024_0412_15:07:40 13 -0.106 -0.352
2024_0412_15:08:44 13 93.07 92.916
2024_0412_15:10:53 13 92.214 93.802
2024_0412_15:12:50 13 -25.15 24.958
2024_0412_15:12:59 13 0.17 0.266
2024_0412_15:13:01 13 0.01 0.212
2024_0412_15:13:03 14 49.99 -49.994
2024_0412_15:13:09 13 48.41 48.516
2024_0412_15:13:09 14 -0.66 -0.484
2024_0412_15:13:10 14 99.988 -99.968
2024_0412_15:13:11 14 93.442 93.444
2024_0412_15:13:14 14 -10.804 10.018
2024_0412_15:13:22 14 -0.308 0.344
2024_0412_15:13:24 14 -0.654 -0.94
2024_0412_15:13:32 14 92.858 45.304
2024_0412_15:13:41 14 75.79 75.824
2024_0412_15:14:50 14 0.114 0.394
2024_0412_15:15:12 14 -13.598 13.18
2024_0412_15:18:01 14 93.302 92.546
2024_0412_15:18:50 14 93.518 95.122
2024_0412_15:18:56 14 -0.46 0.04
2024_0412_15:19:00 14 94.65 94.544
2024_0412_15:19:02 14 93.178 93.752
2024_0412_15:19:02 14 -0.26 -0.15
2024_0412_15:19:03 14 14.196 15.47
2024_0412_15:19:05 14 -0.676 -0.012
2024_0412_15:19:06 14 93.552 93.12
2024_0412_15:19:17 14 -0.11 -0.502
2024_0412_15:19:35 14 94.302 94.688
2024_0412_15:19:43 14 92.914 92.398
2024_0412_15:22:18 14 46.828 46.77
2024_0412_15:23:27 14 94.788 93.53
2024_0412_15:23:58 14 -0.036 -0.698
2024_0412_15:24:15 14 0.176 -0.182
2024_0412_15:24:44 14 94.988 94.53
2024_0412_15:24:52 14 0.432 0.252
2024_0412_15:24:55 15 46.07 45.014
2024_0412_15:24:57 14 93.902 94.068
2024_0412_15:24:58 15 -0.786 0.588
2024_0412_15:25:01 15 0.64 -0.428
2024_0412_15:25:01 15 0.006 -0.28
2024_0412_15:25:09 14 45.412 27.05
2024_0412_15:25:14 15 0.022 -0.668
2024_0412_15:25:34 15 49.994 -49.998
2024_0412_15:25:41 15 93.356 93.858
2024_0412_15:27:33 14 93.822 93.91
2024_0412_15:29:25 15 50.0 -49.998
2024_0412_15:30:06 15 -10.068 9.298
2024_0412_15:30:07 15 -0.046 -0.126
2024_0412_15:30:33 15 -0.112 -0.02
2024_0412_15:30:45 15 -0.354 -0.294
2024_0412_15:30:51 15 13.92 47.158
2024_0412_15:30:53 15 2.272 53.27
2024_0412_15:30:53 15 0.864 0.466
2024_0412_15:30:56 15 0.34 -0.63
2024_0412_15:30:58 15 0.286 -0.204
2024_0412_15:31:15 15 -0.062 -0.24
2024_0412_15:31:29 15 -0.2 0.366
2024_0412_15:31:39 15 94.6 85.144
2024_0412_15:32:21 15 0.172 0.122
2024_0412_15:33:53 15 92.084 93.824
2024_0412_15:35:18 15 -0.222 -0.814
2024_0412_15:35:22 15 94.582 95.288
2024_0412_15:36:15 15 0.222 -0.378
2024_0412_15:36:24 15 95.152 94.048
2024_0412_15:36:36 15 0.296 0.164
2024_0412_15:36:43 15 18.194 16.57
2024_0412_15:36:49 15 81.728 67.706
2024_0412_15:36:52 15 5.53 0.464
2024_0412_15:36:52 15 93.7 94.226
2024_0412_15:37:13 15 0.808 2.656
2024_0412_15:37:32 15 79.776 93.844
2024_0412_15:37:39 15 -0.03 -0.302
2024_0412_15:39:39 16 -0.57 2.268
2024_0412_15:40:47 16 94.134 94.284
2024_0412_15:41:06 16 93.592 93.85
2024_0412_15:41:16 16 14.976 6.434
2024_0412_15:41:49 16 77.074 90.39
2024_0412_15:41:53 16 -0.562 0.68
2024_0412_15:42:13 16 92.23 93.616
2024_0412_15:42:29 16 93.164 93.79
2024_0412_15:42:37 16 77.816 49.5
2024_0412_15:42:43 16 94.854 94.84
2024_0412_15:42:46 16 50.382 -18.568
2024_0412_15:42:47 16 92.892 93.02
2024_0412_15:43:07 16 0.704 0.246
2024_0412_15:43:27 16 -0.396 -0.046
2024_0412_15:43:38 16 91.336 93.224
2024_0412_15:45:53 16 22.046 13.74
2024_0412_15:46:43 16 38.104 40.298
2024_0412_15:47:10 16 -3.728 30.128
2024_0412_15:47:11 16 10.202 -10.594
2024_0412_15:48:04 16 0.124 0.464
2024_0412_15:48:21 16 94.518 92.374
2024_0412_15:48:37 16 94.752 94.69
2024_0412_15:48:40 17 95.87 -1.074
2024_0412_15:48:41 17 18.378 0.304
2024_0412_15:48:41 17 7.764 -7.774
2024_0412_15:48:42 16 94.234 93.448
2024_0412_15:49:03 17 14.568 14.09
2024_0412_15:49:22 17 93.106 93.78
2024_0412_15:49:26 16 93.26 93.628
2024_0412_15:49:35 17 16.238 -16.86
2024_0412_15:49:36 16 1.394 1.456
2024_0412_15:52:11 17 59.312 -16.41
2024_0412_15:52:36 17 11.246 -10.098
2024_0412_15:53:01 17 0.168 0.644
2024_0412_15:53:07 17 93.57 93.58
2024_0412_15:54:06 17 84.752 87.906
2024_0412_15:54:19 17 47.282 93.06
2024_0412_15:54:31 17 94.546 94.348
2024_0412_15:54:35 17 -0.34 -0.17
2024_0412_15:54:38 17 94.644 93.77
2024_0412_15:54:38 17 92.912 93.898
2024_0412_15:54:51 17 -0.478 0.096
2024_0412_15:55:01 17 0.608 -0.694
2024_0412_15:55:25 17 40.596 42.5
2024_0412_15:55:34 17 -0.134 0.396
2024_0412_15:56:48 17 93.946 94.134
2024_0412_15:57:09 17 0.12 0.184
2024_0412_15:58:27 17 92.52 93.606
2024_0412_15:58:30 17 -1.678 0.364
2024_0412_15:58:53 17 -1.352 4.412
2024_0412_15:59:04 17 89.704 94.432
2024_0412_16:00:02 17 -0.218 0.24
2024_0412_16:00:15 17 94.318 95.688
2024_0412_16:00:25 17 94.664 94.864
2024_0412_16:00:32 18 94.778 95.098
2024_0412_16:00:33 18 -9.846 9.512
2024_0412_16:00:34 18 0.082 -0.176
2024_0412_16:01:00 18 45.866 95.306
2024_0412_16:01:05 18 0.528 -0.658
2024_0412_16:01:24 18 0.082 1.074
2024_0412_16:01:31 18 0.522 1.31
2024_0412_16:03:52 18 0.018 3.416
2024_0412_16:04:28 18 -17.126 33.364
2024_0412_16:04:42 18 93.598 93.492
2024_0412_16:04:47 18 -0.194 -0.286
2024_0412_16:04:57 18 -33.654 32.918
2024_0412_16:05:09 18 4.042 1.944
2024_0412_16:05:55 18 80.006 11.09
2024_0412_16:06:09 18 7.264 5.676
2024_0412_16:06:25 18 -0.126 0.364
2024_0412_16:06:27 18 94.462 95.436
2024_0412_16:06:28 18 94.488 92.786
2024_0412_16:06:29 18 0.154 -0.248
2024_0412_16:06:53 18 0.786 2.268
2024_0412_16:07:19 18 95.014 94.982
2024_0412_16:07:22 18 93.308 94.286
2024_0412_16:07:27 18 22.194 13.5
2024_0412_16:10:24 18 -1.336 -0.356
2024_0412_16:10:42 18 -0.36 -0.05
2024_0412_16:10:55 18 93.37 93.896
2024_0412_16:10:56 18 91.85 93.246
2024_0412_16:10:59 18 93.276 93.25
2024_0412_16:11:49 18 -15.846 14.696
2024_0412_16:12:08 18 -9.278 70.552
2024_0412_16:12:15 18 99.996 -49.998
2024_0412_16:12:15 18 0.43 -0.728
2024_0412_16:12:20 18 46.004 -45.864
2024_0412_16:12:27 18 95.168 95.054
2024_0412_16:12:57 19 -0.316 -0.356
2024_0412_16:13:06 18 94.858 94.878
2024_0412_16:13:18 19 9.678 -9.996
2024_0412_16:13:22 19 48.86 67.356
2024_0412_16:13:33 19 98.64 -5.664
2024_0412_16:16:24 19 56.55 67.618
2024_0412_16:16:35 19 93.602 44.862
2024_0412_16:16:51 19 49.994 -49.996
2024_0412_16:17:12 19 45.648 3.494
2024_0412_16:17:40 19 -1.504 1.27
2024_0412_16:17:59 19 99.996 99.996
2024_0412_16:18:07 19 16.386 -16.418
2024_0412_16:18:16 19 45.528 3.832
2024_0412_16:18:18 19 -99.992 99.996
2024_0412_16:18:32 19 -0.128 0.642
2024_0412_16:18:40 19 -49.996 49.996
2024_0412_16:18:50 19 -49.77 50.118
2024_0412_16:19:12 19 93.61 92.252
2024_0412_16:19:15 19 -0.028 -0.304
2024_0412_16:19:48 20 -0.892 -0.238
2024_0412_16:20:58 19 79.932 -79.588
2024_0412_16:22:20 20 93.592 45.012
2024_0412_16:22:24 20 -8.338 7.956
2024_0412_16:22:51 20 0.13 -0.082
2024_0412_16:23:31 20 93.816 93.37
2024_0412_16:23:34 20 94.928 94.794
2024_0412_16:23:51 20 10.976 11.022
2024_0412_16:24:01 20 92.954 86.63
2024_0412_16:24:38 20 18.962 30.138
2024_0412_16:24:45 20 0.238 0.592
2024_0412_16:25:08 20 93.766 94.024
2024_0412_16:25:10 20 94.782 94.734
2024_0412_16:25:49 20 12.924 -12.18
2024_0412_16:26:03 20 -1.212 -0.638
2024_0412_16:26:20 20 0.198 0.49
2024_0412_16:28:00 20 0.954 0.388
2024_0412_16:28:09 20 -0.332 -0.49
2024_0412_16:28:14 20 -0.334 -0.228
2024_0412_16:28:30 20 46.186 -0.622
2024_0412_16:28:35 14 15.03 15.058
2024_0412_16:29:19 14 -0.38 0.376
2024_0412_16:29:37 15 94.382 95.056
2024_0412_16:29:39 14 46.132 47.006
2024_0412_16:29:48 15 12.038 15.892
2024_0412_16:30:22 15 39.686 10.604
2024_0412_16:30:31 16 14.908 14.652
2024_0412_16:30:57 20 43.19 96.728
2024_0412_16:38:51 20 94.166 92.982
2024_0412_16:44:42 2 93.846 94.124
2024_0412_16:44:43 7 93.886 93.79
2024_0412_16:44:43 7 93.926 93.258
2024_0412_16:44:43 7 93.378 93.822
2024_0412_16:44:44 7 92.69 93.354
2024_0412_16:44:45 7 93.78 93.02
2024_0412_16:44:45 7 93.636 93.624
2024_0412_16:44:46 2 93.222 93.312
2024_0412_16:44:47 1 94.808 94.8
2024_0412_16:44:48 7 93.744 93.794
2024_0412_16:44:51 4 93.202 93.628
2024_0412_16:45:03 7 94.068 93.734
2024_0412_16:45:04 7 93.77 94.376
2024_0412_16:46:13 6 95.024 94.808
2024_0412_16:47:19 3 92.608 93.61
2024_0412_16:49:06 7 93.966 94.1
2024_0412_16:50:30 8 93.316 94.096
2024_0412_16:50:34 9 95.018 95.282
2024_0412_16:50:34 10 94.366 92.678
2024_0412_16:50:37 10 94.866 94.488
2024_0412_16:50:38 10 93.914 94.374
2024_0412_16:50:39 11 94.786 94.888
2024_0412_16:50:39 10 94.37 93.51
2024_0412_16:50:40 11 0.33 -0.302
2024_0412_16:50:41 11 -0.036 -0.442
2024_0412_16:50:42 10 93.72 94.198
2024_0412_16:51:12 11 94.622 94.99
2024_0412_16:51:38 11 94.824 94.772
2024_0412_16:53:21 11 0.032 -0.428
2024_0412_16:53:28 11 -99.996 99.992
2024_0412_16:54:22 11 -49.996 49.998
2024_0412_16:54:56 11 93.288 94.354
2024_0412_16:56:18 11 -0.534 -0.254
2024_0412_16:56:21 11 0.17 0.558
2024_0412_16:56:21 11 -49.998 99.996
2024_0412_16:56:21 11 -0.544 0.076
2024_0412_16:56:26 11 94.898 94.87
2024_0412_16:56:26 11 -0.288 -0.528
2024_0412_16:56:29 11 -0.966 0.014
2024_0412_16:56:29 11 93.38 93.796
2024_0412_16:56:32 11 93.198 93.028
2024_0412_16:56:33 11 94.164 94.048
2024_0412_16:57:18 11 92.86 92.738
2024_0412_16:57:24 11 0.832 -0.302
2024_0412_16:59:38 11 95.14 94.868
2024_0412_16:59:51 11 -0.122 -0.44
2024_0412_17:00:38 11 0.204 -0.092
2024_0412_17:02:04 11 -0.39 0.2
2024_0412_17:02:07 11 -0.048 0.33
2024_0412_17:02:08 11 -0.134 0.288
2024_0412_17:02:09 11 0.244 -0.254
2024_0412_17:02:14 11 93.202 94.222
2024_0412_17:02:16 11 0.034 -0.138
2024_0412_17:02:18 11 94.24 93.966
2024_0412_17:02:22 11 -0.118 -0.278
2024_0412_17:02:22 11 92.714 93.078
2024_0412_17:02:25 11 93.534 93.696
2024_0412_17:03:09 11 -0.372 -0.626
2024_0412_17:03:18 11 48.35 47.87
2024_0412_17:03:26 11 95.012 94.828
2024_0412_17:05:46 11 -0.64 -0.4
2024_0412_17:06:21 11 -0.08 -0.22
2024_0412_17:06:49 11 -0.128 0.16
2024_0412_17:07:51 11 49.998 -99.996
2024_0412_17:07:52 11 -0.258 -0.354
2024_0412_17:07:56 11 0.274 0.056
2024_0412_17:07:56 11 0.108 0.004
2024_0412_17:08:02 11 93.276 93.098
2024_0412_17:08:05 11 0.696 -0.166
2024_0412_17:08:08 11 -0.218 0.196
2024_0412_17:08:13 11 0.022 0.546
2024_0412_17:08:14 11 -0.37 0.204
2024_0412_17:08:17 11 -0.204 -0.156
2024_0412_17:09:07 11 0.138 -0.232
2024_0412_17:09:32 11 42.306 17.068
2024_0412_17:11:51 11 0.684 -0.082
2024_0412_17:12:08 11 99.992 99.992
2024_0412_17:12:11 11 93.652 93.508
2024_0412_17:13:36 11 0.124 -0.302
2024_0412_17:13:40 11 94.34 93.31
2024_0412_17:13:41 11 -0.94 -0.502
2024_0412_17:13:42 11 0.438 -0.348
2024_0412_17:13:52 11 92.782 94.078
2024_0412_17:13:54 11 46.096 -1.138
2024_0412_17:13:59 11 95.0 94.96
2024_0412_17:13:59 11 93.794 93.696
2024_0412_17:14:00 11 -50.0 -99.992
2024_0412_17:14:04 11 0.622 0.122
2024_0412_17:14:12 11 0.292 -0.284
2024_0412_17:14:56 11 93.684 93.058
2024_0412_17:15:36 11 0.8 -0.582
2024_0412_17:17:55 11 -49.998 99.996
2024_0412_17:18:00 11 -0.072 0.076
2024_0412_17:18:51 11 93.588 93.168
2024_0412_17:19:23 11 -0.234 -0.354
2024_0412_17:19:27 11 -0.538 0.34
2024_0412_17:19:27 11 0.484 0.862
2024_0412_17:19:34 11 0.254 0.53
2024_0412_17:19:42 11 93.41 93.918
2024_0412_17:19:45 11 -0.692 -0.756
2024_0412_17:19:46 11 -0.444 -0.58
2024_0412_17:19:47 11 16.494 17.29
2024_0412_17:19:49 11 -99.996 -99.992
2024_0412_17:19:55 11 95.236 94.658
2024_0412_17:20:43 11 -0.174 0.254
2024_0412_17:21:40 11 0.088 -0.096
2024_0412_17:22:50 11 0.394 0.326
2024_0412_17:23:57 11 92.258 93.228
2024_0412_17:24:00 11 0.626 0.528
2024_0412_17:25:08 11 -0.302 -0.698
2024_0412_17:25:12 11 -0.084 0.66
2024_0412_17:25:13 11 0.386 -0.158
2024_0412_17:25:16 11 93.962 93.642
2024_0412_17:25:18 11 94.972 94.792
2024_0412_17:25:34 11 94.87 95.956
2024_0412_17:25:37 11 -0.446 -0.982
2024_0412_17:25:37 11 94.824 95.316
2024_0412_17:25:42 11 94.874 95.002
2024_0412_17:25:45 11 94.808 94.756
2024_0412_17:26:29 11 -0.484 -0.066
2024_0412_17:27:45 11 0.184 0.702
2024_0412_17:29:22 11 92.584 92.82
2024_0412_17:29:47 11 -0.512 0.064
2024_0412_17:29:48 11 94.252 93.43
2024_0412_17:30:09 11 -0.408 0.092
2024_0412_17:30:59 11 94.83 94.856
2024_0412_17:31:02 11 94.354 93.958
2024_0412_17:31:03 11 0.144 -0.376
2024_0412_17:31:05 11 94.034 94.308
2024_0412_17:31:08 11 93.662 92.288
2024_0412_17:31:21 11 0.484 -0.094
2024_0412_17:31:23 11 -0.622 -0.606
2024_0412_17:31:26 11 -0.532 -0.186
2024_0412_17:31:29 11 43.596 16.936
2024_0412_17:31:39 11 0.026 -0.336
2024_0412_17:32:16 11 -99.996 49.998
2024_0412_17:35:35 11 -99.998 99.998
2024_0412_17:35:37 11 0.02 0.46
2024_0412_17:35:54 11 94.172 95.102
2024_0412_17:36:02 11 0.778 0.586
2024_0412_17:36:50 11 -0.236 -0.304
2024_0412_17:36:55 11 93.556 92.772
2024_0412_17:36:56 11 -1.158 0.384
2024_0412_17:36:57 11 3.97 3.554
2024_0412_17:36:58 11 -0.396 0.408
2024_0412_17:37:06 11 0.172 0.72
2024_0412_17:37:06 11 99.996 -49.998
2024_0412_17:37:09 11 -0.026 0.136
2024_0412_17:37:12 11 49.996 -99.988
2024_0412_17:37:22 11 93.236 93.172
2024_0412_17:37:30 11 0.228 0.6
2024_0412_17:38:03 11 0.766 -0.754
2024_0412_17:41:23 11 -0.114 0.546
2024_0412_17:41:43 11 -0.348 0.18
2024_0412_17:41:58 11 -0.008 -0.524
2024_0412_17:42:39 11 93.536 93.764
2024_0412_17:42:42 11 0.968 -0.332
2024_0412_17:42:43 11 0.142 0.436
2024_0412_17:42:46 11 1.794 1.096
2024_0412_17:42:47 11 0.534 0.418
2024_0412_17:42:57 12 93.224 92.58
2024_0412_17:42:59 12 94.848 95.156
2024_0412_17:43:03 12 18.694 17.484
2024_0412_17:43:20 12 94.606 94.894
2024_0412_17:43:24 12 94.524 94.616
2024_0412_17:43:48 12 0.596 0.516
2024_0412_17:44:01 11 0.396 -0.24
2024_0412_17:45:41 11 -0.094 0.528
2024_0412_17:47:09 12 99.996 99.992
2024_0412_17:47:46 12 99.996 99.996
2024_0412_17:48:02 12 -99.996 49.998
2024_0412_17:48:30 12 -0.734 0.558
2024_0412_17:48:33 12 93.85 93.284
2024_0412_17:48:34 12 -0.084 0.008
2024_0412_17:48:36 12 92.656 93.834
2024_0412_17:48:37 12 95.296 95.502
2024_0412_17:48:46 12 51.518 -1.348
2024_0412_17:48:46 12 -3.322 46.266
2024_0412_17:48:52 12 15.786 9.136
2024_0412_17:49:10 12 -99.992 100.0
2024_0412_17:49:13 12 -0.29 -0.902
2024_0412_17:49:39 12 94.282 94.56
2024_0412_17:50:37 12 0.116 -0.542
2024_0412_17:53:02 12 93.456 93.662
2024_0412_17:53:24 12 46.178 93.786
2024_0412_17:53:51 12 94.54 94.748
2024_0412_17:54:07 12 0.324 0.11
2024_0412_17:54:21 12 -0.052 -0.198
2024_0412_17:54:22 12 -0.69 -0.31
2024_0412_17:54:27 12 0.33 -0.066
2024_0412_17:54:37 12 94.162 94.144
2024_0412_17:54:43 12 94.036 93.998
2024_0412_17:54:43 12 0.508 0.466
2024_0412_17:54:44 12 95.168 95.256
2024_0412_17:55:05 12 0.04 -0.15
2024_0412_17:55:31 12 -1.216 -0.434
2024_0412_17:55:56 12 95.446 95.488
2024_0412_17:56:28 12 1.562 -0.66
2024_0412_17:57:00 12 -0.032 -0.59
2024_0412_17:58:51 12 0.402 0.256
2024_0412_17:59:15 12 94.07 93.02
2024_0412_17:59:57 12 4.966 0.652
2024_0412_18:00:10 12 -0.314 -0.092
2024_0412_18:00:13 12 75.968 76.27
2024_0412_18:00:17 12 0.564 0.184
2024_0412_18:00:19 12 93.88 91.142
2024_0412_18:00:28 12 45.966 93.806
2024_0412_18:00:29 12 0.008 0.202
2024_0412_18:00:34 12 94.098 91.782
2024_0412_18:00:36 12 93.572 93.438
2024_0412_18:00:59 12 95.558 96.692
2024_0412_18:01:19 12 -0.226 -0.604
2024_0412_18:02:25 12 75.758 76.442
2024_0412_18:04:21 12 92.836 93.698
2024_0412_18:04:44 12 94.74 48.126
2024_0412_18:05:08 12 94.932 94.838
2024_0412_18:05:35 12 94.588 94.918
2024_0412_18:06:00 12 -2.954 71.072
2024_0412_18:06:03 12 -0.178 -0.692
2024_0412_18:06:04 12 46.386 46.834
2024_0412_18:06:07 12 0.94 -0.192
2024_0412_18:06:11 12 -0.158 -0.24
2024_0412_18:06:20 12 0.492 -0.876
2024_0412_18:06:24 12 93.08 93.922
2024_0412_18:06:30 12 94.058 93.68
2024_0412_18:06:31 12 93.224 93.516
2024_0412_18:06:51 12 -0.14 -0.44
2024_0412_18:07:09 12 93.422 86.198
2024_0412_18:08:18 12 0.69 -0.69
2024_0412_18:10:33 12 -0.31 0.43
2024_0412_18:11:00 12 94.752 94.786
2024_0412_18:11:44 12 0.08 -0.126
2024_0412_18:11:55 12 93.692 94.584
2024_0412_18:11:55 12 -0.704 0.134
2024_0412_18:12:00 12 94.046 92.332
2024_0412_18:12:08 12 -0.182 -0.07
2024_0412_18:12:10 12 1.032 0.844
2024_0412_18:12:14 12 -0.484 0.074
2024_0412_18:12:24 12 94.578 95.232
2024_0412_18:12:41 12 93.01 93.368
2024_0412_18:12:43 12 -0.634 -0.316
2024_0412_18:13:01 12 92.988 94.522
2024_0412_18:13:10 12 94.696 95.074
2024_0412_18:13:31 12 23.402 24.63
2024_0412_18:14:10 12 94.216 94.364
2024_0412_18:16:19 12 -0.08 -0.278
2024_0412_18:16:47 12 49.996 49.996
2024_0412_18:17:32 12 0.15 0.138
2024_0412_18:17:44 12 94.63 94.978
2024_0412_18:17:46 12 93.876 92.972
2024_0412_18:17:50 12 -0.162 0.412
2024_0412_18:17:53 12 -99.988 -99.998
2024_0412_18:18:04 12 94.11 93.236
2024_0412_18:18:18 12 92.816 93.758
2024_0412_18:18:19 12 94.018 89.524
2024_0412_18:18:42 12 94.604 94.436
2024_0412_18:18:49 12 -49.996 -99.992
2024_0412_18:18:56 12 92.768 92.26
2024_0412_18:20:03 12 94.044 96.498
2024_0412_18:21:23 12 95.698 95.45
2024_0412_18:21:52 12 94.752 95.118
2024_0412_18:22:07 12 94.54 94.306
2024_0412_18:22:41 12 -39.928 47.452
2024_0412_18:23:21 12 -55.686 59.728
2024_0412_18:23:37 12 34.646 -34.836
2024_0412_18:23:38 12 92.92 94.022
2024_0412_18:23:42 12 94.93 94.95
2024_0412_18:23:45 12 49.142 49.704
2024_0412_18:23:55 12 71.01 87.498
2024_0412_18:24:04 12 -0.084 0.09
2024_0412_18:24:25 12 0.22 -0.61
2024_0412_18:24:37 12 94.776 94.97
2024_0412_18:24:48 13 95.118 95.018
2024_0412_18:25:00 13 -1.734 2.31
2024_0412_18:25:58 13 11.118 -10.816
2024_0412_18:27:50 13 0.09 0.092
2024_0412_18:28:22 13 1.034 -0.678
2024_0412_18:28:34 13 -9.854 34.07
2024_0412_18:29:08 13 10.224 -10.086
2024_0412_18:29:19 13 0.23 -0.866
2024_0412_18:29:25 13 0.508 0.634
2024_0412_18:29:26 13 93.944 93.75
2024_0412_18:29:36 13 93.344 93.378
2024_0412_18:29:47 13 93.394 94.748
2024_0412_18:30:00 13 94.578 94.932
2024_0412_18:30:25 13 0.714 0.298
2024_0412_18:30:32 13 0.458 -0.534
2024_0412_18:30:35 13 18.092 17.004
2024_0412_18:31:10 13 -50.336 49.648
2024_0412_18:31:52 13 45.736 46.482
2024_0412_18:32:32 13 96.476 19.836
2024_0412_18:33:41 13 -0.676 -0.794
2024_0412_18:34:15 13 46.13 46.486
2024_0412_18:35:03 13 0.176 -0.648
2024_0412_18:35:15 13 0.638 0.046
2024_0412_18:35:29 13 93.528 93.8
2024_0412_18:35:29 13 1.71 0.5
2024_0412_18:35:33 13 21.224 71.434
2024_0412_18:36:00 13 0.026 -0.392
2024_0412_18:36:07 13 0.372 -0.656
2024_0412_18:36:17 13 0.652 0.604
2024_0412_18:36:17 13 -99.996 -99.996
2024_0412_18:36:25 13 46.246 46.498
2024_0412_18:36:42 13 -0.32 -0.156
2024_0412_18:37:22 13 0.332 -0.032
2024_0412_18:37:48 13 0.184 1.014
2024_0412_18:38:30 13 74.898 74.284
2024_0412_18:39:35 13 -1.934 94.04
2024_0412_18:40:04 13 -0.77 -0.78
2024_0412_18:40:52 13 0.12 0.788
2024_0412_18:41:08 13 -0.108 0.556
2024_0412_18:41:24 13 14.92 14.932
2024_0412_18:41:25 13 94.15 93.008
2024_0412_18:41:48 13 -0.656 -0.094
2024_0412_18:42:11 13 95.384 95.642
2024_0412_18:42:13 13 -99.988 49.994
2024_0412_18:42:27 13 -0.37 -1.238
2024_0412_18:42:52 13 92.978 92.574
2024_0412_18:43:31 13 3.544 -1.23
2024_0412_18:43:37 13 -0.268 -0.31
2024_0412_18:43:56 13 95.13 95.326
2024_0412_18:44:21 13 -3.02 47.754
2024_0412_18:44:38 13 93.866 93.284
2024_0412_18:45:20 13 0.392 -0.196
2024_0412_18:45:51 13 0.744 -0.044
2024_0412_18:46:41 13 67.076 71.214
2024_0412_18:46:54 13 -8.574 7.828
2024_0412_18:47:12 13 0.05 -0.1
2024_0412_18:47:18 13 93.724 93.888
2024_0412_18:47:39 13 1.394 0.642
2024_0412_18:48:00 13 45.114 46.104
2024_0412_18:48:02 13 -49.998 99.996
2024_0412_18:48:15 13 4.28 -1.96
2024_0412_18:49:01 13 94.778 94.736
2024_0412_18:49:34 13 94.188 93.576
2024_0412_18:49:45 13 45.36 -41.736
2024_0412_18:50:10 13 0.508 0.148
2024_0412_18:51:11 13 -4.958 45.66
2024_0412_18:51:37 13 -0.446 -0.056
2024_0412_18:52:11 13 0.18 -0.276
2024_0412_18:52:34 13 -9.91 9.952
2024_0412_18:52:41 13 1.204 1.316
2024_0412_18:53:02 13 0.798 0.418
2024_0412_18:53:10 13 93.336 94.918
2024_0412_18:53:16 13 -99.998 -99.992
2024_0412_18:53:27 13 -0.588 0.156
2024_0412_18:53:50 13 -10.406 10.332
2024_0412_18:53:54 13 0.392 0.52
2024_0412_18:54:01 13 -0.178 0.228
2024_0412_18:55:09 13 94.068 94.516
2024_0412_18:55:25 13 50.0 -99.996
2024_0412_18:55:54 13 23.638 36.226
2024_0412_18:55:59 13 92.074 93.078
2024_0412_18:57:00 13 94.554 92.69
2024_0412_18:57:22 13 94.67 94.846
2024_0412_18:58:27 13 94.556 94.638
2024_0412_18:58:29 13 -0.212 -0.746
2024_0412_18:58:55 13 -1.266 46.846
2024_0412_18:58:58 13 -0.27 -0.194
2024_0412_18:59:20 13 0.086 -0.286
2024_0412_18:59:40 13 93.902 92.37
2024_0412_18:59:43 13 0.184 0.846
2024_0412_18:59:53 13 94.1 93.538
2024_0412_19:01:02 13 0.014 -0.28
2024_0412_19:01:16 13 -0.148 -0.332
2024_0412_19:01:16 13 0.086 -1.044
2024_0412_19:01:20 13 -4.068 31.642
2024_0412_19:01:46 13 49.998 -49.998
2024_0412_19:02:05 13 0.218 -0.438
2024_0412_19:02:51 13 0.704 -0.552
2024_0412_19:03:11 13 0.418 0.948
2024_0412_19:04:16 13 -0.212 -0.8
2024_0412_19:04:20 13 90.538 93.96
2024_0412_19:04:44 13 95.28 95.048
2024_0412_19:05:11 13 3.47 3.238
2024_0412_19:05:32 13 0.124 0.62
2024_0412_19:07:25 13 15.602 16.128
2024_0412_19:07:37 13 96.58 46.372
2024_0412_19:08:16 13 -2.43 47.934
2024_0412_19:08:29 13 48.238 94.548
2024_0412_19:08:42 13 54.966 17.014
2024_0412_19:08:46 13 46.054 46.034
2024_0412_19:09:01 13 94.43 94.582
2024_0412_19:09:15 13 12.83 34.83
2024_0412_19:09:20 13 -0.58 -0.976
2024_0412_19:10:11 13 94.274 94.696
2024_0412_19:10:12 13 93.6 93.292
2024_0412_19:10:23 13 93.01 94.6
2024_0412_19:11:01 13 18.064 17.89
2024_0412_19:11:22 13 1.172 -0.038
2024_0412_19:11:54 13 93.742 93.478
2024_0412_19:13:26 13 0.506 -0.246
2024_0412_19:13:33 13 46.686 46.28
2024_0412_19:14:22 13 -0.012 -0.662
2024_0412_19:14:31 13 0.064 0.6
2024_0412_19:14:33 13 95.95 94.8
2024_0412_19:14:43 13 94.556 93.256
2024_0412_19:14:52 13 0.364 -0.252
2024_0412_19:15:04 13 0.554 0.48
2024_0412_19:15:11 13 0.062 0.072
2024_0412_19:15:34 13 -0.236 -0.668
2024_0412_19:16:01 13 -0.456 -0.886
2024_0412_19:16:02 13 -0.376 -0.43
2024_0412_19:16:58 13 0.61 -0.698
2024_0412_19:17:15 13 0.038 0.596
2024_0412_19:17:57 13 94.35 47.776
2024_0412_19:19:18 13 0.824 -0.386
2024_0412_19:19:42 13 -4.292 47.044
2024_0412_19:19:44 13 0.126 -0.024
2024_0412_19:20:18 13 -0.416 -0.496
2024_0412_19:20:28 13 94.556 94.418
2024_0412_19:20:41 13 93.008 84.744
2024_0412_19:20:45 13 -1.04 -0.048
2024_0412_19:20:58 13 87.92 93.636
2024_0412_19:21:02 13 -0.524 0.278
2024_0412_19:21:06 13 -0.638 -1.252
2024_0412_19:21:53 13 52.57 -52.66
2024_0412_19:21:55 13 94.69 95.046
2024_0412_19:21:59 13 0.308 0.14
2024_0412_19:22:55 13 93.714 60.208
2024_0412_19:23:09 13 6.296 27.654
2024_0412_19:23:48 13 93.04 92.74
2024_0412_19:25:08 13 0.034 0.194
2024_0412_19:25:54 13 95.828 94.796
2024_0412_19:26:09 13 94.366 89.906
2024_0412_19:26:18 13 -1.456 2.26
2024_0412_19:26:29 13 -0.246 -0.388
2024_0412_19:26:30 13 -33.092 33.32
2024_0412_19:26:39 13 94.342 93.85
2024_0412_19:26:47 13 -0.202 0.64
2024_0412_19:26:59 13 0.368 45.4
2024_0412_19:27:44 13 45.958 46.382
2024_0412_19:27:48 13 94.818 94.286
2024_0412_19:28:11 13 73.788 74.542
2024_0412_19:28:50 13 13.114 13.67
2024_0412_19:29:05 13 93.71 94.566
2024_0412_19:29:38 13 16.222 16.072
2024_0412_19:30:34 13 -0.688 -0.422
2024_0412_19:31:01 13 -0.048 0.572
2024_0412_19:32:00 13 0.166 0.074
2024_0412_19:32:10 13 94.336 94.136
2024_0412_19:32:13 13 0.09 0.322
2024_0412_19:32:22 13 12.648 30.606
2024_0412_19:32:34 13 96.07 94.594
2024_0412_19:32:41 13 93.696 93.812
2024_0412_19:32:53 13 20.454 -20.266
2024_0412_19:33:37 14 93.382 93.028
2024_0412_19:33:39 14 -0.004 0.076
2024_0412_19:33:39 13 22.396 20.258
2024_0412_19:34:22 14 92.4 93.384
2024_0412_19:34:45 14 0.316 0.624
2024_0412_19:34:59 14 -0.006 -0.02
2024_0412_19:35:31 14 -12.324 13.286
2024_0412_19:37:19 14 94.888 94.904
2024_0412_19:37:53 14 -0.516 -0.67
2024_0412_19:38:09 14 93.872 93.954
2024_0412_19:38:13 14 0.014 0.252
2024_0412_19:38:28 14 0.382 -0.154
2024_0412_19:38:40 14 -0.586 -0.42
2024_0412_19:39:03 14 14.352 22.728
2024_0412_19:39:25 14 -0.08 -0.38
2024_0412_19:39:35 14 -0.31 -0.576
2024_0412_19:39:51 14 0.172 69.57
2024_0412_19:39:53 14 94.114 93.268
2024_0412_19:39:58 14 99.992 -49.996
2024_0412_19:40:21 14 93.288 92.582
2024_0412_19:40:44 14 94.038 44.206
2024_0412_19:40:56 14 95.124 94.814
2024_0412_19:41:21 14 -0.096 0.472
2024_0412_19:43:45 14 0.138 -0.292
2024_0412_19:43:59 14 0.462 -0.164
2024_0412_19:44:07 14 1.534 1.11
2024_0412_19:44:09 14 94.988 94.262
2024_0412_19:44:16 14 -49.996 99.992
2024_0412_19:44:38 14 -0.614 0.698
2024_0412_19:44:59 14 15.07 12.718
2024_0412_19:45:19 14 93.524 93.766
2024_0412_19:45:28 14 -0.618 44.1
2024_0412_19:46:00 14 0.75 0.09
2024_0412_19:46:18 14 94.222 94.778
2024_0412_19:46:21 14 64.926 84.826
2024_0412_19:46:36 14 0.01 -0.004
2024_0412_19:46:45 14 8.654 -7.784
2024_0412_19:47:10 14 0.49 -0.812
2024_0412_19:49:10 14 -0.132 -0.358
2024_0412_19:49:38 14 93.368 45.332
2024_0412_19:49:57 14 0.532 -0.168
2024_0412_19:50:00 14 11.516 11.26
2024_0412_19:50:11 14 9.512 -10.094
2024_0412_19:50:11 14 92.722 93.006
2024_0412_19:50:27 14 0.15 0.272
2024_0412_19:50:57 14 93.96 94.206
2024_0412_19:51:06 14 0.038 -0.164
2024_0412_19:51:22 14 9.59 71.088
2024_0412_19:52:06 14 0.036 0.208
2024_0412_19:52:06 14 -49.998 -49.996
2024_0412_19:52:30 14 83.536 94.002
2024_0412_19:52:33 14 -15.838 16.872
2024_0412_19:52:58 14 -0.398 -0.258
2024_0412_19:55:15 14 94.746 94.95
2024_0412_19:55:33 14 -10.162 9.366
2024_0412_19:55:55 14 95.158 93.062
2024_0412_19:55:57 14 94.13 94.38
2024_0412_19:56:09 14 -10.08 9.846
2024_0412_19:56:09 14 94.794 95.13
2024_0412_19:56:22 14 94.466 45.896
2024_0412_19:56:24 14 92.84 95.286
2024_0412_19:56:53 14 40.898 40.188
2024_0412_19:57:05 14 94.522 94.354
2024_0412_19:57:20 14 94.334 94.144
2024_0412_19:58:11 14 89.89 54.958
2024_0412_19:58:20 14 -1.652 -1.93
2024_0412_19:58:29 14 0.628 -0.37
2024_0412_19:58:29 14 -0.338 0.222
2024_0412_19:58:57 14 7.986 16.202
2024_0412_20:01:29 14 0.216 -0.06
2024_0412_20:01:49 14 0.304 -0.284
2024_0412_20:01:55 14 45.968 93.784
2024_0412_20:02:11 14 -0.544 -0.574
2024_0412_20:02:16 14 -0.088 0.0
2024_0412_20:02:20 14 46.538 49.998
2024_0412_20:02:50 14 0.274 -0.102
2024_0412_20:02:58 14 9.75 9.726
2024_0412_20:03:15 14 1.094 4.138
2024_0412_20:03:18 14 93.23 93.53
2024_0412_20:04:12 14 93.564 94.286
2024_0412_20:04:21 14 -20.064 19.326
2024_0412_20:04:27 14 0.562 0.908
2024_0412_20:04:27 14 -0.002 0.54
2024_0412_20:04:40 14 92.318 94.568
2024_0412_20:04:55 14 93.386 93.862
2024_0412_20:07:22 14 94.948 94.484
2024_0412_20:07:42 14 -0.046 -0.684
2024_0412_20:07:48 14 99.996 -49.998
2024_0412_20:08:01 14 -0.202 -0.448
2024_0412_20:08:11 14 0.232 -0.318
2024_0412_20:08:49 14 93.412 93.004
2024_0412_20:09:07 14 0.174 -0.516
2024_0412_20:09:13 14 -12.522 19.114
2024_0412_20:09:21 14 0.078 -0.078
2024_0412_20:10:14 14 94.438 94.538
2024_0412_20:10:16 14 94.728 94.93
2024_0412_20:10:24 14 0.692 0.24
2024_0412_20:10:52 14 20.132 44.458
2024_0412_20:11:05 14 -0.306 -0.274
2024_0412_20:12:15 14 36.67 94.698
2024_0412_20:12:37 14 0.656 -0.902
2024_0412_20:13:21 14 93.402 94.214
2024_0412_20:13:42 14 44.576 3.786
2024_0412_20:13:49 14 33.536 43.374
2024_0412_20:13:56 14 -40.034 39.956
2024_0412_20:14:05 14 0.946 0.178
2024_0412_20:14:47 14 0.186 -0.126
2024_0412_20:15:08 14 -0.412 91.908
2024_0412_20:15:33 14 92.376 93.072
2024_0412_20:16:08 14 93.924 92.704
2024_0412_20:16:10 14 46.136 2.04
2024_0412_20:16:11 14 -0.488 0.37
2024_0412_20:16:22 14 0.562 -0.458
2024_0412_20:16:48 14 60.122 -60.136
2024_0412_20:18:10 14 -0.056 0.29
2024_0412_20:18:47 14 74.772 74.728
2024_0412_20:19:20 14 94.128 93.176
2024_0412_20:19:37 14 91.666 93.674
2024_0412_20:19:56 14 94.794 34.5
2024_0412_20:20:00 14 0.05 0.252
2024_0412_20:20:35 14 94.182 45.858
2024_0412_20:20:45 14 -0.002 0.432
2024_0412_20:21:06 14 0.186 -0.072
2024_0412_20:21:46 14 92.838 93.092
2024_0412_20:22:04 14 0.462 0.16
2024_0412_20:22:07 14 93.99 94.238
2024_0412_20:22:08 14 9.274 17.488
2024_0412_20:22:16 14 0.228 0.206
2024_0412_20:22:49 14 48.036 94.728
2024_0412_20:23:01 14 0.356 -0.26
2024_0412_20:24:04 14 -2.032 49.502
2024_0412_20:25:02 14 93.04 47.996
2024_0412_20:25:17 14 92.936 92.97
2024_0412_20:25:34 14 26.878 -1.4
2024_0412_20:25:54 14 94.638 94.76
2024_0412_20:25:55 14 95.058 94.818
2024_0412_20:26:44 14 95.856 94.846
2024_0412_20:27:01 14 -0.674 -0.178
2024_0412_20:27:58 14 -35.994 35.716
2024_0412_20:27:58 14 -3.31 50.732
2024_0412_20:28:04 14 0.952 0.044
2024_0412_20:28:06 14 32.488 45.87
2024_0412_20:28:08 14 93.62 91.884
2024_0412_20:28:44 14 0.406 -0.63
2024_0412_20:30:07 14 46.906 46.28
2024_0412_20:30:14 14 45.75 47.018
2024_0412_20:30:35 14 92.75 92.568
2024_0412_20:31:12 14 93.57 92.692
2024_0412_20:31:14 14 -0.122 0.532
2024_0412_20:31:27 14 93.116 91.436
2024_0412_20:31:49 14 93.88 92.204
2024_0412_20:31:51 14 46.868 -2.416
2024_0412_20:32:38 14 -33.27 33.084
2024_0412_20:33:00 14 -0.926 0.194
2024_0412_20:33:52 14 49.38 -2.086
2024_0412_20:34:01 14 99.996 49.998
2024_0412_20:34:02 14 93.914 94.21
2024_0412_20:34:03 14 70.276 -5.662
2024_0412_20:34:42 14 0.156 0.53
2024_0412_20:36:01 14 5.838 40.63
2024_0412_20:36:24 14 -8.636 8.94
2024_0412_20:36:55 14 93.85 94.458
2024_0412_20:37:05 14 -0.032 0.166
2024_0412_20:37:25 14 93.3 93.758
2024_0412_20:37:42 14 -0.356 -0.552
2024_0412_20:37:47 14 93.918 92.244
2024_0412_20:38:34 14 -0.094 -0.082
2024_0412_20:38:39 14 94.59 94.044
2024_0412_20:38:55 14 0.034 0.212
2024_0412_20:39:45 14 0.812 0.436
2024_0412_20:39:53 14 93.124 94.412
2024_0412_20:39:59 14 95.094 93.99
2024_0412_20:40:01 14 0.188 0.154
2024_0412_20:40:17 14 -9.366 10.566
2024_0412_20:40:42 15 27.604 28.686
2024_0412_20:42:00 15 2.91 1.916
2024_0412_20:43:08 15 93.676 94.612
2024_0412_20:43:10 15 93.644 93.654
2024_0412_20:43:22 15 30.792 0.152
2024_0412_20:43:37 15 -0.294 0.416
2024_0412_20:44:05 15 91.764 93.818
2024_0412_20:44:48 15 0.298 -0.242
2024_0412_20:45:31 15 9.858 -9.804
2024_0412_20:45:42 15 94.54 94.932
2024_0412_20:45:49 15 0.1 0.092
2024_0412_20:45:56 15 92.046 93.456
2024_0412_20:45:59 15 94.134 70.912
2024_0412_20:46:07 15 -0.336 0.008
2024_0412_20:46:41 15 17.674 18.576
2024_0412_20:47:58 15 48.2 -18.984
2024_0412_20:48:20 15 18.78 95.92
2024_0412_20:49:07 15 12.822 -12.342
2024_0412_20:49:23 15 32.03 -19.768
2024_0412_20:49:27 15 6.274 -5.956
2024_0412_20:49:38 15 94.092 93.96
2024_0412_20:50:15 15 0.342 0.024
2024_0412_20:50:21 15 93.932 91.628
2024_0412_20:50:50 15 1.544 -0.19
2024_0412_20:51:25 15 -0.348 0.522
2024_0412_20:51:42 15 93.876 47.224
2024_0412_20:51:53 15 94.96 94.912
2024_0412_20:51:59 15 5.794 -6.326
2024_0412_20:51:59 15 83.462 56.68
2024_0412_20:52:48 15 92.774 92.598
2024_0412_20:53:17 15 95.944 46.454
2024_0412_20:54:02 15 94.946 95.136
2024_0412_20:54:26 15 -0.328 0.666
2024_0412_20:55:06 15 8.146 -7.946
2024_0412_20:55:25 15 46.226 92.556
2024_0412_20:55:36 15 -7.852 8.078
2024_0412_20:56:33 15 0.132 -0.29
2024_0412_20:56:48 15 0.414 -0.106
2024_0412_20:57:20 15 90.468 95.702
2024_0412_20:57:46 15 93.97 93.326
2024_0412_20:57:55 15 94.27 94.38
2024_0412_20:58:01 15 87.91 93.24
2024_0412_20:58:05 15 93.536 92.426
2024_0412_20:58:53 15 94.74 96.104
2024_0412_20:59:56 15 96.132 95.002
2024_0412_20:59:57 15 4.434 -5.03
2024_0412_21:00:05 15 94.776 94.95
2024_0412_21:00:23 15 -0.334 0.384
2024_0412_21:00:51 15 93.904 93.84
2024_0412_21:01:12 15 -1.21 4.3
2024_0412_21:01:23 15 35.528 35.466
2024_0412_21:01:39 15 -3.338 3.096
2024_0412_21:02:48 15 17.174 17.206
2024_0412_21:02:50 15 74.104 73.53
2024_0412_21:03:25 15 2.698 -2.028
2024_0412_21:03:49 15 -0.128 -0.05
2024_0412_21:03:58 15 93.412 45.834
2024_0412_21:04:10 15 93.68 93.62
2024_0412_21:04:11 15 1.476 10.166
2024_0412_21:05:00 15 48.64 48.222
2024_0412_21:06:06 15 -1.112 46.562
2024_0412_21:06:16 15 0.44 -0.196
2024_0412_21:06:40 15 95.058 95.642
2024_0412_21:07:13 15 -9.736 10.132
2024_0412_21:07:28 15 92.998 47.31
2024_0412_21:07:41 15 -0.524 -0.148
2024_0412_21:08:49 15 23.152 17.366
2024_0412_21:09:01 15 0.466 -0.198
2024_0412_21:09:24 15 49.996 -99.996
2024_0412_21:09:53 15 94.102 94.358
2024_0412_21:09:58 15 0.288 -0.192
2024_0412_21:10:14 15 -99.98 99.994
2024_0412_21:10:22 15 13.33 14.484
2024_0412_21:11:03 15 0.134 -0.424
2024_0412_21:11:27 15 -0.01 0.022
2024_0412_21:12:18 15 0.2 -0.4
2024_0412_21:12:21 15 -1.846 49.294
2024_0412_21:12:47 15 92.468 93.808
2024_0412_21:13:12 15 93.442 93.784
2024_0412_21:13:31 15 42.068 41.988
2024_0412_21:13:46 15 45.324 95.45
2024_0412_21:14:51 15 47.392 47.362
2024_0412_21:15:17 15 94.842 94.736
2024_0412_21:15:26 15 -0.1 0.092
2024_0412_21:15:26 15 0.368 0.528
2024_0412_21:15:56 15 94.366 94.292
2024_0412_21:15:59 15 -9.824 10.022
2024_0412_21:16:17 15 -49.996 99.994
2024_0412_21:17:07 15 -0.416 -0.042
2024_0412_21:18:23 15 -13.16 44.462
2024_0412_21:18:30 15 93.688 46.222
2024_0412_21:18:42 15 0.326 0.008
2024_0412_21:18:56 15 0.12 -0.164
2024_0412_21:19:10 15 95.328 95.414
2024_0412_21:19:30 15 0.232 0.322
2024_0412_21:19:48 15 11.578 -11.592
2024_0412_21:20:10 15 94.48 73.586
2024_0412_21:20:49 15 0.87 0.116
2024_0412_21:21:24 15 -0.552 0.896
2024_0412_21:21:25 15 93.518 92.61
2024_0412_21:21:31 15 95.002 93.222
2024_0412_21:21:56 15 0.512 0.372
2024_0412_21:21:59 15 -0.98 43.786
2024_0412_21:22:22 15 -0.65 0.71
2024_0412_21:23:10 15 75.306 74.438
2024_0412_21:24:19 15 -17.224 63.57
2024_0412_21:24:56 15 49.996 99.996
2024_0412_21:25:05 15 42.656 42.038
2024_0412_21:25:19 15 2.288 1.52
2024_0412_21:25:23 15 46.026 93.53
2024_0412_21:25:47 15 84.66 83.012
2024_0412_21:25:49 15 0.384 -0.296
2024_0412_21:26:45 15 99.988 -99.996
2024_0412_21:27:23 15 0.004 0.046
2024_0412_21:27:28 15 98.102 -29.978
2024_0412_21:27:50 15 0.628 -0.018
2024_0412_21:27:56 15 -0.12 0.394
2024_0412_21:28:02 15 93.248 92.956
2024_0412_21:28:26 15 92.712 89.386
2024_0412_21:29:07 15 1.712 2.922
2024_0412_21:29:54 15 -0.578 -0.416
2024_0412_21:30:21 15 93.014 93.618
2024_0412_21:31:06 15 49.688 49.428
2024_0412_21:31:36 15 93.292 95.186
2024_0412_21:31:45 15 0.342 -0.274
2024_0412_21:31:50 15 2.138 2.74
2024_0412_21:32:39 15 80.452 84.552
2024_0412_21:32:45 15 -0.31 0.25
2024_0412_21:33:21 15 0.006 0.004
2024_0412_21:33:31 15 33.39 -33.382
2024_0412_21:33:53 15 -16.754 16.514
2024_0412_21:34:03 15 27.604 -27.2
2024_0412_21:34:03 15 93.5 92.638
2024_0412_21:34:24 15 -0.24 0.006
2024_0412_21:34:49 15 94.212 93.052
2024_0412_21:35:06 15 95.358 94.108
2024_0412_21:36:16 15 -10.7 9.862
2024_0412_21:37:15 15 -0.742 -0.832
2024_0412_21:37:42 15 -0.366 0.12
2024_0412_21:37:46 15 -0.918 0.134
2024_0412_21:37:48 15 93.548 93.754
2024_0412_21:38:41 15 0.19 -0.102
2024_0412_21:39:19 15 42.902 94.146
2024_0412_21:39:43 15 0.094 -0.162
2024_0412_21:39:43 15 -10.24 11.108
2024_0412_21:39:55 15 94.108 92.496
2024_0412_21:40:01 15 46.538 -0.53
2024_0412_21:40:24 15 93.592 92.218
2024_0412_21:40:48 15 94.71 94.548
2024_0412_21:41:16 15 -0.692 -0.848
2024_0412_21:42:08 15 -0.642 0.064
2024_0412_21:43:15 15 13.824 14.592
2024_0412_21:43:39 15 -19.744 20.418
2024_0412_21:43:39 15 93.188 93.74
2024_0412_21:44:01 15 18.208 18.888
2024_0412_21:44:03 15 0.008 -0.12
2024_0412_21:44:40 15 -0.174 -0.232
2024_0412_21:45:17 15 0.026 -1.236
2024_0412_21:45:41 15 93.638 93.836
2024_0412_21:45:53 15 0.156 -0.238
2024_0412_21:45:57 15 0.606 0.164
2024_0412_21:46:21 15 93.788 93.526
2024_0412_21:46:24 15 4.092 -4.012
2024_0412_21:46:47 15 94.578 94.602
2024_0412_21:47:08 15 -0.704 0.176
2024_0412_21:47:59 15 99.996 49.998
2024_0412_21:49:13 15 3.088 -3.15
2024_0412_21:49:36 15 93.774 93.422
2024_0412_21:49:36 15 95.028 93.934
2024_0412_21:50:15 15 1.078 -0.16
2024_0412_21:50:21 16 0.116 -0.26
2024_0412_21:50:24 15 -0.208 0.462
2024_0412_21:50:37 16 19.374 -19.11
2024_0412_21:51:16 16 -0.128 -0.556
2024_0412_21:51:40 16 -10.988 10.182
2024_0412_21:51:47 16 45.968 -0.746
2024_0412_21:51:54 16 95.628 95.252
2024_0412_21:52:32 16 93.188 94.312
2024_0412_21:53:03 16 63.59 -5.726
2024_0412_21:53:18 16 19.702 -18.794
2024_0412_21:53:54 16 16.762 -16.556
2024_0412_21:55:14 16 77.894 92.47
2024_0412_21:55:32 16 90.196 90.758
2024_0412_21:55:33 16 92.752 92.058
2024_0412_21:56:18 16 0.69 -0.414
2024_0412_21:56:30 16 49.404 48.362
2024_0412_21:56:36 16 96.178 94.922
2024_0412_21:56:51 16 16.768 -16.72
2024_0412_21:57:12 16 61.444 62.364
2024_0412_21:57:15 16 0.434 -0.5
2024_0412_21:57:38 16 -0.328 0.652
2024_0412_21:57:43 16 96.078 94.686
2024_0412_21:57:49 16 -0.088 0.354
2024_0412_21:58:34 16 45.568 94.082
2024_0412_21:59:03 16 93.972 93.022
2024_0412_21:59:55 16 -0.06 -0.138
2024_0412_22:01:11 16 16.586 -16.47
2024_0412_22:01:27 16 16.672 -16.908
2024_0412_22:01:31 16 94.892 94.726
2024_0412_22:02:14 16 -30.34 63.534
2024_0412_22:02:33 16 -7.06 6.558
2024_0412_22:02:42 16 94.708 92.902
2024_0412_22:02:49 16 93.882 94.07
2024_0412_22:03:11 16 0.396 -0.168
2024_0412_22:03:26 16 -0.204 -0.13
2024_0412_22:03:36 16 0.05 -0.298
2024_0412_22:03:46 16 10.0 -9.996
2024_0412_22:03:49 16 0.438 0.224
2024_0412_22:04:34 16 95.116 91.63
2024_0412_22:04:57 16 0.044 0.444
2024_0412_22:05:17 16 2.42 0.262
2024_0412_22:05:56 16 94.53 53.284
2024_0412_22:07:13 16 17.016 16.51
2024_0412_22:07:29 16 75.238 75.072
2024_0412_22:07:43 16 0.048 -0.328
2024_0412_22:08:13 16 94.798 94.774
2024_0412_22:08:32 16 -0.864 29.26
2024_0412_22:08:56 16 91.292 93.72
2024_0412_22:08:59 16 -0.144 1.286
2024_0412_22:09:07 16 0.834 0.444
2024_0412_22:09:34 16 75.65 75.596
2024_0412_22:09:39 16 93.844 92.684
2024_0412_22:09:43 16 94.042 94.034
2024_0412_22:09:49 16 -0.694 0.202
2024_0412_22:10:34 16 0.068 0.036
2024_0412_22:10:51 16 95.326 94.334
2024_0412_22:11:56 16 78.896 42.844
2024_0412_22:13:14 16 94.316 93.418
2024_0412_22:13:25 16 94.39 94.204
2024_0412_22:14:10 16 39.09 87.262
2024_0412_22:14:22 16 68.562 52.864
2024_0412_22:14:25 16 0.258 0.156
2024_0412_22:14:57 16 43.438 13.028
2024_0412_22:15:03 16 45.784 95.374
2024_0412_22:15:06 16 -0.322 0.554
2024_0412_22:15:30 16 95.486 95.336
2024_0412_22:15:39 16 25.0 -23.044
2024_0412_22:15:47 16 31.734 32.288
2024_0412_22:15:47 16 -9.882 9.962
2024_0412_22:15:48 16 37.472 -15.518
2024_0412_22:16:36 16 94.766 94.572
2024_0412_22:17:56 16 94.43 94.888
2024_0412_22:19:13 16 92.956 91.138
2024_0412_22:19:25 16 44.698 95.526
2024_0412_22:19:35 16 96.002 94.844
2024_0412_22:20:08 16 0.068 -0.846
2024_0412_22:20:22 16 -3.808 26.576
2024_0412_22:20:57 16 -0.404 -0.562
2024_0412_22:20:58 16 93.468 89.812
2024_0412_22:21:04 16 96.164 94.79
2024_0412_22:21:19 16 93.374 94.634
2024_0412_22:21:35 16 94.886 94.91
2024_0412_22:21:38 16 10.01 -10.19
2024_0412_22:21:45 16 0.64 -0.772
2024_0412_22:22:20 16 -0.086 0.356
2024_0412_22:23:47 16 0.05 -0.11
2024_0412_22:24:07 16 49.998 99.996
2024_0412_22:25:11 16 0.358 -0.232
2024_0412_22:25:37 16 93.44 91.536
2024_0412_22:26:21 16 -8.96 8.43
2024_0412_22:26:57 16 -16.162 16.736
2024_0412_22:27:06 16 92.66 93.576
2024_0412_22:27:14 16 70.324 41.08
2024_0412_22:27:31 16 99.992 -49.998
2024_0412_22:27:32 16 95.134 95.304
2024_0412_22:27:36 16 26.218 26.558
2024_0412_22:27:39 16 1.45 -0.478
2024_0412_22:27:52 16 92.86 93.962
2024_0412_22:29:14 16 60.672 60.216
2024_0412_22:29:44 16 3.542 -0.204
2024_0412_22:30:16 16 12.656 12.556
2024_0412_22:31:13 16 17.334 -1.19
2024_0412_22:31:17 16 -49.998 49.998
2024_0412_22:31:35 16 0.172 -0.106
2024_0412_22:32:20 16 18.23 17.148
2024_0412_22:32:37 16 0.66 1.148
2024_0412_22:33:08 16 48.154 93.756
2024_0412_22:33:20 16 0.654 0.64
2024_0412_22:33:32 16 93.634 94.268
2024_0412_22:33:44 16 37.86 -35.55
2024_0412_22:33:47 16 0.388 44.586
2024_0412_22:33:57 16 95.042 94.73
2024_0412_22:35:13 16 78.198 78.134
2024_0412_22:35:40 16 48.658 -5.658
2024_0412_22:36:13 16 -49.998 49.998
2024_0412_22:37:07 16 -0.332 -0.16
2024_0412_22:37:09 16 -0.18 -0.24
2024_0412_22:37:33 16 -0.172 -0.596
2024_0412_22:37:36 16 -8.734 40.434
2024_0412_22:38:19 16 0.516 0.026
2024_0412_22:39:05 16 -0.63 0.342
2024_0412_22:39:22 16 95.024 94.808
2024_0412_22:39:28 16 0.25 0.002
2024_0412_22:39:39 16 -0.632 -0.042
2024_0412_22:39:42 16 95.866 94.492
2024_0412_22:40:01 16 92.84 93.282
2024_0412_22:41:10 16 74.456 74.96
2024_0412_22:41:27 16 2.098 2.122
2024_0412_22:41:35 16 -9.872 9.914
2024_0412_22:42:57 16 12.748 -9.288
2024_0412_22:43:03 16 0.316 -0.504
2024_0412_22:43:08 16 -0.098 -0.624
2024_0412_22:43:31 17 0.632 0.414
2024_0412_22:43:36 17 -20.124 43.978
2024_0412_22:44:25 17 93.168 92.174
2024_0412_22:44:41 16 0.396 -0.794
2024_0412_22:45:09 17 94.496 94.446
2024_0412_22:45:24 17 77.144 94.478
2024_0412_22:45:24 17 25.686 60.816
2024_0412_22:45:42 17 59.81 45.38
2024_0412_22:46:26 17 -0.818 -0.286
2024_0412_22:46:32 17 -0.004 0.014
2024_0412_22:47:14 17 0.158 -0.58
2024_0412_22:47:32 17 0.27 -0.25
2024_0412_22:48:58 17 93.306 93.84
2024_0412_22:49:01 17 23.946 22.584
2024_0412_22:49:15 17 -0.034 -0.27
2024_0412_22:49:28 17 39.966 -40.032
2024_0412_22:49:39 17 94.772 94.97
2024_0412_22:50:18 17 -0.198 0.162
2024_0412_22:50:50 17 13.184 14.356
2024_0412_22:51:04 17 4.972 2.762
2024_0412_22:51:10 17 -0.006 -0.188
2024_0412_22:51:24 17 -0.228 -0.01
2024_0412_22:51:25 17 94.096 94.502
2024_0412_22:51:45 17 46.322 46.364
2024_0412_22:52:43 17 -6.68 5.57
2024_0412_22:53:12 17 0.3 0.87
2024_0412_22:53:29 17 -49.838 50.362
2024_0412_22:54:57 17 -13.402 63.056
2024_0412_22:54:57 17 15.96 60.788
2024_0412_22:54:58 17 5.232 21.112
2024_0412_22:55:15 17 18.214 19.516
2024_0412_22:55:27 17 40.012 -39.906
2024_0412_22:55:38 17 91.616 91.954
2024_0412_22:56:16 17 55.366 83.936
2024_0412_22:57:11 17 21.358 14.504
2024_0412_22:57:12 17 93.138 93.068
2024_0412_22:57:24 17 79.396 79.156
2024_0412_22:57:26 17 41.92 45.928
2024_0412_22:57:46 17 94.964 94.922
2024_0412_22:59:00 17 -6.898 6.858
2024_0412_22:59:10 17 92.608 93.688
2024_0412_22:59:27 17 -0.386 -0.258
2024_0412_22:59:28 17 73.076 72.55
2024_0412_23:00:45 17 -0.232 -0.27
2024_0412_23:01:06 17 91.194 69.728
2024_0412_23:01:12 17 93.558 93.594
2024_0412_23:01:23 17 -4.446 32.296
2024_0412_23:01:34 17 94.976 94.838
2024_0412_23:01:34 17 74.71 74.498
2024_0412_23:02:15 17 13.126 -8.73
2024_0412_23:03:09 17 -0.612 -0.776
2024_0412_23:03:21 17 93.398 94.438
2024_0412_23:03:23 17 -0.502 -0.27
2024_0412_23:03:44 17 -9.678 42.078
2024_0412_23:05:09 17 71.072 92.056
2024_0412_23:05:19 17 29.53 29.888
2024_0412_23:05:21 17 9.938 -10.124
2024_0412_23:05:40 17 94.688 94.456
2024_0412_23:06:36 17 2.89 -3.622
2024_0412_23:07:00 17 0.64 -0.212
2024_0412_23:07:08 17 71.882 74.976
2024_0412_23:07:21 17 17.97 18.538
2024_0412_23:07:34 17 94.84 94.8
2024_0412_23:07:59 17 26.372 94.048
2024_0412_23:08:11 17 -100.0 100.0
2024_0412_23:09:07 17 47.232 94.54
2024_0412_23:09:18 17 0.33 1.04
2024_0412_23:09:20 17 94.462 94.772
2024_0412_23:09:43 17 25.45 5.922
2024_0412_23:11:05 17 0.428 0.592
2024_0412_23:12:11 17 -10.71 12.16
2024_0412_23:12:39 17 91.736 93.762
2024_0412_23:13:01 17 12.224 9.252
2024_0412_23:13:02 17 76.046 75.532
2024_0412_23:13:06 17 38.636 24.804
2024_0412_23:13:20 17 0.116 0.79
2024_0412_23:13:33 17 74.956 74.022
2024_0412_23:14:08 17 1.612 0.546
2024_0412_23:14:09 17 1.492 2.194
2024_0412_23:15:03 17 -20.288 20.74
2024_0412_23:15:13 17 0.308 0.706
2024_0412_23:15:15 17 93.026 87.866
2024_0412_23:15:29 17 -0.352 0.032
2024_0412_23:15:48 17 93.5 93.256
2024_0412_23:17:00 17 90.376 94.38
2024_0412_23:17:16 17 14.672 15.342
2024_0412_23:18:17 17 10.058 -11.056
2024_0412_23:18:57 17 -8.604 7.69
2024_0412_23:19:05 17 12.51 -12.22
2024_0412_23:19:19 17 -0.368 0.054
2024_0412_23:19:34 17 -10.212 10.06
2024_0412_23:19:34 17 94.738 94.894
2024_0412_23:20:00 17 0.79 0.94
2024_0412_23:20:18 17 -5.514 5.644
2024_0412_23:20:56 17 0.374 -1.286
2024_0412_23:21:08 17 -0.302 0.906
2024_0412_23:21:11 17 64.644 83.9
2024_0412_23:21:17 17 -0.696 -0.728
2024_0412_23:21:24 17 93.818 92.918
2024_0412_23:21:45 17 -10.418 35.092
2024_0412_23:22:53 17 -0.024 -0.596
2024_0412_23:23:06 17 0.096 -0.3
2024_0412_23:24:24 17 -24.674 25.02
2024_0412_23:24:58 17 93.592 93.532
2024_0412_23:25:15 17 -0.038 0.132
2024_0412_23:25:30 17 0.432 -0.742
2024_0412_23:25:57 17 0.98 -0.964
2024_0412_23:26:52 17 -10.04 9.7
2024_0412_23:27:05 17 -0.298 -0.35
2024_0412_23:27:12 17 25.686 46.446
2024_0412_23:27:33 17 22.518 21.942
2024_0412_23:27:42 17 94.14 92.426
2024_0412_23:27:57 17 0.294 0.022
2024_0412_23:28:31 17 1.234 0.182
2024_0412_23:28:47 17 -10.006 22.006
2024_0412_23:28:56 17 -0.688 -0.238
2024_0412_23:29:14 17 0.866 1.132
2024_0412_23:30:29 17 -0.28 0.08
2024_0412_23:30:57 17 -0.686 0.62
2024_0412_23:31:30 17 -0.528 -0.566
2024_0412_23:31:36 17 93.998 93.322
2024_0412_23:31:53 17 -0.438 0.38
2024_0412_23:32:40 17 16.982 17.36
2024_0412_23:32:45 17 0.506 -0.324
2024_0412_23:33:03 17 92.484 92.57
2024_0412_23:33:04 17 0.688 -0.22
2024_0412_23:33:29 17 44.734 19.098
2024_0412_23:34:12 17 -0.028 0.176
2024_0412_23:34:45 17 94.29 41.246
2024_0412_23:34:46 17 -4.35 2.156
2024_0412_23:34:53 17 -0.048 0.79
2024_0412_23:35:16 17 92.11 92.176
2024_0412_23:36:14 17 0.334 0.678
2024_0412_23:36:54 17 23.818 5.018
2024_0412_23:37:29 17 13.054 -8.816
2024_0412_23:37:31 17 49.768 -49.486
2024_0412_23:37:50 17 94.496 95.32
2024_0412_23:38:42 17 -1.932 0.578
2024_0412_23:38:51 17 93.78 94.272
2024_0412_23:38:54 17 -0.16 -1.028
2024_0412_23:39:04 17 48.47 -4.698
2024_0412_23:39:25 17 48.426 15.104
2024_0412_23:40:11 17 18.338 18.652
2024_0412_23:40:43 17 0.374 -0.132
2024_0412_23:41:19 17 93.428 92.588
2024_0412_23:42:53 17 45.128 43.434
2024_0412_23:43:12 17 -0.272 -0.178
2024_0412_23:43:13 17 59.0 82.034
2024_0412_23:43:29 17 94.81 45.412
2024_0412_23:43:31 17 3.068 3.106
2024_0412_23:43:42 17 99.996 49.998
2024_0412_23:44:41 17 95.906 94.754
2024_0412_23:44:54 18 29.752 46.142
2024_0412_23:45:02 18 95.304 92.896
2024_0412_23:45:02 18 17.38 17.36
2024_0412_23:45:21 18 32.858 -4.08
2024_0412_23:45:34 17 -0.498 0.234
2024_0412_23:46:10 18 95.012 45.164
2024_0412_23:46:37 18 88.722 89.942
2024_0412_23:47:16 18 49.524 -2.016
2024_0412_23:48:14 18 3.764 23.732
2024_0412_23:48:48 18 -0.1 0.504
2024_0412_23:49:10 18 0.518 0.726
2024_0412_23:49:30 18 -0.128 0.74
2024_0412_23:49:35 18 25.158 30.46
2024_0412_23:49:42 18 94.902 95.004
2024_0412_23:50:40 18 -0.188 0.636
2024_0412_23:50:42 18 77.29 87.912
2024_0412_23:50:52 18 -5.664 40.752
2024_0412_23:50:57 18 -0.168 -1.256
2024_0412_23:51:15 18 14.056 -1.338
2024_0412_23:51:18 18 93.092 92.612
2024_0412_23:52:09 18 0.106 -0.268
2024_0412_23:52:31 18 95.786 94.742
2024_0412_23:53:12 18 0.236 -0.43
2024_0412_23:54:02 18 73.19 60.996
2024_0412_23:54:23 18 93.912 93.26
2024_0412_23:54:42 18 -14.996 30.936
2024_0412_23:55:06 18 -0.442 -0.744
2024_0412_23:55:27 18 -11.042 10.178
2024_0412_23:55:46 18 92.194 93.122
2024_0412_23:55:47 18 92.79 94.118
2024_0412_23:56:35 18 0.6 0.128
2024_0412_23:56:46 18 18.994 -9.252
2024_0412_23:56:55 18 0.654 -0.254
2024_0412_23:57:15 18 94.086 91.124
2024_0412_23:57:29 18 1.72 1.788
2024_0412_23:58:09 18 -4.068 5.46
2024_0412_23:58:25 18 -0.342 0.016
2024_0412_23:59:07 18 0.08 -1.15
2024_0412_23:59:10 18 67.948 4.676
2024_0413_00:00:30 18 93.826 93.74
2024_0413_00:00:42 18 13.578 14.798
2024_0413_00:01:09 18 -0.102 -0.732
2024_0413_00:01:17 18 -2.272 2.128
2024_0413_00:01:42 18 0.088 0.468
2024_0413_00:01:46 18 42.038 42.19
2024_0413_00:02:31 18 -0.404 0.132
2024_0413_00:02:43 18 94.916 94.666
2024_0413_00:02:54 18 51.384 51.008
2024_0413_00:03:10 18 94.414 95.08
2024_0413_00:04:09 18 17.046 -0.686
2024_0413_00:04:22 18 -0.724 49.028
2024_0413_00:04:48 18 0.124 -0.04
2024_0413_00:05:06 18 42.076 32.068
2024_0413_00:05:41 18 -0.97 -0.096
2024_0413_00:06:39 18 0.06 0.504
2024_0413_00:06:42 18 81.694 61.886
2024_0413_00:07:02 18 -25.988 48.834
2024_0413_00:07:15 18 -0.986 31.27
2024_0413_00:07:33 18 99.998 -99.998
2024_0413_00:07:36 18 46.562 46.424
2024_0413_00:08:03 18 8.226 34.308
2024_0413_00:08:34 18 -0.002 0.008
2024_0413_00:08:51 18 -0.29 0.336
2024_0413_00:09:14 18 -36.764 38.3
2024_0413_00:09:28 18 93.442 93.698
2024_0413_00:10:05 18 95.802 92.092
2024_0413_00:10:17 18 0.782 0.472
2024_0413_00:11:02 18 84.988 64.438
2024_0413_00:11:57 18 94.1 94.686
2024_0413_00:12:43 18 38.472 71.616
2024_0413_00:12:59 18 91.606 50.136
2024_0413_00:13:03 18 -19.552 20.482
2024_0413_00:13:10 18 27.07 40.802
2024_0413_00:13:13 18 -12.11 12.412
2024_0413_00:13:20 18 0.206 -0.418
2024_0413_00:13:35 18 94.93 94.998
2024_0413_00:14:48 18 95.096 94.91
2024_0413_00:15:18 18 0.31 1.294
2024_0413_00:15:22 18 0.702 0.022
2024_0413_00:15:58 18 46.594 97.518
2024_0413_00:16:17 18 95.06 94.94
2024_0413_00:16:56 18 14.978 14.508
2024_0413_00:18:07 18 -12.538 12.134
2024_0413_00:18:24 18 94.044 93.924
2024_0413_00:18:43 18 16.318 16.282
2024_0413_00:19:05 18 0.132 -0.466
2024_0413_00:19:07 18 -2.388 2.736
2024_0413_00:19:14 18 -9.34 18.612
2024_0413_00:19:14 18 2.152 1.88
2024_0413_00:19:26 18 -99.974 -99.988
2024_0413_00:20:43 18 93.432 92.538
2024_0413_00:21:15 18 79.778 79.65
2024_0413_00:21:16 18 92.032 94.842
2024_0413_00:21:47 18 92.978 93.736
2024_0413_00:21:56 18 44.594 -1.192
2024_0413_00:22:10 18 0.116 -0.56
2024_0413_00:22:41 18 94.944 94.456
2024_0413_00:22:57 18 -5.69 49.412
2024_0413_00:24:30 18 16.466 16.252
2024_0413_00:24:36 18 -1.162 5.236
2024_0413_00:24:37 18 0.87 -0.152
2024_0413_00:25:02 18 0.412 -0.382
2024_0413_00:25:03 18 10.646 -9.886
2024_0413_00:25:07 18 93.628 92.378
2024_0413_00:25:22 18 -0.186 0.34
2024_0413_00:25:29 18 93.242 93.232
2024_0413_00:26:48 18 94.616 93.928
2024_0413_00:27:05 18 0.502 0.062
2024_0413_00:27:08 18 13.852 15.654
2024_0413_00:27:53 18 59.486 59.532
2024_0413_00:28:12 18 94.896 94.594
2024_0413_00:28:55 18 22.058 21.972
2024_0413_00:29:19 18 -99.992 -49.996
2024_0413_00:30:09 18 95.578 95.518
2024_0413_00:30:27 18 9.32 8.732
2024_0413_00:30:37 18 0.966 0.544
2024_0413_00:30:58 18 12.458 -4.48
2024_0413_00:31:01 18 93.362 93.344
2024_0413_00:31:10 18 92.8 83.506
2024_0413_00:31:13 18 0.578 0.164
2024_0413_00:31:38 18 0.2 0.148
2024_0413_00:32:19 18 99.992 -49.998
2024_0413_00:32:48 18 -0.078 -0.26
2024_0413_00:32:59 18 -2.79 4.434
2024_0413_00:33:02 18 23.854 -4.982
2024_0413_00:33:53 18 93.21 92.82
2024_0413_00:34:16 18 92.304 92.782
2024_0413_00:34:57 18 0.636 -0.102
2024_0413_00:35:31 18 38.374 4.168
2024_0413_00:36:25 18 0.42 -0.128
2024_0413_00:36:34 18 0.534 -1.074
2024_0413_00:36:51 18 0.312 -0.756
2024_0413_00:36:57 18 54.384 56.274
2024_0413_00:37:06 18 -0.992 1.004
2024_0413_00:37:08 18 0.898 -0.128
2024_0413_00:37:11 18 96.372 -1.72
2024_0413_00:38:16 18 90.566 95.07
2024_0413_00:38:43 18 0.132 0.214
2024_0413_00:38:47 18 91.964 93.942
2024_0413_00:38:53 18 95.448 95.554
2024_0413_00:38:57 18 94.54 94.744
2024_0413_00:39:48 18 -7.668 7.718
2024_0413_00:40:13 18 92.712 93.764
2024_0413_00:40:49 18 10.072 -10.126
2024_0413_00:41:39 18 94.812 93.78
2024_0413_00:42:16 18 15.212 17.228
2024_0413_00:42:26 18 0.852 0.224
2024_0413_00:42:47 18 0.76 0.51
2024_0413_00:42:47 18 -14.416 46.128
2024_0413_00:43:00 18 -46.636 44.542
2024_0413_00:43:11 18 47.952 -0.562
2024_0413_00:43:52 18 18.208 18.896
2024_0413_00:44:41 18 0.6 -0.24
2024_0413_00:44:48 18 8.96 69.394
2024_0413_00:44:50 18 8.034 -8.806
2024_0413_00:44:56 18 -10.062 9.572
2024_0413_00:45:48 18 47.078 92.98
2024_0413_00:46:06 18 10.062 10.518
2024_0413_00:46:43 18 -99.996 49.998
2024_0413_00:48:00 18 -0.504 0.26
2024_0413_00:48:13 18 93.914 93.336
2024_0413_00:48:18 18 0.192 0.108
2024_0413_00:48:42 18 -0.41 1.12
2024_0413_00:48:45 18 0.18 0.674
2024_0413_00:49:08 18 0.176 -0.112
2024_0413_00:49:34 18 11.524 -11.464
2024_0413_00:50:32 18 16.966 -18.012
2024_0413_00:50:43 18 93.828 93.762
2024_0413_00:50:43 18 18.04 17.934
2024_0413_00:50:44 18 -2.618 92.4
2024_0413_00:51:07 19 94.578 95.53
2024_0413_00:51:44 19 -0.15 -0.816
2024_0413_00:52:03 19 92.956 93.708
2024_0413_00:52:42 19 0.016 0.126
2024_0413_00:54:07 19 -0.576 0.04
2024_0413_00:54:08 19 14.842 3.4
2024_0413_00:54:22 19 -0.586 0.366
2024_0413_00:54:27 19 93.312 93.308
2024_0413_00:54:46 19 -14.206 13.466
2024_0413_00:54:47 19 95.704 46.164
2024_0413_00:55:09 19 0.074 -0.418
2024_0413_00:55:56 19 94.074 93.196
2024_0413_00:56:28 19 93.926 93.498
2024_0413_00:56:39 19 -0.608 0.758
2024_0413_00:57:18 19 93.116 47.63
2024_0413_00:57:43 19 -0.148 -0.35
2024_0413_00:57:44 19 94.224 93.036
2024_0413_00:57:58 19 0.098 -0.274
2024_0413_00:58:38 19 0.106 -1.11
2024_0413_01:00:00 19 -0.16 0.39
2024_0413_01:00:01 19 -1.482 1.91
2024_0413_01:00:02 19 0.942 0.248
2024_0413_01:00:38 19 -0.046 0.252
2024_0413_01:00:41 19 -0.72 0.178
2024_0413_01:01:06 19 -10.07 9.422
2024_0413_01:01:08 19 94.342 93.094
2024_0413_01:02:05 19 -0.188 -0.4
2024_0413_01:02:30 19 48.312 93.406
2024_0413_01:02:43 19 0.526 0.11
2024_0413_01:03:32 19 0.724 -0.046
2024_0413_01:03:52 19 -0.254 -0.758
2024_0413_01:03:56 19 -0.434 -0.776
2024_0413_01:04:02 19 48.304 48.206
2024_0413_01:04:02 19 94.196 46.624
2024_0413_01:04:31 19 5.14 65.484
2024_0413_01:06:01 19 13.648 -14.438
2024_0413_01:06:36 19 35.134 11.602
2024_0413_01:06:41 19 51.924 61.246
2024_0413_01:07:04 19 -0.702 -0.61
2024_0413_01:07:50 19 4.82 3.958
2024_0413_01:08:24 19 -0.224 0.564
2024_0413_01:08:29 19 -0.216 0.608
2024_0413_01:08:37 19 -0.194 -0.946
2024_0413_01:09:27 19 1.098 0.424
2024_0413_01:09:48 19 12.332 -9.948
2024_0413_01:09:56 19 2.552 -1.034
2024_0413_01:10:15 19 10.29 12.044
2024_0413_01:10:44 19 95.526 94.23
2024_0413_01:11:02 19 16.288 -16.574
2024_0413_01:11:53 19 16.426 -16.526
2024_0413_01:12:03 19 45.894 46.53
2024_0413_01:12:24 19 -0.532 0.168
2024_0413_01:12:37 19 13.528 22.074
2024_0413_01:12:57 19 0.984 -0.89
2024_0413_01:13:45 19 -8.9 16.974
2024_0413_01:14:07 19 46.218 93.014
2024_0413_01:14:26 19 -0.246 46.664
2024_0413_01:14:35 19 91.822 93.756
2024_0413_01:15:04 19 -0.338 1.056
2024_0413_01:15:24 19 88.582 15.554
2024_0413_01:15:44 19 -0.02 0.696
2024_0413_01:15:49 19 90.814 87.486
2024_0413_01:16:31 19 84.71 91.346
2024_0413_01:17:01 19 -0.414 0.328
2024_0413_01:17:03 19 20.284 -20.416
2024_0413_01:17:50 19 94.764 94.906
2024_0413_01:17:59 19 6.132 10.276
2024_0413_01:18:18 19 16.546 11.648
2024_0413_01:18:56 19 -10.82 11.122
2024_0413_01:19:40 19 46.256 46.43
2024_0413_01:20:26 19 -0.232 0.074
2024_0413_01:20:26 19 -0.04 0.298
2024_0413_01:21:07 19 94.556 94.36
2024_0413_01:21:25 19 -0.3 -0.724
2024_0413_01:21:35 19 -49.986 49.994
2024_0413_01:21:43 19 0.68 8.168
2024_0413_01:21:45 19 94.406 93.782
2024_0413_01:22:48 19 -0.554 0.404
2024_0413_01:22:52 19 0.208 -0.048
2024_0413_01:23:15 19 -0.396 0.468
2024_0413_01:23:46 19 49.796 -49.372
2024_0413_01:23:54 19 -0.698 0.524
2024_0413_01:24:19 19 19.802 41.502
2024_0413_01:24:52 19 10.55 -10.96
2024_0413_01:25:31 19 25.628 -24.754
2024_0413_01:26:30 20 95.202 94.916
2024_0413_01:26:31 20 4.83 24.75
2024_0413_01:27:17 20 0.77 -1.248
2024_0413_01:27:33 20 21.546 8.98
2024_0413_01:27:33 20 95.072 15.6
2024_0413_01:27:39 20 92.83 94.374
2024_0413_01:28:30 20 0.01 -0.162
2024_0413_01:28:51 20 10.708 46.272
2024_0413_01:29:04 20 46.356 46.688
2024_0413_01:29:37 20 72.982 72.646
2024_0413_01:29:39 20 99.996 -49.998
2024_0413_01:29:47 20 0.18 -0.242
2024_0413_01:30:15 20 21.202 48.452
2024_0413_01:30:46 20 0.238 0.168
2024_0413_01:31:29 20 -49.99 -50.002
2024_0413_01:32:28 20 0.598 -0.43
2024_0413_01:32:40 20 -7.108 23.1
2024_0413_01:33:10 20 1.604 5.376
2024_0413_01:33:20 20 0.394 0.204
2024_0413_01:33:29 20 11.77 10.378
2024_0413_01:33:32 20 93.124 93.202
2024_0413_01:35:19 20 40.308 39.99
2024_0413_01:35:24 20 55.9 64.1
2024_0413_01:35:29 20 0.114 -0.304
2024_0413_01:35:37 20 -0.186 0.18
2024_0413_01:35:41 20 92.73 94.04
2024_0413_01:36:08 20 -0.4 -0.822
2024_0413_01:36:39 20 -12.32 12.848
2024_0413_01:37:27 20 91.954 -8.436
2024_0413_01:37:39 20 94.474 95.02
2024_0413_01:38:28 20 0.31 0.388
2024_0413_01:38:30 20 9.392 -9.994
2024_0413_01:39:05 20 94.638 92.618
2024_0413_01:39:12 20 15.418 -16.432
2024_0413_01:39:20 20 0.002 0.002
2024_0413_01:41:21 20 0.404 0.112
2024_0413_01:41:34 20 -13.644 12.28
2024_0413_01:41:37 20 1.184 -1.798
2024_0413_01:41:38 20 80.556 87.15
2024_0413_01:42:01 20 92.752 91.176
2024_0413_01:42:03 20 -0.516 -0.74
2024_0413_01:42:30 20 94.148 92.988
2024_0413_01:43:15 20 99.996 49.998
2024_0413_01:43:20 20 94.77 94.812
2024_0413_01:43:55 20 7.53 6.796
2024_0413_01:44:18 20 -2.502 6.07
2024_0413_01:44:23 20 49.912 -49.708
2024_0413_01:44:53 20 0.588 -0.484
2024_0413_01:44:56 20 93.53 46.076
2024_0413_01:45:04 20 0.702 0.154
2024_0413_01:45:08 20 94.438 94.572
2024_0413_01:47:16 20 46.288 4.66
2024_0413_01:47:27 20 94.844 93.77
2024_0413_01:47:34 20 38.686 45.638
2024_0413_01:47:50 20 16.942 16.298
2024_0413_01:47:57 20 91.094 94.33
2024_0413_01:48:23 20 -15.048 16.412
2024_0413_01:48:44 20 93.868 90.762
2024_0413_01:49:07 20 -0.526 48.018
2024_0413_01:49:10 20 17.924 17.598
2024_0413_01:50:12 20 0.88 0.054
2024_0413_01:50:13 20 0.452 -0.954
2024_0413_01:50:22 20 93.504 93.89
2024_0413_01:50:50 20 27.914 40.386
2024_0413_01:50:53 20 16.812 18.712
2024_0413_01:50:56 20 -99.99 99.996
2024_0413_01:52:15 20 83.97 68.88
2024_0413_01:53:06 20 -19.77 20.454
2024_0413_01:53:19 20 58.628 39.35
2024_0413_01:53:29 20 -10.076 9.348
2024_0413_01:53:49 20 25.59 1.208
2024_0413_01:54:03 20 12.022 -11.388
2024_0413_01:55:01 20 1.992 2.326
2024_0413_01:55:24 20 93.83 93.822
2024_0413_01:55:31 20 66.53 85.484
2024_0413_01:55:59 20 -1.048 0.928
2024_0413_01:56:19 20 94.94 95.066
2024_0413_01:56:26 20 91.192 95.078
2024_0413_01:56:46 20 2.0 93.832
2024_0413_01:56:47 20 -0.484 0.84
2024_0413_01:56:54 20 -0.16 -0.748
2024_0413_01:57:42 20 20.686 20.544
2024_0413_01:58:41 20 99.996 -49.998
2024_0413_01:59:01 20 46.494 96.332
2024_0413_01:59:20 20 40.156 -39.98
2024_0413_01:59:28 20 75.664 80.5
2024_0413_01:59:45 20 59.172 59.146
2024_0413_02:00:31 20 -0.268 -0.14
2024_0413_02:00:52 20 0.324 -0.176
2024_0413_02:01:17 20 0.05 0.336
2024_0413_02:01:52 20 27.906 -23.976
2024_0413_02:02:07 20 46.544 95.852
2024_0413_02:02:22 20 0.374 0.338
2024_0413_02:02:39 20 9.154 45.614
2024_0413_02:02:40 20 7.834 -7.816
2024_0413_02:02:44 20 49.496 -2.184
2024_0413_02:02:48 20 -11.764 24.88
2024_0413_02:04:50 20 -29.984 30.312
2024_0413_02:04:53 20 50.85 51.022
2024_0413_02:05:10 20 -0.576 -0.088
2024_0413_02:05:18 5 95.032 94.84
2024_0413_02:05:37 9 95.326 95.56
2024_0413_02:06:40 13 75.332 94.492
2024_0413_02:06:48 13 1.282 0.09
2024_0413_02:07:06 13 94.39 95.422
2024_0413_02:07:14 13 11.92 12.426
2024_0413_02:07:37 13 -1.226 1.08
2024_0413_02:08:12 14 79.504 78.744
2024_0413_02:08:25 14 -0.17 0.756
2024_0413_02:08:26 14 -0.538 2.976
2024_0413_02:08:33 15 94.274 95.078
2024_0413_02:08:39 14 92.948 93.472
2024_0413_02:08:55 15 -0.196 -0.128
2024_0413_02:10:35 15 -0.552 -0.486
2024_0413_02:11:03 15 95.91 94.912
2024_0413_02:11:08 15 30.544 14.258
2024_0413_02:11:20 15 94.362 22.784
2024_0413_02:11:22 15 0.004 -0.246
2024_0413_02:12:32 15 -3.39 50.188
2024_0413_02:12:33 15 -0.74 0.32
2024_0413_02:12:57 15 0.27 -0.296
2024_0413_02:13:26 16 -37.684 37.788
2024_0413_02:14:00 16 93.92 93.634
2024_0413_02:14:02 16 0.686 -0.268
2024_0413_02:14:14 16 1.768 4.064
2024_0413_02:14:18 16 39.902 -40.064
2024_0413_02:14:21 16 -0.476 0.922
2024_0413_02:15:07 16 16.93 -15.974
2024_0413_02:16:03 16 1.326 -0.406
2024_0413_02:16:21 16 -9.896 9.28
2024_0413_02:17:00 17 0.636 0.096
2024_0413_02:17:11 17 94.982 94.862
2024_0413_02:17:12 17 71.012 71.248
2024_0413_02:17:35 17 93.262 75.098
2024_0413_02:18:20 17 7.538 -7.25
2024_0413_02:18:22 17 -10.27 10.412
2024_0413_02:18:49 17 75.686 76.266
2024_0413_02:19:15 17 -0.652 1.124
2024_0413_02:19:52 17 -0.122 -0.562
2024_0413_02:20:04 17 10.51 -10.178
2024_0413_02:20:12 17 0.274 -0.646
2024_0413_02:20:13 17 41.094 31.036
2024_0413_02:20:40 17 94.784 94.942
2024_0413_02:21:41 17 -0.484 -0.326
2024_0413_02:22:19 18 79.02 46.328
2024_0413_02:22:51 18 -0.074 -0.02
2024_0413_02:23:05 18 -1.052 32.126
2024_0413_02:23:10 18 -0.244 0.216
2024_0413_02:23:27 18 2.52 -1.804
2024_0413_02:24:12 18 12.55 -12.802
2024_0413_02:24:13 18 74.292 74.402
2024_0413_02:24:36 18 44.478 -8.978
2024_0413_02:24:51 19 93.156 93.654
2024_0413_02:25:05 19 3.166 4.982
2024_0413_02:25:45 19 15.14 -14.966
2024_0413_02:25:56 19 -0.22 0.832
2024_0413_02:26:04 19 93.438 93.232
2024_0413_02:26:07 19 0.048 -0.134
2024_0413_02:27:39 19 14.762 14.888
2024_0413_02:28:05 19 49.008 -36.044
2024_0413_02:28:27 19 -0.4 0.064
2024_0413_02:28:41 19 0.17 0.06
2024_0413_02:28:54 19 -0.034 -0.46
2024_0413_02:28:57 20 -0.166 0.414
2024_0413_02:29:54 20 93.796 94.638
2024_0413_02:29:55 20 0.52 0.052
2024_0413_02:29:56 20 18.416 18.348
2024_0413_02:30:31 20 49.502 -1.866
2024_0413_02:30:43 20 49.954 -49.946
2024_0413_02:31:23 20 1.374 0.248
2024_0413_02:33:48 20 49.998 -49.998
