0.20683000000013646 0.11868500000004831 0.027855000000003193 0.006694999999999811 0.02275500000000163 0.021925000000001377 0.020545000000000955 0.020290000000000877 0.020255000000000866 0.007929999999999762 0.0439749999999993 0.03667500000000213 0.061654999999992445 0.05844999999999369 0.06654999999999617 0.050869999999996626 0.06415999999999378 0.06262999999999225 0.04189000000000011 0.03938000000000108 
2024_0415_14:43:34 11 0.071 -0.3155
2024_0415_14:43:34 4 97.672 99.38
2024_0415_14:43:35 8 98.458 99.416
2024_0415_14:43:36 6 93.642 99.482
2024_0415_14:43:36 2 98.7945 99.5345
2024_0415_14:43:36 11 99.4925 90.2155
2024_0415_14:43:36 3 94.708 99.5215
2024_0415_14:43:37 2 98.334 99.467
2024_0415_14:43:37 6 97.6755 99.5405
2024_0415_14:43:37 7 98.8705 89.5875
2024_0415_14:43:38 10 95.397 97.9785
2024_0415_14:43:39 1 96.8875 99.5035
2024_0415_14:43:39 1 99.079 99.505
2024_0415_14:43:39 9 93.5645 98.4045
2024_0415_14:43:40 1 96.9375 99.509
2024_0415_14:49:35 13 -4.983 72.143
2024_0415_14:49:37 15 0.0255 -0.095
2024_0415_14:49:38 15 -9.9305 9.856
2024_0415_14:49:38 20 -0.0375 -0.151
2024_0415_14:49:39 12 16.703 -0.296
2024_0415_14:49:39 13 -48.921 49.108
2024_0415_14:49:40 16 -0.059 -0.2
2024_0415_14:49:40 18 -9.7125 9.8685
2024_0415_14:49:41 17 -0.097 -0.0185
2024_0415_14:49:42 14 99.554 99.524
2024_0415_14:49:43 5 97.0235 97.494
2024_0415_14:49:51 17 0.3875 -0.1285
2024_0415_14:49:56 20 0.1365 -0.1815
2024_0415_14:50:03 18 29.46 -26.132
2024_0415_14:51:31 19 24.7475 17.262
2024_0415_14:57:26 11 0.1125 -0.0275
2024_0415_14:57:28 1 99.054 99.457
2024_0415_14:57:29 11 -49.999 99.998
2024_0415_14:57:30 8 98.193 99.5135
2024_0415_14:57:30 7 98.115 95.1315
2024_0415_14:57:31 5 98.8535 97.2185
2024_0415_14:57:31 3 97.106 99.4195
2024_0415_14:57:31 2 97.7805 99.473
2024_0415_14:57:31 11 -0.2675 0.115
2024_0415_14:57:35 4 78.3575 99.509
2024_0415_14:57:37 11 0.075 -0.065
2024_0415_14:57:37 6 96.954 99.4885
2024_0415_14:57:37 11 92.6355 99.5015
2024_0415_14:57:43 9 98.2405 99.4735
2024_0415_14:57:44 10 98.918 99.5825
2024_0415_14:57:49 11 -0.21 -0.051
2024_0415_15:03:20 12 -16.6865 16.715
2024_0415_15:03:29 13 10.937 -11.213
2024_0415_15:03:29 13 20.381 72.078
2024_0415_15:03:30 11 72.149 33.1285
2024_0415_15:03:30 16 -1.0845 97.817
2024_0415_15:03:30 15 10.6805 29.729
2024_0415_15:03:31 13 98.1955 99.372
2024_0415_15:03:31 14 98.3145 97.4705
2024_0415_15:03:37 13 97.9485 99.5205
2024_0415_15:03:37 17 -0.5535 -0.1415
2024_0415_15:03:38 19 0.031 -0.2285
2024_0415_15:03:41 18 98.159 99.397
2024_0415_15:03:41 20 49.993 -49.983
2024_0415_15:03:46 20 95.82 99.331
2024_0415_15:09:43 11 99.519 92.8325
2024_0415_15:09:44 1 97.259 99.385
2024_0415_15:09:45 5 96.0045 90.0035
2024_0415_15:09:46 7 98.6625 89.8595
2024_0415_15:09:46 11 92.622 99.476
2024_0415_15:09:46 6 92.2745 99.489
2024_0415_15:09:47 3 98.0745 99.442
2024_0415_15:09:49 4 93.3065 99.4845
2024_0415_15:09:50 10 96.7185 97.9105
2024_0415_15:09:51 13 -46.9935 47.0505
2024_0415_15:09:52 11 -0.101 0.306
2024_0415_15:09:52 11 0.205 0.051
2024_0415_15:09:53 8 98.5505 99.499
2024_0415_15:09:56 2 92.8415 99.4605
2024_0415_15:09:56 12 96.777 98.2735
2024_0415_15:10:01 9 96.7305 99.4095
2024_0415_15:15:33 13 42.6975 -0.0525
2024_0415_15:15:34 13 -0.3465 -0.247
2024_0415_15:15:37 14 -0.1855 0.2835
2024_0415_15:15:39 13 99.053 99.307
2024_0415_15:15:39 16 -25.057 25.055
2024_0415_15:15:41 15 98.626 99.434
2024_0415_15:15:42 13 97.2825 99.5375
2024_0415_15:15:43 16 47.405 26.828
2024_0415_15:15:45 15 99.425 86.2865
2024_0415_15:15:49 16 69.408 89.5745
2024_0415_15:16:01 18 -72.115 72.239
2024_0415_15:16:04 18 -0.8965 0.6435
2024_0415_15:16:05 17 49.701 98.9355
2024_0415_15:16:05 16 -0.209 2.181
2024_0415_15:16:07 18 0.014 0.108
2024_0415_15:16:09 18 -12.1355 12.5855
2024_0415_15:21:22 18 8.9475 -5.8525
2024_0415_15:21:23 19 16.657 -2.8465
2024_0415_15:21:24 18 -7.6025 46.6795
2024_0415_15:21:25 20 0.109 0.9295
2024_0415_15:21:27 19 26.7585 38.286
2024_0415_15:21:29 20 0.404 0.038
2024_0415_15:21:33 20 14.091 -7.7995
2024_0415_15:21:34 20 -1.937 2.003
2024_0415_15:27:17 1 97.053 99.478
2024_0415_15:27:20 5 98.479 98.979
2024_0415_15:27:21 11 -0.1085 -0.148
2024_0415_15:27:22 7 86.8435 95.0275
2024_0415_15:27:22 2 98.784 99.4995
2024_0415_15:27:23 11 -0.22 -0.2015
2024_0415_15:27:23 8 90.8295 99.4305
2024_0415_15:27:24 3 98.917 99.543
2024_0415_15:27:26 2 88.5935 99.495
2024_0415_15:27:40 11 0.2175 -0.106
2024_0415_15:27:40 6 98.0745 99.4865
2024_0415_15:27:41 11 99.4735 97.5225
2024_0415_15:27:44 11 -50.0 100.0
2024_0415_15:27:45 10 96.98 99.501
2024_0415_15:27:45 9 96.8105 98.807
2024_0415_15:30:15 11 -0.064 0.715
2024_0415_15:32:50 11 -0.206 0.272
2024_0415_15:32:57 11 -0.241 -0.113
2024_0415_15:32:59 12 -0.204 -0.276
2024_0415_15:32:59 12 99.5225 99.4365
2024_0415_15:33:03 12 -0.264 0.0155
2024_0415_15:33:03 12 99.52 99.448
2024_0415_15:33:04 12 99.427 99.501
2024_0415_15:33:04 12 98.6065 99.0315
2024_0415_15:33:05 12 98.66 99.4795
2024_0415_15:33:41 13 50.3475 -50.221
2024_0415_15:33:41 12 -10.294 65.4635
2024_0415_15:33:43 12 78.221 79.575
2024_0415_15:33:46 13 46.6725 8.087
2024_0415_15:33:47 13 99.334 99.319
2024_0415_15:33:48 13 99.4025 90.867
2024_0415_15:35:53 13 0.6485 0.727
2024_0415_15:38:33 13 -0.38 -0.1545
2024_0415_15:38:40 13 0.1335 -0.042
2024_0415_15:38:42 14 -0.116 -0.106
2024_0415_15:38:42 13 98.8755 95.938
2024_0415_15:38:45 14 0.389 -0.17
2024_0415_15:38:46 13 0.8255 0.0535
2024_0415_15:38:49 13 31.1125 30.953
2024_0415_15:38:50 13 99.489 99.4925
2024_0415_15:39:04 14 99.401 99.2395
2024_0415_15:39:40 14 0.5245 0.211
2024_0415_15:39:43 14 82.972 98.797
2024_0415_15:39:44 14 -11.5405 15.7295
2024_0415_15:39:46 14 -0.159 0.065
2024_0415_15:39:51 14 97.4225 45.6545
2024_0415_15:39:59 14 99.131 99.404
2024_0415_15:41:36 14 3.008 -1.5285
2024_0415_15:44:15 14 93.448 59.4835
2024_0415_15:44:24 14 -0.972 2.3755
2024_0415_15:44:24 14 0.021 0.51
2024_0415_15:44:31 15 0.452 -0.561
2024_0415_15:44:38 15 49.418 29.8375
2024_0415_15:44:40 15 3.1005 3.7725
2024_0415_15:44:49 15 0.5195 -0.151
2024_0415_15:44:52 15 -47.5885 47.667
2024_0415_15:45:47 15 -0.147 0.034
2024_0415_15:45:49 15 0.068 0.1935
2024_0415_15:45:50 15 99.3705 99.1095
2024_0415_15:45:51 15 99.516 97.9025
2024_0415_15:45:53 15 -0.9145 -0.0845
2024_0415_15:46:04 15 99.284 98.933
2024_0415_15:47:18 15 0.4215 -0.099
2024_0415_15:49:46 16 77.0845 83.2405
2024_0415_15:50:00 16 91.1605 99.5175
2024_0415_15:50:06 16 8.296 -8.3285
2024_0415_15:50:07 16 16.701 -16.9105
2024_0415_15:50:17 16 18.165 18.6275
2024_0415_15:50:21 16 -9.992 10.0915
2024_0415_15:50:27 16 -0.0795 2.423
2024_0415_15:50:35 17 -80.229 79.87
2024_0415_15:50:35 17 0.2095 -0.1875
2024_0415_15:51:49 17 0.233 0.025
2024_0415_15:51:52 17 85.9035 70.0085
2024_0415_15:51:54 17 -8.6685 8.784
2024_0415_15:51:57 17 30.067 32.3845
2024_0415_15:51:58 17 -99.998 99.998
2024_0415_15:52:06 17 -0.064 0.051
2024_0415_15:53:03 17 18.939 17.9995
2024_0415_15:55:48 18 -99.995 99.991
2024_0415_15:55:49 18 49.9985 50.0005
2024_0415_15:56:02 18 48.3785 -0.297
2024_0415_15:56:06 18 93.479 -23.338
2024_0415_15:56:17 18 41.6215 -38.687
2024_0415_15:56:18 18 99.351 90.533
2024_0415_15:56:23 18 -8.6405 68.629
2024_0415_15:56:43 19 44.0405 35.4125
2024_0415_15:57:52 19 -0.1425 0.5445
2024_0415_15:57:57 19 39.71 -3.685
2024_0415_15:58:03 20 -2.4255 89.474
2024_0415_15:58:04 19 -0.3505 48.0845
2024_0415_15:58:07 20 -0.472 0.8435
2024_0415_15:58:46 20 0.1835 0.091
2024_0415_15:58:56 20 -0.0545 3.913
2024_0415_15:59:56 20 -0.252 -0.194
2024_0415_16:01:18 4 99.366 99.4525
2024_0415_16:01:20 15 0.308 0.327
2024_0415_16:01:32 17 15.1925 -8.3975
2024_0415_16:01:35 18 99.4875 99.4785
2024_0415_16:01:55 20 -12.7775 12.423
2024_0415_16:07:51 7 97.859 90.642
2024_0415_16:07:51 11 -0.0835 0.068
2024_0415_16:07:52 4 99.517 99.465
2024_0415_16:07:53 10 99.444 99.497
2024_0415_16:07:54 1 97.628 99.449
2024_0415_16:08:05 7 98.2145 98.323
2024_0415_16:08:06 5 94.718 98.075
2024_0415_16:08:09 2 97.9305 99.3455
2024_0415_16:08:12 9 90.3475 98.881
2024_0415_16:08:12 8 98.5075 99.4735
2024_0415_16:08:13 6 99.265 99.4845
2024_0415_16:08:14 3 88.542 99.4795
2024_0415_16:08:17 2 98.541 99.489
2024_0415_16:08:22 11 -0.327 0.046
2024_0415_16:08:22 11 91.238 99.4625
2024_0415_16:08:29 11 90.9325 99.416
2024_0415_16:13:44 11 0.541 -0.1605
2024_0415_16:13:46 11 -0.04 -0.114
2024_0415_16:13:47 11 -0.207 -0.198
2024_0415_16:13:49 12 -0.3235 0.004
2024_0415_16:13:51 11 99.488 99.4875
2024_0415_16:14:18 12 99.5205 97.6225
2024_0415_16:14:20 12 0.158 0.228
2024_0415_16:14:23 12 99.4965 49.246
2024_0415_16:14:25 12 99.472 99.4425
2024_0415_16:14:26 13 77.031 47.865
2024_0415_16:14:28 12 97.4775 99.4485
2024_0415_16:14:29 12 -0.3065 0.323
2024_0415_16:14:34 12 99.3655 99.449
2024_0415_16:14:39 13 -0.058 -0.0485
2024_0415_16:14:47 13 -49.9965 99.999
2024_0415_16:14:50 13 93.541 99.331
2024_0415_16:19:45 13 -0.0775 -0.259
2024_0415_16:19:46 13 99.6825 -91.0565
2024_0415_16:19:48 13 89.3435 96.7615
2024_0415_16:19:50 13 0.1555 0.083
2024_0415_16:19:50 13 0.0325 0.14
2024_0415_16:20:03 13 -0.1715 0.248
2024_0415_16:20:08 13 18.582 18.552
2024_0415_16:20:09 13 -0.1665 0.2535
2024_0415_16:20:13 14 98.486 98.052
2024_0415_16:20:15 14 99.5655 85.9355
2024_0415_16:20:16 14 98.631 99.515
2024_0415_16:20:18 14 99.469 99.4635
2024_0415_16:20:21 14 0.6395 0.238
2024_0415_16:20:33 14 0.274 71.5155
2024_0415_16:20:35 14 -99.2305 99.9985
2024_0415_16:20:35 14 0.0975 -0.178
2024_0415_16:25:45 15 0.0355 0.013
2024_0415_16:25:48 14 79.6315 78.065
2024_0415_16:25:50 14 -0.172 -0.0785
2024_0415_16:25:51 14 96.3695 99.269
2024_0415_16:25:52 14 -99.997 49.9955
2024_0415_16:25:54 15 0.104 0.1065
2024_0415_16:25:55 15 99.5715 93.215
2024_0415_16:25:56 15 -0.063 -0.0055
2024_0415_16:25:57 15 -53.979 64.4805
2024_0415_16:26:01 15 -32.0235 48.997
2024_0415_16:26:01 15 2.4945 -0.4
2024_0415_16:26:03 15 -1.0525 1.413
2024_0415_16:26:13 15 38.3035 60.1445
2024_0415_16:26:17 15 0.075 0.1195
2024_0415_16:26:19 15 0.231 0.0225
2024_0415_16:26:41 15 98.8185 99.4425
2024_0415_16:31:26 16 -0.0155 0.278
2024_0415_16:31:34 16 -0.0545 -0.2425
2024_0415_16:31:39 16 -99.999 99.999
2024_0415_16:31:39 16 -10.0455 10.294
2024_0415_16:31:42 17 22.515 71.2385
2024_0415_16:31:49 17 98.8365 99.5975
2024_0415_16:31:51 16 0.046 0.0755
2024_0415_16:31:52 16 11.32 11.5705
2024_0415_16:31:55 16 0.204 0.255
2024_0415_16:31:56 16 0.1425 -0.243
2024_0415_16:31:56 16 -0.119 0.325
2024_0415_16:32:02 17 19.0365 1.462
2024_0415_16:32:02 17 99.4155 99.412
2024_0415_16:32:03 17 3.8725 3.937
2024_0415_16:32:42 17 -0.2275 0.0045
2024_0415_16:35:42 17 97.18 99.536
2024_0415_16:37:11 18 0.3035 0.106
2024_0415_16:37:28 18 -0.2565 -0.348
2024_0415_16:37:28 18 95.3675 49.5285
2024_0415_16:37:29 18 -13.069 12.4335
2024_0415_16:37:30 18 92.9035 99.464
2024_0415_16:37:36 18 0.0005 50.0
2024_0415_16:37:50 20 -11.2085 74.231
2024_0415_16:37:53 18 0.4285 -0.4045
2024_0415_16:37:54 19 -0.006 0.027
2024_0415_16:37:57 18 -5.5885 5.9495
2024_0415_16:37:59 18 93.1755 99.5105
2024_0415_16:38:01 19 9.912 79.962
2024_0415_16:38:03 19 12.0765 18.9245
2024_0415_16:38:05 20 68.221 56.1355
2024_0415_16:38:56 20 96.9855 99.4905
2024_0415_16:42:51 20 0.0 49.9995
2024_0415_16:42:53 18 -0.072 0.079
2024_0415_16:42:53 17 0.1765 -0.1615
2024_0415_16:42:55 20 -0.0775 57.673
2024_0415_16:44:46 20 99.469 97.6535
2024_0415_16:50:30 11 99.529 91.543
2024_0415_16:50:30 1 98.9995 99.5035
2024_0415_16:50:30 7 94.4425 98.28
2024_0415_16:50:30 2 90.5655 99.376
2024_0415_16:50:31 6 95.8435 99.416
2024_0415_16:50:32 5 98.386 97.6775
2024_0415_16:50:32 8 97.4985 99.433
2024_0415_16:50:34 2 86.4135 99.533
2024_0415_16:50:35 3 96.461 99.325
2024_0415_16:50:43 9 97.068 98.62
2024_0415_16:50:47 2 98.2615 99.5325
2024_0415_16:50:50 4 98.732 99.512
2024_0415_16:50:51 3 97.293 99.5345
2024_0415_16:50:51 9 97.4825 99.463
2024_0415_16:50:52 6 97.427 99.468
2024_0415_16:50:52 10 98.338 99.3285
2024_0415_16:56:08 11 52.5435 16.8985
2024_0415_16:56:09 11 0.0635 0.2085
2024_0415_16:56:10 11 0.315 0.168
2024_0415_16:56:11 11 0.1475 -0.1575
2024_0415_16:56:11 11 0.1485 0.127
2024_0415_16:56:11 11 99.466 99.4895
2024_0415_16:56:16 11 -50.0 99.9995
2024_0415_16:56:17 11 -0.664 -0.1005
2024_0415_16:56:20 11 96.996 99.5455
2024_0415_16:56:26 11 99.4025 49.6865
2024_0415_16:56:47 11 -49.9965 99.999
2024_0415_16:56:48 11 -0.0265 -0.097
2024_0415_16:56:52 11 99.442 99.452
2024_0415_16:56:54 11 99.3605 99.449
2024_0415_16:56:55 11 97.3425 99.4675
2024_0415_16:57:00 11 0.0675 -0.0435
2024_0415_17:01:48 12 53.317 98.164
2024_0415_17:01:49 12 79.4075 79.5625
2024_0415_17:01:52 12 91.3815 99.5275
2024_0415_17:01:52 12 46.3175 49.9405
2024_0415_17:01:55 12 0.118 0.2515
2024_0415_17:01:56 12 -0.241 0.0795
2024_0415_17:01:56 12 0.61 0.23
2024_0415_17:01:58 12 99.467 99.4795
2024_0415_17:02:05 12 -0.039 -0.151
2024_0415_17:02:07 12 98.6485 99.496
2024_0415_17:02:47 12 0.2715 0.1565
2024_0415_17:02:49 12 99.5545 99.601
2024_0415_17:02:52 12 20.149 20.109
2024_0415_17:02:53 12 0.0535 0.27
2024_0415_17:02:59 12 99.424 99.406
2024_0415_17:03:03 12 99.5425 99.5335
2024_0415_17:07:29 13 4.194 29.385
2024_0415_17:07:33 13 -0.322 -0.7035
2024_0415_17:07:38 13 99.397 94.8145
2024_0415_17:07:40 13 96.3825 95.708
2024_0415_17:07:41 13 0.122 -0.3155
2024_0415_17:07:44 13 99.593 99.3975
2024_0415_17:07:45 13 99.458 96.9015
2024_0415_17:07:48 13 99.434 65.7035
2024_0415_17:07:50 13 92.549 99.519
2024_0415_17:07:56 13 71.3185 49.406
2024_0415_17:08:45 13 -0.209 0.123
2024_0415_17:08:49 13 71.6355 98.7195
2024_0415_17:09:00 13 0.0365 0.0645
2024_0415_17:09:02 13 99.4365 98.229
2024_0415_17:09:02 13 1.671 0.712
2024_0415_17:09:04 13 82.3695 99.515
2024_0415_17:13:09 13 0.3445 0.2765
2024_0415_17:13:19 13 -99.998 99.998
2024_0415_17:13:21 13 0.224 0.143
2024_0415_17:13:25 13 99.496 99.452
2024_0415_17:13:25 13 0.305 -0.2075
2024_0415_17:13:26 13 -0.157 0.2455
2024_0415_17:13:30 13 -0.1915 0.059
2024_0415_17:13:32 13 99.2435 99.363
2024_0415_17:13:35 14 99.402 99.4
2024_0415_17:13:43 14 41.0705 31.5445
2024_0415_17:14:44 14 0.116 0.2505
2024_0415_17:14:47 14 19.8415 -20.0245
2024_0415_17:15:03 14 99.463 99.548
2024_0415_17:15:03 14 -7.754 46.594
2024_0415_17:15:09 14 99.328 99.466
2024_0415_17:17:36 14 80.8315 80.6335
2024_0415_17:18:51 14 9.8525 9.1695
2024_0415_17:19:06 14 98.2325 99.507
2024_0415_17:19:06 14 98.4295 99.3905
2024_0415_17:19:08 14 99.2625 99.381
2024_0415_17:19:09 14 -99.999 99.999
2024_0415_17:19:11 14 -19.861 20.065
2024_0415_17:19:11 14 72.8175 22.4135
2024_0415_17:19:15 14 98.341 99.4975
2024_0415_17:19:21 14 97.305 49.5125
2024_0415_17:19:36 14 14.163 13.8595
2024_0415_17:20:45 14 18.9555 18.0585
2024_0415_17:20:46 14 99.339 96.5095
2024_0415_17:21:02 14 66.72 57.596
2024_0415_17:21:03 14 -99.999 99.999
2024_0415_17:21:07 14 -0.5 0.096
2024_0415_17:23:33 14 0.095 -0.109
2024_0415_17:24:34 15 0.143 0.031
2024_0415_17:24:49 15 82.5365 82.9375
2024_0415_17:24:52 15 27.0455 -26.7715
2024_0415_17:24:52 15 -95.462 99.8515
2024_0415_17:24:54 15 16.2845 17.084
2024_0415_17:24:56 15 97.909 99.546
2024_0415_17:25:01 15 96.6295 96.8765
2024_0415_17:25:08 15 75.681 99.602
2024_0415_17:25:22 15 -0.173 0.586
2024_0415_17:25:37 15 0.326 -0.29
2024_0415_17:26:44 15 -0.151 -0.1885
2024_0415_17:26:52 15 0.1615 0.3295
2024_0415_17:27:03 15 49.198 -0.366
2024_0415_17:27:04 15 -10.17 9.919
2024_0415_17:27:07 15 0.2815 -0.0985
2024_0415_17:29:31 15 0.2095 -0.151
2024_0415_17:30:16 15 79.7435 78.032
2024_0415_17:30:29 15 0.3155 -0.019
2024_0415_17:30:34 15 -0.231 0.0605
2024_0415_17:30:35 15 0.0175 0.078
2024_0415_17:30:37 15 54.0565 60.861
2024_0415_17:30:39 15 99.4825 99.3455
2024_0415_17:30:51 16 0.034 0.079
2024_0415_17:30:54 15 97.3015 99.5965
2024_0415_17:31:05 16 -0.557 0.9795
2024_0415_17:31:21 16 33.1745 48.792
2024_0415_17:32:44 16 21.668 -13.467
2024_0415_17:32:54 16 98.987 97.0895
2024_0415_17:33:02 16 1.025 0.53
2024_0415_17:33:04 16 99.606 97.9865
2024_0415_17:33:11 16 95.8495 96.7325
2024_0415_17:35:40 16 79.2125 47.2425
2024_0415_17:35:57 16 27.919 47.7205
2024_0415_17:36:10 16 0.091 -0.07
2024_0415_17:36:17 16 -7.9885 8.07
2024_0415_17:36:17 16 0.0545 0.221
2024_0415_17:36:23 16 -0.253 -0.168
2024_0415_17:36:42 17 0.5595 0.5275
2024_0415_17:36:48 17 0.066 -0.1535
2024_0415_17:37:04 17 48.7395 24.861
2024_0415_17:37:27 17 78.483 56.654
2024_0415_17:38:42 17 -35.563 45.137
2024_0415_17:38:52 17 45.9775 13.2065
2024_0415_17:38:53 17 0.3245 -0.442
2024_0415_17:39:03 17 96.0335 99.4455
2024_0415_17:39:04 17 85.4785 99.2925
2024_0415_17:39:11 17 1.5635 -1.5635
2024_0415_17:41:41 17 99.585 -0.096
2024_0415_17:41:49 17 17.284 16.6305
2024_0415_17:42:00 17 -0.431 1.3445
2024_0415_17:42:28 17 11.1715 11.354
2024_0415_17:42:30 17 10.428 3.9215
2024_0415_17:42:55 17 32.8355 -11.627
2024_0415_17:42:57 17 17.359 -11.378
2024_0415_17:43:13 18 0.08 -0.197
2024_0415_17:43:39 18 99.2 96.481
2024_0415_17:44:22 18 98.2565 98.582
2024_0415_17:44:34 18 -0.3215 -0.1035
2024_0415_17:44:50 18 0.13 0.1845
2024_0415_17:44:53 18 0.259 -0.3305
2024_0415_17:45:03 18 0.277 0.0585
2024_0415_17:45:04 18 -20.1015 19.791
2024_0415_17:45:13 18 -3.2405 3.61
2024_0415_17:47:40 18 92.728 95.4185
2024_0415_17:47:42 18 12.037 -12.4595
2024_0415_17:48:16 18 99.398 96.914
2024_0415_17:48:25 18 0.199 0.0325
2024_0415_17:48:42 18 99.41 99.38
2024_0415_17:48:45 18 2.649 -0.5595
2024_0415_17:48:56 18 -28.8675 28.169
2024_0415_17:49:24 18 27.3335 -27.929
2024_0415_17:49:28 18 -0.127 -0.435
2024_0415_17:50:00 18 -99.999 -49.9995
2024_0415_17:50:27 18 -9.54 9.8995
2024_0415_17:50:51 19 19.938 -20.4515
2024_0415_17:50:52 19 40.9445 -3.4495
2024_0415_17:51:06 19 99.092 97.1865
2024_0415_17:51:07 19 -28.157 49.7615
2024_0415_17:51:13 19 47.8975 48.7455
2024_0415_17:53:24 19 97.75 99.262
2024_0415_17:53:54 19 53.865 25.9045
2024_0415_17:54:07 20 47.588 67.644
2024_0415_17:54:15 20 1.0695 1.726
2024_0415_17:54:33 20 77.207 66.6785
2024_0415_17:54:34 20 7.968 -8.817
2024_0415_17:54:41 20 74.167 6.032
2024_0415_17:55:17 20 97.6575 99.454
2024_0415_17:55:21 20 -0.0055 0.057
2024_0415_17:55:46 20 -14.394 15.9265
2024_0415_17:56:16 20 31.7745 79.3515
2024_0415_17:56:52 20 0.079 0.0255
2024_0415_17:57:09 20 0.2925 60.6505
2024_0415_17:57:13 20 49.999 49.9995
2024_0415_17:57:15 20 0.87 -0.375
2024_0415_17:59:07 14 99.4215 99.5015
2024_0415_17:59:44 15 20.2215 72.76
2024_0415_17:59:45 16 -4.121 49.5875
2024_0415_18:00:05 17 10.055 -9.59
2024_0415_18:00:12 17 -0.209 0.2555
2024_0415_18:00:13 17 14.0205 -14.216
2024_0415_18:00:15 17 97.554 99.398
2024_0415_18:00:51 17 0.7445 0.024
2024_0415_18:00:55 18 98.698 99.5845
2024_0415_18:01:27 20 69.351 89.581
2024_0415_18:07:10 7 99.0 85.1455
2024_0415_18:07:11 2 98.958 99.5415
2024_0415_18:07:13 2 92.032 99.4875
2024_0415_18:07:14 4 95.6275 99.5055
2024_0415_18:07:14 1 97.5565 99.493
2024_0415_18:07:14 3 93.9375 99.273
2024_0415_18:07:14 2 88.4325 99.541
2024_0415_18:07:14 6 98.2965 99.4585
2024_0415_18:07:16 2 98.0265 99.467
2024_0415_18:07:29 8 92.987 99.4585
2024_0415_18:07:29 8 84.795 99.4925
2024_0415_18:07:30 5 98.567 98.559
2024_0415_18:07:32 10 94.1235 99.3955
2024_0415_18:07:32 11 -49.999 99.998
2024_0415_18:07:34 9 98.952 99.5315
2024_0415_18:11:35 11 20.1025 -20.404
2024_0415_18:12:53 11 0.413 0.11
2024_0415_18:12:55 11 -0.3785 0.0
2024_0415_18:12:55 11 -0.212 -0.0675
2024_0415_18:12:55 11 99.477 99.4455
2024_0415_18:12:56 11 -0.08 -0.223
2024_0415_18:12:56 11 -0.283 -0.31
2024_0415_18:12:58 11 99.485 99.487
2024_0415_18:12:59 11 -0.0635 -0.1145
2024_0415_18:13:00 11 0.1235 -0.048
2024_0415_18:13:27 11 -0.0285 0.001
2024_0415_18:13:28 11 99.4915 93.378
2024_0415_18:13:29 11 0.4105 0.217
2024_0415_18:13:29 11 99.488 88.8395
2024_0415_18:13:31 11 0.16 0.102
2024_0415_18:13:33 11 99.4415 99.399
2024_0415_18:17:19 12 98.9125 99.4725
2024_0415_18:18:36 12 0.0985 -0.129
2024_0415_18:18:36 12 -22.2345 22.2175
2024_0415_18:18:38 12 -0.174 0.1075
2024_0415_18:18:39 12 -0.459 0.1875
2024_0415_18:18:41 12 93.717 96.373
2024_0415_18:18:46 12 48.6485 47.683
2024_0415_18:18:46 12 0.2535 0.004
2024_0415_18:18:48 12 95.508 99.537
2024_0415_18:18:51 12 47.3475 46.4295
2024_0415_18:19:28 12 99.3675 99.4455
2024_0415_18:19:28 12 -0.0255 0.13
2024_0415_18:19:29 12 -0.4235 -0.0005
2024_0415_18:19:30 12 93.7425 97.697
2024_0415_18:19:33 12 -0.6005 0.5085
2024_0415_18:19:34 13 99.475 99.434
2024_0415_18:23:08 13 0.042 0.1835
2024_0415_18:24:18 13 0.043 0.193
2024_0415_18:24:19 13 -0.3215 -0.2085
2024_0415_18:24:24 13 79.6275 67.6555
2024_0415_18:24:24 13 0.3845 -0.1755
2024_0415_18:24:30 13 30.14 -4.209
2024_0415_18:24:32 13 -0.272 0.2095
2024_0415_18:24:33 13 0.497 0.7055
2024_0415_18:24:33 13 97.916 84.971
2024_0415_18:24:33 13 -0.125 -0.0275
2024_0415_18:25:27 13 99.999 49.9995
2024_0415_18:25:27 13 -0.409 -0.192
2024_0415_18:25:28 13 3.1355 0.6595
2024_0415_18:25:29 13 -99.998 49.996
2024_0415_18:25:33 13 1.565 2.1515
2024_0415_18:25:35 13 -0.2 0.0935
2024_0415_18:28:51 13 9.65 -9.894
2024_0415_18:30:02 13 18.966 18.987
2024_0415_18:30:06 13 49.148 99.4765
2024_0415_18:30:07 13 -0.1685 0.084
2024_0415_18:30:12 13 99.136 99.4095
2024_0415_18:30:13 14 98.3875 12.6935
2024_0415_18:30:17 14 0.31 0.008
2024_0415_18:30:18 13 99.421 97.454
2024_0415_18:30:20 14 -5.872 54.4545
2024_0415_18:30:21 14 18.5885 17.9475
2024_0415_18:31:24 14 0.092 -0.015
2024_0415_18:31:27 14 -0.0125 0.2465
2024_0415_18:31:29 14 17.745 35.471
2024_0415_18:31:29 14 23.444 18.727
2024_0415_18:31:38 14 99.402 99.3195
2024_0415_18:31:39 14 99.4985 99.445
2024_0415_18:34:35 14 -0.185 0.107
2024_0415_18:35:49 14 99.535 94.9185
2024_0415_18:35:51 14 -0.1755 0.0505
2024_0415_18:35:52 14 -49.9995 49.9995
2024_0415_18:35:55 14 48.4335 46.523
2024_0415_18:35:56 14 -20.079 19.8905
2024_0415_18:36:03 14 99.475 97.758
2024_0415_18:36:04 14 39.6635 -35.814
2024_0415_18:36:05 14 -0.032 0.1555
2024_0415_18:36:07 14 -0.262 0.1595
2024_0415_18:37:24 14 0.3915 -0.026
2024_0415_18:37:29 14 99.3995 99.4665
2024_0415_18:37:33 14 98.509 99.5095
2024_0415_18:37:35 15 98.8185 99.4925
2024_0415_18:37:38 15 0.3195 0.7155
2024_0415_18:37:48 15 99.4885 99.501
2024_0415_18:41:34 15 0.1205 0.0375
2024_0415_18:41:41 15 0.1515 0.148
2024_0415_18:41:41 15 96.9565 99.3885
2024_0415_18:41:42 15 3.69 -0.7955
2024_0415_18:41:46 15 61.9625 78.4235
2024_0415_18:41:50 15 39.9225 38.7045
2024_0415_18:41:50 15 79.1095 79.5585
2024_0415_18:41:53 15 15.8805 16.574
2024_0415_18:42:00 15 -0.183 0.0465
2024_0415_18:43:25 15 50.7755 -20.453
2024_0415_18:43:27 15 0.06 0.3355
2024_0415_18:43:35 15 0.77 0.8
2024_0415_18:43:35 15 97.8795 99.391
2024_0415_18:43:48 15 95.5275 97.9445
2024_0415_18:43:51 15 49.17 97.7615
2024_0415_18:44:08 15 -0.2685 0.5465
2024_0415_18:47:20 15 66.105 66.0495
2024_0415_18:47:22 15 49.9995 49.9995
2024_0415_18:47:24 15 9.0355 2.6305
2024_0415_18:47:28 15 45.2095 44.841
2024_0415_18:47:32 16 -8.4125 39.366
2024_0415_18:47:33 16 97.841 97.6705
2024_0415_18:47:33 16 0.1255 -0.415
2024_0415_18:47:38 16 11.628 -0.604
2024_0415_18:49:26 16 -99.998 49.997
2024_0415_18:49:30 16 6.4875 22.8825
2024_0415_18:49:34 16 -18.5165 95.3845
2024_0415_18:49:39 16 49.262 48.8435
2024_0415_18:49:44 16 90.577 73.0975
2024_0415_18:49:50 16 10.3625 -11.4785
2024_0415_18:49:59 16 92.649 88.1135
2024_0415_18:53:08 17 95.6825 99.603
2024_0415_18:53:10 16 0.1785 0.3075
2024_0415_18:53:11 17 -0.46 -0.355
2024_0415_18:53:12 17 76.347 75.4325
2024_0415_18:53:13 17 0.1695 -0.311
2024_0415_18:53:16 17 0.034 0.1685
2024_0415_18:53:17 17 9.1185 17.01
2024_0415_18:53:17 17 21.621 61.03
2024_0415_18:55:27 17 0.0215 0.1805
2024_0415_18:55:37 17 5.3685 -7.7305
2024_0415_18:55:40 17 0.4925 0.0165
2024_0415_18:55:41 17 33.3435 33.768
2024_0415_18:55:48 17 23.346 40.0105
2024_0415_18:56:05 17 57.6515 -10.4615
2024_0415_18:57:24 17 99.856 -1.26
2024_0415_18:58:50 17 0.159 -0.0595
2024_0415_18:58:57 17 99.766 -32.124
2024_0415_18:58:57 18 41.663 50.478
2024_0415_18:58:58 17 9.345 -9.152
2024_0415_18:59:04 18 0.093 -0.076
2024_0415_18:59:12 18 -0.2185 0.349
2024_0415_18:59:21 17 9.321 29.8655
2024_0415_19:00:52 18 70.4335 34.855
2024_0415_19:01:16 18 99.4855 98.5325
2024_0415_19:01:21 18 92.4575 86.0235
2024_0415_19:01:54 18 47.047 -37.415
2024_0415_19:01:54 18 -8.5035 8.539
2024_0415_19:01:59 18 -0.0725 -0.299
2024_0415_19:02:29 18 -43.106 50.314
2024_0415_19:03:11 18 -21.0105 22.639
2024_0415_19:04:32 18 59.984 63.317
2024_0415_19:04:37 18 0.2695 -0.303
2024_0415_19:04:39 18 -49.9995 99.9995
2024_0415_19:04:48 18 -0.006 0.349
2024_0415_19:04:49 18 56.0825 78.985
2024_0415_19:04:50 18 0.0555 -0.265
2024_0415_19:05:17 18 13.554 13.382
2024_0415_19:05:30 18 -99.998 99.998
2024_0415_19:06:59 18 0.1425 0.171
2024_0415_19:07:00 18 -0.128 0.138
2024_0415_19:07:14 18 73.985 78.8255
2024_0415_19:08:09 19 -6.6715 31.051
2024_0415_19:08:10 19 99.4775 99.434
2024_0415_19:08:43 19 0.2765 9.853
2024_0415_19:08:58 19 -2.1905 9.535
2024_0415_19:10:21 19 0.3865 -0.033
2024_0415_19:10:24 19 25.201 -24.759
2024_0415_19:10:28 19 -9.9595 9.2035
2024_0415_19:10:37 19 9.85 -10.1715
2024_0415_19:10:40 19 27.93 -2.7535
2024_0415_19:10:56 19 0.031 0.4605
2024_0415_19:11:16 20 54.639 78.9845
2024_0415_19:12:47 20 77.4975 77.669
2024_0415_19:13:07 20 49.252 49.6295
2024_0415_19:13:24 20 98.525 97.806
2024_0415_19:13:27 20 0.062 -0.0805
2024_0415_19:14:18 20 18.1685 18.7595
2024_0415_19:14:22 20 -0.1865 -0.0625
2024_0415_19:14:58 20 96.507 87.646
2024_0415_19:16:06 20 10.156 -9.5615
2024_0415_19:16:16 20 -65.6335 45.8625
2024_0415_19:16:20 5 99.3805 97.471
2024_0415_19:16:28 15 0.0275 -0.012
2024_0415_19:16:41 16 48.7485 -0.9975
2024_0415_19:16:43 16 99.5135 99.576
2024_0415_19:17:01 16 99.444 94.0415
2024_0415_19:17:04 17 99.483 94.5715
2024_0415_19:18:25 17 -2.334 -2.406
2024_0415_19:18:57 18 0.0315 0.196
2024_0415_19:19:07 18 19.951 -20.1115
2024_0415_19:19:08 20 18.1845 17.834
2024_0415_19:19:32 19 55.53 70.9965
2024_0415_19:20:23 20 0.322 -0.4545
2024_0415_19:20:27 20 99.371 49.229
2024_0415_19:26:09 5 97.131 98.844
2024_0415_19:26:11 4 91.5655 99.521
2024_0415_19:26:12 2 96.1835 99.494
2024_0415_19:26:12 1 98.0115 99.4995
2024_0415_19:26:14 3 86.478 99.2755
2024_0415_19:26:14 3 90.9405 99.5435
2024_0415_19:26:16 2 98.733 99.489
2024_0415_19:26:18 2 98.602 99.508
2024_0415_19:26:18 9 98.671 99.6125
2024_0415_19:26:18 2 96.643 99.4815
2024_0415_19:26:36 7 98.193 97.322
2024_0415_19:26:36 7 98.3165 91.37
2024_0415_19:26:36 8 98.693 99.4625
2024_0415_19:26:37 1 98.7745 99.5365
2024_0415_19:26:38 5 97.5145 94.2585
2024_0415_19:26:38 6 98.9735 99.4225
2024_0415_19:31:53 11 0.2565 0.1305
2024_0415_19:31:55 11 0.5015 0.2755
2024_0415_19:31:57 11 -0.0405 45.396
2024_0415_19:31:58 11 49.9995 49.9995
2024_0415_19:31:59 11 -0.302 -0.1
2024_0415_19:31:59 11 98.3575 92.305
2024_0415_19:32:02 11 -20.2025 99.1555
2024_0415_19:32:05 11 99.426 99.454
2024_0415_19:32:05 10 99.5295 99.587
2024_0415_19:32:42 11 99.466 99.4205
2024_0415_19:32:42 11 0.0435 -0.129
2024_0415_19:32:43 11 0.2455 -0.0095
2024_0415_19:32:43 11 99.495 97.363
2024_0415_19:32:44 11 97.38 96.7125
2024_0415_19:32:49 11 94.9095 99.3995
2024_0415_19:35:29 11 -0.299 0.005
2024_0415_19:37:34 11 -0.267 0.2945
2024_0415_19:37:37 11 -0.0015 -0.026
2024_0415_19:37:38 11 -0.191 0.058
2024_0415_19:37:40 11 -0.249 -0.0755
2024_0415_19:37:43 11 99.4935 99.468
2024_0415_19:37:47 11 97.947 99.492
2024_0415_19:37:47 11 95.755 99.503
2024_0415_19:37:50 11 0.156 0.0635
2024_0415_19:37:53 11 0.028 -0.307
2024_0415_19:38:48 11 99.536 97.605
2024_0415_19:38:49 12 0.5835 0.1205
2024_0415_19:38:50 12 -0.139 -0.044
2024_0415_19:38:52 12 99.4855 99.5065
2024_0415_19:38:57 12 93.2625 98.707
2024_0415_19:38:58 11 14.662 14.8585
2024_0415_19:41:12 12 -0.184 -0.1255
2024_0415_19:43:17 12 -0.102 0.0565
2024_0415_19:43:24 12 99.6005 94.5765
2024_0415_19:43:24 12 19.905 9.9565
2024_0415_19:43:28 12 96.6155 99.4655
2024_0415_19:43:29 12 0.2555 0.1185
2024_0415_19:43:30 12 0.0975 -0.0815
2024_0415_19:43:31 12 -0.196 -0.295
2024_0415_19:43:33 12 -99.998 49.996
2024_0415_19:43:34 12 -0.1175 -0.0255
2024_0415_19:44:55 12 99.401 98.4285
2024_0415_19:45:00 12 99.4685 92.8445
2024_0415_19:45:02 12 -0.028 -0.0375
2024_0415_19:45:02 12 0.048 -0.251
2024_0415_19:45:04 12 -0.0085 -0.113
2024_0415_19:45:09 12 99.4625 97.9775
2024_0415_19:47:00 12 99.4745 99.5245
2024_0415_19:49:01 12 18.001 18.288
2024_0415_19:49:10 13 -0.1335 0.0915
2024_0415_19:49:12 13 0.1455 -0.0255
2024_0415_19:49:14 13 0.325 -0.5225
2024_0415_19:49:15 13 99.4565 99.473
2024_0415_19:49:16 13 99.5105 99.49
2024_0415_19:49:20 12 93.9085 99.536
2024_0415_19:49:20 13 99.385 99.3695
2024_0415_19:49:20 13 99.4345 99.4255
2024_0415_19:51:04 13 49.9995 49.9995
2024_0415_19:51:05 13 99.4365 99.5655
2024_0415_19:51:08 13 0.003 -0.062
2024_0415_19:51:09 13 0.0395 -0.2805
2024_0415_19:51:10 13 94.8405 99.521
2024_0415_19:51:17 13 -99.998 99.998
2024_0415_19:52:48 13 98.331 99.4155
2024_0415_19:54:44 13 10.3875 -10.429
2024_0415_19:54:57 13 0.041 -0.079
2024_0415_19:54:57 13 78.4355 79.5285
2024_0415_19:55:02 13 98.786 99.4045
2024_0415_19:55:02 13 98.518 99.4895
2024_0415_19:55:03 13 49.286 89.21
2024_0415_19:55:03 13 0.281 -0.411
2024_0415_19:55:06 13 -15.84 19.5535
2024_0415_19:55:07 13 -99.999 99.999
2024_0415_19:57:14 13 9.84 -9.9775
2024_0415_19:57:14 13 64.177 48.763
2024_0415_19:57:15 13 99.475 99.4755
2024_0415_19:57:16 13 -0.0305 0.348
2024_0415_19:57:18 13 47.542 47.2325
2024_0415_19:57:25 13 78.896 79.649
2024_0415_19:58:33 13 0.363 -0.4765
2024_0415_20:00:31 13 99.441 99.282
2024_0415_20:00:41 13 -25.016 25.13
2024_0415_20:00:43 13 97.3325 98.4595
2024_0415_20:00:47 13 -0.0715 0.3195
2024_0415_20:00:48 14 -21.641 22.0535
2024_0415_20:00:48 14 -0.1525 0.1705
2024_0415_20:00:49 14 49.9985 -49.9985
2024_0415_20:00:52 13 -0.259 0.1405
2024_0415_20:00:52 13 48.0275 47.4945
2024_0415_20:03:22 14 0.2195 5.9515
2024_0415_20:03:23 14 -9.9815 10.13
2024_0415_20:03:24 14 -49.9735 99.997
2024_0415_20:03:24 14 97.62 98.049
2024_0415_20:03:33 14 1.618 4.348
2024_0415_20:03:35 14 0.1865 -0.075
2024_0415_20:04:19 14 89.0495 92.9035
2024_0415_20:06:18 14 78.915 70.5265
2024_0415_20:06:26 14 -13.7835 13.218
2024_0415_20:06:26 14 -0.048 0.254
2024_0415_20:06:30 14 0.1635 -0.011
2024_0415_20:06:33 14 97.463 83.5445
2024_0415_20:06:33 14 97.3265 93.9795
2024_0415_20:06:34 14 98.1315 93.8725
2024_0415_20:06:37 14 -0.016 0.182
2024_0415_20:06:42 14 99.4085 91.285
2024_0415_20:09:29 14 17.8865 19.2275
2024_0415_20:09:30 14 -0.076 -0.375
2024_0415_20:09:32 14 99.54 98.003
2024_0415_20:09:40 14 -0.7845 -0.1025
2024_0415_20:10:12 14 98.96 99.454
2024_0415_20:12:11 14 0.3255 -0.247
2024_0415_20:12:11 14 46.8565 47.337
2024_0415_20:12:11 14 99.536 99.3935
2024_0415_20:12:18 14 49.537 49.737
2024_0415_20:12:21 15 44.2035 44.556
2024_0415_20:12:25 14 93.3335 99.4325
2024_0415_20:12:31 14 -0.129 0.1955
2024_0415_20:12:35 15 0.05 -0.116
2024_0415_20:13:55 15 0.178 0.1835
2024_0415_20:14:56 15 3.366 0.0965
2024_0415_20:15:35 15 -0.2085 0.194
2024_0415_20:15:38 15 49.9995 -49.9995
2024_0415_20:15:42 15 99.3095 99.2385
2024_0415_20:15:53 15 50.0 -49.999
2024_0415_20:16:18 15 -9.635 9.7815
2024_0415_20:17:53 15 -0.458 -0.2105
2024_0415_20:17:53 15 -0.145 0.072
2024_0415_20:17:57 15 -0.364 -0.0545
2024_0415_20:18:02 15 -24.8685 46.1315
2024_0415_20:18:08 15 -0.367 2.371
2024_0415_20:18:10 15 70.3755 30.541
2024_0415_20:18:18 15 0.317 0.395
2024_0415_20:18:20 15 3.724 0.408
2024_0415_20:20:01 15 0.3665 0.3915
2024_0415_20:20:36 15 -0.31 0.024
2024_0415_20:20:39 15 -0.2475 0.054
2024_0415_20:21:39 15 0.195 0.1955
2024_0415_20:21:45 15 92.0905 85.225
2024_0415_20:21:50 15 94.475 99.0875
2024_0415_20:21:53 15 91.107 96.8905
2024_0415_20:22:25 15 0.188 -0.216
2024_0415_20:23:40 15 97.822 98.2475
2024_0415_20:23:41 15 0.191 -0.1075
2024_0415_20:23:46 15 9.8285 19.966
2024_0415_20:23:57 15 69.1905 71.38
2024_0415_20:24:00 15 0.2975 0.992
2024_0415_20:24:03 15 99.4505 98.3775
2024_0415_20:26:08 15 8.948 1.674
2024_0415_20:26:23 16 48.2285 45.6195
2024_0415_20:26:49 15 97.931 99.4125
2024_0415_20:27:24 16 -0.848 3.2365
2024_0415_20:27:56 16 79.9895 90.0345
2024_0415_20:28:09 16 90.6365 88.7975
2024_0415_20:28:13 16 94.4955 99.2565
2024_0415_20:28:34 16 15.3165 7.257
2024_0415_20:28:56 16 -0.1675 -0.0755
2024_0415_20:29:24 16 99.517 99.4675
2024_0415_20:29:26 16 99.3675 99.427
2024_0415_20:29:35 16 99.4945 99.52
2024_0415_20:29:41 16 99.5195 99.5475
2024_0415_20:29:47 16 99.4165 98.825
2024_0415_20:29:55 16 19.0255 19.6235
2024_0415_20:32:09 16 0.3725 -0.0645
2024_0415_20:32:13 16 -0.3405 -0.5215
2024_0415_20:33:00 16 99.3495 99.351
2024_0415_20:33:10 16 16.6205 11.5775
2024_0415_20:34:06 16 42.168 43.7115
2024_0415_20:34:19 16 9.936 -9.8255
2024_0415_20:34:26 16 -3.936 59.147
2024_0415_20:34:52 16 97.5555 97.609
2024_0415_20:34:53 16 9.0025 4.249
2024_0415_20:35:09 16 -0.3795 0.1815
2024_0415_20:35:11 16 79.6665 89.8515
2024_0415_20:35:16 16 99.497 96.6745
2024_0415_20:35:21 17 99.0305 0.181
2024_0415_20:35:28 17 7.4 -7.0855
2024_0415_20:35:31 17 44.6205 0.201
2024_0415_20:35:38 17 14.422 16.6825
2024_0415_20:37:53 17 99.462 99.393
2024_0415_20:38:19 17 16.66 -16.743
2024_0415_20:38:53 17 9.6765 -9.754
2024_0415_20:39:15 17 62.546 -13.675
2024_0415_20:40:14 17 -0.2215 0.259
2024_0415_20:40:30 17 99.389 99.5205
2024_0415_20:40:40 17 49.365 99.405
2024_0415_20:40:44 17 80.0435 85.488
2024_0415_20:40:55 17 -0.361 0.4905
2024_0415_20:40:55 17 99.496 99.6225
2024_0415_20:41:03 17 0.462 0.2975
2024_0415_20:41:04 17 99.4255 42.539
2024_0415_20:41:04 17 99.5955 99.5285
2024_0415_20:41:17 17 -0.2755 -0.354
2024_0415_20:41:19 17 46.248 45.9505
2024_0415_20:41:27 17 99.333 97.5245
2024_0415_20:43:37 17 3.5605 -2.814
2024_0415_20:44:24 17 0.2785 0.2055
2024_0415_20:44:42 17 39.0185 99.489
2024_0415_20:45:19 17 0.847 -0.113
2024_0415_20:46:24 17 0.186 0.112
2024_0415_20:46:28 17 23.205 27.434
2024_0415_20:46:37 17 87.906 97.4475
2024_0415_20:46:40 17 1.656 0.2175
2024_0415_20:46:42 17 99.4855 99.4825
2024_0415_20:46:51 18 7.856 47.0895
2024_0415_20:46:52 17 99.639 98.89
2024_0415_20:46:56 18 -3.6515 3.1055
2024_0415_20:47:03 18 99.517 98.041
2024_0415_20:47:06 18 98.243 99.2695
2024_0415_20:47:18 18 90.402 99.4365
2024_0415_20:47:26 18 0.121 -0.222
2024_0415_20:49:23 18 -9.8805 9.992
2024_0415_20:50:31 18 2.2255 -0.639
2024_0415_20:50:38 18 0.461 0.2845
2024_0415_20:51:31 18 49.1915 99.618
2024_0415_20:52:11 18 -0.659 0.1265
2024_0415_20:52:27 18 22.5315 -2.8615
2024_0415_20:52:29 18 99.374 76.085
2024_0415_20:52:38 18 -2.288 6.9285
2024_0415_20:52:38 18 -33.3505 33.433
2024_0415_20:52:42 18 -9.504 -6.189
2024_0415_20:52:43 18 0.736 2.3135
2024_0415_20:52:47 18 81.7205 9.897
2024_0415_20:52:53 18 7.5385 4.9
2024_0415_20:53:10 18 -0.1705 3.464
2024_0415_20:53:17 18 0.0955 0.3865
2024_0415_20:53:38 18 99.5635 99.4995
2024_0415_20:55:08 18 -0.219 0.1325
2024_0415_20:56:17 18 98.7925 99.5975
2024_0415_20:56:46 18 -0.506 1.5055
2024_0415_20:57:43 18 99.4995 98.8765
2024_0415_20:57:59 18 99.476 98.514
2024_0415_20:58:08 18 13.5565 16.3335
2024_0415_20:58:18 18 98.954 99.12
2024_0415_20:58:22 18 99.477 97.9235
2024_0415_20:58:29 18 -0.057 -0.106
2024_0415_20:58:32 19 66.016 99.082
2024_0415_20:58:41 19 42.0085 2.9965
2024_0415_20:58:47 18 2.7035 0.117
2024_0415_20:58:59 19 60.0965 69.9125
2024_0415_20:59:01 19 16.6835 -16.673
2024_0415_20:59:15 19 -49.9995 49.9985
2024_0415_20:59:50 19 -0.983 1.102
2024_0415_21:00:53 19 49.9995 49.9995
2024_0415_21:02:01 19 16.756 -16.816
2024_0415_21:03:10 19 -0.603 0.9355
2024_0415_21:03:51 19 -23.9605 24.612
2024_0415_21:03:55 19 -25.0005 25.0005
2024_0415_21:04:00 19 -0.0985 0.162
2024_0415_21:04:03 19 43.694 -43.8475
2024_0415_21:04:08 19 99.3805 98.635
2024_0415_21:04:14 19 0.025 -0.373
2024_0415_21:04:15 19 92.9225 99.5495
2024_0415_21:04:25 19 0.281 0.155
2024_0415_21:04:51 20 0.001 -0.0375
2024_0415_21:05:06 20 -8.425 8.1445
2024_0415_21:05:37 20 98.671 99.5465
2024_0415_21:05:58 20 97.1855 98.1115
2024_0415_21:06:39 20 12.47 12.394
2024_0415_21:08:13 20 96.339 99.5245
2024_0415_21:09:50 20 98.994 99.472
2024_0415_21:09:50 20 0.3325 -0.1925
2024_0415_21:09:56 20 99.4095 99.5295
2024_0415_21:10:03 20 12.46 -12.953
2024_0415_21:10:04 20 -0.613 -0.594
2024_0415_21:10:07 20 -0.05 0.2545
2024_0415_21:10:09 20 48.3175 -0.284
2024_0415_21:10:34 20 0.0905 0.519
2024_0415_21:11:01 20 -0.0725 0.073
2024_0415_21:11:16 20 0.2355 0.375
2024_0415_21:11:38 9 99.4335 94.623
2024_0415_21:11:49 20 49.3775 99.559
2024_0415_21:12:07 14 99.5135 96.876
2024_0415_21:12:23 14 93.969 99.3565
2024_0415_21:12:33 14 0.0845 0.093
2024_0415_21:14:16 14 17.772 18.0905
2024_0415_21:15:26 15 99.435 98.6085
2024_0415_21:15:27 15 -0.073 0.346
2024_0415_21:15:40 15 18.4275 14.807
2024_0415_21:15:44 18 98.157 88.1825
2024_0415_21:15:49 16 99.438 96.9765
2024_0415_21:16:09 19 0.145 -0.2585
2024_0415_21:17:01 20 99.478 98.4465
2024_0415_21:20:01 20 4.0785 27.7175
2024_0415_21:20:27 20 99.418 99.5465
2024_0415_21:26:07 1 98.486 99.5385
2024_0415_21:26:10 2 98.7625 99.53
2024_0415_21:26:12 1 97.373 99.4845
2024_0415_21:26:12 2 97.722 99.478
2024_0415_21:26:12 2 98.6445 99.5355
2024_0415_21:26:12 2 97.527 99.5005
2024_0415_21:26:13 2 98.7665 99.524
2024_0415_21:26:14 2 98.692 99.496
2024_0415_21:26:14 1 97.952 99.517
2024_0415_21:26:15 1 98.6805 99.489
2024_0415_21:26:35 1 89.857 99.509
2024_0415_21:26:35 1 98.871 99.5155
2024_0415_21:26:36 1 96.174 99.4655
2024_0415_21:26:36 2 96.3805 99.373
2024_0415_21:26:36 2 87.095 99.5215
2024_0415_21:26:46 2 98.6615 99.4465
2024_0415_21:31:45 2 81.165 99.5035
2024_0415_21:31:53 2 99.463 99.4735
2024_0415_21:31:54 2 96.453 99.524
2024_0415_21:31:54 2 99.386 99.483
2024_0415_21:31:55 2 99.3625 99.464
2024_0415_21:31:55 2 99.383 99.5095
2024_0415_21:31:55 2 99.349 99.487
2024_0415_21:31:58 2 99.4435 99.4865
2024_0415_21:31:58 3 99.3845 99.467
2024_0415_21:32:00 3 98.1995 99.5225
2024_0415_21:32:37 3 99.4205 99.477
2024_0415_21:32:41 3 99.4445 99.5145
2024_0415_21:32:41 3 99.397 99.4645
2024_0415_21:32:41 4 99.426 99.455
2024_0415_21:32:47 4 98.896 99.3595
2024_0415_21:32:52 4 98.6255 99.3575
2024_0415_21:37:30 5 99.1995 96.652
2024_0415_21:37:37 6 94.2925 96.113
2024_0415_21:37:39 5 98.3425 99.1395
2024_0415_21:37:40 6 96.146 96.513
2024_0415_21:37:41 5 98.2125 96.529
2024_0415_21:37:41 6 98.861 97.914
2024_0415_21:37:43 7 98.054 98.9625
2024_0415_21:37:44 7 97.261 86.352
2024_0415_21:37:44 7 98.476 98.5915
2024_0415_21:37:47 7 88.4545 89.3805
2024_0415_21:38:37 8 91.0185 99.475
2024_0415_21:38:43 8 97.96 99.522
2024_0415_21:38:43 8 99.1785 99.442
2024_0415_21:38:44 8 97.468 99.4385
2024_0415_21:38:54 9 99.58 97.9055
2024_0415_21:38:59 9 99.5995 98.709
2024_0415_21:43:22 11 0.136 -0.1625
2024_0415_21:43:23 9 99.604 98.6475
2024_0415_21:43:24 11 -0.144 0.0045
2024_0415_21:43:26 10 99.578 96.181
2024_0415_21:43:26 11 99.5405 99.4205
2024_0415_21:43:26 11 99.508 97.8025
2024_0415_21:43:28 11 -0.0905 0.284
2024_0415_21:43:30 11 -10.134 63.705
2024_0415_21:43:33 11 99.421 97.642
2024_0415_21:44:35 11 -0.1265 0.416
2024_0415_21:44:42 11 0.032 -0.3345
2024_0415_21:44:44 11 0.1195 0.4825
2024_0415_21:44:45 11 95.1625 99.4965
2024_0415_21:45:00 11 99.398 98.57
2024_0415_21:45:04 11 -99.999 49.9965
2024_0415_21:46:25 11 99.486 99.5135
2024_0415_21:49:05 11 -0.0815 -0.286
2024_0415_21:49:05 11 99.467 98.3115
2024_0415_21:49:09 11 0.056 -0.067
2024_0415_21:49:09 11 -99.999 99.999
2024_0415_21:49:09 11 0.0645 -0.145
2024_0415_21:49:13 11 99.471 99.4995
2024_0415_21:49:13 11 -0.104 0.3425
2024_0415_21:49:17 11 0.0635 -0.056
2024_0415_21:49:18 11 -99.999 99.999
2024_0415_21:50:41 11 99.5055 99.413
2024_0415_21:50:44 11 0.0145 -0.3085
2024_0415_21:50:48 11 99.318 99.4975
2024_0415_21:50:50 11 98.716 83.0275
2024_0415_21:51:05 11 99.4515 89.443
2024_0415_21:51:08 11 -0.101 0.0235
2024_0415_21:52:08 11 0.0305 -0.2355
2024_0415_21:54:44 11 0.077 -0.0585
2024_0415_21:54:51 11 0.066 -0.0395
2024_0415_21:54:51 11 -0.0255 -0.3235
2024_0415_21:54:52 11 0.132 0.358
2024_0415_21:54:53 11 99.4815 99.4455
2024_0415_21:54:55 11 0.3015 0.006
2024_0415_21:54:56 11 -0.1065 -0.146
2024_0415_21:54:58 11 97.934 99.4755
2024_0415_21:54:59 11 0.2165 0.175
2024_0415_21:56:40 11 97.466 99.475
2024_0415_21:56:50 11 93.648 99.5255
2024_0415_21:56:50 11 99.506 98.231
2024_0415_21:56:52 11 0.088 0.358
2024_0415_21:57:10 11 97.5185 99.4565
2024_0415_21:57:20 11 48.3055 47.1535
2024_0415_21:57:48 11 0.0665 -0.2705
2024_0415_22:00:22 11 0.0505 -0.0725
2024_0415_22:00:32 11 -0.035 -0.1875
2024_0415_22:00:33 11 0.1715 0.172
2024_0415_22:00:36 11 0.157 0.191
2024_0415_22:00:36 11 -0.038 0.072
2024_0415_22:00:37 11 -49.975 99.999
2024_0415_22:00:40 11 0.4765 0.2215
2024_0415_22:00:41 11 99.4885 99.4345
2024_0415_22:00:41 11 0.249 0.0705
2024_0415_22:02:46 11 0.355 -0.2655
2024_0415_22:02:59 11 0.1095 -0.133
2024_0415_22:03:02 11 -49.9745 99.998
2024_0415_22:03:06 11 0.2405 0.2325
2024_0415_22:03:20 11 0.436 0.0565
2024_0415_22:03:32 11 15.7975 58.2635
2024_0415_22:03:36 11 0.126 0.08
2024_0415_22:06:19 11 97.995 98.139
2024_0415_22:06:24 11 0.122 -0.355
2024_0415_22:06:25 11 -0.334 0.1
2024_0415_22:06:28 11 0.0035 0.1315
2024_0415_22:06:29 11 88.435 96.439
2024_0415_22:06:30 11 0.1045 0.236
2024_0415_22:06:35 11 97.8735 99.5205
2024_0415_22:06:35 11 96.334 94.599
2024_0415_22:06:38 11 44.87 -0.047
2024_0415_22:09:03 11 99.1165 97.998
2024_0415_22:09:18 11 0.0455 -0.111
2024_0415_22:09:20 11 -100.0 49.998
2024_0415_22:09:24 11 99.3095 98.057
2024_0415_22:09:30 11 99.2435 98.331
2024_0415_22:09:37 11 0.014 -0.239
2024_0415_22:09:51 11 99.999 -99.999
2024_0415_22:12:12 11 0.0625 -0.3595
2024_0415_22:12:15 11 -0.0555 0.4315
2024_0415_22:12:17 11 0.18 0.1745
2024_0415_22:12:22 11 0.002 0.2045
2024_0415_22:12:24 11 99.501 98.616
2024_0415_22:12:28 11 8.9935 17.431
2024_0415_22:12:28 11 -0.343 0.1
2024_0415_22:12:31 11 0.045 0.303
2024_0415_22:12:35 11 49.9995 99.999
2024_0415_22:15:18 11 -0.1885 -0.697
2024_0415_22:15:23 11 0.32 -0.392
2024_0415_22:15:35 11 0.122 -0.017
2024_0415_22:15:35 11 98.579 99.493
2024_0415_22:15:38 11 -0.1475 -0.015
2024_0415_22:15:54 11 -0.204 -0.14
2024_0415_22:16:18 11 98.0375 98.974
2024_0415_22:18:10 11 0.105 0.0715
2024_0415_22:18:13 11 97.0135 97.705
2024_0415_22:18:13 11 0.201 0.178
2024_0415_22:18:17 11 -0.3675 0.154
2024_0415_22:18:20 11 99.5055 98.467
2024_0415_22:18:20 11 98.382 98.327
2024_0415_22:18:22 11 98.826 99.0245
2024_0415_22:18:27 11 98.9975 98.5665
2024_0415_22:18:27 11 -0.1465 -0.269
2024_0415_22:21:18 11 99.475 90.417
2024_0415_22:21:35 11 94.284 98.43
2024_0415_22:21:50 11 0.1285 -0.143
2024_0415_22:21:51 11 0.0245 0.1085
2024_0415_22:21:53 11 0.0785 -0.185
2024_0415_22:22:15 11 98.925 92.5465
2024_0415_22:22:34 11 -0.077 0.2175
2024_0415_22:24:06 11 98.0535 97.9445
2024_0415_22:24:07 11 99.4655 90.28
2024_0415_22:24:07 11 99.508 99.4345
2024_0415_22:24:10 11 -0.054 -0.1585
2024_0415_22:24:12 11 97.115 99.534
2024_0415_22:24:13 11 -0.052 0.5215
2024_0415_22:24:16 11 0.387 -0.175
2024_0415_22:24:18 11 9.153 9.559
2024_0415_22:24:20 11 -0.0685 -0.226
2024_0415_22:27:19 11 -0.3905 0.234
2024_0415_22:27:54 11 49.9995 49.9995
2024_0415_22:28:05 11 0.2245 -0.3985
2024_0415_22:28:12 11 49.999 50.0
2024_0415_22:28:12 11 98.8565 93.62
2024_0415_22:28:30 11 -0.1935 -0.108
2024_0415_22:28:50 11 -0.312 0.0885
2024_0415_22:29:58 11 0.028 0.005
2024_0415_22:30:00 11 0.076 0.2835
2024_0415_22:30:01 11 98.8805 99.481
2024_0415_22:30:04 12 0.104 -0.199
2024_0415_22:30:09 12 97.6225 99.481
2024_0415_22:30:10 11 0.582 0.298
2024_0415_22:30:11 12 99.999 99.999
2024_0415_22:30:14 12 99.999 99.999
2024_0415_22:30:14 12 99.999 99.999
2024_0415_22:33:25 12 98.921 97.115
2024_0415_22:34:11 12 99.498 99.4535
2024_0415_22:34:21 12 3.1005 1.777
2024_0415_22:34:29 12 99.441 98.6355
2024_0415_22:34:32 12 0.2285 -0.0205
2024_0415_22:34:46 12 -0.0745 43.499
2024_0415_22:35:04 12 53.361 74.292
2024_0415_22:35:52 12 100.0 49.9995
2024_0415_22:35:54 12 54.823 17.0195
2024_0415_22:35:54 12 0.0765 -0.246
2024_0415_22:36:02 12 99.028 99.396
2024_0415_22:36:03 12 98.755 86.625
2024_0415_22:36:04 12 0.0715 -0.0135
2024_0415_22:36:04 12 91.605 97.694
2024_0415_22:36:08 12 -0.313 -0.2325
2024_0415_22:36:10 12 97.8875 99.198
2024_0415_22:39:22 12 -0.0775 0.22
2024_0415_22:40:27 12 94.1415 90.951
2024_0415_22:40:38 12 8.8585 1.1735
2024_0415_22:40:45 12 -0.222 -0.4385
2024_0415_22:40:50 12 98.6135 98.0695
2024_0415_22:41:07 12 98.495 99.2515
2024_0415_22:41:25 12 98.457 99.602
2024_0415_22:41:45 12 -0.103 -0.0835
2024_0415_22:41:47 12 0.252 -0.219
2024_0415_22:41:48 12 -0.186 0.117
2024_0415_22:41:56 12 44.051 64.707
2024_0415_22:41:56 12 0.373 0.474
2024_0415_22:41:56 12 97.5705 99.5335
2024_0415_22:41:57 12 -0.114 -0.2045
2024_0415_22:42:03 12 0.4105 -0.819
2024_0415_22:42:06 12 90.3975 99.884
2024_0415_22:45:14 12 0.1545 -0.2675
2024_0415_22:46:46 12 79.558 79.527
2024_0415_22:46:53 12 0.0335 -0.057
2024_0415_22:47:01 12 -0.403 0.1595
2024_0415_22:47:09 12 99.226 99.468
2024_0415_22:47:25 12 99.39 99.457
2024_0415_22:47:39 12 0.199 -0.018
2024_0415_22:47:40 12 98.162 98.4805
2024_0415_22:47:45 12 99.568 99.4765
2024_0415_22:47:47 12 98.1355 99.291
2024_0415_22:47:51 12 96.9495 51.83
2024_0415_22:47:52 12 98.9955 97.161
2024_0415_22:47:52 12 99.463 99.505
2024_0415_22:47:53 12 70.1 79.29
2024_0415_22:47:54 12 0.1905 -0.1305
2024_0415_22:48:04 12 -0.0805 71.8815
2024_0415_22:51:09 12 47.073 46.03
2024_0415_22:53:00 12 0.0755 -0.108
2024_0415_22:53:11 12 99.539 99.437
2024_0415_22:53:17 12 -0.205 0.125
2024_0415_22:53:30 12 97.8145 99.4635
2024_0415_22:53:32 12 -0.1195 -0.252
2024_0415_22:53:36 12 99.42 92.131
2024_0415_22:53:41 12 0.1215 -0.2715
2024_0415_22:53:41 12 -0.2845 -0.277
2024_0415_22:53:44 12 -0.01 0.289
2024_0415_22:53:44 12 0.5215 -0.5765
2024_0415_22:53:44 12 99.54 96.227
2024_0415_22:53:49 12 24.8215 19.276
2024_0415_22:53:49 12 97.8685 98.4795
2024_0415_22:54:00 12 0.211 2.0585
2024_0415_22:54:06 12 99.452 99.516
2024_0415_22:57:06 12 97.686 99.5515
2024_0415_22:59:16 12 0.251 1.4665
2024_0415_22:59:29 12 99.464 81.0445
2024_0415_22:59:31 12 99.4775 90.6045
2024_0415_22:59:31 12 98.962 99.4455
2024_0415_22:59:34 12 0.0895 -0.1145
2024_0415_22:59:36 12 98.8875 99.5035
2024_0415_22:59:38 12 0.1135 0.0825
2024_0415_22:59:38 12 91.9325 98.112
2024_0415_22:59:41 12 -99.998 99.998
2024_0415_22:59:43 12 98.6485 99.493
2024_0415_22:59:44 12 0.0665 -0.0345
2024_0415_22:59:47 12 0.0325 0.2155
2024_0415_22:59:56 12 99.241 97.5255
2024_0415_23:00:01 12 -0.1655 0.0035
2024_0415_23:00:29 12 -0.0795 -0.277
2024_0415_23:03:00 12 99.9995 -99.9995
2024_0415_23:05:24 12 99.529 99.438
2024_0415_23:05:28 12 99.992 49.999
2024_0415_23:05:32 12 90.3145 91.543
2024_0415_23:05:34 12 96.8495 98.752
2024_0415_23:05:35 12 97.592 99.4905
2024_0415_23:05:35 12 99.4935 94.236
2024_0415_23:05:38 12 99.089 95.109
2024_0415_23:05:38 12 99.3315 97.6625
2024_0415_23:05:48 12 -46.566 48.159
2024_0415_23:05:49 12 98.3315 99.2315
2024_0415_23:05:56 12 93.931 99.468
2024_0415_23:06:05 12 -56.0185 59.942
2024_0415_23:06:09 12 50.0395 49.3335
2024_0415_23:06:19 12 35.121 -34.999
2024_0415_23:06:47 12 99.401 98.7915
2024_0415_23:08:54 12 98.113 99.031
2024_0415_23:11:20 12 0.322 -0.438
2024_0415_23:11:20 12 74.4365 90.9065
2024_0415_23:11:24 12 -0.237 -0.0525
2024_0415_23:11:30 12 -0.2385 -0.3275
2024_0415_23:11:32 12 98.5245 99.408
2024_0415_23:11:33 12 -20.1445 50.011
2024_0415_23:11:33 12 43.5145 -8.853
2024_0415_23:11:43 12 98.743 97.91
2024_0415_23:11:50 12 50.0 -50.0
2024_0415_23:12:05 12 -0.13 -0.1095
2024_0415_23:12:07 12 -0.2325 0.006
2024_0415_23:12:12 12 0.255 0.0365
2024_0415_23:12:21 12 -0.632 0.031
2024_0415_23:12:37 13 48.716 2.5065
2024_0415_23:13:10 13 99.51 99.326
2024_0415_23:14:48 13 10.3295 -10.4235
2024_0415_23:17:16 13 -0.035 0.5575
2024_0415_23:17:16 13 -0.1615 -0.357
2024_0415_23:17:16 13 -0.202 -0.5375
2024_0415_23:17:25 13 -0.348 0.121
2024_0415_23:17:26 13 10.079 -9.611
2024_0415_23:17:27 13 -6.425 33.35
2024_0415_23:17:29 13 86.639 98.1145
2024_0415_23:17:39 13 97.7565 21.7545
2024_0415_23:18:06 13 99.5465 93.205
2024_0415_23:18:08 13 98.277 98.359
2024_0415_23:18:24 13 98.238 91.1955
2024_0415_23:18:30 13 18.824 17.594
2024_0415_23:18:39 13 -0.0675 -0.1125
2024_0415_23:18:52 13 -0.324 -0.0345
2024_0415_23:19:26 13 -49.9115 49.906
2024_0415_23:20:45 13 46.8305 45.48
2024_0415_23:23:10 13 -0.21 0.46
2024_0415_23:23:13 13 46.691 46.374
2024_0415_23:23:13 13 21.1155 67.97
2024_0415_23:23:20 13 -11.787 11.6755
2024_0415_23:23:21 13 -0.0745 -0.018
2024_0415_23:23:23 13 0.417 5.7375
2024_0415_23:23:41 13 99.3605 98.3145
2024_0415_23:23:44 13 -0.0455 0.4215
2024_0415_23:24:02 13 -0.417 -0.612
2024_0415_23:24:33 13 0.116 -0.2475
2024_0415_23:24:41 13 -99.999 -49.9995
2024_0415_23:24:47 13 46.482 46.1825
2024_0415_23:24:57 13 0.2805 -0.0685
2024_0415_23:25:13 13 0.191 -0.0425
2024_0415_23:25:41 13 3.5575 2.284
2024_0415_23:26:44 13 77.6835 75.719
2024_0415_23:29:05 13 0.6525 0.1475
2024_0415_23:29:06 13 0.2565 0.1895
2024_0415_23:29:06 13 -1.754 99.229
2024_0415_23:29:19 13 17.2085 18.207
2024_0415_23:29:20 13 99.423 99.4385
2024_0415_23:29:25 13 0.1165 0.151
2024_0415_23:29:38 13 -0.1445 -0.1785
2024_0415_23:29:41 13 0.2495 0.072
2024_0415_23:30:00 13 98.4975 99.6185
2024_0415_23:30:48 13 98.276 98.7085
2024_0415_23:30:58 13 99.4995 98.87
2024_0415_23:31:02 13 -99.997 49.9985
2024_0415_23:31:14 13 99.3935 96.3305
2024_0415_23:31:29 13 45.725 -0.2685
2024_0415_23:32:03 13 0.023 0.134
2024_0415_23:32:39 13 -0.154 47.0235
2024_0415_23:34:56 13 -0.188 -0.164
2024_0415_23:34:59 13 0.0755 0.108
2024_0415_23:35:04 13 74.3695 73.2945
2024_0415_23:35:12 13 -0.069 0.504
2024_0415_23:35:12 13 -8.322 8.343
2024_0415_23:35:24 13 99.415 98.736
2024_0415_23:35:29 13 -0.402 1.446
2024_0415_23:35:36 13 48.646 44.4035
2024_0415_23:35:52 13 -49.999 99.999
2024_0415_23:37:02 13 0.881 -1.0845
2024_0415_23:37:14 13 99.463 99.483
2024_0415_23:37:24 13 47.706 -46.82
2024_0415_23:37:34 13 99.5265 98.7995
2024_0415_23:37:43 13 -0.2085 0.272
2024_0415_23:38:18 13 0.353 0.153
2024_0415_23:38:36 13 99.999 49.999
2024_0415_23:40:49 13 -5.3595 48.7305
2024_0415_23:40:52 13 -0.1965 0.1
2024_0415_23:40:58 13 -9.669 9.588
2024_0415_23:41:06 13 0.7545 14.8545
2024_0415_23:41:07 13 -0.0025 -0.0285
2024_0415_23:41:21 13 0.1285 0.2145
2024_0415_23:41:21 13 99.0465 98.7765
2024_0415_23:41:31 13 -0.057 -0.239
2024_0415_23:41:46 13 -10.337 10.2175
2024_0415_23:43:15 13 -0.2765 0.3225
2024_0415_23:43:31 13 99.387 95.5235
2024_0415_23:43:41 13 -99.997 49.998
2024_0415_23:43:50 13 43.027 41.695
2024_0415_23:44:00 13 99.421 99.041
2024_0415_23:44:34 13 95.642 99.4425
2024_0415_23:44:36 13 98.1835 98.5345
2024_0415_23:46:50 13 0.509 -0.1245
2024_0415_23:46:53 13 0.772 3.672
2024_0415_23:47:02 13 99.3445 98.486
2024_0415_23:47:03 13 0.1075 0.12
2024_0415_23:47:07 13 -4.4035 44.931
2024_0415_23:47:18 13 -0.5355 1.4265
2024_0415_23:47:21 13 -4.287 26.397
2024_0415_23:47:27 13 96.8275 99.4065
2024_0415_23:47:44 13 -0.0805 -0.382
2024_0415_23:49:30 13 99.475 85.935
2024_0415_23:49:44 13 -0.138 -0.413
2024_0415_23:49:54 13 -0.0105 -0.082
2024_0415_23:50:01 13 99.999 49.9995
2024_0415_23:50:04 13 1.1545 -0.095
2024_0415_23:50:26 13 0.5325 0.863
2024_0415_23:50:48 13 -0.239 0.0525
2024_0415_23:52:38 13 98.686 98.9225
2024_0415_23:52:38 13 0.0445 -0.421
2024_0415_23:53:03 13 -0.229 0.519
2024_0415_23:53:08 13 96.8035 92.212
2024_0415_23:53:09 13 0.0595 -0.433
2024_0415_23:53:30 13 60.6595 99.3515
2024_0415_23:55:44 13 21.131 22.383
2024_0415_23:55:46 13 98.4815 48.687
2024_0415_23:55:57 13 99.011 99.444
2024_0415_23:56:05 13 -0.4175 47.8575
2024_0415_23:56:11 13 17.515 17.8735
2024_0415_23:56:21 13 49.4455 49.5645
2024_0415_23:56:46 13 97.5985 99.341
2024_0415_23:56:49 13 -0.0315 0.7795
2024_0415_23:56:50 13 0.116 0.379
2024_0415_23:58:26 13 99.4965 99.477
2024_0415_23:58:28 13 99.569 87.934
2024_0415_23:58:55 13 -0.084 0.408
2024_0415_23:59:09 13 9.914 14.1635
2024_0415_23:59:11 13 86.951 99.437
2024_0416_00:00:17 13 46.151 46.671
2024_0416_00:01:23 13 0.119 -0.1545
2024_0416_00:01:43 13 -0.179 -0.1285
2024_0416_00:01:49 13 0.2625 -0.1005
2024_0416_00:01:51 13 0.1245 0.431
2024_0416_00:02:02 13 99.628 98.4375
2024_0416_00:02:04 13 99.117 98.7025
2024_0416_00:02:27 13 0.2495 -0.0925
2024_0416_00:02:30 13 -0.049 0.1865
2024_0416_00:02:39 13 -0.207 0.291
2024_0416_00:02:44 13 0.158 -0.1175
2024_0416_00:04:04 13 0.0695 -0.2475
2024_0416_00:04:08 13 0.272 0.0405
2024_0416_00:04:37 13 0.126 0.391
2024_0416_00:04:58 13 99.5005 99.41
2024_0416_00:05:11 13 -0.0745 0.0315
2024_0416_00:06:16 13 0.1445 -0.118
2024_0416_00:07:11 13 -4.1405 41.9515
2024_0416_00:07:36 13 0.1435 0.1525
2024_0416_00:07:42 13 -0.1655 0.064
2024_0416_00:07:53 13 -0.1395 0.064
2024_0416_00:07:53 13 98.6535 93.2655
2024_0416_00:08:12 13 98.6305 98.7585
2024_0416_00:08:16 13 0.638 2.104
2024_0416_00:08:17 13 99.374 94.992
2024_0416_00:08:28 13 0.2555 -0.081
2024_0416_00:08:45 13 52.578 -52.656
2024_0416_00:09:55 13 99.4675 99.432
2024_0416_00:09:59 13 98.4605 79.1205
2024_0416_00:10:26 13 0.1875 29.944
2024_0416_00:10:48 13 99.4185 47.6945
2024_0416_00:11:10 13 0.0295 -0.244
2024_0416_00:12:14 13 0.299 -0.014
2024_0416_00:13:01 13 98.7955 97.605
2024_0416_00:13:27 13 98.969 99.442
2024_0416_00:13:40 13 -33.256 33.3355
2024_0416_00:13:41 13 -0.8375 10.0045
2024_0416_00:13:55 13 99.523 99.595
2024_0416_00:14:04 13 -0.4945 48.7325
2024_0416_00:14:07 13 -0.008 1.4555
2024_0416_00:14:13 13 0.013 0.263
2024_0416_00:14:16 13 45.1695 46.251
2024_0416_00:14:48 13 99.4735 99.5095
2024_0416_00:15:46 13 59.886 79.7065
2024_0416_00:15:47 13 13.73 6.7335
2024_0416_00:16:17 13 97.787 99.642
2024_0416_00:16:38 13 18.917 19.539
2024_0416_00:17:10 13 -0.1305 -0.258
2024_0416_00:18:23 13 99.4685 99.4595
2024_0416_00:18:49 13 0.0545 0.357
2024_0416_00:19:15 13 0.184 0.1595
2024_0416_00:19:40 13 9.196 25.355
2024_0416_00:19:49 13 14.184 13.807
2024_0416_00:19:52 13 73.4325 92.1245
2024_0416_00:19:55 13 20.2015 -20.2215
2024_0416_00:19:57 13 98.351 97.6615
2024_0416_00:20:02 14 45.4585 47.0525
2024_0416_00:20:15 14 -0.1225 0.1275
2024_0416_00:20:52 14 99.3945 99.546
2024_0416_00:21:35 14 0.0205 -0.1085
2024_0416_00:21:39 14 89.9785 98.1275
2024_0416_00:22:06 14 -0.222 -0.3325
2024_0416_00:22:32 14 0.113 -0.0105
2024_0416_00:23:10 14 -8.555 50.262
2024_0416_00:24:24 14 49.999 99.998
2024_0416_00:24:43 14 96.138 99.497
2024_0416_00:25:03 14 0.046 0.525
2024_0416_00:25:37 14 -0.5095 -0.001
2024_0416_00:25:41 14 98.548 99.4465
2024_0416_00:25:45 14 0.028 0.111
2024_0416_00:25:52 14 16.4785 17.0345
2024_0416_00:26:04 14 0.1975 0.0335
2024_0416_00:26:13 14 0.233 0.146
2024_0416_00:26:51 14 -0.2085 -0.066
2024_0416_00:27:15 14 96.331 97.2
2024_0416_00:27:21 14 77.6185 73.1055
2024_0416_00:27:31 14 70.223 51.7565
2024_0416_00:27:56 14 31.3785 49.3385
2024_0416_00:28:27 14 99.534 98.9045
2024_0416_00:29:09 14 1.9575 -0.8015
2024_0416_00:30:20 14 -0.399 0.205
2024_0416_00:30:32 14 0.0015 0.1885
2024_0416_00:31:01 14 0.301 0.7075
2024_0416_00:31:30 14 -49.996 -99.993
2024_0416_00:31:31 14 99.0595 92.591
2024_0416_00:31:41 14 56.75 9.603
2024_0416_00:31:43 14 0.3525 1.3855
2024_0416_00:32:01 14 99.5095 99.484
2024_0416_00:32:12 14 -0.4825 49.0935
2024_0416_00:32:48 14 -0.04 0.1945
2024_0416_00:33:11 14 0.2155 0.079
2024_0416_00:33:14 14 66.2535 89.068
2024_0416_00:33:46 14 0.0485 -0.003
2024_0416_00:34:15 14 8.324 -7.8325
2024_0416_00:35:07 14 -0.1585 -0.1385
2024_0416_00:36:17 14 99.4855 46.682
2024_0416_00:36:28 14 99.2215 97.8385
2024_0416_00:36:51 14 0.0785 0.053
2024_0416_00:37:02 14 12.71 13.1515
2024_0416_00:37:20 14 9.847 -9.4675
2024_0416_00:37:21 14 0.043 -0.225
2024_0416_00:37:33 14 -0.0515 -0.214
2024_0416_00:37:36 14 94.2645 99.4945
2024_0416_00:37:59 14 -22.0075 71.844
2024_0416_00:38:07 14 -0.2265 0.0745
2024_0416_00:38:41 14 -49.9995 99.998
2024_0416_00:39:10 14 99.474 99.518
2024_0416_00:39:12 14 99.4785 99.4675
2024_0416_00:39:34 14 -16.521 16.6725
2024_0416_00:40:03 14 -0.3185 -0.277
2024_0416_00:41:07 14 92.386 99.5435
2024_0416_00:42:11 14 -9.851 10.136
2024_0416_00:42:15 14 94.905 99.3665
2024_0416_00:42:41 14 99.3655 99.353
2024_0416_00:42:53 14 -9.973 10.0555
2024_0416_00:43:06 14 99.5495 33.8695
2024_0416_00:43:16 14 99.5975 97.6195
2024_0416_00:43:24 14 42.245 42.7285
2024_0416_00:43:26 14 99.3695 99.3895
2024_0416_00:43:58 14 99.373 94.6325
2024_0416_00:44:12 14 0.842 -0.388
2024_0416_00:44:55 14 99.005 97.8995
2024_0416_00:45:03 14 0.1875 0.3235
2024_0416_00:45:10 14 -0.4875 -0.0665
2024_0416_00:45:26 14 19.2135 18.829
2024_0416_00:45:58 14 99.466 98.8275
2024_0416_00:47:08 14 0.065 -0.0715
2024_0416_00:48:10 14 0.1995 -0.0345
2024_0416_00:48:13 14 83.4505 99.4895
2024_0416_00:48:45 14 -0.1765 -0.012
2024_0416_00:48:48 14 2.179 2.2755
2024_0416_00:48:58 14 0.765 34.101
2024_0416_00:49:13 14 59.8285 63.7935
2024_0416_00:49:17 14 -3.479 3.4525
2024_0416_00:49:22 14 8.8735 9.706
2024_0416_00:50:02 14 96.8635 77.9475
2024_0416_00:50:16 14 99.5805 99.6345
2024_0416_00:50:55 14 0.1 0.1305
2024_0416_00:50:57 14 -19.945 19.993
2024_0416_00:51:14 14 -0.2795 0.5305
2024_0416_00:51:25 14 99.536 98.807
2024_0416_00:51:56 14 99.411 99.419
2024_0416_00:53:06 14 -0.1325 -0.0955
2024_0416_00:54:05 14 0.2315 0.0435
2024_0416_00:54:11 14 -49.9995 99.999
2024_0416_00:54:39 14 0.1585 -0.239
2024_0416_00:54:42 14 0.157 -0.165
2024_0416_00:54:55 14 85.732 99.229
2024_0416_00:55:11 14 -0.127 0.321
2024_0416_00:55:15 14 12.231 24.892
2024_0416_00:56:09 14 99.6095 99.615
2024_0416_00:56:20 14 99.1895 98.4735
2024_0416_00:56:52 14 0.066 -0.1695
2024_0416_00:56:56 14 0.1025 0.212
2024_0416_00:57:16 14 1.059 0.1345
2024_0416_00:57:23 14 10.553 48.13
2024_0416_00:57:54 14 43.5615 99.402
2024_0416_00:58:30 14 99.4645 89.643
2024_0416_00:59:19 14 48.774 1.581
2024_0416_01:00:12 14 -46.95 47.548
2024_0416_01:00:13 14 -22.7875 23.095
2024_0416_01:00:35 14 1.233 2.7385
2024_0416_01:00:37 14 -0.0815 -0.0765
2024_0416_01:01:04 14 99.532 97.714
2024_0416_01:01:04 14 -0.5175 99.1295
2024_0416_01:01:16 14 99.142 80.0215
2024_0416_01:02:10 14 45.9715 5.8305
2024_0416_01:02:19 14 0.4275 0.222
2024_0416_01:02:48 14 -0.0285 0.7785
2024_0416_01:02:56 14 60.1125 -59.9925
2024_0416_01:03:17 14 99.5105 90.907
2024_0416_01:03:18 14 -0.1915 0.1215
2024_0416_01:03:50 14 79.005 79.4745
2024_0416_01:04:24 14 2.744 74.8
2024_0416_01:05:24 14 99.472 81.7755
2024_0416_01:06:18 14 96.226 49.471
2024_0416_01:06:31 14 0.2285 0.67
2024_0416_01:06:31 14 -0.057 -0.0385
2024_0416_01:06:58 14 -0.089 0.0365
2024_0416_01:06:59 14 99.3775 99.4875
2024_0416_01:07:12 14 97.684 98.1205
2024_0416_01:08:11 14 -0.236 0.001
2024_0416_01:08:21 14 0.112 0.215
2024_0416_01:08:23 14 8.3545 16.1135
2024_0416_01:08:42 14 0.2165 0.016
2024_0416_01:08:59 14 98.9015 99.514
2024_0416_01:09:17 14 99.2475 49.5055
2024_0416_01:09:19 14 -0.2115 24.0155
2024_0416_01:09:46 14 93.253 98.528
2024_0416_01:10:20 14 49.218 -44.4175
2024_0416_01:11:27 14 98.9325 98.048
2024_0416_01:12:22 14 99.5315 99.4975
2024_0416_01:12:24 14 97.8865 99.577
2024_0416_01:12:28 14 99.404 99.398
2024_0416_01:12:52 14 0.0765 -0.35
2024_0416_01:12:54 14 -0.8075 74.1695
2024_0416_01:13:04 14 -35.86 35.7655
2024_0416_01:14:12 14 -0.03 -0.218
2024_0416_01:14:17 14 22.4775 15.733
2024_0416_01:14:25 14 98.249 96.4055
2024_0416_01:14:37 14 -0.0945 -0.4475
2024_0416_01:15:04 14 52.3795 51.9465
2024_0416_01:15:20 14 0.0785 -0.095
2024_0416_01:15:27 14 45.758 46.213
2024_0416_01:15:43 14 99.455 99.502
2024_0416_01:16:15 14 77.1985 98.149
2024_0416_01:17:26 14 47.2445 -0.451
2024_0416_01:18:16 14 -33.328 33.328
2024_0416_01:18:19 14 98.764 99.093
2024_0416_01:18:27 14 0.0065 -0.266
2024_0416_01:18:46 14 24.758 -0.2825
2024_0416_01:18:47 14 -8.3565 8.498
2024_0416_01:18:58 14 71.624 -7.816
2024_0416_01:20:12 14 -49.9995 -99.999
2024_0416_01:20:12 14 76.895 98.005
2024_0416_01:20:24 14 -0.3745 0.206
2024_0416_01:20:53 14 3.1015 14.265
2024_0416_01:21:19 14 0.11 0.081
2024_0416_01:21:21 14 99.3325 99.154
2024_0416_01:21:42 14 99.488 98.5105
2024_0416_01:22:15 14 99.421 89.004
2024_0416_01:23:28 14 0.095 -0.014
2024_0416_01:24:11 14 96.264 99.4735
2024_0416_01:24:20 15 8.865 7.134
2024_0416_01:24:23 15 22.267 22.0995
2024_0416_01:24:45 15 99.4005 98.295
2024_0416_01:24:49 15 99.3125 99.4195
2024_0416_01:24:50 15 0.535 -0.1395
2024_0416_01:24:59 15 99.3215 79.4525
2024_0416_01:26:08 15 -0.294 0.238
2024_0416_01:26:14 15 34.164 3.4095
2024_0416_01:27:27 15 0.1045 0.062
2024_0416_01:27:40 15 -0.128 -0.098
2024_0416_01:28:08 15 10.1145 -10.347
2024_0416_01:28:27 15 89.5285 88.1925
2024_0416_01:29:28 15 -0.0095 -0.142
2024_0416_01:30:08 15 99.404 99.3305
2024_0416_01:30:17 15 -0.0025 -0.1305
2024_0416_01:30:18 15 19.826 19.778
2024_0416_01:30:24 15 99.2315 72.4945
2024_0416_01:30:35 15 46.883 -16.775
2024_0416_01:30:40 15 22.41 97.839
2024_0416_01:30:50 15 12.239 -12.669
2024_0416_01:30:50 15 35.867 -17.329
2024_0416_01:31:06 15 -12.2335 -21.083
2024_0416_01:32:05 15 99.4465 99.5005
2024_0416_01:32:20 15 99.489 98.769
2024_0416_01:33:34 15 0.2065 0.029
2024_0416_01:33:34 15 -0.189 0.0985
2024_0416_01:34:05 15 98.887 99.0045
2024_0416_01:34:33 15 99.467 96.7695
2024_0416_01:35:32 15 89.442 59.1435
2024_0416_01:36:04 15 31.071 -8.7465
2024_0416_01:36:13 15 98.5685 49.6155
2024_0416_01:36:18 15 99.637 99.2825
2024_0416_01:36:30 15 98.698 99.379
2024_0416_01:36:33 15 8.2485 -8.4685
2024_0416_01:36:39 15 -0.3215 -0.4655
2024_0416_01:36:47 15 98.477 99.358
2024_0416_01:37:01 15 -8.253 7.7535
2024_0416_01:38:02 15 12.965 -6.8855
2024_0416_01:38:19 15 0.3145 0.22
2024_0416_01:39:28 15 0.0745 0.239
2024_0416_01:39:35 15 98.921 99.3405
2024_0416_01:40:04 15 99.361 99.3455
2024_0416_01:40:34 15 99.4745 99.41
2024_0416_01:41:07 15 96.9485 99.261
2024_0416_01:41:36 15 89.3685 99.4705
2024_0416_01:41:59 15 98.8485 99.6665
2024_0416_01:42:08 15 76.2545 89.2105
2024_0416_01:42:16 15 96.874 99.5235
2024_0416_01:42:26 15 0.0825 0.022
2024_0416_01:42:34 15 95.9885 98.8535
2024_0416_01:42:42 15 1.9325 -0.3455
2024_0416_01:42:43 15 37.06 34.5415
2024_0416_01:43:02 15 -3.8415 4.2325
2024_0416_01:43:58 15 18.111 18.123
2024_0416_01:44:23 15 72.9315 56.8755
2024_0416_01:45:24 15 2.1845 -2.114
2024_0416_01:45:36 15 -0.198 -0.0485
2024_0416_01:46:02 15 98.086 49.18
2024_0416_01:46:45 15 83.133 95.695
2024_0416_01:47:10 15 1.6765 6.3065
2024_0416_01:47:45 15 48.3165 50.241
2024_0416_01:47:53 15 -0.8445 48.462
2024_0416_01:48:30 15 0.0635 0.121
2024_0416_01:48:33 15 18.702 16.969
2024_0416_01:48:36 15 -10.0425 9.93
2024_0416_01:48:43 15 98.4125 99.408
2024_0416_01:48:43 15 99.4025 97.627
2024_0416_01:48:56 15 -0.163 0.0365
2024_0416_01:49:52 15 0.098 -0.316
2024_0416_01:50:23 15 25.2755 24.776
2024_0416_01:51:22 15 -49.996 -49.9995
2024_0416_01:51:27 15 97.6775 98.049
2024_0416_01:51:36 15 0.2225 0.9115
2024_0416_01:52:01 15 96.619 99.3225
2024_0416_01:52:43 15 -99.9985 99.9975
2024_0416_01:53:43 15 0.0405 -0.8865
2024_0416_01:53:47 15 2.577 3.266
2024_0416_01:54:31 15 98.6455 97.575
2024_0416_01:54:32 15 -0.708 49.7805
2024_0416_01:54:38 15 99.2315 99.33
2024_0416_01:54:38 15 47.5455 97.8805
2024_0416_01:54:38 15 38.261 22.745
2024_0416_01:54:53 15 47.7325 48.387
2024_0416_01:55:49 15 90.077 99.1625
2024_0416_01:56:34 15 -0.032 -0.178
2024_0416_01:57:18 15 -0.1025 -0.347
2024_0416_01:57:23 15 99.1485 99.338
2024_0416_01:57:41 15 -10.1965 10.3605
2024_0416_01:58:00 15 49.995 100.0
2024_0416_01:58:07 15 91.473 98.99
2024_0416_01:58:52 15 0.4685 0.0925
2024_0416_01:59:47 15 0.0085 -0.239
2024_0416_01:59:50 15 98.729 99.26
2024_0416_02:00:35 15 -12.57 45.042
2024_0416_02:00:38 15 -0.806 0.866
2024_0416_02:00:42 15 13.116 -12.6855
2024_0416_02:00:43 15 97.558 98.879
2024_0416_02:00:48 15 0.469 -0.0625
2024_0416_02:00:53 15 0.2015 0.2685
2024_0416_02:01:50 15 99.466 99.401
2024_0416_02:02:42 15 49.675 96.481
2024_0416_02:03:18 15 0.4545 0.089
2024_0416_02:03:22 15 -0.1245 0.3285
2024_0416_02:04:02 15 0.6115 0.1145
2024_0416_02:04:26 15 78.336 76.1595
2024_0416_02:05:11 15 -18.138 10.1095
2024_0416_02:05:55 15 99.441 99.4295
2024_0416_02:06:17 15 0.1175 0.5015
2024_0416_02:06:32 15 50.0 100.0
2024_0416_02:06:39 15 56.0375 56.8475
2024_0416_02:06:48 15 49.9995 49.9995
2024_0416_02:06:48 15 -0.091 0.03
2024_0416_02:07:06 15 48.4245 48.0355
2024_0416_02:07:12 15 89.8345 84.908
2024_0416_02:07:50 15 -0.232 0.145
2024_0416_02:09:04 15 99.8545 -38.551
2024_0416_02:09:18 15 0.215 0.389
2024_0416_02:09:20 15 0.1425 0.371
2024_0416_02:09:27 15 49.628 99.5045
2024_0416_02:10:06 15 99.4675 49.6885
2024_0416_02:10:54 15 1.4935 1.773
2024_0416_02:11:43 15 96.988 99.2785
2024_0416_02:12:06 15 26.0785 45.0915
2024_0416_02:12:36 15 85.313 89.612
2024_0416_02:12:39 15 95.576 98.2775
2024_0416_02:12:45 15 0.1315 -0.1665
2024_0416_02:12:57 15 0.4255 0.6535
2024_0416_02:13:08 15 0.0025 -0.0055
2024_0416_02:13:37 15 5.746 -5.511
2024_0416_02:13:50 15 33.3795 -33.176
2024_0416_02:15:16 15 -16.6945 16.604
2024_0416_02:15:31 15 27.474 -27.1155
2024_0416_02:15:46 15 -0.148 -0.096
2024_0416_02:15:53 15 98.911 99.317
2024_0416_02:16:09 15 99.5015 99.357
2024_0416_02:16:12 15 6.596 -6.7115
2024_0416_02:17:26 15 99.5755 99.455
2024_0416_02:18:03 15 -10.053 9.8775
2024_0416_02:18:10 15 0.142 -0.179
2024_0416_02:18:41 15 99.497 49.2155
2024_0416_02:18:42 15 0.1135 0.04
2024_0416_02:18:44 15 0.046 -0.2105
2024_0416_02:18:53 15 0.413 -0.151
2024_0416_02:19:02 15 -9.595 9.656
2024_0416_02:19:46 15 43.958 97.251
2024_0416_02:20:00 15 -0.3345 0.154
2024_0416_02:21:16 15 44.757 14.159
2024_0416_02:22:01 15 99.39 96.474
2024_0416_02:22:10 15 87.191 78.4935
2024_0416_02:22:22 15 49.3615 -0.363
2024_0416_02:22:43 15 99.051 99.4185
2024_0416_02:23:59 15 -0.1915 -0.069
2024_0416_02:24:21 15 -0.218 0.3735
2024_0416_02:24:37 15 22.8635 22.8875
2024_0416_02:24:42 15 -20.7155 19.9595
2024_0416_02:24:44 15 99.455 99.4405
2024_0416_02:24:55 15 -0.096 0.329
2024_0416_02:24:55 15 13.334 13.287
2024_0416_02:25:11 15 0.307 0.161
2024_0416_02:25:34 15 -0.4475 0.785
2024_0416_02:26:02 15 96.829 99.4155
2024_0416_02:26:34 15 0.0385 0.375
2024_0416_02:27:26 15 96.7835 99.4865
2024_0416_02:28:14 15 0.03 0.3095
2024_0416_02:28:27 15 0.026 0.0445
2024_0416_02:28:54 15 9.03 -9.3495
2024_0416_02:29:13 15 97.249 99.497
2024_0416_02:30:02 15 0.088 0.0075
2024_0416_02:30:46 16 18.0695 17.849
2024_0416_02:30:50 15 49.9995 -99.999
2024_0416_02:30:59 16 22.9715 -20.0855
2024_0416_02:31:00 16 0.209 -0.057
2024_0416_02:31:00 16 -0.526 0.42
2024_0416_02:31:05 15 2.7825 -2.987
2024_0416_02:31:14 16 -9.7925 10.1
2024_0416_02:31:37 16 47.0655 -0.5225
2024_0416_02:32:07 16 93.012 99.618
2024_0416_02:32:59 16 19.836 -17.5305
2024_0416_02:33:43 16 96.0825 87.3105
2024_0416_02:34:48 16 0.092 -13.641
2024_0416_02:35:06 16 99.58 98.2575
2024_0416_02:35:14 16 20.6215 -20.8595
2024_0416_02:35:35 16 97.9155 98.8875
2024_0416_02:36:05 16 98.506 99.1685
2024_0416_02:36:54 16 49.047 49.707
2024_0416_02:36:58 16 16.7615 -16.687
2024_0416_02:37:02 16 62.6425 62.1515
2024_0416_02:37:06 16 99.163 99.171
2024_0416_02:37:11 16 -0.1555 0.5365
2024_0416_02:37:12 16 -0.3055 0.0595
2024_0416_02:37:31 16 0.067 -0.078
2024_0416_02:37:39 16 98.1735 99.5255
2024_0416_02:38:08 16 0.169 -0.133
2024_0416_02:39:24 16 47.5795 99.2055
2024_0416_02:39:55 16 98.133 99.493
2024_0416_02:41:13 16 98.5585 49.503
2024_0416_02:41:18 16 0.0405 -0.004
2024_0416_02:41:40 16 16.769 -16.821
2024_0416_02:42:04 16 16.864 -16.4755
2024_0416_02:42:10 16 98.1865 99.494
2024_0416_02:42:54 16 -31.0055 25.057
2024_0416_02:42:58 16 97.867 99.472
2024_0416_02:43:02 16 -6.7815 7.5955
2024_0416_02:43:10 16 -0.0385 0.268
2024_0416_02:43:13 16 -0.335 0.007
2024_0416_02:43:34 16 -0.065 -0.4105
2024_0416_02:43:46 16 0.0975 0.1645
2024_0416_02:44:06 16 7.205 7.2485
2024_0416_02:44:24 16 -0.0375 -0.1365
2024_0416_02:45:48 16 -0.214 -0.3205
2024_0416_02:45:52 16 99.4185 99.215
2024_0416_02:47:11 16 13.8525 13.237
2024_0416_02:47:44 16 93.926 91.789
2024_0416_02:47:58 16 77.732 78.116
2024_0416_02:48:10 16 0.0605 -0.0205
2024_0416_02:48:43 16 99.246 99.446
2024_0416_02:48:48 16 -0.524 30.4315
2024_0416_02:48:54 16 93.8935 98.5845
2024_0416_02:48:56 16 0.4205 1.559
2024_0416_02:49:04 16 -0.0335 0.345
2024_0416_02:49:08 16 92.5285 96.883
2024_0416_02:49:32 16 64.03 74.435
2024_0416_02:49:58 16 -0.188 0.1385
2024_0416_02:50:19 16 98.1495 97.4085
2024_0416_02:50:53 16 -0.033 -0.262
2024_0416_02:51:43 16 99.552 99.3605
2024_0416_02:52:28 16 -9.9065 9.9715
2024_0416_02:53:08 16 81.217 45.2285
2024_0416_02:53:52 16 97.384 99.4125
2024_0416_02:54:14 16 99.3875 98.2545
2024_0416_02:54:38 16 0.0035 0.016
2024_0416_02:54:42 16 47.1525 55.3935
2024_0416_02:54:48 16 0.0695 -0.206
2024_0416_02:54:50 16 47.974 9.4075
2024_0416_02:54:58 16 49.6515 98.3825
2024_0416_02:55:03 16 99.046 98.91
2024_0416_02:55:12 16 39.779 97.424
2024_0416_02:55:24 16 28.6615 -13.1325
2024_0416_02:55:50 16 25.0 -22.9975
2024_0416_02:56:48 16 32.7375 16.6275
2024_0416_02:57:26 16 99.5265 98.0635
2024_0416_02:58:59 16 98.977 99.559
2024_0416_02:59:06 16 47.7985 98.5375
2024_0416_02:59:48 16 49.0735 97.499
2024_0416_03:00:11 16 -0.082 -0.039
2024_0416_03:00:34 16 98.533 99.44
2024_0416_03:00:41 16 0.085 -0.169
2024_0416_03:00:49 16 97.88 99.501
2024_0416_03:00:51 16 98.7065 86.3945
2024_0416_03:01:05 16 99.1295 99.4445
2024_0416_03:01:09 16 85.119 98.6745
2024_0416_03:01:11 16 -0.3315 23.845
2024_0416_03:01:16 16 0.048 -0.2
2024_0416_03:01:39 16 -99.999 -49.999
2024_0416_03:01:48 16 9.927 -10.057
2024_0416_03:03:15 16 0.3055 0.1725
2024_0416_03:05:00 16 0.4455 0.117
2024_0416_03:05:29 16 -0.094 0.0875
2024_0416_03:06:05 16 98.08 93.7075
2024_0416_03:06:33 16 -8.4005 8.349
2024_0416_03:06:40 16 -16.5285 16.7245
2024_0416_03:06:45 16 49.9995 99.999
2024_0416_03:07:14 16 77.7715 42.306
2024_0416_03:07:21 16 0.0635 0.562
2024_0416_03:07:35 16 17.6215 17.773
2024_0416_03:07:36 16 98.697 99.387
2024_0416_03:07:41 16 98.579 97.9195
2024_0416_03:08:23 16 94.795 97.962
2024_0416_03:08:52 16 -0.028 -0.017
2024_0416_03:09:29 16 -0.3695 -0.6685
2024_0416_03:09:39 16 13.2715 6.7435
2024_0416_03:09:46 16 63.271 64.1
2024_0416_03:10:56 16 10.2655 -0.775
2024_0416_03:11:42 16 49.9995 99.999
2024_0416_03:11:58 16 0.01 -0.2035
2024_0416_03:12:27 16 12.1145 15.7005
2024_0416_03:12:41 16 69.2005 99.16
2024_0416_03:13:13 16 99.999 99.999
2024_0416_03:13:17 16 0.2245 0.602
2024_0416_03:13:31 16 -0.2755 47.5755
2024_0416_03:13:41 16 98.765 96.939
2024_0416_03:14:01 16 39.266 -39.1075
2024_0416_03:14:32 16 96.8025 97.815
2024_0416_03:14:59 16 82.5855 80.163
2024_0416_03:15:26 16 48.4335 -4.791
2024_0416_03:15:48 16 0.1665 0.379
2024_0416_03:16:51 16 0.1045 0.162
2024_0416_03:17:08 16 -9.6695 8.398
2024_0416_03:17:46 16 0.102 0.133
2024_0416_03:17:57 16 0.1495 -0.132
2024_0416_03:18:21 16 0.062 -0.046
2024_0416_03:18:28 16 0.178 -0.2975
2024_0416_03:18:41 16 99.154 99.476
2024_0416_03:19:08 16 6.932 6.402
2024_0416_03:19:16 16 0.025 -0.033
2024_0416_03:19:30 16 99.674 99.241
2024_0416_03:19:48 16 82.9185 98.731
2024_0416_03:20:41 16 79.589 70.376
2024_0416_03:21:08 16 -9.8195 10.037
2024_0416_03:21:26 16 -0.041 0.003
2024_0416_03:21:57 16 13.328 -7.1945
2024_0416_03:22:54 16 0.144 -0.2875
2024_0416_03:23:14 17 -18.161 45.2275
2024_0416_03:23:18 17 99.4575 55.8885
2024_0416_03:23:59 17 94.9095 97.109
2024_0416_03:24:01 17 99.574 98.9465
2024_0416_03:24:22 17 27.931 29.0855
2024_0416_03:24:28 17 -0.3955 0.022
2024_0416_03:24:44 17 63.6335 48.5715
2024_0416_03:25:22 17 -0.1135 0.202
2024_0416_03:25:25 17 12.125 13.8825
2024_0416_03:25:38 17 -0.01 -0.021
2024_0416_03:26:01 17 -0.0855 -0.202
2024_0416_03:26:51 17 99.3835 99.4415
2024_0416_03:27:20 17 26.4075 26.8925
2024_0416_03:27:33 17 0.029 -0.4605
2024_0416_03:28:03 17 40.054 -40.04
2024_0416_03:28:56 17 98.0795 99.521
2024_0416_03:29:19 17 5.612 -4.8475
2024_0416_03:29:21 17 -0.106 0.0985
2024_0416_03:30:02 17 99.255 96.484
2024_0416_03:30:03 17 15.3405 13.631
2024_0416_03:30:19 17 -0.8665 -0.4625
2024_0416_03:30:29 17 46.2445 47.735
2024_0416_03:30:42 17 19.013 79.3535
2024_0416_03:31:19 17 -6.391 6.4625
2024_0416_03:31:21 17 -0.396 -0.0095
2024_0416_03:31:35 17 -49.8865 50.043
2024_0416_03:32:03 17 -10.4405 62.6785
2024_0416_03:32:55 17 56.8145 -1.159
2024_0416_03:33:27 17 11.1005 14.436
2024_0416_03:33:36 17 39.926 -39.9805
2024_0416_03:34:09 17 98.0595 99.47
2024_0416_03:34:57 17 59.6615 87.6285
2024_0416_03:35:19 17 23.923 9.8445
2024_0416_03:35:26 17 6.9815 0.0765
2024_0416_03:36:07 17 82.2935 83.0035
2024_0416_03:36:10 17 97.2485 98.448
2024_0416_03:36:21 17 49.176 50.235
2024_0416_03:36:31 17 99.485 98.4555
2024_0416_03:36:47 17 -7.304 7.435
2024_0416_03:37:22 17 47.551 98.933
2024_0416_03:37:23 17 78.174 78.2945
2024_0416_03:37:54 17 98.5415 73.106
2024_0416_03:38:07 17 99.3255 97.206
2024_0416_03:38:53 17 0.1905 0.174
2024_0416_03:39:32 17 99.3565 98.16
2024_0416_03:39:33 17 -10.033 23.077
2024_0416_03:40:12 17 78.706 66.9655
2024_0416_03:41:00 17 21.9345 -0.02
2024_0416_03:41:15 17 19.6395 19.5395
2024_0416_03:41:29 17 0.079 -0.1675
2024_0416_03:42:09 17 0.3625 0.352
2024_0416_03:42:10 17 99.3695 99.548
2024_0416_03:42:17 17 -9.173 10.182
2024_0416_03:42:49 17 92.3905 99.3325
2024_0416_03:42:55 17 98.7065 99.5425
2024_0416_03:43:17 17 9.8555 -9.883
2024_0416_03:43:50 17 3.3255 -2.763
2024_0416_03:44:07 17 -0.02 -0.0895
2024_0416_03:45:00 17 76.7735 72.442
2024_0416_03:45:40 17 34.454 35.9395
2024_0416_03:45:48 17 27.438 32.45
2024_0416_03:46:21 17 -50.0005 50.0005
2024_0416_03:46:22 17 99.156 99.459
2024_0416_03:46:59 17 96.87 99.501
2024_0416_03:47:14 17 99.484 98.072
2024_0416_03:47:31 17 -0.1955 -0.133
2024_0416_03:48:05 17 22.8295 32.2485
2024_0416_03:48:14 17 0.297 0.1685
2024_0416_03:48:22 17 27.909 5.2385
2024_0416_03:48:48 17 10.417 7.246
2024_0416_03:49:15 17 82.519 92.8995
2024_0416_03:50:15 17 79.3255 63.907
2024_0416_03:51:05 17 35.4065 20.1485
2024_0416_03:51:48 17 0.0835 -0.072
2024_0416_03:51:49 17 76.289 79.4575
2024_0416_03:52:18 17 -0.2375 0.015
2024_0416_03:52:34 17 1.094 0.9665
2024_0416_03:52:56 17 -0.2385 -0.222
2024_0416_03:52:57 17 -19.947 20.094
2024_0416_03:53:07 17 99.4155 95.7035
2024_0416_03:53:38 17 0.0325 0.197
2024_0416_03:54:07 17 97.523 99.3255
2024_0416_03:54:10 17 98.684 99.516
2024_0416_03:54:24 17 16.3425 8.89
2024_0416_03:54:43 17 9.8515 -9.8825
2024_0416_03:55:12 17 -5.9835 6.211
2024_0416_03:55:21 17 -0.396 0.672
2024_0416_03:56:20 17 -8.308 8.6135
2024_0416_03:57:13 17 12.344 -12.8785
2024_0416_03:57:52 17 98.621 96.1255
2024_0416_03:57:56 17 -0.0095 -0.4035
2024_0416_03:58:16 17 -3.463 3.288
2024_0416_03:58:38 17 1.2775 13.971
2024_0416_03:58:52 17 0.51 -0.068
2024_0416_03:58:52 17 0.1585 -0.316
2024_0416_03:59:09 17 69.606 89.7145
2024_0416_03:59:36 17 99.4405 99.4385
2024_0416_04:00:06 17 -8.925 9.597
2024_0416_04:00:07 17 0.077 -0.0705
2024_0416_04:00:29 17 -0.3595 -0.215
2024_0416_04:00:39 17 -25.0505 25.21
2024_0416_04:01:16 17 97.7825 99.0905
2024_0416_04:02:20 17 0.1215 -0.175
2024_0416_04:03:12 17 -0.1085 0.0795
2024_0416_04:03:46 17 -0.132 -0.125
2024_0416_04:03:53 17 52.713 61.366
2024_0416_04:04:37 17 -10.014 9.7155
2024_0416_04:04:49 17 -0.168 -0.885
2024_0416_04:04:55 17 17.5595 52.5365
2024_0416_04:05:09 17 -0.9905 3.606
2024_0416_04:05:36 17 98.99 99.4905
2024_0416_04:05:59 17 14.2555 15.051
2024_0416_04:06:02 17 -0.275 -0.104
2024_0416_04:06:04 17 -10.21 10.876
2024_0416_04:06:27 17 -0.2695 -0.238
2024_0416_04:06:35 17 0.0725 -0.274
2024_0416_04:07:21 17 0.091 -0.1875
2024_0416_04:08:43 17 0.8255 1.672
2024_0416_04:09:09 17 99.4805 99.444
2024_0416_04:09:42 17 0.047 -0.033
2024_0416_04:09:53 17 16.4645 16.7545
2024_0416_04:10:08 17 -0.078 0.693
2024_0416_04:10:38 17 98.115 83.3155
2024_0416_04:10:44 17 0.254 -0.324
2024_0416_04:10:52 17 5.279 22.1975
2024_0416_04:11:28 17 -0.274 0.244
2024_0416_04:11:58 17 2.7095 -3.7065
2024_0416_04:11:59 17 -0.8365 3.114
2024_0416_04:12:06 17 99.3985 40.7885
2024_0416_04:12:24 17 0.118 0.0735
2024_0416_04:12:26 17 91.855 96.686
2024_0416_04:13:19 17 28.483 2.428
2024_0416_04:14:35 17 9.5685 -11.7345
2024_0416_04:15:02 17 33.7085 -33.072
2024_0416_04:15:41 17 99.413 99.538
2024_0416_04:15:45 17 95.984 90.7435
2024_0416_04:16:08 17 -0.539 26.5935
2024_0416_04:16:34 17 15.634 -4.622
2024_0416_04:16:37 17 0.0095 -0.202
2024_0416_04:16:51 17 75.4675 85.6435
2024_0416_04:17:20 17 2.2225 13.152
2024_0416_04:17:56 17 -0.111 -0.3065
2024_0416_04:18:10 17 97.792 97.175
2024_0416_04:18:17 17 -0.204 0.049
2024_0416_04:19:17 17 56.6025 51.7615
2024_0416_04:19:35 17 -0.0065 0.3135
2024_0416_04:20:02 17 60.6 88.1055
2024_0416_04:20:30 18 98.199 99.416
2024_0416_04:20:52 18 -15.275 15.2195
2024_0416_04:21:35 18 99.999 -99.999
2024_0416_04:21:43 18 -45.7885 47.6275
2024_0416_04:21:58 18 25.853 -27.8425
2024_0416_04:22:25 18 -0.3005 -0.243
2024_0416_04:22:32 18 99.469 99.4825
2024_0416_04:22:42 18 99.6805 99.4045
2024_0416_04:23:16 18 30.707 38.9515
2024_0416_04:23:39 18 17.5125 16.716
2024_0416_04:23:42 18 26.9565 -18.758
2024_0416_04:24:00 18 96.413 49.303
2024_0416_04:24:12 18 83.7735 65.7605
2024_0416_04:25:05 18 37.6395 -0.207
2024_0416_04:25:34 18 3.239 29.3335
2024_0416_04:25:49 18 0.191 -0.2235
2024_0416_04:26:23 18 -0.665 0.407
2024_0416_04:26:53 18 43.994 41.635
2024_0416_04:27:38 18 -0.8185 -0.7875
2024_0416_04:27:48 18 49.5205 49.3335
2024_0416_04:27:48 18 99.4495 94.2665
2024_0416_04:28:18 18 83.7025 92.54
2024_0416_04:28:29 18 22.6455 2.151
2024_0416_04:28:34 18 -7.7485 47.628
2024_0416_04:29:00 18 0.007 -0.6
2024_0416_04:29:28 18 79.5265 46.952
2024_0416_04:29:35 18 99.247 99.2575
2024_0416_04:29:48 18 0.785 0.2295
2024_0416_04:29:59 18 99.633 98.19
2024_0416_04:30:49 18 0.0535 0.244
2024_0416_04:31:26 18 99.4045 97.909
2024_0416_04:31:33 18 0.0645 17.5655
2024_0416_04:32:16 18 0.4475 -0.568
2024_0416_04:32:41 18 -9.8005 9.9495
2024_0416_04:33:29 18 0.0685 -0.0475
2024_0416_04:33:40 18 92.426 96.6525
2024_0416_04:33:50 18 96.43 99.369
2024_0416_04:33:59 18 0.748 0.652
2024_0416_04:34:13 18 18.3015 -9.3575
2024_0416_04:34:23 18 0.11 -0.372
2024_0416_04:35:16 18 84.5365 99.184
2024_0416_04:35:22 18 -9.654 11.645
2024_0416_04:35:28 18 -0.287 -0.0065
2024_0416_04:35:42 18 66.548 5.5915
2024_0416_04:37:09 18 98.748 98.247
2024_0416_04:37:18 18 16.369 16.6295
2024_0416_04:38:14 18 0.1365 0.312
2024_0416_04:38:26 18 36.999 49.3445
2024_0416_04:39:14 18 39.2295 41.8855
2024_0416_04:39:21 18 -0.041 0.069
2024_0416_04:39:36 18 -0.0345 -0.0765
2024_0416_04:39:44 18 99.4635 99.091
2024_0416_04:39:50 18 55.261 55.0355
2024_0416_04:39:55 18 90.951 99.557
2024_0416_04:40:07 18 -0.057 -0.1025
2024_0416_04:40:59 18 16.698 -0.928
2024_0416_04:41:08 18 -3.651 28.7145
2024_0416_04:41:10 18 -0.3145 0.017
2024_0416_04:41:23 18 50.134 43.809
2024_0416_04:41:32 18 7.467 37.8845
2024_0416_04:42:54 18 -0.1515 0.1835
2024_0416_04:43:02 18 91.13 66.1415
2024_0416_04:43:58 18 -26.562 49.342
2024_0416_04:44:10 18 -1.1865 31.149
2024_0416_04:44:57 18 39.003 30.687
2024_0416_04:45:02 18 99.9995 -99.9995
2024_0416_04:45:28 18 98.772 52.72
2024_0416_04:45:33 18 -0.2405 -0.0145
2024_0416_04:45:55 18 -36.4735 38.4805
2024_0416_04:45:55 18 98.454 99.1645
2024_0416_04:46:16 18 99.464 99.071
2024_0416_04:46:36 18 0.318 -0.3605
2024_0416_04:46:53 18 28.7235 38.799
2024_0416_04:46:54 18 88.774 29.652
2024_0416_04:47:08 18 96.3355 99.534
2024_0416_04:47:30 18 83.298 78.0875
2024_0416_04:48:43 18 62.081 76.819
2024_0416_04:48:48 18 -20.1815 20.0675
2024_0416_04:49:44 18 -12.587 12.153
2024_0416_04:49:50 18 -0.088 -0.096
2024_0416_04:50:41 18 89.597 99.584
2024_0416_04:51:00 18 49.049 99.734
2024_0416_04:51:15 18 99.463 94.8585
2024_0416_04:51:40 18 -0.235 0.0805
2024_0416_04:51:52 18 0.609 -0.169
2024_0416_04:52:17 18 91.6575 99.547
2024_0416_04:52:31 18 -12.2565 12.361
2024_0416_04:52:35 18 8.2665 16.4375
2024_0416_04:52:55 18 99.426 98.68
2024_0416_04:54:27 18 19.1605 18.109
2024_0416_04:54:37 18 0.1515 0.6605
2024_0416_04:54:52 18 0.0055 0.02
2024_0416_04:55:14 18 99.233 97.687
2024_0416_04:55:26 18 -2.633 2.321
2024_0416_04:55:34 18 3.312 9.746
2024_0416_04:56:12 18 0.0 0.001
2024_0416_04:56:14 18 98.1555 99.2325
2024_0416_04:56:39 18 99.435 98.9
2024_0416_04:56:50 18 83.0845 46.7285
2024_0416_04:57:26 18 43.9795 -0.5005
2024_0416_04:57:35 18 98.86 99.457
2024_0416_04:57:51 18 0.008 -0.015
2024_0416_04:58:09 18 -2.3755 50.046
2024_0416_04:58:42 18 29.193 11.39
2024_0416_04:58:53 18 6.2975 8.6525
2024_0416_05:00:11 18 -0.2045 0.08
2024_0416_05:00:12 18 0.454 -0.1155
2024_0416_05:00:36 18 9.742 -9.908
2024_0416_05:00:52 18 98.249 97.405
2024_0416_05:01:18 18 96.642 98.5385
2024_0416_05:01:22 18 0.456 0.674
2024_0416_05:01:41 18 0.0545 -0.2895
2024_0416_05:02:00 18 95.0975 99.553
2024_0416_05:02:13 18 18.261 18.995
2024_0416_05:02:37 18 97.47 98.6185
2024_0416_05:03:01 18 63.4215 31.4075
2024_0416_05:03:28 18 49.999 -49.999
2024_0416_05:03:28 18 99.5015 99.44
2024_0416_05:03:45 18 34.3595 25.6485
2024_0416_05:04:18 18 7.587 6.534
2024_0416_05:04:34 18 50.0005 -99.9865
2024_0416_05:06:03 18 97.491 97.0645
2024_0416_05:06:06 18 -0.0975 -0.0045
2024_0416_05:06:23 18 90.677 99.4545
2024_0416_05:06:31 18 12.731 -6.2665
2024_0416_05:06:58 18 0.012 0.1385
2024_0416_05:07:06 18 0.0125 -0.1985
2024_0416_05:07:21 18 -0.2445 -1.03
2024_0416_05:07:32 18 -3.2345 4.0155
2024_0416_05:07:51 18 27.403 -5.7825
2024_0416_05:08:14 18 97.71 97.9115
2024_0416_05:08:45 18 98.7445 98.7755
2024_0416_05:09:06 18 -0.194 0.339
2024_0416_05:09:18 18 38.119 4.912
2024_0416_05:09:24 18 -0.2405 -0.232
2024_0416_05:09:55 18 -0.214 0.5735
2024_0416_05:10:20 18 0.094 0.109
2024_0416_05:11:42 18 -0.076 -0.0645
2024_0416_05:11:54 18 56.234 58.67
2024_0416_05:12:09 18 66.4505 -5.02
2024_0416_05:12:09 18 -1.6225 0.4455
2024_0416_05:12:44 18 90.0165 61.7375
2024_0416_05:12:59 18 97.64 99.5065
2024_0416_05:13:06 18 99.565 99.6185
2024_0416_05:13:10 18 -0.1725 -0.234
2024_0416_05:13:24 18 95.0535 99.4045
2024_0416_05:13:49 18 -7.5265 7.6625
2024_0416_05:14:24 18 98.792 99.2495
2024_0416_05:14:40 18 10.0905 -10.0185
2024_0416_05:14:59 18 17.2015 16.1865
2024_0416_05:14:59 18 99.431 96.022
2024_0416_05:15:30 18 -0.025 0.0135
2024_0416_05:17:19 18 -0.003 0.0505
2024_0416_05:17:36 18 25.9395 35.9145
2024_0416_05:17:46 18 13.554 13.5355
2024_0416_05:17:55 18 48.954 0.1685
2024_0416_05:18:37 18 -10.1915 10.273
2024_0416_05:18:43 18 0.401 0.3245
2024_0416_05:18:53 18 10.889 2.133
2024_0416_05:19:01 18 8.1375 -8.766
2024_0416_05:19:30 18 92.181 98.977
2024_0416_05:20:03 18 12.09 13.367
2024_0416_05:20:19 18 -49.9995 49.9995
2024_0416_05:20:37 19 0.182 0.053
2024_0416_05:20:45 18 98.8055 86.0305
2024_0416_05:20:46 18 0.089 -0.3515
2024_0416_05:21:23 19 0.399 -0.006
2024_0416_05:22:45 19 0.302 -8.2875
2024_0416_05:23:14 19 99.113 95.5715
2024_0416_05:23:29 19 -13.936 14.169
2024_0416_05:23:35 19 99.5315 49.5585
2024_0416_05:23:47 19 0.18 0.177
2024_0416_05:24:19 19 96.757 99.4575
2024_0416_05:24:27 19 49.418 99.458
2024_0416_05:24:41 19 98.6015 47.7005
2024_0416_05:25:09 19 -0.783 0.894
2024_0416_05:25:48 19 24.6395 98.6815
2024_0416_05:26:06 19 -0.408 0.431
2024_0416_05:26:20 19 0.148 0.1005
2024_0416_05:26:27 19 -0.322 -0.014
2024_0416_05:26:30 19 -1.2285 0.731
2024_0416_05:27:03 19 0.2155 -0.071
2024_0416_05:28:12 19 0.5575 0.666
2024_0416_05:28:25 19 -10.0385 10.1215
2024_0416_05:28:59 19 98.783 99.022
2024_0416_05:29:08 19 0.265 0.0335
2024_0416_05:29:11 19 -0.096 0.133
2024_0416_05:29:36 19 93.472 91.3295
2024_0416_05:30:01 19 -0.239 -0.2875
2024_0416_05:30:17 19 83.033 98.2215
2024_0416_05:30:42 19 -0.208 0.202
2024_0416_05:30:59 19 49.822 24.9245
2024_0416_05:31:28 19 -0.0855 -0.0455
2024_0416_05:31:47 19 0.302 -0.07
2024_0416_05:32:05 19 -0.194 0.2575
2024_0416_05:32:10 19 11.3235 75.225
2024_0416_05:32:14 19 97.4605 96.4555
2024_0416_05:34:03 19 21.816 -21.7105
2024_0416_05:34:41 19 36.752 9.2435
2024_0416_05:34:55 19 76.5055 81.7885
2024_0416_05:34:58 19 3.6525 3.727
2024_0416_05:35:18 19 6.5375 -0.524
2024_0416_05:36:01 19 0.77 1.2545
2024_0416_05:36:23 19 -0.3645 0.3675
2024_0416_05:36:36 19 0.2355 -0.577
2024_0416_05:37:12 19 0.0725 -0.313
2024_0416_05:37:20 19 10.0695 -8.349
2024_0416_05:37:38 19 12.174 11.1055
2024_0416_05:37:44 19 99.1555 99.493
2024_0416_05:37:46 19 2.2255 -2.479
2024_0416_05:37:57 19 19.9155 -19.6805
2024_0416_05:39:40 19 16.7535 -16.615
2024_0416_05:39:44 19 24.2255 49.748
2024_0416_05:40:22 19 -0.0035 0.2435
2024_0416_05:40:36 19 15.585 13.2645
2024_0416_05:40:42 19 1.5435 -2.0695
2024_0416_05:41:03 19 99.3285 98.665
2024_0416_05:41:08 19 18.198 -3.2085
2024_0416_05:41:43 19 -0.1905 0.278
2024_0416_05:42:07 19 -0.366 44.9305
2024_0416_05:42:23 19 99.233 92.8105
2024_0416_05:42:55 19 86.427 14.8865
2024_0416_05:43:15 19 -0.097 0.025
2024_0416_05:43:26 19 0.2675 -0.1455
2024_0416_05:43:30 19 94.5895 96.9715
2024_0416_05:43:45 19 19.952 -19.595
2024_0416_05:45:22 19 99.271 99.469
2024_0416_05:45:31 19 7.533 8.5945
2024_0416_05:46:05 19 13.137 9.836
2024_0416_05:46:30 19 -8.829 10.547
2024_0416_05:46:46 19 47.113 15.1895
2024_0416_05:47:00 19 95.271 99.4615
2024_0416_05:47:26 19 0.3215 -0.134
2024_0416_05:47:28 19 0.2765 0.31
2024_0416_05:47:53 19 49.8165 99.5285
2024_0416_05:48:14 19 -0.4175 -0.327
2024_0416_05:48:38 19 -49.999 49.9955
2024_0416_05:49:00 19 -0.549 8.616
2024_0416_05:49:22 19 -0.3395 -0.142
2024_0416_05:49:26 19 -0.392 -0.0395
2024_0416_05:49:31 19 -0.0655 0.2245
2024_0416_05:51:08 19 17.7505 -27.4395
2024_0416_05:51:21 19 -6.225 6.561
2024_0416_05:52:02 19 -12.0535 45.598
2024_0416_05:52:20 19 10.067 -10.5575
2024_0416_05:52:38 19 24.8305 -24.956
2024_0416_05:53:10 20 -0.0105 -0.073
2024_0416_05:53:26 20 99.6625 19.69
2024_0416_05:53:52 20 25.03 6.88
2024_0416_05:54:06 20 99.4015 99.5555
2024_0416_05:54:36 20 2.7325 -2.534
2024_0416_05:54:53 20 46.481 47.4835
2024_0416_05:55:03 20 13.2165 49.3985
2024_0416_05:55:10 20 49.9995 -49.9995
2024_0416_05:55:17 20 0.471 0.306
2024_0416_05:55:32 20 54.5175 77.694
2024_0416_05:57:08 20 25.8165 49.6145
2024_0416_05:57:14 20 -0.254 0.2695
2024_0416_05:57:52 20 99.9965 99.999
2024_0416_05:58:12 20 -13.018 2.123
2024_0416_05:58:29 20 7.898 23.7895
2024_0416_05:58:32 20 -2.784 14.08
2024_0416_05:59:01 20 10.437 9.054
2024_0416_05:59:28 20 99.4185 94.9165
2024_0416_05:59:44 20 -0.0135 0.187
2024_0416_05:59:57 20 12.9245 11.2295
2024_0416_06:00:46 20 59.77 69.0945
2024_0416_06:01:02 20 37.0815 35.657
2024_0416_06:01:13 20 99.4275 98.1225
2024_0416_06:01:26 20 -0.138 -0.182
2024_0416_06:01:27 20 0.283 -0.607
2024_0416_06:01:29 20 99.3295 99.4785
2024_0416_06:02:57 20 0.2135 0.1055
2024_0416_06:03:03 20 -12.6195 12.3985
2024_0416_06:04:06 20 14.3125 3.2695
2024_0416_06:04:24 20 3.0345 -4.78
2024_0416_06:04:27 20 0.036 -0.1805
2024_0416_06:04:48 20 99.478 99.4385
2024_0416_06:05:21 20 16.9965 -16.969
2024_0416_06:05:33 20 -0.0015 0.0015
2024_0416_06:06:37 20 85.217 86.712
2024_0416_06:06:53 20 99.515 98.396
2024_0416_06:07:00 20 0.2405 -0.0145
2024_0416_06:07:15 20 -12.1945 12.1295
2024_0416_06:07:23 20 -0.2015 0.4955
2024_0416_06:07:33 20 1.036 -1.0845
2024_0416_06:08:44 20 62.7995 83.7845
2024_0416_06:08:47 20 99.336 99.374
2024_0416_06:09:31 20 99.466 99.254
2024_0416_06:09:33 20 49.9995 99.999
2024_0416_06:09:56 20 11.1065 9.614
2024_0416_06:10:14 20 50.1095 -50.1195
2024_0416_06:10:15 20 -2.705 7.061
2024_0416_06:10:27 20 0.109 0.1915
2024_0416_06:11:10 20 -0.4045 0.1715
2024_0416_06:11:22 20 99.4375 99.272
2024_0416_06:12:28 20 47.4975 2.8785
2024_0416_06:12:45 20 99.4295 99.3425
2024_0416_06:12:52 20 43.5375 49.0255
2024_0416_06:12:58 20 11.9665 12.12
2024_0416_06:13:12 20 99.425 72.336
2024_0416_06:13:30 20 99.2405 99.3385
2024_0416_06:14:36 20 -8.4315 16.646
2024_0416_06:14:37 20 12.9005 12.365
2024_0416_06:15:17 20 14.8875 48.9575
2024_0416_06:15:28 20 -0.0625 -0.048
2024_0416_06:15:49 20 0.2025 0.064
2024_0416_06:16:09 20 -5.7085 25.54
2024_0416_06:16:14 20 99.4895 99.49
2024_0416_06:16:55 20 18.3305 17.5785
2024_0416_06:16:57 20 99.999 49.9995
2024_0416_06:17:16 20 88.291 73.8695
2024_0416_06:18:13 20 -20.1405 19.8575
2024_0416_06:18:33 20 54.6595 31.391
2024_0416_06:18:43 20 12.048 -10.756
2024_0416_06:18:46 20 -5.8075 5.934
2024_0416_06:19:04 20 37.751 14.0075
2024_0416_06:20:24 20 69.6615 89.5605
2024_0416_06:20:25 20 -0.3755 -0.053
2024_0416_06:20:59 20 0.4275 1.1835
2024_0416_06:20:59 20 91.742 99.3315
2024_0416_06:21:14 20 89.8095 98.2125
2024_0416_06:21:43 20 70.753 53.504
2024_0416_06:22:00 20 69.3725 95.623
2024_0416_06:22:07 20 2.246 -1.3065
2024_0416_06:22:52 20 17.8395 26.069
2024_0416_06:22:55 20 0.0595 0.2235
2024_0416_06:23:03 20 -99.998 99.999
2024_0416_06:24:02 20 48.7355 96.039
2024_0416_06:24:23 20 40.02 -39.9125
2024_0416_06:24:35 20 81.37 79.033
2024_0416_06:24:37 20 63.901 63.2405
2024_0416_06:24:50 20 -0.174 0.1565
2024_0416_06:26:10 20 -0.0965 -0.3255
2024_0416_06:26:20 20 0.0875 0.1875
2024_0416_06:26:49 20 48.3165 95.572
2024_0416_06:26:52 20 28.605 -14.299
2024_0416_06:27:15 20 -0.2005 0.024
2024_0416_06:27:40 20 49.625 -2.929
2024_0416_06:27:48 20 9.3635 49.119
2024_0416_06:27:58 20 5.9075 -5.8825
2024_0416_06:28:38 20 7.3115 12.735
2024_0416_06:28:52 20 55.2415 54.0555
2024_0416_06:29:47 20 -29.9155 30.0835
2024_0416_06:30:12 10 99.4855 96.4895
2024_0416_06:30:18 13 6.9625 7.1625
2024_0416_06:30:25 13 97.2755 99.5325
2024_0416_06:30:34 13 3.4835 -0.5915
2024_0416_06:31:55 13 99.4815 99.5795
2024_0416_06:32:02 13 -0.2045 0.9415
2024_0416_06:32:07 14 -0.263 -0.3465
2024_0416_06:32:35 14 -0.039 0.2315
2024_0416_06:32:36 14 -0.255 -0.391
2024_0416_06:33:02 14 0.324 0.191
2024_0416_06:33:27 14 99.5305 98.335
2024_0416_06:33:36 15 99.3685 98.5985
2024_0416_06:33:45 15 99.513 98.7455
2024_0416_06:34:23 15 0.236 -0.5015
2024_0416_06:34:35 15 1.0295 30.693
2024_0416_06:35:29 15 99.453 98.8255
2024_0416_06:35:56 15 -0.0955 -0.352
2024_0416_06:36:04 15 99.5685 98.979
2024_0416_06:36:19 15 42.395 19.4575
2024_0416_06:36:50 15 99.271 54.995
2024_0416_06:37:40 16 -0.2825 -0.0635
2024_0416_06:37:50 16 89.217 86.4975
2024_0416_06:37:55 16 -7.229 7.2265
2024_0416_06:38:20 16 0.105 0.1865
2024_0416_06:38:22 16 1.184 6.208
2024_0416_06:38:51 16 1.108 1.039
2024_0416_06:39:09 16 39.9605 -40.0505
2024_0416_06:39:29 16 -0.0045 -0.0605
2024_0416_06:39:30 16 16.697 -17.091
2024_0416_06:40:11 17 97.584 47.997
2024_0416_06:40:22 17 4.474 4.506
2024_0416_06:41:10 17 -49.9995 49.9995
2024_0416_06:41:46 17 99.5745 98.4325
2024_0416_06:41:55 17 99.527 97.5235
2024_0416_06:42:11 17 -0.7565 0.907
2024_0416_06:42:41 17 73.9505 75.0815
2024_0416_06:43:31 17 99.2135 99.503
2024_0416_06:43:37 17 7.8325 -7.808
2024_0416_06:43:40 17 -10.165 9.7445
2024_0416_06:44:08 17 0.0995 0.3235
2024_0416_06:44:08 17 77.4385 78.0285
2024_0416_06:44:40 17 99.5215 99.4895
2024_0416_06:44:55 17 1.96 -1.1785
2024_0416_06:45:13 18 0.5875 0.045
2024_0416_06:45:20 18 9.3855 11.9035
2024_0416_06:45:57 18 0.157 0.2065
2024_0416_06:46:57 18 11.398 -11.428
2024_0416_06:47:34 18 -0.085 -0.3155
2024_0416_06:47:43 18 97.1655 73.8375
2024_0416_06:47:57 18 17.6285 -17.2995
2024_0416_06:48:29 18 22.2585 21.275
2024_0416_06:49:16 19 3.069 2.9685
2024_0416_06:49:19 19 49.081 49.51
2024_0416_06:49:21 19 15.4625 -15.253
2024_0416_06:49:31 19 0.292 0.0175
2024_0416_06:49:56 19 26.6 27.057
2024_0416_06:49:57 19 99.066 99.082
2024_0416_06:50:29 19 29.577 16.894
2024_0416_06:50:36 19 -0.002 -0.0145
2024_0416_06:50:57 19 42.61 -36.256
2024_0416_06:51:09 19 0.0 -0.22
2024_0416_06:51:44 19 0.246 0.1535
2024_0416_06:52:37 20 0.191 0.2055
2024_0416_06:53:16 20 99.5335 97.0755
2024_0416_06:53:19 20 0.238 0.1115
2024_0416_06:53:37 20 3.518 2.713
2024_0416_06:54:08 20 18.66 3.415
2024_0416_06:54:55 18 -1.33 98.713
2024_0416_06:54:58 20 49.945 -3.6775
2024_0416_07:00:09 20 49.9985 -49.9715
