0.20683000000013646 0.11868500000004831 0.027855000000003193 0.006694999999999811 0.02275500000000163 0.021925000000001377 0.020545000000000955 0.020290000000000877 0.020255000000000866 0.007929999999999762 0.0439749999999993 0.03667500000000213 0.061654999999992445 0.05844999999999369 0.06654999999999617 0.050869999999996626 0.06415999999999378 0.06262999999999225 0.04189000000000011 0.03938000000000108 
2024_0415_14:43:34 11 -0.82 -0.64
2024_0415_14:43:34 4 63.04 99.1
2024_0415_14:43:35 8 79.43 98.1
2024_0415_14:43:36 6 48.04 99.36
2024_0415_14:43:36 2 85.51 99.55
2024_0415_14:43:36 11 99.4 48.98
2024_0415_14:43:36 3 47.42 99.51
2024_0415_14:43:37 2 78.21 99.59
2024_0415_14:43:37 6 66.51 99.13
2024_0415_14:43:37 7 87.93 47.63
2024_0415_14:43:38 10 49.77 99.59
2024_0415_14:43:39 1 49.65 99.59
2024_0415_14:43:39 1 90.93 99.6
2024_0415_14:43:39 9 49.66 99.8
2024_0415_14:43:40 1 49.67 99.45
2024_0415_14:49:35 13 -13.04 66.16
2024_0415_14:49:37 15 0.15 -0.06
2024_0415_14:49:38 15 0.75 -2.47
2024_0415_14:49:38 20 -0.22 0.4
2024_0415_14:49:39 12 16.31 -4.0
2024_0415_14:49:39 13 -48.26 49.97
2024_0415_14:49:40 16 0.73 -1.65
2024_0415_14:49:40 18 -8.97 10.87
2024_0415_14:49:41 17 0.59 -0.55
2024_0415_14:49:42 14 99.52 99.62
2024_0415_14:49:43 5 51.19 62.0
2024_0415_14:49:51 17 0.52 1.61
2024_0415_14:49:56 20 2.05 -0.08
2024_0415_14:50:03 18 30.26 -27.55
2024_0415_14:51:31 19 12.45 16.43
2024_0415_14:57:26 11 0.71 1.21
2024_0415_14:57:28 1 90.27 99.38
2024_0415_14:57:29 11 -49.98 99.96
2024_0415_14:57:30 8 75.28 99.31
2024_0415_14:57:30 7 73.02 49.71
2024_0415_14:57:31 5 86.42 57.29
2024_0415_14:57:31 3 53.72 98.7
2024_0415_14:57:31 2 67.2 99.22
2024_0415_14:57:31 11 0.25 1.77
2024_0415_14:57:35 4 44.96 99.44
2024_0415_14:57:37 11 -0.08 0.04
2024_0415_14:57:37 6 50.48 99.21
2024_0415_14:57:37 11 49.27 99.31
2024_0415_14:57:43 9 75.04 99.38
2024_0415_14:57:44 10 88.0 99.66
2024_0415_14:57:49 11 0.91 -1.37
2024_0415_15:03:20 12 -17.62 15.43
2024_0415_15:03:29 13 11.32 -10.32
2024_0415_15:03:29 13 16.9 56.82
2024_0415_15:03:30 11 44.48 32.77
2024_0415_15:03:30 16 -0.49 64.3
2024_0415_15:03:30 15 7.61 29.99
2024_0415_15:03:31 13 75.51 99.61
2024_0415_15:03:31 14 78.98 62.77
2024_0415_15:03:37 13 68.92 99.3
2024_0415_15:03:37 17 -0.45 -0.5
2024_0415_15:03:38 19 0.58 -1.08
2024_0415_15:03:41 18 75.21 99.45
2024_0415_15:03:41 20 49.86 -49.66
2024_0415_15:03:46 20 44.86 99.47
2024_0415_15:09:43 11 99.01 49.78
2024_0415_15:09:44 1 56.48 99.32
2024_0415_15:09:45 5 49.63 49.63
2024_0415_15:09:46 7 84.23 46.3
2024_0415_15:09:46 11 45.14 99.55
2024_0415_15:09:46 6 43.13 99.0
2024_0415_15:09:47 3 72.89 99.64
2024_0415_15:09:49 4 48.46 99.48
2024_0415_15:09:50 10 47.17 98.59
2024_0415_15:09:51 13 -47.03 47.24
2024_0415_15:09:52 11 -1.09 0.73
2024_0415_15:09:52 11 0.03 -0.59
2024_0415_15:09:53 8 81.65 99.29
2024_0415_15:09:56 2 48.55 99.29
2024_0415_15:09:56 12 44.35 82.73
2024_0415_15:10:01 9 49.57 99.56
2024_0415_15:15:33 13 37.94 -0.19
2024_0415_15:15:34 13 -0.74 0.1
2024_0415_15:15:37 14 -0.59 -0.2
2024_0415_15:15:39 13 92.22 99.58
2024_0415_15:15:39 16 -25.67 25.19
2024_0415_15:15:41 15 83.6 99.36
2024_0415_15:15:42 13 57.97 99.54
2024_0415_15:15:43 16 41.6 21.49
2024_0415_15:15:45 15 99.28 48.26
2024_0415_15:15:49 16 62.54 88.05
2024_0415_15:16:01 18 -71.55 71.89
2024_0415_15:16:04 18 -1.35 0.35
2024_0415_15:16:05 17 49.8 99.54
2024_0415_15:16:05 16 -0.37 2.43
2024_0415_15:16:07 18 -1.01 0.91
2024_0415_15:16:09 18 -11.26 12.45
2024_0415_15:21:22 18 0.03 -0.18
2024_0415_15:21:23 19 16.6 -11.91
2024_0415_15:21:24 18 -8.25 15.7
2024_0415_15:21:25 20 -1.9 1.9
2024_0415_15:21:27 19 11.51 49.57
2024_0415_15:21:29 20 0.38 -0.2
2024_0415_15:21:33 20 11.81 -13.95
2024_0415_15:21:34 20 -3.65 4.28
2024_0415_15:27:17 1 51.91 99.26
2024_0415_15:27:20 5 81.18 88.56
2024_0415_15:27:21 11 -0.08 -0.52
2024_0415_15:27:22 7 49.13 49.19
2024_0415_15:27:22 2 85.37 99.54
2024_0415_15:27:23 11 1.75 -0.02
2024_0415_15:27:23 8 49.41 98.08
2024_0415_15:27:24 3 87.68 99.39
2024_0415_15:27:26 2 49.26 99.37
2024_0415_15:27:40 11 1.93 -0.57
2024_0415_15:27:40 6 71.21 99.13
2024_0415_15:27:41 11 99.39 60.8
2024_0415_15:27:44 11 -50.0 100.0
2024_0415_15:27:45 10 49.75 99.53
2024_0415_15:27:45 9 49.44 99.42
2024_0415_15:30:15 11 -2.34 1.8
2024_0415_15:32:50 11 -0.67 -0.85
2024_0415_15:32:57 11 1.4 -0.57
2024_0415_15:32:59 12 0.28 -1.13
2024_0415_15:32:59 12 99.46 99.56
2024_0415_15:33:03 12 -1.02 -0.66
2024_0415_15:33:03 12 99.67 99.37
2024_0415_15:33:04 12 98.47 99.34
2024_0415_15:33:04 12 95.28 90.21
2024_0415_15:33:05 12 83.21 97.67
2024_0415_15:33:41 13 50.18 -51.99
2024_0415_15:33:41 12 -13.87 58.57
2024_0415_15:33:43 12 53.7 79.57
2024_0415_15:33:46 13 28.35 6.24
2024_0415_15:33:47 13 99.43 99.34
2024_0415_15:33:48 13 97.43 48.54
2024_0415_15:35:53 13 0.19 0.98
2024_0415_15:38:33 13 -0.01 0.81
2024_0415_15:38:40 13 -0.3 0.86
2024_0415_15:38:42 14 -0.14 -0.87
2024_0415_15:38:42 13 88.15 48.17
2024_0415_15:38:45 14 -0.21 0.4
2024_0415_15:38:46 13 3.0 -0.62
2024_0415_15:38:49 13 31.92 34.4
2024_0415_15:38:50 13 99.58 99.36
2024_0415_15:39:04 14 98.9 99.2
2024_0415_15:39:40 14 0.3 -0.4
2024_0415_15:39:43 14 45.33 85.28
2024_0415_15:39:44 14 -11.9 10.4
2024_0415_15:39:46 14 -2.53 0.17
2024_0415_15:39:51 14 65.49 43.25
2024_0415_15:39:59 14 94.29 99.23
2024_0415_15:41:36 14 1.25 -1.47
2024_0415_15:44:15 14 49.81 48.35
2024_0415_15:44:24 14 0.3 -0.35
2024_0415_15:44:24 14 -0.09 0.05
2024_0415_15:44:31 15 -1.43 -0.33
2024_0415_15:44:38 15 49.24 25.11
2024_0415_15:44:40 15 2.92 0.49
2024_0415_15:44:49 15 0.23 -2.35
2024_0415_15:44:52 15 -46.69 42.31
2024_0415_15:45:47 15 -0.63 -0.76
2024_0415_15:45:49 15 -0.92 1.13
2024_0415_15:45:50 15 99.58 98.51
2024_0415_15:45:51 15 99.16 69.65
2024_0415_15:45:53 15 0.39 -0.56
2024_0415_15:46:04 15 96.02 91.7
2024_0415_15:47:18 15 0.48 1.47
2024_0415_15:49:46 16 27.41 43.58
2024_0415_15:50:00 16 89.98 99.39
2024_0415_15:50:06 16 7.84 -9.99
2024_0415_15:50:07 16 18.09 -16.95
2024_0415_15:50:17 16 9.75 13.37
2024_0415_15:50:21 16 -8.8 11.94
2024_0415_15:50:27 16 -2.6 4.52
2024_0415_15:50:35 17 -79.23 80.45
2024_0415_15:50:35 17 -1.59 -0.31
2024_0415_15:51:49 17 -0.16 0.23
2024_0415_15:51:52 17 49.36 69.77
2024_0415_15:51:54 17 -12.05 8.61
2024_0415_15:51:57 17 25.07 16.64
2024_0415_15:51:58 17 -99.96 99.96
2024_0415_15:52:06 17 -0.5 -0.23
2024_0415_15:53:03 17 9.12 6.89
2024_0415_15:55:48 18 -99.9 99.82
2024_0415_15:55:49 18 49.97 50.01
2024_0415_15:56:02 18 26.73 -1.45
2024_0415_15:56:06 18 49.99 -47.22
2024_0415_15:56:17 18 40.3 -39.24
2024_0415_15:56:18 18 97.91 47.91
2024_0415_15:56:23 18 -28.52 36.89
2024_0415_15:56:43 19 33.47 36.64
2024_0415_15:57:52 19 -0.52 -1.47
2024_0415_15:57:57 19 39.07 -5.18
2024_0415_15:58:03 20 -7.07 88.86
2024_0415_15:58:04 19 -8.04 48.78
2024_0415_15:58:07 20 2.84 13.54
2024_0415_15:58:46 20 -2.52 1.13
2024_0415_15:58:56 20 -0.22 3.48
2024_0415_15:59:56 20 -1.15 -0.75
2024_0415_16:01:18 4 96.94 99.36
2024_0415_16:01:20 15 -1.02 -0.48
2024_0415_16:01:32 17 24.24 -6.22
2024_0415_16:01:35 18 99.36 98.63
2024_0415_16:01:55 20 -12.87 13.55
2024_0415_16:07:51 7 67.54 47.84
2024_0415_16:07:51 11 1.28 0.75
2024_0415_16:07:52 4 98.77 99.08
2024_0415_16:07:53 10 98.7 99.57
2024_0415_16:07:54 1 65.18 98.74
2024_0415_16:08:05 7 76.69 76.9
2024_0415_16:08:06 5 49.45 71.64
2024_0415_16:08:09 2 70.45 99.56
2024_0415_16:08:12 9 49.7 99.49
2024_0415_16:08:12 8 81.24 99.36
2024_0415_16:08:13 6 94.41 99.05
2024_0415_16:08:14 3 49.02 99.27
2024_0415_16:08:17 2 80.96 99.53
2024_0415_16:08:22 11 -0.24 -0.79
2024_0415_16:08:22 11 48.65 99.43
2024_0415_16:08:29 11 49.36 98.65
2024_0415_16:13:44 11 0.56 -1.39
2024_0415_16:13:46 11 0.99 -1.03
2024_0415_16:13:47 11 1.52 -1.54
2024_0415_16:13:49 12 -2.3 0.58
2024_0415_16:13:51 11 99.01 98.64
2024_0415_16:14:18 12 99.3 62.11
2024_0415_16:14:20 12 -0.53 0.15
2024_0415_16:14:23 12 99.75 47.92
2024_0415_16:14:25 12 98.66 99.09
2024_0415_16:14:26 13 79.15 0.23
2024_0415_16:14:28 12 61.71 98.93
2024_0415_16:14:29 12 -0.09 -0.23
2024_0415_16:14:34 12 99.31 99.32
2024_0415_16:14:39 13 -0.01 -1.57
2024_0415_16:14:47 13 -49.93 99.98
2024_0415_16:14:50 13 44.66 99.16
2024_0415_16:19:45 13 -2.52 -1.54
2024_0415_16:19:46 13 99.65 -90.78
2024_0415_16:19:48 13 49.67 53.85
2024_0415_16:19:50 13 0.63 -0.96
2024_0415_16:19:50 13 0.59 0.61
2024_0415_16:20:03 13 -0.23 -0.24
2024_0415_16:20:08 13 15.76 14.49
2024_0415_16:20:09 13 0.7 0.04
2024_0415_16:20:13 14 99.4 79.72
2024_0415_16:20:15 14 99.51 40.29
2024_0415_16:20:16 14 82.51 99.35
2024_0415_16:20:18 14 99.21 99.55
2024_0415_16:20:21 14 1.61 1.4
2024_0415_16:20:33 14 -3.42 63.07
2024_0415_16:20:35 14 -84.61 99.97
2024_0415_16:20:35 14 0.57 0.33
2024_0415_16:25:45 15 0.43 0.54
2024_0415_16:25:48 14 78.81 51.86
2024_0415_16:25:50 14 -0.4 1.21
2024_0415_16:25:51 14 96.86 95.75
2024_0415_16:25:52 14 -99.94 49.91
2024_0415_16:25:54 15 -0.03 -0.25
2024_0415_16:25:55 15 98.99 47.36
2024_0415_16:25:56 15 -0.01 -0.35
2024_0415_16:25:57 15 -76.96 78.66
2024_0415_16:26:01 15 -30.06 46.42
2024_0415_16:26:01 15 22.24 0.69
2024_0415_16:26:03 15 -0.54 1.9
2024_0415_16:26:13 15 49.47 54.91
2024_0415_16:26:17 15 -1.12 -2.42
2024_0415_16:26:19 15 -0.96 -1.63
2024_0415_16:26:41 15 86.21 98.64
2024_0415_16:31:26 16 -0.8 2.63
2024_0415_16:31:34 16 0.96 -0.44
2024_0415_16:31:39 16 -99.98 99.98
2024_0415_16:31:39 16 -12.28 11.27
2024_0415_16:31:42 17 19.13 49.71
2024_0415_16:31:49 17 99.62 99.38
2024_0415_16:31:51 16 1.15 0.17
2024_0415_16:31:52 16 12.07 6.6
2024_0415_16:31:55 16 0.48 2.5
2024_0415_16:31:56 16 3.52 -0.19
2024_0415_16:31:56 16 1.46 -1.68
2024_0415_16:32:02 17 10.12 -9.96
2024_0415_16:32:02 17 98.59 99.32
2024_0415_16:32:03 17 17.86 5.84
2024_0415_16:32:42 17 0.14 0.25
2024_0415_16:35:42 17 53.23 99.45
2024_0415_16:37:11 18 0.14 -0.71
2024_0415_16:37:28 18 -0.1 -0.79
2024_0415_16:37:28 18 49.2 48.37
2024_0415_16:37:29 18 -11.66 10.32
2024_0415_16:37:30 18 71.45 99.54
2024_0415_16:37:36 18 0.01 50.0
2024_0415_16:37:50 20 -12.37 74.04
2024_0415_16:37:53 18 0.14 0.19
2024_0415_16:37:54 19 -1.78 0.13
2024_0415_16:37:57 18 -5.67 5.15
2024_0415_16:37:59 18 49.59 98.86
2024_0415_16:38:01 19 9.3 52.72
2024_0415_16:38:03 19 0.78 0.65
2024_0415_16:38:05 20 26.33 -6.85
2024_0415_16:38:56 20 53.72 99.19
2024_0415_16:42:51 20 0.0 49.99
2024_0415_16:42:53 18 -0.14 0.99
2024_0415_16:42:53 17 -0.87 -1.2
2024_0415_16:42:55 20 -1.23 51.37
2024_0415_16:44:46 20 98.93 67.43
2024_0415_16:50:30 11 99.6 48.57
2024_0415_16:50:30 1 89.91 99.7
2024_0415_16:50:30 7 48.84 80.82
2024_0415_16:50:30 2 49.18 99.46
2024_0415_16:50:31 6 47.68 99.06
2024_0415_16:50:32 5 78.96 65.46
2024_0415_16:50:32 8 60.95 98.39
2024_0415_16:50:34 2 47.39 99.39
2024_0415_16:50:35 3 49.7 99.45
2024_0415_16:50:43 9 50.22 99.56
2024_0415_16:50:47 2 78.19 99.33
2024_0415_16:50:50 4 83.67 99.52
2024_0415_16:50:51 3 56.64 99.48
2024_0415_16:50:51 9 59.67 99.74
2024_0415_16:50:52 6 60.91 99.28
2024_0415_16:50:52 10 77.15 99.25
2024_0415_16:56:08 11 65.44 15.03
2024_0415_16:56:09 11 -0.37 1.58
2024_0415_16:56:10 11 0.53 0.95
2024_0415_16:56:11 11 -1.35 0.4
2024_0415_16:56:11 11 0.91 0.07
2024_0415_16:56:11 11 98.61 99.1
2024_0415_16:56:16 11 -50.0 99.99
2024_0415_16:56:17 11 0.67 -0.8
2024_0415_16:56:20 11 53.68 99.5
2024_0415_16:56:26 11 98.66 49.05
2024_0415_16:56:47 11 -49.93 99.98
2024_0415_16:56:48 11 0.36 0.87
2024_0415_16:56:52 11 98.87 98.91
2024_0415_16:56:54 11 95.99 99.33
2024_0415_16:56:55 11 57.23 99.51
2024_0415_16:57:00 11 -0.95 -0.76
2024_0415_17:01:48 12 47.66 74.16
2024_0415_17:01:49 12 78.65 79.33
2024_0415_17:01:52 12 45.33 99.01
2024_0415_17:01:52 12 55.45 98.81
2024_0415_17:01:55 12 -0.15 -1.87
2024_0415_17:01:56 12 -0.03 -0.66
2024_0415_17:01:56 12 1.27 -0.4
2024_0415_17:01:58 12 99.24 98.97
2024_0415_17:02:05 12 0.05 -2.6
2024_0415_17:02:07 12 84.52 99.36
2024_0415_17:02:47 12 0.32 0.01
2024_0415_17:02:49 12 99.53 99.58
2024_0415_17:02:52 12 19.12 22.74
2024_0415_17:02:53 12 0.08 -1.31
2024_0415_17:02:59 12 99.4 99.27
2024_0415_17:03:03 12 99.34 99.48
2024_0415_17:07:29 13 -1.4 27.02
2024_0415_17:07:33 13 -1.2 -1.15
2024_0415_17:07:38 13 97.11 48.16
2024_0415_17:07:40 13 48.68 49.42
2024_0415_17:07:41 13 1.21 0.06
2024_0415_17:07:44 13 99.48 98.32
2024_0415_17:07:45 13 99.36 52.06
2024_0415_17:07:48 13 98.46 51.75
2024_0415_17:07:50 13 47.18 98.77
2024_0415_17:07:56 13 47.9 49.35
2024_0415_17:08:45 13 -0.14 0.46
2024_0415_17:08:49 13 48.8 85.27
2024_0415_17:09:00 13 0.14 0.54
2024_0415_17:09:02 13 99.02 77.25
2024_0415_17:09:02 13 -2.23 1.89
2024_0415_17:09:04 13 47.6 99.47
2024_0415_17:13:09 13 0.46 -0.69
2024_0415_17:13:19 13 -99.96 99.96
2024_0415_17:13:21 13 1.44 -0.74
2024_0415_17:13:25 13 99.49 99.16
2024_0415_17:13:25 13 -1.56 1.6
2024_0415_17:13:26 13 2.12 -0.85
2024_0415_17:13:30 13 -0.46 0.34
2024_0415_17:13:32 13 98.59 99.14
2024_0415_17:13:35 14 99.1 99.56
2024_0415_17:13:43 14 28.06 30.46
2024_0415_17:14:44 14 0.39 -2.0
2024_0415_17:14:47 14 19.74 -19.7
2024_0415_17:15:03 14 99.46 99.42
2024_0415_17:15:03 14 -8.97 19.22
2024_0415_17:15:09 14 97.5 99.38
2024_0415_17:17:36 14 78.4 68.38
2024_0415_17:18:51 14 5.98 5.88
2024_0415_17:19:06 14 77.15 99.53
2024_0415_17:19:06 14 80.73 99.43
2024_0415_17:19:08 14 97.27 99.45
2024_0415_17:19:09 14 -99.98 99.98
2024_0415_17:19:11 14 -19.91 20.47
2024_0415_17:19:11 14 69.85 19.28
2024_0415_17:19:15 14 77.63 99.04
2024_0415_17:19:21 14 55.25 48.72
2024_0415_17:19:36 14 14.28 14.63
2024_0415_17:20:45 14 15.69 4.69
2024_0415_17:20:46 14 99.57 49.46
2024_0415_17:21:02 14 3.33 -0.91
2024_0415_17:21:03 14 -99.98 99.98
2024_0415_17:21:07 14 -1.93 -0.15
2024_0415_17:23:33 14 -0.55 -1.9
2024_0415_17:24:34 15 -1.94 0.54
2024_0415_17:24:49 15 77.77 82.86
2024_0415_17:24:52 15 27.78 -26.85
2024_0415_17:24:52 15 -95.07 99.79
2024_0415_17:24:54 15 6.51 11.58
2024_0415_17:24:56 15 69.66 99.42
2024_0415_17:25:01 15 81.81 97.04
2024_0415_17:25:08 15 48.44 99.61
2024_0415_17:25:22 15 2.94 0.29
2024_0415_17:25:37 15 -0.98 0.8
2024_0415_17:26:44 15 -0.31 0.13
2024_0415_17:26:52 15 -0.63 -0.31
2024_0415_17:27:03 15 41.85 -1.78
2024_0415_17:27:04 15 -10.67 10.11
2024_0415_17:27:07 15 0.41 1.22
2024_0415_17:29:31 15 0.12 -1.33
2024_0415_17:30:16 15 79.55 47.76
2024_0415_17:30:29 15 0.21 1.0
2024_0415_17:30:34 15 -0.41 0.26
2024_0415_17:30:35 15 1.31 -0.02
2024_0415_17:30:37 15 0.43 -0.56
2024_0415_17:30:39 15 99.45 99.48
2024_0415_17:30:51 16 -0.7 1.94
2024_0415_17:30:54 15 77.03 99.6
2024_0415_17:31:05 16 -1.31 1.09
2024_0415_17:31:21 16 -0.64 -1.17
2024_0415_17:32:44 16 12.52 -24.16
2024_0415_17:32:54 16 89.09 53.12
2024_0415_17:33:02 16 26.16 2.25
2024_0415_17:33:04 16 99.23 68.3
2024_0415_17:33:11 16 47.95 47.51
2024_0415_17:35:40 16 69.53 47.95
2024_0415_17:35:57 16 31.07 26.97
2024_0415_17:36:10 16 -1.05 -0.01
2024_0415_17:36:17 16 -7.91 8.15
2024_0415_17:36:17 16 0.08 -1.27
2024_0415_17:36:23 16 -0.17 0.8
2024_0415_17:36:42 17 0.13 0.05
2024_0415_17:36:48 17 -0.58 1.42
2024_0415_17:37:04 17 29.27 24.2
2024_0415_17:37:27 17 58.24 37.81
2024_0415_17:38:42 17 -28.81 55.45
2024_0415_17:38:52 17 49.34 5.44
2024_0415_17:38:53 17 1.66 -0.49
2024_0415_17:39:03 17 49.04 98.16
2024_0415_17:39:04 17 33.12 99.18
2024_0415_17:39:11 17 2.27 -2.68
2024_0415_17:41:41 17 99.52 -0.14
2024_0415_17:41:49 17 6.55 12.87
2024_0415_17:42:00 17 -0.02 1.24
2024_0415_17:42:28 17 9.71 12.47
2024_0415_17:42:30 17 6.17 5.82
2024_0415_17:42:55 17 14.46 -14.9
2024_0415_17:42:57 17 16.91 -12.27
2024_0415_17:43:13 18 0.46 0.59
2024_0415_17:43:39 18 93.68 48.37
2024_0415_17:44:22 18 79.96 83.62
2024_0415_17:44:34 18 -1.65 -0.88
2024_0415_17:44:50 18 -0.71 0.85
2024_0415_17:44:53 18 1.65 0.47
2024_0415_17:45:03 18 0.07 -0.66
2024_0415_17:45:04 18 -19.73 21.31
2024_0415_17:45:13 18 0.47 0.64
2024_0415_17:47:40 18 58.51 99.57
2024_0415_17:47:42 18 12.12 -12.71
2024_0415_17:48:16 18 99.48 53.19
2024_0415_17:48:25 18 -0.1 -0.17
2024_0415_17:48:42 18 99.5 99.22
2024_0415_17:48:45 18 -0.68 -0.77
2024_0415_17:48:56 18 -49.67 49.57
2024_0415_17:49:24 18 27.21 -26.92
2024_0415_17:49:28 18 -0.53 -4.85
2024_0415_17:50:00 18 -99.98 -49.99
2024_0415_17:50:27 18 -8.45 10.13
2024_0415_17:50:51 19 18.63 -20.0
2024_0415_17:50:52 19 83.14 -4.02
2024_0415_17:51:06 19 95.01 68.31
2024_0415_17:51:07 19 -31.75 47.02
2024_0415_17:51:13 19 47.89 37.59
2024_0415_17:53:24 19 68.6 99.26
2024_0415_17:53:54 19 55.14 17.27
2024_0415_17:54:07 20 28.18 29.94
2024_0415_17:54:15 20 0.71 2.19
2024_0415_17:54:33 20 13.53 64.57
2024_0415_17:54:34 20 8.28 -7.26
2024_0415_17:54:41 20 66.52 11.85
2024_0415_17:55:17 20 66.9 99.49
2024_0415_17:55:21 20 -0.14 -0.5
2024_0415_17:55:46 20 -14.44 15.94
2024_0415_17:56:16 20 21.84 79.36
2024_0415_17:56:52 20 0.66 0.27
2024_0415_17:57:09 20 0.23 51.42
2024_0415_17:57:13 20 49.98 49.99
2024_0415_17:57:15 20 -1.91 1.33
2024_0415_17:59:07 14 98.66 99.47
2024_0415_17:59:44 15 17.17 73.16
2024_0415_17:59:45 16 -9.74 49.96
2024_0415_18:00:05 17 9.14 -9.01
2024_0415_18:00:12 17 0.25 0.91
2024_0415_18:00:13 17 13.11 -14.36
2024_0415_18:00:15 17 62.21 97.51
2024_0415_18:00:51 17 0.48 0.01
2024_0415_18:00:55 18 81.52 99.27
2024_0415_18:01:27 20 68.34 89.75
2024_0415_18:07:10 7 89.83 48.37
2024_0415_18:07:11 2 90.06 99.61
2024_0415_18:07:13 2 47.54 99.59
2024_0415_18:07:14 4 41.99 99.44
2024_0415_18:07:14 1 62.36 99.25
2024_0415_18:07:14 3 47.98 97.9
2024_0415_18:07:14 2 49.22 99.46
2024_0415_18:07:14 6 76.74 99.31
2024_0415_18:07:16 2 71.64 99.53
2024_0415_18:07:29 8 49.27 99.19
2024_0415_18:07:29 8 49.2 99.36
2024_0415_18:07:30 5 81.19 81.3
2024_0415_18:07:32 10 23.15 99.39
2024_0415_18:07:32 11 -49.98 99.96
2024_0415_18:07:34 9 89.19 99.39
2024_0415_18:11:35 11 20.18 -25.69
2024_0415_18:12:53 11 1.92 0.81
2024_0415_18:12:55 11 -0.35 -1.06
2024_0415_18:12:55 11 -0.2 0.9
2024_0415_18:12:55 11 98.78 98.37
2024_0415_18:12:56 11 -0.46 -0.16
2024_0415_18:12:56 11 -0.41 1.43
2024_0415_18:12:58 11 99.05 98.85
2024_0415_18:12:59 11 0.54 -0.06
2024_0415_18:13:00 11 2.17 0.68
2024_0415_18:13:27 11 0.22 -1.52
2024_0415_18:13:28 11 99.28 47.92
2024_0415_18:13:29 11 0.04 -0.11
2024_0415_18:13:29 11 99.16 49.69
2024_0415_18:13:31 11 -0.19 -1.29
2024_0415_18:13:33 11 98.64 99.07
2024_0415_18:17:19 12 87.4 98.6
2024_0415_18:18:36 12 -2.98 -1.37
2024_0415_18:18:36 12 -22.24 22.15
2024_0415_18:18:38 12 0.87 2.27
2024_0415_18:18:39 12 -0.78 1.03
2024_0415_18:18:41 12 48.31 49.41
2024_0415_18:18:46 12 47.01 47.16
2024_0415_18:18:46 12 0.18 -0.57
2024_0415_18:18:48 12 49.63 98.9
2024_0415_18:18:51 12 44.89 46.78
2024_0415_18:19:28 12 96.66 99.48
2024_0415_18:19:28 12 0.31 -0.85
2024_0415_18:19:29 12 -0.76 0.97
2024_0415_18:19:30 12 47.88 66.05
2024_0415_18:19:33 12 -0.23 18.13
2024_0415_18:19:34 13 99.44 98.54
2024_0415_18:23:08 13 1.05 -0.32
2024_0415_18:24:18 13 1.39 -0.05
2024_0415_18:24:19 13 0.44 0.38
2024_0415_18:24:24 13 78.87 36.98
2024_0415_18:24:24 13 -1.74 0.02
2024_0415_18:24:30 13 12.59 -8.43
2024_0415_18:24:32 13 0.55 0.21
2024_0415_18:24:33 13 -0.13 -2.26
2024_0415_18:24:33 13 97.19 49.8
2024_0415_18:24:33 13 -0.42 1.32
2024_0415_18:25:27 13 99.98 49.99
2024_0415_18:25:27 13 -0.35 0.29
2024_0415_18:25:28 13 27.06 0.01
2024_0415_18:25:29 13 -99.96 49.92
2024_0415_18:25:33 13 -2.86 3.33
2024_0415_18:25:35 13 1.13 0.87
2024_0415_18:28:51 13 10.12 -11.89
2024_0415_18:30:02 13 48.89 45.9
2024_0415_18:30:06 13 39.79 98.9
2024_0415_18:30:07 13 -1.07 0.16
2024_0415_18:30:12 13 99.34 99.44
2024_0415_18:30:13 14 94.98 0.55
2024_0415_18:30:17 14 1.31 -0.8
2024_0415_18:30:18 13 98.78 59.6
2024_0415_18:30:20 14 -10.52 48.71
2024_0415_18:30:21 14 12.9 14.24
2024_0415_18:31:24 14 -0.48 1.92
2024_0415_18:31:27 14 2.21 2.16
2024_0415_18:31:29 14 10.1 32.03
2024_0415_18:31:29 14 26.35 10.6
2024_0415_18:31:38 14 99.24 99.25
2024_0415_18:31:39 14 99.38 99.46
2024_0415_18:34:35 14 -0.36 -0.91
2024_0415_18:35:49 14 98.61 47.57
2024_0415_18:35:51 14 -0.12 -1.67
2024_0415_18:35:52 14 -49.99 49.99
2024_0415_18:35:55 14 46.05 32.93
2024_0415_18:35:56 14 -19.62 19.65
2024_0415_18:36:03 14 99.44 64.97
2024_0415_18:36:04 14 41.9 -40.99
2024_0415_18:36:05 14 0.43 0.55
2024_0415_18:36:07 14 -1.86 -0.23
2024_0415_18:37:24 14 1.07 -1.3
2024_0415_18:37:29 14 98.56 99.51
2024_0415_18:37:33 14 80.05 99.51
2024_0415_18:37:35 15 86.22 99.43
2024_0415_18:37:38 15 0.79 8.61
2024_0415_18:37:48 15 99.15 99.34
2024_0415_18:41:34 15 0.21 -1.33
2024_0415_18:41:41 15 -0.36 -1.4
2024_0415_18:41:41 15 49.03 98.46
2024_0415_18:41:42 15 7.64 -1.96
2024_0415_18:41:46 15 40.63 58.62
2024_0415_18:41:50 15 31.68 32.51
2024_0415_18:41:50 15 70.72 79.74
2024_0415_18:41:53 15 -1.29 1.16
2024_0415_18:42:00 15 -0.41 -0.01
2024_0415_18:43:25 15 80.38 -24.06
2024_0415_18:43:27 15 -0.48 0.4
2024_0415_18:43:35 15 0.63 1.64
2024_0415_18:43:35 15 69.83 98.85
2024_0415_18:43:48 15 53.08 97.42
2024_0415_18:43:51 15 44.89 68.11
2024_0415_18:44:08 15 0.5 0.18
2024_0415_18:47:20 15 67.91 61.16
2024_0415_18:47:22 15 49.99 49.99
2024_0415_18:47:24 15 -0.77 3.37
2024_0415_18:47:28 15 46.15 25.17
2024_0415_18:47:32 16 -8.34 36.73
2024_0415_18:47:33 16 68.76 67.08
2024_0415_18:47:33 16 -0.68 -3.23
2024_0415_18:47:38 16 -1.12 -3.81
2024_0415_18:49:26 16 -99.96 49.94
2024_0415_18:49:30 16 6.0 15.95
2024_0415_18:49:34 16 -19.33 46.95
2024_0415_18:49:39 16 44.65 43.73
2024_0415_18:49:44 16 78.65 69.96
2024_0415_18:49:50 16 6.86 -0.02
2024_0415_18:49:59 16 46.43 47.24
2024_0415_18:53:08 17 49.83 99.69
2024_0415_18:53:10 16 -0.07 0.61
2024_0415_18:53:11 17 -0.45 -0.96
2024_0415_18:53:12 17 77.32 51.38
2024_0415_18:53:13 17 -0.14 -1.87
2024_0415_18:53:16 17 0.09 0.29
2024_0415_18:53:17 17 14.42 13.12
2024_0415_18:53:17 17 17.54 61.03
2024_0415_18:55:27 17 0.21 -1.59
2024_0415_18:55:37 17 0.74 1.11
2024_0415_18:55:40 17 0.2 0.57
2024_0415_18:55:41 17 32.72 34.63
2024_0415_18:55:48 17 26.47 35.59
2024_0415_18:56:05 17 69.02 -11.36
2024_0415_18:57:24 17 99.85 -3.08
2024_0415_18:58:50 17 0.75 0.33
2024_0415_18:58:57 17 99.97 -36.51
2024_0415_18:58:57 18 26.7 50.42
2024_0415_18:58:58 17 10.31 -10.12
2024_0415_18:59:04 18 -0.2 -0.59
2024_0415_18:59:12 18 0.98 -0.01
2024_0415_18:59:21 17 7.81 29.55
2024_0415_19:00:52 18 49.56 36.0
2024_0415_19:01:16 18 99.58 80.71
2024_0415_19:01:21 18 48.64 48.0
2024_0415_19:01:54 18 50.37 -43.83
2024_0415_19:01:54 18 -9.17 10.9
2024_0415_19:01:59 18 -2.52 -0.92
2024_0415_19:02:29 18 -41.0 49.76
2024_0415_19:03:11 18 -21.23 23.02
2024_0415_19:04:32 18 6.68 11.77
2024_0415_19:04:37 18 1.23 -0.71
2024_0415_19:04:39 18 -49.99 99.99
2024_0415_19:04:48 18 -2.2 -0.61
2024_0415_19:04:49 18 38.56 77.68
2024_0415_19:04:50 18 1.27 -0.4
2024_0415_19:05:17 18 14.78 13.62
2024_0415_19:05:30 18 -99.96 99.96
2024_0415_19:06:59 18 0.41 -0.79
2024_0415_19:07:00 18 1.87 1.88
2024_0415_19:07:14 18 36.23 76.35
2024_0415_19:08:09 19 -14.21 26.52
2024_0415_19:08:10 19 99.17 99.4
2024_0415_19:08:43 19 13.98 2.97
2024_0415_19:08:58 19 0.74 -0.36
2024_0415_19:10:21 19 -0.97 0.24
2024_0415_19:10:24 19 24.96 -23.35
2024_0415_19:10:28 19 -10.46 9.36
2024_0415_19:10:37 19 9.48 -11.25
2024_0415_19:10:40 19 99.94 -2.16
2024_0415_19:10:56 19 0.07 -0.89
2024_0415_19:11:16 20 55.83 79.5
2024_0415_19:12:47 20 75.21 77.14
2024_0415_19:13:07 20 49.33 48.95
2024_0415_19:13:24 20 81.69 99.48
2024_0415_19:13:27 20 0.31 0.52
2024_0415_19:14:18 20 7.49 13.91
2024_0415_19:14:22 20 -1.28 1.35
2024_0415_19:14:58 20 96.08 97.75
2024_0415_19:16:06 20 10.99 -8.96
2024_0415_19:16:16 20 -55.64 74.98
2024_0415_19:16:20 5 95.9 61.94
2024_0415_19:16:28 15 3.46 0.05
2024_0415_19:16:41 16 40.83 -2.16
2024_0415_19:16:43 16 98.63 99.42
2024_0415_19:17:01 16 99.55 49.22
2024_0415_19:17:04 17 98.51 97.96
2024_0415_19:18:25 17 0.53 -0.19
2024_0415_19:18:57 18 -0.34 -0.75
2024_0415_19:19:07 18 21.25 -21.8
2024_0415_19:19:08 20 13.48 5.99
2024_0415_19:19:32 19 57.14 57.32
2024_0415_19:20:23 20 1.1 -0.43
2024_0415_19:20:27 20 99.11 45.79
2024_0415_19:26:09 5 54.61 86.12
2024_0415_19:26:11 4 49.55 99.36
2024_0415_19:26:12 2 48.88 99.38
2024_0415_19:26:12 1 72.07 99.48
2024_0415_19:26:14 3 48.04 99.17
2024_0415_19:26:14 3 44.59 99.47
2024_0415_19:26:16 2 84.24 99.52
2024_0415_19:26:18 2 81.96 99.56
2024_0415_19:26:18 9 80.52 99.57
2024_0415_19:26:18 2 48.97 99.31
2024_0415_19:26:36 7 75.12 58.0
2024_0415_19:26:36 7 78.25 49.76
2024_0415_19:26:36 8 83.56 99.02
2024_0415_19:26:37 1 85.43 99.66
2024_0415_19:26:38 5 62.92 49.77
2024_0415_19:26:38 6 88.95 99.07
2024_0415_19:31:53 11 0.74 1.05
2024_0415_19:31:55 11 0.67 -1.41
2024_0415_19:31:57 11 -0.04 28.59
2024_0415_19:31:58 11 49.99 49.99
2024_0415_19:31:59 11 0.12 -0.25
2024_0415_19:31:59 11 80.4 48.97
2024_0415_19:32:02 11 -22.24 99.16
2024_0415_19:32:05 11 98.92 99.47
2024_0415_19:32:05 10 98.41 99.22
2024_0415_19:32:42 11 98.78 98.82
2024_0415_19:32:42 11 -0.35 -1.43
2024_0415_19:32:43 11 -0.05 -0.77
2024_0415_19:32:43 11 99.24 58.63
2024_0415_19:32:44 11 79.0 63.45
2024_0415_19:32:49 11 22.8 99.27
2024_0415_19:35:29 11 0.4 1.1
2024_0415_19:37:34 11 0.92 0.41
2024_0415_19:37:37 11 0.57 1.22
2024_0415_19:37:38 11 -0.26 1.14
2024_0415_19:37:40 11 1.1 0.08
2024_0415_19:37:43 11 99.28 98.9
2024_0415_19:37:47 11 72.52 98.9
2024_0415_19:37:47 11 47.43 98.69
2024_0415_19:37:50 11 0.2 1.14
2024_0415_19:37:53 11 0.15 0.48
2024_0415_19:38:48 11 99.68 63.51
2024_0415_19:38:49 12 -0.87 -1.8
2024_0415_19:38:50 12 0.64 0.83
2024_0415_19:38:52 12 99.55 99.53
2024_0415_19:38:57 12 49.23 82.71
2024_0415_19:38:58 11 16.51 17.35
2024_0415_19:41:12 12 0.18 -0.22
2024_0415_19:43:17 12 0.59 0.35
2024_0415_19:43:24 12 99.75 49.99
2024_0415_19:43:24 12 19.6 9.92
2024_0415_19:43:28 12 48.08 99.56
2024_0415_19:43:29 12 -0.85 1.25
2024_0415_19:43:30 12 0.08 1.2
2024_0415_19:43:31 12 -0.45 -0.82
2024_0415_19:43:33 12 -99.96 49.92
2024_0415_19:43:34 12 0.16 -0.65
2024_0415_19:44:55 12 97.9 79.53
2024_0415_19:45:00 12 98.6 49.63
2024_0415_19:45:02 12 0.2 -3.33
2024_0415_19:45:02 12 1.42 -0.82
2024_0415_19:45:04 12 1.29 -1.06
2024_0415_19:45:09 12 99.02 71.63
2024_0415_19:47:00 12 99.32 99.57
2024_0415_19:49:01 12 14.14 14.11
2024_0415_19:49:10 13 -0.39 -0.14
2024_0415_19:49:12 13 -0.37 -0.62
2024_0415_19:49:14 13 -0.68 -0.81
2024_0415_19:49:15 13 99.21 99.38
2024_0415_19:49:16 13 99.37 98.07
2024_0415_19:49:20 12 99.72 99.09
2024_0415_19:49:20 13 98.6 99.14
2024_0415_19:49:20 13 99.25 99.51
2024_0415_19:51:04 13 49.99 49.99
2024_0415_19:51:05 13 99.42 99.78
2024_0415_19:51:08 13 -1.01 -0.82
2024_0415_19:51:09 13 1.35 -1.01
2024_0415_19:51:10 13 49.77 99.23
2024_0415_19:51:17 13 -99.96 99.96
2024_0415_19:52:48 13 78.83 99.53
2024_0415_19:54:44 13 11.47 -10.63
2024_0415_19:54:57 13 -0.48 0.94
2024_0415_19:54:57 13 59.07 79.0
2024_0415_19:55:02 13 88.25 99.45
2024_0415_19:55:02 13 80.36 99.19
2024_0415_19:55:03 13 49.13 84.49
2024_0415_19:55:03 13 0.04 -0.24
2024_0415_19:55:06 13 0.01 0.89
2024_0415_19:55:07 13 -99.98 99.98
2024_0415_19:57:14 13 10.58 -9.73
2024_0415_19:57:14 13 34.25 48.52
2024_0415_19:57:15 13 99.19 99.48
2024_0415_19:57:16 13 -0.95 0.01
2024_0415_19:57:18 13 45.52 43.62
2024_0415_19:57:25 13 66.63 78.82
2024_0415_19:58:33 13 -0.9 -0.88
2024_0415_20:00:31 13 99.3 99.24
2024_0415_20:00:41 13 -24.29 24.51
2024_0415_20:00:43 13 57.17 79.58
2024_0415_20:00:47 13 1.28 -0.26
2024_0415_20:00:48 14 -20.92 21.4
2024_0415_20:00:48 14 -0.47 0.24
2024_0415_20:00:49 14 49.97 -49.97
2024_0415_20:00:52 13 0.48 -1.19
2024_0415_20:00:52 13 24.62 50.0
2024_0415_20:03:22 14 3.13 28.18
2024_0415_20:03:23 14 -9.44 11.5
2024_0415_20:03:24 14 -49.47 99.94
2024_0415_20:03:24 14 64.74 72.07
2024_0415_20:03:33 14 -1.19 0.54
2024_0415_20:03:35 14 3.27 0.12
2024_0415_20:04:19 14 47.75 44.52
2024_0415_20:06:18 14 64.65 37.87
2024_0415_20:06:26 14 -12.79 12.81
2024_0415_20:06:26 14 -0.39 0.79
2024_0415_20:06:30 14 0.98 -0.26
2024_0415_20:06:33 14 60.19 44.99
2024_0415_20:06:33 14 59.47 49.41
2024_0415_20:06:34 14 74.66 49.24
2024_0415_20:06:37 14 -1.33 1.32
2024_0415_20:06:42 14 96.42 44.78
2024_0415_20:09:29 14 6.47 16.68
2024_0415_20:09:30 14 0.36 0.55
2024_0415_20:09:32 14 99.44 71.68
2024_0415_20:09:40 14 -1.39 -1.38
2024_0415_20:10:12 14 91.1 99.5
2024_0415_20:12:11 14 1.25 -0.46
2024_0415_20:12:11 14 37.53 47.67
2024_0415_20:12:11 14 99.21 98.85
2024_0415_20:12:18 14 45.89 36.27
2024_0415_20:12:21 15 47.58 37.02
2024_0415_20:12:25 14 49.09 99.64
2024_0415_20:12:31 14 -0.44 1.78
2024_0415_20:12:35 15 1.35 0.4
2024_0415_20:13:55 15 -0.04 -0.44
2024_0415_20:14:56 15 0.84 10.24
2024_0415_20:15:35 15 -0.79 -0.31
2024_0415_20:15:38 15 50.0 -50.0
2024_0415_20:15:42 15 98.75 99.21
2024_0415_20:15:53 15 50.0 -49.98
2024_0415_20:16:18 15 -9.95 10.18
2024_0415_20:17:53 15 0.63 -2.54
2024_0415_20:17:53 15 -0.15 -1.04
2024_0415_20:17:57 15 -1.09 -1.25
2024_0415_20:18:02 15 -22.55 26.45
2024_0415_20:18:08 15 1.8 31.66
2024_0415_20:18:10 15 17.8 -0.72
2024_0415_20:18:18 15 2.36 2.75
2024_0415_20:18:20 15 48.82 0.82
2024_0415_20:20:01 15 2.46 1.56
2024_0415_20:20:36 15 -0.58 -0.46
2024_0415_20:20:39 15 -1.07 0.96
2024_0415_20:21:39 15 1.96 0.73
2024_0415_20:21:45 15 49.35 49.21
2024_0415_20:21:50 15 49.82 89.78
2024_0415_20:21:53 15 55.95 49.01
2024_0415_20:22:25 15 1.32 -0.25
2024_0415_20:23:40 15 69.35 79.32
2024_0415_20:23:41 15 -0.37 0.39
2024_0415_20:23:46 15 11.96 19.44
2024_0415_20:23:57 15 43.46 61.32
2024_0415_20:24:00 15 1.3 1.08
2024_0415_20:24:03 15 98.94 78.81
2024_0415_20:26:08 15 15.26 0.45
2024_0415_20:26:23 16 40.12 22.69
2024_0415_20:26:49 15 67.91 96.85
2024_0415_20:27:24 16 -1.46 20.18
2024_0415_20:27:56 16 60.36 49.7
2024_0415_20:28:09 16 89.67 53.54
2024_0415_20:28:13 16 48.79 98.95
2024_0415_20:28:34 16 13.12 8.88
2024_0415_20:28:56 16 1.29 -1.99
2024_0415_20:29:24 16 99.16 99.13
2024_0415_20:29:26 16 99.42 99.67
2024_0415_20:29:35 16 99.51 99.48
2024_0415_20:29:41 16 99.36 99.55
2024_0415_20:29:47 16 99.37 88.82
2024_0415_20:29:55 16 48.68 -40.38
2024_0415_20:32:09 16 0.69 0.94
2024_0415_20:32:13 16 -0.61 -1.18
2024_0415_20:33:00 16 99.13 99.45
2024_0415_20:33:10 16 13.38 9.81
2024_0415_20:34:06 16 42.37 31.41
2024_0415_20:34:19 16 11.14 -11.44
2024_0415_20:34:26 16 -4.16 25.04
2024_0415_20:34:52 16 97.4 98.24
2024_0415_20:34:53 16 20.0 -0.21
2024_0415_20:35:09 16 0.55 -0.08
2024_0415_20:35:11 16 47.25 44.5
2024_0415_20:35:16 16 98.69 68.51
2024_0415_20:35:21 17 87.69 -0.17
2024_0415_20:35:28 17 7.18 -7.51
2024_0415_20:35:31 17 17.7 -0.27
2024_0415_20:35:38 17 4.28 16.33
2024_0415_20:37:53 17 98.98 97.74
2024_0415_20:38:19 17 17.14 -16.32
2024_0415_20:38:53 17 12.43 -12.02
2024_0415_20:39:15 17 52.48 -11.28
2024_0415_20:40:14 17 -0.77 -0.07
2024_0415_20:40:30 17 98.53 99.42
2024_0415_20:40:40 17 47.08 98.78
2024_0415_20:40:44 17 98.65 99.47
2024_0415_20:40:55 17 0.13 0.53
2024_0415_20:40:55 17 99.42 98.54
2024_0415_20:41:03 17 -0.06 -0.73
2024_0415_20:41:04 17 99.42 42.35
2024_0415_20:41:04 17 99.53 98.52
2024_0415_20:41:17 17 -2.98 -1.05
2024_0415_20:41:19 17 47.24 40.38
2024_0415_20:41:27 17 99.29 64.54
2024_0415_20:43:37 17 -0.68 -0.28
2024_0415_20:44:24 17 1.87 -2.01
2024_0415_20:44:42 17 48.35 98.76
2024_0415_20:45:19 17 0.69 -1.33
2024_0415_20:46:24 17 5.39 -0.89
2024_0415_20:46:28 17 2.52 1.88
2024_0415_20:46:37 17 49.83 70.46
2024_0415_20:46:40 17 11.28 1.58
2024_0415_20:46:42 17 99.26 99.51
2024_0415_20:46:51 18 2.25 46.68
2024_0415_20:46:52 17 99.42 99.44
2024_0415_20:46:56 18 0.11 0.19
2024_0415_20:47:03 18 98.99 71.99
2024_0415_20:47:06 18 79.95 97.98
2024_0415_20:47:18 18 49.34 98.7
2024_0415_20:47:26 18 1.01 0.39
2024_0415_20:49:23 18 -10.49 8.51
2024_0415_20:50:31 18 2.13 -0.89
2024_0415_20:50:38 18 -0.2 1.4
2024_0415_20:51:31 18 47.64 99.74
2024_0415_20:52:11 18 0.82 -0.33
2024_0415_20:52:27 18 99.77 -0.21
2024_0415_20:52:29 18 97.5 48.4
2024_0415_20:52:38 18 1.38 1.11
2024_0415_20:52:38 18 -33.0 33.66
2024_0415_20:52:42 18 -48.69 43.6
2024_0415_20:52:43 18 1.9 0.6
2024_0415_20:52:47 18 81.66 9.81
2024_0415_20:52:53 18 7.38 5.7
2024_0415_20:53:10 18 -1.03 -1.35
2024_0415_20:53:17 18 0.08 -0.63
2024_0415_20:53:38 18 99.29 99.29
2024_0415_20:55:08 18 -0.99 0.03
2024_0415_20:56:17 18 85.39 99.5
2024_0415_20:56:46 18 0.05 2.26
2024_0415_20:57:43 18 99.19 87.87
2024_0415_20:57:59 18 99.07 80.68
2024_0415_20:58:08 18 9.79 15.93
2024_0415_20:58:18 18 97.65 98.87
2024_0415_20:58:22 18 98.9 75.5
2024_0415_20:58:29 18 0.55 -0.79
2024_0415_20:58:32 19 66.41 99.05
2024_0415_20:58:41 19 37.93 -0.93
2024_0415_20:58:47 18 39.79 14.86
2024_0415_20:58:59 19 60.01 51.95
2024_0415_20:59:01 19 49.95 -49.97
2024_0415_20:59:15 19 -49.99 49.97
2024_0415_20:59:50 19 -0.96 0.62
2024_0415_21:00:53 19 49.99 49.99
2024_0415_21:02:01 19 17.64 -14.92
2024_0415_21:03:10 19 0.07 -1.22
2024_0415_21:03:51 19 -49.94 51.43
2024_0415_21:03:55 19 -99.98 99.98
2024_0415_21:04:00 19 2.16 0.74
2024_0415_21:04:03 19 80.76 -79.72
2024_0415_21:04:08 19 98.92 88.32
2024_0415_21:04:14 19 -1.21 -1.03
2024_0415_21:04:15 19 49.72 99.51
2024_0415_21:04:25 19 0.1 -1.07
2024_0415_21:04:51 20 -0.39 0.32
2024_0415_21:05:06 20 -6.83 8.02
2024_0415_21:05:37 20 83.2 99.42
2024_0415_21:05:58 20 54.48 75.52
2024_0415_21:06:39 20 5.34 9.79
2024_0415_21:08:13 20 39.5 99.55
2024_0415_21:09:50 20 89.34 99.11
2024_0415_21:09:50 20 0.23 -0.12
2024_0415_21:09:56 20 99.02 99.38
2024_0415_21:10:03 20 11.24 -15.0
2024_0415_21:10:04 20 -0.69 0.23
2024_0415_21:10:07 20 1.05 0.69
2024_0415_21:10:09 20 42.75 -0.7
2024_0415_21:10:34 20 0.87 0.5
2024_0415_21:11:01 20 -1.06 -1.08
2024_0415_21:11:16 20 -0.04 -0.95
2024_0415_21:11:38 9 99.38 49.78
2024_0415_21:11:49 20 49.06 99.5
2024_0415_21:12:07 14 99.35 48.95
2024_0415_21:12:23 14 49.07 98.93
2024_0415_21:12:33 14 -0.16 -1.46
2024_0415_21:14:16 14 12.09 15.34
2024_0415_21:15:26 15 98.86 81.54
2024_0415_21:15:27 15 1.36 1.12
2024_0415_21:15:40 15 14.44 13.8
2024_0415_21:15:44 18 72.41 87.8
2024_0415_21:15:49 16 99.52 50.86
2024_0415_21:16:09 19 -0.74 -2.24
2024_0415_21:17:01 20 99.52 82.71
2024_0415_21:20:01 20 -5.77 12.45
2024_0415_21:20:27 20 99.41 99.36
2024_0415_21:26:07 1 80.58 99.53
2024_0415_21:26:10 2 85.3 99.6
2024_0415_21:26:12 1 59.2 99.53
2024_0415_21:26:12 2 66.3 99.57
2024_0415_21:26:12 2 83.84 99.64
2024_0415_21:26:12 2 62.15 98.76
2024_0415_21:26:13 2 84.85 99.5
2024_0415_21:26:14 2 82.84 99.58
2024_0415_21:26:14 1 69.5 99.44
2024_0415_21:26:15 1 82.87 99.43
2024_0415_21:26:35 1 49.53 99.63
2024_0415_21:26:35 1 86.17 99.43
2024_0415_21:26:36 1 49.64 99.32
2024_0415_21:26:36 2 48.1 97.15
2024_0415_21:26:36 2 47.86 99.37
2024_0415_21:26:46 2 83.19 99.06
2024_0415_21:31:45 2 46.62 99.61
2024_0415_21:31:53 2 98.5 99.58
2024_0415_21:31:54 2 47.49 99.35
2024_0415_21:31:54 2 96.75 99.6
2024_0415_21:31:55 2 97.31 99.45
2024_0415_21:31:55 2 98.0 99.67
2024_0415_21:31:55 2 98.13 99.66
2024_0415_21:31:58 2 98.83 99.42
2024_0415_21:31:58 3 98.23 99.26
2024_0415_21:32:00 3 74.7 99.41
2024_0415_21:32:37 3 98.34 99.36
2024_0415_21:32:41 3 98.06 99.51
2024_0415_21:32:41 3 98.19 99.48
2024_0415_21:32:41 4 98.35 99.38
2024_0415_21:32:47 4 98.26 99.42
2024_0415_21:32:52 4 82.96 98.04
2024_0415_21:37:30 5 93.02 49.8
2024_0415_21:37:37 6 49.57 46.21
2024_0415_21:37:39 5 77.58 92.61
2024_0415_21:37:40 6 49.35 46.86
2024_0415_21:37:41 5 76.03 49.72
2024_0415_21:37:41 6 86.74 70.89
2024_0415_21:37:43 7 73.34 88.76
2024_0415_21:37:44 7 56.72 49.03
2024_0415_21:37:44 7 81.26 83.33
2024_0415_21:37:47 7 49.51 47.35
2024_0415_21:38:37 8 47.89 99.04
2024_0415_21:38:43 8 70.29 98.88
2024_0415_21:38:43 8 93.21 99.02
2024_0415_21:38:44 8 60.25 98.86
2024_0415_21:38:54 9 99.4 99.13
2024_0415_21:38:59 9 99.5 99.51
2024_0415_21:43:22 11 -2.32 -0.34
2024_0415_21:43:23 9 99.37 80.85
2024_0415_21:43:24 11 -1.24 0.46
2024_0415_21:43:26 10 99.41 48.62
2024_0415_21:43:26 11 99.2 99.05
2024_0415_21:43:26 11 99.26 68.51
2024_0415_21:43:28 11 0.17 0.01
2024_0415_21:43:30 11 -11.51 58.65
2024_0415_21:43:33 11 98.32 63.7
2024_0415_21:44:35 11 -0.69 0.27
2024_0415_21:44:42 11 -0.14 -1.07
2024_0415_21:44:44 11 0.11 -1.98
2024_0415_21:44:45 11 49.69 99.2
2024_0415_21:45:00 11 99.09 82.26
2024_0415_21:45:04 11 -99.98 49.93
2024_0415_21:46:25 11 99.4 99.49
2024_0415_21:49:05 11 -0.28 0.27
2024_0415_21:49:05 11 99.04 76.63
2024_0415_21:49:09 11 0.03 -0.3
2024_0415_21:49:09 11 -99.98 99.98
2024_0415_21:49:09 11 1.19 -0.26
2024_0415_21:49:13 11 99.4 99.48
2024_0415_21:49:13 11 -0.64 -0.3
2024_0415_21:49:17 11 0.91 0.01
2024_0415_21:49:18 11 -99.98 99.98
2024_0415_21:50:41 11 99.47 99.5
2024_0415_21:50:44 11 -0.08 -0.9
2024_0415_21:50:48 11 97.71 99.17
2024_0415_21:50:50 11 84.49 48.51
2024_0415_21:51:05 11 99.23 46.49
2024_0415_21:51:08 11 -0.48 1.11
2024_0415_21:52:08 11 0.54 -0.25
2024_0415_21:54:44 11 1.74 0.9
2024_0415_21:54:51 11 0.41 0.34
2024_0415_21:54:51 11 -0.4 -0.19
2024_0415_21:54:52 11 0.59 2.03
2024_0415_21:54:53 11 99.28 99.52
2024_0415_21:54:55 11 -0.43 -2.19
2024_0415_21:54:56 11 0.62 0.91
2024_0415_21:54:58 11 69.99 99.52
2024_0415_21:54:59 11 -0.73 0.08
2024_0415_21:56:40 11 64.31 99.16
2024_0415_21:56:50 11 49.74 99.08
2024_0415_21:56:50 11 98.98 75.36
2024_0415_21:56:52 11 1.35 1.32
2024_0415_21:57:10 11 62.1 99.52
2024_0415_21:57:20 11 35.15 46.15
2024_0415_21:57:48 11 0.75 1.18
2024_0415_22:00:22 11 -2.51 -0.52
2024_0415_22:00:32 11 0.84 0.46
2024_0415_22:00:33 11 -1.63 0.73
2024_0415_22:00:36 11 -0.24 -0.65
2024_0415_22:00:36 11 0.43 -0.59
2024_0415_22:00:37 11 -49.5 99.98
2024_0415_22:00:40 11 1.37 -0.43
2024_0415_22:00:41 11 99.59 99.15
2024_0415_22:00:41 11 -0.11 -2.13
2024_0415_22:02:46 11 -2.04 0.24
2024_0415_22:02:59 11 0.41 -1.73
2024_0415_22:03:02 11 -49.49 99.96
2024_0415_22:03:06 11 1.32 0.02
2024_0415_22:03:20 11 -0.14 -0.41
2024_0415_22:03:32 11 13.78 76.44
2024_0415_22:03:36 11 0.82 1.81
2024_0415_22:06:19 11 70.8 73.61
2024_0415_22:06:24 11 -1.79 -0.34
2024_0415_22:06:25 11 -0.19 -1.05
2024_0415_22:06:28 11 0.05 0.87
2024_0415_22:06:29 11 48.71 49.24
2024_0415_22:06:30 11 2.3 1.45
2024_0415_22:06:35 11 68.19 99.6
2024_0415_22:06:35 11 49.37 46.77
2024_0415_22:06:38 11 32.55 -0.01
2024_0415_22:09:03 11 91.4 72.22
2024_0415_22:09:18 11 -0.2 0.57
2024_0415_22:09:20 11 -100.0 49.96
2024_0415_22:09:23 11 96.29 72.81
2024_0415_22:09:30 11 99.05 76.97
2024_0415_22:09:37 11 -0.08 0.85
2024_0415_22:09:51 11 99.98 -99.98
2024_0415_22:12:12 11 -1.32 0.23
2024_0415_22:12:15 11 0.29 0.13
2024_0415_22:12:17 11 -0.37 -1.16
2024_0415_22:12:22 11 0.14 -1.9
2024_0415_22:12:24 11 99.57 82.91
2024_0415_22:12:28 11 7.0 14.42
2024_0415_22:12:28 11 -0.37 -0.3
2024_0415_22:12:31 11 0.1 0.68
2024_0415_22:12:35 11 49.99 99.98
2024_0415_22:15:18 11 0.51 -0.01
2024_0415_22:15:23 11 -0.72 0.33
2024_0415_22:15:35 11 -0.67 -1.28
2024_0415_22:15:35 11 81.52 99.33
2024_0415_22:15:38 11 1.29 -0.09
2024_0415_22:15:54 11 -0.17 0.4
2024_0415_22:16:18 11 81.44 98.73
2024_0415_22:18:10 11 0.76 -1.57
2024_0415_22:18:13 11 51.76 67.58
2024_0415_22:18:13 11 0.57 0.75
2024_0415_22:18:17 11 -2.22 0.31
2024_0415_22:18:20 11 99.12 99.77
2024_0415_22:18:20 11 78.41 76.77
2024_0415_22:18:22 11 86.46 89.9
2024_0415_22:18:27 11 89.52 82.1
2024_0415_22:18:27 11 -0.64 -1.57
2024_0415_22:21:18 11 99.23 49.81
2024_0415_22:21:35 11 49.73 79.15
2024_0415_22:21:50 11 1.1 -0.49
2024_0415_22:21:51 11 0.4 1.28
2024_0415_22:21:53 11 -1.16 0.68
2024_0415_22:22:15 11 88.82 49.4
2024_0415_22:22:34 11 0.42 0.72
2024_0415_22:24:06 11 68.72 97.96
2024_0415_22:24:07 11 99.09 48.44
2024_0415_22:24:07 11 99.35 98.41
2024_0415_22:24:10 11 -1.39 -1.11
2024_0415_22:24:12 11 53.14 99.37
2024_0415_22:24:13 11 -1.4 -1.2
2024_0415_22:24:16 11 0.79 -1.3
2024_0415_22:24:18 11 10.84 11.01
2024_0415_22:24:20 11 -1.17 1.63
2024_0415_22:27:19 11 0.6 0.54
2024_0415_22:27:54 11 49.99 49.99
2024_0415_22:28:05 11 0.05 -0.77
2024_0415_22:28:12 11 49.98 50.0
2024_0415_22:28:12 11 99.6 49.37
2024_0415_22:28:30 11 -0.47 1.13
2024_0415_22:28:50 11 0.86 0.56
2024_0415_22:29:58 11 -1.38 0.02
2024_0415_22:30:00 11 -0.01 -0.7
2024_0415_22:30:01 11 89.18 98.12
2024_0415_22:30:04 12 0.56 0.99
2024_0415_22:30:09 12 63.55 99.44
2024_0415_22:30:10 11 -0.61 0.03
2024_0415_22:30:11 12 99.98 99.98
2024_0415_22:30:14 12 99.98 99.98
2024_0415_22:30:14 12 99.98 99.98
2024_0415_22:33:25 12 99.49 68.5
2024_0415_22:34:11 12 99.09 99.06
2024_0415_22:34:21 12 1.85 23.11
2024_0415_22:34:29 12 98.53 82.16
2024_0415_22:34:32 12 0.44 0.76
2024_0415_22:34:46 12 -0.53 35.18
2024_0415_22:35:04 12 -1.97 78.85
2024_0415_22:35:52 12 100.0 49.99
2024_0415_22:35:54 12 52.86 14.25
2024_0415_22:35:54 12 -1.46 -1.51
2024_0415_22:36:02 12 92.46 99.09
2024_0415_22:36:03 12 85.18 45.53
2024_0415_22:36:04 12 -0.38 0.16
2024_0415_22:36:04 12 48.88 64.24
2024_0415_22:36:08 12 0.24 1.12
2024_0415_22:36:10 12 69.32 93.37
2024_0415_22:39:22 12 -0.02 -0.52
2024_0415_22:40:27 12 47.86 48.9
2024_0415_22:40:38 12 54.19 -0.33
2024_0415_22:40:45 12 -0.5 -2.12
2024_0415_22:40:50 12 99.65 99.3
2024_0415_22:41:07 12 83.88 99.4
2024_0415_22:41:25 12 81.96 99.62
2024_0415_22:41:45 12 1.21 -0.35
2024_0415_22:41:47 12 0.43 0.04
2024_0415_22:41:48 12 -0.7 -0.25
2024_0415_22:41:56 12 -1.19 2.98
2024_0415_22:41:56 12 0.07 -1.06
2024_0415_22:41:56 12 61.76 99.53
2024_0415_22:41:57 12 0.3 -0.08
2024_0415_22:42:03 12 2.2 -2.6
2024_0415_22:42:06 12 99.96 99.44
2024_0415_22:45:14 12 1.47 -1.88
2024_0415_22:46:46 12 79.17 78.54
2024_0415_22:46:53 12 -1.55 0.52
2024_0415_22:47:01 12 0.27 -0.28
2024_0415_22:47:09 12 99.09 99.27
2024_0415_22:47:25 12 97.28 99.21
2024_0415_22:47:39 12 0.33 -1.31
2024_0415_22:47:40 12 99.59 99.89
2024_0415_22:47:45 12 99.5 98.72
2024_0415_22:47:47 12 74.48 95.37
2024_0415_22:47:51 12 53.19 50.0
2024_0415_22:47:52 12 89.13 55.2
2024_0415_22:47:52 12 99.35 99.52
2024_0415_22:47:53 12 37.69 71.39
2024_0415_22:47:54 12 0.59 -1.26
2024_0415_22:48:04 12 -0.34 60.35
2024_0415_22:51:09 12 45.86 20.41
2024_0415_22:53:00 12 2.43 0.02
2024_0415_22:53:11 12 99.52 98.51
2024_0415_22:53:17 12 1.51 -0.54
2024_0415_22:53:30 12 67.04 98.78
2024_0415_22:53:32 12 0.31 -0.49
2024_0415_22:53:36 12 98.78 45.36
2024_0415_22:53:41 12 0.86 -0.85
2024_0415_22:53:41 12 -0.92 0.17
2024_0415_22:53:44 12 -0.17 0.61
2024_0415_22:53:44 12 0.98 1.18
2024_0415_22:53:44 12 99.35 45.41
2024_0415_22:53:49 12 25.62 10.43
2024_0415_22:53:49 12 69.59 79.2
2024_0415_22:54:00 12 0.98 1.41
2024_0415_22:54:06 12 99.38 99.4
2024_0415_22:57:06 12 63.36 99.6
2024_0415_22:59:16 12 -0.58 -1.44
2024_0415_22:59:29 12 99.08 45.76
2024_0415_22:59:31 12 98.91 46.32
2024_0415_22:59:31 12 89.38 99.03
2024_0415_22:59:34 12 1.17 -0.95
2024_0415_22:59:36 12 87.52 98.95
2024_0415_22:59:38 12 0.31 -0.43
2024_0415_22:59:38 12 49.4 99.61
2024_0415_22:59:41 12 -99.96 99.96
2024_0415_22:59:43 12 82.48 98.88
2024_0415_22:59:44 12 -0.41 -0.46
2024_0415_22:59:47 12 0.79 0.9
2024_0415_22:59:56 12 95.5 61.57
2024_0415_23:00:01 12 0.51 1.27
2024_0415_23:00:29 12 -1.47 -1.8
2024_0415_23:03:00 12 99.99 -99.99
2024_0415_23:05:24 12 99.47 99.05
2024_0415_23:05:28 12 99.84 49.98
2024_0415_23:05:32 12 46.29 46.29
2024_0415_23:05:34 12 69.62 82.61
2024_0415_23:05:35 12 61.83 99.36
2024_0415_23:05:35 12 99.33 49.79
2024_0415_23:05:38 12 93.99 49.65
2024_0415_23:05:38 12 99.12 59.7
2024_0415_23:05:48 12 -45.48 51.15
2024_0415_23:05:49 12 77.26 99.25
2024_0415_23:05:56 12 48.87 99.58
2024_0415_23:06:05 12 -57.17 60.74
2024_0415_23:06:09 12 47.07 44.64
2024_0415_23:06:19 12 34.64 -35.01
2024_0415_23:06:47 12 98.65 86.03
2024_0415_23:08:54 12 72.79 89.58
2024_0415_23:11:20 12 0.35 1.09
2024_0415_23:11:20 12 73.57 90.51
2024_0415_23:11:24 12 -1.58 1.2
2024_0415_23:11:30 12 0.11 14.77
2024_0415_23:11:32 12 78.87 99.2
2024_0415_23:11:33 12 -21.41 50.01
2024_0415_23:11:33 12 45.15 -9.81
2024_0415_23:11:43 12 84.64 71.55
2024_0415_23:11:50 12 50.0 -50.0
2024_0415_23:12:05 12 0.32 1.72
2024_0415_23:12:07 12 -0.03 0.15
2024_0415_23:12:12 12 -3.31 -2.16
2024_0415_23:12:21 12 -1.91 -1.2
2024_0415_23:12:37 13 44.95 0.6
2024_0415_23:13:10 13 99.36 95.72
2024_0415_23:14:48 13 9.89 -11.47
2024_0415_23:17:16 13 -0.25 0.24
2024_0415_23:17:16 13 0.22 -1.77
2024_0415_23:17:16 13 1.66 -1.75
2024_0415_23:17:25 13 0.04 0.23
2024_0415_23:17:26 13 10.18 -10.47
2024_0415_23:17:27 13 -7.6 29.33
2024_0415_23:17:29 13 44.66 73.23
2024_0415_23:17:39 13 83.19 18.46
2024_0415_23:18:06 13 99.79 49.75
2024_0415_23:18:08 13 76.19 79.25
2024_0415_23:18:24 13 78.14 48.36
2024_0415_23:18:30 13 14.61 12.14
2024_0415_23:18:39 13 -0.85 0.05
2024_0415_23:18:52 13 -2.06 -0.07
2024_0415_23:19:26 13 -48.44 49.2
2024_0415_23:20:45 13 43.42 25.84
2024_0415_23:23:10 13 -0.15 1.38
2024_0415_23:23:13 13 45.35 40.41
2024_0415_23:23:13 13 16.29 47.5
2024_0415_23:23:20 13 2.04 -1.63
2024_0415_23:23:21 13 0.02 -1.54
2024_0415_23:23:23 13 1.92 47.67
2024_0415_23:23:41 13 98.5 81.26
2024_0415_23:23:44 13 -0.56 -0.07
2024_0415_23:24:02 13 0.13 1.87
2024_0415_23:24:33 13 1.17 -0.3
2024_0415_23:24:41 13 -99.98 -49.99
2024_0415_23:24:47 13 48.0 19.8
2024_0415_23:24:57 13 -1.49 -0.73
2024_0415_23:25:13 13 -1.06 2.24
2024_0415_23:25:41 13 21.95 1.26
2024_0415_23:26:44 13 39.74 34.59
2024_0415_23:29:05 13 -1.03 0.97
2024_0415_23:29:06 13 -0.14 0.3
2024_0415_23:29:06 13 -3.78 98.94
2024_0415_23:29:19 13 12.53 13.31
2024_0415_23:29:20 13 98.38 99.34
2024_0415_23:29:25 13 -2.0 -0.19
2024_0415_23:29:37 13 0.51 1.35
2024_0415_23:29:41 13 1.22 -2.04
2024_0415_23:30:00 13 99.7 99.53
2024_0415_23:30:48 13 99.48 99.6
2024_0415_23:30:58 13 99.39 87.48
2024_0415_23:31:02 13 -99.94 49.97
2024_0415_23:31:14 13 98.67 46.36
2024_0415_23:31:29 13 29.47 -0.01
2024_0415_23:32:03 13 -0.08 -1.83
2024_0415_23:32:39 13 -0.86 46.12
2024_0415_23:34:56 13 -1.02 -1.01
2024_0415_23:34:59 13 0.17 1.18
2024_0415_23:35:04 13 72.52 61.54
2024_0415_23:35:12 13 1.1 1.0
2024_0415_23:35:12 13 -6.68 8.46
2024_0415_23:35:24 13 99.3 83.49
2024_0415_23:35:29 13 -0.45 4.21
2024_0415_23:35:36 13 48.26 41.97
2024_0415_23:35:52 13 -49.98 99.98
2024_0415_23:37:02 13 1.19 -1.1
2024_0415_23:37:14 13 99.21 99.33
2024_0415_23:37:24 13 49.44 -46.03
2024_0415_23:37:34 13 99.43 88.85
2024_0415_23:37:43 13 1.3 1.85
2024_0415_23:38:18 13 -0.1 -0.76
2024_0415_23:38:36 13 99.98 49.98
2024_0415_23:40:49 13 -7.47 33.68
2024_0415_23:40:52 13 0.14 0.19
2024_0415_23:40:58 13 -10.41 9.67
2024_0415_23:41:06 13 0.84 13.51
2024_0415_23:41:07 13 1.11 1.57
2024_0415_23:41:21 13 0.98 0.61
2024_0415_23:41:21 13 88.67 86.0
2024_0415_23:41:31 13 1.84 -1.24
2024_0415_23:41:46 13 -10.22 11.78
2024_0415_23:43:15 13 0.89 0.53
2024_0415_23:43:31 13 99.12 49.62
2024_0415_23:43:41 13 -99.94 49.96
2024_0415_23:43:50 13 40.76 33.84
2024_0415_23:44:00 13 99.25 89.02
2024_0415_23:44:34 13 49.83 99.63
2024_0415_23:44:36 13 99.53 79.59
2024_0415_23:46:50 13 -0.92 1.69
2024_0415_23:46:53 13 -0.41 23.36
2024_0415_23:47:02 13 98.52 81.26
2024_0415_23:47:03 13 -1.4 -0.71
2024_0415_23:47:07 13 -8.35 36.22
2024_0415_23:47:18 13 -5.58 19.84
2024_0415_23:47:21 13 -9.25 24.92
2024_0415_23:47:27 13 49.25 99.01
2024_0415_23:47:44 13 -0.15 0.1
2024_0415_23:49:30 13 99.4 48.22
2024_0415_23:49:44 13 -0.08 -1.06
2024_0415_23:49:54 13 0.84 -0.84
2024_0415_23:50:01 13 99.98 49.99
2024_0415_23:50:04 13 5.01 1.88
2024_0415_23:50:26 13 -0.35 -2.21
2024_0415_23:50:48 13 -0.37 -0.05
2024_0415_23:52:38 13 83.15 89.22
2024_0415_23:52:38 13 0.38 -0.61
2024_0415_23:53:03 13 1.43 1.2
2024_0415_23:53:08 13 67.01 49.89
2024_0415_23:53:09 13 -0.74 0.09
2024_0415_23:53:30 13 53.9 99.09
2024_0415_23:55:44 13 8.58 11.94
2024_0415_23:55:46 13 77.41 47.59
2024_0415_23:55:57 13 98.97 99.44
2024_0415_23:56:05 13 -4.27 47.68
2024_0415_23:56:11 13 13.68 17.73
2024_0415_23:56:21 13 44.65 49.46
2024_0415_23:56:46 13 62.38 96.93
2024_0415_23:56:49 13 -0.09 -0.89
2024_0415_23:56:50 13 0.4 2.86
2024_0415_23:58:26 13 99.44 99.52
2024_0415_23:58:28 13 98.86 48.51
2024_0415_23:58:55 13 -0.15 1.85
2024_0415_23:59:09 13 12.51 13.13
2024_0415_23:59:11 13 48.58 98.9
2024_0416_00:00:17 13 44.01 43.82
2024_0416_00:01:23 13 0.89 -0.18
2024_0416_00:01:43 13 -0.16 0.41
2024_0416_00:01:49 13 1.0 -1.45
2024_0416_00:01:51 13 -0.37 0.57
2024_0416_00:02:02 13 99.72 78.27
2024_0416_00:02:04 13 99.67 92.69
2024_0416_00:02:27 13 0.35 -1.12
2024_0416_00:02:30 13 -0.28 -0.99
2024_0416_00:02:39 13 -0.31 2.44
2024_0416_00:02:44 13 0.18 -2.21
2024_0416_00:04:04 13 0.2 -1.25
2024_0416_00:04:08 13 0.78 -0.98
2024_0416_00:04:37 13 0.27 -0.05
2024_0416_00:04:58 13 98.75 99.18
2024_0416_00:05:11 13 0.8 0.24
2024_0416_00:06:16 13 0.19 -1.44
2024_0416_00:07:11 13 -7.63 41.7
2024_0416_00:07:36 13 0.03 -0.89
2024_0416_00:07:42 13 1.42 -1.22
2024_0416_00:07:53 13 0.16 0.04
2024_0416_00:07:53 13 84.05 49.6
2024_0416_00:08:12 13 98.17 98.87
2024_0416_00:08:16 13 -0.18 -1.16
2024_0416_00:08:17 13 96.81 47.44
2024_0416_00:08:28 13 0.09 -0.65
2024_0416_00:08:45 13 52.4 -53.23
2024_0416_00:09:55 13 99.06 99.25
2024_0416_00:09:59 13 99.22 99.86
2024_0416_00:10:26 13 -4.3 27.34
2024_0416_00:10:48 13 98.04 43.39
2024_0416_00:11:10 13 0.15 -0.49
2024_0416_00:12:14 13 1.32 1.67
2024_0416_00:13:01 13 99.36 99.11
2024_0416_00:13:27 13 86.98 98.95
2024_0416_00:13:40 13 -32.3 33.03
2024_0416_00:13:41 13 -1.16 4.87
2024_0416_00:13:55 13 98.71 99.7
2024_0416_00:14:04 13 -1.33 47.48
2024_0416_00:14:07 13 -0.45 0.33
2024_0416_00:14:13 13 0.81 -0.33
2024_0416_00:14:16 13 20.46 47.35
2024_0416_00:14:48 13 99.44 98.91
2024_0416_00:15:46 13 40.28 79.19
2024_0416_00:15:47 13 10.95 6.87
2024_0416_00:16:17 13 95.7 99.42
2024_0416_00:16:38 13 8.97 17.21
2024_0416_00:17:10 13 -1.18 0.19
2024_0416_00:18:23 13 98.68 99.21
2024_0416_00:18:49 13 1.52 0.56
2024_0416_00:19:15 13 0.6 1.29
2024_0416_00:19:40 13 3.88 25.13
2024_0416_00:19:49 13 10.16 12.22
2024_0416_00:19:52 13 46.56 58.42
2024_0416_00:19:55 13 20.73 -20.45
2024_0416_00:19:57 13 99.76 99.55
2024_0416_00:20:02 14 42.8 40.41
2024_0416_00:20:15 14 -0.61 1.11
2024_0416_00:20:52 14 97.49 99.66
2024_0416_00:21:35 14 -0.12 -0.19
2024_0416_00:21:39 14 47.42 78.46
2024_0416_00:22:06 14 -0.9 -0.16
2024_0416_00:22:32 14 -0.62 0.05
2024_0416_00:23:10 14 -9.31 87.32
2024_0416_00:24:24 14 49.98 99.96
2024_0416_00:24:43 14 49.74 99.62
2024_0416_00:25:03 14 -2.18 0.93
2024_0416_00:25:37 14 -1.32 0.09
2024_0416_00:25:41 14 81.09 99.15
2024_0416_00:25:45 14 -2.72 -0.1
2024_0416_00:25:52 14 16.09 11.14
2024_0416_00:26:04 14 -0.92 0.56
2024_0416_00:26:13 14 0.57 1.36
2024_0416_00:26:51 14 -0.13 -1.24
2024_0416_00:27:15 14 48.84 54.92
2024_0416_00:27:21 14 93.4 79.69
2024_0416_00:27:31 14 52.16 49.89
2024_0416_00:27:56 14 39.53 45.3
2024_0416_00:28:27 14 99.39 88.11
2024_0416_00:29:09 14 -2.74 1.3
2024_0416_00:30:20 14 -0.91 -1.26
2024_0416_00:30:32 14 0.8 0.53
2024_0416_00:31:01 14 0.58 -0.41
2024_0416_00:31:30 14 -49.92 -99.86
2024_0416_00:31:31 14 91.97 99.25
2024_0416_00:31:41 14 65.64 7.08
2024_0416_00:31:43 14 -3.82 3.75
2024_0416_00:32:01 14 99.34 98.91
2024_0416_00:32:12 14 0.55 49.38
2024_0416_00:32:48 14 -0.34 0.6
2024_0416_00:33:11 14 -1.02 0.72
2024_0416_00:33:14 14 66.1 79.78
2024_0416_00:33:46 14 0.97 -0.06
2024_0416_00:34:15 14 8.11 -8.5
2024_0416_00:35:07 14 -0.83 0.33
2024_0416_00:36:17 14 99.56 48.44
2024_0416_00:36:28 14 98.72 74.09
2024_0416_00:36:51 14 0.1 -1.27
2024_0416_00:37:02 14 16.71 12.91
2024_0416_00:37:20 14 9.9 -11.11
2024_0416_00:37:21 14 0.95 -2.1
2024_0416_00:37:33 14 -0.18 1.89
2024_0416_00:37:36 14 49.67 98.16
2024_0416_00:37:59 14 -21.6 49.07
2024_0416_00:38:07 14 0.43 -0.77
2024_0416_00:38:41 14 -49.99 99.96
2024_0416_00:39:10 14 98.72 99.5
2024_0416_00:39:12 14 98.76 98.73
2024_0416_00:39:34 14 -16.63 17.72
2024_0416_00:40:03 14 -0.64 0.19
2024_0416_00:41:07 14 49.33 99.48
2024_0416_00:42:11 14 -11.51 10.23
2024_0416_00:42:15 14 49.69 99.03
2024_0416_00:42:41 14 99.15 99.46
2024_0416_00:42:53 14 -9.91 9.62
2024_0416_00:43:06 14 99.33 39.49
2024_0416_00:43:16 14 98.98 86.53
2024_0416_00:43:24 14 36.23 40.77
2024_0416_00:43:26 14 99.26 99.12
2024_0416_00:43:58 14 98.65 49.65
2024_0416_00:44:12 14 0.69 -1.7
2024_0416_00:44:55 14 91.62 70.72
2024_0416_00:45:03 14 0.67 1.65
2024_0416_00:45:10 14 -0.67 -0.04
2024_0416_00:45:26 14 15.93 16.14
2024_0416_00:45:58 14 98.9 87.24
2024_0416_00:47:08 14 -0.19 -0.08
2024_0416_00:48:10 14 -1.47 -1.58
2024_0416_00:48:13 14 48.45 99.31
2024_0416_00:48:45 14 0.64 0.62
2024_0416_00:48:48 14 22.22 40.68
2024_0416_00:48:58 14 1.27 -1.23
2024_0416_00:49:13 14 50.31 58.35
2024_0416_00:49:17 14 -1.32 0.12
2024_0416_00:49:22 14 8.17 3.32
2024_0416_00:50:02 14 48.8 48.12
2024_0416_00:50:16 14 98.78 99.52
2024_0416_00:50:55 14 1.36 1.36
2024_0416_00:50:57 14 -20.38 21.54
2024_0416_00:51:14 14 1.11 1.02
2024_0416_00:51:25 14 99.56 86.62
2024_0416_00:51:56 14 99.42 98.6
2024_0416_00:53:06 14 -1.16 0.93
2024_0416_00:54:05 14 0.38 -1.49
2024_0416_00:54:11 14 -49.99 99.98
2024_0416_00:54:39 14 -1.35 -0.55
2024_0416_00:54:42 14 0.19 0.2
2024_0416_00:54:55 14 48.32 98.93
2024_0416_00:55:11 14 -1.08 -1.36
2024_0416_00:55:15 14 9.56 24.27
2024_0416_00:56:09 14 99.55 99.55
2024_0416_00:56:20 14 92.77 80.64
2024_0416_00:56:52 14 -0.64 -0.05
2024_0416_00:56:56 14 0.29 -1.61
2024_0416_00:57:16 14 0.21 0.17
2024_0416_00:57:23 14 11.0 48.71
2024_0416_00:57:54 14 42.93 98.88
2024_0416_00:58:30 14 99.48 47.87
2024_0416_00:59:19 14 46.39 1.31
2024_0416_01:00:12 14 -47.49 50.68
2024_0416_01:00:13 14 -39.76 40.4
2024_0416_01:00:35 14 0.02 27.33
2024_0416_01:00:37 14 0.48 0.37
2024_0416_01:01:04 14 99.64 66.93
2024_0416_01:01:04 14 -0.46 99.42
2024_0416_01:01:16 14 98.95 40.04
2024_0416_01:02:10 14 37.98 3.23
2024_0416_01:02:19 14 -0.65 -0.74
2024_0416_01:02:48 14 5.85 10.65
2024_0416_01:02:56 14 59.77 -59.93
2024_0416_01:03:17 14 99.55 47.57
2024_0416_01:03:18 14 0.03 -0.16
2024_0416_01:03:50 14 72.41 78.3
2024_0416_01:04:24 14 81.53 99.6
2024_0416_01:05:24 14 99.31 44.19
2024_0416_01:06:18 14 48.36 46.74
2024_0416_01:06:31 14 -1.18 1.7
2024_0416_01:06:31 14 0.27 -0.34
2024_0416_01:06:58 14 0.76 0.64
2024_0416_01:06:59 14 97.39 98.51
2024_0416_01:07:12 14 68.23 76.15
2024_0416_01:08:11 14 -1.7 0.31
2024_0416_01:08:21 14 -1.68 0.06
2024_0416_01:08:23 14 5.66 17.43
2024_0416_01:08:42 14 0.88 -0.42
2024_0416_01:08:59 14 90.44 98.74
2024_0416_01:09:17 14 97.38 47.01
2024_0416_01:09:19 14 -0.55 49.96
2024_0416_01:09:46 14 45.99 82.91
2024_0416_01:10:20 14 44.79 -42.77
2024_0416_01:11:27 14 87.75 72.23
2024_0416_01:12:22 14 99.3 99.01
2024_0416_01:12:24 14 81.52 99.21
2024_0416_01:12:28 14 99.27 99.48
2024_0416_01:12:52 14 -0.8 2.41
2024_0416_01:12:54 14 -3.48 49.36
2024_0416_01:13:04 14 -36.46 36.5
2024_0416_01:14:12 14 -0.08 -0.93
2024_0416_01:14:17 14 37.77 19.76
2024_0416_01:14:25 14 78.8 44.37
2024_0416_01:14:37 14 -0.34 -1.67
2024_0416_01:15:04 14 48.75 44.7
2024_0416_01:15:20 14 -0.69 1.85
2024_0416_01:15:27 14 45.92 43.59
2024_0416_01:15:43 14 99.71 99.55
2024_0416_01:16:15 14 48.78 72.95
2024_0416_01:17:26 14 42.33 -4.42
2024_0416_01:18:16 14 -33.58 33.56
2024_0416_01:18:19 14 87.38 98.12
2024_0416_01:18:27 14 1.83 0.05
2024_0416_01:18:46 14 50.01 -1.08
2024_0416_01:18:47 14 -8.94 8.59
2024_0416_01:18:58 14 72.58 -9.97
2024_0416_01:20:12 14 -49.99 -99.98
2024_0416_01:20:12 14 49.09 73.56
2024_0416_01:20:24 14 -0.31 1.09
2024_0416_01:20:53 14 3.3 12.49
2024_0416_01:21:19 14 -0.72 1.13
2024_0416_01:21:21 14 99.31 99.47
2024_0416_01:21:42 14 99.5 81.6
2024_0416_01:22:15 14 99.49 47.25
2024_0416_01:23:28 14 2.38 0.08
2024_0416_01:24:11 14 49.53 99.39
2024_0416_01:24:20 15 10.25 9.15
2024_0416_01:24:23 15 21.87 22.17
2024_0416_01:24:45 15 99.54 79.07
2024_0416_01:24:49 15 98.98 98.87
2024_0416_01:24:50 15 0.89 0.31
2024_0416_01:24:59 15 99.21 49.2
2024_0416_01:26:08 15 -0.6 -1.29
2024_0416_01:26:14 15 31.9 1.22
2024_0416_01:27:27 15 0.39 0.39
2024_0416_01:27:40 15 0.77 0.33
2024_0416_01:28:08 15 11.69 -10.63
2024_0416_01:28:27 15 99.4 78.82
2024_0416_01:29:28 15 0.81 -0.15
2024_0416_01:30:08 15 99.45 98.77
2024_0416_01:30:17 15 -1.97 -0.58
2024_0416_01:30:18 15 15.98 16.76
2024_0416_01:30:24 15 99.25 49.58
2024_0416_01:30:35 15 32.44 -17.7
2024_0416_01:30:40 15 19.67 83.41
2024_0416_01:30:50 15 9.07 -11.35
2024_0416_01:30:50 15 33.43 -16.77
2024_0416_01:31:06 15 8.22 -8.69
2024_0416_01:32:05 15 99.57 99.37
2024_0416_01:32:20 15 99.35 87.38
2024_0416_01:33:34 15 0.97 0.42
2024_0416_01:33:34 15 0.84 -1.56
2024_0416_01:34:05 15 99.4 98.95
2024_0416_01:34:33 15 99.23 49.71
2024_0416_01:35:32 15 89.95 54.42
2024_0416_01:36:04 15 0.19 -6.09
2024_0416_01:36:13 15 79.97 49.57
2024_0416_01:36:18 15 99.79 95.29
2024_0416_01:36:30 15 84.85 97.87
2024_0416_01:36:33 15 6.04 -7.48
2024_0416_01:36:39 15 -0.8 2.19
2024_0416_01:36:47 15 81.91 98.66
2024_0416_01:37:01 15 -6.49 6.65
2024_0416_01:38:02 15 -0.21 -0.09
2024_0416_01:38:19 15 0.62 0.77
2024_0416_01:39:28 15 -1.49 -0.34
2024_0416_01:39:35 15 96.9 99.23
2024_0416_01:40:04 15 98.85 98.78
2024_0416_01:40:34 15 99.47 98.82
2024_0416_01:41:07 15 52.79 99.24
2024_0416_01:41:36 15 47.52 99.04
2024_0416_01:41:59 15 86.76 99.63
2024_0416_01:42:08 15 47.4 47.69
2024_0416_01:42:16 15 49.42 99.62
2024_0416_01:42:26 15 -1.58 0.92
2024_0416_01:42:34 15 49.71 86.39
2024_0416_01:42:42 15 -0.34 2.05
2024_0416_01:42:43 15 15.79 28.25
2024_0416_01:43:02 15 -3.42 3.59
2024_0416_01:43:58 15 2.6 12.65
2024_0416_01:44:23 15 37.07 39.43
2024_0416_01:45:24 15 3.16 -1.52
2024_0416_01:45:36 15 1.72 2.39
2024_0416_01:46:02 15 73.25 45.88
2024_0416_01:46:45 15 48.2 48.47
2024_0416_01:47:10 15 55.04 27.64
2024_0416_01:47:45 15 28.75 49.78
2024_0416_01:47:53 15 -0.32 47.29
2024_0416_01:48:30 15 -0.6 0.86
2024_0416_01:48:33 15 14.0 9.32
2024_0416_01:48:36 15 -8.57 11.46
2024_0416_01:48:43 15 75.97 94.4
2024_0416_01:48:43 15 97.99 67.74
2024_0416_01:48:56 15 -1.32 0.87
2024_0416_01:49:52 15 0.08 0.16
2024_0416_01:50:23 15 23.76 20.93
2024_0416_01:51:22 15 -49.92 -49.99
2024_0416_01:51:27 15 68.61 73.79
2024_0416_01:51:36 15 0.83 2.45
2024_0416_01:52:01 15 49.58 99.01
2024_0416_01:52:43 15 -99.97 99.95
2024_0416_01:53:43 15 2.19 -0.65
2024_0416_01:53:47 15 14.16 -2.48
2024_0416_01:54:31 15 83.1 63.14
2024_0416_01:54:32 15 -2.16 49.47
2024_0416_01:54:38 15 96.75 99.33
2024_0416_01:54:38 15 46.26 99.83
2024_0416_01:54:38 15 37.0 38.74
2024_0416_01:54:53 15 40.49 42.46
2024_0416_01:55:49 15 49.31 91.97
2024_0416_01:56:34 15 1.07 -1.54
2024_0416_01:57:18 15 0.72 -1.4
2024_0416_01:57:23 15 94.45 98.93
2024_0416_01:57:41 15 -9.62 10.32
2024_0416_01:58:00 15 49.9 100.0
2024_0416_01:58:07 15 48.51 88.93
2024_0416_01:58:52 15 1.21 -0.07
2024_0416_01:59:47 15 -1.03 0.26
2024_0416_01:59:50 15 85.79 98.01
2024_0416_02:00:35 15 -13.57 11.62
2024_0416_02:00:38 15 -0.2 0.66
2024_0416_02:00:42 15 13.24 -10.96
2024_0416_02:00:43 15 60.63 99.38
2024_0416_02:00:48 15 0.26 0.7
2024_0416_02:00:53 15 0.06 0.07
2024_0416_02:01:50 15 99.34 99.34
2024_0416_02:02:42 15 48.54 46.04
2024_0416_02:03:18 15 -1.47 -2.81
2024_0416_02:03:22 15 -0.25 0.35
2024_0416_02:04:02 15 1.44 -0.81
2024_0416_02:04:26 15 54.67 35.34
2024_0416_02:05:11 15 -22.31 10.09
2024_0416_02:05:55 15 97.82 97.66
2024_0416_02:06:17 15 0.86 0.94
2024_0416_02:06:32 15 50.0 100.0
2024_0416_02:06:39 15 41.61 31.26
2024_0416_02:06:48 15 49.99 49.99
2024_0416_02:06:48 15 -0.08 -0.63
2024_0416_02:07:06 15 1.75 -1.7
2024_0416_02:07:12 15 75.41 87.23
2024_0416_02:07:50 15 -1.06 -0.01
2024_0416_02:09:04 15 99.84 -36.52
2024_0416_02:09:18 15 1.06 -2.68
2024_0416_02:09:20 15 1.19 -0.2
2024_0416_02:09:27 15 49.55 99.63
2024_0416_02:10:06 15 98.78 48.29
2024_0416_02:10:54 15 2.24 2.77
2024_0416_02:11:43 15 51.64 94.88
2024_0416_02:12:06 15 48.73 48.48
2024_0416_02:12:36 15 82.87 89.48
2024_0416_02:12:39 15 48.88 80.83
2024_0416_02:12:45 15 1.31 0.23
2024_0416_02:12:57 15 0.42 -0.87
2024_0416_02:13:08 15 0.06 0.03
2024_0416_02:13:37 15 0.51 0.34
2024_0416_02:13:50 15 32.93 -33.11
2024_0416_02:15:16 15 -16.47 15.92
2024_0416_02:15:31 15 27.64 -26.01
2024_0416_02:15:46 15 -0.35 -1.61
2024_0416_02:15:53 15 89.19 99.34
2024_0416_02:16:09 15 99.51 99.16
2024_0416_02:16:12 15 -2.56 -0.34
2024_0416_02:17:26 15 99.58 98.98
2024_0416_02:18:03 15 -7.67 10.08
2024_0416_02:18:10 15 0.03 0.41
2024_0416_02:18:41 15 99.33 48.33
2024_0416_02:18:42 15 -0.4 0.57
2024_0416_02:18:44 15 0.0 -0.22
2024_0416_02:18:53 15 2.05 2.04
2024_0416_02:19:02 15 -7.42 9.53
2024_0416_02:19:46 15 42.14 59.7
2024_0416_02:20:00 15 1.63 -0.14
2024_0416_02:21:16 15 48.99 9.47
2024_0416_02:22:01 15 98.81 48.61
2024_0416_02:22:10 15 47.49 45.79
2024_0416_02:22:22 15 45.61 -0.88
2024_0416_02:22:43 15 90.21 98.32
2024_0416_02:23:59 15 -0.86 -0.07
2024_0416_02:24:21 15 -0.6 0.97
2024_0416_02:24:37 15 22.17 21.35
2024_0416_02:24:42 15 -21.47 20.37
2024_0416_02:24:44 15 99.56 98.23
2024_0416_02:24:55 15 -1.94 0.47
2024_0416_02:24:55 15 13.56 13.6
2024_0416_02:25:11 15 -1.04 -1.58
2024_0416_02:25:34 15 -1.18 -1.47
2024_0416_02:26:02 15 48.17 97.8
2024_0416_02:26:34 15 -0.84 1.41
2024_0416_02:27:26 15 55.11 98.85
2024_0416_02:28:14 15 16.57 -1.87
2024_0416_02:28:27 15 -0.25 -0.78
2024_0416_02:28:54 15 3.7 -3.98
2024_0416_02:29:13 15 58.65 99.34
2024_0416_02:30:02 15 -0.08 -1.74
2024_0416_02:30:46 16 6.95 12.36
2024_0416_02:30:50 15 49.99 -99.98
2024_0416_02:30:59 16 19.55 -19.84
2024_0416_02:31:00 16 0.49 -0.41
2024_0416_02:31:00 16 -0.75 -0.08
2024_0416_02:31:05 15 2.08 -2.24
2024_0416_02:31:14 16 -8.66 10.66
2024_0416_02:31:37 16 43.57 -0.45
2024_0416_02:32:07 16 50.0 99.66
2024_0416_02:32:59 16 17.8 -16.39
2024_0416_02:33:43 16 47.11 46.06
2024_0416_02:34:48 16 0.19 -17.06
2024_0416_02:35:06 16 99.4 77.27
2024_0416_02:35:14 16 15.4 -15.86
2024_0416_02:35:35 16 91.56 94.61
2024_0416_02:36:05 16 83.93 98.62
2024_0416_02:36:54 16 30.67 42.47
2024_0416_02:36:58 16 16.2 -16.17
2024_0416_02:37:02 16 22.31 44.49
2024_0416_02:37:06 16 97.08 92.57
2024_0416_02:37:11 16 0.33 0.66
2024_0416_02:37:12 16 -0.87 0.51
2024_0416_02:37:31 16 0.74 0.69
2024_0416_02:37:39 16 72.87 99.1
2024_0416_02:38:08 16 0.44 -1.53
2024_0416_02:39:24 16 46.77 99.62
2024_0416_02:39:55 16 75.27 98.81
2024_0416_02:41:13 16 83.01 48.61
2024_0416_02:41:18 16 0.41 -0.27
2024_0416_02:41:40 16 16.14 -16.48
2024_0416_02:42:04 16 16.48 -15.82
2024_0416_02:42:10 16 75.5 99.38
2024_0416_02:42:54 16 -36.01 25.08
2024_0416_02:42:58 16 68.04 99.44
2024_0416_02:43:02 16 -7.11 6.2
2024_0416_02:43:10 16 2.03 -0.7
2024_0416_02:43:13 16 10.61 13.09
2024_0416_02:43:34 16 0.77 -1.83
2024_0416_02:43:46 16 -0.62 0.67
2024_0416_02:44:06 16 10.32 -9.78
2024_0416_02:44:24 16 -0.48 0.39
2024_0416_02:45:48 16 -0.26 1.95
2024_0416_02:45:52 16 99.04 98.22
2024_0416_02:47:11 16 13.4 9.47
2024_0416_02:47:44 16 49.62 59.29
2024_0416_02:47:58 16 42.2 52.22
2024_0416_02:48:10 16 0.49 -0.37
2024_0416_02:48:43 16 94.79 99.16
2024_0416_02:48:48 16 -1.66 25.76
2024_0416_02:48:54 16 48.91 81.64
2024_0416_02:48:55 16 1.26 0.44
2024_0416_02:49:04 16 -1.91 -0.08
2024_0416_02:49:08 16 47.69 73.76
2024_0416_02:49:32 16 79.67 74.58
2024_0416_02:49:58 16 -1.07 2.01
2024_0416_02:50:19 16 73.91 58.54
2024_0416_02:50:53 16 -0.69 0.88
2024_0416_02:51:43 16 99.51 99.12
2024_0416_02:52:28 16 -10.06 10.17
2024_0416_02:53:08 16 72.62 41.71
2024_0416_02:53:52 16 61.38 99.22
2024_0416_02:54:14 16 99.03 80.27
2024_0416_02:54:38 16 1.47 -1.45
2024_0416_02:54:42 16 37.48 54.33
2024_0416_02:54:48 16 0.02 -1.24
2024_0416_02:54:50 16 43.52 7.73
2024_0416_02:54:58 16 49.18 99.65
2024_0416_02:55:03 16 99.61 86.0
2024_0416_02:55:12 16 34.84 97.97
2024_0416_02:55:24 16 29.2 -19.01
2024_0416_02:55:50 16 25.0 -25.0
2024_0416_02:56:48 16 31.95 16.14
2024_0416_02:57:26 16 99.35 72.44
2024_0416_02:58:59 16 89.48 99.71
2024_0416_02:59:06 16 43.39 80.89
2024_0416_02:59:48 16 48.75 58.01
2024_0416_03:00:11 16 -0.1 0.65
2024_0416_03:00:34 16 99.23 99.23
2024_0416_03:00:41 16 0.48 -0.02
2024_0416_03:00:49 16 78.84 98.15
2024_0416_03:00:51 16 84.74 46.46
2024_0416_03:01:05 16 89.86 97.07
2024_0416_03:01:09 16 49.37 82.3
2024_0416_03:01:11 16 -2.66 20.85
2024_0416_03:01:16 16 2.39 0.08
2024_0416_03:01:39 16 -99.98 -49.98
2024_0416_03:01:48 16 9.8 -10.56
2024_0416_03:03:15 16 0.19 1.58
2024_0416_03:05:00 16 -0.38 0.05
2024_0416_03:05:29 16 -0.87 -0.27
2024_0416_03:06:05 16 75.24 49.61
2024_0416_03:06:33 16 -10.08 9.16
2024_0416_03:06:40 16 -16.66 18.72
2024_0416_03:06:45 16 49.99 99.98
2024_0416_03:07:14 16 12.39 26.37
2024_0416_03:07:21 16 -1.03 -0.03
2024_0416_03:07:35 16 15.56 21.17
2024_0416_03:07:36 16 84.58 99.37
2024_0416_03:07:41 16 99.59 99.57
2024_0416_03:08:23 16 49.33 72.3
2024_0416_03:08:52 16 -0.19 -0.02
2024_0416_03:09:29 16 -1.39 5.7
2024_0416_03:09:39 16 11.18 5.77
2024_0416_03:09:46 16 55.85 64.87
2024_0416_03:10:56 16 6.58 -1.23
2024_0416_03:11:42 16 49.99 99.98
2024_0416_03:11:58 16 0.45 0.81
2024_0416_03:12:27 16 12.89 10.86
2024_0416_03:12:41 16 48.74 98.7
2024_0416_03:13:13 16 99.98 99.98
2024_0416_03:13:17 16 1.91 0.31
2024_0416_03:13:31 16 -1.19 48.89
2024_0416_03:13:41 16 85.15 49.71
2024_0416_03:14:01 16 41.62 -37.51
2024_0416_03:14:32 16 49.62 67.69
2024_0416_03:14:59 16 78.08 34.11
2024_0416_03:15:26 16 44.87 -6.1
2024_0416_03:15:48 16 0.42 0.66
2024_0416_03:16:51 16 0.34 -0.71
2024_0416_03:17:08 16 -10.04 7.12
2024_0416_03:17:46 16 0.37 2.08
2024_0416_03:17:57 16 1.44 0.45
2024_0416_03:18:21 16 0.73 0.2
2024_0416_03:18:28 16 0.27 -0.11
2024_0416_03:18:41 16 91.62 99.42
2024_0416_03:19:08 16 30.85 16.49
2024_0416_03:19:16 16 0.31 -0.14
2024_0416_03:19:30 16 99.84 93.41
2024_0416_03:19:48 16 46.44 81.88
2024_0416_03:20:41 16 78.6 39.3
2024_0416_03:21:08 16 -10.49 11.4
2024_0416_03:21:26 16 -0.43 0.49
2024_0416_03:21:57 16 13.98 -7.07
2024_0416_03:22:54 16 -0.24 -0.15
2024_0416_03:23:14 17 -15.35 47.83
2024_0416_03:23:18 17 99.09 45.34
2024_0416_03:23:59 17 10.42 54.68
2024_0416_03:24:00 17 98.87 86.55
2024_0416_03:24:22 17 16.29 32.12
2024_0416_03:24:28 17 -2.66 -0.78
2024_0416_03:24:44 17 52.48 49.63
2024_0416_03:25:22 17 0.75 -0.55
2024_0416_03:25:25 17 4.09 14.37
2024_0416_03:25:38 17 -0.56 -0.07
2024_0416_03:26:01 17 -1.2 -0.27
2024_0416_03:26:51 17 98.01 98.94
2024_0416_03:27:20 17 15.25 22.9
2024_0416_03:27:33 17 -0.76 -1.04
2024_0416_03:28:03 17 39.62 -39.88
2024_0416_03:28:56 17 72.78 99.49
2024_0416_03:29:19 17 0.11 -0.33
2024_0416_03:29:21 17 1.29 1.11
2024_0416_03:30:02 17 99.38 62.92
2024_0416_03:30:03 17 -0.05 -0.2
2024_0416_03:30:19 17 1.3 0.3
2024_0416_03:30:29 17 32.53 29.21
2024_0416_03:30:42 17 17.55 35.13
2024_0416_03:31:19 17 -6.43 5.86
2024_0416_03:31:21 17 -0.73 1.41
2024_0416_03:31:35 17 -49.58 50.57
2024_0416_03:32:03 17 -15.62 58.3
2024_0416_03:32:55 17 56.02 -8.3
2024_0416_03:33:27 17 9.44 2.59
2024_0416_03:33:36 17 40.18 -40.29
2024_0416_03:34:09 17 78.48 99.42
2024_0416_03:34:57 17 56.22 58.9
2024_0416_03:35:19 17 17.44 10.62
2024_0416_03:35:26 17 2.4 -0.66
2024_0416_03:36:07 17 70.7 83.18
2024_0416_03:36:10 17 56.83 80.03
2024_0416_03:36:21 17 48.38 40.87
2024_0416_03:36:31 17 99.4 79.21
2024_0416_03:36:47 17 -7.22 7.35
2024_0416_03:37:22 17 46.68 88.17
2024_0416_03:37:23 17 70.61 75.53
2024_0416_03:37:54 17 89.6 66.62
2024_0416_03:38:07 17 95.71 54.78
2024_0416_03:38:53 17 0.13 0.45
2024_0416_03:39:32 17 97.92 76.06
2024_0416_03:39:33 17 -10.2 17.15
2024_0416_03:40:12 17 57.74 37.46
2024_0416_03:41:00 17 16.99 -8.83
2024_0416_03:41:15 17 23.18 19.03
2024_0416_03:41:29 17 0.7 -0.26
2024_0416_03:42:09 17 -0.8 -1.69
2024_0416_03:42:10 17 98.5 99.54
2024_0416_03:42:17 17 -9.66 8.89
2024_0416_03:42:49 17 74.58 99.22
2024_0416_03:42:55 17 81.67 98.92
2024_0416_03:43:17 17 8.98 -9.56
2024_0416_03:43:50 17 4.0 -4.76
2024_0416_03:44:07 17 -1.74 -0.39
2024_0416_03:45:00 17 31.2 34.57
2024_0416_03:45:40 17 12.48 16.05
2024_0416_03:45:48 17 0.11 16.51
2024_0416_03:46:21 17 -50.01 50.01
2024_0416_03:46:22 17 92.55 99.3
2024_0416_03:46:59 17 54.95 99.46
2024_0416_03:47:14 17 99.4 73.71
2024_0416_03:47:31 17 0.73 0.76
2024_0416_03:48:05 17 33.49 15.79
2024_0416_03:48:14 17 0.04 -1.14
2024_0416_03:48:22 17 26.61 -0.39
2024_0416_03:48:48 17 8.74 5.3
2024_0416_03:49:15 17 46.4 69.61
2024_0416_03:50:15 17 79.26 40.21
2024_0416_03:51:05 17 12.03 19.67
2024_0416_03:51:48 17 1.25 0.19
2024_0416_03:51:49 17 34.66 78.85
2024_0416_03:52:18 17 -0.41 0.21
2024_0416_03:52:34 17 -0.17 19.97
2024_0416_03:52:56 17 -0.03 0.7
2024_0416_03:52:57 17 -20.55 19.55
2024_0416_03:53:07 17 98.96 73.54
2024_0416_03:53:38 17 0.84 0.78
2024_0416_03:54:07 17 62.69 97.78
2024_0416_03:54:10 17 98.49 98.49
2024_0416_03:54:24 17 17.26 8.74
2024_0416_03:54:43 17 9.42 -9.84
2024_0416_03:55:12 17 -10.26 10.25
2024_0416_03:55:21 17 -2.2 -3.27
2024_0416_03:56:20 17 -8.15 9.12
2024_0416_03:57:13 17 11.65 -13.56
2024_0416_03:57:52 17 81.89 49.37
2024_0416_03:57:56 17 0.91 -1.03
2024_0416_03:58:16 17 -5.57 5.67
2024_0416_03:58:38 17 -0.03 12.59
2024_0416_03:58:52 17 -0.6 0.68
2024_0416_03:58:52 17 -1.97 1.11
2024_0416_03:59:09 17 70.25 90.1
2024_0416_03:59:36 17 99.3 99.56
2024_0416_04:00:06 17 -10.63 9.34
2024_0416_04:00:07 17 0.33 -1.29
2024_0416_04:00:29 17 -0.53 1.11
2024_0416_04:00:39 17 -25.75 25.28
2024_0416_04:01:16 17 66.39 93.63
2024_0416_04:02:20 17 -1.31 -1.8
2024_0416_04:03:12 17 -0.02 1.11
2024_0416_04:03:46 17 0.19 -0.24
2024_0416_04:03:53 17 -0.84 0.16
2024_0416_04:04:37 17 -9.56 11.3
2024_0416_04:04:49 17 -2.2 -3.1
2024_0416_04:04:55 17 0.06 47.8
2024_0416_04:05:09 17 -4.05 1.57
2024_0416_04:05:36 17 89.89 99.33
2024_0416_04:05:59 17 14.14 14.54
2024_0416_04:06:02 17 -0.94 -0.86
2024_0416_04:06:04 17 -11.93 9.93
2024_0416_04:06:27 17 -4.43 -1.21
2024_0416_04:06:35 17 1.37 1.06
2024_0416_04:07:21 17 2.53 0.63
2024_0416_04:08:43 17 2.07 -3.23
2024_0416_04:09:09 17 99.18 99.03
2024_0416_04:09:42 17 -0.32 1.42
2024_0416_04:09:53 17 10.02 2.61
2024_0416_04:10:08 17 -0.54 0.64
2024_0416_04:10:38 17 77.09 48.88
2024_0416_04:10:44 17 -0.43 0.24
2024_0416_04:10:52 17 4.18 19.4
2024_0416_04:11:28 17 -0.84 0.62
2024_0416_04:11:58 17 -0.16 0.42
2024_0416_04:11:59 17 -5.99 2.24
2024_0416_04:12:06 17 99.17 37.72
2024_0416_04:12:24 17 0.48 -0.81
2024_0416_04:12:26 17 47.9 96.29
2024_0416_04:13:19 17 18.11 -0.2
2024_0416_04:14:35 17 5.73 -11.57
2024_0416_04:15:02 17 49.52 -50.44
2024_0416_04:15:41 17 99.49 99.62
2024_0416_04:15:45 17 52.23 45.97
2024_0416_04:16:08 17 -0.9 14.06
2024_0416_04:16:34 17 44.99 -13.1
2024_0416_04:16:37 17 -0.38 -0.87
2024_0416_04:16:51 17 75.44 7.8
2024_0416_04:17:20 17 13.49 12.41
2024_0416_04:17:56 17 0.56 -0.99
2024_0416_04:18:10 17 80.02 82.69
2024_0416_04:18:17 17 0.47 -0.05
2024_0416_04:19:17 17 20.11 40.5
2024_0416_04:19:35 17 0.78 1.31
2024_0416_04:20:02 17 52.77 87.8
2024_0416_04:20:30 18 75.19 99.08
2024_0416_04:20:52 18 -14.81 14.59
2024_0416_04:21:35 18 99.98 -99.98
2024_0416_04:21:43 18 -42.25 46.29
2024_0416_04:21:58 18 47.74 -48.01
2024_0416_04:22:25 18 0.09 -1.28
2024_0416_04:22:32 18 98.81 99.43
2024_0416_04:22:42 18 99.67 98.68
2024_0416_04:23:16 18 17.62 32.8
2024_0416_04:23:39 18 16.99 13.88
2024_0416_04:23:42 18 33.34 -5.04
2024_0416_04:24:00 18 48.93 47.23
2024_0416_04:24:12 18 44.87 42.31
2024_0416_04:25:05 18 49.74 -0.5
2024_0416_04:25:34 18 2.78 16.5
2024_0416_04:25:49 18 0.29 -0.78
2024_0416_04:26:23 18 -0.95 -1.0
2024_0416_04:26:53 18 0.14 -0.29
2024_0416_04:27:38 18 9.76 -3.19
2024_0416_04:27:48 18 26.82 28.8
2024_0416_04:27:48 18 98.88 49.77
2024_0416_04:28:18 18 81.87 81.14
2024_0416_04:28:29 18 6.99 -2.19
2024_0416_04:28:34 18 -6.31 44.28
2024_0416_04:29:00 18 0.24 -0.99
2024_0416_04:29:28 18 79.82 42.8
2024_0416_04:29:35 18 98.34 98.86
2024_0416_04:29:48 18 -1.1 8.58
2024_0416_04:29:59 18 99.61 99.28
2024_0416_04:30:49 18 -0.13 -1.02
2024_0416_04:31:26 18 99.05 70.68
2024_0416_04:31:33 18 26.27 44.63
2024_0416_04:32:16 18 0.71 0.43
2024_0416_04:32:41 18 -9.52 9.75
2024_0416_04:33:29 18 -0.31 -0.44
2024_0416_04:33:40 18 49.02 54.08
2024_0416_04:33:50 18 48.62 97.75
2024_0416_04:33:59 18 1.18 2.66
2024_0416_04:34:13 18 13.6 -10.0
2024_0416_04:34:23 18 -0.63 -1.63
2024_0416_04:35:16 18 43.58 96.46
2024_0416_04:35:22 18 -4.51 4.47
2024_0416_04:35:28 18 -0.02 1.05
2024_0416_04:35:42 18 47.95 1.4
2024_0416_04:37:09 18 86.08 76.75
2024_0416_04:37:18 18 12.35 9.63
2024_0416_04:38:14 18 0.06 1.83
2024_0416_04:38:26 18 20.56 22.3
2024_0416_04:39:14 18 17.79 40.66
2024_0416_04:39:21 18 0.3 0.02
2024_0416_04:39:36 18 0.89 -1.05
2024_0416_04:39:44 18 99.25 93.52
2024_0416_04:39:50 18 54.41 53.94
2024_0416_04:39:55 18 49.18 98.95
2024_0416_04:40:07 18 0.16 0.14
2024_0416_04:40:59 18 4.93 -1.78
2024_0416_04:41:08 18 -6.9 50.01
2024_0416_04:41:10 18 -0.15 0.52
2024_0416_04:41:23 18 38.14 34.9
2024_0416_04:41:32 18 3.13 37.68
2024_0416_04:42:54 18 0.13 1.19
2024_0416_04:43:02 18 91.04 66.65
2024_0416_04:43:58 18 -31.79 48.88
2024_0416_04:44:10 18 -9.71 29.39
2024_0416_04:44:57 18 44.93 46.45
2024_0416_04:45:02 18 99.99 -99.99
2024_0416_04:45:28 18 86.93 99.44
2024_0416_04:45:33 18 0.0 1.46
2024_0416_04:45:55 18 -36.87 41.96
2024_0416_04:45:55 18 86.19 99.18
2024_0416_04:46:16 18 98.94 99.45
2024_0416_04:46:36 18 -1.3 -1.0
2024_0416_04:46:53 18 23.17 25.72
2024_0416_04:46:54 18 73.7 27.2
2024_0416_04:47:08 18 49.12 98.74
2024_0416_04:47:30 18 28.3 99.68
2024_0416_04:48:43 18 31.67 72.46
2024_0416_04:48:48 18 -19.52 20.51
2024_0416_04:49:44 18 -13.02 13.16
2024_0416_04:49:50 18 -0.62 -1.83
2024_0416_04:50:41 18 49.26 99.52
2024_0416_04:51:00 18 48.76 99.68
2024_0416_04:51:15 18 99.16 49.74
2024_0416_04:51:40 18 -0.58 -0.09
2024_0416_04:51:52 18 1.91 -0.52
2024_0416_04:52:17 18 47.95 99.48
2024_0416_04:52:31 18 -13.59 11.53
2024_0416_04:52:35 18 9.1 15.45
2024_0416_04:52:55 18 99.46 84.08
2024_0416_04:54:27 18 19.94 8.61
2024_0416_04:54:37 18 -1.31 -0.05
2024_0416_04:54:52 18 0.17 -0.88
2024_0416_04:55:14 18 99.08 66.35
2024_0416_04:55:26 18 -2.73 2.77
2024_0416_04:55:34 18 1.0 7.15
2024_0416_04:56:12 18 0.0 0.02
2024_0416_04:56:14 18 75.34 96.9
2024_0416_04:56:39 18 99.14 99.47
2024_0416_04:56:50 18 73.3 33.92
2024_0416_04:57:26 18 42.13 -0.11
2024_0416_04:57:35 18 85.64 99.18
2024_0416_04:57:51 18 0.12 0.37
2024_0416_04:58:09 18 -4.33 47.87
2024_0416_04:58:42 18 6.69 11.34
2024_0416_04:58:53 18 1.23 9.48
2024_0416_05:00:11 18 -1.25 1.77
2024_0416_05:00:12 18 0.01 3.64
2024_0416_05:00:36 18 9.11 -9.65
2024_0416_05:00:52 18 74.63 68.41
2024_0416_05:01:18 18 98.73 99.48
2024_0416_05:01:22 18 -0.15 1.46
2024_0416_05:01:41 18 0.65 -0.42
2024_0416_05:02:00 18 49.44 98.7
2024_0416_05:02:13 18 6.09 12.77
2024_0416_05:02:37 18 81.69 99.03
2024_0416_05:03:01 18 50.37 21.12
2024_0416_05:03:28 18 49.98 -49.98
2024_0416_05:03:28 18 99.56 99.16
2024_0416_05:03:45 18 26.97 27.5
2024_0416_05:04:18 18 1.08 7.02
2024_0416_05:04:34 18 50.01 -99.73
2024_0416_05:06:03 18 84.11 96.6
2024_0416_05:06:06 18 -0.4 1.26
2024_0416_05:06:23 18 47.79 98.75
2024_0416_05:06:31 18 11.5 -6.24
2024_0416_05:06:58 18 0.41 -0.08
2024_0416_05:07:06 18 -1.32 0.49
2024_0416_05:07:21 18 -1.34 1.89
2024_0416_05:07:32 18 -2.6 5.5
2024_0416_05:07:51 18 11.3 -6.1
2024_0416_05:08:14 18 66.0 72.37
2024_0416_05:08:45 18 98.34 98.53
2024_0416_05:09:06 18 -0.01 0.33
2024_0416_05:09:18 18 17.15 5.2
2024_0416_05:09:24 18 0.4 -2.01
2024_0416_05:09:55 18 -0.83 0.64
2024_0416_05:10:20 18 -1.72 -0.53
2024_0416_05:11:42 18 -1.11 1.06
2024_0416_05:11:54 18 55.11 54.84
2024_0416_05:12:09 18 65.26 -8.16
2024_0416_05:12:09 18 0.2 -0.11
2024_0416_05:12:44 18 94.63 99.67
2024_0416_05:12:59 18 63.43 99.62
2024_0416_05:13:06 18 98.92 99.07
2024_0416_05:13:10 18 0.87 -1.37
2024_0416_05:13:24 18 49.66 99.19
2024_0416_05:13:49 18 -7.76 7.6
2024_0416_05:14:24 18 90.06 99.03
2024_0416_05:14:40 18 9.95 -10.11
2024_0416_05:14:59 18 15.72 13.36
2024_0416_05:14:59 18 99.31 46.8
2024_0416_05:15:30 18 -0.75 0.65
2024_0416_05:17:19 18 0.05 0.06
2024_0416_05:17:36 18 19.84 45.93
2024_0416_05:17:46 18 10.34 8.58
2024_0416_05:17:55 18 49.66 -1.67
2024_0416_05:18:37 18 -9.86 9.98
2024_0416_05:18:43 18 1.74 -0.05
2024_0416_05:18:53 18 -10.6 43.07
2024_0416_05:19:01 18 8.09 -8.73
2024_0416_05:19:30 18 49.12 92.48
2024_0416_05:20:03 18 5.18 12.44
2024_0416_05:20:19 18 -49.99 49.99
2024_0416_05:20:37 19 -0.15 0.29
2024_0416_05:20:45 18 83.36 81.22
2024_0416_05:20:46 18 -2.7 -0.4
2024_0416_05:21:23 19 2.24 -0.03
2024_0416_05:22:45 19 2.73 -8.46
2024_0416_05:23:14 19 93.29 47.94
2024_0416_05:23:29 19 -13.87 13.41
2024_0416_05:23:35 19 99.53 49.45
2024_0416_05:23:47 19 0.94 -1.09
2024_0416_05:24:19 19 48.95 99.32
2024_0416_05:24:27 19 48.02 98.97
2024_0416_05:24:41 19 90.01 47.0
2024_0416_05:25:09 19 -0.28 -1.06
2024_0416_05:25:48 19 98.52 84.29
2024_0416_05:26:06 19 -0.82 -1.81
2024_0416_05:26:20 19 1.43 0.6
2024_0416_05:26:27 19 -2.11 0.01
2024_0416_05:26:30 19 -1.1 0.68
2024_0416_05:27:03 19 -0.05 -0.03
2024_0416_05:28:12 19 -1.48 1.56
2024_0416_05:28:25 19 -9.09 10.15
2024_0416_05:28:59 19 99.21 96.43
2024_0416_05:29:08 19 1.26 0.3
2024_0416_05:29:11 19 1.05 -2.19
2024_0416_05:29:36 19 41.59 46.76
2024_0416_05:30:01 19 -0.07 -1.5
2024_0416_05:30:17 19 49.89 78.63
2024_0416_05:30:42 19 1.37 0.81
2024_0416_05:30:59 19 49.54 24.89
2024_0416_05:31:28 19 -0.74 -0.5
2024_0416_05:31:47 19 1.22 -1.77
2024_0416_05:32:05 19 -0.31 0.05
2024_0416_05:32:10 19 0.69 86.18
2024_0416_05:32:14 19 56.57 49.55
2024_0416_05:34:03 19 13.03 -14.04
2024_0416_05:34:41 19 33.68 5.14
2024_0416_05:34:55 19 53.05 64.11
2024_0416_05:34:58 19 2.87 4.2
2024_0416_05:35:18 19 0.23 -1.47
2024_0416_05:36:01 19 4.06 -0.21
2024_0416_05:36:23 19 -1.87 0.6
2024_0416_05:36:36 19 -0.28 -0.12
2024_0416_05:37:12 19 0.68 -1.36
2024_0416_05:37:20 19 -29.48 33.22
2024_0416_05:37:38 19 0.06 5.09
2024_0416_05:37:44 19 92.04 99.59
2024_0416_05:37:46 19 2.92 -0.35
2024_0416_05:37:57 19 17.55 -15.14
2024_0416_05:39:40 19 16.36 -16.68
2024_0416_05:39:44 19 19.46 47.85
2024_0416_05:40:22 19 -0.49 -0.16
2024_0416_05:40:36 19 13.98 11.84
2024_0416_05:40:42 19 3.88 -3.34
2024_0416_05:41:03 19 97.77 87.17
2024_0416_05:41:08 19 -8.3 19.96
2024_0416_05:41:43 19 1.67 -1.47
2024_0416_05:42:07 19 -0.42 46.2
2024_0416_05:42:23 19 98.52 49.72
2024_0416_05:42:55 19 91.85 18.67
2024_0416_05:43:15 19 1.48 0.3
2024_0416_05:43:26 19 -0.6 -1.61
2024_0416_05:43:30 19 96.74 86.51
2024_0416_05:43:45 19 21.46 -19.91
2024_0416_05:45:22 19 95.48 99.24
2024_0416_05:45:31 19 3.18 2.16
2024_0416_05:46:05 19 15.58 7.81
2024_0416_05:46:30 19 -4.87 7.26
2024_0416_05:46:46 19 42.05 48.01
2024_0416_05:47:00 19 49.89 99.26
2024_0416_05:47:26 19 -1.31 1.72
2024_0416_05:47:28 19 1.41 0.37
2024_0416_05:47:53 19 49.31 97.8
2024_0416_05:48:14 19 -2.36 1.14
2024_0416_05:48:38 19 -49.98 49.91
2024_0416_05:49:00 19 -0.8 0.98
2024_0416_05:49:22 19 0.86 -0.64
2024_0416_05:49:26 19 0.55 -0.16
2024_0416_05:49:31 19 -1.06 1.14
2024_0416_05:51:08 19 50.0 -49.49
2024_0416_05:51:21 19 1.72 -0.63
2024_0416_05:52:02 19 21.65 -19.67
2024_0416_05:52:20 19 9.75 -11.93
2024_0416_05:52:38 19 25.12 -26.45
2024_0416_05:53:10 20 -0.94 -0.84
2024_0416_05:53:26 20 99.67 22.11
2024_0416_05:53:52 20 20.49 5.86
2024_0416_05:54:06 20 98.98 99.16
2024_0416_05:54:36 20 1.0 0.36
2024_0416_05:54:53 20 34.21 45.72
2024_0416_05:55:03 20 9.87 48.41
2024_0416_05:55:10 20 49.99 -49.99
2024_0416_05:55:17 20 0.62 0.74
2024_0416_05:55:32 20 38.16 78.28
2024_0416_05:57:08 20 21.66 46.81
2024_0416_05:57:14 20 -2.6 1.03
2024_0416_05:57:52 20 99.93 99.98
2024_0416_05:58:12 20 -12.05 2.19
2024_0416_05:58:29 20 -9.96 55.89
2024_0416_05:58:32 20 -1.03 6.1
2024_0416_05:59:01 20 -1.41 6.93
2024_0416_05:59:28 20 97.98 48.99
2024_0416_05:59:44 20 -0.7 0.97
2024_0416_05:59:57 20 8.0 5.3
2024_0416_06:00:46 20 53.17 69.92
2024_0416_06:01:02 20 37.2 28.53
2024_0416_06:01:13 20 99.27 71.97
2024_0416_06:01:26 20 -0.36 0.3
2024_0416_06:01:27 20 1.7 0.15
2024_0416_06:01:29 20 97.96 99.31
2024_0416_06:02:57 20 0.82 0.59
2024_0416_06:03:03 20 -11.33 11.99
2024_0416_06:04:06 20 12.79 -0.16
2024_0416_06:04:24 20 10.13 -7.44
2024_0416_06:04:27 20 -0.99 -0.67
2024_0416_06:04:48 20 99.34 98.92
2024_0416_06:05:21 20 19.75 -16.82
2024_0416_06:05:33 20 -0.02 0.02
2024_0416_06:06:37 20 84.43 43.9
2024_0416_06:06:53 20 99.39 79.02
2024_0416_06:07:00 20 0.01 -0.28
2024_0416_06:07:15 20 -11.94 12.03
2024_0416_06:07:23 20 -1.45 -0.46
2024_0416_06:07:33 20 0.0 -1.06
2024_0416_06:08:44 20 47.72 47.87
2024_0416_06:08:47 20 99.12 99.19
2024_0416_06:09:31 20 99.25 94.32
2024_0416_06:09:33 20 49.99 99.98
2024_0416_06:09:56 20 2.17 4.86
2024_0416_06:10:14 20 50.0 -50.1
2024_0416_06:10:15 20 -3.08 6.27
2024_0416_06:10:27 20 2.38 1.28
2024_0416_06:11:10 20 -0.05 0.73
2024_0416_06:11:22 20 98.81 98.59
2024_0416_06:12:28 20 12.52 -0.74
2024_0416_06:12:45 20 99.23 98.84
2024_0416_06:12:52 20 39.51 44.03
2024_0416_06:12:58 20 10.28 12.23
2024_0416_06:13:12 20 97.92 20.62
2024_0416_06:13:30 20 98.34 97.58
2024_0416_06:14:36 20 -11.59 16.71
2024_0416_06:14:37 20 9.37 11.15
2024_0416_06:15:17 20 -0.38 42.62
2024_0416_06:15:28 20 -0.19 0.76
2024_0416_06:15:49 20 -0.65 0.17
2024_0416_06:16:09 20 36.4 33.3
2024_0416_06:16:14 20 99.29 99.33
2024_0416_06:16:55 20 11.29 10.72
2024_0416_06:16:57 20 99.98 49.99
2024_0416_06:17:16 20 89.75 74.81
2024_0416_06:18:13 20 -18.62 23.84
2024_0416_06:18:33 20 41.7 27.09
2024_0416_06:18:43 20 11.17 -12.37
2024_0416_06:18:46 20 -9.35 11.46
2024_0416_06:19:04 20 39.01 17.54
2024_0416_06:20:24 20 69.51 88.66
2024_0416_06:20:25 20 0.55 1.71
2024_0416_06:20:59 20 0.53 1.44
2024_0416_06:20:59 20 47.28 96.95
2024_0416_06:21:14 20 49.07 75.05
2024_0416_06:21:43 20 99.45 99.26
2024_0416_06:22:00 20 -0.39 99.65
2024_0416_06:22:07 20 1.52 -0.43
2024_0416_06:22:52 20 99.18 45.68
2024_0416_06:22:55 20 0.5 0.98
2024_0416_06:23:03 20 -99.96 99.98
2024_0416_06:24:02 20 49.77 49.96
2024_0416_06:24:23 20 39.97 -39.6
2024_0416_06:24:35 20 81.23 45.8
2024_0416_06:24:37 20 62.61 59.12
2024_0416_06:24:50 20 -1.05 0.45
2024_0416_06:26:10 20 -0.62 -1.42
2024_0416_06:26:20 20 0.75 -0.39
2024_0416_06:26:49 20 49.64 49.81
2024_0416_06:26:52 20 22.82 -25.87
2024_0416_06:27:15 20 -0.92 0.18
2024_0416_06:27:40 20 49.82 -6.37
2024_0416_06:27:48 20 8.21 48.22
2024_0416_06:27:58 20 8.36 -8.9
2024_0416_06:28:38 20 -10.56 25.95
2024_0416_06:28:52 20 55.2 28.76
2024_0416_06:29:47 20 -28.41 28.7
2024_0416_06:30:12 10 98.57 65.22
2024_0416_06:30:18 13 5.06 6.19
2024_0416_06:30:25 13 83.24 99.68
2024_0416_06:30:34 13 12.65 3.38
2024_0416_06:31:55 13 99.28 99.38
2024_0416_06:32:02 13 2.92 -0.43
2024_0416_06:32:07 14 0.73 -0.22
2024_0416_06:32:35 14 0.89 -0.51
2024_0416_06:32:36 14 -3.94 -3.54
2024_0416_06:33:02 14 1.94 -0.91
2024_0416_06:33:27 14 98.51 76.3
2024_0416_06:33:36 15 99.54 84.25
2024_0416_06:33:45 15 99.58 86.86
2024_0416_06:34:23 15 -0.61 0.47
2024_0416_06:34:35 15 26.28 61.73
2024_0416_06:35:29 15 98.96 85.75
2024_0416_06:35:56 15 1.13 0.23
2024_0416_06:36:04 15 99.66 87.16
2024_0416_06:36:19 15 32.91 13.25
2024_0416_06:36:50 15 96.84 39.82
2024_0416_06:37:40 16 0.13 -0.19
2024_0416_06:37:50 16 49.13 48.51
2024_0416_06:37:55 16 -36.91 38.59
2024_0416_06:38:20 16 -0.85 0.15
2024_0416_06:38:22 16 -0.14 7.59
2024_0416_06:38:51 16 7.79 0.3
2024_0416_06:39:09 16 39.53 -40.05
2024_0416_06:39:29 16 1.81 0.18
2024_0416_06:39:30 16 16.43 -17.36
2024_0416_06:40:11 17 76.26 45.33
2024_0416_06:40:22 17 3.01 0.84
2024_0416_06:41:10 17 -49.99 49.99
2024_0416_06:41:46 17 98.88 76.88
2024_0416_06:41:55 17 99.4 62.25
2024_0416_06:42:11 17 0.03 0.1
2024_0416_06:42:41 17 44.09 61.43
2024_0416_06:43:31 17 94.42 99.53
2024_0416_06:43:37 17 9.31 -5.64
2024_0416_06:43:40 17 -10.65 8.2
2024_0416_06:44:08 17 -1.56 1.5
2024_0416_06:44:08 17 42.6 56.26
2024_0416_06:44:40 17 99.23 99.43
2024_0416_06:44:55 17 0.03 0.6
2024_0416_06:45:13 18 -1.35 1.13
2024_0416_06:45:20 18 1.83 38.43
2024_0416_06:45:57 18 -0.86 1.23
2024_0416_06:46:57 18 11.77 -11.41
2024_0416_06:47:34 18 -1.01 0.34
2024_0416_06:47:43 18 53.32 46.36
2024_0416_06:47:57 18 17.58 -16.35
2024_0416_06:48:29 18 20.3 12.41
2024_0416_06:49:16 19 0.18 5.08
2024_0416_06:49:19 19 46.07 45.12
2024_0416_06:49:21 19 16.61 -15.31
2024_0416_06:49:31 19 0.04 -0.34
2024_0416_06:49:56 19 -0.41 0.51
2024_0416_06:49:57 19 98.96 98.01
2024_0416_06:50:29 19 12.43 9.73
2024_0416_06:50:36 19 0.26 -0.73
2024_0416_06:50:57 19 49.86 -39.33
2024_0416_06:51:09 19 -0.59 -1.14
2024_0416_06:51:44 19 0.96 -0.34
2024_0416_06:52:37 20 2.23 0.77
2024_0416_06:53:16 20 99.31 52.23
2024_0416_06:53:19 20 -1.48 -0.54
2024_0416_06:53:37 20 -0.82 -0.24
2024_0416_06:54:08 20 15.39 -1.44
2024_0416_06:54:55 18 -3.87 98.86
2024_0416_06:54:58 20 49.87 -8.99
2024_0416_07:00:09 20 49.97 -49.43
