0.20683000000013646 0.11868500000004831 0.027855000000003193 0.006694999999999811 0.02275500000000163 0.021925000000001377 0.020545000000000955 0.020290000000000877 0.020255000000000866 0.007929999999999762 0.0439749999999993 0.03667500000000213 0.061654999999992445 0.05844999999999369 0.06654999999999617 0.050869999999996626 0.06415999999999378 0.06262999999999225 0.04189000000000011 0.03938000000000108 
2024_0415_14:43:34 11 -0.365 -0.46
2024_0415_14:43:34 4 81.07 98.355
2024_0415_14:43:35 8 88.935 98.845
2024_0415_14:43:36 6 48.8 99.49
2024_0415_14:43:36 2 92.395 99.56
2024_0415_14:43:36 11 99.45 49.07
2024_0415_14:43:36 3 52.655 99.475
2024_0415_14:43:37 2 88.39 99.595
2024_0415_14:43:37 6 81.425 99.215
2024_0415_14:43:37 7 93.535 48.325
2024_0415_14:43:38 10 60.825 99.125
2024_0415_14:43:39 1 73.32 99.56
2024_0415_14:43:39 1 95.27 99.635
2024_0415_14:43:39 9 49.735 99.705
2024_0415_14:43:40 1 74.47 99.49
2024_0415_14:49:35 13 -10.0 78.26
2024_0415_14:49:37 15 -0.065 -0.085
2024_0415_14:49:38 15 0.445 -2.21
2024_0415_14:49:38 20 0.025 0.05
2024_0415_14:49:39 12 16.545 -2.115
2024_0415_14:49:39 13 -48.415 49.985
2024_0415_14:49:40 16 -0.48 -0.46
2024_0415_14:49:40 18 -9.525 10.385
2024_0415_14:49:41 17 0.86 -0.71
2024_0415_14:49:42 14 99.58 99.45
2024_0415_14:49:43 5 74.56 79.665
2024_0415_14:49:51 17 0.3 1.085
2024_0415_14:49:56 20 0.605 0.03
2024_0415_14:50:03 18 29.57 -26.48
2024_0415_14:51:31 19 18.295 16.3
2024_0415_14:57:26 11 -0.215 0.45
2024_0415_14:57:28 1 94.995 99.465
2024_0415_14:57:29 11 -49.99 99.98
2024_0415_14:57:30 8 86.69 99.445
2024_0415_14:57:30 7 85.23 57.07
2024_0415_14:57:31 5 92.91 77.29
2024_0415_14:57:31 3 75.99 98.93
2024_0415_14:57:31 2 82.45 98.955
2024_0415_14:57:31 11 -0.255 0.715
2024_0415_14:57:35 4 47.12 99.42
2024_0415_14:57:37 11 0.135 -0.03
2024_0415_14:57:37 6 74.62 99.435
2024_0415_14:57:37 11 49.495 99.485
2024_0415_14:57:43 9 86.86 99.52
2024_0415_14:57:44 10 93.4 99.635
2024_0415_14:57:49 11 0.73 -1.195
2024_0415_15:03:20 12 -17.475 16.075
2024_0415_15:03:29 13 11.49 -10.69
2024_0415_15:03:29 13 17.795 65.305
2024_0415_15:03:30 11 52.45 32.905
2024_0415_15:03:30 16 -1.5 81.975
2024_0415_15:03:30 15 8.565 30.71
2024_0415_15:03:31 13 87.375 99.625
2024_0415_15:03:31 14 89.165 80.04
2024_0415_15:03:37 13 83.21 98.92
2024_0415_15:03:37 17 -0.225 0.26
2024_0415_15:03:38 19 -0.075 -1.055
2024_0415_15:03:41 18 87.22 99.45
2024_0415_15:03:41 20 49.93 -49.83
2024_0415_15:03:46 20 62.91 98.58
2024_0415_15:09:43 11 99.205 49.84
2024_0415_15:09:44 1 77.125 99.425
2024_0415_15:09:45 5 65.48 49.695
2024_0415_15:09:46 7 91.14 47.805
2024_0415_15:09:46 11 46.945 99.44
2024_0415_15:09:46 6 46.42 99.33
2024_0415_15:09:47 3 85.32 99.585
2024_0415_15:09:49 4 49.02 99.53
2024_0415_15:09:50 10 71.905 97.97
2024_0415_15:09:51 13 -46.255 46.6
2024_0415_15:09:52 11 -0.67 0.46
2024_0415_15:09:52 11 -0.225 0.665
2024_0415_15:09:53 8 90.02 99.34
2024_0415_15:09:56 2 49.15 99.365
2024_0415_15:09:56 12 71.35 90.955
2024_0415_15:10:01 9 71.3 99.545
2024_0415_15:15:33 13 38.06 -0.115
2024_0415_15:15:34 13 -0.82 0.38
2024_0415_15:15:37 14 -0.19 0.165
2024_0415_15:15:39 13 95.765 99.455
2024_0415_15:15:39 16 -25.375 25.215
2024_0415_15:15:41 15 91.36 99.25
2024_0415_15:15:42 13 77.595 99.515
2024_0415_15:15:43 16 43.615 23.22
2024_0415_15:15:45 15 99.39 48.875
2024_0415_15:15:49 16 65.55 89.025
2024_0415_15:16:01 18 -71.815 72.195
2024_0415_15:16:04 18 -1.38 1.18
2024_0415_15:16:05 17 49.745 99.235
2024_0415_15:16:05 16 -0.645 4.69
2024_0415_15:16:07 18 -0.785 0.41
2024_0415_15:16:09 18 -11.715 13.71
2024_0415_15:21:22 18 -0.025 -0.105
2024_0415_15:21:23 19 16.61 -8.735
2024_0415_15:21:24 18 -7.93 28.66
2024_0415_15:21:25 20 -1.115 0.33
2024_0415_15:21:27 19 10.125 44.215
2024_0415_15:21:29 20 0.21 -0.7
2024_0415_15:21:33 20 11.67 -12.455
2024_0415_15:21:34 20 -2.625 3.59
2024_0415_15:27:17 1 75.115 99.325
2024_0415_15:27:20 5 89.62 94.01
2024_0415_15:27:21 11 -0.235 -0.285
2024_0415_15:27:22 7 49.37 55.62
2024_0415_15:27:22 2 92.31 99.53
2024_0415_15:27:23 11 1.275 0.355
2024_0415_15:27:23 8 49.47 98.76
2024_0415_15:27:24 3 93.605 99.42
2024_0415_15:27:26 2 48.745 99.37
2024_0415_15:27:40 11 0.505 -0.63
2024_0415_15:27:40 6 85.36 99.245
2024_0415_15:27:41 11 99.445 79.855
2024_0415_15:27:44 11 -50.0 100.0
2024_0415_15:27:45 10 73.535 99.16
2024_0415_15:27:45 9 72.24 99.48
2024_0415_15:30:15 11 -1.64 1.33
2024_0415_15:32:50 11 0.1 -0.22
2024_0415_15:32:57 11 1.31 -0.755
2024_0415_15:32:59 12 0.485 0.03
2024_0415_15:32:59 12 99.43 99.48
2024_0415_15:33:03 12 -1.12 0.015
2024_0415_15:33:03 12 99.51 99.345
2024_0415_15:33:04 12 99.005 99.42
2024_0415_15:33:04 12 94.745 94.865
2024_0415_15:33:05 12 91.04 98.62
2024_0415_15:33:41 13 50.615 -50.08
2024_0415_15:33:41 12 -12.33 57.31
2024_0415_15:33:43 12 66.21 79.485
2024_0415_15:33:46 13 37.18 7.685
2024_0415_15:33:47 13 99.345 97.445
2024_0415_15:33:48 13 98.495 46.88
2024_0415_15:35:53 13 0.265 -0.985
2024_0415_15:38:33 13 0.285 -0.535
2024_0415_15:38:40 13 -0.27 0.235
2024_0415_15:38:42 14 -0.35 0.26
2024_0415_15:38:42 13 93.81 64.89
2024_0415_15:38:45 14 -0.51 0.06
2024_0415_15:38:46 13 4.175 -0.04
2024_0415_15:38:49 13 32.055 33.47
2024_0415_15:38:50 13 99.6 99.46
2024_0415_15:39:04 14 99.145 99.155
2024_0415_15:39:40 14 1.05 -0.365
2024_0415_15:39:43 14 47.53 92.24
2024_0415_15:39:44 14 -11.545 11.125
2024_0415_15:39:46 14 -2.12 1.29
2024_0415_15:39:51 14 82.745 43.5
2024_0415_15:39:59 14 96.855 99.33
2024_0415_15:41:36 14 1.52 -0.96
2024_0415_15:44:15 14 49.63 48.5
2024_0415_15:44:24 14 -0.065 -0.23
2024_0415_15:44:24 14 0.68 0.105
2024_0415_15:44:31 15 -0.175 -0.045
2024_0415_15:44:38 15 49.22 26.765
2024_0415_15:44:40 15 1.945 0.355
2024_0415_15:44:49 15 -0.78 -1.52
2024_0415_15:44:52 15 -47.315 43.485
2024_0415_15:45:47 15 -0.155 -0.805
2024_0415_15:45:49 15 -1.655 0.37
2024_0415_15:45:50 15 99.405 98.635
2024_0415_15:45:51 15 99.335 83.445
2024_0415_15:45:53 15 -0.415 -0.235
2024_0415_15:46:04 15 97.845 95.525
2024_0415_15:47:18 15 -0.3 1.175
2024_0415_15:49:46 16 30.715 61.24
2024_0415_15:50:00 16 89.36 99.48
2024_0415_15:50:06 16 8.39 -8.81
2024_0415_15:50:07 16 15.685 -17.485
2024_0415_15:50:17 16 10.895 14.4
2024_0415_15:50:21 16 -8.975 10.77
2024_0415_15:50:27 16 -2.115 4.4
2024_0415_15:50:35 17 -79.44 79.925
2024_0415_15:50:35 17 -0.975 0.355
2024_0415_15:51:49 17 0.7 -0.275
2024_0415_15:51:52 17 52.97 70.55
2024_0415_15:51:54 17 -10.27 8.52
2024_0415_15:51:57 17 26.23 22.08
2024_0415_15:51:58 17 -99.98 99.98
2024_0415_15:52:06 17 -0.29 0.0
2024_0415_15:53:03 17 13.16 9.69
2024_0415_15:55:48 18 -99.95 99.91
2024_0415_15:55:49 18 49.985 50.005
2024_0415_15:56:02 18 36.68 0.155
2024_0415_15:56:06 18 49.915 -37.82
2024_0415_15:56:17 18 40.04 -38.525
2024_0415_15:56:18 18 98.495 48.86
2024_0415_15:56:23 18 -29.655 36.335
2024_0415_15:56:43 19 39.33 35.07
2024_0415_15:57:52 19 -0.18 -1.495
2024_0415_15:57:57 19 39.005 -4.845
2024_0415_15:58:03 20 -8.28 88.945
2024_0415_15:58:04 19 -8.0 46.58
2024_0415_15:58:07 20 0.49 4.975
2024_0415_15:58:46 20 -1.58 1.445
2024_0415_15:58:56 20 -0.01 3.555
2024_0415_15:59:56 20 -0.71 -0.56
2024_0415_16:01:18 4 98.25 99.415
2024_0415_16:01:20 15 -0.155 1.29
2024_0415_16:01:32 17 24.52 -5.66
2024_0415_16:01:35 18 99.435 99.17
2024_0415_16:01:55 20 -11.655 14.08
2024_0415_16:07:51 7 82.875 48.125
2024_0415_16:07:51 11 -0.265 -0.065
2024_0415_16:07:52 4 99.165 99.205
2024_0415_16:07:53 10 99.01 99.625
2024_0415_16:07:54 1 81.15 99.05
2024_0415_16:08:05 7 87.1 87.725
2024_0415_16:08:06 5 52.06 84.855
2024_0415_16:08:09 2 84.27 99.64
2024_0415_16:08:12 9 49.72 99.585
2024_0415_16:08:12 8 90.04 99.375
2024_0415_16:08:13 6 96.95 99.34
2024_0415_16:08:14 3 48.505 99.275
2024_0415_16:08:17 2 89.86 99.535
2024_0415_16:08:22 11 -0.33 -0.245
2024_0415_16:08:22 11 49.205 99.39
2024_0415_16:08:29 11 49.595 98.545
2024_0415_16:13:44 11 1.98 -0.335
2024_0415_16:13:46 11 0.91 -1.32
2024_0415_16:13:47 11 1.225 -0.645
2024_0415_16:13:49 12 -2.895 0.5
2024_0415_16:13:51 11 99.275 99.075
2024_0415_16:14:18 12 99.45 80.5
2024_0415_16:14:20 12 -0.485 0.47
2024_0415_16:14:23 12 99.79 48.65
2024_0415_16:14:25 12 99.08 99.315
2024_0415_16:14:26 13 78.185 0.575
2024_0415_16:14:28 12 79.705 99.08
2024_0415_16:14:29 12 -0.91 -0.715
2024_0415_16:14:34 12 98.24 99.29
2024_0415_16:14:39 13 0.805 -0.335
2024_0415_16:14:47 13 -49.965 99.99
2024_0415_16:14:50 13 47.145 99.1
2024_0415_16:19:45 13 -1.54 -1.11
2024_0415_16:19:46 13 99.465 -91.835
2024_0415_16:19:48 13 49.695 75.96
2024_0415_16:19:50 13 0.275 -0.33
2024_0415_16:19:50 13 0.585 0.435
2024_0415_16:20:03 13 -0.715 0.475
2024_0415_16:20:08 13 15.3 14.32
2024_0415_16:20:09 13 -0.125 -0.19
2024_0415_16:20:13 14 99.38 89.5
2024_0415_16:20:15 14 99.545 44.73
2024_0415_16:20:16 14 90.77 99.49
2024_0415_16:20:18 14 99.315 99.5
2024_0415_16:20:21 14 1.42 0.99
2024_0415_16:20:33 14 -2.075 66.905
2024_0415_16:20:35 14 -92.305 99.985
2024_0415_16:20:35 14 0.48 0.005
2024_0415_16:25:45 15 0.095 -0.095
2024_0415_16:25:48 14 79.26 65.06
2024_0415_16:25:50 14 -0.405 1.24
2024_0415_16:25:51 14 96.135 96.84
2024_0415_16:25:52 14 -99.97 49.955
2024_0415_16:25:54 15 -0.23 -0.15
2024_0415_16:25:55 15 99.39 47.17
2024_0415_16:25:56 15 0.355 -0.08
2024_0415_16:25:57 15 -76.91 79.34
2024_0415_16:26:01 15 -32.95 47.91
2024_0415_16:26:01 15 9.93 0.78
2024_0415_16:26:03 15 -0.08 0.925
2024_0415_16:26:13 15 48.875 76.365
2024_0415_16:26:17 15 -0.905 -0.57
2024_0415_16:26:19 15 -0.695 0.23
2024_0415_16:26:41 15 92.755 99.09
2024_0415_16:31:26 16 -0.765 0.65
2024_0415_16:31:34 16 0.015 0.225
2024_0415_16:31:39 16 -99.99 99.99
2024_0415_16:31:39 16 -11.605 10.27
2024_0415_16:31:42 17 19.705 49.815
2024_0415_16:31:49 17 99.675 99.44
2024_0415_16:31:51 16 -0.675 0.62
2024_0415_16:31:52 16 11.9 8.79
2024_0415_16:31:55 16 -0.835 1.78
2024_0415_16:31:56 16 1.33 -0.65
2024_0415_16:31:56 16 -0.31 0.335
2024_0415_16:32:02 17 9.865 -10.04
2024_0415_16:32:02 17 98.895 99.475
2024_0415_16:32:03 17 16.72 25.44
2024_0415_16:32:42 17 -1.175 0.02
2024_0415_16:35:42 17 75.9 99.545
2024_0415_16:37:11 18 0.1 -0.155
2024_0415_16:37:28 18 -0.295 -0.585
2024_0415_16:37:28 18 58.66 48.815
2024_0415_16:37:29 18 -12.58 11.045
2024_0415_16:37:30 18 71.585 99.45
2024_0415_16:37:36 18 0.005 50.0
2024_0415_16:37:50 20 -11.965 74.135
2024_0415_16:37:53 18 0.16 0.19
2024_0415_16:37:54 19 -0.995 -0.1
2024_0415_16:37:57 18 -5.115 5.66
2024_0415_16:37:59 18 49.205 99.165
2024_0415_16:38:01 19 7.945 61.86
2024_0415_16:38:03 19 1.88 3.44
2024_0415_16:38:05 20 27.2 -6.96
2024_0415_16:38:56 20 75.35 99.335
2024_0415_16:42:51 20 0.0 49.995
2024_0415_16:42:53 18 0.045 1.485
2024_0415_16:42:53 17 -0.355 0.335
2024_0415_16:42:55 20 -0.635 50.14
2024_0415_16:44:46 20 99.24 82.165
2024_0415_16:50:30 11 99.535 49.18
2024_0415_16:50:30 1 94.69 99.645
2024_0415_16:50:30 7 50.32 88.215
2024_0415_16:50:30 2 49.51 99.43
2024_0415_16:50:31 6 64.03 99.25
2024_0415_16:50:32 5 88.525 81.37
2024_0415_16:50:32 8 79.75 98.97
2024_0415_16:50:34 2 48.16 99.265
2024_0415_16:50:35 3 69.69 99.445
2024_0415_16:50:43 9 74.805 99.4
2024_0415_16:50:47 2 87.54 99.385
2024_0415_16:50:50 4 91.55 99.485
2024_0415_16:50:51 3 77.64 99.41
2024_0415_16:50:51 9 78.855 99.7
2024_0415_16:50:52 6 78.59 99.355
2024_0415_16:50:52 10 87.82 99.345
2024_0415_16:56:08 11 65.33 15.455
2024_0415_16:56:09 11 -0.365 1.095
2024_0415_16:56:10 11 0.83 0.56
2024_0415_16:56:11 11 -0.445 -0.18
2024_0415_16:56:11 11 1.15 0.815
2024_0415_16:56:11 11 98.98 99.375
2024_0415_16:56:16 11 -50.0 99.995
2024_0415_16:56:17 11 -0.2 -0.73
2024_0415_16:56:20 11 75.185 99.47
2024_0415_16:56:26 11 99.07 49.335
2024_0415_16:56:47 11 -49.965 99.99
2024_0415_16:56:48 11 -1.07 0.985
2024_0415_16:56:52 11 99.06 99.255
2024_0415_16:56:54 11 97.735 99.455
2024_0415_16:56:55 11 77.97 99.47
2024_0415_16:57:00 11 -0.955 -0.405
2024_0415_17:01:48 12 48.655 86.195
2024_0415_17:01:49 12 78.865 79.255
2024_0415_17:01:52 12 45.79 99.375
2024_0415_17:01:52 12 76.855 99.155
2024_0415_17:01:55 12 0.42 -1.2
2024_0415_17:01:56 12 0.2 0.295
2024_0415_17:01:56 12 1.44 0.615
2024_0415_17:01:58 12 99.445 99.175
2024_0415_17:02:05 12 -0.53 -1.49
2024_0415_17:02:07 12 91.22 99.27
2024_0415_17:02:47 12 -0.52 0.32
2024_0415_17:02:49 12 99.545 99.635
2024_0415_17:02:52 12 18.35 21.86
2024_0415_17:02:53 12 0.085 -0.79
2024_0415_17:02:59 12 99.405 99.4
2024_0415_17:03:03 12 99.485 99.44
2024_0415_17:07:29 13 0.505 27.005
2024_0415_17:07:33 13 -0.95 -0.38
2024_0415_17:07:38 13 98.355 54.765
2024_0415_17:07:40 13 69.215 62.09
2024_0415_17:07:41 13 -1.39 0.085
2024_0415_17:07:44 13 99.515 98.905
2024_0415_17:07:45 13 99.375 75.365
2024_0415_17:07:48 13 99.035 47.59
2024_0415_17:07:50 13 48.44 99.26
2024_0415_17:07:56 13 48.535 49.62
2024_0415_17:08:45 13 -0.395 0.17
2024_0415_17:08:49 13 49.125 92.44
2024_0415_17:09:00 13 0.475 0.885
2024_0415_17:09:02 13 99.245 87.64
2024_0415_17:09:02 13 -0.185 1.64
2024_0415_17:09:04 13 48.06 99.435
2024_0415_17:13:09 13 1.595 -0.725
2024_0415_17:13:19 13 -99.98 99.98
2024_0415_17:13:21 13 0.595 0.12
2024_0415_17:13:25 13 99.51 99.42
2024_0415_17:13:25 13 0.03 0.53
2024_0415_17:13:26 13 0.715 -0.625
2024_0415_17:13:30 13 -0.885 0.1
2024_0415_17:13:32 13 98.825 98.94
2024_0415_17:13:35 14 99.35 99.495
2024_0415_17:13:43 14 28.66 30.255
2024_0415_17:14:44 14 0.59 -0.135
2024_0415_17:14:47 14 20.335 -20.655
2024_0415_17:15:03 14 99.485 99.6
2024_0415_17:15:03 14 -8.67 28.305
2024_0415_17:15:09 14 98.3 99.395
2024_0415_17:17:36 14 79.545 74.095
2024_0415_17:18:51 14 6.87 7.02
2024_0415_17:19:06 14 87.77 99.53
2024_0415_17:19:06 14 89.98 99.35
2024_0415_17:19:08 14 98.29 99.345
2024_0415_17:19:09 14 -99.99 99.99
2024_0415_17:19:11 14 -19.96 19.615
2024_0415_17:19:11 14 70.54 19.915
2024_0415_17:19:15 14 87.86 99.2
2024_0415_17:19:21 14 76.485 49.09
2024_0415_17:19:36 14 14.11 14.175
2024_0415_17:20:45 14 15.89 3.08
2024_0415_17:20:46 14 99.495 71.895
2024_0415_17:21:02 14 38.02 0.115
2024_0415_17:21:03 14 -99.99 99.99
2024_0415_17:21:07 14 -0.36 0.31
2024_0415_17:23:33 14 -0.33 -1.545
2024_0415_17:24:34 15 -0.33 -0.345
2024_0415_17:24:49 15 80.065 82.805
2024_0415_17:24:52 15 27.455 -26.9
2024_0415_17:24:52 15 -94.525 99.82
2024_0415_17:24:54 15 6.435 12.885
2024_0415_17:24:56 15 83.58 99.3
2024_0415_17:25:01 15 89.79 96.44
2024_0415_17:25:08 15 46.755 99.625
2024_0415_17:25:22 15 1.585 -1.095
2024_0415_17:25:37 15 -0.41 0.79
2024_0415_17:26:44 15 -0.99 -0.195
2024_0415_17:26:52 15 -1.245 0.405
2024_0415_17:27:03 15 44.81 -0.295
2024_0415_17:27:04 15 -10.455 9.63
2024_0415_17:27:07 15 -0.13 0.78
2024_0415_17:29:31 15 -0.835 0.165
2024_0415_17:30:16 15 79.5 63.615
2024_0415_17:30:29 15 0.835 1.12
2024_0415_17:30:34 15 -0.175 0.085
2024_0415_17:30:35 15 0.865 -0.645
2024_0415_17:30:37 15 0.9 3.245
2024_0415_17:30:39 15 99.37 99.495
2024_0415_17:30:51 16 -0.44 0.765
2024_0415_17:30:54 15 87.805 99.585
2024_0415_17:31:05 16 -1.125 1.525
2024_0415_17:31:21 16 0.11 -1.88
2024_0415_17:32:44 16 18.795 -12.85
2024_0415_17:32:54 16 94.45 75.81
2024_0415_17:33:02 16 22.725 0.345
2024_0415_17:33:04 16 99.41 83.12
2024_0415_17:33:11 16 64.245 73.385
2024_0415_17:35:40 16 69.2 47.6
2024_0415_17:35:57 16 30.72 37.91
2024_0415_17:36:10 16 -0.285 1.015
2024_0415_17:36:17 16 -7.945 8.16
2024_0415_17:36:17 16 -0.46 -0.73
2024_0415_17:36:23 16 -0.295 0.38
2024_0415_17:36:42 17 1.69 1.09
2024_0415_17:36:48 17 -1.055 0.755
2024_0415_17:37:04 17 38.935 24.485
2024_0415_17:37:27 17 68.485 37.915
2024_0415_17:38:42 17 -28.23 54.355
2024_0415_17:38:52 17 49.09 6.7
2024_0415_17:38:53 17 1.285 0.025
2024_0415_17:39:03 17 65.805 98.875
2024_0415_17:39:04 17 57.74 99.165
2024_0415_17:39:11 17 2.07 -1.58
2024_0415_17:41:41 17 99.59 -0.15
2024_0415_17:41:49 17 9.945 12.855
2024_0415_17:42:00 17 2.935 -0.415
2024_0415_17:42:28 17 10.335 10.835
2024_0415_17:42:30 17 8.52 3.345
2024_0415_17:42:55 17 14.85 -14.71
2024_0415_17:42:57 17 17.07 -11.71
2024_0415_17:43:13 18 0.68 0.365
2024_0415_17:43:39 18 96.515 70.145
2024_0415_17:44:22 18 88.57 90.775
2024_0415_17:44:34 18 -0.345 -1.355
2024_0415_17:44:50 18 -0.85 0.51
2024_0415_17:44:53 18 0.645 0.185
2024_0415_17:45:03 18 -0.19 -0.635
2024_0415_17:45:04 18 -20.19 20.585
2024_0415_17:45:13 18 0.31 0.41
2024_0415_17:47:40 18 78.14 99.49
2024_0415_17:47:42 18 11.545 -13.515
2024_0415_17:48:16 18 99.415 75.54
2024_0415_17:48:25 18 -0.065 0.06
2024_0415_17:48:42 18 99.465 99.265
2024_0415_17:48:45 18 -0.5 -0.385
2024_0415_17:48:56 18 -49.53 49.6
2024_0415_17:49:24 18 26.51 -27.92
2024_0415_17:49:28 18 -0.51 -2.03
2024_0415_17:50:00 18 -99.99 -49.995
2024_0415_17:50:27 18 -9.21 9.38
2024_0415_17:50:51 19 19.33 -20.495
2024_0415_17:50:52 19 85.79 -4.76
2024_0415_17:51:06 19 97.21 79.23
2024_0415_17:51:07 19 -31.015 48.265
2024_0415_17:51:13 19 48.325 42.775
2024_0415_17:53:24 19 83.285 98.355
2024_0415_17:53:54 19 55.81 22.235
2024_0415_17:54:07 20 29.94 33.7
2024_0415_17:54:15 20 1.875 0.77
2024_0415_17:54:33 20 26.075 68.805
2024_0415_17:54:34 20 7.61 -7.33
2024_0415_17:54:41 20 70.65 6.29
2024_0415_17:55:17 20 82.485 99.445
2024_0415_17:55:21 20 -0.175 -1.035
2024_0415_17:55:46 20 -13.8 15.74
2024_0415_17:56:16 20 22.905 79.38
2024_0415_17:56:52 20 0.275 0.225
2024_0415_17:57:09 20 0.13 55.255
2024_0415_17:57:13 20 49.99 49.995
2024_0415_17:57:15 20 -2.04 1.06
2024_0415_17:59:07 14 99.11 99.48
2024_0415_17:59:44 15 17.13 73.53
2024_0415_17:59:45 16 -8.03 49.955
2024_0415_18:00:05 17 10.195 -10.095
2024_0415_18:00:12 17 0.145 1.39
2024_0415_18:00:13 17 13.435 -12.985
2024_0415_18:00:15 17 80.36 98.31
2024_0415_18:00:51 17 0.53 0.11
2024_0415_18:00:55 18 90.415 99.465
2024_0415_18:01:27 20 68.655 89.825
2024_0415_18:07:10 7 94.63 49.065
2024_0415_18:07:11 2 94.36 99.47
2024_0415_18:07:13 2 48.57 99.605
2024_0415_18:07:14 4 61.395 99.54
2024_0415_18:07:14 1 79.67 99.43
2024_0415_18:07:14 3 48.915 98.04
2024_0415_18:07:14 2 49.47 99.54
2024_0415_18:07:14 6 88.055 99.515
2024_0415_18:07:16 2 84.865 99.445
2024_0415_18:07:29 8 49.51 99.295
2024_0415_18:07:29 8 49.435 99.45
2024_0415_18:07:30 5 90.255 90.17
2024_0415_18:07:32 10 45.78 99.19
2024_0415_18:07:32 11 -49.99 99.98
2024_0415_18:07:34 9 94.3 99.415
2024_0415_18:11:35 11 20.175 -23.225
2024_0415_18:12:53 11 1.095 0.06
2024_0415_18:12:55 11 -0.225 -0.85
2024_0415_18:12:55 11 -0.595 0.095
2024_0415_18:12:55 11 99.18 99.0
2024_0415_18:12:56 11 -0.22 -0.52
2024_0415_18:12:56 11 0.22 0.185
2024_0415_18:12:58 11 99.305 98.99
2024_0415_18:12:59 11 0.72 0.46
2024_0415_18:13:00 11 1.07 0.125
2024_0415_18:13:27 11 -0.435 -0.985
2024_0415_18:13:28 11 99.415 48.525
2024_0415_18:13:29 11 -0.025 -0.655
2024_0415_18:13:29 11 99.275 49.78
2024_0415_18:13:31 11 0.92 -0.275
2024_0415_18:13:33 11 99.105 99.095
2024_0415_18:17:19 12 93.495 99.09
2024_0415_18:18:36 12 -1.54 -0.415
2024_0415_18:18:36 12 -22.32 22.225
2024_0415_18:18:38 12 0.57 0.58
2024_0415_18:18:39 12 -0.895 0.635
2024_0415_18:18:41 12 49.03 68.945
2024_0415_18:18:46 12 47.885 46.815
2024_0415_18:18:46 12 1.1 -0.135
2024_0415_18:18:48 12 59.15 99.245
2024_0415_18:18:51 12 45.44 45.36
2024_0415_18:19:28 12 98.095 99.44
2024_0415_18:19:28 12 0.145 -0.53
2024_0415_18:19:29 12 -1.3 -1.035
2024_0415_18:19:30 12 45.505 82.375
2024_0415_18:19:33 12 -0.275 6.615
2024_0415_18:19:34 13 99.455 99.025
2024_0415_18:23:08 13 0.375 0.45
2024_0415_18:24:18 13 0.39 0.13
2024_0415_18:24:19 13 -0.39 -0.11
2024_0415_18:24:24 13 78.82 38.385
2024_0415_18:24:24 13 -1.015 0.295
2024_0415_18:24:30 13 21.94 -7.92
2024_0415_18:24:32 13 -0.255 0.215
2024_0415_18:24:33 13 1.085 -0.495
2024_0415_18:24:33 13 97.88 49.75
2024_0415_18:24:33 13 -0.7 -0.27
2024_0415_18:25:27 13 99.99 49.995
2024_0415_18:25:27 13 -0.635 0.185
2024_0415_18:25:28 13 12.81 2.215
2024_0415_18:25:29 13 -99.98 49.96
2024_0415_18:25:33 13 -1.78 5.87
2024_0415_18:25:35 13 0.295 0.735
2024_0415_18:28:51 13 10.15 -11.33
2024_0415_18:30:02 13 47.29 46.63
2024_0415_18:30:06 13 44.745 99.255
2024_0415_18:30:07 13 -0.855 0.575
2024_0415_18:30:12 13 99.325 99.335
2024_0415_18:30:13 14 96.035 5.79
2024_0415_18:30:17 14 0.345 0.485
2024_0415_18:30:18 13 99.14 78.855
2024_0415_18:30:20 14 -9.095 52.475
2024_0415_18:30:21 14 13.605 14.835
2024_0415_18:31:24 14 -0.865 0.155
2024_0415_18:31:27 14 0.925 0.835
2024_0415_18:31:29 14 12.39 32.87
2024_0415_18:31:29 14 26.99 13.685
2024_0415_18:31:38 14 99.405 99.185
2024_0415_18:31:39 14 99.22 99.47
2024_0415_18:34:35 14 -0.435 -0.565
2024_0415_18:35:49 14 99.025 63.71
2024_0415_18:35:51 14 -0.72 -0.26
2024_0415_18:35:52 14 -49.995 49.995
2024_0415_18:35:55 14 46.51 39.93
2024_0415_18:35:56 14 -19.57 19.08
2024_0415_18:36:03 14 99.495 81.885
2024_0415_18:36:04 14 42.725 -42.595
2024_0415_18:36:05 14 -0.45 0.27
2024_0415_18:36:07 14 -0.715 -0.165
2024_0415_18:37:24 14 1.44 0.135
2024_0415_18:37:29 14 98.965 99.415
2024_0415_18:37:33 14 89.56 99.525
2024_0415_18:37:35 15 92.56 99.525
2024_0415_18:37:38 15 -0.18 2.6
2024_0415_18:37:48 15 99.36 99.475
2024_0415_18:41:34 15 0.395 -0.29
2024_0415_18:41:41 15 -0.32 -1.175
2024_0415_18:41:41 15 73.78 98.905
2024_0415_18:41:42 15 6.005 -0.545
2024_0415_18:41:46 15 40.035 69.17
2024_0415_18:41:50 15 29.705 30.335
2024_0415_18:41:50 15 74.81 79.98
2024_0415_18:41:53 15 -0.975 1.185
2024_0415_18:42:00 15 -0.91 -1.28
2024_0415_18:43:25 15 74.905 -21.895
2024_0415_18:43:27 15 0.4 0.74
2024_0415_18:43:35 15 0.86 3.175
2024_0415_18:43:35 15 84.1 99.22
2024_0415_18:43:48 15 73.97 97.74
2024_0415_18:43:51 15 47.145 83.155
2024_0415_18:44:08 15 0.315 0.64
2024_0415_18:47:20 15 67.535 63.725
2024_0415_18:47:22 15 49.995 49.995
2024_0415_18:47:24 15 1.67 2.82
2024_0415_18:47:28 15 45.16 33.635
2024_0415_18:47:32 16 -9.085 35.57
2024_0415_18:47:33 16 83.17 82.045
2024_0415_18:47:33 16 -1.235 -1.835
2024_0415_18:47:38 16 -0.71 -4.605
2024_0415_18:49:26 16 -99.98 49.97
2024_0415_18:49:30 16 5.655 20.05
2024_0415_18:49:34 16 -19.13 72.925
2024_0415_18:49:39 16 47.1 46.205
2024_0415_18:49:44 16 84.675 69.405
2024_0415_18:49:50 16 11.135 -4.24
2024_0415_18:49:59 16 46.43 48.17
2024_0415_18:53:08 17 63.205 99.66
2024_0415_18:53:10 16 0.655 0.705
2024_0415_18:53:11 17 -0.34 -0.725
2024_0415_18:53:12 17 76.625 63.095
2024_0415_18:53:13 17 -0.685 -1.1
2024_0415_18:53:16 17 0.545 -0.035
2024_0415_18:53:17 17 13.845 13.165
2024_0415_18:53:17 17 20.69 61.6
2024_0415_18:55:27 17 -0.3 0.065
2024_0415_18:55:37 17 0.84 1.045
2024_0415_18:55:40 17 0.78 0.975
2024_0415_18:55:41 17 32.51 33.14
2024_0415_18:55:48 17 27.875 34.685
2024_0415_18:56:05 17 70.605 -10.175
2024_0415_18:57:24 17 99.885 -1.735
2024_0415_18:58:50 17 0.335 -0.175
2024_0415_18:58:57 17 99.95 -33.845
2024_0415_18:58:57 18 30.175 50.025
2024_0415_18:58:58 17 9.665 -9.48
2024_0415_18:59:04 18 -0.63 -0.55
2024_0415_18:59:12 18 -0.14 0.36
2024_0415_18:59:21 17 8.645 29.64
2024_0415_19:00:52 18 50.88 41.1
2024_0415_19:01:16 18 99.545 89.495
2024_0415_19:01:21 18 48.76 48.855
2024_0415_19:01:54 18 48.27 -43.285
2024_0415_19:01:54 18 -8.885 8.765
2024_0415_19:01:59 18 -0.69 -0.62
2024_0415_19:02:29 18 -41.825 49.28
2024_0415_19:03:11 18 -20.62 22.025
2024_0415_19:04:32 18 9.965 10.355
2024_0415_19:04:37 18 -0.03 -0.23
2024_0415_19:04:39 18 -49.995 99.995
2024_0415_19:04:48 18 0.06 0.71
2024_0415_19:04:49 18 39.055 78.755
2024_0415_19:04:50 18 0.51 -0.345
2024_0415_19:05:17 18 14.78 13.525
2024_0415_19:05:30 18 -99.98 99.98
2024_0415_19:06:59 18 0.125 -0.48
2024_0415_19:07:00 18 0.78 0.41
2024_0415_19:07:14 18 36.905 78.605
2024_0415_19:08:09 19 -11.545 27.75
2024_0415_19:08:10 19 99.315 99.155
2024_0415_19:08:43 19 13.14 4.06
2024_0415_19:08:58 19 -1.515 -0.22
2024_0415_19:10:21 19 -0.645 0.13
2024_0415_19:10:24 19 24.735 -23.225
2024_0415_19:10:28 19 -10.535 9.185
2024_0415_19:10:37 19 9.465 -11.125
2024_0415_19:10:40 19 99.95 -1.28
2024_0415_19:10:56 19 0.11 0.155
2024_0415_19:11:16 20 55.615 79.565
2024_0415_19:12:47 20 76.38 76.8
2024_0415_19:13:07 20 49.455 49.405
2024_0415_19:13:24 20 90.05 99.515
2024_0415_19:13:27 20 0.695 -0.125
2024_0415_19:14:18 20 11.54 13.43
2024_0415_19:14:22 20 -0.82 0.89
2024_0415_19:14:58 20 97.83 98.73
2024_0415_19:16:06 20 9.86 -9.23
2024_0415_19:16:16 20 -55.12 74.985
2024_0415_19:16:20 5 97.715 79.62
2024_0415_19:16:28 15 2.71 -0.32
2024_0415_19:16:41 16 45.255 -1.045
2024_0415_19:16:43 16 99.135 99.51
2024_0415_19:17:01 16 99.47 49.485
2024_0415_19:17:04 17 99.145 94.91
2024_0415_19:18:25 17 0.4 -0.28
2024_0415_19:18:57 18 -0.175 -0.185
2024_0415_19:19:07 18 20.45 -19.63
2024_0415_19:19:08 20 14.02 9.97
2024_0415_19:19:32 19 55.755 64.38
2024_0415_19:20:23 20 0.78 0.335
2024_0415_19:20:27 20 99.235 46.745
2024_0415_19:26:09 5 76.23 92.84
2024_0415_19:26:11 4 48.21 99.395
2024_0415_19:26:12 2 66.875 99.4
2024_0415_19:26:12 1 84.685 99.525
2024_0415_19:26:14 3 48.905 98.275
2024_0415_19:26:14 3 45.52 99.565
2024_0415_19:26:16 2 91.57 99.53
2024_0415_19:26:18 2 90.27 99.605
2024_0415_19:26:18 9 89.655 99.565
2024_0415_19:26:18 2 71.955 99.365
2024_0415_19:26:36 7 86.325 77.94
2024_0415_19:26:36 7 87.93 48.52
2024_0415_19:26:36 8 91.28 99.37
2024_0415_19:26:37 1 92.425 99.595
2024_0415_19:26:38 5 80.025 49.745
2024_0415_19:26:38 6 94.21 99.305
2024_0415_19:31:53 11 0.755 0.195
2024_0415_19:31:55 11 0.895 -0.75
2024_0415_19:31:57 11 -0.06 32.34
2024_0415_19:31:58 11 49.995 49.995
2024_0415_19:31:59 11 -0.365 -0.44
2024_0415_19:31:59 11 89.355 49.18
2024_0415_19:32:02 11 -21.195 99.155
2024_0415_19:32:05 11 99.195 99.395
2024_0415_19:32:05 10 99.01 99.495
2024_0415_19:32:42 11 99.075 99.035
2024_0415_19:32:42 11 0.11 -0.915
2024_0415_19:32:43 11 -0.335 -0.545
2024_0415_19:32:43 11 99.38 78.385
2024_0415_19:32:44 11 88.355 80.31
2024_0415_19:32:49 11 54.99 99.305
2024_0415_19:35:29 11 0.59 0.635
2024_0415_19:37:34 11 -0.16 0.285
2024_0415_19:37:37 11 0.745 -0.18
2024_0415_19:37:38 11 -0.27 0.415
2024_0415_19:37:40 11 0.42 -0.37
2024_0415_19:37:43 11 99.37 99.225
2024_0415_19:37:47 11 84.33 99.18
2024_0415_19:37:47 11 62.77 99.185
2024_0415_19:37:50 11 0.85 0.525
2024_0415_19:37:53 11 0.38 0.72
2024_0415_19:38:48 11 99.7 81.02
2024_0415_19:38:49 12 -0.67 -0.805
2024_0415_19:38:50 12 -0.645 0.82
2024_0415_19:38:52 12 99.49 99.52
2024_0415_19:38:57 12 49.465 91.155
2024_0415_19:38:58 11 15.82 14.735
2024_0415_19:41:12 12 -0.13 -0.515
2024_0415_19:43:17 12 -0.12 1.05
2024_0415_19:43:24 12 99.675 50.09
2024_0415_19:43:24 12 19.775 9.965
2024_0415_19:43:28 12 71.3 99.34
2024_0415_19:43:29 12 -1.265 -0.005
2024_0415_19:43:30 12 0.585 0.805
2024_0415_19:43:31 12 0.6 -1.025
2024_0415_19:43:33 12 -99.98 49.96
2024_0415_19:43:34 12 0.47 -0.39
2024_0415_19:44:55 12 98.82 88.87
2024_0415_19:45:00 12 99.09 49.72
2024_0415_19:45:02 12 -0.74 -1.06
2024_0415_19:45:02 12 0.855 -0.3
2024_0415_19:45:04 12 -0.505 -0.785
2024_0415_19:45:09 12 99.175 84.645
2024_0415_19:47:00 12 99.455 99.515
2024_0415_19:49:01 12 14.775 14.085
2024_0415_19:49:10 13 -0.765 -0.13
2024_0415_19:49:12 13 -0.395 0.12
2024_0415_19:49:14 13 -1.425 -0.825
2024_0415_19:49:15 13 99.31 99.43
2024_0415_19:49:16 13 99.44 98.73
2024_0415_19:49:20 12 99.34 98.88
2024_0415_19:49:20 13 97.85 99.355
2024_0415_19:49:20 13 99.22 99.395
2024_0415_19:51:04 13 49.995 49.995
2024_0415_19:51:05 13 99.35 99.64
2024_0415_19:51:08 13 -0.685 0.255
2024_0415_19:51:09 13 0.465 -0.75
2024_0415_19:51:10 13 53.39 99.36
2024_0415_19:51:17 13 -99.98 99.98
2024_0415_19:52:48 13 88.805 99.405
2024_0415_19:54:44 13 11.11 -10.495
2024_0415_19:54:57 13 -0.7 0.665
2024_0415_19:54:57 13 68.84 79.7
2024_0415_19:55:02 13 93.68 99.49
2024_0415_19:55:02 13 89.66 99.385
2024_0415_19:55:03 13 48.465 81.055
2024_0415_19:55:03 13 0.41 -1.295
2024_0415_19:55:06 13 0.015 0.855
2024_0415_19:55:07 13 -99.99 99.99
2024_0415_19:57:14 13 10.3 -9.555
2024_0415_19:57:14 13 45.97 47.625
2024_0415_19:57:15 13 99.385 99.01
2024_0415_19:57:16 13 -1.335 0.215
2024_0415_19:57:18 13 47.23 43.21
2024_0415_19:57:25 13 73.015 79.065
2024_0415_19:58:33 13 0.065 -1.18
2024_0415_20:00:31 13 99.335 99.235
2024_0415_20:00:41 13 -24.67 25.32
2024_0415_20:00:43 13 77.955 88.79
2024_0415_20:00:47 13 0.58 0.05
2024_0415_20:00:48 14 -20.615 21.255
2024_0415_20:00:48 14 0.825 -0.37
2024_0415_20:00:49 14 49.985 -49.985
2024_0415_20:00:52 13 -0.17 -0.89
2024_0415_20:00:52 13 35.655 49.51
2024_0415_20:03:22 14 2.055 14.005
2024_0415_20:03:23 14 -10.01 10.435
2024_0415_20:03:24 14 -49.735 99.97
2024_0415_20:03:24 14 81.26 85.83
2024_0415_20:03:33 14 -1.005 0.465
2024_0415_20:03:35 14 1.65 -0.21
2024_0415_20:04:19 14 48.37 49.8
2024_0415_20:06:18 14 71.5 38.51
2024_0415_20:06:26 14 -13.2 12.29
2024_0415_20:06:26 14 -0.945 0.49
2024_0415_20:06:30 14 1.42 0.65
2024_0415_20:06:33 14 79.48 46.055
2024_0415_20:06:33 14 78.925 49.57
2024_0415_20:06:34 14 86.545 49.305
2024_0415_20:06:37 14 -0.79 -0.665
2024_0415_20:06:42 14 98.045 44.31
2024_0415_20:09:29 14 9.13 18.945
2024_0415_20:09:30 14 -0.115 0.32
2024_0415_20:09:32 14 99.555 84.41
2024_0415_20:09:40 14 -0.985 -1.865
2024_0415_20:10:12 14 95.29 99.455
2024_0415_20:12:11 14 0.695 -0.69
2024_0415_20:12:11 14 41.715 46.23
2024_0415_20:12:11 14 99.32 99.13
2024_0415_20:12:18 14 46.925 42.92
2024_0415_20:12:21 15 44.075 41.185
2024_0415_20:12:25 14 48.735 99.585
2024_0415_20:12:31 14 -1.345 1.205
2024_0415_20:12:35 15 0.975 1.14
2024_0415_20:13:55 15 -0.205 -0.085
2024_0415_20:14:56 15 1.35 6.81
2024_0415_20:15:35 15 -0.115 -1.02
2024_0415_20:15:38 15 49.995 -49.995
2024_0415_20:15:42 15 99.05 99.2
2024_0415_20:15:53 15 50.0 -49.99
2024_0415_20:16:18 15 -9.905 10.585
2024_0415_20:17:53 15 -0.87 -1.94
2024_0415_20:17:53 15 -0.17 0.185
2024_0415_20:17:57 15 -0.54 -0.875
2024_0415_20:18:02 15 -24.595 24.74
2024_0415_20:18:08 15 2.16 17.105
2024_0415_20:18:10 15 49.23 -0.24
2024_0415_20:18:18 15 1.175 1.53
2024_0415_20:18:20 15 26.22 -0.3
2024_0415_20:20:01 15 2.535 1.235
2024_0415_20:20:36 15 -0.23 -0.16
2024_0415_20:20:39 15 -0.585 0.31
2024_0415_20:21:39 15 0.415 0.785
2024_0415_20:21:45 15 49.475 49.465
2024_0415_20:21:50 15 50.53 94.725
2024_0415_20:21:53 15 74.975 73.885
2024_0415_20:22:25 15 0.83 -0.325
2024_0415_20:23:40 15 82.825 88.63
2024_0415_20:23:41 15 0.545 0.28
2024_0415_20:23:46 15 11.57 19.245
2024_0415_20:23:57 15 43.365 66.69
2024_0415_20:24:00 15 1.64 0.705
2024_0415_20:24:03 15 99.06 88.645
2024_0415_20:26:08 15 31.43 0.575
2024_0415_20:26:23 16 43.705 23.545
2024_0415_20:26:49 15 83.515 98.295
2024_0415_20:27:24 16 -2.86 12.49
2024_0415_20:27:56 16 69.15 60.235
2024_0415_20:28:09 16 94.58 74.645
2024_0415_20:28:13 16 56.365 98.94
2024_0415_20:28:34 16 13.78 6.205
2024_0415_20:28:56 16 -0.26 -1.265
2024_0415_20:29:24 16 99.225 99.35
2024_0415_20:29:26 16 99.45 99.535
2024_0415_20:29:35 16 99.555 99.535
2024_0415_20:29:41 16 99.46 99.52
2024_0415_20:29:47 16 99.395 94.03
2024_0415_20:29:55 16 29.8 -41.95
2024_0415_20:32:09 16 0.24 1.2
2024_0415_20:32:13 16 -0.525 -0.925
2024_0415_20:33:00 16 99.15 99.44
2024_0415_20:33:10 16 14.67 9.02
2024_0415_20:34:06 16 42.24 37.38
2024_0415_20:34:19 16 10.27 -10.75
2024_0415_20:34:26 16 -4.53 25.61
2024_0415_20:34:52 16 97.98 98.14
2024_0415_20:34:53 16 10.1 0.455
2024_0415_20:35:09 16 -0.085 -0.545
2024_0415_20:35:11 16 48.47 46.115
2024_0415_20:35:16 16 98.52 83.61
2024_0415_20:35:21 17 93.595 0.09
2024_0415_20:35:28 17 7.34 -7.275
2024_0415_20:35:31 17 29.84 -0.15
2024_0415_20:35:38 17 2.61 16.295
2024_0415_20:37:53 17 99.15 98.38
2024_0415_20:38:19 17 16.805 -16.555
2024_0415_20:38:53 17 9.415 -11.635
2024_0415_20:39:15 17 56.365 -11.99
2024_0415_20:40:14 17 -1.295 0.64
2024_0415_20:40:30 17 99.04 98.98
2024_0415_20:40:40 17 48.49 99.285
2024_0415_20:40:44 17 99.065 99.52
2024_0415_20:40:55 17 0.74 1.23
2024_0415_20:40:55 17 99.53 99.08
2024_0415_20:41:03 17 0.95 -0.47
2024_0415_20:41:04 17 99.46 42.925
2024_0415_20:41:04 17 99.535 99.12
2024_0415_20:41:17 17 -1.75 -0.335
2024_0415_20:41:19 17 47.545 42.475
2024_0415_20:41:27 17 99.215 80.97
2024_0415_20:43:37 17 0.305 0.275
2024_0415_20:44:24 17 1.32 -0.23
2024_0415_20:44:42 17 41.47 99.235
2024_0415_20:45:19 17 1.895 -0.725
2024_0415_20:46:24 17 7.04 -0.575
2024_0415_20:46:28 17 2.58 2.74
2024_0415_20:46:37 17 49.815 83.855
2024_0415_20:46:40 17 4.98 0.93
2024_0415_20:46:42 17 99.34 99.495
2024_0415_20:46:51 18 5.32 46.26
2024_0415_20:46:52 17 99.58 99.38
2024_0415_20:46:56 18 0.13 -0.005
2024_0415_20:47:03 18 99.285 85.025
2024_0415_20:47:06 18 88.2 98.765
2024_0415_20:47:18 18 49.54 99.105
2024_0415_20:47:26 18 0.49 0.04
2024_0415_20:49:23 18 -9.39 9.875
2024_0415_20:50:31 18 0.1 -0.15
2024_0415_20:50:38 18 0.015 0.03
2024_0415_20:51:31 18 48.31 99.655
2024_0415_20:52:11 18 0.115 -0.01
2024_0415_20:52:27 18 99.885 -1.255
2024_0415_20:52:29 18 98.58 49.075
2024_0415_20:52:38 18 2.15 1.675
2024_0415_20:52:38 18 -32.87 33.575
2024_0415_20:52:42 18 -45.95 1.445
2024_0415_20:52:43 18 1.51 0.16
2024_0415_20:52:47 18 81.16 9.84
2024_0415_20:52:53 18 7.75 4.65
2024_0415_20:53:10 18 -0.225 -0.155
2024_0415_20:53:17 18 0.215 -0.07
2024_0415_20:53:38 18 99.245 99.375
2024_0415_20:55:08 18 0.015 0.675
2024_0415_20:56:17 18 92.39 99.465
2024_0415_20:56:46 18 -1.67 0.585
2024_0415_20:57:43 18 99.465 93.51
2024_0415_20:57:59 18 99.19 89.405
2024_0415_20:58:08 18 10.98 15.61
2024_0415_20:58:18 18 98.37 98.94
2024_0415_20:58:22 18 99.185 86.43
2024_0415_20:58:29 18 1.015 -0.99
2024_0415_20:58:32 19 66.135 99.01
2024_0415_20:58:41 19 40.875 -1.51
2024_0415_20:58:47 18 17.09 13.035
2024_0415_20:58:59 19 57.35 55.925
2024_0415_20:59:01 19 49.975 -49.985
2024_0415_20:59:15 19 -49.995 49.985
2024_0415_20:59:50 19 -0.9 1.015
2024_0415_21:00:53 19 49.995 49.995
2024_0415_21:02:01 19 17.3 -16.075
2024_0415_21:03:10 19 -0.695 0.625
2024_0415_21:03:51 19 -50.175 50.765
2024_0415_21:03:55 19 -99.99 99.99
2024_0415_21:04:00 19 1.51 0.865
2024_0415_21:04:03 19 80.31 -79.84
2024_0415_21:04:08 19 99.14 92.865
2024_0415_21:04:14 19 -0.8 -1.4
2024_0415_21:04:15 19 49.57 99.635
2024_0415_21:04:25 19 0.26 0.04
2024_0415_21:04:51 20 -0.54 0.28
2024_0415_21:05:06 20 -7.495 8.245
2024_0415_21:05:37 20 91.115 99.525
2024_0415_21:05:58 20 76.87 87.14
2024_0415_21:06:39 20 7.83 9.365
2024_0415_21:08:13 20 69.47 99.525
2024_0415_21:09:50 20 94.365 99.31
2024_0415_21:09:50 20 -1.01 -0.135
2024_0415_21:09:56 20 99.28 99.48
2024_0415_21:10:03 20 13.205 -15.02
2024_0415_21:10:04 20 -1.835 -0.615
2024_0415_21:10:07 20 0.69 -0.85
2024_0415_21:10:09 20 44.125 -0.625
2024_0415_21:10:34 20 0.535 1.43
2024_0415_21:11:01 20 -0.33 0.135
2024_0415_21:11:16 20 0.62 -0.555
2024_0415_21:11:38 9 99.495 50.945
2024_0415_21:11:49 20 49.35 99.57
2024_0415_21:12:07 14 99.46 73.345
2024_0415_21:12:23 14 49.365 99.11
2024_0415_21:12:33 14 -0.395 -0.505
2024_0415_21:14:16 14 11.505 14.185
2024_0415_21:15:26 15 99.125 90.39
2024_0415_21:15:27 15 -0.095 1.32
2024_0415_21:15:40 15 12.96 14.2
2024_0415_21:15:44 18 85.75 91.165
2024_0415_21:15:49 16 99.33 74.505
2024_0415_21:16:09 19 -0.375 -1.015
2024_0415_21:17:01 20 99.47 90.64
2024_0415_21:20:01 20 -2.26 14.25
2024_0415_21:20:27 20 99.445 99.53
2024_0415_21:26:07 1 89.565 99.6
2024_0415_21:26:10 2 92.34 99.535
2024_0415_21:26:12 1 78.37 99.47
2024_0415_21:26:12 2 81.68 99.3
2024_0415_21:26:12 2 91.45 99.59
2024_0415_21:26:12 2 79.895 99.125
2024_0415_21:26:13 2 92.065 99.47
2024_0415_21:26:14 2 91.1 99.405
2024_0415_21:26:14 1 83.56 99.46
2024_0415_21:26:15 1 91.21 99.46
2024_0415_21:26:35 1 49.575 99.665
2024_0415_21:26:35 1 92.87 99.44
2024_0415_21:26:36 1 67.745 99.34
2024_0415_21:26:36 2 69.03 98.3
2024_0415_21:26:36 2 48.895 99.47
2024_0415_21:26:46 2 91.18 99.245
2024_0415_21:31:45 2 48.175 99.45
2024_0415_21:31:53 2 99.125 99.495
2024_0415_21:31:54 2 69.61 99.41
2024_0415_21:31:54 2 98.22 99.6
2024_0415_21:31:55 2 98.435 99.5
2024_0415_21:31:55 2 98.74 99.64
2024_0415_21:31:55 2 98.68 99.62
2024_0415_21:31:58 2 99.2 99.46
2024_0415_21:31:58 3 98.56 99.34
2024_0415_21:32:00 3 86.48 99.43
2024_0415_21:32:37 3 99.06 99.36
2024_0415_21:32:41 3 98.695 99.425
2024_0415_21:32:41 3 98.82 99.46
2024_0415_21:32:41 4 98.935 99.405
2024_0415_21:32:47 4 98.995 99.56
2024_0415_21:32:52 4 90.835 98.275
2024_0415_21:37:30 5 96.215 72.15
2024_0415_21:37:37 6 49.72 66.375
2024_0415_21:37:39 5 88.06 96.06
2024_0415_21:37:40 6 66.77 70.12
2024_0415_21:37:41 5 87.315 70.245
2024_0415_21:37:41 6 93.18 84.18
2024_0415_21:37:43 7 85.64 94.065
2024_0415_21:37:44 7 77.645 48.195
2024_0415_21:37:44 7 89.595 91.175
2024_0415_21:37:47 7 48.95 48.49
2024_0415_21:38:37 8 48.795 99.265
2024_0415_21:38:43 8 84.3 99.15
2024_0415_21:38:43 8 96.375 99.2
2024_0415_21:38:44 8 79.38 99.27
2024_0415_21:38:54 9 99.515 96.65
2024_0415_21:38:59 9 99.65 99.645
2024_0415_21:43:22 11 -0.89 -0.4
2024_0415_21:43:23 9 99.565 90.04
2024_0415_21:43:24 11 -0.53 0.69
2024_0415_21:43:26 10 99.5 65.85
2024_0415_21:43:26 11 99.29 99.2
2024_0415_21:43:26 11 99.33 82.72
2024_0415_21:43:28 11 -0.36 -0.24
2024_0415_21:43:30 11 -10.78 59.355
2024_0415_21:43:33 11 98.945 80.895
2024_0415_21:44:35 11 0.95 1.47
2024_0415_21:44:42 11 0.33 -0.84
2024_0415_21:44:44 11 0.255 -0.64
2024_0415_21:44:45 11 56.725 99.31
2024_0415_21:45:00 11 99.26 90.615
2024_0415_21:45:04 11 -99.99 49.965
2024_0415_21:46:25 11 99.435 99.48
2024_0415_21:49:05 11 -0.195 0.555
2024_0415_21:49:05 11 99.115 87.175
2024_0415_21:49:09 11 0.385 0.215
2024_0415_21:49:09 11 -99.99 99.99
2024_0415_21:49:09 11 0.61 0.03
2024_0415_21:49:13 11 99.525 99.5
2024_0415_21:49:13 11 -0.71 -0.105
2024_0415_21:49:17 11 0.215 -0.885
2024_0415_21:49:18 11 -99.99 99.99
2024_0415_21:50:41 11 99.5 99.515
2024_0415_21:50:44 11 -0.075 -1.065
2024_0415_21:50:48 11 97.565 99.355
2024_0415_21:50:50 11 91.665 48.71
2024_0415_21:51:05 11 99.31 48.115
2024_0415_21:51:08 11 0.61 0.245
2024_0415_21:52:08 11 -0.465 -0.84
2024_0415_21:54:44 11 1.515 0.05
2024_0415_21:54:51 11 -0.105 0.09
2024_0415_21:54:51 11 0.47 -0.58
2024_0415_21:54:52 11 -0.145 0.545
2024_0415_21:54:53 11 99.4 99.21
2024_0415_21:54:55 11 0.17 -0.795
2024_0415_21:54:56 11 -0.52 1.49
2024_0415_21:54:58 11 83.63 99.495
2024_0415_21:54:59 11 0.29 -0.15
2024_0415_21:56:40 11 81.345 99.33
2024_0415_21:56:50 11 49.73 99.25
2024_0415_21:56:50 11 99.2 86.725
2024_0415_21:56:52 11 0.73 0.995
2024_0415_21:57:10 11 79.76 99.35
2024_0415_21:57:20 11 41.26 45.49
2024_0415_21:57:48 11 1.135 -0.09
2024_0415_22:00:22 11 -1.87 0.77
2024_0415_22:00:32 11 0.1 -0.535
2024_0415_22:00:33 11 -0.71 1.065
2024_0415_22:00:36 11 0.705 -0.135
2024_0415_22:00:36 11 0.18 0.805
2024_0415_22:00:37 11 -49.75 99.99
2024_0415_22:00:40 11 1.115 0.225
2024_0415_22:00:41 11 99.325 99.125
2024_0415_22:00:41 11 -0.175 -1.835
2024_0415_22:02:46 11 -0.655 0.395
2024_0415_22:02:59 11 -0.14 -1.015
2024_0415_22:03:02 11 -49.745 99.98
2024_0415_22:03:06 11 0.72 -0.325
2024_0415_22:03:20 11 0.875 -0.39
2024_0415_22:03:32 11 13.06 67.645
2024_0415_22:03:36 11 0.21 1.04
2024_0415_22:06:19 11 84.64 85.915
2024_0415_22:06:24 11 -0.005 -0.03
2024_0415_22:06:25 11 -1.445 -0.97
2024_0415_22:06:28 11 -0.165 0.24
2024_0415_22:06:29 11 49.1 69.75
2024_0415_22:06:30 11 1.485 1.635
2024_0415_22:06:35 11 83.22 99.355
2024_0415_22:06:35 11 68.865 53.275
2024_0415_22:06:38 11 34.23 -0.005
2024_0415_22:09:03 11 95.475 84.78
2024_0415_22:09:18 11 0.6 0.375
2024_0415_22:09:20 11 -100.0 49.98
2024_0415_22:09:23 11 97.475 85.365
2024_0415_22:09:30 11 98.07 87.655
2024_0415_22:09:37 11 0.47 -0.38
2024_0415_22:09:51 11 99.99 -99.99
2024_0415_22:12:12 11 -0.835 0.025
2024_0415_22:12:15 11 -0.655 1.91
2024_0415_22:12:17 11 0.175 -1.4
2024_0415_22:12:22 11 0.875 -0.715
2024_0415_22:12:24 11 99.58 90.73
2024_0415_22:12:28 11 8.7 14.86
2024_0415_22:12:28 11 -0.665 0.41
2024_0415_22:12:31 11 0.36 0.51
2024_0415_22:12:35 11 49.995 99.99
2024_0415_22:15:18 11 0.05 -0.735
2024_0415_22:15:23 11 -0.005 0.19
2024_0415_22:15:35 11 -0.095 0.355
2024_0415_22:15:35 11 90.375 99.34
2024_0415_22:15:38 11 0.16 0.6
2024_0415_22:15:54 11 -0.27 -0.54
2024_0415_22:16:18 11 89.945 98.815
2024_0415_22:18:10 11 0.295 -0.495
2024_0415_22:18:13 11 75.44 82.17
2024_0415_22:18:13 11 0.305 0.465
2024_0415_22:18:17 11 -1.36 -0.11
2024_0415_22:18:20 11 99.315 99.72
2024_0415_22:18:20 11 88.255 87.38
2024_0415_22:18:22 11 92.97 94.765
2024_0415_22:18:27 11 94.545 90.69
2024_0415_22:18:27 11 -1.43 -0.685
2024_0415_22:21:18 11 99.33 49.815
2024_0415_22:21:35 11 49.745 88.9
2024_0415_22:21:50 11 0.33 0.365
2024_0415_22:21:51 11 0.15 0.55
2024_0415_22:21:53 11 -0.405 -0.07
2024_0415_22:22:15 11 93.69 48.2
2024_0415_22:22:34 11 -0.005 -0.61
2024_0415_22:24:06 11 83.35 97.785
2024_0415_22:24:07 11 99.29 49.1
2024_0415_22:24:07 11 99.425 98.915
2024_0415_22:24:10 11 -0.655 -0.985
2024_0415_22:24:12 11 75.63 99.485
2024_0415_22:24:13 11 -0.625 -0.61
2024_0415_22:24:16 11 0.6 -1.18
2024_0415_22:24:18 11 10.35 9.75
2024_0415_22:24:20 11 -0.56 0.505
2024_0415_22:27:19 11 0.67 0.575
2024_0415_22:27:54 11 49.995 49.995
2024_0415_22:28:05 11 0.735 -0.035
2024_0415_22:28:12 11 49.99 50.0
2024_0415_22:28:12 11 99.6 49.04
2024_0415_22:28:30 11 -0.26 0.355
2024_0415_22:28:50 11 0.25 0.62
2024_0415_22:29:58 11 -0.485 -0.13
2024_0415_22:30:00 11 -0.745 -0.47
2024_0415_22:30:01 11 93.5 98.845
2024_0415_22:30:04 12 0.395 -0.025
2024_0415_22:30:09 12 80.735 99.44
2024_0415_22:30:10 11 -0.08 -0.1
2024_0415_22:30:11 12 99.99 99.99
2024_0415_22:30:14 12 99.99 99.99
2024_0415_22:30:14 12 99.99 99.99
2024_0415_22:33:25 12 99.59 83.18
2024_0415_22:34:11 12 99.415 99.25
2024_0415_22:34:21 12 -0.02 19.07
2024_0415_22:34:29 12 99.065 90.62
2024_0415_22:34:32 12 0.04 0.965
2024_0415_22:34:46 12 -0.275 37.855
2024_0415_22:35:04 12 -0.265 83.485
2024_0415_22:35:52 12 100.0 49.995
2024_0415_22:35:54 12 52.84 15.57
2024_0415_22:35:54 12 -0.655 -1.205
2024_0415_22:36:02 12 95.92 99.22
2024_0415_22:36:03 12 92.15 47.19
2024_0415_22:36:04 12 0.25 0.415
2024_0415_22:36:04 12 48.555 81.275
2024_0415_22:36:08 12 0.415 0.46
2024_0415_22:36:10 12 83.215 96.495
2024_0415_22:39:22 12 -0.365 -0.385
2024_0415_22:40:27 12 48.275 49.285
2024_0415_22:40:38 12 33.05 0.11
2024_0415_22:40:45 12 -0.635 -1.575
2024_0415_22:40:50 12 99.62 99.46
2024_0415_22:41:07 12 91.45 99.29
2024_0415_22:41:25 12 90.29 99.61
2024_0415_22:41:45 12 0.345 -0.54
2024_0415_22:41:47 12 0.43 0.1
2024_0415_22:41:48 12 0.1 -0.505
2024_0415_22:41:56 12 -1.775 10.055
2024_0415_22:41:56 12 0.415 -0.05
2024_0415_22:41:56 12 80.21 99.56
2024_0415_22:41:57 12 -0.505 0.655
2024_0415_22:42:03 12 2.91 -0.755
2024_0415_22:42:06 12 99.96 99.65
2024_0415_22:45:14 12 0.84 -1.12
2024_0415_22:46:46 12 79.58 79.315
2024_0415_22:46:53 12 -0.175 0.34
2024_0415_22:47:01 12 -0.27 -0.655
2024_0415_22:47:09 12 97.865 99.365
2024_0415_22:47:25 12 98.465 99.405
2024_0415_22:47:39 12 0.33 -1.37
2024_0415_22:47:40 12 99.7 99.815
2024_0415_22:47:45 12 99.525 99.075
2024_0415_22:47:47 12 86.045 97.34
2024_0415_22:47:51 12 75.785 49.98
2024_0415_22:47:52 12 94.39 76.79
2024_0415_22:47:52 12 99.465 99.6
2024_0415_22:47:53 12 38.445 75.535
2024_0415_22:47:54 12 0.68 -1.3
2024_0415_22:48:04 12 -0.205 66.695
2024_0415_22:51:09 12 45.65 32.85
2024_0415_22:53:00 12 1.345 0.15
2024_0415_22:53:11 12 99.49 98.945
2024_0415_22:53:17 12 -0.15 -0.14
2024_0415_22:53:30 12 82.79 99.195
2024_0415_22:53:32 12 -0.58 -0.67
2024_0415_22:53:36 12 99.165 46.99
2024_0415_22:53:41 12 0.675 -1.18
2024_0415_22:53:41 12 -0.545 0.135
2024_0415_22:53:44 12 0.175 1.24
2024_0415_22:53:44 12 0.08 -0.18
2024_0415_22:53:44 12 99.47 67.84
2024_0415_22:53:49 12 26.245 11.11
2024_0415_22:53:49 12 83.62 89.32
2024_0415_22:54:00 12 0.06 -0.82
2024_0415_22:54:06 12 99.415 99.415
2024_0415_22:57:06 12 81.17 99.665
2024_0415_22:59:16 12 1.0 2.79
2024_0415_22:59:29 12 99.295 47.785
2024_0415_22:59:31 12 99.09 48.095
2024_0415_22:59:31 12 94.455 99.3
2024_0415_22:59:34 12 0.245 -0.44
2024_0415_22:59:36 12 93.44 99.275
2024_0415_22:59:38 12 0.245 0.465
2024_0415_22:59:38 12 49.245 99.45
2024_0415_22:59:41 12 -99.98 99.98
2024_0415_22:59:43 12 90.83 99.17
2024_0415_22:59:44 12 0.05 0.03
2024_0415_22:59:47 12 0.475 0.595
2024_0415_22:59:56 12 97.48 79.63
2024_0415_23:00:01 12 0.565 0.355
2024_0415_23:00:29 12 -0.76 -0.88
2024_0415_23:03:00 12 99.995 -99.995
2024_0415_23:05:24 12 99.425 99.2
2024_0415_23:05:28 12 99.92 49.99
2024_0415_23:05:32 12 47.95 48.035
2024_0415_23:05:34 12 83.735 91.11
2024_0415_23:05:35 12 80.35 99.44
2024_0415_23:05:35 12 99.35 49.81
2024_0415_23:05:38 12 96.715 57.325
2024_0415_23:05:38 12 99.09 78.73
2024_0415_23:05:48 12 -46.42 49.965
2024_0415_23:05:49 12 87.775 97.24
2024_0415_23:05:56 12 48.895 99.555
2024_0415_23:06:05 12 -57.715 60.325
2024_0415_23:06:09 12 48.23 46.68
2024_0415_23:06:19 12 34.43 -35.36
2024_0415_23:06:47 12 98.33 91.905
2024_0415_23:08:54 12 85.58 94.625
2024_0415_23:11:20 12 0.395 0.685
2024_0415_23:11:20 12 74.175 90.905
2024_0415_23:11:24 12 -0.235 0.725
2024_0415_23:11:30 12 0.22 6.55
2024_0415_23:11:32 12 89.155 99.375
2024_0415_23:11:33 12 -20.725 50.025
2024_0415_23:11:33 12 44.085 -9.49
2024_0415_23:11:43 12 91.815 84.72
2024_0415_23:11:50 12 50.0 -50.0
2024_0415_23:12:05 12 -0.335 0.51
2024_0415_23:12:07 12 0.255 -0.365
2024_0415_23:12:12 12 -0.805 -0.3
2024_0415_23:12:21 12 -1.46 -0.01
2024_0415_23:12:37 13 46.415 1.32
2024_0415_23:13:10 13 99.55 97.72
2024_0415_23:14:48 13 10.22 -10.915
2024_0415_23:17:16 13 -0.47 0.13
2024_0415_23:17:16 13 0.3 -0.845
2024_0415_23:17:16 13 0.91 -0.17
2024_0415_23:17:25 13 -0.76 -0.76
2024_0415_23:17:26 13 10.155 -9.725
2024_0415_23:17:27 13 -7.305 31.575
2024_0415_23:17:29 13 46.29 85.73
2024_0415_23:17:39 13 87.565 19.54
2024_0415_23:18:06 13 99.75 49.735
2024_0415_23:18:08 13 87.165 88.205
2024_0415_23:18:24 13 88.435 49.125
2024_0415_23:18:30 13 15.155 12.91
2024_0415_23:18:39 13 0.08 -0.175
2024_0415_23:18:52 13 -1.595 0.35
2024_0415_23:19:26 13 -49.24 50.365
2024_0415_23:20:45 13 44.51 36.895
2024_0415_23:23:10 13 0.075 0.625
2024_0415_23:23:13 13 44.765 42.62
2024_0415_23:23:13 13 16.635 48.53
2024_0415_23:23:20 13 0.35 -0.855
2024_0415_23:23:21 13 -0.195 -0.775
2024_0415_23:23:23 13 -0.485 37.795
2024_0415_23:23:41 13 98.815 89.98
2024_0415_23:23:44 13 -0.395 0.075
2024_0415_23:24:02 13 -0.52 0.025
2024_0415_23:24:33 13 1.84 -0.36
2024_0415_23:24:41 13 -99.99 -49.995
2024_0415_23:24:47 13 46.635 31.54
2024_0415_23:24:57 13 -0.84 0.97
2024_0415_23:25:13 13 -0.13 0.53
2024_0415_23:25:41 13 27.725 1.69
2024_0415_23:26:44 13 58.91 39.175
2024_0415_23:29:05 13 -0.19 0.28
2024_0415_23:29:06 13 0.62 -0.06
2024_0415_23:29:06 13 -2.765 99.235
2024_0415_23:29:19 13 13.58 13.865
2024_0415_23:29:20 13 98.83 99.095
2024_0415_23:29:25 13 -0.815 -0.435
2024_0415_23:29:37 13 0.325 0.455
2024_0415_23:29:41 13 0.005 -1.365
2024_0415_23:30:00 13 99.745 99.625
2024_0415_23:30:48 13 99.64 99.615
2024_0415_23:30:58 13 99.41 93.325
2024_0415_23:31:02 13 -99.97 49.985
2024_0415_23:31:14 13 99.14 69.305
2024_0415_23:31:29 13 39.635 2.535
2024_0415_23:32:03 13 -0.14 -1.07
2024_0415_23:32:39 13 -0.48 44.8
2024_0415_23:34:56 13 0.17 -0.665
2024_0415_23:34:59 13 0.625 1.135
2024_0415_23:35:04 13 73.09 67.455
2024_0415_23:35:12 13 0.335 0.305
2024_0415_23:35:12 13 -8.29 8.385
2024_0415_23:35:24 13 99.365 91.38
2024_0415_23:35:29 13 0.185 0.09
2024_0415_23:35:36 13 48.945 42.285
2024_0415_23:35:52 13 -49.99 99.99
2024_0415_23:37:02 13 1.54 -0.27
2024_0415_23:37:14 13 99.335 99.36
2024_0415_23:37:24 13 49.65 -46.255
2024_0415_23:37:34 13 99.5 92.775
2024_0415_23:37:43 13 -0.27 1.01
2024_0415_23:38:18 13 0.155 0.085
2024_0415_23:38:36 13 99.99 49.99
2024_0415_23:40:49 13 -6.645 39.41
2024_0415_23:40:52 13 -0.795 0.55
2024_0415_23:40:58 13 -10.68 9.41
2024_0415_23:41:06 13 0.78 13.445
2024_0415_23:41:07 13 1.515 0.665
2024_0415_23:41:21 13 1.155 0.29
2024_0415_23:41:21 13 94.05 91.93
2024_0415_23:41:31 13 1.18 -0.385
2024_0415_23:41:46 13 -10.3 11.72
2024_0415_23:43:15 13 1.22 -0.21
2024_0415_23:43:31 13 99.2 61.52
2024_0415_23:43:41 13 -99.97 49.98
2024_0415_23:43:50 13 39.515 37.69
2024_0415_23:44:00 13 99.31 94.235
2024_0415_23:44:34 13 61.12 99.7
2024_0415_23:44:36 13 99.61 89.08
2024_0415_23:46:50 13 -0.035 0.75
2024_0415_23:46:53 13 1.41 26.465
2024_0415_23:47:02 13 98.735 90.02
2024_0415_23:47:03 13 -0.435 0.355
2024_0415_23:47:07 13 -6.825 35.52
2024_0415_23:47:18 13 -1.135 12.215
2024_0415_23:47:21 13 -8.24 24.32
2024_0415_23:47:27 13 73.375 99.23
2024_0415_23:47:44 13 -0.235 -0.265
2024_0415_23:49:30 13 99.4 48.92
2024_0415_23:49:44 13 -0.665 -1.185
2024_0415_23:49:54 13 0.135 -0.415
2024_0415_23:50:01 13 99.99 49.995
2024_0415_23:50:04 13 6.04 0.11
2024_0415_23:50:26 13 2.025 -0.69
2024_0415_23:50:48 13 0.09 0.15
2024_0415_23:52:38 13 91.19 94.445
2024_0415_23:52:38 13 0.375 -0.57
2024_0415_23:53:03 13 0.11 0.1
2024_0415_23:53:08 13 82.695 49.755
2024_0415_23:53:09 13 -1.21 -0.755
2024_0415_23:53:30 13 56.655 99.32
2024_0415_23:55:44 13 11.14 11.39
2024_0415_23:55:46 13 87.75 47.8
2024_0415_23:55:57 13 98.99 99.435
2024_0415_23:56:05 13 -3.165 47.785
2024_0415_23:56:11 13 15.15 16.655
2024_0415_23:56:21 13 46.075 49.72
2024_0415_23:56:46 13 80.685 98.285
2024_0415_23:56:49 13 -0.02 -0.84
2024_0415_23:56:50 13 -1.525 0.495
2024_0415_23:58:26 13 99.32 99.51
2024_0415_23:58:28 13 99.155 48.8
2024_0415_23:58:55 13 -0.57 1.98
2024_0415_23:59:09 13 11.905 12.45
2024_0415_23:59:11 13 48.965 99.075
2024_0416_00:00:17 13 44.395 43.63
2024_0416_00:01:23 13 0.58 -0.16
2024_0416_00:01:43 13 0.175 0.225
2024_0416_00:01:49 13 1.585 -0.31
2024_0416_00:01:51 13 -0.435 0.295
2024_0416_00:02:02 13 99.66 88.935
2024_0416_00:02:04 13 99.655 95.825
2024_0416_00:02:27 13 -0.09 -2.46
2024_0416_00:02:30 13 -0.615 -0.185
2024_0416_00:02:39 13 -0.825 1.025
2024_0416_00:02:44 13 0.56 -0.78
2024_0416_00:04:04 13 -0.07 -0.36
2024_0416_00:04:08 13 0.49 -0.435
2024_0416_00:04:37 13 -0.085 -0.105
2024_0416_00:04:58 13 99.185 99.26
2024_0416_00:05:11 13 0.45 -0.51
2024_0416_00:06:16 13 -0.525 -0.61
2024_0416_00:07:11 13 -6.2 40.835
2024_0416_00:07:36 13 -0.465 -0.52
2024_0416_00:07:42 13 1.02 -0.59
2024_0416_00:07:53 13 0.905 0.025
2024_0416_00:07:53 13 91.72 49.66
2024_0416_00:08:12 13 98.465 98.715
2024_0416_00:08:16 13 -0.05 -0.375
2024_0416_00:08:17 13 98.115 60.34
2024_0416_00:08:28 13 0.325 0.36
2024_0416_00:08:45 13 51.995 -52.72
2024_0416_00:09:55 13 99.28 99.25
2024_0416_00:09:59 13 99.53 78.56
2024_0416_00:10:26 13 -3.305 28.2
2024_0416_00:10:48 13 98.73 40.185
2024_0416_00:11:10 13 0.21 -0.05
2024_0416_00:12:14 13 1.25 0.075
2024_0416_00:13:01 13 99.495 99.315
2024_0416_00:13:27 13 93.345 99.285
2024_0416_00:13:40 13 -33.03 33.32
2024_0416_00:13:41 13 -1.03 6.495
2024_0416_00:13:55 13 99.11 99.635
2024_0416_00:14:04 13 -1.105 48.23
2024_0416_00:14:07 13 -0.43 0.35
2024_0416_00:14:13 13 -0.165 -0.77
2024_0416_00:14:16 13 31.86 46.67
2024_0416_00:14:48 13 99.54 99.2
2024_0416_00:15:46 13 40.21 79.62
2024_0416_00:15:47 13 13.045 6.065
2024_0416_00:16:17 13 97.71 99.58
2024_0416_00:16:38 13 12.51 16.34
2024_0416_00:17:10 13 0.11 0.015
2024_0416_00:18:23 13 99.085 99.43
2024_0416_00:18:49 13 0.725 0.9
2024_0416_00:19:15 13 -0.025 0.61
2024_0416_00:19:40 13 4.63 23.705
2024_0416_00:19:49 13 12.655 14.04
2024_0416_00:19:52 13 48.23 74.28
2024_0416_00:19:55 13 20.95 -20.37
2024_0416_00:19:57 13 99.685 99.5
2024_0416_00:20:02 14 43.725 43.72
2024_0416_00:20:15 14 -0.135 0.51
2024_0416_00:20:52 14 98.535 99.625
2024_0416_00:21:35 14 0.075 -0.17
2024_0416_00:21:39 14 48.535 88.26
2024_0416_00:22:06 14 0.02 -0.65
2024_0416_00:22:32 14 -0.025 0.37
2024_0416_00:23:10 14 -6.665 92.02
2024_0416_00:24:24 14 49.99 99.98
2024_0416_00:24:43 14 66.94 99.53
2024_0416_00:25:03 14 -1.835 1.145
2024_0416_00:25:37 14 -1.175 0.21
2024_0416_00:25:41 14 89.85 99.285
2024_0416_00:25:45 14 -1.26 0.07
2024_0416_00:25:52 14 16.28 13.09
2024_0416_00:26:04 14 -0.27 -0.145
2024_0416_00:26:13 14 0.735 0.665
2024_0416_00:26:51 14 0.215 -1.135
2024_0416_00:27:15 14 69.185 76.72
2024_0416_00:27:21 14 91.555 76.895
2024_0416_00:27:31 14 38.745 53.81
2024_0416_00:27:56 14 35.97 47.42
2024_0416_00:28:27 14 99.525 93.645
2024_0416_00:29:09 14 -1.66 1.03
2024_0416_00:30:20 14 -0.09 -0.48
2024_0416_00:30:32 14 1.315 -0.05
2024_0416_00:31:01 14 0.445 -0.205
2024_0416_00:31:30 14 -49.96 -99.93
2024_0416_00:31:31 14 95.69 99.34
2024_0416_00:31:41 14 74.865 8.545
2024_0416_00:31:43 14 -2.86 0.425
2024_0416_00:32:01 14 99.445 99.17
2024_0416_00:32:12 14 -0.59 48.11
2024_0416_00:32:48 14 -0.055 -0.045
2024_0416_00:33:11 14 -0.685 -0.87
2024_0416_00:33:14 14 65.26 84.37
2024_0416_00:33:46 14 0.485 -0.03
2024_0416_00:34:15 14 7.73 -9.07
2024_0416_00:35:07 14 -0.5 0.555
2024_0416_00:36:17 14 99.51 48.42
2024_0416_00:36:28 14 99.04 85.765
2024_0416_00:36:51 14 -0.09 -0.47
2024_0416_00:37:02 14 10.38 13.59
2024_0416_00:37:20 14 9.66 -10.555
2024_0416_00:37:21 14 0.095 -0.73
2024_0416_00:37:33 14 -0.335 1.53
2024_0416_00:37:36 14 49.775 98.9
2024_0416_00:37:59 14 -25.135 52.975
2024_0416_00:38:07 14 -0.835 -0.71
2024_0416_00:38:41 14 -49.995 99.98
2024_0416_00:39:10 14 99.03 99.37
2024_0416_00:39:12 14 99.075 99.12
2024_0416_00:39:34 14 -15.86 16.86
2024_0416_00:40:03 14 -0.46 -0.32
2024_0416_00:41:07 14 49.525 99.47
2024_0416_00:42:11 14 -10.065 10.725
2024_0416_00:42:15 14 55.625 99.145
2024_0416_00:42:41 14 99.195 99.475
2024_0416_00:42:53 14 -9.755 9.91
2024_0416_00:43:06 14 99.51 42.465
2024_0416_00:43:16 14 99.34 92.13
2024_0416_00:43:24 14 35.445 40.585
2024_0416_00:43:26 14 99.24 99.355
2024_0416_00:43:58 14 99.085 52.26
2024_0416_00:44:12 14 -0.155 -2.685
2024_0416_00:44:55 14 95.415 84.745
2024_0416_00:45:03 14 0.32 0.82
2024_0416_00:45:10 14 -0.19 1.025
2024_0416_00:45:26 14 15.605 16.34
2024_0416_00:45:58 14 99.205 93.31
2024_0416_00:47:08 14 -0.05 0.02
2024_0416_00:48:10 14 -0.155 -0.335
2024_0416_00:48:13 14 47.345 99.38
2024_0416_00:48:45 14 0.845 -0.25
2024_0416_00:48:48 14 20.335 19.585
2024_0416_00:48:58 14 0.905 6.15
2024_0416_00:49:13 14 52.88 52.775
2024_0416_00:49:17 14 -0.975 -0.435
2024_0416_00:49:22 14 7.79 5.545
2024_0416_00:50:02 14 73.57 48.77
2024_0416_00:50:16 14 99.115 99.565
2024_0416_00:50:55 14 0.3 0.09
2024_0416_00:50:57 14 -21.36 20.53
2024_0416_00:51:14 14 -0.125 0.86
2024_0416_00:51:25 14 99.54 92.575
2024_0416_00:51:56 14 99.57 99.11
2024_0416_00:53:06 14 -0.27 -0.23
2024_0416_00:54:05 14 0.38 -0.73
2024_0416_00:54:11 14 -49.995 99.99
2024_0416_00:54:39 14 -0.53 -0.495
2024_0416_00:54:42 14 -0.26 0.3
2024_0416_00:54:55 14 48.975 97.735
2024_0416_00:55:11 14 -0.355 0.055
2024_0416_00:55:15 14 10.98 24.54
2024_0416_00:56:09 14 99.505 99.605
2024_0416_00:56:20 14 96.105 89.475
2024_0416_00:56:52 14 -0.755 0.09
2024_0416_00:56:56 14 0.595 -1.81
2024_0416_00:57:16 14 2.645 0.0
2024_0416_00:57:23 14 10.505 48.03
2024_0416_00:57:54 14 42.965 99.135
2024_0416_00:58:30 14 99.47 48.745
2024_0416_00:59:19 14 46.865 1.42
2024_0416_01:00:12 14 -47.445 49.955
2024_0416_01:00:13 14 -39.695 40.275
2024_0416_01:00:35 14 1.34 9.84
2024_0416_01:00:37 14 0.29 -0.54
2024_0416_01:01:04 14 99.68 82.18
2024_0416_01:01:04 14 -0.26 99.375
2024_0416_01:01:16 14 98.79 42.14
2024_0416_01:02:10 14 37.39 4.315
2024_0416_01:02:19 14 -0.925 -0.215
2024_0416_01:02:48 14 7.24 5.055
2024_0416_01:02:56 14 59.65 -60.03
2024_0416_01:03:17 14 99.54 48.545
2024_0416_01:03:18 14 0.775 0.055
2024_0416_01:03:50 14 75.52 78.69
2024_0416_01:04:24 14 90.34 99.46
2024_0416_01:05:24 14 99.305 47.025
2024_0416_01:06:18 14 64.775 48.18
2024_0416_01:06:31 14 0.255 1.38
2024_0416_01:06:31 14 0.325 -0.055
2024_0416_01:06:58 14 0.52 0.46
2024_0416_01:06:59 14 98.565 99.09
2024_0416_01:07:12 14 82.895 87.015
2024_0416_01:08:11 14 -0.31 -0.225
2024_0416_01:08:21 14 -0.815 0.0
2024_0416_01:08:23 14 6.185 15.9
2024_0416_01:08:42 14 0.715 -0.33
2024_0416_01:08:59 14 94.475 99.22
2024_0416_01:09:17 14 98.405 47.35
2024_0416_01:09:19 14 -0.37 49.945
2024_0416_01:09:46 14 46.12 91.13
2024_0416_01:10:20 14 43.165 -43.965
2024_0416_01:11:27 14 93.66 85.185
2024_0416_01:12:22 14 99.39 99.22
2024_0416_01:12:24 14 90.515 99.27
2024_0416_01:12:28 14 99.4 99.415
2024_0416_01:12:52 14 -0.44 0.68
2024_0416_01:12:54 14 -1.845 67.635
2024_0416_01:13:04 14 -36.15 35.69
2024_0416_01:14:12 14 -0.275 0.63
2024_0416_01:14:17 14 34.125 17.555
2024_0416_01:14:25 14 87.685 71.505
2024_0416_01:14:37 14 -0.32 -0.55
2024_0416_01:15:04 14 50.115 47.385
2024_0416_01:15:20 14 -1.06 1.545
2024_0416_01:15:27 14 47.195 43.4
2024_0416_01:15:43 14 99.615 99.62
2024_0416_01:16:15 14 48.1 85.995
2024_0416_01:17:26 14 41.83 -3.6
2024_0416_01:18:16 14 -33.795 33.475
2024_0416_01:18:19 14 92.145 96.115
2024_0416_01:18:27 14 0.705 0.9
2024_0416_01:18:46 14 50.02 -0.725
2024_0416_01:18:47 14 -8.79 8.295
2024_0416_01:18:58 14 70.71 -9.18
2024_0416_01:20:12 14 -49.995 -99.99
2024_0416_01:20:12 14 49.41 85.72
2024_0416_01:20:24 14 -0.16 0.22
2024_0416_01:20:53 14 4.685 15.315
2024_0416_01:21:19 14 -0.715 0.28
2024_0416_01:21:21 14 99.245 97.34
2024_0416_01:21:42 14 99.525 89.655
2024_0416_01:22:15 14 99.305 48.43
2024_0416_01:23:28 14 1.735 -0.3
2024_0416_01:24:11 14 67.055 99.435
2024_0416_01:24:20 15 10.005 8.89
2024_0416_01:24:23 15 21.955 22.18
2024_0416_01:24:45 15 99.415 88.205
2024_0416_01:24:49 15 99.13 99.16
2024_0416_01:24:50 15 0.435 0.17
2024_0416_01:24:59 15 99.295 49.54
2024_0416_01:26:08 15 -0.255 -1.9
2024_0416_01:26:14 15 31.915 3.495
2024_0416_01:27:27 15 0.535 0.285
2024_0416_01:27:40 15 0.28 -0.36
2024_0416_01:28:08 15 10.16 -10.71
2024_0416_01:28:27 15 99.395 88.24
2024_0416_01:29:28 15 0.615 -0.07
2024_0416_01:30:08 15 99.35 99.04
2024_0416_01:30:17 15 -0.765 0.16
2024_0416_01:30:18 15 16.235 17.465
2024_0416_01:30:24 15 99.37 51.605
2024_0416_01:30:35 15 35.28 -17.41
2024_0416_01:30:40 15 20.175 88.69
2024_0416_01:30:50 15 10.715 -12.285
2024_0416_01:30:50 15 34.6 -17.01
2024_0416_01:31:06 15 8.535 -8.585
2024_0416_01:32:05 15 99.45 99.34
2024_0416_01:32:20 15 99.345 92.87
2024_0416_01:33:34 15 0.785 0.955
2024_0416_01:33:34 15 -0.755 -0.98
2024_0416_01:34:05 15 99.415 99.145
2024_0416_01:34:33 15 99.35 72.685
2024_0416_01:35:32 15 89.725 57.145
2024_0416_01:36:04 15 4.495 -12.25
2024_0416_01:36:13 15 89.35 49.57
2024_0416_01:36:18 15 99.72 97.45
2024_0416_01:36:30 15 91.965 98.59
2024_0416_01:36:33 15 7.415 -7.91
2024_0416_01:36:39 15 -1.275 0.075
2024_0416_01:36:47 15 90.125 98.96
2024_0416_01:37:01 15 -7.87 6.825
2024_0416_01:38:02 15 -0.13 -0.09
2024_0416_01:38:19 15 0.04 1.2
2024_0416_01:39:28 15 -0.085 0.1
2024_0416_01:39:35 15 97.8 99.35
2024_0416_01:40:04 15 99.18 99.115
2024_0416_01:40:34 15 99.555 99.12
2024_0416_01:41:07 15 75.21 99.3
2024_0416_01:41:36 15 47.83 99.1
2024_0416_01:41:59 15 93.08 99.635
2024_0416_01:42:08 15 48.59 48.615
2024_0416_01:42:16 15 72.325 99.615
2024_0416_01:42:26 15 -0.605 0.61
2024_0416_01:42:34 15 65.105 93.01
2024_0416_01:42:42 15 0.45 0.55
2024_0416_01:42:43 15 24.1 27.97
2024_0416_01:43:02 15 -3.06 4.055
2024_0416_01:43:58 15 7.485 13.195
2024_0416_01:44:23 15 38.035 39.2
2024_0416_01:45:24 15 2.945 -1.675
2024_0416_01:45:36 15 0.86 1.34
2024_0416_01:46:02 15 85.74 47.775
2024_0416_01:46:45 15 48.605 62.055
2024_0416_01:47:10 15 21.3 27.415
2024_0416_01:47:45 15 30.825 49.82
2024_0416_01:47:53 15 -1.365 46.23
2024_0416_01:48:30 15 -0.54 0.775
2024_0416_01:48:33 15 14.055 10.495
2024_0416_01:48:36 15 -9.04 11.805
2024_0416_01:48:43 15 87.52 97.035
2024_0416_01:48:43 15 98.695 82.4
2024_0416_01:48:56 15 -0.79 -0.115
2024_0416_01:49:52 15 0.16 -0.375
2024_0416_01:50:23 15 25.125 22.625
2024_0416_01:51:22 15 -49.96 -49.995
2024_0416_01:51:27 15 83.02 86.52
2024_0416_01:51:36 15 -0.22 0.55
2024_0416_01:52:01 15 72.825 99.25
2024_0416_01:52:43 15 -99.985 99.975
2024_0416_01:53:43 15 1.49 -1.14
2024_0416_01:53:47 15 5.085 -1.765
2024_0416_01:54:31 15 90.795 80.57
2024_0416_01:54:32 15 -1.275 49.45
2024_0416_01:54:38 15 98.015 98.425
2024_0416_01:54:38 15 44.485 99.115
2024_0416_01:54:38 15 38.9 39.45
2024_0416_01:54:53 15 43.53 44.76
2024_0416_01:55:49 15 49.545 95.78
2024_0416_01:56:34 15 0.79 -1.42
2024_0416_01:57:18 15 0.6 -0.66
2024_0416_01:57:23 15 97.04 99.15
2024_0416_01:57:41 15 -9.745 10.19
2024_0416_01:58:00 15 49.95 100.0
2024_0416_01:58:07 15 49.15 94.325
2024_0416_01:58:52 15 0.61 -0.08
2024_0416_01:59:47 15 -0.46 0.545
2024_0416_01:59:50 15 92.56 98.71
2024_0416_02:00:35 15 -13.305 26.81
2024_0416_02:00:38 15 -0.415 0.73
2024_0416_02:00:42 15 12.505 -12.38
2024_0416_02:00:43 15 79.2 99.5
2024_0416_02:00:48 15 0.23 0.45
2024_0416_02:00:53 15 0.25 -0.385
2024_0416_02:01:50 15 98.76 99.535
2024_0416_02:02:42 15 49.055 69.695
2024_0416_02:03:18 15 -0.235 -2.115
2024_0416_02:03:22 15 0.07 1.38
2024_0416_02:04:02 15 0.63 -0.63
2024_0416_02:04:26 15 66.905 44.47
2024_0416_02:05:11 15 -20.69 10.12
2024_0416_02:05:55 15 98.665 98.605
2024_0416_02:06:17 15 0.38 0.195
2024_0416_02:06:32 15 50.0 100.0
2024_0416_02:06:39 15 42.33 37.225
2024_0416_02:06:48 15 49.995 49.995
2024_0416_02:06:48 15 -0.205 -0.415
2024_0416_02:07:06 15 1.0 -0.955
2024_0416_02:07:12 15 83.12 89.115
2024_0416_02:07:50 15 0.62 -0.37
2024_0416_02:09:04 15 99.89 -37.55
2024_0416_02:09:18 15 -0.985 -0.965
2024_0416_02:09:20 15 0.21 0.02
2024_0416_02:09:27 15 49.655 99.68
2024_0416_02:10:06 15 99.07 49.02
2024_0416_02:10:54 15 1.545 2.84
2024_0416_02:11:43 15 75.1 97.145
2024_0416_02:12:06 15 48.175 47.855
2024_0416_02:12:36 15 84.61 89.39
2024_0416_02:12:39 15 61.045 90.415
2024_0416_02:12:45 15 1.31 -0.635
2024_0416_02:12:57 15 0.375 0.835
2024_0416_02:13:08 15 0.03 0.015
2024_0416_02:13:37 15 0.11 0.515
2024_0416_02:13:50 15 33.365 -32.82
2024_0416_02:15:16 15 -16.715 15.82
2024_0416_02:15:31 15 27.145 -26.43
2024_0416_02:15:46 15 -0.16 -0.435
2024_0416_02:15:53 15 94.29 99.28
2024_0416_02:16:09 15 98.96 99.125
2024_0416_02:16:12 15 -1.95 -0.245
2024_0416_02:17:26 15 99.59 99.31
2024_0416_02:18:03 15 -8.92 10.04
2024_0416_02:18:10 15 -1.775 0.275
2024_0416_02:18:41 15 99.225 47.32
2024_0416_02:18:42 15 -0.005 0.945
2024_0416_02:18:44 15 -0.225 0.075
2024_0416_02:18:53 15 0.86 1.86
2024_0416_02:19:02 15 -9.43 9.56
2024_0416_02:19:46 15 42.46 78.535
2024_0416_02:20:00 15 0.97 -0.275
2024_0416_02:21:16 15 48.755 10.815
2024_0416_02:22:01 15 99.165 69.75
2024_0416_02:22:10 15 48.535 47.78
2024_0416_02:22:22 15 47.62 -0.44
2024_0416_02:22:43 15 94.915 98.725
2024_0416_02:23:59 15 -0.405 0.045
2024_0416_02:24:21 15 0.15 1.04
2024_0416_02:24:37 15 21.9 23.04
2024_0416_02:24:42 15 -20.495 20.6
2024_0416_02:24:44 15 99.465 98.815
2024_0416_02:24:55 15 -0.24 0.615
2024_0416_02:24:55 15 13.42 14.035
2024_0416_02:25:11 15 -0.51 -1.555
2024_0416_02:25:34 15 -0.265 -0.475
2024_0416_02:26:02 15 73.19 98.645
2024_0416_02:26:34 15 -0.15 0.16
2024_0416_02:27:26 15 73.86 99.195
2024_0416_02:28:14 15 2.175 -0.6
2024_0416_02:28:27 15 -0.365 -0.745
2024_0416_02:28:54 15 3.64 -3.95
2024_0416_02:29:13 15 77.68 99.535
2024_0416_02:30:02 15 -0.545 -0.53
2024_0416_02:30:46 16 11.4 15.8
2024_0416_02:30:50 15 49.995 -99.99
2024_0416_02:30:59 16 19.525 -19.655
2024_0416_02:31:00 16 0.41 0.25
2024_0416_02:31:00 16 -1.73 -0.555
2024_0416_02:31:05 15 3.18 -2.52
2024_0416_02:31:14 16 -9.115 10.535
2024_0416_02:31:37 16 43.54 -0.87
2024_0416_02:32:07 16 50.0 99.74
2024_0416_02:32:59 16 18.58 -16.005
2024_0416_02:33:43 16 66.17 47.975
2024_0416_02:34:48 16 0.125 -17.135
2024_0416_02:35:06 16 99.56 87.675
2024_0416_02:35:14 16 16.93 -16.69
2024_0416_02:35:35 16 94.03 96.955
2024_0416_02:36:05 16 91.645 98.985
2024_0416_02:36:54 16 40.86 44.12
2024_0416_02:36:58 16 16.705 -16.445
2024_0416_02:37:02 16 30.065 46.025
2024_0416_02:37:06 16 98.39 96.03
2024_0416_02:37:11 16 0.41 1.45
2024_0416_02:37:12 16 -0.95 0.37
2024_0416_02:37:31 16 -0.285 0.05
2024_0416_02:37:39 16 84.805 99.38
2024_0416_02:38:08 16 0.185 -0.565
2024_0416_02:39:24 16 47.625 99.525
2024_0416_02:39:55 16 86.305 99.2
2024_0416_02:41:13 16 90.015 49.145
2024_0416_02:41:18 16 0.47 -0.34
2024_0416_02:41:40 16 16.61 -16.76
2024_0416_02:42:04 16 16.445 -16.18
2024_0416_02:42:10 16 86.725 99.38
2024_0416_02:42:54 16 -35.495 25.065
2024_0416_02:42:58 16 82.995 99.42
2024_0416_02:43:02 16 -6.8 5.93
2024_0416_02:43:10 16 1.185 -1.72
2024_0416_02:43:13 16 3.985 2.955
2024_0416_02:43:34 16 -0.005 -0.95
2024_0416_02:43:46 16 0.76 0.245
2024_0416_02:44:06 16 10.035 -9.475
2024_0416_02:44:24 16 -0.23 0.54
2024_0416_02:45:48 16 -0.03 1.155
2024_0416_02:45:52 16 98.84 98.77
2024_0416_02:47:11 16 13.865 12.845
2024_0416_02:47:44 16 49.715 59.02
2024_0416_02:47:58 16 60.53 65.955
2024_0416_02:48:10 16 -0.01 -0.045
2024_0416_02:48:43 16 97.09 99.335
2024_0416_02:48:48 16 -1.36 27.57
2024_0416_02:48:54 16 49.435 90.27
2024_0416_02:48:55 16 0.915 1.565
2024_0416_02:49:04 16 -0.745 1.215
2024_0416_02:49:08 16 48.69 81.495
2024_0416_02:49:32 16 79.515 76.74
2024_0416_02:49:58 16 -0.725 1.52
2024_0416_02:50:19 16 86.095 78.43
2024_0416_02:50:53 16 -0.55 -0.22
2024_0416_02:51:43 16 99.52 99.265
2024_0416_02:52:28 16 -10.005 10.03
2024_0416_02:53:08 16 77.005 42.41
2024_0416_02:53:52 16 79.765 99.305
2024_0416_02:54:14 16 99.365 89.79
2024_0416_02:54:38 16 0.61 -0.475
2024_0416_02:54:42 16 38.31 54.59
2024_0416_02:54:48 16 -0.07 -0.69
2024_0416_02:54:50 16 44.295 8.13
2024_0416_02:54:58 16 49.49 99.04
2024_0416_02:55:03 16 99.635 92.79
2024_0416_02:55:12 16 37.09 97.155
2024_0416_02:55:24 16 29.155 -17.11
2024_0416_02:55:50 16 25.0 -24.995
2024_0416_02:56:48 16 32.86 15.805
2024_0416_02:57:26 16 99.355 85.05
2024_0416_02:58:59 16 94.45 99.745
2024_0416_02:59:06 16 44.78 90.225
2024_0416_02:59:48 16 49.07 78.295
2024_0416_03:00:11 16 0.205 -0.315
2024_0416_03:00:34 16 99.29 99.375
2024_0416_03:00:41 16 -0.465 -0.015
2024_0416_03:00:49 16 88.985 98.95
2024_0416_03:00:51 16 92.115 47.785
2024_0416_03:01:05 16 94.71 98.305
2024_0416_03:01:09 16 49.55 90.705
2024_0416_03:01:11 16 -1.995 22.84
2024_0416_03:01:16 16 0.4 0.29
2024_0416_03:01:39 16 -99.99 -49.99
2024_0416_03:01:48 16 9.62 -10.25
2024_0416_03:03:15 16 -0.23 -0.18
2024_0416_03:05:00 16 -0.415 -0.25
2024_0416_03:05:29 16 -0.4 0.555
2024_0416_03:06:05 16 86.695 48.935
2024_0416_03:06:33 16 -8.14 9.06
2024_0416_03:06:40 16 -16.07 18.38
2024_0416_03:06:45 16 49.995 99.99
2024_0416_03:07:14 16 32.28 27.665
2024_0416_03:07:21 16 0.09 0.12
2024_0416_03:07:35 16 16.57 16.485
2024_0416_03:07:36 16 91.87 99.405
2024_0416_03:07:41 16 99.575 99.16
2024_0416_03:08:23 16 53.45 84.89
2024_0416_03:08:52 16 -0.815 0.885
2024_0416_03:09:29 16 0.03 8.26
2024_0416_03:09:39 16 10.57 6.62
2024_0416_03:09:46 16 58.58 63.505
2024_0416_03:10:56 16 10.965 -1.335
2024_0416_03:11:42 16 49.995 99.99
2024_0416_03:11:58 16 0.65 0.65
2024_0416_03:12:27 16 12.39 12.635
2024_0416_03:12:41 16 48.325 98.915
2024_0416_03:13:13 16 99.99 99.99
2024_0416_03:13:17 16 0.73 0.28
2024_0416_03:13:31 16 -1.145 48.01
2024_0416_03:13:41 16 92.235 74.18
2024_0416_03:14:01 16 40.48 -38.335
2024_0416_03:14:32 16 72.81 82.89
2024_0416_03:14:59 16 80.435 57.12
2024_0416_03:15:26 16 44.76 -5.65
2024_0416_03:15:48 16 -0.115 0.705
2024_0416_03:16:51 16 0.485 -0.215
2024_0416_03:17:08 16 -9.015 8.1
2024_0416_03:17:46 16 -0.225 -0.42
2024_0416_03:17:57 16 -0.11 0.72
2024_0416_03:18:21 16 0.435 -0.3
2024_0416_03:18:28 16 0.88 -0.445
2024_0416_03:18:41 16 95.63 99.4
2024_0416_03:19:08 16 25.07 20.365
2024_0416_03:19:16 16 0.81 0.705
2024_0416_03:19:30 16 99.755 96.48
2024_0416_03:19:48 16 46.74 90.405
2024_0416_03:20:41 16 79.9 39.525
2024_0416_03:21:08 16 -10.135 10.84
2024_0416_03:21:26 16 -0.48 -0.27
2024_0416_03:21:57 16 12.725 -8.58
2024_0416_03:22:54 16 0.61 -0.23
2024_0416_03:23:14 17 -17.16 48.26
2024_0416_03:23:18 17 98.745 44.455
2024_0416_03:23:59 17 54.595 76.85
2024_0416_03:24:00 17 99.255 93.06
2024_0416_03:24:22 17 22.355 32.03
2024_0416_03:24:28 17 -1.765 0.69
2024_0416_03:24:44 17 57.42 48.98
2024_0416_03:25:22 17 0.425 0.385
2024_0416_03:25:25 17 5.13 14.715
2024_0416_03:25:38 17 -0.855 0.31
2024_0416_03:26:01 17 -0.095 -0.955
2024_0416_03:26:51 17 98.615 99.155
2024_0416_03:27:20 17 19.74 23.57
2024_0416_03:27:33 17 -0.37 -1.07
2024_0416_03:28:03 17 39.77 -40.2
2024_0416_03:28:56 17 85.23 99.605
2024_0416_03:29:19 17 0.23 0.015
2024_0416_03:29:21 17 -0.875 0.195
2024_0416_03:30:02 17 99.435 81.275
2024_0416_03:30:03 17 -0.295 0.17
2024_0416_03:30:19 17 0.01 0.18
2024_0416_03:30:29 17 39.175 39.135
2024_0416_03:30:42 17 17.855 61.38
2024_0416_03:31:19 17 -6.67 6.355
2024_0416_03:31:21 17 -0.465 0.55
2024_0416_03:31:35 17 -49.88 50.26
2024_0416_03:32:03 17 -13.63 57.15
2024_0416_03:32:55 17 70.435 -7.48
2024_0416_03:33:27 17 7.58 5.87
2024_0416_03:33:36 17 40.56 -39.955
2024_0416_03:34:09 17 87.255 99.43
2024_0416_03:34:57 17 59.23 73.54
2024_0416_03:35:19 17 17.7 10.29
2024_0416_03:35:26 17 1.68 -0.845
2024_0416_03:36:07 17 76.38 83.54
2024_0416_03:36:10 17 77.915 89.27
2024_0416_03:36:21 17 48.94 45.23
2024_0416_03:36:31 17 99.47 88.795
2024_0416_03:36:47 17 -6.995 7.78
2024_0416_03:37:22 17 45.565 93.675
2024_0416_03:37:23 17 73.11 75.715
2024_0416_03:37:54 17 94.28 70.075
2024_0416_03:38:07 17 97.65 76.35
2024_0416_03:38:53 17 -0.205 -0.145
2024_0416_03:39:32 17 98.535 87.17
2024_0416_03:39:33 17 -10.11 21.52
2024_0416_03:40:12 17 68.44 38.345
2024_0416_03:41:00 17 19.235 -7.76
2024_0416_03:41:15 17 20.97 20.165
2024_0416_03:41:29 17 1.625 -0.305
2024_0416_03:42:09 17 0.525 -1.4
2024_0416_03:42:10 17 99.085 99.525
2024_0416_03:42:17 17 -10.195 8.895
2024_0416_03:42:49 17 74.63 99.27
2024_0416_03:42:55 17 90.31 99.195
2024_0416_03:43:17 17 9.945 -10.09
2024_0416_03:43:50 17 4.025 -3.5
2024_0416_03:44:07 17 -1.145 -1.145
2024_0416_03:45:00 17 52.195 36.94
2024_0416_03:45:40 17 13.04 15.35
2024_0416_03:45:48 17 1.315 14.71
2024_0416_03:46:21 17 -50.005 50.005
2024_0416_03:46:22 17 96.055 99.35
2024_0416_03:46:59 17 76.765 99.48
2024_0416_03:47:14 17 99.42 85.53
2024_0416_03:47:31 17 0.685 -0.54
2024_0416_03:48:05 17 31.63 17.835
2024_0416_03:48:14 17 0.89 -0.225
2024_0416_03:48:22 17 26.25 0.11
2024_0416_03:48:48 17 9.72 6.845
2024_0416_03:49:15 17 46.285 79.92
2024_0416_03:50:15 17 79.26 39.555
2024_0416_03:51:05 17 12.9 18.415
2024_0416_03:51:48 17 0.95 -0.37
2024_0416_03:51:49 17 48.575 79.015
2024_0416_03:52:18 17 0.085 0.695
2024_0416_03:52:34 17 -0.005 10.065
2024_0416_03:52:56 17 0.315 -0.585
2024_0416_03:52:57 17 -20.155 20.115
2024_0416_03:53:07 17 99.19 84.44
2024_0416_03:53:38 17 0.57 0.55
2024_0416_03:54:07 17 80.84 98.75
2024_0416_03:54:10 17 98.565 99.155
2024_0416_03:54:24 17 15.925 8.28
2024_0416_03:54:43 17 9.315 -10.14
2024_0416_03:55:12 17 -10.035 10.285
2024_0416_03:55:21 17 -4.115 -3.195
2024_0416_03:56:20 17 -7.66 9.64
2024_0416_03:57:13 17 11.71 -12.295
2024_0416_03:57:52 17 90.715 66.915
2024_0416_03:57:56 17 0.24 -1.39
2024_0416_03:58:16 17 -5.655 5.465
2024_0416_03:58:38 17 0.035 12.375
2024_0416_03:58:52 17 -0.96 1.06
2024_0416_03:58:52 17 -1.015 -1.105
2024_0416_03:59:09 17 70.49 89.485
2024_0416_03:59:36 17 99.385 99.56
2024_0416_04:00:06 17 -9.895 9.08
2024_0416_04:00:07 17 0.635 0.585
2024_0416_04:00:29 17 -0.04 0.22
2024_0416_04:00:39 17 -25.5 25.805
2024_0416_04:01:16 17 82.74 96.485
2024_0416_04:02:20 17 0.095 -1.335
2024_0416_04:03:12 17 -0.085 0.475
2024_0416_04:03:46 17 0.485 1.16
2024_0416_04:03:53 17 -0.26 7.025
2024_0416_04:04:37 17 -9.685 10.67
2024_0416_04:04:49 17 -1.715 -3.045
2024_0416_04:04:55 17 -0.13 48.975
2024_0416_04:05:09 17 -2.315 1.3
2024_0416_04:05:36 17 94.37 99.445
2024_0416_04:05:59 17 14.04 14.905
2024_0416_04:06:02 17 0.025 0.115
2024_0416_04:06:04 17 -10.68 10.325
2024_0416_04:06:27 17 -3.175 0.65
2024_0416_04:06:35 17 0.315 0.435
2024_0416_04:07:21 17 0.845 0.76
2024_0416_04:08:43 17 1.49 -2.105
2024_0416_04:09:09 17 99.38 99.215
2024_0416_04:09:42 17 0.715 1.605
2024_0416_04:09:53 17 12.1 7.84
2024_0416_04:10:08 17 0.125 0.845
2024_0416_04:10:38 17 87.47 49.295
2024_0416_04:10:44 17 -0.03 -0.49
2024_0416_04:10:52 17 4.755 19.59
2024_0416_04:11:28 17 -1.05 0.24
2024_0416_04:11:58 17 -0.15 0.14
2024_0416_04:11:59 17 -6.465 3.71
2024_0416_04:12:06 17 99.235 37.97
2024_0416_04:12:24 17 0.255 -0.355
2024_0416_04:12:26 17 50.135 96.42
2024_0416_04:13:19 17 21.545 0.285
2024_0416_04:14:35 17 6.955 -12.275
2024_0416_04:15:02 17 49.355 -50.615
2024_0416_04:15:41 17 99.545 99.515
2024_0416_04:15:45 17 73.025 47.595
2024_0416_04:16:08 17 -0.58 13.04
2024_0416_04:16:34 17 46.535 -9.46
2024_0416_04:16:37 17 -1.33 -0.78
2024_0416_04:16:51 17 78.815 14.34
2024_0416_04:17:20 17 13.655 13.625
2024_0416_04:17:56 17 0.125 -0.405
2024_0416_04:18:10 17 86.55 85.28
2024_0416_04:18:17 17 0.815 0.925
2024_0416_04:19:17 17 26.44 41.975
2024_0416_04:19:35 17 0.28 1.3
2024_0416_04:20:02 17 54.325 87.78
2024_0416_04:20:30 18 86.145 99.33
2024_0416_04:20:52 18 -15.165 15.085
2024_0416_04:21:35 18 99.99 -99.99
2024_0416_04:21:43 18 -44.08 47.965
2024_0416_04:21:58 18 47.335 -48.005
2024_0416_04:22:25 18 -0.23 -0.36
2024_0416_04:22:32 18 99.125 99.54
2024_0416_04:22:42 18 99.765 98.49
2024_0416_04:23:16 18 17.2 31.81
2024_0416_04:23:39 18 17.02 13.65
2024_0416_04:23:42 18 33.335 -4.53
2024_0416_04:24:00 18 71.43 48.52
2024_0416_04:24:12 18 45.985 43.105
2024_0416_04:25:05 18 49.85 -0.295
2024_0416_04:25:34 18 2.13 19.81
2024_0416_04:25:49 18 0.24 -0.525
2024_0416_04:26:23 18 -0.7 0.605
2024_0416_04:26:53 18 0.105 -0.24
2024_0416_04:27:38 18 -0.15 -0.08
2024_0416_04:27:48 18 31.695 31.345
2024_0416_04:27:48 18 99.18 48.8
2024_0416_04:28:18 18 83.32 87.08
2024_0416_04:28:29 18 8.92 -1.735
2024_0416_04:28:34 18 -6.875 45.73
2024_0416_04:29:00 18 1.665 -0.665
2024_0416_04:29:28 18 79.995 45.005
2024_0416_04:29:35 18 98.87 99.03
2024_0416_04:29:48 18 -0.235 2.73
2024_0416_04:29:59 18 99.59 99.365
2024_0416_04:30:49 18 -0.24 -0.06
2024_0416_04:31:26 18 99.22 84.555
2024_0416_04:31:33 18 12.515 40.585
2024_0416_04:32:16 18 1.46 -0.235
2024_0416_04:32:41 18 -10.615 10.175
2024_0416_04:33:29 18 0.465 -0.355
2024_0416_04:33:40 18 49.415 74.48
2024_0416_04:33:50 18 69.545 98.32
2024_0416_04:33:59 18 0.47 1.45
2024_0416_04:34:13 18 13.915 -9.82
2024_0416_04:34:23 18 -0.03 -0.715
2024_0416_04:35:16 18 45.305 98.005
2024_0416_04:35:22 18 -4.565 4.855
2024_0416_04:35:28 18 -0.61 1.025
2024_0416_04:35:42 18 51.195 2.06
2024_0416_04:37:09 18 92.705 87.635
2024_0416_04:37:18 18 12.08 11.045
2024_0416_04:38:14 18 -0.48 2.48
2024_0416_04:38:26 18 36.485 32.67
2024_0416_04:39:14 18 22.805 41.495
2024_0416_04:39:21 18 0.255 -0.185
2024_0416_04:39:36 18 0.345 -0.3
2024_0416_04:39:44 18 99.39 96.505
2024_0416_04:39:50 18 54.765 54.725
2024_0416_04:39:55 18 49.27 99.305
2024_0416_04:40:07 18 0.495 0.13
2024_0416_04:40:59 18 7.93 -1.55
2024_0416_04:41:08 18 -6.105 48.845
2024_0416_04:41:10 18 -0.195 0.67
2024_0416_04:41:23 18 38.525 34.26
2024_0416_04:41:32 18 3.45 36.515
2024_0416_04:42:54 18 0.23 0.48
2024_0416_04:43:02 18 91.25 66.33
2024_0416_04:43:58 18 -30.285 47.53
2024_0416_04:44:10 18 -7.0 30.24
2024_0416_04:44:57 18 44.13 46.805
2024_0416_04:45:02 18 99.995 -99.995
2024_0416_04:45:28 18 93.145 99.255
2024_0416_04:45:33 18 0.47 0.485
2024_0416_04:45:55 18 -36.665 40.22
2024_0416_04:45:55 18 92.765 99.065
2024_0416_04:46:16 18 99.285 99.24
2024_0416_04:46:36 18 -1.24 -0.35
2024_0416_04:46:53 18 25.125 33.34
2024_0416_04:46:54 18 81.28 28.4
2024_0416_04:47:08 18 67.185 99.065
2024_0416_04:47:30 18 -8.265 99.84
2024_0416_04:48:43 18 39.955 72.01
2024_0416_04:48:48 18 -19.565 20.32
2024_0416_04:49:44 18 -13.56 12.68
2024_0416_04:49:50 18 -0.79 -0.8
2024_0416_04:50:41 18 49.52 99.475
2024_0416_04:51:00 18 47.82 99.77
2024_0416_04:51:15 18 99.245 54.33
2024_0416_04:51:40 18 -0.705 1.055
2024_0416_04:51:52 18 0.905 -0.155
2024_0416_04:52:17 18 46.175 99.525
2024_0416_04:52:31 18 -13.18 11.645
2024_0416_04:52:35 18 8.715 16.315
2024_0416_04:52:55 18 99.495 91.75
2024_0416_04:54:27 18 19.745 12.99
2024_0416_04:54:37 18 -0.77 0.595
2024_0416_04:54:52 18 0.855 0.075
2024_0416_04:55:14 18 98.105 81.82
2024_0416_04:55:26 18 -2.76 3.075
2024_0416_04:55:34 18 2.55 7.1
2024_0416_04:56:12 18 0.0 0.01
2024_0416_04:56:14 18 86.765 98.005
2024_0416_04:56:39 18 99.31 98.37
2024_0416_04:56:50 18 78.595 38.275
2024_0416_04:57:26 18 41.795 -0.765
2024_0416_04:57:35 18 92.51 99.34
2024_0416_04:57:51 18 -0.02 0.01
2024_0416_04:58:09 18 -2.67 48.035
2024_0416_04:58:42 18 10.955 11.995
2024_0416_04:58:53 18 1.27 7.075
2024_0416_05:00:11 18 0.4 0.905
2024_0416_05:00:12 18 -0.04 2.135
2024_0416_05:00:36 18 7.995 -10.135
2024_0416_05:00:52 18 86.925 82.805
2024_0416_05:01:18 18 99.06 99.435
2024_0416_05:01:22 18 -0.005 -0.365
2024_0416_05:01:41 18 0.48 -0.535
2024_0416_05:02:00 18 56.14 98.98
2024_0416_05:02:13 18 10.435 13.72
2024_0416_05:02:37 18 90.28 99.39
2024_0416_05:03:01 18 52.595 22.09
2024_0416_05:03:28 18 49.99 -49.99
2024_0416_05:03:28 18 99.7 99.295
2024_0416_05:03:45 18 29.895 24.485
2024_0416_05:04:18 18 4.64 7.075
2024_0416_05:04:34 18 50.005 -99.865
2024_0416_05:06:03 18 89.99 95.905
2024_0416_05:06:06 18 0.48 0.415
2024_0416_05:06:23 18 48.235 99.095
2024_0416_05:06:31 18 11.705 -6.58
2024_0416_05:06:58 18 0.045 0.1
2024_0416_05:07:06 18 -0.29 0.18
2024_0416_05:07:21 18 -0.695 0.935
2024_0416_05:07:32 18 -2.81 4.625
2024_0416_05:07:51 18 15.125 -7.79
2024_0416_05:08:14 18 82.54 85.2
2024_0416_05:08:45 18 98.635 98.825
2024_0416_05:09:06 18 0.18 0.765
2024_0416_05:09:18 18 26.24 6.135
2024_0416_05:09:24 18 -0.04 -0.85
2024_0416_05:09:55 18 -1.26 -0.2
2024_0416_05:10:20 18 -1.5 -0.265
2024_0416_05:11:42 18 0.465 -0.955
2024_0416_05:11:54 18 55.685 56.965
2024_0416_05:12:09 18 65.93 -7.14
2024_0416_05:12:09 18 0.25 -0.13
2024_0416_05:12:44 18 95.94 98.425
2024_0416_05:12:59 18 80.72 99.57
2024_0416_05:13:06 18 99.205 99.415
2024_0416_05:13:10 18 0.25 -1.29
2024_0416_05:13:24 18 57.59 99.455
2024_0416_05:13:49 18 -7.68 7.825
2024_0416_05:14:24 18 94.555 98.84
2024_0416_05:14:40 18 10.1 -10.28
2024_0416_05:14:59 18 15.845 13.7
2024_0416_05:14:59 18 99.32 66.76
2024_0416_05:15:30 18 -0.17 0.035
2024_0416_05:17:19 18 -0.335 -0.08
2024_0416_05:17:36 18 15.24 46.175
2024_0416_05:17:46 18 13.05 12.22
2024_0416_05:17:55 18 49.69 -0.905
2024_0416_05:18:37 18 -9.88 9.96
2024_0416_05:18:43 18 1.665 0.5
2024_0416_05:18:53 18 -14.46 49.365
2024_0416_05:19:01 18 7.675 -8.985
2024_0416_05:19:30 18 48.455 95.83
2024_0416_05:20:03 18 6.11 12.62
2024_0416_05:20:19 18 -49.995 49.995
2024_0416_05:20:37 19 -0.785 0.055
2024_0416_05:20:45 18 91.39 83.58
2024_0416_05:20:46 18 -1.175 -0.65
2024_0416_05:21:23 19 1.54 -0.77
2024_0416_05:22:45 19 3.31 -8.76
2024_0416_05:23:14 19 96.24 61.905
2024_0416_05:23:29 19 -13.925 12.645
2024_0416_05:23:35 19 99.435 49.57
2024_0416_05:23:47 19 1.385 0.14
2024_0416_05:24:19 19 72.785 99.425
2024_0416_05:24:27 19 48.275 99.27
2024_0416_05:24:41 19 94.18 46.685
2024_0416_05:25:09 19 -0.92 1.04
2024_0416_05:25:48 19 99.015 91.65
2024_0416_05:26:06 19 -0.87 -1.96
2024_0416_05:26:20 19 1.555 0.555
2024_0416_05:26:27 19 -2.3 -0.71
2024_0416_05:26:30 19 -0.82 0.085
2024_0416_05:27:03 19 0.78 -0.51
2024_0416_05:28:12 19 0.05 0.075
2024_0416_05:28:25 19 -9.22 10.56
2024_0416_05:28:59 19 98.975 97.83
2024_0416_05:29:08 19 1.85 -0.4
2024_0416_05:29:11 19 1.455 -1.31
2024_0416_05:29:36 19 40.625 48.125
2024_0416_05:30:01 19 0.015 -0.575
2024_0416_05:30:17 19 49.875 88.555
2024_0416_05:30:42 19 1.225 0.47
2024_0416_05:30:59 19 49.64 24.82
2024_0416_05:31:28 19 0.06 -0.765
2024_0416_05:31:47 19 -0.305 -0.845
2024_0416_05:32:05 19 -0.16 0.085
2024_0416_05:32:10 19 2.85 86.75
2024_0416_05:32:14 19 78.095 68.765
2024_0416_05:34:03 19 13.54 -14.435
2024_0416_05:34:41 19 34.895 5.48
2024_0416_05:34:55 19 51.515 63.95
2024_0416_05:34:58 19 2.58 2.94
2024_0416_05:35:18 19 8.015 -1.18
2024_0416_05:36:01 19 0.72 0.155
2024_0416_05:36:23 19 -1.35 -0.105
2024_0416_05:36:36 19 -0.365 -0.56
2024_0416_05:37:12 19 1.015 -1.535
2024_0416_05:37:20 19 -11.6 10.78
2024_0416_05:37:38 19 -1.045 6.53
2024_0416_05:37:44 19 95.69 99.57
2024_0416_05:37:46 19 2.345 -1.24
2024_0416_05:37:57 19 16.935 -15.445
2024_0416_05:39:40 19 16.755 -16.69
2024_0416_05:39:44 19 21.91 47.575
2024_0416_05:40:22 19 -0.2 0.435
2024_0416_05:40:36 19 14.515 12.365
2024_0416_05:40:42 19 4.2 -3.155
2024_0416_05:41:03 19 98.525 93.22
2024_0416_05:41:08 19 -8.03 20.355
2024_0416_05:41:43 19 -0.13 0.775
2024_0416_05:42:07 19 -1.2 46.13
2024_0416_05:42:23 19 98.855 49.835
2024_0416_05:42:55 19 82.47 17.86
2024_0416_05:43:15 19 0.695 1.45
2024_0416_05:43:26 19 -0.98 -1.015
2024_0416_05:43:30 19 97.385 87.32
2024_0416_05:43:45 19 20.655 -20.505
2024_0416_05:45:22 19 97.52 99.45
2024_0416_05:45:31 19 2.875 3.32
2024_0416_05:46:05 19 12.97 8.68
2024_0416_05:46:30 19 -6.065 8.025
2024_0416_05:46:46 19 43.645 47.365
2024_0416_05:47:00 19 57.98 99.24
2024_0416_05:47:26 19 -0.295 1.16
2024_0416_05:47:28 19 1.14 0.475
2024_0416_05:47:53 19 49.62 98.68
2024_0416_05:48:14 19 -1.145 1.19
2024_0416_05:48:38 19 -49.99 49.955
2024_0416_05:49:00 19 0.365 3.005
2024_0416_05:49:22 19 0.42 -0.435
2024_0416_05:49:26 19 0.29 -0.065
2024_0416_05:49:31 19 -1.245 0.385
2024_0416_05:51:08 19 50.0 -49.55
2024_0416_05:51:21 19 1.01 -0.69
2024_0416_05:52:02 19 21.415 13.385
2024_0416_05:52:20 19 9.535 -10.64
2024_0416_05:52:38 19 25.33 -26.135
2024_0416_05:53:10 20 -1.44 -0.695
2024_0416_05:53:26 20 99.685 20.125
2024_0416_05:53:52 20 21.065 4.92
2024_0416_05:54:06 20 99.19 99.4
2024_0416_05:54:36 20 1.09 -0.82
2024_0416_05:54:53 20 39.995 45.685
2024_0416_05:55:03 20 11.77 48.65
2024_0416_05:55:10 20 49.995 -49.995
2024_0416_05:55:17 20 0.53 0.805
2024_0416_05:55:32 20 38.45 78.0
2024_0416_05:57:08 20 22.5 47.885
2024_0416_05:57:14 20 -1.665 -0.04
2024_0416_05:57:52 20 99.965 99.99
2024_0416_05:58:12 20 -12.535 2.245
2024_0416_05:58:29 20 -3.565 55.915
2024_0416_05:58:32 20 -2.515 6.99
2024_0416_05:59:01 20 -0.84 7.19
2024_0416_05:59:28 20 98.78 54.295
2024_0416_05:59:44 20 0.535 1.665
2024_0416_05:59:57 20 8.165 5.855
2024_0416_06:00:46 20 57.16 69.375
2024_0416_06:01:02 20 36.13 30.975
2024_0416_06:01:13 20 99.43 85.17
2024_0416_06:01:26 20 -0.025 0.555
2024_0416_06:01:27 20 1.24 -1.25
2024_0416_06:01:29 20 98.115 99.35
2024_0416_06:02:57 20 0.62 -0.145
2024_0416_06:03:03 20 -12.32 12.61
2024_0416_06:04:06 20 13.795 1.715
2024_0416_06:04:24 20 9.33 -8.525
2024_0416_06:04:27 20 0.025 -1.265
2024_0416_06:04:48 20 99.42 99.255
2024_0416_06:05:21 20 17.71 -17.82
2024_0416_06:05:33 20 -0.01 0.01
2024_0416_06:06:37 20 85.055 44.635
2024_0416_06:06:53 20 99.535 88.745
2024_0416_06:07:00 20 0.72 -0.22
2024_0416_06:07:15 20 -12.19 12.265
2024_0416_06:07:23 20 -0.985 -0.46
2024_0416_06:07:33 20 0.26 -1.93
2024_0416_06:08:44 20 48.35 48.435
2024_0416_06:08:47 20 99.19 99.35
2024_0416_06:09:31 20 99.355 96.87
2024_0416_06:09:33 20 49.995 99.99
2024_0416_06:09:56 20 5.655 5.125
2024_0416_06:10:14 20 50.0 -50.04
2024_0416_06:10:15 20 -2.905 6.245
2024_0416_06:10:27 20 1.08 0.365
2024_0416_06:11:10 20 -0.935 0.06
2024_0416_06:11:22 20 99.065 98.89
2024_0416_06:12:28 20 30.075 0.665
2024_0416_06:12:45 20 99.345 99.095
2024_0416_06:12:52 20 39.785 44.805
2024_0416_06:12:58 20 11.79 11.91
2024_0416_06:13:12 20 98.78 23.725
2024_0416_06:13:30 20 98.83 98.225
2024_0416_06:14:36 20 -11.345 16.715
2024_0416_06:14:37 20 12.66 11.5
2024_0416_06:15:17 20 -0.2 46.17
2024_0416_06:15:28 20 0.085 0.035
2024_0416_06:15:49 20 -0.245 -0.39
2024_0416_06:16:09 20 39.195 38.295
2024_0416_06:16:14 20 99.42 99.505
2024_0416_06:16:55 20 13.93 10.955
2024_0416_06:16:57 20 99.99 49.995
2024_0416_06:17:16 20 89.465 73.825
2024_0416_06:18:13 20 -18.94 21.28
2024_0416_06:18:33 20 46.095 28.805
2024_0416_06:18:43 20 11.78 -12.39
2024_0416_06:18:46 20 -9.405 10.71
2024_0416_06:19:04 20 38.405 18.23
2024_0416_06:20:24 20 69.635 89.26
2024_0416_06:20:25 20 -0.895 8.01
2024_0416_06:20:59 20 -0.35 1.055
2024_0416_06:20:59 20 48.545 98.32
2024_0416_06:21:14 20 49.465 86.54
2024_0416_06:21:43 20 99.475 99.485
2024_0416_06:22:00 20 -0.29 99.63
2024_0416_06:22:07 20 1.695 -1.03
2024_0416_06:22:52 20 69.11 68.82
2024_0416_06:22:55 20 0.095 0.51
2024_0416_06:23:03 20 -99.98 99.99
2024_0416_06:24:02 20 49.06 70.875
2024_0416_06:24:23 20 39.995 -39.92
2024_0416_06:24:35 20 81.065 49.91
2024_0416_06:24:37 20 63.375 60.795
2024_0416_06:24:50 20 -0.33 0.54
2024_0416_06:26:10 20 0.21 -1.46
2024_0416_06:26:20 20 1.04 -0.22
2024_0416_06:26:49 20 48.185 60.715
2024_0416_06:26:52 20 23.07 -23.18
2024_0416_06:27:15 20 -0.6 -0.375
2024_0416_06:27:40 20 49.885 -4.91
2024_0416_06:27:48 20 8.495 48.555
2024_0416_06:27:58 20 8.595 -8.115
2024_0416_06:28:38 20 -9.775 25.84
2024_0416_06:28:52 20 55.875 41.075
2024_0416_06:29:47 20 -29.41 29.38
2024_0416_06:30:12 10 98.42 81.585
2024_0416_06:30:18 13 6.34 6.935
2024_0416_06:30:25 13 91.055 99.595
2024_0416_06:30:34 13 4.025 1.295
2024_0416_06:31:55 13 99.475 99.495
2024_0416_06:32:02 13 1.06 0.935
2024_0416_06:32:07 14 -0.245 -0.21
2024_0416_06:32:35 14 0.42 -0.23
2024_0416_06:32:36 14 -1.91 -1.51
2024_0416_06:33:02 14 1.4 -0.695
2024_0416_06:33:27 14 99.055 87.855
2024_0416_06:33:36 15 99.505 91.405
2024_0416_06:33:45 15 99.58 92.455
2024_0416_06:34:23 15 -0.015 -0.345
2024_0416_06:34:35 15 24.22 40.365
2024_0416_06:35:29 15 99.295 92.605
2024_0416_06:35:56 15 0.895 -0.46
2024_0416_06:36:04 15 99.695 93.35
2024_0416_06:36:19 15 13.8 14.97
2024_0416_06:36:50 15 98.12 40.23
2024_0416_06:37:40 16 0.085 -0.11
2024_0416_06:37:50 16 47.8 49.12
2024_0416_06:37:55 16 -37.22 38.05
2024_0416_06:38:20 16 -0.65 0.71
2024_0416_06:38:22 16 -0.055 4.565
2024_0416_06:38:51 16 7.875 0.93
2024_0416_06:39:09 16 39.675 -40.055
2024_0416_06:39:29 16 0.5 -0.115
2024_0416_06:39:30 16 16.37 -16.925
2024_0416_06:40:11 17 87.115 44.48
2024_0416_06:40:22 17 3.63 1.96
2024_0416_06:41:10 17 -49.995 49.995
2024_0416_06:41:46 17 99.255 88.27
2024_0416_06:41:55 17 99.495 80.125
2024_0416_06:42:11 17 0.26 0.21
2024_0416_06:42:41 17 58.425 68.625
2024_0416_06:43:31 17 96.98 99.665
2024_0416_06:43:37 17 8.4 -8.805
2024_0416_06:43:40 17 -10.985 9.475
2024_0416_06:44:08 17 0.065 0.775
2024_0416_06:44:08 17 59.185 66.0
2024_0416_06:44:40 17 99.26 99.565
2024_0416_06:44:55 17 1.125 0.625
2024_0416_06:45:13 18 -0.52 0.315
2024_0416_06:45:20 18 5.975 43.255
2024_0416_06:45:57 18 -1.0 0.85
2024_0416_06:46:57 18 11.335 -11.425
2024_0416_06:47:34 18 -0.025 0.245
2024_0416_06:47:43 18 76.285 45.165
2024_0416_06:47:57 18 16.89 -16.375
2024_0416_06:48:29 18 21.845 15.61
2024_0416_06:49:16 19 0.585 3.85
2024_0416_06:49:19 19 44.92 47.45
2024_0416_06:49:21 19 15.99 -15.115
2024_0416_06:49:31 19 0.545 -0.515
2024_0416_06:49:56 19 -0.14 -0.13
2024_0416_06:49:57 19 98.825 98.79
2024_0416_06:50:29 19 16.68 10.92
2024_0416_06:50:36 19 0.495 -0.24
2024_0416_06:50:57 19 49.88 -38.335
2024_0416_06:51:09 19 -0.67 -0.715
2024_0416_06:51:44 19 1.735 0.315
2024_0416_06:52:37 20 0.85 1.32
2024_0416_06:53:16 20 99.395 75.505
2024_0416_06:53:19 20 -0.755 0.27
2024_0416_06:53:37 20 -0.32 -0.265
2024_0416_06:54:08 20 16.52 -0.24
2024_0416_06:54:55 18 -3.075 98.64
2024_0416_06:54:58 20 49.9 -8.25
2024_0416_07:00:09 20 49.985 -49.715
