0.20683000000013646 0.11868500000004831 0.027855000000003193 0.006694999999999811 0.02275500000000163 0.021925000000001377 0.020545000000000955 0.020290000000000877 0.020255000000000866 0.007929999999999762 0.0439749999999993 0.03667500000000213 0.061654999999992445 0.05844999999999369 0.06654999999999617 0.050869999999996626 0.06415999999999378 0.06262999999999225 0.04189000000000011 0.03938000000000108 
2024_0411_20:31:32 11 0.0555 0.0055
2024_0411_20:31:32 6 98.661 98.6575
2024_0411_20:32:09 10 98.687 98.509
2024_0411_20:32:11 5 98.702 98.8085
2024_0411_20:32:14 11 98.5405 98.644
2024_0411_20:32:20 3 98.637 98.597
2024_0411_20:32:26 4 98.7535 98.559
2024_0411_20:32:52 7 98.5755 98.543
2024_0411_20:32:53 1 98.7095 98.7695
2024_0411_20:32:55 2 98.6425 98.5965
2024_0411_20:32:57 2 98.534 98.4895
2024_0411_20:32:57 9 98.973 98.8985
2024_0411_20:33:00 8 98.618 98.487
2024_0411_20:33:00 1 98.777 98.7955
2024_0411_20:33:02 1 98.8075 98.7595
2024_0411_20:35:28 6 98.7565 98.716
2024_0411_20:39:48 13 72.2575 70.991
2024_0411_20:40:31 12 72.427 -0.471
2024_0411_20:40:33 14 98.5295 98.1595
2024_0411_20:40:34 15 0.16 -0.015
2024_0411_20:40:47 16 0.15 -0.1815
2024_0411_20:40:49 15 -9.987 10.5325
2024_0411_20:40:58 13 -48.6955 49.2255
2024_0411_20:41:50 20 0.274 -0.3495
2024_0411_20:42:05 20 0.1035 -0.169
2024_0411_20:42:15 18 28.671 -25.438
2024_0411_20:42:27 18 -9.7415 10.293
2024_0411_20:42:29 17 0.0535 0.1855
2024_0411_20:42:40 17 -0.2745 -0.3245
2024_0411_20:44:13 19 21.552 15.7005
2024_0411_20:52:39 8 98.5915 98.5255
2024_0411_20:52:43 4 98.668 98.5905
2024_0411_20:53:09 9 98.703 98.6765
2024_0411_20:53:12 7 98.593 98.7075
2024_0411_20:53:21 5 98.7955 98.715
2024_0411_20:53:22 11 98.5925 98.5725
2024_0411_20:53:25 11 0.0435 0.0125
2024_0411_20:53:30 2 98.059 98.637
2024_0411_20:53:32 6 98.8105 98.843
2024_0411_20:53:45 11 49.999 -49.999
2024_0411_20:53:48 10 98.808 98.7115
2024_0411_20:53:49 3 98.658 98.6225
2024_0411_20:53:50 12 -16.608 16.6865
2024_0411_20:53:56 11 -0.089 -0.0255
2024_0411_20:53:57 11 0.03 0.302
2024_0411_20:55:39 1 98.825 98.7825
2024_0411_21:01:17 13 98.4575 98.557
2024_0411_21:01:48 15 11.1285 39.752
2024_0411_21:01:56 16 -1.1965 98.9155
2024_0411_21:02:00 13 11.2995 -11.0625
2024_0411_21:02:08 13 22.189 72.242
2024_0411_21:02:14 18 98.4665 98.5875
2024_0411_21:02:16 13 47.4355 -0.3555
2024_0411_21:02:26 14 98.4025 98.9855
2024_0411_21:02:35 13 98.7285 98.831
2024_0411_21:02:35 19 0.1995 0.042
2024_0411_21:02:36 17 0.0115 -0.1655
2024_0411_21:02:37 19 48.965 -10.4775
2024_0411_21:03:20 20 99.144 98.7915
2024_0411_21:03:32 20 49.997 -49.995
2024_0411_21:04:46 13 -45.524 49.6665
2024_0411_21:13:39 1 98.725 98.706
2024_0411_21:13:44 7 98.6215 98.5255
2024_0411_21:13:45 5 98.8485 98.7015
2024_0411_21:13:49 6 98.721 98.755
2024_0411_21:13:53 3 98.555 98.4235
2024_0411_21:13:53 12 -0.2355 0.17
2024_0411_21:13:54 4 98.49 98.5915
2024_0411_21:13:57 12 98.6655 98.565
2024_0411_21:13:59 12 98.851 98.648
2024_0411_21:14:13 2 98.622 98.624
2024_0411_21:14:21 9 98.9115 98.9685
2024_0411_21:14:21 10 97.0695 97.0785
2024_0411_21:14:22 11 0.1 0.2555
2024_0411_21:14:24 11 73.9325 32.811
2024_0411_21:14:24 11 98.8705 99.069
2024_0411_21:15:40 8 98.7205 98.5945
2024_0411_21:22:09 13 98.697 98.7305
2024_0411_21:22:11 15 98.405 98.232
2024_0411_21:22:25 15 98.2505 98.8325
2024_0411_21:22:32 16 48.261 26.202
2024_0411_21:22:44 13 50.1465 -50.0685
2024_0411_21:22:45 14 -0.364 0.2025
2024_0411_21:23:03 16 67.699 88.8355
2024_0411_21:23:11 13 -0.379 0.244
2024_0411_21:23:20 15 -47.1465 48.335
2024_0411_21:23:22 18 -1.23 0.914
2024_0411_21:23:33 18 -12.348 12.7305
2024_0411_21:24:00 18 -72.3575 72.1225
2024_0411_21:24:00 17 49.2485 99.2645
2024_0411_21:24:02 16 -10.566 64.155
2024_0411_21:25:08 13 98.505 98.509
2024_0411_21:25:11 18 -0.2215 -0.103
2024_0411_21:30:30 18 10.553 -4.417
2024_0411_21:30:35 19 46.63 -10.6655
2024_0411_21:30:42 18 -7.326 46.373
2024_0411_21:30:45 19 42.171 35.9815
2024_0411_21:30:53 20 -0.131 0.263
2024_0411_21:31:02 20 14.776 -10.421
2024_0411_21:31:05 20 -1.4725 1.925
2024_0411_21:31:11 20 0.074 0.1425
2024_0411_21:40:00 11 -0.307 0.42
2024_0411_21:40:06 2 98.5595 98.5685
2024_0411_21:40:08 11 -0.03 -0.0785
2024_0411_21:40:08 8 98.616 98.5455
2024_0411_21:40:13 1 98.7155 98.746
2024_0411_21:40:13 5 98.7375 98.807
2024_0411_21:40:19 3 98.636 98.5605
2024_0411_21:40:19 11 0.3475 0.1545
2024_0411_21:40:47 9 98.894 98.971
2024_0411_21:40:50 10 98.816 98.592
2024_0411_21:40:52 7 98.7295 98.569
2024_0411_21:40:53 11 -0.556 -0.3655
2024_0411_21:40:58 11 98.62 98.663
2024_0411_21:41:01 11 98.6145 98.595
2024_0411_21:43:20 6 98.7515 98.7615
2024_0411_21:44:42 11 -0.38 0.2775
2024_0411_21:48:14 12 98.6185 97.734
2024_0411_21:48:39 12 78.6535 78.803
2024_0411_21:49:03 12 -10.325 63.8945
2024_0411_21:49:05 12 98.457 98.4935
2024_0411_21:49:07 12 98.5955 98.091
2024_0411_21:49:08 12 0.369 0.0475
2024_0411_21:49:29 11 -99.9995 100.0
2024_0411_21:49:31 12 0.0635 -0.176
2024_0411_21:49:47 13 45.233 9.2535
2024_0411_21:49:48 12 98.7375 98.734
2024_0411_21:49:59 13 0.593 -0.168
2024_0411_21:50:17 13 95.3105 98.723
2024_0411_21:50:32 13 98.429 98.0235
2024_0411_21:50:49 13 -0.0615 0.2135
2024_0411_21:53:32 13 -0.053 -0.0805
2024_0411_21:55:29 13 34.2795 34.405
2024_0411_21:56:57 13 -0.3405 0.4835
2024_0411_21:57:01 13 98.416 98.467
2024_0411_21:57:19 13 72.4235 71.4875
2024_0411_21:57:21 13 98.684 98.7825
2024_0411_21:57:49 13 -49.9995 -99.999
2024_0411_21:58:17 14 -0.1205 0.0615
2024_0411_21:58:24 14 0.1725 -0.198
2024_0411_21:58:54 14 98.606 98.3165
2024_0411_21:59:11 14 -0.0355 -0.048
2024_0411_21:59:21 14 98.8655 98.641
2024_0411_21:59:23 14 -0.508 -0.0435
2024_0411_21:59:23 14 -12.231 13.656
2024_0411_21:59:26 14 49.1385 98.6095
2024_0411_21:59:55 14 98.43 97.348
2024_0411_22:01:46 14 4.828 -0.62
2024_0411_22:04:56 14 98.8205 99.1105
2024_0411_22:05:43 14 98.606 98.569
2024_0411_22:05:47 14 -1.358 2.4665
2024_0411_22:05:56 14 0.571 0.0275
2024_0411_22:06:00 15 0.472 0.035
2024_0411_22:07:30 15 49.1945 27.5645
2024_0411_22:08:06 15 3.5215 5.413
2024_0411_22:08:21 15 -0.197 -0.1335
2024_0411_22:08:25 15 -0.4585 0.137
2024_0411_22:08:28 15 98.816 98.723
2024_0411_22:08:46 15 0.2135 0.7245
2024_0411_22:08:47 15 98.6675 98.288
2024_0411_22:09:22 15 0.0155 -0.203
2024_0411_22:09:54 15 98.336 97.909
2024_0411_22:10:29 15 0.493 0.2525
2024_0411_22:13:01 15 0.538 -0.1985
2024_0411_22:14:11 16 8.6205 -8.615
2024_0411_22:14:14 16 75.636 84.139
2024_0411_22:14:15 16 16.5565 -17.1865
2024_0411_22:14:30 16 0.0865 1.035
2024_0411_22:14:37 16 98.7255 98.5715
2024_0411_22:16:29 16 17.438 17.0085
2024_0411_22:17:22 17 0.201 -0.2145
2024_0411_22:17:26 17 -0.16 -0.171
2024_0411_22:17:30 17 -8.867 8.8775
2024_0411_22:17:35 17 -80.199 80.1
2024_0411_22:17:38 17 88.6935 67.3325
2024_0411_22:18:22 17 37.0965 43.565
2024_0411_22:18:46 17 17.433 16.123
2024_0411_22:18:48 17 -49.999 -49.999
2024_0411_22:21:09 17 0.128 0.3985
2024_0411_22:23:02 18 100.0 -49.9995
2024_0411_22:23:04 18 99.994 -99.9955
2024_0411_22:23:25 18 49.1555 -0.6225
2024_0411_22:23:48 18 41.319 -38.96
2024_0411_22:23:55 18 98.484 -16.1605
2024_0411_22:25:50 18 -8.31 88.92
2024_0411_22:26:09 18 98.4785 98.5575
2024_0411_22:26:11 18 98.6795 98.6575
2024_0411_22:26:18 19 0.247 0.0935
2024_0411_22:26:26 19 40.0235 -3.352
2024_0411_22:26:35 19 29.582 47.5645
2024_0411_22:27:05 20 -0.7275 -0.264
2024_0411_22:27:15 20 -5.86 88.789
2024_0411_22:27:19 20 -0.146 -0.241
2024_0411_22:29:59 20 -0.1735 0.071
2024_0411_22:31:15 20 -12.745 12.586
2024_0411_22:31:45 4 98.519 98.349
2024_0411_22:31:50 15 0.003 0.023
2024_0411_22:31:54 20 3.981 2.909
2024_0411_22:32:13 17 25.9605 -7.5695
2024_0411_22:32:35 18 0.0435 -0.041
2024_0411_22:33:46 20 62.408 25.6775
2024_0411_22:42:15 3 98.506 98.6505
2024_0411_22:42:17 2 98.693 98.695
2024_0411_22:42:42 11 -0.039 -0.0085
2024_0411_22:42:52 11 0.1745 -0.1765
2024_0411_22:42:53 1 98.733 98.8035
2024_0411_22:43:02 7 98.635 98.595
2024_0411_22:43:02 5 98.738 98.815
2024_0411_22:43:10 6 98.6555 98.765
2024_0411_22:43:11 9 98.9755 98.935
2024_0411_22:43:20 11 0.3245 -0.252
2024_0411_22:43:24 10 98.124 98.754
2024_0411_22:43:27 11 -0.159 0.1015
2024_0411_22:43:28 8 98.585 98.5075
2024_0411_22:43:33 11 98.6005 49.0275
2024_0411_22:43:33 4 98.512 98.67
2024_0411_22:45:27 11 98.5565 98.5545
2024_0411_22:51:10 11 0.0115 -0.1025
2024_0411_22:51:13 12 98.632 98.575
2024_0411_22:51:18 11 0.387 0.256
2024_0411_22:51:18 12 98.4855 98.687
2024_0411_22:51:35 12 98.486 98.5845
2024_0411_22:51:38 12 98.7405 98.753
2024_0411_22:51:56 12 -0.2765 -0.221
2024_0411_22:51:57 12 0.401 0.0185
2024_0411_22:52:16 12 78.5665 78.4825
2024_0411_22:52:19 13 -0.1855 0.0405
2024_0411_22:52:25 13 98.3715 98.389
2024_0411_22:52:50 12 99.3125 48.4945
2024_0411_22:53:10 13 91.8955 -66.193
2024_0411_22:53:11 13 98.977 98.9425
2024_0411_22:53:14 13 -0.05 0.274
2024_0411_22:57:01 13 -0.1995 -0.0795
2024_0411_22:59:30 13 0.3285 0.556
2024_0411_22:59:32 13 0.1115 0.1095
2024_0411_22:59:55 13 0.031 -0.163
2024_0411_23:00:16 13 -0.2295 0.044
2024_0411_23:00:32 13 0.263 -0.106
2024_0411_23:00:36 13 17.87 17.6355
2024_0411_23:01:08 13 4.1495 27.1705
2024_0411_23:01:34 14 99.028 97.8375
2024_0411_23:01:49 14 -0.0915 0.0105
2024_0411_23:01:51 14 98.4255 98.5235
2024_0411_23:02:02 14 -49.999 -99.999
2024_0411_23:02:02 14 98.4405 98.6715
2024_0411_23:02:09 14 -0.154 0.1735
2024_0411_23:02:16 14 78.708 78.8555
2024_0411_23:02:59 14 -0.3895 72.7045
2024_0411_23:07:56 14 0.368 0.191
2024_0411_23:08:17 14 98.5785 98.489
2024_0411_23:08:28 15 -0.0245 -0.1035
2024_0411_23:08:30 14 99.997 99.997
2024_0411_23:08:36 14 98.544 98.564
2024_0411_23:08:53 15 0.1755 0.0185
2024_0411_23:09:24 15 98.8015 98.695
2024_0411_23:10:04 15 -53.545 56.9385
2024_0411_23:10:44 15 -1.458 1.3435
2024_0411_23:11:11 15 74.0015 60.343
2024_0411_23:11:13 15 98.582 98.543
2024_0411_23:11:15 15 -32.402 48.2025
2024_0411_23:11:24 15 -0.296 0.3795
2024_0411_23:11:41 15 -0.056 -0.224
2024_0411_23:11:50 15 0.877 -0.0295
2024_0411_23:12:04 15 0.0645 0.248
2024_0411_23:16:40 16 0.1595 -0.1255
2024_0411_23:17:07 16 -9.6955 9.4275
2024_0411_23:17:09 16 -0.736 1.6505
2024_0411_23:17:32 16 0.087 0.0355
2024_0411_23:17:55 16 12.332 12.0635
2024_0411_23:18:28 16 0.395 -0.0095
2024_0411_23:18:58 16 0.1975 0.024
2024_0411_23:19:21 16 0.2175 0.048
2024_0411_23:20:13 17 98.912 98.898
2024_0411_23:20:18 16 49.9995 -99.999
2024_0411_23:20:29 17 98.4225 98.3585
2024_0411_23:20:43 17 -0.5765 1.9455
2024_0411_23:21:13 17 17.954 1.818
2024_0411_23:21:53 17 -0.0045 -0.21
2024_0411_23:22:02 17 23.207 74.021
2024_0411_23:25:09 17 98.804 98.7345
2024_0411_23:25:29 17 -0.1415 -0.1565
2024_0411_23:25:44 18 -0.0015 0.1625
2024_0411_23:26:05 18 98.8245 48.912
2024_0411_23:26:20 18 -13.0385 12.4275
2024_0411_23:26:42 18 98.173 98.631
2024_0411_23:27:47 18 -0.001 50.0
2024_0411_23:28:26 18 0.585 -0.606
2024_0411_23:28:55 18 98.637 98.4625
2024_0411_23:29:09 18 0.191 -0.0485
2024_0411_23:29:12 18 -5.675 5.616
2024_0411_23:29:19 19 -0.1965 -0.043
2024_0411_23:29:37 19 9.324 80.983
2024_0411_23:30:16 19 19.6865 10.832
2024_0411_23:31:07 20 -10.989 72.5965
2024_0411_23:32:44 20 98.3945 98.4715
2024_0411_23:33:57 20 0.3985 58.286
2024_0411_23:34:06 20 98.625 98.536
2024_0411_23:34:32 18 -0.2765 0.001
2024_0411_23:34:34 20 99.999 49.999
2024_0411_23:35:31 17 0.327 -0.196
2024_0411_23:38:32 20 47.321 65.696
2024_0411_23:46:48 8 98.4735 98.583
2024_0411_23:47:27 1 98.763 98.7545
2024_0411_23:47:28 11 -0.0335 0.029
2024_0411_23:47:31 11 15.384 51.5755
2024_0411_23:47:31 11 98.7395 98.503
2024_0411_23:47:35 11 98.678 98.7765
2024_0411_23:47:36 6 98.82 98.7145
2024_0411_23:47:37 9 98.971 98.972
2024_0411_23:47:41 7 98.4085 98.6055
2024_0411_23:47:42 2 98.623 98.677
2024_0411_23:48:11 10 98.7785 98.4685
2024_0411_23:48:15 3 98.6095 98.5375
2024_0411_23:48:15 4 98.564 98.601
2024_0411_23:48:16 5 98.724 98.6625
2024_0411_23:48:18 11 -0.059 0.2215
2024_0411_23:50:45 11 98.6085 98.57
2024_0411_23:55:05 11 0.3295 -0.1225
2024_0411_23:55:33 11 0.0115 -0.063
2024_0411_23:55:46 11 0.173 -0.36
2024_0411_23:56:21 11 0.175 0.2125
2024_0411_23:56:33 11 98.7025 98.813
2024_0411_23:56:36 11 0.448 -0.064
2024_0411_23:56:40 11 98.6725 98.4325
2024_0411_23:56:42 11 -99.999 49.9995
2024_0411_23:57:07 12 0.3485 -0.645
2024_0411_23:57:09 11 0.2035 0.2095
2024_0411_23:57:11 11 99.9985 -99.9985
2024_0411_23:57:13 12 0.1395 -0.1575
2024_0411_23:57:35 12 36.6275 50.1395
2024_0411_23:57:53 12 98.7025 98.697
2024_0411_23:57:56 11 98.734 98.7865
2024_0412_00:02:17 12 98.725 98.7845
2024_0412_00:04:09 12 0.2485 -0.117
2024_0412_00:04:13 12 0.247 -0.372
2024_0412_00:04:25 12 98.6645 98.4855
2024_0412_00:04:50 12 19.0825 19.364
2024_0412_00:04:58 12 -0.076 -0.478
2024_0412_00:05:24 12 0.1535 -0.031
2024_0412_00:05:59 12 98.704 98.792
2024_0412_00:05:59 13 98.553 98.575
2024_0412_00:06:05 12 98.902 98.5625
2024_0412_00:06:06 12 98.5175 98.646
2024_0412_00:06:16 13 98.6685 98.612
2024_0412_00:06:34 12 98.4795 98.5715
2024_0412_00:06:57 13 98.486 98.1585
2024_0412_00:07:24 13 95.166 98.505
2024_0412_00:07:24 13 97.4405 98.505
2024_0412_00:12:29 13 98.213 98.707
2024_0412_00:12:32 13 -0.2455 -0.1815
2024_0412_00:12:54 13 98.8255 98.83
2024_0412_00:13:13 13 98.477 49.2645
2024_0412_00:13:40 13 98.6815 98.6835
2024_0412_00:13:52 13 3.3235 2.9145
2024_0412_00:14:07 13 -0.08 -0.043
2024_0412_00:15:15 13 0.0185 -0.1395
2024_0412_00:15:23 13 -0.1395 0.217
2024_0412_00:15:39 13 99.997 -99.998
2024_0412_00:15:43 13 -0.279 0.1005
2024_0412_00:15:59 13 98.722 98.4825
2024_0412_00:16:05 13 98.5725 98.5475
2024_0412_00:16:31 13 0.13 0.312
2024_0412_00:16:58 13 0.301 0.046
2024_0412_00:18:26 13 98.3135 98.1345
2024_0412_00:20:30 13 98.5785 98.5685
2024_0412_00:21:16 13 -0.051 0.0695
2024_0412_00:21:32 13 0.233 0.21
2024_0412_00:21:42 13 -0.015 0.345
2024_0412_00:21:48 14 41.1145 31.8825
2024_0412_00:21:53 14 0.2125 -0.048
2024_0412_00:22:55 14 19.367 -19.9495
2024_0412_00:24:21 14 98.458 98.59
2024_0412_00:24:31 14 98.505 98.008
2024_0412_00:24:48 14 80.589 80.4065
2024_0412_00:24:54 14 11.145 9.592
2024_0412_00:25:18 14 98.4775 98.5095
2024_0412_00:26:11 14 98.304 97.854
2024_0412_00:26:27 14 -7.011 46.3415
2024_0412_00:27:54 14 49.999 49.9995
2024_0412_00:28:36 14 72.8335 22.819
2024_0412_00:28:40 14 98.73 98.8105
2024_0412_00:29:47 14 98.561 98.5505
2024_0412_00:30:03 14 -20.014 19.906
2024_0412_00:30:44 14 16.257 19.002
2024_0412_00:30:55 14 16.0605 15.7325
2024_0412_00:31:00 14 98.6315 98.3305
2024_0412_00:31:17 14 98.9095 48.9235
2024_0412_00:33:14 14 71.1115 71.7785
2024_0412_00:33:28 14 0.1395 -0.2125
2024_0412_00:33:35 14 0.4685 0.0405
2024_0412_00:33:50 14 -49.999 -99.997
2024_0412_00:34:17 14 98.709 98.805
2024_0412_00:34:57 14 96.1055 12.3905
2024_0412_00:36:39 14 0.126 0.1655
2024_0412_00:36:46 15 81.883 82.0755
2024_0412_00:37:35 15 96.5675 96.372
2024_0412_00:37:52 14 16.576 16.7285
2024_0412_00:38:33 15 15.3575 15.4315
2024_0412_00:38:50 15 27.0225 -27.0035
2024_0412_00:39:05 15 -94.309 99.75
2024_0412_00:39:14 15 98.739 98.775
2024_0412_00:40:01 15 2.1065 0.5035
2024_0412_00:40:21 15 95.3165 98.488
2024_0412_00:42:14 15 0.246 0.157
2024_0412_00:42:15 15 -0.304 0.274
2024_0412_00:43:03 15 48.973 -0.5195
2024_0412_00:43:05 15 -0.4455 0.008
2024_0412_00:43:22 15 -10.1 9.897
2024_0412_00:44:20 15 0.073 -0.143
2024_0412_00:44:51 15 78.819 78.815
2024_0412_00:46:07 15 -0.09 0.097
2024_0412_00:46:53 15 0.113 -0.0845
2024_0412_00:47:10 15 72.2225 71.2735
2024_0412_00:47:26 15 0.183 -0.2425
2024_0412_00:47:44 15 98.554 98.334
2024_0412_00:48:08 15 -0.322 0.387
2024_0412_00:48:24 15 98.961 98.9815
2024_0412_00:48:56 15 21.837 73.274
2024_0412_00:49:09 16 0.0995 0.2795
2024_0412_00:51:02 16 -10.768 10.5815
2024_0412_00:51:40 16 -0.255 0.1275
2024_0412_00:51:59 16 -0.711 0.9425
2024_0412_00:52:13 16 95.8685 22.6605
2024_0412_00:53:06 16 98.7125 98.76
2024_0412_00:53:34 16 98.942 98.997
2024_0412_00:53:45 16 70.4675 63.242
2024_0412_00:54:53 16 -0.708 0.2505
2024_0412_00:55:30 16 69.749 48.0955
2024_0412_00:55:34 16 37.1765 47.6365
2024_0412_00:56:14 16 98.3085 98.358
2024_0412_00:56:31 16 0.2395 0.2375
2024_0412_00:56:36 16 -0.57 -0.3325
2024_0412_00:57:41 16 -8.056 8.02
2024_0412_00:58:33 17 0.4665 -0.8465
2024_0412_00:59:54 17 48.354 86.3325
2024_0412_01:00:33 17 78.682 78.525
2024_0412_01:01:03 17 0.3575 0.1995
2024_0412_01:01:05 17 -35.87 46.0805
2024_0412_01:01:46 17 47.129 16.4775
2024_0412_01:01:50 17 98.658 98.7935
2024_0412_01:01:54 17 83.31 98.134
2024_0412_01:02:30 17 1.417 -1.566
2024_0412_01:03:47 17 15.4425 15.0295
2024_0412_01:04:21 17 98.979 -0.232
2024_0412_01:05:33 17 11.9755 11.988
2024_0412_01:06:11 17 0.8705 0.752
2024_0412_01:06:29 17 10.63 1.9985
2024_0412_01:06:48 17 10.044 -9.721
2024_0412_01:07:03 17 16.8345 -10.5155
2024_0412_01:09:33 18 98.5815 98.615
2024_0412_01:09:36 17 10.1475 -9.638
2024_0412_01:09:55 18 -0.048 -0.102
2024_0412_01:09:56 18 98.3615 98.4085
2024_0412_01:10:01 18 0.035 0.073
2024_0412_01:10:35 18 0.4535 0.198
2024_0412_01:10:36 18 0.0975 0.102
2024_0412_01:11:58 17 -0.12 0.041
2024_0412_01:11:59 18 -19.6115 19.601
2024_0412_01:12:00 18 -3.2105 3.483
2024_0412_01:13:51 18 12.5085 -12.5595
2024_0412_01:14:34 18 95.417 96.0855
2024_0412_01:15:17 18 -0.0005 -0.03
2024_0412_01:16:01 18 98.361 98.3435
2024_0412_01:16:04 18 1.3175 -0.028
2024_0412_01:17:32 18 98.4195 98.328
2024_0412_01:17:40 18 -28.679 27.166
2024_0412_01:18:23 18 0.018 -0.361
2024_0412_01:18:23 18 27.579 -27.62
2024_0412_01:19:04 18 -9.8135 10.023
2024_0412_01:19:19 18 99.0115 98.977
2024_0412_01:19:41 19 40.3755 5.848
2024_0412_01:20:09 18 49.9995 -49.999
2024_0412_01:20:54 19 -25.8555 49.7445
2024_0412_01:21:02 19 98.2095 98.684
2024_0412_01:22:09 19 19.914 -19.649
2024_0412_01:22:58 19 98.335 98.4055
2024_0412_01:23:07 19 48.8435 48.283
2024_0412_01:23:45 19 52.04 52.5085
2024_0412_01:24:36 20 83.501 67.804
2024_0412_01:25:00 20 2.8725 3.0885
2024_0412_01:26:10 20 74.094 -3.988
2024_0412_01:26:17 20 8.0905 -8.072
2024_0412_01:27:07 20 0.0305 -0.0055
2024_0412_01:27:16 20 98.471 97.9295
2024_0412_01:28:01 20 -14.3865 15.623
2024_0412_01:28:15 20 78.653 78.1585
2024_0412_01:28:32 20 3.3325 1.1645
2024_0412_01:29:19 20 0.8415 48.7255
2024_0412_01:29:47 20 1.512 -0.2825
2024_0412_01:31:28 20 0.002 -0.015
2024_0412_01:31:29 20 67.256 88.982
2024_0412_01:31:44 20 99.999 49.9995
2024_0412_01:32:29 14 -3.4665 54.7385
2024_0412_01:32:36 16 -0.326 0.172
2024_0412_01:32:36 15 98.6685 98.6575
2024_0412_01:33:59 17 98.7105 98.1555
2024_0412_01:34:11 17 13.4145 -14.143
2024_0412_01:35:05 17 -0.1095 0.312
2024_0412_01:35:38 17 98.674 98.8705
2024_0412_01:35:39 17 75.7285 75.3945
2024_0412_01:36:12 18 38.4985 44.2385
2024_0412_01:44:38 5 98.69 98.792
2024_0412_01:44:45 3 98.587 98.62
2024_0412_01:45:10 8 98.397 98.1875
2024_0412_01:45:11 11 98.802 98.6795
2024_0412_01:45:11 11 -0.0525 0.0615
2024_0412_01:45:12 1 98.749 98.7575
2024_0412_01:45:13 7 98.5295 98.732
2024_0412_01:45:15 4 98.611 98.647
2024_0412_01:45:20 2 98.579 98.523
2024_0412_01:45:49 9 98.938 98.908
2024_0412_01:45:53 6 98.8 98.711
2024_0412_01:45:55 11 -99.998 -49.9975
2024_0412_01:45:57 11 98.686 -21.0505
2024_0412_01:46:04 11 98.636 98.6455
2024_0412_01:46:10 11 1.6815 1.2795
2024_0412_01:47:12 10 98.3635 98.6465
2024_0412_01:53:37 11 0.137 0.015
2024_0412_01:53:46 11 98.5495 98.682
2024_0412_01:54:09 11 98.394 98.171
2024_0412_01:54:13 11 -0.189 -0.404
2024_0412_01:54:14 11 -0.2825 -0.0145
2024_0412_01:54:26 11 -0.145 -0.0355
2024_0412_01:54:44 11 -0.303 -0.1295
2024_0412_01:54:45 11 -0.057 -0.1605
2024_0412_01:54:57 11 0.146 0.079
2024_0412_01:55:24 11 98.563 98.763
2024_0412_01:55:30 12 98.5585 98.554
2024_0412_01:55:33 12 -22.2625 22.2375
2024_0412_01:55:33 11 98.5585 98.6215
2024_0412_01:55:49 12 -0.115 -0.1125
2024_0412_01:56:58 12 -0.0465 -0.7075
2024_0412_01:57:36 12 98.596 98.4485
2024_0412_02:02:29 12 0.1595 0.0315
2024_0412_02:02:44 12 -0.435 -0.0615
2024_0412_02:02:45 12 49.184 48.998
2024_0412_02:03:11 12 98.9695 98.7405
2024_0412_02:03:13 12 47.936 48.295
2024_0412_02:03:25 12 98.5165 98.5835
2024_0412_02:03:39 12 0.0415 -0.189
2024_0412_02:03:40 12 -0.168 0.3635
2024_0412_02:03:47 12 98.4815 98.6535
2024_0412_02:04:21 12 0.9585 0.3675
2024_0412_02:05:09 13 -0.124 -0.031
2024_0412_02:05:25 13 35.7875 -9.9445
2024_0412_02:05:25 13 1.1245 1.568
2024_0412_02:06:40 13 0.3165 -0.0155
2024_0412_02:06:59 13 97.372 98.7315
2024_0412_02:07:39 13 78.754 78.891
2024_0412_02:10:48 13 0.2835 -0.051
2024_0412_02:11:14 13 -0.2775 -0.2825
2024_0412_02:11:20 13 0.5655 0.4685
2024_0412_02:11:32 13 99.999 49.9995
2024_0412_02:11:38 13 -99.998 -99.998
2024_0412_02:11:39 13 -0.388 -0.227
2024_0412_02:12:35 13 -0.1315 -0.3955
2024_0412_02:12:59 13 18.837 19.0515
2024_0412_02:13:10 13 9.9845 -9.8435
2024_0412_02:14:10 13 98.536 98.539
2024_0412_02:14:40 13 -0.2625 0.303
2024_0412_02:15:04 13 98.4805 98.8255
2024_0412_02:15:09 13 97.9635 98.469
2024_0412_02:15:55 13 98.7075 98.8075
2024_0412_02:16:24 13 -0.135 0.1445
2024_0412_02:18:54 13 98.4585 98.608
2024_0412_02:19:14 13 -0.03 0.3745
2024_0412_02:19:34 14 0.0555 -0.26
2024_0412_02:19:46 13 0.1415 -0.4525
2024_0412_02:19:51 14 34.663 34.739
2024_0412_02:20:06 13 98.295 98.488
2024_0412_02:20:26 14 23.6805 24.5585
2024_0412_02:21:45 14 98.707 98.5405
2024_0412_02:21:58 14 0.1405 0.1235
2024_0412_02:22:02 14 98.275 97.942
2024_0412_02:22:56 14 0.1305 0.0285
2024_0412_02:24:11 14 98.5215 98.966
2024_0412_02:24:36 14 49.999 -49.9995
2024_0412_02:25:17 14 -19.82 19.945
2024_0412_02:25:33 14 47.9795 47.435
2024_0412_02:26:40 14 -0.3495 0.4595
2024_0412_02:27:39 14 -0.265 0.442
2024_0412_02:27:55 14 33.0335 -39.9835
2024_0412_02:28:06 14 98.5995 98.615
2024_0412_02:28:08 14 -0.1035 -0.126
2024_0412_02:28:14 14 0.3685 0.226
2024_0412_02:28:23 14 98.61 98.6005
2024_0412_02:29:22 14 98.7375 98.754
2024_0412_02:30:39 14 -0.1225 0.4605
2024_0412_02:31:07 14 -21.3435 21.5215
2024_0412_02:31:27 14 49.9895 -49.987
2024_0412_02:31:43 14 98.2995 98.5255
2024_0412_02:33:02 14 0.9205 0.0615
2024_0412_02:33:29 15 0.3455 1.282
2024_0412_02:34:18 15 98.5675 98.595
2024_0412_02:35:51 15 -0.007 -0.014
2024_0412_02:36:21 15 97.12 98.5785
2024_0412_02:36:37 15 40.71 37.5905
2024_0412_02:36:39 15 78.9095 78.923
2024_0412_02:37:37 15 78.8465 78.5275
2024_0412_02:37:43 15 5.71 -1.1005
2024_0412_02:38:34 15 0.4245 0.21
2024_0412_02:39:44 15 16.1035 15.4095
2024_0412_02:40:03 15 33.5935 -26.372
2024_0412_02:40:19 15 98.041 98.3025
2024_0412_02:40:33 15 -0.511 2.3755
2024_0412_02:40:56 15 -0.236 0.3505
2024_0412_02:41:59 15 96.7785 96.869
2024_0412_02:42:23 15 49.045 98.345
2024_0412_02:43:06 15 0.225 0.5395
2024_0412_02:43:57 15 65.6385 65.9975
2024_0412_02:45:07 15 8.9295 15.7685
2024_0412_02:45:21 15 0.796 -0.4345
2024_0412_02:45:32 15 -99.999 49.9995
2024_0412_02:45:34 15 47.711 43.3195
2024_0412_02:46:28 16 -2.42 49.4975
2024_0412_02:46:36 16 98.751 98.708
2024_0412_02:48:30 16 -8.489 37.915
2024_0412_02:48:44 16 -0.05 7.5735
2024_0412_02:50:03 16 49.998 -49.999
2024_0412_02:50:17 16 7.5475 23.486
2024_0412_02:50:18 16 -0.2795 -0.02
2024_0412_02:50:46 16 -18.074 95.8095
2024_0412_02:51:12 16 49.068 49.19
2024_0412_02:52:08 16 90.3025 71.8415
2024_0412_02:52:13 16 98.163 98.5045
2024_0412_02:53:36 16 0.43 0.2645
2024_0412_02:53:45 16 8.476 -4.2625
2024_0412_02:54:24 17 -0.5605 0.427
2024_0412_02:54:27 16 98.2865 98.234
2024_0412_02:54:36 17 -0.321 0.352
2024_0412_02:55:25 17 9.7865 18.6915
2024_0412_02:57:56 17 0.1715 0.0745
2024_0412_02:58:16 17 47.8965 59.0675
2024_0412_02:59:33 17 16.421 33.0015
2024_0412_02:59:54 17 0.199 0.0555
2024_0412_03:00:00 17 26.106 44.122
2024_0412_03:00:57 17 7.008 -6.2265
2024_0412_03:01:28 17 58.0985 -9.2655
2024_0412_03:01:54 17 99.574 -1.6985
2024_0412_03:02:08 17 0.5045 -0.2325
2024_0412_03:02:26 17 0.044 -0.246
2024_0412_03:02:32 17 28.7115 59.7875
2024_0412_03:02:55 17 98.575 98.6945
2024_0412_03:03:02 17 99.7385 -31.779
2024_0412_03:03:23 17 9.441 -8.8595
2024_0412_03:04:28 17 0.0055 -6.3105
2024_0412_03:06:32 17 99.023 -0.2225
2024_0412_03:06:57 18 0.1 0.23
2024_0412_03:08:43 18 72.764 34.9975
2024_0412_03:08:58 18 98.6135 98.6025
2024_0412_03:09:00 18 0.039 0.349
2024_0412_03:09:05 18 98.3975 97.879
2024_0412_03:10:15 18 46.86 -37.6395
2024_0412_03:11:04 18 -0.5105 0.0165
2024_0412_03:11:15 18 60.0045 63.838
2024_0412_03:11:18 18 0.422 -0.0305
2024_0412_03:11:27 18 -21.2635 22.624
2024_0412_03:12:13 18 -40.3675 53.6035
2024_0412_03:12:33 18 -8.369 8.5115
2024_0412_03:12:51 18 -99.998 -49.999
2024_0412_03:13:24 18 0.1415 0.1365
2024_0412_03:15:13 18 -0.361 0.2575
2024_0412_03:15:15 18 78.6645 78.6195
2024_0412_03:16:50 18 13.9035 13.818
2024_0412_03:17:23 18 78.192 77.8355
2024_0412_03:17:47 18 -0.183 0.2615
2024_0412_03:18:06 19 97.9 98.6145
2024_0412_03:19:24 19 98.7425 98.541
2024_0412_03:19:37 19 -1.4 8.512
2024_0412_03:19:40 19 -0.0735 -0.078
2024_0412_03:19:45 19 -1.0965 9.709
2024_0412_03:20:32 18 -99.9985 99.9965
2024_0412_03:20:33 19 -6.5125 34.42
2024_0412_03:21:00 19 25.2275 -25.045
2024_0412_03:21:29 19 -4.2525 42.2415
2024_0412_03:22:32 19 43.119 -1.196
2024_0412_03:22:51 19 0.3215 0.132
2024_0412_03:24:00 19 55.01 71.1595
2024_0412_03:24:02 19 10.3485 -9.732
2024_0412_03:25:54 20 54.128 78.5215
2024_0412_03:26:27 20 76.828 76.8795
2024_0412_03:26:33 20 48.7795 49.5445
2024_0412_03:27:53 20 0.388 -0.2115
2024_0412_03:27:54 20 -0.272 -0.1025
2024_0412_03:27:57 20 17.101 17.763
2024_0412_03:28:40 20 97.534 97.1675
2024_0412_03:29:44 20 10.5815 -10.0575
2024_0412_03:31:52 20 -64.7145 48.8855
2024_0412_03:31:57 20 93.8945 86.7095
2024_0412_03:32:23 15 46.3755 47.7005
2024_0412_03:32:44 16 49.147 -1.347
2024_0412_03:33:13 15 0.01 -0.2445
2024_0412_03:33:29 16 98.895 97.6745
2024_0412_03:34:16 18 0.111 -0.259
2024_0412_03:34:23 16 49.071 49.1485
2024_0412_03:34:26 17 42.0105 0.4035
2024_0412_03:34:41 17 7.0305 -7.253
2024_0412_03:34:55 18 19.828 -19.8955
2024_0412_03:35:50 20 17.2275 16.688
2024_0412_03:35:51 20 0.242 -0.329
2024_0412_03:36:28 20 98.2705 48.74
2024_0412_03:44:52 2 98.763 98.4975
2024_0412_03:45:23 8 98.617 98.684
2024_0412_03:45:27 3 98.603 98.0505
2024_0412_03:45:31 4 49.077 98.5825
2024_0412_03:45:32 9 98.738 98.734
2024_0412_03:45:35 1 98.713 98.713
2024_0412_03:45:38 5 98.758 98.7195
2024_0412_03:45:39 6 98.7785 98.754
2024_0412_03:46:07 11 0.226 0.06
2024_0412_03:46:11 11 0.1715 -0.0865
2024_0412_03:46:11 11 98.568 98.6725
2024_0412_03:46:12 11 49.9995 -99.999
2024_0412_03:46:12 10 98.7575 98.87
2024_0412_03:46:13 7 98.6425 98.5575
2024_0412_03:46:25 11 -0.0205 0.217
2024_0412_03:48:00 11 -0.409 46.7835
2024_0412_03:53:46 11 0.176 0.2255
2024_0412_03:54:16 11 -20.7235 98.1315
2024_0412_03:54:23 11 -0.647 -0.453
2024_0412_03:54:29 11 98.7 98.749
2024_0412_03:54:31 11 98.9125 98.927
2024_0412_03:54:44 11 97.4245 98.585
2024_0412_03:54:49 11 98.568 98.5255
2024_0412_03:54:59 11 98.355 49.108
2024_0412_03:55:03 11 -0.053 -0.116
2024_0412_03:55:36 11 -0.1135 -0.099
2024_0412_03:55:50 11 0.174 0.164
2024_0412_03:55:50 11 -0.4275 -0.232
2024_0412_03:56:02 11 -0.153 0.215
2024_0412_03:56:06 11 0.104 -0.0935
2024_0412_03:57:23 11 98.4595 98.4715
2024_0412_03:57:42 11 -0.1875 -0.1645
2024_0412_04:02:46 11 98.536 98.618
2024_0412_04:03:12 12 98.7425 98.7085
2024_0412_04:03:14 12 0.2395 -0.082
2024_0412_04:03:20 11 -0.0225 -0.0345
2024_0412_04:03:32 11 98.4935 98.402
2024_0412_04:03:36 11 0.149 0.221
2024_0412_04:04:07 11 98.609 98.58
2024_0412_04:04:32 12 -0.2645 -0.1835
2024_0412_04:04:41 12 98.4775 98.815
2024_0412_04:05:12 12 0.1105 0.245
2024_0412_04:05:31 12 -0.193 0.2745
2024_0412_04:05:40 12 98.917 98.976
2024_0412_04:05:45 12 19.727 19.756
2024_0412_04:06:46 12 0.3675 0.1345
2024_0412_04:06:51 12 0.051 -0.067
2024_0412_04:07:06 12 98.5225 98.46
2024_0412_04:10:52 12 -0.3245 0.309
2024_0412_04:11:36 12 0.376 0.152
2024_0412_04:11:49 12 98.767 98.7255
2024_0412_04:11:58 12 0.1025 0.0165
2024_0412_04:12:06 12 99.998 49.999
2024_0412_04:12:12 12 98.6225 98.526
2024_0412_04:13:25 12 0.0105 -0.2525
2024_0412_04:13:38 12 98.6885 98.6065
2024_0412_04:14:01 12 0.2775 0.311
2024_0412_04:14:34 12 98.7725 98.784
2024_0412_04:14:54 13 98.482 98.4415
2024_0412_04:15:23 12 98.567 98.6185
2024_0412_04:15:55 13 98.754 98.785
2024_0412_04:16:21 13 -49.9995 -99.999
2024_0412_04:16:47 13 98.8405 98.706
2024_0412_04:17:00 12 17.7015 16.697
2024_0412_04:19:43 13 0.111 0.085
2024_0412_04:19:54 13 0.066 0.1925
2024_0412_04:20:13 13 98.3215 98.3845
2024_0412_04:20:15 13 42.867 -10.153
2024_0412_04:20:25 13 79.0875 78.809
2024_0412_04:20:33 13 99.998 99.996
2024_0412_04:22:16 13 -0.6585 -0.379
2024_0412_04:22:50 13 98.262 49.2355
2024_0412_04:23:44 13 98.7755 98.7165
2024_0412_04:23:59 13 97.978 89.9535
2024_0412_04:24:07 13 -12.072 19.3635
2024_0412_04:24:16 13 -0.0735 -0.255
2024_0412_04:25:38 13 49.999 99.998
2024_0412_04:26:04 13 47.6145 49.069
2024_0412_04:26:23 13 98.498 97.628
2024_0412_04:27:50 13 10.2185 -9.72
2024_0412_04:28:22 13 0.0815 0.333
2024_0412_04:28:24 13 78.4855 78.977
2024_0412_04:28:37 13 97.851 98.0645
2024_0412_04:28:40 13 98.5185 98.459
2024_0412_04:28:47 13 -0.149 -0.19
2024_0412_04:28:49 13 -3.2005 49.1165
2024_0412_04:31:47 13 -25.133 24.82
2024_0412_04:32:30 13 -0.019 0.0275
2024_0412_04:32:31 13 0.0465 0.126
2024_0412_04:33:05 13 0.339 2.0715
2024_0412_04:33:15 13 98.686 98.7225
2024_0412_04:33:44 13 49.063 49.3255
2024_0412_04:35:19 13 10.028 -10.5795
2024_0412_04:35:23 13 -0.0675 -0.3545
2024_0412_04:35:55 13 0.3255 -0.4375
2024_0412_04:36:33 13 10.2295 -8.3945
2024_0412_04:36:34 13 -6.0135 98.1785
2024_0412_04:36:37 13 0.1525 0.3945
2024_0412_04:37:26 14 -49.9985 -99.997
2024_0412_04:37:27 13 -0.178 0.0535
2024_0412_04:37:36 14 -10.4145 9.6815
2024_0412_04:38:31 14 0.0765 0.3755
2024_0412_04:41:13 14 0.7865 0.029
2024_0412_04:41:21 14 98.604 98.6365
2024_0412_04:41:52 14 -13.829 13.6485
2024_0412_04:42:04 14 79.1375 78.841
2024_0412_04:42:40 14 98.331 98.1865
2024_0412_04:42:44 14 0.1815 0.107
2024_0412_04:44:01 14 98.5445 98.555
2024_0412_04:44:13 14 98.4835 96.4815
2024_0412_04:44:16 14 0.2645 -0.0955
2024_0412_04:44:52 14 0.151 -0.1235
2024_0412_04:45:18 14 98.544 98.631
2024_0412_04:45:37 14 98.503 98.574
2024_0412_04:45:42 14 -0.0415 -0.197
2024_0412_04:45:50 14 15.7465 16.9665
2024_0412_04:49:40 14 0.573 -0.3265
2024_0412_04:50:03 14 98.618 98.725
2024_0412_04:50:56 14 98.1925 98.049
2024_0412_04:51:22 14 0.057 0.437
2024_0412_04:51:36 14 47.4585 47.909
2024_0412_04:52:21 14 98.6725 98.472
2024_0412_04:52:43 14 48.749 27.5915
2024_0412_04:53:13 14 98.5735 98.622
2024_0412_04:53:44 14 0.0815 0.0135
2024_0412_04:53:50 14 -0.1405 0.203
2024_0412_04:53:51 14 -0.1125 -0.1485
2024_0412_04:54:05 14 98.691 98.69
2024_0412_04:54:07 14 98.5055 98.3515
2024_0412_04:54:25 14 16.6435 18.4695
2024_0412_04:54:29 14 43.5805 43.38
2024_0412_04:55:52 14 98.629 98.614
2024_0412_04:58:48 15 -0.2885 -0.076
2024_0412_04:59:47 15 4.7275 -2.325
2024_0412_05:00:41 15 -0.08 0.1045
2024_0412_05:00:57 14 -0.1115 -0.046
2024_0412_05:01:01 15 49.998 -49.9995
2024_0412_05:01:17 15 98.2095 98.2365
2024_0412_05:01:50 15 0.091 -0.17
2024_0412_05:02:12 15 49.999 -49.9995
2024_0412_05:02:31 15 -10.1055 10.0845
2024_0412_05:02:33 15 -0.0675 0.6315
2024_0412_05:02:38 15 -0.319 0.414
2024_0412_05:02:58 15 0.4005 -0.136
2024_0412_05:03:00 15 15.868 39.5145
2024_0412_05:03:09 15 74.23 71.632
2024_0412_05:04:40 15 0.687 0.2525
2024_0412_05:07:31 15 0.258 -0.244
2024_0412_05:07:34 15 -1.04 -0.342
2024_0412_05:08:37 15 -0.0565 -0.2425
2024_0412_05:09:25 15 0.1755 0.0595
2024_0412_05:09:43 15 -0.245 -0.1955
2024_0412_05:09:51 15 98.656 98.925
2024_0412_05:10:03 15 0.0925 0.035
2024_0412_05:10:12 15 98.668 98.624
2024_0412_05:10:29 15 -0.307 -0.1225
2024_0412_05:10:33 15 0.6845 1.0875
2024_0412_05:11:22 15 98.6255 98.461
2024_0412_05:11:45 15 19.188 18.839
2024_0412_05:11:50 15 2.02 1.6835
2024_0412_05:12:16 15 98.5805 91.6315
2024_0412_05:12:43 15 84.7115 70.9275
2024_0412_05:14:08 15 97.529 98.7065
2024_0412_05:16:19 15 -0.244 0.4105
2024_0412_05:17:49 15 98.5445 98.674
2024_0412_05:18:15 15 0.235 -0.0145
2024_0412_05:18:21 15 98.636 98.582
2024_0412_05:18:32 16 4.323 1.4435
2024_0412_05:18:46 16 16.842 6.7035
2024_0412_05:18:55 16 80.9235 93.8345
2024_0412_05:19:17 16 97.827 98.4385
2024_0412_05:19:20 16 90.506 90.7745
2024_0412_05:20:09 16 0.2115 -0.262
2024_0412_05:20:37 16 97.914 97.6305
2024_0412_05:20:42 16 98.4765 98.559
2024_0412_05:21:33 16 98.65 98.708
2024_0412_05:22:50 16 36.402 19.1785
2024_0412_05:22:53 16 98.4505 98.249
2024_0412_05:24:16 16 98.5195 97.7125
2024_0412_05:25:57 16 -0.1575 -0.165
2024_0412_05:26:57 16 -0.0825 -0.048
2024_0412_05:27:13 16 98.3805 98.1535
2024_0412_05:27:32 16 -5.68 79.612
2024_0412_05:27:44 16 11.424 12.6195
2024_0412_05:27:46 16 41.1455 43.024
2024_0412_05:28:00 16 17.09 12.765
2024_0412_05:28:02 16 10.142 -10.087
2024_0412_05:28:54 16 98.615 98.56
2024_0412_05:29:44 16 96.767 96.6225
2024_0412_05:30:06 16 -0.0465 -0.3065
2024_0412_05:30:57 17 16.0125 15.8355
2024_0412_05:30:59 16 98.863 98.739
2024_0412_05:31:39 17 98.5955 98.6295
2024_0412_05:33:22 17 63.4225 2.826
2024_0412_05:34:09 17 11.1045 -9.6735
2024_0412_05:35:43 17 -0.2045 -0.03
2024_0412_05:35:51 17 79.6005 84.7475
2024_0412_05:36:00 17 98.6135 98.5005
2024_0412_05:36:03 17 16.466 -16.7115
2024_0412_05:36:04 17 98.4205 98.645
2024_0412_05:36:36 17 49.317 98.095
2024_0412_05:36:45 17 0.265 0.097
2024_0412_05:37:14 17 96.551 98.826
2024_0412_05:37:30 17 98.7775 98.8405
2024_0412_05:38:20 17 0.0805 -0.233
2024_0412_05:38:59 17 -0.0955 0.063
2024_0412_05:39:13 17 44.8155 45.2915
2024_0412_05:39:49 17 98.3015 98.3195
2024_0412_05:40:23 17 -0.048 1.319
2024_0412_05:42:24 17 98.621 98.5465
2024_0412_05:42:52 17 -0.1795 -0.5905
2024_0412_05:44:09 17 34.2925 40.693
2024_0412_05:44:47 17 98.7635 98.737
2024_0412_05:44:54 17 98.7395 98.8745
2024_0412_05:45:11 17 0.1015 0.5615
2024_0412_05:45:30 17 4.3365 45.672
2024_0412_05:45:33 17 -0.1695 0.9195
2024_0412_05:45:34 17 95.2705 97.836
2024_0412_05:45:56 17 0.622 -1.092
2024_0412_05:46:35 17 98.7405 98.033
2024_0412_05:47:24 18 0.0005 0.117
2024_0412_05:48:20 17 97.0345 98.774
2024_0412_05:48:34 18 49.365 48.915
2024_0412_05:49:40 18 -3.2865 3.1455
2024_0412_05:49:51 17 98.452 98.5745
2024_0412_05:50:37 18 98.524 98.2915
2024_0412_05:51:40 18 98.588 98.564
2024_0412_05:52:57 18 0.008 0.1185
2024_0412_05:53:16 18 -9.7995 9.817
2024_0412_05:53:46 18 98.775 98.7455
2024_0412_05:54:01 18 0.4905 0.025
2024_0412_05:54:21 18 0.609 0.4415
2024_0412_05:54:22 18 -1.1195 -1.3135
2024_0412_05:54:43 18 -1.5005 5.9625
2024_0412_05:55:07 18 49.0875 98.9645
2024_0412_05:55:19 18 1.147 2.2535
2024_0412_05:55:45 18 3.55 -2.997
2024_0412_05:57:13 18 98.5555 49.233
2024_0412_05:57:23 18 -10.6355 10.916
2024_0412_05:58:36 18 0.37 1.325
2024_0412_05:58:52 18 82.3545 12.2155
2024_0412_06:00:03 18 -33.245 33.3375
2024_0412_06:00:33 18 7.687 6.316
2024_0412_06:01:28 18 0.054 0.1365
2024_0412_06:01:49 18 98.907 98.6635
2024_0412_06:02:04 18 -0.5855 0.647
2024_0412_06:02:55 18 98.713 98.755
2024_0412_06:02:57 18 98.63 98.982
2024_0412_06:03:44 18 94.678 98.2595
2024_0412_06:03:56 18 23.6695 16.093
2024_0412_06:04:07 18 0.247 -1.051
2024_0412_06:04:14 18 97.671 97.8965
2024_0412_06:06:14 18 1.051 0.2195
2024_0412_06:06:21 19 47.9 71.0585
2024_0412_06:06:40 18 95.5435 98.526
2024_0412_06:07:27 19 98.032 97.7535
2024_0412_06:07:50 19 50.1965 3.8725
2024_0412_06:09:24 19 -99.998 49.9985
2024_0412_06:09:41 19 -0.9515 0.957
2024_0412_06:10:14 19 16.942 -16.836
2024_0412_06:10:48 19 -49.9995 -99.998
2024_0412_06:10:58 19 16.68 -16.6855
2024_0412_06:12:00 19 74.5295 2.1915
2024_0412_06:12:22 19 43.7465 -43.8725
2024_0412_06:12:36 19 -25.0005 25.0025
2024_0412_06:12:46 19 -0.165 0.0205
2024_0412_06:12:48 19 -24.402 24.1215
2024_0412_06:13:00 19 98.413 98.364
2024_0412_06:15:01 19 0.0035 0.419
2024_0412_06:15:12 19 98.662 98.892
2024_0412_06:16:06 19 0.125 -0.0715
2024_0412_06:16:47 19 -0.103 -0.328
2024_0412_06:18:00 20 0.149 0.088
2024_0412_06:18:12 20 -8.3375 8.3265
2024_0412_06:18:39 20 98.7175 98.7485
2024_0412_06:19:02 20 98.546 98.0515
2024_0412_06:20:42 20 96.761 98.621
2024_0412_06:21:35 20 0.179 0.4345
2024_0412_06:21:42 20 -0.026 -0.2285
2024_0412_06:22:22 20 11.079 10.579
2024_0412_06:22:30 20 98.497 98.633
2024_0412_06:23:11 20 98.78 98.7965
2024_0412_06:24:03 20 12.4 -12.977
2024_0412_06:24:11 20 0.3635 0.178
2024_0412_06:24:53 20 0.1855 -0.3015
2024_0412_06:25:14 20 48.552 -0.4285
2024_0412_06:25:44 20 -0.342 0.3515
2024_0412_06:26:06 20 -0.484 0.1595
2024_0412_06:26:19 20 48.675 99.2145
2024_0412_06:26:45 14 0.34 0.4555
2024_0412_06:26:58 14 98.3195 98.152
2024_0412_06:27:10 14 0.1365 0.407
2024_0412_06:29:31 15 17.73 14.83
2024_0412_06:30:13 15 40.6325 7.429
2024_0412_06:31:14 16 98.687 98.7385
2024_0412_06:31:41 19 -0.0775 0.021
2024_0412_06:32:22 18 0.018 0.168
2024_0412_06:32:49 20 98.652 98.513
2024_0412_06:37:04 20 5.8305 28.2885
2024_0412_06:38:10 20 98.7405 98.782
2024_0412_06:46:38 4 97.742 98.405
2024_0412_06:47:10 7 98.561 98.4175
2024_0412_06:47:11 3 98.4375 98.6615
2024_0412_06:47:12 1 98.7825 98.668
2024_0412_06:47:16 4 49.0585 97.8405
2024_0412_06:47:16 4 98.6295 98.5925
2024_0412_06:47:23 2 98.716 97.3185
2024_0412_06:47:31 11 16.637 16.9475
2024_0412_06:47:38 10 98.947 98.7845
2024_0412_06:47:50 9 98.943 98.984
2024_0412_06:47:51 4 49.1245 98.5595
2024_0412_06:47:52 4 98.5475 98.608
2024_0412_06:47:57 2 49.121 98.5705
2024_0412_06:48:00 6 98.702 98.73
2024_0412_06:50:23 8 98.5625 98.4405
2024_0412_06:54:57 11 98.554 98.644
2024_0412_06:55:27 11 0.2965 0.044
2024_0412_06:55:30 11 98.7645 98.223
2024_0412_06:56:07 11 0.044 0.507
2024_0412_06:56:11 11 -0.3375 0.2185
2024_0412_06:56:15 11 -10.3685 63.6735
2024_0412_06:56:27 11 -0.6805 -0.24
2024_0412_06:56:29 11 98.424 98.516
2024_0412_06:56:47 11 98.719 98.7625
2024_0412_06:56:51 11 98.746 98.799
2024_0412_06:57:01 11 98.754 98.7455
2024_0412_06:57:12 11 98.645 98.774
2024_0412_06:57:23 11 0.0585 0.191
2024_0412_06:57:27 11 -0.0705 0.467
2024_0412_06:57:31 11 -49.999 99.999
2024_0412_07:02:23 11 0.0595 0.3
2024_0412_07:04:20 11 98.6775 98.299
2024_0412_07:04:26 11 -0.198 -0.076
2024_0412_07:04:28 11 99.999 99.999
2024_0412_07:05:11 11 -0.0235 0.0165
2024_0412_07:05:12 11 98.7425 98.768
2024_0412_07:05:21 11 -99.999 -49.9995
2024_0412_07:05:23 11 -0.2275 0.1045
2024_0412_07:05:45 11 98.56 98.636
2024_0412_07:05:48 11 -0.011 -0.0165
2024_0412_07:06:13 11 -0.006 0.027
2024_0412_07:06:15 11 0.154 0.089
2024_0412_07:06:18 11 0.2155 -0.11
2024_0412_07:06:41 11 95.6605 98.5695
2024_0412_07:06:51 11 98.664 98.4965
2024_0412_07:07:03 11 98.496 98.554
2024_0412_07:11:19 11 98.747 98.806
2024_0412_07:12:20 11 -0.07 -0.104
2024_0412_07:13:14 11 0.133 -0.209
2024_0412_07:13:30 11 -0.2935 -0.119
2024_0412_07:14:05 11 0.128 0.1275
2024_0412_07:14:10 11 -0.278 0.1025
2024_0412_07:14:18 11 98.591 98.511
2024_0412_07:15:04 11 98.655 98.6545
2024_0412_07:15:14 11 0.3115 0.0875
2024_0412_07:15:23 11 98.2155 98.6205
2024_0412_07:15:44 11 98.791 98.6415
2024_0412_07:15:52 11 98.6395 98.5085
2024_0412_07:15:53 11 0.2005 0.1195
2024_0412_07:16:36 11 -0.357 -0.001
2024_0412_07:16:37 11 0.162 -0.2645
2024_0412_07:16:43 11 47.9685 49.325
2024_0412_07:20:53 11 -0.0445 0.017
2024_0412_07:21:07 11 0.423 -0.1535
2024_0412_07:21:37 11 -0.1725 -0.09
2024_0412_07:22:04 11 99.999 99.998
2024_0412_07:22:56 11 -0.448 -0.427
2024_0412_07:23:04 11 0.1015 -0.0345
2024_0412_07:23:16 11 98.651 98.369
2024_0412_07:24:25 11 -0.0205 0.071
2024_0412_07:24:41 11 0.0425 -0.122
2024_0412_07:25:07 11 -0.1845 -0.115
2024_0412_07:25:15 11 99.997 -49.9985
2024_0412_07:25:24 11 0.5345 -0.064
2024_0412_07:25:40 11 -0.1445 -0.1125
2024_0412_07:25:46 11 14.842 48.4715
2024_0412_07:26:17 11 0.115 0.183
2024_0412_07:28:27 11 -0.139 0.007
2024_0412_07:30:02 11 0.145 0.196
2024_0412_07:30:25 11 98.506 98.6315
2024_0412_07:30:41 11 98.2025 98.596
2024_0412_07:30:55 11 -0.141 -0.0235
2024_0412_07:31:36 11 98.745 98.6355
2024_0412_07:31:41 11 -0.0285 0.223
2024_0412_07:31:59 11 -0.2265 -0.165
2024_0412_07:33:51 11 46.632 -0.177
2024_0412_07:34:00 11 98.6975 98.7635
2024_0412_07:34:05 11 98.595 98.6815
2024_0412_07:34:21 11 -0.007 0.2265
2024_0412_07:34:40 11 -50.0 50.0
2024_0412_07:35:08 11 0.135 0.4745
2024_0412_07:35:10 11 98.615 98.598
2024_0412_07:36:01 11 -49.9995 -49.999
2024_0412_07:38:50 11 -0.143 0.032
2024_0412_07:38:54 11 0.0825 0.597
2024_0412_07:39:54 11 0.2175 0.448
2024_0412_07:40:02 11 -0.1335 0.15
2024_0412_07:40:16 11 98.0925 98.541
2024_0412_07:40:27 11 98.4615 98.5845
2024_0412_07:40:32 11 0.1225 0.0445
2024_0412_07:40:43 11 15.699 49.9205
2024_0412_07:43:12 11 0.3025 -0.503
2024_0412_07:43:28 11 49.9995 -49.9995
2024_0412_07:43:31 11 -0.372 0.277
2024_0412_07:43:42 11 -0.429 0.1125
2024_0412_07:43:57 11 98.6575 98.8185
2024_0412_07:44:05 11 0.1515 -0.1295
2024_0412_07:44:34 11 -0.077 0.033
2024_0412_07:45:35 11 -0.445 0.2075
2024_0412_07:47:55 11 97.9785 97.9895
2024_0412_07:48:01 11 -0.1805 0.4905
2024_0412_07:48:37 11 98.7165 98.6865
2024_0412_07:48:43 11 98.671 98.566
2024_0412_07:48:49 11 -0.0325 0.099
2024_0412_07:49:25 11 98.8705 99.1205
2024_0412_07:49:34 11 98.7665 98.818
2024_0412_07:51:27 11 0.1495 0.191
2024_0412_07:52:01 11 98.7875 98.7415
2024_0412_07:52:56 11 0.018 -0.2925
2024_0412_07:53:01 11 98.7935 98.7555
2024_0412_07:53:07 11 98.4405 98.564
2024_0412_07:53:25 11 0.1645 -0.1045
2024_0412_07:53:27 11 -0.29 0.028
2024_0412_07:54:02 11 -0.2375 -0.3305
2024_0412_07:54:58 11 98.6045 98.6145
2024_0412_07:56:43 11 -0.5055 0.0305
2024_0412_07:56:50 11 98.2215 98.634
2024_0412_07:57:28 11 0.0065 -0.1385
2024_0412_07:57:33 11 98.7005 98.7885
2024_0412_07:57:42 11 98.442 98.68
2024_0412_07:58:07 11 97.3895 98.5235
2024_0412_07:58:31 11 0.235 -0.0095
2024_0412_08:01:20 11 -0.016 0.0115
2024_0412_08:01:40 11 -0.1475 -0.1185
2024_0412_08:02:06 11 0.2715 0.4825
2024_0412_08:02:31 11 -49.9995 -49.9995
2024_0412_08:02:35 11 -0.0615 0.179
2024_0412_08:02:54 11 48.9045 15.457
2024_0412_08:02:56 11 -50.0 99.9995
2024_0412_08:03:35 11 98.819 98.824
2024_0412_08:04:17 11 -0.2965 -0.1415
2024_0412_08:05:30 11 -0.36 -0.011
2024_0412_08:05:46 11 2.2145 1.6625
2024_0412_08:06:23 11 98.5585 98.605
2024_0412_08:06:28 11 -0.1545 0.1635
2024_0412_08:06:35 11 -0.045 -0.237
2024_0412_08:07:20 11 49.9995 -49.9995
2024_0412_08:07:41 11 0.012 -0.192
2024_0412_08:10:42 12 -0.0175 -0.31
2024_0412_08:10:49 11 0.144 -0.3065
2024_0412_08:11:54 12 49.9995 49.999
2024_0412_08:11:59 12 -99.998 -49.999
2024_0412_08:12:19 12 49.9995 99.996
2024_0412_08:12:46 12 98.9365 98.9905
2024_0412_08:12:57 12 0.569 1.481
2024_0412_08:13:06 12 98.718 98.6015
2024_0412_08:13:39 12 98.543 98.6985
2024_0412_08:13:40 12 98.708 98.709
2024_0412_08:14:35 12 29.272 71.1555
2024_0412_08:14:38 12 -0.1225 -0.32
2024_0412_08:15:13 12 -0.3325 47.1375
2024_0412_08:15:18 12 16.6535 52.373
2024_0412_08:16:10 12 -100.0 100.0
2024_0412_08:16:17 12 -0.159 0.0235
2024_0412_08:19:30 12 98.497 98.455
2024_0412_08:20:17 12 0.0905 -0.2
2024_0412_08:21:20 12 98.59 98.661
2024_0412_08:21:27 12 98.6365 49.1015
2024_0412_08:21:32 12 -0.126 0.1995
2024_0412_08:21:41 12 98.7335 98.8445
2024_0412_08:21:49 12 0.781 0.26
2024_0412_08:22:23 12 0.405 0.081
2024_0412_08:22:41 12 98.6255 98.6405
2024_0412_08:23:10 12 98.2525 98.158
2024_0412_08:23:20 12 98.995 98.94
2024_0412_08:23:26 12 -0.443 -0.0025
2024_0412_08:23:59 12 98.932 98.88
2024_0412_08:24:56 12 -0.2895 0.4825
2024_0412_08:25:00 12 -0.161 0.0235
2024_0412_08:25:33 12 0.3645 -0.147
2024_0412_08:28:12 12 1.45 0.752
2024_0412_08:29:01 12 0.1345 -0.2925
2024_0412_08:29:58 12 70.4615 69.7315
2024_0412_08:30:03 12 -0.633 -0.2245
2024_0412_08:30:23 12 -0.2465 -0.0115
2024_0412_08:30:57 12 98.602 98.658
2024_0412_08:31:09 12 97.0445 99.3495
2024_0412_08:31:15 12 -0.218 -0.3485
2024_0412_08:31:20 12 0.1235 -0.1055
2024_0412_08:31:25 12 78.8205 78.8805
2024_0412_08:32:19 12 98.6145 98.5685
2024_0412_08:32:24 12 98.447 98.6095
2024_0412_08:32:55 12 98.3645 98.2445
2024_0412_08:33:08 12 -0.2035 -0.0785
2024_0412_08:34:23 12 99.0965 99.337
2024_0412_08:35:49 12 98.731 98.6785
2024_0412_08:37:04 12 78.8425 78.8025
2024_0412_08:38:28 12 98.514 98.588
2024_0412_08:38:45 12 98.557 55.4285
2024_0412_08:38:58 12 98.7345 98.719
2024_0412_08:39:11 12 0.294 -0.258
2024_0412_08:39:19 12 -0.3235 0.205
2024_0412_08:40:27 12 -0.4115 72.738
2024_0412_08:40:39 12 98.3135 98.6485
2024_0412_08:40:41 12 47.895 47.873
2024_0412_08:40:49 12 98.5495 98.52
2024_0412_08:41:09 12 98.541 96.5005
2024_0412_08:41:19 12 -0.1485 -0.24
2024_0412_08:41:23 12 -0.3495 0.032
2024_0412_08:43:11 12 -0.048 -0.12
2024_0412_08:43:45 12 98.466 97.3075
2024_0412_08:45:14 12 -0.1515 0.1845
2024_0412_08:46:37 12 98.7965 98.815
2024_0412_08:47:11 12 0.1275 0.2015
2024_0412_08:47:23 12 -0.2015 -0.3985
2024_0412_08:47:32 12 98.6635 98.6395
2024_0412_08:47:47 12 23.642 23.6065
2024_0412_08:47:52 12 -0.2085 -0.1495
2024_0412_08:48:53 12 1.282 -0.471
2024_0412_08:49:15 12 98.6195 98.445
2024_0412_08:49:17 12 -0.147 -0.528
2024_0412_08:49:28 12 98.119 98.6465
2024_0412_08:50:13 12 98.119 98.562
2024_0412_08:50:15 12 98.752 98.7335
2024_0412_08:50:16 12 -0.494 0.5175
2024_0412_08:53:13 12 98.852 47.9215
2024_0412_08:54:03 12 98.563 98.651
2024_0412_08:55:02 12 -0.097 0.2925
2024_0412_08:56:03 12 -0.064 0.0205
2024_0412_08:56:10 12 0.009 0.212
2024_0412_08:56:36 12 -49.999 49.999
2024_0412_08:56:43 12 98.716 98.782
2024_0412_08:57:04 12 98.586 98.532
2024_0412_08:57:30 12 0.0815 -0.14
2024_0412_08:57:45 12 -49.999 -99.9995
2024_0412_08:58:11 12 98.671 98.641
2024_0412_08:58:27 12 98.728 98.7305
2024_0412_08:58:47 12 98.6635 98.628
2024_0412_08:58:57 12 98.3785 98.5705
2024_0412_08:59:05 12 -99.998 99.998
2024_0412_08:59:43 12 98.5155 98.3575
2024_0412_09:02:44 12 98.7075 98.7165
2024_0412_09:03:31 12 99.051 98.938
2024_0412_09:04:53 12 98.3995 98.4515
2024_0412_09:05:10 12 -45.4645 50.249
2024_0412_09:05:19 12 -55.321 59.6305
2024_0412_09:05:53 12 49.8595 49.768
2024_0412_09:06:01 12 98.7115 98.728
2024_0412_09:06:18 12 73.6215 90.539
2024_0412_09:06:18 12 98.584 98.5965
2024_0412_09:06:24 12 35.2535 -34.835
2024_0412_09:06:35 12 0.0425 0.023
2024_0412_09:06:52 12 98.2335 99.3575
2024_0412_09:07:27 12 -0.243 -0.007
2024_0412_09:07:45 12 98.777 98.702
2024_0412_09:07:57 12 50.0 49.999
2024_0412_09:08:34 12 1.4555 0.36
2024_0412_09:12:02 12 -20.719 98.889
2024_0412_09:12:56 12 44.857 -7.5535
2024_0412_09:13:21 13 98.6995 98.5315
2024_0412_09:14:22 12 98.576 98.542
2024_0412_09:14:34 13 98.2475 98.6655
2024_0412_09:14:39 13 98.7195 98.7895
2024_0412_09:14:42 13 -0.0435 -0.066
2024_0412_09:14:49 13 97.9775 23.438
2024_0412_09:14:50 13 98.4725 98.564
2024_0412_09:15:49 13 17.621 17.497
2024_0412_09:15:50 13 0.0735 -0.109
2024_0412_09:16:26 13 -0.16 0.1485
2024_0412_09:16:50 13 47.8895 48.1385
2024_0412_09:16:55 13 48.3015 48.3175
2024_0412_09:18:03 13 22.1715 73.002
2024_0412_09:18:44 13 -49.892 49.895
2024_0412_09:21:05 13 -11.8465 11.527
2024_0412_09:21:46 13 -0.701 -0.1375
2024_0412_09:22:29 13 0.2945 0.0165
2024_0412_09:22:49 13 0.1095 -0.5905
2024_0412_09:22:52 13 98.45 98.3205
2024_0412_09:23:42 13 47.8725 48.015
2024_0412_09:23:50 13 -0.287 -0.2385
2024_0412_09:24:14 13 -49.999 -49.9995
2024_0412_09:24:19 13 1.2515 1.5615
2024_0412_09:24:38 13 0.128 0.41
2024_0412_09:24:39 13 0.303 0.0805
2024_0412_09:25:08 13 78.788 78.3215
2024_0412_09:25:11 13 0.3785 -0.102
2024_0412_09:26:24 13 -1.2045 98.1715
2024_0412_09:26:42 13 0.0255 0.059
2024_0412_09:29:06 13 -0.0505 -0.169
2024_0412_09:30:37 13 16.761 16.63
2024_0412_09:30:42 13 -0.046 -0.3235
2024_0412_09:30:59 13 -0.0585 0.053
2024_0412_09:31:00 13 0.001 -0.0265
2024_0412_09:31:58 13 98.612 98.615
2024_0412_09:32:30 13 98.981 98.9305
2024_0412_09:32:43 13 98.995 98.949
2024_0412_09:33:07 13 98.623 98.591
2024_0412_09:33:26 13 98.4835 98.1885
2024_0412_09:34:06 13 40.3765 -0.299
2024_0412_09:34:11 13 0.121 0.1505
2024_0412_09:34:39 13 -0.5005 48.956
2024_0412_09:35:13 13 -0.383 0.201
2024_0412_09:35:21 13 0.209 -0.0355
2024_0412_09:35:34 13 49.998 99.997
2024_0412_09:38:33 13 72.863 72.491
2024_0412_09:38:40 13 -8.162 8.1235
2024_0412_09:39:23 13 0.1065 0.3065
2024_0412_09:39:32 13 98.4865 98.5865
2024_0412_09:39:59 13 0.47 0.276
2024_0412_09:40:45 13 48.789 48.206
2024_0412_09:40:51 13 1.519 -0.047
2024_0412_09:41:19 13 49.999 99.998
2024_0412_09:42:16 13 47.1625 -6.5275
2024_0412_09:42:21 13 -0.0515 -0.268
2024_0412_09:42:34 13 98.8705 98.7585
2024_0412_09:43:39 13 98.4615 98.7245
2024_0412_09:43:58 13 0.4505 0.133
2024_0412_09:44:43 13 50.0005 49.9995
2024_0412_09:44:44 13 -5.562 49.143
2024_0412_09:46:49 13 36.3695 36.3445
2024_0412_09:46:51 13 -0.0755 0.5785
2024_0412_09:47:12 13 -9.8815 10.0205
2024_0412_09:48:06 13 0.422 -0.0855
2024_0412_09:48:13 13 -0.198 -0.042
2024_0412_09:48:16 13 98.921 98.7405
2024_0412_09:49:01 13 -10.298 9.4935
2024_0412_09:50:05 13 -0.025 -0.105
2024_0412_09:50:17 13 -0.3645 0.005
2024_0412_09:51:04 13 98.467 98.5665
2024_0412_09:51:15 13 99.999 -50.0
2024_0412_09:51:20 13 46.277 45.285
2024_0412_09:52:30 13 90.329 98.881
2024_0412_09:52:46 13 98.769 98.772
2024_0412_09:53:27 13 -0.6705 0.2315
2024_0412_09:53:36 13 98.806 98.797
2024_0412_09:55:44 13 98.738 98.755
2024_0412_09:56:36 13 -0.2745 44.365
2024_0412_09:57:01 13 -4.871 28.32
2024_0412_09:57:10 13 2.006 0.2825
2024_0412_09:57:10 13 98.7945 98.478
2024_0412_09:57:29 13 0.453 -0.007
2024_0412_09:58:08 13 0.4685 -0.3975
2024_0412_09:58:13 13 -0.089 0.181
2024_0412_09:59:07 13 98.6235 98.335
2024_0412_09:59:31 13 -0.107 -0.241
2024_0412_10:00:07 13 -0.2655 -0.0395
2024_0412_10:00:33 13 -0.056 -0.0865
2024_0412_10:01:28 13 0.8975 0.1855
2024_0412_10:02:00 13 -99.997 -99.999
2024_0412_10:02:12 13 0.0515 0.143
2024_0412_10:03:09 13 98.555 98.6465
2024_0412_10:03:49 13 -0.1415 0.007
2024_0412_10:05:59 13 98.9415 98.96
2024_0412_10:06:14 13 2.3375 1.934
2024_0412_10:06:29 13 58.385 98.5275
2024_0412_10:06:54 13 -0.0495 0.2025
2024_0412_10:07:47 13 21.6715 23.4505
2024_0412_10:09:06 13 97.759 98.549
2024_0412_10:09:54 13 99.1945 47.832
2024_0412_10:10:29 13 51.1455 16.9875
2024_0412_10:10:54 13 -0.557 48.855
2024_0412_10:10:58 13 98.598 98.4975
2024_0412_10:11:28 13 7.5755 73.5445
2024_0412_10:11:29 13 48.9335 48.907
2024_0412_10:12:45 13 0.0465 4.4405
2024_0412_10:12:48 13 98.8195 98.8505
2024_0412_10:14:22 13 0.0475 -0.1835
2024_0412_10:14:40 13 98.404 98.548
2024_0412_10:15:45 13 10.65 15.286
2024_0412_10:16:21 13 47.9155 47.3235
2024_0412_10:16:43 13 0.0355 0.315
2024_0412_10:16:52 13 98.6685 98.5635
2024_0412_10:17:48 13 0.07 -0.0345
2024_0412_10:18:31 13 0.06 0.419
2024_0412_10:19:23 13 99.0525 98.804
2024_0412_10:20:18 13 0.219 0.19
2024_0412_10:20:26 13 0.037 -0.1025
2024_0412_10:20:33 13 98.4495 97.593
2024_0412_10:20:48 13 0.0185 -0.266
2024_0412_10:20:53 13 0.1885 0.211
2024_0412_10:21:31 13 0.4335 0.403
2024_0412_10:22:15 13 0.063 0.2315
2024_0412_10:22:29 13 -0.1725 -0.214
2024_0412_10:23:37 13 -0.1585 0.088
2024_0412_10:24:51 13 -0.4365 -0.374
2024_0412_10:25:09 13 98.602 96.4385
2024_0412_10:25:21 13 0.506 0.2335
2024_0412_10:26:27 13 -0.117 -0.047
2024_0412_10:27:36 13 98.505 98.44
2024_0412_10:27:51 13 -0.192 -0.241
2024_0412_10:28:37 13 -0.245 0.279
2024_0412_10:28:44 13 -5.132 47.3645
2024_0412_10:29:21 13 98.6715 98.4635
2024_0412_10:29:42 13 0.838 -0.46
2024_0412_10:29:47 13 0.3425 0.3155
2024_0412_10:29:55 13 97.5545 97.858
2024_0412_10:30:13 13 52.48 -52.3805
2024_0412_10:31:10 13 98.7975 98.7735
2024_0412_10:31:35 13 72.3015 99.3635
2024_0412_10:31:48 13 6.847 28.8385
2024_0412_10:33:50 13 96.7865 98.57
2024_0412_10:33:51 13 0.328 0.2635
2024_0412_10:34:49 13 -0.025 0.183
2024_0412_10:35:54 13 99.096 98.8235
2024_0412_10:36:27 13 98.4185 98.3835
2024_0412_10:36:31 13 -0.7325 0.914
2024_0412_10:37:23 13 -33.3705 33.2975
2024_0412_10:37:55 13 26.1375 48.0655
2024_0412_10:38:07 13 -0.0695 0.202
2024_0412_10:38:50 13 -1.0285 -0.378
2024_0412_10:39:24 13 48.5205 47.24
2024_0412_10:39:42 13 98.638 98.658
2024_0412_10:39:48 13 13.7865 12.8575
2024_0412_10:39:59 13 79.043 78.612
2024_0412_10:40:40 13 98.6375 98.8245
2024_0412_10:40:48 13 98.666 98.95
2024_0412_10:42:04 13 18.002 17.5545
2024_0412_10:42:57 13 -0.2765 0.099
2024_0412_10:44:26 13 98.6805 98.774
2024_0412_10:44:36 13 0.0985 0.22
2024_0412_10:44:37 13 -0.1255 -0.203
2024_0412_10:46:18 13 8.268 26.0095
2024_0412_10:46:23 13 16.595 15.9365
2024_0412_10:46:49 13 99.056 98.823
2024_0412_10:47:34 13 98.4615 97.016
2024_0412_10:48:05 13 0.4585 1.465
2024_0412_10:48:07 13 13.6425 13.4685
2024_0412_10:48:19 13 19.89 -19.906
2024_0412_10:48:48 13 98.6295 98.8915
2024_0412_10:49:04 13 98.729 98.8755
2024_0412_10:49:34 13 -0.318 -0.216
2024_0412_10:50:21 13 0.493 0.3055
2024_0412_10:51:33 13 -0.0085 0.311
2024_0412_10:51:51 13 0.384 0.572
2024_0412_10:53:11 13 48.535 -20.473
2024_0412_10:53:39 13 0.0895 -0.087
2024_0412_10:54:20 13 98.885 98.7595
2024_0412_10:54:27 13 0.2665 0.4885
2024_0412_10:55:00 13 97.99 98.3495
2024_0412_10:55:10 13 98.3605 98.3885
2024_0412_10:56:18 13 -0.124 -0.4465
2024_0412_10:57:06 13 8.4995 -8.384
2024_0412_10:57:34 13 99.999 -99.999
2024_0412_10:57:46 13 -99.999 -99.999
2024_0412_10:58:26 13 49.03 99.056
2024_0412_10:58:29 13 9.7885 -10.0175
2024_0412_10:58:29 13 97.8145 99.0445
2024_0412_10:58:37 13 0.131 0.3415
2024_0412_11:00:12 14 -8.3425 46.688
2024_0412_11:01:52 14 -0.627 -0.0755
2024_0412_11:02:04 14 98.723 98.746
2024_0412_11:03:07 14 -0.131 0.168
2024_0412_11:03:20 14 98.668 98.628
2024_0412_11:03:40 14 99.998 99.998
2024_0412_11:03:54 14 -0.158 0.266
2024_0412_11:05:25 14 0.273 -0.1635
2024_0412_11:05:53 14 -0.192 0.132
2024_0412_11:06:13 14 31.2515 29.25
2024_0412_11:06:22 14 -0.2955 0.123
2024_0412_11:06:38 14 98.5745 98.5545
2024_0412_11:06:55 14 98.7195 98.7275
2024_0412_11:07:28 14 73.3485 99.084
2024_0412_11:07:51 14 71.659 69.2875
2024_0412_11:07:55 14 98.4915 48.822
2024_0412_11:08:59 14 0.23 0.2125
2024_0412_11:10:46 14 0.194 0.111
2024_0412_11:11:26 14 23.4945 0.93
2024_0412_11:11:26 14 -0.134 -0.491
2024_0412_11:11:33 14 98.4495 90.3875
2024_0412_11:13:33 14 0.323 2.7905
2024_0412_11:14:15 14 16.834 52.687
2024_0412_11:15:02 14 0.104 48.544
2024_0412_11:15:28 14 98.658 98.6025
2024_0412_11:15:31 14 99.997 49.999
2024_0412_11:15:40 14 -0.3395 -0.139
2024_0412_11:15:51 14 -0.054 -0.055
2024_0412_11:16:04 14 67.296 88.8715
2024_0412_11:16:41 14 8.051 -8.4725
2024_0412_11:17:09 14 0.001 -0.001
2024_0412_11:18:26 14 -0.2615 -0.005
2024_0412_11:19:00 14 98.575 48.96
2024_0412_11:19:43 14 12.9625 12.482
2024_0412_11:19:44 14 98.1725 98.1475
2024_0412_11:20:53 14 0.26 -0.333
2024_0412_11:21:34 14 10.031 -10.2965
2024_0412_11:22:16 14 0.2155 -0.1685
2024_0412_11:23:18 14 98.701 98.673
2024_0412_11:23:47 14 -0.32 -0.167
2024_0412_11:24:18 14 0.4595 -0.1575
2024_0412_11:24:28 14 50.0 -49.9995
2024_0412_11:24:54 14 98.603 98.649
2024_0412_11:25:09 14 -22.191 68.9345
2024_0412_11:25:28 14 98.764 98.7655
2024_0412_11:25:54 14 0.1205 -0.096
2024_0412_11:26:40 14 -16.3675 16.595
2024_0412_11:27:38 14 -10.465 9.9725
2024_0412_11:27:50 14 98.717 98.712
2024_0412_11:27:55 14 98.501 98.4385
2024_0412_11:28:41 14 98.81 98.467
2024_0412_11:30:07 14 -10.113 10.0335
2024_0412_11:30:22 14 98.772 34.6975
2024_0412_11:31:33 14 40.413 41.878
2024_0412_11:32:39 14 98.5325 98.557
2024_0412_11:33:06 14 98.47 98.467
2024_0412_11:33:32 14 0.8945 1.8175
2024_0412_11:33:59 14 98.893 99.0855
2024_0412_11:34:01 14 -0.5735 0.276
2024_0412_11:34:41 14 98.248 98.3985
2024_0412_11:34:46 14 8.7775 10.0415
2024_0412_11:35:01 14 0.1535 -0.3505
2024_0412_11:35:51 14 -0.2565 0.1525
2024_0412_11:36:09 14 98.648 98.6915
2024_0412_11:36:31 14 -0.156 -0.033
2024_0412_11:37:00 14 97.9355 98.162
2024_0412_11:37:49 14 0.3055 0.0245
2024_0412_11:38:54 14 1.951 31.774
2024_0412_11:38:59 14 -0.4705 1.893
2024_0412_11:40:35 14 64.3515 57.315
2024_0412_11:41:58 14 98.7 98.478
2024_0412_11:42:12 14 -3.596 3.2635
2024_0412_11:42:47 14 -0.353 0.2155
2024_0412_11:43:21 14 98.8725 96.9795
2024_0412_11:43:24 14 -0.4975 -0.461
2024_0412_11:43:29 14 -20.152 20.193
2024_0412_11:43:56 14 98.571 98.635
2024_0412_11:44:04 14 9.624 9.9525
2024_0412_11:44:10 14 98.7555 98.686
2024_0412_11:44:52 14 0.062 -0.2335
2024_0412_11:45:11 14 0.1275 -0.0635
2024_0412_11:45:54 14 -49.9995 -49.999
2024_0412_11:46:41 14 -0.4085 -0.338
2024_0412_11:47:47 14 -0.029 -0.0625
2024_0412_11:47:49 14 98.3215 49.048
2024_0412_11:50:16 14 -0.0665 0.107
2024_0412_11:51:34 14 -0.203 36.0965
2024_0412_11:51:35 14 -0.0265 -0.314
2024_0412_11:52:09 14 98.7405 98.6565
2024_0412_11:52:16 14 -0.0075 -0.27
2024_0412_11:52:17 14 98.776 97.8235
2024_0412_11:52:18 14 40.607 98.646
2024_0412_11:52:42 14 -0.21 0.6195
2024_0412_11:53:40 14 98.6025 98.315
2024_0412_11:54:25 14 48.319 2.3895
2024_0412_11:54:30 14 29.751 48.4115
2024_0412_11:55:22 14 -23.158 22.7275
2024_0412_11:55:38 14 1.2995 1.743
2024_0412_11:55:58 14 11.8495 47.5185
2024_0412_11:56:51 14 98.6925 98.536
2024_0412_11:57:23 14 0.006 0.113
2024_0412_11:59:13 14 -0.475 97.7515
2024_0412_11:59:56 14 45.543 4.999
2024_0412_12:00:22 14 98.6835 93.52
2024_0412_12:00:27 14 98.0295 98.235
2024_0412_12:01:03 14 0.412 -1.8805
2024_0412_12:01:27 14 -0.1215 0.293
2024_0412_12:01:39 14 -0.1635 -0.294
2024_0412_12:01:46 14 60.0395 -59.9845
2024_0412_12:02:21 14 78.8885 78.094
2024_0412_12:02:47 14 0.808 74.097
2024_0412_12:03:13 14 98.3635 98.361
2024_0412_12:03:48 14 99.1905 41.652
2024_0412_12:06:15 14 -0.355 0.0315
2024_0412_12:06:16 14 0.287 0.323
2024_0412_12:07:01 14 -0.4505 0.589
2024_0412_12:07:12 14 98.308 98.288
2024_0412_12:07:30 14 98.5475 98.5755
2024_0412_12:08:24 14 0.1105 0.2975
2024_0412_12:08:50 14 45.5745 43.6495
2024_0412_12:09:16 14 -0.4915 -0.2135
2024_0412_12:09:49 14 0.3455 0.0785
2024_0412_12:10:37 14 98.386 98.836
2024_0412_12:10:56 14 98.3215 49.4205
2024_0412_12:11:03 14 -0.4575 42.2765
2024_0412_12:11:28 14 21.781 -2.5145
2024_0412_12:11:45 14 98.7075 98.7235
2024_0412_12:12:06 14 98.735 98.7215
2024_0412_12:12:52 14 98.3995 98.1055
2024_0412_12:15:02 14 98.3035 98.223
2024_0412_12:15:44 14 98.986 98.7595
2024_0412_12:16:33 14 -0.035 -0.0585
2024_0412_12:16:48 14 -35.5465 35.5945
2024_0412_12:17:04 14 -1.453 49.9535
2024_0412_12:18:03 14 -0.0935 -0.206
2024_0412_12:18:04 14 98.4335 98.343
2024_0412_12:18:09 14 25.3675 22.3655
2024_0412_12:18:35 14 -0.051 -0.0345
2024_0412_12:19:38 14 98.4925 98.538
2024_0412_12:20:09 14 50.955 51.498
2024_0412_12:20:15 14 98.1175 98.6345
2024_0412_12:20:24 14 0.0 -0.4475
2024_0412_12:20:47 14 47.1105 47.4935
2024_0412_12:21:26 14 98.5695 98.572
2024_0412_12:22:31 14 48.0555 -0.659
2024_0412_12:23:39 14 -33.485 33.442
2024_0412_12:25:20 14 0.1235 0.056
2024_0412_12:25:25 14 31.627 -0.574
2024_0412_12:25:26 14 -8.4625 8.287
2024_0412_12:25:41 14 72.326 -8.56
2024_0412_12:26:52 14 -0.126 -0.068
2024_0412_12:27:29 14 99.999 -99.999
2024_0412_12:27:34 14 98.591 98.5065
2024_0412_12:28:29 14 3.106 19.157
2024_0412_12:28:49 14 0.0635 0.018
2024_0412_12:28:58 14 98.2395 98.605
2024_0412_12:29:24 14 0.095 -0.199
2024_0412_12:29:35 14 49.1045 98.508
2024_0412_12:29:41 14 98.466 98.243
2024_0412_12:32:44 14 0.2045 0.3025
2024_0412_12:33:06 14 0.1835 0.285
2024_0412_12:33:37 14 98.5155 98.733
2024_0412_12:34:27 14 98.5695 98.386
2024_0412_12:34:44 14 0.0715 0.463
2024_0412_12:34:53 14 98.8835 98.54
2024_0412_12:35:06 14 -0.1015 0.055
2024_0412_12:35:13 14 -10.3625 10.0815
2024_0412_12:36:16 14 98.4635 98.422
2024_0412_12:36:22 14 82.2945 82.3545
2024_0412_12:37:15 14 -0.064 0.8235
2024_0412_12:37:23 14 98.3805 98.6205
2024_0412_12:37:33 14 0.095 0.204
2024_0412_12:37:48 14 98.341 98.1905
2024_0412_12:38:00 14 -0.0275 0.131
2024_0412_12:40:17 14 98.903 98.7
2024_0412_12:40:52 14 98.5675 98.636
2024_0412_12:41:57 15 24.005 23.7175
2024_0412_12:42:36 14 -2.7035 44.822
2024_0412_12:43:20 15 98.244 98.613
2024_0412_12:43:44 15 98.4235 98.4255
2024_0412_12:44:02 15 34.2705 3.172
2024_0412_12:44:04 15 98.261 98.6615
2024_0412_12:44:33 15 0.806 0.6165
2024_0412_12:45:39 15 10.0345 -10.093
2024_0412_12:45:44 15 0.3395 -0.333
2024_0412_12:45:48 15 0.561 0.172
2024_0412_12:45:59 15 88.8365 89.128
2024_0412_12:46:13 15 -0.1235 0.0975
2024_0412_12:47:46 15 0.1895 0.1815
2024_0412_12:49:05 15 98.487 98.4355
2024_0412_12:51:02 15 -0.093 0.1925
2024_0412_12:51:25 15 19.187 19.001
2024_0412_12:51:40 15 49.6735 -17.2395
2024_0412_12:51:58 15 23.3305 98.5815
2024_0412_12:52:13 15 98.2395 75.0395
2024_0412_12:52:25 15 12.556 -12.964
2024_0412_12:52:52 15 33.302 -16.198
2024_0412_12:53:48 15 98.658 98.724
2024_0412_12:53:51 15 34.718 -10.1095
2024_0412_12:53:51 15 0.008 0.168
2024_0412_12:54:01 15 98.496 98.5485
2024_0412_12:54:11 15 97.4265 96.1185
2024_0412_12:55:22 15 -0.088 0.136
2024_0412_12:55:22 15 98.749 98.6825
2024_0412_12:56:33 15 88.5375 58.925
2024_0412_12:57:51 15 28.0265 57.59
2024_0412_13:00:05 15 98.9605 49.1205
2024_0412_13:00:41 15 98.7895 98.786
2024_0412_13:01:00 15 98.8235 98.1275
2024_0412_13:01:01 15 0.1385 0.271
2024_0412_13:01:15 15 98.364 98.4255
2024_0412_13:01:50 15 -7.49 8.034
2024_0412_13:02:14 15 8.2075 -8.2895
2024_0412_13:02:33 15 97.556 98.697
2024_0412_13:02:48 15 0.0535 0.031
2024_0412_13:02:48 15 0.244 0.003
2024_0412_13:02:53 15 13.8495 -0.053
2024_0412_13:04:13 15 98.4445 98.391
2024_0412_13:04:50 15 98.604 98.535
2024_0412_13:05:21 15 97.6205 98.082
2024_0412_13:08:21 15 49.158 98.574
2024_0412_13:08:23 15 98.7425 99.0565
2024_0412_13:09:02 15 98.742 98.5025
2024_0412_13:09:13 15 -0.189 -0.094
2024_0412_13:09:59 15 33.1345 34.611
2024_0412_13:09:59 15 99.088 98.853
2024_0412_13:10:16 15 98.764 98.753
2024_0412_13:10:18 15 4.0255 5.414
2024_0412_13:11:11 15 -4.258 3.7575
2024_0412_13:11:21 15 17.6415 16.824
2024_0412_13:11:33 15 78.547 78.7985
2024_0412_13:11:34 15 2.2165 -2.362
2024_0412_13:11:43 15 0.2195 -0.1245
2024_0412_13:13:06 15 98.396 47.753
2024_0412_13:14:10 15 1.117 5.495
2024_0412_13:14:29 15 98.5145 98.556
2024_0412_13:16:45 15 56.0295 50.969
2024_0412_13:17:09 15 -1.3555 49.1735
2024_0412_13:18:27 15 0.263 -0.12
2024_0412_13:18:36 15 98.5245 97.897
2024_0412_13:19:04 15 -9.6815 10.3625
2024_0412_13:19:12 15 98.8935 98.998
2024_0412_13:20:01 15 -0.2655 0.2255
2024_0412_13:20:02 15 -0.0575 0.0985
2024_0412_13:20:17 15 15.2885 15.752
2024_0412_13:20:22 15 -49.999 49.999
2024_0412_13:20:22 15 25.225 22.585
2024_0412_13:20:35 15 98.4385 98.4695
2024_0412_13:22:36 15 0.0395 0.148
2024_0412_13:23:37 15 -99.9965 99.9975
2024_0412_13:25:31 15 0.0045 -0.0005
2024_0412_13:25:33 15 -0.5345 0.1125
2024_0412_13:25:56 15 0.112 -0.2155
2024_0412_13:26:50 15 98.2885 98.183
2024_0412_13:27:32 15 39.982 24.848
2024_0412_13:27:36 15 -1.3415 49.86
2024_0412_13:28:13 15 98.5125 98.692
2024_0412_13:28:18 15 49.0535 48.3775
2024_0412_13:28:42 15 0.265 0.259
2024_0412_13:29:15 15 98.766 98.7635
2024_0412_13:29:26 15 98.5385 98.491
2024_0412_13:29:28 15 0.1395 0.6185
2024_0412_13:29:41 15 49.2175 98.262
2024_0412_13:31:07 15 -10.1105 9.77
2024_0412_13:32:02 15 -100.0 49.999
2024_0412_13:32:26 15 98.616 98.406
2024_0412_13:33:47 15 0.273 -0.0235
2024_0412_13:34:41 15 98.3795 98.322
2024_0412_13:35:40 15 -13.0115 47.001
2024_0412_13:35:52 15 -0.107 -0.0895
2024_0412_13:36:29 15 99.046 98.995
2024_0412_13:36:38 15 -0.083 -0.011
2024_0412_13:36:58 15 -0.7345 0.532
2024_0412_13:37:15 15 12.6745 -12.1765
2024_0412_13:37:36 15 -0.337 0.1095
2024_0412_13:38:11 15 98.587 98.6635
2024_0412_13:38:15 15 0.0425 -0.2495
2024_0412_13:38:51 15 98.632 98.399
2024_0412_13:39:10 15 0.235 0.096
2024_0412_13:41:05 15 -0.689 -0.0405
2024_0412_13:41:14 15 78.718 78.7645
2024_0412_13:42:34 15 -19.297 64.5815
2024_0412_13:43:32 15 0.51 1.1585
2024_0412_13:43:52 15 98.2605 98.6815
2024_0412_13:44:43 15 55.482 56.757
2024_0412_13:45:18 15 -50.0 50.0
2024_0412_13:45:30 15 -0.1335 0.423
2024_0412_13:46:02 15 89.146 89.937
2024_0412_13:46:12 15 48.4515 49.1135
2024_0412_13:46:26 15 49.999 49.9995
2024_0412_13:46:56 15 0.271 -0.005
2024_0412_13:46:59 15 99.5405 -36.9605
2024_0412_13:48:31 15 0.035 0.392
2024_0412_13:48:38 15 0.3285 0.1105
2024_0412_13:49:58 15 98.566 98.4375
2024_0412_13:50:04 15 98.434 97.8235
2024_0412_13:51:17 15 98.565 98.6585
2024_0412_13:52:02 15 98.378 98.5895
2024_0412_13:53:10 15 26.4695 48.7765
2024_0412_13:53:13 15 1.4125 1.336
2024_0412_13:53:34 15 83.782 88.5225
2024_0412_13:54:06 15 98.6195 98.675
2024_0412_13:54:24 15 -0.2615 -0.0655
2024_0412_13:55:11 15 1.9465 1.2775
2024_0412_13:55:16 15 0.005 0.003
2024_0412_13:55:47 15 5.2115 -5.1015
2024_0412_13:56:23 15 33.321 -33.195
2024_0412_13:56:25 15 27.286 -27.4025
2024_0412_13:57:22 15 -16.8575 16.7725
2024_0412_13:58:17 15 98.5495 98.0775
2024_0412_13:59:05 15 7.078 -6.736
2024_0412_14:00:15 15 98.699 98.343
2024_0412_14:00:53 15 98.8815 98.5305
2024_0412_14:02:36 15 0.0065 -0.2655
2024_0412_14:02:41 15 -0.1375 -0.039
2024_0412_14:02:45 15 0.013 -0.0305
2024_0412_14:03:19 15 -0.037 0.1275
2024_0412_14:03:24 15 -9.7435 9.9885
2024_0412_14:03:41 15 98.632 98.475
2024_0412_14:04:05 15 -10.488 9.898
2024_0412_14:04:09 15 0.417 0.0235
2024_0412_14:04:38 15 46.252 98.424
2024_0412_14:05:51 15 98.5465 97.686
2024_0412_14:06:47 15 42.9615 13.412
2024_0412_14:07:50 15 48.7 -0.344
2024_0412_14:08:00 15 98.5195 98.5715
2024_0412_14:08:35 15 98.609 98.735
2024_0412_14:09:22 15 0.141 0.131
2024_0412_14:10:52 15 20.102 20.437
2024_0412_14:11:03 15 98.6085 98.437
2024_0412_14:11:12 15 -0.2675 0.0105
2024_0412_14:11:45 15 -19.2755 20.203
2024_0412_14:11:45 15 -0.2745 -0.0755
2024_0412_14:12:22 15 14.272 14.5105
2024_0412_14:12:37 15 -0.0715 0.0975
2024_0412_14:12:53 15 -0.7305 0.3965
2024_0412_14:13:04 15 98.6345 97.7395
2024_0412_14:14:16 15 -0.003 -0.129
2024_0412_14:15:06 15 98.3515 98.6635
2024_0412_14:16:40 15 -0.653 -0.2855
2024_0412_14:16:46 15 9.17 -9.227
2024_0412_14:16:49 15 98.7365 98.68
2024_0412_14:17:21 15 -0.282 -0.2425
2024_0412_14:17:32 15 -0.621 -0.233
2024_0412_14:19:18 15 2.698 -2.6675
2024_0412_14:19:43 15 -99.999 49.9995
2024_0412_14:19:55 16 16.422 16.924
2024_0412_14:20:40 15 99.041 98.443
2024_0412_14:21:24 16 20.427 -20.2045
2024_0412_14:21:33 16 -0.038 -0.458
2024_0412_14:21:43 16 -10.127 10.0355
2024_0412_14:21:59 16 0.398 -0.2265
2024_0412_14:23:05 16 47.7165 -0.2375
2024_0412_14:23:08 15 98.6295 98.6315
2024_0412_14:23:57 16 98.983 98.9225
2024_0412_14:25:39 16 21.0105 -21.305
2024_0412_14:25:43 16 97.187 98.5555
2024_0412_14:26:08 16 19.274 -2.49
2024_0412_14:27:08 16 98.845 98.8775
2024_0412_14:27:34 16 96.8195 96.839
2024_0412_14:27:41 16 64.874 -10.227
2024_0412_14:27:58 16 97.758 98.1075
2024_0412_14:28:13 16 50.5005 50.616
2024_0412_14:29:54 16 64.07 64.1365
2024_0412_14:30:05 16 0.136 0.5865
2024_0412_14:30:44 16 16.7265 -16.814
2024_0412_14:31:10 16 99.11 98.9005
2024_0412_14:31:33 16 -0.1475 0.079
2024_0412_14:31:49 16 -0.296 -0.1415
2024_0412_14:32:43 16 99.1155 98.938
2024_0412_14:32:48 16 -0.219 -0.1975
2024_0412_14:34:30 16 46.7805 98.6325
2024_0412_14:34:38 16 98.2515 98.6855
2024_0412_14:34:51 16 98.5465 49.2
2024_0412_14:35:44 16 16.726 -16.653
2024_0412_14:36:13 16 -0.023 -0.0575
2024_0412_14:36:44 16 16.5675 -16.806
2024_0412_14:37:01 16 -31.544 64.014
2024_0412_14:38:57 16 98.7475 98.515
2024_0412_14:39:09 16 98.6865 98.7105
2024_0412_14:39:26 16 -7.683 6.7125
2024_0412_14:39:42 16 -0.697 0.1085
2024_0412_14:40:44 16 0.0365 -0.4005
2024_0412_14:41:00 16 -0.464 0.416
2024_0412_14:41:02 16 0.101 -0.0735
2024_0412_14:41:21 16 0.165 -0.2445
2024_0412_14:41:58 16 -11.404 2.082
2024_0412_14:42:39 16 98.63 98.085
2024_0412_14:43:21 16 0.278 0.183
2024_0412_14:43:44 16 98.667 93.919
2024_0412_14:44:26 16 0.2845 -0.039
2024_0412_14:44:29 16 14.718 14.4925
2024_0412_14:44:59 16 78.501 78.6215
2024_0412_14:45:13 16 98.7435 98.753
2024_0412_14:47:11 16 -0.351 30.4095
2024_0412_14:48:12 16 1.036 1.3815
2024_0412_14:49:14 16 -0.0355 -0.31
2024_0412_14:49:51 16 98.3935 97.1505
2024_0412_14:49:51 16 63.7145 74.0645
2024_0412_14:49:56 16 98.5725 98.6055
2024_0412_14:50:07 16 0.0615 -0.1035
2024_0412_14:50:55 16 98.8925 98.6145
2024_0412_14:51:10 16 98.2375 98.6075
2024_0412_14:51:32 16 -0.232 0.3485
2024_0412_14:52:33 16 81.1435 44.854
2024_0412_14:52:37 16 98.4535 98.162
2024_0412_14:52:47 16 98.5465 98.488
2024_0412_14:52:59 16 -9.949 10.0145
2024_0412_14:53:14 16 71.0815 55.065
2024_0412_14:53:21 16 39.2255 92.987
2024_0412_14:55:23 16 -0.055 -0.2495
2024_0412_14:56:59 16 0.07 0.011
2024_0412_14:58:02 16 45.6465 10.124
2024_0412_14:58:38 16 48.1395 99.137
2024_0412_14:58:40 16 37.3555 -13.626
2024_0412_14:58:56 16 25.0 -23.1025
2024_0412_14:59:10 16 32.7295 32.3655
2024_0412_14:59:19 16 98.9405 98.941
2024_0412_15:00:57 16 98.581 95.8485
2024_0412_15:01:40 16 48.8035 98.9955
2024_0412_15:01:48 16 98.6895 98.757
2024_0412_15:02:06 16 -0.079 -0.2225
2024_0412_15:02:06 16 98.7895 98.686
2024_0412_15:02:13 16 98.7615 98.45
2024_0412_15:02:45 16 99.171 98.8135
2024_0412_15:03:32 16 -0.706 27.029
2024_0412_15:05:13 16 -0.6965 0.057
2024_0412_15:06:34 16 99.1185 98.8565
2024_0412_15:07:27 16 98.528 98.834
2024_0412_15:07:46 16 -0.0285 0.1705
2024_0412_15:07:55 16 -49.9995 99.998
2024_0412_15:08:04 16 0.397 0.4825
2024_0412_15:08:16 16 98.6985 98.7255
2024_0412_15:09:02 16 9.9455 -9.91
2024_0412_15:09:57 16 0.2295 -0.109
2024_0412_15:10:37 16 0.0225 0.0005
2024_0412_15:11:34 16 -17.245 16.4785
2024_0412_15:11:53 16 98.344 97.803
2024_0412_15:12:07 16 -8.5055 8.294
2024_0412_15:14:45 16 49.9995 -49.9995
2024_0412_15:15:48 16 81.4495 43.365
2024_0412_15:15:59 16 98.9655 98.9345
2024_0412_15:16:40 16 18.2625 18.5005
2024_0412_15:16:56 16 98.7735 98.461
2024_0412_15:17:10 16 0.9115 0.8555
2024_0412_15:17:35 16 0.46 0.0355
2024_0412_15:17:51 16 62.9555 62.8765
2024_0412_15:17:58 16 98.3295 98.3115
2024_0412_15:18:06 16 13.264 7.0355
2024_0412_15:18:20 16 5.512 -0.1755
2024_0412_15:18:32 16 6.5065 -0.003
2024_0412_15:19:54 16 0.0295 0.1665
2024_0412_15:20:10 16 -99.999 -99.999
2024_0412_15:20:37 16 13.927 16.342
2024_0412_15:23:37 16 94.991 97.9685
2024_0412_15:24:52 16 99.999 49.999
2024_0412_15:24:59 16 1.9055 0.6875
2024_0412_15:25:07 16 98.716 98.5885
2024_0412_15:25:39 16 -0.2255 47.754
2024_0412_15:26:08 16 39.21 -34.8935
2024_0412_15:26:23 16 98.6985 98.71
2024_0412_15:26:40 16 81.7085 81.843
2024_0412_15:26:58 16 0.0945 -0.2105
2024_0412_15:27:02 16 -0.093 0.5155
2024_0412_15:28:39 16 0.4675 0.1245
2024_0412_15:28:42 16 -8.325 54.7245
2024_0412_15:29:03 16 0.333 -0.03
2024_0412_15:29:19 16 0.3415 0.646
2024_0412_15:29:20 16 48.705 -5.2225
2024_0412_15:31:34 16 -0.0645 -0.12
2024_0412_15:32:30 16 98.721 98.683
2024_0412_15:33:04 16 9.3765 9.8685
2024_0412_15:33:15 16 0.117 -0.2295
2024_0412_15:34:05 16 99.0925 98.7735
2024_0412_15:34:50 16 98.532 91.8365
2024_0412_15:35:08 16 78.8195 78.966
2024_0412_15:35:11 17 28.192 57.873
2024_0412_15:35:32 16 -9.9185 9.9245
2024_0412_15:36:17 17 -0.245 -0.1825
2024_0412_15:36:57 17 63.945 48.126
2024_0412_15:38:00 17 14.062 13.348
2024_0412_15:38:03 17 0.0685 0.348
2024_0412_15:38:48 17 -0.3295 0.0655
2024_0412_15:39:43 17 49.0475 98.5605
2024_0412_15:40:37 17 26.619 25.706
2024_0412_15:40:45 17 0.266 -0.128
2024_0412_15:41:17 17 39.8805 -39.9725
2024_0412_15:41:28 17 -0.0065 0.2825
2024_0412_15:42:14 17 98.732 98.7385
2024_0412_15:42:22 17 -0.4485 -0.081
2024_0412_15:43:28 17 98.831 98.749
2024_0412_15:43:49 17 5.4935 -3.5185
2024_0412_15:43:55 17 0.009 -0.562
2024_0412_15:44:56 17 -1.443 -0.139
2024_0412_15:45:16 17 49.1345 45.922
2024_0412_15:45:51 17 13.594 63.2375
2024_0412_15:46:48 17 -6.774 5.7505
2024_0412_15:46:50 17 -0.1695 -0.2585
2024_0412_15:48:26 17 -49.9145 49.876
2024_0412_15:49:08 17 -11.3205 64.036
2024_0412_15:49:22 17 -0.654 23.5375
2024_0412_15:49:49 17 39.719 -39.8935
2024_0412_15:50:18 17 96.0575 98.036
2024_0412_15:50:34 17 58.9 88.3985
2024_0412_15:50:45 17 23.1655 13.402
2024_0412_15:51:38 17 7.4585 7.5715
2024_0412_15:52:06 17 12.3245 12.7045
2024_0412_15:52:45 17 82.251 82.281
2024_0412_15:52:49 17 98.303 98.329
2024_0412_15:53:48 17 48.506 47.5625
2024_0412_15:54:10 17 98.7695 98.749
2024_0412_15:54:21 17 -7.4375 7.6225
2024_0412_15:55:43 17 77.792 77.529
2024_0412_15:55:45 17 98.6415 98.6405
2024_0412_15:57:31 17 -0.0735 0.082
2024_0412_15:57:33 17 98.226 72.4695
2024_0412_15:57:59 17 98.7905 98.777
2024_0412_15:58:04 17 98.37 98.3875
2024_0412_15:58:49 17 78.6515 78.8515
2024_0412_15:59:00 17 16.9985 1.536
2024_0412_15:59:45 17 21.03 21.9095
2024_0412_15:59:46 17 -5.0455 29.0745
2024_0412_16:01:46 17 -0.1445 0.026
2024_0412_16:02:15 17 98.514 98.7955
2024_0412_16:02:43 17 -8.9885 45.908
2024_0412_16:03:17 17 74.023 98.1455
2024_0412_16:03:28 17 -0.21 0.0315
2024_0412_16:04:09 17 98.8635 98.372
2024_0412_16:04:32 17 10.019 -9.841
2024_0412_16:05:45 17 3.0305 -2.842
2024_0412_16:06:10 17 -0.5215 0.0135
2024_0412_16:06:18 17 35.8305 36.0675
2024_0412_16:06:50 17 78.4925 78.7075
2024_0412_16:07:21 17 98.7445 98.7125
2024_0412_16:07:32 17 47.775 79.7105
2024_0412_16:08:30 17 79.2195 98.8845
2024_0412_16:08:39 17 49.9985 100.0
2024_0412_16:10:03 17 98.745 98.6105
2024_0412_16:11:00 17 18.4435 16.592
2024_0412_16:11:21 17 -0.1075 0.1405
2024_0412_16:11:26 17 -0.0765 0.1235
2024_0412_16:12:22 17 27.845 6.5805
2024_0412_16:13:22 17 98.334 98.6185
2024_0412_16:13:58 17 10.475 7.238
2024_0412_16:15:01 17 78.91 78.9145
2024_0412_16:15:02 17 41.7905 20.5005
2024_0412_16:15:37 17 -0.0245 -0.14
2024_0412_16:16:20 17 -0.2995 -0.366
2024_0412_16:17:02 17 78.562 78.7645
2024_0412_16:17:19 17 -0.042 -0.3375
2024_0412_16:17:42 17 -20.4215 19.904
2024_0412_16:18:49 17 0.2135 -0.076
2024_0412_16:19:14 17 -0.2665 -0.0105
2024_0412_16:19:22 17 98.42 94.565
2024_0412_16:19:40 17 96.7115 98.3565
2024_0412_16:20:15 17 96.67 98.78
2024_0412_16:22:25 17 -6.202 6.05
2024_0412_16:22:43 17 -0.092 -0.931
2024_0412_16:22:46 17 16.0635 16.2415
2024_0412_16:22:48 17 10.0055 -9.4765
2024_0412_16:23:46 17 -8.543 8.638
2024_0412_16:23:53 17 12.3365 -12.557
2024_0412_16:24:31 17 -0.3155 -0.051
2024_0412_16:24:40 17 98.721 98.736
2024_0412_16:25:51 17 -2.9875 3.4645
2024_0412_16:25:57 17 -0.2835 0.152
2024_0412_16:26:06 17 29.5125 33.59
2024_0412_16:27:32 17 66.96 88.9315
2024_0412_16:27:54 17 -10.9605 10.2535
2024_0412_16:28:12 17 -0.1655 -0.2975
2024_0412_16:28:29 17 0.126 0.0005
2024_0412_16:28:49 17 98.5155 97.9565
2024_0412_16:31:11 17 -0.1015 0.0145
2024_0412_16:31:59 17 0.382 -0.047
2024_0412_16:32:09 17 -25.2195 24.811
2024_0412_16:32:30 17 -0.1375 0.008
2024_0412_16:32:53 17 40.92 39.0185
2024_0412_16:33:15 17 0.3135 -0.3335
2024_0412_16:34:16 17 98.415 98.334
2024_0412_16:34:44 17 -9.6725 9.9995
2024_0412_16:34:53 17 0.0975 0.298
2024_0412_16:36:01 17 31.356 56.409
2024_0412_16:36:13 17 0.2545 0.314
2024_0412_16:36:38 17 -10.951 21.6975
2024_0412_16:37:11 17 98.7325 98.6245
2024_0412_16:38:09 17 17.782 16.9075
2024_0412_16:38:18 17 0.073 0.1265
2024_0412_16:40:06 17 -0.522 -0.083
2024_0412_16:40:33 17 0.258 0.1605
2024_0412_16:41:08 17 98.7375 98.727
2024_0412_16:41:38 17 -0.218 0.233
2024_0412_16:41:45 17 0.48 0.3745
2024_0412_16:42:03 17 -0.2745 0.033
2024_0412_16:42:47 17 -0.0245 0.225
2024_0412_16:43:40 17 98.2405 98.558
2024_0412_16:44:05 17 0.403 0.167
2024_0412_16:44:46 17 0.324 0.0665
2024_0412_16:45:00 17 46.9065 16.526
2024_0412_16:45:06 17 3.858 -1.8125
2024_0412_16:45:38 17 14.938 16.298
2024_0412_16:46:01 17 0.249 4.5435
2024_0412_16:47:13 17 98.44 43.6
2024_0412_16:47:54 17 -0.212 -0.1835
2024_0412_16:48:27 17 95.7835 95.6835
2024_0412_16:50:00 17 26.2435 4.933
2024_0412_16:50:20 17 15.471 -7.374
2024_0412_16:50:34 17 32.6975 -32.8055
2024_0412_16:51:35 17 98.699 98.8515
2024_0412_16:51:44 17 98.6605 49.259
2024_0412_16:52:48 17 -1.0165 22.2185
2024_0412_16:52:57 17 -0.5475 0.075
2024_0412_16:53:37 17 42.646 97.888
2024_0412_16:53:40 17 14.195 -3.609
2024_0412_16:54:09 17 12.7585 14.659
2024_0412_16:56:01 17 -0.118 0.006
2024_0412_16:56:28 17 98.589 98.365
2024_0412_16:57:18 17 0.038 0.2585
2024_0412_16:57:34 17 57.687 51.7205
2024_0412_16:58:07 17 -0.1505 0.145
2024_0412_16:59:09 17 61.5925 87.3065
2024_0412_17:00:07 17 5.5395 5.412
2024_0412_17:00:11 17 99.1265 98.8925
2024_0412_17:00:43 17 98.9755 49.051
2024_0412_17:01:04 17 -49.9995 49.9995
2024_0412_17:01:14 17 -0.373 1.273
2024_0412_17:02:02 17 74.7105 74.3285
2024_0412_17:02:30 17 97.772 98.634
2024_0412_17:03:01 17 4.8095 -6.3175
2024_0412_17:03:22 17 98.7545 98.726
2024_0412_17:04:48 17 79.1 78.873
2024_0412_17:04:51 17 -9.9355 9.923
2024_0412_17:06:13 18 -15.706 15.0325
2024_0412_17:06:14 18 98.618 98.448
2024_0412_17:06:25 18 98.872 98.7115
2024_0412_17:07:53 17 -0.026 0.231
2024_0412_17:08:22 18 27.271 -27.311
2024_0412_17:08:42 18 -36.0755 82.9655
2024_0412_17:09:34 18 99.999 -99.999
2024_0412_17:09:39 18 98.825 98.736
2024_0412_17:09:46 18 -0.2585 -0.0855
2024_0412_17:10:15 18 97.2225 94.877
2024_0412_17:10:28 18 41.9755 35.0065
2024_0412_17:11:18 18 24.5675 -18.461
2024_0412_17:11:26 18 15.286 15.127
2024_0412_17:13:02 18 98.5245 49.0895
2024_0412_17:13:11 18 41.056 -0.5645
2024_0412_17:13:46 18 93.7385 93.9535
2024_0412_17:14:36 18 4.6845 27.741
2024_0412_17:15:09 18 -0.397 0.3545
2024_0412_17:15:47 18 0.0265 -0.5185
2024_0412_17:16:43 18 -0.6465 -0.1405
2024_0412_17:17:00 18 44.5065 43.8815
2024_0412_17:17:45 18 30.453 59.219
2024_0412_17:18:23 18 98.8165 98.6805
2024_0412_17:18:26 18 -7.889 44.238
2024_0412_17:18:30 18 21.3365 1.911
2024_0412_17:18:41 18 0.2685 0.488
2024_0412_17:20:08 18 98.168 98.0545
2024_0412_17:20:27 18 78.5145 64.0875
2024_0412_17:20:42 18 82.893 92.1035
2024_0412_17:21:25 18 99.0365 98.8
2024_0412_17:21:52 18 -0.06 -0.0135
2024_0412_17:22:37 18 -0.1345 -0.139
2024_0412_17:22:45 18 98.347 98.342
2024_0412_17:23:52 18 -7.0535 31.1895
2024_0412_17:24:38 18 0.025 0.025
2024_0412_17:25:03 18 -10.257 9.7795
2024_0412_17:26:09 18 98.42 98.3105
2024_0412_17:26:37 18 0.648 1.049
2024_0412_17:26:46 18 98.5665 98.697
2024_0412_17:27:02 18 -0.1785 0.712
2024_0412_17:27:06 18 -0.137 -0.2375
2024_0412_17:29:22 18 20.485 16.802
2024_0412_17:29:31 18 98.6325 98.0335
2024_0412_17:29:31 18 -8.028 11.292
2024_0412_17:29:35 18 -0.2045 -0.3735
2024_0412_17:29:51 18 20.698 -8.6835
2024_0412_17:30:44 18 69.0325 5.424
2024_0412_17:30:53 18 98.6085 98.5435
2024_0412_17:32:43 18 16.662 17.0095
2024_0412_17:33:16 18 33.8535 31.535
2024_0412_17:33:42 18 0.1765 0.46
2024_0412_17:35:08 18 42.0405 42.0095
2024_0412_17:35:21 18 -0.587 0.1675
2024_0412_17:35:30 18 98.759 98.5875
2024_0412_17:35:31 18 -0.216 0.57
2024_0412_17:36:29 18 54.228 53.9515
2024_0412_17:37:45 18 -2.212 31.4755
2024_0412_17:38:18 18 -0.084 0.039
2024_0412_17:38:22 18 13.065 -1.5
2024_0412_17:38:47 18 98.818 98.7905
2024_0412_17:38:53 18 6.4735 36.55
2024_0412_17:39:31 18 49.205 42.4125
2024_0412_17:40:24 18 -0.1125 -0.2385
2024_0412_17:41:10 18 0.2495 0.309
2024_0412_17:41:17 18 -27.411 49.4655
2024_0412_17:41:33 18 90.3625 65.3245
2024_0412_17:42:25 18 -0.8305 31.4455
2024_0412_17:43:02 18 39.351 29.9425
2024_0412_17:43:51 18 50.0 49.999
2024_0412_17:44:51 18 0.0005 0.0025
2024_0412_17:45:10 18 -36.0535 38.6245
2024_0412_17:45:14 18 0.0655 -0.026
2024_0412_17:45:43 18 98.0815 98.019
2024_0412_17:46:57 18 88.2205 67.41
2024_0412_17:47:31 18 98.8535 97.744
2024_0412_17:47:40 18 25.016 35.233
2024_0412_17:47:50 18 0.189 0.2955
2024_0412_17:48:57 18 98.3675 98.856
2024_0412_17:49:30 18 99.6605 83.769
2024_0412_17:50:02 18 -20.1975 20.043
2024_0412_17:50:35 18 36.6015 76.488
2024_0412_17:51:02 18 0.205 0.065
2024_0412_17:51:07 18 98.663 98.6425
2024_0412_17:52:30 18 -12.333 12.3695
2024_0412_17:52:47 18 48.0795 99.339
2024_0412_17:53:31 18 98.6595 98.778
2024_0412_17:53:50 18 -0.125 -0.1885
2024_0412_17:54:56 18 1.4455 0.1925
2024_0412_17:56:15 18 15.436 16.223
2024_0412_17:56:30 18 -12.267 12.181
2024_0412_17:56:52 18 98.824 98.7225
2024_0412_17:57:41 18 98.141 98.4075
2024_0412_17:58:31 18 19.1375 18.6255
2024_0412_17:59:36 18 -2.7435 2.438
2024_0412_17:59:39 18 -2.8555 28.057
2024_0412_18:00:04 18 -0.067 0.165
2024_0412_18:00:10 18 0.751 1.202
2024_0412_18:00:38 18 98.2305 98.0905
2024_0412_18:01:20 18 98.363 98.24
2024_0412_18:02:12 18 99.995 0.0
2024_0412_18:02:23 18 82.8255 82.9305
2024_0412_18:03:04 18 98.471 98.97
2024_0412_18:04:25 18 98.735 98.755
2024_0412_18:04:40 18 44.749 -0.4845
2024_0412_18:04:55 18 0.0525 0.103
2024_0412_18:05:14 18 -4.23 47.818
2024_0412_18:06:05 18 9.273 9.8255
2024_0412_18:06:54 18 29.7915 11.873
2024_0412_18:07:51 18 0.3365 0.45
2024_0412_18:08:05 18 9.922 -9.8945
2024_0412_18:08:57 18 95.774 97.562
2024_0412_18:09:03 18 98.545 97.587
2024_0412_18:09:21 18 -0.4965 0.076
2024_0412_18:10:37 18 0.154 0.1155
2024_0412_18:10:41 18 98.5195 98.6395
2024_0412_18:10:43 18 15.7805 17.0185
2024_0412_18:11:20 18 0.4915 0.3015
2024_0412_18:12:45 18 98.9065 99.0055
2024_0412_18:13:30 18 98.836 98.853
2024_0412_18:13:52 18 62.831 62.9565
2024_0412_18:14:01 18 32.9235 32.769
2024_0412_18:14:17 18 -49.999 -99.998
2024_0412_18:14:45 18 8.289 6.738
2024_0412_18:16:13 18 50.0005 -99.998
2024_0412_18:16:30 18 -0.0375 -0.147
2024_0412_18:17:11 18 96.522 92.2355
2024_0412_18:17:31 18 12.1325 -4.738
2024_0412_18:17:43 18 98.651 98.594
2024_0412_18:17:53 18 -0.0625 0.237
2024_0412_18:19:01 18 6.73 3.4485
2024_0412_18:19:08 18 -0.1465 0.273
2024_0412_18:19:24 18 -0.2795 -0.0765
2024_0412_18:21:18 18 98.2235 98.1515
2024_0412_18:22:29 18 24.4665 -5.0405
2024_0412_18:22:50 18 38.637 4.204
2024_0412_18:23:04 18 0.49 0.127
2024_0412_18:23:05 18 97.915 97.693
2024_0412_18:23:19 18 -0.1285 0.023
2024_0412_18:23:45 18 -0.0585 -0.145
2024_0412_18:25:02 18 0.391 0.0025
2024_0412_18:25:34 18 55.6625 57.8135
2024_0412_18:25:58 18 1.963 1.02
2024_0412_18:26:28 18 0.7235 -0.3005
2024_0412_18:26:55 18 -0.0885 0.33
2024_0412_18:27:12 18 93.3445 61.9965
2024_0412_18:27:30 18 97.617 98.6735
2024_0412_18:28:03 18 98.5455 98.5225
2024_0412_18:28:10 18 98.917 98.9515
2024_0412_18:30:35 18 -7.692 7.779
2024_0412_18:31:14 18 98.3635 98.353
2024_0412_18:31:31 18 9.9495 -10.0175
2024_0412_18:31:43 18 98.6045 98.4765
2024_0412_18:31:45 18 16.9605 8.363
2024_0412_18:31:56 18 -0.09 -0.1215
2024_0412_18:33:56 18 -38.7485 69.6925
2024_0412_18:34:09 18 0.0465 -0.231
2024_0412_18:35:00 18 14.275 14.568
2024_0412_18:35:51 18 0.091 0.446
2024_0412_18:36:26 18 8.352 -8.193
2024_0412_18:36:31 18 -9.6415 10.048
2024_0412_18:36:41 18 12.0745 3.1635
2024_0412_18:37:46 18 49.4095 -0.329
2024_0412_18:39:08 18 98.461 98.1295
2024_0412_18:40:15 19 14.339 4.805
2024_0412_18:40:27 19 98.558 98.473
2024_0412_18:40:51 19 0.108 0.0865
2024_0412_18:40:55 19 98.826 49.017
2024_0412_18:40:58 19 -14.199 14.2215
2024_0412_18:41:59 19 0.0605 0.4075
2024_0412_18:42:20 19 49.094 92.54
2024_0412_18:42:38 19 98.694 98.2495
2024_0412_18:42:58 19 97.8 48.285
2024_0412_18:44:16 19 -0.8855 1.0735
2024_0412_18:45:12 19 0.4485 -0.665
2024_0412_18:45:20 19 -0.416 -0.33
2024_0412_18:45:35 19 23.9985 98.5215
2024_0412_18:47:40 19 -0.1525 0.967
2024_0412_18:47:53 19 40.4575 4.359
2024_0412_18:48:44 19 1.1635 1.0455
2024_0412_18:49:02 19 -0.14 -0.0185
2024_0412_18:49:40 19 0.095 -0.256
2024_0412_18:50:11 19 -0.3345 -0.1295
2024_0412_18:50:58 19 -0.0325 0.3105
2024_0412_18:51:26 19 98.187 98.491
2024_0412_18:51:27 19 95.0805 98.347
2024_0412_18:51:37 19 -9.6815 9.7145
2024_0412_18:52:40 19 -0.226 0.3745
2024_0412_18:52:58 19 49.559 49.408
2024_0412_18:53:50 19 -0.314 0.3175
2024_0412_18:53:58 19 -0.0365 -0.0085
2024_0412_18:54:52 19 -0.1135 -0.1875
2024_0412_18:55:48 19 98.8275 98.83
2024_0412_18:56:15 19 6.3685 72.3705
2024_0412_18:57:12 19 22.0335 -21.7135
2024_0412_18:58:31 19 36.6075 10.382
2024_0412_18:58:53 19 77.127 80.994
2024_0412_18:59:12 19 1.0265 0.2845
2024_0412_18:59:28 19 4.4485 4.4835
2024_0412_18:59:49 19 1.0255 0.4765
2024_0412_19:01:53 19 0.2035 -0.7845
2024_0412_19:02:31 19 -0.072 0.2055
2024_0412_19:02:45 19 11.8075 -10.7195
2024_0412_19:02:50 19 11.4945 10.092
2024_0412_19:03:20 19 98.871 98.7265
2024_0412_19:03:26 19 0.323 -0.222
2024_0412_19:03:59 19 2.2 -1.973
2024_0412_19:05:34 19 19.9825 -20.49
2024_0412_19:06:12 19 16.577 -16.6635
2024_0412_19:06:51 19 48.8035 48.9775
2024_0412_19:07:29 19 12.86 18.608
2024_0412_19:07:35 19 1.897 -1.4475
2024_0412_19:08:02 19 0.339 0.0175
2024_0412_19:08:12 19 17.1155 0.1655
2024_0412_19:08:27 19 98.3705 98.1955
2024_0412_19:09:18 19 -0.1255 -0.2005
2024_0412_19:10:58 19 -0.3445 39.9695
2024_0412_19:11:37 19 92.7175 15.8835
2024_0412_19:11:40 19 -0.128 0.1055
2024_0412_19:11:54 19 98.1435 98.403
2024_0412_19:12:03 19 74.8715 43.1165
2024_0412_19:12:28 19 0.365 0.125
2024_0412_19:14:43 19 94.4735 96.0015
2024_0412_19:14:50 19 98.7075 98.756
2024_0412_19:14:54 19 19.907 -20.365
2024_0412_19:15:27 19 8.1125 7.8385
2024_0412_19:15:58 19 11.1405 8.077
2024_0412_19:17:27 19 -9.476 11.135
2024_0412_19:17:29 19 47.6925 15.368
2024_0412_19:17:48 19 98.764 98.628
2024_0412_19:18:49 19 -0.274 -0.156
2024_0412_19:19:27 19 -0.093 -0.136
2024_0412_19:20:20 19 0.278 -1.5265
2024_0412_19:20:40 19 -0.3025 9.653
2024_0412_19:21:00 19 98.575 98.8335
2024_0412_19:21:09 19 -49.9975 49.9985
2024_0412_19:21:13 19 0.15 0.065
2024_0412_19:22:42 19 -0.457 0.0755
2024_0412_19:23:21 19 -0.3255 0.0985
2024_0412_19:23:30 19 27.888 -28.0535
2024_0412_19:25:04 19 -6.484 6.8355
2024_0412_19:25:10 19 66.3205 49.1265
2024_0412_19:26:41 19 24.9705 -24.9195
2024_0412_19:26:44 19 10.3175 -9.8525
2024_0412_19:26:44 19 98.686 98.621
2024_0412_19:27:52 19 3.56 3.3375
2024_0412_19:27:53 19 15.4935 -15.4175
2024_0412_19:28:57 19 0.086 -0.1635
2024_0412_19:29:39 19 27.6715 27.5095
2024_0412_19:29:42 19 0.19 -0.3045
2024_0412_19:29:43 19 97.7985 97.9175
2024_0412_19:29:46 19 14.4445 15.978
2024_0412_19:29:54 19 36.9835 -36.3185
2024_0412_19:31:11 19 -0.036 0.1195
2024_0412_19:32:03 19 0.0085 0.0975
2024_0412_19:32:55 19 99.0845 98.9775
2024_0412_19:33:29 20 -0.1445 -0.06
2024_0412_19:35:14 20 98.863 88.44
2024_0412_19:35:16 20 98.4645 98.7195
2024_0412_19:35:29 20 23.6795 7.7115
2024_0412_19:36:34 20 2.728 -2.396
2024_0412_19:37:16 20 46.9985 47.557
2024_0412_19:37:25 20 13.379 48.8255
2024_0412_19:38:21 20 0.1255 0.015
2024_0412_19:38:25 20 23.507 49.1005
2024_0412_19:38:31 20 77.0975 76.7
2024_0412_19:38:44 20 49.9995 -49.9995
2024_0412_19:38:50 20 -0.373 0.2635
2024_0412_19:40:20 20 100.0 100.0
2024_0412_19:41:33 20 -0.67 2.6505
2024_0412_19:41:44 20 8.533 20.827
2024_0412_19:42:01 20 18.426 14.5155
2024_0412_19:43:43 20 0.148 -0.094
2024_0412_19:44:11 20 14.281 13.71
2024_0412_19:44:14 20 6.561 8.4925
2024_0412_19:44:33 20 98.505 98.6015
2024_0412_19:45:32 20 60.516 68.62
2024_0412_19:46:06 20 38.378 39.2625
2024_0412_19:47:06 20 0.0315 -0.142
2024_0412_19:47:08 20 98.6705 98.8455
2024_0412_19:47:14 20 98.5625 98.6375
2024_0412_19:47:26 20 -0.322 0.417
2024_0412_19:48:09 20 -12.902 12.3565
2024_0412_19:49:30 20 -0.0095 0.2845
2024_0412_19:50:13 20 78.6575 -0.4435
2024_0412_19:50:21 20 -0.1085 0.121
2024_0412_19:50:30 20 4.338 -4.3725
2024_0412_19:52:57 20 98.717 98.5205
2024_0412_19:53:24 20 -0.001 -0.0005
2024_0412_19:53:35 20 16.9375 -16.2525
2024_0412_19:54:13 20 84.715 91.361
2024_0412_19:54:41 20 93.9075 98.652
2024_0412_19:56:00 20 1.348 -1.5545
2024_0412_19:56:08 20 0.0 -0.0235
2024_0412_19:56:13 20 0.035 -0.553
2024_0412_19:56:26 20 98.5665 98.5235
2024_0412_19:56:37 20 98.2635 98.495
2024_0412_19:57:26 20 -12.9095 12.4955
2024_0412_19:58:29 20 98.796 98.712
2024_0412_19:58:50 20 50.2365 -50.1605
2024_0412_19:58:53 20 9.426 9.6925
2024_0412_19:58:59 20 -3.2315 7.8685
2024_0412_19:59:22 20 49.9985 99.999
2024_0412_20:01:11 20 0.2625 0.1125
2024_0412_20:01:54 20 -0.097 0.2295
2024_0412_20:02:12 20 98.5095 98.618
2024_0412_20:02:47 20 48.811 2.801
2024_0412_20:03:42 20 41.4325 48.4495
2024_0412_20:04:42 20 98.6895 98.284
2024_0412_20:04:49 20 98.5235 97.9005
2024_0412_20:04:54 20 98.2015 98.527
2024_0412_20:05:06 20 -7.6985 72.7735
2024_0412_20:05:17 20 13.178 13.163
2024_0412_20:06:06 20 13.227 13.1125
2024_0412_20:07:35 20 -0.121 0.39
2024_0412_20:07:36 20 -0.3875 0.2335
2024_0412_20:07:51 20 98.6795 98.4205
2024_0412_20:08:04 20 -0.0765 49.183
2024_0412_20:08:05 20 -4.258 27.2435
2024_0412_20:10:20 20 17.0575 17.6485
2024_0412_20:10:58 20 88.322 72.693
2024_0412_20:11:20 20 -19.9615 20.036
2024_0412_20:12:14 20 57.7055 37.494
2024_0412_20:13:23 20 25.982 13.255
2024_0412_20:13:24 20 11.2065 -10.627
2024_0412_20:13:28 20 -99.997 99.9965
2024_0412_20:13:34 20 -5.989 5.733
2024_0412_20:14:29 20 69.028 88.9645
2024_0412_20:14:39 20 0.76 0.85
2024_0412_20:15:54 20 0.5985 1.72
2024_0412_20:16:05 20 98.638 98.8695
2024_0412_20:16:40 20 2.461 -1.2055
2024_0412_20:16:48 20 69.9975 54.357
2024_0412_20:16:49 20 68.103 95.016
2024_0412_20:19:40 20 0.272 0.117
2024_0412_20:19:42 20 14.494 14.925
2024_0412_20:20:33 20 49.9995 -99.999
2024_0412_20:20:41 20 40.0595 -39.98
2024_0412_20:20:44 20 47.627 99.224
2024_0412_20:21:55 20 80.3695 84.614
2024_0412_20:22:00 20 0.033 -0.064
2024_0412_20:22:07 20 0.127 -0.0555
2024_0412_20:23:04 20 0.03 -0.165
2024_0412_20:23:32 20 48.9695 99.0685
2024_0412_20:23:55 20 63.576 62.5595
2024_0412_20:24:33 20 27.634 -10.193
2024_0412_20:25:02 20 -0.0415 -0.139
2024_0412_20:25:26 20 5.8595 -5.613
2024_0412_20:25:31 20 40.355 -2.0485
2024_0412_20:25:37 20 9.1905 49.308
2024_0412_20:28:19 20 8.556 12.417
2024_0412_20:29:15 13 16.1655 16.272
2024_0412_20:29:47 5 98.7265 98.744
2024_0412_20:29:49 13 -0.2155 0.162
2024_0412_20:31:07 13 98.5905 98.644
2024_0412_20:31:07 13 0.052 -0.04
2024_0412_20:32:01 14 -0.4935 11.5535
2024_0412_20:32:31 14 97.905 98.535
2024_0412_20:32:52 14 -0.1455 0.083
2024_0412_20:33:18 14 -0.1965 0.293
2024_0412_20:33:36 15 0.262 -0.0085
2024_0412_20:33:40 13 -0.1285 -0.057
2024_0412_20:33:43 14 -0.406 -0.255
2024_0412_20:34:01 15 -0.069 10.034
2024_0412_20:34:50 15 98.5945 98.8135
2024_0412_20:34:53 15 0.113 0.017
2024_0412_20:37:21 15 99.0575 98.7805
2024_0412_20:38:19 15 51.006 64.968
2024_0412_20:38:59 15 -0.051 -0.0705
2024_0412_20:39:14 15 92.1995 67.606
2024_0412_20:39:38 16 -0.1255 -0.3385
2024_0412_20:40:32 16 14.069 -7.792
2024_0412_20:41:07 16 -0.0015 -0.594
2024_0412_20:41:18 15 86.666 44.0945
2024_0412_20:42:06 16 -0.254 -0.31
2024_0412_20:42:10 16 -7.0905 6.8295
2024_0412_20:42:17 16 1.958 9.4795
2024_0412_20:42:18 16 -0.1455 0.134
2024_0412_20:42:51 16 98.5305 98.5955
2024_0412_20:43:25 16 -0.17 0.3745
2024_0412_20:44:10 17 98.6815 98.7625
2024_0412_20:44:11 17 1.5815 -1.2815
2024_0412_20:45:50 17 10.2815 -9.7665
2024_0412_20:47:47 17 0.7825 0.1895
2024_0412_20:47:47 17 40.8505 32.143
2024_0412_20:47:49 17 0.004 0.147
2024_0412_20:48:08 17 98.289 98.189
2024_0412_20:48:56 17 16.349 15.987
2024_0412_20:49:55 17 77.201 77.113
2024_0412_20:50:12 17 72.4145 72.9675
2024_0412_20:50:41 17 72.9525 52.4435
2024_0412_20:50:51 17 15.635 15.718
2024_0412_20:50:51 17 25.5285 -25.748
2024_0412_20:51:48 17 67.0575 88.7155
2024_0412_20:52:36 18 99.999 -49.999
2024_0412_20:52:51 18 98.539 98.7565
2024_0412_20:53:14 18 0.179 0.4825
2024_0412_20:54:01 18 12.185 11.765
2024_0412_20:54:19 18 0.265 -0.467
2024_0412_20:56:19 18 0.323 0.16
2024_0412_20:56:56 19 -20.3825 20.1145
2024_0412_20:57:08 18 -0.136 0.028
2024_0412_20:58:15 18 11.5435 -11.5345
2024_0412_20:58:28 19 -24.8425 24.998
2024_0412_20:58:43 19 0.034 0.0615
2024_0412_20:59:29 19 94.881 94.699
2024_0412_20:59:35 19 98.434 98.6105
2024_0412_21:00:14 19 0.0885 -0.19
2024_0412_21:00:26 19 13.7485 -13.8685
2024_0412_21:01:25 19 -10.2405 10.3285
2024_0412_21:02:38 20 54.83 54.481
2024_0412_21:03:32 20 -30.471 30.074
2024_0412_21:04:07 19 98.7445 98.6585
2024_0412_21:04:41 20 0.3085 -0.0515
2024_0412_21:04:56 20 0.054 0.1675
2024_0412_21:05:19 20 98.6355 98.666
2024_0412_21:05:40 20 3.868 2.125
2024_0412_21:06:09 20 18.6285 18.5305
2024_0412_21:06:49 18 0.0625 -0.07
2024_0412_21:10:25 19 25.134 10.9855
2024_0412_21:11:44 20 49.8715 -2.1535
2024_0412_21:13:19 19 48.8565 60.318
