0.20683000000013646 0.11868500000004831 0.027855000000003193 0.006694999999999811 0.02275500000000163 0.021925000000001377 0.020545000000000955 0.020290000000000877 0.020255000000000866 0.007929999999999762 0.0439749999999993 0.03667500000000213 0.061654999999992445 0.05844999999999369 0.06654999999999617 0.050869999999996626 0.06415999999999378 0.06262999999999225 0.04189000000000011 0.03938000000000108 
2024_0411_20:31:32 11 0.139375 -0.20125
2024_0411_20:31:32 6 98.575 98.580625
2024_0411_20:32:09 10 98.57375 98.3525
2024_0411_20:32:11 5 98.664375 98.78875
2024_0411_20:32:14 11 98.41125 98.564375
2024_0411_20:32:20 3 98.519375 98.491875
2024_0411_20:32:26 4 98.65375 98.453125
2024_0411_20:32:52 7 98.5 98.44875
2024_0411_20:32:53 1 98.63875 98.730625
2024_0411_20:32:55 2 98.600625 98.4875
2024_0411_20:32:57 2 98.405 98.379375
2024_0411_20:32:57 9 98.966875 98.833125
2024_0411_20:33:00 8 98.528125 98.3675
2024_0411_20:33:00 1 98.730625 98.715625
2024_0411_20:33:02 1 98.7575 98.69625
2024_0411_20:35:28 6 98.715 98.690625
2024_0411_20:39:48 13 73.09125 66.899375
2024_0411_20:40:31 12 72.20125 -0.55125
2024_0411_20:40:33 14 98.416875 97.98125
2024_0411_20:40:34 15 0.230625 -0.2175
2024_0411_20:40:47 16 0.275625 -0.233125
2024_0411_20:40:49 15 -7.500625 8.076875
2024_0411_20:40:58 13 -48.706875 49.194375
2024_0411_20:41:50 20 0.14625 -0.428125
2024_0411_20:42:05 20 0.10875 -0.12375
2024_0411_20:42:15 18 28.306875 -25.42625
2024_0411_20:42:27 18 -9.71 10.149375
2024_0411_20:42:29 17 -0.21 0.18
2024_0411_20:42:40 17 -0.2825 -0.1575
2024_0411_20:44:13 19 21.1825 15.36125
2024_0411_20:52:39 8 98.485625 98.40625
2024_0411_20:52:43 4 98.579375 98.479375
2024_0411_20:53:09 9 98.6225 98.57375
2024_0411_20:53:12 7 98.51 98.625625
2024_0411_20:53:21 5 98.725 98.635
2024_0411_20:53:22 11 98.53375 98.43125
2024_0411_20:53:25 11 -0.0625 0.003125
2024_0411_20:53:30 2 97.83125 98.593125
2024_0411_20:53:32 6 98.761875 98.775625
2024_0411_20:53:45 11 49.99875 -49.99875
2024_0411_20:53:48 10 98.72125 98.595
2024_0411_20:53:49 3 98.573125 98.55125
2024_0411_20:53:50 12 -16.523125 16.614375
2024_0411_20:53:56 11 -0.120625 0.02875
2024_0411_20:53:57 11 -0.049375 0.090625
2024_0411_20:55:39 1 98.80875 98.715625
2024_0411_21:01:17 13 98.358125 98.5175
2024_0411_21:01:48 15 11.12 39.5775
2024_0411_21:01:56 16 -1.375 98.830625
2024_0411_21:02:00 13 11.2775 -11.22
2024_0411_21:02:08 13 22.275625 72.159375
2024_0411_21:02:14 18 98.42625 98.49125
2024_0411_21:02:16 13 46.89875 -0.41125
2024_0411_21:02:26 14 98.285625 98.91375
2024_0411_21:02:35 13 98.633125 98.754375
2024_0411_21:02:35 19 0.115 -0.0975
2024_0411_21:02:36 17 -0.048125 0.024375
2024_0411_21:02:37 19 48.854375 -10.90875
2024_0411_21:03:20 20 99.081875 98.736875
2024_0411_21:03:32 20 49.99625 -49.99375
2024_0411_21:04:46 13 -45.289375 49.530625
2024_0411_21:13:39 1 98.648125 98.65875
2024_0411_21:13:44 7 98.509375 98.464375
2024_0411_21:13:45 5 98.765 98.61125
2024_0411_21:13:49 6 98.685 98.70875
2024_0411_21:13:53 3 98.439375 98.2625
2024_0411_21:13:53 12 -0.0975 0.39625
2024_0411_21:13:54 4 98.36875 98.48375
2024_0411_21:13:57 12 98.556875 98.43375
2024_0411_21:13:59 12 98.725625 98.4975
2024_0411_21:14:13 2 98.554375 98.503125
2024_0411_21:14:21 9 98.861875 98.89875
2024_0411_21:14:21 10 97.075 97.040625
2024_0411_21:14:22 11 -0.024375 0.12375
2024_0411_21:14:24 11 73.84 32.761875
2024_0411_21:14:24 11 98.795 99.01625
2024_0411_21:15:40 8 98.616875 98.506875
2024_0411_21:22:09 13 98.608125 98.644375
2024_0411_21:22:11 15 98.27 98.0875
2024_0411_21:22:25 15 98.11375 98.743125
2024_0411_21:22:32 16 48.704375 26.775625
2024_0411_21:22:44 13 50.060625 -49.98625
2024_0411_21:22:45 14 -0.36 0.068125
2024_0411_21:23:03 16 67.75375 88.76
2024_0411_21:23:11 13 -0.27125 0.37875
2024_0411_21:23:20 15 -46.9525 48.276875
2024_0411_21:23:22 18 -1.22375 0.89875
2024_0411_21:23:33 18 -12.285 12.715
2024_0411_21:24:00 18 -72.310625 72.0875
2024_0411_21:24:00 17 49.215625 99.22125
2024_0411_21:24:02 16 -10.6775 63.571875
2024_0411_21:25:08 13 98.4375 98.439375
2024_0411_21:25:11 18 -0.570625 -0.17
2024_0411_21:30:30 18 8.488125 -4.013125
2024_0411_21:30:35 19 46.71875 -10.678125
2024_0411_21:30:42 18 -7.320625 46.10625
2024_0411_21:30:45 19 41.490625 35.775
2024_0411_21:30:53 20 -0.003125 0.42625
2024_0411_21:31:02 20 14.28 -10.435625
2024_0411_21:31:05 20 -1.259375 1.918125
2024_0411_21:31:11 20 -0.013125 0.235625
2024_0411_21:40:00 11 -0.3225 0.329375
2024_0411_21:40:06 2 98.4575 98.495625
2024_0411_21:40:07 11 -0.08125 0.0625
2024_0411_21:40:08 8 98.495 98.45125
2024_0411_21:40:13 1 98.653125 98.669375
2024_0411_21:40:13 5 98.681875 98.74
2024_0411_21:40:19 3 98.52 98.425625
2024_0411_21:40:19 11 0.294375 0.195625
2024_0411_21:40:47 9 98.83625 98.915
2024_0411_21:40:50 10 98.705625 98.441875
2024_0411_21:40:52 7 98.61875 98.498125
2024_0411_21:40:53 11 -0.49375 -0.4325
2024_0411_21:40:58 11 98.51125 98.55875
2024_0411_21:41:01 11 98.55625 98.52875
2024_0411_21:43:20 6 98.69125 98.729375
2024_0411_21:44:42 11 -0.280625 0.246875
2024_0411_21:48:14 12 98.523125 97.435625
2024_0411_21:48:39 12 78.5675 78.714375
2024_0411_21:49:03 12 -10.364375 63.26875
2024_0411_21:49:05 12 98.2975 98.38125
2024_0411_21:49:07 12 98.53125 97.888125
2024_0411_21:49:08 12 0.3575 0.11625
2024_0411_21:49:29 11 -99.999375 100.0
2024_0411_21:49:31 12 0.14625 -0.21125
2024_0411_21:49:47 13 44.705 9.49125
2024_0411_21:49:48 12 98.73625 98.7075
2024_0411_21:49:59 13 -0.18875 -0.0675
2024_0411_21:50:17 13 95.295625 98.65875
2024_0411_21:50:32 13 98.29625 97.963125
2024_0411_21:50:49 13 0.03125 0.188125
2024_0411_21:53:32 13 -0.32125 -0.34625
2024_0411_21:55:29 13 34.336875 34.420625
2024_0411_21:56:57 13 -0.429375 0.400625
2024_0411_21:57:01 13 98.315625 98.3225
2024_0411_21:57:19 13 72.521875 71.715
2024_0411_21:57:21 13 98.638125 98.711875
2024_0411_21:57:49 13 -49.999375 -99.99875
2024_0411_21:58:17 14 0.015 0.05625
2024_0411_21:58:24 14 -0.11625 -0.134375
2024_0411_21:58:54 14 98.585 98.25125
2024_0411_21:59:11 14 0.015625 0.01625
2024_0411_21:59:21 14 98.79625 98.5325
2024_0411_21:59:23 14 -0.395 -0.108125
2024_0411_21:59:23 14 -12.31 13.349375
2024_0411_21:59:26 14 49.07125 98.521875
2024_0411_21:59:55 14 98.279375 97.001875
2024_0411_22:01:46 14 4.4275 -0.848125
2024_0411_22:04:56 14 98.761875 99.218125
2024_0411_22:05:43 14 98.530625 98.450625
2024_0411_22:05:47 14 -0.179375 0.253125
2024_0411_22:05:56 14 0.405625 0.233125
2024_0411_22:06:00 15 0.686875 0.20875
2024_0411_22:07:30 15 49.101875 27.593125
2024_0411_22:08:06 15 3.39125 4.2175
2024_0411_22:08:21 15 0.0275 -0.18125
2024_0411_22:08:25 15 -0.485 0.236875
2024_0411_22:08:28 15 98.735625 98.638125
2024_0411_22:08:46 15 0.301875 0.771875
2024_0411_22:08:47 15 98.59375 98.20625
2024_0411_22:09:22 15 0.075 -0.275
2024_0411_22:09:54 15 98.190625 97.844375
2024_0411_22:10:29 15 0.639375 0.148125
2024_0411_22:13:01 15 0.424375 -0.251875
2024_0411_22:14:11 16 8.6725 -8.76
2024_0411_22:14:14 16 69.8425 80.455
2024_0411_22:14:15 16 16.45 -17.12125
2024_0411_22:14:30 16 0.111875 1.11625
2024_0411_22:14:37 16 98.643125 98.475625
2024_0411_22:16:29 16 16.936875 16.663125
2024_0411_22:17:22 17 0.12875 -0.153125
2024_0411_22:17:26 17 -0.105 -0.37375
2024_0411_22:17:30 17 -8.7725 8.84875
2024_0411_22:17:35 17 -80.168125 80.095625
2024_0411_22:17:38 17 88.651875 67.24875
2024_0411_22:18:22 17 37.039375 42.79625
2024_0411_22:18:46 17 16.739375 15.59375
2024_0411_22:18:48 17 -49.99875 -49.99875
2024_0411_22:21:09 17 0.175625 0.21375
2024_0411_22:23:02 18 100.0 -49.999375
2024_0411_22:23:04 18 99.9925 -99.994375
2024_0411_22:23:25 18 49.0625 -0.42875
2024_0411_22:23:48 18 40.891875 -38.998125
2024_0411_22:23:55 18 98.455 -24.355625
2024_0411_22:25:50 18 -9.295 88.831875
2024_0411_22:26:09 18 98.381875 98.503125
2024_0411_22:26:11 18 98.5925 98.5575
2024_0411_22:26:18 19 0.270625 0.05125
2024_0411_22:26:26 19 39.938125 -2.655
2024_0411_22:26:35 19 29.0325 47.55
2024_0411_22:27:05 20 -0.85375 -0.361875
2024_0411_22:27:15 20 -5.840625 88.71
2024_0411_22:27:19 20 -0.23 -0.225625
2024_0411_22:29:59 20 -0.035625 0.0175
2024_0411_22:31:15 20 -12.525 12.545
2024_0411_22:31:45 4 98.421875 98.181875
2024_0411_22:31:50 15 0.2075 -0.02875
2024_0411_22:31:54 20 3.791875 2.90625
2024_0411_22:32:13 17 34.009375 -7.62625
2024_0411_22:32:35 18 0.020625 -0.180625
2024_0411_22:33:46 20 59.439375 23.78625
2024_0411_22:42:15 3 98.37875 98.569375
2024_0411_22:42:17 2 98.59625 98.585625
2024_0411_22:42:42 11 -0.233125 -0.034375
2024_0411_22:42:52 11 0.051875 -0.279375
2024_0411_22:42:53 1 98.665625 98.755625
2024_0411_22:43:02 7 98.53625 98.514375
2024_0411_22:43:02 5 98.69375 98.760625
2024_0411_22:43:10 6 98.599375 98.669375
2024_0411_22:43:11 9 98.918125 98.885625
2024_0411_22:43:20 11 0.284375 -0.195625
2024_0411_22:43:24 10 97.91125 98.67
2024_0411_22:43:27 11 -0.219375 0.12875
2024_0411_22:43:28 8 98.466875 98.346875
2024_0411_22:43:33 11 98.483125 48.919375
2024_0411_22:43:33 4 98.406875 98.61125
2024_0411_22:45:27 11 98.465625 98.471875
2024_0411_22:51:10 11 0.053125 -0.100625
2024_0411_22:51:13 12 98.545625 98.490625
2024_0411_22:51:18 11 0.2975 0.181875
2024_0411_22:51:18 12 98.329375 98.605625
2024_0411_22:51:35 12 98.36875 98.483125
2024_0411_22:51:38 12 98.67125 98.644375
2024_0411_22:51:56 12 -0.383125 -0.3525
2024_0411_22:51:57 12 0.245 0.06875
2024_0411_22:52:16 12 78.3525 78.35625
2024_0411_22:52:19 13 -0.0775 0.161875
2024_0411_22:52:25 13 98.36875 98.309375
2024_0411_22:52:50 12 99.234375 48.39125
2024_0411_22:53:10 13 91.316875 -68.658125
2024_0411_22:53:11 13 98.92375 98.883125
2024_0411_22:53:14 13 -0.10875 0.175
2024_0411_22:57:01 13 -0.1975 -0.17375
2024_0411_22:59:30 13 0.435625 0.58375
2024_0411_22:59:32 13 0.10875 0.02375
2024_0411_22:59:55 13 0.043125 -0.2275
2024_0411_23:00:16 13 -0.411875 0.049375
2024_0411_23:00:32 13 0.405 -0.09125
2024_0411_23:00:36 13 17.37375 17.185
2024_0411_23:01:08 13 3.92375 27.111875
2024_0411_23:01:34 14 98.979375 97.9175
2024_0411_23:01:49 14 -0.165625 -0.053125
2024_0411_23:01:51 14 98.275 98.375625
2024_0411_23:02:02 14 -49.99875 -99.99875
2024_0411_23:02:02 14 98.359375 98.5825
2024_0411_23:02:09 14 -0.175625 0.16625
2024_0411_23:02:16 14 78.605 78.7975
2024_0411_23:02:59 14 -0.511875 72.265625
2024_0411_23:07:56 14 0.336875 0.19125
2024_0411_23:08:17 14 98.490625 98.420625
2024_0411_23:08:28 15 -0.013125 -0.1075
2024_0411_23:08:30 14 99.99625 99.99625
2024_0411_23:08:36 14 98.45 98.468125
2024_0411_23:08:53 15 0.145 -0.035
2024_0411_23:09:24 15 98.70125 98.538125
2024_0411_23:10:04 15 -64.73625 66.56125
2024_0411_23:10:44 15 -1.344375 1.228125
2024_0411_23:11:11 15 86.8875 75.165625
2024_0411_23:11:13 15 98.46875 98.425625
2024_0411_23:11:15 15 -32.48625 48.081875
2024_0411_23:11:24 15 -0.210625 0.61
2024_0411_23:11:41 15 -0.254375 -0.285
2024_0411_23:11:50 15 -0.368125 0.02875
2024_0411_23:12:04 15 0.065 0.228125
2024_0411_23:16:40 16 0.216875 -0.071875
2024_0411_23:17:07 16 -9.838125 9.08
2024_0411_23:17:09 16 -0.606875 2.13
2024_0411_23:17:32 16 -0.231875 -0.071875
2024_0411_23:17:55 16 12.24125 12.08875
2024_0411_23:18:28 16 0.455 0.165
2024_0411_23:18:58 16 0.20625 0.066875
2024_0411_23:19:21 16 0.209375 0.10375
2024_0411_23:20:13 17 98.8675 98.809375
2024_0411_23:20:18 16 49.999375 -99.99875
2024_0411_23:20:29 17 98.336875 98.21625
2024_0411_23:20:43 17 -0.778125 2.53375
2024_0411_23:21:13 17 9.99875 -10.013125
2024_0411_23:21:53 17 -0.07 -0.164375
2024_0411_23:22:02 17 22.891875 73.884375
2024_0411_23:25:09 17 98.7475 98.655625
2024_0411_23:25:29 17 -0.375 -0.14625
2024_0411_23:25:44 18 0.006875 0.255625
2024_0411_23:26:05 18 98.718125 48.84125
2024_0411_23:26:20 18 -13.053125 12.505625
2024_0411_23:26:42 18 98.01625 98.606875
2024_0411_23:27:47 18 -0.00125 50.0
2024_0411_23:28:26 18 0.330625 -0.525625
2024_0411_23:28:55 18 98.57625 98.40625
2024_0411_23:29:09 18 0.311875 -0.114375
2024_0411_23:29:12 18 -5.649375 5.62625
2024_0411_23:29:19 19 -0.17375 0.044375
2024_0411_23:29:37 19 9.0975 80.624375
2024_0411_23:30:16 19 18.17 10.8675
2024_0411_23:31:07 20 -11.411875 72.191875
2024_0411_23:32:44 20 98.26 98.3475
2024_0411_23:33:57 20 0.279375 56.559375
2024_0411_23:34:06 20 98.49375 98.42
2024_0411_23:34:32 18 -0.155 0.033125
2024_0411_23:34:34 20 99.99875 49.99875
2024_0411_23:35:31 17 0.009375 -0.258125
2024_0411_23:38:32 20 45.94875 63.028125
2024_0411_23:46:48 8 98.366875 98.465625
2024_0411_23:47:27 1 98.731875 98.679375
2024_0411_23:47:28 11 -0.25625 0.1275
2024_0411_23:47:31 11 14.78875 51.71875
2024_0411_23:47:31 11 98.675 98.3825
2024_0411_23:47:35 11 98.61 98.726875
2024_0411_23:47:36 6 98.753125 98.616875
2024_0411_23:47:37 9 98.926875 98.945625
2024_0411_23:47:41 7 98.284375 98.464375
2024_0411_23:47:42 2 98.5375 98.620625
2024_0411_23:48:11 10 98.7325 98.35
2024_0411_23:48:15 3 98.54 98.455
2024_0411_23:48:15 4 98.44875 98.51375
2024_0411_23:48:16 5 98.654375 98.600625
2024_0411_23:48:18 11 -0.130625 0.409375
2024_0411_23:50:45 11 98.504375 98.45375
2024_0411_23:55:05 11 0.43125 -0.135625
2024_0411_23:55:33 11 0.068125 -0.14625
2024_0411_23:55:46 11 0.054375 -0.37
2024_0411_23:56:21 11 0.049375 0.099375
2024_0411_23:56:33 11 98.645625 98.774375
2024_0411_23:56:36 11 0.36625 -0.1825
2024_0411_23:56:40 11 98.57 98.314375
2024_0411_23:56:42 11 -99.99875 49.999375
2024_0411_23:57:07 12 0.355625 -0.60375
2024_0411_23:57:09 11 0.081875 0.475
2024_0411_23:57:11 11 99.998125 -99.998125
2024_0411_23:57:13 12 0.10875 -0.0325
2024_0411_23:57:35 12 52.07625 62.535625
2024_0411_23:57:53 12 98.593125 98.63875
2024_0411_23:57:56 11 98.70625 98.729375
2024_0412_00:02:17 12 98.67125 98.725
2024_0412_00:04:09 12 0.15875 0.173125
2024_0412_00:04:13 12 0.18375 -0.24875
2024_0412_00:04:25 12 98.570625 98.339375
2024_0412_00:04:50 12 18.87375 19.30125
2024_0412_00:04:58 12 0.07375 -0.596875
2024_0412_00:05:24 12 0.0325 -0.0125
2024_0412_00:05:59 12 98.6075 98.7125
2024_0412_00:05:59 13 98.449375 98.478125
2024_0412_00:06:05 12 98.80375 98.41625
2024_0412_00:06:06 12 98.4125 98.545
2024_0412_00:06:16 13 98.5675 98.490625
2024_0412_00:06:34 12 98.43875 98.491875
2024_0412_00:06:57 13 98.384375 98.0325
2024_0412_00:07:24 13 94.193125 98.328125
2024_0412_00:07:24 13 97.35875 98.434375
2024_0412_00:12:29 13 98.15625 98.628125
2024_0412_00:12:32 13 -0.138125 -0.26
2024_0412_00:12:54 13 98.7325 98.760625
2024_0412_00:13:13 13 98.379375 49.211875
2024_0412_00:13:40 13 98.6175 98.595625
2024_0412_00:13:52 13 3.40875 2.92875
2024_0412_00:14:07 13 -0.10125 -0.135
2024_0412_00:15:15 13 -0.05125 -0.2675
2024_0412_00:15:23 13 -0.4075 0.280625
2024_0412_00:15:39 13 99.99625 -99.9975
2024_0412_00:15:43 13 -0.204375 0.078125
2024_0412_00:15:59 13 98.66125 98.36875
2024_0412_00:16:05 13 98.5075 98.436875
2024_0412_00:16:31 13 0.345 0.165
2024_0412_00:16:58 13 0.35875 0.001875
2024_0412_00:18:26 13 98.22125 97.991875
2024_0412_00:20:30 13 98.49625 98.51375
2024_0412_00:21:16 13 -0.026875 0.06625
2024_0412_00:21:32 13 0.321875 0.450625
2024_0412_00:21:42 13 0.065 0.42
2024_0412_00:21:48 14 38.5 31.1675
2024_0412_00:21:53 14 0.320625 0.23875
2024_0412_00:22:55 14 19.28875 -19.71625
2024_0412_00:24:21 14 98.355 98.51125
2024_0412_00:24:31 14 98.331875 97.795
2024_0412_00:24:48 14 80.085625 79.93875
2024_0412_00:24:54 14 11.149375 9.605
2024_0412_00:25:18 14 98.38875 98.42125
2024_0412_00:26:11 14 98.2 97.645625
2024_0412_00:26:27 14 -6.905 46.104375
2024_0412_00:27:54 14 49.99875 49.999375
2024_0412_00:28:36 14 72.7575 22.580625
2024_0412_00:28:40 14 98.661875 98.711875
2024_0412_00:29:47 14 98.45 98.4925
2024_0412_00:30:03 14 -20.1125 19.898125
2024_0412_00:30:44 14 15.925625 17.749375
2024_0412_00:30:55 14 16.15375 15.801875
2024_0412_00:31:00 14 98.595625 98.235
2024_0412_00:31:17 14 98.810625 48.83
2024_0412_00:33:14 14 71.020625 71.55625
2024_0412_00:33:28 14 0.071875 -0.323125
2024_0412_00:33:35 14 0.50375 -0.05
2024_0412_00:33:50 14 -49.99875 -99.99625
2024_0412_00:34:17 14 98.68875 98.743125
2024_0412_00:34:57 14 95.7075 12.14875
2024_0412_00:36:39 14 0.0625 0.164375
2024_0412_00:36:46 15 81.78 82.085625
2024_0412_00:37:35 15 96.45375 96.32375
2024_0412_00:37:52 14 16.115 16.4
2024_0412_00:38:33 15 15.335 14.64625
2024_0412_00:38:50 15 27.041875 -27.0075
2024_0412_00:39:05 15 -93.799375 99.743125
2024_0412_00:39:14 15 98.7 98.6925
2024_0412_00:40:01 15 -0.090625 0.735625
2024_0412_00:40:21 15 95.046875 98.303125
2024_0412_00:42:14 15 -0.02 0.305625
2024_0412_00:42:15 15 -0.3 0.359375
2024_0412_00:43:03 15 48.825625 -0.41
2024_0412_00:43:05 15 -0.47375 -0.2875
2024_0412_00:43:22 15 -10.21625 9.985625
2024_0412_00:44:20 15 0.259375 -0.113125
2024_0412_00:44:51 15 78.75375 78.703125
2024_0412_00:46:07 15 -0.19 0.076875
2024_0412_00:46:53 15 0.259375 -0.1275
2024_0412_00:47:10 15 71.193125 71.25
2024_0412_00:47:26 15 0.279375 -0.19375
2024_0412_00:47:44 15 98.4725 98.27125
2024_0412_00:48:08 15 -0.44875 0.5775
2024_0412_00:48:24 15 98.9025 98.939375
2024_0412_00:48:56 15 21.45875 73.22875
2024_0412_00:49:09 16 -0.0425 0.39875
2024_0412_00:51:02 16 -10.913125 10.520625
2024_0412_00:51:40 16 -0.184375 0.02125
2024_0412_00:51:59 16 -0.531875 1.124375
2024_0412_00:52:13 16 95.908125 22.5875
2024_0412_00:53:06 16 98.635 98.68375
2024_0412_00:53:34 16 98.86 98.92625
2024_0412_00:53:45 16 70.59125 60.45625
2024_0412_00:54:53 16 -0.831875 0.219375
2024_0412_00:55:30 16 64.830625 47.9475
2024_0412_00:55:34 16 36.585 47.3875
2024_0412_00:56:14 16 98.206875 98.23375
2024_0412_00:56:31 16 0.24 0.30375
2024_0412_00:56:36 16 -0.553125 -0.36
2024_0412_00:57:41 16 -8.095 8.005
2024_0412_00:58:33 17 0.410625 -0.938125
2024_0412_00:59:54 17 48.115 86.77875
2024_0412_01:00:33 17 78.63125 78.2625
2024_0412_01:01:03 17 0.405625 0.00875
2024_0412_01:01:05 17 -41.986875 55.143125
2024_0412_01:01:46 17 47.07125 16.498125
2024_0412_01:01:50 17 98.631875 98.779375
2024_0412_01:01:54 17 81.7025 97.995
2024_0412_01:02:30 17 1.46875 -1.474375
2024_0412_01:03:47 17 14.58125 14.945
2024_0412_01:04:21 17 98.9325 -0.24375
2024_0412_01:05:33 17 11.89375 11.925
2024_0412_01:06:11 17 0.26375 1.2475
2024_0412_01:06:29 17 10.416875 1.520625
2024_0412_01:06:48 17 11.204375 -10.5975
2024_0412_01:07:03 17 16.6025 -10.5925
2024_0412_01:09:33 18 98.475 98.52
2024_0412_01:09:36 17 10.176875 -9.65875
2024_0412_01:09:55 18 0.06 0.254375
2024_0412_01:09:56 18 98.233125 98.339375
2024_0412_01:10:01 18 -0.080625 0.145625
2024_0412_01:10:35 18 0.465 0.003125
2024_0412_01:10:36 18 0.084375 0.3475
2024_0412_01:11:58 17 -0.0675 0.089375
2024_0412_01:11:59 18 -19.533125 19.59
2024_0412_01:12:00 18 -4.8975 3.860625
2024_0412_01:13:51 18 12.501875 -12.409375
2024_0412_01:14:34 18 97.0775 97.3875
2024_0412_01:15:17 18 0.039375 -0.04625
2024_0412_01:16:01 18 98.24 98.306875
2024_0412_01:16:04 18 1.63375 0.1775
2024_0412_01:17:32 18 98.343125 98.233125
2024_0412_01:17:40 18 -35.55 33.88125
2024_0412_01:18:23 18 -0.19 -0.409375
2024_0412_01:18:23 18 27.4975 -27.64125
2024_0412_01:19:04 18 -9.70875 9.991875
2024_0412_01:19:19 18 98.9575 98.881875
2024_0412_01:19:41 19 51.893125 -1.84375
2024_0412_01:20:09 18 49.999375 -49.99875
2024_0412_01:20:54 19 -25.8725 49.710625
2024_0412_01:21:02 19 98.09625 98.591875
2024_0412_01:22:09 19 19.89875 -19.989375
2024_0412_01:22:58 19 98.24375 98.27625
2024_0412_01:23:07 19 48.659375 48.011875
2024_0412_01:23:45 19 52.50125 53.10625
2024_0412_01:24:36 20 83.413125 67.523125
2024_0412_01:25:00 20 3.638125 1.469375
2024_0412_01:26:10 20 73.976875 -3.6025
2024_0412_01:26:17 20 7.9325 -8.04875
2024_0412_01:27:07 20 -0.11625 -0.1975
2024_0412_01:27:16 20 98.414375 97.74875
2024_0412_01:28:01 20 -14.4575 15.804375
2024_0412_01:28:15 20 78.57 78.10375
2024_0412_01:28:32 20 3.300625 0.90375
2024_0412_01:29:19 20 0.865625 48.408125
2024_0412_01:29:47 20 1.0825 -0.178125
2024_0412_01:31:28 20 0.00375 -0.000625
2024_0412_01:31:29 20 67.2875 88.95375
2024_0412_01:31:44 20 99.99875 49.999375
2024_0412_01:32:29 14 -3.6525 54.72625
2024_0412_01:32:36 16 -0.385625 0.32
2024_0412_01:32:36 15 98.591875 98.589375
2024_0412_01:33:59 17 98.606875 97.945625
2024_0412_01:34:11 17 13.38875 -13.8525
2024_0412_01:35:05 17 -0.219375 0.215625
2024_0412_01:35:38 17 98.54 98.78
2024_0412_01:35:39 17 75.585 75.225
2024_0412_01:36:12 18 37.205 42.570625
2024_0412_01:44:38 5 98.63 98.71375
2024_0412_01:44:45 3 98.450625 98.535625
2024_0412_01:45:10 8 98.23125 97.991875
2024_0412_01:45:11 11 98.76 98.609375
2024_0412_01:45:11 11 -0.175625 -0.0525
2024_0412_01:45:12 1 98.68125 98.689375
2024_0412_01:45:13 7 98.394375 98.645
2024_0412_01:45:15 4 98.52625 98.53625
2024_0412_01:45:20 2 98.433125 98.4025
2024_0412_01:45:49 9 98.881875 98.859375
2024_0412_01:45:53 6 98.72375 98.615
2024_0412_01:45:55 11 -99.9975 -49.996875
2024_0412_01:45:57 11 98.6425 -21.278125
2024_0412_01:46:04 11 98.526875 98.526875
2024_0412_01:46:10 11 1.6675 1.29
2024_0412_01:47:12 10 98.208125 98.58125
2024_0412_01:53:37 11 0.030625 0.225625
2024_0412_01:53:46 11 98.420625 98.576875
2024_0412_01:54:09 11 98.22625 97.958125
2024_0412_01:54:13 11 -0.281875 -0.498125
2024_0412_01:54:14 11 -0.415 -0.04625
2024_0412_01:54:26 11 -0.0775 -0.15125
2024_0412_01:54:44 11 -0.2475 -0.016875
2024_0412_01:54:45 11 -0.150625 -0.0825
2024_0412_01:54:56 11 0.220625 0.21
2024_0412_01:55:24 11 98.46625 98.710625
2024_0412_01:55:30 12 98.435625 98.4575
2024_0412_01:55:33 12 -22.251875 22.235
2024_0412_01:55:33 11 98.461875 98.495
2024_0412_01:55:49 12 -0.103125 -0.3425
2024_0412_01:56:58 12 -0.1 -0.745625
2024_0412_01:57:36 12 98.486875 98.325625
2024_0412_02:02:29 12 0.25875 -0.06375
2024_0412_02:02:44 12 -0.29 0.13125
2024_0412_02:02:45 12 49.17125 48.795
2024_0412_02:03:11 12 98.906875 98.64
2024_0412_02:03:13 12 47.579375 48.0425
2024_0412_02:03:25 12 98.408125 98.466875
2024_0412_02:03:39 12 -0.025625 -0.03625
2024_0412_02:03:40 12 -0.291875 0.40125
2024_0412_02:03:47 12 98.324375 98.560625
2024_0412_02:04:21 12 0.2025 0.696875
2024_0412_02:05:09 13 0.11 -0.174375
2024_0412_02:05:25 13 35.403125 -9.91875
2024_0412_02:05:25 13 1.039375 1.418125
2024_0412_02:06:40 13 0.389375 -0.050625
2024_0412_02:06:59 13 97.335 98.568125
2024_0412_02:07:39 13 78.648125 78.824375
2024_0412_02:10:48 13 0.301875 -0.339375
2024_0412_02:11:14 13 -0.425 -0.211875
2024_0412_02:11:20 13 -0.67625 -0.23125
2024_0412_02:11:32 13 99.99875 49.999375
2024_0412_02:11:38 13 -99.9975 -99.9975
2024_0412_02:11:39 13 -0.37 -0.42875
2024_0412_02:12:35 13 -0.303125 -0.3925
2024_0412_02:12:59 13 23.64 23.98
2024_0412_02:13:10 13 9.804375 -9.94
2024_0412_02:14:10 13 98.420625 98.40625
2024_0412_02:14:40 13 -0.293125 0.3325
2024_0412_02:15:04 13 98.358125 98.76375
2024_0412_02:15:09 13 97.86375 98.34125
2024_0412_02:15:55 13 98.625 98.750625
2024_0412_02:16:24 13 -0.231875 0.120625
2024_0412_02:18:54 13 98.356875 98.509375
2024_0412_02:19:14 13 0.046875 0.266875
2024_0412_02:19:34 14 0.0725 -0.30125
2024_0412_02:19:46 13 -0.0675 -0.52125
2024_0412_02:19:51 14 34.310625 34.628125
2024_0412_02:20:06 13 98.089375 98.394375
2024_0412_02:20:26 14 24.040625 24.695
2024_0412_02:21:45 14 98.63625 98.406875
2024_0412_02:21:58 14 0.201875 0.189375
2024_0412_02:22:02 14 98.208125 97.70375
2024_0412_02:22:56 14 0.1825 0.01625
2024_0412_02:24:11 14 98.415 98.8725
2024_0412_02:24:36 14 49.99875 -49.999375
2024_0412_02:25:17 14 -19.678125 20.050625
2024_0412_02:25:33 14 47.915625 47.279375
2024_0412_02:26:40 14 -0.281875 0.615625
2024_0412_02:27:39 14 -0.4125 0.418125
2024_0412_02:27:55 14 43.53625 -40.3425
2024_0412_02:28:06 14 98.531875 98.52375
2024_0412_02:28:08 14 -0.046875 -0.1725
2024_0412_02:28:14 14 0.29375 0.208125
2024_0412_02:28:23 14 98.534375 98.51375
2024_0412_02:29:22 14 98.685625 98.655625
2024_0412_02:30:39 14 -0.0075 0.55875
2024_0412_02:31:07 14 -21.511875 21.410625
2024_0412_02:31:27 14 49.986875 -49.98375
2024_0412_02:31:43 14 98.233125 98.444375
2024_0412_02:33:02 14 0.959375 0.190625
2024_0412_02:33:29 15 -0.27625 1.358125
2024_0412_02:34:18 15 98.48125 98.496875
2024_0412_02:35:51 15 0.156875 -0.04625
2024_0412_02:36:21 15 97.034375 98.494375
2024_0412_02:36:37 15 39.88375 39.790625
2024_0412_02:36:39 15 78.8375 78.801875
2024_0412_02:37:37 15 78.79125 78.35875
2024_0412_02:37:43 15 5.575 -0.973125
2024_0412_02:38:34 15 0.549375 0.273125
2024_0412_02:39:44 15 11.560625 10.255
2024_0412_02:40:03 15 36.433125 -26.92625
2024_0412_02:40:19 15 97.858125 98.139375
2024_0412_02:40:33 15 -0.4925 1.18875
2024_0412_02:40:56 15 -0.27375 0.376875
2024_0412_02:41:59 15 96.645625 96.89125
2024_0412_02:42:23 15 48.949375 98.236875
2024_0412_02:43:06 15 -0.0725 0.583125
2024_0412_02:43:57 15 65.28 65.96375
2024_0412_02:45:07 15 8.5625 15.413125
2024_0412_02:45:21 15 1.10125 -0.900625
2024_0412_02:45:32 15 -99.99875 49.999375
2024_0412_02:45:34 15 47.45375 43.196875
2024_0412_02:46:28 16 -2.574375 49.4225
2024_0412_02:46:36 16 98.711875 98.63375
2024_0412_02:48:30 16 -8.518125 36.74875
2024_0412_02:48:44 16 0.301875 9.58875
2024_0412_02:50:03 16 49.9975 -49.99875
2024_0412_02:50:17 16 8.230625 25.125625
2024_0412_02:50:18 16 -0.289375 -0.056875
2024_0412_02:50:46 16 -17.765625 95.69
2024_0412_02:51:12 16 48.966875 49.120625
2024_0412_02:52:08 16 90.148125 71.299375
2024_0412_02:52:13 16 97.965625 98.38375
2024_0412_02:53:36 16 0.575 0.44875
2024_0412_02:53:45 16 11.030625 -6.17625
2024_0412_02:54:24 17 -0.4575 0.36125
2024_0412_02:54:27 16 98.1275 98.081875
2024_0412_02:54:36 17 -0.2525 0.2425
2024_0412_02:55:25 17 11.34 15.38375
2024_0412_02:57:56 17 0.06625 0.393125
2024_0412_02:58:16 17 47.51 58.8375
2024_0412_02:59:33 17 16.27 33.09
2024_0412_02:59:54 17 0.05625 0.340625
2024_0412_03:00:00 17 26.140625 43.55125
2024_0412_03:00:57 17 6.083125 -4.798125
2024_0412_03:01:28 17 64.49125 -6.97375
2024_0412_03:01:54 17 99.583125 -1.73375
2024_0412_03:02:08 17 0.700625 0.12625
2024_0412_03:02:26 17 -0.05625 -0.091875
2024_0412_03:02:32 17 28.455625 59.626875
2024_0412_03:02:55 17 98.51125 98.618125
2024_0412_03:03:02 17 99.698125 -32.095
2024_0412_03:03:23 17 9.293125 -8.699375
2024_0412_03:04:28 17 -0.33 -4.966875
2024_0412_03:06:32 17 98.97375 -0.159375
2024_0412_03:06:57 18 0.10375 0.348125
2024_0412_03:08:43 18 80.785625 44.1225
2024_0412_03:08:58 18 98.518125 98.4975
2024_0412_03:09:00 18 -0.03 0.33125
2024_0412_03:09:05 18 98.338125 97.655
2024_0412_03:10:15 18 46.77625 -43.1475
2024_0412_03:11:04 18 -0.559375 0.061875
2024_0412_03:11:15 18 53.084375 57.293125
2024_0412_03:11:18 18 0.53375 -0.06625
2024_0412_03:11:27 18 -21.24875 22.528125
2024_0412_03:12:13 18 -40.06125 53.54125
2024_0412_03:12:33 18 -8.521875 8.5525
2024_0412_03:12:51 18 -99.9975 -49.99875
2024_0412_03:13:24 18 0.209375 0.226875
2024_0412_03:15:13 18 -0.190625 0.290625
2024_0412_03:15:15 18 78.55875 78.59625
2024_0412_03:16:50 18 13.811875 13.498125
2024_0412_03:17:23 18 78.070625 77.596875
2024_0412_03:17:47 18 -0.12375 0.14875
2024_0412_03:18:06 19 98.083125 98.535
2024_0412_03:19:24 19 98.648125 98.443125
2024_0412_03:19:37 19 -1.52 7.43
2024_0412_03:19:40 19 -0.066875 -0.07
2024_0412_03:19:45 19 -2.991875 10.885625
2024_0412_03:20:32 18 -99.998125 99.995625
2024_0412_03:20:33 19 -6.7075 34.151875
2024_0412_03:21:00 19 25.156875 -24.815
2024_0412_03:21:29 19 -4.34125 41.0925
2024_0412_03:22:32 19 48.424375 -2.676875
2024_0412_03:22:51 19 0.226875 -0.10375
2024_0412_03:24:00 19 54.809375 71.123125
2024_0412_03:24:02 19 10.19375 -9.645625
2024_0412_03:25:54 20 53.919375 78.41625
2024_0412_03:26:27 20 76.82 76.948125
2024_0412_03:26:33 20 48.659375 49.52
2024_0412_03:27:53 20 0.6125 -0.075625
2024_0412_03:27:54 20 -0.276875 0.021875
2024_0412_03:27:57 20 16.3475 17.368125
2024_0412_03:28:40 20 97.2075 97.0375
2024_0412_03:29:44 20 10.379375 -10.2375
2024_0412_03:31:52 20 -60.1175 63.534375
2024_0412_03:31:57 20 94.614375 89.27125
2024_0412_03:32:23 15 46.0475 47.42375
2024_0412_03:32:44 16 49.045625 -1.485
2024_0412_03:33:13 15 -0.006875 -0.403125
2024_0412_03:33:29 16 98.82375 97.53625
2024_0412_03:34:16 18 0.233125 -0.273125
2024_0412_03:34:23 16 48.981875 49.079375
2024_0412_03:34:26 17 41.64875 0.418125
2024_0412_03:34:41 17 7.010625 -7.25
2024_0412_03:34:55 18 19.569375 -19.960625
2024_0412_03:35:50 20 16.679375 16.316875
2024_0412_03:35:51 20 0.22625 -0.164375
2024_0412_03:36:28 20 98.2025 48.646875
2024_0412_03:44:52 2 98.693125 98.38125
2024_0412_03:45:23 8 98.51125 98.645625
2024_0412_03:45:27 3 98.48875 97.845625
2024_0412_03:45:31 4 48.97 98.47375
2024_0412_03:45:32 9 98.68 98.640625
2024_0412_03:45:35 1 98.650625 98.674375
2024_0412_03:45:38 5 98.699375 98.655625
2024_0412_03:45:39 6 98.681875 98.67875
2024_0412_03:46:07 11 0.331875 0.276875
2024_0412_03:46:11 11 0.315 0.065625
2024_0412_03:46:11 11 98.429375 98.603125
2024_0412_03:46:12 11 49.999375 -99.99875
2024_0412_03:46:12 10 98.666875 98.774375
2024_0412_03:46:13 7 98.55 98.49125
2024_0412_03:46:25 11 -0.0475 0.29375
2024_0412_03:48:00 11 -0.489375 46.07625
2024_0412_03:53:46 11 0.1075 0.21875
2024_0412_03:54:16 11 -20.865625 98.029375
2024_0412_03:54:23 11 -0.69875 -0.406875
2024_0412_03:54:29 11 98.64375 98.68625
2024_0412_03:54:31 11 98.826875 98.860625
2024_0412_03:54:44 11 97.03125 98.4975
2024_0412_03:54:49 11 98.46875 98.389375
2024_0412_03:54:59 11 98.14125 49.0025
2024_0412_03:55:03 11 0.0575 -0.128125
2024_0412_03:55:36 11 -0.045 0.035
2024_0412_03:55:50 11 0.32 0.176875
2024_0412_03:55:50 11 -0.506875 -0.333125
2024_0412_03:56:02 11 -0.25 0.215
2024_0412_03:56:06 11 0.231875 -0.205
2024_0412_03:57:23 11 98.375 98.384375
2024_0412_03:57:42 11 -0.280625 -0.089375
2024_0412_04:02:46 11 98.40375 98.510625
2024_0412_04:03:12 12 98.691875 98.6475
2024_0412_04:03:14 12 0.313125 -0.005
2024_0412_04:03:20 11 -0.24875 -0.06125
2024_0412_04:03:32 11 98.363125 98.266875
2024_0412_04:03:36 11 0.2025 0.45
2024_0412_04:04:07 11 98.516875 98.5125
2024_0412_04:04:32 12 -0.14375 -0.11
2024_0412_04:04:41 12 98.38 98.79125
2024_0412_04:05:12 12 0.079375 0.245625
2024_0412_04:05:31 12 -0.281875 0.310625
2024_0412_04:05:40 12 98.885 98.9175
2024_0412_04:05:45 12 19.71625 19.740625
2024_0412_04:06:46 12 0.438125 -0.079375
2024_0412_04:06:51 12 -0.0975 -0.016875
2024_0412_04:07:06 12 98.4 98.348125
2024_0412_04:10:52 12 -0.325625 0.285
2024_0412_04:11:36 12 0.4325 0.27375
2024_0412_04:11:49 12 98.694375 98.688125
2024_0412_04:11:58 12 0.18875 0.0775
2024_0412_04:12:06 12 99.9975 49.99875
2024_0412_04:12:12 12 98.545 98.42125
2024_0412_04:13:25 12 -0.15375 -0.27375
2024_0412_04:13:38 12 98.58875 98.48875
2024_0412_04:14:01 12 0.289375 0.058125
2024_0412_04:14:34 12 98.696875 98.71
2024_0412_04:14:54 13 98.388125 98.381875
2024_0412_04:15:23 12 98.4125 98.599375
2024_0412_04:15:55 13 98.658125 98.695
2024_0412_04:16:21 13 -49.999375 -99.99875
2024_0412_04:16:47 13 98.76375 98.65
2024_0412_04:17:00 12 17.325625 16.405625
2024_0412_04:19:43 13 0.18875 0.175625
2024_0412_04:19:54 13 -0.088125 0.343125
2024_0412_04:20:13 13 98.21625 98.279375
2024_0412_04:20:15 13 42.4025 -10.371875
2024_0412_04:20:25 13 79.06 78.641875
2024_0412_04:20:33 13 99.9975 99.995
2024_0412_04:22:16 13 -0.804375 -0.165625
2024_0412_04:22:50 13 98.145625 49.42875
2024_0412_04:23:44 13 98.6825 98.676875
2024_0412_04:23:59 13 97.82125 90.245625
2024_0412_04:24:07 13 -7.85625 15.7425
2024_0412_04:24:16 13 -0.06375 -0.221875
2024_0412_04:25:38 13 49.99875 99.9975
2024_0412_04:26:04 13 47.26 49.369375
2024_0412_04:26:23 13 98.36375 97.229375
2024_0412_04:27:50 13 10.22375 -9.67875
2024_0412_04:28:22 13 0.305 0.28625
2024_0412_04:28:24 13 78.311875 78.84625
2024_0412_04:28:37 13 97.566875 97.94375
2024_0412_04:28:40 13 98.396875 98.34375
2024_0412_04:28:47 13 -0.17625 -0.2575
2024_0412_04:28:49 13 -3.246875 49.04
2024_0412_04:31:47 13 -25.09125 24.8225
2024_0412_04:32:30 13 -0.20125 -0.001875
2024_0412_04:32:31 13 0.071875 0.020625
2024_0412_04:33:05 13 -0.085625 1.970625
2024_0412_04:33:15 13 98.65125 98.67625
2024_0412_04:33:44 13 48.953125 49.05625
2024_0412_04:35:19 13 9.99375 -10.498125
2024_0412_04:35:23 13 -0.160625 -0.235
2024_0412_04:35:55 13 0.3775 -0.2825
2024_0412_04:36:33 13 10.206875 -8.908125
2024_0412_04:36:34 13 -6.59 98.0475
2024_0412_04:36:37 13 0.169375 0.341875
2024_0412_04:37:26 14 -49.998125 -99.99625
2024_0412_04:37:27 13 -0.251875 0.0675
2024_0412_04:37:36 14 -10.5625 9.56125
2024_0412_04:38:31 14 -0.0625 0.260625
2024_0412_04:41:13 14 1.285625 -0.095625
2024_0412_04:41:21 14 98.483125 98.53625
2024_0412_04:41:52 14 -13.93375 13.575625
2024_0412_04:42:04 14 79.1075 78.82
2024_0412_04:42:40 14 98.2425 98.036875
2024_0412_04:42:44 14 0.115 0.155625
2024_0412_04:44:01 14 98.41625 98.480625
2024_0412_04:44:13 14 98.356875 96.235
2024_0412_04:44:16 14 0.434375 -0.070625
2024_0412_04:44:52 14 0.211875 -0.334375
2024_0412_04:45:18 14 98.445 98.478125
2024_0412_04:45:37 14 98.369375 98.44875
2024_0412_04:45:42 14 0.009375 -0.359375
2024_0412_04:45:50 14 14.925625 16.259375
2024_0412_04:49:40 14 0.678125 -0.46
2024_0412_04:50:03 14 98.516875 98.62125
2024_0412_04:50:56 14 98.080625 97.958125
2024_0412_04:51:22 14 -0.0875 0.271875
2024_0412_04:51:36 14 47.04125 47.640625
2024_0412_04:52:21 14 98.586875 98.3925
2024_0412_04:52:43 14 48.254375 27.451875
2024_0412_04:53:13 14 98.456875 98.534375
2024_0412_04:53:44 14 -0.02375 0.135
2024_0412_04:53:50 14 -0.12875 0.265
2024_0412_04:53:51 14 -0.06625 -0.240625
2024_0412_04:54:05 14 98.6275 98.6375
2024_0412_04:54:07 14 98.426875 98.223125
2024_0412_04:54:25 14 15.57625 18.05625
2024_0412_04:54:29 14 43.08125 43.541875
2024_0412_04:55:52 14 98.579375 98.5075
2024_0412_04:58:48 15 -0.243125 -0.135
2024_0412_04:59:47 15 2.95125 -1.719375
2024_0412_05:00:41 15 -0.154375 0.29875
2024_0412_05:00:57 14 -0.1225 -0.02375
2024_0412_05:01:01 15 49.9975 -50.0
2024_0412_05:01:17 15 98.136875 98.113125
2024_0412_05:01:50 15 -0.134375 -0.18
2024_0412_05:02:12 15 49.99875 -49.999375
2024_0412_05:02:31 15 -10.041875 10.068125
2024_0412_05:02:33 15 0.08625 0.6375
2024_0412_05:02:38 15 -0.21625 0.385
2024_0412_05:02:58 15 0.558125 -0.015
2024_0412_05:03:00 15 15.73625 39.26
2024_0412_05:03:09 15 75.140625 72.469375
2024_0412_05:04:40 15 0.74375 0.063125
2024_0412_05:07:31 15 0.399375 -0.271875
2024_0412_05:07:34 15 -0.9525 -0.35375
2024_0412_05:08:37 15 -0.040625 -0.131875
2024_0412_05:09:25 15 -0.04 0.099375
2024_0412_05:09:43 15 -0.280625 -0.2
2024_0412_05:09:51 15 98.59625 98.853125
2024_0412_05:10:03 15 0.29625 -0.046875
2024_0412_05:10:12 15 98.6075 98.510625
2024_0412_05:10:29 15 -0.44125 -0.0975
2024_0412_05:10:33 15 0.795 1.596875
2024_0412_05:11:22 15 98.580625 98.421875
2024_0412_05:11:45 15 19.06 18.47125
2024_0412_05:11:50 15 1.645 1.736875
2024_0412_05:12:16 15 98.5175 92.515625
2024_0412_05:12:43 15 84.72875 70.793125
2024_0412_05:14:08 15 97.17125 98.61875
2024_0412_05:16:19 15 -0.20375 0.534375
2024_0412_05:17:49 15 98.463125 98.613125
2024_0412_05:18:15 15 0.276875 0.026875
2024_0412_05:18:21 15 98.51 98.4575
2024_0412_05:18:32 16 6.76375 1.87
2024_0412_05:18:46 16 16.615 6.330625
2024_0412_05:18:55 16 80.821875 93.81875
2024_0412_05:19:17 16 97.73375 98.355
2024_0412_05:19:20 16 92.54375 92.79
2024_0412_05:20:09 16 0.115 -0.243125
2024_0412_05:20:37 16 98.3225 98.28125
2024_0412_05:20:42 16 98.34625 98.425625
2024_0412_05:21:33 16 98.604375 98.638125
2024_0412_05:22:50 16 33.100625 14.123125
2024_0412_05:22:53 16 98.356875 98.1475
2024_0412_05:24:16 16 98.42625 97.3675
2024_0412_05:25:57 16 -0.116875 -0.025
2024_0412_05:26:57 16 -0.120625 -0.00375
2024_0412_05:27:13 16 98.26 98.0175
2024_0412_05:27:32 16 -5.76375 79.078125
2024_0412_05:27:44 16 11.018125 10.058125
2024_0412_05:27:46 16 41.346875 42.593125
2024_0412_05:28:00 16 17.3025 12.66125
2024_0412_05:28:02 16 10.0725 -10.165
2024_0412_05:28:54 16 98.540625 98.4275
2024_0412_05:29:44 16 96.9425 96.7275
2024_0412_05:30:06 16 -0.385 -0.2125
2024_0412_05:30:57 17 15.874375 15.749375
2024_0412_05:30:59 16 98.78125 98.625
2024_0412_05:31:39 17 98.50875 98.520625
2024_0412_05:33:22 17 63.45875 2.481875
2024_0412_05:34:09 17 11.074375 -9.599375
2024_0412_05:35:43 17 -0.075625 -0.009375
2024_0412_05:35:51 17 80.364375 85.430625
2024_0412_05:36:00 17 98.530625 98.436875
2024_0412_05:36:03 17 16.581875 -16.615
2024_0412_05:36:04 17 98.325 98.5425
2024_0412_05:36:36 17 49.249375 97.906875
2024_0412_05:36:45 17 0.175 0.2
2024_0412_05:37:14 17 96.30125 98.73
2024_0412_05:37:30 17 98.626875 98.780625
2024_0412_05:38:20 17 -0.043125 -0.34875
2024_0412_05:38:59 17 -0.150625 0.029375
2024_0412_05:39:13 17 44.485625 44.99875
2024_0412_05:39:49 17 98.251875 98.3375
2024_0412_05:40:23 17 -0.42625 -0.4625
2024_0412_05:42:24 17 98.515 98.45125
2024_0412_05:42:52 17 -0.204375 -0.565625
2024_0412_05:44:09 17 24.428125 31.0525
2024_0412_05:44:47 17 98.71625 98.688125
2024_0412_05:44:54 17 98.628125 98.811875
2024_0412_05:45:11 17 0.104375 0.34625
2024_0412_05:45:30 17 3.98875 45.121875
2024_0412_05:45:33 17 0.0625 -0.405
2024_0412_05:45:34 17 94.935625 97.810625
2024_0412_05:45:56 17 0.82375 -0.97375
2024_0412_05:46:35 17 98.756875 97.82125
2024_0412_05:47:24 18 -0.03375 0.06375
2024_0412_05:48:20 17 96.889375 98.6525
2024_0412_05:48:34 18 49.2275 48.7225
2024_0412_05:49:40 18 -3.12375 4.31625
2024_0412_05:49:51 17 98.365625 98.480625
2024_0412_05:50:37 18 98.451875 98.1725
2024_0412_05:51:40 18 98.485 98.416875
2024_0412_05:52:57 18 -0.018125 0.159375
2024_0412_05:53:16 18 -9.750625 9.77375
2024_0412_05:53:46 18 98.7425 98.683125
2024_0412_05:54:01 18 0.289375 0.04
2024_0412_05:54:21 18 0.750625 0.434375
2024_0412_05:54:22 18 -0.3375 0.5125
2024_0412_05:54:43 18 -1.2725 5.260625
2024_0412_05:55:07 18 49.010625 98.89375
2024_0412_05:55:19 18 1.6975 2.156875
2024_0412_05:55:45 18 3.878125 -3.98
2024_0412_05:57:13 18 98.429375 49.153125
2024_0412_05:57:23 18 -10.956875 10.4725
2024_0412_05:58:36 18 0.20875 1.575625
2024_0412_05:58:52 18 82.305 12.203125
2024_0412_06:00:03 18 -33.21125 33.326875
2024_0412_06:00:33 18 7.721875 6.319375
2024_0412_06:01:28 18 -0.089375 0.2625
2024_0412_06:01:49 18 98.811875 98.554375
2024_0412_06:02:04 18 -0.4875 0.691875
2024_0412_06:02:55 18 98.626875 98.71875
2024_0412_06:02:57 18 98.536875 98.943125
2024_0412_06:03:44 18 94.529375 98.074375
2024_0412_06:03:56 18 23.618125 16.055
2024_0412_06:04:07 18 -0.038125 -1.180625
2024_0412_06:04:14 18 97.565 97.7825
2024_0412_06:06:14 18 1.15875 0.63875
2024_0412_06:06:21 19 47.948125 70.905625
2024_0412_06:06:40 18 94.67625 98.415
2024_0412_06:07:27 19 97.884375 97.64125
2024_0412_06:07:50 19 49.895625 3.58
2024_0412_06:09:24 19 -99.9975 49.998125
2024_0412_06:09:41 19 -0.97375 0.965625
2024_0412_06:10:14 19 17.04 -16.8675
2024_0412_06:10:48 19 -49.999375 -99.9975
2024_0412_06:10:58 19 45.85 -45.856875
2024_0412_06:12:00 19 72.925625 2.22875
2024_0412_06:12:22 19 57.77 -57.948125
2024_0412_06:12:36 19 -43.750625 43.753125
2024_0412_06:12:46 19 -0.254375 -0.0475
2024_0412_06:12:48 19 -32.55 32.2275
2024_0412_06:13:00 19 98.305 98.24125
2024_0412_06:15:01 19 -0.145 0.616875
2024_0412_06:15:12 19 98.584375 98.824375
2024_0412_06:16:06 19 0.016875 0.08875
2024_0412_06:16:47 19 -0.239375 -0.518125
2024_0412_06:18:00 20 0.1875 0.0625
2024_0412_06:18:12 20 -8.355625 8.47375
2024_0412_06:18:39 20 98.68625 98.723125
2024_0412_06:19:02 20 98.42375 97.84625
2024_0412_06:20:42 20 96.2925 98.545625
2024_0412_06:21:35 20 0.416875 0.2
2024_0412_06:21:42 20 -0.205625 -0.1375
2024_0412_06:22:22 20 11.125 10.343125
2024_0412_06:22:30 20 98.389375 98.55625
2024_0412_06:23:11 20 98.70875 98.7675
2024_0412_06:24:03 20 12.356875 -13.018125
2024_0412_06:24:11 20 0.13375 0.18375
2024_0412_06:24:53 20 0.189375 -0.236875
2024_0412_06:25:14 20 48.430625 -0.480625
2024_0412_06:25:44 20 -0.280625 0.526875
2024_0412_06:26:06 20 -0.48625 0.154375
2024_0412_06:26:19 20 48.550625 99.15375
2024_0412_06:26:45 14 0.42625 0.42875
2024_0412_06:26:58 14 98.168125 98.09375
2024_0412_06:27:10 14 0.191875 0.293125
2024_0412_06:29:31 15 16.71625 14.96
2024_0412_06:30:13 15 40.1925 7.625625
2024_0412_06:31:14 16 98.63625 98.671875
2024_0412_06:31:41 19 -0.089375 0.184375
2024_0412_06:32:22 18 -0.15125 0.243125
2024_0412_06:32:49 20 98.616875 98.445
2024_0412_06:37:04 20 4.92 27.62625
2024_0412_06:38:10 20 98.690625 98.716875
2024_0412_06:46:38 4 97.84 98.369375
2024_0412_06:47:10 7 98.425625 98.3025
2024_0412_06:47:11 3 98.30375 98.57375
2024_0412_06:47:12 1 98.7225 98.62125
2024_0412_06:47:16 4 48.9475 97.580625
2024_0412_06:47:16 4 98.51 98.481875
2024_0412_06:47:23 2 98.6 96.884375
2024_0412_06:47:31 11 16.47875 17.048125
2024_0412_06:47:38 10 98.880625 98.703125
2024_0412_06:47:50 9 98.89 98.939375
2024_0412_06:47:51 4 49.0225 98.439375
2024_0412_06:47:52 4 98.451875 98.52375
2024_0412_06:47:57 2 49.028125 98.44
2024_0412_06:48:00 6 98.65625 98.6975
2024_0412_06:50:23 8 98.46625 98.3525
2024_0412_06:54:57 11 98.44875 98.57375
2024_0412_06:55:27 11 0.523125 -0.080625
2024_0412_06:55:30 11 98.659375 98.065
2024_0412_06:56:07 11 0.11125 0.46375
2024_0412_06:56:11 11 -0.5475 0.216875
2024_0412_06:56:15 11 -10.43 62.984375
2024_0412_06:56:27 11 -0.51375 -0.111875
2024_0412_06:56:29 11 98.31375 98.43125
2024_0412_06:56:47 11 98.631875 98.693125
2024_0412_06:56:51 11 98.675625 98.725
2024_0412_06:57:01 11 98.67875 98.69625
2024_0412_06:57:12 11 98.58125 98.748125
2024_0412_06:57:23 11 0.08 0.121875
2024_0412_06:57:27 11 -0.038125 0.585625
2024_0412_06:57:31 11 -49.99875 99.99875
2024_0412_07:02:23 11 -0.091875 0.193125
2024_0412_07:04:20 11 98.613125 98.094375
2024_0412_07:04:26 11 -0.07875 -0.003125
2024_0412_07:04:28 11 99.99875 99.99875
2024_0412_07:05:11 11 -0.0575 -0.06125
2024_0412_07:05:12 11 98.65 98.725
2024_0412_07:05:21 11 -99.99875 -49.999375
2024_0412_07:05:23 11 -0.17875 0.131875
2024_0412_07:05:45 11 98.42875 98.569375
2024_0412_07:05:48 11 0.04 0.004375
2024_0412_07:06:13 11 -0.10125 0.166875
2024_0412_07:06:15 11 0.011875 0.2425
2024_0412_07:06:18 11 0.17375 -0.12875
2024_0412_07:06:41 11 94.806875 98.433125
2024_0412_07:06:51 11 98.554375 98.38875
2024_0412_07:07:03 11 98.37875 98.45125
2024_0412_07:11:19 11 98.685 98.76625
2024_0412_07:12:20 11 0.055 -0.070625
2024_0412_07:13:14 11 0.060625 -0.3675
2024_0412_07:13:30 11 -0.3475 -0.0675
2024_0412_07:14:05 11 0.27 -0.08375
2024_0412_07:14:10 11 -0.429375 0.108125
2024_0412_07:14:18 11 98.455 98.390625
2024_0412_07:15:04 11 98.56375 98.554375
2024_0412_07:15:14 11 0.439375 -0.051875
2024_0412_07:15:23 11 98.020625 98.531875
2024_0412_07:15:44 11 98.705 98.5675
2024_0412_07:15:52 11 98.556875 98.37
2024_0412_07:15:53 11 0.001875 0.113125
2024_0412_07:16:36 11 -0.354375 -0.061875
2024_0412_07:16:37 11 0.246875 -0.375
2024_0412_07:16:43 11 47.559375 49.234375
2024_0412_07:20:53 11 -0.035625 0.05375
2024_0412_07:21:07 11 0.43125 -0.358125
2024_0412_07:21:37 11 -0.053125 -0.07
2024_0412_07:22:04 11 99.99875 99.9975
2024_0412_07:22:56 11 -0.268125 -0.5675
2024_0412_07:23:04 11 0.09 0.049375
2024_0412_07:23:16 11 98.588125 98.238125
2024_0412_07:24:25 11 -0.01125 -0.0325
2024_0412_07:24:41 11 0.085625 -0.15625
2024_0412_07:25:07 11 -0.10625 -0.335
2024_0412_07:25:15 11 99.99625 -49.998125
2024_0412_07:25:24 11 0.35125 -0.0475
2024_0412_07:25:40 11 -0.021875 0.00875
2024_0412_07:25:46 11 14.62875 48.5225
2024_0412_07:26:17 11 -0.071875 0.17
2024_0412_07:28:27 11 -0.323125 -0.273125
2024_0412_07:30:02 11 0.165 -0.038125
2024_0412_07:30:25 11 98.40875 98.59
2024_0412_07:30:41 11 98.004375 98.523125
2024_0412_07:30:55 11 -0.025 0.038125
2024_0412_07:31:36 11 98.678125 98.541875
2024_0412_07:31:41 11 -0.148125 0.211875
2024_0412_07:31:59 11 -0.45125 -0.01125
2024_0412_07:33:51 11 45.880625 -0.201875
2024_0412_07:34:00 11 98.63375 98.700625
2024_0412_07:34:05 11 98.4925 98.59125
2024_0412_07:34:21 11 0.066875 0.42125
2024_0412_07:34:40 11 -50.0 50.0
2024_0412_07:35:08 11 0.106875 0.33
2024_0412_07:35:10 11 98.514375 98.494375
2024_0412_07:36:01 11 -49.999375 -49.99875
2024_0412_07:38:50 11 -0.308125 0.105
2024_0412_07:38:54 11 0.105625 0.645
2024_0412_07:39:54 11 0.26 0.473125
2024_0412_07:40:02 11 -0.036875 0.315625
2024_0412_07:40:16 11 97.915625 98.4225
2024_0412_07:40:27 11 98.305625 98.476875
2024_0412_07:40:32 11 0.06 -0.0325
2024_0412_07:40:43 11 15.21375 48.350625
2024_0412_07:43:12 11 0.32125 -0.521875
2024_0412_07:43:28 11 49.999375 -49.999375
2024_0412_07:43:31 11 -0.545 0.370625
2024_0412_07:43:42 11 -0.58375 0.11375
2024_0412_07:43:57 11 98.58625 98.731875
2024_0412_07:44:05 11 0.154375 -0.189375
2024_0412_07:44:34 11 -0.143125 -0.008125
2024_0412_07:45:35 11 -0.303125 0.135625
2024_0412_07:47:55 11 97.85625 97.860625
2024_0412_07:48:01 11 -0.06125 0.546875
2024_0412_07:48:37 11 98.665 98.611875
2024_0412_07:48:43 11 98.586875 98.480625
2024_0412_07:48:49 11 0.2025 0.014375
2024_0412_07:49:25 11 98.8225 99.055625
2024_0412_07:49:34 11 98.7025 98.79875
2024_0412_07:51:27 11 0.07625 0.256875
2024_0412_07:52:01 11 98.706875 98.686875
2024_0412_07:52:56 11 0.0875 -0.216875
2024_0412_07:53:01 11 98.705 98.70125
2024_0412_07:53:07 11 98.288125 98.44875
2024_0412_07:53:25 11 0.2175 -0.106875
2024_0412_07:53:27 11 -0.189375 0.048125
2024_0412_07:54:02 11 -0.31 -0.146875
2024_0412_07:54:58 11 98.51125 98.51875
2024_0412_07:56:43 11 -0.596875 -0.08875
2024_0412_07:56:50 11 97.96375 98.549375
2024_0412_07:57:28 11 0.019375 -0.24125
2024_0412_07:57:33 11 98.648125 98.725625
2024_0412_07:57:42 11 98.33 98.604375
2024_0412_07:58:07 11 96.965625 98.413125
2024_0412_07:58:31 11 0.066875 -0.0475
2024_0412_08:01:20 11 -0.055625 -0.310625
2024_0412_08:01:40 11 -0.015625 -0.235625
2024_0412_08:02:06 11 0.3625 0.505625
2024_0412_08:02:31 11 -49.999375 -49.999375
2024_0412_08:02:35 11 -0.013125 0.291875
2024_0412_08:02:54 11 47.838125 14.721875
2024_0412_08:02:56 11 -50.0 99.999375
2024_0412_08:03:35 11 98.725 98.723125
2024_0412_08:04:17 11 -0.20125 -0.348125
2024_0412_08:05:30 11 -0.36875 0.105625
2024_0412_08:05:46 11 2.488125 1.754375
2024_0412_08:06:23 11 98.44875 98.484375
2024_0412_08:06:28 11 -0.245 0.116875
2024_0412_08:06:35 11 -0.1075 -0.314375
2024_0412_08:07:20 11 49.999375 -49.999375
2024_0412_08:07:41 11 -0.18375 -0.05625
2024_0412_08:10:42 12 0.13375 -0.26875
2024_0412_08:10:49 11 0.115625 -0.44
2024_0412_08:11:54 12 49.999375 49.99875
2024_0412_08:11:59 12 -99.9975 -49.99875
2024_0412_08:12:19 12 49.999375 99.995
2024_0412_08:12:46 12 98.861875 98.919375
2024_0412_08:12:57 12 0.873125 1.8525
2024_0412_08:13:06 12 98.640625 98.499375
2024_0412_08:13:39 12 98.44625 98.614375
2024_0412_08:13:40 12 98.636875 98.643125
2024_0412_08:14:35 12 18.663125 71.2325
2024_0412_08:14:38 12 -0.0575 -0.45375
2024_0412_08:15:13 12 -0.388125 46.504375
2024_0412_08:15:18 12 16.55 51.256875
2024_0412_08:16:10 12 -100.0 100.0
2024_0412_08:16:17 12 -0.258125 0.254375
2024_0412_08:19:30 12 98.429375 98.365625
2024_0412_08:20:17 12 0.086875 -0.2125
2024_0412_08:21:20 12 98.516875 98.56125
2024_0412_08:21:27 12 98.570625 49.019375
2024_0412_08:21:32 12 -0.14375 0.324375
2024_0412_08:21:41 12 98.643125 98.78875
2024_0412_08:21:49 12 0.668125 0.94375
2024_0412_08:22:23 12 0.5 0.35375
2024_0412_08:22:41 12 98.538125 98.565625
2024_0412_08:23:10 12 98.161875 98.06
2024_0412_08:23:20 12 98.9325 98.865625
2024_0412_08:23:26 12 -0.2175 -0.178125
2024_0412_08:23:59 12 98.85875 98.81875
2024_0412_08:24:56 12 -0.32625 0.409375
2024_0412_08:25:00 12 -0.039375 -0.1
2024_0412_08:25:33 12 0.286875 -0.31125
2024_0412_08:28:12 12 0.311875 1.46875
2024_0412_08:29:01 12 0.005625 -0.27625
2024_0412_08:29:58 12 71.106875 70.10625
2024_0412_08:30:03 12 -0.77 -0.04
2024_0412_08:30:23 12 -0.07625 0.2075
2024_0412_08:30:57 12 98.49 98.556875
2024_0412_08:31:09 12 96.349375 99.231875
2024_0412_08:31:15 12 -0.084375 -0.56125
2024_0412_08:31:20 12 0.055 -0.1975
2024_0412_08:31:25 12 78.648125 78.88
2024_0412_08:32:19 12 98.533125 98.476875
2024_0412_08:32:24 12 98.315 98.47125
2024_0412_08:32:55 12 98.25125 98.023125
2024_0412_08:33:08 12 -0.3325 -0.19
2024_0412_08:34:23 12 99.02375 99.319375
2024_0412_08:35:49 12 98.658125 98.593125
2024_0412_08:37:04 12 78.776875 78.64625
2024_0412_08:38:28 12 98.375625 98.47875
2024_0412_08:38:45 12 98.520625 55.38875
2024_0412_08:38:58 12 98.656875 98.695
2024_0412_08:39:11 12 0.16625 -0.350625
2024_0412_08:39:19 12 -0.32375 0.216875
2024_0412_08:40:27 12 -0.47375 72.50875
2024_0412_08:40:39 12 98.144375 98.566875
2024_0412_08:40:41 12 47.6275 47.63375
2024_0412_08:40:49 12 98.444375 98.415
2024_0412_08:41:09 12 98.420625 95.880625
2024_0412_08:41:19 12 0.030625 -0.1625
2024_0412_08:41:23 12 -0.68875 -0.06625
2024_0412_08:43:11 12 -0.069375 -0.279375
2024_0412_08:43:45 12 98.368125 96.834375
2024_0412_08:45:14 12 -0.173125 0.118125
2024_0412_08:46:37 12 98.74875 98.725
2024_0412_08:47:11 12 0.003125 0.181875
2024_0412_08:47:23 12 -0.18625 -0.389375
2024_0412_08:47:32 12 98.580625 98.5725
2024_0412_08:47:47 12 23.390625 23.891875
2024_0412_08:47:52 12 -0.164375 -0.054375
2024_0412_08:48:53 12 -0.304375 -0.386875
2024_0412_08:49:15 12 98.52875 98.303125
2024_0412_08:49:17 12 -0.02375 -0.475
2024_0412_08:49:28 12 97.905625 98.546875
2024_0412_08:50:13 12 97.865 98.4
2024_0412_08:50:15 12 98.72125 98.683125
2024_0412_08:50:16 12 -0.436875 0.54625
2024_0412_08:53:13 12 98.776875 47.803125
2024_0412_08:54:03 12 98.455625 98.5475
2024_0412_08:55:02 12 -0.068125 0.29125
2024_0412_08:56:03 12 -0.113125 0.029375
2024_0412_08:56:10 12 0.108125 0.300625
2024_0412_08:56:36 12 -49.99875 49.99875
2024_0412_08:56:43 12 98.676875 98.765
2024_0412_08:57:04 12 98.53125 98.390625
2024_0412_08:57:30 12 0.32875 -0.076875
2024_0412_08:57:45 12 -49.99875 -99.999375
2024_0412_08:58:11 12 98.624375 98.575
2024_0412_08:58:27 12 98.65125 98.6625
2024_0412_08:58:47 12 98.579375 98.554375
2024_0412_08:58:57 12 98.1975 98.486875
2024_0412_08:59:05 12 -99.9975 99.9975
2024_0412_08:59:43 12 98.435 98.221875
2024_0412_09:02:44 12 98.653125 98.62
2024_0412_09:03:31 12 99.0125 98.859375
2024_0412_09:04:53 12 98.3 98.3525
2024_0412_09:05:10 12 -45.595625 50.265625
2024_0412_09:05:19 12 -55.316875 59.5875
2024_0412_09:05:53 12 49.831875 49.796875
2024_0412_09:06:01 12 98.653125 98.675625
2024_0412_09:06:18 12 73.43625 90.516875
2024_0412_09:06:18 12 98.486875 98.556875
2024_0412_09:06:24 12 35.254375 -34.815
2024_0412_09:06:35 12 0.189375 0.185625
2024_0412_09:06:52 12 98.133125 99.31375
2024_0412_09:07:27 12 -0.18375 0.061875
2024_0412_09:07:45 12 98.775 98.595625
2024_0412_09:07:57 12 50.0 49.99875
2024_0412_09:08:34 12 1.871875 0.34875
2024_0412_09:12:02 12 -20.84625 98.81875
2024_0412_09:12:56 12 44.595625 -7.58125
2024_0412_09:13:21 13 98.606875 98.395
2024_0412_09:14:22 12 98.46375 98.406875
2024_0412_09:14:34 13 98.073125 98.5425
2024_0412_09:14:39 13 98.648125 98.699375
2024_0412_09:14:42 13 0.014375 -0.013125
2024_0412_09:14:49 13 97.858125 23.319375
2024_0412_09:14:50 13 98.394375 98.43875
2024_0412_09:15:49 13 17.10625 17.2575
2024_0412_09:15:50 13 0.024375 -0.19875
2024_0412_09:16:26 13 -0.175625 0.15875
2024_0412_09:16:50 13 47.595625 47.85375
2024_0412_09:16:55 13 48.05 48.028125
2024_0412_09:18:03 13 21.695625 73.00125
2024_0412_09:18:44 13 -49.876875 49.91
2024_0412_09:21:05 13 -8.240625 7.760625
2024_0412_09:21:46 13 -0.71875 -0.139375
2024_0412_09:22:29 13 0.3025 -0.13375
2024_0412_09:22:49 13 0.258125 -0.59625
2024_0412_09:22:52 13 98.4225 98.23
2024_0412_09:23:42 13 47.465625 47.7275
2024_0412_09:23:50 13 -0.36625 -0.115625
2024_0412_09:24:14 13 -49.99875 -49.999375
2024_0412_09:24:19 13 1.0275 1.20125
2024_0412_09:24:38 13 0.144375 0.51625
2024_0412_09:24:39 13 0.213125 0.195
2024_0412_09:25:08 13 78.71375 78.2375
2024_0412_09:25:11 13 0.1825 -0.12875
2024_0412_09:26:24 13 -1.289375 98.088125
2024_0412_09:26:42 13 -0.035625 0.03625
2024_0412_09:29:06 13 0.17625 -0.215
2024_0412_09:30:37 13 16.45125 16.455625
2024_0412_09:30:42 13 0.011875 -0.315
2024_0412_09:30:59 13 0.06375 0.250625
2024_0412_09:31:00 13 -0.094375 0.171875
2024_0412_09:31:58 13 98.538125 98.50375
2024_0412_09:32:30 13 98.9375 98.848125
2024_0412_09:32:43 13 98.928125 98.90875
2024_0412_09:33:07 13 98.54125 98.47625
2024_0412_09:33:26 13 98.419375 98.0625
2024_0412_09:34:06 13 38.06625 -0.3475
2024_0412_09:34:11 13 0.24625 0.28
2024_0412_09:34:39 13 -0.565625 48.904375
2024_0412_09:35:13 13 -0.42125 0.255
2024_0412_09:35:21 13 0.00375 0.05875
2024_0412_09:35:34 13 49.9975 99.99625
2024_0412_09:38:33 13 72.586875 72.5725
2024_0412_09:38:40 13 -8.05875 8.193125
2024_0412_09:39:23 13 -0.000625 0.269375
2024_0412_09:39:32 13 98.405625 98.47625
2024_0412_09:39:59 13 0.13375 0.516875
2024_0412_09:40:45 13 48.58875 47.869375
2024_0412_09:40:51 13 1.65 0.2175
2024_0412_09:41:19 13 49.99875 99.9975
2024_0412_09:42:16 13 46.81875 -5.221875
2024_0412_09:42:21 13 -0.019375 -0.149375
2024_0412_09:42:34 13 98.830625 98.676875
2024_0412_09:43:39 13 98.315 98.679375
2024_0412_09:43:58 13 0.25375 0.15625
2024_0412_09:44:43 13 50.000625 49.999375
2024_0412_09:44:44 13 -5.6175 49.015
2024_0412_09:46:49 13 36.04875 35.99375
2024_0412_09:46:51 13 -0.15125 0.4925
2024_0412_09:47:12 13 -9.95125 10.033125
2024_0412_09:48:06 13 0.25875 -0.331875
2024_0412_09:48:13 13 -0.34 -0.163125
2024_0412_09:48:16 13 98.8925 98.6075
2024_0412_09:49:01 13 -10.10875 9.505
2024_0412_09:50:05 13 -0.003125 -0.04125
2024_0412_09:50:17 13 -0.203125 0.11875
2024_0412_09:51:04 13 98.41375 98.49
2024_0412_09:51:15 13 99.99875 -50.0
2024_0412_09:51:20 13 46.255 44.980625
2024_0412_09:52:30 13 88.2 98.80375
2024_0412_09:52:46 13 98.669375 98.651875
2024_0412_09:53:27 13 -0.591875 0.18375
2024_0412_09:53:36 13 98.764375 98.743125
2024_0412_09:55:44 13 98.6925 98.690625
2024_0412_09:56:36 13 -0.31125 43.043125
2024_0412_09:57:01 13 -5.12 26.428125
2024_0412_09:57:10 13 1.87375 -0.17875
2024_0412_09:57:10 13 98.6975 98.38
2024_0412_09:57:29 13 0.505625 0.013125
2024_0412_09:58:08 13 0.76125 -0.716875
2024_0412_09:58:13 13 -0.255625 0.234375
2024_0412_09:59:07 13 98.596875 98.2275
2024_0412_09:59:31 13 -0.0275 -0.225625
2024_0412_10:00:07 13 0.215 0.2075
2024_0412_10:00:33 13 0.051875 -0.318125
2024_0412_10:01:28 13 1.45875 0.335625
2024_0412_10:02:00 13 -99.99625 -99.99875
2024_0412_10:02:12 13 0.135625 0.0325
2024_0412_10:03:09 13 98.46875 98.573125
2024_0412_10:03:49 13 -0.121875 0.15125
2024_0412_10:05:59 13 98.88875 98.91125
2024_0412_10:06:14 13 2.645625 1.714375
2024_0412_10:06:29 13 58.4325 98.443125
2024_0412_10:06:54 13 -0.036875 0.395625
2024_0412_10:07:47 13 15.2575 15.6525
2024_0412_10:09:06 13 97.684375 98.46875
2024_0412_10:09:54 13 99.160625 47.75625
2024_0412_10:10:29 13 49.905625 16.72875
2024_0412_10:10:54 13 -0.643125 48.683125
2024_0412_10:10:58 13 98.499375 98.38375
2024_0412_10:11:28 13 8.135625 70.399375
2024_0412_10:11:29 13 48.749375 48.76875
2024_0412_10:12:45 13 0.121875 2.12375
2024_0412_10:12:48 13 98.69625 98.749375
2024_0412_10:14:22 13 0.121875 -0.190625
2024_0412_10:14:40 13 98.26125 98.435625
2024_0412_10:15:45 13 12.9425 13.12375
2024_0412_10:16:21 13 47.569375 47.11875
2024_0412_10:16:43 13 0.040625 0.3375
2024_0412_10:16:52 13 98.565625 98.458125
2024_0412_10:17:48 13 0.086875 -0.013125
2024_0412_10:18:31 13 0.061875 0.360625
2024_0412_10:19:23 13 98.9925 98.740625
2024_0412_10:20:18 13 0.305 0.265
2024_0412_10:20:26 13 -0.01625 -0.098125
2024_0412_10:20:33 13 98.41125 97.57625
2024_0412_10:20:48 13 -0.058125 -0.314375
2024_0412_10:20:53 13 0.2425 0.2375
2024_0412_10:21:31 13 0.245625 0.585
2024_0412_10:22:15 13 0.27 0.201875
2024_0412_10:22:29 13 -0.250625 -0.38625
2024_0412_10:23:37 13 -0.288125 -0.04125
2024_0412_10:24:51 13 -0.77375 -0.375
2024_0412_10:25:09 13 98.4675 95.818125
2024_0412_10:25:21 13 0.56875 0.3225
2024_0412_10:26:27 13 -0.260625 -0.023125
2024_0412_10:27:36 13 98.4025 98.403125
2024_0412_10:27:51 13 -0.22125 -0.319375
2024_0412_10:28:37 13 -0.245625 0.438125
2024_0412_10:28:44 13 -5.349375 46.755
2024_0412_10:29:21 13 98.593125 98.300625
2024_0412_10:29:42 13 1.044375 -0.89
2024_0412_10:29:47 13 0.2575 0.349375
2024_0412_10:29:55 13 97.38875 97.764375
2024_0412_10:30:13 13 52.47875 -52.381875
2024_0412_10:31:10 13 98.710625 98.71875
2024_0412_10:31:35 13 71.375625 99.248125
2024_0412_10:31:48 13 6.73125 28.62125
2024_0412_10:33:50 13 96.2075 98.415
2024_0412_10:33:51 13 0.38875 0.334375
2024_0412_10:34:49 13 0.055625 0.32625
2024_0412_10:35:54 13 99.0175 98.765625
2024_0412_10:36:27 13 98.27 98.24125
2024_0412_10:36:31 13 -0.751875 0.959375
2024_0412_10:37:23 13 -33.370625 33.45375
2024_0412_10:37:55 13 26.085625 47.93125
2024_0412_10:38:07 13 -0.27 0.18375
2024_0412_10:38:50 13 -1.004375 -0.058125
2024_0412_10:39:24 13 48.26375 47.13375
2024_0412_10:39:42 13 98.545625 98.57
2024_0412_10:39:48 13 13.623125 12.74125
2024_0412_10:39:59 13 78.88 78.73125
2024_0412_10:40:40 13 98.48875 98.730625
2024_0412_10:40:48 13 98.5625 98.84125
2024_0412_10:42:04 13 17.735 16.978125
2024_0412_10:42:57 13 -0.34375 0.13875
2024_0412_10:44:26 13 98.63625 98.699375
2024_0412_10:44:36 13 0.108125 0.280625
2024_0412_10:44:37 13 0.05125 -0.089375
2024_0412_10:46:18 13 8.20125 25.783125
2024_0412_10:46:23 13 16.21 15.615625
2024_0412_10:46:49 13 98.999375 98.759375
2024_0412_10:47:34 13 98.271875 96.861875
2024_0412_10:48:05 13 0.733125 1.709375
2024_0412_10:48:07 13 13.113125 12.78375
2024_0412_10:48:19 13 19.891875 -19.776875
2024_0412_10:48:48 13 98.545625 98.82
2024_0412_10:49:04 13 98.6275 98.796875
2024_0412_10:49:34 13 -0.220625 -0.2875
2024_0412_10:50:21 13 0.6325 0.286875
2024_0412_10:51:33 13 -0.12 0.4025
2024_0412_10:51:51 13 0.38 0.44
2024_0412_10:53:11 13 48.2375 -20.560625
2024_0412_10:53:39 13 0.078125 -0.02125
2024_0412_10:54:20 13 98.759375 98.6125
2024_0412_10:54:27 13 0.36875 0.368125
2024_0412_10:55:00 13 97.841875 98.2675
2024_0412_10:55:10 13 98.25375 98.28625
2024_0412_10:56:18 13 -0.051875 -0.353125
2024_0412_10:57:06 13 11.513125 -11.165625
2024_0412_10:57:34 13 99.99875 -99.99875
2024_0412_10:57:46 13 -99.99875 -99.99875
2024_0412_10:58:26 13 48.93625 98.984375
2024_0412_10:58:29 13 9.725 -10.095625
2024_0412_10:58:29 13 97.6425 98.971875
2024_0412_10:58:37 13 0.37125 0.7325
2024_0412_11:00:12 14 -8.06125 49.8125
2024_0412_11:01:52 14 -0.713125 0.07
2024_0412_11:02:04 14 98.659375 98.65
2024_0412_11:03:07 14 -0.191875 0.199375
2024_0412_11:03:20 14 98.58125 98.51
2024_0412_11:03:40 14 99.9975 99.9975
2024_0412_11:03:54 14 -0.12 0.510625
2024_0412_11:05:25 14 0.203125 -0.229375
2024_0412_11:05:53 14 -0.3 0.17125
2024_0412_11:06:13 14 30.864375 28.705
2024_0412_11:06:22 14 -0.190625 0.145
2024_0412_11:06:38 14 98.474375 98.434375
2024_0412_11:06:55 14 98.676875 98.679375
2024_0412_11:07:28 14 66.793125 98.995
2024_0412_11:07:51 14 72.42875 67.444375
2024_0412_11:07:55 14 98.431875 48.724375
2024_0412_11:08:59 14 0.6025 0.248125
2024_0412_11:10:46 14 0.140625 0.076875
2024_0412_11:11:26 14 21.858125 0.736875
2024_0412_11:11:26 14 0.148125 -0.4975
2024_0412_11:11:33 14 98.45375 91.675625
2024_0412_11:13:33 14 -0.060625 3.35625
2024_0412_11:14:15 14 16.416875 52.93375
2024_0412_11:15:02 14 0.2075 48.419375
2024_0412_11:15:28 14 98.58625 98.5025
2024_0412_11:15:31 14 99.99625 49.99875
2024_0412_11:15:40 14 -0.178125 -0.183125
2024_0412_11:15:51 14 0.001875 -0.015
2024_0412_11:16:04 14 66.795 88.774375
2024_0412_11:16:41 14 8.255 -8.476875
2024_0412_11:17:09 14 0.00125 -0.00125
2024_0412_11:18:26 14 -0.288125 -0.06125
2024_0412_11:19:00 14 98.501875 48.87
2024_0412_11:19:43 14 12.8525 12.48875
2024_0412_11:19:44 14 98.07 98.051875
2024_0412_11:20:53 14 0.428125 -0.20625
2024_0412_11:21:34 14 9.996875 -10.558125
2024_0412_11:22:16 14 0.141875 -0.04125
2024_0412_11:23:18 14 98.62 98.559375
2024_0412_11:23:47 14 -0.4025 -0.2175
2024_0412_11:24:18 14 0.4175 -0.204375
2024_0412_11:24:28 14 50.0 -49.999375
2024_0412_11:24:54 14 98.515625 98.57
2024_0412_11:25:09 14 -22.14125 68.96
2024_0412_11:25:28 14 98.683125 98.71
2024_0412_11:25:54 14 -0.01875 0.08375
2024_0412_11:26:40 14 -16.36875 16.544375
2024_0412_11:27:38 14 -10.596875 9.833125
2024_0412_11:27:50 14 98.6825 98.670625
2024_0412_11:27:55 14 98.395 98.384375
2024_0412_11:28:41 14 98.706875 98.339375
2024_0412_11:30:07 14 -9.993125 9.994375
2024_0412_11:30:22 14 98.68 40.839375
2024_0412_11:31:33 14 40.15875 41.310625
2024_0412_11:32:39 14 98.470625 98.441875
2024_0412_11:33:06 14 98.395625 98.3775
2024_0412_11:33:32 14 0.70625 1.86
2024_0412_11:33:59 14 98.78 99.006875
2024_0412_11:34:01 14 -0.616875 0.259375
2024_0412_11:34:41 14 98.09375 98.335625
2024_0412_11:34:46 14 8.2925 9.944375
2024_0412_11:35:01 14 -0.003125 -0.0575
2024_0412_11:35:51 14 -0.289375 0.13375
2024_0412_11:36:09 14 98.536875 98.64625
2024_0412_11:36:31 14 -0.19375 0.11875
2024_0412_11:37:00 14 97.67875 97.941875
2024_0412_11:37:49 14 0.116875 -0.09875
2024_0412_11:38:54 14 1.851875 29.750625
2024_0412_11:38:59 14 -0.018125 0.89625
2024_0412_11:40:35 14 67.311875 56.556875
2024_0412_11:41:58 14 98.634375 98.3675
2024_0412_11:42:12 14 -2.679375 2.30875
2024_0412_11:42:47 14 -0.284375 0.085625
2024_0412_11:43:21 14 98.80875 96.92125
2024_0412_11:43:24 14 -0.600625 -0.36875
2024_0412_11:43:29 14 -20.006875 20.195
2024_0412_11:43:56 14 98.44375 98.534375
2024_0412_11:44:04 14 9.523125 9.61
2024_0412_11:44:10 14 98.704375 98.6075
2024_0412_11:44:52 14 0.1125 -0.26125
2024_0412_11:45:11 14 0.153125 0.06375
2024_0412_11:45:54 14 -49.999375 -49.99875
2024_0412_11:46:41 14 -0.383125 -0.30125
2024_0412_11:47:47 14 -0.031875 -0.0525
2024_0412_11:47:49 14 98.19375 48.968125
2024_0412_11:50:16 14 -0.155625 0.19
2024_0412_11:51:34 14 -0.22 35.835625
2024_0412_11:51:35 14 -0.0325 -0.344375
2024_0412_11:52:09 14 98.6525 98.62375
2024_0412_11:52:16 14 -0.03 -0.33125
2024_0412_11:52:17 14 98.6925 97.479375
2024_0412_11:52:18 14 40.4225 98.5775
2024_0412_11:52:42 14 0.139375 -0.27
2024_0412_11:53:40 14 98.5075 98.16
2024_0412_11:54:25 14 48.120625 2.546875
2024_0412_11:54:30 14 28.2025 48.408125
2024_0412_11:55:22 14 -25.765625 25.48375
2024_0412_11:55:38 14 1.844375 2.2125
2024_0412_11:55:58 14 11.694375 47.22875
2024_0412_11:56:51 14 98.6275 98.398125
2024_0412_11:57:23 14 0.010625 0.163125
2024_0412_11:59:13 14 -0.565 97.63
2024_0412_11:59:56 14 44.9075 4.58875
2024_0412_12:00:22 14 98.614375 92.20875
2024_0412_12:00:27 14 97.878125 98.17
2024_0412_12:01:03 14 0.7275 -2.019375
2024_0412_12:01:27 14 -0.22 0.26625
2024_0412_12:01:39 14 -0.17625 -0.39625
2024_0412_12:01:46 14 60.04375 -59.965625
2024_0412_12:02:21 14 78.763125 77.885625
2024_0412_12:02:47 14 25.79125 80.15375
2024_0412_12:03:13 14 98.204375 98.214375
2024_0412_12:03:48 14 99.115625 43.490625
2024_0412_12:06:15 14 -0.29875 0.0425
2024_0412_12:06:16 14 0.014375 0.405
2024_0412_12:07:01 14 -0.443125 0.765
2024_0412_12:07:12 14 98.27375 98.17875
2024_0412_12:07:30 14 98.414375 98.4675
2024_0412_12:08:24 14 0.166875 0.34
2024_0412_12:08:50 14 44.474375 44.11375
2024_0412_12:09:16 14 -0.56625 0.009375
2024_0412_12:09:49 14 0.27125 0.135625
2024_0412_12:10:37 14 98.34875 98.78
2024_0412_12:10:56 14 98.1925 49.3775
2024_0412_12:11:03 14 -0.479375 49.706875
2024_0412_12:11:28 14 23.64125 -3.143125
2024_0412_12:11:45 14 98.66875 98.64875
2024_0412_12:12:06 14 98.66375 98.65
2024_0412_12:12:52 14 98.250625 97.94
2024_0412_12:15:02 14 98.18 98.10625
2024_0412_12:15:44 14 98.940625 98.664375
2024_0412_12:16:33 14 0.044375 -0.0125
2024_0412_12:16:48 14 -35.551875 35.6475
2024_0412_12:17:04 14 -1.599375 49.9325
2024_0412_12:18:03 14 -0.203125 -0.214375
2024_0412_12:18:04 14 98.3525 98.208125
2024_0412_12:18:09 14 25.52 22.165
2024_0412_12:18:35 14 -0.15125 0.1525
2024_0412_12:19:38 14 98.380625 98.44375
2024_0412_12:20:09 14 49.065625 49.66375
2024_0412_12:20:15 14 97.9075 98.53
2024_0412_12:20:24 14 -0.00875 -0.12375
2024_0412_12:20:47 14 46.716875 47.286875
2024_0412_12:21:26 14 98.48 98.45875
2024_0412_12:22:31 14 47.641875 -0.79125
2024_0412_12:23:39 14 -33.39125 33.468125
2024_0412_12:25:20 14 0.2425 0.156875
2024_0412_12:25:25 14 35.298125 -0.61125
2024_0412_12:25:26 14 -8.615625 8.055
2024_0412_12:25:41 14 72.195 -8.554375
2024_0412_12:26:52 14 -0.3125 0.015625
2024_0412_12:27:29 14 99.99875 -99.99875
2024_0412_12:27:34 14 98.48 98.378125
2024_0412_12:28:29 14 3.235 19.090625
2024_0412_12:28:49 14 0.2 -0.053125
2024_0412_12:28:58 14 98.145 98.518125
2024_0412_12:29:24 14 0.283125 -0.326875
2024_0412_12:29:35 14 49.004375 98.4275
2024_0412_12:29:41 14 98.38125 98.136875
2024_0412_12:32:44 14 0.079375 0.20625
2024_0412_12:33:06 14 0.125625 0.31625
2024_0412_12:33:37 14 98.405 98.61625
2024_0412_12:34:27 14 98.473125 98.22875
2024_0412_12:34:44 14 0.1525 0.5725
2024_0412_12:34:53 14 98.781875 98.400625
2024_0412_12:35:06 14 0.02375 0.215625
2024_0412_12:35:13 14 -10.46125 10.17125
2024_0412_12:36:16 14 98.35375 98.34
2024_0412_12:36:22 14 82.2175 82.33875
2024_0412_12:37:15 14 -0.095625 0.965625
2024_0412_12:37:23 14 98.256875 98.531875
2024_0412_12:37:33 14 0.219375 0.30375
2024_0412_12:37:48 14 98.201875 98.011875
2024_0412_12:38:00 14 -0.043125 0.0025
2024_0412_12:40:17 14 98.8575 98.56875
2024_0412_12:40:52 14 98.44125 98.5425
2024_0412_12:41:57 15 23.931875 23.706875
2024_0412_12:42:36 14 -2.939375 44.565
2024_0412_12:43:20 15 98.160625 98.52375
2024_0412_12:43:44 15 98.318125 98.376875
2024_0412_12:44:02 15 33.681875 2.965625
2024_0412_12:44:04 15 98.170625 98.588125
2024_0412_12:44:33 15 0.58875 0.70125
2024_0412_12:45:39 15 10.10125 -9.919375
2024_0412_12:45:44 15 0.4225 -0.18875
2024_0412_12:45:48 15 0.683125 0.208125
2024_0412_12:45:59 15 90.71375 91.065625
2024_0412_12:46:13 15 -0.19 0.233125
2024_0412_12:47:46 15 0.299375 0.294375
2024_0412_12:49:05 15 98.38625 98.3375
2024_0412_12:51:02 15 -0.15125 0.063125
2024_0412_12:51:25 15 19.030625 19.07125
2024_0412_12:51:40 15 49.66375 -17.29625
2024_0412_12:51:58 15 23.59625 98.51875
2024_0412_12:52:13 15 98.159375 74.975625
2024_0412_12:52:25 15 12.84625 -13.220625
2024_0412_12:52:52 15 33.016875 -16.071875
2024_0412_12:53:48 15 98.550625 98.640625
2024_0412_12:53:51 15 19.000625 -8.400625
2024_0412_12:53:51 15 0.03875 0.203125
2024_0412_12:54:01 15 98.4125 98.42875
2024_0412_12:54:11 15 97.525 95.993125
2024_0412_12:55:22 15 -0.15625 -0.235625
2024_0412_12:55:22 15 98.674375 98.608125
2024_0412_12:56:33 15 88.503125 58.9025
2024_0412_12:57:51 15 31.62125 56.054375
2024_0412_13:00:05 15 98.92125 49.076875
2024_0412_13:00:41 15 98.723125 98.719375
2024_0412_13:01:00 15 98.75375 97.8875
2024_0412_13:01:01 15 0.225 0.62
2024_0412_13:01:15 15 98.32625 98.35125
2024_0412_13:01:50 15 -7.8625 8.06375
2024_0412_13:02:14 15 8.416875 -8.216875
2024_0412_13:02:33 15 97.419375 98.49375
2024_0412_13:02:48 15 0.03875 -0.043125
2024_0412_13:02:48 15 0.14875 0.169375
2024_0412_13:02:53 15 15.63 -0.345625
2024_0412_13:04:13 15 98.341875 98.27875
2024_0412_13:04:50 15 98.50375 98.3875
2024_0412_13:05:21 15 97.31125 97.98125
2024_0412_13:08:21 15 49.0675 98.446875
2024_0412_13:08:23 15 98.6575 99.001875
2024_0412_13:09:02 15 98.69125 98.3875
2024_0412_13:09:13 15 -0.2625 -0.005
2024_0412_13:09:59 15 32.2375 34.1975
2024_0412_13:09:59 15 99.036875 98.780625
2024_0412_13:10:16 15 98.7225 98.670625
2024_0412_13:10:18 15 4.289375 2.935
2024_0412_13:11:11 15 -4.415 3.66
2024_0412_13:11:21 15 17.158125 16.62625
2024_0412_13:11:33 15 78.4325 78.7425
2024_0412_13:11:34 15 2.395625 -2.326875
2024_0412_13:11:43 15 0.258125 -0.36125
2024_0412_13:13:06 15 98.276875 47.5825
2024_0412_13:14:10 15 0.94125 6.715
2024_0412_13:14:29 15 98.401875 98.4475
2024_0412_13:16:45 15 57.590625 51.269375
2024_0412_13:17:09 15 -1.43375 49.0525
2024_0412_13:18:27 15 0.003125 -0.01875
2024_0412_13:18:36 15 98.4275 97.76875
2024_0412_13:19:04 15 -9.400625 10.433125
2024_0412_13:19:12 15 98.811875 98.94
2024_0412_13:20:01 15 -0.34375 0.265
2024_0412_13:20:02 15 -0.035625 0.055625
2024_0412_13:20:17 15 14.618125 15.42875
2024_0412_13:20:22 15 -49.99875 49.99875
2024_0412_13:20:22 15 25.399375 22.06625
2024_0412_13:20:35 15 98.383125 98.413125
2024_0412_13:22:36 15 0.08375 0.233125
2024_0412_13:23:37 15 -99.995625 99.996875
2024_0412_13:25:31 15 0.005625 -0.000625
2024_0412_13:25:33 15 -0.455625 0.07125
2024_0412_13:25:56 15 0.320625 0.019375
2024_0412_13:26:50 15 98.200625 98.024375
2024_0412_13:27:32 15 41.56875 38.016875
2024_0412_13:27:36 15 -1.345625 49.853125
2024_0412_13:28:13 15 98.390625 98.593125
2024_0412_13:28:18 15 48.9575 48.213125
2024_0412_13:28:42 15 0.16125 0.350625
2024_0412_13:29:15 15 98.704375 98.718125
2024_0412_13:29:26 15 98.44125 98.43625
2024_0412_13:29:28 15 0.135 0.711875
2024_0412_13:29:41 15 49.1375 98.18875
2024_0412_13:31:07 15 -11.01625 9.531875
2024_0412_13:32:02 15 -100.0 49.99875
2024_0412_13:32:26 15 98.530625 98.23875
2024_0412_13:33:47 15 0.01 -0.061875
2024_0412_13:34:41 15 98.2725 98.2475
2024_0412_13:35:40 15 -13.034375 47.105625
2024_0412_13:35:52 15 -0.34375 0.0525
2024_0412_13:36:29 15 98.985 98.914375
2024_0412_13:36:38 15 -0.26375 -0.068125
2024_0412_13:36:58 15 -0.686875 0.2025
2024_0412_13:37:15 15 13.0225 -12.27
2024_0412_13:37:36 15 -0.45125 0.096875
2024_0412_13:38:11 15 98.486875 98.594375
2024_0412_13:38:15 15 -0.06125 -0.438125
2024_0412_13:38:51 15 98.53 98.28625
2024_0412_13:39:10 15 0.21875 -0.120625
2024_0412_13:41:05 15 -0.650625 0.01875
2024_0412_13:41:14 15 78.686875 78.676875
2024_0412_13:42:34 15 -19.441875 64.130625
2024_0412_13:43:32 15 0.4125 1.1175
2024_0412_13:43:52 15 98.0675 98.61375
2024_0412_13:44:43 15 46.058125 46.568125
2024_0412_13:45:18 15 -50.0 50.0
2024_0412_13:45:30 15 -0.098125 0.48375
2024_0412_13:46:02 15 88.81 89.85
2024_0412_13:46:12 15 35.884375 36.72375
2024_0412_13:46:26 15 49.99875 49.999375
2024_0412_13:46:56 15 0.34875 -0.055
2024_0412_13:46:59 15 99.52125 -37.24625
2024_0412_13:48:31 15 0.19375 0.229375
2024_0412_13:48:38 15 0.4175 0.180625
2024_0412_13:49:58 15 98.4575 98.2875
2024_0412_13:50:04 15 98.3025 97.4125
2024_0412_13:51:17 15 98.465625 98.58125
2024_0412_13:52:02 15 98.230625 98.495625
2024_0412_13:53:10 15 32.02125 48.90625
2024_0412_13:53:13 15 1.616875 1.389375
2024_0412_13:53:34 15 83.425625 88.369375
2024_0412_13:54:06 15 98.539375 98.68125
2024_0412_13:54:24 15 -0.438125 0.09375
2024_0412_13:55:11 15 1.99375 1.414375
2024_0412_13:55:16 15 -0.000625 0.000625
2024_0412_13:55:47 15 5.434375 -5.024375
2024_0412_13:56:23 15 33.293125 -33.28125
2024_0412_13:56:25 15 27.389375 -27.423125
2024_0412_13:57:22 15 -16.903125 16.858125
2024_0412_13:58:17 15 98.414375 97.974375
2024_0412_13:59:05 15 6.3275 -5.728125
2024_0412_14:00:15 15 98.599375 98.2225
2024_0412_14:00:53 15 98.801875 98.448125
2024_0412_14:02:36 15 -0.06375 -0.20625
2024_0412_14:02:41 15 -0.23 -0.10125
2024_0412_14:02:45 15 -0.048125 -0.05875
2024_0412_14:03:19 15 0.07 0.221875
2024_0412_14:03:24 15 -9.57 10.0625
2024_0412_14:03:41 15 98.538125 98.35125
2024_0412_14:04:05 15 -10.22875 9.853125
2024_0412_14:04:09 15 0.35125 0.0425
2024_0412_14:04:38 15 46.159375 98.32875
2024_0412_14:05:51 15 98.440625 97.37625
2024_0412_14:06:47 15 42.9375 13.010625
2024_0412_14:07:50 15 48.573125 -0.371875
2024_0412_14:08:00 15 98.41 98.46125
2024_0412_14:08:35 15 98.55625 98.644375
2024_0412_14:09:22 15 0.15375 0.229375
2024_0412_14:10:52 15 19.868125 20.265625
2024_0412_14:11:03 15 98.496875 98.255625
2024_0412_14:11:12 15 -0.325 -0.01625
2024_0412_14:11:45 15 -19.215 20.10125
2024_0412_14:11:45 15 -0.41 -0.175625
2024_0412_14:12:22 15 14.20625 14.493125
2024_0412_14:12:37 15 -0.143125 0.179375
2024_0412_14:12:53 15 -0.461875 -0.063125
2024_0412_14:13:04 15 98.570625 97.445
2024_0412_14:14:16 15 -0.061875 -0.085
2024_0412_14:15:06 15 98.236875 98.520625
2024_0412_14:16:40 15 -0.555625 -0.48
2024_0412_14:16:46 15 6.7125 -6.76125
2024_0412_14:16:49 15 98.670625 98.583125
2024_0412_14:17:21 15 -0.47125 0.025625
2024_0412_14:17:32 15 -0.448125 -0.274375
2024_0412_14:19:18 15 2.691875 -2.43375
2024_0412_14:19:43 15 -99.99875 49.999375
2024_0412_14:19:55 16 16.193125 16.595
2024_0412_14:20:40 15 98.96125 98.32125
2024_0412_14:21:24 16 19.925 -19.986875
2024_0412_14:21:33 16 -0.209375 -0.700625
2024_0412_14:21:43 16 -10.09875 9.98125
2024_0412_14:21:59 16 0.23 -0.2475
2024_0412_14:23:05 16 47.364375 -0.169375
2024_0412_14:23:08 15 98.5425 98.53375
2024_0412_14:23:57 16 98.890625 98.864375
2024_0412_14:25:39 16 18.955 -19.321875
2024_0412_14:25:43 16 96.724375 98.469375
2024_0412_14:26:08 16 19.368125 -2.68375
2024_0412_14:27:08 16 98.7525 98.775625
2024_0412_14:27:34 16 96.518125 96.505
2024_0412_14:27:41 16 64.504375 -10.56625
2024_0412_14:27:58 16 97.63375 97.971875
2024_0412_14:28:13 16 50.361875 50.565625
2024_0412_14:29:54 16 63.5475 63.64875
2024_0412_14:30:05 16 0.253125 0.56625
2024_0412_14:30:44 16 16.714375 -16.871875
2024_0412_14:31:10 16 99.07 98.810625
2024_0412_14:31:33 16 -0.185 -0.025625
2024_0412_14:31:49 16 -0.304375 -0.275
2024_0412_14:32:43 16 99.060625 98.889375
2024_0412_14:32:48 16 -0.1925 -0.165
2024_0412_14:34:30 16 46.688125 98.5025
2024_0412_14:34:38 16 98.091875 98.59
2024_0412_14:34:51 16 98.400625 49.10875
2024_0412_14:35:44 16 16.859375 -16.7375
2024_0412_14:36:13 16 -0.03 0.11125
2024_0412_14:36:44 16 16.54 -16.8175
2024_0412_14:37:01 16 -31.66125 63.39
2024_0412_14:38:57 16 98.668125 98.41125
2024_0412_14:39:09 16 98.605625 98.686875
2024_0412_14:39:26 16 -7.578125 6.74
2024_0412_14:39:42 16 -0.791875 -0.019375
2024_0412_14:40:44 16 0.27625 -0.30125
2024_0412_14:41:00 16 -0.746875 0.480625
2024_0412_14:41:02 16 0.280625 0.0375
2024_0412_14:41:21 16 0.4725 -0.26375
2024_0412_14:41:58 16 -0.93875 -1.115
2024_0412_14:42:39 16 98.545 97.964375
2024_0412_14:43:21 16 0.42125 0.193125
2024_0412_14:43:44 16 98.6275 93.93875
2024_0412_14:44:26 16 0.289375 -0.11
2024_0412_14:44:29 16 13.5375 13.574375
2024_0412_14:44:59 16 78.378125 78.490625
2024_0412_14:45:13 16 98.66125 98.69
2024_0412_14:47:11 16 -0.359375 30.285
2024_0412_14:48:12 16 0.704375 1.24875
2024_0412_14:49:14 16 0.023125 -0.21125
2024_0412_14:49:51 16 98.164375 96.7425
2024_0412_14:49:51 16 78.62625 78.96125
2024_0412_14:49:56 16 98.485625 98.531875
2024_0412_14:50:07 16 0.07375 -0.005625
2024_0412_14:50:55 16 98.84 98.544375
2024_0412_14:51:10 16 98.166875 98.51125
2024_0412_14:51:32 16 -0.07625 0.325
2024_0412_14:52:33 16 81.105625 44.723125
2024_0412_14:52:37 16 98.358125 98.045
2024_0412_14:52:47 16 98.4425 98.43875
2024_0412_14:52:59 16 -9.926875 10.038125
2024_0412_14:53:14 16 71.063125 54.91
2024_0412_14:53:21 16 39.106875 92.7275
2024_0412_14:55:23 16 -0.054375 -0.189375
2024_0412_14:56:59 16 -0.0725 0.1075
2024_0412_14:58:02 16 45.364375 10.033125
2024_0412_14:58:38 16 47.840625 99.070625
2024_0412_14:58:40 16 37.1175 -13.998125
2024_0412_14:58:56 16 25.0 -23.14875
2024_0412_14:59:10 16 32.893125 32.450625
2024_0412_14:59:19 16 98.8725 98.8875
2024_0412_15:00:57 16 98.480625 95.396875
2024_0412_15:01:40 16 48.705625 98.900625
2024_0412_15:01:48 16 98.615 98.68125
2024_0412_15:02:06 16 -0.02875 -0.258125
2024_0412_15:02:06 16 98.700625 98.599375
2024_0412_15:02:13 16 98.69 98.338125
2024_0412_15:02:45 16 99.099375 98.739375
2024_0412_15:03:32 16 -0.87625 26.806875
2024_0412_15:05:13 16 -0.921875 0.095625
2024_0412_15:06:34 16 99.061875 98.79625
2024_0412_15:07:27 16 98.428125 98.769375
2024_0412_15:07:46 16 -0.031875 0.046875
2024_0412_15:07:55 16 -49.999375 99.9975
2024_0412_15:08:04 16 0.470625 0.355
2024_0412_15:08:16 16 98.6375 98.681875
2024_0412_15:09:02 16 9.93 -9.905625
2024_0412_15:09:57 16 0.23875 -0.149375
2024_0412_15:10:37 16 0.1525 0.10875
2024_0412_15:11:34 16 -17.05625 16.4175
2024_0412_15:11:53 16 98.283125 97.53375
2024_0412_15:12:07 16 -8.571875 8.551875
2024_0412_15:14:45 16 49.999375 -49.999375
2024_0412_15:15:48 16 81.195625 41.533125
2024_0412_15:15:59 16 98.870625 98.86
2024_0412_15:16:40 16 18.271875 18.26875
2024_0412_15:16:56 16 98.675 98.313125
2024_0412_15:17:10 16 0.710625 0.805
2024_0412_15:17:35 16 0.598125 0.2
2024_0412_15:17:51 16 62.89125 62.74125
2024_0412_15:17:58 16 98.191875 98.22375
2024_0412_15:18:06 16 13.07625 6.953125
2024_0412_15:18:20 16 5.64125 -0.118125
2024_0412_15:18:31 16 2.34375 0.40125
2024_0412_15:19:54 16 0.075 0.154375
2024_0412_15:20:10 16 -99.99875 -99.99875
2024_0412_15:20:37 16 13.615 14.29375
2024_0412_15:23:37 16 94.788125 97.85875
2024_0412_15:24:52 16 99.99875 49.99875
2024_0412_15:24:59 16 1.3075 0.239375
2024_0412_15:25:07 16 98.629375 98.519375
2024_0412_15:25:39 16 -0.261875 47.655
2024_0412_15:26:08 16 39.310625 -37.285
2024_0412_15:26:23 16 98.658125 98.691875
2024_0412_15:26:40 16 81.591875 81.655
2024_0412_15:26:58 16 0.05375 -0.258125
2024_0412_15:27:02 16 -0.100625 0.596875
2024_0412_15:28:39 16 0.4675 0.128125
2024_0412_15:28:42 16 -8.521875 53.654375
2024_0412_15:29:03 16 0.425 0.034375
2024_0412_15:29:19 16 0.238125 0.546875
2024_0412_15:29:20 16 48.34875 -5.230625
2024_0412_15:31:34 16 -0.140625 -0.15625
2024_0412_15:32:30 16 98.6525 98.6375
2024_0412_15:33:04 16 8.505625 10.31875
2024_0412_15:33:15 16 0.221875 -0.1675
2024_0412_15:34:05 16 99.029375 98.7175
2024_0412_15:34:50 16 98.38 89.9975
2024_0412_15:35:08 16 78.718125 78.86
2024_0412_15:35:11 17 28.98 58.554375
2024_0412_15:35:32 16 -9.7575 9.854375
2024_0412_15:36:17 17 -0.481875 -0.233125
2024_0412_15:36:57 17 63.275625 47.894375
2024_0412_15:38:00 17 13.9975 13.28
2024_0412_15:38:03 17 0.16 0.381875
2024_0412_15:38:48 17 -0.42 0.04875
2024_0412_15:39:43 17 48.938125 98.44
2024_0412_15:40:37 17 26.486875 25.3775
2024_0412_15:40:45 17 0.299375 -0.356875
2024_0412_15:41:17 17 39.8725 -40.03375
2024_0412_15:41:28 17 0.059375 0.388125
2024_0412_15:42:14 17 98.643125 98.67375
2024_0412_15:42:22 17 -0.483125 -0.15125
2024_0412_15:43:28 17 98.76 98.625625
2024_0412_15:43:49 17 5.5725 -3.216875
2024_0412_15:43:55 17 -0.3925 -0.405625
2024_0412_15:44:56 17 -0.635 0.02625
2024_0412_15:45:16 17 49.005625 45.431875
2024_0412_15:45:51 17 13.6275 63.254375
2024_0412_15:46:48 17 -6.809375 5.71625
2024_0412_15:46:50 17 -0.24875 -0.534375
2024_0412_15:48:26 17 -49.993125 49.8
2024_0412_15:49:08 17 -11.625 63.4675
2024_0412_15:49:22 17 -1.176875 22.15
2024_0412_15:49:49 17 39.744375 -39.8325
2024_0412_15:50:18 17 95.431875 97.85625
2024_0412_15:50:34 17 58.8275 88.194375
2024_0412_15:50:45 17 21.799375 13.078125
2024_0412_15:51:38 17 7.0225 6.698125
2024_0412_15:52:06 17 11.328125 12.56625
2024_0412_15:52:45 17 82.245625 82.23625
2024_0412_15:52:49 17 98.15 98.264375
2024_0412_15:53:48 17 48.443125 47.076875
2024_0412_15:54:10 17 98.71875 98.689375
2024_0412_15:54:21 17 -7.484375 7.56375
2024_0412_15:55:43 17 77.653125 77.451875
2024_0412_15:55:45 17 98.55625 98.561875
2024_0412_15:57:31 17 -0.01625 -0.03
2024_0412_15:57:33 17 98.135 72.349375
2024_0412_15:57:59 17 98.70875 98.72125
2024_0412_15:58:04 17 98.25375 98.293125
2024_0412_15:58:49 17 78.44125 78.663125
2024_0412_15:59:00 17 17.4275 0.718125
2024_0412_15:59:45 17 20.496875 21.096875
2024_0412_15:59:46 17 -5.274375 27.03625
2024_0412_16:01:46 17 -0.1925 -0.03625
2024_0412_16:02:15 17 98.414375 98.701875
2024_0412_16:02:43 17 -9.020625 45.28625
2024_0412_16:03:17 17 73.951875 98.05125
2024_0412_16:03:28 17 -0.229375 -0.0775
2024_0412_16:04:09 17 98.766875 98.19125
2024_0412_16:04:32 17 10.05375 -9.798125
2024_0412_16:05:45 17 2.903125 -2.918125
2024_0412_16:06:10 17 -0.389375 0.030625
2024_0412_16:06:18 17 37.49 38.151875
2024_0412_16:06:50 17 78.39625 78.671875
2024_0412_16:07:21 17 98.703125 98.63125
2024_0412_16:07:32 17 47.805 74.871875
2024_0412_16:08:30 17 79.109375 98.775625
2024_0412_16:08:39 17 49.998125 100.0
2024_0412_16:10:03 17 98.67875 98.50875
2024_0412_16:11:00 17 17.981875 11.856875
2024_0412_16:11:21 17 -0.145625 0.030625
2024_0412_16:11:26 17 -0.10625 0.151875
2024_0412_16:12:22 17 28.109375 6.408125
2024_0412_16:13:22 17 98.165625 98.544375
2024_0412_16:13:58 17 10.505625 7.09625
2024_0412_16:15:01 17 78.83 78.7975
2024_0412_16:15:02 17 41.45375 20.303125
2024_0412_16:15:37 17 -0.035 -0.035
2024_0412_16:16:20 17 -0.17375 -0.565
2024_0412_16:17:02 17 78.38875 78.61875
2024_0412_16:17:19 17 -0.01375 -0.10125
2024_0412_16:17:42 17 -20.699375 19.96875
2024_0412_16:18:49 17 0.1825 -0.105
2024_0412_16:19:14 17 -0.30375 -0.04875
2024_0412_16:19:22 17 98.294375 94.438125
2024_0412_16:19:40 17 96.210625 98.2175
2024_0412_16:20:15 17 96.103125 98.686875
2024_0412_16:22:25 17 -6.79875 6.913125
2024_0412_16:22:43 17 -0.245 -0.316875
2024_0412_16:22:46 17 15.99875 16.06875
2024_0412_16:22:48 17 9.838125 -9.539375
2024_0412_16:23:46 17 -8.5175 8.6875
2024_0412_16:23:53 17 12.695 -12.43875
2024_0412_16:24:31 17 -0.23625 -0.104375
2024_0412_16:24:40 17 98.65125 98.643125
2024_0412_16:25:51 17 -4.79 4.674375
2024_0412_16:25:57 17 -0.436875 0.195625
2024_0412_16:26:06 17 28.823125 29.5425
2024_0412_16:27:32 17 66.9925 88.899375
2024_0412_16:27:54 17 -11.181875 10.371875
2024_0412_16:28:12 17 0.025 -0.545
2024_0412_16:28:29 17 0.38 -0.16875
2024_0412_16:28:49 17 98.346875 97.704375
2024_0412_16:31:11 17 -0.059375 -0.06375
2024_0412_16:31:59 17 0.455 -0.150625
2024_0412_16:32:09 17 -25.27125 24.821875
2024_0412_16:32:30 17 -0.205 0.15375
2024_0412_16:32:53 17 37.403125 33.414375
2024_0412_16:33:15 17 0.430625 -0.31625
2024_0412_16:34:16 17 98.295 98.223125
2024_0412_16:34:44 17 -9.7775 9.946875
2024_0412_16:34:53 17 0.325 0.463125
2024_0412_16:36:01 17 31.940625 56.15125
2024_0412_16:36:13 17 -0.263125 0.23125
2024_0412_16:36:38 17 -10.901875 21.18375
2024_0412_16:37:11 17 98.643125 98.50625
2024_0412_16:38:09 17 18.069375 16.95625
2024_0412_16:38:18 17 0.144375 -0.000625
2024_0412_16:40:06 17 -0.334375 -0.2275
2024_0412_16:40:33 17 0.221875 0.145625
2024_0412_16:41:08 17 98.698125 98.600625
2024_0412_16:41:38 17 -0.214375 0.258125
2024_0412_16:41:45 17 0.688125 0.633125
2024_0412_16:42:03 17 -0.2225 -0.26625
2024_0412_16:42:47 17 -0.191875 0.421875
2024_0412_16:43:40 17 98.1525 98.494375
2024_0412_16:44:05 17 0.1875 0.11625
2024_0412_16:44:46 17 0.310625 -0.02625
2024_0412_16:45:00 17 46.5325 16.534375
2024_0412_16:45:06 17 4.120625 -1.74125
2024_0412_16:45:38 17 14.915625 16.154375
2024_0412_16:46:01 17 -0.125 4.415
2024_0412_16:47:13 17 98.326875 43.103125
2024_0412_16:47:54 17 -0.1275 -0.294375
2024_0412_16:48:27 17 95.694375 95.581875
2024_0412_16:50:00 17 25.568125 4.706875
2024_0412_16:50:20 17 15.150625 -7.553125
2024_0412_16:50:34 17 41.476875 -41.1
2024_0412_16:51:35 17 98.633125 98.804375
2024_0412_16:51:44 17 98.475625 49.17375
2024_0412_16:52:48 17 -1.069375 24.15625
2024_0412_16:52:57 17 -0.48 -0.005
2024_0412_16:53:37 17 41.57 97.708125
2024_0412_16:53:40 17 17.73125 -3.665
2024_0412_16:54:09 17 14.770625 14.660625
2024_0412_16:56:01 17 -0.041875 -0.13625
2024_0412_16:56:28 17 98.510625 98.188125
2024_0412_16:57:18 17 0.195 0.31375
2024_0412_16:57:34 17 54.77625 49.85625
2024_0412_16:58:07 17 -0.11375 0.001875
2024_0412_16:59:09 17 61.2275 87.16875
2024_0412_17:00:07 17 4.5625 4.51125
2024_0412_17:00:11 17 99.0725 98.825
2024_0412_17:00:43 17 98.879375 48.956875
2024_0412_17:01:04 17 -49.999375 49.999375
2024_0412_17:01:14 17 -0.306875 0.71375
2024_0412_17:02:02 17 74.594375 74.031875
2024_0412_17:02:30 17 97.435625 98.518125
2024_0412_17:03:01 17 4.97125 -5.94125
2024_0412_17:03:22 17 98.68625 98.66625
2024_0412_17:04:48 17 78.999375 78.776875
2024_0412_17:04:51 17 -9.969375 10.07625
2024_0412_17:06:13 18 -15.609375 15.07875
2024_0412_17:06:14 18 98.5175 98.315
2024_0412_17:06:25 18 98.81375 98.63
2024_0412_17:07:53 17 0.103125 0.06
2024_0412_17:08:22 18 32.3275 -32.346875
2024_0412_17:08:42 18 -35.463125 80.2325
2024_0412_17:09:34 18 99.99875 -99.99875
2024_0412_17:09:39 18 98.72 98.6675
2024_0412_17:09:46 18 -0.32125 -0.016875
2024_0412_17:10:15 18 98.705625 97.151875
2024_0412_17:10:28 18 41.239375 38.99375
2024_0412_17:11:18 18 29.035 -17.631875
2024_0412_17:11:26 18 15.33 15.243125
2024_0412_17:13:02 18 98.415 49.034375
2024_0412_17:13:11 18 50.209375 -0.601875
2024_0412_17:13:46 18 93.649375 93.838125
2024_0412_17:14:36 18 4.731875 27.13
2024_0412_17:15:09 18 -0.165625 0.6025
2024_0412_17:15:47 18 -0.13625 -0.478125
2024_0412_17:16:43 18 -0.560625 0.091875
2024_0412_17:17:00 18 32.963125 32.524375
2024_0412_17:17:45 18 29.969375 57.72375
2024_0412_17:18:23 18 98.76 98.626875
2024_0412_17:18:26 18 -7.784375 43.59375
2024_0412_17:18:30 18 19.854375 0.344375
2024_0412_17:18:41 18 0.125 0.63
2024_0412_17:20:08 18 98.064375 97.888125
2024_0412_17:20:27 18 78.2425 63.953125
2024_0412_17:20:42 18 82.850625 91.994375
2024_0412_17:21:25 18 99.001875 98.704375
2024_0412_17:21:52 18 -0.19875 0.06875
2024_0412_17:22:37 18 -0.17125 -0.27125
2024_0412_17:22:45 18 98.255625 98.216875
2024_0412_17:23:52 18 -8.47 26.60625
2024_0412_17:24:38 18 -0.06625 0.1825
2024_0412_17:25:03 18 -10.075625 9.730625
2024_0412_17:26:09 18 98.305 98.248125
2024_0412_17:26:37 18 -0.019375 0.054375
2024_0412_17:26:46 18 98.468125 98.633125
2024_0412_17:27:02 18 -0.165625 0.570625
2024_0412_17:27:06 18 -0.384375 -0.143125
2024_0412_17:29:22 18 14.31875 16.25
2024_0412_17:29:31 18 98.5125 97.855
2024_0412_17:29:31 18 -7.400625 11.9175
2024_0412_17:29:35 18 -0.246875 -0.423125
2024_0412_17:29:51 18 20.295625 -9.12375
2024_0412_17:30:44 18 68.778125 5.408125
2024_0412_17:30:53 18 98.524375 98.40375
2024_0412_17:32:43 18 16.44 16.526875
2024_0412_17:33:16 18 35.083125 32.4825
2024_0412_17:33:42 18 0.291875 0.45875
2024_0412_17:35:08 18 42.03 41.94375
2024_0412_17:35:21 18 -0.61 0.099375
2024_0412_17:35:30 18 98.72375 98.53375
2024_0412_17:35:31 18 -0.189375 0.650625
2024_0412_17:36:29 18 54.071875 53.709375
2024_0412_17:37:45 18 -2.264375 36.4825
2024_0412_17:38:18 18 -0.11625 0.05625
2024_0412_17:38:22 18 12.719375 -1.69125
2024_0412_17:38:47 18 98.733125 98.655
2024_0412_17:38:53 18 6.009375 36.4125
2024_0412_17:39:31 18 48.67375 41.60125
2024_0412_17:40:24 18 -0.141875 -0.294375
2024_0412_17:41:10 18 0.2625 0.19375
2024_0412_17:41:17 18 -27.4375 49.364375
2024_0412_17:41:33 18 90.31875 65.1875
2024_0412_17:42:25 18 -0.925 31.35625
2024_0412_17:43:02 18 42.64125 37.481875
2024_0412_17:43:51 18 50.0 49.99875
2024_0412_17:44:51 18 0.0 -0.01
2024_0412_17:45:10 18 -36.08875 38.651875
2024_0412_17:45:14 18 0.075625 -0.128125
2024_0412_17:45:43 18 98.0375 97.993125
2024_0412_17:46:57 18 87.900625 67.445625
2024_0412_17:47:31 18 98.820625 97.6175
2024_0412_17:47:40 18 30.175625 42.6675
2024_0412_17:47:50 18 0.26125 0.439375
2024_0412_17:48:57 18 98.159375 98.75625
2024_0412_17:49:30 18 99.5775 81.16625
2024_0412_17:50:02 18 -20.1875 20.13625
2024_0412_17:50:35 18 35.030625 76.30125
2024_0412_17:51:02 18 0.179375 0.068125
2024_0412_17:51:07 18 98.5975 98.62
2024_0412_17:52:30 18 -12.276875 12.4125
2024_0412_17:52:47 18 47.923125 99.335625
2024_0412_17:53:31 18 98.56625 98.741875
2024_0412_17:53:50 18 -0.1325 -0.22375
2024_0412_17:54:56 18 1.47 0.118125
2024_0412_17:56:15 18 15.120625 15.968125
2024_0412_17:56:30 18 -12.29 12.48875
2024_0412_17:56:52 18 98.821875 98.714375
2024_0412_17:57:41 18 98.065625 98.301875
2024_0412_17:58:31 18 19.12625 18.67125
2024_0412_17:59:36 18 -2.7 2.4625
2024_0412_17:59:39 18 -3.111875 27.719375
2024_0412_18:00:04 18 0.025 0.310625
2024_0412_18:00:10 18 0.795 1.298125
2024_0412_18:00:38 18 98.07125 97.900625
2024_0412_18:01:20 18 98.271875 98.1425
2024_0412_18:02:12 18 99.99375 0.0
2024_0412_18:02:23 18 82.838125 82.92375
2024_0412_18:03:04 18 98.3275 98.8825
2024_0412_18:04:25 18 98.690625 98.7025
2024_0412_18:04:40 18 43.66625 -0.346875
2024_0412_18:04:55 18 0.048125 0.015
2024_0412_18:05:14 18 -4.4775 46.875625
2024_0412_18:06:05 18 8.5675 9.984375
2024_0412_18:06:54 18 26.048125 8.464375
2024_0412_18:07:51 18 0.2375 0.491875
2024_0412_18:08:05 18 9.911875 -9.641875
2024_0412_18:08:57 18 96.7925 98.544375
2024_0412_18:09:03 18 98.451875 97.385625
2024_0412_18:09:21 18 -0.565625 0.22875
2024_0412_18:10:37 18 0.14375 0.0425
2024_0412_18:10:41 18 98.355625 98.505625
2024_0412_18:10:43 18 15.18125 16.901875
2024_0412_18:11:20 18 0.676875 0.1075
2024_0412_18:12:45 18 98.853125 98.95625
2024_0412_18:13:30 18 98.755 98.8225
2024_0412_18:13:52 18 62.5675 62.63625
2024_0412_18:14:01 18 32.688125 32.764375
2024_0412_18:14:17 18 -49.99875 -99.9975
2024_0412_18:14:45 18 8.298125 6.654375
2024_0412_18:16:13 18 50.000625 -99.9975
2024_0412_18:16:30 18 0.011875 -0.055
2024_0412_18:17:11 18 96.45 91.024375
2024_0412_18:17:31 18 12.194375 -4.99625
2024_0412_18:17:43 18 98.52375 98.48875
2024_0412_18:17:53 18 -0.235 0.144375
2024_0412_18:19:01 18 6.57875 3.55625
2024_0412_18:19:08 18 -0.089375 0.3975
2024_0412_18:19:24 18 -0.30375 -0.195
2024_0412_18:21:18 18 98.043125 98.04375
2024_0412_18:22:29 18 23.66 -6.36625
2024_0412_18:22:50 18 38.471875 3.760625
2024_0412_18:23:04 18 0.67125 0.268125
2024_0412_18:23:05 18 97.828125 97.566875
2024_0412_18:23:19 18 -0.185625 0.22375
2024_0412_18:23:45 18 -0.111875 -0.08875
2024_0412_18:25:02 18 0.539375 -0.05875
2024_0412_18:25:34 18 55.45375 57.621875
2024_0412_18:25:58 18 -0.18875 2.085
2024_0412_18:26:28 18 0.68125 -0.5225
2024_0412_18:26:55 18 0.07375 0.445625
2024_0412_18:27:12 18 93.605 63.610625
2024_0412_18:27:30 18 97.275 98.60125
2024_0412_18:28:03 18 98.455625 98.41
2024_0412_18:28:10 18 98.866875 98.85625
2024_0412_18:30:35 18 -7.653125 7.72625
2024_0412_18:31:14 18 98.27125 98.2375
2024_0412_18:31:31 18 9.9825 -10.0075
2024_0412_18:31:43 18 98.523125 98.421875
2024_0412_18:31:45 18 16.8075 8.130625
2024_0412_18:31:56 18 -0.124375 -0.078125
2024_0412_18:33:56 18 -45.853125 64.560625
2024_0412_18:34:09 18 0.075 -0.2075
2024_0412_18:35:00 18 14.27625 14.65625
2024_0412_18:35:51 18 0.08875 0.3275
2024_0412_18:36:26 18 8.46875 -8.1375
2024_0412_18:36:31 18 -9.524375 10.00125
2024_0412_18:36:41 18 5.675 26.616875
2024_0412_18:37:46 18 49.3725 -0.169375
2024_0412_18:39:08 18 98.420625 97.984375
2024_0412_18:40:15 19 14.170625 4.699375
2024_0412_18:40:27 19 98.481875 98.3875
2024_0412_18:40:51 19 0.12375 0.069375
2024_0412_18:40:55 19 98.765 48.956875
2024_0412_18:40:58 19 -14.279375 14.29375
2024_0412_18:41:59 19 0.09625 0.5775
2024_0412_18:42:20 19 49.0225 90.87125
2024_0412_18:42:38 19 98.655625 98.02875
2024_0412_18:42:58 19 97.7425 47.953125
2024_0412_18:44:16 19 -0.899375 1.29625
2024_0412_18:45:12 19 0.664375 -0.78875
2024_0412_18:45:20 19 -0.299375 -0.180625
2024_0412_18:45:35 19 41.970625 98.420625
2024_0412_18:47:40 19 -0.30875 1.135625
2024_0412_18:47:53 19 25.580625 0.7475
2024_0412_18:48:44 19 1.13375 1.148125
2024_0412_18:49:02 19 -0.03125 -0.090625
2024_0412_18:49:40 19 -0.12 -0.08625
2024_0412_18:50:11 19 -0.0225 -0.053125
2024_0412_18:50:58 19 -0.28 0.255
2024_0412_18:51:26 19 97.9425 98.358125
2024_0412_18:51:27 19 94.860625 98.2075
2024_0412_18:51:37 19 -9.523125 9.795625
2024_0412_18:52:40 19 -0.3125 0.28
2024_0412_18:52:58 19 49.546875 49.37125
2024_0412_18:53:50 19 -0.404375 0.31
2024_0412_18:53:58 19 -0.065625 -0.019375
2024_0412_18:54:52 19 -0.280625 -0.146875
2024_0412_18:55:48 19 98.76125 98.696875
2024_0412_18:56:15 19 5.68375 72.13375
2024_0412_18:57:12 19 21.063125 -20.91125
2024_0412_18:58:31 19 36.5675 10.241875
2024_0412_18:58:53 19 71.625625 76.4825
2024_0412_18:59:12 19 0.939375 0.454375
2024_0412_18:59:28 19 4.36125 4.54625
2024_0412_18:59:49 19 0.30125 0.4225
2024_0412_19:01:53 19 0.14 -0.85
2024_0412_19:02:31 19 -0.121875 0.278125
2024_0412_19:02:45 19 11.8975 -10.726875
2024_0412_19:02:50 19 10.730625 10.168125
2024_0412_19:03:20 19 98.804375 98.645
2024_0412_19:03:26 19 0.525625 -0.094375
2024_0412_19:03:59 19 2.29375 -2.093125
2024_0412_19:05:34 19 19.0775 -19.748125
2024_0412_19:06:12 19 16.544375 -16.676875
2024_0412_19:06:51 19 48.678125 48.791875
2024_0412_19:07:29 19 12.363125 17.07
2024_0412_19:07:35 19 2.055 -1.0825
2024_0412_19:08:02 19 0.39125 0.050625
2024_0412_19:08:12 19 13.17625 0.78625
2024_0412_19:08:27 19 98.25375 98.080625
2024_0412_19:09:18 19 -0.03125 -0.266875
2024_0412_19:10:58 19 -0.294375 42.995625
2024_0412_19:11:37 19 91.800625 13.088125
2024_0412_19:11:40 19 -0.285 0.06875
2024_0412_19:11:54 19 98.06 98.23625
2024_0412_19:12:03 19 79.715 52.9975
2024_0412_19:12:28 19 0.225625 0.185
2024_0412_19:14:43 19 94.27625 95.719375
2024_0412_19:14:50 19 98.624375 98.68
2024_0412_19:14:54 19 19.826875 -20.34625
2024_0412_19:15:27 19 8.068125 7.9725
2024_0412_19:15:58 19 12.774375 10.394375
2024_0412_19:17:27 19 -9.45625 10.883125
2024_0412_19:17:29 19 47.115625 31.71
2024_0412_19:17:48 19 98.68 98.533125
2024_0412_19:18:49 19 -0.17 -0.085625
2024_0412_19:19:27 19 -0.311875 -0.349375
2024_0412_19:20:20 19 0.096875 -1.72875
2024_0412_19:20:40 19 -0.12625 9.215625
2024_0412_19:21:00 19 98.48375 98.7075
2024_0412_19:21:09 19 -49.996875 49.998125
2024_0412_19:21:13 19 0.28875 0.181875
2024_0412_19:22:42 19 -0.5125 0.115625
2024_0412_19:23:21 19 -0.226875 0.17125
2024_0412_19:23:30 19 35.97375 -35.76125
2024_0412_19:25:04 19 -5.7875 5.90625
2024_0412_19:25:10 19 65.4625 48.88125
2024_0412_19:26:41 19 25.088125 -24.751875
2024_0412_19:26:44 19 10.56 -9.99125
2024_0412_19:26:44 19 98.591875 98.50875
2024_0412_19:27:52 19 3.428125 3.285
2024_0412_19:27:53 19 15.584375 -15.319375
2024_0412_19:28:57 19 0.2125 -0.314375
2024_0412_19:29:39 19 16.601875 16.338125
2024_0412_19:29:42 19 -0.173125 -0.305
2024_0412_19:29:43 19 97.65 97.83625
2024_0412_19:29:46 19 14.27875 15.441875
2024_0412_19:29:54 19 40.313125 -36.441875
2024_0412_19:31:11 19 0.04 0.154375
2024_0412_19:32:03 19 -0.079375 -0.019375
2024_0412_19:32:55 19 99.04625 98.930625
2024_0412_19:33:29 20 -0.20375 0.086875
2024_0412_19:35:14 20 98.74375 88.37125
2024_0412_19:35:16 20 98.3425 98.64375
2024_0412_19:35:29 20 23.21 7.605625
2024_0412_19:36:34 20 2.2175 -2.13
2024_0412_19:37:16 20 46.635 47.3075
2024_0412_19:37:25 20 13.29375 48.720625
2024_0412_19:38:21 20 0.11125 0.050625
2024_0412_19:38:25 20 23.700625 49.041875
2024_0412_19:38:31 20 76.92625 76.436875
2024_0412_19:38:44 20 49.999375 -49.999375
2024_0412_19:38:50 20 -0.34 0.4975
2024_0412_19:40:20 20 100.0 100.0
2024_0412_19:41:33 20 -0.76625 2.685625
2024_0412_19:41:44 20 11.623125 23.946875
2024_0412_19:42:01 20 18.234375 14.158125
2024_0412_19:43:43 20 0.21125 0.01625
2024_0412_19:44:11 20 14.046875 13.390625
2024_0412_19:44:14 20 6.258125 8.780625
2024_0412_19:44:33 20 98.405625 98.461875
2024_0412_19:45:32 20 60.41625 68.585
2024_0412_19:46:06 20 38.310625 39.409375
2024_0412_19:47:06 20 0.121875 -0.199375
2024_0412_19:47:08 20 98.570625 98.75625
2024_0412_19:47:14 20 98.431875 98.535
2024_0412_19:47:26 20 -0.23625 0.21875
2024_0412_19:48:09 20 -13.038125 12.2675
2024_0412_19:49:30 20 0.261875 -0.01625
2024_0412_19:50:13 20 80.29875 -0.299375
2024_0412_19:50:21 20 -0.074375 -0.01375
2024_0412_19:50:30 20 5.609375 -5.583125
2024_0412_19:52:57 20 98.620625 98.39
2024_0412_19:53:24 20 -0.000625 -0.000625
2024_0412_19:53:35 20 16.904375 -16.311875
2024_0412_19:54:13 20 84.585 91.2725
2024_0412_19:54:41 20 92.605625 98.559375
2024_0412_19:56:00 20 1.445 -1.521875
2024_0412_19:56:08 20 0.245625 -0.064375
2024_0412_19:56:13 20 0.026875 -0.388125
2024_0412_19:56:26 20 98.475625 98.409375
2024_0412_19:56:37 20 98.15 98.413125
2024_0412_19:57:26 20 -12.899375 12.576875
2024_0412_19:58:29 20 98.72625 98.659375
2024_0412_19:58:50 20 50.24875 -50.161875
2024_0412_19:58:53 20 8.92 9.2675
2024_0412_19:58:59 20 -3.28 7.78125
2024_0412_19:59:22 20 49.998125 99.99875
2024_0412_20:01:11 20 0.216875 0.131875
2024_0412_20:01:54 20 0.07 0.329375
2024_0412_20:02:12 20 98.469375 98.54875
2024_0412_20:02:47 20 48.62375 3.5
2024_0412_20:03:42 20 40.305625 48.255625
2024_0412_20:04:42 20 98.631875 98.19875
2024_0412_20:04:49 20 98.4675 97.76
2024_0412_20:04:54 20 98.085 98.420625
2024_0412_20:05:06 20 -7.781875 72.476875
2024_0412_20:05:17 20 13.0375 13.168125
2024_0412_20:06:06 20 13.11875 13.10375
2024_0412_20:07:35 20 -0.356875 0.45375
2024_0412_20:07:36 20 -0.300625 0.1775
2024_0412_20:07:51 20 98.565625 98.25375
2024_0412_20:08:04 20 0.27375 49.200625
2024_0412_20:08:05 20 -0.735 28.24375
2024_0412_20:10:20 20 16.66625 17.148125
2024_0412_20:10:58 20 88.190625 72.691875
2024_0412_20:11:20 20 -19.97375 20.14875
2024_0412_20:12:14 20 56.195 38.54375
2024_0412_20:13:23 20 23.853125 13.511875
2024_0412_20:13:24 20 12.95625 -12.110625
2024_0412_20:13:28 20 -99.99625 99.995625
2024_0412_20:13:34 20 -7.11375 6.765625
2024_0412_20:14:29 20 68.896875 88.94
2024_0412_20:14:39 20 1.4025 0.943125
2024_0412_20:15:54 20 0.468125 1.5675
2024_0412_20:16:05 20 98.495 98.75875
2024_0412_20:16:40 20 0.480625 -0.580625
2024_0412_20:16:48 20 77.146875 64.146875
2024_0412_20:16:49 20 60.910625 94.3275
2024_0412_20:19:40 20 0.300625 0.27875
2024_0412_20:19:42 20 14.41875 14.875
2024_0412_20:20:33 20 49.999375 -99.99875
2024_0412_20:20:41 20 40.060625 -39.95
2024_0412_20:20:44 20 47.505 99.174375
2024_0412_20:21:55 20 80.185625 84.515625
2024_0412_20:22:00 20 0.025625 0.07
2024_0412_20:22:07 20 0.1375 -0.08625
2024_0412_20:23:04 20 0.084375 -0.130625
2024_0412_20:23:32 20 48.896875 99.041875
2024_0412_20:23:55 20 63.406875 62.17625
2024_0412_20:24:33 20 27.7 -10.415
2024_0412_20:25:02 20 -0.06 -0.150625
2024_0412_20:25:26 20 7.531875 -7.219375
2024_0412_20:25:31 20 45.059375 -1.966875
2024_0412_20:25:37 20 9.185 49.23875
2024_0412_20:28:19 20 2.061875 14.718125
2024_0412_20:29:15 13 15.963125 16.006875
2024_0412_20:29:47 5 98.649375 98.695
2024_0412_20:29:49 13 -0.2525 0.238125
2024_0412_20:31:07 13 98.451875 98.554375
2024_0412_20:31:07 13 0.085 -0.214375
2024_0412_20:32:01 14 -0.508125 21.928125
2024_0412_20:32:31 14 97.720625 98.441875
2024_0412_20:32:52 14 -0.11625 0.058125
2024_0412_20:33:18 14 -0.193125 0.360625
2024_0412_20:33:36 15 0.255 0.001875
2024_0412_20:33:40 13 -0.27125 0.190625
2024_0412_20:33:43 14 -0.53125 -0.30375
2024_0412_20:34:01 15 0.02625 11.86125
2024_0412_20:34:50 15 98.52 98.780625
2024_0412_20:34:53 15 0.315625 -0.006875
2024_0412_20:37:21 15 98.996875 98.694375
2024_0412_20:38:19 15 48.701875 65.096875
2024_0412_20:38:59 15 -0.089375 -0.0975
2024_0412_20:39:14 15 90.56125 67.91375
2024_0412_20:39:38 16 -0.130625 -0.22
2024_0412_20:40:32 16 13.860625 -8.975625
2024_0412_20:41:07 16 0.064375 -0.634375
2024_0412_20:41:18 15 86.47625 43.485625
2024_0412_20:42:06 16 -0.253125 -0.339375
2024_0412_20:42:10 16 -11.468125 11.163125
2024_0412_20:42:17 16 1.666875 8.534375
2024_0412_20:42:18 16 0.14875 0.026875
2024_0412_20:42:51 16 98.411875 98.48875
2024_0412_20:43:25 16 -0.306875 0.3625
2024_0412_20:44:10 17 98.616875 98.730625
2024_0412_20:44:11 17 1.2025 -0.57125
2024_0412_20:45:50 17 10.234375 -9.6475
2024_0412_20:47:47 17 1.131875 0.02875
2024_0412_20:47:47 17 41.9225 31.900625
2024_0412_20:47:49 17 -0.10125 0.1875
2024_0412_20:48:08 17 98.13625 98.03375
2024_0412_20:48:56 17 16.29375 15.798125
2024_0412_20:49:55 17 76.9525 76.911875
2024_0412_20:50:12 17 72.208125 73.295625
2024_0412_20:50:41 17 73.0375 52.3
2024_0412_20:50:51 17 15.26625 15.565
2024_0412_20:50:51 17 34.435625 -34.168125
2024_0412_20:51:48 17 67.0375 88.588125
2024_0412_20:52:36 18 99.99875 -49.99875
2024_0412_20:52:51 18 98.400625 98.65375
2024_0412_20:53:14 18 0.0875 0.691875
2024_0412_20:54:01 18 11.86875 11.528125
2024_0412_20:54:19 18 0.151875 -0.566875
2024_0412_20:56:19 18 0.57 -0.2225
2024_0412_20:56:56 19 -20.424375 20.338125
2024_0412_20:57:08 18 -0.148125 -0.105
2024_0412_20:58:15 18 11.513125 -11.545
2024_0412_20:58:28 19 -24.766875 24.96
2024_0412_20:58:43 19 0.125625 -0.073125
2024_0412_20:59:29 19 94.8325 94.62375
2024_0412_20:59:35 19 98.37875 98.583125
2024_0412_21:00:14 19 0.02625 -0.138125
2024_0412_21:00:26 19 14.874375 -14.914375
2024_0412_21:01:25 19 -10.111875 10.525625
2024_0412_21:02:38 20 54.69625 54.415
2024_0412_21:03:32 20 -30.4025 30.04125
2024_0412_21:04:07 19 98.6925 98.608125
2024_0412_21:04:41 20 0.334375 -0.18125
2024_0412_21:04:56 20 0.0825 0.08625
2024_0412_21:05:19 20 98.523125 98.5525
2024_0412_21:05:40 20 0.303125 0.006875
2024_0412_21:06:09 20 18.55875 18.29375
2024_0412_21:06:49 18 0.045625 -0.07625
2024_0412_21:10:25 19 22.255 12.19
2024_0412_21:11:44 20 49.85875 -2.04875
2024_0412_21:13:19 19 48.7575 59.9825
