0.20683000000013646 0.11868500000004831 0.027855000000003193 0.006694999999999811 0.02275500000000163 0.021925000000001377 0.020545000000000955 0.020290000000000877 0.020255000000000866 0.007929999999999762 0.0439749999999993 0.03667500000000213 0.061654999999992445 0.05844999999999369 0.06654999999999617 0.050869999999996626 0.06415999999999378 0.06262999999999225 0.04189000000000011 0.03938000000000108 
2024_0411_20:31:32 11 -0.7 -0.6
2024_0411_20:31:32 6 92.25 92.6875
2024_0411_20:32:09 10 86.9875 83.0125
2024_0411_20:32:11 5 92.1625 92.65
2024_0411_20:32:14 11 86.4 89.1625
2024_0411_20:32:20 3 90.3125 88.025
2024_0411_20:32:26 4 91.075 87.95
2024_0411_20:32:52 7 88.8875 87.4
2024_0411_20:32:53 1 91.9375 92.7
2024_0411_20:32:55 2 89.325 89.0625
2024_0411_20:32:57 2 88.175 86.5
2024_0411_20:32:57 9 93.675 93.1125
2024_0411_20:33:00 8 90.0125 88.2125
2024_0411_20:33:00 1 92.5375 92.2875
2024_0411_20:33:02 1 92.8125 92.975
2024_0411_20:35:28 6 93.2375 92.3125
2024_0411_20:39:48 13 84.95 62.2625
2024_0411_20:40:31 12 62.25 -7.7875
2024_0411_20:40:33 14 88.2125 79.9875
2024_0411_20:40:34 15 0.2 -0.6
2024_0411_20:40:47 16 0.8375 0.4375
2024_0411_20:40:49 15 0.05 0.275
2024_0411_20:40:58 13 -48.1125 48.6125
2024_0411_20:41:50 20 -0.95 -1.6625
2024_0411_20:42:05 20 0.025 1.85
2024_0411_20:42:15 18 24.7125 -23.75
2024_0411_20:42:27 18 -10.1 9.45
2024_0411_20:42:29 17 -2.1125 0.55
2024_0411_20:42:40 17 1.7875 -0.55
2024_0411_20:44:13 19 18.225 9.2125
2024_0411_20:52:39 8 87.325 87.9375
2024_0411_20:52:43 4 90.35 88.3125
2024_0411_20:53:09 9 92.25 92.9625
2024_0411_20:53:12 7 89.475 89.925
2024_0411_20:53:21 5 93.325 92.6
2024_0411_20:53:22 11 89.475 88.7
2024_0411_20:53:25 11 0.7125 1.55
2024_0411_20:53:30 2 75.8125 90.2
2024_0411_20:53:32 6 92.95 93.5
2024_0411_20:53:45 11 49.975 -49.975
2024_0411_20:53:48 10 88.95 87.8375
2024_0411_20:53:49 3 91.1625 89.6
2024_0411_20:53:50 12 -16.475 16.4625
2024_0411_20:53:56 11 -0.1375 -1.0625
2024_0411_20:53:57 11 0.1375 0.5
2024_0411_20:55:39 1 93.5625 92.625
2024_0411_21:01:17 13 91.175 91.7375
2024_0411_21:01:48 15 3.25 35.9375
2024_0411_21:01:56 16 -3.2375 92.9625
2024_0411_21:02:00 13 10.3125 -11.45
2024_0411_21:02:08 13 10.0 62.7625
2024_0411_21:02:14 18 92.5125 92.05
2024_0411_21:02:16 13 29.8625 -4.2
2024_0411_21:02:26 14 89.7875 93.7625
2024_0411_21:02:35 13 89.3625 90.95
2024_0411_21:02:35 19 0.975 1.525
2024_0411_21:02:36 17 -1.9625 -1.9375
2024_0411_21:02:37 19 39.35 -12.325
2024_0411_21:03:20 20 93.525 92.5875
2024_0411_21:03:32 20 49.925 -49.875
2024_0411_21:04:46 13 -38.8875 44.825
2024_0411_21:13:39 1 92.4125 92.8875
2024_0411_21:13:44 7 88.875 88.95
2024_0411_21:13:45 5 92.5625 91.9875
2024_0411_21:13:49 6 92.525 93.175
2024_0411_21:13:53 3 88.025 84.5375
2024_0411_21:13:53 12 -2.125 2.1125
2024_0411_21:13:54 4 88.3625 88.325
2024_0411_21:13:57 12 90.15 87.8375
2024_0411_21:13:59 12 89.9625 84.575
2024_0411_21:14:13 2 90.9125 89.7
2024_0411_21:14:21 9 93.225 92.9
2024_0411_21:14:21 10 89.4625 91.0375
2024_0411_21:14:22 11 0.1 -0.475
2024_0411_21:14:24 11 69.3 28.5125
2024_0411_21:14:24 11 93.275 93.775
2024_0411_21:15:40 8 91.7375 89.2125
2024_0411_21:22:09 13 92.8125 92.4
2024_0411_21:22:11 15 87.85 85.2
2024_0411_21:22:25 15 85.15 91.025
2024_0411_21:22:32 16 39.9625 17.2125
2024_0411_21:22:44 13 51.275 -49.45
2024_0411_21:22:45 14 -1.2625 0.8
2024_0411_21:23:03 16 56.8875 79.0625
2024_0411_21:23:11 13 -1.675 -0.6625
2024_0411_21:23:20 15 -42.15 41.2
2024_0411_21:23:22 18 -1.2375 1.15
2024_0411_21:23:33 18 -10.5375 14.1875
2024_0411_21:24:00 18 -73.2875 71.8625
2024_0411_21:24:00 17 45.05 95.0625
2024_0411_21:24:02 16 -18.2625 54.0625
2024_0411_21:25:08 13 91.4375 91.5125
2024_0411_21:25:11 18 -3.925 -0.1625
2024_0411_21:30:30 18 -0.0375 0.1
2024_0411_21:30:35 19 42.875 -10.125
2024_0411_21:30:42 18 -7.2 32.0
2024_0411_21:30:45 19 25.6875 21.8375
2024_0411_21:30:53 20 -2.0625 3.6
2024_0411_21:31:02 20 12.075 -10.6
2024_0411_21:31:05 20 0.275 1.575
2024_0411_21:31:11 20 0.45 -0.725
2024_0411_21:40:00 11 0.6 -0.125
2024_0411_21:40:06 2 88.9625 89.0875
2024_0411_21:40:07 11 1.0625 -0.175
2024_0411_21:40:08 8 89.0 89.625
2024_0411_21:40:13 1 92.85 92.5125
2024_0411_21:40:13 5 92.475 92.775
2024_0411_21:40:19 3 88.5375 88.0125
2024_0411_21:40:19 11 0.5125 0.8
2024_0411_21:40:47 9 92.3125 93.3
2024_0411_21:40:50 10 89.0125 84.025
2024_0411_21:40:52 7 90.125 88.975
2024_0411_21:40:53 11 0.3 -0.075
2024_0411_21:40:58 11 90.0375 90.325
2024_0411_21:41:01 11 90.6125 88.3375
2024_0411_21:43:20 6 92.625 93.275
2024_0411_21:44:42 11 -0.125 0.675
2024_0411_21:48:14 12 90.3 68.7625
2024_0411_21:48:39 12 67.7 69.2
2024_0411_21:49:03 12 -14.275 53.1375
2024_0411_21:49:05 12 85.975 87.525
2024_0411_21:49:07 12 89.125 77.6375
2024_0411_21:49:08 12 -0.9 -1.3
2024_0411_21:49:29 11 -99.9875 100.0
2024_0411_21:49:31 12 0.1375 0.2875
2024_0411_21:49:47 13 33.875 0.3375
2024_0411_21:49:48 12 92.7875 92.725
2024_0411_21:49:59 13 -2.175 1.425
2024_0411_21:50:17 13 86.0875 90.65
2024_0411_21:50:32 13 84.525 88.775
2024_0411_21:50:49 13 -0.825 0.3
2024_0411_21:53:32 13 0.0875 1.275
2024_0411_21:55:29 13 31.6375 36.7375
2024_0411_21:56:57 13 -2.4125 1.3625
2024_0411_21:57:01 13 88.1375 85.075
2024_0411_21:57:19 13 80.5375 65.65
2024_0411_21:57:21 13 91.75 93.125
2024_0411_21:57:49 13 -49.9875 -99.975
2024_0411_21:58:17 14 -0.375 1.5625
2024_0411_21:58:24 14 -0.2125 -0.6625
2024_0411_21:58:54 14 92.7625 90.4375
2024_0411_21:59:11 14 -0.1875 -1.175
2024_0411_21:59:21 14 91.65 86.35
2024_0411_21:59:23 14 0.65 0.0
2024_0411_21:59:23 14 -11.775 13.2625
2024_0411_21:59:26 14 41.225 89.1625
2024_0411_21:59:55 14 85.3625 64.3375
2024_0411_22:01:46 14 -0.4375 -0.575
2024_0411_22:04:56 14 91.3375 89.15
2024_0411_22:05:43 14 90.4 86.4375
2024_0411_22:05:47 14 -0.5125 -0.45
2024_0411_22:05:56 14 -1.5 -0.4625
2024_0411_22:06:00 15 0.8875 -3.2625
2024_0411_22:07:30 15 40.925 19.8
2024_0411_22:08:06 15 -1.275 -0.7
2024_0411_22:08:21 15 0.225 0.7625
2024_0411_22:08:25 15 0.425 0.45
2024_0411_22:08:28 15 93.075 92.3125
2024_0411_22:08:46 15 -0.1125 0.3375
2024_0411_22:08:47 15 92.0875 90.725
2024_0411_22:09:22 15 0.125 -1.1875
2024_0411_22:09:54 15 85.7375 89.25
2024_0411_22:10:29 15 2.7875 -0.275
2024_0411_22:13:01 15 -0.2625 -2.05
2024_0411_22:14:11 16 8.9125 -8.275
2024_0411_22:14:14 16 24.8 68.425
2024_0411_22:14:15 16 17.125 -17.0125
2024_0411_22:14:30 16 3.2375 1.9375
2024_0411_22:14:37 16 90.675 89.4125
2024_0411_22:16:29 16 9.0875 10.7375
2024_0411_22:17:22 17 -0.975 0.075
2024_0411_22:17:26 17 1.475 -0.0625
2024_0411_22:17:30 17 -9.525 10.3125
2024_0411_22:17:35 17 -80.3 79.775
2024_0411_22:17:38 17 77.7125 55.4125
2024_0411_22:18:22 17 26.0125 21.175
2024_0411_22:18:46 17 8.1125 8.9375
2024_0411_22:18:48 17 -49.975 -49.975
2024_0411_22:21:09 17 -0.175 -1.2625
2024_0411_22:23:02 18 100.0 -49.9875
2024_0411_22:23:04 18 99.85 -99.8875
2024_0411_22:23:25 18 40.3125 -0.4875
2024_0411_22:23:48 18 40.525 -38.8625
2024_0411_22:23:55 18 91.2125 -51.875
2024_0411_22:25:50 18 -25.925 58.8875
2024_0411_22:26:09 18 89.0625 90.9875
2024_0411_22:26:11 18 90.45 90.575
2024_0411_22:26:18 19 -0.95 2.2625
2024_0411_22:26:26 19 36.075 -10.5
2024_0411_22:26:35 19 -36.35 42.0625
2024_0411_22:27:05 20 0.175 -1.8875
2024_0411_22:27:15 20 -12.775 80.0875
2024_0411_22:27:19 20 -1.45 -0.0875
2024_0411_22:29:59 20 -0.525 0.2125
2024_0411_22:31:15 20 -11.55 14.025
2024_0411_22:31:45 4 86.7875 82.65
2024_0411_22:31:50 15 -0.625 -0.225
2024_0411_22:31:54 20 0.875 1.05
2024_0411_22:32:13 17 23.6875 -7.4125
2024_0411_22:32:35 18 -0.775 -1.725
2024_0411_22:33:46 20 15.475 -13.825
2024_0411_22:42:15 3 87.15 90.675
2024_0411_22:42:17 2 89.9875 90.1875
2024_0411_22:42:42 11 -1.9875 0.725
2024_0411_22:42:52 11 1.2125 -1.15
2024_0411_22:42:53 1 92.175 93.2625
2024_0411_22:43:02 7 89.325 88.525
2024_0411_22:43:02 5 92.8 93.4625
2024_0411_22:43:10 6 92.3 93.0625
2024_0411_22:43:11 9 93.4375 93.3375
2024_0411_22:43:20 11 0.3875 -0.65
2024_0411_22:43:24 10 76.3375 89.6875
2024_0411_22:43:27 11 -0.4625 0.0
2024_0411_22:43:28 8 89.025 85.25
2024_0411_22:43:33 11 88.3875 38.6375
2024_0411_22:43:33 4 87.1 89.8125
2024_0411_22:45:27 11 88.6 91.2
2024_0411_22:51:10 11 1.6375 -0.45
2024_0411_22:51:13 12 90.575 86.9875
2024_0411_22:51:18 11 1.2875 -0.325
2024_0411_22:51:18 12 86.25 90.625
2024_0411_22:51:35 12 86.3375 89.1625
2024_0411_22:51:38 12 91.8375 93.0375
2024_0411_22:51:56 12 -1.6125 1.1
2024_0411_22:51:57 12 0.525 1.4625
2024_0411_22:52:16 12 66.4875 65.6125
2024_0411_22:52:19 13 0.1375 -1.0
2024_0411_22:52:25 13 91.2875 91.55
2024_0411_22:52:50 12 95.0875 38.45
2024_0411_22:53:10 13 90.0125 -77.5625
2024_0411_22:53:11 13 92.6125 92.725
2024_0411_22:53:14 13 0.5625 -0.575
2024_0411_22:57:01 13 -1.2625 -0.975
2024_0411_22:59:30 13 0.9875 -0.0125
2024_0411_22:59:32 13 -0.4 1.35
2024_0411_22:59:55 13 -0.0625 1.8875
2024_0411_23:00:16 13 1.5375 2.325
2024_0411_23:00:32 13 1.6125 -2.55
2024_0411_23:00:36 13 12.5875 13.5
2024_0411_23:01:08 13 -3.425 18.8
2024_0411_23:01:34 14 93.0875 95.325
2024_0411_23:01:49 14 1.225 0.0875
2024_0411_23:01:51 14 85.1 86.0125
2024_0411_23:02:02 14 -49.975 -99.975
2024_0411_23:02:02 14 85.1875 89.1125
2024_0411_23:02:09 14 0.3875 -0.6125
2024_0411_23:02:16 14 69.0 70.1625
2024_0411_23:02:59 14 -9.6875 49.425
2024_0411_23:07:56 14 -1.975 -1.475
2024_0411_23:08:17 14 91.8125 92.125
2024_0411_23:08:28 15 -0.1 0.6875
2024_0411_23:08:30 14 99.925 99.925
2024_0411_23:08:36 14 88.1375 88.2625
2024_0411_23:08:53 15 0.0375 -0.525
2024_0411_23:09:24 15 89.375 88.1375
2024_0411_23:10:04 15 -78.3625 78.2875
2024_0411_23:10:44 15 1.0375 -0.6625
2024_0411_23:11:11 15 87.875 43.25
2024_0411_23:11:13 15 89.0125 88.45
2024_0411_23:11:15 15 -31.925 38.55
2024_0411_23:11:24 15 -0.7625 0.475
2024_0411_23:11:41 15 1.2625 -0.15
2024_0411_23:11:50 15 0.0875 -0.1625
2024_0411_23:12:04 15 2.625 0.8875
2024_0411_23:16:40 16 -0.3 -0.0125
2024_0411_23:17:07 16 -9.9625 7.5
2024_0411_23:17:09 16 4.1875 5.2375
2024_0411_23:17:32 16 0.05 -2.6375
2024_0411_23:17:55 16 7.5875 7.75
2024_0411_23:18:28 16 -2.2875 -0.5875
2024_0411_23:18:58 16 0.25 -2.05
2024_0411_23:19:21 16 -0.425 -1.7625
2024_0411_23:20:13 17 94.2375 91.9375
2024_0411_23:20:18 16 49.9875 -99.975
2024_0411_23:20:29 17 88.65 86.7
2024_0411_23:20:43 17 -2.525 12.65
2024_0411_23:21:13 17 9.8625 -9.55
2024_0411_23:21:53 17 1.15 0.75
2024_0411_23:22:02 17 15.775 69.4875
2024_0411_23:25:09 17 93.1125 92.8375
2024_0411_23:25:29 17 1.8 -0.675
2024_0411_23:25:44 18 0.9625 0.0875
2024_0411_23:26:05 18 90.225 40.4
2024_0411_23:26:20 18 -11.65 12.2
2024_0411_23:26:42 18 88.4625 92.725
2024_0411_23:27:47 18 -0.025 50.0
2024_0411_23:28:26 18 -1.1 -0.1
2024_0411_23:28:55 18 89.6 87.2625
2024_0411_23:29:09 18 2.325 -1.7375
2024_0411_23:29:12 18 -6.8875 6.9
2024_0411_23:29:19 19 -0.675 1.275
2024_0411_23:29:37 19 1.3875 72.8
2024_0411_23:30:16 19 9.3125 3.2625
2024_0411_23:31:07 20 -21.375 62.35
2024_0411_23:32:44 20 86.3375 88.1125
2024_0411_23:33:57 20 0.2875 43.0
2024_0411_23:34:06 20 89.775 88.9875
2024_0411_23:34:32 18 -1.0875 0.6125
2024_0411_23:34:34 20 99.975 49.975
2024_0411_23:35:30 17 1.65 1.5875
2024_0411_23:38:32 20 25.4375 24.4375
2024_0411_23:46:48 8 85.9 88.45
2024_0411_23:47:27 1 92.65 93.6125
2024_0411_23:47:28 11 -0.575 1.2375
2024_0411_23:47:31 11 7.85 49.2125
2024_0411_23:47:31 11 91.0375 86.425
2024_0411_23:47:35 11 92.0 92.4125
2024_0411_23:47:36 6 93.6625 92.4
2024_0411_23:47:37 9 92.9875 93.1875
2024_0411_23:47:41 7 83.425 88.05
2024_0411_23:47:42 2 90.2375 91.0875
2024_0411_23:48:11 10 90.975 88.6875
2024_0411_23:48:15 3 89.7625 87.2375
2024_0411_23:48:15 4 86.9375 90.0125
2024_0411_23:48:16 5 91.95 92.6625
2024_0411_23:48:18 11 0.3375 0.75
2024_0411_23:50:45 11 89.3875 88.7875
2024_0411_23:55:05 11 2.05 0.5875
2024_0411_23:55:33 11 0.225 -1.375
2024_0411_23:55:46 11 0.275 -1.4875
2024_0411_23:56:21 11 -0.0375 0.9375
2024_0411_23:56:33 11 92.4625 93.6125
2024_0411_23:56:36 11 1.6875 0.3
2024_0411_23:56:40 11 90.4375 87.15
2024_0411_23:56:42 11 -99.975 49.9875
2024_0411_23:57:07 12 -0.9375 0.0875
2024_0411_23:57:09 11 -1.7375 0.0125
2024_0411_23:57:11 11 99.9625 -99.9625
2024_0411_23:57:13 12 1.475 -1.0375
2024_0411_23:57:35 12 90.35 90.1875
2024_0411_23:57:53 12 89.8375 91.0125
2024_0411_23:57:56 11 92.775 92.275
2024_0412_00:02:17 12 90.0875 91.375
2024_0412_00:04:09 12 0.9875 1.525
2024_0412_00:04:13 12 -0.0875 -1.9125
2024_0412_00:04:25 12 89.8625 85.8125
2024_0412_00:04:50 12 11.225 14.55
2024_0412_00:04:58 12 0.8875 -2.1
2024_0412_00:05:24 12 -0.3875 0.15
2024_0412_00:05:59 12 91.4 93.25
2024_0412_00:05:59 13 89.15 87.0875
2024_0412_00:06:05 12 90.4875 84.675
2024_0412_00:06:06 12 87.3125 90.275
2024_0412_00:06:16 13 89.2625 87.5125
2024_0412_00:06:34 12 91.85 91.9
2024_0412_00:06:57 13 87.85 83.9
2024_0412_00:07:24 13 55.1125 85.85
2024_0412_00:07:24 13 93.5625 91.5625
2024_0412_00:12:29 13 89.0875 90.0
2024_0412_00:12:32 13 1.25 -0.425
2024_0412_00:12:54 13 90.55 91.2
2024_0412_00:13:13 13 89.7625 43.6
2024_0412_00:13:40 13 92.9 92.625
2024_0412_00:13:52 13 4.525 4.475
2024_0412_00:14:07 13 -0.0125 3.8625
2024_0412_00:15:15 13 1.825 -1.3125
2024_0412_00:15:23 13 -2.0875 -0.1875
2024_0412_00:15:39 13 99.925 -99.95
2024_0412_00:15:43 13 -0.125 -0.775
2024_0412_00:15:59 13 90.6625 87.5
2024_0412_00:16:05 13 89.7875 87.625
2024_0412_00:16:31 13 -0.525 -0.15
2024_0412_00:16:58 13 -1.7125 -0.4375
2024_0412_00:18:26 13 90.2 87.175
2024_0412_00:20:30 13 88.8875 90.075
2024_0412_00:21:16 13 -1.2875 -1.1125
2024_0412_00:21:32 13 0.3375 2.7875
2024_0412_00:21:42 13 -0.4875 0.575
2024_0412_00:21:48 14 24.5625 26.1875
2024_0412_00:21:53 14 -1.5125 -1.5
2024_0412_00:22:55 14 19.1875 -18.9625
2024_0412_00:24:21 14 86.775 89.2
2024_0412_00:24:31 14 88.925 77.8
2024_0412_00:24:48 14 71.475 73.4875
2024_0412_00:24:54 14 5.275 5.4375
2024_0412_00:25:18 14 92.1375 91.975
2024_0412_00:26:11 14 88.0375 76.025
2024_0412_00:26:27 14 -7.3125 29.5
2024_0412_00:27:54 14 49.975 49.9875
2024_0412_00:28:36 14 66.15 11.5875
2024_0412_00:28:40 14 92.4375 92.7625
2024_0412_00:29:47 14 89.375 90.175
2024_0412_00:30:03 14 -20.975 18.4375
2024_0412_00:30:44 14 10.2375 8.6
2024_0412_00:30:55 14 16.2 17.0625
2024_0412_00:31:00 14 92.6 90.3125
2024_0412_00:31:17 14 91.2375 41.7125
2024_0412_00:33:14 14 58.325 72.15
2024_0412_00:33:28 14 -0.6875 0.2
2024_0412_00:33:35 14 -0.175 -0.8875
2024_0412_00:33:50 14 -49.975 -99.925
2024_0412_00:34:17 14 92.2875 92.45
2024_0412_00:34:57 14 77.9375 -3.3625
2024_0412_00:36:39 14 0.375 -0.375
2024_0412_00:36:46 15 75.8375 74.7
2024_0412_00:37:35 15 88.125 88.2375
2024_0412_00:37:52 14 11.5625 6.275
2024_0412_00:38:33 15 11.2375 10.375
2024_0412_00:38:50 15 26.65 -27.375
2024_0412_00:39:05 15 -94.8375 97.7625
2024_0412_00:39:14 15 91.9 92.25
2024_0412_00:40:01 15 1.25 3.7375
2024_0412_00:40:21 15 79.3 81.075
2024_0412_00:42:14 15 0.8375 0.875
2024_0412_00:42:15 15 -0.3 -0.7
2024_0412_00:43:03 15 38.4875 -2.1
2024_0412_00:43:05 15 -0.6875 -1.3375
2024_0412_00:43:22 15 -8.7875 11.8875
2024_0412_00:44:20 15 -0.075 1.075
2024_0412_00:44:51 15 71.8625 71.6125
2024_0412_00:46:07 15 -1.025 -0.3125
2024_0412_00:46:53 15 0.6375 1.5
2024_0412_00:47:10 15 64.925 67.2125
2024_0412_00:47:26 15 1.8125 -1.775
2024_0412_00:47:44 15 89.8375 90.25
2024_0412_00:48:08 15 1.1625 -1.475
2024_0412_00:48:24 15 93.325 93.2625
2024_0412_00:48:56 15 12.7625 64.875
2024_0412_00:49:09 16 1.55 1.125
2024_0412_00:51:02 16 -12.0875 10.575
2024_0412_00:51:40 16 1.05 1.1875
2024_0412_00:51:59 16 -1.325 0.6125
2024_0412_00:52:13 16 89.2125 17.3375
2024_0412_00:53:06 16 92.3 92.65
2024_0412_00:53:34 16 93.0625 93.125
2024_0412_00:53:45 16 66.8 -1.35
2024_0412_00:54:53 16 -2.525 -0.25
2024_0412_00:55:30 16 18.45 45.625
2024_0412_00:55:34 16 24.025 30.225
2024_0412_00:56:14 16 88.4 88.1625
2024_0412_00:56:31 16 -0.925 -0.25
2024_0412_00:56:36 16 1.0875 0.1
2024_0412_00:57:41 16 -7.85 8.175
2024_0412_00:58:33 17 1.0 0.175
2024_0412_00:59:54 17 38.5625 72.2125
2024_0412_01:00:33 17 66.4125 63.8625
2024_0412_01:01:03 17 0.3875 1.075
2024_0412_01:01:05 17 -32.9625 50.6875
2024_0412_01:01:46 17 38.7125 11.6875
2024_0412_01:01:50 17 92.9625 93.5625
2024_0412_01:01:54 17 64.2375 87.925
2024_0412_01:02:30 17 -0.7875 -2.775
2024_0412_01:03:47 17 8.8375 7.0
2024_0412_01:04:21 17 94.2 -1.55
2024_0412_01:05:33 17 7.7125 9.0
2024_0412_01:06:11 17 2.875 -1.275
2024_0412_01:06:29 17 5.8875 -0.075
2024_0412_01:06:48 17 14.4875 -14.5625
2024_0412_01:07:03 17 13.85 -10.8375
2024_0412_01:09:33 18 88.7625 88.325
2024_0412_01:09:36 17 9.5 -8.5375
2024_0412_01:09:55 18 -1.5125 -0.175
2024_0412_01:09:56 18 88.8 88.75
2024_0412_01:10:01 18 -0.15 -0.525
2024_0412_01:10:35 18 1.7875 0.2625
2024_0412_01:10:36 18 -3.1 2.275
2024_0412_01:11:58 17 0.7625 0.6875
2024_0412_01:11:59 18 -19.375 20.3125
2024_0412_01:12:00 18 0.2 0.0
2024_0412_01:13:51 18 10.4375 -11.0875
2024_0412_01:14:34 18 90.3375 93.475
2024_0412_01:15:17 18 0.1375 -0.4375
2024_0412_01:16:01 18 87.7125 89.4625
2024_0412_01:16:04 18 -0.425 -0.7
2024_0412_01:17:32 18 88.9875 88.075
2024_0412_01:17:40 18 -49.5875 49.6125
2024_0412_01:18:23 18 -1.0 -3.55
2024_0412_01:18:23 18 27.675 -27.825
2024_0412_01:19:04 18 -8.5875 9.2875
2024_0412_01:19:19 18 93.8125 93.3625
2024_0412_01:19:41 19 96.175 -35.3375
2024_0412_01:20:09 18 49.9875 -49.975
2024_0412_01:20:54 19 -32.25 47.925
2024_0412_01:21:02 19 87.8 90.525
2024_0412_01:22:09 19 19.5625 -18.25
2024_0412_01:22:58 19 88.925 88.625
2024_0412_01:23:07 19 44.45 43.25
2024_0412_01:23:45 19 42.2625 42.6375
2024_0412_01:24:36 20 76.2625 46.25
2024_0412_01:25:00 20 1.225 1.8625
2024_0412_01:26:10 20 68.9875 -0.05
2024_0412_01:26:17 20 7.1 -8.0
2024_0412_01:27:07 20 -0.5125 -0.875
2024_0412_01:27:16 20 90.5625 78.8625
2024_0412_01:28:01 20 -15.225 14.825
2024_0412_01:28:15 20 70.1875 67.15
2024_0412_01:28:32 20 1.65 -0.2375
2024_0412_01:29:19 20 -1.1 41.9625
2024_0412_01:29:47 20 -1.1 0.475
2024_0412_01:31:28 20 0.2625 0.05
2024_0412_01:31:29 20 59.8625 84.7375
2024_0412_01:31:44 20 99.975 49.9875
2024_0412_01:32:29 14 -15.2375 50.85
2024_0412_01:32:36 16 -1.4375 1.7875
2024_0412_01:32:36 15 90.95 90.7625
2024_0412_01:33:59 17 90.475 78.9125
2024_0412_01:34:11 17 15.35 -13.125
2024_0412_01:35:05 17 -1.025 -0.7
2024_0412_01:35:38 17 86.1875 90.7125
2024_0412_01:35:39 17 66.5125 62.1
2024_0412_01:36:12 18 18.525 11.7375
2024_0412_01:44:38 5 92.0125 92.7625
2024_0412_01:44:45 3 88.3875 90.9125
2024_0412_01:45:10 8 83.0875 78.9
2024_0412_01:45:11 11 92.5875 92.0375
2024_0412_01:45:11 11 0.3 -1.65
2024_0412_01:45:12 1 92.7625 93.0
2024_0412_01:45:13 7 87.975 90.9375
2024_0412_01:45:15 4 89.575 89.7875
2024_0412_01:45:20 2 87.1625 89.4125
2024_0412_01:45:49 9 92.6375 93.2875
2024_0412_01:45:53 6 92.1625 92.6625
2024_0412_01:45:55 11 -99.95 -49.9375
2024_0412_01:45:57 11 94.15 -33.425
2024_0412_01:46:04 11 88.325 89.8875
2024_0412_01:46:10 11 -3.3125 0.2125
2024_0412_01:47:12 10 84.075 88.7875
2024_0412_01:53:37 11 -0.0625 0.475
2024_0412_01:53:46 11 86.75 90.7625
2024_0412_01:54:09 11 83.4625 78.1
2024_0412_01:54:13 11 -1.2875 -0.2125
2024_0412_01:54:14 11 -1.5125 -0.3875
2024_0412_01:54:26 11 -0.1375 0.1375
2024_0412_01:54:44 11 -2.0875 -1.375
2024_0412_01:54:45 11 -0.1125 -0.825
2024_0412_01:54:56 11 0.0375 -1.4375
2024_0412_01:55:24 11 89.5875 90.7625
2024_0412_01:55:30 12 87.6875 88.95
2024_0412_01:55:33 12 -22.1125 22.2125
2024_0412_01:55:33 11 88.4125 88.625
2024_0412_01:55:49 12 0.875 -0.0125
2024_0412_01:56:58 12 -2.0875 0.525
2024_0412_01:57:36 12 89.45 85.5625
2024_0412_02:02:29 12 0.8375 -0.2375
2024_0412_02:02:44 12 -0.5625 0.4
2024_0412_02:02:45 12 42.75 43.4
2024_0412_02:03:11 12 91.575 89.45
2024_0412_02:03:13 12 38.65 41.5
2024_0412_02:03:25 12 87.9375 88.375
2024_0412_02:03:39 12 0.1 1.6375
2024_0412_02:03:40 12 0.3625 -0.1
2024_0412_02:03:47 12 84.9875 89.725
2024_0412_02:04:21 12 -0.725 1.875
2024_0412_02:05:09 13 -1.7875 1.1375
2024_0412_02:05:25 13 24.775 -9.8
2024_0412_02:05:25 13 5.0125 2.65
2024_0412_02:06:40 13 0.1625 -1.475
2024_0412_02:06:59 13 85.8125 89.475
2024_0412_02:07:39 13 70.8875 72.35
2024_0412_02:10:48 13 -0.775 -2.6375
2024_0412_02:11:14 13 -1.7625 -0.6
2024_0412_02:11:20 13 -2.4125 -1.225
2024_0412_02:11:31 13 99.975 49.9875
2024_0412_02:11:38 13 -99.95 -99.95
2024_0412_02:11:39 13 -3.1375 -5.625
2024_0412_02:12:35 13 0.4875 -0.75
2024_0412_02:12:59 13 44.5875 44.3125
2024_0412_02:13:10 13 8.7625 -10.2125
2024_0412_02:14:10 13 87.9125 87.25
2024_0412_02:14:40 13 -0.4125 0.0
2024_0412_02:15:04 13 87.4125 92.1125
2024_0412_02:15:09 13 88.575 90.075
2024_0412_02:15:55 13 92.3875 93.1875
2024_0412_02:16:24 13 0.75 -1.15
2024_0412_02:18:54 13 86.125 89.75
2024_0412_02:19:14 13 -0.975 -2.1
2024_0412_02:19:34 14 -1.325 1.0375
2024_0412_02:19:46 13 0.6875 -1.3625
2024_0412_02:19:51 14 23.4375 24.5
2024_0412_02:20:06 13 80.7625 89.15
2024_0412_02:20:26 14 23.2125 22.825
2024_0412_02:21:45 14 91.1 88.3625
2024_0412_02:21:58 14 -0.575 -0.325
2024_0412_02:22:02 14 89.3375 76.8375
2024_0412_02:22:56 14 0.5125 0.3375
2024_0412_02:24:11 14 86.1 91.35
2024_0412_02:24:36 14 49.975 -49.9875
2024_0412_02:25:17 14 -19.3 22.125
2024_0412_02:25:33 14 39.55 39.1875
2024_0412_02:26:40 14 1.775 0.975
2024_0412_02:27:39 14 0.9625 -0.7125
2024_0412_02:27:55 14 45.1625 -43.325
2024_0412_02:28:06 14 90.0375 89.6875
2024_0412_02:28:08 14 -1.2 -1.1125
2024_0412_02:28:14 14 0.325 -0.8375
2024_0412_02:28:23 14 90.525 89.1875
2024_0412_02:29:22 14 92.1 91.9875
2024_0412_02:30:39 14 0.5 -1.7375
2024_0412_02:31:07 14 -24.9 23.35
2024_0412_02:31:27 14 49.7375 -49.675
2024_0412_02:31:43 14 87.9375 89.8625
2024_0412_02:33:02 14 -2.75 -1.6375
2024_0412_02:33:29 15 -2.3375 14.075
2024_0412_02:34:18 15 88.3 88.2875
2024_0412_02:35:51 15 -0.65 0.3125
2024_0412_02:36:21 15 84.8125 89.9125
2024_0412_02:36:37 15 20.6875 23.1625
2024_0412_02:36:39 15 73.025 72.8125
2024_0412_02:37:37 15 67.9125 67.3625
2024_0412_02:37:43 15 -0.2625 -0.2125
2024_0412_02:38:34 15 -1.2125 1.2375
2024_0412_02:39:44 15 0.4625 -0.3
2024_0412_02:40:03 15 46.8125 -23.1875
2024_0412_02:40:19 15 79.5375 86.45
2024_0412_02:40:33 15 -0.4125 -1.425
2024_0412_02:40:56 15 -2.325 0.3875
2024_0412_02:41:59 15 87.6875 87.625
2024_0412_02:42:23 15 40.6875 88.575
2024_0412_02:43:06 15 -0.95 -0.425
2024_0412_02:43:57 15 56.8875 60.125
2024_0412_02:45:07 15 3.775 7.45
2024_0412_02:45:21 15 -3.15 -0.1375
2024_0412_02:45:32 15 -99.975 49.9875
2024_0412_02:45:34 15 37.0375 38.5
2024_0412_02:46:28 16 -11.125 46.3625
2024_0412_02:46:36 16 93.5375 92.3375
2024_0412_02:48:30 16 -10.55 25.925
2024_0412_02:48:44 16 0.0 34.975
2024_0412_02:50:03 16 49.95 -49.975
2024_0412_02:50:17 16 -2.4 25.0125
2024_0412_02:50:18 16 0.3625 0.55
2024_0412_02:50:46 16 -18.2625 85.6625
2024_0412_02:51:12 16 44.075 45.575
2024_0412_02:52:08 16 78.9625 61.5125
2024_0412_02:52:13 16 81.4875 87.15
2024_0412_02:53:36 16 0.5875 -0.2
2024_0412_02:53:45 16 10.7625 -18.6625
2024_0412_02:54:24 17 -2.025 1.2625
2024_0412_02:54:27 16 85.375 85.975
2024_0412_02:54:36 17 0.0125 -1.9625
2024_0412_02:55:25 17 13.7625 12.2125
2024_0412_02:57:56 17 0.6 0.025
2024_0412_02:58:16 17 32.525 48.675
2024_0412_02:59:33 17 14.4125 31.0125
2024_0412_02:59:54 17 -0.575 0.1125
2024_0412_03:00:00 17 12.0125 29.775
2024_0412_03:00:57 17 1.525 0.7875
2024_0412_03:01:28 17 64.4375 -14.3625
2024_0412_03:01:54 17 98.2625 -8.9125
2024_0412_03:02:08 17 1.2875 0.775
2024_0412_03:02:26 17 -1.575 -1.0125
2024_0412_03:02:32 17 11.3875 54.025
2024_0412_03:02:55 17 90.3375 89.3375
2024_0412_03:03:02 17 96.875 -41.4625
2024_0412_03:03:23 17 9.8 -10.025
2024_0412_03:04:28 17 0.4125 -0.4625
2024_0412_03:06:32 17 94.1125 -3.0875
2024_0412_03:06:57 18 -0.4625 0.275
2024_0412_03:08:43 18 70.2 24.95
2024_0412_03:08:58 18 88.925 89.725
2024_0412_03:09:00 18 0.375 1.55
2024_0412_03:09:05 18 88.8 75.85
2024_0412_03:10:15 18 44.9375 -43.8375
2024_0412_03:11:04 18 0.125 0.325
2024_0412_03:11:15 18 9.625 9.45
2024_0412_03:11:18 18 -1.75 -1.7875
2024_0412_03:11:27 18 -21.9125 20.975
2024_0412_03:12:13 18 -37.0375 42.7375
2024_0412_03:12:33 18 -5.5875 7.6875
2024_0412_03:12:51 18 -99.95 -49.975
2024_0412_03:13:24 18 0.275 0.4625
2024_0412_03:15:13 18 -1.2375 2.325
2024_0412_03:15:15 18 65.9875 68.3
2024_0412_03:16:50 18 8.75 10.3125
2024_0412_03:17:23 18 67.9875 65.8875
2024_0412_03:17:47 18 -1.275 1.8125
2024_0412_03:18:06 19 92.0625 84.3875
2024_0412_03:19:24 19 90.4125 88.125
2024_0412_03:19:37 19 -4.6125 3.625
2024_0412_03:19:40 19 -0.0875 -0.5125
2024_0412_03:19:45 19 -0.9125 -1.65
2024_0412_03:20:32 18 -99.9625 99.9125
2024_0412_03:20:33 19 -17.7375 27.925
2024_0412_03:21:00 19 26.2125 -22.55
2024_0412_03:21:29 19 -7.1125 8.975
2024_0412_03:22:32 19 97.625 -10.65
2024_0412_03:22:51 19 -1.975 0.625
2024_0412_03:24:00 19 43.275 58.8875
2024_0412_03:24:02 19 10.625 -8.725
2024_0412_03:25:54 20 47.775 71.3375
2024_0412_03:26:27 20 69.3625 70.65
2024_0412_03:26:33 20 38.8 46.05
2024_0412_03:27:53 20 2.225 -1.0875
2024_0412_03:27:54 20 1.0375 -0.8125
2024_0412_03:27:57 20 11.6375 7.45
2024_0412_03:28:40 20 67.375 90.8375
2024_0412_03:29:44 20 11.55 -9.4
2024_0412_03:31:52 20 -58.9125 72.1875
2024_0412_03:31:57 20 91.875 84.0625
2024_0412_03:32:23 15 36.7375 39.05
2024_0412_03:32:44 16 40.8 -4.675
2024_0412_03:33:13 15 1.6 -0.85
2024_0412_03:33:29 16 92.225 91.5
2024_0412_03:34:16 18 0.8125 -1.2375
2024_0412_03:34:23 16 42.8125 42.2375
2024_0412_03:34:26 17 14.0375 -0.2625
2024_0412_03:34:41 17 7.1 -7.6875
2024_0412_03:34:55 18 19.1125 -19.3875
2024_0412_03:35:50 20 9.975 7.75
2024_0412_03:35:51 20 -0.6875 -0.8375
2024_0412_03:36:28 20 87.9 41.3375
2024_0412_03:44:52 2 92.2625 87.9375
2024_0412_03:45:23 8 89.15 91.6125
2024_0412_03:45:27 3 88.3 76.425
2024_0412_03:45:31 4 38.875 88.45
2024_0412_03:45:32 9 92.9875 92.175
2024_0412_03:45:35 1 92.3875 92.4625
2024_0412_03:45:38 5 93.2125 93.325
2024_0412_03:45:39 6 92.2375 92.65
2024_0412_03:46:07 11 0.4625 0.075
2024_0412_03:46:11 11 -1.65 -0.1625
2024_0412_03:46:11 11 87.3625 90.5625
2024_0412_03:46:12 11 49.9875 -99.975
2024_0412_03:46:12 10 90.925 90.3125
2024_0412_03:46:13 7 90.1375 89.45
2024_0412_03:46:25 11 1.1 0.4375
2024_0412_03:48:00 11 -5.425 31.35
2024_0412_03:53:46 11 0.4 0.975
2024_0412_03:54:16 11 -31.025 89.725
2024_0412_03:54:23 11 -2.0375 -1.15
2024_0412_03:54:29 11 92.35 92.925
2024_0412_03:54:31 11 93.4 92.5
2024_0412_03:54:44 11 60.2875 88.5125
2024_0412_03:54:49 11 88.1375 87.1
2024_0412_03:54:59 11 83.65 39.55
2024_0412_03:55:03 11 -1.6375 0.075
2024_0412_03:55:36 11 -0.9875 -2.65
2024_0412_03:55:50 11 0.175 -2.15
2024_0412_03:55:50 11 -2.025 -0.4
2024_0412_03:56:02 11 -0.4 0.675
2024_0412_03:56:06 11 -0.7375 0.9375
2024_0412_03:57:23 11 91.3 91.5125
2024_0412_03:57:42 11 -2.0125 -0.0875
2024_0412_04:02:46 11 88.625 89.4375
2024_0412_04:03:12 12 92.4625 92.9
2024_0412_04:03:14 12 -0.6 -1.3625
2024_0412_04:03:20 11 -0.15 -1.075
2024_0412_04:03:32 11 87.425 85.1125
2024_0412_04:03:36 11 -1.6 1.375
2024_0412_04:04:07 11 89.2375 90.375
2024_0412_04:04:32 12 -1.2625 -0.8
2024_0412_04:04:41 12 89.2125 90.3625
2024_0412_04:05:12 12 0.45 2.0875
2024_0412_04:05:31 12 0.425 -1.525
2024_0412_04:05:40 12 93.1875 93.1125
2024_0412_04:05:45 12 18.05 18.2875
2024_0412_04:06:46 12 0.05 1.2
2024_0412_04:06:51 12 1.1625 1.0125
2024_0412_04:07:06 12 88.175 86.35
2024_0412_04:10:52 12 -0.9 1.2875
2024_0412_04:11:36 12 -0.45 0.7375
2024_0412_04:11:49 12 93.025 92.6
2024_0412_04:11:58 12 -0.5875 -1.0625
2024_0412_04:12:06 12 99.95 49.975
2024_0412_04:12:12 12 89.8125 86.0
2024_0412_04:13:25 12 -0.2375 -0.6
2024_0412_04:13:38 12 90.7 88.4125
2024_0412_04:14:01 12 1.325 1.1
2024_0412_04:14:34 12 92.825 93.275
2024_0412_04:14:54 13 91.725 92.1375
2024_0412_04:15:23 12 88.025 90.7625
2024_0412_04:15:55 13 91.275 93.3
2024_0412_04:16:21 13 -49.9875 -99.975
2024_0412_04:16:47 13 93.0875 93.0875
2024_0412_04:17:00 12 11.55 10.0625
2024_0412_04:19:43 13 0.9625 0.85
2024_0412_04:19:54 13 -2.475 -0.3625
2024_0412_04:20:13 13 87.6875 88.575
2024_0412_04:20:15 13 28.8375 -9.35
2024_0412_04:20:25 13 73.0375 73.1
2024_0412_04:20:33 13 99.95 99.9
2024_0412_04:22:16 13 0.2375 0.2125
2024_0412_04:22:50 13 86.6625 46.425
2024_0412_04:23:44 13 92.8 93.1125
2024_0412_04:23:59 13 86.8 76.775
2024_0412_04:24:07 13 0.1625 -0.9125
2024_0412_04:24:16 13 -0.9625 -0.9875
2024_0412_04:25:38 13 49.975 99.95
2024_0412_04:26:04 13 34.8625 43.65
2024_0412_04:26:23 13 85.0875 64.9875
2024_0412_04:27:50 13 12.15 -7.55
2024_0412_04:28:22 13 -1.25 0.525
2024_0412_04:28:24 13 71.4 72.875
2024_0412_04:28:37 13 73.7875 86.4125
2024_0412_04:28:40 13 86.1 86.5125
2024_0412_04:28:47 13 -1.1 1.775
2024_0412_04:28:49 13 -13.225 44.8
2024_0412_04:31:47 13 -24.4 25.0625
2024_0412_04:32:30 13 -0.85 -0.7
2024_0412_04:32:31 13 0.6375 1.125
2024_0412_04:33:05 13 -3.9625 -0.1
2024_0412_04:33:15 13 92.1625 92.875
2024_0412_04:33:44 13 43.0125 43.1625
2024_0412_04:35:19 13 12.0625 -8.9125
2024_0412_04:35:23 13 -1.5125 1.075
2024_0412_04:35:55 13 2.4125 0.9375
2024_0412_04:36:33 13 9.3625 -10.5375
2024_0412_04:36:34 13 -16.025 83.125
2024_0412_04:36:37 13 0.05 0.7
2024_0412_04:37:26 14 -49.9625 -99.925
2024_0412_04:37:27 13 0.075 0.95
2024_0412_04:37:36 14 -8.85 10.9625
2024_0412_04:38:31 14 0.7875 1.9125
2024_0412_04:41:13 14 5.0625 -1.6125
2024_0412_04:41:21 14 89.4375 90.175
2024_0412_04:41:52 14 -13.0375 13.825
2024_0412_04:42:04 14 72.2 72.325
2024_0412_04:42:40 14 88.3375 87.1875
2024_0412_04:42:44 14 1.1625 0.25
2024_0412_04:44:01 14 91.9875 92.3875
2024_0412_04:44:13 14 89.525 84.05
2024_0412_04:44:16 14 -0.525 -0.0375
2024_0412_04:44:52 14 2.425 -0.05
2024_0412_04:45:18 14 87.775 88.5625
2024_0412_04:45:37 14 87.8 88.325
2024_0412_04:45:42 14 -0.875 -2.45
2024_0412_04:45:50 14 8.1875 11.2625
2024_0412_04:49:40 14 -2.775 1.9375
2024_0412_04:50:03 14 91.8625 91.5
2024_0412_04:50:56 14 90.4 86.5875
2024_0412_04:51:22 14 -1.3625 0.5
2024_0412_04:51:36 14 38.3625 38.5125
2024_0412_04:52:21 14 88.025 88.8625
2024_0412_04:52:43 14 32.6625 15.35
2024_0412_04:53:13 14 89.4125 90.0625
2024_0412_04:53:44 14 -0.55 -1.4875
2024_0412_04:53:50 14 0.1125 0.3625
2024_0412_04:53:51 14 -1.075 -2.3875
2024_0412_04:54:05 14 91.85 92.3875
2024_0412_04:54:07 14 90.275 89.3125
2024_0412_04:54:25 14 9.9625 7.2875
2024_0412_04:54:29 14 33.075 31.85
2024_0412_04:55:52 14 89.9375 89.375
2024_0412_04:58:48 15 -1.3625 -1.65
2024_0412_04:59:47 15 -0.625 -0.8375
2024_0412_05:00:41 15 0.775 0.825
2024_0412_05:00:57 14 0.2375 -0.125
2024_0412_05:01:01 15 49.95 -49.9875
2024_0412_05:01:17 15 87.2375 87.7875
2024_0412_05:01:50 15 -1.7125 -1.15
2024_0412_05:02:12 15 49.975 -49.9875
2024_0412_05:02:31 15 -10.3375 10.525
2024_0412_05:02:33 15 -0.075 2.2125
2024_0412_05:02:38 15 0.3875 2.375
2024_0412_05:02:58 15 0.5125 1.3625
2024_0412_05:03:00 15 5.775 30.1625
2024_0412_05:03:09 15 69.3375 62.45
2024_0412_05:04:40 15 0.575 0.1875
2024_0412_05:07:31 15 0.4375 -0.775
2024_0412_05:07:34 15 -0.6875 4.0
2024_0412_05:08:37 15 -0.375 -1.0
2024_0412_05:09:25 15 -1.3875 -0.9875
2024_0412_05:09:43 15 -0.5375 -0.7875
2024_0412_05:09:51 15 91.8875 93.2
2024_0412_05:10:03 15 -0.8 1.0875
2024_0412_05:10:12 15 90.6375 89.5625
2024_0412_05:10:29 15 -0.4 -0.625
2024_0412_05:10:33 15 9.35 -1.8625
2024_0412_05:11:22 15 92.6 91.1625
2024_0412_05:11:45 15 19.4625 20.0875
2024_0412_05:11:50 15 -0.2625 -1.15
2024_0412_05:12:16 15 91.625 86.35
2024_0412_05:12:43 15 79.75 64.575
2024_0412_05:14:08 15 63.1125 91.4125
2024_0412_05:16:19 15 -0.375 -4.075
2024_0412_05:17:49 15 91.65 92.45
2024_0412_05:18:15 15 -0.85 -1.0625
2024_0412_05:18:21 15 87.2 87.3375
2024_0412_05:18:32 16 -3.6 1.1125
2024_0412_05:18:46 16 16.1375 0.675
2024_0412_05:18:55 16 75.2125 86.6125
2024_0412_05:19:17 16 89.475 90.4375
2024_0412_05:19:20 16 89.025 88.8375
2024_0412_05:20:09 16 -1.7625 0.2375
2024_0412_05:20:37 16 89.025 87.975
2024_0412_05:20:42 16 87.275 87.2375
2024_0412_05:21:33 16 92.0875 92.6375
2024_0412_05:22:50 16 46.275 -40.025
2024_0412_05:22:53 16 87.7875 88.0875
2024_0412_05:24:16 16 87.25 69.3625
2024_0412_05:25:57 16 1.7 -0.9
2024_0412_05:26:57 16 -2.1875 -0.4125
2024_0412_05:27:13 16 88.025 82.075
2024_0412_05:27:32 16 -14.8375 60.9875
2024_0412_05:27:44 16 30.425 15.9125
2024_0412_05:27:46 16 29.7875 24.2875
2024_0412_05:28:00 16 12.9 10.175
2024_0412_05:28:02 16 11.35 -9.8375
2024_0412_05:28:54 16 88.8625 87.65
2024_0412_05:29:44 16 87.2625 89.225
2024_0412_05:30:06 16 2.225 0.6
2024_0412_05:30:57 17 9.6625 9.3875
2024_0412_05:30:59 16 90.9625 88.325
2024_0412_05:31:39 17 89.6875 90.175
2024_0412_05:33:22 17 60.0375 2.7
2024_0412_05:34:09 17 8.825 -10.9375
2024_0412_05:35:43 17 -1.175 0.2875
2024_0412_05:35:51 17 89.45 89.3875
2024_0412_05:36:00 17 91.925 91.0
2024_0412_05:36:03 17 16.975 -16.3375
2024_0412_05:36:04 17 89.0625 88.05
2024_0412_05:36:36 17 43.225 79.375
2024_0412_05:36:45 17 -0.65 0.3
2024_0412_05:37:14 17 80.7 90.3
2024_0412_05:37:30 17 87.4375 91.2125
2024_0412_05:38:20 17 -0.325 -0.1875
2024_0412_05:38:59 17 -1.1 1.0625
2024_0412_05:39:13 17 32.525 41.2375
2024_0412_05:39:49 17 90.975 91.35
2024_0412_05:40:23 17 0.8375 0.0125
2024_0412_05:42:24 17 89.5875 87.7875
2024_0412_05:42:52 17 -0.4875 -0.6375
2024_0412_05:44:09 17 -1.1625 7.6375
2024_0412_05:44:47 17 92.775 93.275
2024_0412_05:44:54 17 89.5875 91.0625
2024_0412_05:45:11 17 2.725 -1.275
2024_0412_05:45:30 17 -2.6125 35.2375
2024_0412_05:45:33 17 1.7625 1.0625
2024_0412_05:45:34 17 45.3625 94.0625
2024_0412_05:45:56 17 6.4 -0.275
2024_0412_05:46:35 17 92.3 76.0375
2024_0412_05:47:24 18 0.025 -0.4875
2024_0412_05:48:20 17 87.0875 87.75
2024_0412_05:48:34 18 37.3625 38.1875
2024_0412_05:49:40 18 -0.0625 0.15
2024_0412_05:49:51 17 91.1625 92.2625
2024_0412_05:50:37 18 91.3 88.55
2024_0412_05:51:40 18 90.0625 87.3625
2024_0412_05:52:57 18 1.3625 1.85
2024_0412_05:53:16 18 -10.15 9.5125
2024_0412_05:53:46 18 92.275 92.0375
2024_0412_05:54:01 18 0.4625 -2.175
2024_0412_05:54:21 18 -0.2375 -0.075
2024_0412_05:54:22 18 1.9875 0.0
2024_0412_05:54:43 18 -0.425 1.3125
2024_0412_05:55:07 18 42.75 92.5625
2024_0412_05:55:19 18 -0.1625 1.9625
2024_0412_05:55:45 18 8.15 -4.275
2024_0412_05:57:13 18 86.975 42.2875
2024_0412_05:57:23 18 -48.8625 49.1875
2024_0412_05:58:36 18 -1.8125 -1.4
2024_0412_05:58:52 18 78.475 10.675
2024_0412_06:00:03 18 -33.6625 33.8875
2024_0412_06:00:33 18 3.725 1.375
2024_0412_06:01:28 18 0.1625 1.125
2024_0412_06:01:49 18 90.5625 88.55
2024_0412_06:02:04 18 0.975 -0.0625
2024_0412_06:02:55 18 92.3125 92.7
2024_0412_06:02:57 18 91.8125 93.7625
2024_0412_06:03:44 18 84.7375 80.1875
2024_0412_06:03:56 18 20.925 13.375
2024_0412_06:04:07 18 1.825 -2.8625
2024_0412_06:04:14 18 89.75 86.1875
2024_0412_06:06:14 18 4.0 2.1875
2024_0412_06:06:21 19 28.9625 59.8375
2024_0412_06:06:40 18 41.3625 87.5125
2024_0412_06:07:27 19 81.825 83.775
2024_0412_06:07:50 19 41.65 -6.9
2024_0412_06:09:24 19 -99.95 49.9625
2024_0412_06:09:41 19 -0.2 2.0
2024_0412_06:10:14 19 18.5375 -16.5
2024_0412_06:10:48 19 -49.9875 -99.95
2024_0412_06:10:58 19 49.9125 -49.85
2024_0412_06:12:00 19 62.8375 3.55
2024_0412_06:12:22 19 80.725 -81.25
2024_0412_06:12:36 19 -99.8875 99.925
2024_0412_06:12:46 19 0.5625 -0.325
2024_0412_06:12:48 19 -49.675 49.8875
2024_0412_06:13:00 19 89.3875 88.625
2024_0412_06:15:01 19 1.3875 -0.2375
2024_0412_06:15:12 19 92.925 93.575
2024_0412_06:16:06 19 -0.8375 1.65
2024_0412_06:16:47 19 -1.7625 0.0625
2024_0412_06:18:00 20 -1.05 0.6875
2024_0412_06:18:12 20 -8.4125 7.725
2024_0412_06:18:39 20 92.8625 93.125
2024_0412_06:19:02 20 89.5875 80.7125
2024_0412_06:20:42 20 84.125 91.7
2024_0412_06:21:35 20 1.725 1.425
2024_0412_06:21:42 20 -0.6375 -1.225
2024_0412_06:22:22 20 6.625 5.175
2024_0412_06:22:30 20 87.9625 89.3125
2024_0412_06:23:11 20 92.075 92.4625
2024_0412_06:24:03 20 11.9375 -11.25
2024_0412_06:24:11 20 1.8375 0.4
2024_0412_06:24:53 20 1.125 -2.0875
2024_0412_06:25:14 20 40.4875 -2.75
2024_0412_06:25:44 20 -0.35 1.1375
2024_0412_06:26:06 20 -2.0125 -0.925
2024_0412_06:26:19 20 39.3875 94.3625
2024_0412_06:26:45 14 0.9625 0.4375
2024_0412_06:26:58 14 88.7 89.575
2024_0412_06:27:10 14 0.6625 -0.225
2024_0412_06:29:31 15 10.025 10.875
2024_0412_06:30:13 15 27.7375 2.2375
2024_0412_06:31:14 16 91.9 92.7625
2024_0412_06:31:41 19 0.8625 0.725
2024_0412_06:32:22 18 -0.45 -1.3375
2024_0412_06:32:49 20 91.15 88.05
2024_0412_06:37:04 20 -5.3625 17.9375
2024_0412_06:38:10 20 93.125 92.3625
2024_0412_06:46:38 4 87.4375 91.05
2024_0412_06:47:10 7 89.1625 84.4625
2024_0412_06:47:11 3 84.4875 89.7625
2024_0412_06:47:12 1 92.475 93.2875
2024_0412_06:47:16 4 38.625 71.55
2024_0412_06:47:16 4 88.775 88.3125
2024_0412_06:47:23 2 90.7625 58.9375
2024_0412_06:47:30 11 12.6 15.0
2024_0412_06:47:38 10 91.6375 89.925
2024_0412_06:47:50 9 93.6125 93.9875
2024_0412_06:47:51 4 39.6625 87.9875
2024_0412_06:47:52 4 88.675 87.3375
2024_0412_06:47:57 2 40.625 87.8375
2024_0412_06:48:00 6 91.85 92.9375
2024_0412_06:50:23 8 88.3125 86.9625
2024_0412_06:54:57 11 87.5125 89.4875
2024_0412_06:55:27 11 -0.1125 1.6375
2024_0412_06:55:30 11 90.8 82.1375
2024_0412_06:56:07 11 0.3875 1.1875
2024_0412_06:56:11 11 -0.0125 0.85
2024_0412_06:56:15 11 -16.0 57.3375
2024_0412_06:56:27 11 -1.9625 0.05
2024_0412_06:56:29 11 85.4625 88.6125
2024_0412_06:56:47 11 92.05 93.3625
2024_0412_06:56:51 11 92.825 92.7375
2024_0412_06:57:01 11 92.1625 92.575
2024_0412_06:57:12 11 91.8625 92.95
2024_0412_06:57:23 11 2.5625 1.05
2024_0412_06:57:27 11 -0.85 1.1
2024_0412_06:57:31 11 -49.975 99.975
2024_0412_07:02:23 11 -1.325 0.2125
2024_0412_07:04:20 11 89.375 81.3
2024_0412_07:04:26 11 -0.125 -0.2125
2024_0412_07:04:28 11 99.975 99.975
2024_0412_07:05:11 11 0.825 1.0
2024_0412_07:05:12 11 92.975 93.075
2024_0412_07:05:21 11 -99.975 -49.9875
2024_0412_07:05:23 11 -0.325 0.3625
2024_0412_07:05:45 11 88.2875 90.3
2024_0412_07:05:48 11 0.2375 2.0125
2024_0412_07:06:13 11 -1.625 1.15
2024_0412_07:06:15 11 1.0625 1.85
2024_0412_07:06:18 11 -0.725 -0.9375
2024_0412_07:06:41 11 37.2 88.6375
2024_0412_07:06:51 11 89.6375 86.9875
2024_0412_07:07:03 11 85.9375 89.025
2024_0412_07:11:19 11 92.4875 93.0
2024_0412_07:12:20 11 0.5625 -0.8
2024_0412_07:13:14 11 -0.0375 0.1625
2024_0412_07:13:30 11 0.35 -1.125
2024_0412_07:14:05 11 1.9375 1.775
2024_0412_07:14:10 11 -0.75 1.2
2024_0412_07:14:18 11 86.925 86.525
2024_0412_07:15:04 11 90.225 89.6375
2024_0412_07:15:14 11 0.025 -2.7875
2024_0412_07:15:23 11 80.675 89.8625
2024_0412_07:15:44 11 92.75 92.275
2024_0412_07:15:52 11 89.8375 85.8375
2024_0412_07:15:53 11 2.0375 1.5125
2024_0412_07:16:36 11 1.425 -0.075
2024_0412_07:16:37 11 -0.2375 -1.4125
2024_0412_07:16:43 11 38.5 38.025
2024_0412_07:20:53 11 0.8625 -0.7125
2024_0412_07:21:07 11 0.35 -0.775
2024_0412_07:21:37 11 -0.35 -1.6
2024_0412_07:22:04 11 99.975 99.95
2024_0412_07:22:56 11 3.225 -0.15
2024_0412_07:23:04 11 0.1 -0.2375
2024_0412_07:23:16 11 90.2125 83.85
2024_0412_07:24:25 11 0.075 1.2875
2024_0412_07:24:41 11 2.3875 -0.975
2024_0412_07:25:07 11 -1.175 1.0375
2024_0412_07:25:15 11 99.925 -49.9625
2024_0412_07:25:24 11 0.1 -3.3
2024_0412_07:25:40 11 2.25 -0.175
2024_0412_07:25:46 11 4.9125 46.85
2024_0412_07:26:17 11 -1.1875 0.5125
2024_0412_07:28:27 11 -1.4375 1.9125
2024_0412_07:30:02 11 -1.25 0.025
2024_0412_07:30:25 11 86.8625 90.35
2024_0412_07:30:41 11 77.175 88.85
2024_0412_07:30:55 11 -0.9375 -0.0375
2024_0412_07:31:36 11 91.475 89.7375
2024_0412_07:31:41 11 -1.3875 0.0375
2024_0412_07:31:59 11 -0.4 0.075
2024_0412_07:33:51 11 30.4625 -2.1875
2024_0412_07:34:00 11 92.6625 92.35
2024_0412_07:34:05 11 89.0125 90.575
2024_0412_07:34:21 11 -0.0625 3.775
2024_0412_07:34:40 11 -50.0 50.0
2024_0412_07:35:08 11 -2.0125 1.7625
2024_0412_07:35:10 11 88.35 90.7375
2024_0412_07:36:01 11 -49.9875 -49.975
2024_0412_07:38:50 11 -1.5125 1.625
2024_0412_07:38:54 11 -1.575 1.8
2024_0412_07:39:54 11 0.8 2.8
2024_0412_07:40:02 11 1.3125 1.75
2024_0412_07:40:16 11 78.1375 89.075
2024_0412_07:40:27 11 86.0125 88.75
2024_0412_07:40:32 11 -0.85 0.8875
2024_0412_07:40:43 11 6.2125 48.65
2024_0412_07:43:12 11 0.0875 -1.5
2024_0412_07:43:28 11 49.9875 -49.9875
2024_0412_07:43:31 11 -0.6625 0.3125
2024_0412_07:43:42 11 0.4 0.4
2024_0412_07:43:57 11 92.3875 93.1125
2024_0412_07:44:05 11 0.7375 0.3625
2024_0412_07:44:34 11 -1.4 -1.65
2024_0412_07:45:35 11 -0.6375 -1.075
2024_0412_07:47:55 11 86.4125 86.6375
2024_0412_07:48:01 11 -1.175 1.7875
2024_0412_07:48:37 11 93.05 92.25
2024_0412_07:48:43 11 89.325 89.2375
2024_0412_07:48:49 11 -0.2375 0.4875
2024_0412_07:49:25 11 93.325 93.7375
2024_0412_07:49:34 11 93.45 93.15
2024_0412_07:51:27 11 0.975 0.4875
2024_0412_07:52:01 11 92.9 92.9625
2024_0412_07:52:56 11 0.0875 0.05
2024_0412_07:53:01 11 92.7375 92.575
2024_0412_07:53:07 11 86.5875 89.125
2024_0412_07:53:25 11 -0.3875 -1.4125
2024_0412_07:53:27 11 -1.575 2.225
2024_0412_07:54:02 11 -0.6375 1.3875
2024_0412_07:54:58 11 88.475 89.75
2024_0412_07:56:43 11 -0.4 -0.75
2024_0412_07:56:50 11 73.625 86.8125
2024_0412_07:57:28 11 0.1375 0.4
2024_0412_07:57:33 11 91.6 92.6125
2024_0412_07:57:42 11 86.45 91.1875
2024_0412_07:58:07 11 59.4875 86.65
2024_0412_07:58:31 11 -0.7875 -1.2125
2024_0412_08:01:20 11 -0.4125 2.3
2024_0412_08:01:40 11 -0.6 0.0375
2024_0412_08:02:06 11 -1.9875 1.6875
2024_0412_08:02:31 11 -49.9875 -49.9875
2024_0412_08:02:35 11 -0.1125 -1.825
2024_0412_08:02:54 11 57.0875 6.7875
2024_0412_08:02:56 11 -50.0 99.9875
2024_0412_08:03:35 11 90.05 89.5375
2024_0412_08:04:17 11 0.2875 -0.775
2024_0412_08:05:30 11 -0.975 1.5125
2024_0412_08:05:46 11 3.8125 3.225
2024_0412_08:06:23 11 87.6 88.85
2024_0412_08:06:28 11 -1.425 -1.3375
2024_0412_08:06:35 11 -0.75 -1.4625
2024_0412_08:07:20 11 49.9875 -49.9875
2024_0412_08:07:41 11 -0.3375 1.4375
2024_0412_08:10:42 12 1.9125 -1.4625
2024_0412_08:10:49 11 1.65 -1.1625
2024_0412_08:11:54 12 49.9875 49.975
2024_0412_08:11:59 12 -99.95 -49.975
2024_0412_08:12:19 12 49.9875 99.9
2024_0412_08:12:46 12 93.925 93.275
2024_0412_08:12:57 12 -1.975 -0.25
2024_0412_08:13:06 12 90.5125 89.475
2024_0412_08:13:39 12 87.8 91.825
2024_0412_08:13:40 12 92.2625 92.6
2024_0412_08:14:35 12 -2.6 62.475
2024_0412_08:14:38 12 0.4 -0.3125
2024_0412_08:15:13 12 -4.925 32.7625
2024_0412_08:15:18 12 8.5875 53.0375
2024_0412_08:16:10 12 -100.0 100.0
2024_0412_08:16:17 12 0.6125 0.3125
2024_0412_08:19:30 12 91.95 92.475
2024_0412_08:20:17 12 0.5875 -1.675
2024_0412_08:21:20 12 88.8 88.275
2024_0412_08:21:27 12 89.9125 40.675
2024_0412_08:21:32 12 0.6 0.6625
2024_0412_08:21:41 12 92.15 93.65
2024_0412_08:21:49 12 -2.3625 4.375
2024_0412_08:22:23 12 1.4375 1.6375
2024_0412_08:22:41 12 90.0625 88.7875
2024_0412_08:23:10 12 92.0625 91.2375
2024_0412_08:23:20 12 93.2875 92.825
2024_0412_08:23:26 12 0.1375 0.2875
2024_0412_08:23:59 12 93.375 91.975
2024_0412_08:24:56 12 -3.1375 -2.1625
2024_0412_08:25:00 12 0.1125 0.0625
2024_0412_08:25:33 12 1.85 -2.8625
2024_0412_08:28:12 12 2.1125 2.2625
2024_0412_08:29:01 12 -0.85 0.6125
2024_0412_08:29:58 12 78.3125 67.45
2024_0412_08:30:03 12 -1.625 0.8875
2024_0412_08:30:23 12 0.325 3.8625
2024_0412_08:30:57 12 88.5 91.225
2024_0412_08:31:09 12 90.4375 91.1375
2024_0412_08:31:15 12 0.575 0.125
2024_0412_08:31:20 12 -1.9125 -1.2625
2024_0412_08:31:25 12 70.9375 72.3625
2024_0412_08:32:19 12 89.6125 86.9875
2024_0412_08:32:24 12 84.65 89.3375
2024_0412_08:32:55 12 84.0125 81.2375
2024_0412_08:33:07 12 2.4125 1.3625
2024_0412_08:34:23 12 93.825 95.4875
2024_0412_08:35:49 12 92.3 92.7
2024_0412_08:37:04 12 71.575 71.5625
2024_0412_08:38:28 12 86.05 89.35
2024_0412_08:38:45 12 92.2875 49.775
2024_0412_08:38:58 12 92.325 92.4375
2024_0412_08:39:11 12 1.5875 -2.6375
2024_0412_08:39:19 12 -0.125 2.0375
2024_0412_08:40:27 12 -6.1625 59.225
2024_0412_08:40:39 12 82.8125 90.5
2024_0412_08:40:41 12 38.0875 38.6
2024_0412_08:40:49 12 88.0625 87.6375
2024_0412_08:41:09 12 87.8 42.675
2024_0412_08:41:19 12 0.725 -0.1875
2024_0412_08:41:23 12 -0.0875 0.1625
2024_0412_08:43:11 12 0.2375 0.0625
2024_0412_08:43:45 12 87.725 56.25
2024_0412_08:45:14 12 0.3625 2.1875
2024_0412_08:46:37 12 92.4625 93.5
2024_0412_08:47:11 12 0.7125 0.2625
2024_0412_08:47:23 12 0.35 3.0
2024_0412_08:47:32 12 92.1125 92.3875
2024_0412_08:47:47 12 22.4375 17.4
2024_0412_08:47:52 12 -1.3125 -0.1
2024_0412_08:48:53 12 0.5375 -3.6625
2024_0412_08:49:15 12 88.825 85.5
2024_0412_08:49:17 12 -1.1875 -1.825
2024_0412_08:49:28 12 77.5375 89.8625
2024_0412_08:50:13 12 76.4875 85.875
2024_0412_08:50:15 12 92.1 93.525
2024_0412_08:50:16 12 -1.6125 -0.5
2024_0412_08:53:13 12 91.375 42.1875
2024_0412_08:54:03 12 87.6375 90.7125
2024_0412_08:55:02 12 0.8625 2.3625
2024_0412_08:56:03 12 -0.4 -0.4875
2024_0412_08:56:10 12 0.1125 -1.2375
2024_0412_08:56:36 12 -49.975 49.975
2024_0412_08:56:43 12 93.125 93.25
2024_0412_08:57:04 12 89.6625 87.175
2024_0412_08:57:30 12 -1.2625 -0.2
2024_0412_08:57:45 12 -49.975 -99.9875
2024_0412_08:58:11 12 89.4875 90.2375
2024_0412_08:58:27 12 91.6875 92.9125
2024_0412_08:58:47 12 90.35 89.975
2024_0412_08:58:57 12 83.675 89.45
2024_0412_08:59:05 12 -99.95 99.95
2024_0412_08:59:43 12 87.2625 82.8125
2024_0412_09:02:44 12 91.4375 91.525
2024_0412_09:03:31 12 94.175 92.775
2024_0412_09:04:53 12 90.9875 91.325
2024_0412_09:05:10 12 -39.95 43.95
2024_0412_09:05:19 12 -56.125 57.975
2024_0412_09:05:53 12 46.1625 43.9
2024_0412_09:06:01 12 92.825 92.3375
2024_0412_09:06:18 12 66.6 85.175
2024_0412_09:06:18 12 88.9625 89.3625
2024_0412_09:06:24 12 35.1375 -33.7125
2024_0412_09:06:35 12 2.175 -0.475
2024_0412_09:06:52 12 91.15 95.175
2024_0412_09:07:27 12 0.85 -0.55
2024_0412_09:07:45 12 92.45 93.025
2024_0412_09:07:57 12 50.0 49.975
2024_0412_09:08:34 12 -1.7625 -1.2
2024_0412_09:12:02 12 -30.2125 91.6125
2024_0412_09:12:56 12 35.6 -9.7125
2024_0412_09:13:21 13 89.65 87.575
2024_0412_09:14:22 12 88.0625 86.95
2024_0412_09:14:34 13 84.025 87.3875
2024_0412_09:14:39 13 92.025 92.55
2024_0412_09:14:42 13 -2.1625 1.1
2024_0412_09:14:49 13 89.0125 12.075
2024_0412_09:14:50 13 85.1375 87.8625
2024_0412_09:15:49 13 13.0875 11.7125
2024_0412_09:15:50 13 -0.125 -0.6
2024_0412_09:16:26 13 0.725 0.7875
2024_0412_09:16:50 13 38.875 38.325
2024_0412_09:16:55 13 36.6125 38.0375
2024_0412_09:18:03 13 10.1875 65.5375
2024_0412_09:18:44 13 -49.8125 49.8125
2024_0412_09:21:05 13 -1.2 1.55
2024_0412_09:21:46 13 -0.5125 -0.825
2024_0412_09:22:29 13 1.0375 0.4125
2024_0412_09:22:49 13 -0.425 1.7875
2024_0412_09:22:52 13 90.4625 87.2125
2024_0412_09:23:42 13 35.5875 38.3375
2024_0412_09:23:50 13 -1.8875 -0.15
2024_0412_09:24:14 13 -49.975 -49.9875
2024_0412_09:24:19 13 -0.225 -3.3125
2024_0412_09:24:38 13 0.7875 -1.5875
2024_0412_09:24:39 13 -0.2375 0.3375
2024_0412_09:25:08 13 69.7375 67.4
2024_0412_09:25:11 13 1.3875 -0.0375
2024_0412_09:26:24 13 -5.8 91.2875
2024_0412_09:26:42 13 2.075 0.7
2024_0412_09:29:06 13 1.525 0.7375
2024_0412_09:30:37 13 12.2 13.5875
2024_0412_09:30:42 13 0.75 -0.0375
2024_0412_09:30:59 13 0.525 0.775
2024_0412_09:31:00 13 -0.7875 0.525
2024_0412_09:31:58 13 90.15 89.35
2024_0412_09:32:30 13 93.425 93.1875
2024_0412_09:32:43 13 93.3 93.2625
2024_0412_09:33:07 13 89.85 89.075
2024_0412_09:33:26 13 89.4875 85.25
2024_0412_09:34:06 13 -0.475 -0.7375
2024_0412_09:34:11 13 0.7375 -0.375
2024_0412_09:34:39 13 -7.1 42.3875
2024_0412_09:35:13 13 -0.6875 -0.825
2024_0412_09:35:21 13 0.775 0.3625
2024_0412_09:35:34 13 49.95 99.925
2024_0412_09:38:33 13 60.95 67.9125
2024_0412_09:38:40 13 -7.075 8.1875
2024_0412_09:39:23 13 -0.9125 -0.0375
2024_0412_09:39:32 13 90.9 87.0625
2024_0412_09:39:59 13 1.85 -0.75
2024_0412_09:40:45 13 39.0625 34.025
2024_0412_09:40:51 13 1.1375 -1.175
2024_0412_09:41:19 13 49.975 99.95
2024_0412_09:42:16 13 37.8 -11.4875
2024_0412_09:42:21 13 -0.6125 -1.3875
2024_0412_09:42:34 13 92.8 93.0125
2024_0412_09:43:39 13 86.9375 92.125
2024_0412_09:43:58 13 -0.2125 -0.1125
2024_0412_09:44:43 13 50.0125 49.9875
2024_0412_09:44:44 13 -11.1875 41.075
2024_0412_09:46:49 13 21.9625 22.2125
2024_0412_09:46:51 13 -1.7625 0.25
2024_0412_09:47:12 13 -9.9875 8.3625
2024_0412_09:48:06 13 1.025 1.1
2024_0412_09:48:13 13 -1.3875 -0.5375
2024_0412_09:48:16 13 92.3625 86.5375
2024_0412_09:49:01 13 -13.2 8.6375
2024_0412_09:50:05 13 -0.375 -0.75
2024_0412_09:50:17 13 0.475 -0.5875
2024_0412_09:51:04 13 92.65 91.0375
2024_0412_09:51:15 13 99.975 -50.0
2024_0412_09:51:20 13 28.8125 32.3875
2024_0412_09:52:30 13 40.825 92.2
2024_0412_09:52:46 13 89.0625 89.1125
2024_0412_09:53:27 13 -1.8375 1.025
2024_0412_09:53:36 13 92.4875 93.2125
2024_0412_09:55:44 13 91.2875 90.7875
2024_0412_09:56:36 13 -4.1625 30.0
2024_0412_09:57:01 13 -8.2875 21.025
2024_0412_09:57:10 13 25.65 -1.1625
2024_0412_09:57:10 13 91.125 89.4
2024_0412_09:57:29 13 -0.2625 -0.7875
2024_0412_09:58:08 13 -0.8875 -4.0875
2024_0412_09:58:13 13 -2.0875 1.8125
2024_0412_09:59:07 13 90.8875 89.6
2024_0412_09:59:31 13 -1.4375 -1.65
2024_0412_10:00:07 13 1.7125 5.2875
2024_0412_10:00:33 13 -0.025 -0.325
2024_0412_10:01:28 13 1.8 4.1375
2024_0412_10:02:00 13 -99.925 -99.975
2024_0412_10:02:12 13 0.675 0.725
2024_0412_10:03:08 13 89.5 90.2375
2024_0412_10:03:49 13 -0.7125 -2.125
2024_0412_10:05:59 13 92.8 92.875
2024_0412_10:06:14 13 4.0625 2.6125
2024_0412_10:06:29 13 54.45 92.5
2024_0412_10:06:54 13 -0.0875 1.85
2024_0412_10:07:47 13 9.725 8.6375
2024_0412_10:09:06 13 90.0625 92.2125
2024_0412_10:09:54 13 95.0 43.85
2024_0412_10:10:29 13 42.325 10.4625
2024_0412_10:10:54 13 -7.225 42.2875
2024_0412_10:10:58 13 89.525 86.45
2024_0412_10:11:28 13 10.1375 26.475
2024_0412_10:11:29 13 37.6875 36.6125
2024_0412_10:12:45 13 -1.3375 6.825
2024_0412_10:12:48 13 89.025 90.125
2024_0412_10:14:22 13 0.4 -1.675
2024_0412_10:14:40 13 82.95 88.075
2024_0412_10:15:45 13 10.875 12.275
2024_0412_10:16:21 13 38.65 37.65
2024_0412_10:16:43 13 0.55 -0.8625
2024_0412_10:16:52 13 90.425 88.6125
2024_0412_10:17:48 13 0.2875 -0.475
2024_0412_10:18:31 13 -0.9125 1.3
2024_0412_10:19:23 13 93.5 92.7875
2024_0412_10:20:18 13 0.0 1.7375
2024_0412_10:20:26 13 -1.65 0.325
2024_0412_10:20:33 13 90.65 89.05
2024_0412_10:20:48 13 -0.9 -0.5625
2024_0412_10:20:53 13 -0.325 0.3
2024_0412_10:21:31 13 -0.8875 0.825
2024_0412_10:22:15 13 3.9375 -1.175
2024_0412_10:22:29 13 0.875 0.475
2024_0412_10:23:37 13 0.6875 -1.35
2024_0412_10:24:51 13 0.125 1.275
2024_0412_10:25:09 13 86.575 48.2375
2024_0412_10:25:21 13 0.9375 0.175
2024_0412_10:26:27 13 -1.9 -0.2875
2024_0412_10:27:36 13 90.5375 90.2875
2024_0412_10:27:51 13 -0.95 -1.2625
2024_0412_10:28:37 13 0.3625 -0.0375
2024_0412_10:28:44 13 -10.7125 29.2875
2024_0412_10:29:21 13 90.375 86.5625
2024_0412_10:29:42 13 -1.0375 -3.475
2024_0412_10:29:47 13 2.1 1.325
2024_0412_10:29:55 13 79.9375 88.6375
2024_0412_10:30:13 13 52.1625 -52.5375
2024_0412_10:31:10 13 92.375 91.9125
2024_0412_10:31:35 13 40.8375 91.6625
2024_0412_10:31:48 13 -12.1625 19.175
2024_0412_10:33:50 13 43.65 87.05
2024_0412_10:33:51 13 0.3375 0.725
2024_0412_10:34:49 13 -0.8375 1.1
2024_0412_10:35:54 13 94.2 92.475
2024_0412_10:36:27 13 82.0625 84.3125
2024_0412_10:36:31 13 -1.75 1.8875
2024_0412_10:37:23 13 -33.2 33.325
2024_0412_10:37:55 13 12.5625 41.6125
2024_0412_10:38:07 13 -2.0875 -0.5
2024_0412_10:38:50 13 0.275 0.5125
2024_0412_10:39:24 13 37.6375 39.5875
2024_0412_10:39:42 13 90.8125 90.9
2024_0412_10:39:48 13 5.5375 1.675
2024_0412_10:39:59 13 71.7875 67.5625
2024_0412_10:40:40 13 89.3375 90.4625
2024_0412_10:40:48 13 87.4 90.3625
2024_0412_10:42:04 13 10.6625 11.3
2024_0412_10:42:57 13 -0.275 1.375
2024_0412_10:44:26 13 90.35 90.7375
2024_0412_10:44:36 13 -1.125 1.025
2024_0412_10:44:37 13 1.25 0.025
2024_0412_10:46:18 13 1.375 19.0625
2024_0412_10:46:23 13 13.9875 11.6875
2024_0412_10:46:49 13 94.2875 93.15
2024_0412_10:47:34 13 79.8875 89.15
2024_0412_10:48:05 13 -1.8 -3.85
2024_0412_10:48:07 13 6.5875 3.3875
2024_0412_10:48:19 13 20.4625 -19.5625
2024_0412_10:48:48 13 91.8875 93.8625
2024_0412_10:49:04 13 90.2125 90.4125
2024_0412_10:49:34 13 1.4375 -0.975
2024_0412_10:50:21 13 0.825 0.65
2024_0412_10:51:33 13 0.9875 -1.8875
2024_0412_10:51:51 13 0.5875 -2.775
2024_0412_10:53:11 13 38.5375 -24.5875
2024_0412_10:53:39 13 1.5875 -0.075
2024_0412_10:54:20 13 89.5375 88.5625
2024_0412_10:54:27 13 2.3375 -1.475
2024_0412_10:55:00 13 80.7375 89.4625
2024_0412_10:55:10 13 88.6125 87.3125
2024_0412_10:56:18 13 -0.0625 -0.5625
2024_0412_10:57:06 13 10.35 -10.3125
2024_0412_10:57:34 13 99.975 -99.975
2024_0412_10:57:46 13 -99.975 -99.975
2024_0412_10:58:26 13 40.3375 92.4
2024_0412_10:58:29 13 10.15 -11.525
2024_0412_10:58:29 13 82.4875 93.7875
2024_0412_10:58:37 13 -1.425 1.7875
2024_0412_11:00:12 14 1.8875 13.2875
2024_0412_11:01:52 14 -1.8375 -0.8375
2024_0412_11:02:04 14 92.675 91.6625
2024_0412_11:03:07 14 0.325 0.35
2024_0412_11:03:20 14 91.15 89.0625
2024_0412_11:03:40 14 99.95 99.95
2024_0412_11:03:54 14 -0.55 0.4
2024_0412_11:05:25 14 0.2625 0.3625
2024_0412_11:05:53 14 0.8125 1.6
2024_0412_11:06:13 14 19.0375 28.1
2024_0412_11:06:22 14 1.4125 -0.3
2024_0412_11:06:38 14 88.45 88.875
2024_0412_11:06:55 14 93.1875 91.9875
2024_0412_11:07:28 14 65.9125 86.3
2024_0412_11:07:51 14 68.1375 2.575
2024_0412_11:07:55 14 89.325 40.2375
2024_0412_11:08:59 14 -2.8375 -0.55
2024_0412_11:10:46 14 -0.5375 -0.275
2024_0412_11:11:26 14 7.8 -0.9875
2024_0412_11:11:26 14 0.8875 -2.9
2024_0412_11:11:33 14 92.15 90.4625
2024_0412_11:13:33 14 -1.175 1.925
2024_0412_11:14:15 14 7.3375 59.225
2024_0412_11:15:02 14 -3.125 37.175
2024_0412_11:15:28 14 89.225 88.0625
2024_0412_11:15:31 14 99.925 49.975
2024_0412_11:15:40 14 0.5875 -1.6875
2024_0412_11:15:51 14 2.45 0.55
2024_0412_11:16:04 14 52.025 80.4
2024_0412_11:16:41 14 6.4625 -5.875
2024_0412_11:17:09 14 0.025 -0.025
2024_0412_11:18:26 14 0.975 1.8
2024_0412_11:19:00 14 91.05 40.6
2024_0412_11:19:43 14 9.925 6.5125
2024_0412_11:19:44 14 89.725 88.575
2024_0412_11:20:53 14 1.45 -0.0625
2024_0412_11:21:34 14 9.2625 -10.9
2024_0412_11:22:16 14 -1.5 0.4375
2024_0412_11:23:18 14 89.5 89.05
2024_0412_11:23:47 14 -0.6 0.725
2024_0412_11:24:18 14 -0.425 0.2125
2024_0412_11:24:28 14 50.0 -49.9875
2024_0412_11:24:54 14 90.7375 90.475
2024_0412_11:25:09 14 -23.0375 61.6875
2024_0412_11:25:28 14 92.2625 92.4125
2024_0412_11:25:54 14 1.1 -0.15
2024_0412_11:26:40 14 -13.8375 18.2125
2024_0412_11:27:38 14 -11.4 9.5875
2024_0412_11:27:50 14 92.075 92.85
2024_0412_11:27:55 14 92.0875 91.975
2024_0412_11:28:41 14 89.3875 88.6625
2024_0412_11:30:07 14 -9.85 9.825
2024_0412_11:30:22 14 88.7875 40.025
2024_0412_11:31:33 14 29.675 33.275
2024_0412_11:32:39 14 91.575 92.3875
2024_0412_11:33:06 14 92.4875 91.175
2024_0412_11:33:32 14 -0.275 0.925
2024_0412_11:33:59 14 88.975 90.0375
2024_0412_11:34:01 14 -0.875 0.7125
2024_0412_11:34:41 14 85.6375 88.7
2024_0412_11:34:46 14 3.175 4.5375
2024_0412_11:35:01 14 -1.85 0.6375
2024_0412_11:35:51 14 -0.5125 -0.025
2024_0412_11:36:09 14 89.7125 92.075
2024_0412_11:36:31 14 -2.075 -0.575
2024_0412_11:37:00 14 73.5875 77.275
2024_0412_11:37:49 14 -0.1375 1.0625
2024_0412_11:38:54 14 -0.5125 0.2125
2024_0412_11:38:59 14 -0.2875 3.875
2024_0412_11:40:35 14 43.4625 36.7875
2024_0412_11:41:58 14 89.05 86.95
2024_0412_11:42:12 14 1.0125 0.95
2024_0412_11:42:47 14 0.3375 0.5375
2024_0412_11:43:21 14 91.125 91.975
2024_0412_11:43:24 14 -0.1 -0.125
2024_0412_11:43:29 14 -19.1875 20.7
2024_0412_11:43:56 14 87.85 90.4
2024_0412_11:44:04 14 5.4375 3.9375
2024_0412_11:44:10 14 91.225 92.2
2024_0412_11:44:52 14 0.2875 -0.6
2024_0412_11:45:11 14 -0.6625 1.625
2024_0412_11:45:54 14 -49.9875 -49.975
2024_0412_11:46:41 14 -0.025 -0.025
2024_0412_11:47:47 14 -0.55 -1.05
2024_0412_11:47:49 14 89.125 41.3875
2024_0412_11:50:16 14 -1.225 -0.4
2024_0412_11:51:34 14 -2.425 32.4
2024_0412_11:51:35 14 -1.725 0.075
2024_0412_11:52:09 14 92.9 92.9875
2024_0412_11:52:16 14 0.5125 -1.3375
2024_0412_11:52:17 14 88.025 66.025
2024_0412_11:52:18 14 35.9375 92.6625
2024_0412_11:52:42 14 -3.0625 1.325
2024_0412_11:53:40 14 89.075 83.575
2024_0412_11:54:25 14 34.8 1.9
2024_0412_11:54:30 14 -15.0625 44.55
2024_0412_11:55:22 14 -39.7375 40.3
2024_0412_11:55:38 14 4.1875 -0.65
2024_0412_11:55:58 14 6.0625 31.5375
2024_0412_11:56:51 14 90.575 87.85
2024_0412_11:57:23 14 0.3125 0.2375
2024_0412_11:59:13 14 -2.825 86.65
2024_0412_11:59:56 14 34.3 -0.4125
2024_0412_12:00:22 14 91.7125 41.6625
2024_0412_12:00:27 14 89.025 89.1375
2024_0412_12:01:03 14 3.6375 -0.1
2024_0412_12:01:27 14 1.8 0.4
2024_0412_12:01:39 14 -0.65 -1.0875
2024_0412_12:01:46 14 59.3 -59.9875
2024_0412_12:02:21 14 69.6625 56.5125
2024_0412_12:02:47 14 87.775 87.375
2024_0412_12:03:13 14 82.325 83.1875
2024_0412_12:03:48 14 91.125 27.2
2024_0412_12:06:15 14 -1.5 0.825
2024_0412_12:06:16 14 0.25 1.8125
2024_0412_12:07:01 14 2.3 1.575
2024_0412_12:07:12 14 92.325 91.0125
2024_0412_12:07:30 14 88.1125 88.8
2024_0412_12:08:24 14 0.0 0.8
2024_0412_12:08:50 14 39.275 28.7125
2024_0412_12:09:16 14 -0.1625 -0.425
2024_0412_12:09:49 14 -0.5125 0.275
2024_0412_12:10:37 14 89.925 90.9875
2024_0412_12:10:56 14 89.0625 46.6875
2024_0412_12:11:03 14 -2.5875 49.2375
2024_0412_12:11:28 14 38.8625 -7.6
2024_0412_12:11:45 14 92.75 92.2375
2024_0412_12:12:06 14 93.1625 92.475
2024_0412_12:12:52 14 86.375 84.225
2024_0412_12:15:02 14 88.0875 84.15
2024_0412_12:15:44 14 94.0625 93.075
2024_0412_12:16:33 14 0.275 -0.1625
2024_0412_12:16:48 14 -36.3875 34.9375
2024_0412_12:17:04 14 -12.4625 48.7375
2024_0412_12:18:03 14 -1.575 -0.5875
2024_0412_12:18:04 14 88.275 88.4125
2024_0412_12:18:09 14 26.1875 43.5875
2024_0412_12:18:35 14 1.6625 -0.7375
2024_0412_12:19:38 14 86.5 88.6625
2024_0412_12:20:09 14 38.775 40.5375
2024_0412_12:20:15 14 77.525 89.4375
2024_0412_12:20:24 14 -0.2375 -3.1375
2024_0412_12:20:47 14 34.55 38.1375
2024_0412_12:21:26 14 88.2375 88.275
2024_0412_12:22:31 14 35.525 -7.6
2024_0412_12:23:39 14 -33.3125 34.325
2024_0412_12:25:20 14 0.0 1.3875
2024_0412_12:25:25 14 49.075 -4.8625
2024_0412_12:25:26 14 -10.2375 7.9875
2024_0412_12:25:41 14 64.1125 -14.1375
2024_0412_12:26:52 14 -0.325 -1.2625
2024_0412_12:27:29 14 99.975 -99.975
2024_0412_12:27:34 14 87.2375 87.325
2024_0412_12:28:29 14 5.675 14.175
2024_0412_12:28:49 14 0.7375 -1.7125
2024_0412_12:28:58 14 89.525 89.775
2024_0412_12:29:24 14 3.2125 0.7375
2024_0412_12:29:35 14 41.925 86.9375
2024_0412_12:29:41 14 90.7 86.7875
2024_0412_12:32:44 14 -0.175 1.425
2024_0412_12:33:06 14 -0.1125 -0.175
2024_0412_12:33:37 14 88.05 90.7
2024_0412_12:34:27 14 88.125 82.825
2024_0412_12:34:44 14 4.625 -0.6125
2024_0412_12:34:53 14 91.625 87.75
2024_0412_12:35:06 14 0.1125 1.1875
2024_0412_12:35:13 14 -11.35 8.4625
2024_0412_12:36:16 14 88.475 90.775
2024_0412_12:36:22 14 76.0875 76.85
2024_0412_12:37:15 14 -1.975 4.1
2024_0412_12:37:23 14 84.0 88.575
2024_0412_12:37:33 14 0.35 0.6875
2024_0412_12:37:48 14 82.0875 78.925
2024_0412_12:38:00 14 2.15 -0.75
2024_0412_12:40:17 14 89.875 88.05
2024_0412_12:40:52 14 88.3875 90.1125
2024_0412_12:41:57 15 18.6125 17.375
2024_0412_12:42:36 14 -7.9875 37.0625
2024_0412_12:43:20 15 88.4125 89.25
2024_0412_12:43:44 15 88.3375 90.1
2024_0412_12:44:02 15 26.125 -3.3375
2024_0412_12:44:04 15 90.9125 91.925
2024_0412_12:44:33 15 0.5625 0.925
2024_0412_12:45:39 15 8.7125 -8.5625
2024_0412_12:45:44 15 0.6 1.025
2024_0412_12:45:48 15 1.15 0.1625
2024_0412_12:45:59 15 93.05 92.625
2024_0412_12:46:13 15 -0.5875 0.5625
2024_0412_12:47:46 15 0.4375 1.9875
2024_0412_12:49:05 15 88.8875 89.55
2024_0412_12:51:02 15 0.0625 -1.2375
2024_0412_12:51:25 15 12.85 12.3375
2024_0412_12:51:40 15 47.775 -22.775
2024_0412_12:51:58 15 14.4375 93.775
2024_0412_12:52:13 15 91.35 72.9625
2024_0412_12:52:25 15 11.675 -12.8875
2024_0412_12:52:52 15 30.775 -19.575
2024_0412_12:53:48 15 89.7625 89.7625
2024_0412_12:53:51 15 8.175 -8.375
2024_0412_12:53:51 15 2.0625 0.7125
2024_0412_12:54:01 15 89.65 86.225
2024_0412_12:54:11 15 91.325 77.1375
2024_0412_12:55:22 15 -1.2625 -0.05
2024_0412_12:55:22 15 92.3625 92.5125
2024_0412_12:56:33 15 78.35 52.0375
2024_0412_12:57:51 15 35.625 38.3
2024_0412_13:00:05 15 94.275 45.0375
2024_0412_13:00:41 15 93.8125 92.725
2024_0412_13:01:00 15 90.7375 80.2375
2024_0412_13:01:01 15 1.3125 -0.0875
2024_0412_13:01:15 15 88.3125 88.525
2024_0412_13:01:50 15 -7.0875 8.75
2024_0412_13:02:14 15 8.2875 -9.025
2024_0412_13:02:33 15 83.55 89.6375
2024_0412_13:02:48 15 -0.375 -0.3
2024_0412_13:02:48 15 0.6125 0.4625
2024_0412_13:02:53 15 0.0125 -0.025
2024_0412_13:04:13 15 88.3375 89.1375
2024_0412_13:04:50 15 88.2375 88.3125
2024_0412_13:05:21 15 70.0875 85.7625
2024_0412_13:08:21 15 40.7625 88.4375
2024_0412_13:08:23 15 91.7125 93.8125
2024_0412_13:09:02 15 90.8 88.2875
2024_0412_13:09:13 15 1.6 -0.0875
2024_0412_13:09:59 15 26.9 23.825
2024_0412_13:09:59 15 93.725 92.375
2024_0412_13:10:16 15 93.025 93.05
2024_0412_13:10:18 15 -1.3125 -0.6
2024_0412_13:11:11 15 -3.3 5.1125
2024_0412_13:11:21 15 12.8375 11.525
2024_0412_13:11:33 15 64.15 69.8375
2024_0412_13:11:34 15 2.0 -3.3125
2024_0412_13:11:43 15 0.9125 0.425
2024_0412_13:13:06 15 88.35 42.1125
2024_0412_13:14:10 15 11.525 2.6125
2024_0412_13:14:29 15 87.8875 87.95
2024_0412_13:16:45 15 58.15 51.125
2024_0412_13:17:09 15 -3.4 41.35
2024_0412_13:18:27 15 0.725 -0.4375
2024_0412_13:18:36 15 88.7125 83.575
2024_0412_13:19:04 15 -7.7625 9.8375
2024_0412_13:19:12 15 90.8625 92.1125
2024_0412_13:20:01 15 -1.2625 -0.1625
2024_0412_13:20:02 15 -0.6125 0.6125
2024_0412_13:20:17 15 10.1875 7.7125
2024_0412_13:20:22 15 -49.975 49.975
2024_0412_13:20:22 15 23.5875 17.5875
2024_0412_13:20:35 15 91.6875 91.7625
2024_0412_13:22:36 15 -0.075 -0.475
2024_0412_13:23:37 15 -99.9125 99.9375
2024_0412_13:25:31 15 0.1125 -0.0125
2024_0412_13:25:33 15 1.5625 0.4875
2024_0412_13:25:56 15 -1.0375 2.7875
2024_0412_13:26:50 15 86.975 80.4875
2024_0412_13:27:32 15 38.0125 38.8125
2024_0412_13:27:36 15 -3.4125 49.1625
2024_0412_13:28:13 15 86.35 89.775
2024_0412_13:28:18 15 43.1125 42.35
2024_0412_13:28:42 15 0.4875 0.275
2024_0412_13:29:15 15 93.3 92.95
2024_0412_13:29:26 15 91.825 92.175
2024_0412_13:29:28 15 2.975 -0.225
2024_0412_13:29:41 15 41.9625 89.0875
2024_0412_13:31:07 15 -9.9125 10.1875
2024_0412_13:32:02 15 -100.0 49.975
2024_0412_13:32:26 15 89.6625 83.3625
2024_0412_13:33:47 15 -0.075 -1.2375
2024_0412_13:34:41 15 88.675 87.0125
2024_0412_13:35:40 15 -14.0625 33.225
2024_0412_13:35:52 15 -0.6875 1.5375
2024_0412_13:36:29 15 93.6875 93.35
2024_0412_13:36:38 15 0.15 0.4875
2024_0412_13:36:58 15 -1.2375 -0.2125
2024_0412_13:37:15 15 13.0375 -11.1125
2024_0412_13:37:36 15 0.35 -0.05
2024_0412_13:38:11 15 89.4875 90.5375
2024_0412_13:38:15 15 1.6625 1.3125
2024_0412_13:38:51 15 90.225 86.6375
2024_0412_13:39:10 15 -0.275 -0.4
2024_0412_13:41:05 15 -1.5 2.0375
2024_0412_13:41:14 15 66.5625 70.65
2024_0412_13:42:34 15 -26.5625 55.5125
2024_0412_13:43:32 15 0.4375 0.1375
2024_0412_13:43:52 15 79.875 90.7875
2024_0412_13:44:43 15 34.425 36.025
2024_0412_13:45:18 15 -50.0 50.0
2024_0412_13:45:30 15 -0.85 -0.1375
2024_0412_13:46:02 15 61.1 79.075
2024_0412_13:46:12 15 1.2625 0.45
2024_0412_13:46:26 15 49.975 49.9875
2024_0412_13:46:56 15 -1.425 3.1875
2024_0412_13:46:59 15 97.2375 -33.125
2024_0412_13:48:31 15 1.7625 1.0
2024_0412_13:48:38 15 -0.3 -0.1875
2024_0412_13:49:58 15 88.725 84.675
2024_0412_13:50:04 15 84.7875 55.125
2024_0412_13:51:17 15 87.9375 90.3625
2024_0412_13:52:02 15 82.9875 89.2
2024_0412_13:53:10 15 42.325 43.975
2024_0412_13:53:13 15 0.5875 -0.05
2024_0412_13:53:34 15 59.0625 78.9375
2024_0412_13:54:06 15 90.6375 83.9875
2024_0412_13:54:24 15 -2.3875 -1.6875
2024_0412_13:55:11 15 -0.7 -1.1375
2024_0412_13:55:16 15 0.0 -0.0125
2024_0412_13:55:47 15 -0.2 0.7625
2024_0412_13:56:23 15 33.2125 -33.975
2024_0412_13:56:25 15 28.1875 -27.8
2024_0412_13:57:22 15 -16.35 17.3125
2024_0412_13:58:17 15 88.8625 87.775
2024_0412_13:59:05 15 0.9625 -0.5375
2024_0412_14:00:15 15 88.6875 88.3875
2024_0412_14:00:53 15 93.4625 91.5375
2024_0412_14:02:36 15 -0.45 -0.2375
2024_0412_14:02:41 15 -0.625 0.0
2024_0412_14:02:45 15 1.975 -1.9125
2024_0412_14:03:19 15 1.225 0.575
2024_0412_14:03:24 15 -8.65 11.9125
2024_0412_14:03:41 15 89.8375 86.2
2024_0412_14:04:05 15 -10.9875 11.1125
2024_0412_14:04:09 15 0.6 0.55
2024_0412_14:04:38 15 39.2375 89.9625
2024_0412_14:05:51 15 87.425 68.4625
2024_0412_14:06:47 15 37.3875 9.2
2024_0412_14:07:50 15 39.3375 -1.8125
2024_0412_14:08:00 15 85.95 88.3
2024_0412_14:08:35 15 91.4125 91.2125
2024_0412_14:09:22 15 -2.575 -1.0375
2024_0412_14:10:52 15 11.3125 12.7
2024_0412_14:11:03 15 90.3 84.4375
2024_0412_14:11:12 15 -2.425 -2.2
2024_0412_14:11:45 15 -18.175 19.7
2024_0412_14:11:45 15 -0.3125 1.05
2024_0412_14:12:22 15 13.175 13.5625
2024_0412_14:12:37 15 -1.6625 0.975
2024_0412_14:12:53 15 0.5 -0.125
2024_0412_14:13:04 15 91.325 70.35
2024_0412_14:14:16 15 -1.75 0.775
2024_0412_14:15:06 15 86.5875 86.375
2024_0412_14:16:40 15 -0.675 -1.7375
2024_0412_14:16:46 15 4.25 -4.325
2024_0412_14:16:49 15 91.8375 90.8125
2024_0412_14:17:21 15 -0.8375 -1.225
2024_0412_14:17:32 15 -0.0625 -0.875
2024_0412_14:19:18 15 1.5375 -0.5875
2024_0412_14:19:43 15 -99.975 49.9875
2024_0412_14:19:55 16 4.2125 6.2625
2024_0412_14:20:40 15 90.8875 89.1375
2024_0412_14:21:24 16 19.7 -18.9375
2024_0412_14:21:33 16 -2.125 -2.425
2024_0412_14:21:43 16 -9.4 12.5875
2024_0412_14:21:59 16 -0.075 0.875
2024_0412_14:23:05 16 29.65 -6.575
2024_0412_14:23:08 15 89.85 89.9375
2024_0412_14:23:57 16 92.9 93.9
2024_0412_14:25:39 16 16.7875 -18.3125
2024_0412_14:25:43 16 55.7875 88.275
2024_0412_14:26:08 16 16.475 -8.0375
2024_0412_14:27:08 16 91.75 89.9125
2024_0412_14:27:34 16 75.2 80.2125
2024_0412_14:27:41 16 53.725 -16.125
2024_0412_14:27:58 16 83.35 87.4625
2024_0412_14:28:13 16 40.7375 41.8
2024_0412_14:29:54 16 49.875 59.5125
2024_0412_14:30:05 16 0.85 0.4
2024_0412_14:30:44 16 16.45 -16.6875
2024_0412_14:31:10 16 94.1125 92.2125
2024_0412_14:31:33 16 0.4625 -0.95
2024_0412_14:31:49 16 -0.6125 0.675
2024_0412_14:32:43 16 93.575 93.4875
2024_0412_14:32:48 16 -0.6625 0.025
2024_0412_14:34:30 16 38.025 89.4875
2024_0412_14:34:38 16 79.8 89.8
2024_0412_14:34:51 16 87.9625 41.325
2024_0412_14:35:44 16 17.2625 -16.1875
2024_0412_14:36:13 16 1.95 -1.8875
2024_0412_14:36:44 16 17.0875 -16.3125
2024_0412_14:37:01 16 -38.975 55.7625
2024_0412_14:38:57 16 90.05 89.0875
2024_0412_14:39:09 16 91.7875 92.65
2024_0412_14:39:26 16 -7.8125 7.0
2024_0412_14:39:42 16 0.75 -1.2
2024_0412_14:40:44 16 0.475 0.4125
2024_0412_14:41:00 16 3.2875 -2.75
2024_0412_14:41:02 16 0.3125 -0.1
2024_0412_14:41:21 16 -0.4875 -0.8
2024_0412_14:41:58 16 10.0 -10.1375
2024_0412_14:42:39 16 89.7875 87.275
2024_0412_14:43:21 16 1.6625 -1.7375
2024_0412_14:43:44 16 92.2625 86.3125
2024_0412_14:44:26 16 0.1125 -2.1875
2024_0412_14:44:29 16 9.5125 9.5625
2024_0412_14:44:59 16 62.9375 63.3
2024_0412_14:45:13 16 92.4375 91.675
2024_0412_14:47:11 16 -2.6375 23.05
2024_0412_14:48:12 16 3.1625 0.1625
2024_0412_14:49:14 16 -1.775 -1.525
2024_0412_14:49:51 16 78.55 72.3625
2024_0412_14:49:51 16 71.2875 71.475
2024_0412_14:49:56 16 87.7125 89.1625
2024_0412_14:50:07 16 -0.8125 0.5875
2024_0412_14:50:55 16 93.9875 91.9875
2024_0412_14:51:10 16 87.9 90.175
2024_0412_14:51:32 16 0.7 1.0625
2024_0412_14:52:33 16 75.7375 36.875
2024_0412_14:52:37 16 89.5375 88.6125
2024_0412_14:52:47 16 92.0375 91.65
2024_0412_14:52:59 16 -9.675 10.0375
2024_0412_14:53:14 16 65.4 49.15
2024_0412_14:53:21 16 29.2875 76.5375
2024_0412_14:55:23 16 -1.025 -0.775
2024_0412_14:56:59 16 -0.65 0.1625
2024_0412_14:58:02 16 27.2875 6.2375
2024_0412_14:58:38 16 41.0375 92.4875
2024_0412_14:58:40 16 29.5625 -19.075
2024_0412_14:58:56 16 25.0 -24.9875
2024_0412_14:59:10 16 30.225 28.3125
2024_0412_14:59:19 16 93.8 92.3375
2024_0412_15:00:57 16 89.25 77.85
2024_0412_15:01:40 16 39.2625 92.6125
2024_0412_15:01:48 16 91.7625 91.2875
2024_0412_15:02:06 16 0.7625 0.25
2024_0412_15:02:06 16 93.3875 91.5875
2024_0412_15:02:13 16 91.8 88.2
2024_0412_15:02:45 16 94.9625 92.9875
2024_0412_15:03:32 16 -6.0125 18.0
2024_0412_15:05:13 16 -0.775 0.4875
2024_0412_15:06:34 16 94.45 93.9375
2024_0412_15:07:27 16 88.6625 92.1125
2024_0412_15:07:46 16 -0.425 -2.9875
2024_0412_15:07:55 16 -49.9875 99.95
2024_0412_15:08:04 16 1.825 -0.725
2024_0412_15:08:16 16 92.5125 92.0625
2024_0412_15:09:02 16 10.0 -10.15
2024_0412_15:09:57 16 -0.8625 -0.075
2024_0412_15:10:37 16 0.5875 2.05
2024_0412_15:11:34 16 -17.8125 17.025
2024_0412_15:11:53 16 87.825 74.9125
2024_0412_15:12:07 16 -8.0625 7.6125
2024_0412_15:14:45 16 49.9875 -49.9875
2024_0412_15:15:48 16 56.5125 24.5
2024_0412_15:15:59 16 93.65 92.85
2024_0412_15:16:40 16 8.075 15.05
2024_0412_15:16:56 16 92.2875 87.3375
2024_0412_15:17:10 16 -0.425 0.8375
2024_0412_15:17:35 16 2.5125 0.9125
2024_0412_15:17:51 16 55.9 53.475
2024_0412_15:17:58 16 89.325 86.5125
2024_0412_15:18:06 16 7.175 2.2625
2024_0412_15:18:20 16 11.1125 -1.45
2024_0412_15:18:31 16 -3.9375 12.1875
2024_0412_15:19:54 16 -1.7 1.0875
2024_0412_15:20:10 16 -99.975 -99.975
2024_0412_15:20:37 16 11.75 10.1125
2024_0412_15:23:37 16 63.8375 90.575
2024_0412_15:24:52 16 99.975 49.975
2024_0412_15:24:59 16 0.8375 -4.525
2024_0412_15:25:07 16 91.1375 89.15
2024_0412_15:25:39 16 -0.575 42.5125
2024_0412_15:26:08 16 35.45 -37.1625
2024_0412_15:26:23 16 92.5125 92.425
2024_0412_15:26:40 16 66.6125 71.6625
2024_0412_15:26:58 16 1.15 -0.625
2024_0412_15:27:02 16 -1.0375 -1.1375
2024_0412_15:28:39 16 2.5875 2.3375
2024_0412_15:28:42 16 -9.425 26.5875
2024_0412_15:29:03 16 1.7 0.3375
2024_0412_15:29:19 16 -2.325 1.5875
2024_0412_15:29:20 16 39.0375 -6.475
2024_0412_15:31:34 16 -0.2125 -1.65
2024_0412_15:32:30 16 93.0125 91.7
2024_0412_15:33:04 16 27.475 19.9625
2024_0412_15:33:15 16 -0.875 -0.2
2024_0412_15:34:05 16 94.075 92.675
2024_0412_15:34:50 16 85.5375 42.3125
2024_0412_15:35:08 16 70.375 71.325
2024_0412_15:35:11 17 26.3625 55.5625
2024_0412_15:35:32 16 -11.15 11.55
2024_0412_15:36:17 17 -0.4 0.5375
2024_0412_15:36:57 17 58.55 39.1625
2024_0412_15:38:00 17 9.275 6.0125
2024_0412_15:38:03 17 0.4375 -0.35
2024_0412_15:38:48 17 0.2375 1.475
2024_0412_15:39:43 17 38.3875 90.325
2024_0412_15:40:37 17 10.4125 16.45
2024_0412_15:40:45 17 -0.425 -1.7
2024_0412_15:41:17 17 40.05 -40.525
2024_0412_15:41:28 17 -0.95 0.3875
2024_0412_15:42:14 17 93.0125 92.6875
2024_0412_15:42:22 17 0.0 -0.425
2024_0412_15:43:28 17 89.9625 89.0625
2024_0412_15:43:49 17 0.3875 0.1375
2024_0412_15:43:55 17 -1.4875 0.0375
2024_0412_15:44:56 17 0.8875 0.1125
2024_0412_15:45:16 17 41.0375 16.7875
2024_0412_15:45:51 17 9.8875 59.15
2024_0412_15:46:48 17 -5.05 5.6125
2024_0412_15:46:50 17 -0.325 -0.5125
2024_0412_15:48:26 17 -49.775 48.9375
2024_0412_15:49:08 17 -25.125 53.2875
2024_0412_15:49:22 17 -0.925 9.9375
2024_0412_15:49:49 17 39.6875 -39.6375
2024_0412_15:50:18 17 44.3875 77.9375
2024_0412_15:50:34 17 52.3125 75.5625
2024_0412_15:50:45 17 14.5 3.55
2024_0412_15:51:38 17 3.5125 0.3375
2024_0412_15:52:06 17 8.5375 7.325
2024_0412_15:52:45 17 75.875 77.125
2024_0412_15:52:49 17 84.825 88.2625
2024_0412_15:53:48 17 40.1875 24.225
2024_0412_15:54:10 17 92.45 92.625
2024_0412_15:54:21 17 -6.5625 6.9
2024_0412_15:55:43 17 69.125 70.925
2024_0412_15:55:45 17 88.95 89.2125
2024_0412_15:57:31 17 0.1625 0.7
2024_0412_15:57:33 17 88.5875 66.25
2024_0412_15:57:59 17 92.9 93.075
2024_0412_15:58:04 17 88.45 88.975
2024_0412_15:58:49 17 63.2875 65.8375
2024_0412_15:59:00 17 13.625 -6.825
2024_0412_15:59:45 17 14.9875 15.1
2024_0412_15:59:46 17 -11.4875 21.875
2024_0412_16:01:46 17 -1.2625 2.0
2024_0412_16:02:15 17 88.7375 91.7625
2024_0412_16:02:43 17 -11.5625 15.8875
2024_0412_16:03:17 17 69.15 86.4
2024_0412_16:03:28 17 -1.8875 1.2625
2024_0412_16:04:09 17 90.6875 78.2125
2024_0412_16:04:32 17 9.5 -9.65
2024_0412_16:05:45 17 1.975 -5.375
2024_0412_16:06:10 17 -0.85 0.375
2024_0412_16:06:18 17 12.6125 12.5625
2024_0412_16:06:50 17 65.3125 66.1125
2024_0412_16:07:21 17 92.7375 92.3
2024_0412_16:07:32 17 42.9625 24.925
2024_0412_16:08:30 17 63.7375 89.525
2024_0412_16:08:39 17 49.9625 100.0
2024_0412_16:10:03 17 92.5625 90.8625
2024_0412_16:11:00 17 1.9375 11.825
2024_0412_16:11:21 17 -0.4375 0.025
2024_0412_16:11:26 17 -0.9625 0.1
2024_0412_16:12:22 17 20.925 -0.2875
2024_0412_16:13:22 17 82.8625 89.6375
2024_0412_16:13:58 17 8.25 4.65
2024_0412_16:15:01 17 72.225 72.15
2024_0412_16:15:02 17 32.125 11.5875
2024_0412_16:15:37 17 0.5125 0.1375
2024_0412_16:16:20 17 0.1875 0.3
2024_0412_16:17:02 17 68.3625 67.4625
2024_0412_16:17:19 17 -0.375 -0.9875
2024_0412_16:17:42 17 -19.2625 20.2625
2024_0412_16:18:49 17 -1.3625 -0.325
2024_0412_16:19:14 17 -0.4125 -0.65
2024_0412_16:19:22 17 88.2625 76.2375
2024_0412_16:19:40 17 46.65 84.9125
2024_0412_16:20:15 17 82.125 89.9625
2024_0412_16:22:25 17 -9.7125 9.625
2024_0412_16:22:43 17 -5.2125 0.1875
2024_0412_16:22:46 17 12.3 10.5375
2024_0412_16:22:48 17 9.725 -8.6125
2024_0412_16:23:46 17 -8.325 9.1625
2024_0412_16:23:53 17 12.4125 -13.1875
2024_0412_16:24:31 17 -0.925 -1.4875
2024_0412_16:24:40 17 92.9125 92.7125
2024_0412_16:25:51 17 -5.025 5.925
2024_0412_16:25:57 17 -0.6875 0.2125
2024_0412_16:26:06 17 16.55 16.4
2024_0412_16:27:32 17 54.975 81.575
2024_0412_16:27:54 17 -12.1375 10.6375
2024_0412_16:28:12 17 1.5125 -2.125
2024_0412_16:28:29 17 -0.2 -2.4
2024_0412_16:28:49 17 86.7875 75.4125
2024_0412_16:31:11 17 -1.275 1.15
2024_0412_16:31:59 17 1.5625 -1.425
2024_0412_16:32:09 17 -25.375 24.8375
2024_0412_16:32:30 17 1.1 0.0875
2024_0412_16:32:53 17 -1.0125 0.775
2024_0412_16:33:15 17 1.925 1.25
2024_0412_16:34:16 17 88.65 86.0625
2024_0412_16:34:44 17 -10.0875 11.65
2024_0412_16:34:53 17 -0.225 0.125
2024_0412_16:36:01 17 34.225 49.3625
2024_0412_16:36:13 17 -2.975 -2.7125
2024_0412_16:36:38 17 -10.925 14.0625
2024_0412_16:37:11 17 90.9625 89.425
2024_0412_16:38:09 17 22.525 17.0875
2024_0412_16:38:18 17 -0.6 -0.65
2024_0412_16:40:06 17 0.6 -0.525
2024_0412_16:40:33 17 -1.675 1.075
2024_0412_16:41:08 17 92.8375 92.0125
2024_0412_16:41:38 17 -2.1 0.2
2024_0412_16:41:45 17 0.025 -0.0625
2024_0412_16:42:03 17 0.525 -0.425
2024_0412_16:42:47 17 -1.425 -0.4625
2024_0412_16:43:40 17 89.75 90.575
2024_0412_16:44:05 17 0.0375 1.3875
2024_0412_16:44:46 17 -0.475 -0.9625
2024_0412_16:45:00 17 24.5625 14.0625
2024_0412_16:45:06 17 -0.0875 -0.3375
2024_0412_16:45:38 17 12.7875 12.3125
2024_0412_16:46:01 17 -4.4125 -1.4625
2024_0412_16:47:13 17 91.6125 37.75
2024_0412_16:47:54 17 -0.15 1.0
2024_0412_16:48:27 17 89.925 89.225
2024_0412_16:50:00 17 18.7375 -3.2125
2024_0412_16:50:20 17 13.875 -10.975
2024_0412_16:50:34 17 49.1625 -49.8375
2024_0412_16:51:35 17 92.875 93.375
2024_0412_16:51:44 17 84.6125 40.2375
2024_0412_16:52:48 17 -7.1125 9.875
2024_0412_16:52:57 17 0.2 -0.025
2024_0412_16:53:37 17 38.1375 89.95
2024_0412_16:53:40 17 45.7875 -13.625
2024_0412_16:54:09 17 13.325 14.0625
2024_0412_16:56:01 17 -0.4875 -1.1
2024_0412_16:56:28 17 88.5 85.15
2024_0412_16:57:18 17 0.1 0.125
2024_0412_16:57:34 17 39.725 38.8875
2024_0412_16:58:07 17 -1.65 2.625
2024_0412_16:59:09 17 46.8875 74.725
2024_0412_17:00:07 17 0.325 2.075
2024_0412_17:00:11 17 94.175 92.7875
2024_0412_17:00:43 17 89.8625 40.3125
2024_0412_17:01:04 17 -49.9875 49.9875
2024_0412_17:01:14 17 -1.075 -0.4375
2024_0412_17:02:02 17 65.7625 60.85
2024_0412_17:02:30 17 66.875 87.6875
2024_0412_17:03:01 17 4.825 -4.225
2024_0412_17:03:22 17 92.375 91.7125
2024_0412_17:04:48 17 74.0875 73.3375
2024_0412_17:04:51 17 -9.0625 10.625
2024_0412_17:06:13 18 -16.1625 14.625
2024_0412_17:06:14 18 89.025 84.75
2024_0412_17:06:25 18 93.2 92.0
2024_0412_17:07:53 17 -0.2125 -1.575
2024_0412_17:08:22 18 47.8125 -47.7875
2024_0412_17:08:42 18 -25.0375 53.25
2024_0412_17:09:34 18 99.975 -99.975
2024_0412_17:09:39 18 93.525 92.775
2024_0412_17:09:46 18 0.35 0.1
2024_0412_17:10:15 18 92.4 86.9
2024_0412_17:10:28 18 27.2375 23.2625
2024_0412_17:11:18 18 32.0375 -11.9
2024_0412_17:11:26 18 10.9 11.7
2024_0412_17:13:02 18 85.9125 40.575
2024_0412_17:13:11 18 49.125 -4.1625
2024_0412_17:13:46 18 84.7125 83.6875
2024_0412_17:14:36 18 -0.575 18.025
2024_0412_17:15:09 18 -1.1125 -0.4625
2024_0412_17:15:47 18 0.4 -1.775
2024_0412_17:16:43 18 -1.2625 -1.475
2024_0412_17:17:00 18 0.625 0.275
2024_0412_17:17:45 18 25.2375 25.8125
2024_0412_17:18:23 18 92.575 92.0875
2024_0412_17:18:26 18 -8.6 21.975
2024_0412_17:18:30 18 7.8 -1.3875
2024_0412_17:18:41 18 -0.9 0.9625
2024_0412_17:20:08 18 87.95 86.575
2024_0412_17:20:27 18 67.425 56.6125
2024_0412_17:20:42 18 72.325 79.7
2024_0412_17:21:25 18 94.2375 92.1
2024_0412_17:21:52 18 -0.9625 3.4
2024_0412_17:22:37 18 -0.2875 0.725
2024_0412_17:22:45 18 88.925 88.0625
2024_0412_17:23:52 18 -24.4125 7.325
2024_0412_17:24:38 18 -2.1625 -0.5625
2024_0412_17:25:03 18 -11.2875 10.4375
2024_0412_17:26:09 18 88.7125 87.7625
2024_0412_17:26:37 18 -2.4375 0.7625
2024_0412_17:26:46 18 88.625 89.95
2024_0412_17:27:02 18 1.15 0.875
2024_0412_17:27:06 18 0.1625 -2.8625
2024_0412_17:29:22 18 -0.225 -0.1
2024_0412_17:29:31 18 89.375 83.5875
2024_0412_17:29:31 18 -4.6125 5.4375
2024_0412_17:29:35 18 -0.125 0.9125
2024_0412_17:29:51 18 14.225 -10.6875
2024_0412_17:30:44 18 59.675 -7.4125
2024_0412_17:30:53 18 90.4625 88.825
2024_0412_17:32:43 18 8.9375 8.9875
2024_0412_17:33:16 18 39.45 51.7
2024_0412_17:33:42 18 -0.025 1.1375
2024_0412_17:35:08 18 37.5625 37.1625
2024_0412_17:35:21 18 0.4875 -1.2875
2024_0412_17:35:30 18 93.3375 92.4625
2024_0412_17:35:31 18 1.3625 1.0
2024_0412_17:36:29 18 43.125 42.0125
2024_0412_17:37:45 18 -8.0375 47.0875
2024_0412_17:38:18 18 -0.0125 -1.0375
2024_0412_17:38:22 18 11.25 -3.0125
2024_0412_17:38:47 18 89.975 87.875
2024_0412_17:38:53 18 -5.075 31.1125
2024_0412_17:39:31 18 32.8125 26.1125
2024_0412_17:40:24 18 -0.4875 0.4375
2024_0412_17:41:10 18 -0.725 0.7
2024_0412_17:41:17 18 -33.8125 46.8875
2024_0412_17:41:33 18 81.225 53.85
2024_0412_17:42:25 18 -3.6875 27.2625
2024_0412_17:43:02 18 39.45 38.8125
2024_0412_17:43:51 18 50.0 49.975
2024_0412_17:44:51 18 0.0 -0.2
2024_0412_17:45:10 18 -39.35 37.6625
2024_0412_17:45:14 18 -1.425 0.3
2024_0412_17:45:43 18 91.075 90.6375
2024_0412_17:46:57 18 67.075 54.0375
2024_0412_17:47:31 18 94.5 89.1125
2024_0412_17:47:40 18 21.6 31.2625
2024_0412_17:47:50 18 -0.5125 -1.775
2024_0412_17:48:57 18 78.8125 90.4125
2024_0412_17:49:30 18 91.55 44.4
2024_0412_17:50:02 18 -19.9 19.7375
2024_0412_17:50:35 18 22.9125 66.5625
2024_0412_17:51:02 18 -0.2375 -1.4875
2024_0412_17:51:07 18 92.5 92.0875
2024_0412_17:52:30 18 -10.7 12.85
2024_0412_17:52:47 18 44.5625 95.5
2024_0412_17:53:31 18 92.6875 93.425
2024_0412_17:53:50 18 -0.8625 1.4875
2024_0412_17:54:56 18 1.3875 0.125
2024_0412_17:56:15 18 10.975 12.8125
2024_0412_17:56:30 18 -12.8875 13.9875
2024_0412_17:56:52 18 93.2875 91.35
2024_0412_17:57:41 18 87.425 87.4625
2024_0412_17:58:31 18 15.8375 16.3
2024_0412_17:59:36 18 -1.875 2.55
2024_0412_17:59:39 18 -10.3625 17.2375
2024_0412_18:00:04 18 -2.35 0.175
2024_0412_18:00:10 18 -0.7375 -0.275
2024_0412_18:00:38 18 87.2375 81.35
2024_0412_18:01:20 18 89.1875 86.775
2024_0412_18:02:12 18 99.875 0.0
2024_0412_18:02:23 18 75.1625 76.425
2024_0412_18:03:04 18 82.8375 89.4375
2024_0412_18:04:25 18 92.5875 92.8125
2024_0412_18:04:40 18 30.1625 -1.425
2024_0412_18:04:55 18 -0.975 0.6625
2024_0412_18:05:14 18 -12.8875 47.1625
2024_0412_18:06:05 18 0.4375 7.375
2024_0412_18:06:54 18 7.7875 10.1375
2024_0412_18:07:51 18 2.2375 1.525
2024_0412_18:08:05 18 11.0875 -10.625
2024_0412_18:08:57 18 87.175 89.6
2024_0412_18:09:03 18 89.225 81.8
2024_0412_18:09:21 18 1.075 -0.925
2024_0412_18:10:37 18 -2.0875 -0.4375
2024_0412_18:10:41 18 84.8625 84.625
2024_0412_18:10:43 18 4.5125 9.95
2024_0412_18:11:20 18 2.55 -1.275
2024_0412_18:12:45 18 92.3875 93.2875
2024_0412_18:13:30 18 91.8125 92.725
2024_0412_18:13:52 18 52.95 49.1
2024_0412_18:14:01 18 20.5875 23.625
2024_0412_18:14:17 18 -49.975 -99.95
2024_0412_18:14:45 18 6.075 3.7375
2024_0412_18:16:13 18 50.0125 -99.95
2024_0412_18:16:30 18 1.4375 0.15
2024_0412_18:17:11 18 85.2375 72.5125
2024_0412_18:17:31 18 11.25 -5.8375
2024_0412_18:17:43 18 89.9375 89.5625
2024_0412_18:17:53 18 0.3125 -0.8375
2024_0412_18:19:01 18 0.6 3.125
2024_0412_18:19:08 18 -0.2625 -1.425
2024_0412_18:19:24 18 -0.55 -1.65
2024_0412_18:21:18 18 82.55 85.5
2024_0412_18:22:29 18 18.0 -5.275
2024_0412_18:22:50 18 30.25 -1.9
2024_0412_18:23:04 18 -0.7625 -2.05
2024_0412_18:23:05 18 88.3375 85.875
2024_0412_18:23:19 18 -1.925 -0.9125
2024_0412_18:23:45 18 -1.5375 0.7
2024_0412_18:25:02 18 0.1 1.075
2024_0412_18:25:34 18 52.2375 49.7875
2024_0412_18:25:58 18 0.1125 0.2125
2024_0412_18:26:28 18 -0.5375 -0.325
2024_0412_18:26:55 18 -0.4375 1.925
2024_0412_18:27:12 18 89.8375 92.1875
2024_0412_18:27:30 18 65.525 90.125
2024_0412_18:28:03 18 91.7875 92.1125
2024_0412_18:28:10 18 92.75 93.5375
2024_0412_18:30:35 18 -8.6125 9.0875
2024_0412_18:31:14 18 87.5875 87.9875
2024_0412_18:31:31 18 9.6875 -9.375
2024_0412_18:31:43 18 92.4625 91.2375
2024_0412_18:31:45 18 12.225 2.2125
2024_0412_18:31:56 18 -1.0 0.8625
2024_0412_18:33:56 18 -47.8 81.3375
2024_0412_18:34:09 18 -0.4875 0.95
2024_0412_18:35:00 18 13.15 13.7
2024_0412_18:35:51 18 0.225 2.1
2024_0412_18:36:26 18 8.3875 -8.8375
2024_0412_18:36:31 18 -9.675 10.8625
2024_0412_18:36:41 18 -11.2625 55.1875
2024_0412_18:37:46 18 45.8875 1.375
2024_0412_18:39:08 18 88.95 85.65
2024_0412_18:40:15 19 8.475 3.3
2024_0412_18:40:27 19 91.6125 89.325
2024_0412_18:40:51 19 -0.7875 0.6
2024_0412_18:40:55 19 93.3625 44.75
2024_0412_18:40:58 19 -14.675 13.4625
2024_0412_18:41:59 19 -0.0875 -0.05
2024_0412_18:42:20 19 40.25 40.475
2024_0412_18:42:38 19 90.3375 79.0
2024_0412_18:42:58 19 90.0875 44.15
2024_0412_18:44:16 19 -0.375 2.7875
2024_0412_18:45:12 19 2.75 2.8125
2024_0412_18:45:20 19 0.625 -1.2125
2024_0412_18:45:35 19 81.8875 89.775
2024_0412_18:47:40 19 -0.35 1.7125
2024_0412_18:47:53 19 0.0375 0.9
2024_0412_18:48:44 19 1.0375 0.7125
2024_0412_18:49:02 19 1.325 -1.3125
2024_0412_18:49:40 19 -0.4625 -1.9625
2024_0412_18:50:11 19 -0.7375 -1.75
2024_0412_18:50:58 19 0.525 -0.725
2024_0412_18:51:26 19 78.3 86.2875
2024_0412_18:51:27 19 83.05 89.0625
2024_0412_18:51:37 19 -8.8125 8.5875
2024_0412_18:52:40 19 -1.1 0.7875
2024_0412_18:52:58 19 46.7625 46.2375
2024_0412_18:53:50 19 -1.5 -0.9125
2024_0412_18:53:58 19 0.3125 0.6875
2024_0412_18:54:52 19 -0.5 -0.375
2024_0412_18:55:48 19 90.325 89.6375
2024_0412_18:56:15 19 -5.0375 66.9125
2024_0412_18:57:12 19 12.3 -13.7375
2024_0412_18:58:31 19 31.175 4.2
2024_0412_18:58:53 19 47.25 54.625
2024_0412_18:59:12 19 14.5 -1.375
2024_0412_18:59:28 19 2.8375 0.2
2024_0412_18:59:49 19 -0.3 4.525
2024_0412_19:01:53 19 -2.5625 0.075
2024_0412_19:02:31 19 0.2125 0.0875
2024_0412_19:02:45 19 10.775 -11.7875
2024_0412_19:02:50 19 8.5375 3.7625
2024_0412_19:03:20 19 93.625 92.2875
2024_0412_19:03:26 19 0.65 1.2875
2024_0412_19:03:59 19 0.2625 -4.0125
2024_0412_19:05:34 19 16.425 -15.6875
2024_0412_19:06:12 19 17.075 -16.5625
2024_0412_19:06:51 19 37.4875 37.1375
2024_0412_19:07:29 19 -0.2375 5.725
2024_0412_19:07:35 19 -2.0625 -1.775
2024_0412_19:08:02 19 1.0625 0.45
2024_0412_19:08:12 19 -9.3125 23.95
2024_0412_19:08:27 19 87.2125 86.675
2024_0412_19:09:18 19 -0.6875 -0.1875
2024_0412_19:10:58 19 0.95 34.5375
2024_0412_19:11:37 19 72.7375 12.9125
2024_0412_19:11:40 19 -0.525 -1.0375
2024_0412_19:11:54 19 87.6375 84.0625
2024_0412_19:12:03 19 80.3 85.3
2024_0412_19:12:28 19 0.0875 1.325
2024_0412_19:14:43 19 84.9125 86.25
2024_0412_19:14:50 19 91.6375 90.85
2024_0412_19:14:54 19 17.375 -21.15
2024_0412_19:15:27 19 5.625 1.55
2024_0412_19:15:58 19 10.2625 5.2875
2024_0412_19:17:27 19 -8.5 10.7
2024_0412_19:17:29 19 39.95 38.1
2024_0412_19:17:48 19 91.675 89.2625
2024_0412_19:18:49 19 -1.55 -1.35
2024_0412_19:19:27 19 -2.775 -0.325
2024_0412_19:20:20 19 0.3875 -0.875
2024_0412_19:20:40 19 -2.5875 3.175
2024_0412_19:21:00 19 87.2 89.825
2024_0412_19:21:09 19 -49.9375 49.9625
2024_0412_19:21:13 19 -0.1125 0.15
2024_0412_19:22:42 19 -1.4125 -0.0375
2024_0412_19:23:21 19 -0.1 0.3375
2024_0412_19:23:30 19 49.5125 -49.275
2024_0412_19:25:04 19 0.275 0.4125
2024_0412_19:25:10 19 20.175 25.0
2024_0412_19:26:41 19 25.2875 -24.525
2024_0412_19:26:44 19 11.075 -10.675
2024_0412_19:26:44 19 90.3375 89.1625
2024_0412_19:27:52 19 4.6875 2.7875
2024_0412_19:27:53 19 14.3875 -16.1
2024_0412_19:28:57 19 -0.175 -0.9625
2024_0412_19:29:39 19 -0.925 -0.025
2024_0412_19:29:42 19 -0.1625 -1.2875
2024_0412_19:29:43 19 89.4125 89.2125
2024_0412_19:29:46 19 10.9375 5.1125
2024_0412_19:29:54 19 47.1875 -42.2375
2024_0412_19:31:11 19 1.3625 -0.4625
2024_0412_19:32:03 19 -0.9 -1.85
2024_0412_19:32:55 19 94.7 93.4625
2024_0412_19:33:29 20 0.7625 0.7375
2024_0412_19:35:14 20 90.425 78.6875
2024_0412_19:35:16 20 89.575 90.3125
2024_0412_19:35:29 20 16.5125 3.5875
2024_0412_19:36:34 20 0.75 1.15
2024_0412_19:37:16 20 38.825 38.225
2024_0412_19:37:25 20 12.7125 40.95
2024_0412_19:38:21 20 -1.4625 -0.475
2024_0412_19:38:25 20 13.5375 44.9375
2024_0412_19:38:31 20 63.0375 60.025
2024_0412_19:38:44 20 49.9875 -49.9875
2024_0412_19:38:50 20 -1.9875 0.525
2024_0412_19:40:20 20 100.0 100.0
2024_0412_19:41:33 20 -5.175 5.5
2024_0412_19:41:44 20 -9.65 31.3125
2024_0412_19:42:01 20 10.9625 7.7
2024_0412_19:43:43 20 0.05 1.2375
2024_0412_19:44:11 20 9.4375 5.275
2024_0412_19:44:14 20 -0.85 1.8
2024_0412_19:44:33 20 87.4125 88.975
2024_0412_19:45:32 20 49.225 54.5375
2024_0412_19:46:06 20 32.175 27.8625
2024_0412_19:47:06 20 0.6875 0.7
2024_0412_19:47:08 20 91.85 93.775
2024_0412_19:47:14 20 88.25 88.6875
2024_0412_19:47:26 20 -0.2875 -0.2625
2024_0412_19:48:09 20 -14.3875 12.8125
2024_0412_19:49:30 20 -0.65 0.3625
2024_0412_19:50:13 20 85.3 -7.6375
2024_0412_19:50:21 20 -1.05 -0.725
2024_0412_19:50:30 20 8.6 -10.2125
2024_0412_19:52:57 20 88.7625 88.975
2024_0412_19:53:24 20 -0.0125 -0.0125
2024_0412_19:53:35 20 20.225 -13.9625
2024_0412_19:54:13 20 79.95 85.6625
2024_0412_19:54:41 20 42.9375 90.2125
2024_0412_19:56:00 20 1.1875 0.0
2024_0412_19:56:08 20 0.575 -2.4625
2024_0412_19:56:13 20 1.3875 -0.5375
2024_0412_19:56:26 20 88.3875 86.1875
2024_0412_19:56:37 20 86.7 89.725
2024_0412_19:57:26 20 -13.3 10.475
2024_0412_19:58:29 20 92.7875 92.1125
2024_0412_19:58:50 20 50.2125 -49.9375
2024_0412_19:58:53 20 3.9125 2.6125
2024_0412_19:58:59 20 -3.2125 5.8375
2024_0412_19:59:22 20 49.9625 99.975
2024_0412_20:01:11 20 -0.1875 -0.525
2024_0412_20:01:54 20 3.075 0.975
2024_0412_20:02:12 20 92.5125 92.25
2024_0412_20:02:47 20 35.4625 -1.0875
2024_0412_20:03:42 20 24.25 35.8375
2024_0412_20:04:42 20 93.1875 89.375
2024_0412_20:04:49 20 89.075 84.975
2024_0412_20:04:54 20 86.9875 90.1375
2024_0412_20:05:06 20 -10.975 50.75
2024_0412_20:05:17 20 9.625 10.725
2024_0412_20:06:06 20 8.8125 9.225
2024_0412_20:07:35 20 -1.2375 1.75
2024_0412_20:07:36 20 -0.575 0.5125
2024_0412_20:07:51 20 90.275 84.825
2024_0412_20:08:04 20 -0.775 47.1375
2024_0412_20:08:05 20 36.65 35.975
2024_0412_20:10:20 20 10.0375 10.0125
2024_0412_20:10:58 20 77.925 60.15
2024_0412_20:11:20 20 -17.2625 16.65
2024_0412_20:12:14 20 42.3125 28.675
2024_0412_20:13:23 20 19.65 8.5875
2024_0412_20:13:24 20 11.9875 -14.0625
2024_0412_20:13:28 20 -99.925 99.9125
2024_0412_20:13:34 20 -9.375 10.975
2024_0412_20:14:29 20 63.9 82.2625
2024_0412_20:14:39 20 -1.6625 -1.9
2024_0412_20:15:54 20 -0.5625 0.8
2024_0412_20:16:05 20 85.0 90.55
2024_0412_20:16:40 20 1.0 -0.4875
2024_0412_20:16:48 20 92.45 91.875
2024_0412_20:16:49 20 -4.0125 96.475
2024_0412_20:19:40 20 1.1125 -0.3
2024_0412_20:19:42 20 14.9375 15.7125
2024_0412_20:20:33 20 49.9875 -99.975
2024_0412_20:20:41 20 39.8625 -39.8375
2024_0412_20:20:44 20 43.0875 94.875
2024_0412_20:21:55 20 67.0375 74.0375
2024_0412_20:22:00 20 0.475 0.8875
2024_0412_20:22:07 20 0.325 -0.1625
2024_0412_20:23:04 20 -2.15 -1.7875
2024_0412_20:23:32 20 42.5375 94.25
2024_0412_20:23:55 20 53.8375 53.7875
2024_0412_20:24:33 20 25.225 -25.2875
2024_0412_20:25:02 20 1.8125 0.0875
2024_0412_20:25:26 20 9.225 -8.175
2024_0412_20:25:31 20 48.475 -7.4625
2024_0412_20:25:37 20 8.7625 42.7625
2024_0412_20:28:19 20 -14.7875 23.8125
2024_0412_20:29:15 13 10.1625 11.3375
2024_0412_20:29:47 5 93.0375 92.9875
2024_0412_20:29:49 13 1.25 -0.9
2024_0412_20:31:07 13 87.55 90.2625
2024_0412_20:31:07 13 1.325 0.35
2024_0412_20:32:01 14 -2.9625 49.2375
2024_0412_20:32:31 14 82.7 89.975
2024_0412_20:32:52 14 -1.6375 -0.2125
2024_0412_20:33:18 14 -0.1125 -0.1875
2024_0412_20:33:36 15 -0.975 -0.1375
2024_0412_20:33:40 13 0.125 0.5375
2024_0412_20:33:43 14 -0.2875 2.1
2024_0412_20:34:01 15 0.3375 0.3
2024_0412_20:34:50 15 92.0 92.9375
2024_0412_20:34:53 15 0.8 -0.225
2024_0412_20:37:21 15 93.5625 92.1125
2024_0412_20:38:19 15 57.7375 64.225
2024_0412_20:38:59 15 0.2375 0.8125
2024_0412_20:39:14 15 67.675 50.3
2024_0412_20:39:38 16 -1.225 0.25
2024_0412_20:40:32 16 11.5125 -9.95
2024_0412_20:41:07 16 -3.325 -1.9375
2024_0412_20:41:18 15 87.625 35.3125
2024_0412_20:42:06 16 -0.35 -0.8625
2024_0412_20:42:10 16 -37.325 38.1
2024_0412_20:42:17 16 -1.225 2.8375
2024_0412_20:42:18 16 1.95 2.0625
2024_0412_20:42:51 16 86.175 88.3125
2024_0412_20:43:25 16 -1.4 0.475
2024_0412_20:44:10 17 92.3875 92.5625
2024_0412_20:44:11 17 1.4375 1.7125
2024_0412_20:45:50 17 10.3875 -9.1875
2024_0412_20:47:47 17 2.35 1.0875
2024_0412_20:47:47 17 32.1375 20.9625
2024_0412_20:47:49 17 -0.875 1.0625
2024_0412_20:48:08 17 87.7 85.3125
2024_0412_20:48:56 17 11.775 10.025
2024_0412_20:49:55 17 55.8875 53.075
2024_0412_20:50:12 17 61.925 70.225
2024_0412_20:50:41 17 62.925 37.525
2024_0412_20:50:51 17 9.225 6.6375
2024_0412_20:50:51 17 75.375 -76.2
2024_0412_20:51:48 17 58.6875 79.575
2024_0412_20:52:36 18 99.975 -49.975
2024_0412_20:52:51 18 83.525 89.675
2024_0412_20:53:14 18 -0.9625 0.6
2024_0412_20:54:01 18 4.825 5.125
2024_0412_20:54:19 18 -0.7875 0.7375
2024_0412_20:56:19 18 -0.1875 -1.05
2024_0412_20:56:56 19 -21.125 18.0125
2024_0412_20:57:08 18 -1.45 -0.0875
2024_0412_20:58:15 18 11.4625 -11.575
2024_0412_20:58:28 19 -24.0125 25.775
2024_0412_20:58:43 19 -1.0625 -1.225
2024_0412_20:59:29 19 88.9625 84.85
2024_0412_20:59:35 19 91.125 92.4875
2024_0412_21:00:14 19 -0.175 -0.5125
2024_0412_21:00:26 19 14.2375 -16.075
2024_0412_21:01:25 19 -9.725 11.4375
2024_0412_21:02:38 20 45.825 44.6
2024_0412_21:03:32 20 -31.5125 30.7625
2024_0412_21:04:07 19 92.325 91.975
2024_0412_21:04:41 20 0.5125 -1.1125
2024_0412_21:04:56 20 -2.3875 -0.775
2024_0412_21:05:19 20 90.125 88.6625
2024_0412_21:05:40 20 0.7 1.0
2024_0412_21:06:09 20 10.225 11.4125
2024_0412_21:06:49 18 1.9875 -2.8
2024_0412_21:10:25 19 10.6875 9.35
2024_0412_21:11:44 20 49.025 -8.2125
2024_0412_21:13:19 19 38.4625 39.5375
