0.20683000000013646 0.11868500000004831 0.027855000000003193 0.006694999999999811 0.02275500000000163 0.021925000000001377 0.020545000000000955 0.020290000000000877 0.020255000000000866 0.007929999999999762 0.0439749999999993 0.03667500000000213 0.061654999999992445 0.05844999999999369 0.06654999999999617 0.050869999999996626 0.06415999999999378 0.06262999999999225 0.04189000000000011 0.03938000000000108 
2024_0411_20:31:32 11 -0.155 -1.005
2024_0411_20:31:32 6 96.345 96.5
2024_0411_20:32:09 10 94.285 92.555
2024_0411_20:32:11 5 96.235 96.55
2024_0411_20:32:14 11 94.02 95.2
2024_0411_20:32:20 3 95.54 94.6
2024_0411_20:32:26 4 95.945 94.65
2024_0411_20:32:52 7 94.935 94.375
2024_0411_20:32:53 1 95.97 96.34
2024_0411_20:32:55 2 95.19 95.03
2024_0411_20:32:57 2 94.755 93.995
2024_0411_20:32:57 9 97.015 96.615
2024_0411_20:33:00 8 95.3 94.58
2024_0411_20:33:00 1 96.435 96.315
2024_0411_20:33:02 1 96.56 96.48
2024_0411_20:35:28 6 96.84 96.29
2024_0411_20:39:48 13 88.265 70.98
2024_0411_20:40:31 12 66.77 -3.445
2024_0411_20:40:33 14 94.72 91.32
2024_0411_20:40:34 15 0.47 0.255
2024_0411_20:40:47 16 1.035 0.18
2024_0411_20:40:49 15 0.135 -0.725
2024_0411_20:40:58 13 -48.235 48.94
2024_0411_20:41:50 20 -0.8 -0.215
2024_0411_20:42:05 20 -0.165 -0.18
2024_0411_20:42:15 18 28.045 -24.865
2024_0411_20:42:27 18 -9.405 9.875
2024_0411_20:42:29 17 -0.525 0.565
2024_0411_20:42:40 17 0.3 -0.86
2024_0411_20:44:13 19 20.615 12.635
2024_0411_20:52:39 8 94.365 94.55
2024_0411_20:52:43 4 95.535 94.69
2024_0411_20:53:09 9 96.295 96.55
2024_0411_20:53:12 7 95.255 95.45
2024_0411_20:53:21 5 96.605 96.505
2024_0411_20:53:22 11 95.4 94.825
2024_0411_20:53:25 11 0.555 0.145
2024_0411_20:53:30 2 89.675 95.545
2024_0411_20:53:32 6 96.625 96.95
2024_0411_20:53:45 11 49.99 -49.99
2024_0411_20:53:48 10 95.19 94.135
2024_0411_20:53:49 3 95.78 95.105
2024_0411_20:53:50 12 -16.68 16.555
2024_0411_20:53:56 11 0.045 -0.065
2024_0411_20:53:57 11 0.35 0.085
2024_0411_20:55:39 1 96.93 96.51
2024_0411_21:01:17 13 95.47 95.94
2024_0411_21:01:48 15 7.58 38.295
2024_0411_21:01:56 16 -2.075 96.845
2024_0411_21:02:00 13 10.77 -10.905
2024_0411_21:02:08 13 17.215 67.96
2024_0411_21:02:14 18 96.34 96.09
2024_0411_21:02:16 13 31.78 -2.575
2024_0411_21:02:26 14 95.425 97.01
2024_0411_21:02:35 13 94.485 95.96
2024_0411_21:02:35 19 -0.165 0.535
2024_0411_21:02:36 17 -0.935 0.715
2024_0411_21:02:37 19 45.03 -12.84
2024_0411_21:03:20 20 97.01 96.33
2024_0411_21:03:32 20 49.97 -49.95
2024_0411_21:04:46 13 -43.32 48.33
2024_0411_21:13:39 1 96.41 96.495
2024_0411_21:13:44 7 95.015 95.005
2024_0411_21:13:45 5 96.6 96.095
2024_0411_21:13:49 6 96.475 96.795
2024_0411_21:13:53 3 94.525 93.365
2024_0411_21:13:53 12 -0.865 0.795
2024_0411_21:13:54 4 94.715 94.655
2024_0411_21:13:57 12 95.57 94.625
2024_0411_21:13:59 12 95.6 93.385
2024_0411_21:14:13 2 95.61 95.17
2024_0411_21:14:21 9 96.77 96.81
2024_0411_21:14:21 10 93.92 94.105
2024_0411_21:14:22 11 -0.29 -0.3
2024_0411_21:14:24 11 72.005 31.185
2024_0411_21:14:24 11 96.685 97.105
2024_0411_21:15:40 8 95.99 95.165
2024_0411_21:22:09 13 96.32 96.305
2024_0411_21:22:11 15 94.47 93.365
2024_0411_21:22:25 15 93.445 95.875
2024_0411_21:22:32 16 42.13 23.41
2024_0411_21:22:44 13 50.6 -50.18
2024_0411_21:22:45 14 -0.31 0.01
2024_0411_21:23:03 16 64.645 85.04
2024_0411_21:23:11 13 -0.45 0.57
2024_0411_21:23:20 15 -44.49 44.435
2024_0411_21:23:22 18 0.15 1.535
2024_0411_21:23:33 18 -12.04 12.26
2024_0411_21:24:00 18 -72.28 72.525
2024_0411_21:24:00 17 47.72 97.705
2024_0411_21:24:02 16 -14.245 54.55
2024_0411_21:25:08 13 95.85 96.075
2024_0411_21:25:11 18 -1.445 -1.245
2024_0411_21:30:30 18 -0.065 -0.01
2024_0411_21:30:35 19 52.52 -10.755
2024_0411_21:30:42 18 -8.71 36.055
2024_0411_21:30:45 19 32.59 26.205
2024_0411_21:30:53 20 -0.375 1.15
2024_0411_21:31:02 20 11.975 -9.775
2024_0411_21:31:05 20 -0.205 1.965
2024_0411_21:31:11 20 0.335 0.125
2024_0411_21:40:00 11 -0.355 0.5
2024_0411_21:40:06 2 94.97 95.09
2024_0411_21:40:07 11 0.12 0.3
2024_0411_21:40:08 8 95.055 95.145
2024_0411_21:40:13 1 96.51 96.4
2024_0411_21:40:13 5 96.295 96.685
2024_0411_21:40:19 3 94.855 94.68
2024_0411_21:40:19 11 0.375 0.825
2024_0411_21:40:47 9 96.56 96.87
2024_0411_21:40:50 10 95.145 93.245
2024_0411_21:40:52 7 95.415 95.015
2024_0411_21:40:53 11 0.01 -0.535
2024_0411_21:40:58 11 95.345 95.47
2024_0411_21:41:01 11 95.765 94.77
2024_0411_21:43:20 6 96.46 96.81
2024_0411_21:44:42 11 0.16 1.275
2024_0411_21:48:14 12 95.6 86.13
2024_0411_21:48:39 12 74.23 74.95
2024_0411_21:49:03 12 -11.855 54.6
2024_0411_21:49:05 12 93.73 94.45
2024_0411_21:49:07 12 94.885 90.26
2024_0411_21:49:08 12 -1.07 0.475
2024_0411_21:49:29 11 -99.995 100.0
2024_0411_21:49:31 12 0.115 -0.49
2024_0411_21:49:47 13 36.845 4.84
2024_0411_21:49:48 12 96.555 96.605
2024_0411_21:49:59 13 -1.325 0.615
2024_0411_21:50:17 13 92.94 95.81
2024_0411_21:50:32 13 93.32 94.515
2024_0411_21:50:49 13 -0.81 0.315
2024_0411_21:53:32 13 0.385 0.67
2024_0411_21:55:29 13 33.56 35.44
2024_0411_21:56:57 13 -1.675 0.35
2024_0411_21:57:01 13 94.405 93.335
2024_0411_21:57:19 13 77.65 74.49
2024_0411_21:57:21 13 96.04 96.59
2024_0411_21:57:49 13 -49.995 -99.99
2024_0411_21:58:17 14 -0.58 -0.42
2024_0411_21:58:24 14 0.69 -0.265
2024_0411_21:58:54 14 96.355 95.22
2024_0411_21:59:11 14 0.57 -0.215
2024_0411_21:59:21 14 96.15 94.04
2024_0411_21:59:23 14 0.12 0.665
2024_0411_21:59:23 14 -12.31 13.145
2024_0411_21:59:26 14 46.035 95.075
2024_0411_21:59:55 14 93.7 83.975
2024_0411_22:01:46 14 1.36 -1.12
2024_0411_22:04:56 14 96.175 95.66
2024_0411_22:05:43 14 95.575 94.14
2024_0411_22:05:47 14 -1.28 -0.04
2024_0411_22:05:56 14 -0.185 -0.065
2024_0411_22:06:00 15 0.935 -2.155
2024_0411_22:07:30 15 44.45 24.71
2024_0411_22:08:06 15 1.36 -0.35
2024_0411_22:08:21 15 -0.05 0.35
2024_0411_22:08:25 15 -0.145 -0.395
2024_0411_22:08:28 15 96.735 96.585
2024_0411_22:08:46 15 0.135 0.81
2024_0411_22:08:47 15 96.175 95.4
2024_0411_22:09:22 15 -0.68 -0.165
2024_0411_22:09:54 15 93.47 94.55
2024_0411_22:10:29 15 0.575 -0.28
2024_0411_22:13:01 15 -0.085 -2.015
2024_0411_22:14:11 16 8.67 -8.89
2024_0411_22:14:14 16 30.2 74.035
2024_0411_22:14:15 16 16.745 -16.82
2024_0411_22:14:30 16 0.165 0.49
2024_0411_22:14:37 16 95.71 95.065
2024_0411_22:16:29 16 11.92 12.425
2024_0411_22:17:22 17 -1.1 -0.125
2024_0411_22:17:26 17 1.4 0.135
2024_0411_22:17:30 17 -8.675 8.08
2024_0411_22:17:35 17 -80.755 79.765
2024_0411_22:17:38 17 84.785 63.545
2024_0411_22:18:22 17 29.915 32.905
2024_0411_22:18:46 17 10.94 12.015
2024_0411_22:18:48 17 -49.99 -49.99
2024_0411_22:21:09 17 -0.615 -0.815
2024_0411_22:23:02 18 100.0 -49.995
2024_0411_22:23:04 18 99.94 -99.955
2024_0411_22:23:25 18 45.005 -0.335
2024_0411_22:23:48 18 40.045 -39.345
2024_0411_22:23:55 18 95.75 -51.13
2024_0411_22:25:50 18 -21.125 72.405
2024_0411_22:26:09 18 94.765 95.875
2024_0411_22:26:11 18 95.58 95.66
2024_0411_22:26:18 19 -0.4 1.095
2024_0411_22:26:26 19 37.985 -6.16
2024_0411_22:26:35 19 -9.845 45.15
2024_0411_22:27:05 20 -0.51 1.195
2024_0411_22:27:15 20 -7.835 85.88
2024_0411_22:27:19 20 -0.535 0.065
2024_0411_22:29:59 20 -0.31 -1.375
2024_0411_22:31:15 20 -12.885 12.94
2024_0411_22:31:45 4 93.905 92.2
2024_0411_22:31:50 15 0.735 0.34
2024_0411_22:31:54 20 2.565 1.8
2024_0411_22:32:13 17 24.2 -4.965
2024_0411_22:32:35 18 -0.415 -1.205
2024_0411_22:33:46 20 20.64 -13.745
2024_0411_22:42:15 3 94.25 95.48
2024_0411_22:42:17 2 95.39 95.465
2024_0411_22:42:42 11 0.095 0.785
2024_0411_22:42:52 11 0.415 -0.635
2024_0411_22:42:53 1 96.25 96.66
2024_0411_22:43:02 7 95.125 94.8
2024_0411_22:43:02 5 96.505 96.855
2024_0411_22:43:10 6 96.15 96.635
2024_0411_22:43:11 9 96.685 96.885
2024_0411_22:43:20 11 0.14 -0.345
2024_0411_22:43:24 10 89.93 95.555
2024_0411_22:43:27 11 -1.205 0.83
2024_0411_22:43:28 8 95.13 93.45
2024_0411_22:43:33 11 94.695 44.855
2024_0411_22:43:33 4 94.265 95.435
2024_0411_22:45:27 11 94.795 95.84
2024_0411_22:51:10 11 -0.015 -0.125
2024_0411_22:51:13 12 95.525 94.25
2024_0411_22:51:18 11 0.115 -0.19
2024_0411_22:51:18 12 93.795 95.71
2024_0411_22:51:35 12 93.785 94.925
2024_0411_22:51:38 12 96.12 96.845
2024_0411_22:51:56 12 -0.565 0.91
2024_0411_22:51:57 12 0.38 1.46
2024_0411_22:52:16 12 73.23 73.38
2024_0411_22:52:19 13 -0.435 -0.43
2024_0411_22:52:25 13 95.82 95.785
2024_0411_22:52:50 12 97.725 44.68
2024_0411_22:53:10 13 91.03 -69.355
2024_0411_22:53:11 13 96.685 96.735
2024_0411_22:53:14 13 0.37 0.555
2024_0411_22:57:01 13 -0.325 -0.815
2024_0411_22:59:30 13 0.185 0.19
2024_0411_22:59:32 13 -0.885 0.85
2024_0411_22:59:55 13 -0.24 0.7
2024_0411_23:00:16 13 0.115 0.845
2024_0411_23:00:32 13 0.79 -0.75
2024_0411_23:00:36 13 13.33 14.74
2024_0411_23:01:08 13 -0.69 20.47
2024_0411_23:01:34 14 96.84 97.855
2024_0411_23:01:49 14 0.105 0.22
2024_0411_23:01:51 14 93.41 93.79
2024_0411_23:02:02 14 -49.99 -99.99
2024_0411_23:02:02 14 93.55 95.0
2024_0411_23:02:09 14 0.43 -0.24
2024_0411_23:02:16 14 74.725 75.36
2024_0411_23:02:59 14 -6.25 59.91
2024_0411_23:07:56 14 -1.755 -0.255
2024_0411_23:08:17 14 96.075 96.145
2024_0411_23:08:28 15 0.29 -0.065
2024_0411_23:08:30 14 99.97 99.97
2024_0411_23:08:36 14 94.66 94.765
2024_0411_23:08:53 15 0.17 0.22
2024_0411_23:09:24 15 95.195 93.755
2024_0411_23:10:04 15 -77.96 78.18
2024_0411_23:10:44 15 0.555 0.4
2024_0411_23:11:11 15 94.57 76.41
2024_0411_23:11:13 15 95.11 94.855
2024_0411_23:11:15 15 -33.09 43.415
2024_0411_23:11:24 15 1.355 1.055
2024_0411_23:11:41 15 1.095 -0.675
2024_0411_23:11:50 15 -0.55 0.58
2024_0411_23:12:04 15 0.65 0.055
2024_0411_23:16:40 16 0.225 -0.645
2024_0411_23:17:07 16 -10.235 7.845
2024_0411_23:17:09 16 8.42 4.34
2024_0411_23:17:32 16 -0.61 -1.55
2024_0411_23:17:55 16 8.585 10.725
2024_0411_23:18:28 16 -0.8 0.53
2024_0411_23:18:58 16 -0.09 -1.355
2024_0411_23:19:21 16 0.46 0.11
2024_0411_23:20:13 17 97.175 96.195
2024_0411_23:20:18 16 49.995 -99.99
2024_0411_23:20:29 17 94.875 94.12
2024_0411_23:20:43 17 -1.94 2.79
2024_0411_23:21:13 17 9.77 -9.925
2024_0411_23:21:53 17 0.93 0.06
2024_0411_23:22:02 17 19.21 71.83
2024_0411_23:25:09 17 96.515 96.505
2024_0411_23:25:29 17 -0.265 0.37
2024_0411_23:25:44 18 0.64 1.475
2024_0411_23:26:05 18 95.565 45.61
2024_0411_23:26:20 18 -12.305 11.08
2024_0411_23:26:42 18 94.415 96.545
2024_0411_23:27:47 18 -0.01 50.0
2024_0411_23:28:26 18 -0.78 0.49
2024_0411_23:28:55 18 95.23 94.36
2024_0411_23:29:09 18 -0.645 -0.665
2024_0411_23:29:12 18 -6.2 6.645
2024_0411_23:29:19 19 -0.48 1.56
2024_0411_23:29:37 19 6.31 77.325
2024_0411_23:30:16 19 10.895 2.02
2024_0411_23:31:07 20 -16.875 69.19
2024_0411_23:32:44 20 93.61 94.685
2024_0411_23:33:57 20 -1.62 46.785
2024_0411_23:34:06 20 95.26 94.87
2024_0411_23:34:32 18 -1.035 -0.465
2024_0411_23:34:34 20 99.99 49.99
2024_0411_23:35:30 17 0.695 0.27
2024_0411_23:38:32 20 28.82 27.995
2024_0411_23:46:48 8 93.82 94.73
2024_0411_23:47:27 1 96.3 96.865
2024_0411_23:47:28 11 0.465 0.86
2024_0411_23:47:31 11 9.75 55.655
2024_0411_23:47:31 11 95.845 93.99
2024_0411_23:47:35 11 96.105 96.355
2024_0411_23:47:36 6 96.64 96.19
2024_0411_23:47:37 9 96.84 96.875
2024_0411_23:47:41 7 92.89 94.71
2024_0411_23:47:42 2 95.4 95.775
2024_0411_23:48:11 10 95.805 94.75
2024_0411_23:48:15 3 95.41 94.405
2024_0411_23:48:15 4 94.275 95.41
2024_0411_23:48:16 5 96.265 96.44
2024_0411_23:48:18 11 -0.355 0.69
2024_0411_23:50:45 11 95.115 94.965
2024_0411_23:55:05 11 0.605 0.69
2024_0411_23:55:33 11 0.365 -0.51
2024_0411_23:55:46 11 -1.26 -0.73
2024_0411_23:56:21 11 -0.345 0.715
2024_0411_23:56:33 11 96.335 96.935
2024_0411_23:56:36 11 1.365 0.18
2024_0411_23:56:40 11 95.495 94.16
2024_0411_23:56:42 11 -99.99 49.995
2024_0411_23:57:07 12 -1.16 -0.17
2024_0411_23:57:09 11 -0.21 1.05
2024_0411_23:57:11 11 99.985 -99.985
2024_0411_23:57:13 12 -0.5 -0.565
2024_0411_23:57:35 12 95.6 95.48
2024_0411_23:57:53 12 95.365 95.715
2024_0411_23:57:56 11 96.595 96.475
2024_0412_00:02:17 12 95.555 96.11
2024_0412_00:04:09 12 0.685 0.5
2024_0412_00:04:13 12 0.965 -1.115
2024_0412_00:04:25 12 95.32 93.77
2024_0412_00:04:50 12 14.27 16.35
2024_0412_00:04:58 12 0.17 -1.0
2024_0412_00:05:24 12 1.06 -0.155
2024_0412_00:05:59 12 95.94 96.84
2024_0412_00:05:59 13 95.035 94.205
2024_0412_00:06:05 12 95.685 93.32
2024_0412_00:06:06 12 94.495 95.495
2024_0412_00:06:16 13 95.165 94.445
2024_0412_00:06:34 12 95.91 95.895
2024_0412_00:06:57 13 94.545 92.99
2024_0412_00:07:24 13 61.225 93.735
2024_0412_00:07:24 13 96.88 95.915
2024_0412_00:12:29 13 94.68 95.595
2024_0412_00:12:32 13 0.06 -0.89
2024_0412_00:12:54 13 95.745 95.99
2024_0412_00:13:13 13 95.595 47.165
2024_0412_00:13:40 13 96.32 96.395
2024_0412_00:13:52 13 2.9 3.7
2024_0412_00:14:07 13 -0.215 1.03
2024_0412_00:15:15 13 1.61 -0.78
2024_0412_00:15:23 13 -1.2 -0.12
2024_0412_00:15:39 13 99.97 -99.98
2024_0412_00:15:43 13 -0.725 -0.245
2024_0412_00:15:59 13 95.675 94.305
2024_0412_00:16:05 13 95.26 94.215
2024_0412_00:16:31 13 1.135 -0.59
2024_0412_00:16:58 13 -0.49 0.14
2024_0412_00:18:26 13 95.225 94.08
2024_0412_00:20:30 13 94.93 95.35
2024_0412_00:21:16 13 -0.83 -0.705
2024_0412_00:21:32 13 0.785 1.215
2024_0412_00:21:42 13 0.33 0.79
2024_0412_00:21:48 14 28.795 29.1
2024_0412_00:21:53 14 -0.9 -1.985
2024_0412_00:22:55 14 19.99 -20.025
2024_0412_00:24:21 14 94.075 95.12
2024_0412_00:24:31 14 94.615 90.555
2024_0412_00:24:48 14 75.89 77.02
2024_0412_00:24:54 14 8.56 7.695
2024_0412_00:25:18 14 96.3 96.05
2024_0412_00:26:11 14 94.49 89.59
2024_0412_00:26:27 14 -7.32 36.18
2024_0412_00:27:54 14 49.99 49.995
2024_0412_00:28:36 14 69.96 18.185
2024_0412_00:28:40 14 96.415 96.54
2024_0412_00:29:47 14 95.145 95.445
2024_0412_00:30:03 14 -20.765 18.845
2024_0412_00:30:44 14 13.095 12.74
2024_0412_00:30:55 14 15.4 16.66
2024_0412_00:31:00 14 96.46 95.34
2024_0412_00:31:17 14 96.105 46.095
2024_0412_00:33:14 14 68.705 77.12
2024_0412_00:33:28 14 1.23 0.595
2024_0412_00:33:35 14 0.505 0.055
2024_0412_00:33:50 14 -49.99 -99.97
2024_0412_00:34:17 14 96.47 96.395
2024_0412_00:34:57 14 84.1 4.62
2024_0412_00:36:39 14 0.08 -0.165
2024_0412_00:36:46 15 78.89 79.29
2024_0412_00:37:35 15 93.075 93.395
2024_0412_00:37:52 14 13.02 12.915
2024_0412_00:38:33 15 14.09 12.345
2024_0412_00:38:50 15 26.71 -27.31
2024_0412_00:39:05 15 -95.225 99.04
2024_0412_00:39:14 15 96.14 96.18
2024_0412_00:40:01 15 -2.64 2.765
2024_0412_00:40:21 15 89.01 91.8
2024_0412_00:42:14 15 0.765 -0.055
2024_0412_00:42:15 15 -0.21 -0.12
2024_0412_00:43:03 15 43.685 -1.745
2024_0412_00:43:05 15 -1.075 -1.255
2024_0412_00:43:22 15 -9.25 9.855
2024_0412_00:44:20 15 -0.03 0.425
2024_0412_00:44:51 15 76.18 76.52
2024_0412_00:46:07 15 -1.455 0.06
2024_0412_00:46:53 15 1.09 1.15
2024_0412_00:47:10 15 66.285 67.155
2024_0412_00:47:26 15 1.215 -0.925
2024_0412_00:47:44 15 95.29 95.37
2024_0412_00:48:08 15 -0.495 0.22
2024_0412_00:48:24 15 96.875 96.985
2024_0412_00:48:56 15 17.755 69.38
2024_0412_00:49:09 16 -0.09 1.005
2024_0412_00:51:02 16 -12.35 10.195
2024_0412_00:51:40 16 -0.005 1.17
2024_0412_00:51:59 16 -0.63 1.165
2024_0412_00:52:13 16 94.16 20.595
2024_0412_00:53:06 16 96.175 96.475
2024_0412_00:53:34 16 96.775 96.835
2024_0412_00:53:45 16 73.165 2.41
2024_0412_00:54:53 16 0.445 -0.705
2024_0412_00:55:30 16 44.62 47.25
2024_0412_00:55:34 16 26.885 39.7
2024_0412_00:56:14 16 94.635 94.725
2024_0412_00:56:31 16 0.25 0.19
2024_0412_00:56:36 16 -0.095 -0.49
2024_0412_00:57:41 16 -7.97 8.025
2024_0412_00:58:33 17 0.955 -1.055
2024_0412_00:59:54 17 43.39 86.215
2024_0412_01:00:33 17 72.98 72.71
2024_0412_01:01:03 17 -0.65 -0.05
2024_0412_01:01:05 17 -30.045 52.655
2024_0412_01:01:46 17 44.03 14.715
2024_0412_01:01:50 17 96.58 96.79
2024_0412_01:01:54 17 72.025 94.285
2024_0412_01:02:30 17 0.865 -2.525
2024_0412_01:03:47 17 10.635 11.115
2024_0412_01:04:21 17 97.23 -0.74
2024_0412_01:05:33 17 10.67 10.6
2024_0412_01:06:11 17 0.29 -0.68
2024_0412_01:06:29 17 7.765 1.325
2024_0412_01:06:48 17 14.87 -14.92
2024_0412_01:07:03 17 15.465 -10.77
2024_0412_01:09:33 18 94.895 94.805
2024_0412_01:09:36 17 9.44 -9.1
2024_0412_01:09:55 18 0.005 0.435
2024_0412_01:09:56 18 94.78 94.825
2024_0412_01:10:01 18 0.295 -0.035
2024_0412_01:10:35 18 0.13 0.305
2024_0412_01:10:36 18 -0.77 0.69
2024_0412_01:11:58 17 1.17 0.58
2024_0412_01:11:59 18 -19.105 20.24
2024_0412_01:12:00 18 0.27 0.215
2024_0412_01:13:51 18 12.4 -10.67
2024_0412_01:14:34 18 95.095 95.16
2024_0412_01:15:17 18 0.175 -0.135
2024_0412_01:16:01 18 94.22 94.795
2024_0412_01:16:04 18 -0.45 -0.085
2024_0412_01:17:32 18 94.725 94.565
2024_0412_01:17:40 18 -49.625 49.615
2024_0412_01:18:23 18 0.48 -2.66
2024_0412_01:18:23 18 27.115 -27.29
2024_0412_01:19:04 18 -9.615 9.825
2024_0412_01:19:19 18 96.85 96.93
2024_0412_01:19:41 19 97.215 -34.395
2024_0412_01:20:09 18 49.995 -49.99
2024_0412_01:20:54 19 -30.03 48.705
2024_0412_01:21:02 19 94.155 95.785
2024_0412_01:22:09 19 18.6 -19.765
2024_0412_01:22:58 19 95.025 94.59
2024_0412_01:23:07 19 46.23 45.485
2024_0412_01:23:45 19 47.205 48.105
2024_0412_01:24:36 20 80.725 54.79
2024_0412_01:25:00 20 7.6 1.135
2024_0412_01:26:10 20 71.62 -0.78
2024_0412_01:26:17 20 7.36 -7.42
2024_0412_01:27:07 20 -0.225 -1.21
2024_0412_01:27:16 20 95.41 90.495
2024_0412_01:28:01 20 -15.12 15.655
2024_0412_01:28:15 20 75.03 74.76
2024_0412_01:28:32 20 3.56 -0.155
2024_0412_01:29:19 20 -0.215 41.32
2024_0412_01:29:47 20 -2.375 -0.19
2024_0412_01:31:28 20 0.055 0.165
2024_0412_01:31:29 20 65.025 87.195
2024_0412_01:31:44 20 99.99 49.995
2024_0412_01:32:29 14 -6.705 52.935
2024_0412_01:32:36 16 -0.89 0.68
2024_0412_01:32:36 15 95.785 95.735
2024_0412_01:33:59 17 95.535 90.89
2024_0412_01:34:11 17 14.49 -12.675
2024_0412_01:35:05 17 -0.055 0.89
2024_0412_01:35:38 17 94.005 95.715
2024_0412_01:35:39 17 71.7 69.245
2024_0412_01:36:12 18 25.08 17.045
2024_0412_01:44:38 5 96.245 96.48
2024_0412_01:44:45 3 94.675 95.62
2024_0412_01:45:10 8 92.665 90.74
2024_0412_01:45:11 11 96.435 96.275
2024_0412_01:45:11 11 -0.23 -0.425
2024_0412_01:45:12 1 96.615 96.435
2024_0412_01:45:13 7 94.365 95.92
2024_0412_01:45:15 4 95.315 95.24
2024_0412_01:45:20 2 94.14 95.095
2024_0412_01:45:49 9 96.53 96.95
2024_0412_01:45:53 6 96.3 96.515
2024_0412_01:45:55 11 -99.98 -49.975
2024_0412_01:45:57 11 96.74 -28.215
2024_0412_01:46:04 11 94.7 95.445
2024_0412_01:46:10 11 -0.765 -0.445
2024_0412_01:47:12 10 93.125 95.04
2024_0412_01:53:37 11 0.32 -0.535
2024_0412_01:53:46 11 94.125 95.695
2024_0412_01:54:09 11 92.815 90.435
2024_0412_01:54:13 11 -0.225 -0.225
2024_0412_01:54:14 11 -0.055 0.105
2024_0412_01:54:26 11 -0.01 -1.35
2024_0412_01:54:44 11 -1.395 -1.075
2024_0412_01:54:45 11 0.085 -0.365
2024_0412_01:54:56 11 -0.42 -0.45
2024_0412_01:55:24 11 95.16 95.93
2024_0412_01:55:30 12 94.34 94.94
2024_0412_01:55:33 12 -22.245 22.285
2024_0412_01:55:33 11 94.79 94.91
2024_0412_01:55:49 12 0.48 -0.23
2024_0412_01:56:58 12 -0.545 -0.36
2024_0412_01:57:36 12 95.17 93.625
2024_0412_02:02:29 12 1.225 -0.26
2024_0412_02:02:44 12 -0.275 -0.215
2024_0412_02:02:45 12 45.85 46.36
2024_0412_02:03:11 12 96.205 95.14
2024_0412_02:03:13 12 42.665 45.14
2024_0412_02:03:25 12 94.55 94.79
2024_0412_02:03:39 12 0.205 1.25
2024_0412_02:03:40 12 0.4 0.08
2024_0412_02:03:47 12 93.395 95.315
2024_0412_02:04:21 12 -0.545 -0.49
2024_0412_02:05:09 13 -0.395 -0.58
2024_0412_02:05:25 13 26.72 -9.43
2024_0412_02:05:25 13 2.65 1.045
2024_0412_02:06:40 13 0.225 0.375
2024_0412_02:06:59 13 91.615 93.975
2024_0412_02:07:39 13 76.12 76.27
2024_0412_02:10:48 13 -0.3 -0.815
2024_0412_02:11:14 13 -1.605 1.09
2024_0412_02:11:20 13 -2.27 -0.395
2024_0412_02:11:31 13 99.99 49.995
2024_0412_02:11:38 13 -99.98 -99.98
2024_0412_02:11:39 13 -2.07 -1.855
2024_0412_02:12:35 13 -0.13 -0.285
2024_0412_02:12:59 13 46.44 46.145
2024_0412_02:13:10 13 10.47 -9.785
2024_0412_02:14:10 13 94.27 94.115
2024_0412_02:14:40 13 -0.65 0.665
2024_0412_02:15:04 13 94.435 96.355
2024_0412_02:15:09 13 94.385 95.3
2024_0412_02:15:55 13 96.315 96.74
2024_0412_02:16:24 13 -0.12 -0.195
2024_0412_02:18:54 13 93.77 95.36
2024_0412_02:19:14 13 0.285 -0.84
2024_0412_02:19:34 14 -0.94 -0.02
2024_0412_02:19:46 13 -1.85 -1.0
2024_0412_02:19:51 14 27.285 29.5
2024_0412_02:20:06 13 91.58 94.96
2024_0412_02:20:26 14 24.505 24.205
2024_0412_02:21:45 14 95.96 94.6
2024_0412_02:21:58 14 -0.72 -0.83
2024_0412_02:22:02 14 94.885 89.86
2024_0412_02:22:56 14 0.12 0.27
2024_0412_02:24:11 14 93.78 96.085
2024_0412_02:24:36 14 49.99 -49.995
2024_0412_02:25:17 14 -19.71 21.215
2024_0412_02:25:33 14 44.215 42.785
2024_0412_02:26:40 14 0.78 0.685
2024_0412_02:27:39 14 0.58 0.385
2024_0412_02:27:55 14 43.9 -44.72
2024_0412_02:28:06 14 95.435 95.21
2024_0412_02:28:08 14 -0.87 -0.775
2024_0412_02:28:14 14 -0.335 -0.615
2024_0412_02:28:23 14 95.62 95.09
2024_0412_02:29:22 14 96.375 96.005
2024_0412_02:30:39 14 0.65 -0.705
2024_0412_02:31:07 14 -22.16 22.195
2024_0412_02:31:27 14 49.895 -49.87
2024_0412_02:31:43 14 94.35 95.28
2024_0412_02:33:02 14 -1.135 -1.305
2024_0412_02:33:29 15 -0.59 11.345
2024_0412_02:34:18 15 94.77 94.735
2024_0412_02:35:51 15 -0.115 0.04
2024_0412_02:36:21 15 91.685 95.345
2024_0412_02:36:37 15 22.315 25.28
2024_0412_02:36:39 15 76.715 76.21
2024_0412_02:37:37 15 74.32 72.985
2024_0412_02:37:43 15 0.565 0.185
2024_0412_02:38:34 15 -0.285 0.005
2024_0412_02:39:44 15 0.045 -0.68
2024_0412_02:40:03 15 47.515 -22.775
2024_0412_02:40:19 15 91.15 93.835
2024_0412_02:40:33 15 -0.6 -0.695
2024_0412_02:40:56 15 -1.29 1.035
2024_0412_02:41:59 15 93.315 93.75
2024_0412_02:42:23 15 45.79 94.935
2024_0412_02:43:06 15 -0.435 -0.28
2024_0412_02:43:57 15 61.34 62.54
2024_0412_02:45:07 15 5.075 9.335
2024_0412_02:45:21 15 -0.975 -0.265
2024_0412_02:45:32 15 -99.99 49.995
2024_0412_02:45:34 15 42.525 40.79
2024_0412_02:46:28 16 -5.36 47.615
2024_0412_02:46:36 16 96.91 96.43
2024_0412_02:48:30 16 -8.985 27.11
2024_0412_02:48:44 16 -0.53 21.825
2024_0412_02:50:03 16 49.98 -49.99
2024_0412_02:50:17 16 3.475 27.145
2024_0412_02:50:18 16 -0.305 1.31
2024_0412_02:50:46 16 -17.12 92.125
2024_0412_02:51:12 16 47.105 47.88
2024_0412_02:52:08 16 85.345 66.855
2024_0412_02:52:13 16 91.895 94.345
2024_0412_02:53:36 16 0.795 0.67
2024_0412_02:53:45 16 10.84 -16.48
2024_0412_02:54:24 17 -0.745 1.785
2024_0412_02:54:27 16 93.515 93.75
2024_0412_02:54:36 17 1.13 0.745
2024_0412_02:55:25 17 14.585 14.22
2024_0412_02:57:56 17 0.465 -0.3
2024_0412_02:58:16 17 37.755 52.26
2024_0412_02:59:33 17 15.575 31.455
2024_0412_02:59:54 17 -0.85 0.65
2024_0412_03:00:00 17 17.645 36.465
2024_0412_03:00:57 17 -0.01 0.915
2024_0412_03:01:28 17 67.775 -8.25
2024_0412_03:01:54 17 99.19 -3.285
2024_0412_03:02:08 17 1.525 2.88
2024_0412_03:02:26 17 -0.525 -1.115
2024_0412_03:02:32 17 21.125 66.13
2024_0412_03:02:55 17 95.66 95.175
2024_0412_03:03:02 17 98.5 -35.83
2024_0412_03:03:23 17 9.705 -9.185
2024_0412_03:04:28 17 0.35 -0.35
2024_0412_03:06:32 17 97.37 -1.505
2024_0412_03:06:57 18 -0.36 0.09
2024_0412_03:08:43 18 76.79 35.655
2024_0412_03:08:58 18 95.21 95.125
2024_0412_03:09:00 18 -0.275 0.87
2024_0412_03:09:05 18 94.78 89.265
2024_0412_03:10:15 18 45.445 -43.845
2024_0412_03:11:04 18 0.965 -0.005
2024_0412_03:11:15 18 10.57 11.12
2024_0412_03:11:18 18 1.38 -0.505
2024_0412_03:11:27 18 -21.53 21.42
2024_0412_03:12:13 18 -38.58 49.59
2024_0412_03:12:33 18 -7.075 8.665
2024_0412_03:12:51 18 -99.98 -49.99
2024_0412_03:13:24 18 0.04 -0.03
2024_0412_03:15:13 18 -0.605 1.935
2024_0412_03:15:15 18 73.825 75.655
2024_0412_03:16:50 18 12.75 12.965
2024_0412_03:17:23 18 74.01 71.815
2024_0412_03:17:47 18 -0.875 1.07
2024_0412_03:18:06 19 95.53 93.345
2024_0412_03:19:24 19 95.55 94.74
2024_0412_03:19:37 19 -1.675 3.485
2024_0412_03:19:40 19 -0.13 0.035
2024_0412_03:19:45 19 -1.03 -1.51
2024_0412_03:20:32 18 -99.985 99.965
2024_0412_03:20:33 19 -14.07 30.545
2024_0412_03:21:00 19 25.935 -23.64
2024_0412_03:21:29 19 -6.295 11.21
2024_0412_03:22:32 19 99.03 -4.63
2024_0412_03:22:51 19 -1.185 -0.145
2024_0412_03:24:00 19 49.95 66.245
2024_0412_03:24:02 19 10.1 -9.305
2024_0412_03:25:54 20 51.735 75.81
2024_0412_03:26:27 20 74.485 73.965
2024_0412_03:26:33 20 44.97 48.195
2024_0412_03:27:53 20 1.295 0.7
2024_0412_03:27:54 20 0.23 -0.31
2024_0412_03:27:57 20 11.455 11.16
2024_0412_03:28:40 20 85.135 95.57
2024_0412_03:29:44 20 10.19 -9.27
2024_0412_03:31:52 20 -56.825 72.885
2024_0412_03:31:57 20 96.07 92.895
2024_0412_03:32:23 15 41.54 44.095
2024_0412_03:32:44 16 45.145 -2.69
2024_0412_03:33:13 15 1.17 -0.79
2024_0412_03:33:29 16 96.45 95.97
2024_0412_03:34:16 18 0.745 -1.37
2024_0412_03:34:23 16 46.53 46.525
2024_0412_03:34:26 17 32.115 -0.515
2024_0412_03:34:41 17 6.04 -7.27
2024_0412_03:34:55 18 20.605 -19.665
2024_0412_03:35:50 20 10.905 11.305
2024_0412_03:35:51 20 0.305 -0.465
2024_0412_03:36:28 20 94.325 45.1
2024_0412_03:44:52 2 96.34 94.54
2024_0412_03:45:23 8 95.015 95.995
2024_0412_03:45:27 3 94.78 89.675
2024_0412_03:45:31 4 45.21 94.775
2024_0412_03:45:32 9 96.77 96.055
2024_0412_03:45:35 1 96.315 96.49
2024_0412_03:45:38 5 96.57 96.69
2024_0412_03:45:39 6 96.315 96.21
2024_0412_03:46:07 11 0.495 0.65
2024_0412_03:46:11 11 -0.505 -0.355
2024_0412_03:46:11 11 94.24 95.76
2024_0412_03:46:12 11 49.995 -99.99
2024_0412_03:46:12 10 94.565 95.52
2024_0412_03:46:13 7 95.41 95.15
2024_0412_03:46:25 11 0.765 0.84
2024_0412_03:48:00 11 -3.02 30.67
2024_0412_03:53:46 11 0.47 0.475
2024_0412_03:54:16 11 -25.675 94.84
2024_0412_03:54:23 11 -1.42 -0.355
2024_0412_03:54:29 11 96.295 96.695
2024_0412_03:54:31 11 96.81 96.48
2024_0412_03:54:44 11 83.09 94.76
2024_0412_03:54:49 11 94.545 94.16
2024_0412_03:54:59 11 92.715 45.545
2024_0412_03:55:03 11 -0.295 0.815
2024_0412_03:55:36 11 -0.045 -0.935
2024_0412_03:55:50 11 0.52 -0.015
2024_0412_03:55:50 11 -1.64 -0.725
2024_0412_03:56:02 11 0.175 0.32
2024_0412_03:56:06 11 1.155 0.425
2024_0412_03:57:23 11 95.88 95.78
2024_0412_03:57:42 11 -0.715 -0.49
2024_0412_04:02:46 11 94.665 95.185
2024_0412_04:03:12 12 96.39 96.465
2024_0412_04:03:14 12 0.15 -1.575
2024_0412_04:03:20 11 -0.525 -0.13
2024_0412_04:03:32 11 94.43 93.28
2024_0412_04:03:36 11 0.05 0.99
2024_0412_04:04:07 11 95.18 95.645
2024_0412_04:04:32 12 -0.2 -0.895
2024_0412_04:04:41 12 95.0 95.685
2024_0412_04:05:12 12 0.36 1.09
2024_0412_04:05:31 12 -0.065 -0.255
2024_0412_04:05:40 12 96.775 96.75
2024_0412_04:05:45 12 19.14 19.17
2024_0412_04:06:46 12 0.615 0.785
2024_0412_04:06:51 12 0.45 -0.265
2024_0412_04:07:06 12 94.545 94.0
2024_0412_04:10:52 12 -0.71 0.53
2024_0412_04:11:36 12 0.15 0.82
2024_0412_04:11:49 12 96.615 96.545
2024_0412_04:11:58 12 -0.025 -0.84
2024_0412_04:12:06 12 99.98 49.99
2024_0412_04:12:12 12 95.455 93.78
2024_0412_04:13:25 12 0.26 -0.965
2024_0412_04:13:38 12 95.585 94.62
2024_0412_04:14:01 12 1.28 0.185
2024_0412_04:14:34 12 96.54 96.67
2024_0412_04:14:54 13 95.955 96.255
2024_0412_04:15:23 12 93.16 94.205
2024_0412_04:15:55 13 95.99 96.74
2024_0412_04:16:21 13 -49.995 -99.99
2024_0412_04:16:47 13 96.785 96.445
2024_0412_04:17:00 12 14.125 11.755
2024_0412_04:19:43 13 1.145 0.015
2024_0412_04:19:54 13 -0.52 -0.755
2024_0412_04:20:13 13 94.395 94.795
2024_0412_04:20:15 13 40.44 -9.91
2024_0412_04:20:25 13 76.815 76.835
2024_0412_04:20:33 13 99.98 99.96
2024_0412_04:22:16 13 -0.305 -0.12
2024_0412_04:22:50 13 94.01 48.24
2024_0412_04:23:44 13 96.53 96.755
2024_0412_04:23:59 13 93.78 88.555
2024_0412_04:24:07 13 -0.19 -0.155
2024_0412_04:24:16 13 0.22 -1.22
2024_0412_04:25:38 13 49.99 99.98
2024_0412_04:26:04 13 39.85 48.52
2024_0412_04:26:23 13 93.515 85.205
2024_0412_04:27:50 13 9.615 -8.555
2024_0412_04:28:22 13 -0.86 0.645
2024_0412_04:28:24 13 73.595 76.9
2024_0412_04:28:37 13 88.12 93.575
2024_0412_04:28:40 13 93.795 93.925
2024_0412_04:28:47 13 -0.76 -0.12
2024_0412_04:28:49 13 -6.725 47.02
2024_0412_04:31:47 13 -24.69 24.665
2024_0412_04:32:30 13 -0.265 -0.225
2024_0412_04:32:31 13 1.6 0.165
2024_0412_04:33:05 13 -2.65 2.22
2024_0412_04:33:15 13 96.195 96.605
2024_0412_04:33:44 13 46.385 46.24
2024_0412_04:35:19 13 9.525 -9.87
2024_0412_04:35:23 13 -0.86 -1.175
2024_0412_04:35:55 13 1.325 0.07
2024_0412_04:36:33 13 9.855 -9.075
2024_0412_04:36:34 13 -13.48 92.62
2024_0412_04:36:37 13 -0.28 1.74
2024_0412_04:37:26 14 -49.985 -99.97
2024_0412_04:37:27 13 -0.72 0.35
2024_0412_04:37:36 14 -9.88 10.615
2024_0412_04:38:31 14 0.835 1.015
2024_0412_04:41:13 14 4.19 -1.41
2024_0412_04:41:21 14 94.935 95.4
2024_0412_04:41:52 14 -13.27 14.17
2024_0412_04:42:04 14 76.27 76.67
2024_0412_04:42:40 14 94.965 94.095
2024_0412_04:42:44 14 0.74 0.265
2024_0412_04:44:01 14 96.12 96.42
2024_0412_04:44:13 14 95.085 92.64
2024_0412_04:44:16 14 0.365 0.805
2024_0412_04:44:52 14 1.66 -0.04
2024_0412_04:45:18 14 94.345 94.745
2024_0412_04:45:37 14 94.295 94.615
2024_0412_04:45:42 14 0.175 -0.33
2024_0412_04:45:50 14 10.88 11.84
2024_0412_04:49:40 14 -1.135 1.38
2024_0412_04:50:03 14 95.785 96.02
2024_0412_04:50:56 14 95.37 93.625
2024_0412_04:51:22 14 -0.735 0.085
2024_0412_04:51:36 14 43.085 42.435
2024_0412_04:52:21 14 94.73 94.74
2024_0412_04:52:43 14 39.82 20.16
2024_0412_04:53:13 14 95.255 95.35
2024_0412_04:53:44 14 -0.29 -0.89
2024_0412_04:53:50 14 0.9 0.19
2024_0412_04:53:51 14 0.105 -1.505
2024_0412_04:54:05 14 96.02 96.435
2024_0412_04:54:07 14 95.405 95.09
2024_0412_04:54:25 14 12.525 12.11
2024_0412_04:54:29 14 37.935 38.88
2024_0412_04:55:52 14 95.28 95.11
2024_0412_04:58:48 15 -1.395 -1.425
2024_0412_04:59:47 15 -0.92 -0.65
2024_0412_05:00:41 15 0.63 -1.0
2024_0412_05:00:57 14 0.205 -0.05
2024_0412_05:01:01 15 49.98 -49.995
2024_0412_05:01:17 15 94.01 94.22
2024_0412_05:01:50 15 -0.8 0.335
2024_0412_05:02:12 15 49.99 -49.995
2024_0412_05:02:31 15 -10.525 9.74
2024_0412_05:02:33 15 0.225 1.47
2024_0412_05:02:38 15 0.93 3.615
2024_0412_05:02:58 15 0.2 0.875
2024_0412_05:03:00 15 11.775 30.095
2024_0412_05:03:09 15 75.485 72.965
2024_0412_05:04:40 15 -0.04 0.45
2024_0412_05:07:31 15 1.54 0.285
2024_0412_05:07:34 15 -0.94 0.225
2024_0412_05:08:37 15 -0.785 -0.085
2024_0412_05:09:25 15 -0.035 0.37
2024_0412_05:09:43 15 -0.11 -0.375
2024_0412_05:09:51 15 95.905 96.895
2024_0412_05:10:03 15 0.28 0.28
2024_0412_05:10:12 15 95.72 95.015
2024_0412_05:10:29 15 -1.015 -0.41
2024_0412_05:10:33 15 6.31 -0.18
2024_0412_05:11:22 15 96.34 95.73
2024_0412_05:11:45 15 18.655 12.46
2024_0412_05:11:50 15 0.305 0.855
2024_0412_05:12:16 15 95.93 92.715
2024_0412_05:12:43 15 82.215 68.91
2024_0412_05:14:08 15 83.88 96.07
2024_0412_05:16:19 15 0.37 -2.53
2024_0412_05:17:49 15 95.965 96.34
2024_0412_05:18:15 15 0.455 -1.21
2024_0412_05:18:21 15 94.54 94.165
2024_0412_05:18:32 16 -0.895 1.43
2024_0412_05:18:46 16 14.685 3.28
2024_0412_05:18:55 16 78.98 91.2
2024_0412_05:19:17 16 94.635 95.505
2024_0412_05:19:20 16 94.935 94.97
2024_0412_05:20:09 16 -0.385 -0.365
2024_0412_05:20:37 16 95.12 94.76
2024_0412_05:20:42 16 94.225 94.33
2024_0412_05:21:33 16 96.095 96.35
2024_0412_05:22:50 16 47.805 -42.775
2024_0412_05:22:53 16 94.33 94.325
2024_0412_05:24:16 16 94.215 86.02
2024_0412_05:25:57 16 0.44 0.035
2024_0412_05:26:57 16 -1.135 -0.59
2024_0412_05:27:13 16 94.4 92.305
2024_0412_05:27:32 16 -12.08 60.55
2024_0412_05:27:44 16 16.55 3.385
2024_0412_05:27:46 16 35.615 32.12
2024_0412_05:28:00 16 15.82 10.87
2024_0412_05:28:02 16 9.36 -11.27
2024_0412_05:28:54 16 95.2 94.42
2024_0412_05:29:44 16 93.735 94.47
2024_0412_05:30:06 16 1.725 0.325
2024_0412_05:30:57 17 13.135 12.925
2024_0412_05:30:59 16 95.835 94.76
2024_0412_05:31:39 17 95.175 95.375
2024_0412_05:33:22 17 63.6 3.045
2024_0412_05:34:09 17 12.73 -10.175
2024_0412_05:35:43 17 -1.5 0.33
2024_0412_05:35:51 17 95.155 95.23
2024_0412_05:36:00 17 95.975 95.51
2024_0412_05:36:03 17 16.535 -16.405
2024_0412_05:36:04 17 94.9 94.605
2024_0412_05:36:36 17 47.135 91.05
2024_0412_05:36:45 17 -0.785 0.86
2024_0412_05:37:14 17 91.23 95.775
2024_0412_05:37:30 17 94.675 95.985
2024_0412_05:38:20 17 -0.245 0.12
2024_0412_05:38:59 17 -0.615 0.005
2024_0412_05:39:13 17 35.78 42.89
2024_0412_05:39:49 17 95.385 95.72
2024_0412_05:40:23 17 0.3 -0.1
2024_0412_05:42:24 17 95.285 94.495
2024_0412_05:42:52 17 0.25 0.635
2024_0412_05:44:09 17 -2.11 6.74
2024_0412_05:44:47 17 96.48 96.685
2024_0412_05:44:54 17 94.625 96.075
2024_0412_05:45:11 17 1.44 -0.37
2024_0412_05:45:30 17 -0.585 35.415
2024_0412_05:45:33 17 0.555 0.67
2024_0412_05:45:34 17 77.845 96.845
2024_0412_05:45:56 17 4.99 -3.31
2024_0412_05:46:35 17 96.495 89.95
2024_0412_05:47:24 18 -0.14 -0.35
2024_0412_05:48:20 17 93.955 94.65
2024_0412_05:48:34 18 44.815 42.945
2024_0412_05:49:40 18 -0.24 0.03
2024_0412_05:49:51 17 95.695 96.14
2024_0412_05:50:37 18 95.57 94.545
2024_0412_05:51:40 18 95.43 94.305
2024_0412_05:52:57 18 0.87 1.075
2024_0412_05:53:16 18 -9.695 10.795
2024_0412_05:53:46 18 96.3 96.285
2024_0412_05:54:01 18 -0.125 -1.58
2024_0412_05:54:21 18 0.435 -0.095
2024_0412_05:54:22 18 1.465 1.395
2024_0412_05:54:43 18 0.03 1.91
2024_0412_05:55:07 18 46.755 96.495
2024_0412_05:55:19 18 1.415 3.17
2024_0412_05:55:45 18 0.45 -2.54
2024_0412_05:57:13 18 94.085 46.62
2024_0412_05:57:23 18 -34.945 38.865
2024_0412_05:58:36 18 0.44 -0.8
2024_0412_05:58:52 18 80.67 11.585
2024_0412_06:00:03 18 -33.08 33.575
2024_0412_06:00:33 18 6.1 2.895
2024_0412_06:01:28 18 0.085 0.385
2024_0412_06:01:49 18 95.82 94.8
2024_0412_06:02:04 18 -0.3 0.365
2024_0412_06:02:55 18 96.45 96.255
2024_0412_06:02:57 18 96.135 96.965
2024_0412_06:03:44 18 92.2 91.375
2024_0412_06:03:56 18 22.26 15.595
2024_0412_06:04:07 18 2.29 -2.095
2024_0412_06:04:14 18 94.705 93.57
2024_0412_06:06:14 18 3.885 2.65
2024_0412_06:06:21 19 37.155 66.575
2024_0412_06:06:40 18 64.915 94.25
2024_0412_06:07:27 19 91.83 92.345
2024_0412_06:07:50 19 43.705 -4.475
2024_0412_06:09:24 19 -99.98 49.985
2024_0412_06:09:41 19 -0.53 1.435
2024_0412_06:10:14 19 17.02 -15.92
2024_0412_06:10:48 19 -49.995 -99.98
2024_0412_06:10:58 19 49.965 -49.94
2024_0412_06:12:00 19 56.185 4.47
2024_0412_06:12:22 19 80.25 -80.96
2024_0412_06:12:36 19 -99.955 99.97
2024_0412_06:12:46 19 0.6 -0.745
2024_0412_06:12:48 19 -50.075 50.1
2024_0412_06:13:00 19 94.91 95.0
2024_0412_06:15:01 19 0.64 0.78
2024_0412_06:15:12 19 96.435 96.995
2024_0412_06:16:06 19 -1.065 0.72
2024_0412_06:16:47 19 -1.205 -0.38
2024_0412_06:18:00 20 -0.635 0.51
2024_0412_06:18:12 20 -8.165 8.345
2024_0412_06:18:39 20 96.41 96.68
2024_0412_06:19:02 20 95.165 91.625
2024_0412_06:20:42 20 88.34 96.02
2024_0412_06:21:35 20 0.75 0.785
2024_0412_06:21:42 20 -0.35 -0.71
2024_0412_06:22:22 20 9.595 5.68
2024_0412_06:22:30 20 94.495 95.19
2024_0412_06:23:11 20 96.195 96.33
2024_0412_06:24:03 20 13.005 -12.575
2024_0412_06:24:11 20 -0.05 0.915
2024_0412_06:24:53 20 0.62 -0.96
2024_0412_06:25:14 20 44.175 -1.345
2024_0412_06:25:44 20 -1.235 1.035
2024_0412_06:26:06 20 -1.935 -0.615
2024_0412_06:26:19 20 45.165 96.865
2024_0412_06:26:45 14 0.66 0.405
2024_0412_06:26:58 14 94.635 95.05
2024_0412_06:27:10 14 0.57 0.045
2024_0412_06:29:31 15 11.16 13.225
2024_0412_06:30:13 15 27.625 5.885
2024_0412_06:31:14 16 96.125 96.445
2024_0412_06:31:41 19 0.235 0.35
2024_0412_06:32:22 18 0.415 -0.115
2024_0412_06:32:49 20 95.745 94.725
2024_0412_06:37:04 20 0.245 19.72
2024_0412_06:38:10 20 96.61 96.35
2024_0412_06:46:38 4 94.49 95.835
2024_0412_06:47:10 7 94.925 93.14
2024_0412_06:47:11 3 93.2 95.325
2024_0412_06:47:12 1 96.335 96.465
2024_0412_06:47:16 4 45.025 87.295
2024_0412_06:47:16 4 94.855 94.62
2024_0412_06:47:23 2 95.62 82.49
2024_0412_06:47:30 11 15.0 15.145
2024_0412_06:47:38 10 96.105 95.555
2024_0412_06:47:50 9 96.91 97.26
2024_0412_06:47:51 4 45.505 94.595
2024_0412_06:47:52 4 94.76 94.37
2024_0412_06:47:57 2 45.84 94.43
2024_0412_06:48:00 6 96.105 96.475
2024_0412_06:50:23 8 94.77 94.115
2024_0412_06:54:57 11 94.405 95.355
2024_0412_06:55:27 11 0.755 0.755
2024_0412_06:55:30 11 95.905 92.215
2024_0412_06:56:07 11 0.46 0.46
2024_0412_06:56:11 11 -1.285 0.615
2024_0412_06:56:15 11 -12.555 55.575
2024_0412_06:56:27 11 -1.45 0.17
2024_0412_06:56:29 11 93.615 94.805
2024_0412_06:56:47 11 96.0 96.615
2024_0412_06:56:51 11 96.575 96.52
2024_0412_06:57:01 11 96.185 96.475
2024_0412_06:57:12 11 96.085 96.58
2024_0412_06:57:23 11 0.685 0.84
2024_0412_06:57:27 11 0.295 0.185
2024_0412_06:57:31 11 -49.99 99.99
2024_0412_07:02:23 11 -0.29 0.81
2024_0412_07:04:20 11 95.11 91.73
2024_0412_07:04:26 11 -0.43 -1.005
2024_0412_07:04:28 11 99.99 99.99
2024_0412_07:05:11 11 0.29 0.645
2024_0412_07:05:12 11 96.515 96.65
2024_0412_07:05:21 11 -99.99 -49.995
2024_0412_07:05:23 11 0.85 -0.18
2024_0412_07:05:45 11 94.695 95.35
2024_0412_07:05:48 11 -0.135 0.205
2024_0412_07:06:13 11 -0.985 0.62
2024_0412_07:06:15 11 0.51 1.525
2024_0412_07:06:18 11 0.075 -0.09
2024_0412_07:06:41 11 65.665 95.02
2024_0412_07:06:51 11 95.13 94.32
2024_0412_07:07:03 11 93.805 95.175
2024_0412_07:11:19 11 96.36 96.705
2024_0412_07:12:20 11 -0.25 -0.415
2024_0412_07:13:14 11 -0.97 -0.51
2024_0412_07:13:30 11 -0.455 -0.82
2024_0412_07:14:05 11 0.955 1.395
2024_0412_07:14:10 11 -0.935 1.03
2024_0412_07:14:18 11 94.21 94.005
2024_0412_07:15:04 11 95.485 95.315
2024_0412_07:15:14 11 -0.045 -0.12
2024_0412_07:15:23 11 91.57 95.325
2024_0412_07:15:44 11 96.43 96.365
2024_0412_07:15:52 11 95.415 93.86
2024_0412_07:15:53 11 0.945 0.125
2024_0412_07:16:36 11 1.115 0.17
2024_0412_07:16:37 11 -0.265 -1.645
2024_0412_07:16:43 11 42.89 44.135
2024_0412_07:20:53 11 0.44 0.55
2024_0412_07:21:07 11 0.545 -0.74
2024_0412_07:21:37 11 -0.755 -1.145
2024_0412_07:22:04 11 99.99 99.98
2024_0412_07:22:56 11 0.27 -0.04
2024_0412_07:23:04 11 -0.48 0.54
2024_0412_07:23:16 11 95.56 92.995
2024_0412_07:24:25 11 0.125 1.215
2024_0412_07:24:41 11 0.335 0.265
2024_0412_07:25:07 11 -0.865 -0.37
2024_0412_07:25:15 11 99.97 -49.985
2024_0412_07:25:24 11 -0.17 -0.195
2024_0412_07:25:40 11 0.59 -0.055
2024_0412_07:25:46 11 6.02 59.67
2024_0412_07:26:17 11 -1.07 0.64
2024_0412_07:28:27 11 -0.21 0.98
2024_0412_07:30:02 11 0.345 -1.02
2024_0412_07:30:25 11 94.2 95.815
2024_0412_07:30:41 11 90.165 95.005
2024_0412_07:30:55 11 -0.175 0.07
2024_0412_07:31:36 11 95.88 95.305
2024_0412_07:31:41 11 -0.23 -0.45
2024_0412_07:31:59 11 -0.045 -0.795
2024_0412_07:33:51 11 31.945 -0.905
2024_0412_07:34:00 11 96.4 96.255
2024_0412_07:34:05 11 94.875 95.605
2024_0412_07:34:21 11 -0.225 1.43
2024_0412_07:34:40 11 -50.0 50.0
2024_0412_07:35:08 11 -0.675 0.76
2024_0412_07:35:10 11 94.8 95.595
2024_0412_07:36:01 11 -49.995 -49.99
2024_0412_07:38:50 11 -1.34 -0.01
2024_0412_07:38:54 11 -0.86 0.975
2024_0412_07:39:54 11 0.845 1.845
2024_0412_07:40:02 11 0.7 0.905
2024_0412_07:40:16 11 90.57 94.945
2024_0412_07:40:27 11 93.675 94.89
2024_0412_07:40:32 11 -0.045 0.425
2024_0412_07:40:43 11 9.4 56.92
2024_0412_07:43:12 11 0.305 -0.87
2024_0412_07:43:28 11 49.995 -49.995
2024_0412_07:43:31 11 -0.9 -0.09
2024_0412_07:43:42 11 -0.605 0.075
2024_0412_07:43:57 11 96.305 96.815
2024_0412_07:44:05 11 1.295 -0.97
2024_0412_07:44:34 11 0.55 -1.3
2024_0412_07:45:35 11 0.78 -0.94
2024_0412_07:47:55 11 93.75 93.79
2024_0412_07:48:01 11 -0.38 1.555
2024_0412_07:48:37 11 96.615 96.28
2024_0412_07:48:43 11 95.21 94.955
2024_0412_07:48:49 11 0.27 0.425
2024_0412_07:49:25 11 96.91 97.19
2024_0412_07:49:34 11 96.76 96.735
2024_0412_07:51:27 11 1.28 0.98
2024_0412_07:52:01 11 96.495 96.64
2024_0412_07:52:56 11 -0.015 -0.51
2024_0412_07:53:01 11 96.485 96.3
2024_0412_07:53:07 11 94.02 94.97
2024_0412_07:53:25 11 -0.565 -0.34
2024_0412_07:53:27 11 -0.58 0.95
2024_0412_07:54:02 11 -1.015 0.12
2024_0412_07:54:58 11 94.785 95.34
2024_0412_07:56:43 11 0.46 -0.585
2024_0412_07:56:50 11 88.69 94.305
2024_0412_07:57:28 11 -0.54 -0.115
2024_0412_07:57:33 11 96.185 96.445
2024_0412_07:57:42 11 94.0 95.8
2024_0412_07:58:07 11 82.815 93.94
2024_0412_07:58:31 11 -0.355 -1.055
2024_0412_08:01:20 11 0.22 0.335
2024_0412_08:01:40 11 0.055 0.27
2024_0412_08:02:06 11 -0.265 1.09
2024_0412_08:02:31 11 -49.995 -49.995
2024_0412_08:02:35 11 0.13 -0.52
2024_0412_08:02:54 11 44.31 10.34
2024_0412_08:02:56 11 -50.0 99.995
2024_0412_08:03:35 11 95.64 95.35
2024_0412_08:04:17 11 -0.155 -1.66
2024_0412_08:05:30 11 -1.04 -0.075
2024_0412_08:05:46 11 2.31 2.135
2024_0412_08:06:23 11 94.435 94.98
2024_0412_08:06:28 11 -0.915 -0.075
2024_0412_08:06:35 11 -1.3 -0.91
2024_0412_08:07:20 11 49.995 -49.995
2024_0412_08:07:41 11 -0.44 0.175
2024_0412_08:10:42 12 0.075 -0.475
2024_0412_08:10:49 11 0.92 -0.595
2024_0412_08:11:54 12 49.995 49.99
2024_0412_08:11:59 12 -99.98 -49.99
2024_0412_08:12:19 12 49.995 99.96
2024_0412_08:12:46 12 97.145 96.725
2024_0412_08:12:57 12 -1.76 -0.075
2024_0412_08:13:06 12 95.765 95.155
2024_0412_08:13:39 12 94.61 96.155
2024_0412_08:13:40 12 96.16 96.225
2024_0412_08:14:35 12 -1.995 72.06
2024_0412_08:14:38 12 0.6 -0.38
2024_0412_08:15:13 12 -2.415 33.945
2024_0412_08:15:18 12 12.725 59.48
2024_0412_08:16:10 12 -100.0 100.0
2024_0412_08:16:17 12 0.52 -0.045
2024_0412_08:19:30 12 96.175 96.435
2024_0412_08:20:17 12 -0.33 -0.485
2024_0412_08:21:20 12 95.0 94.7
2024_0412_08:21:27 12 95.465 45.85
2024_0412_08:21:32 12 1.14 0.26
2024_0412_08:21:41 12 96.22 96.78
2024_0412_08:21:49 12 -1.145 3.075
2024_0412_08:22:23 12 0.02 1.19
2024_0412_08:22:41 12 95.505 94.965
2024_0412_08:23:10 12 96.02 95.54
2024_0412_08:23:20 12 96.725 96.585
2024_0412_08:23:26 12 0.26 0.135
2024_0412_08:23:59 12 96.75 96.39
2024_0412_08:24:56 12 -1.44 -0.425
2024_0412_08:25:00 12 0.95 -0.905
2024_0412_08:25:33 12 0.065 -1.825
2024_0412_08:28:12 12 2.98 2.07
2024_0412_08:29:01 12 0.725 0.37
2024_0412_08:29:58 12 73.09 71.79
2024_0412_08:30:03 12 -1.32 -0.43
2024_0412_08:30:23 12 -0.835 2.78
2024_0412_08:30:57 12 94.85 95.79
2024_0412_08:31:09 12 96.035 96.305
2024_0412_08:31:15 12 0.055 -0.685
2024_0412_08:31:20 12 0.095 -0.2
2024_0412_08:31:25 12 76.105 76.565
2024_0412_08:32:19 12 95.17 94.28
2024_0412_08:32:24 12 93.29 95.11
2024_0412_08:32:55 12 92.91 91.375
2024_0412_08:33:07 12 0.025 0.21
2024_0412_08:34:23 12 97.205 97.945
2024_0412_08:35:49 12 95.94 96.47
2024_0412_08:37:04 12 76.8 76.605
2024_0412_08:38:28 12 93.8 95.08
2024_0412_08:38:45 12 96.285 53.475
2024_0412_08:38:58 12 96.325 96.165
2024_0412_08:39:11 12 0.905 -2.34
2024_0412_08:39:19 12 -0.545 0.68
2024_0412_08:40:27 12 -2.64 66.015
2024_0412_08:40:39 12 92.55 95.565
2024_0412_08:40:41 12 43.28 42.795
2024_0412_08:40:49 12 94.565 94.49
2024_0412_08:41:09 12 94.615 74.575
2024_0412_08:41:19 12 0.81 -0.555
2024_0412_08:41:23 12 -0.975 0.22
2024_0412_08:43:11 12 0.345 0.04
2024_0412_08:43:45 12 94.505 81.345
2024_0412_08:45:14 12 0.37 1.675
2024_0412_08:46:37 12 96.615 96.77
2024_0412_08:47:11 12 -0.17 0.235
2024_0412_08:47:23 12 -0.215 2.475
2024_0412_08:47:32 12 96.19 96.245
2024_0412_08:47:47 12 23.975 22.03
2024_0412_08:47:52 12 -0.48 0.365
2024_0412_08:48:53 12 0.455 -2.015
2024_0412_08:49:15 12 95.01 93.545
2024_0412_08:49:17 12 -0.69 -1.3
2024_0412_08:49:28 12 90.03 95.32
2024_0412_08:50:13 12 89.915 93.735
2024_0412_08:50:15 12 96.435 96.76
2024_0412_08:50:16 12 -0.485 0.645
2024_0412_08:53:13 12 96.01 46.27
2024_0412_08:54:03 12 94.45 95.735
2024_0412_08:55:02 12 0.58 1.37
2024_0412_08:56:03 12 -0.33 0.04
2024_0412_08:56:10 12 -0.61 -0.28
2024_0412_08:56:36 12 -49.99 49.99
2024_0412_08:56:43 12 96.61 96.765
2024_0412_08:57:04 12 95.3 94.305
2024_0412_08:57:30 12 -0.245 -0.3
2024_0412_08:57:45 12 -49.99 -99.995
2024_0412_08:58:11 12 95.305 95.55
2024_0412_08:58:27 12 96.11 96.505
2024_0412_08:58:47 12 95.41 95.415
2024_0412_08:58:57 12 92.845 95.16
2024_0412_08:59:05 12 -99.98 99.98
2024_0412_08:59:43 12 94.255 92.47
2024_0412_09:02:44 12 96.205 95.865
2024_0412_09:03:31 12 97.165 96.65
2024_0412_09:04:53 12 95.585 95.645
2024_0412_09:05:10 12 -43.005 48.405
2024_0412_09:05:19 12 -56.175 59.425
2024_0412_09:05:53 12 47.87 47.68
2024_0412_09:06:01 12 96.51 96.395
2024_0412_09:06:18 12 70.76 88.45
2024_0412_09:06:18 12 94.925 95.05
2024_0412_09:06:24 12 35.33 -34.55
2024_0412_09:06:35 12 0.93 0.76
2024_0412_09:06:52 12 95.535 97.865
2024_0412_09:07:27 12 -0.075 -0.38
2024_0412_09:07:45 12 96.57 96.51
2024_0412_09:07:57 12 50.0 49.99
2024_0412_09:08:34 12 -0.925 2.82
2024_0412_09:12:02 12 -25.505 95.74
2024_0412_09:12:56 12 38.73 -9.23
2024_0412_09:13:21 13 95.445 94.525
2024_0412_09:14:22 12 94.54 94.15
2024_0412_09:14:34 13 92.84 94.405
2024_0412_09:14:39 13 96.295 96.45
2024_0412_09:14:42 13 -1.455 0.0
2024_0412_09:14:49 13 94.565 19.56
2024_0412_09:14:50 13 93.615 94.57
2024_0412_09:15:49 13 14.71 12.71
2024_0412_09:15:50 13 0.115 0.02
2024_0412_09:16:26 13 0.44 2.195
2024_0412_09:16:50 13 43.595 42.935
2024_0412_09:16:55 13 43.085 42.95
2024_0412_09:18:03 13 17.48 69.865
2024_0412_09:18:44 13 -49.685 50.4
2024_0412_09:21:05 13 -0.35 0.44
2024_0412_09:21:46 13 -0.115 0.18
2024_0412_09:22:29 13 0.805 -0.055
2024_0412_09:22:49 13 -0.36 1.655
2024_0412_09:22:52 13 95.6 94.095
2024_0412_09:23:42 13 42.47 42.145
2024_0412_09:23:50 13 -0.56 -1.37
2024_0412_09:24:14 13 -49.99 -49.995
2024_0412_09:24:19 13 0.905 -1.63
2024_0412_09:24:38 13 0.745 -0.17
2024_0412_09:24:39 13 0.64 0.665
2024_0412_09:25:08 13 75.235 74.27
2024_0412_09:25:11 13 -0.755 0.135
2024_0412_09:26:24 13 -3.23 95.73
2024_0412_09:26:42 13 -0.17 0.455
2024_0412_09:29:06 13 0.035 -0.56
2024_0412_09:30:37 13 12.3 14.55
2024_0412_09:30:42 13 0.39 -0.065
2024_0412_09:30:59 13 0.72 0.335
2024_0412_09:31:00 13 -0.37 0.075
2024_0412_09:31:58 13 95.34 95.045
2024_0412_09:32:30 13 96.87 96.835
2024_0412_09:32:43 13 96.85 96.83
2024_0412_09:33:07 13 95.47 95.065
2024_0412_09:33:26 13 95.13 93.535
2024_0412_09:34:06 13 0.025 -1.08
2024_0412_09:34:11 13 1.24 -0.145
2024_0412_09:34:39 13 -3.015 45.115
2024_0412_09:35:13 13 -0.795 0.095
2024_0412_09:35:21 13 -0.02 0.065
2024_0412_09:35:34 13 49.98 99.97
2024_0412_09:38:33 13 67.05 71.35
2024_0412_09:38:40 13 -7.43 7.86
2024_0412_09:39:23 13 -0.235 0.86
2024_0412_09:39:32 13 95.55 94.31
2024_0412_09:39:59 13 0.975 0.035
2024_0412_09:40:45 13 42.175 38.35
2024_0412_09:40:51 13 0.62 -1.87
2024_0412_09:41:19 13 49.99 99.98
2024_0412_09:42:16 13 41.33 -10.705
2024_0412_09:42:21 13 -0.79 -0.115
2024_0412_09:42:34 13 96.69 96.71
2024_0412_09:43:39 13 94.095 96.205
2024_0412_09:43:58 13 -0.21 0.295
2024_0412_09:44:43 13 50.005 49.995
2024_0412_09:44:44 13 -9.58 45.84
2024_0412_09:46:49 13 29.545 30.365
2024_0412_09:46:51 13 -0.545 0.465
2024_0412_09:47:12 13 -9.465 9.63
2024_0412_09:48:06 13 0.905 0.725
2024_0412_09:48:13 13 -0.35 0.42
2024_0412_09:48:16 13 96.56 94.11
2024_0412_09:49:01 13 -11.045 8.82
2024_0412_09:50:05 13 0.315 -0.805
2024_0412_09:50:17 13 -0.245 0.155
2024_0412_09:51:04 13 96.28 95.83
2024_0412_09:51:15 13 99.99 -50.0
2024_0412_09:51:20 13 37.265 36.815
2024_0412_09:52:30 13 53.835 96.295
2024_0412_09:52:46 13 95.21 95.255
2024_0412_09:53:27 13 -1.245 0.65
2024_0412_09:53:36 13 96.555 96.575
2024_0412_09:55:44 13 95.915 95.715
2024_0412_09:56:36 13 -1.73 30.745
2024_0412_09:57:01 13 -9.345 21.885
2024_0412_09:57:10 13 7.15 0.595
2024_0412_09:57:10 13 95.865 95.115
2024_0412_09:57:29 13 -0.34 -0.815
2024_0412_09:58:08 13 -1.425 -0.22
2024_0412_09:58:13 13 -1.695 1.155
2024_0412_09:59:07 13 95.54 94.915
2024_0412_09:59:31 13 -1.35 -0.79
2024_0412_10:00:07 13 0.52 1.235
2024_0412_10:00:33 13 -0.53 -0.64
2024_0412_10:01:28 13 1.475 -0.445
2024_0412_10:02:00 13 -99.97 -99.99
2024_0412_10:02:12 13 0.455 0.785
2024_0412_10:03:08 13 95.155 95.54
2024_0412_10:03:49 13 0.095 0.055
2024_0412_10:05:59 13 96.605 96.725
2024_0412_10:06:14 13 3.28 2.075
2024_0412_10:06:29 13 57.02 96.3
2024_0412_10:06:54 13 -0.395 2.035
2024_0412_10:07:47 13 11.57 11.425
2024_0412_10:09:06 13 94.775 96.085
2024_0412_10:09:54 13 97.62 46.215
2024_0412_10:10:29 13 56.115 12.34
2024_0412_10:10:54 13 -3.955 45.4
2024_0412_10:10:58 13 95.205 94.205
2024_0412_10:11:28 13 11.305 25.24
2024_0412_10:11:29 13 42.765 42.955
2024_0412_10:12:45 13 -1.22 12.025
2024_0412_10:12:48 13 94.955 95.5
2024_0412_10:14:22 13 0.21 -1.275
2024_0412_10:14:40 13 92.565 94.6
2024_0412_10:15:45 13 12.375 12.195
2024_0412_10:16:21 13 42.355 43.47
2024_0412_10:16:43 13 -0.215 0.7
2024_0412_10:16:52 13 95.45 94.885
2024_0412_10:17:48 13 0.025 -1.01
2024_0412_10:18:31 13 -0.515 1.385
2024_0412_10:19:23 13 97.135 96.51
2024_0412_10:20:18 13 -0.245 0.895
2024_0412_10:20:26 13 -1.24 -0.205
2024_0412_10:20:33 13 95.74 94.15
2024_0412_10:20:48 13 -0.12 -0.26
2024_0412_10:20:53 13 -0.535 0.08
2024_0412_10:21:31 13 -1.24 0.95
2024_0412_10:22:15 13 1.875 -0.3
2024_0412_10:22:29 13 0.15 -0.11
2024_0412_10:23:37 13 0.11 -0.075
2024_0412_10:24:51 13 -0.74 1.775
2024_0412_10:25:09 13 94.06 75.25
2024_0412_10:25:21 13 1.67 0.19
2024_0412_10:26:27 13 -0.435 0.555
2024_0412_10:27:36 13 95.32 95.34
2024_0412_10:27:51 13 -1.44 -0.705
2024_0412_10:28:37 13 -0.18 0.505
2024_0412_10:28:44 13 -10.07 32.5
2024_0412_10:29:21 13 95.61 93.82
2024_0412_10:29:42 13 4.7 -1.355
2024_0412_10:29:47 13 0.545 0.38
2024_0412_10:29:55 13 90.83 94.405
2024_0412_10:30:13 13 52.35 -52.475
2024_0412_10:31:10 13 96.21 96.14
2024_0412_10:31:35 13 58.78 96.525
2024_0412_10:31:48 13 -3.86 20.905
2024_0412_10:33:50 13 76.855 94.145
2024_0412_10:33:51 13 0.855 0.72
2024_0412_10:34:49 13 -0.035 -0.285
2024_0412_10:35:54 13 97.345 96.315
2024_0412_10:36:27 13 92.185 92.945
2024_0412_10:36:31 13 -1.16 1.58
2024_0412_10:37:23 13 -33.32 32.945
2024_0412_10:37:55 13 21.48 46.1
2024_0412_10:38:07 13 -1.205 -0.235
2024_0412_10:38:50 13 0.42 0.275
2024_0412_10:39:24 13 42.735 43.165
2024_0412_10:39:42 13 95.65 95.755
2024_0412_10:39:48 13 7.62 6.58
2024_0412_10:39:59 13 76.51 74.87
2024_0412_10:40:40 13 94.27 95.47
2024_0412_10:40:48 13 94.39 95.735
2024_0412_10:42:04 13 12.6 14.555
2024_0412_10:42:57 13 -0.455 0.06
2024_0412_10:44:26 13 95.485 95.72
2024_0412_10:44:36 13 -1.58 1.14
2024_0412_10:44:37 13 -0.04 0.235
2024_0412_10:46:18 13 2.11 20.765
2024_0412_10:46:23 13 14.85 14.43
2024_0412_10:46:49 13 97.235 96.54
2024_0412_10:47:34 13 91.555 92.26
2024_0412_10:48:05 13 0.51 -1.665
2024_0412_10:48:07 13 8.825 6.345
2024_0412_10:48:19 13 20.17 -18.95
2024_0412_10:48:48 13 96.04 97.01
2024_0412_10:49:04 13 95.67 95.72
2024_0412_10:49:34 13 -0.62 -0.53
2024_0412_10:50:21 13 1.06 0.425
2024_0412_10:51:33 13 0.035 0.04
2024_0412_10:51:51 13 -1.39 2.24
2024_0412_10:53:11 13 41.47 -22.6
2024_0412_10:53:39 13 0.5 0.24
2024_0412_10:54:20 13 95.445 94.94
2024_0412_10:54:27 13 0.99 -0.29
2024_0412_10:55:00 13 91.34 95.1
2024_0412_10:55:10 13 94.35 94.155
2024_0412_10:56:18 13 -0.225 -0.545
2024_0412_10:57:06 13 10.045 -10.21
2024_0412_10:57:34 13 99.99 -99.99
2024_0412_10:57:46 13 -99.99 -99.99
2024_0412_10:58:26 13 45.775 96.47
2024_0412_10:58:29 13 9.845 -10.8
2024_0412_10:58:29 13 92.13 96.805
2024_0412_10:58:37 13 4.295 1.48
2024_0412_11:00:12 14 4.975 12.7
2024_0412_11:01:52 14 -2.21 0.08
2024_0412_11:02:04 14 96.275 96.145
2024_0412_11:03:07 14 -0.81 -0.125
2024_0412_11:03:20 14 95.86 95.175
2024_0412_11:03:40 14 99.98 99.98
2024_0412_11:03:54 14 -0.065 0.815
2024_0412_11:05:25 14 -0.88 -0.695
2024_0412_11:05:53 14 0.425 0.8
2024_0412_11:06:13 14 24.495 24.625
2024_0412_11:06:22 14 0.23 -0.54
2024_0412_11:06:38 14 94.72 95.08
2024_0412_11:06:55 14 96.77 96.22
2024_0412_11:07:28 14 77.54 94.24
2024_0412_11:07:51 14 78.695 46.145
2024_0412_11:07:55 14 95.075 45.565
2024_0412_11:08:59 14 -1.265 -0.535
2024_0412_11:10:46 14 -0.56 -1.045
2024_0412_11:11:26 14 10.01 -0.135
2024_0412_11:11:26 14 0.73 -1.54
2024_0412_11:11:33 14 96.21 95.48
2024_0412_11:13:33 14 -0.67 1.8
2024_0412_11:14:15 14 11.77 60.895
2024_0412_11:15:02 14 -0.99 43.22
2024_0412_11:15:28 14 95.195 94.62
2024_0412_11:15:31 14 99.97 49.99
2024_0412_11:15:40 14 0.48 -0.085
2024_0412_11:15:51 14 -0.305 0.025
2024_0412_11:16:04 14 55.39 85.485
2024_0412_11:16:41 14 7.59 -7.9
2024_0412_11:17:09 14 0.01 -0.01
2024_0412_11:18:26 14 -0.895 -0.14
2024_0412_11:19:00 14 95.875 45.82
2024_0412_11:19:43 14 11.995 9.98
2024_0412_11:19:44 14 94.91 94.63
2024_0412_11:20:53 14 0.225 -0.36
2024_0412_11:21:34 14 9.23 -10.025
2024_0412_11:22:16 14 0.2 0.4
2024_0412_11:23:18 14 95.12 94.92
2024_0412_11:23:47 14 -0.715 0.85
2024_0412_11:24:18 14 0.36 -0.29
2024_0412_11:24:28 14 50.0 -49.995
2024_0412_11:24:54 14 95.58 95.74
2024_0412_11:25:09 14 -23.61 64.97
2024_0412_11:25:28 14 96.31 96.485
2024_0412_11:25:54 14 0.265 -0.885
2024_0412_11:26:40 14 -16.375 17.595
2024_0412_11:27:38 14 -9.77 10.205
2024_0412_11:27:50 14 95.99 96.62
2024_0412_11:27:55 14 95.99 96.005
2024_0412_11:28:41 14 95.435 94.645
2024_0412_11:30:07 14 -10.05 9.645
2024_0412_11:30:22 14 94.9 44.34
2024_0412_11:31:33 14 34.255 36.33
2024_0412_11:32:39 14 95.755 96.31
2024_0412_11:33:06 14 96.13 95.845
2024_0412_11:33:32 14 -2.19 -0.105
2024_0412_11:33:59 14 95.195 95.615
2024_0412_11:34:01 14 0.44 1.555
2024_0412_11:34:41 14 93.605 94.655
2024_0412_11:34:46 14 5.2 6.855
2024_0412_11:35:01 14 -0.43 0.095
2024_0412_11:35:51 14 -0.535 0.155
2024_0412_11:36:09 14 95.295 96.44
2024_0412_11:36:31 14 -0.785 0.145
2024_0412_11:37:00 14 88.58 89.9
2024_0412_11:37:49 14 0.73 0.89
2024_0412_11:38:54 14 0.795 2.075
2024_0412_11:38:59 14 -0.725 1.815
2024_0412_11:40:35 14 64.69 42.87
2024_0412_11:41:58 14 95.175 94.21
2024_0412_11:42:12 14 0.185 0.885
2024_0412_11:42:47 14 -0.435 -0.37
2024_0412_11:43:21 14 95.94 95.21
2024_0412_11:43:24 14 0.425 0.0
2024_0412_11:43:29 14 -19.345 20.07
2024_0412_11:43:56 14 94.605 95.305
2024_0412_11:44:04 14 7.06 5.83
2024_0412_11:44:10 14 95.76 96.1
2024_0412_11:44:52 14 0.45 -0.295
2024_0412_11:45:11 14 0.145 0.98
2024_0412_11:45:54 14 -49.995 -49.99
2024_0412_11:46:41 14 -0.535 0.445
2024_0412_11:47:47 14 0.16 0.015
2024_0412_11:47:49 14 94.915 45.95
2024_0412_11:50:16 14 -1.025 0.365
2024_0412_11:51:34 14 -1.09 29.835
2024_0412_11:51:35 14 -1.04 0.025
2024_0412_11:52:09 14 96.65 96.5
2024_0412_11:52:16 14 -0.045 -0.665
2024_0412_11:52:17 14 94.785 85.61
2024_0412_11:52:18 14 38.33 96.535
2024_0412_11:52:42 14 -2.235 1.485
2024_0412_11:53:40 14 94.97 92.705
2024_0412_11:54:25 14 41.125 1.095
2024_0412_11:54:30 14 13.7 46.83
2024_0412_11:55:22 14 -39.835 40.345
2024_0412_11:55:38 14 4.14 -0.505
2024_0412_11:55:58 14 8.05 38.35
2024_0412_11:56:51 14 95.71 94.64
2024_0412_11:57:23 14 -0.445 0.865
2024_0412_11:59:13 14 -1.215 93.27
2024_0412_11:59:56 14 37.835 0.865
2024_0412_12:00:22 14 95.91 47.94
2024_0412_12:00:27 14 94.445 94.89
2024_0412_12:01:03 14 2.455 0.79
2024_0412_12:01:27 14 0.355 0.45
2024_0412_12:01:39 14 -0.505 0.005
2024_0412_12:01:46 14 59.98 -60.035
2024_0412_12:02:21 14 75.605 68.69
2024_0412_12:02:47 14 94.53 94.37
2024_0412_12:03:13 14 92.32 92.6
2024_0412_12:03:48 14 96.26 24.255
2024_0412_12:06:15 14 -1.615 0.82
2024_0412_12:06:16 14 0.585 1.505
2024_0412_12:07:01 14 0.77 1.36
2024_0412_12:07:12 14 96.0 95.315
2024_0412_12:07:30 14 94.7 94.895
2024_0412_12:08:24 14 -0.135 0.91
2024_0412_12:08:50 14 37.995 42.185
2024_0412_12:09:16 14 -0.725 0.35
2024_0412_12:09:49 14 -0.66 0.605
2024_0412_12:10:37 14 95.285 95.925
2024_0412_12:10:56 14 94.68 48.015
2024_0412_12:11:03 14 -1.235 49.635
2024_0412_12:11:28 14 40.255 -14.225
2024_0412_12:11:45 14 96.5 96.36
2024_0412_12:12:06 14 96.725 96.34
2024_0412_12:12:52 14 93.835 93.025
2024_0412_12:15:02 14 94.48 92.975
2024_0412_12:15:44 14 97.22 96.105
2024_0412_12:16:33 14 -0.115 0.72
2024_0412_12:16:48 14 -36.675 35.215
2024_0412_12:17:04 14 -6.395 49.24
2024_0412_12:18:03 14 0.255 -0.85
2024_0412_12:18:04 14 94.685 94.555
2024_0412_12:18:09 14 32.715 25.14
2024_0412_12:18:35 14 -0.12 -0.6
2024_0412_12:19:38 14 93.915 95.02
2024_0412_12:20:09 14 43.125 45.335
2024_0412_12:20:15 14 89.95 95.035
2024_0412_12:20:24 14 0.41 -0.24
2024_0412_12:20:47 14 40.705 42.54
2024_0412_12:21:26 14 94.84 94.795
2024_0412_12:22:31 14 36.36 -4.98
2024_0412_12:23:39 14 -33.085 34.08
2024_0412_12:25:20 14 0.85 0.095
2024_0412_12:25:25 14 49.52 -2.16
2024_0412_12:25:26 14 -8.745 8.675
2024_0412_12:25:41 14 68.0 -12.415
2024_0412_12:26:52 14 -0.34 -0.345
2024_0412_12:27:29 14 99.99 -99.99
2024_0412_12:27:34 14 94.425 94.2
2024_0412_12:28:29 14 4.915 17.99
2024_0412_12:28:49 14 0.575 -0.575
2024_0412_12:28:58 14 95.185 95.145
2024_0412_12:29:24 14 1.665 -0.68
2024_0412_12:29:35 14 45.645 94.24
2024_0412_12:29:41 14 95.585 94.015
2024_0412_12:32:44 14 -0.4 0.39
2024_0412_12:33:06 14 0.575 0.655
2024_0412_12:33:37 14 94.425 95.73
2024_0412_12:34:27 14 94.69 92.52
2024_0412_12:34:44 14 0.425 0.425
2024_0412_12:34:53 14 96.045 94.51
2024_0412_12:35:06 14 0.64 0.635
2024_0412_12:35:13 14 -10.29 9.77
2024_0412_12:36:16 14 94.65 95.48
2024_0412_12:36:22 14 79.82 80.21
2024_0412_12:37:15 14 0.87 -0.05
2024_0412_12:37:23 14 93.065 94.875
2024_0412_12:37:33 14 0.49 0.035
2024_0412_12:37:48 14 92.3 91.025
2024_0412_12:38:00 14 0.29 0.165
2024_0412_12:40:17 14 95.51 94.85
2024_0412_12:40:52 14 94.775 95.35
2024_0412_12:41:57 15 20.63 21.895
2024_0412_12:42:36 14 -5.45 41.59
2024_0412_12:43:20 15 94.575 95.05
2024_0412_12:43:44 15 94.65 95.195
2024_0412_12:44:02 15 28.19 -0.775
2024_0412_12:44:04 15 95.6 96.11
2024_0412_12:44:33 15 0.645 0.705
2024_0412_12:45:39 15 9.375 -8.81
2024_0412_12:45:44 15 0.13 -0.16
2024_0412_12:45:48 15 1.125 0.71
2024_0412_12:45:59 15 96.35 96.54
2024_0412_12:46:13 15 -0.015 -0.12
2024_0412_12:47:46 15 -0.295 0.35
2024_0412_12:49:05 15 94.89 94.925
2024_0412_12:51:02 15 1.005 -0.765
2024_0412_12:51:25 15 15.15 13.89
2024_0412_12:51:40 15 48.7 -18.77
2024_0412_12:51:58 15 20.15 96.825
2024_0412_12:52:13 15 95.635 74.29
2024_0412_12:52:25 15 12.93 -12.93
2024_0412_12:52:52 15 31.75 -17.53
2024_0412_12:53:48 15 95.43 95.375
2024_0412_12:53:51 15 8.33 -8.415
2024_0412_12:53:51 15 0.825 0.57
2024_0412_12:54:01 15 95.215 93.9
2024_0412_12:54:11 15 95.745 89.675
2024_0412_12:55:22 15 -0.73 -0.495
2024_0412_12:55:22 15 96.27 96.345
2024_0412_12:56:33 15 84.505 56.6
2024_0412_12:57:51 15 48.265 44.365
2024_0412_13:00:05 15 97.12 47.73
2024_0412_13:00:41 15 96.865 96.425
2024_0412_13:01:00 15 95.77 91.295
2024_0412_13:01:01 15 2.06 1.51
2024_0412_13:01:15 15 94.595 94.87
2024_0412_13:01:50 15 -7.145 9.105
2024_0412_13:02:14 15 8.2 -9.285
2024_0412_13:02:33 15 92.295 94.535
2024_0412_13:02:48 15 -0.11 0.56
2024_0412_13:02:48 15 -0.38 0.42
2024_0412_13:02:53 15 0.03 0.085
2024_0412_13:04:13 15 94.645 94.825
2024_0412_13:04:50 15 94.785 94.615
2024_0412_13:05:21 15 86.495 93.6
2024_0412_13:08:21 15 45.83 94.565
2024_0412_13:08:23 15 96.28 97.115
2024_0412_13:09:02 15 95.89 94.46
2024_0412_13:09:13 15 0.335 -1.855
2024_0412_13:09:59 15 30.52 29.015
2024_0412_13:09:59 15 97.125 96.36
2024_0412_13:10:16 15 96.665 96.51
2024_0412_13:10:18 15 0.415 0.105
2024_0412_13:11:11 15 -3.395 3.905
2024_0412_13:11:21 15 13.85 12.445
2024_0412_13:11:33 15 72.265 75.72
2024_0412_13:11:34 15 2.07 -2.865
2024_0412_13:11:43 15 0.665 0.23
2024_0412_13:13:06 15 94.675 45.385
2024_0412_13:14:10 15 8.185 4.935
2024_0412_13:14:29 15 94.575 94.67
2024_0412_13:16:45 15 61.885 59.435
2024_0412_13:17:09 15 -2.25 45.23
2024_0412_13:18:27 15 0.3 -0.03
2024_0412_13:18:36 15 94.715 92.01
2024_0412_13:19:04 15 -8.605 11.73
2024_0412_13:19:12 15 95.88 96.48
2024_0412_13:20:01 15 -0.945 0.005
2024_0412_13:20:02 15 -0.135 0.305
2024_0412_13:20:17 15 11.12 10.425
2024_0412_13:20:22 15 -49.99 49.99
2024_0412_13:20:22 15 24.34 18.295
2024_0412_13:20:35 15 96.105 96.145
2024_0412_13:22:36 15 0.17 0.31
2024_0412_13:23:37 15 -99.965 99.975
2024_0412_13:25:31 15 0.045 -0.005
2024_0412_13:25:33 15 0.865 0.25
2024_0412_13:25:56 15 4.16 -0.355
2024_0412_13:26:50 15 94.115 91.4
2024_0412_13:27:32 15 40.375 40.6
2024_0412_13:27:36 15 -1.965 49.58
2024_0412_13:28:13 15 94.08 95.39
2024_0412_13:28:18 15 45.915 45.93
2024_0412_13:28:42 15 0.82 0.395
2024_0412_13:29:15 15 96.59 96.43
2024_0412_13:29:26 15 96.02 96.245
2024_0412_13:29:28 15 0.81 0.26
2024_0412_13:29:41 15 46.48 95.385
2024_0412_13:31:07 15 -9.875 10.12
2024_0412_13:32:02 15 -100.0 49.99
2024_0412_13:32:26 15 95.225 92.925
2024_0412_13:33:47 15 -0.515 -0.725
2024_0412_13:34:41 15 94.8 93.955
2024_0412_13:35:40 15 -13.64 34.68
2024_0412_13:35:52 15 -0.19 0.32
2024_0412_13:36:29 15 97.035 96.805
2024_0412_13:36:38 15 -0.69 -0.28
2024_0412_13:36:58 15 -0.75 -0.075
2024_0412_13:37:15 15 11.545 -12.495
2024_0412_13:37:36 15 0.705 -0.165
2024_0412_13:38:11 15 95.14 95.675
2024_0412_13:38:15 15 0.25 -0.175
2024_0412_13:38:51 15 95.43 94.085
2024_0412_13:39:10 15 -1.14 -0.79
2024_0412_13:41:05 15 -1.095 0.755
2024_0412_13:41:14 15 73.89 76.0
2024_0412_13:42:34 15 -24.93 58.385
2024_0412_13:43:32 15 0.485 1.615
2024_0412_13:43:52 15 91.185 95.66
2024_0412_13:44:43 15 38.675 38.71
2024_0412_13:45:18 15 -50.0 50.0
2024_0412_13:45:30 15 -0.86 -0.36
2024_0412_13:46:02 15 76.91 86.005
2024_0412_13:46:12 15 0.73 1.365
2024_0412_13:46:26 15 49.99 49.995
2024_0412_13:46:56 15 -0.855 1.12
2024_0412_13:46:59 15 98.685 -33.055
2024_0412_13:48:31 15 0.98 1.475
2024_0412_13:48:38 15 -0.955 0.99
2024_0412_13:49:58 15 95.05 93.09
2024_0412_13:50:04 15 93.145 82.05
2024_0412_13:51:17 15 94.555 95.56
2024_0412_13:52:02 15 92.565 94.96
2024_0412_13:53:10 15 45.67 47.26
2024_0412_13:53:13 15 1.735 0.88
2024_0412_13:53:34 15 73.43 84.84
2024_0412_13:54:06 15 95.67 93.595
2024_0412_13:54:24 15 -1.545 -0.685
2024_0412_13:55:11 15 0.235 0.465
2024_0412_13:55:16 15 0.0 -0.005
2024_0412_13:55:47 15 -0.055 0.315
2024_0412_13:56:23 15 33.155 -33.16
2024_0412_13:56:25 15 27.63 -27.73
2024_0412_13:57:22 15 -16.48 18.22
2024_0412_13:58:17 15 94.815 94.125
2024_0412_13:59:05 15 -0.965 0.52
2024_0412_14:00:15 15 94.89 94.395
2024_0412_14:00:53 15 96.945 95.99
2024_0412_14:02:36 15 0.195 -0.11
2024_0412_14:02:41 15 -0.55 -0.065
2024_0412_14:02:45 15 0.795 -0.47
2024_0412_14:03:19 15 0.795 1.35
2024_0412_14:03:24 15 -9.47 9.805
2024_0412_14:03:41 15 95.38 93.93
2024_0412_14:04:05 15 -9.91 9.325
2024_0412_14:04:09 15 0.11 -0.04
2024_0412_14:04:38 15 43.23 94.98
2024_0412_14:05:51 15 94.25 86.16
2024_0412_14:06:47 15 41.145 11.44
2024_0412_14:07:50 15 45.02 -1.25
2024_0412_14:08:00 15 93.72 94.35
2024_0412_14:08:35 15 95.97 95.725
2024_0412_14:09:22 15 -1.42 0.23
2024_0412_14:10:52 15 16.32 17.645
2024_0412_14:11:03 15 95.545 93.14
2024_0412_14:11:12 15 -1.01 -0.935
2024_0412_14:11:45 15 -18.025 20.04
2024_0412_14:11:45 15 -1.61 0.61
2024_0412_14:12:22 15 13.895 14.205
2024_0412_14:12:37 15 -1.185 1.415
2024_0412_14:12:53 15 -0.035 -0.05
2024_0412_14:13:04 15 95.77 86.955
2024_0412_14:14:16 15 -1.1 -0.35
2024_0412_14:15:06 15 93.945 93.86
2024_0412_14:16:40 15 -0.125 -1.795
2024_0412_14:16:46 15 4.4 -4.28
2024_0412_14:16:49 15 95.99 95.715
2024_0412_14:17:21 15 -0.59 0.55
2024_0412_14:17:32 15 -0.085 -0.065
2024_0412_14:19:18 15 1.775 -1.79
2024_0412_14:19:43 15 -99.99 49.995
2024_0412_14:19:55 16 9.955 11.805
2024_0412_14:20:40 15 95.94 94.84
2024_0412_14:21:24 16 19.46 -20.53
2024_0412_14:21:33 16 -1.275 -2.13
2024_0412_14:21:43 16 -9.16 10.665
2024_0412_14:21:59 16 0.08 1.1
2024_0412_14:23:05 16 36.205 -4.305
2024_0412_14:23:08 15 95.42 95.385
2024_0412_14:23:57 16 96.66 96.9
2024_0412_14:25:39 16 16.465 -17.75
2024_0412_14:25:43 16 81.295 94.785
2024_0412_14:26:08 16 17.855 -6.14
2024_0412_14:27:08 16 96.25 95.585
2024_0412_14:27:34 16 87.79 87.075
2024_0412_14:27:41 16 58.585 -14.805
2024_0412_14:27:58 16 92.34 94.32
2024_0412_14:28:13 16 46.185 45.625
2024_0412_14:29:54 16 50.57 61.65
2024_0412_14:30:05 16 1.785 2.375
2024_0412_14:30:44 16 16.985 -16.71
2024_0412_14:31:10 16 97.18 96.31
2024_0412_14:31:33 16 -0.355 0.15
2024_0412_14:31:49 16 -0.505 0.76
2024_0412_14:32:43 16 97.025 96.985
2024_0412_14:32:48 16 -1.095 -0.235
2024_0412_14:34:30 16 42.495 95.275
2024_0412_14:34:38 16 91.375 95.265
2024_0412_14:34:51 16 94.36 46.205
2024_0412_14:35:44 16 16.745 -16.285
2024_0412_14:36:13 16 0.565 -1.23
2024_0412_14:36:44 16 16.265 -16.52
2024_0412_14:37:01 16 -36.875 56.86
2024_0412_14:38:57 16 95.59 95.05
2024_0412_14:39:09 16 95.92 96.44
2024_0412_14:39:26 16 -8.035 7.13
2024_0412_14:39:42 16 1.01 0.425
2024_0412_14:40:44 16 0.575 -0.185
2024_0412_14:41:00 16 1.03 -1.005
2024_0412_14:41:02 16 0.445 0.615
2024_0412_14:41:21 16 0.16 -0.835
2024_0412_14:41:58 16 9.92 -10.105
2024_0412_14:42:39 16 95.215 93.885
2024_0412_14:43:21 16 1.05 0.575
2024_0412_14:43:44 16 96.24 93.845
2024_0412_14:44:26 16 0.995 -1.12
2024_0412_14:44:29 16 11.61 11.89
2024_0412_14:44:59 16 73.065 72.83
2024_0412_14:45:13 16 96.32 96.155
2024_0412_14:47:11 16 -1.375 26.775
2024_0412_14:48:12 16 1.705 1.125
2024_0412_14:49:14 16 0.315 -0.37
2024_0412_14:49:51 16 90.92 83.8
2024_0412_14:49:51 16 75.93 76.34
2024_0412_14:49:56 16 94.395 95.01
2024_0412_14:50:07 16 0.02 0.64
2024_0412_14:50:55 16 96.97 96.405
2024_0412_14:51:10 16 94.495 95.315
2024_0412_14:51:32 16 0.92 0.055
2024_0412_14:52:33 16 79.065 40.805
2024_0412_14:52:37 16 95.07 94.375
2024_0412_14:52:47 16 96.025 95.76
2024_0412_14:52:59 16 -9.83 10.03
2024_0412_14:53:14 16 68.035 52.445
2024_0412_14:53:21 16 34.675 86.09
2024_0412_14:55:23 16 -0.395 -0.2
2024_0412_14:56:59 16 -0.1 0.965
2024_0412_14:58:02 16 35.335 9.24
2024_0412_14:58:38 16 46.15 96.7
2024_0412_14:58:40 16 30.39 -17.685
2024_0412_14:58:56 16 25.0 -24.975
2024_0412_14:59:10 16 31.715 31.555
2024_0412_14:59:19 16 97.065 96.53
2024_0412_15:00:57 16 95.06 89.83
2024_0412_15:01:40 16 45.33 96.59
2024_0412_15:01:48 16 96.17 95.91
2024_0412_15:02:06 16 -0.01 -0.41
2024_0412_15:02:06 16 96.78 96.25
2024_0412_15:02:13 16 95.965 94.865
2024_0412_15:02:45 16 97.64 96.68
2024_0412_15:03:32 16 -3.965 20.26
2024_0412_15:05:13 16 -2.05 -1.38
2024_0412_15:06:34 16 97.24 97.17
2024_0412_15:07:27 16 94.745 96.375
2024_0412_15:07:46 16 0.6 -0.87
2024_0412_15:07:55 16 -49.995 99.98
2024_0412_15:08:04 16 1.94 -0.575
2024_0412_15:08:16 16 96.505 96.36
2024_0412_15:09:02 16 10.18 -9.91
2024_0412_15:09:57 16 0.425 -0.03
2024_0412_15:10:37 16 0.35 1.08
2024_0412_15:11:34 16 -17.175 15.455
2024_0412_15:11:53 16 94.515 88.56
2024_0412_15:12:07 16 -9.175 7.675
2024_0412_15:14:45 16 49.995 -49.995
2024_0412_15:15:48 16 70.89 29.47
2024_0412_15:15:59 16 97.035 96.575
2024_0412_15:16:40 16 12.455 15.195
2024_0412_15:16:56 16 96.25 94.26
2024_0412_15:17:10 16 0.205 0.08
2024_0412_15:17:35 16 1.41 0.075
2024_0412_15:17:51 16 60.24 58.89
2024_0412_15:17:58 16 95.085 93.99
2024_0412_15:18:06 16 9.42 3.975
2024_0412_15:18:20 16 10.15 -0.215
2024_0412_15:18:31 16 -1.54 3.36
2024_0412_15:19:54 16 -0.65 0.195
2024_0412_15:20:10 16 -99.99 -99.99
2024_0412_15:20:37 16 13.865 12.515
2024_0412_15:23:37 16 85.075 95.13
2024_0412_15:24:52 16 99.99 49.99
2024_0412_15:24:59 16 0.19 -3.06
2024_0412_15:25:07 16 95.995 94.99
2024_0412_15:25:39 16 -0.65 45.915
2024_0412_15:26:08 16 37.68 -38.09
2024_0412_15:26:23 16 96.345 96.26
2024_0412_15:26:40 16 75.3 77.35
2024_0412_15:26:58 16 0.915 -0.52
2024_0412_15:27:02 16 -0.095 0.76
2024_0412_15:28:39 16 1.115 0.635
2024_0412_15:28:42 16 -8.22 54.845
2024_0412_15:29:03 16 0.49 -0.335
2024_0412_15:29:19 16 -0.52 0.785
2024_0412_15:29:20 16 42.695 -5.365
2024_0412_15:31:34 16 -1.4 -0.59
2024_0412_15:32:30 16 96.545 96.08
2024_0412_15:33:04 16 16.7 12.795
2024_0412_15:33:15 16 -0.825 -0.305
2024_0412_15:34:05 16 97.25 96.54
2024_0412_15:34:50 16 93.715 46.855
2024_0412_15:35:08 16 75.6 75.795
2024_0412_15:35:11 17 29.435 56.595
2024_0412_15:35:32 16 -9.5 10.385
2024_0412_15:36:17 17 -0.855 -0.53
2024_0412_15:36:57 17 61.73 43.48
2024_0412_15:38:00 17 9.81 8.405
2024_0412_15:38:03 17 0.31 0.205
2024_0412_15:38:48 17 -0.41 0.42
2024_0412_15:39:43 17 44.975 95.33
2024_0412_15:40:37 17 17.56 19.77
2024_0412_15:40:45 17 -0.09 -0.365
2024_0412_15:41:17 17 39.77 -40.185
2024_0412_15:41:28 17 -0.305 0.17
2024_0412_15:42:14 17 96.58 96.32
2024_0412_15:42:22 17 -0.33 -0.585
2024_0412_15:43:28 17 95.46 95.09
2024_0412_15:43:49 17 -0.28 0.035
2024_0412_15:43:55 17 -0.595 -0.305
2024_0412_15:44:56 17 0.035 -0.2
2024_0412_15:45:16 17 45.825 25.32
2024_0412_15:45:51 17 12.975 61.235
2024_0412_15:46:48 17 -5.82 6.31
2024_0412_15:46:50 17 -0.5 0.21
2024_0412_15:48:26 17 -49.91 48.905
2024_0412_15:49:08 17 -20.455 53.835
2024_0412_15:49:22 17 -1.86 13.02
2024_0412_15:49:49 17 39.735 -39.37
2024_0412_15:50:18 17 74.275 90.435
2024_0412_15:50:34 17 56.245 83.55
2024_0412_15:50:45 17 17.765 8.855
2024_0412_15:51:38 17 2.54 1.52
2024_0412_15:52:06 17 11.345 12.31
2024_0412_15:52:45 17 80.025 80.055
2024_0412_15:52:49 17 93.04 94.695
2024_0412_15:53:48 17 45.485 30.63
2024_0412_15:54:10 17 96.55 96.445
2024_0412_15:54:21 17 -7.2 6.9
2024_0412_15:55:43 17 73.54 73.57
2024_0412_15:55:45 17 95.18 95.14
2024_0412_15:57:31 17 0.69 0.725
2024_0412_15:57:33 17 94.565 69.75
2024_0412_15:57:59 17 96.59 96.415
2024_0412_15:58:04 17 94.56 94.81
2024_0412_15:58:49 17 72.605 73.65
2024_0412_15:59:00 17 15.2 -4.785
2024_0412_15:59:45 17 16.29 16.71
2024_0412_15:59:46 17 -9.64 22.865
2024_0412_16:01:46 17 -0.765 1.22
2024_0412_16:02:15 17 94.845 96.16
2024_0412_16:02:43 17 -10.82 24.495
2024_0412_16:03:17 17 71.995 93.69
2024_0412_16:03:28 17 -1.055 0.655
2024_0412_16:04:09 17 95.64 90.92
2024_0412_16:04:32 17 9.545 -9.185
2024_0412_16:05:45 17 2.46 -4.465
2024_0412_16:06:10 17 -0.775 0.1
2024_0412_16:06:18 17 13.42 13.19
2024_0412_16:06:50 17 72.355 73.885
2024_0412_16:07:21 17 96.605 96.42
2024_0412_16:07:32 17 45.23 28.53
2024_0412_16:08:30 17 74.16 95.145
2024_0412_16:08:39 17 49.985 100.0
2024_0412_16:10:03 17 96.115 95.6
2024_0412_16:11:00 17 15.825 12.67
2024_0412_16:11:21 17 -0.915 0.26
2024_0412_16:11:26 17 -0.92 -0.205
2024_0412_16:12:22 17 24.565 2.7
2024_0412_16:13:22 17 92.6 95.295
2024_0412_16:13:58 17 9.185 5.85
2024_0412_16:15:01 17 76.14 76.075
2024_0412_16:15:02 17 35.32 16.255
2024_0412_16:15:37 17 0.055 0.555
2024_0412_16:16:20 17 -0.935 -0.345
2024_0412_16:17:02 17 73.835 74.485
2024_0412_16:17:19 17 0.06 -0.7
2024_0412_16:17:42 17 -21.005 20.31
2024_0412_16:18:49 17 -0.305 -0.46
2024_0412_16:19:14 17 -0.305 -1.05
2024_0412_16:19:22 17 94.58 89.63
2024_0412_16:19:40 17 77.925 93.255
2024_0412_16:20:15 17 90.02 95.47
2024_0412_16:22:25 17 -10.05 9.735
2024_0412_16:22:43 17 -1.235 0.34
2024_0412_16:22:46 17 14.635 12.455
2024_0412_16:22:48 17 10.32 -9.615
2024_0412_16:23:46 17 -8.6 8.595
2024_0412_16:23:53 17 12.565 -12.335
2024_0412_16:24:31 17 -1.085 -1.52
2024_0412_16:24:40 17 96.515 96.375
2024_0412_16:25:51 17 -5.47 5.535
2024_0412_16:25:57 17 -1.2 1.365
2024_0412_16:26:06 17 28.685 28.0
2024_0412_16:27:32 17 62.19 86.145
2024_0412_16:27:54 17 -11.715 10.53
2024_0412_16:28:12 17 0.365 -0.26
2024_0412_16:28:29 17 -0.095 -1.825
2024_0412_16:28:49 17 94.195 88.99
2024_0412_16:31:11 17 0.11 0.67
2024_0412_16:31:59 17 0.82 0.07
2024_0412_16:32:09 17 -25.39 24.815
2024_0412_16:32:30 17 0.0 -0.22
2024_0412_16:32:53 17 -1.215 -1.43
2024_0412_16:33:15 17 0.375 0.535
2024_0412_16:34:16 17 94.865 93.665
2024_0412_16:34:44 17 -9.215 10.4
2024_0412_16:34:53 17 0.115 0.835
2024_0412_16:36:01 17 34.695 52.37
2024_0412_16:36:13 17 -3.015 -0.46
2024_0412_16:36:38 17 -10.625 16.92
2024_0412_16:37:11 17 95.82 95.24
2024_0412_16:38:09 17 21.13 17.0
2024_0412_16:38:18 17 0.075 -0.615
2024_0412_16:40:06 17 -0.09 -1.345
2024_0412_16:40:33 17 -0.375 -0.565
2024_0412_16:41:08 17 96.645 96.185
2024_0412_16:41:38 17 -0.57 0.19
2024_0412_16:41:45 17 0.09 1.55
2024_0412_16:42:03 17 -0.665 -0.8
2024_0412_16:42:47 17 -1.195 1.255
2024_0412_16:43:40 17 95.03 95.645
2024_0412_16:44:05 17 0.615 0.88
2024_0412_16:44:46 17 0.665 0.62
2024_0412_16:45:00 17 34.45 16.78
2024_0412_16:45:06 17 -0.11 -0.225
2024_0412_16:45:38 17 12.695 14.25
2024_0412_16:46:01 17 -4.52 0.165
2024_0412_16:47:13 17 95.81 38.595
2024_0412_16:47:54 17 -0.355 0.35
2024_0412_16:48:27 17 93.735 93.21
2024_0412_16:50:00 17 20.58 0.805
2024_0412_16:50:20 17 14.67 -10.795
2024_0412_16:50:34 17 49.63 -49.315
2024_0412_16:51:35 17 96.39 96.785
2024_0412_16:51:44 17 93.265 45.815
2024_0412_16:52:48 17 -3.495 12.97
2024_0412_16:52:57 17 -0.29 -0.07
2024_0412_16:53:37 17 39.38 95.98
2024_0412_16:53:40 17 47.275 -8.05
2024_0412_16:54:09 17 14.54 14.635
2024_0412_16:56:01 17 -1.1 -0.31
2024_0412_16:56:28 17 94.805 93.37
2024_0412_16:57:18 17 0.18 0.69
2024_0412_16:57:34 17 42.75 41.565
2024_0412_16:58:07 17 -0.465 1.1
2024_0412_16:59:09 17 53.885 83.185
2024_0412_17:00:07 17 1.335 1.5
2024_0412_17:00:11 17 97.285 96.645
2024_0412_17:00:43 17 95.52 45.8
2024_0412_17:01:04 17 -49.995 49.995
2024_0412_17:01:14 17 -0.145 0.67
2024_0412_17:02:02 17 70.92 68.505
2024_0412_17:02:30 17 85.79 94.62
2024_0412_17:03:01 17 5.065 -6.52
2024_0412_17:03:22 17 96.475 96.11
2024_0412_17:04:48 17 77.155 76.83
2024_0412_17:04:51 17 -9.14 10.19
2024_0412_17:06:13 18 -15.785 14.325
2024_0412_17:06:14 18 95.09 93.49
2024_0412_17:06:25 18 96.755 96.11
2024_0412_17:07:53 17 -0.47 0.255
2024_0412_17:08:22 18 47.49 -47.8
2024_0412_17:08:42 18 -25.125 73.895
2024_0412_17:09:34 18 99.99 -99.99
2024_0412_17:09:39 18 96.805 96.57
2024_0412_17:09:46 18 -0.425 0.425
2024_0412_17:10:15 18 96.825 93.37
2024_0412_17:10:28 18 29.34 27.315
2024_0412_17:11:18 18 32.31 -6.47
2024_0412_17:11:26 18 14.755 14.435
2024_0412_17:13:02 18 93.93 45.8
2024_0412_17:13:11 18 49.575 -1.965
2024_0412_17:13:46 18 90.33 89.925
2024_0412_17:14:36 18 2.53 21.515
2024_0412_17:15:09 18 -0.955 -0.16
2024_0412_17:15:47 18 0.665 -0.965
2024_0412_17:16:43 18 -0.48 1.33
2024_0412_17:17:00 18 0.285 -0.185
2024_0412_17:17:45 18 25.67 35.375
2024_0412_17:18:23 18 96.26 96.23
2024_0412_17:18:26 18 -7.815 34.245
2024_0412_17:18:30 18 9.1 -1.32
2024_0412_17:18:41 18 -1.485 0.05
2024_0412_17:20:08 18 94.16 93.73
2024_0412_17:20:27 18 74.24 60.715
2024_0412_17:20:42 18 79.51 87.735
2024_0412_17:21:25 18 97.205 96.37
2024_0412_17:21:52 18 -0.245 3.0
2024_0412_17:22:37 18 -0.74 -0.46
2024_0412_17:22:45 18 94.785 94.43
2024_0412_17:23:52 18 -22.94 3.96
2024_0412_17:24:38 18 -1.33 0.58
2024_0412_17:25:03 18 -10.1 8.985
2024_0412_17:26:09 18 94.665 94.395
2024_0412_17:26:37 18 -0.975 0.625
2024_0412_17:26:46 18 94.91 95.305
2024_0412_17:27:02 18 0.28 -0.06
2024_0412_17:27:06 18 -0.49 -0.915
2024_0412_17:29:22 18 0.065 -0.02
2024_0412_17:29:31 18 95.085 92.71
2024_0412_17:29:31 18 -4.375 5.56
2024_0412_17:29:35 18 0.0 -0.28
2024_0412_17:29:51 18 15.71 -9.99
2024_0412_17:30:44 18 64.53 -0.52
2024_0412_17:30:53 18 95.565 94.78
2024_0412_17:32:43 18 11.5 11.505
2024_0412_17:33:16 18 48.11 55.215
2024_0412_17:33:42 18 0.255 1.52
2024_0412_17:35:08 18 40.19 39.505
2024_0412_17:35:21 18 -0.55 -0.325
2024_0412_17:35:30 18 96.725 96.39
2024_0412_17:35:31 18 0.365 0.52
2024_0412_17:36:29 18 49.115 47.445
2024_0412_17:37:45 18 -5.66 48.17
2024_0412_17:38:18 18 0.355 -0.24
2024_0412_17:38:22 18 11.23 -3.1
2024_0412_17:38:47 18 95.535 94.71
2024_0412_17:38:53 18 0.27 32.965
2024_0412_17:39:31 18 35.47 29.045
2024_0412_17:40:24 18 0.445 0.435
2024_0412_17:41:10 18 -0.075 -0.13
2024_0412_17:41:17 18 -30.665 47.105
2024_0412_17:41:33 18 86.89 60.495
2024_0412_17:42:25 18 -1.845 29.835
2024_0412_17:43:02 18 43.535 43.615
2024_0412_17:43:51 18 50.0 49.99
2024_0412_17:44:51 18 0.0 -0.08
2024_0412_17:45:10 18 -37.575 38.86
2024_0412_17:45:14 18 0.115 -0.07
2024_0412_17:45:43 18 95.31 95.24
2024_0412_17:46:57 18 79.095 63.005
2024_0412_17:47:31 18 97.29 94.395
2024_0412_17:47:40 18 25.305 35.15
2024_0412_17:47:50 18 -0.585 0.095
2024_0412_17:48:57 18 90.9 95.71
2024_0412_17:49:30 18 96.62 71.465
2024_0412_17:50:02 18 -19.5 19.99
2024_0412_17:50:35 18 24.245 72.63
2024_0412_17:51:02 18 0.25 -0.73
2024_0412_17:51:07 18 96.465 96.34
2024_0412_17:52:30 18 -11.44 12.605
2024_0412_17:52:47 18 47.13 97.73
2024_0412_17:53:31 18 96.44 96.78
2024_0412_17:53:50 18 -0.87 -0.74
2024_0412_17:54:56 18 1.925 0.15
2024_0412_17:56:15 18 12.165 15.045
2024_0412_17:56:30 18 -13.705 14.54
2024_0412_17:56:52 18 96.42 95.985
2024_0412_17:57:41 18 93.655 94.4
2024_0412_17:58:31 18 17.29 16.835
2024_0412_17:59:36 18 -2.035 2.385
2024_0412_17:59:39 18 -7.09 19.875
2024_0412_18:00:04 18 -0.35 0.725
2024_0412_18:00:10 18 -0.28 0.355
2024_0412_18:00:38 18 94.215 91.07
2024_0412_18:01:20 18 94.845 94.015
2024_0412_18:02:12 18 99.95 0.0
2024_0412_18:02:23 18 80.125 80.57
2024_0412_18:03:04 18 92.605 95.32
2024_0412_18:04:25 18 96.2 96.44
2024_0412_18:04:40 18 36.575 -0.65
2024_0412_18:04:55 18 -0.51 0.415
2024_0412_18:05:14 18 -6.73 47.84
2024_0412_18:06:05 18 3.555 7.36
2024_0412_18:06:54 18 11.47 11.06
2024_0412_18:07:51 18 0.995 0.97
2024_0412_18:08:05 18 10.555 -10.405
2024_0412_18:08:57 18 94.1 95.265
2024_0412_18:09:03 18 95.13 91.425
2024_0412_18:09:21 18 0.075 -0.205
2024_0412_18:10:37 18 -0.12 0.09
2024_0412_18:10:41 18 93.095 93.32
2024_0412_18:10:43 18 7.315 12.03
2024_0412_18:11:20 18 0.635 0.255
2024_0412_18:12:45 18 96.345 96.945
2024_0412_18:13:30 18 96.195 96.55
2024_0412_18:13:52 18 56.5 53.045
2024_0412_18:14:01 18 27.21 29.21
2024_0412_18:14:17 18 -49.99 -99.98
2024_0412_18:14:45 18 7.835 5.175
2024_0412_18:16:13 18 50.005 -99.98
2024_0412_18:16:30 18 0.95 0.38
2024_0412_18:17:11 18 92.795 84.85
2024_0412_18:17:31 18 13.07 -6.935
2024_0412_18:17:43 18 95.22 95.3
2024_0412_18:17:53 18 0.095 0.735
2024_0412_18:19:01 18 2.715 3.485
2024_0412_18:19:08 18 0.035 -1.045
2024_0412_18:19:24 18 -0.455 -0.415
2024_0412_18:21:18 18 92.515 93.355
2024_0412_18:22:29 18 21.475 -4.77
2024_0412_18:22:50 18 31.685 0.53
2024_0412_18:23:04 18 -1.285 0.81
2024_0412_18:23:05 18 94.2 93.46
2024_0412_18:23:19 18 -0.735 -0.1
2024_0412_18:23:45 18 -0.065 0.07
2024_0412_18:25:02 18 -0.07 1.375
2024_0412_18:25:34 18 53.86 53.545
2024_0412_18:25:58 18 -0.005 -0.135
2024_0412_18:26:28 18 0.575 -0.89
2024_0412_18:26:55 18 -0.675 0.945
2024_0412_18:27:12 18 92.555 96.025
2024_0412_18:27:30 18 85.1 95.515
2024_0412_18:28:03 18 96.005 96.16
2024_0412_18:28:10 18 96.685 96.94
2024_0412_18:30:35 18 -7.89 8.225
2024_0412_18:31:14 18 94.31 94.27
2024_0412_18:31:31 18 9.93 -9.745
2024_0412_18:31:43 18 96.265 95.735
2024_0412_18:31:45 18 12.49 4.35
2024_0412_18:31:56 18 -0.175 0.615
2024_0412_18:33:56 18 -48.095 78.965
2024_0412_18:34:09 18 0.48 -0.035
2024_0412_18:35:00 18 13.87 14.545
2024_0412_18:35:51 18 -0.555 0.55
2024_0412_18:36:26 18 8.545 -9.395
2024_0412_18:36:31 18 -9.28 10.575
2024_0412_18:36:41 18 -11.65 56.815
2024_0412_18:37:46 18 47.78 0.545
2024_0412_18:39:08 18 95.01 93.41
2024_0412_18:40:15 19 9.74 4.21
2024_0412_18:40:27 19 95.95 95.04
2024_0412_18:40:51 19 0.04 0.2
2024_0412_18:40:55 19 96.79 47.345
2024_0412_18:40:58 19 -14.38 14.155
2024_0412_18:41:59 19 -0.05 0.245
2024_0412_18:42:20 19 45.81 45.965
2024_0412_18:42:38 19 95.765 90.88
2024_0412_18:42:58 19 94.995 45.63
2024_0412_18:44:16 19 -0.395 1.57
2024_0412_18:45:12 19 2.165 -0.635
2024_0412_18:45:20 19 -0.06 -0.155
2024_0412_18:45:35 19 92.09 95.24
2024_0412_18:47:40 19 0.19 1.195
2024_0412_18:47:53 19 0.075 0.565
2024_0412_18:48:44 19 1.15 1.455
2024_0412_18:49:02 19 0.415 -0.18
2024_0412_18:49:40 19 -1.44 -1.28
2024_0412_18:50:11 19 0.025 -0.42
2024_0412_18:50:58 19 -0.345 0.27
2024_0412_18:51:26 19 90.55 93.885
2024_0412_18:51:27 19 90.33 95.05
2024_0412_18:51:37 19 -9.145 9.37
2024_0412_18:52:40 19 -0.635 1.215
2024_0412_18:52:58 19 48.475 48.33
2024_0412_18:53:50 19 -1.25 -0.415
2024_0412_18:53:58 19 0.0 0.435
2024_0412_18:54:52 19 -0.77 -0.285
2024_0412_18:55:48 19 95.54 95.315
2024_0412_18:56:15 19 -2.97 71.545
2024_0412_18:57:12 19 13.445 -13.71
2024_0412_18:58:31 19 33.2 7.275
2024_0412_18:58:53 19 49.85 59.685
2024_0412_18:59:12 19 1.625 -0.5
2024_0412_18:59:28 19 3.415 2.585
2024_0412_18:59:49 19 -0.88 2.28
2024_0412_19:01:53 19 -0.67 -0.85
2024_0412_19:02:31 19 0.69 0.095
2024_0412_19:02:45 19 11.5 -11.505
2024_0412_19:02:50 19 9.71 7.32
2024_0412_19:03:20 19 96.915 96.335
2024_0412_19:03:26 19 0.905 0.775
2024_0412_19:03:59 19 2.15 -3.22
2024_0412_19:05:34 19 17.77 -16.93
2024_0412_19:06:12 19 16.71 -16.95
2024_0412_19:06:51 19 43.715 43.315
2024_0412_19:07:29 19 2.29 8.745
2024_0412_19:07:35 19 0.115 0.92
2024_0412_19:08:02 19 -0.145 -0.685
2024_0412_19:08:12 19 -10.065 23.88
2024_0412_19:08:27 19 94.29 94.005
2024_0412_19:09:18 19 0.435 -0.49
2024_0412_19:10:58 19 -0.49 40.815
2024_0412_19:11:37 19 71.335 11.47
2024_0412_19:11:40 19 -0.975 -0.73
2024_0412_19:11:54 19 94.215 92.785
2024_0412_19:12:03 19 90.53 92.425
2024_0412_19:12:28 19 0.52 0.365
2024_0412_19:14:43 19 91.28 93.245
2024_0412_19:14:50 19 95.935 95.9
2024_0412_19:14:54 19 18.695 -20.38
2024_0412_19:15:27 19 6.455 3.08
2024_0412_19:15:58 19 11.495 8.695
2024_0412_19:17:27 19 -9.72 12.29
2024_0412_19:17:29 19 44.48 43.43
2024_0412_19:17:48 19 96.11 95.19
2024_0412_19:18:49 19 -0.77 -0.365
2024_0412_19:19:27 19 -0.675 -1.06
2024_0412_19:20:20 19 0.02 -0.055
2024_0412_19:20:40 19 -2.53 5.065
2024_0412_19:21:00 19 94.37 95.18
2024_0412_19:21:09 19 -49.975 49.985
2024_0412_19:21:13 19 0.225 0.11
2024_0412_19:22:42 19 -0.99 0.58
2024_0412_19:23:21 19 -0.405 -0.19
2024_0412_19:23:30 19 49.54 -49.47
2024_0412_19:25:04 19 0.095 0.71
2024_0412_19:25:10 19 26.62 40.0
2024_0412_19:26:41 19 25.145 -24.705
2024_0412_19:26:44 19 10.575 -10.495
2024_0412_19:26:44 19 95.53 95.015
2024_0412_19:27:52 19 3.54 2.54
2024_0412_19:27:53 19 15.455 -15.38
2024_0412_19:28:57 19 0.655 -0.655
2024_0412_19:29:39 19 -0.46 -0.205
2024_0412_19:29:42 19 0.13 -0.22
2024_0412_19:29:43 19 94.845 94.59
2024_0412_19:29:46 19 11.46 9.895
2024_0412_19:29:54 19 47.7 -40.68
2024_0412_19:31:11 19 -0.03 -0.345
2024_0412_19:32:03 19 0.025 -0.8
2024_0412_19:32:55 19 97.37 96.92
2024_0412_19:33:29 20 0.21 0.09
2024_0412_19:35:14 20 95.62 84.765
2024_0412_19:35:16 20 95.235 95.595
2024_0412_19:35:29 20 18.045 6.155
2024_0412_19:36:34 20 0.355 0.04
2024_0412_19:37:16 20 42.69 41.82
2024_0412_19:37:25 20 12.43 44.665
2024_0412_19:38:21 20 -0.715 -1.01
2024_0412_19:38:25 20 21.2 47.2
2024_0412_19:38:31 20 71.56 70.7
2024_0412_19:38:44 20 49.995 -49.995
2024_0412_19:38:50 20 -0.87 1.065
2024_0412_19:40:20 20 100.0 100.0
2024_0412_19:41:33 20 -3.71 5.565
2024_0412_19:41:44 20 21.175 37.815
2024_0412_19:42:01 20 12.155 9.125
2024_0412_19:43:43 20 0.63 0.87
2024_0412_19:44:11 20 11.16 7.035
2024_0412_19:44:14 20 2.17 3.815
2024_0412_19:44:33 20 94.24 95.05
2024_0412_19:45:32 20 53.855 63.025
2024_0412_19:46:06 20 35.355 34.355
2024_0412_19:47:06 20 0.465 -0.21
2024_0412_19:47:08 20 95.985 97.1
2024_0412_19:47:14 20 94.66 94.87
2024_0412_19:47:26 20 0.26 0.345
2024_0412_19:48:09 20 -14.45 12.83
2024_0412_19:49:30 20 -0.44 0.645
2024_0412_19:50:13 20 81.87 -5.615
2024_0412_19:50:21 20 -0.21 -1.015
2024_0412_19:50:30 20 9.92 -10.775
2024_0412_19:52:57 20 95.0 94.805
2024_0412_19:53:24 20 -0.005 -0.005
2024_0412_19:53:35 20 17.055 -14.62
2024_0412_19:54:13 20 82.91 89.295
2024_0412_19:54:41 20 47.875 95.475
2024_0412_19:56:00 20 1.235 -1.49
2024_0412_19:56:08 20 -0.09 -1.935
2024_0412_19:56:13 20 0.6 -1.635
2024_0412_19:56:26 20 94.815 93.775
2024_0412_19:56:37 20 93.985 95.12
2024_0412_19:57:26 20 -13.395 11.89
2024_0412_19:58:29 20 96.48 96.42
2024_0412_19:58:50 20 50.245 -50.155
2024_0412_19:58:53 20 6.08 7.165
2024_0412_19:58:59 20 -2.57 6.04
2024_0412_19:59:22 20 49.985 99.99
2024_0412_20:01:11 20 -0.42 0.425
2024_0412_20:01:54 20 1.75 0.71
2024_0412_20:02:12 20 96.045 96.25
2024_0412_20:02:47 20 42.235 1.42
2024_0412_20:03:42 20 29.51 41.605
2024_0412_20:04:42 20 96.65 94.825
2024_0412_20:04:49 20 95.065 93.195
2024_0412_20:04:54 20 93.995 95.34
2024_0412_20:05:06 20 -9.32 63.3
2024_0412_20:05:17 20 12.17 12.595
2024_0412_20:06:06 20 9.57 10.06
2024_0412_20:07:35 20 -0.66 1.36
2024_0412_20:07:36 20 -0.79 0.205
2024_0412_20:07:51 20 95.375 93.39
2024_0412_20:08:04 20 -0.36 48.53
2024_0412_20:08:05 20 41.64 41.025
2024_0412_20:10:20 20 12.035 14.385
2024_0412_20:10:58 20 84.28 67.745
2024_0412_20:11:20 20 -18.38 19.565
2024_0412_20:12:14 20 48.15 31.785
2024_0412_20:13:23 20 20.67 13.32
2024_0412_20:13:24 20 13.01 -12.8
2024_0412_20:13:28 20 -99.97 99.965
2024_0412_20:13:34 20 -9.61 10.375
2024_0412_20:14:29 20 67.65 86.3
2024_0412_20:14:39 20 -0.78 -2.375
2024_0412_20:15:54 20 -0.205 0.12
2024_0412_20:16:05 20 93.47 95.475
2024_0412_20:16:40 20 0.67 -0.095
2024_0412_20:16:48 20 96.045 96.095
2024_0412_20:16:49 20 -1.84 98.32
2024_0412_20:19:40 20 1.04 -0.11
2024_0412_20:19:42 20 13.81 15.565
2024_0412_20:20:33 20 49.995 -99.99
2024_0412_20:20:41 20 39.915 -39.92
2024_0412_20:20:44 20 46.035 97.61
2024_0412_20:21:55 20 75.19 80.99
2024_0412_20:22:00 20 -0.39 0.95
2024_0412_20:22:07 20 0.475 -0.53
2024_0412_20:23:04 20 -0.73 -1.655
2024_0412_20:23:32 20 45.845 97.37
2024_0412_20:23:55 20 59.275 56.645
2024_0412_20:24:33 20 25.79 -24.03
2024_0412_20:25:02 20 0.89 0.38
2024_0412_20:25:26 20 8.99 -7.79
2024_0412_20:25:31 20 48.88 -1.99
2024_0412_20:25:37 20 8.815 46.73
2024_0412_20:28:19 20 -12.11 24.39
2024_0412_20:29:15 13 13.73 13.275
2024_0412_20:29:47 5 96.67 96.61
2024_0412_20:29:49 13 0.615 -0.25
2024_0412_20:31:07 13 94.56 95.52
2024_0412_20:31:07 13 0.305 -1.02
2024_0412_20:32:01 14 -1.41 49.62
2024_0412_20:32:31 14 92.375 95.17
2024_0412_20:32:52 14 -1.035 1.005
2024_0412_20:33:18 14 -0.395 0.105
2024_0412_20:33:36 15 -0.755 -0.215
2024_0412_20:33:40 13 0.455 0.41
2024_0412_20:33:43 14 -1.255 0.63
2024_0412_20:34:01 15 -0.31 0.27
2024_0412_20:34:50 15 96.08 96.625
2024_0412_20:34:53 15 -0.025 0.18
2024_0412_20:37:21 15 96.94 96.11
2024_0412_20:38:19 15 60.305 66.855
2024_0412_20:38:59 15 -0.005 0.325
2024_0412_20:39:14 15 57.83 61.315
2024_0412_20:39:38 16 -1.61 0.665
2024_0412_20:40:32 16 11.985 -10.825
2024_0412_20:41:07 16 -0.93 -1.875
2024_0412_20:41:18 15 83.975 41.77
2024_0412_20:42:06 16 -0.275 -0.815
2024_0412_20:42:10 16 -38.07 37.66
2024_0412_20:42:17 16 0.505 4.24
2024_0412_20:42:18 16 0.645 0.86
2024_0412_20:42:51 16 93.985 94.68
2024_0412_20:43:25 16 0.025 -0.97
2024_0412_20:44:10 17 96.43 96.415
2024_0412_20:44:11 17 1.125 0.35
2024_0412_20:45:50 17 10.475 -9.235
2024_0412_20:47:47 17 0.275 1.265
2024_0412_20:47:47 17 33.605 26.665
2024_0412_20:47:49 17 -0.035 1.87
2024_0412_20:48:08 17 94.255 93.315
2024_0412_20:48:56 17 12.585 12.32
2024_0412_20:49:55 17 66.6 66.675
2024_0412_20:50:12 17 70.46 71.125
2024_0412_20:50:41 17 69.245 45.005
2024_0412_20:50:51 17 11.56 10.83
2024_0412_20:50:51 17 74.98 -75.29
2024_0412_20:51:48 17 64.75 85.05
2024_0412_20:52:36 18 99.99 -49.99
2024_0412_20:52:51 18 92.88 95.36
2024_0412_20:53:14 18 -0.555 0.585
2024_0412_20:54:01 18 7.22 6.405
2024_0412_20:54:19 18 -1.48 0.205
2024_0412_20:56:19 18 -1.725 -1.36
2024_0412_20:56:56 19 -20.98 19.385
2024_0412_20:57:08 18 0.695 0.68
2024_0412_20:58:15 18 11.335 -11.74
2024_0412_20:58:28 19 -24.525 24.89
2024_0412_20:58:43 19 -0.26 -0.66
2024_0412_20:59:29 19 92.515 91.03
2024_0412_20:59:35 19 95.795 96.275
2024_0412_21:00:14 19 0.35 -0.605
2024_0412_21:00:26 19 15.425 -14.995
2024_0412_21:01:25 19 -10.205 9.49
2024_0412_21:02:38 20 50.605 50.365
2024_0412_21:03:32 20 -30.815 30.56
2024_0412_21:04:07 19 96.34 96.21
2024_0412_21:04:41 20 1.005 -0.46
2024_0412_21:04:56 20 -0.945 0.1
2024_0412_21:05:19 20 95.495 94.94
2024_0412_21:05:40 20 0.73 0.62
2024_0412_21:06:09 20 14.11 13.75
2024_0412_21:06:49 18 0.805 -0.96
2024_0412_21:10:25 19 13.015 12.0
2024_0412_21:11:44 20 49.55 -4.675
2024_0412_21:13:19 19 44.95 48.97
