0.20683000000013646 0.11868500000004831 0.027855000000003193 0.006694999999999811 0.02275500000000163 0.021925000000001377 0.020545000000000955 0.020290000000000877 0.020255000000000866 0.007929999999999762 0.0439749999999993 0.03667500000000213 0.061654999999992445 0.05844999999999369 0.06654999999999617 0.050869999999996626 0.06415999999999378 0.06262999999999225 0.04189000000000011 0.03938000000000108 
2024_0411_20:31:32 11 0.586 0.024
2024_0411_20:31:32 6 97.914 97.904
2024_0411_20:32:09 10 97.216 96.534
2024_0411_20:32:11 5 97.862 98.03
2024_0411_20:32:14 11 97.006 97.508
2024_0411_20:32:20 3 97.584 97.274
2024_0411_20:32:26 4 97.79 97.238
2024_0411_20:32:52 7 97.374 97.212
2024_0411_20:32:53 1 97.806 98.01
2024_0411_20:32:55 2 97.492 97.446
2024_0411_20:32:57 2 97.304 96.986
2024_0411_20:32:57 9 98.34 98.084
2024_0411_20:33:00 8 97.444 97.204
2024_0411_20:33:00 1 98.066 97.974
2024_0411_20:33:02 1 98.108 97.928
2024_0411_20:35:28 6 98.072 97.95
2024_0411_20:39:48 13 80.03 65.016
2024_0411_20:40:31 12 69.91 -1.448
2024_0411_20:40:33 14 97.15 95.78
2024_0411_20:40:34 15 0.386 -0.466
2024_0411_20:40:47 16 0.758 -0.206
2024_0411_20:40:49 15 0.14 0.436
2024_0411_20:40:58 13 -48.4 49.088
2024_0411_20:41:50 20 -0.284 -0.306
2024_0411_20:42:05 20 0.394 -0.46
2024_0411_20:42:15 18 28.31 -25.494
2024_0411_20:42:27 18 -9.578 10.15
2024_0411_20:42:29 17 -0.136 0.41
2024_0411_20:42:40 17 -0.336 -0.2
2024_0411_20:44:13 19 20.528 13.976
2024_0411_20:52:39 8 97.18 97.204
2024_0411_20:52:43 4 97.636 97.326
2024_0411_20:53:09 9 97.874 97.96
2024_0411_20:53:12 7 97.472 97.664
2024_0411_20:53:21 5 98.072 98.028
2024_0411_20:53:22 11 97.596 97.284
2024_0411_20:53:25 11 0.016 -0.422
2024_0411_20:53:30 2 95.206 97.62
2024_0411_20:53:32 6 98.04 98.064
2024_0411_20:53:45 11 49.996 -49.996
2024_0411_20:53:48 10 97.566 97.218
2024_0411_20:53:49 3 97.758 97.5
2024_0411_20:53:50 12 -16.636 16.598
2024_0411_20:53:56 11 0.352 0.31
2024_0411_20:53:57 11 0.036 0.338
2024_0411_20:55:39 1 98.274 98.048
2024_0411_21:01:17 13 97.364 97.676
2024_0411_21:01:48 15 9.404 39.01
2024_0411_21:01:56 16 -1.338 98.17
2024_0411_21:02:00 13 10.904 -11.126
2024_0411_21:02:08 13 20.414 70.728
2024_0411_21:02:14 18 97.76 97.694
2024_0411_21:02:16 13 40.836 -1.1
2024_0411_21:02:26 14 97.428 98.346
2024_0411_21:02:35 13 97.236 97.926
2024_0411_21:02:35 19 -0.676 0.338
2024_0411_21:02:36 17 -0.762 0.0
2024_0411_21:02:37 19 47.64 -11.618
2024_0411_21:03:20 20 98.5 97.988
2024_0411_21:03:32 20 49.988 -49.98
2024_0411_21:04:46 13 -45.024 48.914
2024_0411_21:13:39 1 97.968 98.016
2024_0411_21:13:44 7 97.516 97.382
2024_0411_21:13:45 5 98.012 97.8
2024_0411_21:13:49 6 98.026 98.128
2024_0411_21:13:53 3 97.288 96.786
2024_0411_21:13:53 12 0.158 0.79
2024_0411_21:13:54 4 97.264 97.258
2024_0411_21:13:57 12 97.54 97.17
2024_0411_21:13:59 12 97.656 96.932
2024_0411_21:14:13 2 97.692 97.494
2024_0411_21:14:21 9 98.26 98.268
2024_0411_21:14:21 10 96.038 96.434
2024_0411_21:14:22 11 -0.132 -0.36
2024_0411_21:14:24 11 73.124 32.278
2024_0411_21:14:24 11 98.112 98.496
2024_0411_21:15:40 8 97.854 97.45
2024_0411_21:22:09 13 97.812 97.916
2024_0411_21:22:11 15 97.288 96.612
2024_0411_21:22:25 15 96.75 97.844
2024_0411_21:22:32 16 46.108 26.81
2024_0411_21:22:44 13 50.562 -49.77
2024_0411_21:22:45 14 -0.686 0.264
2024_0411_21:23:03 16 66.918 87.712
2024_0411_21:23:11 13 -0.388 0.41
2024_0411_21:23:20 15 -46.158 46.902
2024_0411_21:23:22 18 -0.622 1.18
2024_0411_21:23:33 18 -11.73 12.54
2024_0411_21:24:00 18 -72.412 72.238
2024_0411_21:24:00 17 48.766 98.718
2024_0411_21:24:02 16 -11.804 58.26
2024_0411_21:25:08 13 97.59 97.656
2024_0411_21:25:11 18 -0.904 -0.008
2024_0411_21:30:30 18 0.94 -0.718
2024_0411_21:30:35 19 48.648 -10.62
2024_0411_21:30:42 18 -8.51 42.82
2024_0411_21:30:45 19 37.534 31.306
2024_0411_21:30:53 20 -0.714 0.37
2024_0411_21:31:02 20 12.108 -10.048
2024_0411_21:31:05 20 -1.232 1.686
2024_0411_21:31:11 20 0.432 -0.102
2024_0411_21:40:00 11 -0.532 0.224
2024_0411_21:40:06 2 97.324 97.484
2024_0411_21:40:07 11 0.538 0.52
2024_0411_21:40:08 8 97.306 97.442
2024_0411_21:40:13 1 97.96 97.916
2024_0411_21:40:13 5 97.97 98.074
2024_0411_21:40:19 3 97.304 97.188
2024_0411_21:40:19 11 0.262 -0.04
2024_0411_21:40:47 9 98.08 98.294
2024_0411_21:40:50 10 97.568 96.846
2024_0411_21:40:52 7 97.588 97.514
2024_0411_21:40:53 11 -0.496 0.082
2024_0411_21:40:58 11 97.478 97.616
2024_0411_21:41:01 11 97.672 97.42
2024_0411_21:43:20 6 97.93 98.118
2024_0411_21:44:42 11 -0.514 -0.158
2024_0411_21:48:14 12 97.622 93.816
2024_0411_21:48:39 12 77.288 77.156
2024_0411_21:49:03 12 -10.786 57.014
2024_0411_21:49:05 12 96.868 97.15
2024_0411_21:49:07 12 97.298 95.512
2024_0411_21:49:08 12 -0.196 0.788
2024_0411_21:49:29 11 -99.998 100.0
2024_0411_21:49:31 12 0.068 -0.126
2024_0411_21:49:47 13 40.204 7.826
2024_0411_21:49:48 12 98.042 98.064
2024_0411_21:49:59 13 -1.324 -0.862
2024_0411_21:50:17 13 95.302 97.7
2024_0411_21:50:32 13 96.762 96.938
2024_0411_21:50:49 13 -0.23 0.272
2024_0411_21:53:32 13 -0.684 0.044
2024_0411_21:55:29 13 34.474 34.778
2024_0411_21:56:57 13 -0.206 -0.672
2024_0411_21:57:01 13 97.036 96.78
2024_0411_21:57:19 13 73.092 71.502
2024_0411_21:57:21 13 97.75 98.086
2024_0411_21:57:49 13 -49.998 -99.996
2024_0411_21:58:17 14 0.32 -0.178
2024_0411_21:58:24 14 0.142 -0.162
2024_0411_21:58:54 14 97.88 97.296
2024_0411_21:59:11 14 0.246 0.584
2024_0411_21:59:21 14 97.924 97.152
2024_0411_21:59:23 14 -0.056 0.586
2024_0411_21:59:23 14 -12.164 13.102
2024_0411_21:59:26 14 48.008 97.396
2024_0411_21:59:55 14 96.804 92.878
2024_0411_22:01:46 14 2.792 -0.74
2024_0411_22:04:56 14 98.03 97.906
2024_0411_22:05:43 14 97.728 96.952
2024_0411_22:05:47 14 -0.574 0.474
2024_0411_22:05:56 14 -0.72 -0.388
2024_0411_22:06:00 15 1.552 -0.738
2024_0411_22:07:30 15 47.722 26.062
2024_0411_22:08:06 15 1.426 0.892
2024_0411_22:08:21 15 0.546 0.036
2024_0411_22:08:25 15 -0.73 0.004
2024_0411_22:08:28 15 98.1 97.98
2024_0411_22:08:46 15 0.234 0.844
2024_0411_22:08:47 15 97.736 97.398
2024_0411_22:09:22 15 0.048 -0.006
2024_0411_22:09:54 15 96.75 96.802
2024_0411_22:10:29 15 0.272 0.392
2024_0411_22:13:01 15 -0.306 -0.682
2024_0411_22:14:11 16 8.412 -8.9
2024_0411_22:14:14 16 36.646 76.638
2024_0411_22:14:15 16 16.626 -17.226
2024_0411_22:14:30 16 -0.52 3.71
2024_0411_22:14:37 16 97.642 97.478
2024_0411_22:16:29 16 14.748 14.978
2024_0411_22:17:22 17 -0.264 0.548
2024_0411_22:17:26 17 0.312 0.812
2024_0411_22:17:30 17 -8.652 9.188
2024_0411_22:17:35 17 -80.21 79.75
2024_0411_22:17:38 17 87.304 65.636
2024_0411_22:18:22 17 32.902 38.19
2024_0411_22:18:46 17 13.084 12.854
2024_0411_22:18:48 17 -49.996 -49.996
2024_0411_22:21:09 17 -0.212 -0.222
2024_0411_22:23:02 18 100.0 -49.998
2024_0411_22:23:04 18 99.976 -99.982
2024_0411_22:23:25 18 47.726 -0.586
2024_0411_22:23:48 18 40.292 -39.212
2024_0411_22:23:55 18 97.6 -50.608
2024_0411_22:25:50 18 -14.886 84.104
2024_0411_22:26:09 18 97.264 97.77
2024_0411_22:26:11 18 97.59 97.656
2024_0411_22:26:18 19 0.314 0.542
2024_0411_22:26:26 19 39.202 -3.63
2024_0411_22:26:35 19 18.208 47.008
2024_0411_22:27:05 20 -0.342 0.656
2024_0411_22:27:15 20 -7.326 87.764
2024_0411_22:27:19 20 -0.678 -0.56
2024_0411_22:29:59 20 -0.29 -0.68
2024_0411_22:31:15 20 -12.862 12.352
2024_0411_22:31:45 4 97.048 96.324
2024_0411_22:31:50 15 0.784 0.108
2024_0411_22:31:54 20 3.22 2.382
2024_0411_22:32:13 17 19.416 -1.222
2024_0411_22:32:35 18 0.204 -0.912
2024_0411_22:33:46 20 28.904 4.966
2024_0411_22:42:15 3 97.118 97.58
2024_0411_22:42:17 2 97.594 97.606
2024_0411_22:42:42 11 0.244 0.676
2024_0411_22:42:52 11 -0.168 0.056
2024_0411_22:42:53 1 97.944 98.072
2024_0411_22:43:02 7 97.48 97.418
2024_0411_22:43:02 5 98.02 98.162
2024_0411_22:43:10 6 97.866 98.08
2024_0411_22:43:11 9 98.15 98.228
2024_0411_22:43:20 11 -0.028 -0.368
2024_0411_22:43:24 10 95.434 97.686
2024_0411_22:43:27 11 0.072 0.464
2024_0411_22:43:28 8 97.438 96.736
2024_0411_22:43:33 11 97.334 47.704
2024_0411_22:43:33 4 97.09 97.556
2024_0411_22:45:27 11 97.294 97.592
2024_0411_22:51:10 11 -0.178 -0.092
2024_0411_22:51:13 12 97.58 97.202
2024_0411_22:51:18 11 0.956 -0.268
2024_0411_22:51:18 12 96.846 97.752
2024_0411_22:51:35 12 96.99 97.344
2024_0411_22:51:38 12 97.856 98.07
2024_0411_22:51:56 12 -0.05 -0.122
2024_0411_22:51:57 12 1.132 0.17
2024_0411_22:52:16 12 76.748 76.834
2024_0411_22:52:19 13 -0.176 0.326
2024_0411_22:52:25 13 97.584 97.446
2024_0411_22:52:50 12 98.782 47.208
2024_0411_22:53:10 13 88.836 -63.594
2024_0411_22:53:11 13 98.136 98.298
2024_0411_22:53:14 13 0.18 0.42
2024_0411_22:57:01 13 0.222 -0.528
2024_0411_22:59:30 13 0.218 0.826
2024_0411_22:59:32 13 -0.076 0.084
2024_0411_22:59:55 13 0.176 -0.478
2024_0411_23:00:16 13 0.204 0.774
2024_0411_23:00:32 13 0.186 -0.186
2024_0411_23:00:36 13 15.218 15.31
2024_0411_23:01:08 13 2.036 24.84
2024_0411_23:01:34 14 98.374 97.362
2024_0411_23:01:49 14 -0.426 0.11
2024_0411_23:01:51 14 96.798 96.918
2024_0411_23:02:02 14 -49.996 -99.996
2024_0411_23:02:02 14 96.776 97.396
2024_0411_23:02:09 14 0.166 0.114
2024_0411_23:02:16 14 77.47 77.768
2024_0411_23:02:59 14 -3.02 67.02
2024_0411_23:07:56 14 -0.348 -0.1
2024_0411_23:08:17 14 97.59 97.626
2024_0411_23:08:28 15 0.056 -0.344
2024_0411_23:08:30 14 99.988 99.988
2024_0411_23:08:36 14 97.262 97.196
2024_0411_23:08:53 15 0.088 -0.078
2024_0411_23:09:24 15 97.676 97.058
2024_0411_23:10:04 15 -77.95 77.902
2024_0411_23:10:44 15 -1.448 1.116
2024_0411_23:11:11 15 97.198 89.856
2024_0411_23:11:13 15 97.48 97.274
2024_0411_23:11:15 15 -35.842 46.568
2024_0411_23:11:24 15 -0.384 1.406
2024_0411_23:11:41 15 0.61 -0.114
2024_0411_23:11:50 15 -1.62 1.096
2024_0411_23:12:04 15 0.732 0.192
2024_0411_23:16:40 16 0.252 0.626
2024_0411_23:17:07 16 -9.396 8.708
2024_0411_23:17:09 16 1.836 3.326
2024_0411_23:17:32 16 -0.544 -0.362
2024_0411_23:17:55 16 10.704 10.922
2024_0411_23:18:28 16 0.042 0.906
2024_0411_23:18:58 16 0.844 -0.314
2024_0411_23:19:21 16 1.012 0.016
2024_0411_23:20:13 17 98.36 98.042
2024_0411_23:20:18 16 49.998 -99.996
2024_0411_23:20:29 17 97.252 96.874
2024_0411_23:20:43 17 -0.88 1.25
2024_0411_23:21:13 17 9.784 -9.952
2024_0411_23:21:53 17 0.65 -0.472
2024_0411_23:22:02 17 21.134 73.15
2024_0411_23:25:09 17 97.926 98.056
2024_0411_23:25:29 17 -0.274 -0.248
2024_0411_23:25:44 18 0.026 0.858
2024_0411_23:26:05 18 97.754 47.9
2024_0411_23:26:20 18 -11.864 12.064
2024_0411_23:26:42 18 96.786 97.92
2024_0411_23:27:47 18 -0.004 50.0
2024_0411_23:28:26 18 -0.352 0.388
2024_0411_23:28:55 18 97.5 97.26
2024_0411_23:29:09 18 0.43 -0.552
2024_0411_23:29:12 18 -5.604 6.124
2024_0411_23:29:19 19 -0.234 0.414
2024_0411_23:29:37 19 7.466 79.434
2024_0411_23:30:16 19 13.872 6.816
2024_0411_23:31:07 20 -13.192 72.04
2024_0411_23:32:44 20 96.686 97.226
2024_0411_23:33:57 20 -0.282 49.866
2024_0411_23:34:06 20 97.504 97.306
2024_0411_23:34:32 18 -0.456 -0.046
2024_0411_23:34:34 20 99.996 49.996
2024_0411_23:35:30 17 -0.01 0.09
2024_0411_23:38:32 20 34.008 36.41
2024_0411_23:46:48 8 97.006 97.282
2024_0411_23:47:27 1 97.966 98.078
2024_0411_23:47:28 11 -0.202 0.166
2024_0411_23:47:31 11 11.474 46.626
2024_0411_23:47:31 11 97.79 97.01
2024_0411_23:47:35 11 97.744 97.89
2024_0411_23:47:36 6 98.148 97.906
2024_0411_23:47:37 9 98.288 98.186
2024_0411_23:47:41 7 96.586 97.376
2024_0411_23:47:42 2 97.566 97.74
2024_0411_23:48:11 10 97.726 97.268
2024_0411_23:48:15 3 97.542 97.254
2024_0411_23:48:15 4 97.154 97.45
2024_0411_23:48:16 5 97.826 97.952
2024_0411_23:48:18 11 -0.306 0.442
2024_0411_23:50:45 11 97.402 97.344
2024_0411_23:55:05 11 0.634 -0.202
2024_0411_23:55:33 11 0.496 -0.364
2024_0411_23:55:46 11 -0.148 -0.798
2024_0411_23:56:21 11 0.25 0.312
2024_0411_23:56:33 11 97.952 98.188
2024_0411_23:56:36 11 0.796 -0.01
2024_0411_23:56:40 11 97.494 97.03
2024_0411_23:56:42 11 -99.996 49.998
2024_0411_23:57:07 12 0.044 -0.716
2024_0411_23:57:09 11 0.238 0.422
2024_0411_23:57:11 11 99.994 -99.994
2024_0411_23:57:13 12 -0.394 0.31
2024_0411_23:57:35 12 97.642 97.644
2024_0411_23:57:53 12 97.61 97.72
2024_0411_23:57:56 11 98.08 98.064
2024_0412_00:02:17 12 97.574 97.946
2024_0412_00:04:09 12 0.308 0.3
2024_0412_00:04:13 12 0.578 -0.826
2024_0412_00:04:25 12 97.54 96.972
2024_0412_00:04:50 12 16.794 18.194
2024_0412_00:04:58 12 -0.076 -0.816
2024_0412_00:05:24 12 0.26 0.056
2024_0412_00:05:59 12 97.836 98.176
2024_0412_00:05:59 13 97.36 97.158
2024_0412_00:06:05 12 97.896 96.716
2024_0412_00:06:06 12 97.148 97.574
2024_0412_00:06:16 13 97.59 97.17
2024_0412_00:06:34 12 97.69 97.668
2024_0412_00:06:57 13 97.15 96.502
2024_0412_00:07:24 13 83.894 96.954
2024_0412_00:07:24 13 97.276 97.614
2024_0412_00:12:29 13 97.142 97.628
2024_0412_00:12:32 13 -0.15 -0.484
2024_0412_00:12:54 13 97.792 97.878
2024_0412_00:13:13 13 97.344 48.522
2024_0412_00:13:40 13 98.08 97.848
2024_0412_00:13:52 13 1.672 2.026
2024_0412_00:14:07 13 0.022 0.214
2024_0412_00:15:15 13 0.334 -0.366
2024_0412_00:15:23 13 -0.308 -0.734
2024_0412_00:15:39 13 99.988 -99.992
2024_0412_00:15:43 13 -0.418 0.41
2024_0412_00:15:59 13 97.764 97.086
2024_0412_00:16:05 13 97.444 97.096
2024_0412_00:16:31 13 0.594 0.484
2024_0412_00:16:58 13 0.192 -0.388
2024_0412_00:18:26 13 97.392 96.708
2024_0412_00:20:30 13 97.406 97.444
2024_0412_00:21:16 13 -0.054 -0.222
2024_0412_00:21:32 13 0.692 0.794
2024_0412_00:21:42 13 0.576 -0.026
2024_0412_00:21:48 14 29.588 29.998
2024_0412_00:21:53 14 0.32 -1.026
2024_0412_00:22:55 14 19.36 -19.746
2024_0412_00:24:21 14 97.058 97.482
2024_0412_00:24:31 14 97.1 95.384
2024_0412_00:24:48 14 77.838 78.094
2024_0412_00:24:54 14 10.624 8.712
2024_0412_00:25:18 14 97.752 97.744
2024_0412_00:26:11 14 96.946 95.032
2024_0412_00:26:27 14 -6.552 42.992
2024_0412_00:27:54 14 49.996 49.998
2024_0412_00:28:36 14 72.13 20.832
2024_0412_00:28:40 14 97.958 98.068
2024_0412_00:29:47 14 97.424 97.506
2024_0412_00:30:03 14 -20.516 18.874
2024_0412_00:30:44 14 13.466 17.462
2024_0412_00:30:55 14 15.972 15.972
2024_0412_00:31:00 14 98.026 97.39
2024_0412_00:31:17 14 98.016 47.912
2024_0412_00:33:14 14 70.306 71.326
2024_0412_00:33:28 14 0.666 -0.21
2024_0412_00:33:35 14 0.284 0.334
2024_0412_00:33:50 14 -49.996 -99.988
2024_0412_00:34:17 14 98.006 97.996
2024_0412_00:34:57 14 91.41 9.408
2024_0412_00:36:39 14 0.334 -0.388
2024_0412_00:36:46 15 80.674 81.45
2024_0412_00:37:35 15 95.39 95.672
2024_0412_00:37:52 14 13.922 15.214
2024_0412_00:38:33 15 14.186 13.778
2024_0412_00:38:50 15 26.96 -26.954
2024_0412_00:39:05 15 -95.166 99.504
2024_0412_00:39:14 15 97.82 97.94
2024_0412_00:40:01 15 -1.502 -0.04
2024_0412_00:40:21 15 92.324 96.29
2024_0412_00:42:14 15 0.352 0.09
2024_0412_00:42:15 15 0.058 0.11
2024_0412_00:43:03 15 47.108 -1.198
2024_0412_00:43:05 15 -1.224 -0.602
2024_0412_00:43:22 15 -9.828 9.316
2024_0412_00:44:20 15 0.308 -0.198
2024_0412_00:44:51 15 77.85 77.97
2024_0412_00:46:07 15 -0.158 -0.184
2024_0412_00:46:53 15 0.658 0.024
2024_0412_00:47:10 15 68.704 71.368
2024_0412_00:47:26 15 0.044 -0.778
2024_0412_00:47:44 15 97.636 97.438
2024_0412_00:48:08 15 -0.162 0.32
2024_0412_00:48:24 15 98.244 98.312
2024_0412_00:48:56 15 19.828 71.888
2024_0412_00:49:09 16 -0.144 0.808
2024_0412_00:51:02 16 -11.332 10.97
2024_0412_00:51:40 16 -0.338 0.472
2024_0412_00:51:59 16 -1.048 0.688
2024_0412_00:52:13 16 94.796 21.964
2024_0412_00:53:06 16 97.834 97.974
2024_0412_00:53:34 16 98.216 98.25
2024_0412_00:53:45 16 67.758 36.028
2024_0412_00:54:53 16 -1.38 0.064
2024_0412_00:55:30 16 61.118 46.706
2024_0412_00:55:34 16 31.5 44.994
2024_0412_00:56:14 16 97.184 97.128
2024_0412_00:56:31 16 -0.052 0.552
2024_0412_00:56:36 16 -0.106 -0.072
2024_0412_00:57:41 16 -7.978 7.99
2024_0412_00:58:33 17 0.618 -1.122
2024_0412_00:59:54 17 46.014 84.916
2024_0412_01:00:33 17 77.142 76.77
2024_0412_01:01:03 17 -0.096 0.534
2024_0412_01:01:05 17 -28.632 53.72
2024_0412_01:01:46 17 46.378 15.776
2024_0412_01:01:50 17 97.992 98.22
2024_0412_01:01:54 17 73.568 96.77
2024_0412_01:02:30 17 1.214 -1.346
2024_0412_01:03:47 17 11.87 13.26
2024_0412_01:04:21 17 98.368 -0.396
2024_0412_01:05:33 17 11.524 11.746
2024_0412_01:06:11 17 -0.34 1.014
2024_0412_01:06:29 17 9.094 2.196
2024_0412_01:06:48 17 12.91 -11.742
2024_0412_01:07:03 17 16.45 -11.044
2024_0412_01:09:33 18 97.418 97.436
2024_0412_01:09:36 17 9.946 -9.61
2024_0412_01:09:55 18 0.426 0.71
2024_0412_01:09:56 18 97.242 97.222
2024_0412_01:10:01 18 -0.036 0.192
2024_0412_01:10:35 18 0.406 0.17
2024_0412_01:10:36 18 -0.588 0.478
2024_0412_01:11:58 17 -0.086 0.16
2024_0412_01:11:59 18 -19.314 19.608
2024_0412_01:12:00 18 -0.098 0.106
2024_0412_01:13:51 18 12.316 -11.494
2024_0412_01:14:34 18 96.548 96.74
2024_0412_01:15:17 18 0.124 -0.096
2024_0412_01:16:01 18 97.054 97.192
2024_0412_01:16:04 18 -0.69 -0.162
2024_0412_01:17:32 18 97.122 97.05
2024_0412_01:17:40 18 -49.702 49.724
2024_0412_01:18:23 18 -0.414 -0.51
2024_0412_01:18:23 18 27.624 -27.3
2024_0412_01:19:04 18 -9.348 10.034
2024_0412_01:19:19 18 98.236 98.194
2024_0412_01:19:41 19 98.324 -33.906
2024_0412_01:20:09 18 49.998 -49.996
2024_0412_01:20:54 19 -27.402 49.4
2024_0412_01:21:02 19 96.912 97.736
2024_0412_01:22:09 19 19.472 -19.868
2024_0412_01:22:58 19 97.186 97.124
2024_0412_01:23:07 19 47.308 46.498
2024_0412_01:23:45 19 51.08 51.392
2024_0412_01:24:36 20 82.574 60.202
2024_0412_01:25:00 20 3.172 0.8
2024_0412_01:26:10 20 73.194 -2.896
2024_0412_01:26:17 20 7.692 -7.884
2024_0412_01:27:07 20 0.34 -0.48
2024_0412_01:27:16 20 97.538 95.406
2024_0412_01:28:01 20 -14.702 15.024
2024_0412_01:28:15 20 77.976 76.736
2024_0412_01:28:32 20 3.698 0.814
2024_0412_01:29:19 20 0.776 45.102
2024_0412_01:29:47 20 -1.914 0.368
2024_0412_01:31:28 20 0.144 0.108
2024_0412_01:31:29 20 66.928 88.562
2024_0412_01:31:44 20 99.996 49.998
2024_0412_01:32:29 14 -5.286 53.846
2024_0412_01:32:36 16 -0.726 0.354
2024_0412_01:32:36 15 97.718 97.704
2024_0412_01:33:59 17 97.652 95.722
2024_0412_01:34:11 17 13.66 -13.568
2024_0412_01:35:05 17 -0.748 0.51
2024_0412_01:35:38 17 97.058 97.83
2024_0412_01:35:39 17 74.076 73.396
2024_0412_01:36:12 18 29.156 27.864
2024_0412_01:44:38 5 97.938 97.996
2024_0412_01:44:45 3 97.294 97.648
2024_0412_01:45:10 8 96.53 95.72
2024_0412_01:45:11 11 98.014 97.928
2024_0412_01:45:11 11 -0.076 -0.164
2024_0412_01:45:12 1 98.05 98.1
2024_0412_01:45:13 7 97.096 97.944
2024_0412_01:45:15 4 97.562 97.564
2024_0412_01:45:20 2 96.978 97.396
2024_0412_01:45:49 9 98.106 98.31
2024_0412_01:45:53 6 97.994 97.884
2024_0412_01:45:55 11 -99.992 -49.99
2024_0412_01:45:57 11 98.142 -23.642
2024_0412_01:46:04 11 97.31 97.57
2024_0412_01:46:10 11 0.102 0.322
2024_0412_01:47:12 10 96.614 97.494
2024_0412_01:53:37 11 0.112 0.3
2024_0412_01:53:46 11 97.102 97.692
2024_0412_01:54:09 11 96.62 95.618
2024_0412_01:54:13 11 0.262 -0.292
2024_0412_01:54:14 11 -0.654 -0.088
2024_0412_01:54:26 11 -0.05 -0.494
2024_0412_01:54:44 11 -1.058 -0.166
2024_0412_01:54:45 11 0.318 0.154
2024_0412_01:54:56 11 0.094 0.286
2024_0412_01:55:24 11 97.332 97.878
2024_0412_01:55:30 12 97.156 97.304
2024_0412_01:55:33 12 -22.228 22.242
2024_0412_01:55:33 11 97.378 97.33
2024_0412_01:55:49 12 0.126 0.02
2024_0412_01:56:58 12 -0.302 -0.716
2024_0412_01:57:36 12 97.4 96.84
2024_0412_02:02:29 12 1.222 -0.14
2024_0412_02:02:44 12 0.418 -0.616
2024_0412_02:02:45 12 47.824 47.418
2024_0412_02:03:11 12 98.078 97.496
2024_0412_02:03:13 12 45.336 46.864
2024_0412_02:03:25 12 97.106 97.39
2024_0412_02:03:39 12 0.406 0.294
2024_0412_02:03:40 12 -0.234 0.322
2024_0412_02:03:47 12 96.826 97.586
2024_0412_02:04:21 12 0.744 0.098
2024_0412_02:05:09 13 -0.2 -0.252
2024_0412_02:05:25 13 31.176 -9.654
2024_0412_02:05:25 13 1.81 0.996
2024_0412_02:06:40 13 0.444 0.06
2024_0412_02:06:59 13 95.314 97.032
2024_0412_02:07:39 13 78.01 78.004
2024_0412_02:10:48 13 0.06 -0.658
2024_0412_02:11:14 13 -0.696 -0.438
2024_0412_02:11:20 13 -1.374 -0.37
2024_0412_02:11:31 13 99.996 49.998
2024_0412_02:11:38 13 -99.992 -99.992
2024_0412_02:11:39 13 -0.692 -0.416
2024_0412_02:12:35 13 -0.634 -0.808
2024_0412_02:12:59 13 47.188 47.29
2024_0412_02:13:10 13 10.134 -9.772
2024_0412_02:14:10 13 97.188 97.038
2024_0412_02:14:40 13 -0.574 0.136
2024_0412_02:15:04 13 97.146 97.964
2024_0412_02:15:09 13 96.788 97.318
2024_0412_02:15:55 13 97.852 98.228
2024_0412_02:16:24 13 -0.386 0.162
2024_0412_02:18:54 13 96.82 97.444
2024_0412_02:19:14 13 -0.102 -0.018
2024_0412_02:19:34 14 0.098 -0.406
2024_0412_02:19:46 13 0.144 0.216
2024_0412_02:19:51 14 31.548 33.196
2024_0412_02:20:06 13 96.046 97.374
2024_0412_02:20:26 14 25.664 25.796
2024_0412_02:21:45 14 97.78 97.26
2024_0412_02:21:58 14 -0.082 -0.358
2024_0412_02:22:02 14 97.094 95.344
2024_0412_02:22:56 14 0.346 -0.306
2024_0412_02:24:11 14 96.97 98.054
2024_0412_02:24:36 14 49.996 -49.998
2024_0412_02:25:17 14 -19.724 20.108
2024_0412_02:25:33 14 46.428 45.434
2024_0412_02:26:40 14 0.216 0.64
2024_0412_02:27:39 14 -0.216 0.434
2024_0412_02:27:55 14 43.134 -43.962
2024_0412_02:28:06 14 97.604 97.414
2024_0412_02:28:08 14 -0.88 -0.446
2024_0412_02:28:14 14 0.59 -0.114
2024_0412_02:28:23 14 97.568 97.388
2024_0412_02:29:22 14 97.988 97.914
2024_0412_02:30:39 14 0.13 0.532
2024_0412_02:31:07 14 -22.07 21.298
2024_0412_02:31:27 14 49.958 -49.948
2024_0412_02:31:43 14 96.956 97.42
2024_0412_02:33:02 14 -1.394 -0.982
2024_0412_02:33:29 15 -0.39 3.736
2024_0412_02:34:18 15 97.382 97.374
2024_0412_02:35:51 15 0.062 0.072
2024_0412_02:36:21 15 94.882 97.46
2024_0412_02:36:37 15 30.74 31.666
2024_0412_02:36:39 15 78.2 78.066
2024_0412_02:37:37 15 77.606 76.736
2024_0412_02:37:43 15 2.058 -0.416
2024_0412_02:38:34 15 0.296 0.616
2024_0412_02:39:44 15 -0.194 0.354
2024_0412_02:40:03 15 48.742 -25.194
2024_0412_02:40:19 15 95.704 96.82
2024_0412_02:40:33 15 -0.568 2.8
2024_0412_02:40:56 15 -0.652 0.642
2024_0412_02:41:59 15 95.528 95.786
2024_0412_02:42:23 15 47.932 97.032
2024_0412_02:43:06 15 -0.212 0.69
2024_0412_02:43:57 15 63.86 64.816
2024_0412_02:45:07 15 6.512 13.066
2024_0412_02:45:21 15 -0.024 -0.3
2024_0412_02:45:32 15 -99.996 49.998
2024_0412_02:45:34 15 45.8 42.132
2024_0412_02:46:28 16 -3.25 48.924
2024_0412_02:46:36 16 98.102 97.962
2024_0412_02:48:30 16 -8.32 33.85
2024_0412_02:48:44 16 -0.268 7.22
2024_0412_02:50:03 16 49.992 -49.996
2024_0412_02:50:17 16 5.626 31.272
2024_0412_02:50:18 16 -0.146 0.614
2024_0412_02:50:46 16 -18.14 93.934
2024_0412_02:51:12 16 48.35 48.746
2024_0412_02:52:08 16 88.622 68.32
2024_0412_02:52:13 16 96.174 97.174
2024_0412_02:53:36 16 0.088 0.244
2024_0412_02:53:45 16 9.974 -15.042
2024_0412_02:54:24 17 -0.608 1.088
2024_0412_02:54:27 16 96.796 96.654
2024_0412_02:54:36 17 0.072 -0.336
2024_0412_02:55:25 17 14.704 13.972
2024_0412_02:57:56 17 0.556 -0.202
2024_0412_02:58:16 17 42.48 55.952
2024_0412_02:59:33 17 16.574 32.952
2024_0412_02:59:54 17 0.088 0.004
2024_0412_03:00:00 17 24.044 39.802
2024_0412_03:00:57 17 0.826 -0.244
2024_0412_03:01:28 17 69.982 -5.56
2024_0412_03:01:54 17 99.516 -2.284
2024_0412_03:02:08 17 0.994 0.888
2024_0412_03:02:26 17 -0.106 -0.182
2024_0412_03:02:32 17 25.922 65.93
2024_0412_03:02:55 17 97.578 97.58
2024_0412_03:03:02 17 99.338 -32.768
2024_0412_03:03:23 17 8.906 -8.504
2024_0412_03:04:28 17 0.288 -0.338
2024_0412_03:06:32 17 98.436 -0.664
2024_0412_03:06:57 18 0.046 0.064
2024_0412_03:08:43 18 79.642 41.032
2024_0412_03:08:58 18 97.548 97.5
2024_0412_03:09:00 18 0.676 -0.342
2024_0412_03:09:05 18 97.282 94.884
2024_0412_03:10:15 18 45.858 -43.446
2024_0412_03:11:04 18 -0.084 0.138
2024_0412_03:11:15 18 18.474 20.048
2024_0412_03:11:18 18 0.754 0.498
2024_0412_03:11:27 18 -21.422 21.864
2024_0412_03:12:13 18 -39.27 51.288
2024_0412_03:12:33 18 -7.432 8.106
2024_0412_03:12:51 18 -99.992 -49.996
2024_0412_03:13:24 18 -0.202 -0.186
2024_0412_03:15:13 18 -0.64 0.436
2024_0412_03:15:15 18 76.706 77.896
2024_0412_03:16:50 18 12.948 13.19
2024_0412_03:17:23 18 76.732 75.614
2024_0412_03:17:47 18 -0.154 0.474
2024_0412_03:18:06 19 97.37 96.822
2024_0412_03:19:24 19 97.688 97.24
2024_0412_03:19:37 19 -1.756 5.706
2024_0412_03:19:40 19 0.214 -0.194
2024_0412_03:19:45 19 0.318 -0.214
2024_0412_03:20:32 18 -99.994 99.986
2024_0412_03:20:33 19 -10.202 32.036
2024_0412_03:21:00 19 25.882 -24.71
2024_0412_03:21:29 19 -5.304 28.418
2024_0412_03:22:32 19 99.472 -2.532
2024_0412_03:22:51 19 -0.106 -0.09
2024_0412_03:24:00 19 53.768 70.186
2024_0412_03:24:02 19 9.932 -9.864
2024_0412_03:25:54 20 53.2 77.748
2024_0412_03:26:27 20 76.014 76.066
2024_0412_03:26:33 20 47.44 49.122
2024_0412_03:27:53 20 0.542 0.374
2024_0412_03:27:54 20 -0.174 0.34
2024_0412_03:27:57 20 12.536 13.758
2024_0412_03:28:40 20 93.418 96.272
2024_0412_03:29:44 20 10.392 -10.022
2024_0412_03:31:52 20 -55.116 73.35
2024_0412_03:31:57 20 97.874 96.37
2024_0412_03:32:23 15 43.446 45.804
2024_0412_03:32:44 16 47.804 -1.606
2024_0412_03:33:13 15 0.266 -0.634
2024_0412_03:33:29 16 98.168 97.198
2024_0412_03:34:16 18 1.068 -0.866
2024_0412_03:34:23 16 48.22 48.27
2024_0412_03:34:26 17 38.59 -0.118
2024_0412_03:34:41 17 6.96 -7.48
2024_0412_03:34:55 18 19.514 -19.214
2024_0412_03:35:50 20 13.008 13.56
2024_0412_03:35:51 20 0.226 -0.622
2024_0412_03:36:28 20 96.97 47.526
2024_0412_03:44:52 2 97.876 97.12
2024_0412_03:45:23 8 97.46 97.778
2024_0412_03:45:27 3 97.294 95.366
2024_0412_03:45:31 4 47.738 97.278
2024_0412_03:45:32 9 98.196 97.808
2024_0412_03:45:35 1 98.006 97.916
2024_0412_03:45:38 5 98.002 98.036
2024_0412_03:45:39 6 97.824 97.838
2024_0412_03:46:07 11 0.096 0.674
2024_0412_03:46:11 11 -0.238 -0.13
2024_0412_03:46:11 11 97.016 97.71
2024_0412_03:46:12 11 49.998 -99.996
2024_0412_03:46:12 10 97.35 97.746
2024_0412_03:46:13 7 97.564 97.422
2024_0412_03:46:25 11 -0.032 1.076
2024_0412_03:48:00 11 -1.342 38.086
2024_0412_03:53:46 11 1.0 -0.048
2024_0412_03:54:16 11 -22.366 96.884
2024_0412_03:54:23 11 -0.908 -0.338
2024_0412_03:54:29 11 97.852 98.058
2024_0412_03:54:31 11 98.232 98.238
2024_0412_03:54:44 11 92.644 97.334
2024_0412_03:54:49 11 97.222 97.03
2024_0412_03:54:59 11 96.436 47.932
2024_0412_03:55:03 11 0.44 0.036
2024_0412_03:55:36 11 0.046 -0.312
2024_0412_03:55:50 11 0.244 -0.064
2024_0412_03:55:50 11 -0.958 -0.188
2024_0412_03:56:02 11 -0.036 0.202
2024_0412_03:56:06 11 1.38 0.064
2024_0412_03:57:23 11 97.664 97.616
2024_0412_03:57:42 11 0.368 0.156
2024_0412_04:02:46 11 97.236 97.438
2024_0412_04:03:12 12 97.892 98.0
2024_0412_04:03:14 12 -0.214 -0.84
2024_0412_04:03:20 11 -0.218 0.24
2024_0412_04:03:32 11 97.162 96.766
2024_0412_04:03:36 11 -0.258 0.75
2024_0412_04:04:07 11 97.504 97.55
2024_0412_04:04:32 12 -0.368 -0.492
2024_0412_04:04:41 12 97.318 97.898
2024_0412_04:05:12 12 0.36 0.656
2024_0412_04:05:31 12 0.524 -0.078
2024_0412_04:05:40 12 98.244 98.29
2024_0412_04:05:45 12 19.528 19.522
2024_0412_04:06:46 12 0.274 -0.012
2024_0412_04:06:51 12 0.446 -0.58
2024_0412_04:07:06 12 97.102 96.914
2024_0412_04:10:52 12 -0.118 0.354
2024_0412_04:11:36 12 0.902 0.438
2024_0412_04:11:49 12 97.938 97.994
2024_0412_04:11:58 12 -0.312 -0.78
2024_0412_04:12:06 12 99.992 49.996
2024_0412_04:12:12 12 97.606 96.936
2024_0412_04:13:25 12 -0.14 -0.574
2024_0412_04:13:38 12 97.684 97.318
2024_0412_04:14:01 12 0.452 -0.074
2024_0412_04:14:34 12 97.986 98.052
2024_0412_04:14:54 13 97.578 97.842
2024_0412_04:15:23 12 96.576 97.06
2024_0412_04:15:55 13 97.758 98.1
2024_0412_04:16:21 13 -49.998 -99.996
2024_0412_04:16:47 13 98.152 98.002
2024_0412_04:17:00 12 15.108 14.088
2024_0412_04:19:43 13 0.42 0.164
2024_0412_04:19:54 13 -0.068 -0.086
2024_0412_04:20:13 13 97.034 97.118
2024_0412_04:20:15 13 45.822 -10.566
2024_0412_04:20:25 13 78.378 78.102
2024_0412_04:20:33 13 99.992 99.984
2024_0412_04:22:16 13 -0.7 0.276
2024_0412_04:22:50 13 96.794 49.084
2024_0412_04:23:44 13 98.032 98.04
2024_0412_04:23:59 13 96.6 88.77
2024_0412_04:24:07 13 -0.14 0.192
2024_0412_04:24:16 13 0.004 -0.872
2024_0412_04:25:38 13 49.996 99.992
2024_0412_04:26:04 13 45.17 49.466
2024_0412_04:26:23 13 96.81 93.508
2024_0412_04:27:50 13 10.114 -9.43
2024_0412_04:28:22 13 0.268 0.194
2024_0412_04:28:24 13 76.974 78.242
2024_0412_04:28:37 13 94.58 96.52
2024_0412_04:28:40 13 96.94 96.918
2024_0412_04:28:47 13 -0.552 -0.09
2024_0412_04:28:49 13 -4.792 48.394
2024_0412_04:31:47 13 -25.01 24.924
2024_0412_04:32:30 13 -0.186 -0.22
2024_0412_04:32:31 13 0.126 0.012
2024_0412_04:33:05 13 -1.152 2.268
2024_0412_04:33:15 13 97.858 98.034
2024_0412_04:33:44 13 47.706 47.438
2024_0412_04:35:19 13 10.086 -11.006
2024_0412_04:35:23 13 -0.864 -0.368
2024_0412_04:35:55 13 0.758 0.276
2024_0412_04:36:33 13 10.248 -8.384
2024_0412_04:36:34 13 -10.5 96.364
2024_0412_04:36:37 13 0.894 1.106
2024_0412_04:37:26 14 -49.994 -99.988
2024_0412_04:37:27 13 -0.298 0.242
2024_0412_04:37:36 14 -10.304 10.074
2024_0412_04:38:31 14 0.636 0.678
2024_0412_04:41:13 14 3.512 -0.974
2024_0412_04:41:21 14 97.31 97.654
2024_0412_04:41:52 14 -13.56 13.704
2024_0412_04:42:04 14 77.96 78.292
2024_0412_04:42:40 14 97.226 96.786
2024_0412_04:42:44 14 0.414 0.102
2024_0412_04:44:01 14 97.784 97.832
2024_0412_04:44:13 14 97.324 95.08
2024_0412_04:44:16 14 0.63 0.402
2024_0412_04:44:52 14 0.362 -0.324
2024_0412_04:45:18 14 97.102 97.318
2024_0412_04:45:37 14 97.124 97.194
2024_0412_04:45:42 14 0.082 0.246
2024_0412_04:45:50 14 12.95 13.938
2024_0412_04:49:40 14 -0.89 -0.442
2024_0412_04:50:03 14 97.58 97.718
2024_0412_04:50:56 14 97.094 96.596
2024_0412_04:51:22 14 0.492 -0.082
2024_0412_04:51:36 14 45.032 45.17
2024_0412_04:52:21 14 97.4 97.15
2024_0412_04:52:43 14 45.222 25.71
2024_0412_04:53:13 14 97.466 97.646
2024_0412_04:53:44 14 0.398 -0.054
2024_0412_04:53:50 14 -0.048 0.208
2024_0412_04:53:51 14 1.24 -1.582
2024_0412_04:54:05 14 97.73 97.916
2024_0412_04:54:07 14 97.458 97.392
2024_0412_04:54:25 14 12.564 14.418
2024_0412_04:54:29 14 41.194 42.55
2024_0412_04:55:52 14 97.43 97.494
2024_0412_04:58:48 15 -0.972 -0.442
2024_0412_04:59:47 15 -0.074 -0.572
2024_0412_05:00:41 15 0.372 -0.504
2024_0412_05:00:57 14 0.044 -0.08
2024_0412_05:01:01 15 49.992 -49.998
2024_0412_05:01:17 15 96.868 96.758
2024_0412_05:01:50 15 -0.152 -0.484
2024_0412_05:02:12 15 49.996 -49.998
2024_0412_05:02:31 15 -10.344 9.788
2024_0412_05:02:33 15 0.308 0.678
2024_0412_05:02:38 15 -0.662 2.338
2024_0412_05:02:58 15 0.232 -0.098
2024_0412_05:03:00 15 14.532 37.536
2024_0412_05:03:09 15 74.746 71.12
2024_0412_05:04:40 15 0.576 0.682
2024_0412_05:07:31 15 1.636 -0.234
2024_0412_05:07:34 15 -0.974 -0.124
2024_0412_05:08:37 15 -0.358 -0.058
2024_0412_05:09:25 15 0.158 0.246
2024_0412_05:09:43 15 -0.064 -0.516
2024_0412_05:09:51 15 97.78 98.24
2024_0412_05:10:03 15 0.618 -0.04
2024_0412_05:10:12 15 97.706 97.426
2024_0412_05:10:29 15 -0.1 -0.428
2024_0412_05:10:33 15 2.544 0.642
2024_0412_05:11:22 15 97.776 97.574
2024_0412_05:11:45 15 18.522 15.966
2024_0412_05:11:50 15 1.55 1.34
2024_0412_05:12:16 15 97.62 92.284
2024_0412_05:12:43 15 84.14 69.82
2024_0412_05:14:08 15 92.986 97.762
2024_0412_05:16:19 15 0.224 -0.878
2024_0412_05:17:49 15 97.694 97.786
2024_0412_05:18:15 15 0.354 -0.188
2024_0412_05:18:21 15 97.334 97.186
2024_0412_05:18:32 16 1.438 -0.646
2024_0412_05:18:46 16 14.018 7.334
2024_0412_05:18:55 16 80.036 92.848
2024_0412_05:19:17 16 96.774 97.424
2024_0412_05:19:20 16 97.25 97.344
2024_0412_05:20:09 16 0.302 -0.264
2024_0412_05:20:37 16 97.312 97.072
2024_0412_05:20:42 16 97.07 97.182
2024_0412_05:21:33 16 97.912 97.866
2024_0412_05:22:50 16 45.632 -24.004
2024_0412_05:22:53 16 97.048 97.0
2024_0412_05:24:16 16 97.092 93.55
2024_0412_05:25:57 16 0.442 0.622
2024_0412_05:26:57 16 -0.51 -0.484
2024_0412_05:27:13 16 97.068 96.212
2024_0412_05:27:32 16 -8.326 72.418
2024_0412_05:27:44 16 17.448 2.836
2024_0412_05:27:46 16 39.482 38.222
2024_0412_05:28:00 16 16.442 11.722
2024_0412_05:28:02 16 9.76 -10.068
2024_0412_05:28:54 16 97.422 97.14
2024_0412_05:29:44 16 96.272 96.254
2024_0412_05:30:06 16 -0.316 -0.436
2024_0412_05:30:57 17 14.794 15.038
2024_0412_05:30:59 16 97.834 97.4
2024_0412_05:31:39 17 97.534 97.554
2024_0412_05:33:22 17 63.626 2.726
2024_0412_05:34:09 17 11.79 -10.77
2024_0412_05:35:43 17 -0.456 0.02
2024_0412_05:35:51 17 88.834 92.234
2024_0412_05:36:00 17 97.838 97.542
2024_0412_05:36:03 17 16.646 -16.64
2024_0412_05:36:04 17 97.28 97.33
2024_0412_05:36:36 17 48.604 95.794
2024_0412_05:36:45 17 -0.326 0.554
2024_0412_05:37:14 17 94.532 97.826
2024_0412_05:37:30 17 97.37 97.95
2024_0412_05:38:20 17 0.094 0.018
2024_0412_05:38:59 17 -0.282 -0.042
2024_0412_05:39:13 17 40.724 43.958
2024_0412_05:39:49 17 97.38 97.454
2024_0412_05:40:23 17 0.042 -0.282
2024_0412_05:42:24 17 97.416 97.2
2024_0412_05:42:52 17 -0.086 -0.362
2024_0412_05:44:09 17 -0.464 7.854
2024_0412_05:44:47 17 98.054 98.07
2024_0412_05:44:54 17 97.366 98.102
2024_0412_05:45:11 17 -0.202 -0.844
2024_0412_05:45:30 17 0.938 39.836
2024_0412_05:45:33 17 -0.736 0.146
2024_0412_05:45:34 17 90.36 97.566
2024_0412_05:45:56 17 2.808 -3.018
2024_0412_05:46:35 17 98.262 94.59
2024_0412_05:47:24 18 -0.122 0.002
2024_0412_05:48:20 17 96.004 97.328
2024_0412_05:48:34 18 47.846 46.264
2024_0412_05:49:40 18 -1.622 1.594
2024_0412_05:49:51 17 97.566 97.838
2024_0412_05:50:37 18 97.636 96.904
2024_0412_05:51:40 18 97.544 97.1
2024_0412_05:52:57 18 0.15 0.034
2024_0412_05:53:16 18 -9.53 9.786
2024_0412_05:53:46 18 97.892 97.898
2024_0412_05:54:01 18 0.188 -0.722
2024_0412_05:54:21 18 0.774 0.172
2024_0412_05:54:22 18 0.136 0.79
2024_0412_05:54:43 18 0.116 0.944
2024_0412_05:55:07 18 48.314 98.106
2024_0412_05:55:19 18 1.622 2.16
2024_0412_05:55:45 18 0.004 -3.024
2024_0412_05:57:13 18 97.062 48.308
2024_0412_05:57:23 18 -20.08 16.062
2024_0412_05:58:36 18 0.994 0.362
2024_0412_05:58:52 18 81.764 12.016
2024_0412_06:00:03 18 -33.352 33.44
2024_0412_06:00:33 18 6.96 4.956
2024_0412_06:01:28 18 0.028 0.404
2024_0412_06:01:49 18 97.826 97.28
2024_0412_06:02:04 18 -0.432 0.386
2024_0412_06:02:55 18 98.116 97.962
2024_0412_06:02:57 18 97.89 98.216
2024_0412_06:03:44 18 94.13 96.036
2024_0412_06:03:56 18 22.82 15.552
2024_0412_06:04:07 18 3.764 -1.72
2024_0412_06:04:14 18 96.688 96.384
2024_0412_06:06:14 18 0.75 1.868
2024_0412_06:06:21 19 41.924 69.462
2024_0412_06:06:40 18 85.088 97.15
2024_0412_06:07:27 19 96.112 95.742
2024_0412_06:07:50 19 47.042 0.674
2024_0412_06:09:24 19 -99.992 49.994
2024_0412_06:09:41 19 -0.754 1.154
2024_0412_06:10:14 19 17.086 -16.612
2024_0412_06:10:48 19 -49.998 -99.992
2024_0412_06:10:58 19 49.986 -49.976
2024_0412_06:12:00 19 62.52 1.71
2024_0412_06:12:22 19 79.98 -80.32
2024_0412_06:12:36 19 -99.98 99.982
2024_0412_06:12:46 19 -0.268 -0.792
2024_0412_06:12:48 19 -50.176 49.93
2024_0412_06:13:00 19 97.162 97.32
2024_0412_06:15:01 19 0.22 0.26
2024_0412_06:15:12 19 97.938 98.124
2024_0412_06:16:06 19 -0.316 0.142
2024_0412_06:16:47 19 0.05 -0.454
2024_0412_06:18:00 20 -0.02 0.168
2024_0412_06:18:12 20 -8.02 8.238
2024_0412_06:18:39 20 97.996 98.042
2024_0412_06:19:02 20 97.47 95.894
2024_0412_06:20:42 20 91.366 97.784
2024_0412_06:21:35 20 0.09 0.704
2024_0412_06:21:42 20 0.134 0.064
2024_0412_06:22:22 20 10.332 9.522
2024_0412_06:22:30 20 97.292 97.504
2024_0412_06:23:11 20 97.94 98.026
2024_0412_06:24:03 20 13.092 -12.866
2024_0412_06:24:11 20 -0.556 0.538
2024_0412_06:24:53 20 0.8 -0.868
2024_0412_06:25:14 20 46.876 -0.8
2024_0412_06:25:44 20 -0.796 0.514
2024_0412_06:26:06 20 -0.914 0.488
2024_0412_06:26:19 20 47.496 98.452
2024_0412_06:26:45 14 0.288 0.31
2024_0412_06:26:58 14 97.158 97.194
2024_0412_06:27:10 14 0.338 0.598
2024_0412_06:29:31 15 11.022 14.334
2024_0412_06:30:13 15 32.094 7.372
2024_0412_06:31:14 16 97.886 98.028
2024_0412_06:31:41 19 -0.264 0.294
2024_0412_06:32:22 18 -0.176 -0.278
2024_0412_06:32:49 20 97.716 97.334
2024_0412_06:37:04 20 3.316 23.442
2024_0412_06:38:10 20 98.0 97.998
2024_0412_06:46:38 4 96.98 97.684
2024_0412_06:47:10 7 97.294 96.674
2024_0412_06:47:11 3 96.716 97.638
2024_0412_06:47:12 1 97.97 97.82
2024_0412_06:47:16 4 47.748 94.344
2024_0412_06:47:16 4 97.418 97.25
2024_0412_06:47:23 2 97.672 92.368
2024_0412_06:47:30 11 15.614 16.26
2024_0412_06:47:38 10 97.994 97.756
2024_0412_06:47:50 9 98.316 98.412
2024_0412_06:47:51 4 47.916 97.22
2024_0412_06:47:52 4 97.25 97.206
2024_0412_06:47:57 2 48.038 97.306
2024_0412_06:48:00 6 97.862 98.002
2024_0412_06:50:23 8 97.278 97.058
2024_0412_06:54:57 11 97.238 97.526
2024_0412_06:55:27 11 0.206 0.524
2024_0412_06:55:30 11 97.772 96.3
2024_0412_06:56:07 11 0.19 0.556
2024_0412_06:56:11 11 -0.438 0.79
2024_0412_06:56:15 11 -11.086 58.286
2024_0412_06:56:27 11 -0.718 -0.284
2024_0412_06:56:29 11 96.824 97.198
2024_0412_06:56:47 11 97.81 98.042
2024_0412_06:56:51 11 98.02 98.002
2024_0412_06:57:01 11 97.78 97.928
2024_0412_06:57:12 11 97.728 98.086
2024_0412_06:57:23 11 0.072 0.33
2024_0412_06:57:27 11 -0.298 0.678
2024_0412_06:57:31 11 -49.996 99.996
2024_0412_07:02:23 11 -0.09 0.028
2024_0412_07:04:20 11 97.542 96.084
2024_0412_07:04:26 11 0.142 -0.94
2024_0412_07:04:28 11 99.996 99.996
2024_0412_07:05:11 11 0.016 0.648
2024_0412_07:05:12 11 97.946 97.982
2024_0412_07:05:21 11 -99.996 -49.998
2024_0412_07:05:23 11 -0.202 0.34
2024_0412_07:05:45 11 97.192 97.48
2024_0412_07:05:48 11 0.048 -0.2
2024_0412_07:06:13 11 -0.17 0.436
2024_0412_07:06:15 11 -0.26 0.454
2024_0412_07:06:18 11 -0.212 0.106
2024_0412_07:06:41 11 85.704 97.32
2024_0412_07:06:51 11 97.516 97.104
2024_0412_07:07:03 11 96.902 97.346
2024_0412_07:11:19 11 98.06 98.116
2024_0412_07:12:20 11 -0.406 0.042
2024_0412_07:13:14 11 -0.328 -0.562
2024_0412_07:13:30 11 -0.594 -0.738
2024_0412_07:14:05 11 0.072 0.73
2024_0412_07:14:10 11 -1.018 0.604
2024_0412_07:14:18 11 97.156 97.0
2024_0412_07:15:04 11 97.544 97.592
2024_0412_07:15:14 11 0.09 0.016
2024_0412_07:15:23 11 95.994 97.452
2024_0412_07:15:44 11 97.894 97.988
2024_0412_07:15:52 11 97.6 96.906
2024_0412_07:15:53 11 0.34 0.188
2024_0412_07:16:36 11 -0.334 0.07
2024_0412_07:16:37 11 0.334 -1.508
2024_0412_07:16:43 11 46.052 46.614
2024_0412_07:20:53 11 0.062 0.388
2024_0412_07:21:07 11 1.186 -0.302
2024_0412_07:21:37 11 -0.43 -0.15
2024_0412_07:22:04 11 99.996 99.992
2024_0412_07:22:56 11 -0.282 -0.624
2024_0412_07:23:04 11 -0.44 -0.026
2024_0412_07:23:16 11 97.616 96.476
2024_0412_07:24:25 11 0.172 0.578
2024_0412_07:24:41 11 0.29 -0.226
2024_0412_07:25:07 11 -0.32 -0.17
2024_0412_07:25:15 11 99.988 -49.994
2024_0412_07:25:24 11 0.268 -0.066
2024_0412_07:25:40 11 0.216 -0.23
2024_0412_07:25:46 11 11.532 51.216
2024_0412_07:26:17 11 -0.16 -0.082
2024_0412_07:28:27 11 0.25 0.068
2024_0412_07:30:02 11 0.708 -0.278
2024_0412_07:30:25 11 97.108 97.816
2024_0412_07:30:41 11 95.574 97.324
2024_0412_07:30:55 11 0.268 0.44
2024_0412_07:31:36 11 97.754 97.474
2024_0412_07:31:41 11 -0.312 0.406
2024_0412_07:31:59 11 -0.498 -0.118
2024_0412_07:33:51 11 37.614 -0.4
2024_0412_07:34:00 11 97.914 98.01
2024_0412_07:34:05 11 97.326 97.732
2024_0412_07:34:21 11 0.268 0.996
2024_0412_07:34:40 11 -50.0 50.0
2024_0412_07:35:08 11 -0.006 0.656
2024_0412_07:35:10 11 97.412 97.578
2024_0412_07:36:01 11 -49.998 -49.996
2024_0412_07:38:50 11 -0.95 0.372
2024_0412_07:38:54 11 -0.156 0.578
2024_0412_07:39:54 11 0.954 1.034
2024_0412_07:40:02 11 -0.132 0.196
2024_0412_07:40:16 11 95.622 97.274
2024_0412_07:40:27 11 96.956 97.39
2024_0412_07:40:32 11 0.446 0.196
2024_0412_07:40:43 11 12.52 45.574
2024_0412_07:43:12 11 0.766 -0.77
2024_0412_07:43:28 11 49.998 -49.998
2024_0412_07:43:31 11 -0.656 0.04
2024_0412_07:43:42 11 -0.644 0.204
2024_0412_07:43:57 11 97.844 98.078
2024_0412_07:44:05 11 0.66 -0.512
2024_0412_07:44:34 11 -0.218 -0.652
2024_0412_07:45:35 11 0.3 -0.338
2024_0412_07:47:55 11 96.584 96.624
2024_0412_07:48:01 11 -0.6 0.852
2024_0412_07:48:37 11 98.008 97.986
2024_0412_07:48:43 11 97.568 97.364
2024_0412_07:48:49 11 0.226 0.32
2024_0412_07:49:25 11 98.288 98.438
2024_0412_07:49:34 11 98.244 98.1
2024_0412_07:51:27 11 -0.006 0.116
2024_0412_07:52:01 11 97.92 98.082
2024_0412_07:52:56 11 -0.466 -0.7
2024_0412_07:53:01 11 98.018 97.924
2024_0412_07:53:07 11 96.944 97.298
2024_0412_07:53:25 11 0.222 -0.064
2024_0412_07:53:27 11 -0.46 0.348
2024_0412_07:54:02 11 0.054 -0.058
2024_0412_07:54:58 11 97.288 97.366
2024_0412_07:56:43 11 -0.074 -0.704
2024_0412_07:56:50 11 94.988 97.218
2024_0412_07:57:28 11 -0.53 -0.444
2024_0412_07:57:33 11 97.854 97.978
2024_0412_07:57:42 11 96.906 97.748
2024_0412_07:58:07 11 92.43 97.016
2024_0412_07:58:31 11 0.054 -0.144
2024_0412_08:01:20 11 0.302 -0.21
2024_0412_08:01:40 11 0.4 0.158
2024_0412_08:02:06 11 -0.29 0.794
2024_0412_08:02:31 11 -49.998 -49.998
2024_0412_08:02:35 11 0.132 0.334
2024_0412_08:02:54 11 53.204 11.702
2024_0412_08:02:56 11 -50.0 99.998
2024_0412_08:03:35 11 97.808 97.7
2024_0412_08:04:17 11 -0.082 -0.876
2024_0412_08:05:30 11 -0.508 -0.208
2024_0412_08:05:46 11 2.78 1.552
2024_0412_08:06:23 11 97.258 97.418
2024_0412_08:06:28 11 -0.664 0.138
2024_0412_08:06:35 11 -0.408 -0.824
2024_0412_08:07:20 11 49.998 -49.998
2024_0412_08:07:41 11 0.11 0.39
2024_0412_08:10:42 12 0.4 -0.6
2024_0412_08:10:49 11 0.612 -0.31
2024_0412_08:11:54 12 49.998 49.996
2024_0412_08:11:59 12 -99.992 -49.996
2024_0412_08:12:19 12 49.998 99.984
2024_0412_08:12:46 12 98.244 98.226
2024_0412_08:12:57 12 -0.352 3.554
2024_0412_08:13:06 12 97.64 97.48
2024_0412_08:13:39 12 97.314 97.926
2024_0412_08:13:40 12 97.904 97.934
2024_0412_08:14:35 12 -1.13 72.216
2024_0412_08:14:38 12 -0.144 -0.484
2024_0412_08:15:13 12 -1.056 39.462
2024_0412_08:15:18 12 15.158 50.394
2024_0412_08:16:10 12 -100.0 100.0
2024_0412_08:16:17 12 0.084 0.2
2024_0412_08:19:30 12 97.682 97.812
2024_0412_08:20:17 12 -0.114 -0.516
2024_0412_08:21:20 12 97.348 97.314
2024_0412_08:21:27 12 97.66 48.02
2024_0412_08:21:32 12 0.304 0.314
2024_0412_08:21:41 12 97.868 98.258
2024_0412_08:21:49 12 -0.672 2.192
2024_0412_08:22:23 12 0.164 0.66
2024_0412_08:22:41 12 97.626 97.474
2024_0412_08:23:10 12 97.528 97.47
2024_0412_08:23:20 12 98.266 98.18
2024_0412_08:23:26 12 0.09 0.384
2024_0412_08:23:59 12 98.232 98.192
2024_0412_08:24:56 12 -0.882 0.856
2024_0412_08:25:00 12 0.54 0.07
2024_0412_08:25:33 12 0.152 -1.184
2024_0412_08:28:12 12 -0.252 2.216
2024_0412_08:29:01 12 0.296 -0.33
2024_0412_08:29:58 12 67.716 70.258
2024_0412_08:30:03 12 -0.596 -0.55
2024_0412_08:30:23 12 -0.276 1.84
2024_0412_08:30:57 12 97.306 97.682
2024_0412_08:31:09 12 97.078 98.398
2024_0412_08:31:15 12 -0.198 -0.75
2024_0412_08:31:20 12 -0.034 -0.488
2024_0412_08:31:25 12 77.68 78.332
2024_0412_08:32:19 12 97.456 97.176
2024_0412_08:32:24 12 96.7 97.414
2024_0412_08:32:55 12 96.614 95.94
2024_0412_08:33:07 12 -0.296 0.094
2024_0412_08:34:23 12 98.394 98.952
2024_0412_08:35:49 12 97.656 97.902
2024_0412_08:37:04 12 78.218 77.984
2024_0412_08:38:28 12 96.926 97.538
2024_0412_08:38:45 12 97.822 54.652
2024_0412_08:38:58 12 97.886 97.958
2024_0412_08:39:11 12 0.38 -1.44
2024_0412_08:39:19 12 -0.108 0.308
2024_0412_08:40:27 12 -1.166 69.66
2024_0412_08:40:39 12 96.414 97.704
2024_0412_08:40:41 12 46.144 45.704
2024_0412_08:40:49 12 97.158 97.13
2024_0412_08:41:09 12 97.166 89.18
2024_0412_08:41:19 12 0.514 -0.278
2024_0412_08:41:23 12 -0.824 0.438
2024_0412_08:43:11 12 0.336 -0.798
2024_0412_08:43:45 12 97.122 91.908
2024_0412_08:45:14 12 0.194 0.584
2024_0412_08:46:37 12 98.094 98.066
2024_0412_08:47:11 12 0.408 0.44
2024_0412_08:47:23 12 -0.77 0.526
2024_0412_08:47:32 12 97.792 97.872
2024_0412_08:47:47 12 24.244 22.538
2024_0412_08:47:52 12 -0.292 0.384
2024_0412_08:48:53 12 0.746 -0.022
2024_0412_08:49:15 12 97.496 96.886
2024_0412_08:49:17 12 -0.322 -1.098
2024_0412_08:49:28 12 95.442 97.47
2024_0412_08:50:13 12 95.358 96.872
2024_0412_08:50:15 12 98.008 98.05
2024_0412_08:50:16 12 -0.444 0.722
2024_0412_08:53:13 12 97.838 47.058
2024_0412_08:54:03 12 97.186 97.712
2024_0412_08:55:02 12 0.516 0.068
2024_0412_08:56:03 12 0.08 -0.262
2024_0412_08:56:10 12 0.138 0.172
2024_0412_08:56:36 12 -49.996 49.996
2024_0412_08:56:43 12 97.966 98.07
2024_0412_08:57:04 12 97.63 97.008
2024_0412_08:57:30 12 -0.082 -0.32
2024_0412_08:57:45 12 -49.996 -99.998
2024_0412_08:58:11 12 97.566 97.57
2024_0412_08:58:27 12 97.88 98.014
2024_0412_08:58:47 12 97.58 97.598
2024_0412_08:58:57 12 96.476 97.42
2024_0412_08:59:05 12 -99.992 99.992
2024_0412_08:59:43 12 97.026 96.412
2024_0412_09:02:44 12 97.918 97.66
2024_0412_09:03:31 12 98.43 98.212
2024_0412_09:04:53 12 97.426 97.474
2024_0412_09:05:10 12 -45.638 49.458
2024_0412_09:05:19 12 -55.686 59.496
2024_0412_09:05:53 12 49.522 49.33
2024_0412_09:06:01 12 97.98 98.008
2024_0412_09:06:18 12 72.606 89.928
2024_0412_09:06:18 12 97.36 97.43
2024_0412_09:06:24 12 35.186 -34.648
2024_0412_09:06:35 12 0.666 0.448
2024_0412_09:06:52 12 97.348 98.84
2024_0412_09:07:27 12 0.01 -0.118
2024_0412_09:07:45 12 97.94 97.892
2024_0412_09:07:57 12 50.0 49.996
2024_0412_09:08:34 12 0.308 1.59
2024_0412_09:12:02 12 -22.328 97.888
2024_0412_09:12:56 12 40.968 -7.472
2024_0412_09:13:21 13 97.548 97.188
2024_0412_09:14:22 12 97.314 96.984
2024_0412_09:14:34 13 96.358 97.228
2024_0412_09:14:39 13 97.996 98.01
2024_0412_09:14:42 13 -1.234 0.036
2024_0412_09:14:49 13 96.598 22.12
2024_0412_09:14:50 13 96.798 97.23
2024_0412_09:15:49 13 15.48 13.672
2024_0412_09:15:50 13 -0.278 -0.342
2024_0412_09:16:26 13 0.496 0.472
2024_0412_09:16:50 13 46.246 46.114
2024_0412_09:16:55 13 46.07 46.376
2024_0412_09:18:03 13 20.406 71.492
2024_0412_09:18:44 13 -50.016 50.102
2024_0412_09:21:05 13 0.022 -0.172
2024_0412_09:21:46 13 -0.802 -0.33
2024_0412_09:22:29 13 0.458 -0.196
2024_0412_09:22:49 13 -0.314 0.276
2024_0412_09:22:52 13 97.486 96.926
2024_0412_09:23:42 13 44.89 45.568
2024_0412_09:23:50 13 -0.836 -0.042
2024_0412_09:24:14 13 -49.996 -49.998
2024_0412_09:24:19 13 0.304 -0.338
2024_0412_09:24:38 13 0.322 0.74
2024_0412_09:24:39 13 0.586 0.5
2024_0412_09:25:08 13 77.662 77.01
2024_0412_09:25:11 13 0.444 -0.83
2024_0412_09:26:24 13 -2.02 97.308
2024_0412_09:26:42 13 0.03 0.438
2024_0412_09:29:06 13 -0.162 -0.216
2024_0412_09:30:37 13 14.49 15.532
2024_0412_09:30:42 13 0.152 -0.924
2024_0412_09:30:59 13 0.61 0.388
2024_0412_09:31:00 13 -0.724 0.196
2024_0412_09:31:58 13 97.572 97.534
2024_0412_09:32:30 13 98.118 98.198
2024_0412_09:32:43 13 98.3 98.246
2024_0412_09:33:07 13 97.522 97.28
2024_0412_09:33:26 13 97.48 96.6
2024_0412_09:34:06 13 13.232 -1.01
2024_0412_09:34:11 13 0.474 0.2
2024_0412_09:34:39 13 -1.334 47.656
2024_0412_09:35:13 13 -0.366 0.526
2024_0412_09:35:21 13 0.346 -0.248
2024_0412_09:35:34 13 49.992 99.988
2024_0412_09:38:33 13 70.454 72.748
2024_0412_09:38:40 13 -7.626 8.512
2024_0412_09:39:23 13 0.4 -0.008
2024_0412_09:39:32 13 97.512 97.184
2024_0412_09:39:59 13 -0.408 0.152
2024_0412_09:40:45 13 46.432 44.146
2024_0412_09:40:51 13 0.434 -1.184
2024_0412_09:41:19 13 49.996 99.992
2024_0412_09:42:16 13 44.032 0.386
2024_0412_09:42:21 13 0.2 -0.274
2024_0412_09:42:34 13 98.182 97.948
2024_0412_09:43:39 13 97.078 97.91
2024_0412_09:43:58 13 0.532 0.094
2024_0412_09:44:43 13 50.002 49.998
2024_0412_09:44:44 13 -7.4 47.948
2024_0412_09:46:49 13 33.56 33.748
2024_0412_09:46:51 13 0.018 0.86
2024_0412_09:47:12 13 -10.16 10.04
2024_0412_09:48:06 13 0.53 -0.308
2024_0412_09:48:13 13 -0.176 0.458
2024_0412_09:48:16 13 98.164 97.148
2024_0412_09:49:01 13 -10.098 9.174
2024_0412_09:50:05 13 0.026 -0.556
2024_0412_09:50:17 13 -0.346 0.506
2024_0412_09:51:04 13 97.672 97.556
2024_0412_09:51:15 13 99.996 -50.0
2024_0412_09:51:20 13 43.43 43.102
2024_0412_09:52:30 13 66.192 97.996
2024_0412_09:52:46 13 97.64 97.522
2024_0412_09:53:27 13 -0.562 0.988
2024_0412_09:53:36 13 98.086 98.128
2024_0412_09:55:44 13 97.898 97.72
2024_0412_09:56:36 13 -0.736 32.904
2024_0412_09:57:01 13 -7.678 23.562
2024_0412_09:57:10 13 2.666 2.17
2024_0412_09:57:10 13 97.718 97.368
2024_0412_09:57:29 13 0.102 -0.002
2024_0412_09:58:08 13 -0.092 0.75
2024_0412_09:58:13 13 -0.396 0.966
2024_0412_09:59:07 13 97.656 97.152
2024_0412_09:59:31 13 0.062 -0.466
2024_0412_10:00:07 13 1.336 1.448
2024_0412_10:00:33 13 -0.044 -0.46
2024_0412_10:01:28 13 0.456 0.418
2024_0412_10:02:00 13 -99.988 -99.996
2024_0412_10:02:12 13 -0.034 0.286
2024_0412_10:03:09 13 97.436 97.586
2024_0412_10:03:49 13 -0.276 0.526
2024_0412_10:05:59 13 98.15 98.216
2024_0412_10:06:14 13 1.868 1.77
2024_0412_10:06:29 13 57.966 97.754
2024_0412_10:06:54 13 0.214 0.92
2024_0412_10:07:47 13 11.966 12.228
2024_0412_10:09:06 13 96.418 97.678
2024_0412_10:09:54 13 98.644 46.928
2024_0412_10:10:29 13 51.95 15.868
2024_0412_10:10:54 13 -1.71 47.2
2024_0412_10:10:58 13 97.428 97.018
2024_0412_10:11:28 13 10.414 51.386
2024_0412_10:11:29 13 47.054 47.124
2024_0412_10:12:45 13 -1.36 4.27
2024_0412_10:12:48 13 97.572 97.764
2024_0412_10:14:22 13 0.176 -0.296
2024_0412_10:14:40 13 96.4 97.172
2024_0412_10:15:45 13 12.678 12.828
2024_0412_10:16:21 13 45.412 45.642
2024_0412_10:16:43 13 -0.038 0.058
2024_0412_10:16:52 13 97.608 97.332
2024_0412_10:17:48 13 0.324 -0.028
2024_0412_10:18:31 13 -0.386 0.48
2024_0412_10:19:23 13 98.388 98.074
2024_0412_10:20:18 13 -0.136 -0.02
2024_0412_10:20:26 13 -0.464 -0.008
2024_0412_10:20:33 13 97.648 96.654
2024_0412_10:20:48 13 -0.002 -0.17
2024_0412_10:20:53 13 0.194 0.474
2024_0412_10:21:31 13 -0.258 1.596
2024_0412_10:22:15 13 1.21 0.116
2024_0412_10:22:29 13 0.012 0.046
2024_0412_10:23:37 13 -0.148 0.288
2024_0412_10:24:51 13 -0.2 0.224
2024_0412_10:25:09 13 97.02 89.36
2024_0412_10:25:21 13 1.128 0.654
2024_0412_10:26:27 13 -0.422 0.298
2024_0412_10:27:36 13 97.506 97.45
2024_0412_10:27:51 13 -0.546 -0.806
2024_0412_10:28:37 13 0.232 0.476
2024_0412_10:28:44 13 -7.446 39.996
2024_0412_10:29:21 13 97.642 96.818
2024_0412_10:29:42 13 3.242 -0.656
2024_0412_10:29:47 13 0.632 -0.038
2024_0412_10:29:55 13 95.248 96.806
2024_0412_10:30:13 13 52.27 -52.284
2024_0412_10:31:10 13 97.914 97.86
2024_0412_10:31:35 13 73.868 98.498
2024_0412_10:31:48 13 2.808 26.478
2024_0412_10:33:50 13 90.026 97.076
2024_0412_10:33:51 13 0.492 0.324
2024_0412_10:34:49 13 -0.498 0.008
2024_0412_10:35:54 13 98.426 97.942
2024_0412_10:36:27 13 96.308 96.61
2024_0412_10:36:31 13 -0.92 1.178
2024_0412_10:37:23 13 -33.398 33.072
2024_0412_10:37:55 13 24.658 47.308
2024_0412_10:38:07 13 -0.518 0.082
2024_0412_10:38:50 13 0.29 0.168
2024_0412_10:39:24 13 46.364 45.796
2024_0412_10:39:42 13 97.696 97.634
2024_0412_10:39:48 13 11.194 10.236
2024_0412_10:39:59 13 77.914 78.06
2024_0412_10:40:40 13 97.146 97.714
2024_0412_10:40:48 13 97.34 97.734
2024_0412_10:42:04 13 14.818 14.594
2024_0412_10:42:57 13 0.038 0.328
2024_0412_10:44:26 13 97.582 97.752
2024_0412_10:44:36 13 -0.288 0.43
2024_0412_10:44:37 13 0.328 -0.15
2024_0412_10:46:18 13 5.09 21.578
2024_0412_10:46:23 13 16.328 15.78
2024_0412_10:46:49 13 98.482 98.046
2024_0412_10:47:34 13 96.242 95.682
2024_0412_10:48:05 13 0.642 0.95
2024_0412_10:48:07 13 10.796 10.32
2024_0412_10:48:19 13 19.672 -19.378
2024_0412_10:48:48 13 97.796 98.224
2024_0412_10:49:04 13 97.676 97.842
2024_0412_10:49:34 13 -0.656 1.914
2024_0412_10:50:21 13 0.8 0.486
2024_0412_10:51:33 13 -0.438 0.224
2024_0412_10:51:51 13 -0.71 1.182
2024_0412_10:53:11 13 45.054 -20.502
2024_0412_10:53:39 13 0.714 -0.46
2024_0412_10:54:20 13 97.74 97.372
2024_0412_10:54:27 13 0.358 -0.59
2024_0412_10:55:00 13 95.71 97.324
2024_0412_10:55:10 13 97.078 97.006
2024_0412_10:56:18 13 -0.488 -0.158
2024_0412_10:57:06 13 10.054 -10.108
2024_0412_10:57:34 13 99.996 -99.996
2024_0412_10:57:46 13 -99.996 -99.996
2024_0412_10:58:26 13 47.968 98.184
2024_0412_10:58:29 13 9.572 -11.072
2024_0412_10:58:29 13 96.026 98.278
2024_0412_10:58:37 13 2.356 2.564
2024_0412_11:00:12 14 -4.898 40.62
2024_0412_11:01:52 14 -1.536 0.178
2024_0412_11:02:04 14 97.932 97.796
2024_0412_11:03:07 14 0.016 0.038
2024_0412_11:03:20 14 97.58 97.424
2024_0412_11:03:40 14 99.992 99.992
2024_0412_11:03:54 14 0.27 0.23
2024_0412_11:05:25 14 -0.712 -0.042
2024_0412_11:05:53 14 -0.206 0.214
2024_0412_11:06:13 14 27.016 24.996
2024_0412_11:06:22 14 -0.15 -0.044
2024_0412_11:06:38 14 97.262 97.428
2024_0412_11:06:55 14 98.106 97.928
2024_0412_11:07:28 14 72.808 97.464
2024_0412_11:07:51 14 75.354 60.274
2024_0412_11:07:55 14 97.396 47.652
2024_0412_11:08:59 14 -0.906 1.726
2024_0412_11:10:46 14 0.168 0.288
2024_0412_11:11:26 14 8.548 0.012
2024_0412_11:11:26 14 0.462 -0.848
2024_0412_11:11:33 14 97.888 97.53
2024_0412_11:13:33 14 0.348 0.992
2024_0412_11:14:15 14 15.17 50.844
2024_0412_11:15:02 14 -1.116 46.8
2024_0412_11:15:28 14 97.56 97.334
2024_0412_11:15:31 14 99.988 49.996
2024_0412_11:15:40 14 0.448 0.062
2024_0412_11:15:51 14 0.19 -0.114
2024_0412_11:16:04 14 61.538 87.712
2024_0412_11:16:41 14 8.264 -8.518
2024_0412_11:17:09 14 0.004 -0.004
2024_0412_11:18:26 14 -0.672 0.308
2024_0412_11:19:00 14 97.636 47.898
2024_0412_11:19:43 14 12.446 11.786
2024_0412_11:19:44 14 96.98 96.988
2024_0412_11:20:53 14 -0.094 -0.11
2024_0412_11:21:34 14 10.054 -10.374
2024_0412_11:22:16 14 -0.25 0.174
2024_0412_11:23:18 14 97.65 97.444
2024_0412_11:23:47 14 -0.49 0.146
2024_0412_11:24:18 14 1.16 -0.338
2024_0412_11:24:28 14 50.0 -49.998
2024_0412_11:24:54 14 97.628 97.592
2024_0412_11:25:09 14 -22.476 68.784
2024_0412_11:25:28 14 98.05 98.056
2024_0412_11:25:54 14 0.38 0.166
2024_0412_11:26:40 14 -15.856 17.444
2024_0412_11:27:38 14 -9.834 10.38
2024_0412_11:27:50 14 97.974 98.056
2024_0412_11:27:55 14 97.716 97.562
2024_0412_11:28:41 14 97.718 97.272
2024_0412_11:30:07 14 -10.1 9.846
2024_0412_11:30:22 14 97.542 45.972
2024_0412_11:31:33 14 36.272 38.364
2024_0412_11:32:39 14 97.614 97.816
2024_0412_11:33:06 14 97.742 97.514
2024_0412_11:33:32 14 -1.424 0.25
2024_0412_11:33:59 14 97.636 97.952
2024_0412_11:34:01 14 -0.924 0.474
2024_0412_11:34:41 14 96.696 97.2
2024_0412_11:34:46 14 6.372 9.052
2024_0412_11:35:01 14 -0.1 -0.38
2024_0412_11:35:51 14 -0.276 -0.064
2024_0412_11:36:09 14 97.466 97.968
2024_0412_11:36:31 14 -0.082 -0.162
2024_0412_11:37:00 14 94.812 95.396
2024_0412_11:37:49 14 -0.426 0.09
2024_0412_11:38:54 14 1.404 13.022
2024_0412_11:38:59 14 0.192 0.828
2024_0412_11:40:35 14 65.258 56.208
2024_0412_11:41:58 14 97.526 97.066
2024_0412_11:42:12 14 -0.436 0.404
2024_0412_11:42:47 14 -0.13 -0.006
2024_0412_11:43:21 14 97.89 97.006
2024_0412_11:43:24 14 -0.744 -0.282
2024_0412_11:43:29 14 -19.598 20.382
2024_0412_11:43:56 14 97.244 97.55
2024_0412_11:44:04 14 8.564 8.168
2024_0412_11:44:10 14 97.812 97.772
2024_0412_11:44:52 14 -0.024 -0.704
2024_0412_11:45:11 14 0.304 0.11
2024_0412_11:45:54 14 -49.998 -49.996
2024_0412_11:46:41 14 -0.508 0.184
2024_0412_11:47:47 14 -0.114 -0.246
2024_0412_11:47:49 14 97.122 47.95
2024_0412_11:50:16 14 -0.922 -0.218
2024_0412_11:51:34 14 -0.5 32.752
2024_0412_11:51:35 14 0.498 -0.632
2024_0412_11:52:09 14 97.998 97.83
2024_0412_11:52:16 14 -0.174 -1.04
2024_0412_11:52:17 14 97.486 93.68
2024_0412_11:52:18 14 39.698 97.948
2024_0412_11:52:42 14 -2.114 -0.94
2024_0412_11:53:40 14 97.382 96.382
2024_0412_11:54:25 14 45.918 0.686
2024_0412_11:54:30 14 29.742 47.006
2024_0412_11:55:22 14 -40.174 40.05
2024_0412_11:55:38 14 1.786 -0.16
2024_0412_11:55:58 14 9.98 44.442
2024_0412_11:56:51 14 97.726 97.152
2024_0412_11:57:23 14 -0.418 0.164
2024_0412_11:59:13 14 -0.934 96.35
2024_0412_11:59:56 14 41.336 2.108
2024_0412_12:00:22 14 97.736 78.308
2024_0412_12:00:27 14 97.032 97.192
2024_0412_12:01:03 14 -0.79 -1.03
2024_0412_12:01:27 14 -0.264 0.724
2024_0412_12:01:39 14 0.296 -0.496
2024_0412_12:01:46 14 59.92 -59.972
2024_0412_12:02:21 14 77.796 74.956
2024_0412_12:02:47 14 97.482 97.262
2024_0412_12:03:13 14 96.348 96.424
2024_0412_12:03:48 14 98.234 44.41
2024_0412_12:06:15 14 -1.036 0.026
2024_0412_12:06:16 14 0.522 1.278
2024_0412_12:07:01 14 0.232 0.816
2024_0412_12:07:12 14 97.368 97.308
2024_0412_12:07:30 14 97.188 97.296
2024_0412_12:08:24 14 -0.04 0.368
2024_0412_12:08:50 14 45.488 46.826
2024_0412_12:09:16 14 -1.144 0.018
2024_0412_12:09:49 14 0.534 0.136
2024_0412_12:10:37 14 97.378 97.982
2024_0412_12:10:56 14 97.058 48.964
2024_0412_12:11:03 14 -0.684 49.802
2024_0412_12:11:28 14 38.538 -10.058
2024_0412_12:11:45 14 97.93 97.898
2024_0412_12:12:06 14 98.134 97.892
2024_0412_12:12:52 14 96.998 96.488
2024_0412_12:15:02 14 96.994 96.456
2024_0412_12:15:44 14 98.346 97.94
2024_0412_12:16:33 14 -0.272 0.462
2024_0412_12:16:48 14 -35.984 35.586
2024_0412_12:17:04 14 -3.126 49.71
2024_0412_12:18:03 14 0.324 -0.128
2024_0412_12:18:04 14 97.256 97.146
2024_0412_12:18:09 14 28.08 20.714
2024_0412_12:18:35 14 -0.958 -0.662
2024_0412_12:19:38 14 97.06 97.306
2024_0412_12:20:09 14 46.242 47.506
2024_0412_12:20:15 14 95.49 97.362
2024_0412_12:20:24 14 0.448 -0.062
2024_0412_12:20:47 14 44.35 45.416
2024_0412_12:21:26 14 97.392 97.254
2024_0412_12:22:31 14 43.082 -2.34
2024_0412_12:23:39 14 -33.678 33.616
2024_0412_12:25:20 14 0.518 -0.074
2024_0412_12:25:25 14 49.756 -1.15
2024_0412_12:25:26 14 -8.408 8.298
2024_0412_12:25:41 14 69.642 -10.156
2024_0412_12:26:52 14 -0.436 -0.208
2024_0412_12:27:29 14 99.996 -99.996
2024_0412_12:27:34 14 97.14 97.036
2024_0412_12:28:29 14 4.106 19.224
2024_0412_12:28:49 14 0.242 -0.208
2024_0412_12:28:58 14 97.158 97.436
2024_0412_12:29:24 14 0.586 -0.236
2024_0412_12:29:35 14 47.986 97.18
2024_0412_12:29:41 14 97.448 96.73
2024_0412_12:32:44 14 0.12 0.156
2024_0412_12:33:06 14 0.394 0.034
2024_0412_12:33:37 14 97.122 97.618
2024_0412_12:34:27 14 97.298 96.458
2024_0412_12:34:44 14 0.618 0.404
2024_0412_12:34:53 14 97.844 97.218
2024_0412_12:35:06 14 0.354 0.714
2024_0412_12:35:13 14 -9.994 10.442
2024_0412_12:36:16 14 97.254 97.484
2024_0412_12:36:22 14 81.478 81.628
2024_0412_12:37:15 14 1.538 0.118
2024_0412_12:37:23 14 96.638 97.394
2024_0412_12:37:33 14 0.478 0.15
2024_0412_12:37:48 14 96.272 95.74
2024_0412_12:38:00 14 -0.014 -0.292
2024_0412_12:40:17 14 97.628 97.316
2024_0412_12:40:52 14 97.29 97.506
2024_0412_12:41:57 15 22.506 23.332
2024_0412_12:42:36 14 -3.988 43.772
2024_0412_12:43:20 15 97.052 97.442
2024_0412_12:43:44 15 97.234 97.366
2024_0412_12:44:02 15 30.896 1.128
2024_0412_12:44:04 15 97.326 97.924
2024_0412_12:44:33 15 0.252 0.126
2024_0412_12:45:39 15 8.95 -9.848
2024_0412_12:45:44 15 -0.124 -0.036
2024_0412_12:45:48 15 0.856 0.234
2024_0412_12:45:59 15 97.85 98.03
2024_0412_12:46:13 15 0.0 -0.084
2024_0412_12:47:46 15 -0.098 0.288
2024_0412_12:49:05 15 97.26 97.368
2024_0412_12:51:02 15 0.24 -0.348
2024_0412_12:51:25 15 17.99 17.284
2024_0412_12:51:40 15 48.98 -17.926
2024_0412_12:51:58 15 22.098 97.906
2024_0412_12:52:13 15 97.246 74.886
2024_0412_12:52:25 15 13.26 -12.904
2024_0412_12:52:52 15 32.484 -17.03
2024_0412_12:53:48 15 97.498 97.626
2024_0412_12:53:51 15 6.584 -4.568
2024_0412_12:53:51 15 0.34 0.186
2024_0412_12:54:01 15 97.362 97.05
2024_0412_12:54:11 15 97.656 94.702
2024_0412_12:55:22 15 -0.314 -0.534
2024_0412_12:55:22 15 98.046 97.96
2024_0412_12:56:33 15 87.09 57.118
2024_0412_12:57:51 15 42.176 46.768
2024_0412_13:00:05 15 98.37 48.664
2024_0412_13:00:41 15 98.012 97.972
2024_0412_13:01:00 15 97.85 95.732
2024_0412_13:01:01 15 0.72 0.942
2024_0412_13:01:15 15 97.256 97.26
2024_0412_13:01:50 15 -7.892 7.978
2024_0412_13:02:14 15 8.338 -8.652
2024_0412_13:02:33 15 95.822 96.774
2024_0412_13:02:48 15 -0.12 0.152
2024_0412_13:02:48 15 -0.504 -0.048
2024_0412_13:02:53 15 1.966 -2.05
2024_0412_13:04:13 15 97.096 97.186
2024_0412_13:04:50 15 97.338 97.346
2024_0412_13:05:21 15 93.876 96.596
2024_0412_13:08:21 15 48.06 97.228
2024_0412_13:08:23 15 98.004 98.404
2024_0412_13:09:02 15 97.712 97.128
2024_0412_13:09:13 15 -0.524 -0.878
2024_0412_13:09:59 15 31.092 30.512
2024_0412_13:09:59 15 98.476 97.866
2024_0412_13:10:16 15 98.048 97.914
2024_0412_13:10:18 15 1.98 1.382
2024_0412_13:11:11 15 -3.67 3.448
2024_0412_13:11:21 15 14.622 13.826
2024_0412_13:11:33 15 76.776 77.548
2024_0412_13:11:34 15 1.852 -2.932
2024_0412_13:11:43 15 0.084 -0.652
2024_0412_13:13:06 15 97.128 46.278
2024_0412_13:14:10 15 4.992 2.642
2024_0412_13:14:29 15 97.106 97.138
2024_0412_13:16:45 15 58.0 54.488
2024_0412_13:17:09 15 -1.738 47.884
2024_0412_13:18:27 15 -0.172 -0.324
2024_0412_13:18:36 15 97.35 95.964
2024_0412_13:19:04 15 -9.52 10.97
2024_0412_13:19:12 15 97.888 98.112
2024_0412_13:20:01 15 -0.628 0.56
2024_0412_13:20:02 15 -0.542 -0.108
2024_0412_13:20:17 15 12.28 12.848
2024_0412_13:20:22 15 -49.996 49.996
2024_0412_13:20:22 15 24.664 20.862
2024_0412_13:20:35 15 97.858 97.85
2024_0412_13:22:36 15 -0.288 0.218
2024_0412_13:23:37 15 -99.986 99.99
2024_0412_13:25:31 15 0.018 -0.002
2024_0412_13:25:33 15 -0.354 -0.74
2024_0412_13:25:56 15 2.312 -0.566
2024_0412_13:26:50 15 96.916 95.868
2024_0412_13:27:32 15 41.464 41.77
2024_0412_13:27:36 15 -1.67 49.758
2024_0412_13:28:13 15 97.02 97.626
2024_0412_13:28:18 15 47.874 47.134
2024_0412_13:28:42 15 0.63 -0.048
2024_0412_13:29:15 15 97.992 97.966
2024_0412_13:29:26 15 97.698 97.69
2024_0412_13:29:28 15 -0.28 0.62
2024_0412_13:29:41 15 48.314 97.14
2024_0412_13:31:07 15 -10.018 9.8
2024_0412_13:32:02 15 -100.0 49.996
2024_0412_13:32:26 15 97.45 96.588
2024_0412_13:33:47 15 -0.094 -0.348
2024_0412_13:34:41 15 97.314 97.02
2024_0412_13:35:40 15 -13.592 40.196
2024_0412_13:35:52 15 0.034 -0.03
2024_0412_13:36:29 15 98.406 98.216
2024_0412_13:36:38 15 -0.242 0.04
2024_0412_13:36:58 15 -0.268 -0.132
2024_0412_13:37:15 15 12.636 -12.25
2024_0412_13:37:36 15 0.196 0.042
2024_0412_13:38:11 15 97.438 97.652
2024_0412_13:38:15 15 0.038 -0.084
2024_0412_13:38:51 15 97.668 97.056
2024_0412_13:39:10 15 0.146 -0.566
2024_0412_13:41:05 15 -0.7 0.52
2024_0412_13:41:14 15 77.092 77.854
2024_0412_13:42:34 15 -22.1 59.6
2024_0412_13:43:32 15 0.222 1.328
2024_0412_13:43:52 15 95.848 97.66
2024_0412_13:44:43 15 41.58 41.378
2024_0412_13:45:18 15 -50.0 50.0
2024_0412_13:45:30 15 -0.68 0.304
2024_0412_13:46:02 15 84.964 88.544
2024_0412_13:46:12 15 0.444 0.772
2024_0412_13:46:26 15 49.996 49.998
2024_0412_13:46:56 15 -0.084 0.238
2024_0412_13:46:59 15 99.212 -36.754
2024_0412_13:48:31 15 0.262 0.614
2024_0412_13:48:38 15 -0.096 0.196
2024_0412_13:49:58 15 97.368 96.644
2024_0412_13:50:04 15 96.754 91.728
2024_0412_13:51:17 15 97.242 97.65
2024_0412_13:52:02 15 96.47 97.394
2024_0412_13:53:10 15 47.56 48.598
2024_0412_13:53:13 15 1.888 1.218
2024_0412_13:53:34 15 80.762 87.084
2024_0412_13:54:06 15 97.616 97.058
2024_0412_13:54:24 15 -1.36 -0.25
2024_0412_13:55:11 15 1.074 0.856
2024_0412_13:55:16 15 0.0 -0.002
2024_0412_13:55:47 15 0.032 0.196
2024_0412_13:56:23 15 33.428 -33.23
2024_0412_13:56:25 15 27.416 -27.72
2024_0412_13:57:22 15 -16.728 17.362
2024_0412_13:58:17 15 97.28 96.742
2024_0412_13:59:05 15 0.62 0.056
2024_0412_14:00:15 15 97.462 97.106
2024_0412_14:00:53 15 98.104 97.678
2024_0412_14:02:36 15 -0.798 -0.52
2024_0412_14:02:41 15 -0.678 0.312
2024_0412_14:02:45 15 0.136 -0.368
2024_0412_14:03:19 15 0.506 0.628
2024_0412_14:03:24 15 -10.0 10.002
2024_0412_14:03:41 15 97.53 96.908
2024_0412_14:04:05 15 -9.716 10.244
2024_0412_14:04:09 15 0.672 -0.466
2024_0412_14:04:38 15 45.47 97.32
2024_0412_14:05:51 15 97.084 93.93
2024_0412_14:06:47 15 42.204 12.412
2024_0412_14:07:50 15 47.48 -0.674
2024_0412_14:08:00 15 96.896 97.234
2024_0412_14:08:35 15 97.766 97.656
2024_0412_14:09:22 15 -0.48 -0.006
2024_0412_14:10:52 15 18.93 19.888
2024_0412_14:11:03 15 97.67 96.542
2024_0412_14:11:12 15 -0.504 -0.678
2024_0412_14:11:45 15 -18.452 20.154
2024_0412_14:11:45 15 -0.83 -0.03
2024_0412_14:12:22 15 14.102 14.438
2024_0412_14:12:37 15 -0.796 0.12
2024_0412_14:12:53 15 -0.97 -0.598
2024_0412_14:13:04 15 97.684 94.086
2024_0412_14:14:16 15 -0.51 -0.436
2024_0412_14:15:06 15 96.882 97.1
2024_0412_14:16:40 15 -0.848 -0.912
2024_0412_14:16:46 15 4.272 -4.164
2024_0412_14:16:49 15 97.88 97.668
2024_0412_14:17:21 15 -1.034 -0.288
2024_0412_14:17:32 15 -0.452 -0.074
2024_0412_14:19:18 15 2.368 -2.082
2024_0412_14:19:43 15 -99.996 49.998
2024_0412_14:19:55 16 12.288 14.2
2024_0412_14:20:40 15 97.992 97.124
2024_0412_14:21:24 16 19.532 -20.476
2024_0412_14:21:33 16 -0.844 -0.836
2024_0412_14:21:43 16 -9.978 10.286
2024_0412_14:21:59 16 -0.006 0.254
2024_0412_14:23:05 16 43.94 -1.404
2024_0412_14:23:08 15 97.624 97.504
2024_0412_14:23:57 16 98.218 98.246
2024_0412_14:25:39 16 16.574 -17.366
2024_0412_14:25:43 16 91.756 97.314
2024_0412_14:26:08 16 19.462 -4.486
2024_0412_14:27:08 16 97.92 97.762
2024_0412_14:27:34 16 93.526 92.746
2024_0412_14:27:41 16 62.054 -14.694
2024_0412_14:27:58 16 95.906 96.716
2024_0412_14:28:13 16 49.234 49.194
2024_0412_14:29:54 16 58.146 61.948
2024_0412_14:30:05 16 0.764 0.732
2024_0412_14:30:44 16 16.736 -16.704
2024_0412_14:31:10 16 98.442 98.042
2024_0412_14:31:33 16 0.24 -0.504
2024_0412_14:31:49 16 -0.496 0.118
2024_0412_14:32:43 16 98.466 98.184
2024_0412_14:32:48 16 -0.496 -0.144
2024_0412_14:34:30 16 45.192 97.526
2024_0412_14:34:38 16 95.984 97.62
2024_0412_14:34:51 16 97.166 48.194
2024_0412_14:35:44 16 16.968 -16.638
2024_0412_14:36:13 16 -0.168 -0.12
2024_0412_14:36:44 16 16.43 -16.626
2024_0412_14:37:01 16 -34.054 58.412
2024_0412_14:38:57 16 97.682 97.312
2024_0412_14:39:09 16 97.716 97.962
2024_0412_14:39:26 16 -8.102 6.496
2024_0412_14:39:42 16 -0.174 0.086
2024_0412_14:40:44 16 0.272 -0.086
2024_0412_14:41:00 16 -0.688 0.058
2024_0412_14:41:02 16 0.556 0.412
2024_0412_14:41:21 16 0.614 -0.382
2024_0412_14:41:58 16 9.982 -10.142
2024_0412_14:42:39 16 97.542 96.692
2024_0412_14:43:21 16 0.63 -0.076
2024_0412_14:43:44 16 97.926 93.228
2024_0412_14:44:26 16 0.864 -0.796
2024_0412_14:44:29 16 12.89 12.806
2024_0412_14:44:59 16 76.86 76.698
2024_0412_14:45:13 16 97.946 97.976
2024_0412_14:47:11 16 -0.73 29.044
2024_0412_14:48:12 16 0.814 0.918
2024_0412_14:49:14 16 -0.12 -0.15
2024_0412_14:49:51 16 95.936 92.238
2024_0412_14:49:51 16 77.562 78.074
2024_0412_14:49:56 16 97.186 97.42
2024_0412_14:50:07 16 0.094 -0.356
2024_0412_14:50:55 16 98.178 97.966
2024_0412_14:51:10 16 97.018 97.476
2024_0412_14:51:32 16 0.36 0.036
2024_0412_14:52:33 16 80.412 43.312
2024_0412_14:52:37 16 97.294 96.88
2024_0412_14:52:47 16 97.714 97.622
2024_0412_14:52:59 16 -9.964 9.94
2024_0412_14:53:14 16 69.74 53.942
2024_0412_14:53:21 16 37.692 90.01
2024_0412_14:55:23 16 0.038 -0.238
2024_0412_14:56:59 16 -0.456 0.756
2024_0412_14:58:02 16 42.398 9.656
2024_0412_14:58:38 16 46.768 98.316
2024_0412_14:58:40 16 33.542 -15.918
2024_0412_14:58:56 16 25.0 -23.804
2024_0412_14:59:10 16 33.126 32.412
2024_0412_14:59:19 16 98.292 98.164
2024_0412_15:00:57 16 97.406 93.984
2024_0412_15:01:40 16 47.636 98.176
2024_0412_15:01:48 16 97.884 97.756
2024_0412_15:02:06 16 0.322 -0.62
2024_0412_15:02:06 16 98.048 97.78
2024_0412_15:02:13 16 97.746 97.308
2024_0412_15:02:45 16 98.69 98.092
2024_0412_15:03:32 16 -2.394 23.862
2024_0412_15:05:13 16 -1.434 -0.61
2024_0412_15:06:34 16 98.532 98.366
2024_0412_15:07:27 16 97.324 97.99
2024_0412_15:07:46 16 0.644 0.048
2024_0412_15:07:55 16 -49.998 99.992
2024_0412_15:08:04 16 1.424 0.96
2024_0412_15:08:16 16 97.934 97.902
2024_0412_15:09:02 16 9.866 -9.97
2024_0412_15:09:57 16 0.398 -0.04
2024_0412_15:10:37 16 0.372 0.7
2024_0412_15:11:34 16 -17.576 15.998
2024_0412_15:11:53 16 97.142 94.82
2024_0412_15:12:07 16 -8.424 8.202
2024_0412_15:14:45 16 49.998 -49.998
2024_0412_15:15:48 16 77.778 32.098
2024_0412_15:15:59 16 98.256 98.2
2024_0412_15:16:40 16 15.49 17.21
2024_0412_15:16:56 16 97.942 97.066
2024_0412_15:17:10 16 0.94 0.528
2024_0412_15:17:35 16 0.622 0.692
2024_0412_15:17:51 16 62.332 61.016
2024_0412_15:17:58 16 97.304 96.76
2024_0412_15:18:06 16 11.536 6.22
2024_0412_15:18:20 16 7.24 0.584
2024_0412_15:18:31 16 -1.52 3.178
2024_0412_15:19:54 16 0.306 0.048
2024_0412_15:20:10 16 -99.996 -99.996
2024_0412_15:20:37 16 13.826 12.928
2024_0412_15:23:37 16 92.158 96.836
2024_0412_15:24:52 16 99.996 49.996
2024_0412_15:24:59 16 0.022 -0.746
2024_0412_15:25:07 16 97.864 97.436
2024_0412_15:25:39 16 -0.458 47.324
2024_0412_15:26:08 16 38.116 -36.234
2024_0412_15:26:23 16 97.844 97.902
2024_0412_15:26:40 16 79.65 80.384
2024_0412_15:26:58 16 0.312 -0.116
2024_0412_15:27:02 16 -0.268 0.656
2024_0412_15:28:39 16 1.076 0.24
2024_0412_15:28:42 16 -8.468 56.198
2024_0412_15:29:03 16 0.924 -0.612
2024_0412_15:29:19 16 0.19 0.572
2024_0412_15:29:20 16 44.626 -5.718
2024_0412_15:31:34 16 -0.666 -0.632
2024_0412_15:32:30 16 97.942 97.894
2024_0412_15:33:04 16 9.126 11.684
2024_0412_15:33:15 16 -0.318 -0.268
2024_0412_15:34:05 16 98.498 98.046
2024_0412_15:34:50 16 96.912 69.67
2024_0412_15:35:08 16 77.89 77.926
2024_0412_15:35:11 17 30.478 60.382
2024_0412_15:35:32 16 -9.88 9.75
2024_0412_15:36:17 17 -0.416 0.048
2024_0412_15:36:57 17 62.716 45.922
2024_0412_15:38:00 17 12.108 11.052
2024_0412_15:38:03 17 0.252 -0.03
2024_0412_15:38:48 17 -0.182 0.034
2024_0412_15:39:43 17 47.768 97.474
2024_0412_15:40:37 17 22.736 23.716
2024_0412_15:40:45 17 0.054 0.008
2024_0412_15:41:17 17 39.748 -40.272
2024_0412_15:41:28 17 -0.038 -0.078
2024_0412_15:42:14 17 97.954 97.846
2024_0412_15:42:22 17 -0.448 -0.074
2024_0412_15:43:28 17 97.802 97.536
2024_0412_15:43:49 17 5.27 -2.746
2024_0412_15:43:55 17 -0.322 -0.228
2024_0412_15:44:56 17 0.142 -0.308
2024_0412_15:45:16 17 48.052 39.264
2024_0412_15:45:51 17 14.228 62.426
2024_0412_15:46:48 17 -6.178 5.708
2024_0412_15:46:50 17 -0.49 0.072
2024_0412_15:48:26 17 -50.08 49.768
2024_0412_15:49:08 17 -14.888 57.238
2024_0412_15:49:22 17 -1.616 15.278
2024_0412_15:49:49 17 39.786 -39.876
2024_0412_15:50:18 17 88.586 95.502
2024_0412_15:50:34 17 57.932 86.768
2024_0412_15:50:45 17 19.846 12.794
2024_0412_15:51:38 17 3.594 1.87
2024_0412_15:52:06 17 10.486 10.752
2024_0412_15:52:45 17 81.622 81.346
2024_0412_15:52:49 17 96.542 97.124
2024_0412_15:53:48 17 47.716 41.556
2024_0412_15:54:10 17 98.08 97.982
2024_0412_15:54:21 17 -7.358 7.492
2024_0412_15:55:43 17 75.076 75.586
2024_0412_15:55:45 17 97.574 97.476
2024_0412_15:57:31 17 0.25 -0.03
2024_0412_15:57:33 17 96.824 70.938
2024_0412_15:57:59 17 98.1 97.986
2024_0412_15:58:04 17 97.074 97.228
2024_0412_15:58:49 17 76.444 77.102
2024_0412_15:59:00 17 17.608 -3.172
2024_0412_15:59:45 17 17.602 18.736
2024_0412_15:59:46 17 -8.094 23.9
2024_0412_16:01:46 17 -0.226 0.324
2024_0412_16:02:15 17 97.232 97.802
2024_0412_16:02:43 17 -10.158 38.554
2024_0412_16:03:17 17 73.416 96.786
2024_0412_16:03:28 17 -0.256 0.29
2024_0412_16:04:09 17 97.852 95.818
2024_0412_16:04:32 17 9.888 -9.514
2024_0412_16:05:45 17 2.932 -2.918
2024_0412_16:06:10 17 -0.678 0.28
2024_0412_16:06:18 17 13.832 13.956
2024_0412_16:06:50 17 76.438 77.214
2024_0412_16:07:21 17 97.876 97.984
2024_0412_16:07:32 17 47.03 45.464
2024_0412_16:08:30 17 77.49 97.65
2024_0412_16:08:39 17 49.994 100.0
2024_0412_16:10:03 17 97.84 97.502
2024_0412_16:11:00 17 14.85 12.246
2024_0412_16:11:21 17 -0.332 0.028
2024_0412_16:11:26 17 -0.958 0.71
2024_0412_16:12:22 17 26.0 4.882
2024_0412_16:13:22 17 96.408 97.544
2024_0412_16:13:58 17 10.0 6.648
2024_0412_16:15:01 17 78.116 77.9
2024_0412_16:15:02 17 39.14 18.602
2024_0412_16:15:37 17 0.028 0.178
2024_0412_16:16:20 17 -0.902 -0.386
2024_0412_16:17:02 17 77.144 77.07
2024_0412_16:17:19 17 -0.246 0.704
2024_0412_16:17:42 17 -20.938 20.178
2024_0412_16:18:49 17 0.276 -0.136
2024_0412_16:19:14 17 -0.166 -0.138
2024_0412_16:19:22 17 97.204 88.718
2024_0412_16:19:40 17 90.382 96.67
2024_0412_16:20:15 17 93.944 97.672
2024_0412_16:22:25 17 -10.092 9.868
2024_0412_16:22:43 17 -1.012 -1.456
2024_0412_16:22:46 17 15.486 14.954
2024_0412_16:22:48 17 9.882 -10.162
2024_0412_16:23:46 17 -7.778 8.758
2024_0412_16:23:53 17 12.652 -12.728
2024_0412_16:24:31 17 -0.478 -0.628
2024_0412_16:24:40 17 97.892 97.95
2024_0412_16:25:51 17 -5.504 5.608
2024_0412_16:25:57 17 -1.198 0.83
2024_0412_16:26:06 17 28.476 28.818
2024_0412_16:27:32 17 66.08 87.978
2024_0412_16:27:54 17 -11.24 10.554
2024_0412_16:28:12 17 0.446 -0.01
2024_0412_16:28:29 17 -0.382 0.348
2024_0412_16:28:49 17 97.032 94.858
2024_0412_16:31:11 17 0.222 0.308
2024_0412_16:31:59 17 0.436 0.21
2024_0412_16:32:09 17 -25.372 25.184
2024_0412_16:32:30 17 -0.138 0.364
2024_0412_16:32:53 17 -0.642 0.098
2024_0412_16:33:15 17 0.97 0.466
2024_0412_16:34:16 17 97.138 96.82
2024_0412_16:34:44 17 -9.282 9.888
2024_0412_16:34:53 17 -0.186 0.716
2024_0412_16:36:01 17 32.308 54.138
2024_0412_16:36:13 17 -0.964 -0.12
2024_0412_16:36:38 17 -10.53 18.424
2024_0412_16:37:11 17 97.814 97.494
2024_0412_16:38:09 17 18.894 16.932
2024_0412_16:38:18 17 0.098 -0.026
2024_0412_16:40:06 17 -0.294 -1.03
2024_0412_16:40:33 17 0.442 -0.632
2024_0412_16:41:08 17 97.986 97.798
2024_0412_16:41:38 17 0.052 0.704
2024_0412_16:41:45 17 0.062 0.708
2024_0412_16:42:03 17 -0.522 -0.362
2024_0412_16:42:47 17 -0.566 0.978
2024_0412_16:43:40 17 97.304 97.538
2024_0412_16:44:05 17 0.298 0.518
2024_0412_16:44:46 17 0.472 0.012
2024_0412_16:45:00 17 42.402 16.618
2024_0412_16:45:06 17 -0.164 -0.118
2024_0412_16:45:38 17 13.74 15.704
2024_0412_16:46:01 17 -2.87 2.212
2024_0412_16:47:13 17 97.622 41.474
2024_0412_16:47:54 17 -0.63 0.138
2024_0412_16:48:27 17 94.808 94.752
2024_0412_16:50:00 17 21.926 2.248
2024_0412_16:50:20 17 14.852 -9.784
2024_0412_16:50:34 17 49.436 -49.2
2024_0412_16:51:35 17 97.92 98.128
2024_0412_16:51:44 17 96.794 48.066
2024_0412_16:52:48 17 -1.866 12.424
2024_0412_16:52:57 17 0.444 -0.826
2024_0412_16:53:37 17 40.31 95.824
2024_0412_16:53:40 17 48.494 -4.362
2024_0412_16:54:09 17 14.834 14.45
2024_0412_16:56:01 17 -0.356 -0.572
2024_0412_16:56:28 17 97.406 96.782
2024_0412_16:57:18 17 0.218 0.27
2024_0412_16:57:34 17 44.444 43.258
2024_0412_16:58:07 17 -0.494 0.342
2024_0412_16:59:09 17 58.502 85.984
2024_0412_17:00:07 17 2.418 2.086
2024_0412_17:00:11 17 98.406 98.208
2024_0412_17:00:43 17 97.788 47.962
2024_0412_17:01:04 17 -49.998 49.998
2024_0412_17:01:14 17 -0.014 0.216
2024_0412_17:02:02 17 73.134 72.136
2024_0412_17:02:30 17 93.762 97.37
2024_0412_17:03:01 17 5.72 -6.028
2024_0412_17:03:22 17 98.0 97.93
2024_0412_17:04:48 17 78.288 78.452
2024_0412_17:04:51 17 -9.568 10.678
2024_0412_17:06:13 18 -15.87 14.89
2024_0412_17:06:14 18 97.434 96.76
2024_0412_17:06:25 18 98.15 97.828
2024_0412_17:07:53 17 0.074 -0.042
2024_0412_17:08:22 18 45.794 -45.978
2024_0412_17:08:42 18 -30.34 74.024
2024_0412_17:09:34 18 99.996 -99.996
2024_0412_17:09:39 18 98.154 98.022
2024_0412_17:09:46 18 -0.61 -0.082
2024_0412_17:10:15 18 98.388 96.194
2024_0412_17:10:28 18 35.844 35.478
2024_0412_17:11:18 18 32.89 -3.988
2024_0412_17:11:26 18 16.724 15.552
2024_0412_17:13:02 18 97.038 48.04
2024_0412_17:13:11 18 49.774 -1.03
2024_0412_17:13:46 18 92.566 92.586
2024_0412_17:14:36 18 3.452 22.592
2024_0412_17:15:09 18 -0.838 0.18
2024_0412_17:15:47 18 -0.468 -0.896
2024_0412_17:16:43 18 1.81 1.364
2024_0412_17:17:00 18 0.142 -0.228
2024_0412_17:17:45 18 25.81 46.218
2024_0412_17:18:23 18 97.828 97.948
2024_0412_17:18:26 18 -6.928 41.042
2024_0412_17:18:30 18 10.83 -1.078
2024_0412_17:18:41 18 0.132 0.288
2024_0412_17:20:08 18 96.726 96.556
2024_0412_17:20:27 18 76.722 62.306
2024_0412_17:20:42 18 81.322 90.794
2024_0412_17:21:25 18 98.456 98.024
2024_0412_17:21:52 18 -0.686 0.942
2024_0412_17:22:37 18 -0.41 -0.246
2024_0412_17:22:45 18 97.176 96.998
2024_0412_17:23:52 18 -11.41 5.308
2024_0412_17:24:38 18 -0.418 0.108
2024_0412_17:25:03 18 -10.24 9.334
2024_0412_17:26:09 18 97.034 97.158
2024_0412_17:26:37 18 -0.292 -0.202
2024_0412_17:26:46 18 97.366 97.646
2024_0412_17:27:02 18 -0.174 0.492
2024_0412_17:27:06 18 -0.544 -0.532
2024_0412_17:29:22 18 0.248 -0.156
2024_0412_17:29:31 18 97.458 96.278
2024_0412_17:29:31 18 -3.744 5.556
2024_0412_17:29:35 18 -0.656 -0.15
2024_0412_17:29:51 18 17.346 -9.584
2024_0412_17:30:44 18 67.706 3.742
2024_0412_17:30:53 18 97.574 97.362
2024_0412_17:32:43 18 12.362 13.84
2024_0412_17:33:16 18 36.48 42.276
2024_0412_17:33:42 18 0.736 0.778
2024_0412_17:35:08 18 41.582 41.422
2024_0412_17:35:21 18 -0.954 0.45
2024_0412_17:35:30 18 98.056 97.818
2024_0412_17:35:31 18 -0.304 0.496
2024_0412_17:36:29 18 52.83 51.78
2024_0412_17:37:45 18 -3.498 49.056
2024_0412_17:38:18 18 -0.17 0.122
2024_0412_17:38:22 18 11.372 -2.552
2024_0412_17:38:47 18 97.724 97.422
2024_0412_17:38:53 18 3.768 34.414
2024_0412_17:39:31 18 41.692 33.888
2024_0412_17:40:24 18 -0.152 -0.518
2024_0412_17:41:10 18 0.372 0.21
2024_0412_17:41:17 18 -28.35 48.286
2024_0412_17:41:33 18 89.296 63.794
2024_0412_17:42:25 18 -0.524 29.864
2024_0412_17:43:02 18 45.914 45.996
2024_0412_17:43:51 18 50.0 49.996
2024_0412_17:44:51 18 0.0 -0.032
2024_0412_17:45:10 18 -36.826 38.834
2024_0412_17:45:14 18 -0.44 0.126
2024_0412_17:45:43 18 97.25 97.238
2024_0412_17:46:57 18 85.224 66.39
2024_0412_17:47:31 18 98.39 96.628
2024_0412_17:47:40 18 28.736 39.82
2024_0412_17:47:50 18 0.126 0.178
2024_0412_17:48:57 18 95.826 97.772
2024_0412_17:49:30 18 98.648 76.198
2024_0412_17:50:02 18 -20.118 19.98
2024_0412_17:50:35 18 27.358 75.232
2024_0412_17:51:02 18 0.386 -0.504
2024_0412_17:51:07 18 97.946 98.048
2024_0412_17:52:30 18 -12.128 12.734
2024_0412_17:52:47 18 47.878 98.844
2024_0412_17:53:31 18 97.914 98.152
2024_0412_17:53:50 18 -0.64 -0.43
2024_0412_17:54:56 18 1.09 -0.018
2024_0412_17:56:15 18 13.582 16.24
2024_0412_17:56:30 18 -13.396 12.998
2024_0412_17:56:52 18 98.17 97.836
2024_0412_17:57:41 18 96.962 97.158
2024_0412_17:58:31 18 18.492 18.102
2024_0412_17:59:36 18 -2.75 2.43
2024_0412_17:59:39 18 -5.116 22.588
2024_0412_18:00:04 18 -0.082 0.52
2024_0412_18:00:10 18 0.326 1.618
2024_0412_18:00:38 18 96.872 95.72
2024_0412_18:01:20 18 97.158 96.964
2024_0412_18:02:12 18 99.98 0.0
2024_0412_18:02:23 18 81.91 82.186
2024_0412_18:03:04 18 96.546 97.804
2024_0412_18:04:25 18 97.772 97.994
2024_0412_18:04:40 18 41.038 -1.0
2024_0412_18:04:55 18 -0.114 0.106
2024_0412_18:05:14 18 -5.346 49.014
2024_0412_18:06:05 18 5.58 7.554
2024_0412_18:06:54 18 12.87 12.212
2024_0412_18:07:51 18 0.778 0.488
2024_0412_18:08:05 18 10.11 -10.002
2024_0412_18:08:57 18 97.09 97.496
2024_0412_18:09:03 18 97.446 95.406
2024_0412_18:09:21 18 -0.602 -0.146
2024_0412_18:10:37 18 0.298 0.668
2024_0412_18:10:41 18 96.77 97.084
2024_0412_18:10:43 18 11.494 13.822
2024_0412_18:11:20 18 0.496 -0.086
2024_0412_18:12:45 18 98.132 98.334
2024_0412_18:13:30 18 97.978 98.178
2024_0412_18:13:52 18 58.89 58.648
2024_0412_18:14:01 18 30.716 32.31
2024_0412_18:14:17 18 -49.996 -99.992
2024_0412_18:14:45 18 8.196 6.384
2024_0412_18:16:13 18 50.002 -99.992
2024_0412_18:16:30 18 0.452 0.308
2024_0412_18:17:11 18 95.088 89.346
2024_0412_18:17:31 18 12.598 -5.83
2024_0412_18:17:43 18 97.492 97.486
2024_0412_18:17:53 18 0.488 0.358
2024_0412_18:19:01 18 5.202 3.6
2024_0412_18:19:08 18 0.01 -0.228
2024_0412_18:19:24 18 -0.582 -0.418
2024_0412_18:21:18 18 96.384 96.546
2024_0412_18:22:29 18 22.616 -5.314
2024_0412_18:22:50 18 35.258 1.632
2024_0412_18:23:04 18 -0.372 0.448
2024_0412_18:23:05 18 96.716 96.358
2024_0412_18:23:19 18 -0.132 0.488
2024_0412_18:23:45 18 -0.788 0.11
2024_0412_18:25:02 18 -0.076 -0.346
2024_0412_18:25:34 18 54.532 55.682
2024_0412_18:25:58 18 -0.498 0.988
2024_0412_18:26:28 18 0.326 -1.424
2024_0412_18:26:55 18 0.124 0.666
2024_0412_18:27:12 18 93.068 97.762
2024_0412_18:27:30 18 93.454 97.64
2024_0412_18:28:03 18 97.722 97.664
2024_0412_18:28:10 18 98.214 98.222
2024_0412_18:30:35 18 -7.696 8.052
2024_0412_18:31:14 18 97.138 96.92
2024_0412_18:31:31 18 10.068 -9.976
2024_0412_18:31:43 18 97.804 97.556
2024_0412_18:31:45 18 14.586 6.02
2024_0412_18:31:56 18 -0.126 0.116
2024_0412_18:33:56 18 -46.916 62.138
2024_0412_18:34:09 18 -0.41 0.226
2024_0412_18:35:00 18 14.054 14.452
2024_0412_18:35:51 18 -0.184 0.74
2024_0412_18:36:26 18 8.802 -8.584
2024_0412_18:36:31 18 -9.178 9.89
2024_0412_18:36:41 18 -9.91 58.426
2024_0412_18:37:46 18 48.836 -0.62
2024_0412_18:39:08 18 97.302 96.558
2024_0412_18:40:15 19 11.918 4.4
2024_0412_18:40:27 19 97.712 97.296
2024_0412_18:40:51 19 -0.432 0.102
2024_0412_18:40:55 19 98.282 48.442
2024_0412_18:40:58 19 -14.446 14.232
2024_0412_18:41:59 19 -0.028 0.736
2024_0412_18:42:20 19 47.988 73.056
2024_0412_18:42:38 19 97.788 95.792
2024_0412_18:42:58 19 96.756 46.412
2024_0412_18:44:16 19 -1.302 1.47
2024_0412_18:45:12 19 1.9 -0.824
2024_0412_18:45:20 19 -0.58 0.102
2024_0412_18:45:35 19 96.32 97.5
2024_0412_18:47:40 19 -0.512 1.626
2024_0412_18:47:53 19 -0.656 0.79
2024_0412_18:48:44 19 1.436 0.69
2024_0412_18:49:02 19 -0.352 -0.082
2024_0412_18:49:40 19 -0.422 -0.816
2024_0412_18:50:11 19 0.238 0.466
2024_0412_18:50:58 19 -0.264 0.51
2024_0412_18:51:26 19 95.666 97.02
2024_0412_18:51:27 19 93.502 97.13
2024_0412_18:51:37 19 -9.682 9.57
2024_0412_18:52:40 19 -0.166 0.826
2024_0412_18:52:58 19 49.172 49.006
2024_0412_18:53:50 19 -0.16 0.26
2024_0412_18:53:58 19 0.13 0.142
2024_0412_18:54:52 19 0.052 -0.004
2024_0412_18:55:48 19 97.666 97.682
2024_0412_18:56:15 19 -2.004 72.136
2024_0412_18:57:12 19 13.97 -14.244
2024_0412_18:58:31 19 35.424 9.87
2024_0412_18:58:53 19 52.286 61.938
2024_0412_18:59:12 19 -0.19 -1.424
2024_0412_18:59:28 19 3.346 3.876
2024_0412_18:59:49 19 -0.254 1.112
2024_0412_19:01:53 19 0.146 -0.332
2024_0412_19:02:31 19 0.116 0.58
2024_0412_19:02:45 19 11.61 -11.544
2024_0412_19:02:50 19 9.76 9.442
2024_0412_19:03:20 19 98.158 97.902
2024_0412_19:03:26 19 0.31 0.158
2024_0412_19:03:59 19 2.098 -2.34
2024_0412_19:05:34 19 16.684 -16.95
2024_0412_19:06:12 19 16.582 -16.83
2024_0412_19:06:51 19 47.21 47.03
2024_0412_19:07:29 19 7.266 12.14
2024_0412_19:07:35 19 -0.082 0.3
2024_0412_19:08:02 19 0.338 0.148
2024_0412_19:08:12 19 -9.362 14.746
2024_0412_19:08:27 19 96.984 96.81
2024_0412_19:09:18 19 0.244 -0.416
2024_0412_19:10:58 19 0.264 46.068
2024_0412_19:11:37 19 81.614 9.48
2024_0412_19:11:40 19 -0.488 0.04
2024_0412_19:11:54 19 96.99 96.514
2024_0412_19:12:03 19 94.678 90.69
2024_0412_19:12:28 19 0.228 -0.256
2024_0412_19:14:43 19 93.466 94.008
2024_0412_19:14:50 19 97.978 97.852
2024_0412_19:14:54 19 19.806 -20.138
2024_0412_19:15:27 19 8.274 5.8
2024_0412_19:15:58 19 13.164 10.002
2024_0412_19:17:27 19 -9.952 12.09
2024_0412_19:17:29 19 46.042 45.696
2024_0412_19:17:48 19 97.826 97.536
2024_0412_19:18:49 19 -0.344 -0.664
2024_0412_19:19:27 19 -0.972 -0.456
2024_0412_19:20:20 19 -0.034 0.028
2024_0412_19:20:40 19 -1.068 6.48
2024_0412_19:21:00 19 97.23 97.608
2024_0412_19:21:09 19 -49.99 49.994
2024_0412_19:21:13 19 0.206 0.218
2024_0412_19:22:42 19 -0.194 -0.208
2024_0412_19:23:21 19 -0.724 0.276
2024_0412_19:23:30 19 49.61 -49.59
2024_0412_19:25:04 19 -0.7 1.076
2024_0412_19:25:10 19 56.432 45.666
2024_0412_19:26:41 19 24.758 -25.16
2024_0412_19:26:44 19 10.862 -10.102
2024_0412_19:26:44 19 97.69 97.414
2024_0412_19:27:52 19 2.81 2.15
2024_0412_19:27:53 19 15.518 -15.184
2024_0412_19:28:57 19 0.174 -0.816
2024_0412_19:29:39 19 0.088 -0.122
2024_0412_19:29:42 19 -0.37 0.104
2024_0412_19:29:43 19 96.846 96.848
2024_0412_19:29:46 19 13.064 12.74
2024_0412_19:29:54 19 47.804 -38.626
2024_0412_19:31:11 19 0.322 -0.05
2024_0412_19:32:03 19 0.524 -0.004
2024_0412_19:32:55 19 98.588 98.344
2024_0412_19:33:29 20 -0.202 0.092
2024_0412_19:35:14 20 97.756 87.214
2024_0412_19:35:16 20 97.398 97.652
2024_0412_19:35:29 20 20.666 8.052
2024_0412_19:36:34 20 -0.104 -0.2
2024_0412_19:37:16 20 44.368 45.006
2024_0412_19:37:25 20 12.926 47.328
2024_0412_19:38:21 20 -0.04 -0.318
2024_0412_19:38:25 20 22.978 48.66
2024_0412_19:38:31 20 75.47 74.544
2024_0412_19:38:44 20 49.998 -49.998
2024_0412_19:38:50 20 -0.174 0.494
2024_0412_19:40:20 20 100.0 100.0
2024_0412_19:41:33 20 -2.372 3.842
2024_0412_19:41:44 20 32.51 47.236
2024_0412_19:42:01 20 14.504 11.776
2024_0412_19:43:43 20 0.644 -0.316
2024_0412_19:44:11 20 13.608 10.61
2024_0412_19:44:14 20 4.828 6.866
2024_0412_19:44:33 20 97.016 97.246
2024_0412_19:45:32 20 57.9 67.214
2024_0412_19:46:06 20 37.362 38.474
2024_0412_19:47:06 20 0.492 0.386
2024_0412_19:47:08 20 97.74 98.284
2024_0412_19:47:14 20 97.328 97.316
2024_0412_19:47:26 20 0.276 0.496
2024_0412_19:48:09 20 -12.76 13.38
2024_0412_19:49:30 20 0.554 -0.09
2024_0412_19:50:13 20 81.13 -0.664
2024_0412_19:50:21 20 -0.058 -0.596
2024_0412_19:50:30 20 9.918 -10.406
2024_0412_19:52:57 20 97.464 97.31
2024_0412_19:53:24 20 -0.002 -0.002
2024_0412_19:53:35 20 17.126 -15.606
2024_0412_19:54:13 20 84.002 90.568
2024_0412_19:54:41 20 78.462 97.568
2024_0412_19:56:00 20 0.684 -1.298
2024_0412_19:56:08 20 0.202 -0.4
2024_0412_19:56:13 20 0.586 -1.31
2024_0412_19:56:26 20 97.222 97.046
2024_0412_19:56:37 20 96.894 97.284
2024_0412_19:57:26 20 -13.1 12.524
2024_0412_19:58:29 20 97.948 97.91
2024_0412_19:58:50 20 50.232 -50.118
2024_0412_19:58:53 20 8.052 8.87
2024_0412_19:58:59 20 -2.87 7.052
2024_0412_19:59:22 20 49.994 99.996
2024_0412_20:01:11 20 0.16 -0.112
2024_0412_20:01:54 20 0.394 0.7
2024_0412_20:02:12 20 97.724 97.766
2024_0412_20:02:47 20 46.604 1.956
2024_0412_20:03:42 20 34.616 46.138
2024_0412_20:04:42 20 98.052 97.33
2024_0412_20:04:49 20 97.38 96.384
2024_0412_20:04:54 20 96.804 97.536
2024_0412_20:05:06 20 -8.238 69.62
2024_0412_20:05:17 20 12.332 12.782
2024_0412_20:06:06 20 11.808 12.086
2024_0412_20:07:35 20 -0.796 0.038
2024_0412_20:07:36 20 -0.408 0.482
2024_0412_20:07:51 20 97.58 96.766
2024_0412_20:08:04 20 -0.216 49.202
2024_0412_20:08:05 20 26.562 39.446
2024_0412_20:10:20 20 13.918 15.328
2024_0412_20:10:58 20 87.088 71.278
2024_0412_20:11:20 20 -19.386 20.458
2024_0412_20:12:14 20 51.76 35.438
2024_0412_20:13:23 20 23.146 13.222
2024_0412_20:13:24 20 13.08 -12.24
2024_0412_20:13:28 20 -99.988 99.986
2024_0412_20:13:34 20 -9.648 9.456
2024_0412_20:14:29 20 68.256 88.022
2024_0412_20:14:39 20 -0.398 -0.946
2024_0412_20:15:54 20 0.842 1.204
2024_0412_20:16:05 20 96.912 97.782
2024_0412_20:16:40 20 0.414 0.02
2024_0412_20:16:48 20 97.884 97.892
2024_0412_20:16:49 20 3.588 95.952
2024_0412_20:19:40 20 0.728 0.302
2024_0412_20:19:42 20 13.798 15.444
2024_0412_20:20:33 20 49.998 -99.996
2024_0412_20:20:41 20 39.968 -39.756
2024_0412_20:20:44 20 46.942 98.712
2024_0412_20:21:55 20 78.696 83.406
2024_0412_20:22:00 20 -0.4 0.548
2024_0412_20:22:07 20 0.212 -0.326
2024_0412_20:23:04 20 -0.202 -0.876
2024_0412_20:23:32 20 47.95 98.534
2024_0412_20:23:55 20 62.328 60.384
2024_0412_20:24:33 20 26.892 -19.492
2024_0412_20:25:02 20 0.062 0.594
2024_0412_20:25:26 20 7.778 -7.836
2024_0412_20:25:31 20 49.5 -2.526
2024_0412_20:25:37 20 9.136 48.428
2024_0412_20:28:19 20 -10.14 25.102
2024_0412_20:29:15 13 14.24 14.87
2024_0412_20:29:47 5 98.18 98.034
2024_0412_20:29:49 13 -0.01 -0.042
2024_0412_20:31:07 13 97.258 97.404
2024_0412_20:31:07 13 0.3 -1.266
2024_0412_20:32:01 14 -0.766 49.806
2024_0412_20:32:31 14 96.046 97.556
2024_0412_20:32:52 14 -0.45 0.182
2024_0412_20:33:18 14 0.1 0.15
2024_0412_20:33:36 15 0.436 0.11
2024_0412_20:33:40 13 0.168 0.624
2024_0412_20:33:43 14 -0.988 0.468
2024_0412_20:34:01 15 -0.636 -0.478
2024_0412_20:34:50 15 97.734 98.1
2024_0412_20:34:53 15 0.31 0.088
2024_0412_20:37:21 15 98.356 97.862
2024_0412_20:38:19 15 50.228 63.364
2024_0412_20:38:59 15 -0.088 0.168
2024_0412_20:39:14 15 72.09 59.578
2024_0412_20:39:38 16 -0.718 0.594
2024_0412_20:40:32 16 12.088 -9.992
2024_0412_20:41:07 16 -0.536 -0.76
2024_0412_20:41:18 15 85.522 38.9
2024_0412_20:42:06 16 -0.282 -0.472
2024_0412_20:42:10 16 -37.504 38.212
2024_0412_20:42:17 16 0.538 6.054
2024_0412_20:42:18 16 0.358 -0.43
2024_0412_20:42:51 16 97.056 97.326
2024_0412_20:43:25 16 0.174 -0.05
2024_0412_20:44:10 17 97.992 97.926
2024_0412_20:44:11 17 0.548 0.676
2024_0412_20:45:50 17 10.476 -8.906
2024_0412_20:47:47 17 0.242 0.202
2024_0412_20:47:47 17 37.618 29.994
2024_0412_20:47:49 17 0.332 -0.094
2024_0412_20:48:08 17 96.856 96.684
2024_0412_20:48:56 17 14.562 14.308
2024_0412_20:49:55 17 73.614 73.816
2024_0412_20:50:12 17 69.996 71.942
2024_0412_20:50:41 17 72.138 49.654
2024_0412_20:50:51 17 12.796 14.238
2024_0412_20:50:51 17 74.744 -75.048
2024_0412_20:51:48 17 66.684 87.428
2024_0412_20:52:36 18 99.996 -49.996
2024_0412_20:52:51 18 96.594 97.662
2024_0412_20:53:14 18 -0.966 0.868
2024_0412_20:54:01 18 9.594 8.68
2024_0412_20:54:19 18 0.14 -0.008
2024_0412_20:56:19 18 -1.614 -0.464
2024_0412_20:56:56 19 -20.818 20.13
2024_0412_20:57:08 18 0.83 0.51
2024_0412_20:58:15 18 11.404 -11.716
2024_0412_20:58:28 19 -24.894 24.728
2024_0412_20:58:43 19 0.342 -0.026
2024_0412_20:59:29 19 94.028 93.658
2024_0412_20:59:35 19 97.564 97.772
2024_0412_21:00:14 19 -0.014 -0.348
2024_0412_21:00:26 19 15.308 -14.996
2024_0412_21:01:25 19 -10.332 10.268
2024_0412_21:02:38 20 53.522 52.926
2024_0412_21:03:32 20 -30.162 30.722
2024_0412_21:04:07 19 97.928 97.89
2024_0412_21:04:41 20 0.904 -1.012
2024_0412_21:04:56 20 -0.124 0.55
2024_0412_21:05:19 20 97.642 97.342
2024_0412_21:05:40 20 0.638 0.136
2024_0412_21:06:09 20 16.646 16.064
2024_0412_21:06:49 18 0.198 -1.158
2024_0412_21:10:25 19 13.082 12.876
2024_0412_21:11:44 20 49.768 -2.136
2024_0412_21:13:19 19 47.586 56.516
