0.20683000000013646 0.11868500000004831 0.027855000000003193 0.006694999999999811 0.02275500000000163 0.021925000000001377 0.020545000000000955 0.020290000000000877 0.020255000000000866 0.007929999999999762 0.0439749999999993 0.03667500000000213 0.061654999999992445 0.05844999999999369 0.06654999999999617 0.050869999999996626 0.06415999999999378 0.06262999999999225 0.04189000000000011 0.03938000000000108 
2024_0411_20:31:32 11 0.515 -0.01625
2024_0411_20:31:32 6 98.2625 98.3
2024_0411_20:32:09 10 97.98 97.48375
2024_0411_20:32:11 5 98.31125 98.46625
2024_0411_20:32:14 11 97.78 98.15
2024_0411_20:32:20 3 98.08625 97.89
2024_0411_20:32:26 4 98.24875 97.88125
2024_0411_20:32:52 7 97.95375 97.9025
2024_0411_20:32:53 1 98.30625 98.42875
2024_0411_20:32:55 2 98.08875 97.97
2024_0411_20:32:57 2 97.8775 97.67
2024_0411_20:32:57 9 98.64 98.51
2024_0411_20:33:00 8 98.06375 97.8525
2024_0411_20:33:00 1 98.4475 98.405
2024_0411_20:33:02 1 98.41875 98.385
2024_0411_20:35:28 6 98.47 98.41625
2024_0411_20:39:48 13 76.4475 65.405
2024_0411_20:40:31 12 70.94125 -0.95375
2024_0411_20:40:33 14 97.85875 97.00375
2024_0411_20:40:34 15 0.1975 -0.355
2024_0411_20:40:47 16 0.68625 -0.45
2024_0411_20:40:49 15 -0.1925 0.7775
2024_0411_20:40:58 13 -48.5825 49.0925
2024_0411_20:41:50 20 -0.4275 -0.3625
2024_0411_20:42:05 20 0.2325 -0.07
2024_0411_20:42:15 18 27.78125 -25.32375
2024_0411_20:42:27 18 -9.53 9.92
2024_0411_20:42:29 17 -0.255 0.18375
2024_0411_20:42:40 17 -0.4725 -0.2725
2024_0411_20:44:13 19 20.485 14.455
2024_0411_20:52:39 8 97.915 97.93
2024_0411_20:52:43 4 98.17375 97.89875
2024_0411_20:53:09 9 98.2425 98.305
2024_0411_20:53:12 7 98.0175 98.20375
2024_0411_20:53:21 5 98.4325 98.3625
2024_0411_20:53:22 11 98.12875 97.94625
2024_0411_20:53:25 11 0.39875 0.08
2024_0411_20:53:30 2 96.66 98.1625
2024_0411_20:53:32 6 98.39 98.45875
2024_0411_20:53:45 11 49.9975 -49.9975
2024_0411_20:53:48 10 98.20875 97.97375
2024_0411_20:53:49 3 98.2175 98.0675
2024_0411_20:53:50 12 -16.63625 16.59375
2024_0411_20:53:56 11 0.17375 0.31125
2024_0411_20:53:57 11 0.02125 0.30125
2024_0411_20:55:39 1 98.57625 98.40875
2024_0411_21:01:17 13 97.9225 98.2075
2024_0411_21:01:48 15 9.9025 39.375
2024_0411_21:01:56 16 -1.3125 98.565
2024_0411_21:02:00 13 11.03 -11.09625
2024_0411_21:02:08 13 21.1025 71.46125
2024_0411_21:02:14 18 98.10625 98.06125
2024_0411_21:02:16 13 44.13125 -0.74
2024_0411_21:02:26 14 97.925 98.6575
2024_0411_21:02:35 13 97.965 98.3625
2024_0411_21:02:35 19 0.24375 0.07875
2024_0411_21:02:36 17 -0.21875 -0.08625
2024_0411_21:02:37 19 48.3025 -11.44625
2024_0411_21:03:20 20 98.825 98.43125
2024_0411_21:03:32 20 49.9925 -49.9875
2024_0411_21:04:46 13 -45.47125 49.2575
2024_0411_21:13:39 1 98.29125 98.41875
2024_0411_21:13:44 7 98.03 97.99
2024_0411_21:13:45 5 98.4225 98.22625
2024_0411_21:13:49 6 98.37125 98.45625
2024_0411_21:13:53 3 97.915 97.6525
2024_0411_21:13:53 12 0.08625 0.375
2024_0411_21:13:54 4 97.8125 97.8925
2024_0411_21:13:57 12 98.08875 97.84625
2024_0411_21:13:59 12 98.245 97.835
2024_0411_21:14:13 2 98.16625 98.0475
2024_0411_21:14:21 9 98.62125 98.61125
2024_0411_21:14:21 10 96.61 96.78
2024_0411_21:14:22 11 -0.16875 0.08875
2024_0411_21:14:24 11 73.44 32.53625
2024_0411_21:14:24 11 98.47875 98.77625
2024_0411_21:15:40 8 98.25125 97.9725
2024_0411_21:22:09 13 98.23375 98.24375
2024_0411_21:22:11 15 97.72875 97.41875
2024_0411_21:22:25 15 97.52 98.32125
2024_0411_21:22:32 16 47.92625 27.48625
2024_0411_21:22:44 13 50.585 -50.07625
2024_0411_21:22:45 14 -0.615 0.2625
2024_0411_21:23:03 16 67.48625 88.26875
2024_0411_21:23:11 13 -0.355 0.12125
2024_0411_21:23:20 15 -46.4075 47.5275
2024_0411_21:23:22 18 -0.8475 0.86375
2024_0411_21:23:33 18 -11.99625 12.79125
2024_0411_21:24:00 18 -72.255 72.08625
2024_0411_21:24:00 17 49.01625 98.97125
2024_0411_21:24:02 16 -11.15875 60.86
2024_0411_21:25:08 13 98.08375 98.08
2024_0411_21:25:11 18 -0.755 -0.1375
2024_0411_21:30:30 18 2.735 -2.1575
2024_0411_21:30:35 19 50.42 -10.62625
2024_0411_21:30:42 18 -7.71875 44.66375
2024_0411_21:30:45 19 39.005 33.38625
2024_0411_21:30:53 20 -1.00125 1.86125
2024_0411_21:31:02 20 12.9525 -10.02125
2024_0411_21:31:05 20 -1.22875 1.74125
2024_0411_21:31:11 20 0.0725 0.065
2024_0411_21:40:00 11 -0.06875 0.00375
2024_0411_21:40:06 2 97.985 98.04125
2024_0411_21:40:07 11 0.505 0.18625
2024_0411_21:40:08 8 97.93125 98.0275
2024_0411_21:40:13 1 98.3325 98.35875
2024_0411_21:40:13 5 98.3575 98.42875
2024_0411_21:40:19 3 97.9825 97.835
2024_0411_21:40:19 11 0.0575 0.20875
2024_0411_21:40:47 9 98.47625 98.64125
2024_0411_21:40:50 10 98.2075 97.71375
2024_0411_21:40:52 7 98.17625 98.05375
2024_0411_21:40:53 11 -0.39625 -0.21125
2024_0411_21:40:58 11 98.12375 98.10875
2024_0411_21:41:01 11 98.16125 98.0175
2024_0411_21:43:20 6 98.29375 98.42375
2024_0411_21:44:42 11 -0.1925 -0.02875
2024_0411_21:48:14 12 98.16375 95.76125
2024_0411_21:48:39 12 77.9975 78.04125
2024_0411_21:49:03 12 -10.55 60.24125
2024_0411_21:49:05 12 97.71625 97.83375
2024_0411_21:49:07 12 98.00875 96.81
2024_0411_21:49:08 12 0.1 0.295
2024_0411_21:49:29 11 -99.99875 100.0
2024_0411_21:49:31 12 -0.23625 0.0175
2024_0411_21:49:47 13 41.825 8.885
2024_0411_21:49:48 12 98.47125 98.41875
2024_0411_21:49:59 13 -1.4475 -0.98875
2024_0411_21:50:17 13 95.9075 98.29875
2024_0411_21:50:32 13 97.56375 97.555
2024_0411_21:50:49 13 0.125 -0.22875
2024_0411_21:53:32 13 -0.315 -0.13
2024_0411_21:55:29 13 34.11875 34.85875
2024_0411_21:56:57 13 -0.09625 -0.48375
2024_0411_21:57:01 13 97.74125 97.65375
2024_0411_21:57:19 13 73.07 72.355
2024_0411_21:57:21 13 98.21625 98.42875
2024_0411_21:57:49 13 -49.99875 -99.9975
2024_0411_21:58:17 14 0.16125 0.19
2024_0411_21:58:24 14 0.0575 -0.0375
2024_0411_21:58:54 14 98.24625 97.91875
2024_0411_21:59:11 14 0.14375 0.32875
2024_0411_21:59:21 14 98.4075 97.85
2024_0411_21:59:23 14 0.05 0.7125
2024_0411_21:59:23 14 -12.27375 12.6
2024_0411_21:59:26 14 48.56625 98.00875
2024_0411_21:59:55 14 97.655 95.17
2024_0411_22:01:46 14 2.755 -0.64125
2024_0411_22:04:56 14 98.48375 98.67875
2024_0411_22:05:43 14 98.15875 97.76625
2024_0411_22:05:47 14 -0.44125 0.22375
2024_0411_22:05:56 14 0.24625 -0.07875
2024_0411_22:06:00 15 1.21375 -0.45625
2024_0411_22:07:30 15 48.53 26.965
2024_0411_22:08:06 15 1.775 1.14375
2024_0411_22:08:21 15 0.61375 -0.2325
2024_0411_22:08:25 15 -0.63875 0.02125
2024_0411_22:08:28 15 98.43875 98.36
2024_0411_22:08:46 15 0.21625 0.91125
2024_0411_22:08:47 15 98.16875 97.855
2024_0411_22:09:22 15 0.42125 -0.31625
2024_0411_22:09:54 15 97.475 97.285
2024_0411_22:10:29 15 0.3275 0.4775
2024_0411_22:13:01 15 -0.005 -0.3675
2024_0411_22:14:11 16 8.5475 -8.7775
2024_0411_22:14:14 16 53.9725 77.21625
2024_0411_22:14:15 16 16.20125 -17.0325
2024_0411_22:14:30 16 0.925 3.28
2024_0411_22:14:37 16 98.225 98.02125
2024_0411_22:16:29 16 15.33 15.59875
2024_0411_22:17:22 17 -0.02375 0.40375
2024_0411_22:17:26 17 0.4075 0.22125
2024_0411_22:17:30 17 -8.69375 8.89375
2024_0411_22:17:35 17 -80.17875 79.8825
2024_0411_22:17:38 17 88.04 66.80375
2024_0411_22:18:22 17 35.60375 40.61
2024_0411_22:18:46 17 14.48625 14.1025
2024_0411_22:18:48 17 -49.9975 -49.9975
2024_0411_22:21:09 17 -0.06375 -0.11625
2024_0411_22:23:02 18 100.0 -49.99875
2024_0411_22:23:04 18 99.985 -99.98875
2024_0411_22:23:25 18 48.445 -0.7925
2024_0411_22:23:48 18 40.56625 -38.885
2024_0411_22:23:55 18 98.06625 -50.5625
2024_0411_22:25:50 18 -12.68125 86.39
2024_0411_22:26:09 18 97.86125 98.24375
2024_0411_22:26:11 18 98.13625 98.15875
2024_0411_22:26:18 19 0.21125 0.305
2024_0411_22:26:26 19 39.57 -2.91
2024_0411_22:26:35 19 23.9875 47.3675
2024_0411_22:27:05 20 -0.9525 -0.00625
2024_0411_22:27:15 20 -6.0975 88.13625
2024_0411_22:27:19 20 -0.62375 -0.41375
2024_0411_22:29:59 20 -0.0875 -0.305
2024_0411_22:31:15 20 -12.53125 12.17125
2024_0411_22:31:45 4 97.77875 97.29
2024_0411_22:31:50 15 0.5075 0.0375
2024_0411_22:31:54 20 3.585 2.295
2024_0411_22:32:13 17 33.585 -2.0825
2024_0411_22:32:35 18 0.1975 -0.52375
2024_0411_22:33:46 20 45.6875 15.25125
2024_0411_22:42:15 3 97.8325 98.1275
2024_0411_22:42:17 2 98.1575 98.1575
2024_0411_22:42:42 11 0.14375 0.26625
2024_0411_22:42:52 11 0.16625 -0.19125
2024_0411_22:42:53 1 98.365 98.4425
2024_0411_22:43:02 7 98.07125 98.02125
2024_0411_22:43:02 5 98.38375 98.45875
2024_0411_22:43:10 6 98.28375 98.405
2024_0411_22:43:11 9 98.60625 98.58625
2024_0411_22:43:20 11 -0.0675 -0.24875
2024_0411_22:43:24 10 96.7525 98.25875
2024_0411_22:43:27 11 -0.16 0.155
2024_0411_22:43:28 8 98.0025 97.61125
2024_0411_22:43:33 11 97.995 48.385
2024_0411_22:43:33 4 97.86 98.19375
2024_0411_22:45:27 11 97.93625 98.11125
2024_0411_22:51:10 11 -0.27375 -0.34375
2024_0411_22:51:13 12 98.0975 97.87
2024_0411_22:51:18 11 0.6825 -0.16375
2024_0411_22:51:18 12 97.6725 98.23625
2024_0411_22:51:35 12 97.745 97.95625
2024_0411_22:51:38 12 98.315 98.375
2024_0411_22:51:56 12 -0.14125 -0.46875
2024_0411_22:51:57 12 0.46875 0.03625
2024_0411_22:52:16 12 77.6 77.60625
2024_0411_22:52:19 13 -0.2 0.64375
2024_0411_22:52:25 13 98.07 97.83375
2024_0411_22:52:50 12 99.03875 47.85625
2024_0411_22:53:10 13 88.87875 -69.16625
2024_0411_22:53:11 13 98.575 98.625
2024_0411_22:53:14 13 0.245 0.145
2024_0411_22:57:01 13 0.3125 -0.3275
2024_0411_22:59:30 13 0.27375 0.6225
2024_0411_22:59:32 13 0.12875 0.06125
2024_0411_22:59:55 13 0.23375 -0.51
2024_0411_23:00:16 13 0.11625 0.46
2024_0411_23:00:32 13 0.29 -0.275
2024_0411_23:00:36 13 15.7875 16.21375
2024_0411_23:01:08 13 2.855 25.99625
2024_0411_23:01:34 14 98.64 97.52125
2024_0411_23:01:49 14 -0.2525 -0.1825
2024_0411_23:01:51 14 97.5825 97.7125
2024_0411_23:02:02 14 -49.9975 -99.9975
2024_0411_23:02:02 14 97.6875 98.03
2024_0411_23:02:09 14 0.07875 0.20375
2024_0411_23:02:16 14 78.05125 78.40625
2024_0411_23:02:59 14 -1.72375 69.87125
2024_0411_23:07:56 14 -0.07875 0.12
2024_0411_23:08:17 14 98.065 98.0075
2024_0411_23:08:28 15 0.11125 -0.255
2024_0411_23:08:30 14 99.9925 99.9925
2024_0411_23:08:36 14 97.9175 97.91125
2024_0411_23:08:53 15 0.135 -0.255
2024_0411_23:09:24 15 98.23625 97.8475
2024_0411_23:10:04 15 -77.765 78.0425
2024_0411_23:10:44 15 -1.06625 1.00625
2024_0411_23:11:11 15 97.84625 93.27375
2024_0411_23:11:13 15 98.0275 97.92625
2024_0411_23:11:15 15 -34.485 47.39
2024_0411_23:11:24 15 -0.64375 1.77
2024_0411_23:11:41 15 0.07125 -0.6675
2024_0411_23:11:50 15 -0.9475 1.08375
2024_0411_23:12:04 15 0.37375 0.23125
2024_0411_23:16:40 16 0.42875 0.52875
2024_0411_23:17:07 16 -9.865 8.785
2024_0411_23:17:09 16 0.30625 2.60875
2024_0411_23:17:32 16 -0.605 0.2
2024_0411_23:17:55 16 11.58625 11.59375
2024_0411_23:18:28 16 0.04875 0.94875
2024_0411_23:18:58 16 0.7775 -0.30875
2024_0411_23:19:21 16 0.5375 0.20625
2024_0411_23:20:13 17 98.58375 98.43625
2024_0411_23:20:18 16 49.99875 -99.9975
2024_0411_23:20:29 17 97.755 97.67375
2024_0411_23:20:43 17 -0.5525 0.585
2024_0411_23:21:13 17 10.0 -9.915
2024_0411_23:21:53 17 0.29125 -0.2025
2024_0411_23:22:02 17 21.755 73.555
2024_0411_23:25:09 17 98.29375 98.38625
2024_0411_23:25:29 17 -0.055 -0.33875
2024_0411_23:25:44 18 0.035 0.72875
2024_0411_23:26:05 18 98.30375 48.435
2024_0411_23:26:20 18 -12.41625 12.055
2024_0411_23:26:42 18 97.45 98.27625
2024_0411_23:27:47 18 -0.0025 50.0
2024_0411_23:28:26 18 0.03625 0.22625
2024_0411_23:28:55 18 98.1125 97.9225
2024_0411_23:29:09 18 0.29875 -0.2525
2024_0411_23:29:12 18 -5.6825 5.84625
2024_0411_23:29:19 19 -0.11875 0.01375
2024_0411_23:29:37 19 8.8825 79.38375
2024_0411_23:30:16 19 13.59625 7.45875
2024_0411_23:31:07 20 -12.34125 70.64625
2024_0411_23:32:44 20 97.5 97.8525
2024_0411_23:33:57 20 -0.09625 51.76125
2024_0411_23:34:06 20 98.0375 97.85875
2024_0411_23:34:32 18 -0.255 -0.18875
2024_0411_23:34:34 20 99.9975 49.9975
2024_0411_23:35:30 17 -0.08125 -0.2325
2024_0411_23:38:32 20 40.65375 50.1425
2024_0411_23:46:48 8 97.79625 97.91125
2024_0411_23:47:27 1 98.4375 98.34
2024_0411_23:47:28 11 -0.245 0.20625
2024_0411_23:47:31 11 12.87875 49.09125
2024_0411_23:47:31 11 98.25875 97.74625
2024_0411_23:47:35 11 98.2 98.35625
2024_0411_23:47:36 6 98.4325 98.3275
2024_0411_23:47:37 9 98.665 98.61625
2024_0411_23:47:41 7 97.54625 97.9625
2024_0411_23:47:42 2 98.07625 98.19375
2024_0411_23:48:11 10 98.285 97.8425
2024_0411_23:48:15 3 98.10375 97.94
2024_0411_23:48:15 4 97.84125 98.035
2024_0411_23:48:16 5 98.3175 98.29125
2024_0411_23:48:18 11 -0.4625 0.31125
2024_0411_23:50:45 11 98.02875 97.9025
2024_0411_23:55:05 11 0.42625 -0.035
2024_0411_23:55:33 11 0.0475 -0.6175
2024_0411_23:55:46 11 -0.06 -0.4725
2024_0411_23:56:21 11 0.1775 0.11125
2024_0411_23:56:33 11 98.295 98.5525
2024_0411_23:56:36 11 0.40125 -0.41625
2024_0411_23:56:40 11 98.10125 97.725
2024_0411_23:56:42 11 -99.9975 49.99875
2024_0411_23:57:07 12 0.18875 -0.65375
2024_0411_23:57:09 11 0.18375 0.31
2024_0411_23:57:11 11 99.99625 -99.99625
2024_0411_23:57:13 12 -0.1475 0.075
2024_0411_23:57:35 12 98.2175 98.25625
2024_0411_23:57:53 12 98.15875 98.22
2024_0411_23:57:56 11 98.42 98.36875
2024_0412_00:02:17 12 98.18625 98.3825
2024_0412_00:04:09 12 0.1075 0.36375
2024_0412_00:04:13 12 0.39125 -0.53
2024_0412_00:04:25 12 98.1025 97.735
2024_0412_00:04:50 12 17.745 18.8925
2024_0412_00:04:58 12 0.185 -0.69625
2024_0412_00:05:24 12 0.21375 -0.16
2024_0412_00:05:59 12 98.2375 98.4025
2024_0412_00:05:59 13 97.925 97.865
2024_0412_00:06:05 12 98.41125 97.6025
2024_0412_00:06:06 12 97.835 98.13125
2024_0412_00:06:16 13 98.135 97.85
2024_0412_00:06:34 12 98.115 98.14375
2024_0412_00:06:57 13 97.84 97.295
2024_0412_00:07:24 13 89.52625 97.67875
2024_0412_00:07:24 13 97.30875 98.055
2024_0412_00:12:29 13 97.68625 98.18
2024_0412_00:12:32 13 0.00875 -0.3375
2024_0412_00:12:54 13 98.31875 98.31625
2024_0412_00:13:13 13 97.90375 48.90125
2024_0412_00:13:40 13 98.26625 98.24625
2024_0412_00:13:52 13 2.10125 2.63625
2024_0412_00:14:07 13 -0.0475 0.0125
2024_0412_00:15:15 13 0.35875 -0.10125
2024_0412_00:15:23 13 -0.86375 0.06875
2024_0412_00:15:39 13 99.9925 -99.995
2024_0412_00:15:43 13 -0.02875 -0.0875
2024_0412_00:15:59 13 98.18375 97.785
2024_0412_00:16:05 13 98.0575 97.79125
2024_0412_00:16:31 13 0.61875 0.1175
2024_0412_00:16:58 13 0.09125 -0.405
2024_0412_00:18:26 13 97.7925 97.4275
2024_0412_00:20:30 13 98.00125 98.01625
2024_0412_00:21:16 13 0.2 0.01875
2024_0412_00:21:32 13 0.43375 0.51375
2024_0412_00:21:42 13 0.4975 0.2225
2024_0412_00:21:48 14 31.2975 29.8975
2024_0412_00:21:53 14 0.445 -0.5025
2024_0412_00:22:55 14 19.33875 -19.80875
2024_0412_00:24:21 14 97.7425 98.08125
2024_0412_00:24:31 14 97.69375 96.70375
2024_0412_00:24:48 14 78.8125 78.69625
2024_0412_00:24:54 14 10.97125 9.28875
2024_0412_00:25:18 14 98.175 98.15625
2024_0412_00:26:11 14 97.63125 96.385
2024_0412_00:26:27 14 -6.72375 44.735
2024_0412_00:27:54 14 49.9975 49.99875
2024_0412_00:28:36 14 72.6825 21.76875
2024_0412_00:28:40 14 98.345 98.36875
2024_0412_00:29:47 14 98.01375 98.0075
2024_0412_00:30:03 14 -20.62125 19.5375
2024_0412_00:30:44 14 14.055 17.1575
2024_0412_00:30:55 14 16.08 15.79125
2024_0412_00:31:00 14 98.34125 97.84625
2024_0412_00:31:17 14 98.45375 48.38125
2024_0412_00:33:14 14 71.36625 71.845
2024_0412_00:33:28 14 0.32125 -0.175
2024_0412_00:33:35 14 0.35125 0.2175
2024_0412_00:33:50 14 -49.9975 -99.9925
2024_0412_00:34:17 14 98.37875 98.4375
2024_0412_00:34:57 14 93.50875 10.85375
2024_0412_00:36:39 14 -0.0675 -0.365
2024_0412_00:36:46 15 81.07375 81.74125
2024_0412_00:37:35 15 95.88875 96.15875
2024_0412_00:37:52 14 15.01875 16.5175
2024_0412_00:38:33 15 15.18125 13.895
2024_0412_00:38:50 15 27.0375 -27.03125
2024_0412_00:39:05 15 -95.40125 99.655
2024_0412_00:39:14 15 98.2575 98.365
2024_0412_00:40:01 15 -0.6575 1.50375
2024_0412_00:40:21 15 93.46125 97.41
2024_0412_00:42:14 15 0.00375 -0.09875
2024_0412_00:42:15 15 -0.2475 0.50125
2024_0412_00:43:03 15 48.0125 -0.5775
2024_0412_00:43:05 15 -0.27625 -0.40875
2024_0412_00:43:22 15 -10.10375 9.6925
2024_0412_00:44:20 15 0.3675 -0.2225
2024_0412_00:44:51 15 78.205 78.67
2024_0412_00:46:07 15 -0.30125 -0.36
2024_0412_00:46:53 15 0.2575 -0.17375
2024_0412_00:47:10 15 70.28875 70.8875
2024_0412_00:47:26 15 0.00625 -0.65625
2024_0412_00:47:44 15 98.11375 97.8825
2024_0412_00:48:08 15 -0.70875 0.3325
2024_0412_00:48:24 15 98.6225 98.6625
2024_0412_00:48:56 15 20.87125 72.715
2024_0412_00:49:09 16 0.03875 0.2775
2024_0412_00:51:02 16 -10.97375 10.4
2024_0412_00:51:40 16 -0.57125 0.15
2024_0412_00:51:59 16 -1.0425 0.905
2024_0412_00:52:13 16 95.5875 22.32875
2024_0412_00:53:06 16 98.2525 98.34375
2024_0412_00:53:34 16 98.59 98.6375
2024_0412_00:53:45 16 70.17875 49.3475
2024_0412_00:54:53 16 -0.935 0.32
2024_0412_00:55:30 16 66.12625 47.57625
2024_0412_00:55:34 16 34.1725 46.32375
2024_0412_00:56:14 16 97.745 97.70875
2024_0412_00:56:31 16 0.2325 0.1275
2024_0412_00:56:36 16 -0.11125 -0.07125
2024_0412_00:57:41 16 -7.9925 8.01
2024_0412_00:58:33 17 0.695 -0.92875
2024_0412_00:59:54 17 47.06 84.32125
2024_0412_01:00:33 17 77.86875 77.36375
2024_0412_01:01:03 17 0.29625 0.1975
2024_0412_01:01:05 17 -27.76875 54.2
2024_0412_01:01:46 17 46.75 16.15125
2024_0412_01:01:50 17 98.37375 98.55625
2024_0412_01:01:54 17 77.50375 97.41875
2024_0412_01:02:30 17 1.23 -1.22375
2024_0412_01:03:47 17 12.73375 13.9625
2024_0412_01:04:21 17 98.6975 -0.3
2024_0412_01:05:33 17 11.85 12.07875
2024_0412_01:06:11 17 -0.28875 2.605
2024_0412_01:06:29 17 10.355 2.71875
2024_0412_01:06:48 17 13.9175 -11.75
2024_0412_01:07:03 17 16.25625 -10.8675
2024_0412_01:09:33 18 97.95125 98.0175
2024_0412_01:09:36 17 10.24125 -9.635
2024_0412_01:09:55 18 0.4425 0.48
2024_0412_01:09:56 18 97.77125 97.79875
2024_0412_01:10:01 18 0.075 0.4125
2024_0412_01:10:35 18 0.4425 0.02375
2024_0412_01:10:36 18 -0.21625 0.56375
2024_0412_01:11:58 17 0.16 0.0125
2024_0412_01:11:59 18 -19.46 19.54
2024_0412_01:12:00 18 -7.15625 8.0925
2024_0412_01:13:51 18 12.57625 -11.84875
2024_0412_01:14:34 18 97.26875 96.7425
2024_0412_01:15:17 18 0.14125 -0.05875
2024_0412_01:16:01 18 97.72 97.6975
2024_0412_01:16:04 18 -0.57375 0.47625
2024_0412_01:17:32 18 97.85 97.71125
2024_0412_01:17:40 18 -49.73125 49.81
2024_0412_01:18:23 18 -0.2 -0.44375
2024_0412_01:18:23 18 27.65375 -27.60875
2024_0412_01:19:04 18 -9.5025 10.1325
2024_0412_01:19:19 18 98.6375 98.54125
2024_0412_01:19:41 19 98.84875 -33.78625
2024_0412_01:20:09 18 49.99875 -49.9975
2024_0412_01:20:54 19 -26.34875 49.58375
2024_0412_01:21:02 19 97.46625 98.24875
2024_0412_01:22:09 19 20.0825 -20.0675
2024_0412_01:22:58 19 97.7125 97.8125
2024_0412_01:23:07 19 47.82 46.91125
2024_0412_01:23:45 19 52.78375 53.41375
2024_0412_01:24:36 20 83.04625 64.39375
2024_0412_01:25:00 20 2.91625 1.3175
2024_0412_01:26:10 20 73.5475 -2.8325
2024_0412_01:26:17 20 7.9625 -8.235
2024_0412_01:27:07 20 0.05875 -0.62
2024_0412_01:27:16 20 98.075 96.7
2024_0412_01:28:01 20 -14.62625 15.5075
2024_0412_01:28:15 20 78.06375 77.52625
2024_0412_01:28:32 20 3.3725 1.10625
2024_0412_01:29:19 20 0.9125 46.82625
2024_0412_01:29:47 20 -0.33125 0.10625
2024_0412_01:31:28 20 0.0975 -0.04375
2024_0412_01:31:29 20 66.91625 88.82375
2024_0412_01:31:44 20 99.9975 49.99875
2024_0412_01:32:29 14 -4.24125 54.36625
2024_0412_01:32:36 16 -0.4 0.0175
2024_0412_01:32:36 15 98.2025 98.1725
2024_0412_01:33:59 17 98.17375 96.9025
2024_0412_01:34:11 17 13.52625 -13.92
2024_0412_01:35:05 17 -0.4525 0.43375
2024_0412_01:35:38 17 97.81625 98.30625
2024_0412_01:35:39 17 74.91875 74.345
2024_0412_01:36:12 18 32.335 33.35
2024_0412_01:44:38 5 98.25 98.39625
2024_0412_01:44:45 3 97.89875 98.21875
2024_0412_01:45:10 8 97.42625 96.9325
2024_0412_01:45:11 11 98.43625 98.25625
2024_0412_01:45:11 11 0.1175 0.19
2024_0412_01:45:12 1 98.3675 98.42125
2024_0412_01:45:13 7 97.785 98.3575
2024_0412_01:45:15 4 98.13 98.10375
2024_0412_01:45:20 2 97.77 97.93125
2024_0412_01:45:49 9 98.5325 98.5875
2024_0412_01:45:53 6 98.415 98.2875
2024_0412_01:45:55 11 -99.995 -49.99375
2024_0412_01:45:57 11 98.35375 -22.365
2024_0412_01:46:04 11 97.93 98.0625
2024_0412_01:46:10 11 0.8775 1.1675
2024_0412_01:47:12 10 97.47875 98.06125
2024_0412_01:53:37 11 0.28 0.405
2024_0412_01:53:46 11 97.855 98.22
2024_0412_01:54:09 11 97.48375 96.89
2024_0412_01:54:13 11 0.1175 -0.2425
2024_0412_01:54:14 11 -0.3275 0.18
2024_0412_01:54:26 11 -0.00875 -0.65625
2024_0412_01:54:44 11 -0.68875 -0.0025
2024_0412_01:54:45 11 0.185 -0.04375
2024_0412_01:54:56 11 0.20125 0.29625
2024_0412_01:55:24 11 97.9875 98.3175
2024_0412_01:55:30 12 97.81375 97.9525
2024_0412_01:55:33 12 -22.2275 22.24375
2024_0412_01:55:33 11 97.97125 97.98875
2024_0412_01:55:49 12 0.05625 -0.6275
2024_0412_01:56:58 12 -0.05125 -0.5225
2024_0412_01:57:36 12 97.93 97.63
2024_0412_02:02:29 12 1.005 -0.0275
2024_0412_02:02:44 12 0.2525 -0.27625
2024_0412_02:02:45 12 48.56 48.09625
2024_0412_02:03:11 12 98.51375 98.12125
2024_0412_02:03:13 12 46.31875 47.68625
2024_0412_02:03:25 12 97.80875 97.945
2024_0412_02:03:39 12 0.2725 0.2425
2024_0412_02:03:40 12 -0.61875 0.52
2024_0412_02:03:47 12 97.645 98.13875
2024_0412_02:04:21 12 0.28625 -0.04125
2024_0412_02:05:09 13 -0.12625 -0.3125
2024_0412_02:05:25 13 33.4875 -9.7925
2024_0412_02:05:25 13 1.34375 1.18625
2024_0412_02:06:40 13 0.2275 0.29625
2024_0412_02:06:59 13 96.60875 97.92
2024_0412_02:07:39 13 78.3225 78.38875
2024_0412_02:10:48 13 0.3775 -0.365
2024_0412_02:11:14 13 -0.665 0.0625
2024_0412_02:11:20 13 -1.415 0.415
2024_0412_02:11:31 13 99.9975 49.99875
2024_0412_02:11:38 13 -99.995 -99.995
2024_0412_02:11:39 13 -0.76375 -0.49875
2024_0412_02:12:35 13 -0.375 -0.6425
2024_0412_02:12:59 13 47.4875 47.76
2024_0412_02:13:10 13 9.7575 -9.69625
2024_0412_02:14:10 13 97.84 97.79625
2024_0412_02:14:40 13 -0.4275 0.27375
2024_0412_02:15:04 13 97.79875 98.37
2024_0412_02:15:09 13 97.36125 97.8475
2024_0412_02:15:55 13 98.21625 98.51125
2024_0412_02:16:24 13 -0.59 0.22375
2024_0412_02:18:54 13 97.65625 97.99625
2024_0412_02:19:14 13 -0.18625 0.24375
2024_0412_02:19:34 14 -0.00875 -0.015
2024_0412_02:19:46 13 0.06875 -0.08
2024_0412_02:19:51 14 33.14375 33.59125
2024_0412_02:20:06 13 97.15875 97.92625
2024_0412_02:20:26 14 25.21 26.57375
2024_0412_02:21:45 14 98.225 97.82
2024_0412_02:21:58 14 0.03 -0.14375
2024_0412_02:22:02 14 97.6575 96.60875
2024_0412_02:22:56 14 0.22125 -0.11125
2024_0412_02:24:11 14 97.7825 98.475
2024_0412_02:24:36 14 49.9975 -49.99875
2024_0412_02:25:17 14 -19.715 20.24125
2024_0412_02:25:33 14 47.04 46.42875
2024_0412_02:26:40 14 -0.11 0.73125
2024_0412_02:27:39 14 -0.5525 0.2925
2024_0412_02:27:55 14 41.575 -43.06375
2024_0412_02:28:06 14 98.11 98.02875
2024_0412_02:28:08 14 -0.4525 -0.4775
2024_0412_02:28:14 14 0.4725 0.09875
2024_0412_02:28:23 14 98.08875 97.9725
2024_0412_02:29:22 14 98.39 98.26875
2024_0412_02:30:39 14 0.16125 0.3625
2024_0412_02:31:07 14 -21.82 21.26625
2024_0412_02:31:27 14 49.97375 -49.9675
2024_0412_02:31:43 14 97.675 97.93
2024_0412_02:33:02 14 0.09375 -0.7825
2024_0412_02:33:29 15 -0.45125 2.06375
2024_0412_02:34:18 15 98.01625 98.005
2024_0412_02:35:51 15 0.03125 0.11375
2024_0412_02:36:21 15 96.03375 97.975
2024_0412_02:36:37 15 35.7075 36.25
2024_0412_02:36:39 15 78.5725 78.26625
2024_0412_02:37:37 15 78.28625 77.585
2024_0412_02:37:43 15 3.395 -0.90625
2024_0412_02:38:34 15 0.34125 0.3625
2024_0412_02:39:44 15 0.08 -0.13125
2024_0412_02:40:03 15 48.97 -28.58625
2024_0412_02:40:19 15 96.89125 97.48875
2024_0412_02:40:33 15 -0.02375 0.8575
2024_0412_02:40:56 15 -0.27875 0.3625
2024_0412_02:41:59 15 96.205 96.38875
2024_0412_02:42:23 15 48.45875 97.70625
2024_0412_02:43:06 15 -0.11375 0.4625
2024_0412_02:43:57 15 64.7075 65.3325
2024_0412_02:45:07 15 7.8575 14.41
2024_0412_02:45:21 15 0.64625 -1.07125
2024_0412_02:45:32 15 -99.9975 49.99875
2024_0412_02:45:34 15 46.405 42.56625
2024_0412_02:46:28 16 -2.80125 49.3
2024_0412_02:46:36 16 98.4075 98.39875
2024_0412_02:48:30 16 -8.36125 34.47625
2024_0412_02:48:44 16 0.59875 10.685
2024_0412_02:50:03 16 49.995 -49.9975
2024_0412_02:50:17 16 6.645 33.285
2024_0412_02:50:18 16 -0.335 0.45
2024_0412_02:50:46 16 -18.03375 94.92375
2024_0412_02:51:12 16 48.715 48.95375
2024_0412_02:52:08 16 89.48375 68.8325
2024_0412_02:52:13 16 97.11625 97.89
2024_0412_02:53:36 16 0.4775 0.39125
2024_0412_02:53:45 16 10.485 -11.785
2024_0412_02:54:24 17 -0.46625 0.45375
2024_0412_02:54:27 16 97.57 97.38625
2024_0412_02:54:36 17 -0.46 -0.08375
2024_0412_02:55:25 17 14.56625 14.02875
2024_0412_02:57:56 17 0.47 -0.2125
2024_0412_02:58:16 17 45.26625 56.85625
2024_0412_02:59:33 17 16.31875 32.98875
2024_0412_02:59:54 17 0.1425 0.25875
2024_0412_03:00:00 17 24.8975 41.5625
2024_0412_03:00:57 17 1.94875 -2.3175
2024_0412_03:01:28 17 71.0275 -5.06
2024_0412_03:01:54 17 99.6 -1.8
2024_0412_03:02:08 17 1.0925 0.55
2024_0412_03:02:26 17 -0.13875 0.0275
2024_0412_03:02:32 17 27.13875 64.6975
2024_0412_03:02:55 17 98.05625 98.1125
2024_0412_03:03:02 17 99.5275 -32.1775
2024_0412_03:03:23 17 8.94625 -8.53875
2024_0412_03:04:28 17 0.63 -1.675
2024_0412_03:06:32 17 98.665 -0.4775
2024_0412_03:06:57 18 -0.06625 0.30625
2024_0412_03:08:43 18 80.225 43.0675
2024_0412_03:08:58 18 98.09875 98.0575
2024_0412_03:09:00 18 0.53375 0.09125
2024_0412_03:09:05 18 97.84875 96.3575
2024_0412_03:10:15 18 46.25375 -43.27625
2024_0412_03:11:04 18 -0.58875 0.0475
2024_0412_03:11:15 18 30.43625 34.375
2024_0412_03:11:18 18 0.3425 0.37375
2024_0412_03:11:27 18 -21.12125 22.115
2024_0412_03:12:13 18 -39.91125 52.47875
2024_0412_03:12:33 18 -8.14 7.99125
2024_0412_03:12:51 18 -99.995 -49.9975
2024_0412_03:13:24 18 0.1 -0.06125
2024_0412_03:15:13 18 -0.15 0.55625
2024_0412_03:15:15 18 77.65 78.2925
2024_0412_03:16:50 18 13.56 13.40125
2024_0412_03:17:23 18 77.36625 76.55125
2024_0412_03:17:47 18 0.06 0.31375
2024_0412_03:18:06 19 97.92375 97.80625
2024_0412_03:19:24 19 98.2125 97.9125
2024_0412_03:19:37 19 -1.605 6.3425
2024_0412_03:19:40 19 0.14 -0.18625
2024_0412_03:19:45 19 -2.84375 6.9175
2024_0412_03:20:32 18 -99.99625 99.99125
2024_0412_03:20:33 19 -7.17875 32.93375
2024_0412_03:21:00 19 25.46875 -25.175
2024_0412_03:21:29 19 -5.09 35.515
2024_0412_03:22:32 19 89.1575 -2.685
2024_0412_03:22:51 19 0.375 -0.03125
2024_0412_03:24:00 19 54.185 70.645
2024_0412_03:24:02 19 10.485 -9.685
2024_0412_03:25:54 20 53.57125 78.30625
2024_0412_03:26:27 20 76.63875 76.72875
2024_0412_03:26:33 20 48.14375 49.3575
2024_0412_03:27:53 20 0.8025 -0.31375
2024_0412_03:27:54 20 -0.3225 0.15625
2024_0412_03:27:57 20 14.12125 14.975
2024_0412_03:28:40 20 95.5 96.69375
2024_0412_03:29:44 20 10.3825 -10.26125
2024_0412_03:31:52 20 -54.1225 73.6
2024_0412_03:31:57 20 96.56875 94.42625
2024_0412_03:32:23 15 44.6 46.33125
2024_0412_03:32:44 16 48.48125 -1.635
2024_0412_03:33:13 15 0.1925 -0.38875
2024_0412_03:33:29 16 98.555 97.39125
2024_0412_03:34:16 18 0.69875 -0.50625
2024_0412_03:34:23 16 48.60375 48.7
2024_0412_03:34:26 17 40.54625 0.145
2024_0412_03:34:41 17 6.99 -7.755
2024_0412_03:34:55 18 19.48375 -19.50625
2024_0412_03:35:50 20 14.62125 15.15
2024_0412_03:35:51 20 0.21625 -0.50875
2024_0412_03:36:28 20 97.7275 48.1125
2024_0412_03:44:52 2 98.33875 97.8525
2024_0412_03:45:23 8 98.06375 98.27125
2024_0412_03:45:27 3 97.9525 96.71625
2024_0412_03:45:31 4 48.4425 97.8925
2024_0412_03:45:32 9 98.54 98.21
2024_0412_03:45:35 1 98.43625 98.27
2024_0412_03:45:38 5 98.38 98.37875
2024_0412_03:45:39 6 98.3175 98.28875
2024_0412_03:46:07 11 0.26 0.05
2024_0412_03:46:11 11 0.36625 -0.05125
2024_0412_03:46:11 11 97.795 98.24
2024_0412_03:46:12 11 49.99875 -99.9975
2024_0412_03:46:12 10 98.0875 98.33625
2024_0412_03:46:13 7 98.0975 97.99875
2024_0412_03:46:25 11 -0.05375 0.39375
2024_0412_03:48:00 11 -0.8625 42.44875
2024_0412_03:53:46 11 0.43 0.265
2024_0412_03:54:16 11 -21.54 97.5475
2024_0412_03:54:23 11 -0.715 -0.4325
2024_0412_03:54:29 11 98.27125 98.41
2024_0412_03:54:31 11 98.55875 98.5725
2024_0412_03:54:44 11 95.04 98.005
2024_0412_03:54:49 11 97.9025 97.72125
2024_0412_03:54:59 11 97.3825 48.4925
2024_0412_03:55:03 11 -0.30125 -0.08125
2024_0412_03:55:36 11 0.2375 0.0125
2024_0412_03:55:50 11 0.33125 -0.25
2024_0412_03:55:50 11 -0.5725 -0.2175
2024_0412_03:56:02 11 -0.41 0.02625
2024_0412_03:56:06 11 0.62125 -0.1975
2024_0412_03:57:23 11 98.0175 98.045
2024_0412_03:57:42 11 -0.4625 0.295
2024_0412_04:02:46 11 97.855 98.03
2024_0412_04:03:12 12 98.32375 98.2875
2024_0412_04:03:14 12 -0.02375 -0.3075
2024_0412_04:03:20 11 0.07 0.30875
2024_0412_04:03:32 11 97.785 97.55125
2024_0412_04:03:36 11 0.0875 0.4575
2024_0412_04:04:07 11 98.1 98.12375
2024_0412_04:04:32 12 -0.125 -0.3325
2024_0412_04:04:41 12 97.88 98.395
2024_0412_04:05:12 12 0.19625 0.20625
2024_0412_04:05:31 12 -0.05875 0.05
2024_0412_04:05:40 12 98.6025 98.61625
2024_0412_04:05:45 12 19.6275 19.64375
2024_0412_04:06:46 12 0.09375 0.0375
2024_0412_04:06:51 12 0.09125 -0.0125
2024_0412_04:07:06 12 97.7825 97.64375
2024_0412_04:10:52 12 -0.33625 0.54375
2024_0412_04:11:36 12 0.5725 0.38375
2024_0412_04:11:49 12 98.3575 98.385
2024_0412_04:11:58 12 -0.1775 -0.44125
2024_0412_04:12:06 12 99.995 49.9975
2024_0412_04:12:12 12 98.07125 97.7475
2024_0412_04:13:25 12 -0.455 -0.46375
2024_0412_04:13:38 12 98.205 97.95875
2024_0412_04:14:01 12 0.42625 -0.09375
2024_0412_04:14:34 12 98.4025 98.40625
2024_0412_04:14:54 13 98.01625 98.16
2024_0412_04:15:23 12 97.63875 97.85125
2024_0412_04:15:55 13 98.23375 98.43
2024_0412_04:16:21 13 -49.99875 -99.9975
2024_0412_04:16:47 13 98.46625 98.4
2024_0412_04:17:00 12 15.11 15.43875
2024_0412_04:19:43 13 0.35875 0.28
2024_0412_04:19:54 13 -0.01625 0.11625
2024_0412_04:20:13 13 97.6675 97.75375
2024_0412_04:20:15 13 43.28125 -10.33875
2024_0412_04:20:25 13 78.73625 78.1725
2024_0412_04:20:33 13 99.995 99.99
2024_0412_04:22:16 13 -1.0575 0.26
2024_0412_04:22:50 13 97.55125 49.2675
2024_0412_04:23:44 13 98.38625 98.35875
2024_0412_04:23:59 13 97.2475 89.245
2024_0412_04:24:07 13 0.15375 0.52375
2024_0412_04:24:16 13 0.17125 -0.23375
2024_0412_04:25:38 13 49.9975 99.995
2024_0412_04:26:04 13 46.4125 49.35875
2024_0412_04:26:23 13 97.67375 95.5425
2024_0412_04:27:50 13 10.2925 -9.50375
2024_0412_04:28:22 13 0.2025 -0.09875
2024_0412_04:28:24 13 77.59125 78.65625
2024_0412_04:28:37 13 96.26375 97.2825
2024_0412_04:28:40 13 97.71 97.73125
2024_0412_04:28:47 13 -0.64875 -0.0075
2024_0412_04:28:49 13 -4.2925 48.77
2024_0412_04:31:47 13 -25.03625 25.07
2024_0412_04:32:30 13 -0.17125 -0.57625
2024_0412_04:32:31 13 0.125 0.04125
2024_0412_04:33:05 13 -1.08 2.21125
2024_0412_04:33:15 13 98.31375 98.3675
2024_0412_04:33:44 13 48.4375 47.98
2024_0412_04:35:19 13 10.21875 -10.67375
2024_0412_04:35:23 13 -0.83625 -0.27
2024_0412_04:35:55 13 0.69875 -0.4525
2024_0412_04:36:33 13 10.24 -8.7375
2024_0412_04:36:34 13 -8.08 97.27875
2024_0412_04:36:37 13 0.2425 1.00375
2024_0412_04:37:26 14 -49.99625 -99.9925
2024_0412_04:37:27 13 -0.1425 0.41125
2024_0412_04:37:36 14 -10.25 9.6375
2024_0412_04:38:31 14 0.72625 0.50125
2024_0412_04:41:13 14 1.85 -0.515
2024_0412_04:41:21 14 97.9775 98.11
2024_0412_04:41:52 14 -13.585 13.81375
2024_0412_04:42:04 14 78.49375 78.51625
2024_0412_04:42:40 14 97.76625 97.43625
2024_0412_04:42:44 14 0.41 -0.13375
2024_0412_04:44:01 14 98.11375 98.18875
2024_0412_04:44:13 14 97.88125 95.52375
2024_0412_04:44:16 14 0.32625 -0.1025
2024_0412_04:44:52 14 0.435 -0.55375
2024_0412_04:45:18 14 97.795 97.91375
2024_0412_04:45:37 14 97.8 97.88375
2024_0412_04:45:42 14 0.29875 -0.05125
2024_0412_04:45:50 14 13.01875 15.1325
2024_0412_04:49:40 14 0.06 -0.7025
2024_0412_04:50:03 14 98.095 98.20875
2024_0412_04:50:56 14 97.65875 97.3275
2024_0412_04:51:22 14 0.10625 0.035
2024_0412_04:51:36 14 45.96 46.48375
2024_0412_04:52:21 14 98.0625 97.86625
2024_0412_04:52:43 14 46.925 27.2575
2024_0412_04:53:13 14 97.99 98.14875
2024_0412_04:53:44 14 0.2175 0.1575
2024_0412_04:53:50 14 -0.09875 0.0625
2024_0412_04:53:51 14 0.2625 -0.7525
2024_0412_04:54:05 14 98.22375 98.3425
2024_0412_04:54:07 14 97.9375 97.8425
2024_0412_04:54:25 14 13.125 16.3025
2024_0412_04:54:29 14 41.38125 43.0475
2024_0412_04:55:52 14 97.9725 98.07
2024_0412_04:58:48 15 -0.43125 -0.00375
2024_0412_04:59:47 15 0.36875 -0.49
2024_0412_05:00:41 15 -0.24125 0.05625
2024_0412_05:00:57 14 0.08375 -0.0275
2024_0412_05:01:01 15 49.995 -49.99875
2024_0412_05:01:17 15 97.5675 97.54375
2024_0412_05:01:50 15 -0.53 -0.09625
2024_0412_05:02:12 15 49.9975 -49.99875
2024_0412_05:02:31 15 -10.2225 9.82625
2024_0412_05:02:33 15 -0.02625 0.32375
2024_0412_05:02:38 15 -0.485 1.38125
2024_0412_05:02:58 15 0.19625 -0.2675
2024_0412_05:03:00 15 15.2 39.005
2024_0412_05:03:09 15 74.785 72.59125
2024_0412_05:04:40 15 0.33875 0.37
2024_0412_05:07:31 15 1.145 -0.20125
2024_0412_05:07:34 15 -1.28125 -0.9525
2024_0412_05:08:37 15 0.26875 0.20125
2024_0412_05:09:25 15 0.10125 0.11125
2024_0412_05:09:43 15 -0.31375 -0.38
2024_0412_05:09:51 15 98.25 98.6125
2024_0412_05:10:03 15 0.60125 0.0625
2024_0412_05:10:12 15 98.1775 98.0325
2024_0412_05:10:29 15 -0.27625 -0.3975
2024_0412_05:10:33 15 1.785 0.4325
2024_0412_05:11:22 15 98.17875 98.05125
2024_0412_05:11:45 15 18.7075 17.71625
2024_0412_05:11:50 15 1.40875 1.11625
2024_0412_05:12:16 15 98.12125 89.68
2024_0412_05:12:43 15 84.4975 70.35625
2024_0412_05:14:08 15 95.24875 98.21
2024_0412_05:16:19 15 -0.3675 -0.96
2024_0412_05:17:49 15 98.09125 98.19375
2024_0412_05:18:15 15 0.635 -0.0675
2024_0412_05:18:21 15 97.9675 97.935
2024_0412_05:18:32 16 1.625 0.68875
2024_0412_05:18:46 16 15.25 6.4975
2024_0412_05:18:55 16 80.38625 93.39625
2024_0412_05:19:17 16 97.2675 97.99375
2024_0412_05:19:20 16 97.87125 98.06
2024_0412_05:20:09 16 0.1875 -0.195
2024_0412_05:20:37 16 97.8325 97.74125
2024_0412_05:20:42 16 97.77875 97.84875
2024_0412_05:21:33 16 98.28125 98.28375
2024_0412_05:22:50 16 36.5075 -8.835
2024_0412_05:22:53 16 97.78875 97.66875
2024_0412_05:24:16 16 97.74625 95.65125
2024_0412_05:25:57 16 0.0925 0.24375
2024_0412_05:26:57 16 -0.28375 -0.235
2024_0412_05:27:13 16 97.74375 97.23
2024_0412_05:27:32 16 -7.01625 75.78
2024_0412_05:27:44 16 13.54125 2.97875
2024_0412_05:27:46 16 40.615 40.245
2024_0412_05:28:00 16 17.06625 12.45625
2024_0412_05:28:02 16 9.6725 -10.19125
2024_0412_05:28:54 16 98.0425 97.8825
2024_0412_05:29:44 16 96.91125 96.65
2024_0412_05:30:06 16 -0.07125 -0.2625
2024_0412_05:30:57 17 15.15625 15.61625
2024_0412_05:30:59 16 98.34125 98.05125
2024_0412_05:31:39 17 98.0925 98.1225
2024_0412_05:33:22 17 63.28 1.56125
2024_0412_05:34:09 17 11.38125 -10.26125
2024_0412_05:35:43 17 -0.38875 -0.20875
2024_0412_05:35:51 17 84.52375 88.955
2024_0412_05:36:00 17 98.25375 98.05625
2024_0412_05:36:03 17 16.66125 -16.39125
2024_0412_05:36:04 17 97.835 98.01
2024_0412_05:36:36 17 48.93625 96.92375
2024_0412_05:36:45 17 0.17625 0.48375
2024_0412_05:37:14 17 95.4225 98.3475
2024_0412_05:37:30 17 98.07625 98.41125
2024_0412_05:38:20 17 -0.06125 -0.34875
2024_0412_05:38:59 17 -0.305 0.07625
2024_0412_05:39:13 17 42.89125 44.45875
2024_0412_05:39:49 17 97.845 97.90875
2024_0412_05:40:23 17 -0.10875 0.355
2024_0412_05:42:24 17 97.96875 97.8325
2024_0412_05:42:52 17 0.0425 -0.51875
2024_0412_05:44:09 17 1.0325 12.50375
2024_0412_05:44:47 17 98.42375 98.41125
2024_0412_05:44:54 17 98.08125 98.49125
2024_0412_05:45:11 17 -0.07125 -0.295
2024_0412_05:45:30 17 2.5 42.6825
2024_0412_05:45:33 17 -0.18125 -0.1775
2024_0412_05:45:34 17 92.64875 97.83625
2024_0412_05:45:56 17 1.575 -2.28375
2024_0412_05:46:35 17 98.4575 96.20625
2024_0412_05:47:24 18 0.065 0.035
2024_0412_05:48:20 17 96.605 98.065
2024_0412_05:48:34 18 48.59875 47.595
2024_0412_05:49:40 18 -2.73375 7.87375
2024_0412_05:49:51 17 97.9975 98.23875
2024_0412_05:50:37 18 98.085 97.545
2024_0412_05:51:40 18 98.04625 97.83875
2024_0412_05:52:57 18 0.13 0.475
2024_0412_05:53:16 18 -9.66125 9.7725
2024_0412_05:53:46 18 98.34625 98.32625
2024_0412_05:54:01 18 0.21625 -0.575
2024_0412_05:54:21 18 0.75 0.125
2024_0412_05:54:22 18 0.33375 0.24875
2024_0412_05:54:43 18 -0.405 1.52875
2024_0412_05:55:07 18 48.7175 98.53625
2024_0412_05:55:19 18 1.325 2.36
2024_0412_05:55:45 18 3.235 -6.07375
2024_0412_05:57:13 18 97.7325 48.7675
2024_0412_05:57:23 18 -13.85375 12.8375
2024_0412_05:58:36 18 0.43125 1.915
2024_0412_05:58:52 18 82.03125 12.14875
2024_0412_06:00:03 18 -33.1925 33.34875
2024_0412_06:00:33 18 7.36625 5.5725
2024_0412_06:01:28 18 0.06375 0.33375
2024_0412_06:01:49 18 98.315 98.0125
2024_0412_06:02:04 18 -0.02 0.135
2024_0412_06:02:55 18 98.41875 98.39
2024_0412_06:02:57 18 98.17 98.6375
2024_0412_06:03:44 18 94.7325 97.0725
2024_0412_06:03:56 18 23.49 15.8875
2024_0412_06:04:07 18 0.345 -1.26125
2024_0412_06:04:14 18 97.2175 97.225
2024_0412_06:06:14 18 1.445 0.8325
2024_0412_06:06:21 19 48.06 70.16875
2024_0412_06:06:40 18 90.35625 97.8325
2024_0412_06:07:27 19 97.07 96.88125
2024_0412_06:07:50 19 48.46875 1.89875
2024_0412_06:09:24 19 -99.995 49.99625
2024_0412_06:09:41 19 -0.73875 1.01875
2024_0412_06:10:14 19 17.21875 -16.57125
2024_0412_06:10:48 19 -49.99875 -99.995
2024_0412_06:10:58 19 58.30125 -58.27375
2024_0412_06:12:00 19 66.92625 1.54875
2024_0412_06:12:22 19 79.96 -80.2025
2024_0412_06:12:36 19 -99.9875 99.98875
2024_0412_06:12:46 19 -0.18875 -0.18875
2024_0412_06:12:48 19 -50.1325 50.225
2024_0412_06:13:00 19 97.775 97.86
2024_0412_06:15:01 19 0.355 0.33375
2024_0412_06:15:12 19 98.2975 98.52
2024_0412_06:16:06 19 -0.2575 -0.0425
2024_0412_06:16:47 19 0.07875 -0.50875
2024_0412_06:18:00 20 0.05375 0.12
2024_0412_06:18:12 20 -7.82625 8.5875
2024_0412_06:18:39 20 98.34625 98.42625
2024_0412_06:19:02 20 98.0 96.89625
2024_0412_06:20:42 20 93.86375 98.23375
2024_0412_06:21:35 20 -0.10875 0.4
2024_0412_06:21:42 20 0.2025 0.25875
2024_0412_06:22:22 20 10.54 9.77625
2024_0412_06:22:30 20 97.895 98.07375
2024_0412_06:23:11 20 98.4025 98.38
2024_0412_06:24:03 20 12.825 -13.01125
2024_0412_06:24:11 20 -0.11875 0.52125
2024_0412_06:24:53 20 0.59375 -0.3
2024_0412_06:25:14 20 47.76875 -0.7725
2024_0412_06:25:44 20 -0.32125 0.67875
2024_0412_06:26:06 20 -0.57125 0.20375
2024_0412_06:26:19 20 48.055 98.82875
2024_0412_06:26:45 14 0.4425 0.46375
2024_0412_06:26:58 14 97.7475 97.8175
2024_0412_06:27:10 14 0.04625 0.575
2024_0412_06:29:31 15 13.4725 14.76375
2024_0412_06:30:13 15 36.58 7.16625
2024_0412_06:31:14 16 98.30375 98.4225
2024_0412_06:31:41 19 -0.1175 0.44375
2024_0412_06:32:22 18 -0.2225 0.2425
2024_0412_06:32:49 20 98.26 97.97125
2024_0412_06:37:04 20 3.23125 25.39375
2024_0412_06:38:10 20 98.3775 98.39625
2024_0412_06:46:38 4 97.63 98.11125
2024_0412_06:47:10 7 97.885 97.60125
2024_0412_06:47:11 3 97.60375 98.15875
2024_0412_06:47:12 1 98.38125 98.27375
2024_0412_06:47:16 4 48.38375 96.13
2024_0412_06:47:16 4 98.03375 97.895
2024_0412_06:47:23 2 98.15625 94.79875
2024_0412_06:47:31 11 16.1075 16.95125
2024_0412_06:47:38 10 98.42125 98.3125
2024_0412_06:47:50 9 98.62375 98.67625
2024_0412_06:47:51 4 48.49875 97.895
2024_0412_06:47:52 4 97.89875 97.91
2024_0412_06:47:57 2 48.595 97.9475
2024_0412_06:48:00 6 98.28625 98.41375
2024_0412_06:50:23 8 97.9425 97.70875
2024_0412_06:54:57 11 97.875 98.07875
2024_0412_06:55:27 11 0.7125 0.41875
2024_0412_06:55:30 11 98.24125 97.28625
2024_0412_06:56:07 11 -0.09 0.13875
2024_0412_06:56:11 11 -0.8225 0.37875
2024_0412_06:56:15 11 -10.73 60.03
2024_0412_06:56:27 11 -0.65 -0.02375
2024_0412_06:56:29 11 97.66875 97.90125
2024_0412_06:56:47 11 98.275 98.37625
2024_0412_06:56:51 11 98.345 98.42
2024_0412_06:57:01 11 98.25375 98.35125
2024_0412_06:57:12 11 98.1475 98.46
2024_0412_06:57:23 11 0.02 -0.085
2024_0412_06:57:27 11 -0.1125 0.40375
2024_0412_06:57:31 11 -49.9975 99.9975
2024_0412_07:02:23 11 -0.20875 -0.03125
2024_0412_07:04:20 11 98.19125 97.17875
2024_0412_07:04:26 11 -0.16125 -0.145
2024_0412_07:04:28 11 99.9975 99.9975
2024_0412_07:05:11 11 -0.31375 0.56
2024_0412_07:05:12 11 98.4 98.3525
2024_0412_07:05:21 11 -99.9975 -49.99875
2024_0412_07:05:23 11 -0.11125 0.515
2024_0412_07:05:45 11 97.885 98.09875
2024_0412_07:05:48 11 0.10125 0.00375
2024_0412_07:06:13 11 -0.2425 0.32375
2024_0412_07:06:15 11 -0.175 0.055
2024_0412_07:06:18 11 0.41 -0.1825
2024_0412_07:06:41 11 90.67625 97.9
2024_0412_07:06:51 11 98.10625 97.76875
2024_0412_07:07:03 11 97.7525 98.0
2024_0412_07:11:19 11 98.285 98.4525
2024_0412_07:12:20 11 -0.03625 -0.00625
2024_0412_07:13:14 11 -0.0475 -0.425
2024_0412_07:13:30 11 -0.09 -0.41625
2024_0412_07:14:05 11 0.40375 0.7375
2024_0412_07:14:10 11 -0.44 0.3025
2024_0412_07:14:18 11 97.84125 97.755
2024_0412_07:15:04 11 98.0775 98.12
2024_0412_07:15:14 11 -0.04875 -0.0175
2024_0412_07:15:23 11 97.14625 98.0175
2024_0412_07:15:44 11 98.305 98.27625
2024_0412_07:15:52 11 98.09375 97.73
2024_0412_07:15:53 11 0.225 0.07
2024_0412_07:16:36 11 -0.23625 0.1
2024_0412_07:16:37 11 0.46125 -0.6975
2024_0412_07:16:43 11 46.4775 47.80375
2024_0412_07:20:53 11 -0.155 0.31
2024_0412_07:21:07 11 0.9525 -0.31125
2024_0412_07:21:37 11 -0.13125 -0.1225
2024_0412_07:22:04 11 99.9975 99.995
2024_0412_07:22:56 11 -0.2675 -0.15625
2024_0412_07:23:04 11 -0.39125 -0.0725
2024_0412_07:23:16 11 98.175 97.4325
2024_0412_07:24:25 11 0.3225 0.43875
2024_0412_07:24:41 11 0.29 -0.56625
2024_0412_07:25:07 11 -0.05375 -0.01625
2024_0412_07:25:15 11 99.9925 -49.99625
2024_0412_07:25:24 11 0.5225 -0.1625
2024_0412_07:25:40 11 -0.055 -0.37
2024_0412_07:25:46 11 13.14625 50.44875
2024_0412_07:26:17 11 -0.16 0.085
2024_0412_07:28:27 11 -0.265 0.20125
2024_0412_07:30:02 11 0.2625 -0.40375
2024_0412_07:30:25 11 97.8475 98.17375
2024_0412_07:30:41 11 96.855 97.9425
2024_0412_07:30:55 11 0.33 0.2
2024_0412_07:31:36 11 98.23875 98.04625
2024_0412_07:31:41 11 -0.56 0.53
2024_0412_07:31:59 11 -0.63875 -0.055
2024_0412_07:33:51 11 42.125 -0.30875
2024_0412_07:34:00 11 98.28875 98.325
2024_0412_07:34:05 11 97.99 98.145
2024_0412_07:34:21 11 0.245 0.78
2024_0412_07:34:40 11 -50.0 50.0
2024_0412_07:35:08 11 0.03125 0.6875
2024_0412_07:35:10 11 98.075 98.0525
2024_0412_07:36:01 11 -49.99875 -49.9975
2024_0412_07:38:50 11 -0.38125 0.14375
2024_0412_07:38:54 11 -0.13 0.7875
2024_0412_07:39:54 11 0.33375 0.9
2024_0412_07:40:02 11 -0.45 0.0675
2024_0412_07:40:16 11 96.88 97.8525
2024_0412_07:40:27 11 97.705 97.99625
2024_0412_07:40:32 11 0.275 -0.1
2024_0412_07:40:43 11 13.27625 43.5275
2024_0412_07:43:12 11 0.74375 -0.55875
2024_0412_07:43:28 11 49.99875 -49.99875
2024_0412_07:43:31 11 -0.47625 0.26625
2024_0412_07:43:42 11 -0.7725 -0.1475
2024_0412_07:43:57 11 98.2425 98.39
2024_0412_07:44:05 11 0.17125 -0.34625
2024_0412_07:44:34 11 -0.57125 -0.6925
2024_0412_07:45:35 11 -0.25875 -0.33875
2024_0412_07:47:55 11 97.26125 97.28375
2024_0412_07:48:01 11 -0.4725 0.505
2024_0412_07:48:37 11 98.37125 98.32
2024_0412_07:48:43 11 98.06875 98.0025
2024_0412_07:48:49 11 -0.1575 0.16625
2024_0412_07:49:25 11 98.555 98.775
2024_0412_07:49:34 11 98.4925 98.5475
2024_0412_07:51:27 11 -0.02125 0.07625
2024_0412_07:52:01 11 98.375 98.38875
2024_0412_07:52:56 11 0.16375 -0.3075
2024_0412_07:53:01 11 98.415 98.3575
2024_0412_07:53:07 11 97.675 97.87875
2024_0412_07:53:25 11 0.38 0.11375
2024_0412_07:53:27 11 -0.17 0.14625
2024_0412_07:54:02 11 -0.17875 -0.27875
2024_0412_07:54:58 11 97.8825 98.0275
2024_0412_07:56:43 11 -0.5075 -0.415
2024_0412_07:56:50 11 96.61 97.98875
2024_0412_07:57:28 11 -0.19375 -0.63375
2024_0412_07:57:33 11 98.32 98.37125
2024_0412_07:57:42 11 97.685 98.14625
2024_0412_07:58:07 11 94.8725 97.725
2024_0412_07:58:31 11 0.1825 -0.18375
2024_0412_08:01:20 11 0.4075 -0.6975
2024_0412_08:01:40 11 -0.1775 -0.54875
2024_0412_08:02:06 11 0.045 0.4775
2024_0412_08:02:31 11 -49.99875 -49.99875
2024_0412_08:02:35 11 -0.22125 0.665
2024_0412_08:02:54 11 49.86 12.8475
2024_0412_08:02:56 11 -50.0 99.99875
2024_0412_08:03:35 11 98.285 98.23875
2024_0412_08:04:17 11 -0.045 -0.92125
2024_0412_08:05:30 11 -0.2825 0.23875
2024_0412_08:05:46 11 2.545 1.685
2024_0412_08:06:23 11 97.8925 97.98625
2024_0412_08:06:28 11 -0.53125 0.11375
2024_0412_08:06:35 11 0.07875 -0.26125
2024_0412_08:07:20 11 49.99875 -49.99875
2024_0412_08:07:41 11 -0.48125 0.37375
2024_0412_08:10:42 12 -0.00375 -0.5675
2024_0412_08:10:49 11 0.415 -0.60875
2024_0412_08:11:54 12 49.99875 49.9975
2024_0412_08:11:59 12 -99.995 -49.9975
2024_0412_08:12:19 12 49.99875 99.99
2024_0412_08:12:46 12 98.5025 98.625
2024_0412_08:12:57 12 1.0525 2.515
2024_0412_08:13:06 12 98.1675 98.07125
2024_0412_08:13:39 12 97.9125 98.22125
2024_0412_08:13:40 12 98.26875 98.29125
2024_0412_08:14:35 12 -0.86625 72.495
2024_0412_08:14:38 12 0.18 -0.63375
2024_0412_08:15:13 12 -0.69125 43.31125
2024_0412_08:15:18 12 16.18 47.7525
2024_0412_08:16:10 12 -100.0 100.0
2024_0412_08:16:17 12 0.29125 0.1875
2024_0412_08:19:30 12 98.10625 98.10125
2024_0412_08:20:17 12 -0.19 -0.31125
2024_0412_08:21:20 12 98.03 98.02
2024_0412_08:21:27 12 98.16875 48.49125
2024_0412_08:21:32 12 0.21625 0.61625
2024_0412_08:21:41 12 98.37375 98.51125
2024_0412_08:21:49 12 1.62125 0.5975
2024_0412_08:22:23 12 0.375 0.6875
2024_0412_08:22:41 12 98.0925 98.0825
2024_0412_08:23:10 12 97.87375 97.815
2024_0412_08:23:20 12 98.6425 98.635
2024_0412_08:23:26 12 -0.16125 -0.04
2024_0412_08:23:59 12 98.565 98.51
2024_0412_08:24:56 12 -0.53875 0.74375
2024_0412_08:25:00 12 0.225 0.13875
2024_0412_08:25:33 12 0.435 -0.59625
2024_0412_08:28:12 12 1.4825 1.95125
2024_0412_08:29:01 12 -0.27375 -0.34125
2024_0412_08:29:58 12 70.29625 69.69375
2024_0412_08:30:03 12 -1.0175 -0.35
2024_0412_08:30:23 12 -0.27875 0.2575
2024_0412_08:30:57 12 97.97125 98.15375
2024_0412_08:31:09 12 98.08125 98.92375
2024_0412_08:31:15 12 -0.27375 -0.765
2024_0412_08:31:20 12 -0.46 -0.5525
2024_0412_08:31:25 12 78.12875 78.6475
2024_0412_08:32:19 12 98.0325 97.88125
2024_0412_08:32:24 12 97.625 98.0375
2024_0412_08:32:55 12 97.52875 97.1
2024_0412_08:33:07 12 -0.08625 0.145
2024_0412_08:34:23 12 98.7225 99.17375
2024_0412_08:35:49 12 98.23875 98.225
2024_0412_08:37:04 12 78.3575 78.22625
2024_0412_08:38:28 12 97.71 98.06
2024_0412_08:38:45 12 98.23375 55.1775
2024_0412_08:38:58 12 98.31 98.33375
2024_0412_08:39:11 12 1.0025 -0.98
2024_0412_08:39:19 12 -0.25 0.17125
2024_0412_08:40:27 12 -0.79875 71.175
2024_0412_08:40:39 12 97.35625 98.1675
2024_0412_08:40:41 12 47.035 46.64875
2024_0412_08:40:49 12 97.85375 97.8025
2024_0412_08:41:09 12 97.86625 92.82
2024_0412_08:41:19 12 -0.1975 -0.3
2024_0412_08:41:23 12 -0.52875 0.00375
2024_0412_08:43:11 12 0.14 -0.82125
2024_0412_08:43:45 12 97.80125 94.68375
2024_0412_08:45:14 12 -0.07375 0.4925
2024_0412_08:46:37 12 98.505 98.445
2024_0412_08:47:11 12 0.36 0.11875
2024_0412_08:47:23 12 -0.9075 -0.49875
2024_0412_08:47:32 12 98.2775 98.27375
2024_0412_08:47:47 12 24.14125 23.73625
2024_0412_08:47:52 12 -0.32125 0.05875
2024_0412_08:48:53 12 0.44625 -0.78625
2024_0412_08:49:15 12 98.0325 97.64375
2024_0412_08:49:17 12 0.245 -0.81375
2024_0412_08:49:28 12 96.74 98.05375
2024_0412_08:50:13 12 96.7125 97.735
2024_0412_08:50:15 12 98.4 98.44375
2024_0412_08:50:16 12 -0.335 0.66375
2024_0412_08:53:13 12 98.3275 47.67125
2024_0412_08:54:03 12 97.84625 98.1625
2024_0412_08:55:02 12 0.075 0.37875
2024_0412_08:56:03 12 0.11125 -0.1025
2024_0412_08:56:10 12 0.06375 0.10375
2024_0412_08:56:36 12 -49.9975 49.9975
2024_0412_08:56:43 12 98.37625 98.44625
2024_0412_08:57:04 12 98.0875 97.78
2024_0412_08:57:30 12 0.30875 -0.00875
2024_0412_08:57:45 12 -49.9975 -99.99875
2024_0412_08:58:11 12 98.1225 98.145
2024_0412_08:58:27 12 98.22125 98.35375
2024_0412_08:58:47 12 98.12625 98.12125
2024_0412_08:58:57 12 97.36125 98.0275
2024_0412_08:59:05 12 -99.995 99.995
2024_0412_08:59:43 12 97.82125 97.39625
2024_0412_09:02:44 12 98.26875 98.19875
2024_0412_09:03:31 12 98.765 98.545
2024_0412_09:04:53 12 97.82625 97.92875
2024_0412_09:05:10 12 -46.15875 49.99375
2024_0412_09:05:19 12 -55.46125 59.8625
2024_0412_09:05:53 12 49.695 49.49625
2024_0412_09:06:01 12 98.3925 98.36375
2024_0412_09:06:18 12 72.87375 90.22625
2024_0412_09:06:18 12 97.92875 98.08625
2024_0412_09:06:24 12 35.305 -34.6025
2024_0412_09:06:35 12 0.3225 0.36
2024_0412_09:06:52 12 97.84625 99.115
2024_0412_09:07:27 12 0.10375 -0.22875
2024_0412_09:07:45 12 98.2825 98.28
2024_0412_09:07:57 12 50.0 49.9975
2024_0412_09:08:34 12 0.21375 1.05625
2024_0412_09:12:02 12 -21.52 98.37875
2024_0412_09:12:56 12 42.635 -7.51375
2024_0412_09:13:21 13 98.125 97.8575
2024_0412_09:14:22 12 97.96375 97.785
2024_0412_09:14:34 13 97.31625 97.935
2024_0412_09:14:39 13 98.4325 98.42125
2024_0412_09:14:42 13 -0.61 0.0225
2024_0412_09:14:49 13 97.52375 22.6175
2024_0412_09:14:50 13 97.6125 97.89625
2024_0412_09:15:49 13 15.68125 14.9775
2024_0412_09:15:50 13 -0.09 0.0125
2024_0412_09:16:26 13 0.36625 0.06375
2024_0412_09:16:50 13 46.99375 46.95875
2024_0412_09:16:55 13 47.23625 47.20625
2024_0412_09:18:03 13 21.2475 72.37125
2024_0412_09:18:44 13 -49.985 49.84125
2024_0412_09:21:05 13 0.05125 -0.27625
2024_0412_09:21:46 13 -0.54125 -0.21125
2024_0412_09:22:29 13 0.405 -0.31625
2024_0412_09:22:49 13 -0.08125 -0.38375
2024_0412_09:22:52 13 97.9375 97.6475
2024_0412_09:23:42 13 46.04125 46.5975
2024_0412_09:23:50 13 -1.04 0.0775
2024_0412_09:24:14 13 -49.9975 -49.99875
2024_0412_09:24:19 13 0.63875 0.68
2024_0412_09:24:38 13 0.01125 0.38125
2024_0412_09:24:39 13 0.3925 0.385
2024_0412_09:25:08 13 78.23 77.5325
2024_0412_09:25:11 13 -0.175 -0.78375
2024_0412_09:26:24 13 -1.6125 97.83375
2024_0412_09:26:42 13 0.15375 0.21
2024_0412_09:29:06 13 0.12375 -0.07
2024_0412_09:30:37 13 15.17875 15.96
2024_0412_09:30:42 13 0.1525 -0.69
2024_0412_09:30:59 13 0.14875 0.44625
2024_0412_09:31:00 13 -0.5675 0.41375
2024_0412_09:31:58 13 98.11875 98.03875
2024_0412_09:32:30 13 98.59 98.5625
2024_0412_09:32:43 13 98.69125 98.54625
2024_0412_09:33:07 13 98.09125 97.87125
2024_0412_09:33:26 13 98.01375 97.39875
2024_0412_09:34:06 13 27.3825 -0.63125
2024_0412_09:34:11 13 0.26125 0.17125
2024_0412_09:34:39 13 -0.9175 48.38125
2024_0412_09:35:13 13 -0.37625 0.60875
2024_0412_09:35:21 13 0.19375 0.17625
2024_0412_09:35:34 13 49.995 99.9925
2024_0412_09:38:33 13 71.57375 72.9625
2024_0412_09:38:40 13 -7.93 8.205
2024_0412_09:39:23 13 0.28125 -0.01
2024_0412_09:39:32 13 97.99625 97.87
2024_0412_09:39:59 13 0.04875 0.82625
2024_0412_09:40:45 13 47.59125 46.1775
2024_0412_09:40:51 13 0.365 -0.57
2024_0412_09:41:19 13 49.9975 99.995
2024_0412_09:42:16 13 45.64875 -2.61375
2024_0412_09:42:21 13 0.12875 -0.0575
2024_0412_09:42:34 13 98.5075 98.30125
2024_0412_09:43:39 13 97.7575 98.37375
2024_0412_09:43:58 13 0.6475 0.12375
2024_0412_09:44:43 13 50.00125 49.99875
2024_0412_09:44:44 13 -6.2175 48.4125
2024_0412_09:46:49 13 34.58 34.815
2024_0412_09:46:51 13 -0.41625 0.8975
2024_0412_09:47:12 13 -9.8125 10.07125
2024_0412_09:48:06 13 0.54875 -0.51875
2024_0412_09:48:13 13 -0.015 0.0775
2024_0412_09:48:16 13 98.50375 97.93125
2024_0412_09:49:01 13 -9.99125 9.3075
2024_0412_09:50:05 13 -0.145 -0.18875
2024_0412_09:50:17 13 0.045 0.5125
2024_0412_09:51:04 13 98.11125 98.13625
2024_0412_09:51:15 13 99.9975 -50.0
2024_0412_09:51:20 13 45.43625 44.4325
2024_0412_09:52:30 13 77.48625 98.47
2024_0412_09:52:46 13 98.2425 98.14375
2024_0412_09:53:27 13 -0.53 0.655
2024_0412_09:53:36 13 98.52 98.45375
2024_0412_09:55:44 13 98.34375 98.1875
2024_0412_09:56:36 13 -0.5025 36.4275
2024_0412_09:57:01 13 -6.4075 23.305
2024_0412_09:57:10 13 1.155 0.13375
2024_0412_09:57:10 13 98.2525 97.92875
2024_0412_09:57:29 13 0.31 0.03125
2024_0412_09:58:08 13 1.04125 -0.25375
2024_0412_09:58:13 13 -0.22625 0.4625
2024_0412_09:59:07 13 98.205 97.77125
2024_0412_09:59:31 13 -0.025 -0.5075
2024_0412_10:00:07 13 0.10875 0.65875
2024_0412_10:00:33 13 0.3025 -0.44375
2024_0412_10:01:28 13 1.2775 -0.38
2024_0412_10:02:00 13 -99.9925 -99.9975
2024_0412_10:02:12 13 0.0175 -0.17375
2024_0412_10:03:09 13 97.98625 98.1075
2024_0412_10:03:49 13 -0.24875 0.0875
2024_0412_10:05:59 13 98.4975 98.54625
2024_0412_10:06:14 13 2.085 1.91125
2024_0412_10:06:29 13 58.25375 98.09
2024_0412_10:06:54 13 0.005 0.60875
2024_0412_10:07:47 13 12.5525 12.33
2024_0412_10:09:06 13 97.11375 98.1025
2024_0412_10:09:54 13 98.92 47.42125
2024_0412_10:10:29 13 49.9125 16.33875
2024_0412_10:10:54 13 -1.12375 47.91
2024_0412_10:10:58 13 97.95375 97.77
2024_0412_10:11:28 13 10.12375 62.4825
2024_0412_10:11:29 13 47.94125 47.75
2024_0412_10:12:45 13 -0.935 4.2175
2024_0412_10:12:48 13 98.2075 98.3
2024_0412_10:14:22 13 -0.24 -0.33125
2024_0412_10:14:40 13 97.34875 97.88125
2024_0412_10:15:45 13 12.86625 12.8725
2024_0412_10:16:21 13 46.55125 46.4875
2024_0412_10:16:43 13 0.07875 0.11
2024_0412_10:16:52 13 98.13 97.975
2024_0412_10:17:48 13 0.30125 -0.495
2024_0412_10:18:31 13 -0.12875 0.43
2024_0412_10:19:23 13 98.77125 98.46375
2024_0412_10:20:18 13 -0.1075 0.20875
2024_0412_10:20:26 13 -0.08375 0.015
2024_0412_10:20:33 13 98.1825 97.105
2024_0412_10:20:48 13 -0.15375 -0.32125
2024_0412_10:20:53 13 0.225 -0.0825
2024_0412_10:21:31 13 0.13875 1.02625
2024_0412_10:22:15 13 0.465 0.11125
2024_0412_10:22:29 13 -0.2225 -0.04375
2024_0412_10:23:37 13 -0.1175 -0.2475
2024_0412_10:24:51 13 -0.2825 0.095
2024_0412_10:25:09 13 97.85875 92.87
2024_0412_10:25:21 13 0.805 0.7725
2024_0412_10:26:27 13 -0.44125 0.2625
2024_0412_10:27:36 13 97.9875 98.015
2024_0412_10:27:51 13 -0.79125 -0.35875
2024_0412_10:28:37 13 -0.06875 0.53
2024_0412_10:28:44 13 -6.39375 43.68375
2024_0412_10:29:21 13 98.21625 97.60625
2024_0412_10:29:42 13 3.1375 0.00125
2024_0412_10:29:47 13 0.73 0.41125
2024_0412_10:29:55 13 96.35875 97.2925
2024_0412_10:30:13 13 52.30625 -52.30375
2024_0412_10:31:10 13 98.34125 98.3375
2024_0412_10:31:35 13 76.50375 98.69625
2024_0412_10:31:48 13 4.9675 27.5575
2024_0412_10:33:50 13 93.38 97.82875
2024_0412_10:33:51 13 0.44625 0.36375
2024_0412_10:34:49 13 -0.0775 0.41
2024_0412_10:35:54 13 98.74875 98.38875
2024_0412_10:36:27 13 97.33875 97.55875
2024_0412_10:36:31 13 -0.78375 1.11
2024_0412_10:37:23 13 -33.40375 33.44125
2024_0412_10:37:55 13 25.4775 47.715
2024_0412_10:38:07 13 -0.07625 0.3975
2024_0412_10:38:50 13 0.185 0.1375
2024_0412_10:39:24 13 47.14625 46.56875
2024_0412_10:39:42 13 98.1575 98.1625
2024_0412_10:39:48 13 12.48375 11.22375
2024_0412_10:39:59 13 78.4225 78.47125
2024_0412_10:40:40 13 97.935 98.25375
2024_0412_10:40:48 13 98.025 98.30625
2024_0412_10:42:04 13 16.40875 16.14625
2024_0412_10:42:57 13 -0.12625 0.24375
2024_0412_10:44:26 13 98.19 98.2925
2024_0412_10:44:36 13 -0.075 0.465
2024_0412_10:44:37 13 0.0725 0.0025
2024_0412_10:46:18 13 6.82125 22.1225
2024_0412_10:46:23 13 16.19625 15.29875
2024_0412_10:46:49 13 98.75 98.3775
2024_0412_10:47:34 13 97.35375 96.46125
2024_0412_10:48:05 13 2.485 3.23875
2024_0412_10:48:07 13 11.76125 11.7925
2024_0412_10:48:19 13 19.75125 -19.655
2024_0412_10:48:48 13 98.2425 98.54125
2024_0412_10:49:04 13 98.195 98.36125
2024_0412_10:49:34 13 -0.75375 0.36125
2024_0412_10:50:21 13 0.51375 0.07
2024_0412_10:51:33 13 0.01125 0.5975
2024_0412_10:51:51 13 -0.43125 0.54875
2024_0412_10:53:11 13 46.69125 -20.64
2024_0412_10:53:39 13 0.51125 -0.245
2024_0412_10:54:20 13 98.29875 98.00125
2024_0412_10:54:27 13 0.54375 -0.095
2024_0412_10:55:00 13 96.8625 97.7725
2024_0412_10:55:10 13 97.69125 97.74
2024_0412_10:56:18 13 -0.24375 -0.51875
2024_0412_10:57:06 13 10.22375 -10.1625
2024_0412_10:57:34 13 99.9975 -99.9975
2024_0412_10:57:46 13 -99.9975 -99.9975
2024_0412_10:58:26 13 48.5275 98.63125
2024_0412_10:58:29 13 9.5925 -10.88375
2024_0412_10:58:29 13 96.90375 98.6625
2024_0412_10:58:37 13 1.5125 2.18
2024_0412_11:00:12 14 -5.61 52.22125
2024_0412_11:01:52 14 -1.1 0.63375
2024_0412_11:02:04 14 98.305 98.21625
2024_0412_11:03:07 14 0.0375 0.075
2024_0412_11:03:20 14 98.16625 98.0225
2024_0412_11:03:40 14 99.995 99.995
2024_0412_11:03:54 14 -0.04375 0.225
2024_0412_11:05:25 14 -0.16125 -0.2875
2024_0412_11:05:53 14 -0.33875 0.5575
2024_0412_11:06:13 14 28.85 25.2525
2024_0412_11:06:22 14 -0.395 0.01375
2024_0412_11:06:38 14 97.8925 98.0475
2024_0412_11:06:55 14 98.3475 98.33625
2024_0412_11:07:28 14 35.76625 98.315
2024_0412_11:07:51 14 73.0525 64.86875
2024_0412_11:07:55 14 97.9375 48.235
2024_0412_11:08:59 14 -0.945 2.12875
2024_0412_11:10:46 14 0.11875 0.42375
2024_0412_11:11:26 14 15.0975 0.63
2024_0412_11:11:26 14 0.4025 -0.5825
2024_0412_11:11:33 14 98.265 97.91625
2024_0412_11:13:33 14 0.78125 0.70375
2024_0412_11:14:15 14 15.25875 50.945
2024_0412_11:15:02 14 -0.7525 47.64625
2024_0412_11:15:28 14 98.14125 97.97125
2024_0412_11:15:31 14 99.9925 49.9975
2024_0412_11:15:40 14 0.19375 -0.30625
2024_0412_11:15:51 14 -0.045 0.00875
2024_0412_11:16:04 14 64.42375 88.25875
2024_0412_11:16:41 14 8.35375 -8.56875
2024_0412_11:17:09 14 0.0025 -0.0025
2024_0412_11:18:26 14 -0.29375 0.29
2024_0412_11:19:00 14 98.1375 48.435
2024_0412_11:19:43 14 12.5975 12.255
2024_0412_11:19:44 14 97.5825 97.535
2024_0412_11:20:53 14 0.12875 -0.29125
2024_0412_11:21:34 14 9.8275 -10.5775
2024_0412_11:22:16 14 -0.12125 -0.3575
2024_0412_11:23:18 14 98.10625 98.03125
2024_0412_11:23:47 14 -0.50125 -0.21625
2024_0412_11:24:18 14 0.8 -0.41
2024_0412_11:24:28 14 50.0 -49.99875
2024_0412_11:24:54 14 98.075 98.155
2024_0412_11:25:09 14 -22.43125 69.70375
2024_0412_11:25:28 14 98.37 98.41375
2024_0412_11:25:54 14 0.2325 -0.0125
2024_0412_11:26:40 14 -16.28125 17.18625
2024_0412_11:27:38 14 -10.41125 9.81875
2024_0412_11:27:50 14 98.38375 98.44
2024_0412_11:27:55 14 98.12625 97.9825
2024_0412_11:28:41 14 98.26375 97.8575
2024_0412_11:30:07 14 -10.0925 9.94125
2024_0412_11:30:22 14 98.16125 46.63375
2024_0412_11:31:33 14 38.7575 39.83125
2024_0412_11:32:39 14 98.04125 98.15
2024_0412_11:33:06 14 98.08625 98.01125
2024_0412_11:33:32 14 -0.5325 0.52125
2024_0412_11:33:59 14 98.24125 98.48375
2024_0412_11:34:01 14 -0.945 -0.0175
2024_0412_11:34:41 14 97.4625 97.82625
2024_0412_11:34:46 14 6.74 9.81
2024_0412_11:35:01 14 -0.3025 -0.54875
2024_0412_11:35:51 14 -0.1925 -0.1
2024_0412_11:36:09 14 98.0625 98.42375
2024_0412_11:36:31 14 0.07875 0.0475
2024_0412_11:37:00 14 96.40375 96.7625
2024_0412_11:37:49 14 -0.39625 -0.00625
2024_0412_11:38:54 14 1.53 22.34625
2024_0412_11:38:59 14 0.18375 0.23
2024_0412_11:40:35 14 66.215 53.9
2024_0412_11:41:58 14 98.16375 97.835
2024_0412_11:42:12 14 -0.43 0.225
2024_0412_11:42:47 14 -0.1625 0.17
2024_0412_11:43:21 14 98.365 96.99625
2024_0412_11:43:24 14 -0.53125 -0.8
2024_0412_11:43:29 14 -19.76125 20.44
2024_0412_11:43:56 14 97.9375 98.07625
2024_0412_11:44:04 14 8.74625 9.53375
2024_0412_11:44:10 14 98.2825 98.2975
2024_0412_11:44:52 14 0.1725 -0.5525
2024_0412_11:45:11 14 0.2725 0.03
2024_0412_11:45:54 14 -49.99875 -49.9975
2024_0412_11:46:41 14 -0.62 -0.185
2024_0412_11:47:47 14 0.0225 -0.175
2024_0412_11:47:49 14 97.74625 48.53125
2024_0412_11:50:16 14 -0.57625 0.27125
2024_0412_11:51:34 14 -0.3575 34.455
2024_0412_11:51:35 14 0.13875 -0.7325
2024_0412_11:52:09 14 98.3475 98.21125
2024_0412_11:52:16 14 -0.065 -0.67
2024_0412_11:52:17 14 98.18125 95.73
2024_0412_11:52:18 14 39.8275 98.215
2024_0412_11:52:42 14 -1.405 -0.48875
2024_0412_11:53:40 14 97.98625 97.37375
2024_0412_11:54:25 14 47.10375 1.93875
2024_0412_11:54:30 14 29.9325 47.77625
2024_0412_11:55:22 14 -38.865 38.96
2024_0412_11:55:38 14 1.53375 0.6175
2024_0412_11:55:58 14 10.47625 45.9675
2024_0412_11:56:51 14 98.2525 97.89125
2024_0412_11:57:23 14 -0.2075 0.10875
2024_0412_11:59:13 14 -0.82125 96.95125
2024_0412_11:59:56 14 43.13875 3.3525
2024_0412_12:00:22 14 98.2425 85.90625
2024_0412_12:00:27 14 97.485 97.72125
2024_0412_12:01:03 14 2.40875 -1.17875
2024_0412_12:01:27 14 0.08875 0.3375
2024_0412_12:01:39 14 -0.05625 -0.0525
2024_0412_12:01:46 14 60.06875 -60.1025
2024_0412_12:02:21 14 78.25625 76.68625
2024_0412_12:02:47 14 98.10625 97.9675
2024_0412_12:03:13 14 97.3075 97.37125
2024_0412_12:03:48 14 98.72125 37.51375
2024_0412_12:06:15 14 -0.71 0.145
2024_0412_12:06:16 14 0.42 1.005
2024_0412_12:07:01 14 0.1775 0.6325
2024_0412_12:07:12 14 97.85375 97.755
2024_0412_12:07:30 14 97.9025 97.8925
2024_0412_12:08:24 14 0.1175 0.43375
2024_0412_12:08:50 14 47.2075 42.78125
2024_0412_12:09:16 14 -0.58375 -0.25875
2024_0412_12:09:49 14 0.36 0.44
2024_0412_12:10:37 14 97.94 98.395
2024_0412_12:10:56 14 97.68375 49.1775
2024_0412_12:11:03 14 -0.5575 53.17125
2024_0412_12:11:28 14 33.69875 -6.28625
2024_0412_12:11:45 14 98.3625 98.3225
2024_0412_12:12:06 14 98.4125 98.3125
2024_0412_12:12:52 14 97.71375 97.2675
2024_0412_12:15:02 14 97.645 97.365
2024_0412_12:15:44 14 98.6725 98.3875
2024_0412_12:16:33 14 -0.04125 0.0425
2024_0412_12:16:48 14 -35.80375 35.465
2024_0412_12:17:04 14 -2.26375 49.82875
2024_0412_12:18:03 14 -0.11625 -0.5375
2024_0412_12:18:04 14 97.86875 97.74625
2024_0412_12:18:09 14 22.22875 23.37125
2024_0412_12:18:35 14 0.54875 0.20625
2024_0412_12:19:38 14 97.8075 97.9525
2024_0412_12:20:09 14 47.58875 48.65625
2024_0412_12:20:15 14 96.82 97.95875
2024_0412_12:20:24 14 0.45625 0.37375
2024_0412_12:20:47 14 45.35 46.435
2024_0412_12:21:26 14 98.00125 97.85625
2024_0412_12:22:31 14 45.56125 -1.48375
2024_0412_12:23:39 14 -33.65625 33.6075
2024_0412_12:25:20 14 0.66625 0.26375
2024_0412_12:25:25 14 49.83875 -0.845
2024_0412_12:25:26 14 -8.40875 8.24625
2024_0412_12:25:41 14 70.8475 -9.1575
2024_0412_12:26:52 14 -0.10375 -0.09
2024_0412_12:27:29 14 99.9975 -99.9975
2024_0412_12:27:34 14 97.88 97.7675
2024_0412_12:28:29 14 3.17375 19.03
2024_0412_12:28:49 14 0.1025 -0.06125
2024_0412_12:28:58 14 97.69375 98.09
2024_0412_12:29:24 14 0.10125 -0.32625
2024_0412_12:29:35 14 48.51125 97.79
2024_0412_12:29:41 14 97.94625 97.51375
2024_0412_12:32:44 14 -0.095 0.09875
2024_0412_12:33:06 14 0.08875 0.05125
2024_0412_12:33:37 14 97.77125 98.19875
2024_0412_12:34:27 14 97.955 97.45625
2024_0412_12:34:44 14 0.19875 0.0975
2024_0412_12:34:53 14 98.2825 97.86
2024_0412_12:35:06 14 0.17625 0.27375
2024_0412_12:35:13 14 -10.31875 10.35
2024_0412_12:36:16 14 97.83 97.97125
2024_0412_12:36:22 14 81.865 82.0825
2024_0412_12:37:15 14 0.81875 0.4275
2024_0412_12:37:23 14 97.5975 97.99125
2024_0412_12:37:33 14 0.26 0.0725
2024_0412_12:37:48 14 97.345 96.98
2024_0412_12:38:00 14 0.045 -0.14
2024_0412_12:40:17 14 98.3 97.985
2024_0412_12:40:52 14 97.9625 98.10125
2024_0412_12:41:57 15 23.84125 23.60125
2024_0412_12:42:36 14 -3.48625 44.19625
2024_0412_12:43:20 15 97.74125 98.00875
2024_0412_12:43:44 15 97.78375 97.905
2024_0412_12:44:02 15 32.0175 2.1525
2024_0412_12:44:04 15 97.7575 98.275
2024_0412_12:44:33 15 0.5775 0.44625
2024_0412_12:45:39 15 9.44125 -9.9925
2024_0412_12:45:44 15 0.24625 -0.11375
2024_0412_12:45:48 15 0.71375 0.15625
2024_0412_12:45:59 15 98.35375 98.4725
2024_0412_12:46:13 15 -0.5625 0.24
2024_0412_12:47:46 15 -0.0775 0.115
2024_0412_12:49:05 15 97.85375 97.90625
2024_0412_12:51:02 15 -0.0325 0.16875
2024_0412_12:51:25 15 18.5025 18.0575
2024_0412_12:51:40 15 49.2475 -17.69375
2024_0412_12:51:58 15 22.885 98.275
2024_0412_12:52:13 15 97.74875 75.13875
2024_0412_12:52:25 15 13.04375 -12.7125
2024_0412_12:52:52 15 33.315 -16.97
2024_0412_12:53:48 15 98.08625 98.21125
2024_0412_12:53:51 15 5.39 -0.8425
2024_0412_12:53:51 15 -0.0825 0.15125
2024_0412_12:54:01 15 97.97125 97.7975
2024_0412_12:54:11 15 97.72625 95.095
2024_0412_12:55:22 15 -0.3525 -0.21
2024_0412_12:55:22 15 98.41625 98.31875
2024_0412_12:56:33 15 87.97 58.2225
2024_0412_12:57:51 15 40.13875 47.01625
2024_0412_13:00:05 15 98.66375 48.88
2024_0412_13:00:41 15 98.4675 98.3775
2024_0412_13:01:00 15 98.32375 96.83125
2024_0412_13:01:01 15 0.5475 1.14375
2024_0412_13:01:15 15 97.805 97.87875
2024_0412_13:01:50 15 -7.89 7.97875
2024_0412_13:02:14 15 8.51125 -8.45125
2024_0412_13:02:33 15 96.6575 97.52875
2024_0412_13:02:48 15 0.1225 -0.23625
2024_0412_13:02:48 15 0.07375 -0.05375
2024_0412_13:02:53 15 16.98125 -5.225
2024_0412_13:04:13 15 97.75375 97.7575
2024_0412_13:04:50 15 97.93875 97.93
2024_0412_13:05:21 15 95.69125 97.33375
2024_0412_13:08:21 15 48.57125 97.96875
2024_0412_13:08:23 15 98.42625 98.78625
2024_0412_13:09:02 15 98.1575 97.78125
2024_0412_13:09:13 15 -0.40625 -0.57625
2024_0412_13:09:59 15 30.85875 32.45
2024_0412_13:09:59 15 98.7325 98.3825
2024_0412_13:10:16 15 98.39625 98.2975
2024_0412_13:10:18 15 3.28 3.03125
2024_0412_13:11:11 15 -3.4575 2.68125
2024_0412_13:11:21 15 15.76875 15.10625
2024_0412_13:11:33 15 77.7425 78.0425
2024_0412_13:11:34 15 2.1975 -2.55625
2024_0412_13:11:43 15 0.21125 -0.46125
2024_0412_13:13:06 15 97.73125 46.59875
2024_0412_13:14:10 15 2.875 6.02
2024_0412_13:14:29 15 97.8025 97.84875
2024_0412_13:16:45 15 57.145 52.73
2024_0412_13:17:09 15 -1.8425 48.48
2024_0412_13:18:27 15 0.15 -0.44125
2024_0412_13:18:36 15 97.96 96.95625
2024_0412_13:19:04 15 -9.40375 10.59875
2024_0412_13:19:12 15 98.475 98.56875
2024_0412_13:20:01 15 -0.53625 0.43125
2024_0412_13:20:02 15 -0.07125 0.16625
2024_0412_13:20:17 15 12.28875 14.09125
2024_0412_13:20:22 15 -49.9975 49.9975
2024_0412_13:20:22 15 25.04625 20.90625
2024_0412_13:20:35 15 98.075 98.1725
2024_0412_13:22:36 15 0.08 0.64875
2024_0412_13:23:37 15 -99.99125 99.99375
2024_0412_13:25:31 15 0.01125 -0.00125
2024_0412_13:25:33 15 -0.49125 -0.27375
2024_0412_13:25:56 15 1.0 -1.29
2024_0412_13:26:50 15 97.56625 97.05375
2024_0412_13:27:32 15 41.855 42.24
2024_0412_13:27:36 15 -1.5625 49.82375
2024_0412_13:28:13 15 97.75125 98.17375
2024_0412_13:28:18 15 48.47125 47.58625
2024_0412_13:28:42 15 0.14 0.04625
2024_0412_13:29:15 15 98.3875 98.38125
2024_0412_13:29:26 15 98.115 98.14375
2024_0412_13:29:28 15 0.16 0.42
2024_0412_13:29:41 15 48.78375 97.79125
2024_0412_13:31:07 15 -10.155 9.69125
2024_0412_13:32:02 15 -100.0 49.9975
2024_0412_13:32:26 15 98.05875 97.43125
2024_0412_13:33:47 15 -0.1375 -0.11375
2024_0412_13:34:41 15 97.89625 97.6575
2024_0412_13:35:40 15 -13.51375 43.9275
2024_0412_13:35:52 15 -0.02625 0.3525
2024_0412_13:36:29 15 98.68 98.67
2024_0412_13:36:38 15 -0.58 -0.17375
2024_0412_13:36:58 15 -0.25625 -0.2475
2024_0412_13:37:15 15 13.32 -11.99375
2024_0412_13:37:36 15 -0.3 0.15375
2024_0412_13:38:11 15 97.98 98.13625
2024_0412_13:38:15 15 0.11 -0.30375
2024_0412_13:38:51 15 98.1925 97.69625
2024_0412_13:39:10 15 0.3225 -0.36375
2024_0412_13:41:05 15 -0.4525 0.22375
2024_0412_13:41:14 15 77.91625 78.405
2024_0412_13:42:34 15 -20.41875 61.88375
2024_0412_13:43:32 15 0.21875 0.96
2024_0412_13:43:52 15 97.10625 98.195
2024_0412_13:44:43 15 42.545 42.27
2024_0412_13:45:18 15 -50.0 50.0
2024_0412_13:45:30 15 -0.0525 0.22375
2024_0412_13:46:02 15 87.0675 89.31375
2024_0412_13:46:12 15 0.50125 0.505
2024_0412_13:46:26 15 49.9975 49.99875
2024_0412_13:46:56 15 0.3425 0.19125
2024_0412_13:46:59 15 99.395 -36.49125
2024_0412_13:48:31 15 0.2125 0.605
2024_0412_13:48:38 15 -0.0225 0.18125
2024_0412_13:49:58 15 97.9925 97.52375
2024_0412_13:50:04 15 97.605 94.825
2024_0412_13:51:17 15 97.9875 98.11
2024_0412_13:52:02 15 97.385 98.00875
2024_0412_13:53:10 15 48.96375 49.345
2024_0412_13:53:13 15 1.455 1.285
2024_0412_13:53:34 15 82.05625 87.885
2024_0412_13:54:06 15 98.06875 98.16125
2024_0412_13:54:24 15 -0.81875 0.115
2024_0412_13:55:11 15 1.61 1.105
2024_0412_13:55:16 15 0.0 -0.00125
2024_0412_13:55:47 15 2.5375 -2.115
2024_0412_13:56:23 15 33.20125 -33.15375
2024_0412_13:56:25 15 27.39375 -27.83625
2024_0412_13:57:22 15 -16.89125 17.18875
2024_0412_13:58:17 15 97.89625 97.41375
2024_0412_13:59:05 15 2.2125 -1.71
2024_0412_14:00:15 15 98.09125 97.745
2024_0412_14:00:53 15 98.415 98.06875
2024_0412_14:02:36 15 -0.335 -0.26625
2024_0412_14:02:41 15 -0.42875 0.05125
2024_0412_14:02:45 15 -0.01125 -0.2075
2024_0412_14:03:19 15 0.52875 0.435
2024_0412_14:03:24 15 -9.655 10.13625
2024_0412_14:03:41 15 98.0075 97.68625
2024_0412_14:04:05 15 -9.80625 9.9475
2024_0412_14:04:09 15 0.5625 0.2125
2024_0412_14:04:38 15 45.76875 97.92875
2024_0412_14:05:51 15 97.855 95.81375
2024_0412_14:06:47 15 42.35875 12.4525
2024_0412_14:07:50 15 48.08625 -0.42125
2024_0412_14:08:00 15 97.7125 97.8925
2024_0412_14:08:35 15 98.2025 98.16875
2024_0412_14:09:22 15 -0.43 -0.0325
2024_0412_14:10:52 15 19.22625 20.04625
2024_0412_14:11:03 15 98.14125 97.4375
2024_0412_14:11:12 15 -0.54375 -0.32375
2024_0412_14:11:45 15 -19.08 20.0075
2024_0412_14:11:45 15 -0.67375 -0.09125
2024_0412_14:12:22 15 14.31125 14.55875
2024_0412_14:12:37 15 -0.6225 0.12375
2024_0412_14:12:53 15 -0.64125 -0.55625
2024_0412_14:13:04 15 98.12875 95.96875
2024_0412_14:14:16 15 -0.28 -0.16
2024_0412_14:15:06 15 97.59 97.90375
2024_0412_14:16:40 15 -0.4525 -0.88375
2024_0412_14:16:46 15 4.18 -4.075
2024_0412_14:16:49 15 98.3025 98.1175
2024_0412_14:17:21 15 -0.475 -0.12625
2024_0412_14:17:32 15 -0.39875 -0.3825
2024_0412_14:19:18 15 2.81 -2.4175
2024_0412_14:19:43 15 -99.9975 49.99875
2024_0412_14:19:55 16 14.1325 15.90875
2024_0412_14:20:40 15 98.49625 97.795
2024_0412_14:21:24 16 19.6575 -20.05625
2024_0412_14:21:33 16 -0.27625 -1.015
2024_0412_14:21:43 16 -10.02625 10.53125
2024_0412_14:21:59 16 0.46 0.18375
2024_0412_14:23:05 16 45.82375 -0.615
2024_0412_14:23:08 15 98.13875 98.0825
2024_0412_14:23:57 16 98.62125 98.645
2024_0412_14:25:39 16 16.70125 -17.0175
2024_0412_14:25:43 16 94.49375 97.85625
2024_0412_14:26:08 16 19.245 -3.07875
2024_0412_14:27:08 16 98.4075 98.35125
2024_0412_14:27:34 16 95.0925 94.7775
2024_0412_14:27:41 16 62.9825 -12.32875
2024_0412_14:27:58 16 96.8225 97.42
2024_0412_14:28:13 16 49.77875 50.1875
2024_0412_14:29:54 16 61.1225 61.44875
2024_0412_14:30:05 16 0.80375 0.7775
2024_0412_14:30:44 16 16.83875 -16.87875
2024_0412_14:31:10 16 98.79875 98.45
2024_0412_14:31:33 16 -0.47375 -0.02
2024_0412_14:31:49 16 -0.31875 -0.2225
2024_0412_14:32:43 16 98.7875 98.53875
2024_0412_14:32:48 16 -0.16375 0.05875
2024_0412_14:34:30 16 46.03 98.01875
2024_0412_14:34:38 16 97.145 98.1225
2024_0412_14:34:51 16 97.77375 48.69125
2024_0412_14:35:44 16 16.84625 -16.455
2024_0412_14:36:13 16 0.045 -0.3925
2024_0412_14:36:44 16 16.49 -16.91625
2024_0412_14:37:01 16 -32.68125 60.49
2024_0412_14:38:57 16 98.2925 97.96
2024_0412_14:39:09 16 98.19375 98.3375
2024_0412_14:39:26 16 -7.88375 6.615
2024_0412_14:39:42 16 -0.1325 -0.1
2024_0412_14:40:44 16 0.545 -0.31125
2024_0412_14:41:00 16 -0.34125 0.13375
2024_0412_14:41:02 16 0.4925 0.47125
2024_0412_14:41:21 16 0.76875 0.07375
2024_0412_14:41:58 16 8.1725 -8.59375
2024_0412_14:42:39 16 98.03875 97.36
2024_0412_14:43:21 16 0.56625 0.035
2024_0412_14:43:44 16 98.25375 93.78375
2024_0412_14:44:26 16 0.44 -0.94
2024_0412_14:44:29 16 13.115 13.0875
2024_0412_14:44:59 16 77.55875 77.57625
2024_0412_14:45:13 16 98.34125 98.3325
2024_0412_14:47:11 16 -0.52375 29.695
2024_0412_14:48:12 16 0.5075 0.66375
2024_0412_14:49:14 16 -0.53375 0.10875
2024_0412_14:49:51 16 97.1475 94.66
2024_0412_14:49:51 16 78.205 78.6525
2024_0412_14:49:56 16 97.9375 98.0525
2024_0412_14:50:07 16 -0.245 -0.03375
2024_0412_14:50:55 16 98.5075 98.24625
2024_0412_14:51:10 16 97.66625 97.9975
2024_0412_14:51:32 16 -0.1075 0.0425
2024_0412_14:52:33 16 80.73625 44.1525
2024_0412_14:52:37 16 97.92375 97.485
2024_0412_14:52:47 16 98.1225 98.0375
2024_0412_14:52:59 16 -9.90875 10.0275
2024_0412_14:53:14 16 70.48375 54.235
2024_0412_14:53:21 16 38.33625 91.74875
2024_0412_14:55:23 16 -0.05875 -0.25875
2024_0412_14:56:59 16 -0.235 0.47375
2024_0412_14:58:02 16 44.28375 9.90875
2024_0412_14:58:38 16 47.31625 98.7275
2024_0412_14:58:40 16 34.98375 -15.05125
2024_0412_14:58:56 16 25.0 -23.44125
2024_0412_14:59:10 16 32.53875 32.91875
2024_0412_14:59:19 16 98.5875 98.5325
2024_0412_15:00:57 16 97.97125 95.275
2024_0412_15:01:40 16 48.21125 98.5375
2024_0412_15:01:48 16 98.27125 98.27875
2024_0412_15:02:06 16 0.08625 -0.27625
2024_0412_15:02:06 16 98.37625 98.28375
2024_0412_15:02:13 16 98.24625 97.90125
2024_0412_15:02:45 16 98.91875 98.41
2024_0412_15:03:32 16 -1.69 25.4075
2024_0412_15:05:13 16 -1.17375 -0.1475
2024_0412_15:06:34 16 98.85375 98.605
2024_0412_15:07:27 16 97.9575 98.42
2024_0412_15:07:46 16 0.27375 0.2025
2024_0412_15:07:55 16 -49.99875 99.995
2024_0412_15:08:04 16 1.42875 0.63125
2024_0412_15:08:16 16 98.365 98.38
2024_0412_15:09:02 16 9.8625 -9.90625
2024_0412_15:09:57 16 0.365 -0.335
2024_0412_15:10:37 16 0.37375 0.34625
2024_0412_15:11:34 16 -17.0425 16.35375
2024_0412_15:11:53 16 97.8075 96.26125
2024_0412_15:12:07 16 -8.3 8.2275
2024_0412_15:14:45 16 49.99875 -49.99875
2024_0412_15:15:48 16 79.49625 35.7125
2024_0412_15:15:59 16 98.60875 98.5675
2024_0412_15:16:40 16 16.86125 17.8275
2024_0412_15:16:56 16 98.3425 97.75
2024_0412_15:17:10 16 0.97625 1.01
2024_0412_15:17:35 16 0.52625 0.47375
2024_0412_15:17:51 16 62.56 62.2075
2024_0412_15:17:58 16 97.7925 97.505
2024_0412_15:18:06 16 11.7125 6.59125
2024_0412_15:18:20 16 6.0125 0.43375
2024_0412_15:18:31 16 -0.48875 2.0725
2024_0412_15:19:54 16 0.285 -0.19875
2024_0412_15:20:10 16 -99.9975 -99.9975
2024_0412_15:20:37 16 13.86375 13.325
2024_0412_15:23:37 16 93.76125 97.41875
2024_0412_15:24:52 16 99.9975 49.9975
2024_0412_15:24:59 16 1.13375 0.23625
2024_0412_15:25:07 16 98.29125 98.045
2024_0412_15:25:39 16 -0.285 47.2175
2024_0412_15:26:08 16 38.87 -37.01375
2024_0412_15:26:23 16 98.27625 98.31125
2024_0412_15:26:40 16 80.72375 81.10875
2024_0412_15:26:58 16 -0.0375 0.025
2024_0412_15:27:02 16 -0.16375 0.66875
2024_0412_15:28:39 16 1.02125 0.44
2024_0412_15:28:42 16 -8.59875 54.6425
2024_0412_15:29:03 16 0.4925 -0.2875
2024_0412_15:29:19 16 -0.1825 0.62625
2024_0412_15:29:20 16 46.57625 -5.765
2024_0412_15:31:34 16 -0.625 -0.6625
2024_0412_15:32:30 16 98.35625 98.3975
2024_0412_15:33:04 16 7.05875 9.7025
2024_0412_15:33:15 16 -0.19 -0.18625
2024_0412_15:34:05 16 98.775 98.44875
2024_0412_15:34:50 16 97.72125 80.75125
2024_0412_15:35:08 16 78.3825 78.6775
2024_0412_15:35:11 17 31.8075 61.54
2024_0412_15:35:32 16 -9.4625 9.8375
2024_0412_15:36:17 17 -0.4075 -0.44
2024_0412_15:36:57 17 62.67125 46.8825
2024_0412_15:38:00 17 12.9675 12.4575
2024_0412_15:38:03 17 0.1775 0.295
2024_0412_15:38:48 17 -0.225 0.0375
2024_0412_15:39:43 17 48.4375 98.03625
2024_0412_15:40:37 17 24.91 24.82625
2024_0412_15:40:45 17 0.04375 0.08125
2024_0412_15:41:17 17 39.76 -40.0725
2024_0412_15:41:28 17 0.09375 0.16375
2024_0412_15:42:14 17 98.3075 98.28625
2024_0412_15:42:22 17 -0.325 -0.39125
2024_0412_15:43:28 17 98.325 98.0875
2024_0412_15:43:49 17 6.2125 -2.81125
2024_0412_15:43:55 17 -0.30875 -0.01875
2024_0412_15:44:56 17 0.2475 -0.43625
2024_0412_15:45:16 17 48.6225 42.70875
2024_0412_15:45:51 17 13.76 62.75625
2024_0412_15:46:48 17 -6.555 5.72625
2024_0412_15:46:50 17 -0.5325 -0.52
2024_0412_15:48:26 17 -50.10375 49.755
2024_0412_15:49:08 17 -13.10875 60.6025
2024_0412_15:49:22 17 -1.42875 16.46875
2024_0412_15:49:49 17 39.97125 -39.91875
2024_0412_15:50:18 17 92.33625 96.82875
2024_0412_15:50:34 17 58.66125 87.67
2024_0412_15:50:45 17 20.05625 13.78375
2024_0412_15:51:38 17 5.56375 4.1475
2024_0412_15:52:06 17 10.705 11.55625
2024_0412_15:52:45 17 82.07375 81.805
2024_0412_15:52:49 17 97.39 97.745
2024_0412_15:53:48 17 48.1175 44.6175
2024_0412_15:54:10 17 98.4075 98.38
2024_0412_15:54:21 17 -7.43125 7.5825
2024_0412_15:55:43 17 76.17125 76.37875
2024_0412_15:55:45 17 98.1275 98.065
2024_0412_15:57:31 17 0.2075 -0.22625
2024_0412_15:57:33 17 97.5375 71.4825
2024_0412_15:57:59 17 98.355 98.3775
2024_0412_15:58:04 17 97.68 97.84625
2024_0412_15:58:49 17 77.46125 77.99375
2024_0412_15:59:00 17 17.685 -1.2075
2024_0412_15:59:45 17 18.705 19.45875
2024_0412_15:59:46 17 -6.57 23.3825
2024_0412_16:01:46 17 -0.46375 0.2525
2024_0412_16:02:15 17 97.88375 98.33
2024_0412_16:02:43 17 -9.65 42.26625
2024_0412_16:03:17 17 73.7575 97.47375
2024_0412_16:03:28 17 -0.16875 0.085
2024_0412_16:04:09 17 98.35125 97.14375
2024_0412_16:04:32 17 9.7475 -9.53
2024_0412_16:05:45 17 3.19375 -2.93
2024_0412_16:06:10 17 -0.89125 -0.045
2024_0412_16:06:18 17 15.58125 15.72375
2024_0412_16:06:50 17 77.425 78.06125
2024_0412_16:07:21 17 98.3075 98.32
2024_0412_16:07:32 17 47.57625 55.52375
2024_0412_16:08:30 17 78.505 98.21125
2024_0412_16:08:39 17 49.99625 100.0
2024_0412_16:10:03 17 98.235 98.03875
2024_0412_16:11:00 17 16.94875 11.71625
2024_0412_16:11:21 17 0.02875 -0.21875
2024_0412_16:11:26 17 -0.4825 0.4925
2024_0412_16:12:22 17 26.70375 6.09
2024_0412_16:13:22 17 97.37 98.07625
2024_0412_16:13:58 17 10.405 6.9175
2024_0412_16:15:01 17 78.65625 78.34375
2024_0412_16:15:02 17 40.4825 19.97125
2024_0412_16:15:37 17 0.1125 -0.0275
2024_0412_16:16:20 17 -0.415 -0.64625
2024_0412_16:17:02 17 77.72125 77.8675
2024_0412_16:17:19 17 -0.46625 0.2175
2024_0412_16:17:42 17 -20.65375 20.22
2024_0412_16:18:49 17 -0.17875 0.155
2024_0412_16:19:14 17 -0.44875 -0.01875
2024_0412_16:19:22 17 97.8375 91.77125
2024_0412_16:19:40 17 93.61375 97.48
2024_0412_16:20:15 17 94.885 98.1975
2024_0412_16:22:25 17 -9.555 9.345
2024_0412_16:22:43 17 -0.76 -0.71375
2024_0412_16:22:46 17 15.475 15.5225
2024_0412_16:22:48 17 9.53125 -9.8225
2024_0412_16:23:46 17 -8.53 8.73
2024_0412_16:23:53 17 12.73375 -12.60375
2024_0412_16:24:31 17 -0.60875 -0.08125
2024_0412_16:24:40 17 98.315 98.3175
2024_0412_16:25:51 17 -5.5775 5.67
2024_0412_16:25:57 17 -0.3675 0.61375
2024_0412_16:26:06 17 28.6325 28.685
2024_0412_16:27:32 17 66.39625 88.59375
2024_0412_16:27:54 17 -10.97625 10.30625
2024_0412_16:28:12 17 0.335 -0.61875
2024_0412_16:28:29 17 0.01 -0.19125
2024_0412_16:28:49 17 97.75375 96.35
2024_0412_16:31:11 17 -0.31125 0.03
2024_0412_16:31:59 17 0.625 0.09
2024_0412_16:32:09 17 -25.23625 25.04
2024_0412_16:32:30 17 -0.05625 -0.1025
2024_0412_16:32:53 17 14.525 5.00625
2024_0412_16:33:15 17 0.655 -0.03125
2024_0412_16:34:16 17 97.84375 97.6225
2024_0412_16:34:44 17 -9.86125 10.2325
2024_0412_16:34:53 17 0.0625 0.81125
2024_0412_16:36:01 17 32.28875 55.1175
2024_0412_16:36:13 17 -1.315 1.27375
2024_0412_16:36:38 17 -10.515 19.72
2024_0412_16:37:11 17 98.25 98.05375
2024_0412_16:38:09 17 18.3275 16.69875
2024_0412_16:38:18 17 0.12875 0.30125
2024_0412_16:40:06 17 -0.3925 -0.34875
2024_0412_16:40:33 17 0.3 -0.20375
2024_0412_16:41:08 17 98.40625 98.2675
2024_0412_16:41:38 17 0.08875 0.55
2024_0412_16:41:45 17 2.66 0.16875
2024_0412_16:42:03 17 -0.20875 -0.18
2024_0412_16:42:47 17 -0.16375 0.79625
2024_0412_16:43:40 17 97.65875 98.0275
2024_0412_16:44:05 17 0.25625 0.3125
2024_0412_16:44:46 17 0.395 -0.1425
2024_0412_16:45:00 17 44.7025 16.56
2024_0412_16:45:06 17 3.69625 -2.62875
2024_0412_16:45:38 17 14.69125 16.1525
2024_0412_16:46:01 17 -3.41125 3.41375
2024_0412_16:47:13 17 98.00125 42.02625
2024_0412_16:47:54 17 -0.60625 -0.265
2024_0412_16:48:27 17 95.20375 95.06125
2024_0412_16:50:00 17 23.42625 3.4475
2024_0412_16:50:20 17 14.585 -8.71
2024_0412_16:50:34 17 49.59875 -49.40375
2024_0412_16:51:35 17 98.30625 98.5225
2024_0412_16:51:44 17 97.75375 48.69375
2024_0412_16:52:48 17 -1.45625 14.0075
2024_0412_16:52:57 17 -0.22625 -0.5325
2024_0412_16:53:37 17 39.8825 96.58125
2024_0412_16:53:40 17 40.7075 -3.79375
2024_0412_16:54:09 17 14.8125 14.5675
2024_0412_16:56:01 17 -0.19375 -0.67
2024_0412_16:56:28 17 98.0275 97.525
2024_0412_16:57:18 17 0.12875 0.38875
2024_0412_16:57:34 17 45.21 43.55125
2024_0412_16:58:07 17 -0.37625 0.3225
2024_0412_16:59:09 17 60.3125 86.72875
2024_0412_17:00:07 17 2.98875 2.7275
2024_0412_17:00:11 17 98.75375 98.57375
2024_0412_17:00:43 17 98.3825 48.51125
2024_0412_17:01:04 17 -49.99875 49.99875
2024_0412_17:01:14 17 -0.12 0.47
2024_0412_17:02:02 17 73.95125 73.1825
2024_0412_17:02:30 17 95.78875 98.0
2024_0412_17:03:01 17 5.67 -6.07
2024_0412_17:03:22 17 98.3725 98.31375
2024_0412_17:04:48 17 78.615 78.67625
2024_0412_17:04:51 17 -9.80625 10.4075
2024_0412_17:06:13 18 -15.7325 14.74
2024_0412_17:06:14 18 98.04625 97.63375
2024_0412_17:06:25 18 98.55125 98.24375
2024_0412_17:07:53 17 -0.04625 0.05125
2024_0412_17:08:22 18 43.46875 -43.72375
2024_0412_17:08:42 18 -32.47 72.04
2024_0412_17:09:34 18 99.9975 -99.9975
2024_0412_17:09:39 18 98.4325 98.415
2024_0412_17:09:46 18 -0.49125 -0.01875
2024_0412_17:10:15 18 98.79625 96.75875
2024_0412_17:10:28 18 39.01625 40.4675
2024_0412_17:11:18 18 33.05 -3.26
2024_0412_17:11:26 18 16.68 15.8125
2024_0412_17:13:02 18 97.82625 48.59375
2024_0412_17:13:11 18 49.82 -0.7825
2024_0412_17:13:46 18 93.16625 93.29625
2024_0412_17:14:36 18 3.98875 24.435
2024_0412_17:15:09 18 -0.46625 0.23
2024_0412_17:15:47 18 -0.31875 -0.705
2024_0412_17:16:43 18 0.37625 0.295
2024_0412_17:17:00 18 7.26625 6.8
2024_0412_17:17:45 18 27.695 52.37125
2024_0412_17:18:23 18 98.27875 98.3575
2024_0412_17:18:26 18 -7.71875 42.89125
2024_0412_17:18:30 18 13.74625 -1.94375
2024_0412_17:18:41 18 -0.31125 0.135
2024_0412_17:20:08 18 97.485 97.2475
2024_0412_17:20:27 18 77.7075 62.7725
2024_0412_17:20:42 18 82.14375 91.57625
2024_0412_17:21:25 18 98.76625 98.3425
2024_0412_17:21:52 18 -0.325 0.42
2024_0412_17:22:37 18 -0.4 -0.04625
2024_0412_17:22:45 18 97.75625 97.72125
2024_0412_17:23:52 18 -12.11625 4.63875
2024_0412_17:24:38 18 -0.35875 0.28375
2024_0412_17:25:03 18 -10.2775 9.55625
2024_0412_17:26:09 18 97.75375 97.7975
2024_0412_17:26:37 18 -0.395 0.08875
2024_0412_17:26:46 18 98.03 98.17625
2024_0412_17:27:02 18 -0.1425 0.9125
2024_0412_17:27:06 18 -0.15625 -0.965
2024_0412_17:29:22 18 2.68625 0.8075
2024_0412_17:29:31 18 97.98875 97.12375
2024_0412_17:29:31 18 -4.72 7.59375
2024_0412_17:29:35 18 -0.37125 -0.4625
2024_0412_17:29:51 18 19.02875 -9.2875
2024_0412_17:30:44 18 68.38125 4.405
2024_0412_17:30:53 18 98.0725 97.92625
2024_0412_17:32:43 18 13.6925 15.655
2024_0412_17:33:16 18 35.00625 35.37375
2024_0412_17:33:42 18 0.765 0.80375
2024_0412_17:35:08 18 41.765 41.7675
2024_0412_17:35:21 18 -0.76625 0.195
2024_0412_17:35:30 18 98.29625 98.215
2024_0412_17:35:31 18 -0.5 0.7075
2024_0412_17:36:29 18 53.41 53.0425
2024_0412_17:37:45 18 -2.6375 49.3575
2024_0412_17:38:18 18 -0.2275 0.05875
2024_0412_17:38:22 18 12.295 -2.41375
2024_0412_17:38:47 18 98.3225 98.1325
2024_0412_17:38:53 18 3.96375 35.6525
2024_0412_17:39:31 18 45.83 37.01
2024_0412_17:40:24 18 0.05875 -0.6775
2024_0412_17:41:10 18 0.62375 0.015
2024_0412_17:41:17 18 -27.625 48.86
2024_0412_17:41:33 18 89.80625 64.67125
2024_0412_17:42:25 18 -0.77875 30.8275
2024_0412_17:43:02 18 46.64375 46.53125
2024_0412_17:43:51 18 50.0 49.9975
2024_0412_17:44:51 18 0.0 -0.02
2024_0412_17:45:10 18 -36.52375 38.67
2024_0412_17:45:14 18 -0.00375 -0.06
2024_0412_17:45:43 18 97.68625 97.615
2024_0412_17:46:57 18 86.6975 66.8975
2024_0412_17:47:31 18 98.5825 97.1575
2024_0412_17:47:40 18 29.7375 41.38125
2024_0412_17:47:50 18 0.09125 0.22
2024_0412_17:48:57 18 97.065 98.2625
2024_0412_17:49:30 18 99.155 68.845
2024_0412_17:50:02 18 -20.3225 20.10125
2024_0412_17:50:35 18 31.20625 75.735
2024_0412_17:51:02 18 0.1025 -0.12375
2024_0412_17:51:07 18 98.25375 98.3925
2024_0412_17:52:30 18 -12.0325 12.67625
2024_0412_17:52:47 18 48.06875 99.18625
2024_0412_17:53:31 18 98.23875 98.48625
2024_0412_17:53:50 18 -0.25375 -0.39
2024_0412_17:54:56 18 1.16875 -0.07375
2024_0412_17:56:15 18 14.37875 15.86875
2024_0412_17:56:30 18 -12.6425 12.57875
2024_0412_17:56:52 18 98.515 98.31875
2024_0412_17:57:41 18 97.7275 97.82625
2024_0412_17:58:31 18 18.6775 18.27625
2024_0412_17:59:36 18 -2.6975 2.5375
2024_0412_17:59:39 18 -4.0925 25.59625
2024_0412_18:00:04 18 -0.095 0.4375
2024_0412_18:00:10 18 0.19125 1.59125
2024_0412_18:00:38 18 97.51 96.9375
2024_0412_18:01:20 18 97.73375 97.57125
2024_0412_18:02:12 18 99.9875 0.0
2024_0412_18:02:23 18 82.48875 82.28
2024_0412_18:03:04 18 97.515 98.415
2024_0412_18:04:25 18 98.33 98.3875
2024_0412_18:04:40 18 41.9425 -0.72625
2024_0412_18:04:55 18 -0.01 0.07
2024_0412_18:05:14 18 -4.91375 49.3575
2024_0412_18:06:05 18 6.95625 8.395
2024_0412_18:06:54 18 14.78625 11.295
2024_0412_18:07:51 18 0.7175 0.29875
2024_0412_18:08:05 18 10.02375 -9.63
2024_0412_18:08:57 18 97.79375 98.18375
2024_0412_18:09:03 18 97.96375 96.5325
2024_0412_18:09:21 18 -0.54125 0.04125
2024_0412_18:10:37 18 0.4 0.18375
2024_0412_18:10:41 18 97.74875 97.8
2024_0412_18:10:43 18 13.02625 15.50625
2024_0412_18:11:20 18 0.55875 0.15875
2024_0412_18:12:45 18 98.50125 98.71625
2024_0412_18:13:30 18 98.41875 98.52
2024_0412_18:13:52 18 60.56375 60.73875
2024_0412_18:14:01 18 31.9125 32.16125
2024_0412_18:14:17 18 -49.9975 -99.995
2024_0412_18:14:45 18 7.94625 6.4075
2024_0412_18:16:13 18 50.00125 -99.995
2024_0412_18:16:30 18 0.11375 0.35875
2024_0412_18:17:11 18 95.7325 90.3225
2024_0412_18:17:31 18 11.9775 -5.59875
2024_0412_18:17:43 18 98.0825 98.01
2024_0412_18:17:53 18 0.0925 0.32
2024_0412_18:19:01 18 6.0125 3.7375
2024_0412_18:19:08 18 0.55375 -0.60375
2024_0412_18:19:24 18 -0.68875 -0.615
2024_0412_18:21:18 18 97.31375 97.355
2024_0412_18:22:29 18 22.715 -5.8375
2024_0412_18:22:50 18 36.79 3.09625
2024_0412_18:23:04 18 0.095 0.56625
2024_0412_18:23:05 18 97.3025 97.02
2024_0412_18:23:19 18 0.00875 0.2
2024_0412_18:23:45 18 -0.58125 0.06125
2024_0412_18:25:02 18 0.02625 0.1325
2024_0412_18:25:34 18 55.07375 56.58
2024_0412_18:25:58 18 -0.78 1.92875
2024_0412_18:26:28 18 0.325 -0.86625
2024_0412_18:26:55 18 -0.2825 0.3675
2024_0412_18:27:12 18 94.9975 78.93375
2024_0412_18:27:30 18 95.535 98.1975
2024_0412_18:28:03 18 98.1325 98.09
2024_0412_18:28:10 18 98.6025 98.53125
2024_0412_18:30:35 18 -7.33125 8.1175
2024_0412_18:31:14 18 97.7475 97.6125
2024_0412_18:31:31 18 9.945 -10.04
2024_0412_18:31:43 18 98.1625 98.03375
2024_0412_18:31:45 18 15.6475 7.14
2024_0412_18:31:56 18 -0.3225 0.07375
2024_0412_18:33:56 18 -46.73 64.175
2024_0412_18:34:09 18 -0.2975 -0.05875
2024_0412_18:35:00 18 14.165 14.4
2024_0412_18:35:51 18 -0.15125 0.4725
2024_0412_18:36:26 18 8.6175 -8.38625
2024_0412_18:36:31 18 -9.38 9.9975
2024_0412_18:36:41 18 -8.61625 63.2225
2024_0412_18:37:46 18 49.1225 -0.78375
2024_0412_18:39:08 18 97.905 97.325
2024_0412_18:40:15 19 12.62375 4.47125
2024_0412_18:40:27 19 98.13625 97.9225
2024_0412_18:40:51 19 -0.18125 0.33875
2024_0412_18:40:55 19 98.57125 48.74
2024_0412_18:40:58 19 -14.5325 14.1325
2024_0412_18:41:59 19 0.0625 0.79375
2024_0412_18:42:20 19 48.5025 82.7325
2024_0412_18:42:38 19 98.30375 96.99
2024_0412_18:42:58 19 97.28625 46.7175
2024_0412_18:44:16 19 -0.8225 1.37
2024_0412_18:45:12 19 0.81 -0.9875
2024_0412_18:45:20 19 -0.33 -0.17625
2024_0412_18:45:35 19 97.42125 98.00625
2024_0412_18:47:40 19 -0.33375 1.01875
2024_0412_18:47:53 19 -1.20125 0.48375
2024_0412_18:48:44 19 0.9625 0.6625
2024_0412_18:49:02 19 0.12 -0.14375
2024_0412_18:49:40 19 -0.5 -0.53875
2024_0412_18:50:11 19 0.03875 0.40875
2024_0412_18:50:58 19 -0.40625 0.53875
2024_0412_18:51:26 19 96.85875 97.77125
2024_0412_18:51:27 19 94.435 97.6975
2024_0412_18:51:37 19 -9.7775 9.5675
2024_0412_18:52:40 19 -0.87 0.12625
2024_0412_18:52:58 19 49.35375 49.245
2024_0412_18:53:50 19 -0.59 0.5075
2024_0412_18:53:58 19 0.09 -0.22125
2024_0412_18:54:52 19 -0.105 -0.09125
2024_0412_18:55:48 19 98.32 98.27
2024_0412_18:56:15 19 1.39625 71.64625
2024_0412_18:57:12 19 16.27375 -16.03
2024_0412_18:58:31 19 35.915 9.56375
2024_0412_18:58:53 19 52.8 62.52125
2024_0412_18:59:12 19 -0.6475 -0.4975
2024_0412_18:59:28 19 3.82375 4.09375
2024_0412_18:59:49 19 -0.28 0.99125
2024_0412_19:01:53 19 0.04125 -1.03125
2024_0412_19:02:31 19 -0.08 0.33
2024_0412_19:02:45 19 11.85125 -11.21375
2024_0412_19:02:50 19 10.15125 10.01
2024_0412_19:03:20 19 98.48125 98.325
2024_0412_19:03:26 19 0.6025 0.1025
2024_0412_19:03:59 19 2.345 -2.02875
2024_0412_19:05:34 19 17.0125 -17.10875
2024_0412_19:06:12 19 16.52875 -16.7725
2024_0412_19:06:51 19 48.20625 47.9825
2024_0412_19:07:29 19 10.2925 13.49625
2024_0412_19:07:35 19 1.27875 -0.17125
2024_0412_19:08:02 19 0.56375 0.08125
2024_0412_19:08:12 19 -3.25625 7.84875
2024_0412_19:08:27 19 97.66 97.545
2024_0412_19:09:18 19 0.1525 -0.5725
2024_0412_19:10:58 19 -0.01875 40.98
2024_0412_19:11:37 19 87.9075 10.79375
2024_0412_19:11:40 19 -0.485 -0.07125
2024_0412_19:11:54 19 97.61 97.495
2024_0412_19:12:03 19 95.52375 90.99375
2024_0412_19:12:28 19 0.12875 -0.0475
2024_0412_19:14:43 19 94.2775 95.42375
2024_0412_19:14:50 19 98.24625 98.365
2024_0412_19:14:54 19 19.90125 -20.1725
2024_0412_19:15:27 19 8.27375 7.405
2024_0412_19:15:58 19 13.13625 10.45375
2024_0412_19:17:27 19 -9.065 12.64375
2024_0412_19:17:29 19 45.9425 46.77375
2024_0412_19:17:48 19 98.33 98.105
2024_0412_19:18:49 19 -0.18375 -0.22375
2024_0412_19:19:27 19 -0.47125 -0.5875
2024_0412_19:20:20 19 -0.36625 -0.31875
2024_0412_19:20:40 19 -0.81625 7.15125
2024_0412_19:21:00 19 97.9175 98.17875
2024_0412_19:21:09 19 -49.99375 49.99625
2024_0412_19:21:13 19 -0.00625 0.42
2024_0412_19:22:42 19 -0.8625 0.005
2024_0412_19:23:21 19 -0.70875 0.4025
2024_0412_19:23:30 19 49.57875 -49.64875
2024_0412_19:25:04 19 -2.80625 2.69875
2024_0412_19:25:10 19 62.085 47.4425
2024_0412_19:26:41 19 24.93 -25.02
2024_0412_19:26:44 19 10.6825 -10.035
2024_0412_19:26:44 19 98.17375 97.99125
2024_0412_19:27:52 19 3.245 2.43875
2024_0412_19:27:53 19 15.685 -15.20375
2024_0412_19:28:57 19 0.125 -0.67125
2024_0412_19:29:39 19 -0.375 -0.43
2024_0412_19:29:42 19 -0.0825 -0.38875
2024_0412_19:29:43 19 97.16875 97.4025
2024_0412_19:29:46 19 14.61375 13.50875
2024_0412_19:29:54 19 48.08875 -37.69375
2024_0412_19:31:11 19 0.3825 -0.015
2024_0412_19:32:03 19 0.07125 0.07375
2024_0412_19:32:55 19 98.84125 98.66375
2024_0412_19:33:29 20 -0.5175 0.155
2024_0412_19:35:14 20 98.28125 87.82
2024_0412_19:35:16 20 97.90125 98.17125
2024_0412_19:35:29 20 21.315 7.97375
2024_0412_19:36:34 20 0.1075 -0.09625
2024_0412_19:37:16 20 45.21125 46.245
2024_0412_19:37:25 20 13.4375 48.1075
2024_0412_19:38:21 20 0.1625 -0.13125
2024_0412_19:38:25 20 23.09125 48.875
2024_0412_19:38:31 20 76.1775 75.825
2024_0412_19:38:44 20 49.99875 -49.99875
2024_0412_19:38:50 20 0.14875 0.4875
2024_0412_19:40:20 20 100.0 100.0
2024_0412_19:41:33 20 -1.39125 3.37875
2024_0412_19:41:44 20 26.7625 39.79125
2024_0412_19:42:01 20 15.8625 12.93625
2024_0412_19:43:43 20 -0.42625 -0.15
2024_0412_19:44:11 20 13.82375 12.39125
2024_0412_19:44:14 20 5.335 7.4875
2024_0412_19:44:33 20 97.69375 97.93
2024_0412_19:45:32 20 59.29125 67.75125
2024_0412_19:46:06 20 38.14 39.05
2024_0412_19:47:06 20 0.1925 -0.03875
2024_0412_19:47:08 20 98.16375 98.56125
2024_0412_19:47:14 20 97.945 97.96125
2024_0412_19:47:26 20 0.315 0.4925
2024_0412_19:48:09 20 -12.90125 12.47875
2024_0412_19:49:30 20 0.345 -0.14375
2024_0412_19:50:13 20 80.7025 -0.2825
2024_0412_19:50:21 20 -0.2725 -0.5025
2024_0412_19:50:30 20 10.02875 -10.195
2024_0412_19:52:57 20 98.0925 97.95625
2024_0412_19:53:24 20 -0.00125 -0.00125
2024_0412_19:53:35 20 17.0225 -15.64
2024_0412_19:54:13 20 84.32125 90.88875
2024_0412_19:54:41 20 86.17875 98.12375
2024_0412_19:56:00 20 0.99 -1.48875
2024_0412_19:56:08 20 -0.17875 -0.5375
2024_0412_19:56:13 20 0.34 -0.595
2024_0412_19:56:26 20 97.86875 97.76125
2024_0412_19:56:37 20 97.62375 97.89125
2024_0412_19:57:26 20 -12.85375 12.9975
2024_0412_19:58:29 20 98.39625 98.3675
2024_0412_19:58:50 20 50.20875 -50.17
2024_0412_19:58:53 20 8.30875 9.32
2024_0412_19:58:59 20 -3.1725 7.31125
2024_0412_19:59:22 20 49.99625 99.9975
2024_0412_20:01:11 20 0.3225 -0.19375
2024_0412_20:01:54 20 0.09 0.2675
2024_0412_20:02:12 20 98.17625 98.16875
2024_0412_20:02:47 20 47.71875 1.29375
2024_0412_20:03:42 20 37.65875 47.25875
2024_0412_20:04:42 20 98.38 97.81
2024_0412_20:04:49 20 97.92125 97.15375
2024_0412_20:04:54 20 97.51 97.99875
2024_0412_20:05:06 20 -8.025 71.15125
2024_0412_20:05:17 20 12.74125 13.0625
2024_0412_20:06:06 20 12.395 12.76125
2024_0412_20:07:35 20 -0.78625 0.355
2024_0412_20:07:36 20 -0.20625 0.50125
2024_0412_20:07:51 20 98.09 97.52625
2024_0412_20:08:04 20 -0.16 49.38375
2024_0412_20:08:05 20 9.39 33.20125
2024_0412_20:10:20 20 14.74625 16.395
2024_0412_20:10:58 20 87.7075 72.20875
2024_0412_20:11:20 20 -19.5875 20.40625
2024_0412_20:12:14 20 53.1325 37.2175
2024_0412_20:13:23 20 23.8675 13.54375
2024_0412_20:13:24 20 13.27375 -11.8925
2024_0412_20:13:28 20 -99.9925 99.99125
2024_0412_20:13:34 20 -10.445 9.77125
2024_0412_20:14:29 20 68.75125 88.49
2024_0412_20:14:39 20 0.97875 -1.16125
2024_0412_20:15:54 20 0.21875 0.8475
2024_0412_20:16:05 20 97.77 98.2825
2024_0412_20:16:40 20 0.2675 0.27125
2024_0412_20:16:48 20 98.31875 98.24375
2024_0412_20:16:49 20 26.65875 91.59625
2024_0412_20:19:40 20 0.2825 0.05
2024_0412_20:19:42 20 14.25625 15.08375
2024_0412_20:20:33 20 49.99875 -99.9975
2024_0412_20:20:41 20 40.0175 -39.8775
2024_0412_20:20:44 20 47.25125 98.99
2024_0412_20:21:55 20 79.38625 84.13
2024_0412_20:22:00 20 -0.20375 0.2675
2024_0412_20:22:07 20 0.145 -0.2275
2024_0412_20:23:04 20 0.07375 -0.6
2024_0412_20:23:32 20 48.4925 98.76375
2024_0412_20:23:55 20 62.72 61.78875
2024_0412_20:24:33 20 27.1175 -15.27625
2024_0412_20:25:02 20 -0.2175 -0.0625
2024_0412_20:25:26 20 7.875 -7.69625
2024_0412_20:25:31 20 49.6375 -2.34
2024_0412_20:25:37 20 9.08375 48.89125
2024_0412_20:28:19 20 -9.55125 24.07125
2024_0412_20:29:15 13 14.6325 15.10125
2024_0412_20:29:47 5 98.43875 98.39125
2024_0412_20:29:49 13 -0.26625 0.2725
2024_0412_20:31:07 13 97.90125 98.0075
2024_0412_20:31:07 13 0.29875 -0.81625
2024_0412_20:32:01 14 -0.6175 49.835
2024_0412_20:32:31 14 97.0225 98.0525
2024_0412_20:32:52 14 -0.0975 0.16
2024_0412_20:33:18 14 0.18125 0.03
2024_0412_20:33:36 15 0.785 -0.08125
2024_0412_20:33:40 13 -0.245 0.2075
2024_0412_20:33:43 14 -0.625 -0.22125
2024_0412_20:34:01 15 -0.4175 0.935
2024_0412_20:34:50 15 98.1925 98.44
2024_0412_20:34:53 15 0.2225 -0.0375
2024_0412_20:37:21 15 98.725 98.345
2024_0412_20:38:19 15 44.98625 63.96125
2024_0412_20:38:59 15 -0.1275 0.10875
2024_0412_20:39:14 15 82.235 69.40625
2024_0412_20:39:38 16 -0.3275 0.21125
2024_0412_20:40:32 16 12.6 -9.8375
2024_0412_20:41:07 16 -0.4 -0.65875
2024_0412_20:41:18 15 85.765 41.39875
2024_0412_20:42:06 16 -0.27125 -0.40625
2024_0412_20:42:10 16 -35.62875 36.1275
2024_0412_20:42:17 16 1.4475 6.35375
2024_0412_20:42:18 16 0.4275 -0.4825
2024_0412_20:42:51 16 97.80125 97.93
2024_0412_20:43:25 16 -0.13 0.79
2024_0412_20:44:10 17 98.37875 98.38625
2024_0412_20:44:11 17 0.6025 0.09125
2024_0412_20:45:50 17 10.215 -9.46875
2024_0412_20:47:47 17 0.0875 -0.3325
2024_0412_20:47:47 17 40.04 31.35
2024_0412_20:47:49 17 0.16 0.015
2024_0412_20:48:08 17 97.49 97.4
2024_0412_20:48:56 17 15.6 15.1425
2024_0412_20:49:55 17 75.64875 75.425
2024_0412_20:50:12 17 71.22 71.88625
2024_0412_20:50:41 17 72.74 50.52
2024_0412_20:50:51 17 14.14625 14.9025
2024_0412_20:50:51 17 75.0175 -75.0325
2024_0412_20:51:48 17 67.09625 87.92375
2024_0412_20:52:36 18 99.9975 -49.9975
2024_0412_20:52:51 18 97.595 98.20375
2024_0412_20:53:14 18 -0.78375 0.90875
2024_0412_20:54:01 18 10.74875 9.77875
2024_0412_20:54:19 18 0.33 -0.3275
2024_0412_20:56:19 18 -1.52875 -0.5
2024_0412_20:56:56 19 -20.375 20.39625
2024_0412_20:57:08 18 0.395 0.34125
2024_0412_20:58:15 18 11.455 -11.5525
2024_0412_20:58:28 19 -24.8925 24.64875
2024_0412_20:58:43 19 0.01875 0.22875
2024_0412_20:59:29 19 94.43625 94.1425
2024_0412_20:59:35 19 97.9725 98.2525
2024_0412_21:00:14 19 0.27875 -0.17125
2024_0412_21:00:26 19 15.05875 -15.29625
2024_0412_21:01:25 19 -10.32 10.35625
2024_0412_21:02:38 20 54.225 53.77
2024_0412_21:03:32 20 -29.99375 30.26875
2024_0412_21:04:07 19 98.32 98.25875
2024_0412_21:04:41 20 0.59 -0.43
2024_0412_21:04:56 20 0.21875 0.33375
2024_0412_21:05:19 20 98.14375 97.97875
2024_0412_21:05:40 20 0.49125 -0.195
2024_0412_21:06:09 20 17.7675 17.28
2024_0412_21:06:49 18 0.18375 -0.31375
2024_0412_21:10:25 19 13.52875 12.87
2024_0412_21:11:44 20 49.80625 -2.0475
2024_0412_21:13:19 19 48.21375 58.455
