0.20683000000013646 0.11868500000004831 0.027855000000003193 0.006694999999999811 0.02275500000000163 0.021925000000001377 0.020545000000000955 0.020290000000000877 0.020255000000000866 0.007929999999999762 0.0439749999999993 0.03667500000000213 0.061654999999992445 0.05844999999999369 0.06654999999999617 0.050869999999996626 0.06415999999999378 0.06262999999999225 0.04189000000000011 0.03938000000000108 
2024_0412_09:52:17 11 0.194 0.442
2024_0412_09:52:18 7 98.153 98.104
2024_0412_09:52:18 6 98.37 98.517
2024_0412_09:52:18 6 98.482 98.52
2024_0412_09:52:20 11 98.29 98.161
2024_0412_09:52:20 1 98.465 98.483
2024_0412_09:52:20 5 98.368 98.501
2024_0412_09:52:20 3 98.261 98.24
2024_0412_09:52:20 10 98.402 98.548
2024_0412_09:52:21 8 98.209 98.201
2024_0412_09:52:21 2 98.257 98.307
2024_0412_09:52:21 2 97.981 98.201
2024_0412_09:52:21 1 98.533 98.447
2024_0412_09:52:22 4 97.97 98.117
2024_0412_09:52:24 1 98.54 98.447
2024_0412_09:52:26 9 98.739 96.846
2024_0412_09:56:54 13 66.233 65.709
2024_0412_09:56:55 12 73.724 -0.99
2024_0412_09:56:57 13 -48.379 49.144
2024_0412_09:56:58 15 0.06 -0.135
2024_0412_09:56:59 16 -0.286 -0.079
2024_0412_09:56:59 15 -0.501 0.199
2024_0412_09:57:00 20 0.151 0.124
2024_0412_09:57:01 18 -10.406 10.513
2024_0412_09:57:02 14 98.331 98.37
2024_0412_09:57:04 17 -0.435 0.668
2024_0412_09:57:07 17 -0.367 0.268
2024_0412_09:57:09 20 0.129 -0.306
2024_0412_09:57:16 18 28.906 -24.382
2024_0412_09:58:25 19 23.407 16.72
2024_0412_10:03:15 11 -0.326 0.634
2024_0412_10:03:16 11 98.345 98.345
2024_0412_10:03:17 6 98.564 98.594
2024_0412_10:03:17 8 98.258 97.991
2024_0412_10:03:17 1 98.622 98.427
2024_0412_10:03:17 2 98.224 98.422
2024_0412_10:03:19 7 98.25 98.156
2024_0412_10:03:19 3 98.1 98.289
2024_0412_10:03:19 11 0.102 -0.071
2024_0412_10:03:19 11 49.998 49.998
2024_0412_10:03:19 12 -17.049 16.639
2024_0412_10:03:20 10 98.507 98.2
2024_0412_10:03:21 5 98.399 98.464
2024_0412_10:03:22 9 98.492 98.637
2024_0412_10:03:24 4 98.256 98.265
2024_0412_10:03:25 11 -0.666 -0.117
2024_0412_10:08:03 12 98.296 98.524
2024_0412_10:08:04 13 10.839 -10.647
2024_0412_10:08:06 13 98.34 98.228
2024_0412_10:08:06 13 22.31 73.539
2024_0412_10:08:09 14 98.193 98.702
2024_0412_10:08:10 15 11.221 39.9
2024_0412_10:08:10 16 -0.692 98.242
2024_0412_10:08:10 18 98.277 98.262
2024_0412_10:08:11 19 -0.057 -0.592
2024_0412_10:08:11 17 -0.654 -0.269
2024_0412_10:08:12 13 -45.226 49.265
2024_0412_10:08:13 20 49.999 -49.996
2024_0412_10:08:13 20 98.774 98.493
2024_0412_10:08:14 13 97.584 97.839
2024_0412_10:13:11 8 98.065 48.624
2024_0412_10:13:11 7 98.169 98.186
2024_0412_10:13:12 6 98.381 98.548
2024_0412_10:13:12 11 -0.06 0.089
2024_0412_10:13:12 11 98.657 97.478
2024_0412_10:13:13 2 98.138 98.079
2024_0412_10:13:13 12 -0.645 -0.455
2024_0412_10:13:14 12 98.064 98.411
2024_0412_10:13:14 5 98.494 98.52
2024_0412_10:13:15 3 98.206 97.163
2024_0412_10:13:15 10 98.434 98.503
2024_0412_10:13:15 1 98.517 98.528
2024_0412_10:13:15 9 98.714 98.778
2024_0412_10:13:15 4 98.316 98.135
2024_0412_10:13:15 12 98.105 98.206
2024_0412_10:13:17 11 73.647 32.476
2024_0412_10:18:07 14 -0.061 0.212
2024_0412_10:18:08 12 -0.074 0.216
2024_0412_10:18:08 13 41.299 -0.605
2024_0412_10:18:10 13 0.511 0.333
2024_0412_10:18:11 15 97.84 98.024
2024_0412_10:18:12 16 -11.026 60.243
2024_0412_10:18:12 13 98.487 98.418
2024_0412_10:18:13 18 -72.026 72.112
2024_0412_10:18:13 13 98.148 98.21
2024_0412_10:18:13 17 47.433 97.618
2024_0412_10:18:15 15 98.0 98.441
2024_0412_10:18:16 16 46.298 28.061
2024_0412_10:18:17 18 -0.493 1.078
2024_0412_10:18:17 16 68.263 87.509
2024_0412_10:18:18 18 -11.907 12.785
2024_0412_10:18:19 16 0.252 0.011
2024_0412_10:22:48 18 0.344 -0.28
2024_0412_10:22:51 19 49.122 -7.454
2024_0412_10:22:51 18 4.049 -3.064
2024_0412_10:22:51 20 -0.255 0.213
2024_0412_10:22:52 19 9.637 42.309
2024_0412_10:22:53 20 -0.302 -0.279
2024_0412_10:22:56 20 -2.02 1.802
2024_0412_10:22:56 20 15.567 -14.654
2024_0412_10:27:39 11 -0.674 0.055
2024_0412_10:27:40 7 98.146 98.109
2024_0412_10:27:41 11 0.03 0.335
2024_0412_10:27:41 1 98.479 98.31
2024_0412_10:27:41 11 98.48 98.135
2024_0412_10:27:41 11 -0.153 -0.168
2024_0412_10:27:42 11 -0.298 -0.391
2024_0412_10:27:42 8 98.209 98.31
2024_0412_10:27:42 3 96.64 97.711
2024_0412_10:27:43 2 98.106 98.292
2024_0412_10:27:43 5 98.577 98.588
2024_0412_10:27:43 8 98.285 98.103
2024_0412_10:27:43 6 98.575 98.527
2024_0412_10:27:44 10 98.391 98.373
2024_0412_10:27:48 9 98.609 97.004
2024_0412_10:30:07 11 98.289 98.426
2024_0412_10:32:22 11 -0.099 -0.389
2024_0412_10:32:25 11 -99.998 50.0
2024_0412_10:32:27 12 98.504 98.491
2024_0412_10:32:28 12 98.294 98.023
2024_0412_10:32:29 13 50.02 -49.395
2024_0412_10:32:29 12 97.992 98.12
2024_0412_10:32:29 12 98.341 98.062
2024_0412_10:32:30 12 -10.912 60.637
2024_0412_10:32:31 12 0.045 -0.325
2024_0412_10:32:31 12 98.105 98.072
2024_0412_10:32:32 12 77.974 78.415
2024_0412_10:32:33 13 43.809 11.166
2024_0412_10:32:33 13 98.47 96.638
2024_0412_10:32:39 13 -0.242 -0.151
2024_0412_10:34:53 13 -0.082 0.574
2024_0412_10:35:22 13 37.547 36.069
2024_0412_10:37:06 13 -0.203 0.167
2024_0412_10:37:11 14 -0.445 -0.003
2024_0412_10:37:11 13 2.484 -0.496
2024_0412_10:37:12 13 97.537 98.315
2024_0412_10:37:13 14 -0.076 -0.021
2024_0412_10:37:13 14 -0.487 0.049
2024_0412_10:37:17 14 -12.056 11.582
2024_0412_10:37:18 13 98.467 98.533
2024_0412_10:37:18 14 96.355 97.966
2024_0412_10:37:18 14 0.557 0.062
2024_0412_10:37:19 14 98.188 98.172
2024_0412_10:37:24 14 98.53 98.101
2024_0412_10:37:28 14 4.001 -1.343
2024_0412_10:37:28 14 97.984 97.98
2024_0412_10:39:39 14 98.625 98.097
2024_0412_10:40:10 14 -0.324 -0.381
2024_0412_10:41:52 14 0.009 0.192
2024_0412_10:42:00 15 -0.307 0.477
2024_0412_10:42:04 14 98.237 98.012
2024_0412_10:42:05 15 0.204 0.599
2024_0412_10:42:05 15 2.908 1.966
2024_0412_10:42:10 15 49.268 26.4
2024_0412_10:42:11 15 -0.078 0.128
2024_0412_10:42:12 15 97.981 97.748
2024_0412_10:42:12 15 98.482 98.464
2024_0412_10:42:13 15 -0.598 -0.488
2024_0412_10:42:16 15 -45.945 49.161
2024_0412_10:42:18 15 -0.205 0.071
2024_0412_10:42:20 15 98.495 98.019
2024_0412_10:44:30 15 -0.562 -0.361
2024_0412_10:45:06 16 64.211 78.176
2024_0412_10:45:56 16 98.229 98.089
2024_0412_10:46:39 16 8.09 -8.619
2024_0412_10:46:51 16 17.014 -16.729
2024_0412_10:46:56 16 16.828 15.238
2024_0412_10:46:56 16 -9.857 10.324
2024_0412_10:46:58 16 -1.912 3.185
2024_0412_10:47:02 17 0.004 -0.285
2024_0412_10:47:03 17 -80.02 80.203
2024_0412_10:47:04 17 -0.276 -0.138
2024_0412_10:47:05 17 32.823 42.425
2024_0412_10:47:05 17 88.487 68.487
2024_0412_10:47:07 17 -8.458 8.782
2024_0412_10:47:09 17 -49.996 -49.998
2024_0412_10:47:11 17 0.223 0.079
2024_0412_10:49:17 17 15.711 15.805
2024_0412_10:49:55 18 -7.369 46.583
2024_0412_10:51:16 18 99.994 99.984
2024_0412_10:51:25 18 100.0 -99.996
2024_0412_10:51:34 18 48.4 -0.454
2024_0412_10:51:38 18 98.366 -27.783
2024_0412_10:51:40 18 41.147 -39.273
2024_0412_10:51:41 18 98.131 98.012
2024_0412_10:51:42 19 35.549 36.608
2024_0412_10:51:43 18 -16.015 42.416
2024_0412_10:51:44 20 -3.108 88.174
2024_0412_10:51:47 19 -42.289 48.411
2024_0412_10:51:48 20 1.167 -0.426
2024_0412_10:51:51 20 0.151 -0.045
2024_0412_10:53:09 20 3.497 0.953
2024_0412_10:53:11 20 -0.212 0.146
2024_0412_10:53:55 20 -12.363 12.549
2024_0412_10:54:29 4 98.088 97.959
2024_0412_10:55:44 13 68.117 67.716
2024_0412_10:55:54 15 -0.008 -0.465
2024_0412_10:56:03 18 98.144 98.208
2024_0412_10:56:06 18 0.035 0.267
2024_0412_10:56:18 20 55.648 -8.675
2024_0412_11:00:50 5 98.493 98.419
2024_0412_11:00:50 11 0.379 0.042
2024_0412_11:00:50 11 -0.17 0.082
2024_0412_11:00:50 11 -0.077 0.022
2024_0412_11:00:51 11 98.262 98.05
2024_0412_11:00:52 7 98.294 98.468
2024_0412_11:00:52 11 -0.289 0.236
2024_0412_11:00:54 3 98.111 98.216
2024_0412_11:00:54 2 98.349 98.253
2024_0412_11:00:54 4 98.037 98.133
2024_0412_11:00:55 6 98.4 98.478
2024_0412_11:00:55 1 98.558 98.444
2024_0412_11:00:56 8 98.291 98.094
2024_0412_11:00:56 9 98.712 98.727
2024_0412_11:00:57 11 98.36 98.145
2024_0412_11:00:57 10 98.338 98.323
2024_0412_11:05:20 11 -0.001 -0.242
2024_0412_11:05:21 11 0.352 -0.355
2024_0412_11:05:22 12 0.054 0.469
2024_0412_11:05:25 12 98.084 98.007
2024_0412_11:05:25 11 -0.101 0.467
2024_0412_11:05:26 12 0.19 -0.124
2024_0412_11:05:26 13 49.997 49.999
2024_0412_11:05:30 12 98.405 98.477
2024_0412_11:05:30 13 -0.421 -0.321
2024_0412_11:05:30 12 98.41 98.195
2024_0412_11:05:30 12 78.402 78.483
2024_0412_11:05:30 13 0.114 -0.12
2024_0412_11:05:31 12 99.049 47.879
2024_0412_11:05:31 12 0.21 0.297
2024_0412_11:05:32 13 98.105 97.95
2024_0412_11:05:33 13 98.838 -68.305
2024_0412_11:09:52 13 -0.018 0.106
2024_0412_11:09:52 13 97.341 97.089
2024_0412_11:09:54 13 0.218 -0.506
2024_0412_11:09:58 13 0.031 0.053
2024_0412_11:09:58 13 -0.336 -0.269
2024_0412_11:09:59 14 97.478 96.61
2024_0412_11:10:01 14 99.997 49.998
2024_0412_11:10:03 14 0.645 -0.197
2024_0412_11:10:03 13 17.226 15.873
2024_0412_11:10:04 14 98.181 97.23
2024_0412_11:10:06 14 -0.484 70.27
2024_0412_11:10:06 14 0.411 -0.102
2024_0412_11:10:06 14 0.013 -0.017
2024_0412_11:10:07 14 97.926 97.805
2024_0412_11:10:08 14 78.762 78.278
2024_0412_11:10:10 14 98.358 97.989
2024_0412_11:14:23 14 -49.997 -49.997
2024_0412_11:14:26 14 98.242 98.172
2024_0412_11:14:31 15 -0.297 -0.158
2024_0412_11:14:32 15 0.138 -0.306
2024_0412_11:14:34 15 -0.295 0.131
2024_0412_11:14:38 15 -77.53 77.638
2024_0412_11:14:38 15 -1.405 1.281
2024_0412_11:14:39 15 -40.041 48.271
2024_0412_11:14:40 15 98.064 98.436
2024_0412_11:14:40 15 0.333 0.077
2024_0412_11:14:41 15 0.617 3.808
2024_0412_11:14:42 15 -0.202 -0.439
2024_0412_11:14:42 15 0.605 -0.107
2024_0412_11:14:42 15 97.962 88.083
2024_0412_11:14:43 16 0.846 -0.074
2024_0412_11:14:49 15 98.158 98.053
2024_0412_11:18:59 16 1.383 -0.169
2024_0412_11:19:01 16 0.561 -0.145
2024_0412_11:19:05 16 12.999 13.113
2024_0412_11:19:05 16 0.352 0.506
2024_0412_11:19:06 16 0.021 0.445
2024_0412_11:19:10 16 -99.998 99.996
2024_0412_11:19:12 16 -0.059 -0.019
2024_0412_11:19:13 17 5.372 -3.477
2024_0412_11:19:16 17 10.048 -10.162
2024_0412_11:19:18 17 23.668 74.195
2024_0412_11:19:19 17 -0.573 0.422
2024_0412_11:19:20 17 97.533 97.543
2024_0412_11:19:20 17 98.691 98.745
2024_0412_11:19:25 17 -0.414 -0.037
2024_0412_11:20:15 18 0.03 0.342
2024_0412_11:22:29 18 98.501 48.649
2024_0412_11:23:35 18 -12.759 11.696
2024_0412_11:23:36 18 97.942 98.294
2024_0412_11:23:39 18 0.178 -0.332
2024_0412_11:23:41 18 -50.0 -0.001
2024_0412_11:23:44 18 98.061 98.102
2024_0412_11:23:45 18 -0.652 0.294
2024_0412_11:23:47 18 -5.612 5.66
2024_0412_11:23:50 18 -0.233 0.21
2024_0412_11:23:51 19 40.259 -2.359
2024_0412_11:23:52 19 0.088 0.116
2024_0412_11:23:53 19 -0.139 0.22
2024_0412_11:23:57 20 -12.105 73.718
2024_0412_11:24:09 20 97.332 97.798
2024_0412_11:24:56 20 1.033 51.293
2024_0412_11:26:59 20 -99.998 0.0
2024_0412_11:27:00 20 98.235 98.21
2024_0412_11:28:03 17 0.289 0.268
2024_0412_11:28:05 17 98.46 98.553
2024_0412_11:28:13 18 98.111 98.111
2024_0412_11:28:16 20 44.237 58.459
2024_0412_11:32:51 8 98.122 98.134
2024_0412_11:32:52 11 0.119 0.448
2024_0412_11:32:54 5 98.487 98.567
2024_0412_11:32:54 2 97.925 98.182
2024_0412_11:32:55 7 98.263 98.407
2024_0412_11:32:55 11 98.275 98.275
2024_0412_11:32:55 11 16.703 56.631
2024_0412_11:32:56 6 98.436 98.603
2024_0412_11:32:56 3 98.258 97.985
2024_0412_11:32:56 9 98.733 98.675
2024_0412_11:32:57 1 98.388 98.63
2024_0412_11:32:57 8 98.047 97.944
2024_0412_11:32:57 11 98.447 98.36
2024_0412_11:33:03 10 98.402 98.158
2024_0412_11:33:04 4 98.145 98.193
2024_0412_11:33:06 9 98.802 98.656
2024_0412_11:37:23 11 0.135 -0.348
2024_0412_11:37:23 11 98.031 98.12
2024_0412_11:37:24 11 0.299 0.275
2024_0412_11:37:25 11 -0.435 0.351
2024_0412_11:37:26 11 49.998 99.999
2024_0412_11:37:28 11 0.38 -0.061
2024_0412_11:37:28 11 -99.996 49.999
2024_0412_11:37:28 11 -0.129 0.129
2024_0412_11:37:31 11 -0.408 0.145
2024_0412_11:37:32 11 98.046 98.059
2024_0412_11:37:33 11 98.531 98.44
2024_0412_11:37:35 11 98.588 98.511
2024_0412_11:37:36 11 98.433 98.611
2024_0412_11:37:40 12 98.101 96.689
2024_0412_11:37:42 12 -0.475 -0.096
2024_0412_11:37:43 12 98.227 98.234
2024_0412_11:41:58 12 0.255 -0.29
2024_0412_11:41:58 12 98.161 98.184
2024_0412_11:42:00 12 98.08 98.124
2024_0412_11:42:03 12 -0.493 -0.288
2024_0412_11:42:03 12 0.426 0.257
2024_0412_11:42:03 12 19.75 19.106
2024_0412_11:42:04 12 -0.347 0.133
2024_0412_11:42:06 12 98.144 98.352
2024_0412_11:42:11 12 98.126 97.912
2024_0412_11:42:12 12 -22.203 22.256
2024_0412_11:42:13 12 98.329 98.334
2024_0412_11:42:14 13 -0.298 0.16
2024_0412_11:42:14 12 98.458 98.522
2024_0412_11:42:15 13 5.151 25.078
2024_0412_11:42:18 13 -0.388 0.006
2024_0412_11:42:25 13 98.177 97.892
2024_0412_11:46:30 13 98.119 98.337
2024_0412_11:46:36 13 98.205 97.46
2024_0412_11:46:37 13 97.517 98.246
2024_0412_11:46:38 13 0.218 0.188
2024_0412_11:46:39 13 90.885 95.009
2024_0412_11:46:40 13 97.796 49.121
2024_0412_11:46:41 13 98.506 98.109
2024_0412_11:46:41 13 97.605 97.872
2024_0412_11:46:47 13 97.979 98.275
2024_0412_11:46:47 13 -0.045 -0.198
2024_0412_11:46:48 13 -0.307 0.26
2024_0412_11:46:48 13 0.215 0.023
2024_0412_11:46:49 13 2.52 2.211
2024_0412_11:46:50 13 -49.997 -99.996
2024_0412_11:46:51 13 98.534 98.494
2024_0412_11:47:02 13 -0.566 0.268
2024_0412_11:51:04 13 98.168 98.202
2024_0412_11:51:08 13 0.269 -0.248
2024_0412_11:51:12 13 97.788 97.571
2024_0412_11:51:12 14 19.992 -20.631
2024_0412_11:51:13 14 -0.033 -0.112
2024_0412_11:51:13 14 -7.51 45.431
2024_0412_11:51:15 14 34.053 31.635
2024_0412_11:51:20 14 98.308 98.206
2024_0412_11:51:21 14 11.466 10.579
2024_0412_11:51:21 14 78.847 79.152
2024_0412_11:51:25 14 99.998 49.999
2024_0412_11:51:25 14 98.221 98.151
2024_0412_11:51:27 14 97.674 48.887
2024_0412_11:51:30 14 97.932 98.032
2024_0412_11:51:38 14 98.47 98.566
2024_0412_11:53:19 14 74.018 23.378
2024_0412_11:55:36 14 -19.968 19.916
2024_0412_11:55:39 14 98.173 98.149
2024_0412_11:55:46 14 98.345 98.021
2024_0412_11:55:47 14 -99.994 99.996
2024_0412_11:55:49 14 15.857 18.901
2024_0412_11:55:51 14 -0.391 0.351
2024_0412_11:55:51 14 98.474 48.56
2024_0412_11:55:52 14 -0.284 -0.163
2024_0412_11:55:54 14 17.422 17.175
2024_0412_11:55:55 14 44.075 69.488
2024_0412_11:55:59 14 96.19 13.078
2024_0412_11:56:01 14 98.36 98.391
2024_0412_11:56:04 15 81.878 81.923
2024_0412_11:56:14 15 96.163 95.6
2024_0412_11:56:14 15 16.277 15.74
2024_0412_11:57:53 15 26.965 -26.922
2024_0412_12:00:09 15 -94.3 98.563
2024_0412_12:00:12 15 98.41 98.558
2024_0412_12:00:22 15 0.298 -0.179
2024_0412_12:00:23 15 6.275 -0.739
2024_0412_12:00:24 15 98.4 95.678
2024_0412_12:00:27 15 0.133 0.37
2024_0412_12:00:29 15 48.641 -0.525
2024_0412_12:00:30 15 0.287 -0.69
2024_0412_12:00:30 15 -0.067 -0.112
2024_0412_12:00:31 15 -9.572 10.352
2024_0412_12:00:33 15 -0.667 -0.239
2024_0412_12:00:38 15 -0.446 0.044
2024_0412_12:00:41 15 78.344 78.837
2024_0412_12:00:49 15 0.697 0.166
2024_0412_12:00:49 15 0.125 0.468
2024_0412_12:02:32 15 98.231 97.61
2024_0412_12:04:43 15 73.769 72.72
2024_0412_12:04:51 15 98.843 98.733
2024_0412_12:04:55 15 23.243 73.75
2024_0412_12:04:57 16 -10.276 9.609
2024_0412_12:05:02 15 98.114 98.094
2024_0412_12:05:03 16 0.28 -0.073
2024_0412_12:05:03 16 -0.19 1.332
2024_0412_12:05:03 16 70.294 69.453
2024_0412_12:05:05 16 94.426 22.102
2024_0412_12:05:07 16 97.123 97.087
2024_0412_12:05:09 16 2.44 -0.899
2024_0412_12:05:10 16 98.694 98.503
2024_0412_12:05:19 16 97.947 98.085
2024_0412_12:05:26 16 37.417 47.072
2024_0412_12:05:29 16 70.258 63.115
2024_0412_12:07:07 16 0.019 -0.006
2024_0412_12:09:18 16 -8.026 7.907
2024_0412_12:09:23 16 -0.012 0.625
2024_0412_12:09:32 17 -0.146 0.38
2024_0412_12:09:36 17 48.882 92.405
2024_0412_12:09:36 17 -0.232 0.339
2024_0412_12:09:38 17 -32.131 55.995
2024_0412_12:09:39 17 0.086 0.111
2024_0412_12:09:39 17 78.05 78.521
2024_0412_12:09:42 17 98.477 98.526
2024_0412_12:09:43 17 88.821 97.594
2024_0412_12:09:47 17 46.252 16.539
2024_0412_12:09:55 17 1.38 -1.29
2024_0412_12:10:03 17 98.81 -0.336
2024_0412_12:10:10 17 15.89 15.072
2024_0412_12:11:41 17 -0.11 5.985
2024_0412_12:13:53 17 12.847 12.469
2024_0412_12:13:56 17 10.891 -0.149
2024_0412_12:14:12 17 18.067 -9.738
2024_0412_12:14:14 17 0.362 -0.157
2024_0412_12:14:15 18 -0.291 -0.103
2024_0412_12:14:15 17 11.265 -16.218
2024_0412_12:14:16 18 97.549 98.023
2024_0412_12:14:17 17 9.597 -9.919
2024_0412_12:14:18 18 -2.589 0.062
2024_0412_12:14:18 18 0.0 0.11
2024_0412_12:14:24 18 0.095 -0.137
2024_0412_12:14:31 18 -19.988 20.142
2024_0412_12:14:42 18 -9.857 9.755
2024_0412_12:14:46 18 12.656 -12.218
2024_0412_12:15:34 18 98.623 97.205
2024_0412_12:17:42 18 97.906 97.71
2024_0412_12:18:32 18 -0.299 0.522
2024_0412_12:18:32 18 0.065 -0.033
2024_0412_12:18:46 18 97.777 97.954
2024_0412_12:18:48 18 27.346 -27.719
2024_0412_12:18:49 18 99.996 -99.998
2024_0412_12:18:49 18 -49.79 49.869
2024_0412_12:18:51 18 41.024 40.776
2024_0412_12:18:52 18 -0.052 -0.15
2024_0412_12:18:52 18 98.735 98.618
2024_0412_12:18:58 18 -10.407 9.881
2024_0412_12:19:07 18 -0.001 0.169
2024_0412_12:19:20 18 -0.043 -0.575
2024_0412_12:19:26 19 15.223 83.778
2024_0412_12:20:15 19 10.653 17.689
2024_0412_12:22:18 19 86.38 -23.467
2024_0412_12:23:07 19 19.684 -19.755
2024_0412_12:23:09 19 -25.558 49.611
2024_0412_12:23:24 20 8.298 -8.032
2024_0412_12:23:26 20 0.978 0.209
2024_0412_12:23:26 20 -14.706 15.385
2024_0412_12:23:27 20 82.871 73.937
2024_0412_12:23:27 20 73.992 4.669
2024_0412_12:23:31 20 98.029 98.104
2024_0412_12:23:33 20 78.493 78.117
2024_0412_12:23:34 20 -0.129 0.259
2024_0412_12:23:45 20 0.099 -0.039
2024_0412_12:24:03 20 0.758 0.564
2024_0412_12:24:03 20 -0.349 64.744
2024_0412_12:24:46 20 99.998 99.998
2024_0412_12:26:13 20 68.331 88.615
2024_0412_12:26:59 20 54.189 78.389
2024_0412_12:27:38 15 0.105 -0.172
2024_0412_12:27:41 14 15.448 16.87
2024_0412_12:27:56 17 0.588 -0.115
2024_0412_12:27:58 17 14.077 -14.204
2024_0412_12:27:58 17 97.124 97.869
2024_0412_12:27:59 17 98.219 98.286
2024_0412_12:28:00 17 75.78 75.792
2024_0412_12:28:06 18 80.598 44.038
2024_0412_12:28:08 18 98.046 98.244
2024_0412_12:32:05 20 48.523 49.303
2024_0412_12:36:36 8 98.005 98.221
2024_0412_12:36:36 11 -49.998 -49.998
2024_0412_12:36:37 11 98.228 -21.122
2024_0412_12:36:37 5 98.489 98.536
2024_0412_12:36:38 6 98.46 98.507
2024_0412_12:36:39 4 97.765 98.12
2024_0412_12:36:39 11 -0.439 0.329
2024_0412_12:36:40 7 98.272 97.122
2024_0412_12:36:40 1 98.575 98.568
2024_0412_12:36:40 2 97.675 98.011
2024_0412_12:36:40 10 98.026 98.188
2024_0412_12:36:41 11 98.055 48.833
2024_0412_12:36:41 8 98.129 97.922
2024_0412_12:36:42 9 98.596 98.334
2024_0412_12:36:43 3 98.038 97.936
2024_0412_12:36:45 11 2.48 1.287
2024_0412_12:41:06 11 0.008 -0.081
2024_0412_12:41:07 11 -0.02 0.127
2024_0412_12:41:08 11 -0.487 0.156
2024_0412_12:41:09 11 0.47 0.152
2024_0412_12:41:10 11 97.941 97.937
2024_0412_12:41:12 11 0.123 0.184
2024_0412_12:41:12 11 -0.368 0.088
2024_0412_12:41:12 11 0.342 0.014
2024_0412_12:41:12 11 97.901 98.309
2024_0412_12:41:13 11 98.221 98.101
2024_0412_12:41:13 11 98.343 98.022
2024_0412_12:41:13 11 0.088 -0.095
2024_0412_12:41:14 11 -0.523 -0.021
2024_0412_12:41:17 12 98.199 98.203
2024_0412_12:41:17 12 0.17 0.111
2024_0412_12:41:18 12 0.241 -0.23
2024_0412_12:45:39 12 0.336 -0.39
2024_0412_12:45:41 12 49.841 49.842
2024_0412_12:45:42 12 0.217 -0.115
2024_0412_12:45:44 12 0.025 0.489
2024_0412_12:45:44 12 0.364 -0.111
2024_0412_12:45:45 13 -0.489 0.514
2024_0412_12:45:45 12 98.275 97.923
2024_0412_12:45:45 12 0.218 0.136
2024_0412_12:45:46 12 96.209 98.152
2024_0412_12:45:47 12 98.626 95.675
2024_0412_12:45:47 12 47.644 47.724
2024_0412_12:45:48 12 98.484 98.424
2024_0412_12:45:49 12 -0.64 0.353
2024_0412_12:45:51 13 98.236 97.504
2024_0412_12:45:51 13 0.424 -0.208
2024_0412_12:45:54 13 -0.613 -0.35
2024_0412_12:50:08 13 -0.26 -0.069
2024_0412_12:50:14 13 78.9 78.968
2024_0412_12:50:15 13 27.329 -5.152
2024_0412_12:50:16 13 0.258 0.008
2024_0412_12:50:16 13 -99.998 99.998
2024_0412_12:50:18 13 -0.081 -0.184
2024_0412_12:50:18 13 98.577 98.11
2024_0412_12:50:18 13 -0.034 -0.271
2024_0412_12:50:19 13 0.236 -0.99
2024_0412_12:50:19 13 49.998 -99.996
2024_0412_12:50:20 13 -0.111 -0.164
2024_0412_12:50:23 13 1.963 2.698
2024_0412_12:50:25 13 0.132 0.259
2024_0412_12:50:25 13 0.986 -0.758
2024_0412_12:50:26 13 9.694 -9.988
2024_0412_12:50:29 13 39.251 39.575
2024_0412_12:54:39 13 97.992 98.206
2024_0412_12:54:44 13 -0.016 0.631
2024_0412_12:54:49 13 0.278 0.273
2024_0412_12:54:49 13 97.778 98.287
2024_0412_12:54:50 14 0.103 0.157
2024_0412_12:54:51 14 0.095 0.086
2024_0412_12:54:52 14 -2.581 56.18
2024_0412_12:54:52 13 97.882 98.166
2024_0412_12:54:54 13 98.421 98.546
2024_0412_12:54:55 14 34.563 33.449
2024_0412_12:54:57 14 25.127 24.874
2024_0412_12:54:58 14 -0.568 0.229
2024_0412_12:55:01 14 0.001 -0.271
2024_0412_12:55:03 14 98.21 98.136
2024_0412_12:55:03 14 97.779 97.772
2024_0412_12:55:05 14 98.046 98.53
2024_0412_12:59:11 14 49.999 -49.999
2024_0412_12:59:17 14 -0.035 -0.227
2024_0412_12:59:19 14 -20.153 19.705
2024_0412_12:59:21 14 48.338 48.375
2024_0412_12:59:24 14 0.2 0.249
2024_0412_12:59:24 14 -0.071 -0.036
2024_0412_12:59:24 14 0.92 0.327
2024_0412_12:59:25 14 40.805 -42.083
2024_0412_12:59:26 14 98.105 98.131
2024_0412_12:59:30 14 98.259 98.249
2024_0412_12:59:31 14 -20.963 21.427
2024_0412_12:59:34 14 -0.051 -0.096
2024_0412_12:59:36 14 98.572 98.599
2024_0412_12:59:40 15 -0.306 0.183
2024_0412_12:59:43 15 97.626 98.125
2024_0412_13:02:43 15 0.014 0.053
2024_0412_13:03:49 15 5.582 -0.398
2024_0412_13:03:50 15 98.418 98.134
2024_0412_13:03:54 15 78.81 78.445
2024_0412_13:03:58 15 4.715 4.525
2024_0412_13:03:59 15 32.696 34.226
2024_0412_13:03:59 15 -0.178 -0.084
2024_0412_13:03:59 15 49.371 -20.708
2024_0412_13:03:59 15 78.324 77.522
2024_0412_13:04:04 15 -0.26 -0.299
2024_0412_13:04:06 15 97.609 97.996
2024_0412_13:04:14 15 48.392 97.552
2024_0412_13:04:15 15 -0.052 0.129
2024_0412_13:04:17 15 96.254 95.355
2024_0412_13:04:19 15 65.92 65.788
2024_0412_13:07:20 15 16.53 16.041
2024_0412_13:07:36 15 48.315 43.655
2024_0412_13:08:21 15 99.992 99.998
2024_0412_13:08:24 15 -0.822 -0.508
2024_0412_13:08:24 15 46.413 46.881
2024_0412_13:08:31 16 0.393 0.01
2024_0412_13:08:32 16 -0.232 -0.157
2024_0412_13:08:32 16 -1.479 49.4
2024_0412_13:08:35 16 98.398 98.521
2024_0412_13:08:38 16 -8.821 35.817
2024_0412_13:08:42 16 -0.294 4.305
2024_0412_13:08:50 16 -99.996 49.998
2024_0412_13:08:52 16 -17.662 95.351
2024_0412_13:08:52 16 8.288 32.57
2024_0412_13:09:20 16 49.19 49.134
2024_0412_13:10:32 16 98.088 98.05
2024_0412_13:12:12 16 90.006 71.376
2024_0412_13:12:45 16 10.742 -14.333
2024_0412_13:12:56 17 -0.303 -0.302
2024_0412_13:12:58 17 0.237 -0.046
2024_0412_13:13:06 17 16.093 16.153
2024_0412_13:13:06 17 0.014 -0.111
2024_0412_13:13:09 17 45.794 56.214
2024_0412_13:13:20 17 0.015 -0.276
2024_0412_13:13:25 17 -0.346 0.133
2024_0412_13:13:26 17 32.811 33.008
2024_0412_13:13:29 17 27.811 42.756
2024_0412_13:13:55 17 4.248 -4.197
2024_0412_13:15:08 17 73.237 -2.364
2024_0412_13:15:49 17 99.661 -0.621
2024_0412_13:16:35 17 -0.023 0.512
2024_0412_13:16:46 17 63.127 28.99
2024_0412_13:17:16 17 99.584 -30.829
2024_0412_13:17:22 17 8.7 -8.167
2024_0412_13:17:32 17 4.588 -3.738
2024_0412_13:17:32 17 98.005 98.171
2024_0412_13:17:39 17 98.753 -0.178
2024_0412_13:17:44 17 7.443 -7.287
2024_0412_13:17:47 18 97.913 97.928
2024_0412_13:17:58 18 -8.492 8.311
2024_0412_13:18:04 18 46.921 -42.973
2024_0412_13:18:05 18 -0.362 -0.103
2024_0412_13:18:11 18 -40.269 52.885
2024_0412_13:18:31 18 -21.32 22.423
2024_0412_13:19:48 18 38.761 43.954
2024_0412_13:20:23 18 -0.094 0.324
2024_0412_13:21:10 18 99.997 -49.999
2024_0412_13:21:23 18 0.401 0.068
2024_0412_13:21:56 18 78.552 78.384
2024_0412_13:21:56 18 0.139 -0.378
2024_0412_13:22:04 18 -99.999 99.996
2024_0412_13:22:16 18 -0.163 -0.57
2024_0412_13:22:17 18 16.183 15.476
2024_0412_13:22:17 18 0.116 0.104
2024_0412_13:22:21 18 77.918 78.356
2024_0412_13:22:34 18 19.832 -19.002
2024_0412_13:22:41 18 -0.152 0.063
2024_0412_13:22:42 18 49.107 48.114
2024_0412_13:23:03 18 -3.109 7.383
2024_0412_13:23:17 19 97.235 98.018
2024_0412_13:24:24 19 49.169 49.148
2024_0412_13:25:01 19 98.03 97.945
2024_0412_13:25:54 19 53.118 53.657
2024_0412_13:26:05 19 98.639 93.634
2024_0412_13:26:34 20 76.737 76.417
2024_0412_13:26:34 19 98.06 98.289
2024_0412_13:26:50 20 16.459 15.24
2024_0412_13:26:53 20 -0.093 -0.113
2024_0412_13:26:53 20 0.762 -0.008
2024_0412_13:26:59 20 96.41 94.408
2024_0412_13:27:16 20 10.261 -10.191
2024_0412_13:27:40 20 -52.995 73.541
2024_0412_13:27:53 20 15.158 15.017
2024_0412_13:28:48 20 0.181 -0.279
2024_0412_13:29:03 20 97.669 48.241
2024_0412_13:29:06 20 -8.145 8.999
2024_0412_13:29:33 20 0.046 -0.133
2024_0412_13:29:38 15 0.314 -0.09
2024_0412_13:30:24 15 -0.283 -0.115
2024_0412_13:30:36 16 0.186 -0.772
2024_0412_13:31:10 16 98.708 98.608
2024_0412_13:31:10 16 97.5 98.05
2024_0412_13:31:21 16 48.696 -0.629
2024_0412_13:31:24 17 41.284 0.875
2024_0412_13:31:24 17 14.822 14.219
2024_0412_13:31:32 18 97.933 97.643
2024_0412_13:31:48 18 97.984 48.4
2024_0412_13:32:19 20 98.43 98.558
2024_0412_13:32:23 20 98.194 97.655
2024_0412_13:33:16 20 12.175 12.109
2024_0412_13:37:46 11 -0.45 -0.427
2024_0412_13:37:47 8 98.232 98.323
2024_0412_13:37:48 7 98.223 98.273
2024_0412_13:37:49 11 -0.425 38.322
2024_0412_13:37:50 1 98.43 98.515
2024_0412_13:37:50 2 98.294 97.656
2024_0412_13:37:50 8 98.157 98.194
2024_0412_13:37:50 4 97.883 98.032
2024_0412_13:37:51 11 97.809 98.188
2024_0412_13:37:51 8 98.161 98.312
2024_0412_13:37:51 6 98.435 98.427
2024_0412_13:37:51 11 -99.996 49.999
2024_0412_13:37:52 3 98.156 98.224
2024_0412_13:37:52 5 98.402 98.334
2024_0412_13:37:52 9 98.526 96.749
2024_0412_13:37:55 10 98.572 98.393
2024_0412_13:42:17 11 98.031 97.825
2024_0412_13:42:19 11 -0.261 0.465
2024_0412_13:42:19 11 0.112 0.08
2024_0412_13:42:20 11 98.282 98.09
2024_0412_13:42:20 11 -0.344 -0.15
2024_0412_13:42:21 11 97.894 98.166
2024_0412_13:42:21 11 -0.172 -0.075
2024_0412_13:42:21 11 -21.052 98.03
2024_0412_13:42:22 11 0.055 -0.026
2024_0412_13:42:23 11 98.81 98.79
2024_0412_13:42:24 11 -0.254 0.161
2024_0412_13:42:24 11 98.44 98.37
2024_0412_13:42:24 11 0.105 -0.726
2024_0412_13:42:27 11 98.306 98.118
2024_0412_13:42:29 11 -0.06 -0.083
2024_0412_13:42:31 11 0.279 -0.016
2024_0412_13:46:49 11 97.842 98.204
2024_0412_13:46:52 12 0.518 0.056
2024_0412_13:46:53 11 98.006 98.138
2024_0412_13:46:54 11 98.189 97.952
2024_0412_13:46:54 11 0.067 0.067
2024_0412_13:46:55 12 -0.826 0.239
2024_0412_13:46:55 11 -0.611 -0.496
2024_0412_13:46:56 12 48.516 98.719
2024_0412_13:46:58 11 98.138 98.316
2024_0412_13:46:58 12 0.129 -0.295
2024_0412_13:47:01 11 18.28 19.707
2024_0412_13:47:02 12 98.73 98.73
2024_0412_13:47:02 12 19.659 19.661
2024_0412_13:47:04 12 0.48 0.032
2024_0412_13:47:05 12 98.2 98.294
2024_0412_13:47:07 12 0.58 0.559
2024_0412_13:51:19 12 0.048 -0.303
2024_0412_13:51:25 12 -0.018 0.069
2024_0412_13:51:25 12 49.998 99.996
2024_0412_13:51:26 12 98.18 98.093
2024_0412_13:51:29 12 -0.34 0.118
2024_0412_13:51:30 12 0.226 0.495
2024_0412_13:51:30 12 98.479 98.405
2024_0412_13:51:32 12 0.062 -0.352
2024_0412_13:51:34 12 17.083 17.006
2024_0412_13:51:35 12 98.449 98.476
2024_0412_13:51:37 12 98.066 97.912
2024_0412_13:51:40 12 98.48 98.532
2024_0412_13:51:41 13 -0.104 -0.128
2024_0412_13:51:43 13 0.272 -0.245
2024_0412_13:51:43 13 97.823 97.983
2024_0412_13:51:46 12 91.383 98.437
2024_0412_13:55:53 13 98.266 98.091
2024_0412_13:55:56 13 99.998 -99.998
2024_0412_13:56:02 13 0.049 -0.298
2024_0412_13:56:02 13 98.471 98.434
2024_0412_13:56:03 13 98.5 98.518
2024_0412_13:56:03 13 98.227 98.387
2024_0412_13:56:04 13 99.996 -99.994
2024_0412_13:56:06 13 0.306 0.406
2024_0412_13:56:09 13 10.713 -10.444
2024_0412_13:56:11 13 97.967 98.099
2024_0412_13:56:14 13 0.075 0.324
2024_0412_13:56:16 13 78.711 78.93
2024_0412_13:56:20 13 97.773 98.205
2024_0412_13:56:20 13 98.565 98.519
2024_0412_13:56:20 13 48.678 88.355
2024_0412_13:56:23 13 0.021 2.186
2024_0412_14:00:22 13 -0.426 0.536
2024_0412_14:00:26 13 -49.998 49.999
2024_0412_14:00:36 13 10.444 48.853
2024_0412_14:00:38 13 10.226 -10.331
2024_0412_14:00:39 13 98.172 98.237
2024_0412_14:00:39 13 49.233 49.411
2024_0412_14:00:40 13 0.162 0.063
2024_0412_14:00:42 13 76.134 78.778
2024_0412_14:00:43 13 0.319 0.209
2024_0412_14:00:47 13 97.706 97.537
2024_0412_14:00:51 13 98.269 98.078
2024_0412_14:00:52 13 -24.941 25.072
2024_0412_14:00:56 13 0.359 -0.147
2024_0412_14:00:57 13 49.778 49.594
2024_0412_14:00:57 13 -0.02 0.278
2024_0412_14:01:00 13 -0.071 2.416
2024_0412_14:04:58 13 9.75 -10.094
2024_0412_14:04:59 13 98.5 98.557
2024_0412_14:05:10 13 -0.358 -0.388
2024_0412_14:05:11 14 99.994 49.997
2024_0412_14:05:13 14 0.263 0.122
2024_0412_14:05:14 14 49.994 -49.997
2024_0412_14:05:15 14 98.123 97.847
2024_0412_14:05:19 14 -10.071 10.325
2024_0412_14:05:21 14 -1.315 0.22
2024_0412_14:05:23 14 0.043 -0.092
2024_0412_14:05:27 14 97.928 97.171
2024_0412_14:05:30 14 0.14 0.041
2024_0412_14:05:30 14 78.855 79.014
2024_0412_14:05:32 14 97.918 97.865
2024_0412_14:05:32 14 -13.665 13.78
2024_0412_14:05:35 14 -0.492 0.034
2024_0412_14:09:31 14 98.182 98.678
2024_0412_14:09:33 14 98.264 98.255
2024_0412_14:09:43 14 -0.421 0.02
2024_0412_14:09:46 14 98.215 98.109
2024_0412_14:09:47 14 16.637 17.023
2024_0412_14:09:49 14 -0.559 0.398
2024_0412_14:09:51 14 98.055 98.057
2024_0412_14:09:53 14 0.054 -0.412
2024_0412_14:10:04 14 98.485 98.397
2024_0412_14:10:05 14 97.184 97.538
2024_0412_14:10:08 14 48.472 48.498
2024_0412_14:10:09 14 -0.057 0.161
2024_0412_14:10:11 14 98.482 97.698
2024_0412_14:11:07 14 42.896 24.345
2024_0412_14:12:33 14 -0.427 -0.41
2024_0412_14:13:16 14 98.51 98.359
2024_0412_14:14:08 14 97.58 98.098
2024_0412_14:14:10 14 98.009 48.993
2024_0412_14:14:19 15 -0.775 -0.19
2024_0412_14:14:23 15 0.279 0.318
2024_0412_14:14:24 15 50.0 -49.996
2024_0412_14:14:27 15 97.8 97.82
2024_0412_14:14:30 15 49.999 -49.999
2024_0412_14:14:37 15 -9.615 10.408
2024_0412_14:14:38 15 -0.003 -0.111
2024_0412_14:14:44 15 -0.533 -0.273
2024_0412_14:14:47 15 15.525 39.867
2024_0412_14:14:48 15 -0.18 -0.096
2024_0412_14:15:43 15 0.123 5.516
2024_0412_14:17:08 15 73.643 52.355
2024_0412_14:17:53 15 -0.445 0.154
2024_0412_14:18:02 15 -0.95 -0.347
2024_0412_14:18:42 15 0.602 0.027
2024_0412_14:18:45 15 -0.092 -0.131
2024_0412_14:18:52 15 -0.311 0.45
2024_0412_14:19:01 15 98.331 95.363
2024_0412_14:19:03 15 43.98 98.066
2024_0412_14:19:05 15 98.503 98.72
2024_0412_14:19:07 15 -0.274 -0.341
2024_0412_14:19:11 15 -0.576 0.508
2024_0412_14:19:22 15 0.556 0.906
2024_0412_14:19:24 15 98.433 98.216
2024_0412_14:19:24 15 18.413 18.743
2024_0412_14:20:25 15 3.328 0.145
2024_0412_14:21:45 15 85.108 70.648
2024_0412_14:22:31 15 98.105 98.172
2024_0412_14:22:37 15 -0.384 1.592
2024_0412_14:23:20 15 97.87 98.211
2024_0412_14:23:23 15 -0.645 0.084
2024_0412_14:23:29 15 98.274 98.31
2024_0412_14:23:36 16 48.667 48.609
2024_0412_14:23:39 15 14.683 14.764
2024_0412_14:23:42 16 0.787 0.351
2024_0412_14:23:47 16 80.515 93.71
2024_0412_14:23:54 16 97.757 98.037
2024_0412_14:24:02 16 -0.497 0.022
2024_0412_14:24:03 16 16.476 6.503
2024_0412_14:24:05 16 97.97 97.986
2024_0412_14:25:04 16 97.958 97.458
2024_0412_14:26:11 16 98.005 98.41
2024_0412_14:26:29 16 98.073 88.674
2024_0412_14:27:12 16 98.489 98.522
2024_0412_14:27:15 16 62.913 12.194
2024_0412_14:27:56 16 98.045 97.507
2024_0412_14:28:03 16 -0.009 0.035
2024_0412_14:28:09 16 0.254 -0.304
2024_0412_14:28:15 16 97.446 97.972
2024_0412_14:28:21 16 18.786 13.46
2024_0412_14:28:25 16 38.112 42.582
2024_0412_14:28:35 16 -9.228 50.542
2024_0412_14:28:36 16 10.005 -10.347
2024_0412_14:28:47 16 7.116 7.696
2024_0412_14:28:51 16 96.525 96.875
2024_0412_14:29:38 16 -0.615 -0.046
2024_0412_14:30:47 16 98.158 97.917
2024_0412_14:31:09 16 98.164 98.29
2024_0412_14:31:48 17 16.686 -16.634
2024_0412_14:31:49 17 97.216 97.916
2024_0412_14:32:21 17 66.803 23.367
2024_0412_14:32:31 17 9.245 -10.899
2024_0412_14:32:39 17 -0.038 -0.052
2024_0412_14:32:45 17 98.209 98.283
2024_0412_14:32:56 17 82.433 87.531
2024_0412_14:33:00 17 98.234 98.209
2024_0412_14:33:01 17 49.159 97.908
2024_0412_14:33:10 17 98.359 98.508
2024_0412_14:33:11 17 -0.144 0.144
2024_0412_14:33:26 17 48.772 98.026
2024_0412_14:33:26 17 0.747 0.253
2024_0412_14:34:14 17 0.227 -0.112
2024_0412_14:35:26 17 43.816 44.477
2024_0412_14:35:50 17 97.999 97.901
2024_0412_14:36:23 17 0.462 -0.009
2024_0412_14:36:23 17 0.165 0.391
2024_0412_14:37:00 17 38.219 98.067
2024_0412_14:37:03 17 0.257 0.209
2024_0412_14:37:19 17 -0.918 19.797
2024_0412_14:37:20 17 98.349 98.394
2024_0412_14:37:30 17 0.297 -0.137
2024_0412_14:37:35 17 96.103 97.277
2024_0412_14:37:36 17 98.503 98.419
2024_0412_14:37:45 17 0.728 -0.505
2024_0412_14:37:49 17 3.605 44.021
2024_0412_14:38:06 17 98.239 98.317
2024_0412_14:38:14 17 97.741 97.703
2024_0412_14:38:55 17 98.541 98.153
2024_0412_14:40:03 18 0.076 0.128
2024_0412_14:40:31 18 98.574 98.578
2024_0412_14:41:00 18 -10.066 10.773
2024_0412_14:41:02 18 0.585 0.156
2024_0412_14:41:38 18 -0.307 0.116
2024_0412_14:41:41 18 48.718 97.684
2024_0412_14:41:57 18 0.115 -0.45
2024_0412_14:41:57 18 -0.032 2.796
2024_0412_14:42:03 18 1.017 2.391
2024_0412_14:42:11 18 4.397 -5.651
2024_0412_14:42:12 18 98.2 98.112
2024_0412_14:42:26 18 -3.427 11.34
2024_0412_14:42:30 18 1.844 -0.018
2024_0412_14:42:40 18 -32.767 33.282
2024_0412_14:42:48 18 82.101 12.077
2024_0412_14:43:32 18 7.932 5.888
2024_0412_14:44:48 18 0.32 0.003
2024_0412_14:45:12 18 98.516 98.291
2024_0412_14:45:37 18 98.352 98.711
2024_0412_14:45:38 18 -0.007 -0.009
2024_0412_14:46:13 18 -0.079 -1.013
2024_0412_14:46:20 18 98.56 98.386
2024_0412_14:46:33 18 23.964 15.299
2024_0412_14:46:35 18 93.527 49.747
2024_0412_14:46:40 18 97.191 97.375
2024_0412_14:46:45 18 -0.595 2.388
2024_0412_14:46:45 18 98.055 97.95
2024_0412_14:47:05 18 0.042 -0.016
2024_0412_14:47:12 18 98.206 98.227
2024_0412_14:47:18 18 98.482 98.52
2024_0412_14:47:22 18 -15.63 15.186
2024_0412_14:48:13 18 71.918 46.36
2024_0412_14:49:24 18 -99.998 -99.996
2024_0412_14:49:51 18 42.163 -42.92
2024_0412_14:50:11 19 -6.379 34.612
2024_0412_14:50:20 19 -0.583 7.368
2024_0412_14:50:47 19 -4.965 9.74
2024_0412_14:50:57 19 -0.192 -0.11
2024_0412_14:51:08 19 25.073 -25.336
2024_0412_14:51:16 19 -3.924 43.871
2024_0412_14:51:19 19 9.675 -10.102
2024_0412_14:51:22 19 71.168 -3.954
2024_0412_14:51:27 19 -0.771 -0.304
2024_0412_14:51:43 19 54.479 70.433
2024_0412_14:51:53 19 22.739 70.109
2024_0412_14:51:56 19 97.717 96.905
2024_0412_14:52:00 19 48.034 4.618
2024_0412_14:52:43 19 -49.997 49.998
2024_0412_14:53:58 19 66.653 -66.615
2024_0412_14:54:32 19 -0.732 1.178
2024_0412_14:54:46 19 -99.998 99.998
2024_0412_14:54:56 19 16.766 -16.923
2024_0412_14:55:34 19 -99.991 99.994
2024_0412_14:55:46 20 97.432 97.739
2024_0412_14:56:06 20 0.433 -0.3
2024_0412_14:56:17 20 -0.031 -0.157
2024_0412_14:56:22 20 97.907 98.298
2024_0412_14:56:29 20 98.545 98.402
2024_0412_14:56:35 20 12.719 -12.475
2024_0412_14:56:36 20 0.74 -0.858
2024_0412_14:57:06 20 48.357 -0.311
2024_0412_14:57:16 20 -0.238 0.284
2024_0412_14:58:34 20 0.099 0.298
2024_0412_14:58:58 20 -0.324 -0.042
2024_0412_14:59:11 20 48.143 98.838
2024_0412_15:00:00 20 98.056 98.132
2024_0412_15:00:17 20 7.229 24.827
2024_0412_15:00:30 20 98.535 98.553
2024_0412_15:00:48 14 0.246 -0.073
2024_0412_15:00:56 14 14.133 16.497
2024_0412_15:01:05 14 0.195 -0.272
2024_0412_15:01:09 15 27.376 7.61
2024_0412_15:01:13 15 24.29 23.953
2024_0412_15:01:44 15 0.68 0.51
2024_0412_15:01:56 16 98.456 98.542
2024_0412_15:02:09 20 0.688 -0.008
2024_0412_15:03:13 20 21.473 8.53
2024_0412_15:03:14 20 88.877 87.843
2024_0412_15:03:41 19 -0.246 0.248
2024_0412_15:03:49 20 97.775 98.204
2024_0412_15:04:37 20 0.614 -0.293
2024_0412_15:04:42 20 47.745 47.853
2024_0412_15:09:15 7 98.043 98.231
2024_0412_15:09:15 8 98.095 97.987
2024_0412_15:09:17 3 98.244 98.284
2024_0412_15:09:17 1 98.624 98.499
2024_0412_15:09:17 2 98.11 97.991
2024_0412_15:09:17 8 98.269 98.141
2024_0412_15:09:17 8 98.231 98.051
2024_0412_15:09:17 8 97.23 98.318
2024_0412_15:09:18 2 98.025 98.027
2024_0412_15:09:18 8 98.209 98.108
2024_0412_15:09:18 8 97.783 98.209
2024_0412_15:09:18 6 98.542 98.696
2024_0412_15:09:19 8 98.308 98.185
2024_0412_15:09:20 4 97.463 97.982
2024_0412_15:09:20 8 98.338 98.024
2024_0412_15:12:41 8 98.216 98.198
2024_0412_15:13:47 11 0.377 -0.065
2024_0412_15:13:48 11 98.382 98.454
2024_0412_15:13:49 8 98.134 98.087
2024_0412_15:13:49 11 -0.227 -0.269
2024_0412_15:13:49 11 -0.111 -0.631
2024_0412_15:13:50 11 -10.861 60.325
2024_0412_15:13:51 11 -0.117 0.257
2024_0412_15:13:51 11 98.174 98.366
2024_0412_15:13:52 9 98.66 98.687
2024_0412_15:13:52 11 0.332 0.477
2024_0412_15:13:54 11 98.185 98.164
2024_0412_15:13:54 11 98.392 98.49
2024_0412_15:13:54 11 -0.025 0.209
2024_0412_15:13:55 10 98.442 98.628
2024_0412_15:14:55 11 98.363 98.457
2024_0412_15:17:11 11 -49.996 99.998
2024_0412_15:18:19 11 -99.998 -99.996
2024_0412_15:18:21 11 98.486 98.449
2024_0412_15:18:21 11 0.051 0.054
2024_0412_15:18:22 11 -0.44 0.11
2024_0412_15:18:22 11 98.186 98.246
2024_0412_15:18:23 11 0.213 -0.252
2024_0412_15:18:23 11 98.505 98.481
2024_0412_15:18:24 11 0.123 0.192
2024_0412_15:18:24 11 49.999 99.998
2024_0412_15:18:24 11 0.553 0.317
2024_0412_15:18:27 11 0.125 -0.004
2024_0412_15:18:30 11 97.686 98.251
2024_0412_15:18:30 11 98.157 98.27
2024_0412_15:18:31 11 98.171 96.762
2024_0412_15:19:27 11 98.039 97.905
2024_0412_15:21:42 11 -0.041 0.166
2024_0412_15:22:52 11 0.212 -0.278
2024_0412_15:22:52 11 -0.145 -0.388
2024_0412_15:22:53 11 -0.021 0.284
2024_0412_15:22:53 11 0.404 0.459
2024_0412_15:22:54 11 -0.034 0.37
2024_0412_15:22:54 11 0.04 0.085
2024_0412_15:22:56 11 0.011 -0.059
2024_0412_15:22:56 11 -0.412 0.039
2024_0412_15:22:57 11 98.554 98.36
2024_0412_15:22:59 11 98.012 98.259
2024_0412_15:23:01 11 97.906 97.951
2024_0412_15:23:05 11 98.157 97.925
2024_0412_15:23:06 11 98.069 98.21
2024_0412_15:23:06 11 -0.631 -0.165
2024_0412_15:24:02 11 98.422 98.445
2024_0412_15:26:19 11 50.777 50.905
2024_0412_15:27:23 11 -0.299 -0.159
2024_0412_15:27:24 11 -0.254 -0.134
2024_0412_15:27:24 11 0.187 0.293
2024_0412_15:27:24 11 -0.172 0.402
2024_0412_15:27:25 11 -0.075 -0.189
2024_0412_15:27:27 11 0.035 -0.45
2024_0412_15:27:27 11 99.998 -49.999
2024_0412_15:27:30 11 98.11 98.268
2024_0412_15:27:30 11 -0.463 -0.037
2024_0412_15:27:32 11 -0.269 0.125
2024_0412_15:27:35 11 -0.017 -0.611
2024_0412_15:27:38 11 -0.22 -0.155
2024_0412_15:27:41 11 49.998 49.996
2024_0412_15:27:44 11 -0.423 0.263
2024_0412_15:28:33 11 0.069 0.216
2024_0412_15:30:51 11 15.434 50.762
2024_0412_15:31:53 11 -0.235 0.055
2024_0412_15:31:55 11 -0.484 -0.259
2024_0412_15:31:56 11 -0.204 0.209
2024_0412_15:31:57 11 0.542 0.351
2024_0412_15:31:59 11 48.604 98.352
2024_0412_15:32:01 11 98.015 98.2
2024_0412_15:32:02 11 -0.552 0.059
2024_0412_15:32:07 11 43.516 -0.847
2024_0412_15:32:07 11 98.319 97.965
2024_0412_15:32:07 11 98.289 98.085
2024_0412_15:32:09 11 -50.0 -50.0
2024_0412_15:32:11 11 98.341 98.49
2024_0412_15:32:15 11 0.446 0.068
2024_0412_15:32:19 11 98.153 98.203
2024_0412_15:33:04 11 -0.463 -0.148
2024_0412_15:35:21 11 99.998 49.999
2024_0412_15:36:25 11 98.081 98.317
2024_0412_15:36:25 11 -0.137 -0.068
2024_0412_15:36:28 11 0.039 0.502
2024_0412_15:36:28 11 -0.33 -0.091
2024_0412_15:36:32 11 -0.081 -0.067
2024_0412_15:36:35 11 0.05 0.511
2024_0412_15:36:37 11 98.048 98.167
2024_0412_15:36:37 11 -99.998 49.999
2024_0412_15:36:41 11 55.41 56.055
2024_0412_15:36:41 11 -0.339 0.082
2024_0412_15:36:44 11 0.272 0.432
2024_0412_15:36:46 11 98.526 98.358
2024_0412_15:36:50 11 0.394 0.468
2024_0412_15:36:51 11 0.359 0.126
2024_0412_15:37:35 11 0.639 -0.08
2024_0412_15:39:51 11 -0.42 0.13
2024_0412_15:40:59 11 0.476 -0.074
2024_0412_15:41:02 11 0.145 0.004
2024_0412_15:41:02 11 97.443 97.657
2024_0412_15:41:03 11 -0.085 -0.208
2024_0412_15:41:04 11 98.191 98.205
2024_0412_15:41:08 11 98.426 98.547
2024_0412_15:41:10 11 98.442 98.421
2024_0412_15:41:13 11 96.747 98.853
2024_0412_15:41:15 11 -1.11 -0.307
2024_0412_15:41:18 11 98.497 98.59
2024_0412_15:41:20 11 98.51 98.52
2024_0412_15:41:22 11 98.118 98.087
2024_0412_15:41:24 11 0.404 -0.138
2024_0412_15:41:25 11 -0.283 -0.356
2024_0412_15:42:07 11 -0.106 0.095
2024_0412_15:44:25 11 97.883 97.867
2024_0412_15:45:30 11 0.054 0.357
2024_0412_15:45:34 11 98.421 98.488
2024_0412_15:45:34 11 98.295 98.042
2024_0412_15:45:37 11 98.284 97.876
2024_0412_15:45:37 11 98.544 98.27
2024_0412_15:45:38 11 -0.54 0.136
2024_0412_15:45:41 11 0.166 -0.464
2024_0412_15:45:47 11 17.295 58.19
2024_0412_15:45:48 11 -0.226 -0.1
2024_0412_15:45:51 11 -0.042 -0.482
2024_0412_15:45:56 11 -99.998 -99.998
2024_0412_15:45:58 11 -0.043 -0.793
2024_0412_15:45:59 11 -99.999 -99.997
2024_0412_15:45:59 11 -0.573 0.897
2024_0412_15:46:40 11 98.596 98.432
2024_0412_15:48:54 11 0.079 0.036
2024_0412_15:50:01 11 0.352 -0.24
2024_0412_15:50:07 11 97.997 98.187
2024_0412_15:50:08 11 -0.174 0.157
2024_0412_15:50:10 11 -0.253 -0.078
2024_0412_15:50:11 11 1.113 2.098
2024_0412_15:50:12 11 -49.999 49.997
2024_0412_15:50:15 11 0.026 0.179
2024_0412_15:50:20 11 -49.998 -49.998
2024_0412_15:50:20 11 0.189 -0.074
2024_0412_15:50:28 11 98.008 98.001
2024_0412_15:50:29 11 -0.393 -0.255
2024_0412_15:50:31 12 0.607 0.138
2024_0412_15:50:32 11 -0.185 -0.208
2024_0412_15:50:33 12 49.999 49.999
2024_0412_15:51:10 12 49.999 99.998
2024_0412_15:53:24 12 -99.998 -99.998
2024_0412_15:54:39 12 98.319 97.867
2024_0412_15:54:42 12 98.059 97.815
2024_0412_15:54:43 12 98.723 98.617
2024_0412_15:54:44 12 1.706 -0.271
2024_0412_15:54:44 12 -0.153 0.408
2024_0412_15:54:45 12 -0.334 42.733
2024_0412_15:54:48 12 68.617 70.653
2024_0412_15:54:54 12 50.0 100.0
2024_0412_15:54:56 12 49.796 14.69
2024_0412_15:55:00 12 -0.044 -0.073
2024_0412_15:55:05 12 98.305 98.315
2024_0412_15:55:06 12 98.043 98.1
2024_0412_15:55:06 12 -0.234 0.075
2024_0412_15:55:08 12 98.186 98.044
2024_0412_15:55:43 12 98.53 98.434
2024_0412_15:57:54 12 -0.219 -0.459
2024_0412_15:59:11 12 -0.164 -0.274
2024_0412_15:59:13 12 98.111 98.248
2024_0412_15:59:16 12 0.027 -0.056
2024_0412_15:59:17 12 97.274 98.74
2024_0412_15:59:19 12 -0.326 0.138
2024_0412_15:59:22 12 97.984 97.822
2024_0412_15:59:24 12 98.47 98.55
2024_0412_15:59:24 12 -0.177 0.298
2024_0412_15:59:30 12 -0.168 0.097
2024_0412_15:59:35 12 0.097 -0.076
2024_0412_15:59:37 12 70.492 71.443
2024_0412_15:59:39 12 -0.142 0.766
2024_0412_15:59:40 12 0.133 0.335
2024_0412_15:59:44 12 98.38 98.16
2024_0412_16:00:16 12 1.038 -0.095
2024_0412_16:02:28 12 83.856 69.619
2024_0412_16:03:42 12 0.521 -0.38
2024_0412_16:03:47 12 78.716 78.794
2024_0412_16:03:48 12 0.742 0.461
2024_0412_16:03:49 12 0.097 -0.366
2024_0412_16:03:56 12 97.827 97.897
2024_0412_16:03:57 12 98.251 98.062
2024_0412_16:03:58 12 98.778 97.84
2024_0412_16:04:01 12 98.086 98.025
2024_0412_16:04:02 12 -0.384 0.169
2024_0412_16:04:09 12 98.5 98.436
2024_0412_16:04:14 12 78.425 78.938
2024_0412_16:04:15 12 98.038 98.149
2024_0412_16:04:18 12 98.333 55.346
2024_0412_16:04:20 12 98.457 98.653
2024_0412_16:04:48 12 0.111 -0.647
2024_0412_16:07:01 12 -1.187 73.599
2024_0412_16:08:14 12 48.13 47.73
2024_0412_16:08:16 12 0.247 -0.454
2024_0412_16:08:20 12 98.265 98.209
2024_0412_16:08:23 12 0.15 0.082
2024_0412_16:08:29 12 -0.013 -0.099
2024_0412_16:08:30 12 0.344 0.157
2024_0412_16:08:33 12 98.262 98.01
2024_0412_16:08:34 12 98.232 98.194
2024_0412_16:08:40 12 97.994 98.343
2024_0412_16:08:40 12 -0.005 -0.084
2024_0412_16:08:49 12 -0.31 0.291
2024_0412_16:08:49 12 98.464 98.343
2024_0412_16:08:56 12 98.507 98.434
2024_0412_16:08:57 12 24.64 25.406
2024_0412_16:09:19 12 -0.169 0.268
2024_0412_16:11:33 12 -0.791 -0.433
2024_0412_16:12:49 12 -0.582 0.03
2024_0412_16:12:49 12 98.359 97.646
2024_0412_16:12:54 12 97.95 98.218
2024_0412_16:12:57 12 0.197 0.344
2024_0412_16:13:04 12 0.149 -0.513
2024_0412_16:13:07 12 98.475 98.448
2024_0412_16:13:08 12 97.877 98.207
2024_0412_16:13:10 12 -0.119 0.112
2024_0412_16:13:13 12 48.702 97.953
2024_0412_16:13:18 12 97.939 98.357
2024_0412_16:13:23 12 99.996 -49.996
2024_0412_16:13:25 12 0.287 -0.184
2024_0412_16:13:28 12 0.406 -0.112
2024_0412_16:13:36 12 98.089 98.073
2024_0412_16:13:56 12 98.484 98.459
2024_0412_16:16:08 12 -0.189 0.207
2024_0412_16:17:22 12 99.998 -99.999
2024_0412_16:17:23 12 97.965 98.059
2024_0412_16:17:27 12 98.335 98.165
2024_0412_16:17:32 12 97.957 97.752
2024_0412_16:17:35 12 -49.998 49.998
2024_0412_16:17:43 12 98.436 98.56
2024_0412_16:17:45 12 98.027 98.137
2024_0412_16:17:47 12 98.723 98.722
2024_0412_16:17:47 12 98.445 98.414
2024_0412_16:17:57 12 97.985 99.134
2024_0412_16:18:02 12 98.199 98.312
2024_0412_16:18:04 12 -43.34 49.849
2024_0412_16:18:06 12 -55.005 59.239
2024_0412_16:18:22 12 51.049 51.234
2024_0412_16:18:31 12 35.094 -34.512
2024_0412_16:20:41 12 97.959 97.948
2024_0412_16:21:56 12 98.55 98.401
2024_0412_16:21:57 12 74.127 90.412
2024_0412_16:21:57 12 0.13 0.162
2024_0412_16:22:06 12 -0.367 0.233
2024_0412_16:22:10 12 98.693 98.429
2024_0412_16:22:15 12 50.0 -50.0
2024_0412_16:22:21 12 -0.653 -0.887
2024_0412_16:22:22 12 -20.993 98.381
2024_0412_16:22:23 12 44.847 -6.88
2024_0412_16:22:33 12 98.214 97.895
2024_0412_16:22:36 12 -0.124 -0.118
2024_0412_16:22:36 12 -0.26 1.071
2024_0412_16:22:43 13 -0.415 -0.2
2024_0412_16:22:57 13 -0.218 0.01
2024_0412_16:23:05 13 14.702 97.866
2024_0412_16:25:14 13 10.085 -9.465
2024_0412_16:26:29 13 0.869 0.109
2024_0412_16:26:31 13 98.895 23.297
2024_0412_16:26:32 13 98.121 97.944
2024_0412_16:26:43 13 98.035 98.13
2024_0412_16:26:47 13 97.976 98.144
2024_0412_16:26:52 13 98.495 98.621
2024_0412_16:26:55 13 16.479 17.155
2024_0412_16:26:55 13 -0.325 -0.485
2024_0412_16:26:58 13 -0.004 -0.184
2024_0412_16:27:08 13 -50.296 50.012
2024_0412_16:27:10 13 48.386 48.189
2024_0412_16:27:11 13 -0.405 -0.423
2024_0412_16:27:20 13 48.33 47.851
2024_0412_16:27:32 13 22.823 73.704
2024_0412_16:27:39 13 -0.031 -0.41
2024_0412_16:29:46 13 0.112 -0.378
2024_0412_16:31:05 13 0.721 0.17
2024_0412_16:31:10 13 97.852 97.865
2024_0412_16:31:12 13 1.202 1.997
2024_0412_16:31:17 13 -0.695 0.152
2024_0412_16:31:23 13 49.999 -49.998
2024_0412_16:31:26 13 -0.123 -0.104
2024_0412_16:31:31 13 0.835 0.295
2024_0412_16:31:31 13 48.705 48.248
2024_0412_16:31:35 13 -0.123 -0.003
2024_0412_16:31:44 13 0.131 0.019
2024_0412_16:31:45 13 -1.159 97.671
2024_0412_16:31:45 13 78.328 78.522
2024_0412_16:31:53 13 -0.225 0.382
2024_0412_16:32:05 13 -0.061 0.121
2024_0412_16:32:21 13 -0.12 0.29
2024_0412_16:34:21 13 16.342 16.668
2024_0412_16:35:38 13 98.048 98.101
2024_0412_16:35:43 13 -0.367 0.229
2024_0412_16:35:46 13 -0.261 -0.278
2024_0412_16:35:51 13 98.656 98.71
2024_0412_16:35:59 13 98.763 98.648
2024_0412_16:36:04 13 98.241 97.936
2024_0412_16:36:04 13 49.997 -99.994
2024_0412_16:36:09 13 97.874 97.922
2024_0412_16:36:10 13 1.62 -1.048
2024_0412_16:36:17 13 -0.754 48.238
2024_0412_16:36:18 13 0.489 0.203
2024_0412_16:36:24 13 0.689 0.31
2024_0412_16:36:24 13 -0.161 0.127
2024_0412_16:36:41 13 72.588 73.775
2024_0412_16:36:53 13 -8.525 8.677
2024_0412_16:38:52 13 0.057 -0.227
2024_0412_16:40:16 13 97.857 98.233
2024_0412_16:40:18 13 0.079 -0.711
2024_0412_16:40:23 13 48.486 46.491
2024_0412_16:40:25 13 99.998 49.999
2024_0412_16:40:31 13 0.537 -0.191
2024_0412_16:40:37 13 98.479 98.461
2024_0412_16:40:39 13 47.201 -1.544
2024_0412_16:40:44 13 0.003 0.318
2024_0412_16:40:48 13 98.109 98.065
2024_0412_16:40:50 13 -0.247 0.296
2024_0412_16:40:52 13 -99.997 49.997
2024_0412_16:40:59 13 0.142 -0.063
2024_0412_16:41:00 13 -7.418 48.0
2024_0412_16:41:14 13 -9.705 10.111
2024_0412_16:41:25 13 37.591 37.713
2024_0412_16:43:25 13 -0.166 0.537
2024_0412_16:44:49 13 0.332 -0.179
2024_0412_16:44:52 13 96.213 98.419
2024_0412_16:44:57 13 -10.09 9.66
2024_0412_16:44:58 13 -0.233 0.056
2024_0412_16:45:06 13 -0.171 0.129
2024_0412_16:45:10 13 -99.994 99.994
2024_0412_16:45:14 13 98.355 98.176
2024_0412_16:45:21 13 44.272 42.967
2024_0412_16:45:25 13 97.512 98.46
2024_0412_16:45:25 13 48.714 98.26
2024_0412_16:45:29 13 98.435 98.613
2024_0412_16:45:35 13 0.075 0.453
2024_0412_16:45:36 13 98.386 98.262
2024_0412_16:45:48 13 0.138 1.512
2024_0412_16:46:00 13 -0.459 45.34
2024_0412_16:47:56 13 0.081 -0.316
2024_0412_16:49:21 13 -5.216 30.365
2024_0412_16:49:27 13 -0.001 -1.176
2024_0412_16:49:31 13 98.151 97.879
2024_0412_16:49:31 13 -0.32 0.321
2024_0412_16:49:40 13 98.12 97.752
2024_0412_16:49:43 13 0.426 0.139
2024_0412_16:49:48 13 0.269 0.026
2024_0412_16:49:56 13 -49.999 49.999
2024_0412_16:49:56 13 -0.019 -0.492
2024_0412_16:49:58 13 -1.326 -0.944
2024_0412_16:50:04 13 0.223 0.51
2024_0412_16:50:08 13 -0.104 -0.756
2024_0412_16:50:12 13 98.273 98.104
2024_0412_16:50:23 13 98.657 98.674
2024_0412_16:52:34 13 3.396 2.385
2024_0412_16:53:56 13 -0.167 0.237
2024_0412_16:54:10 13 52.966 98.36
2024_0412_16:54:14 13 13.701 12.753
2024_0412_16:54:17 13 97.455 98.265
2024_0412_16:54:24 13 99.033 49.033
2024_0412_16:54:30 13 -0.859 49.231
2024_0412_16:54:31 13 17.085 52.191
2024_0412_16:54:33 13 48.748 49.037
2024_0412_16:54:39 13 98.099 98.373
2024_0412_16:54:48 13 -0.512 0.884
2024_0412_16:54:49 13 80.657 3.277
2024_0412_16:55:00 13 98.265 98.406
2024_0412_16:56:13 13 98.293 98.131
2024_0412_16:57:09 13 14.714 13.599
2024_0412_16:57:46 13 -0.415 -0.341
2024_0412_16:58:28 13 97.562 98.236
2024_0412_16:58:47 13 48.608 48.176
2024_0412_16:58:48 13 -0.51 0.047
2024_0412_16:58:48 13 -0.37 0.017
2024_0412_16:58:56 13 -0.107 -0.071
2024_0412_16:59:02 13 98.806 98.597
2024_0412_16:59:06 13 0.669 0.042
2024_0412_16:59:08 13 98.177 97.425
2024_0412_16:59:10 13 0.21 -0.727
2024_0412_16:59:24 13 0.697 0.484
2024_0412_16:59:25 13 -0.009 -0.459
2024_0412_16:59:32 13 0.051 -0.148
2024_0412_17:00:00 13 0.378 -0.293
2024_0412_17:00:45 13 -0.259 0.098
2024_0412_17:01:43 13 -0.128 -0.205
2024_0412_17:02:21 13 -0.539 0.299
2024_0412_17:03:04 13 98.273 63.728
2024_0412_17:03:20 13 -0.078 0.226
2024_0412_17:03:21 13 -5.955 44.608
2024_0412_17:03:22 13 0.265 0.169
2024_0412_17:03:31 13 0.079 0.454
2024_0412_17:03:36 13 98.239 98.236
2024_0412_17:03:40 13 0.354 0.25
2024_0412_17:03:44 13 98.279 98.214
2024_0412_17:03:48 13 97.178 97.101
2024_0412_17:03:58 13 -0.262 -0.479
2024_0412_17:04:01 13 -0.412 -0.283
2024_0412_17:04:06 13 52.341 -52.462
2024_0412_17:04:36 13 98.522 98.564
2024_0412_17:05:22 13 92.077 98.167
2024_0412_17:06:18 13 7.022 27.799
2024_0412_17:06:54 13 97.84 98.068
2024_0412_17:07:36 13 -0.225 0.124
2024_0412_17:07:52 13 0.253 -0.639
2024_0412_17:07:57 13 98.83 96.553
2024_0412_17:08:00 13 98.233 97.927
2024_0412_17:08:04 13 -0.835 1.192
2024_0412_17:08:09 13 -33.376 33.26
2024_0412_17:08:17 13 0.438 0.2
2024_0412_17:08:18 13 98.327 98.416
2024_0412_17:08:24 13 0.23 -0.77
2024_0412_17:08:32 13 27.046 47.709
2024_0412_17:08:35 13 48.042 47.871
2024_0412_17:08:41 13 98.443 98.466
2024_0412_17:09:12 13 78.344 78.441
2024_0412_17:09:56 13 12.007 12.177
2024_0412_17:10:54 13 98.276 98.38
2024_0412_17:11:28 13 15.889 16.428
2024_0412_17:12:09 13 -0.331 0.195
2024_0412_17:12:29 13 97.734 98.24
2024_0412_17:12:29 13 0.161 -0.165
2024_0412_17:12:35 13 0.093 -0.056
2024_0412_17:12:41 13 8.988 27.361
2024_0412_17:12:50 13 16.911 17.012
2024_0412_17:12:52 13 98.861 96.514
2024_0412_17:12:57 13 98.29 98.384
2024_0412_17:12:58 13 19.906 -20.096
2024_0412_17:13:05 13 12.316 13.564
2024_0412_17:13:12 13 98.193 98.421
2024_0412_17:13:16 13 -0.392 0.114
2024_0412_17:13:44 13 98.316 98.562
2024_0412_17:14:30 13 2.729 -0.51
2024_0412_17:15:26 13 -0.21 1.379
2024_0412_17:16:02 13 0.083 -0.062
2024_0412_17:16:40 13 -0.118 0.155
2024_0412_17:17:02 13 48.001 -23.221
2024_0412_17:17:07 13 0.02 -0.218
2024_0412_17:17:12 13 98.043 98.417
2024_0412_17:17:14 14 45.279 48.398
2024_0412_17:17:26 14 97.442 97.849
2024_0412_17:17:27 14 -0.016 0.071
2024_0412_17:17:34 14 -0.078 0.698
2024_0412_17:17:35 14 97.676 98.099
2024_0412_17:17:41 14 0.065 -0.321
2024_0412_17:17:47 14 -6.574 50.346
2024_0412_17:17:47 14 99.996 99.996
2024_0412_17:18:20 14 98.425 98.467
2024_0412_17:19:03 14 -0.041 -0.429
2024_0412_17:20:38 14 98.261 98.272
2024_0412_17:21:05 14 -0.37 -0.358
2024_0412_17:21:15 14 -0.037 0.296
2024_0412_17:21:38 14 0.269 0.163
2024_0412_17:21:42 14 14.83 29.335
2024_0412_17:21:46 14 0.301 0.362
2024_0412_17:21:46 14 -0.041 0.323
2024_0412_17:22:01 14 71.208 71.767
2024_0412_17:22:01 14 98.26 98.391
2024_0412_17:22:11 14 44.738 98.75
2024_0412_17:22:13 14 94.663 48.16
2024_0412_17:22:19 14 98.606 98.505
2024_0412_17:22:21 14 -0.149 0.372
2024_0412_17:22:23 14 -0.644 0.176
2024_0412_17:22:52 14 0.137 -0.255
2024_0412_17:23:45 14 60.576 3.762
2024_0412_17:25:15 14 98.388 98.044
2024_0412_17:25:35 14 99.996 49.998
2024_0412_17:25:56 14 0.322 -0.801
2024_0412_17:26:12 14 55.537 15.683
2024_0412_17:26:18 14 98.088 98.044
2024_0412_17:26:18 14 -0.19 0.293
2024_0412_17:26:22 14 -0.218 48.433
2024_0412_17:26:33 14 -0.065 0.104
2024_0412_17:26:37 14 65.941 88.216
2024_0412_17:26:48 14 0.0 -0.002
2024_0412_17:26:51 14 8.807 -8.771
2024_0412_17:26:52 14 98.578 96.923
2024_0412_17:26:54 14 -0.607 -0.092
2024_0412_17:26:58 14 98.41 48.516
2024_0412_17:27:28 14 97.798 97.685
2024_0412_17:28:19 14 0.178 0.003
2024_0412_17:29:50 14 13.322 12.776
2024_0412_17:30:06 14 9.833 -10.103
2024_0412_17:30:27 14 0.597 -0.295
2024_0412_17:30:47 14 98.267 98.154
2024_0412_17:30:51 14 0.259 0.601
2024_0412_17:30:54 14 -0.465 -0.334
2024_0412_17:30:54 14 -21.157 72.129
2024_0412_17:31:04 14 99.997 99.996
2024_0412_17:31:14 14 98.618 98.493
2024_0412_17:31:24 14 -16.529 16.91
2024_0412_17:31:25 14 -0.04 -0.262
2024_0412_17:31:26 14 92.189 98.157
2024_0412_17:31:33 14 -10.322 10.041
2024_0412_17:31:34 14 98.381 98.266
2024_0412_17:32:03 14 98.459 97.634
2024_0412_17:32:54 14 98.309 98.238
2024_0412_17:34:24 14 -10.067 9.956
2024_0412_17:34:40 14 98.421 47.814
2024_0412_17:35:03 14 98.296 95.67
2024_0412_17:35:20 14 39.323 40.7
2024_0412_17:35:24 14 98.354 98.3
2024_0412_17:35:28 14 98.255 98.149
2024_0412_17:35:31 14 1.627 3.042
2024_0412_17:35:47 14 97.478 97.821
2024_0412_17:35:48 14 -0.284 -0.167
2024_0412_17:35:58 14 0.207 -0.711
2024_0412_17:36:01 14 18.68 17.853
2024_0412_17:36:04 14 97.69 98.24
2024_0412_17:36:07 14 -0.183 0.113
2024_0412_17:36:09 14 0.023 0.269
2024_0412_17:36:40 14 97.515 98.145
2024_0412_17:37:35 14 -0.029 0.146
2024_0412_17:38:58 14 -0.205 3.449
2024_0412_17:39:14 14 1.822 34.074
2024_0412_17:39:38 14 58.411 61.411
2024_0412_17:39:52 14 -0.023 -0.608
2024_0412_17:39:59 14 10.783 10.771
2024_0412_17:40:03 14 98.182 97.796
2024_0412_17:40:05 14 98.22 98.42
2024_0412_17:40:20 14 -0.471 -0.411
2024_0412_17:40:23 14 -20.074 19.83
2024_0412_17:40:32 14 0.776 -0.061
2024_0412_17:40:39 14 98.25 98.436
2024_0412_17:40:40 14 98.382 98.029
2024_0412_17:40:41 14 -0.351 -0.271
2024_0412_17:40:41 14 -99.998 99.998
2024_0412_17:41:13 14 -0.355 -0.071
2024_0412_17:42:11 14 -0.245 0.436
2024_0412_17:43:30 14 0.05 0.131
2024_0412_17:43:50 14 97.721 97.943
2024_0412_17:44:25 14 0.033 -0.048
2024_0412_17:44:32 14 11.824 33.202
2024_0412_17:44:39 14 98.459 98.398
2024_0412_17:44:41 14 98.266 98.392
2024_0412_17:44:55 14 -0.31 -0.198
2024_0412_17:44:58 14 0.311 -0.363
2024_0412_17:45:06 14 0.648 0.209
2024_0412_17:45:17 14 40.507 98.443
2024_0412_17:45:17 14 12.845 47.415
2024_0412_17:45:20 14 98.288 98.222
2024_0412_17:45:25 14 47.895 3.852
2024_0412_17:45:54 14 75.147 75.315
2024_0412_17:46:44 14 -33.949 33.763
2024_0412_17:47:00 14 0.104 0.959
2024_0412_17:48:02 14 -0.088 0.471
2024_0412_17:48:32 14 98.113 98.352
2024_0412_17:49:00 14 -0.428 97.429
2024_0412_17:49:08 14 97.498 96.72
2024_0412_17:49:11 14 46.306 7.479
2024_0412_17:49:12 14 -0.191 -0.122
2024_0412_17:49:31 14 -0.42 0.244
2024_0412_17:49:31 14 59.908 -59.915
2024_0412_17:49:41 14 98.323 97.406
2024_0412_17:49:52 14 0.019 0.19
2024_0412_17:49:54 14 98.486 98.391
2024_0412_17:49:54 14 78.454 77.322
2024_0412_17:50:04 14 98.013 98.111
2024_0412_17:51:20 14 98.667 26.929
2024_0412_17:51:32 14 0.71 -0.62
2024_0412_17:52:15 14 0.063 -0.065
2024_0412_17:52:37 14 -0.328 0.088
2024_0412_17:53:08 14 98.132 98.247
2024_0412_17:53:35 14 98.086 98.156
2024_0412_17:53:41 14 -0.481 0.085
2024_0412_17:53:43 14 0.062 -0.084
2024_0412_17:53:46 14 48.237 57.018
2024_0412_17:54:05 14 -0.121 0.301
2024_0412_17:54:07 14 97.929 98.217
2024_0412_17:54:16 14 -0.6 46.267
2024_0412_17:54:27 14 97.896 97.462
2024_0412_17:54:32 14 97.888 97.899
2024_0412_17:54:33 14 19.021 -6.607
2024_0412_17:54:42 14 98.361 98.535
2024_0412_17:55:55 14 98.474 98.398
2024_0412_17:56:06 14 97.889 97.918
2024_0412_17:56:50 14 98.778 98.491
2024_0412_17:57:10 14 0.564 0.29
2024_0412_17:57:41 14 -1.623 50.121
2024_0412_17:58:07 14 -35.501 35.831
2024_0412_17:58:14 14 0.49 0.297
2024_0412_17:58:16 14 25.665 22.574
2024_0412_17:58:22 14 97.984 97.835
2024_0412_17:58:40 14 -0.387 -0.099
2024_0412_17:58:42 14 50.049 49.801
2024_0412_17:58:58 14 47.831 47.959
2024_0412_17:59:01 14 -0.121 0.425
2024_0412_17:59:08 14 93.017 98.12
2024_0412_17:59:09 14 97.089 98.003
2024_0412_17:59:20 14 45.938 -1.154
2024_0412_18:00:27 14 98.074 97.884
2024_0412_18:00:37 14 -33.083 33.534
2024_0412_18:01:27 14 0.243 -0.231
2024_0412_18:01:45 14 49.848 -0.642
2024_0412_18:02:14 14 -8.41 8.625
2024_0412_18:02:45 14 72.843 -8.19
2024_0412_18:02:45 14 99.998 49.999
2024_0412_18:02:49 14 98.032 98.264
2024_0412_18:02:55 14 -0.022 -0.224
2024_0412_18:03:25 14 3.637 19.29
2024_0412_18:03:34 14 0.573 -0.648
2024_0412_18:03:35 14 96.673 97.895
2024_0412_18:03:44 14 98.163 98.063
2024_0412_18:03:48 14 97.961 97.739
2024_0412_18:03:55 14 0.337 -0.172
2024_0412_18:05:01 14 98.128 98.098
2024_0412_18:05:09 14 -0.413 -0.534
2024_0412_18:06:03 14 -0.145 -0.4
2024_0412_18:06:06 15 97.189 98.161
2024_0412_18:06:22 15 97.561 97.655
2024_0412_18:06:53 15 98.058 98.371
2024_0412_18:07:17 15 0.085 0.214
2024_0412_18:07:22 15 33.182 3.709
2024_0412_18:08:07 15 -0.151 -0.277
2024_0412_18:08:07 15 10.398 -9.819
2024_0412_18:08:09 15 -0.279 0.242
2024_0412_18:08:19 15 95.738 95.537
2024_0412_18:08:24 15 0.197 0.488
2024_0412_18:08:29 15 97.974 98.02
2024_0412_18:08:53 15 97.973 75.946
2024_0412_18:09:32 15 0.35 0.029
2024_0412_18:09:41 15 15.967 18.721
2024_0412_18:10:25 15 49.883 -17.138
2024_0412_18:10:37 15 23.052 98.032
2024_0412_18:10:37 15 12.795 -12.731
2024_0412_18:10:59 15 33.843 -15.346
2024_0412_18:11:35 15 -15.042 19.993
2024_0412_18:11:52 15 98.073 98.073
2024_0412_18:11:59 15 98.121 97.876
2024_0412_18:12:40 15 -0.014 -0.452
2024_0412_18:12:45 15 -0.223 -0.115
2024_0412_18:12:46 15 97.661 97.099
2024_0412_18:12:55 15 98.506 98.545
2024_0412_18:13:03 15 47.373 46.255
2024_0412_18:13:03 15 88.254 59.124
2024_0412_18:13:27 15 98.722 48.856
2024_0412_18:14:08 15 97.789 97.492
2024_0412_18:14:18 15 98.566 98.545
2024_0412_18:15:06 15 -0.152 -0.274
2024_0412_18:15:10 15 8.229 -8.409
2024_0412_18:15:36 15 97.857 97.939
2024_0412_18:16:09 15 -7.822 8.538
2024_0412_18:16:25 15 23.752 -6.109
2024_0412_18:16:34 15 0.178 -0.542
2024_0412_18:17:13 15 0.528 -0.197
2024_0412_18:17:20 15 96.747 98.922
2024_0412_18:17:23 15 97.952 97.873
2024_0412_18:17:28 15 97.924 98.057
2024_0412_18:17:39 15 97.605 92.609
2024_0412_18:17:42 15 98.096 98.198
2024_0412_18:18:01 15 96.564 98.829
2024_0412_18:18:20 15 97.908 98.143
2024_0412_18:18:42 15 97.304 98.58
2024_0412_18:18:53 15 98.405 98.513
2024_0412_18:19:39 15 0.278 0.215
2024_0412_18:19:50 15 -0.513 -0.882
2024_0412_18:20:12 15 32.57 31.761
2024_0412_18:20:46 15 -3.133 2.799
2024_0412_18:21:00 15 16.921 15.276
2024_0412_18:21:08 15 78.307 78.444
2024_0412_18:21:49 15 2.223 -2.26
2024_0412_18:21:54 15 0.459 0.119
2024_0412_18:22:01 15 97.861 48.642
2024_0412_18:22:09 15 98.182 97.973
2024_0412_18:22:12 15 -0.115 0.18
2024_0412_18:22:18 15 56.315 53.615
2024_0412_18:22:34 15 0.212 48.689
2024_0412_18:23:25 15 0.236 0.314
2024_0412_18:23:39 15 98.179 98.703
2024_0412_18:24:14 15 13.777 14.27
2024_0412_18:24:26 15 -10.036 10.134
2024_0412_18:24:47 15 98.039 97.754
2024_0412_18:25:19 15 -0.083 0.314
2024_0412_18:25:20 15 -0.144 -0.124
2024_0412_18:25:33 15 23.945 21.651
2024_0412_18:25:41 15 49.999 -49.998
2024_0412_18:26:26 15 98.18 98.159
2024_0412_18:26:30 15 -0.203 0.108
2024_0412_18:26:34 15 -0.011 -0.002
2024_0412_18:26:40 15 -99.994 99.996
2024_0412_18:26:52 15 -0.376 0.069
2024_0412_18:27:08 15 2.959 -0.53
2024_0412_18:28:01 15 -1.404 49.831
2024_0412_18:28:14 15 97.62 98.134
2024_0412_18:28:51 15 97.801 98.162
2024_0412_18:29:02 15 42.937 42.985
2024_0412_18:29:23 15 48.837 98.843
2024_0412_18:29:53 15 48.927 49.183
2024_0412_18:29:56 15 98.492 98.457
2024_0412_18:30:09 15 0.092 0.084
2024_0412_18:30:16 15 0.592 -0.353
2024_0412_18:30:29 15 98.167 98.227
2024_0412_18:31:02 15 -9.924 10.173
2024_0412_18:31:04 15 -50.001 -49.999
2024_0412_18:31:13 15 98.09 98.231
2024_0412_18:31:15 15 -0.318 -0.443
2024_0412_18:31:25 15 0.078 0.005
2024_0412_18:31:43 15 97.741 98.022
2024_0412_18:32:37 15 -11.999 44.421
2024_0412_18:32:54 15 -0.387 -0.35
2024_0412_18:33:28 15 98.596 98.799
2024_0412_18:33:33 15 -0.015 -0.207
2024_0412_18:33:59 15 12.527 -12.637
2024_0412_18:34:25 15 0.5 -0.709
2024_0412_18:34:32 15 98.606 98.167
2024_0412_18:34:40 15 98.227 97.734
2024_0412_18:34:51 15 -0.753 -1.191
2024_0412_18:35:02 15 -0.194 0.064
2024_0412_18:35:39 15 0.157 0.488
2024_0412_18:35:48 15 -20.068 64.131
2024_0412_18:35:51 15 78.659 78.597
2024_0412_18:36:03 15 1.194 0.952
2024_0412_18:36:19 15 35.918 98.18
2024_0412_18:37:11 15 -100.0 100.0
2024_0412_18:37:27 15 43.032 43.011
2024_0412_18:38:06 15 0.04 0.112
2024_0412_18:38:20 15 86.827 88.431
2024_0412_18:38:32 15 0.188 0.091
2024_0412_18:38:58 15 99.998 -49.999
2024_0412_18:39:06 15 0.699 0.232
2024_0412_18:39:12 15 99.457 -36.617
2024_0412_18:39:22 15 0.52 -0.002
2024_0412_18:39:23 15 0.314 0.365
2024_0412_18:39:38 15 98.204 98.253
2024_0412_18:40:16 15 98.078 86.237
2024_0412_18:40:23 15 0.607 0.983
2024_0412_18:40:29 15 98.012 97.843
2024_0412_18:40:42 15 50.66 50.993
2024_0412_18:40:56 15 84.121 88.446
2024_0412_18:41:49 15 98.116 97.986
2024_0412_18:41:58 15 -0.348 0.132
2024_0412_18:42:43 15 1.787 1.746
2024_0412_18:42:57 15 3.954 -4.03
2024_0412_18:43:02 15 -0.002 0.005
2024_0412_18:43:33 15 33.608 -33.725
2024_0412_18:43:41 15 27.231 -27.214
2024_0412_18:43:43 15 -16.494 16.546
2024_0412_18:43:59 15 97.93 97.697
2024_0412_18:44:11 15 2.989 -3.347
2024_0412_18:44:44 15 98.073 98.118
2024_0412_18:44:54 15 98.637 98.431
2024_0412_18:44:57 15 -0.403 -0.479
2024_0412_18:45:04 15 -10.541 9.307
2024_0412_18:45:21 15 0.137 0.279
2024_0412_18:45:33 15 98.13 98.12
2024_0412_18:46:23 15 0.567 -0.016
2024_0412_18:46:29 15 0.537 -0.038
2024_0412_18:47:14 15 -10.559 10.53
2024_0412_18:47:29 15 -0.184 -0.439
2024_0412_18:47:33 15 44.233 97.896
2024_0412_18:48:10 15 42.807 13.682
2024_0412_18:48:17 15 98.205 98.289
2024_0412_18:48:33 15 48.628 -0.539
2024_0412_18:48:46 15 98.032 98.227
2024_0412_18:49:21 15 98.411 98.626
2024_0412_18:49:28 15 0.366 -0.289
2024_0412_18:49:39 15 21.901 21.03
2024_0412_18:49:40 15 -0.719 -0.209
2024_0412_18:49:55 15 97.848 98.207
2024_0412_18:50:04 15 -20.159 20.697
2024_0412_18:51:01 15 -0.143 0.493
2024_0412_18:51:02 15 16.382 16.417
2024_0412_18:51:10 15 0.231 0.543
2024_0412_18:51:49 15 -0.916 0.117
2024_0412_18:52:08 15 -0.675 0.509
2024_0412_18:52:12 15 98.175 98.215
2024_0412_18:52:50 15 97.963 98.143
2024_0412_18:52:51 15 0.485 0.19
2024_0412_18:53:06 15 0.622 -1.075
2024_0412_18:53:21 15 4.074 -4.008
2024_0412_18:54:00 15 98.348 98.326
2024_0412_18:54:02 15 0.105 -0.083
2024_0412_18:54:13 15 49.999 -49.999
2024_0412_18:54:15 15 2.762 -2.965
2024_0412_18:54:32 15 98.577 97.841
2024_0412_18:54:38 15 98.007 98.163
2024_0412_18:55:33 15 11.13 4.717
2024_0412_18:55:34 15 0.2 0.299
2024_0412_18:55:43 15 98.222 98.51
2024_0412_18:56:25 16 14.554 16.502
2024_0412_18:56:45 16 -0.133 -0.181
2024_0412_18:56:47 16 20.0 -20.272
2024_0412_18:57:22 16 -9.968 10.007
2024_0412_18:57:26 16 -0.329 0.464
2024_0412_18:57:38 16 46.218 0.739
2024_0412_18:57:58 16 97.496 97.64
2024_0412_18:58:35 16 19.815 -2.878
2024_0412_18:58:46 16 97.694 98.262
2024_0412_18:58:50 16 63.987 -11.346
2024_0412_18:59:08 16 16.716 -16.597
2024_0412_18:59:16 16 98.383 98.452
2024_0412_18:59:25 16 -4.947 95.302
2024_0412_19:00:08 16 97.56 97.509
2024_0412_19:00:12 16 48.561 50.752
2024_0412_19:00:16 16 -1.195 0.144
2024_0412_19:00:58 16 16.681 -16.64
2024_0412_19:01:21 16 62.065 65.047
2024_0412_19:01:22 16 97.312 98.467
2024_0412_19:01:59 16 0.064 -0.491
2024_0412_19:02:00 16 -0.026 0.092
2024_0412_19:02:12 16 98.935 96.987
2024_0412_19:02:31 16 -0.014 -0.108
2024_0412_19:03:14 16 48.632 98.597
2024_0412_19:03:23 16 98.09 97.997
2024_0412_19:03:28 16 98.14 98.212
2024_0412_19:03:47 16 -0.358 -0.539
2024_0412_19:03:50 16 16.597 -16.688
2024_0412_19:04:02 16 98.429 98.547
2024_0412_19:04:41 16 16.593 -16.803
2024_0412_19:04:45 16 -31.571 63.227
2024_0412_19:04:51 16 98.57 97.982
2024_0412_19:05:32 16 -6.34 6.931
2024_0412_19:05:57 16 -0.492 0.006
2024_0412_19:06:01 16 -0.061 0.037
2024_0412_19:06:33 16 0.261 0.211
2024_0412_19:06:42 16 0.108 0.329
2024_0412_19:06:48 16 -0.544 -0.046
2024_0412_19:07:06 16 5.181 -6.322
2024_0412_19:07:49 16 96.238 97.321
2024_0412_19:07:57 16 0.04 -0.185
2024_0412_19:08:06 16 98.306 94.312
2024_0412_19:08:20 16 14.147 14.21
2024_0412_19:08:27 16 0.602 0.436
2024_0412_19:08:38 16 78.224 78.633
2024_0412_19:09:15 16 98.569 98.476
2024_0412_19:09:19 16 -0.506 30.596
2024_0412_19:09:25 16 97.481 98.145
2024_0412_19:10:04 16 0.821 1.716
2024_0412_19:10:30 16 0.332 -0.161
2024_0412_19:10:37 16 98.624 97.644
2024_0412_19:11:07 16 78.568 78.566
2024_0412_19:11:20 16 -0.248 0.865
2024_0412_19:11:21 16 98.213 98.258
2024_0412_19:11:42 16 0.123 0.12
2024_0412_19:12:27 16 98.612 98.329
2024_0412_19:12:34 16 -9.966 9.946
2024_0412_19:12:43 16 80.865 44.77
2024_0412_19:12:53 16 98.053 97.891
2024_0412_19:13:04 16 98.224 98.251
2024_0412_19:13:14 16 70.926 54.767
2024_0412_19:13:47 16 38.458 92.536
2024_0412_19:13:50 16 0.196 0.199
2024_0412_19:13:58 16 -0.027 0.291
2024_0412_19:14:41 16 44.842 10.893
2024_0412_19:15:06 16 48.729 98.723
2024_0412_19:15:12 16 98.723 96.785
2024_0412_19:15:38 16 36.392 -14.074
2024_0412_19:15:53 16 25.0 -22.982
2024_0412_19:15:56 16 33.347 32.825
2024_0412_19:16:20 16 98.482 98.54
2024_0412_19:17:08 16 98.546 98.524
2024_0412_19:17:21 16 98.154 98.132
2024_0412_19:17:30 16 48.583 98.624
2024_0412_19:17:49 16 -0.517 0.589
2024_0412_19:17:50 16 98.819 98.455
2024_0412_19:18:21 16 98.553 98.031
2024_0412_19:18:25 16 -0.705 28.464
2024_0412_19:18:30 16 -0.004 0.049
2024_0412_19:19:12 16 97.577 98.277
2024_0412_19:19:12 16 98.995 98.576
2024_0412_19:19:48 16 98.555 98.595
2024_0412_19:19:50 16 9.865 -10.088
2024_0412_19:20:10 16 0.078 -0.253
2024_0412_19:20:23 16 99.998 -49.998
2024_0412_19:20:30 16 0.008 -0.319
2024_0412_19:21:43 16 0.299 -0.131
2024_0412_19:21:57 16 0.136 0.135
2024_0412_19:22:27 16 97.851 98.164
2024_0412_19:22:56 16 -8.544 8.108
2024_0412_19:22:58 16 -16.981 16.4
2024_0412_19:23:03 16 -99.998 -99.998
2024_0412_19:23:46 16 98.02 97.973
2024_0412_19:23:55 16 80.653 37.339
2024_0412_19:24:20 16 97.443 98.758
2024_0412_19:24:24 16 20.4 19.928
2024_0412_19:24:30 16 1.68 1.494
2024_0412_19:24:44 16 97.38 97.948
2024_0412_19:24:47 16 -0.029 -0.241
2024_0412_19:25:01 16 63.089 62.342
2024_0412_19:25:08 16 2.141 -0.549
2024_0412_19:26:15 16 13.67 12.245
2024_0412_19:26:30 16 5.327 -0.167
2024_0412_19:26:31 16 49.998 99.998
2024_0412_19:27:03 16 0.277 -0.222
2024_0412_19:27:30 16 14.357 15.318
2024_0412_19:27:36 16 95.211 97.757
2024_0412_19:28:23 16 1.654 0.477
2024_0412_19:28:28 16 -99.996 -49.999
2024_0412_19:28:56 16 -0.105 47.254
2024_0412_19:28:57 16 98.367 97.785
2024_0412_19:29:12 16 38.841 -31.91
2024_0412_19:29:21 16 81.492 81.447
2024_0412_19:29:23 16 98.337 98.349
2024_0412_19:29:35 16 48.488 -4.426
2024_0412_19:30:45 16 -0.921 0.125
2024_0412_19:30:59 16 0.077 0.178
2024_0412_19:31:02 16 0.422 -0.604
2024_0412_19:31:03 16 -9.076 58.019
2024_0412_19:31:41 16 0.295 0.145
2024_0412_19:31:58 16 0.05 -0.407
2024_0412_19:32:02 16 0.357 0.577
2024_0412_19:32:12 16 98.368 98.626
2024_0412_19:32:56 16 10.383 9.496
2024_0412_19:33:06 16 0.311 0.286
2024_0412_19:33:29 16 98.009 98.602
2024_0412_19:33:31 16 97.646 96.43
2024_0412_19:33:54 16 78.566 78.628
2024_0412_19:34:00 16 -10.118 10.494
2024_0412_19:34:09 16 0.826 0.224
2024_0412_19:35:20 16 13.921 -9.391
2024_0412_19:35:36 17 0.038 -0.254
2024_0412_19:35:37 17 32.505 60.792
2024_0412_19:35:38 16 -0.309 -0.131
2024_0412_19:36:11 17 62.19 43.355
2024_0412_19:36:35 17 -0.224 -0.047
2024_0412_19:36:36 17 0.252 -0.179
2024_0412_19:36:36 17 13.408 12.822
2024_0412_19:36:49 17 -0.172 0.262
2024_0412_19:37:33 17 98.182 98.205
2024_0412_19:37:43 17 25.214 25.485
2024_0412_19:38:06 17 40.081 -40.083
2024_0412_19:38:07 17 0.076 0.015
2024_0412_19:38:30 17 98.552 98.35
2024_0412_19:38:34 17 -0.145 0.162
2024_0412_19:38:45 17 11.56 -5.235
2024_0412_19:39:55 17 1.393 33.167
2024_0412_19:40:10 17 0.056 0.438
2024_0412_19:40:12 17 98.399 95.628
2024_0412_19:40:17 17 48.258 48.796
2024_0412_19:40:47 17 15.187 62.867
2024_0412_19:41:10 17 -6.163 5.811
2024_0412_19:41:12 17 -0.443 -0.139
2024_0412_19:41:13 17 -50.386 49.973
2024_0412_19:41:21 17 -11.13 62.107
2024_0412_19:42:07 17 59.88 19.116
2024_0412_19:42:21 17 13.392 11.177
2024_0412_19:42:41 17 97.435 97.78
2024_0412_19:42:43 17 39.786 -39.919
2024_0412_19:43:06 17 59.275 88.076
2024_0412_19:43:10 17 20.466 12.727
2024_0412_19:43:18 17 7.272 6.465
2024_0412_19:44:34 17 97.976 97.989
2024_0412_19:44:47 17 46.825 50.736
2024_0412_19:44:48 17 81.889 81.938
2024_0412_19:44:56 17 98.33 98.417
2024_0412_19:45:28 17 -7.167 7.293
2024_0412_19:45:50 17 98.119 98.135
2024_0412_19:45:53 17 76.932 76.787
2024_0412_19:45:57 17 98.537 98.567
2024_0412_19:46:01 17 97.601 72.39
2024_0412_19:46:38 17 -0.454 0.222
2024_0412_19:47:00 17 98.024 97.906
2024_0412_19:47:11 17 -5.212 23.642
2024_0412_19:47:18 17 78.805 78.745
2024_0412_19:47:41 17 18.116 2.472
2024_0412_19:47:42 17 24.65 24.123
2024_0412_19:47:51 17 0.02 0.14
2024_0412_19:49:07 17 97.951 98.251
2024_0412_19:49:23 17 -0.537 0.571
2024_0412_19:49:28 17 -8.796 45.107
2024_0412_19:49:56 17 73.821 97.584
2024_0412_19:50:07 17 98.447 98.411
2024_0412_19:50:25 17 10.044 -9.694
2024_0412_19:50:30 17 3.158 -2.906
2024_0412_19:50:33 17 0.345 0.139
2024_0412_19:51:14 17 78.108 78.135
2024_0412_19:51:39 17 28.367 27.656
2024_0412_19:51:51 17 45.274 24.696
2024_0412_19:51:55 17 98.411 98.423
2024_0412_19:52:13 17 49.997 50.002
2024_0412_19:52:19 17 78.977 98.555
2024_0412_19:52:27 17 98.439 98.175
2024_0412_19:52:44 17 0.159 -0.26
2024_0412_19:53:40 17 25.644 34.885
2024_0412_19:54:02 17 25.442 5.981
2024_0412_19:54:03 17 0.222 0.262
2024_0412_19:54:33 17 11.564 8.302
2024_0412_19:55:01 17 98.157 83.747
2024_0412_19:55:12 17 78.975 78.725
2024_0412_19:55:51 17 39.234 24.421
2024_0412_19:56:18 17 -0.107 0.213
2024_0412_19:56:26 17 78.115 78.201
2024_0412_19:56:29 17 0.502 -0.323
2024_0412_19:56:53 17 7.354 -0.44
2024_0412_19:56:57 17 -20.146 19.968
2024_0412_19:57:00 17 0.068 -0.164
2024_0412_19:57:23 17 97.833 85.047
2024_0412_19:57:51 17 0.285 0.575
2024_0412_19:58:17 17 97.82 97.736
2024_0412_19:58:36 17 96.921 98.064
2024_0412_19:58:37 17 15.433 15.68
2024_0412_19:59:09 17 9.924 -10.445
2024_0412_19:59:11 17 -8.449 8.094
2024_0412_19:59:37 17 -1.502 -0.524
2024_0412_19:59:47 17 -7.869 8.028
2024_0412_20:00:28 17 12.893 -11.931
2024_0412_20:00:54 17 0.225 0.246
2024_0412_20:01:04 17 -5.751 5.558
2024_0412_20:01:06 17 98.504 98.493
2024_0412_20:01:29 17 30.737 31.072
2024_0412_20:01:30 17 0.212 0.236
2024_0412_20:01:34 17 -0.169 -0.713
2024_0412_20:02:01 17 68.019 88.202
2024_0412_20:02:25 17 98.111 97.909
2024_0412_20:02:56 17 -9.887 34.964
2024_0412_20:03:11 17 0.423 -0.38
2024_0412_20:03:15 17 0.128 -0.319
2024_0412_20:03:42 17 -25.102 25.223
2024_0412_20:03:52 17 97.972 97.879
2024_0412_20:04:22 17 -0.017 -0.003
2024_0412_20:05:02 17 -0.036 -0.231
2024_0412_20:05:26 17 0.115 0.005
2024_0412_20:05:38 17 0.319 42.97
2024_0412_20:06:04 17 -9.994 10.108
2024_0412_20:06:04 17 0.045 -0.21
2024_0412_20:06:12 17 30.843 56.299
2024_0412_20:06:40 17 -0.742 -0.371
2024_0412_20:07:16 17 18.733 17.601
2024_0412_20:07:34 17 98.189 98.247
2024_0412_20:07:34 17 -10.741 20.694
2024_0412_20:07:43 17 0.046 0.117
2024_0412_20:07:53 17 0.258 0.102
2024_0412_20:08:15 17 -0.111 0.034
2024_0412_20:08:40 17 -0.062 0.467
2024_0412_20:09:11 17 -0.822 -0.98
2024_0412_20:09:36 17 98.437 98.275
2024_0412_20:10:00 17 0.096 0.275
2024_0412_20:10:13 17 16.528 16.387
2024_0412_20:10:16 17 0.332 -0.051
2024_0412_20:10:38 17 0.101 -0.258
2024_0412_20:10:42 17 97.681 98.178
2024_0412_20:10:47 17 46.809 19.453
2024_0412_20:11:43 17 0.285 0.172
2024_0412_20:11:53 17 5.332 -5.288
2024_0412_20:12:09 17 1.847 -0.179
2024_0412_20:12:11 17 98.291 41.991
2024_0412_20:12:22 17 0.304 -0.01
2024_0412_20:12:32 17 95.607 95.522
2024_0412_20:13:14 17 26.063 4.446
2024_0412_20:13:44 17 15.057 -7.063
2024_0412_20:14:12 17 49.758 -49.599
2024_0412_20:14:36 17 98.345 98.718
2024_0412_20:14:49 17 98.237 98.388
2024_0412_20:14:53 17 -1.212 18.834
2024_0412_20:15:15 17 0.037 0.129
2024_0412_20:15:18 17 31.056 -2.08
2024_0412_20:15:24 17 57.999 33.886
2024_0412_20:16:20 17 2.475 16.839
2024_0412_20:16:45 17 0.195 -0.134
2024_0412_20:16:50 17 97.473 97.869
2024_0412_20:16:53 17 0.21 -0.039
2024_0412_20:17:50 17 46.941 45.49
2024_0412_20:17:52 17 0.318 0.261
2024_0412_20:18:21 17 61.544 86.842
2024_0412_20:18:29 17 98.558 48.658
2024_0412_20:18:49 17 4.019 3.582
2024_0412_20:19:08 17 -99.998 49.999
2024_0412_20:19:28 17 98.786 98.533
2024_0412_20:19:33 17 98.166 98.188
2024_0412_20:19:54 17 -0.193 0.154
2024_0412_20:19:58 17 74.25 74.27
2024_0412_20:20:04 17 98.631 98.432
2024_0412_20:20:56 17 4.575 -7.071
2024_0412_20:21:13 17 -9.73 9.679
2024_0412_20:21:22 17 77.898 76.922
2024_0412_20:21:25 17 0.156 0.021
2024_0412_20:21:30 17 98.467 98.579
2024_0412_20:22:27 18 98.469 98.438
2024_0412_20:22:27 18 0.238 -0.155
2024_0412_20:22:55 18 98.741 98.167
2024_0412_20:23:10 18 35.014 48.469
2024_0412_20:23:24 18 16.387 16.929
2024_0412_20:23:44 18 33.111 -2.088
2024_0412_20:24:06 18 98.406 48.351
2024_0412_20:24:12 18 93.557 93.077
2024_0412_20:24:28 18 49.822 -0.775
2024_0412_20:24:38 18 4.841 23.31
2024_0412_20:24:41 18 -0.067 0.105
2024_0412_20:25:29 18 -1.049 0.113
2024_0412_20:25:50 18 14.34 13.388
2024_0412_20:26:01 18 1.5 0.543
2024_0412_20:26:06 18 98.555 98.4
2024_0412_20:26:13 18 47.465 60.77
2024_0412_20:27:04 18 82.667 91.625
2024_0412_20:27:05 18 -6.665 43.782
2024_0412_20:27:32 18 16.468 -1.519
2024_0412_20:27:44 18 -0.086 -0.006
2024_0412_20:27:58 18 97.734 97.792
2024_0412_20:28:21 18 77.734 63.689
2024_0412_20:28:45 18 0.087 0.074
2024_0412_20:28:50 18 98.807 98.485
2024_0412_20:29:02 18 0.163 -0.132
2024_0412_20:29:14 18 98.075 98.195
2024_0412_20:29:16 18 -9.112 36.888
2024_0412_20:30:05 18 -0.024 -0.138
2024_0412_20:30:24 18 -10.422 10.458
2024_0412_20:30:47 18 97.364 97.819
2024_0412_20:30:49 18 -0.051 0.158
2024_0412_20:30:51 18 94.582 98.038
2024_0412_20:31:37 18 0.78 -0.309
2024_0412_20:31:40 18 19.44 -9.04
2024_0412_20:32:08 18 0.244 -0.25
2024_0412_20:32:21 18 6.498 10.821
2024_0412_20:32:36 18 97.979 96.536
2024_0412_20:32:57 18 -6.793 10.488
2024_0412_20:33:22 18 -0.397 -0.258
2024_0412_20:33:27 18 68.06 6.22
2024_0412_20:33:49 18 98.025 98.071
2024_0412_20:33:55 18 15.646 14.774
2024_0412_20:34:48 18 -0.03 0.389
2024_0412_20:34:57 18 16.448 13.509
2024_0412_20:35:23 18 43.35 43.498
2024_0412_20:35:26 18 -0.043 0.39
2024_0412_20:35:26 18 -0.296 0.337
2024_0412_20:36:14 18 98.524 98.395
2024_0412_20:36:16 18 53.324 53.847
2024_0412_20:36:46 18 98.541 97.916
2024_0412_20:36:56 18 0.065 0.069
2024_0412_20:37:12 18 17.725 -1.06
2024_0412_20:37:33 18 -1.443 49.665
2024_0412_20:37:35 18 0.084 -0.575
2024_0412_20:38:01 18 40.368 39.737
2024_0412_20:38:04 18 8.656 35.344
2024_0412_20:38:27 18 -0.724 0.332
2024_0412_20:38:34 18 89.814 64.846
2024_0412_20:39:22 18 -25.432 48.614
2024_0412_20:39:31 18 -2.121 31.15
2024_0412_20:39:58 18 48.25 47.893
2024_0412_20:40:00 18 49.998 99.997
2024_0412_20:40:41 18 -0.002 -0.002
2024_0412_20:40:51 18 -0.291 -0.1
2024_0412_20:41:03 18 -36.078 38.526
2024_0412_20:41:26 18 97.707 97.637
2024_0412_20:41:31 18 98.552 97.594
2024_0412_20:41:47 18 0.366 -0.598
2024_0412_20:42:10 18 29.763 43.036
2024_0412_20:42:10 18 88.417 68.961
2024_0412_20:42:42 18 98.443 98.446
2024_0412_20:42:48 18 69.843 62.266
2024_0412_20:43:08 18 57.6 75.24
2024_0412_20:43:16 18 -20.111 19.881
2024_0412_20:44:02 18 -12.642 12.372
2024_0412_20:44:02 18 -0.195 0.177
2024_0412_20:44:35 18 98.583 98.574
2024_0412_20:44:48 18 49.092 98.706
2024_0412_20:45:28 18 98.437 98.462
2024_0412_20:45:49 18 0.854 0.852
2024_0412_20:46:02 18 -0.005 0.274
2024_0412_20:46:25 18 98.625 98.56
2024_0412_20:46:43 18 -13.366 13.206
2024_0412_20:46:44 18 16.198 15.932
2024_0412_20:47:25 18 98.242 98.141
2024_0412_20:47:41 18 19.077 18.38
2024_0412_20:47:58 18 0.219 -0.103
2024_0412_20:47:59 18 1.654 1.134
2024_0412_20:48:34 18 97.839 98.056
2024_0412_20:48:38 18 -3.597 25.934
2024_0412_20:48:39 18 -2.388 2.659
2024_0412_20:49:08 18 -99.996 99.994
2024_0412_20:49:23 18 97.943 97.947
2024_0412_20:49:59 18 98.031 96.845
2024_0412_20:50:08 18 82.362 82.434
2024_0412_20:50:31 18 98.533 98.598
2024_0412_20:50:39 18 46.051 -0.345
2024_0412_20:51:01 18 -0.024 0.005
2024_0412_20:51:21 18 -5.38 49.529
2024_0412_20:51:40 18 6.756 8.495
2024_0412_20:52:11 18 19.517 11.648
2024_0412_20:52:16 18 -0.144 -0.708
2024_0412_20:52:34 18 10.002 -9.57
2024_0412_20:52:36 18 -0.428 0.848
2024_0412_20:53:14 18 47.831 97.262
2024_0412_20:53:20 18 98.114 98.033
2024_0412_20:53:20 18 0.425 0.099
2024_0412_20:53:53 18 98.522 98.004
2024_0412_20:53:56 18 0.153 0.086
2024_0412_20:54:36 18 18.312 15.785
2024_0412_20:54:57 18 98.581 98.678
2024_0412_20:55:09 18 57.589 57.202
2024_0412_20:55:23 18 98.262 98.038
2024_0412_20:55:37 18 -99.996 99.996
2024_0412_20:55:57 18 32.677 33.295
2024_0412_20:56:17 18 8.589 7.57
2024_0412_20:56:47 18 99.996 -50.001
2024_0412_20:56:58 18 -0.153 -0.206
2024_0412_20:57:13 18 98.219 98.063
2024_0412_20:57:22 18 96.571 92.053
2024_0412_20:57:53 18 12.64 -5.998
2024_0412_20:57:55 18 -0.154 -0.276
2024_0412_20:57:55 18 0.217 0.756
2024_0412_20:58:29 18 3.113 3.552
2024_0412_20:58:30 18 0.561 -1.177
2024_0412_20:59:13 18 24.608 -5.199
2024_0412_20:59:35 18 98.032 97.601
2024_0412_20:59:53 18 97.446 97.299
2024_0412_21:00:01 18 0.415 -0.095
2024_0412_21:00:15 18 38.522 5.345
2024_0412_21:00:32 18 -0.152 0.544
2024_0412_21:00:54 18 -0.374 -0.263
2024_0412_21:01:23 18 -0.002 -0.53
2024_0412_21:01:38 18 -0.282 -0.079
2024_0412_21:01:49 18 56.296 57.963
2024_0412_21:01:59 18 -0.453 0.894
2024_0412_21:02:33 18 97.031 73.428
2024_0412_21:02:39 18 98.11 98.114
2024_0412_21:02:42 18 0.386 0.294
2024_0412_21:03:04 18 98.722 98.695
2024_0412_21:03:06 18 98.298 98.261
2024_0412_21:03:48 18 -7.933 7.836
2024_0412_21:04:13 18 97.671 97.837
2024_0412_21:04:29 18 9.986 -10.066
2024_0412_21:04:36 18 98.378 98.063
2024_0412_21:04:50 18 16.038 17.13
2024_0412_21:05:05 18 -0.208 -0.016
2024_0412_21:05:32 18 -12.752 23.095
2024_0412_21:05:58 18 0.597 -0.36
2024_0412_21:06:11 18 18.908 67.037
2024_0412_21:06:22 18 16.308 16.709
2024_0412_21:06:39 18 48.991 0.131
2024_0412_21:07:16 18 0.621 -0.538
2024_0412_21:07:16 18 -10.106 9.958
2024_0412_21:07:38 18 8.32 -8.171
2024_0412_21:07:40 18 -8.526 67.91
2024_0412_21:08:25 18 98.165 97.8
2024_0412_21:08:47 18 12.382 12.27
2024_0412_21:09:00 18 -49.999 -49.999
2024_0412_21:09:26 18 -0.953 0.44
2024_0412_21:09:30 18 98.078 98.063
2024_0412_21:09:39 18 0.314 0.15
2024_0412_21:10:09 18 21.743 12.751
2024_0412_21:10:34 18 -0.552 -0.338
2024_0412_21:10:46 18 11.431 -11.257
2024_0412_21:10:59 18 -0.479 -0.511
2024_0412_21:11:15 18 98.252 97.999
2024_0412_21:11:53 18 20.262 20.119
2024_0412_21:11:53 18 17.293 -16.981
2024_0412_21:12:15 19 -47.748 48.079
2024_0412_21:12:15 18 -2.522 96.475
2024_0412_21:13:00 19 80.012 -79.924
2024_0412_21:13:21 19 98.047 97.279
2024_0412_21:13:34 19 0.158 -0.423
2024_0412_21:14:02 19 98.263 98.691
2024_0412_21:14:05 19 -0.601 0.494
2024_0412_21:14:20 19 -0.363 -0.087
2024_0412_21:14:43 19 0.237 0.087
2024_0412_21:14:50 19 -0.203 0.123
2024_0412_21:15:08 19 14.757 3.513
2024_0412_21:15:33 19 97.877 98.051
2024_0412_21:15:44 19 -14.003 14.147
2024_0412_21:15:55 19 98.633 48.677
2024_0412_21:16:31 19 98.207 98.1
2024_0412_21:16:33 19 0.283 0.016
2024_0412_21:16:50 19 98.083 97.975
2024_0412_21:16:57 19 97.767 49.233
2024_0412_21:17:53 19 -0.849 1.632
2024_0412_21:18:10 19 97.945 97.841
2024_0412_21:18:40 19 -0.619 -0.512
2024_0412_21:18:41 19 -0.468 0.301
2024_0412_21:18:57 19 0.347 0.152
2024_0412_21:19:21 19 88.082 93.479
2024_0412_21:19:23 19 -0.089 0.485
2024_0412_21:19:44 19 1.319 0.207
2024_0412_21:20:06 19 -9.913 9.942
2024_0412_21:20:20 19 0.147 0.218
2024_0412_21:20:26 19 -0.073 0.642
2024_0412_21:21:08 19 -0.058 0.036
2024_0412_21:21:13 19 98.218 89.957
2024_0412_21:21:28 19 49.259 97.948
2024_0412_21:21:47 19 0.207 -0.311
2024_0412_21:22:32 19 49.434 49.203
2024_0412_21:22:47 19 -0.421 0.187
2024_0412_21:23:07 19 -0.025 -0.073
2024_0412_21:23:18 19 -0.08 0.324
2024_0412_21:23:19 19 98.3 98.473
2024_0412_21:23:32 19 4.173 68.196
2024_0412_21:24:03 19 19.34 -18.851
2024_0412_21:24:44 19 35.727 9.54
2024_0412_21:24:58 19 55.747 62.59
2024_0412_21:25:04 19 5.172 4.65
2024_0412_21:25:31 19 1.265 0.304
2024_0412_21:25:52 19 -0.479 0.342
2024_0412_21:26:01 19 0.075 -0.328
2024_0412_21:26:22 19 0.55 -0.353
2024_0412_21:27:07 19 -0.322 -0.241
2024_0412_21:27:27 19 11.559 -10.793
2024_0412_21:27:49 19 12.157 10.942
2024_0412_21:27:54 19 2.294 -1.97
2024_0412_21:27:56 19 98.602 98.317
2024_0412_21:28:09 19 16.596 -16.584
2024_0412_21:28:37 19 16.83 -16.761
2024_0412_21:28:56 19 48.559 48.701
2024_0412_21:29:21 19 -0.112 0.312
2024_0412_21:29:33 19 -6.779 12.614
2024_0412_21:29:39 19 1.049 -1.63
2024_0412_21:30:13 19 2.805 4.782
2024_0412_21:30:25 19 97.997 97.804
2024_0412_21:30:30 19 0.125 0.174
2024_0412_21:30:38 19 0.376 49.653
2024_0412_21:31:03 19 97.55 49.555
2024_0412_21:31:42 19 94.978 17.804
2024_0412_21:32:11 19 91.116 82.431
2024_0412_21:32:20 19 -0.446 -0.495
2024_0412_21:32:30 19 0.233 -0.182
2024_0412_21:32:34 19 89.638 95.69
2024_0412_21:32:50 19 20.439 -19.236
2024_0412_21:33:14 19 98.534 98.462
2024_0412_21:33:34 19 7.624 9.545
2024_0412_21:33:56 19 15.725 12.298
2024_0412_21:34:16 19 -9.254 8.723
2024_0412_21:34:49 19 47.56 48.251
2024_0412_21:35:09 19 98.16 98.251
2024_0412_21:35:10 19 0.171 -0.096
2024_0412_21:35:15 19 0.163 0.449
2024_0412_21:35:42 19 98.174 97.676
2024_0412_21:36:21 19 -0.99 0.14
2024_0412_21:36:47 19 -49.996 49.994
2024_0412_21:36:54 19 -0.056 7.056
2024_0412_21:37:09 20 10.522 48.576
2024_0412_21:37:21 20 77.062 76.661
2024_0412_21:37:23 20 49.999 -49.999
2024_0412_21:37:28 20 -0.17 -0.237
2024_0412_21:37:54 20 22.299 48.735
2024_0412_21:38:10 20 0.166 -0.581
2024_0412_21:38:31 20 -49.999 -50.001
2024_0412_21:39:04 20 22.335 39.983
2024_0412_21:39:25 20 -4.358 1.907
2024_0412_21:39:45 20 17.523 12.1
2024_0412_21:39:48 20 10.805 9.674
2024_0412_21:39:57 20 97.719 98.017
2024_0412_21:40:17 20 0.204 -0.34
2024_0412_21:40:56 20 14.01 13.387
2024_0412_21:41:35 20 59.371 67.972
2024_0412_21:41:47 20 40.202 39.267
2024_0412_21:42:00 20 0.312 0.267
2024_0412_21:42:02 20 98.433 98.602
2024_0412_21:42:04 20 -0.323 -0.259
2024_0412_21:42:10 20 98.249 98.154
2024_0412_21:42:30 20 -0.462 -0.498
2024_0412_21:42:46 20 -13.278 12.368
2024_0412_21:43:43 20 81.507 1.969
2024_0412_21:44:05 20 0.68 -0.743
2024_0412_21:44:20 20 10.442 -9.483
2024_0412_21:44:27 20 98.027 97.91
2024_0412_21:44:32 20 16.338 -16.179
2024_0412_21:44:51 20 -0.002 0.001
2024_0412_21:46:16 20 84.745 91.084
2024_0412_21:46:23 20 98.149 98.082
2024_0412_21:46:37 20 0.243 0.152
2024_0412_21:46:42 20 -12.689 12.295
2024_0412_21:46:47 20 1.097 -1.629
2024_0412_21:46:52 20 -0.406 -0.056
2024_0412_21:47:06 20 98.214 97.823
2024_0412_21:47:22 20 97.804 97.928
2024_0412_21:47:29 20 98.372 98.402
2024_0412_21:48:14 20 -49.999 49.999
2024_0412_21:48:38 20 8.393 8.979
2024_0412_21:48:40 20 50.101 -50.161
2024_0412_21:48:56 20 -2.633 7.825
2024_0412_21:49:01 20 -0.076 -0.154
2024_0412_21:49:07 20 0.439 -0.046
2024_0412_21:49:27 20 98.262 98.159
2024_0412_21:50:55 20 48.049 3.656
2024_0412_21:51:08 20 42.508 47.829
2024_0412_21:51:14 20 98.34 98.093
2024_0412_21:51:17 20 14.348 13.875
2024_0412_21:51:26 20 98.003 97.507
2024_0412_21:51:35 20 97.713 98.059
2024_0412_21:51:49 20 -6.518 71.327
2024_0412_21:52:00 20 15.754 15.667
2024_0412_21:52:07 20 -0.133 49.346
2024_0412_21:52:58 20 0.374 0.481
2024_0412_21:53:16 20 0.165 0.389
2024_0412_21:53:25 20 98.114 98.021
2024_0412_21:53:37 20 3.815 32.587
2024_0412_21:53:43 20 16.221 17.456
2024_0412_21:53:57 20 99.991 49.997
2024_0412_21:54:09 20 88.167 71.799
2024_0412_21:55:33 20 -19.71 19.943
2024_0412_21:55:49 20 54.986 35.472
2024_0412_21:55:51 20 -10.537 10.257
2024_0412_21:55:54 20 12.226 -12.247
2024_0412_21:56:06 20 28.505 9.59
2024_0412_21:56:32 20 68.656 88.72
2024_0412_21:56:38 20 2.244 2.666
2024_0412_21:56:46 20 1.478 2.357
2024_0412_21:57:02 20 98.188 98.052
2024_0412_21:57:32 20 98.39 98.294
2024_0412_21:57:59 20 98.584 98.587
2024_0412_21:58:05 20 40.93 91.834
2024_0412_21:58:16 20 0.086 -0.263
2024_0412_21:58:25 20 -0.594 0.213
2024_0412_21:58:38 20 13.795 14.397
2024_0412_21:58:43 20 -99.998 -49.999
2024_0412_22:00:12 20 49.089 99.024
2024_0412_22:00:26 20 39.894 -40.086
2024_0412_22:00:30 20 79.518 84.226
2024_0412_22:00:30 20 63.005 62.555
2024_0412_22:00:42 20 0.374 0.806
2024_0412_22:01:14 20 0.178 0.012
2024_0412_22:01:15 20 0.169 -0.041
2024_0412_22:01:25 20 48.76 98.75
2024_0412_22:01:41 20 29.804 -11.545
2024_0412_22:02:16 20 0.193 -0.259
2024_0412_22:02:41 20 49.776 -0.313
2024_0412_22:02:44 20 9.296 48.951
2024_0412_22:02:55 20 7.675 -7.805
2024_0412_22:03:01 20 -8.121 21.214
2024_0412_22:03:20 20 54.589 53.852
2024_0412_22:04:48 20 -30.045 29.863
2024_0412_22:05:02 20 98.203 97.615
2024_0412_22:05:04 20 0.052 -0.339
2024_0412_22:05:08 20 -0.291 -0.175
2024_0412_22:05:22 20 -0.257 -0.206
2024_0412_22:05:53 20 9.452 16.85
2024_0412_22:05:53 20 49.598 -0.702
2024_0412_22:06:01 20 49.941 -49.973
2024_0412_22:06:18 20 0.177 -0.464
2024_0412_22:06:50 20 49.999 -49.999
2024_0412_22:07:17 5 98.541 98.372
2024_0412_22:07:20 9 98.61 97.278
2024_0412_22:07:29 13 -0.032 -0.434
2024_0412_22:07:37 13 97.836 98.067
2024_0412_22:07:53 13 97.916 97.737
2024_0412_22:09:10 13 11.28 -11.301
2024_0412_22:09:23 13 -0.032 0.084
2024_0412_22:09:37 14 -0.084 -0.141
2024_0412_22:09:43 14 98.373 98.193
2024_0412_22:09:43 14 -0.101 0.133
2024_0412_22:09:57 14 98.113 98.381
2024_0412_22:10:27 15 97.507 98.65
2024_0412_22:10:29 15 -0.296 0.124
2024_0412_22:10:52 15 40.819 62.044
2024_0412_22:10:58 15 96.968 70.151
2024_0412_22:11:22 15 -0.029 0.419
2024_0412_22:11:52 15 0.483 -0.221
2024_0412_22:11:57 15 82.573 60.408
2024_0412_22:12:09 15 0.048 -0.161
2024_0412_22:12:12 15 -0.748 1.214
2024_0412_22:12:27 15 -13.081 12.339
2024_0412_22:13:47 16 -0.634 0.143
2024_0412_22:14:02 16 98.235 98.217
2024_0412_22:14:14 16 -25.884 25.872
2024_0412_22:14:16 16 -0.038 0.02
2024_0412_22:14:21 16 2.422 6.875
2024_0412_22:14:36 16 0.067 0.45
2024_0412_22:15:00 16 39.839 -40.024
2024_0412_22:15:09 16 0.26 -0.318
2024_0412_22:15:25 16 16.806 -16.58
2024_0412_22:15:31 17 0.659 -0.208
2024_0412_22:15:57 17 9.728 -9.473
2024_0412_22:16:32 17 40.708 31.494
2024_0412_22:16:34 17 -0.622 0.068
2024_0412_22:16:45 17 -0.376 0.149
2024_0412_22:16:46 17 97.451 97.638
2024_0412_22:17:00 17 15.355 16.015
2024_0412_22:18:30 17 76.204 77.044
2024_0412_22:18:38 17 68.866 70.569
2024_0412_22:18:51 17 66.395 -66.497
2024_0412_22:18:51 17 72.487 52.18
2024_0412_22:19:04 17 67.94 88.216
2024_0412_22:19:11 17 14.036 16.313
2024_0412_22:19:36 18 1.782 -1.693
2024_0412_22:19:52 18 89.205 90.983
2024_0412_22:19:57 18 0.148 -0.249
2024_0412_22:20:13 18 0.48 -0.306
2024_0412_22:20:37 18 57.047 61.287
2024_0412_22:21:08 18 50.881 -11.116
2024_0412_22:21:12 18 12.451 -12.525
2024_0412_22:21:22 18 76.724 78.608
2024_0412_22:21:26 19 0.29 0.099
2024_0412_22:21:38 18 12.647 11.853
2024_0412_22:23:14 19 0.226 -0.03
2024_0412_22:23:16 19 -0.728 0.105
2024_0412_22:23:27 19 49.936 -49.58
2024_0412_22:23:41 19 -2.931 3.538
2024_0412_22:23:48 19 70.867 48.726
2024_0412_22:24:11 19 10.065 -9.905
2024_0412_22:24:28 19 24.734 -24.855
2024_0412_22:24:41 19 98.188 98.099
2024_0412_22:24:47 19 4.64 2.957
2024_0412_22:25:14 20 37.984 -37.738
2024_0412_22:25:44 20 -0.105 -0.33
2024_0412_22:25:50 20 -0.078 0.152
2024_0412_22:25:56 20 0.33 0.095
2024_0412_22:25:57 20 25.054 -24.774
2024_0412_22:26:11 20 -0.563 0.275
2024_0412_22:26:53 20 -0.231 0.63
2024_0412_22:27:46 17 49.118 -26.686
2024_0412_22:27:46 19 15.492 -15.398
